
Initial statistics: 1 variables; iteration 0; function evaluation 0; phase 1
Function value 6.9505487e+02; maximum gradient component mag -7.5499e+02
Var    Value     Gradient |Var    Value     Gradient |Var    Value     Gradient
  1  0.63197 -7.54986e+02 |

 - final statistics:
1 variables; iteration 4; function evaluation 4
Function value 6.9496e+02; maximum gradient component mag -2.0587e+00
Exit code = 1;  converg criter 1.0000e+01
Var    Value     Gradient |Var    Value     Gradient |Var    Value     Gradient
  1  0.63221 -2.05866e+00 |

Initial statistics: 98 variables; iteration 0; function evaluation 0; phase 2
Function value 6.9496359e+02; maximum gradient component mag -1.1763e+03
Var    Value     Gradient |Var    Value     Gradient |Var    Value     Gradient
  1  0.63221 -2.05866e+00 |  2  0.00000  3.95257e+00 |  3  0.00000  4.08168e+00
  4  0.00000  4.43417e+00 |  5  0.00000  4.73640e+00 |  6  0.00000  5.06512e+00
  7  0.00000  5.41701e+00 |  8  0.00000  5.38571e+00 |  9  0.00000  6.10391e+00
 10  0.00000  6.38092e+00 | 11  0.00000  6.58059e+00 | 12  0.00000  6.05397e+00
 13  0.00000  7.40397e+00 | 14  0.00000  8.86629e+00 | 15  0.00000  1.17342e+01
 16  0.00000  1.45757e+01 | 17  0.00000  1.62015e+01 | 18  0.00000  1.44629e+01
 19  0.00000  2.74791e+01 | 20  0.00000  2.91123e+01 | 21  0.00000  2.03439e+01
 22  0.00000  1.89820e+01 | 23  0.00000  1.92836e+01 | 24  0.00000  1.35394e+01
 25  0.00000  2.07079e+01 | 26  0.00000  2.05200e+01 | 27  0.00000  2.70622e+01
 28  0.00000  3.90426e+01 | 29  0.00000  4.24682e+01 | 30  0.00000  3.99067e+01
 31  0.00000  2.16508e+01 | 32  0.00000  2.46124e+01 | 33  0.00000  4.50251e+01
 34  0.00000  4.59024e+01 | 35  0.00000  5.61777e+01 | 36  0.00000  4.70685e+01
 37  0.00000  5.32187e+01 | 38  0.00000  5.10873e+01 | 39  0.00000 -2.58986e-01
 40  0.00000  3.33770e+01 | 41  0.00000  4.50836e+01 | 42  0.00000  5.34945e+01
 43  0.00000  5.81957e+01 | 44  0.00000  6.44387e+01 | 45  0.00000  8.94230e+00
 46  0.00000  2.40675e+01 | 47  0.00000  6.97908e+01 | 48  0.00000  8.48712e+01
 49  0.00000  9.21727e+01 | 50  0.00000  4.62160e+01 | 51  0.00000  7.25102e+01
 52  0.00000  5.88032e+01 | 53  0.00000  4.87245e+01 | 54  0.00000  7.62596e+01
 55  0.00000  6.71506e+01 | 56  0.00000 -1.01040e+01 | 57  0.00000  8.69462e+01
 58  0.00000  4.23377e+01 | 59  0.00000  4.43375e+01 | 60  0.00000  3.63513e+01
 61  0.00000  1.81877e+02 | 62  0.00000  1.13086e+02 | 63  0.00000  1.25196e+02
 64  0.00000 -7.50543e+01 | 65  0.00000  3.21449e+01 | 66  0.00000  1.31345e+02
 67  0.00000 -3.56182e+02 | 68  0.00000  5.42320e+02 | 69  0.00000  6.74259e+02
 70  0.00000  2.16588e+02 | 71  0.00000 -1.17635e+03 | 72  0.00000  4.81046e+02
 73  0.00000  2.48027e+02 | 74  0.00000 -1.29604e+01 | 75  0.00000 -3.32938e+02
 76  0.00000 -6.57711e+02 | 77  0.00000 -6.16172e+01 | 78  0.00000  1.11657e+02
 79  0.00000  7.79783e+01 | 80  0.00000 -4.29301e+01 | 81  0.00000 -8.06561e+02
 82  0.00000 -1.29325e+01 | 83  0.00000 -2.84739e+02 | 84  0.00000 -6.80638e+02
 85  0.00000 -6.12270e+02 | 86  0.00000  1.35014e+02 | 87  0.00000  2.15200e+02
 88  0.00000 -8.21689e+01 | 89  0.00000 -1.77476e+02 | 90  0.00000  1.53512e+02
 91  0.00000 -3.90717e+02 | 92  0.00000  2.23398e+02 | 93  0.00000  1.67388e+02
 94  0.00000  3.46810e+01 | 95  0.00000 -2.61129e+00 | 96  0.00000  2.80144e+00
 97 -0.03546  8.88245e+00 | 98 -0.31026  7.08206e+00 |

Intermediate statistics: 98 variables; iteration 20; function evaluation 33; phase 2
Function value 5.6878225e+02; maximum gradient component mag 1.8842e+03
Var    Value     Gradient |Var    Value     Gradient |Var    Value     Gradient
  1  0.63149  1.88421e+03 |  2 -0.00088 -6.96597e+01 |  3 -0.00066 -6.91698e+01
  4 -0.00055 -6.86229e+01 |  5 -0.00032 -6.79441e+01 |  6 -0.00004 -6.71299e+01
  7  0.00033 -6.61588e+01 |  8  0.00108 -6.49255e+01 |  9  0.00139 -6.36463e+01
 10  0.00214 -6.20578e+01 | 11  0.00308 -6.02276e+01 | 12  0.00467 -5.80238e+01
 13  0.00495 -5.60354e+01 | 14  0.00518 -5.39623e+01 | 15  0.00437 -5.21822e+01
 16  0.00354 -5.05162e+01 | 17  0.00342 -4.88994e+01 | 18  0.00516 -4.71641e+01
 19 -0.00235 -4.87391e+01 | 20 -0.00319 -4.87820e+01 | 21  0.00295 -4.51324e+01
 22  0.00505 -4.23704e+01 | 23  0.00459 -4.27951e+01 | 24  0.00893 -3.99027e+01
 25  0.00505 -3.96210e+01 | 26  0.00571 -3.80031e+01 | 27  0.00232 -3.76280e+01
 28 -0.00356 -3.80134e+01 | 29 -0.00457 -3.68302e+01 | 30 -0.00285 -3.46676e+01
 31  0.00788 -2.94659e+01 | 32  0.00659 -2.80485e+01 | 33 -0.00297 -2.93691e+01
 34 -0.00217 -2.72198e+01 | 35 -0.00581 -2.65893e+01 | 36 -0.00156 -2.30969e+01
 37 -0.00346 -2.16076e+01 | 38 -0.00231 -1.91011e+01 | 39  0.02154 -7.99940e+00
 40  0.00666 -1.16698e+01 | 41  0.00274 -1.09940e+01 | 42 -0.00015 -9.73884e+00
 43 -0.00111 -7.83820e+00 | 44 -0.00356 -6.67488e+00 | 45  0.01601  2.19736e+00
 46  0.01201  3.20023e+00 | 47 -0.00600 -1.90212e+00 | 48 -0.01053 -1.62548e+00
 49 -0.01280 -8.06377e-01 | 50  0.00355  6.38937e+00 | 51 -0.00621  4.57004e+00
 52 -0.00076  7.90152e+00 | 53  0.00335  1.01952e+01 | 54 -0.00719  6.24107e+00
 55 -0.00410  6.82800e+00 | 56  0.01885  1.26044e+01 | 57 -0.01324  1.66315e+00
 58  0.00066  3.55732e+00 | 59 -0.00121  1.06714e+00 | 60  0.00110  1.92273e+00
 61 -0.02852 -1.88895e+00 | 62 -0.01378 -2.42184e+00 | 63 -0.01684 -5.05014e+00
 64  0.00831 -2.92039e+01 | 65 -0.00448 -1.00011e+01 | 66 -0.01568  8.31086e+00
 67  0.01849 -4.68052e+01 | 68 -0.03780  3.69012e+01 | 69 -0.03260  1.65895e+01
 70 -0.01391  3.00010e+01 | 71  0.04417  3.72240e+02 | 72 -0.03550  8.18180e+01
 73 -0.01169  5.28532e+01 | 74 -0.00066  7.29432e+01 | 75  0.01287  1.56938e+02
 76  0.02891  1.06249e+02 | 77  0.00239  1.08559e+02 | 78 -0.00975  7.89744e+01
 79 -0.00415  8.75725e+01 | 80 -0.00027  7.72121e+01 | 81  0.03412  2.49692e+02
 82 -0.00413  8.04266e+01 | 83  0.01086  4.23570e+01 | 84  0.03027  3.20082e+01
 85  0.02681  8.52327e+01 | 86 -0.01322  4.42944e+01 | 87 -0.00977 -7.85599e+00
 88  0.00262 -8.85417e+00 | 89  0.00766 -5.62899e+01 | 90 -0.01519 -3.24157e+01
 91  0.01632 -1.34109e+02 | 92 -0.02658 -6.12922e+01 | 93 -0.01276 -9.29561e+01
 94 -0.02002 -7.82404e+01 | 95  0.00268 -7.07593e+01 | 96 -0.00151 -7.18516e+01
 97 -0.03886  1.31599e+02 | 98 -0.29341 -3.43417e+00 |
98 variables; iteration 40; function evaluation 56; phase 2
Function value 5.6489668e+02; maximum gradient component mag 1.5273e+03
Var    Value     Gradient |Var    Value     Gradient |Var    Value     Gradient
  1  0.62736  1.52733e+03 |  2 -0.00722 -6.06829e+01 |  3 -0.00665 -5.96131e+01
  4 -0.00616 -5.84229e+01 |  5 -0.00550 -5.70017e+01 |  6 -0.00474 -5.53569e+01
  7 -0.00386 -5.34734e+01 |  8 -0.00257 -5.12635e+01 |  9 -0.00171 -4.89429e+01
 10 -0.00039 -4.62628e+01 | 11  0.00112 -4.32805e+01 | 12  0.00326 -3.99004e+01
 13  0.00413 -3.66539e+01 | 14  0.00474 -3.36297e+01 | 15  0.00408 -3.12610e+01
 16  0.00330 -2.92055e+01 | 17  0.00323 -2.72623e+01 | 18  0.00456 -2.60953e+01
 19 -0.00103 -2.42143e+01 | 20 -0.00157 -2.38064e+01 | 21  0.00386 -2.13429e+01
 22  0.00611 -1.78960e+01 | 23  0.00581 -1.81766e+01 | 24  0.00910 -1.68827e+01
 25  0.00587 -1.54020e+01 | 26  0.00619 -1.42501e+01 | 27  0.00340 -1.26997e+01
 28 -0.00121 -1.04272e+01 | 29 -0.00218 -8.84827e+00 | 30 -0.00079 -7.13358e+00
 31  0.00775 -5.83118e+00 | 32  0.00672 -3.63481e+00 | 33 -0.00188 -3.13074e+00
 34 -0.00223 -3.35334e+00 | 35 -0.00646 -4.60309e+00 | 36 -0.00270 -1.86575e+00
 37 -0.00520 -1.57854e+00 | 38 -0.00390  1.52798e+00 | 39  0.02062  1.67825e+01
 40  0.00579  1.15202e+01 | 41 -0.00064  5.03311e+00 | 42 -0.00310  7.31056e+00
 43 -0.00239  1.34882e+01 | 44 -0.00406  1.63062e+01 | 45  0.01160  1.24770e+01
 46  0.01296  2.91027e+01 | 47 -0.00263  2.93828e+01 | 48 -0.00512  3.58948e+01
 49 -0.00707  3.77440e+01 | 50  0.00549  3.45621e+01 | 51  0.00123  4.72085e+01
 52  0.00576  4.81846e+01 | 53  0.00522  3.71064e+01 | 54 -0.00345  3.72976e+01
 55 -0.00341  2.76504e+01 | 56  0.02126  4.01520e+01 | 57 -0.01353  1.97022e+01
 58  0.00856  5.71692e+01 | 59  0.01014  7.15878e+01 | 60 -0.00211 -6.22406e-01
 61 -0.02670  1.95498e+01 | 62 -0.00749  4.39135e+01 | 63 -0.01600  1.39151e+01
 64  0.01534  4.28684e+01 | 65  0.00088  4.80940e+01 | 66 -0.01561  1.86704e+01
 67  0.02398  3.91275e+01 | 68 -0.04195 -5.65164e+00 | 69 -0.03118  1.21042e+01
 70 -0.01429  9.68697e+00 | 71  0.04138  1.51444e+02 | 72 -0.03552  6.80510e+01
 73 -0.01108  2.87773e+01 | 74 -0.00123  2.25097e+01 | 75  0.01132  4.52536e+01
 76  0.02933  2.78850e+01 | 77  0.00027  3.72696e+00 | 78 -0.00993  3.56521e+01
 79 -0.00545  8.49373e+00 | 80 -0.00169  8.00890e+00 | 81  0.03129  5.59991e+01
 82 -0.00861 -2.24233e+01 | 83  0.01091 -6.02439e+00 | 84  0.03163 -1.29247e+01
 85  0.02619 -2.12125e+00 | 86 -0.01511 -3.49068e+00 | 87 -0.00903 -1.60551e+01
 88  0.00339 -1.91264e+01 | 89  0.00888 -4.83676e+01 | 90 -0.01494 -2.81947e+01
 91  0.01874 -8.18823e+01 | 92 -0.02885 -6.34362e+01 | 93 -0.01131 -5.99733e+01
 94 -0.01350 -4.83508e+01 | 95 -0.00423 -6.28855e+01 | 96 -0.00968 -6.58452e+01
 97 -0.03557  1.20706e+02 | 98 -0.28859  2.55296e+01 |
98 variables; iteration 60; function evaluation 89; phase 2
Function value 5.6249675e+02; maximum gradient component mag 5.0501e+02
Var    Value     Gradient |Var    Value     Gradient |Var    Value     Gradient
  1  0.62666  5.05011e+02 |  2  0.00047 -1.40729e+01 |  3  0.00058 -1.38615e+01
  4  0.00059 -1.35936e+01 |  5  0.00064 -1.33393e+01 |  6  0.00069 -1.30785e+01
  7  0.00075 -1.28025e+01 |  8  0.00104 -1.25917e+01 |  9  0.00102 -1.21327e+01
 10  0.00130 -1.16876e+01 | 11  0.00172 -1.11373e+01 | 12  0.00261 -1.06064e+01
 13  0.00274 -9.41641e+00 | 14  0.00312 -7.72473e+00 | 15  0.00293 -5.51252e+00
 16  0.00208 -4.41646e+00 | 17  0.00128 -4.49476e+00 | 18  0.00200 -5.25709e+00
 19 -0.00365 -2.94713e+00 | 20 -0.00427 -2.58411e+00 | 21 -0.00014 -3.76021e+00
 22  0.00064 -4.39188e+00 | 23 -0.00003 -5.19282e+00 | 24  0.00231 -7.25121e+00
 25 -0.00067 -5.57283e+00 | 26  0.00083 -3.43985e+00 | 27 -0.00061  2.25564e-01
 28 -0.00531  2.63788e+00 | 29 -0.00707  1.89863e+00 | 30 -0.00637  9.02707e-01
 31  0.00359  5.57847e-01 | 32  0.00357  2.90080e+00 | 33 -0.00512  5.35771e+00
 34 -0.00407  7.06623e+00 | 35 -0.00771  7.99341e+00 | 36 -0.00271  9.38430e+00
 37 -0.00386  1.15565e+01 | 38 -0.00267  1.25608e+01 | 39  0.01775  4.12262e+00
 40  0.00413  8.98866e+00 | 41  0.00230  1.30484e+01 | 42 -0.00088  1.30012e+01
 43 -0.00256  1.24045e+01 | 44 -0.00345  1.69186e+01 | 45  0.01961  2.34851e+01
 46  0.01478  1.81551e+01 | 47 -0.00294  2.22484e+01 | 48 -0.00805  2.23161e+01
 49 -0.01088  2.16678e+01 | 50  0.00355  1.21061e+01 | 51 -0.00384  1.96260e+01
 52  0.00372  2.12948e+01 | 53  0.00793  1.92086e+01 | 54 -0.00291  2.21641e+01
 55  0.00001  1.97411e+01 | 56  0.02989  1.91251e+01 | 57 -0.00492  2.71301e+01
 58  0.00748  1.59188e+01 | 59  0.00602  1.78648e+01 | 60  0.00899  2.27337e+01
 61 -0.02479  2.01917e+01 | 62 -0.00805  1.79526e+01 | 63 -0.01160  1.90296e+01
 64  0.01867  1.93315e+01 | 65  0.00088  1.28839e+01 | 66 -0.01408  1.25521e+01
 67  0.02659  1.97706e+01 | 68 -0.04083  3.00450e+00 | 69 -0.03141 -5.36052e-01
 70 -0.01321  4.06048e+00 | 71  0.04017  8.26682e+00 | 72 -0.04372 -1.41503e+01
 73 -0.01244 -7.54828e+00 | 74 -0.00112 -5.73604e+00 | 75  0.01023 -7.94435e+00
 76  0.03090 -3.48517e-01 | 77  0.00063 -8.34618e+00 | 78 -0.01234 -1.22679e+01
 79 -0.00611 -1.26263e+01 | 80 -0.00186 -1.20000e+01 | 81  0.02987 -1.96613e+01
 82 -0.00706 -1.04018e+01 | 83  0.01075 -1.22992e+01 | 84  0.03306 -9.87951e+00
 85  0.02601 -1.66826e+01 | 86 -0.01728 -1.84407e+01 | 87 -0.01029 -1.83101e+01
 88  0.00265 -1.94300e+01 | 89  0.00907 -1.57016e+01 | 90 -0.01666 -2.02271e+01
 91  0.01975 -1.36934e+01 | 92 -0.02753 -1.70780e+01 | 93 -0.01178 -1.71006e+01
 94 -0.01673 -1.71424e+01 | 95  0.00268 -1.67560e+01 | 96 -0.00014 -1.57390e+01
 97 -0.03990  2.53697e+01 | 98 -0.29533  1.92189e+00 |
Maximum number of function evaluations exceeded

 - final statistics:
98 variables; iteration 67; function evaluation 100
Function value 5.6212e+02; maximum gradient component mag 3.9773e+02
Exit code = 3;  converg criter 1.0000e+01
Var    Value     Gradient |Var    Value     Gradient |Var    Value     Gradient
  1  0.62533  3.97734e+02 |  2  0.00155 -1.01075e+01 |  3  0.00128 -1.05431e+01
  4  0.00073 -1.12226e+01 |  5  0.00011 -1.20899e+01 |  6 -0.00054 -1.30239e+01
  7 -0.00111 -1.38510e+01 |  8 -0.00120 -1.43778e+01 |  9 -0.00146 -1.44574e+01
 10 -0.00105 -1.40079e+01 | 11 -0.00020 -1.30048e+01 | 12  0.00163 -1.12947e+01
 13  0.00284 -8.72595e+00 | 14  0.00433 -5.59669e+00 | 15  0.00316 -5.16513e+00
 16  0.00120 -6.09465e+00 | 17  0.00031 -6.52405e+00 | 18  0.00134 -7.01185e+00
 19 -0.00474 -5.29951e+00 | 20 -0.00547 -5.19501e+00 | 21 -0.00093 -6.10889e+00
 22  0.00034 -6.29519e+00 | 23 -0.00029 -6.94248e+00 | 24  0.00317 -7.51608e+00
 25  0.00003 -6.06820e+00 | 26  0.00231 -2.81222e+00 | 27  0.00102  1.09259e+00
 28 -0.00628 -1.09214e+00 | 29 -0.00844 -2.70115e+00 | 30 -0.00698 -2.43407e+00
 31  0.00396 -2.29302e+00 | 32  0.00304 -1.63458e+00 | 33 -0.00716 -1.68275e+00
 34 -0.00648 -1.25407e+00 | 35 -0.00957  8.82808e-01 | 36 -0.00420  2.13283e+00
 37 -0.00603  2.87952e+00 | 38 -0.00560  2.30098e+00 | 39  0.02089  3.33939e+00
 40  0.00461  4.41185e+00 | 41  0.00026  2.68253e+00 | 42 -0.00275  3.12173e+00
 43 -0.00228  6.59536e+00 | 44 -0.00553  6.46366e+00 | 45  0.02242  2.12368e+01
 46  0.01387  5.95422e+00 | 47 -0.00630  7.88216e+00 | 48 -0.01183  7.04903e+00
 49 -0.01419  7.93021e+00 | 50  0.00443  5.74162e+00 | 51 -0.00529  7.73475e+00
 52  0.00255  8.61980e+00 | 53  0.01193  1.52842e+01 | 54 -0.00377  1.11017e+01
 55  0.00003  9.73514e+00 | 56  0.03874  2.27346e+01 | 57 -0.00655  1.33663e+01
 58  0.00917  7.16148e+00 | 59  0.00736  9.31334e+00 | 60  0.01125  1.84014e+01
 61 -0.02605  7.62318e+00 | 62 -0.00754  8.18156e+00 | 63 -0.01168  8.25287e+00
 64  0.02100  1.89238e+01 | 65  0.00249  1.29728e+01 | 66 -0.01321  9.62686e+00
 67  0.02789  2.22824e+01 | 68 -0.04035  2.03298e+00 | 69 -0.03073  1.36892e+00
 70 -0.01264  4.96262e+00 | 71  0.04120  2.89294e+01 | 72 -0.04308 -9.17745e+00
 73 -0.01161  3.44413e+00 | 74 -0.00008  9.16005e+00 | 75  0.01099  6.13762e+00
 76  0.03149  1.33017e+01 | 77  0.00124  2.03072e+00 | 78 -0.01170 -2.03939e+00
 79 -0.00546 -1.20237e+00 | 80 -0.00125 -6.30049e-01 | 81  0.03067  2.24331e+00
 82 -0.00677 -3.51257e+00 | 83  0.01118 -4.56026e+00 | 84  0.03332 -2.42635e+00
 85  0.02659 -3.73232e+00 | 86 -0.01644 -7.38507e+00 | 87 -0.00954 -7.87712e+00
 88  0.00352 -6.86225e+00 | 89  0.00959 -1.12010e+01 | 90 -0.01578 -1.20486e+01
 91  0.02025 -1.28873e+01 | 92 -0.02691 -1.35248e+01 | 93 -0.01097 -1.30633e+01
 94 -0.01680 -1.53597e+01 | 95  0.00426 -1.17779e+01 | 96 -0.00095 -1.44408e+01
 97 -0.03871  2.36896e+01 | 98 -0.29448  2.68133e+00 |

Initial statistics: 100 variables; iteration 0; function evaluation 0; phase 3
Function value 5.6212404e+02; maximum gradient component mag 3.9773e+02
Var    Value     Gradient |Var    Value     Gradient |Var    Value     Gradient
  1  0.62533  3.97734e+02 |  2  0.00156 -9.96670e+00 |  3  0.00129 -1.04023e+01
  4  0.00073 -1.10818e+01 |  5  0.00012 -1.19491e+01 |  6 -0.00054 -1.28831e+01
  7 -0.00110 -1.37102e+01 |  8 -0.00120 -1.42370e+01 |  9 -0.00145 -1.43166e+01
 10 -0.00105 -1.38671e+01 | 11 -0.00019 -1.28640e+01 | 12  0.00164 -1.11539e+01
 13  0.00284 -8.58515e+00 | 14  0.00434 -5.45589e+00 | 15  0.00316 -5.02433e+00
 16  0.00120 -5.95385e+00 | 17  0.00032 -6.38325e+00 | 18  0.00135 -6.87105e+00
 19 -0.00474 -5.15871e+00 | 20 -0.00547 -5.05422e+00 | 21 -0.00093 -5.96809e+00
 22  0.00034 -6.15438e+00 | 23 -0.00028 -6.80168e+00 | 24  0.00317 -7.37528e+00
 25  0.00004 -5.92740e+00 | 26  0.00232 -2.67142e+00 | 27  0.00102  1.23339e+00
 28 -0.00627 -9.51345e-01 | 29 -0.00844 -2.56036e+00 | 30 -0.00698 -2.29328e+00
 31  0.00396 -2.15222e+00 | 32  0.00304 -1.49378e+00 | 33 -0.00716 -1.54195e+00
 34 -0.00648 -1.11327e+00 | 35 -0.00956  1.02359e+00 | 36 -0.00420  2.27362e+00
 37 -0.00603  3.02032e+00 | 38 -0.00559  2.44178e+00 | 39  0.02090  3.48011e+00
 40  0.00461  4.55265e+00 | 41  0.00026  2.82333e+00 | 42 -0.00275  3.26253e+00
 43 -0.00227  6.73616e+00 | 44 -0.00552  6.60446e+00 | 45  0.02242  2.13775e+01
 46  0.01387  6.09499e+00 | 47 -0.00630  8.02296e+00 | 48 -0.01183  7.18981e+00
 49 -0.01419  8.07098e+00 | 50  0.00443  5.88242e+00 | 51 -0.00528  7.87554e+00
 52  0.00255  8.76060e+00 | 53  0.01193  1.54250e+01 | 54 -0.00377  1.12425e+01
 55  0.00003  9.87594e+00 | 56  0.03874  2.28751e+01 | 57 -0.00655  1.35070e+01
 58  0.00918  7.30227e+00 | 59  0.00736  9.45413e+00 | 60  0.01125  1.85421e+01
 61 -0.02604  7.76386e+00 | 62 -0.00754  8.32235e+00 | 63 -0.01168  8.39364e+00
 64  0.02100  1.90645e+01 | 65  0.00249  1.31136e+01 | 66 -0.01321  9.76763e+00
 67  0.02789  2.24231e+01 | 68 -0.04035  2.17349e+00 | 69 -0.03073  1.50955e+00
 70 -0.01264  5.10339e+00 | 71  0.04120  2.90699e+01 | 72 -0.04308 -9.03698e+00
 73 -0.01161  3.58491e+00 | 74 -0.00008  9.30085e+00 | 75  0.01100  6.27840e+00
 76  0.03150  1.34423e+01 | 77  0.00125  2.17152e+00 | 78 -0.01170 -1.89861e+00
 79 -0.00546 -1.06158e+00 | 80 -0.00125 -4.89249e-01 | 81  0.03067  2.38394e+00
 82 -0.00677 -3.37178e+00 | 83  0.01118 -4.41948e+00 | 84  0.03333 -2.28574e+00
 85  0.02659 -3.59164e+00 | 86 -0.01644 -7.24432e+00 | 87 -0.00954 -7.73634e+00
 88  0.00352 -6.72145e+00 | 89  0.00959 -1.10602e+01 | 90 -0.01578 -1.19079e+01
 91  0.02025 -1.27466e+01 | 92 -0.02691 -1.33841e+01 | 93 -0.01096 -1.29226e+01
 94 -0.01679 -1.52190e+01 | 95  0.00426 -1.16371e+01 | 96 -0.00095 -1.43000e+01
 97 -0.03871  2.36896e+01 | 98 -0.41581 -1.51699e+02 | 99 -0.29448  2.68133e+00
100 -0.25275  1.36878e+01 |

Intermediate statistics: 100 variables; iteration 20; function evaluation 24; phase 3
Function value 5.6063235e+02; maximum gradient component mag -2.4689e+02
Var    Value     Gradient |Var    Value     Gradient |Var    Value     Gradient
  1  0.62440 -2.46890e+02 |  2  0.00055  8.47380e+00 |  3  0.00053  8.21372e+00
  4  0.00036  7.85872e+00 |  5  0.00022  7.41948e+00 |  6  0.00009  6.92772e+00
  7  0.00002  6.42864e+00 |  8  0.00032  5.96400e+00 |  9  0.00027  5.58928e+00
 10  0.00067  5.29479e+00 | 11  0.00130  5.08142e+00 | 12  0.00262  4.94871e+00
 13  0.00289  5.02372e+00 | 14  0.00321  5.19153e+00 | 15  0.00213  4.78974e+00
 16  0.00084  4.08798e+00 | 17  0.00033  3.50609e+00 | 18  0.00170  2.77804e+00
 19 -0.00524  3.92090e+00 | 20 -0.00518  4.34431e+00 | 21 -0.00061  2.88801e+00
 22  0.00106  1.77353e+00 | 23  0.00070  1.75672e+00 | 24  0.00483  5.73157e-01
 25  0.00100  1.05461e+00 | 26  0.00214  1.36923e+00 | 27 -0.00076  2.51356e+00
 28 -0.00734  2.54575e+00 | 29 -0.00894  1.80562e+00 | 30 -0.00626  1.64552e+00
 31  0.00460 -9.55540e-01 | 32  0.00325 -1.50416e+00 | 33 -0.00737  1.12366e-01
 34 -0.00666 -3.07038e-01 | 35 -0.00846  2.04838e+00 | 36 -0.00489  5.71962e-01
 37 -0.00725  2.84575e-01 | 38 -0.00657 -6.02251e-01 | 39  0.02161 -9.05099e+00
 40  0.00595 -2.43662e+00 | 41  0.00008 -2.60984e+00 | 42 -0.00345 -2.74859e+00
 43 -0.00394 -1.88529e+00 | 44 -0.00716 -1.30125e+00 | 45  0.02371 -1.76450e+00
 46  0.01523 -8.06500e+00 | 47 -0.00789 -1.75361e+00 | 48 -0.01314 -9.14910e-01
 49 -0.01602 -3.69098e-01 | 50  0.00726 -7.57328e+00 | 51 -0.00582 -2.70523e+00
 52  0.00227 -6.01342e+00 | 53  0.01032 -6.90405e+00 | 54 -0.00564 -2.35960e+00
 55  0.00187 -2.82995e+00 | 56  0.03933 -1.56502e+01 | 57 -0.00919 -2.49382e-01
 58  0.00859 -1.22919e+01 | 59  0.00575 -1.14888e+01 | 60  0.01251 -1.21650e+00
 61 -0.02440  8.02044e+00 | 62 -0.00785 -1.70254e+00 | 63 -0.01064 -2.61136e-01
 64  0.02127 -5.55013e+00 | 65  0.00381  1.76225e+00 | 66 -0.01232  1.05231e+01
 67  0.02867 -5.45055e+00 | 68 -0.03987  9.11328e+00 | 69 -0.03066  2.51784e+00
 70 -0.01223  6.25727e+00 | 71  0.04106 -1.50980e+01 | 72 -0.04473 -1.66899e+01
 73 -0.01208 -4.61433e+00 | 74  0.00127  2.47542e+01 | 75  0.01014 -2.04968e+01
 76  0.03179  2.10080e+00 | 77  0.00073 -9.40198e+00 | 78 -0.01215 -4.73129e+00
 79 -0.00614 -1.04652e+01 | 80 -0.00138 -5.28780e-02 | 81  0.03028 -1.43076e+01
 82 -0.00694  1.24553e+00 | 83  0.01011 -2.17707e+01 | 84  0.03337 -2.33847e+00
 85  0.02611 -9.95445e+00 | 86 -0.01658  4.62202e+00 | 87 -0.00993  2.63929e+00
 88  0.00416  1.91723e+01 | 89  0.00913 -2.46165e+00 | 90 -0.01602  5.19235e+00
 91  0.01989  1.95549e+00 | 92 -0.02701  7.97787e+00 | 93 -0.01001  2.48050e+01
 94 -0.01552  1.08475e+01 | 95  0.00332  8.59754e+00 | 96 -0.00026  7.81661e+00
 97  0.01152 -2.70897e+01 | 98 -0.39061  4.62693e+01 | 99 -0.30840 -3.04478e+01
100 -0.25402  7.16047e+01 |
100 variables; iteration 40; function evaluation 52; phase 3
Function value 5.6025016e+02; maximum gradient component mag -7.6311e+00
Var    Value     Gradient |Var    Value     Gradient |Var    Value     Gradient
  1  0.62450 -3.86597e+00 |  2  0.00029  2.77148e-01 |  3  0.00037  2.47885e-01
  4  0.00032  1.93927e-01 |  5  0.00034  1.12700e-01 |  6  0.00037  5.46725e-03
  7  0.00043 -1.21234e-01 |  8  0.00080 -2.56067e-01 |  9  0.00076 -3.75526e-01
 10  0.00112 -4.55828e-01 | 11  0.00167 -4.48127e-01 | 12  0.00294 -2.44446e-01
 13  0.00327  3.18844e-01 | 14  0.00366  1.03127e+00 | 15  0.00241  7.29978e-01
 16  0.00102  1.87110e-01 | 17  0.00060  3.17889e-02 | 18  0.00235  2.72155e-01
 19 -0.00525 -4.87421e-02 | 20 -0.00557 -3.04483e-01 | 21 -0.00015  3.36702e-01
 22  0.00154 -1.69351e-01 | 23  0.00123 -2.03240e-01 | 24  0.00549 -5.23788e-01
 25  0.00154 -2.96332e-01 | 26  0.00232 -1.79847e-01 | 27 -0.00130 -1.94935e-01
 28 -0.00790 -6.57579e-01 | 29 -0.00885 -1.88374e-01 | 30 -0.00641 -3.13155e-01
 31  0.00512 -2.29879e-01 | 32  0.00367 -7.01787e-01 | 33 -0.00702 -1.65880e-01
 34 -0.00615  2.38182e-02 | 35 -0.00972 -1.37236e+00 | 36 -0.00571 -9.22544e-01
 37 -0.00785 -8.28156e-01 | 38 -0.00649 -1.06841e-01 | 39  0.02369  4.01391e-02
 40  0.00531 -1.09529e+00 | 41  0.00025 -4.39025e-01 | 42 -0.00329 -7.87333e-01
 43 -0.00445 -9.28181e-01 | 44 -0.00756 -5.51654e-01 | 45  0.02132  4.12238e-01
 46  0.01694  1.04975e+00 | 47 -0.00835 -4.57720e-01 | 48 -0.01370 -4.40336e-01
 49 -0.01684 -6.02066e-01 | 50  0.00772 -1.00117e+00 | 51 -0.00604  7.88136e-02
 52  0.00236 -1.04228e+00 | 53  0.01060  1.37669e-02 | 54 -0.00617 -2.77313e-01
 55  0.00112 -2.73586e-01 | 56  0.04075  1.61354e+00 | 57 -0.01120 -1.42015e+00
 58  0.01076 -5.54445e-02 | 59  0.00755  5.18196e-02 | 60  0.01148  8.97240e-01
 61 -0.02702 -6.71677e-01 | 62 -0.00811  2.25736e-01 | 63 -0.01124 -1.76694e-01
 64  0.02030 -2.12719e+00 | 65  0.00306  1.86752e+00 | 66 -0.01391  1.79992e+00
 67  0.02816  2.58445e-01 | 68 -0.04083  1.44247e+00 | 69 -0.03074  6.06215e-01
 70 -0.01291 -8.38816e-02 | 71  0.04102 -9.79870e-01 | 72 -0.04247  1.42266e+00
 73 -0.01147  3.87257e+00 | 74 -0.00051  1.88145e+00 | 75  0.01098 -4.50450e-01
 76  0.03115 -1.47437e+00 | 77  0.00129  2.17811e+00 | 78 -0.01186  6.33868e-01
 79 -0.00546  3.51725e-01 | 80 -0.00149  5.58547e-01 | 81  0.03066 -1.85433e+00
 82 -0.00695  1.32867e+00 | 83  0.01132  1.20780e+00 | 84  0.03286 -7.63112e+00
 85  0.02648 -2.98647e+00 | 86 -0.01681 -6.82829e-01 | 87 -0.00941  3.98286e+00
 88  0.00333  2.80596e+00 | 89  0.00974  2.47096e+00 | 90 -0.01611 -1.20212e+00
 91  0.02039  2.68711e+00 | 92 -0.02716 -7.04325e-01 | 93 -0.01110 -3.18152e+00
 94 -0.01580 -2.60659e-01 | 95  0.00310  4.52088e-02 | 96 -0.00001  2.19709e-03
 97  0.01359 -2.71759e+00 | 98 -0.39007  6.45398e+00 | 99 -0.30656  5.74463e-01
100 -0.25893 -4.30699e+00 |
100 variables; iteration 60; function evaluation 86; phase 3
Function value 5.6023803e+02; maximum gradient component mag -1.0661e+00
Var    Value     Gradient |Var    Value     Gradient |Var    Value     Gradient
  1  0.62458 -1.06608e+00 |  2  0.00016  5.61649e-02 |  3  0.00026  5.01163e-02
  4  0.00024  4.12000e-02 |  5  0.00030  3.01316e-02 |  6  0.00039  1.85431e-02
  7  0.00052  8.86265e-03 |  8  0.00098  3.77838e-03 |  9  0.00101  4.63891e-03
 10  0.00143  8.47822e-03 | 11  0.00197  6.64577e-03 | 12  0.00310  6.47444e-04
 13  0.00305  2.24392e-02 | 14  0.00297  5.37971e-02 | 15  0.00192  3.25277e-02
 16  0.00089  4.61890e-02 | 17  0.00055  2.58397e-02 | 18  0.00213  9.14271e-03
 19 -0.00528 -1.01496e-02 | 20 -0.00546 -1.19104e-02 | 21 -0.00041  2.72926e-02
 22  0.00158  1.78065e-03 | 23  0.00129 -4.29113e-04 | 24  0.00574 -1.38000e-02
 25  0.00163 -2.55612e-02 | 26  0.00232 -3.70130e-02 | 27 -0.00130 -4.62063e-02
 28 -0.00760 -1.08433e-02 | 29 -0.00882 -9.23350e-03 | 30 -0.00631 -3.45461e-03
 31  0.00512 -2.10685e-02 | 32  0.00396 -4.21389e-02 | 33 -0.00701 -1.01879e-02
 34 -0.00624 -1.09639e-02 | 35 -0.00913 -5.06363e-02 | 36 -0.00530 -3.82616e-02
 37 -0.00751 -4.43920e-02 | 38 -0.00655 -5.00996e-02 | 39  0.02347 -1.70090e-02
 40  0.00575 -5.21405e-02 | 41  0.00034 -4.00421e-02 | 42 -0.00300 -3.79715e-02
 43 -0.00409 -3.80463e-02 | 44 -0.00739 -3.50415e-02 | 45  0.02103 -5.26637e-02
 46  0.01619 -3.84085e-02 | 47 -0.00822 -2.76134e-02 | 48 -0.01359 -1.26719e-02
 49 -0.01666 -3.79668e-02 | 50  0.00800 -7.86462e-02 | 51 -0.00623 -4.32295e-02
 52  0.00282 -4.14762e-02 | 53  0.01033 -3.78385e-02 | 54 -0.00615 -3.27205e-02
 55  0.00116 -1.55134e-02 | 56  0.03975 -2.16681e-02 | 57 -0.01059 -4.08895e-02
 58  0.01062  2.61099e-02 | 59  0.00742  1.65461e-02 | 60  0.01118  3.90871e-03
 61 -0.02685  1.63773e-02 | 62 -0.00825 -2.59690e-02 | 63 -0.01130 -3.80928e-02
 64  0.02050 -8.30686e-02 | 65  0.00279  1.07178e-01 | 66 -0.01418 -2.56660e-02
 67  0.02811 -9.49390e-03 | 68 -0.04102  5.40031e-02 | 69 -0.03079  2.14845e-02
 70 -0.01296  3.30435e-02 | 71  0.04103 -7.01714e-02 | 72 -0.04267  5.28361e-02
 73 -0.01167  1.12884e-01 | 74 -0.00067  5.25109e-02 | 75  0.01098  2.35963e-02
 76  0.03116 -6.51749e-02 | 77  0.00119  1.85199e-01 | 78 -0.01195 -2.37662e-02
 79 -0.00549 -4.59414e-02 | 80 -0.00158  6.57016e-02 | 81  0.03071 -5.17405e-02
 82 -0.00711 -2.57221e-02 | 83  0.01125  1.72293e-02 | 84  0.03315 -1.82541e-01
 85  0.02658 -6.37183e-02 | 86 -0.01681  2.17770e-02 | 87 -0.00960  1.48328e-01
 88  0.00312  1.07731e-01 | 89  0.00963  1.03107e-01 | 90 -0.01602 -1.75827e-02
 91  0.02031  1.04415e-01 | 92 -0.02704  1.28186e-02 | 93 -0.01076 -6.92199e-02
 94 -0.01566  2.03177e-02 | 95  0.00313  3.26040e-02 | 96  0.00003  1.31902e-02
 97  0.01368 -1.01213e-01 | 98 -0.39021  1.53794e-01 | 99 -0.30522  2.17632e-02
100 -0.25811 -1.11589e-01 |

 - final statistics:
100 variables; iteration 63; function evaluation 90
Function value 5.6024e+02; maximum gradient component mag -8.5553e-01
Exit code = 1;  converg criter 1.0000e+00
Var    Value     Gradient |Var    Value     Gradient |Var    Value     Gradient
  1  0.62459 -8.55529e-01 |  2  0.00016  4.24829e-02 |  3  0.00025  3.84764e-02
  4  0.00024  3.24425e-02 |  5  0.00030  2.47954e-02 |  6  0.00039  1.65922e-02
  7  0.00053  9.54021e-03 |  8  0.00098  5.77439e-03 |  9  0.00102  6.85018e-03
 10  0.00143  1.10224e-02 | 11  0.00198  9.58207e-03 | 12  0.00310 -3.48696e-04
 13  0.00305  1.72370e-02 | 14  0.00296  4.38465e-02 | 15  0.00191  2.14356e-02
 16  0.00089  3.38397e-02 | 17  0.00054  1.44703e-02 | 18  0.00213  8.11980e-03
 19 -0.00528 -5.66170e-03 | 20 -0.00545 -8.06175e-03 | 21 -0.00041  1.97245e-02
 22  0.00158  1.44933e-03 | 23  0.00129 -2.17486e-04 | 24  0.00574 -9.90030e-03
 25  0.00163 -1.80890e-02 | 26  0.00232 -2.41595e-02 | 27 -0.00129 -3.03751e-02
 28 -0.00760 -8.74295e-03 | 29 -0.00882 -6.09813e-03 | 30 -0.00631 -2.52266e-03
 31  0.00512 -1.65127e-02 | 32  0.00397 -2.79856e-02 | 33 -0.00701 -7.77748e-03
 34 -0.00624 -7.24871e-03 | 35 -0.00912 -2.91367e-02 | 36 -0.00530 -2.73573e-02
 37 -0.00750 -3.20317e-02 | 38 -0.00655 -3.64916e-02 | 39  0.02346 -1.38646e-02
 40  0.00576 -3.53608e-02 | 41  0.00035 -2.84947e-02 | 42 -0.00300 -2.77050e-02
 43 -0.00409 -2.76311e-02 | 44 -0.00739 -2.48961e-02 | 45  0.02103 -4.18683e-02
 46  0.01619 -2.92158e-02 | 47 -0.00822 -1.99761e-02 | 48 -0.01359 -8.53762e-03
 49 -0.01666 -3.06405e-02 | 50  0.00801 -5.81965e-02 | 51 -0.00623 -3.10010e-02
 52  0.00282 -2.88635e-02 | 53  0.01032 -3.21788e-02 | 54 -0.00615 -2.38160e-02
 55  0.00115 -1.60082e-02 | 56  0.03974 -2.17968e-02 | 57 -0.01059 -3.21209e-02
 58  0.01061  1.42535e-02 | 59  0.00741  7.92067e-03 | 60  0.01118 -1.55795e-03
 61 -0.02685  1.07585e-02 | 62 -0.00825 -2.03667e-02 | 63 -0.01130 -2.80291e-02
 64  0.02050 -6.25488e-02 | 65  0.00279  7.07538e-02 | 66 -0.01418 -1.93802e-02
 67  0.02811 -1.28000e-02 | 68 -0.04103  3.76824e-02 | 69 -0.03079  1.50148e-02
 70 -0.01296  2.17303e-02 | 71  0.04103 -5.54053e-02 | 72 -0.04267  3.74834e-02
 73 -0.01167  7.73116e-02 | 74 -0.00067  3.49673e-02 | 75  0.01098  1.48278e-02
 76  0.03116 -4.79058e-02 | 77  0.00118  1.27446e-01 | 78 -0.01195 -1.57613e-02
 79 -0.00549 -3.09192e-02 | 80 -0.00158  4.61057e-02 | 81  0.03071 -3.61201e-02
 82 -0.00711 -1.64432e-02 | 83  0.01125  1.28395e-02 | 84  0.03315 -1.24944e-01
 85  0.02658 -4.24740e-02 | 86 -0.01681  1.76022e-02 | 87 -0.00960  1.04924e-01
 88  0.00312  7.69995e-02 | 89  0.00963  7.42222e-02 | 90 -0.01602 -8.61235e-03
 91  0.02031  7.57649e-02 | 92 -0.02704  1.28295e-02 | 93 -0.01076 -4.31005e-02
 94 -0.01566  1.65480e-02 | 95  0.00313  2.54899e-02 | 96  0.00004  1.33099e-02
 97  0.01368 -7.85888e-02 | 98 -0.39021  1.21378e-01 | 99 -0.30521  1.44115e-02
100 -0.25810 -7.69593e-02 |

Initial statistics: 108 variables; iteration 0; function evaluation 0; phase 4
Function value 5.6023802e+02; maximum gradient component mag -8.0347e+02
Var    Value     Gradient |Var    Value     Gradient |Var    Value     Gradient
  1 -0.42263 -2.77723e+02 |  2 -0.42263 -8.03466e+02 |  3 -0.41094 -4.78433e+02
  4  0.62459 -8.55529e-01 |  5  0.00000 -2.79227e-01 |  6  0.00000 -5.75583e-02
  7  0.00000 -7.36861e-02 |  8  0.00000 -9.50112e-02 |  9  0.00000 -6.46608e-01
 10  0.00016  4.34631e-02 | 11  0.00025  3.94566e-02 | 12  0.00024  3.34227e-02
 13  0.00030  2.57756e-02 | 14  0.00039  1.75724e-02 | 15  0.00053  1.05204e-02
 16  0.00098  6.75456e-03 | 17  0.00102  7.83035e-03 | 18  0.00143  1.20025e-02
 19  0.00198  1.05622e-02 | 20  0.00310  6.31466e-04 | 21  0.00305  1.82171e-02
 22  0.00296  4.48267e-02 | 23  0.00191  2.24157e-02 | 24  0.00089  3.48198e-02
 25  0.00054  1.54504e-02 | 26  0.00213  9.09997e-03 | 27 -0.00528 -4.68156e-03
 28 -0.00545 -7.08161e-03 | 29 -0.00041  2.07047e-02 | 30  0.00158  2.42950e-03
 31  0.00129  7.62685e-04 | 32  0.00574 -8.92016e-03 | 33  0.00163 -1.71088e-02
 34  0.00232 -2.31793e-02 | 35 -0.00129 -2.93949e-02 | 36 -0.00760 -7.76285e-03
 37 -0.00882 -5.11805e-03 | 38 -0.00631 -1.54253e-03 | 39  0.00512 -1.55326e-02
 40  0.00397 -2.70054e-02 | 41 -0.00701 -6.79737e-03 | 42 -0.00624 -6.26859e-03
 43 -0.00912 -2.81566e-02 | 44 -0.00530 -2.63772e-02 | 45 -0.00750 -3.10516e-02
 46 -0.00655 -3.55115e-02 | 47  0.02346 -1.28851e-02 | 48  0.00576 -3.43807e-02
 49  0.00035 -2.75145e-02 | 50 -0.00300 -2.67248e-02 | 51 -0.00409 -2.66510e-02
 52 -0.00739 -2.39160e-02 | 53  0.02103 -4.08887e-02 | 54  0.01619 -2.82360e-02
 55 -0.00822 -1.89960e-02 | 56 -0.01359 -7.55767e-03 | 57 -0.01666 -2.96607e-02
 58  0.00801 -5.72164e-02 | 59 -0.00623 -3.00209e-02 | 60  0.00282 -2.78833e-02
 61  0.01032 -3.11988e-02 | 62 -0.00615 -2.28359e-02 | 63  0.00115 -1.50280e-02
 64  0.03974 -2.08185e-02 | 65 -0.01059 -3.11409e-02 | 66  0.01061  1.52335e-02
 67  0.00741  8.90078e-03 | 68  0.01118 -5.77931e-04 | 69 -0.02685  1.17378e-02
 70 -0.00825 -1.93866e-02 | 71 -0.01130 -2.70491e-02 | 72  0.02050 -6.15691e-02
 73  0.00279  7.17339e-02 | 74 -0.01418 -1.84003e-02 | 75  0.02811 -1.18208e-02
 76 -0.04103  3.86605e-02 | 77 -0.03079  1.59938e-02 | 78 -0.01296  2.27102e-02
 79  0.04103 -5.44272e-02 | 80 -0.04267  3.84614e-02 | 81 -0.01167  7.82916e-02
 82 -0.00067  3.59475e-02 | 83  0.01098  1.58078e-02 | 84  0.03116 -4.69268e-02
 85  0.00118  1.28426e-01 | 86 -0.01195 -1.47813e-02 | 87 -0.00549 -2.99390e-02
 88 -0.00158  4.70859e-02 | 89  0.03071 -3.51411e-02 | 90 -0.00711 -1.54631e-02
 91  0.01125  1.38195e-02 | 92  0.03315 -1.23965e-01 | 93  0.02658 -4.14946e-02
 94 -0.01681  1.85820e-02 | 95 -0.00960  1.05904e-01 | 96  0.00312  7.79796e-02
 97  0.00963  7.52023e-02 | 98 -0.01602 -7.63249e-03 | 99  0.02031  7.67446e-02
100 -0.02704  1.38088e-02 |101 -0.01076 -4.21205e-02 |102 -0.01566  1.75279e-02
103  0.00313  2.64701e-02 |104  0.00004  1.42901e-02 |105  0.01368 -7.85888e-02
106 -0.39021  1.21378e-01 |107 -0.30521  1.44115e-02 |108 -0.25810 -7.69593e-02

Intermediate statistics: 108 variables; iteration 20; function evaluation 25; phase 4
Function value 5.5930166e+02; maximum gradient component mag -8.1230e+02
Var    Value     Gradient |Var    Value     Gradient |Var    Value     Gradient
  1 -0.42549 -2.95048e+02 |  2 -0.42354 -8.12298e+02 |  3 -0.40453 -4.44913e+02
  4  0.62261 -1.26035e+02 |  5  0.00007 -7.53818e-01 |  6  0.00001 -1.66472e-01
  7  0.00002 -2.03274e-01 |  8  0.00003 -2.48110e-01 |  9  0.00035 -3.39616e-01
 10 -0.00008 -7.75096e-01 | 11  0.00000 -8.53051e-01 | 12 -0.00002 -9.46357e-01
 13  0.00002 -1.05919e+00 | 14  0.00010 -1.19450e+00 | 15  0.00021 -1.35570e+00
 16  0.00063 -1.55055e+00 | 17  0.00062 -1.76753e+00 | 18  0.00098 -2.01879e+00
 19  0.00149 -2.29135e+00 | 20  0.00261 -2.57892e+00 | 21  0.00262 -2.79136e+00
 22  0.00267 -2.97567e+00 | 23  0.00170 -3.21203e+00 | 24  0.00058 -3.54672e+00
 25  0.00044 -3.64230e+00 | 26  0.00191 -4.03280e+00 | 27 -0.00563 -3.84550e+00
 28 -0.00616 -4.08134e+00 | 29 -0.00106 -4.64812e+00 | 30  0.00102 -4.97586e+00
 31  0.00080 -4.82123e+00 | 32  0.00529 -5.31737e+00 | 33  0.00120 -5.23310e+00
 34  0.00184 -5.52402e+00 | 35 -0.00132 -5.09332e+00 | 36 -0.00776 -4.91642e+00
 37 -0.00958 -5.51515e+00 | 38 -0.00777 -6.34236e+00 | 39  0.00425 -7.05047e+00
 40  0.00520 -5.70671e+00 | 41 -0.00708 -5.84283e+00 | 42 -0.00639 -6.10991e+00
 43 -0.00969 -6.16044e+00 | 44 -0.00569 -6.95818e+00 | 45 -0.00777 -6.72383e+00
 46 -0.00752 -7.61641e+00 | 47  0.02170 -1.22619e+01 | 48  0.00642 -7.30303e+00
 49  0.00023 -8.07511e+00 | 50 -0.00300 -7.77241e+00 | 51 -0.00481 -8.32758e+00
 52 -0.00730 -7.37823e+00 | 53  0.02052 -1.13855e+01 | 54  0.01675 -1.09242e+01
 55 -0.00759 -7.43479e+00 | 56 -0.01347 -7.41929e+00 | 57 -0.01811 -8.89981e+00
 58  0.00795 -1.01664e+01 | 59 -0.00739 -1.00562e+01 | 60  0.00136 -1.12621e+01
 61  0.01053 -1.11590e+01 | 62 -0.00604 -8.33340e+00 | 63  0.00091 -8.76910e+00
 64  0.04102 -1.55386e+01 | 65 -0.00935 -6.51170e+00 | 66  0.01033 -1.10992e+01
 67  0.00828 -8.96190e+00 | 68  0.01213 -8.11000e+00 | 69 -0.02648 -5.18789e+00
 70 -0.00796 -8.25883e+00 | 71 -0.01197 -9.24669e+00 | 72  0.02220 -4.96224e+00
 73  0.00394 -2.40782e+00 | 74 -0.01403 -7.01895e+00 | 75  0.02861 -1.08891e+01
 76 -0.03795  9.96953e+00 | 77 -0.03151 -4.28323e+00 | 78 -0.01274 -6.99853e+00
 79  0.04053 -1.27260e+01 | 80 -0.04100  3.58467e+00 | 81 -0.01264 -3.88484e+00
 82 -0.00057 -5.73286e+00 | 83  0.01051  4.84667e+00 | 84  0.03216  2.81284e+00
 85  0.00124  6.06787e+00 | 86 -0.01118 -2.48178e-01 | 87 -0.00664 -2.76852e+00
 88 -0.00053  1.76899e+00 | 89  0.02955 -1.04962e+01 | 90 -0.00605  1.45890e+00
 91  0.01057  1.98555e+00 | 92  0.03372 -1.79538e+00 | 93  0.02692  1.95603e+01
 94 -0.01492  1.01169e+01 | 95 -0.01043 -4.43584e+00 | 96  0.00374 -8.18189e-01
 97  0.00887 -4.87242e+00 | 98 -0.01568 -2.42182e+00 | 99  0.02019  9.34460e+00
100 -0.02632 -6.11298e-01 |101 -0.01180  3.87758e+00 |102 -0.01649 -2.33668e+00
103  0.00300 -4.59294e-01 |104 -0.00014 -4.19144e-01 |105  0.00356 -7.88079e+00
106 -0.39427  9.53915e-02 |107 -0.33282 -1.44547e+01 |108 -0.26513 -3.52471e+00
108 variables; iteration 40; function evaluation 51; phase 4
Function value 5.5831768e+02; maximum gradient component mag -3.3558e+01
Var    Value     Gradient |Var    Value     Gradient |Var    Value     Gradient
  1 -0.42423  2.09711e+01 |  2 -0.42210  9.59735e+00 |  3 -0.40218  1.87423e+01
  4  0.62019 -3.35583e+01 |  5 -0.00007 -2.96570e-01 |  6 -0.00001 -5.91409e-02
  7 -0.00002 -7.45698e-02 |  8 -0.00002 -9.46012e-02 |  9  0.00005 -5.33282e-01
 10  0.00035  1.71919e+00 | 11  0.00044  1.71572e+00 | 12  0.00042  1.71204e+00
 13  0.00047  1.70941e+00 | 14  0.00055  1.71025e+00 | 15  0.00067  1.71835e+00
 16  0.00111  1.74002e+00 | 17  0.00114  1.77860e+00 | 18  0.00155  1.83276e+00
 19  0.00209  1.87268e+00 | 20  0.00319  1.82530e+00 | 21  0.00307  1.60170e+00
 22  0.00286  1.18077e+00 | 23  0.00179  9.69041e-01 | 24  0.00087  1.25853e+00
 25  0.00053  9.22157e-01 | 26  0.00222  1.19992e+00 | 27 -0.00530  1.30667e+00
 28 -0.00587  1.21864e+00 | 29 -0.00060  1.47056e+00 | 30  0.00150  1.45707e+00
 31  0.00117  1.30493e+00 | 32  0.00557  1.09030e+00 | 33  0.00156  1.21807e+00
 34  0.00239  1.50185e+00 | 35 -0.00115  9.06332e-01 | 36 -0.00718  1.49132e+00
 37 -0.00914  1.26005e+00 | 38 -0.00714  1.59325e+00 | 39  0.00607  3.18016e+00
 40  0.00302 -2.79087e+00 | 41 -0.00663  1.05268e+00 | 42 -0.00618  8.33604e-01
 43 -0.00967  4.68683e-01 | 44 -0.00548  7.67081e-01 | 45 -0.00752  7.53051e-01
 46 -0.00781 -3.59384e-01 | 47  0.02139 -5.00567e-01 | 48  0.00745  1.92170e+00
 49  0.00028  3.81167e-01 | 50 -0.00292  2.78877e-01 | 51 -0.00458  6.05498e-01
 52 -0.00716  3.11851e-01 | 53  0.01986 -1.62267e+00 | 54  0.01669 -1.83117e-01
 55 -0.00727  7.00067e-01 | 56 -0.01336  3.65297e-01 | 57 -0.01971 -3.55983e+00
 58  0.00692 -2.51961e+00 | 59 -0.00811 -1.52420e+00 | 60  0.00253  1.21334e+00
 61  0.00837 -3.90360e+00 | 62 -0.00602 -4.44701e-01 | 63 -0.00031 -2.46193e+00
 64  0.04039 -1.96410e+00 | 65 -0.00907  4.64634e-01 | 66  0.00964 -2.69761e+00
 67  0.00785 -1.59136e+00 | 68  0.01253  1.43951e+00 | 69 -0.02711 -2.03820e+00
 70 -0.00710  2.55374e+00 | 71 -0.01248 -4.07465e+00 | 72  0.02168 -3.02156e+00
 73  0.00396  1.97189e+00 | 74 -0.01426 -1.41419e+00 | 75  0.02931  4.96419e+00
 76 -0.03822 -2.03749e+00 | 77 -0.03164 -4.35844e+00 | 78 -0.01295 -1.02036e+00
 79  0.04091  2.13262e-01 | 80 -0.04090  6.73504e-01 | 81 -0.01215  7.45452e+00
 82 -0.00139 -6.01656e+00 | 83  0.01070  7.09630e+00 | 84  0.03163 -8.39892e+00
 85  0.00102 -7.67615e+00 | 86 -0.01101  5.16866e-01 | 87 -0.00735 -9.90106e+00
 88 -0.00070 -4.27372e+00 | 89  0.02978  1.45555e+00 | 90 -0.00629 -4.19851e+00
 91  0.01104  1.08338e+01 | 92  0.03381  1.54026e-01 | 93  0.02671  1.59432e+00
 94 -0.01513 -6.38157e-01 | 95 -0.01011 -2.02411e+00 | 96  0.00373 -2.58790e+00
 97  0.00924 -1.48707e+00 | 98 -0.01547  1.92587e+00 | 99  0.02032 -1.21514e+00
100 -0.02500  6.98993e+00 |101 -0.01132  5.16185e+00 |102 -0.01683  1.35086e-01
103  0.00346  1.78316e+00 |104  0.00027  1.71246e+00 |105  0.00231 -2.72776e+00
106 -0.39412  5.60478e+00 |107 -0.33382 -2.25588e-01 |108 -0.26482  2.71471e+00
108 variables; iteration 60; function evaluation 77; phase 4
Function value 5.5826520e+02; maximum gradient component mag 1.6664e+01
Var    Value     Gradient |Var    Value     Gradient |Var    Value     Gradient
  1 -0.42393  4.00112e+00 |  2 -0.42189  1.66638e+01 |  3 -0.40312  9.00915e+00
  4  0.62013  7.72591e+00 |  5 -0.00013 -2.81371e-01 |  6 -0.00003 -5.87141e-02
  7 -0.00003 -7.42879e-02 |  8 -0.00004 -9.45860e-02 |  9  0.00001 -5.57658e-01
 10  0.00029  1.67697e-01 | 11  0.00037  1.61792e-01 | 12  0.00034  1.54526e-01
 13  0.00038  1.46672e-01 | 14  0.00044  1.39892e-01 | 15  0.00054  1.36617e-01
 16  0.00095  1.39732e-01 | 17  0.00094  1.46022e-01 | 18  0.00129  1.37103e-01
 19  0.00173  6.86116e-02 | 20  0.00276 -4.64375e-02 | 21  0.00278  3.73591e-04
 22  0.00293  1.80218e-01 | 23  0.00171 -1.89932e-01 | 24  0.00051 -2.95379e-01
 25  0.00032 -3.35325e-01 | 26  0.00206  6.69441e-02 | 27 -0.00558 -9.29496e-02
 28 -0.00610 -1.16549e-01 | 29 -0.00102 -6.87787e-02 | 30  0.00106 -2.08755e-02
 31  0.00079 -1.07123e-01 | 32  0.00520 -1.97480e-01 | 33  0.00119 -8.16445e-02
 34  0.00205  3.07237e-01 | 35 -0.00123  1.45852e-01 | 36 -0.00757  2.04461e-01
 37 -0.00950  1.01854e-02 | 38 -0.00771  5.29430e-06 | 39  0.00475  8.67402e-01
 40  0.00487 -2.95580e-01 | 41 -0.00689  1.83357e-01 | 42 -0.00637  1.03230e-01
 43 -0.00979 -1.86841e-01 | 44 -0.00567  6.71363e-02 | 45 -0.00772  6.49745e-02
 46 -0.00726  2.82550e-01 | 47  0.02154  3.69029e-02 | 48  0.00640  1.72982e-01
 49  0.00025  1.78032e-01 | 50 -0.00291  1.38910e-01 | 51 -0.00502 -3.46699e-01
 52 -0.00734 -3.61709e-02 | 53  0.02086  1.59130e+00 | 54  0.01694  9.47406e-01
 55 -0.00742  4.65079e-01 | 56 -0.01354 -1.15625e-01 | 57 -0.01809 -5.02739e-01
 58  0.00842  1.77805e+00 | 59 -0.00724  2.08164e-01 | 60  0.00160  5.16664e-01
 61  0.01052  4.45429e-01 | 62 -0.00601  6.33039e-02 | 63 -0.00027 -2.13918e+00
 64  0.04019 -2.82832e-01 | 65 -0.00962 -3.25466e-01 | 66  0.00967 -1.76310e+00
 67  0.00840  8.29387e-01 | 68  0.01196  1.48185e-01 | 69 -0.02641 -8.77371e-02
 70 -0.00765  6.67894e-01 | 71 -0.01167 -4.35576e-01 | 72  0.02191  4.64088e-01
 73  0.00370  3.44290e-01 | 74 -0.01401 -2.01136e-01 | 75  0.02907  1.29950e+00
 76 -0.03812 -7.11119e-01 | 77 -0.03145 -1.83899e+00 | 78 -0.01273  1.69593e+00
 79  0.04086  6.82156e-01 | 80 -0.04095  2.87510e-01 | 81 -0.01247  1.18169e+00
 82 -0.00101 -1.55060e+00 | 83  0.01044  1.01727e+00 | 84  0.03198 -9.78940e-01
 85  0.00133 -1.71190e+00 | 86 -0.01074  3.51660e+00 | 87 -0.00677 -1.10580e+00
 88 -0.00069 -3.51044e+00 | 89  0.02977 -7.69385e-02 | 90 -0.00580  1.78431e+00
 91  0.01066  1.27616e+00 | 92  0.03383 -1.34032e-01 | 93  0.02667  2.09593e-02
 94 -0.01506 -4.91638e-01 | 95 -0.00996 -8.16004e-01 | 96  0.00394 -6.10167e-01
 97  0.00937 -6.22513e-01 | 98 -0.01552  2.33109e-02 | 99  0.02039 -5.54257e-01
100 -0.02576  2.94346e-01 |101 -0.01161  7.51062e-01 |102 -0.01623 -3.55015e-01
103  0.00340  1.87728e-01 |104  0.00025  1.63784e-01 |105  0.00282  4.49882e-01
106 -0.39405 -5.53977e-01 |107 -0.33407 -1.42162e-02 |108 -0.26560  5.05119e-01
Maximum number of function evaluations exceeded

 - final statistics:
108 variables; iteration 73; function evaluation 100
Function value 5.5826e+02; maximum gradient component mag 2.0560e+00
Exit code = 3;  converg criter 1.0000e+00
Var    Value     Gradient |Var    Value     Gradient |Var    Value     Gradient
  1 -0.42385  2.20945e-01 |  2 -0.42183  2.05600e+00 |  3 -0.40334  9.07331e-01
  4  0.62005  1.47737e+00 |  5  0.00007  2.14518e-03 |  6  0.00001  6.41654e-04
  7  0.00002  7.65207e-04 |  8  0.00003  8.94482e-04 |  9  0.00038  3.76801e-03
 10  0.00007 -3.36604e-02 | 11  0.00015 -3.30268e-02 | 12  0.00013 -3.21911e-02
 13  0.00017 -3.10953e-02 | 14  0.00024 -2.96754e-02 | 15  0.00035 -2.78313e-02
 16  0.00077 -2.53074e-02 | 17  0.00076 -2.23083e-02 | 18  0.00112 -2.13067e-02
 19  0.00161 -3.25511e-02 | 20  0.00270 -4.90000e-02 | 21  0.00272 -2.74673e-02
 22  0.00276 -2.40921e-02 | 23  0.00178 -4.60600e-02 | 24  0.00065 -2.89382e-02
 25  0.00048 -4.54327e-02 | 26  0.00199 -2.09693e-02 | 27 -0.00557 -3.54937e-02
 28 -0.00607 -3.08182e-02 | 29 -0.00098 -1.00607e-02 | 30  0.00107 -1.73755e-02
 31  0.00085 -1.95993e-02 | 32  0.00534 -1.44047e-02 | 33  0.00126  1.73799e-03
 34  0.00189  1.25987e-02 | 35 -0.00128  3.10131e-02 | 36 -0.00768  2.78575e-03
 37 -0.00949  1.54462e-03 | 38 -0.00767  9.12422e-03 | 39  0.00425  2.24608e-02
 40  0.00514 -7.99558e-03 | 41 -0.00696  1.24451e-02 | 42 -0.00639  1.18049e-02
 43 -0.00969 -2.24805e-02 | 44 -0.00565  2.39649e-03 | 45 -0.00771 -2.64089e-03
 46 -0.00737  3.59453e-03 | 47  0.02168  3.88046e-02 | 48  0.00638  1.87479e-02
 49  0.00024  3.37395e-02 | 50 -0.00290  5.00110e-02 | 51 -0.00477  3.27169e-04
 52 -0.00727  9.34625e-03 | 53  0.02035  1.08091e-01 | 54  0.01663  6.97007e-02
 55 -0.00759  2.84886e-02 | 56 -0.01343  2.07973e-02 | 57 -0.01779 -4.88998e-04
 58  0.00779  1.01173e-01 | 59 -0.00722  2.59991e-02 | 60  0.00150  4.03980e-02
 61  0.01050  4.59766e-02 | 62 -0.00595  2.50069e-02 | 63  0.00076 -2.08591e-02
 64  0.04056  6.55323e-02 | 65 -0.00940  2.51806e-02 | 66  0.01051 -1.13458e-02
 67  0.00822  6.68724e-02 | 68  0.01208  5.38894e-02 | 69 -0.02632  6.89355e-03
 70 -0.00773  4.77258e-02 | 71 -0.01150  5.96456e-03 | 72  0.02193  7.38977e-02
 73  0.00372  5.47672e-02 | 74 -0.01392  6.29791e-03 | 75  0.02905  1.11996e-01
 76 -0.03804 -2.68261e-02 | 77 -0.03129 -5.42692e-02 | 78 -0.01282  6.26451e-02
 79  0.04088  8.77560e-02 | 80 -0.04098  1.43295e-03 | 81 -0.01250  3.41233e-02
 82 -0.00086 -3.84899e-02 | 83  0.01043  4.44221e-02 | 84  0.03206  3.04474e-04
 85  0.00145 -5.03579e-02 | 86 -0.01097  9.07004e-02 | 87 -0.00669 -4.48619e-02
 88 -0.00043 -1.11100e-01 | 89  0.02982  2.34641e-03 | 90 -0.00593  3.04363e-02
 91  0.01064  2.40277e-02 | 92  0.03386 -1.04347e-02 | 93  0.02669 -1.62872e-02
 94 -0.01501 -3.87740e-02 | 95 -0.00990 -5.59253e-02 | 96  0.00399 -4.60384e-02
 97  0.00942 -5.15191e-02 | 98 -0.01553 -3.79862e-02 | 99  0.02041 -5.55272e-02
100 -0.02583 -2.60349e-02 |101 -0.01169 -2.03192e-02 |102 -0.01614 -4.20145e-02
103  0.00315 -4.99185e-02 |104  0.00002 -3.53562e-02 |105  0.00295  9.65796e-02
106 -0.39402 -1.47613e-01 |107 -0.33412  1.64329e-03 |108 -0.26579  1.36626e-02

Initial statistics: 111 variables; iteration 0; function evaluation 0; phase 5
Function value 5.5825854e+02; maximum gradient component mag 7.9558e+01
Var    Value     Gradient |Var    Value     Gradient |Var    Value     Gradient
  1 -0.42385  2.20945e-01 |  2 -0.42183  2.05600e+00 |  3 -0.40334  9.07331e-01
  4 -0.41222  7.95585e+01 |  5 -0.41222  4.07166e+01 |  6  0.62005  1.47737e+00
  7  0.00007  2.14518e-03 |  8  0.00001  6.41654e-04 |  9  0.00002  7.65207e-04
 10  0.00003  8.94482e-04 | 11  0.00038  3.76801e-03 | 12  0.00007 -3.45997e-02
 13  0.00015 -3.39661e-02 | 14  0.00013 -3.31304e-02 | 15  0.00017 -3.20347e-02
 16  0.00024 -3.06148e-02 | 17  0.00035 -2.87706e-02 | 18  0.00077 -2.62468e-02
 19  0.00076 -2.32476e-02 | 20  0.00112 -2.22461e-02 | 21  0.00161 -3.34904e-02
 22  0.00270 -4.99393e-02 | 23  0.00272 -2.84067e-02 | 24  0.00276 -2.50315e-02
 25  0.00178 -4.69993e-02 | 26  0.00065 -2.98775e-02 | 27  0.00048 -4.63721e-02
 28  0.00199 -2.19086e-02 | 29 -0.00557 -3.64330e-02 | 30 -0.00607 -3.17575e-02
 31 -0.00098 -1.10000e-02 | 32  0.00107 -1.83148e-02 | 33  0.00085 -2.05387e-02
 34  0.00534 -1.53440e-02 | 35  0.00126  7.98654e-04 | 36  0.00189  1.16594e-02
 37 -0.00128  3.00738e-02 | 38 -0.00768  1.84648e-03 | 39 -0.00949  6.05382e-04
 40 -0.00767  8.18495e-03 | 41  0.00425  2.15214e-02 | 42  0.00514 -8.93488e-03
 43 -0.00696  1.15058e-02 | 44 -0.00639  1.08656e-02 | 45 -0.00969 -2.34197e-02
 46 -0.00565  1.45719e-03 | 47 -0.00771 -3.58016e-03 | 48 -0.00737  2.65525e-03
 49  0.02168  3.78658e-02 | 50  0.00638  1.78086e-02 | 51  0.00024  3.28001e-02
 52 -0.00290  4.90716e-02 | 53 -0.00477 -6.12143e-04 | 54 -0.00727  8.40697e-03
 55  0.02035  1.07153e-01 | 56  0.01663  6.87617e-02 | 57 -0.00759  2.75494e-02
 58 -0.01343  1.98581e-02 | 59 -0.01779 -1.42797e-03 | 60  0.00779  1.00234e-01
 61 -0.00722  2.50598e-02 | 62  0.00150  3.94587e-02 | 63  0.01050  4.50374e-02
 64 -0.00595  2.40676e-02 | 65  0.00076 -2.17985e-02 | 66  0.04056  6.45949e-02
 67 -0.00940  2.42414e-02 | 68  0.01051 -1.22851e-02 | 69  0.00822  6.59331e-02
 70  0.01208  5.29503e-02 | 71 -0.02632  5.95502e-03 | 72 -0.00773  4.67865e-02
 73 -0.01150  5.02537e-03 | 74  0.02193  7.29590e-02 | 75  0.00372  5.38279e-02
 76 -0.01392  5.35879e-03 | 77  0.02905  1.11057e-01 | 78 -0.03804 -2.77637e-02
 79 -0.03129 -5.52074e-02 | 80 -0.01282  6.17060e-02 | 81  0.04088  8.68186e-02
 82 -0.04098  4.95557e-04 | 83 -0.01250  3.31842e-02 | 84 -0.00086 -3.94293e-02
 85  0.01043  4.34829e-02 | 86  0.03206 -6.33674e-04 | 87  0.00145 -5.12973e-02
 88 -0.01097  8.97612e-02 | 89 -0.00669 -4.58012e-02 | 90 -0.00043 -1.12039e-01
 91  0.02982  1.40810e-03 | 92 -0.00593  2.94970e-02 | 93  0.01064  2.30885e-02
 94  0.03386 -1.13727e-02 | 95  0.02669 -1.72258e-02 | 96 -0.01501 -3.97131e-02
 97 -0.00990 -5.68646e-02 | 98  0.00399 -4.69777e-02 | 99  0.00942 -5.24583e-02
100 -0.01553 -3.89253e-02 |101  0.02041 -5.64660e-02 |102 -0.02583 -2.69734e-02
103 -0.01169 -2.12584e-02 |104 -0.01614 -4.29535e-02 |105  0.00315 -5.08578e-02
106  0.00002 -3.62956e-02 |107  0.00000 -7.11730e+01 |108  0.00295  9.65796e-02
109 -0.39402 -1.47613e-01 |110 -0.33412  1.64329e-03 |111 -0.26579  1.36626e-02

Intermediate statistics: 111 variables; iteration 20; function evaluation 25; phase 5
Function value 5.5708468e+02; maximum gradient component mag 8.3842e+01
Var    Value     Gradient |Var    Value     Gradient |Var    Value     Gradient
  1 -0.41969 -9.90564e+00 |  2 -0.41889  6.34521e+01 |  3 -0.41021  1.37290e+01
  4 -0.42416  1.83960e+01 |  5 -0.44047  6.00054e+00 |  6  0.62017  8.38419e+01
  7 -0.00003  2.59739e-01 |  8 -0.00001  5.73991e-02 |  9 -0.00001  6.99301e-02
 10 -0.00001  8.51143e-02 | 11  0.00033  1.05455e-01 | 12 -0.00001 -1.64371e+00
 13  0.00007 -1.61652e+00 | 14  0.00003 -1.58407e+00 | 15  0.00007 -1.54488e+00
 16  0.00013 -1.49784e+00 | 17  0.00023 -1.44152e+00 | 18  0.00064 -1.37253e+00
 19  0.00065 -1.29356e+00 | 20  0.00104 -1.19867e+00 | 21  0.00159 -1.09164e+00
 22  0.00277 -9.60168e-01 | 23  0.00280 -8.03397e-01 | 24  0.00268 -6.36842e-01
 25  0.00151 -4.85128e-01 | 26  0.00056 -3.76692e-01 | 27  0.00048 -2.88713e-01
 28  0.00175 -5.85205e-02 | 29 -0.00566 -3.56653e-01 | 30 -0.00612 -2.57756e-01
 31 -0.00110 -1.21358e-01 | 32  0.00097  1.11146e-01 | 33  0.00072  9.44338e-02
 34  0.00509  3.69127e-01 | 35  0.00095  3.68077e-01 | 36  0.00181  4.52165e-01
 37 -0.00127  4.46047e-01 | 38 -0.00806  4.97688e-01 | 39 -0.00971  2.83413e-01
 40 -0.00774  3.30181e-01 | 41  0.00499  9.02910e-01 | 42  0.00533  1.31816e+00
 43 -0.00750  1.40787e+00 | 44 -0.00622  8.10053e-01 | 45 -0.00947  8.70024e-01
 46 -0.00572  1.10769e+00 | 47 -0.00791  1.23025e+00 | 48 -0.00770  1.37451e+00
 49  0.02201  2.16241e+00 | 50  0.00660  2.79143e+00 | 51  0.00031  1.83701e+00
 52 -0.00335  2.08331e+00 | 53 -0.00445  1.53628e+00 | 54 -0.00726  1.97466e+00
 55  0.02095  3.88759e+00 | 56  0.01668  3.78688e+00 | 57 -0.00772  2.35278e+00
 58 -0.01346  1.95658e+00 | 59 -0.01795  1.75296e+00 | 60  0.00799  3.48521e+00
 61 -0.00735  2.25883e+00 | 62  0.00201  2.70236e+00 | 63  0.01123  3.48945e+00
 64 -0.00568  2.66065e+00 | 65  0.00167  2.67811e+00 | 66  0.04101  6.95513e+00
 67 -0.00995  2.78508e+00 | 68  0.01019  4.05361e+00 | 69  0.00811  3.63124e+00
 70  0.01248  2.53560e+00 | 71 -0.02631  1.71502e+00 | 72 -0.00737  2.21683e+00
 73 -0.01111  2.64222e+00 | 74  0.02157  6.19429e+00 | 75  0.00358  2.88050e+00
 76 -0.01400  2.56671e-01 | 77  0.02898 -7.76433e-01 | 78 -0.03749  1.83992e-01
 79 -0.03132  7.21455e-01 | 80 -0.01258  1.28610e+00 | 81  0.04061 -1.71673e+00
 82 -0.04034 -4.32032e-01 | 83 -0.01265  1.21931e+00 | 84 -0.00030  2.35551e+00
 85  0.01053  8.29765e+00 | 86  0.03181 -1.24409e+00 | 87  0.00117  7.17444e-01
 88 -0.01027  2.72628e+00 | 89 -0.00668  2.42544e+00 | 90  0.00008  3.01350e+00
 91  0.03040  1.91153e+01 | 92 -0.00532  4.30912e+00 | 93  0.01050  2.28878e+00
 94  0.03397  1.45977e+00 | 95  0.02634  5.03749e-02 | 96 -0.01432  1.64302e+00
 97 -0.01017 -2.15829e+00 | 98  0.00404 -2.72774e+00 | 99  0.00941  4.22686e-01
100 -0.01527 -4.03348e+00 |101  0.01973 -3.95948e+00 |102 -0.02620 -5.00397e+00
103 -0.01293 -9.94187e+00 |104 -0.01613 -9.34661e-01 |105  0.00310 -1.81540e+00
106 -0.00001 -1.76969e+00 |107 -0.00030 -5.55363e+01 |108  0.00743  1.01297e+01
109 -0.39269 -1.84240e+01 |110 -0.35038 -5.90429e+00 |111 -0.27382  1.07456e+01
111 variables; iteration 40; function evaluation 48; phase 5
Function value 5.5702313e+02; maximum gradient component mag 7.2101e+01
Var    Value     Gradient |Var    Value     Gradient |Var    Value     Gradient
  1 -0.41913 -1.77284e+00 |  2 -0.41852  7.21007e+01 |  3 -0.41072  2.60484e+01
  4 -0.42707  4.08457e+00 |  5 -0.44116  2.43594e+00 |  6  0.61996  6.37861e+01
  7 -0.00003  2.23935e-01 |  8 -0.00001  4.96648e-02 |  9 -0.00001  6.07980e-02
 10 -0.00001  7.44379e-02 | 11  0.00033  8.74352e-02 | 12  0.00006 -1.55103e+00
 13  0.00013 -1.52658e+00 | 14  0.00010 -1.49702e+00 | 15  0.00013 -1.46074e+00
 16  0.00020 -1.41630e+00 | 17  0.00030 -1.36172e+00 | 18  0.00073 -1.29256e+00
 19  0.00074 -1.20961e+00 | 20  0.00116 -1.09884e+00 | 21  0.00177 -9.38846e-01
 22  0.00302 -7.33956e-01 | 23  0.00305 -6.15880e-01 | 24  0.00287 -5.83286e-01
 25  0.00152 -7.00184e-01 | 26  0.00061 -5.61227e-01 | 27  0.00064 -3.53833e-01
 28  0.00161 -5.88342e-01 | 29 -0.00552 -3.98230e-01 | 30 -0.00612 -5.29745e-01
 31 -0.00097 -2.04895e-01 | 32  0.00115  3.45256e-02 | 33  0.00088 -1.84774e-02
 34  0.00516  8.07595e-02 | 35  0.00091 -7.64610e-02 | 36  0.00194  2.17696e-01
 37 -0.00111  2.14074e-01 | 38 -0.00820 -1.37816e-01 | 39 -0.00961  6.31615e-02
 40 -0.00765  9.10013e-02 | 41  0.00560  1.20512e+00 | 42  0.00499  1.02180e-01
 43 -0.00780  4.32802e-01 | 44 -0.00610  3.97452e-01 | 45 -0.00942  4.07679e-01
 46 -0.00577  4.74462e-01 | 47 -0.00804  4.51922e-01 | 48 -0.00802  3.14430e-01
 49  0.02228  1.61721e+00 | 50  0.00642  1.64275e+00 | 51  0.00032  1.10508e+00
 52 -0.00392  4.45374e-01 | 53 -0.00427  1.08216e+00 | 54 -0.00747  8.63678e-01
 55  0.02112  3.08353e+00 | 56  0.01654  2.43616e+00 | 57 -0.00797  1.13809e+00
 58 -0.01356  1.06627e+00 | 59 -0.01821  6.62290e-01 | 60  0.00756  1.38038e+00
 61 -0.00758  1.12443e+00 | 62  0.00208  1.86057e+00 | 63  0.01125  2.29770e+00
 64 -0.00586  1.51636e+00 | 65  0.00200  2.39991e+00 | 66  0.04116  5.53420e+00
 67 -0.01015  1.58185e+00 | 68  0.00889 -4.03881e-01 | 69  0.00797  1.90634e+00
 70  0.01255  1.78144e+00 | 71 -0.02647  7.00742e-01 | 72 -0.00839 -2.90081e+00
 73 -0.01106  2.16489e+00 | 74  0.02187  7.42020e+00 | 75  0.00346  1.21546e+00
 76 -0.01342  4.25736e+00 | 77  0.02898 -1.52283e+00 | 78 -0.03723  9.24095e-01
 79 -0.03136  5.22519e-01 | 80 -0.01257  8.06744e-01 | 81  0.04065  1.04190e+00
 82 -0.04021 -5.49010e-01 | 83 -0.01315 -7.46750e+00 | 84 -0.00044 -2.04184e+00
 85  0.01018  6.16146e-01 | 86  0.03217  3.57374e+00 | 87  0.00121  7.67057e-01
 88 -0.01017  2.01473e+00 | 89 -0.00684  1.69827e-01 | 90  0.00008  1.06840e+00
 91  0.02994  5.40486e+00 | 92 -0.00576 -4.01026e+00 | 93  0.01024 -1.76399e+00
 94  0.03420  3.01851e+00 | 95  0.02634  1.59812e-01 | 96 -0.01402  3.05304e+00
 97 -0.01014 -3.14237e-01 | 98  0.00436  1.65553e+00 | 99  0.00940  1.62240e+00
100 -0.01522 -4.00648e+00 |101  0.01976 -2.06823e-01 |102 -0.02608 -3.83798e+00
103 -0.01270 -4.70250e+00 |104 -0.01639 -1.46327e+00 |105  0.00324 -1.57514e+00
106  0.00005 -1.66155e+00 |107 -0.00000  1.28036e+00 |108  0.00740  5.96801e+00
109 -0.39258 -9.83538e+00 |110 -0.35194 -5.73555e-01 |111 -0.27522  7.30565e-01
111 variables; iteration 60; function evaluation 81; phase 5
Function value 5.5700649e+02; maximum gradient component mag 1.1675e+01
Var    Value     Gradient |Var    Value     Gradient |Var    Value     Gradient
  1 -0.41900  1.04815e-01 |  2 -0.41848  1.16750e+01 |  3 -0.41075  4.58320e+00
  4 -0.42758  4.75897e-01 |  5 -0.44162  2.89898e-01 |  6  0.61983  1.00560e+01
  7 -0.00001  5.29707e-02 |  8 -0.00001  1.18577e-02 |  9 -0.00000  1.45397e-02
 10 -0.00000  1.78395e-02 | 11  0.00034  2.17798e-02 | 12 -0.00000 -2.81530e-01
 13  0.00007 -2.75319e-01 | 14  0.00004 -2.67731e-01 | 15  0.00008 -2.58312e-01
 16  0.00014 -2.46637e-01 | 17  0.00025 -2.32180e-01 | 18  0.00067 -2.14089e-01
 19  0.00069 -1.93465e-01 | 20  0.00109 -1.71419e-01 | 21  0.00166 -1.56276e-01
 22  0.00285 -1.42230e-01 | 23  0.00288 -1.16777e-01 | 24  0.00275 -1.03183e-01
 25  0.00158 -2.75181e-02 | 26  0.00061 -7.40541e-02 | 27  0.00055 -6.91788e-02
 28  0.00165 -1.58857e-01 | 29 -0.00563 -1.37022e-01 | 30 -0.00614 -9.33811e-02
 31 -0.00103 -7.51529e-03 | 32  0.00106  2.83277e-02 | 33  0.00080  2.08747e-02
 34  0.00515  4.64809e-02 | 35  0.00092 -4.61143e-02 | 36  0.00183 -2.42086e-02
 37 -0.00123 -4.71977e-02 | 38 -0.00811  6.71048e-02 | 39 -0.00964  4.27289e-02
 40 -0.00757  1.77062e-01 | 41  0.00527  1.98689e-01 | 42  0.00525 -1.23170e-01
 43 -0.00789  3.91476e-02 | 44 -0.00606  1.05140e-01 | 45 -0.00945  3.86214e-02
 46 -0.00574  4.57562e-02 | 47 -0.00802  1.85429e-02 | 48 -0.00781  1.95293e-01
 49  0.02249  2.26080e-01 | 50  0.00618  9.23093e-02 | 51  0.00023  1.16703e-02
 52 -0.00366  5.06018e-02 | 53 -0.00432  9.42725e-02 | 54 -0.00736  2.22327e-01
 55  0.02083  1.72218e-01 | 56  0.01647  2.21916e-01 | 57 -0.00795  1.36938e-01
 58 -0.01355  1.83645e-01 | 59 -0.01810  1.76904e-01 | 60  0.00800  6.03596e-01
 61 -0.00739  3.25566e-01 | 62  0.00204  1.96799e-01 | 63  0.01127  2.36543e-01
 64 -0.00589  2.38356e-01 | 65  0.00187  5.49910e-01 | 66  0.04085  7.50508e-01
 67 -0.01030  2.95401e-01 | 68  0.00965 -2.63648e-01 | 69  0.00794  2.29999e-01
 70  0.01274  4.90833e-01 | 71 -0.02654  2.41621e-01 | 72 -0.00742 -4.95839e-02
 73 -0.01119  5.07955e-01 | 74  0.02138  9.04640e-01 | 75  0.00356  3.23764e-01
 76 -0.01384  4.29744e-01 | 77  0.02920 -7.11453e-02 | 78 -0.03732  1.43636e-01
 79 -0.03140 -6.13866e-02 | 80 -0.01256 -3.45848e-02 | 81  0.04073  2.50366e-01
 82 -0.04014 -1.74282e-01 | 83 -0.01278 -8.55187e-01 | 84 -0.00027 -1.80562e-01
 85  0.01022  8.50979e-02 | 86  0.03214  5.08454e-01 | 87  0.00122  8.40334e-02
 88 -0.01027  2.07548e-01 | 89 -0.00686  5.15983e-03 | 90  0.00006  8.36622e-02
 91  0.02980  6.12625e-01 | 92 -0.00544 -5.07120e-01 | 93  0.01031 -2.56784e-01
 94  0.03413  3.19235e-01 | 95  0.02634 -4.39722e-02 | 96 -0.01429  3.36441e-01
 97 -0.01022 -2.18478e-01 | 98  0.00421  2.97292e-01 | 99  0.00922  9.89499e-02
100 -0.01503 -6.01104e-01 |101  0.01962 -1.22304e-01 |102 -0.02588 -5.00840e-01
103 -0.01260 -6.25490e-01 |104 -0.01663 -3.83487e-01 |105  0.00313 -2.75056e-01
106 -0.00001 -3.08878e-01 |107  0.00010  1.62436e+00 |108  0.00702  8.61393e-01
109 -0.39264 -1.40813e+00 |110 -0.35206 -6.12151e-02 |111 -0.27537  1.05406e-01
111 variables; iteration 80; function evaluation 117; phase 5
Function value 5.5700610e+02; maximum gradient component mag -2.8214e-02
Var    Value     Gradient |Var    Value     Gradient |Var    Value     Gradient
  1 -0.41897 -4.76464e-03 |  2 -0.41847 -2.82137e-02 |  3 -0.41078 -1.79687e-02
  4 -0.42765 -9.83299e-04 |  5 -0.44166 -4.41028e-04 |  6  0.61981 -2.47326e-02
  7 -0.00003 -1.56040e-03 |  8 -0.00001 -4.22329e-04 |  9 -0.00001 -5.30041e-04
 10 -0.00001 -6.70136e-04 | 11  0.00034 -7.63474e-04 | 12  0.00001  4.26816e-03
 13  0.00008  3.99973e-03 | 14  0.00005  3.66033e-03 | 15  0.00008  3.20286e-03
 16  0.00014  2.55010e-03 | 17  0.00024  1.57501e-03 | 18  0.00066  1.33897e-04
 19  0.00067 -1.53915e-03 | 20  0.00106 -2.48988e-03 | 21  0.00163 -2.81394e-03
 22  0.00283  2.95226e-03 | 23  0.00285 -2.31060e-03 | 24  0.00273  2.76043e-03
 25  0.00151 -8.76443e-03 | 26  0.00059  3.65064e-03 | 27  0.00054  1.24865e-04
 28  0.00169 -2.70292e-03 | 29 -0.00561 -2.60031e-03 | 30 -0.00615 -9.70646e-04
 31 -0.00106  7.88426e-03 | 32  0.00101 -3.52741e-03 | 33  0.00076 -2.76067e-03
 34  0.00511  1.63286e-04 | 35  0.00094  1.33186e-02 | 36  0.00184 -1.54405e-03
 37 -0.00121 -3.54777e-03 | 38 -0.00817  3.86450e-03 | 39 -0.00968  3.72079e-03
 40 -0.00768  9.40456e-03 | 41  0.00518 -2.04741e-03 | 42  0.00540 -1.81463e-04
 43 -0.00790 -2.29037e-03 | 44 -0.00608  1.73814e-03 | 45 -0.00946 -1.07853e-02
 46 -0.00573 -3.05503e-03 | 47 -0.00799 -4.64626e-03 | 48 -0.00788 -2.04215e-03
 49  0.02254  9.25493e-03 | 50  0.00623  1.48969e-02 | 51  0.00031 -5.06110e-05
 52 -0.00360  2.49669e-04 | 53 -0.00428  1.51916e-03 | 54 -0.00740 -1.92497e-03
 55  0.02091 -2.44247e-02 | 56  0.01654 -6.73120e-03 | 57 -0.00793 -1.43119e-03
 58 -0.01358 -3.55886e-04 | 59 -0.01812  4.23991e-03 | 60  0.00788 -1.83567e-02
 61 -0.00747  1.60938e-03 | 62  0.00209 -3.63305e-03 | 63  0.01134 -3.94938e-03
 64 -0.00590  1.12794e-03 | 65  0.00174  1.89409e-04 | 66  0.04086  7.16027e-03
 67 -0.01037 -3.55634e-04 | 68  0.00988  2.24785e-03 | 69  0.00795 -2.49199e-04
 70  0.01273 -2.81663e-04 | 71 -0.02659  9.14067e-04 | 72 -0.00735 -1.36406e-05
 73 -0.01126 -3.54141e-04 | 74  0.02134 -1.93112e-03 | 75  0.00356 -9.77035e-04
 76 -0.01388 -8.61054e-04 | 77  0.02923 -5.40078e-04 | 78 -0.03733 -6.89168e-05
 79 -0.03139  4.31704e-04 | 80 -0.01254 -2.38738e-05 | 81  0.04074  6.78747e-06
 82 -0.04012  6.48115e-04 | 83 -0.01273  6.58146e-04 | 84 -0.00025  1.30169e-04
 85  0.01023 -1.19034e-04 | 86  0.03214 -1.11531e-03 | 87  0.00122 -6.10030e-04
 88 -0.01028  3.52185e-05 | 89 -0.00686  2.28663e-04 | 90  0.00006 -6.60772e-04
 91  0.02979 -9.63997e-04 | 92 -0.00540  4.63642e-04 | 93  0.01032  2.82192e-04
 94  0.03413 -6.86836e-04 | 95  0.02634 -3.94556e-05 | 96 -0.01432  1.12640e-05
 97 -0.01022  5.64853e-04 | 98  0.00418 -3.34273e-06 | 99  0.00920  5.31220e-04
100 -0.01500  1.54519e-03 |101  0.01960  7.62518e-04 |102 -0.02586  2.26716e-04
103 -0.01259  1.06831e-03 |104 -0.01658  3.11886e-03 |105  0.00312 -5.14676e-03
106  0.00000  5.53088e-03 |107  0.00012  2.57586e-03 |108  0.00696 -1.10950e-03
109 -0.39266  3.88278e-03 |110 -0.35207  6.79998e-05 |111 -0.27541 -3.85665e-04
111 variables; iteration 100; function evaluation 150; phase 5
Function value 5.5700610e+02; maximum gradient component mag 5.8471e-04
Var    Value     Gradient |Var    Value     Gradient |Var    Value     Gradient
  1 -0.41897  4.33448e-05 |  2 -0.41847  5.84710e-04 |  3 -0.41077  2.44250e-04
  4 -0.42765  3.57598e-06 |  5 -0.44166  1.32514e-05 |  6  0.61981  4.51095e-04
  7 -0.00002 -7.60701e-06 |  8 -0.00001 -1.95296e-06 |  9 -0.00001 -2.46984e-06
 10 -0.00001 -3.14391e-06 | 11  0.00034 -3.79806e-06 | 12  0.00001 -1.64102e-05
 13  0.00008 -1.87806e-05 | 14  0.00004 -2.22902e-05 | 15  0.00008 -2.75828e-05
 16  0.00014 -3.51217e-05 | 17  0.00024 -4.29658e-05 | 18  0.00066 -3.88217e-05
 19  0.00067  1.86524e-06 | 20  0.00106  6.45455e-05 | 21  0.00163 -6.79670e-05
 22  0.00283 -4.67236e-05 | 23  0.00285 -2.15945e-05 | 24  0.00273 -6.02880e-06
 25  0.00152 -7.46252e-05 | 26  0.00059 -1.76647e-05 | 27  0.00054 -1.92723e-05
 28  0.00170  2.64856e-05 | 29 -0.00560  4.79331e-05 | 30 -0.00614  4.80246e-05
 31 -0.00107 -5.21354e-05 | 32  0.00101 -6.87443e-06 | 33  0.00076 -1.49307e-05
 34  0.00511 -6.67641e-05 | 35  0.00093  5.04202e-05 | 36  0.00184 -2.39468e-06
 37 -0.00121  1.67458e-04 | 38 -0.00817  1.27998e-04 | 39 -0.00968 -2.29440e-05
 40 -0.00768  1.01440e-04 | 41  0.00518  4.02180e-05 | 42  0.00540  4.28382e-05
 43 -0.00790  2.56434e-05 | 44 -0.00608 -1.08456e-05 | 45 -0.00945 -9.31117e-06
 46 -0.00573 -3.14715e-05 | 47 -0.00799  3.14756e-06 | 48 -0.00788 -1.53806e-04
 49  0.02254 -2.30781e-05 | 50  0.00623  9.74427e-05 | 51  0.00031 -5.78305e-05
 52 -0.00360 -8.24754e-06 | 53 -0.00428 -4.92485e-05 | 54 -0.00740  7.14896e-05
 55  0.02092 -4.02341e-05 | 56  0.01654 -5.15175e-05 | 57 -0.00793  4.85051e-05
 58 -0.01358  3.70759e-05 | 59 -0.01813  2.70256e-05 | 60  0.00788 -2.06721e-05
 61 -0.00747 -2.26870e-05 | 62  0.00209  8.53345e-05 | 63  0.01135  1.89727e-05
 64 -0.00590  1.34057e-04 | 65  0.00174  3.60077e-05 | 66  0.04086  3.42758e-05
 67 -0.01037 -8.43346e-05 | 68  0.00988  2.61312e-05 | 69  0.00795  1.09378e-05
 70  0.01273  1.39018e-05 | 71 -0.02659  1.74317e-06 | 72 -0.00735  6.98594e-06
 73 -0.01126  6.42627e-06 | 74  0.02134  2.11010e-05 | 75  0.00356  1.23493e-05
 76 -0.01388  5.00095e-06 | 77  0.02923  2.61223e-05 | 78 -0.03733 -8.80176e-07
 79 -0.03139  8.31322e-07 | 80 -0.01254  5.44295e-06 | 81  0.04074  2.75388e-05
 82 -0.04012 -2.31160e-06 | 83 -0.01273  2.62855e-06 | 84 -0.00025  4.61637e-06
 85  0.01023  4.86582e-06 | 86  0.03214  9.37472e-06 | 87  0.00122 -1.05304e-06
 88 -0.01028 -2.23372e-06 | 89 -0.00686 -2.89772e-06 | 90  0.00006 -3.38932e-06
 91  0.02979  6.18069e-07 | 92 -0.00540 -4.45508e-06 | 93  0.01033 -4.90290e-06
 94  0.03413 -3.53483e-06 | 95  0.02634 -6.28124e-06 | 96 -0.01432 -1.02276e-05
 97 -0.01022 -1.07183e-05 | 98  0.00418 -1.15174e-05 | 99  0.00920 -1.20487e-05
100 -0.01500 -1.22705e-05 |101  0.01960 -1.51361e-05 |102 -0.02586 -1.71753e-05
103 -0.01259 -1.73336e-05 |104 -0.01658 -1.31554e-04 |105  0.00313 -7.64323e-05
106 -0.00000 -1.01582e-05 |107  0.00012  2.37113e-04 |108  0.00696  2.88905e-05
109 -0.39266 -3.98192e-05 |110 -0.35207 -1.01660e-06 |111 -0.27541  7.64273e-06

Initial statistics: 112 variables; iteration 0; function evaluation 0; phase 6
Function value 5.5700610e+02; maximum gradient component mag 2.8247e-04
Var    Value     Gradient |Var    Value     Gradient |Var    Value     Gradient
  1 -0.41897  2.16579e-05 |  2 -0.41847  2.82465e-04 |  3 -0.41077  1.15853e-04
  4 -0.42765  1.11330e-06 |  5 -0.44166  7.51214e-06 |  6  0.61981  2.08913e-04
  7 -0.00002 -6.15782e-06 |  8 -0.00001 -9.90601e-07 |  9 -0.00001 -1.19849e-06
 10 -0.00001 -1.42615e-06 | 11  0.00034 -2.35740e-06 | 12  0.00001 -1.18911e-05
 13  0.00008 -1.37407e-05 | 14  0.00004 -1.63569e-05 | 15  0.00008 -1.95545e-05
 16  0.00014 -2.16020e-05 | 17  0.00024 -1.58911e-05 | 18  0.00066  1.22326e-05
 19  0.00067  5.03143e-05 | 20  0.00106  3.37440e-05 | 21  0.00163 -3.61357e-05
 22  0.00283 -2.03422e-05 | 23  0.00285 -4.32348e-07 | 24  0.00273  1.24535e-05
 25  0.00152 -4.50442e-05 | 26  0.00059 -2.43035e-05 | 27  0.00054 -1.40266e-06
 28  0.00170 -4.37281e-05 | 29 -0.00560  3.92344e-05 | 30 -0.00614  2.38931e-05
 31 -0.00107 -8.09359e-05 | 32  0.00101 -2.12392e-05 | 33  0.00076 -1.78527e-05
 34  0.00511 -4.39071e-05 | 35  0.00093  7.24883e-05 | 36  0.00184  3.00917e-05
 37 -0.00121  1.85328e-04 | 38 -0.00817  1.08747e-04 | 39 -0.00968 -9.74433e-05
 40 -0.00768  9.86974e-05 | 41  0.00518  4.06743e-06 | 42  0.00540  2.53915e-06
 43 -0.00790 -5.34252e-06 | 44 -0.00608 -2.83264e-05 | 45 -0.00945 -2.74624e-05
 46 -0.00573 -2.32292e-05 | 47 -0.00799  1.33136e-05 | 48 -0.00788 -1.20012e-04
 49  0.02254 -2.95838e-05 | 50  0.00623  7.42971e-05 | 51  0.00031 -2.64836e-05
 52 -0.00360  8.35673e-06 | 53 -0.00428 -3.91147e-05 | 54 -0.00740  5.40793e-05
 55  0.02092 -4.19348e-05 | 56  0.01654 -3.99130e-05 | 57 -0.00793  3.16123e-05
 58 -0.01358  2.85492e-05 | 59 -0.01813  1.99476e-05 | 60  0.00788 -2.57559e-05
 61 -0.00747  1.07750e-05 | 62  0.00209  7.02247e-05 | 63  0.01135  1.54044e-05
 64 -0.00590  1.06587e-04 | 65  0.00174  2.78578e-05 | 66  0.04086  1.75081e-05
 67 -0.01037 -7.18024e-05 | 68  0.00988  1.67839e-05 | 69  0.00795  4.29799e-06
 70  0.01273  5.92950e-06 | 71 -0.02659  9.78318e-07 | 72 -0.00735  3.21180e-06
 73 -0.01126  3.07882e-06 | 74  0.02134  9.68299e-06 | 75  0.00356  6.00468e-06
 76 -0.01388  2.31983e-06 | 77  0.02923  1.35713e-05 | 78 -0.03733  3.60708e-07
 79 -0.03139  1.58397e-06 | 80 -0.01254  3.68207e-06 | 81  0.04074  1.52134e-05
 82 -0.04012  2.97310e-07 | 83 -0.01273  2.62072e-06 | 84 -0.00025  3.52343e-06
 85  0.01023  3.45591e-06 | 86  0.03214  4.83121e-06 | 87  0.00122 -1.97713e-07
 88 -0.01028 -8.89163e-08 | 89 -0.00686 -3.46426e-07 | 90  0.00006 -1.25566e-06
 91  0.02979  9.74371e-07 | 92 -0.00540 -8.66057e-07 | 93  0.01033 -1.42019e-06
 94  0.03413 -1.43925e-06 | 95  0.02634 -2.47064e-06 | 96 -0.01432 -4.36442e-06
 97 -0.01022 -4.46465e-06 | 98  0.00418 -5.28782e-06 | 99  0.00920 -5.14813e-06
100 -0.01500 -4.75165e-06 |101  0.01960 -7.02219e-06 |102 -0.02586 -8.89167e-06
103 -0.01259 -8.60208e-06 |104 -0.01658 -1.00905e-04 |105  0.00313 -7.70800e-05
106 -0.00000 -9.38704e-06 |107  0.00000  0.00000e+00 |108  0.00012  1.22660e-04
109  0.00696  1.27604e-05 |110 -0.39266 -1.70092e-05 |111 -0.35207 -1.60972e-06
112 -0.27541  6.58868e-06 |
size of file gradfil1.tmp = 0
size of file gradfil2.tmp = 0
size of file varssave.tmp = 0
size of file cmpdiff.tmp = 0
