
Initial statistics: 1 variables; iteration 0; function evaluation 0; phase 1
Function value 8.8519283e+02; maximum gradient component mag 1.0260e+04
Var    Value     Gradient |Var    Value     Gradient |Var    Value     Gradient
  1  0.63197  1.02599e+04 |

 - final statistics:
1 variables; iteration 5; function evaluation 10
Function value 7.1019e+02; maximum gradient component mag -2.7610e-01
Exit code = 1;  converg criter 1.0000e+01
Var    Value     Gradient |Var    Value     Gradient |Var    Value     Gradient
  1  0.60672 -2.76101e-01 |

Initial statistics: 98 variables; iteration 0; function evaluation 0; phase 2
Function value 7.1018912e+02; maximum gradient component mag -1.2811e+03
Var    Value     Gradient |Var    Value     Gradient |Var    Value     Gradient
  1  0.60672 -2.76101e-01 |  2  0.00000  1.07492e+00 |  3  0.00000  1.29601e+00
  4  0.00000  1.56198e+00 |  5  0.00000  1.87818e+00 |  6  0.00000  2.25442e+00
  7  0.00000  2.70736e+00 |  8  0.00000  3.32321e+00 |  9  0.00000 -1.64198e+00
 10  0.00000  4.68397e+00 | 11  0.00000  5.56025e+00 | 12  0.00000  6.71098e+00
 13  0.00000  5.27092e+00 | 14  0.00000  1.10432e+01 | 15  0.00000  1.42162e+01
 16  0.00000  1.65651e+01 | 17  0.00000  1.51392e+01 | 18  0.00000  6.07034e+00
 19  0.00000  1.49558e+01 | 20  0.00000  1.14249e+01 | 21  0.00000  1.45439e+01
 22  0.00000  1.28568e+01 | 23  0.00000  1.26195e+01 | 24  0.00000  1.26808e+01
 25  0.00000  1.90859e+01 | 26  0.00000  2.17634e+01 | 27  0.00000  2.75443e+01
 28  0.00000  2.79189e+01 | 29  0.00000  1.48955e+01 | 30  0.00000  3.89544e+01
 31  0.00000  2.99538e+01 | 32  0.00000  2.34728e+01 | 33  0.00000  2.78563e+01
 34  0.00000 -1.61726e+01 | 35  0.00000  4.18516e+01 | 36  0.00000  3.40977e+01
 37  0.00000  3.04515e+01 | 38  0.00000  3.69351e+01 | 39  0.00000  5.10114e+01
 40  0.00000  9.14141e+00 | 41  0.00000 -1.63215e+00 | 42  0.00000  2.43597e+01
 43  0.00000  3.75257e+01 | 44  0.00000  5.34556e+01 | 45  0.00000  5.71815e+01
 46  0.00000 -2.41669e+01 | 47  0.00000  4.37508e+01 | 48  0.00000  5.65124e+01
 49  0.00000  6.03174e+01 | 50  0.00000  6.74869e+01 | 51  0.00000  5.38130e+01
 52  0.00000  5.06344e+01 | 53  0.00000  6.49320e+01 | 54  0.00000  5.29541e+01
 55  0.00000  5.88998e+01 | 56  0.00000  5.67015e+01 | 57  0.00000  8.39727e+01
 58  0.00000  8.92163e+01 | 59  0.00000  6.99779e+01 | 60  0.00000  1.23349e+01
 61  0.00000  2.55185e+01 | 62  0.00000  1.41309e+02 | 63  0.00000 -1.50548e+01
 64  0.00000  7.91755e+01 | 65  0.00000  2.36075e+02 | 66  0.00000  1.79595e+02
 67  0.00000 -1.81252e+02 | 68  0.00000 -4.27860e+02 | 69  0.00000 -8.27289e+02
 70  0.00000 -5.57061e+02 | 71  0.00000  2.02854e+02 | 72  0.00000 -5.51771e+02
 73  0.00000 -3.15975e+01 | 74  0.00000  4.27439e+01 | 75  0.00000  8.22793e+01
 76  0.00000  4.91322e+01 | 77  0.00000  4.08884e+01 | 78  0.00000 -1.42315e+02
 79  0.00000  2.21387e+00 | 80  0.00000  5.55559e+02 | 81  0.00000  2.25134e+02
 82  0.00000  3.24772e+02 | 83  0.00000 -1.35358e+02 | 84  0.00000  3.85873e+02
 85  0.00000  6.54349e+02 | 86  0.00000 -1.57146e+02 | 87  0.00000 -9.87798e+01
 88  0.00000 -6.60672e+02 | 89  0.00000 -1.28115e+03 | 90  0.00000  6.02802e+01
 91  0.00000  2.35900e+02 | 92  0.00000 -2.35545e+02 | 93  0.00000  1.94191e+02
 94  0.00000  2.07471e+01 | 95  0.00000  4.29773e-01 | 96  0.00000  4.48109e-02
 97 -0.03546  1.40529e+02 | 98 -0.31026  4.96197e-02 |

Intermediate statistics: 98 variables; iteration 20; function evaluation 44; phase 2
Function value 5.7135037e+02; maximum gradient component mag 1.9421e+03
Var    Value     Gradient |Var    Value     Gradient |Var    Value     Gradient
  1  0.60286  1.94206e+03 |  2  0.00043 -4.03752e+01 |  3  0.00049 -3.93121e+01
  4  0.00055 -3.80421e+01 |  5  0.00061 -3.65317e+01 |  6  0.00068 -3.47465e+01
  7  0.00074 -3.26528e+01 |  8  0.00074 -3.02319e+01 |  9  0.00437 -2.65169e+01
 10  0.00081 -2.42577e+01 | 11  0.00078 -2.07255e+01 | 12  0.00061 -1.69049e+01
 13  0.00195 -1.23772e+01 | 14 -0.00080 -9.08084e+00 | 15 -0.00201 -5.50723e+00
 16 -0.00282 -2.30415e+00 | 17 -0.00185  7.45535e-01 | 18  0.00309  4.27631e+00
 19 -0.00171  1.82287e+00 | 20 -0.00031  5.87549e-01 | 21 -0.00198  1.83079e+00
 22 -0.00071  5.10604e+00 | 23 -0.00084  3.52986e+00 | 24 -0.00083  5.15195e+00
 25 -0.00409  4.87397e+00 | 26 -0.00540  4.90508e+00 | 27 -0.00822  3.66680e+00
 28 -0.00862  3.09277e+00 | 29 -0.00266  5.23282e+00 | 30 -0.01392 -1.87982e+00
 31 -0.01006 -1.17465e+00 | 32 -0.00624 -3.69674e-01 | 33 -0.00917 -2.59072e+00
 34  0.01018  5.88774e+00 | 35 -0.01614 -8.91770e+00 | 36 -0.01152 -6.60195e+00
 37 -0.00801 -4.70009e+00 | 38 -0.01050 -5.95907e+00 | 39 -0.01693 -8.90215e+00
 40 -0.00207 -5.67330e+00 | 41  0.00777 -6.25443e-01 | 42 -0.00146 -2.59228e+00
 43 -0.00738 -4.53250e+00 | 44 -0.01453 -7.31744e+00 | 45 -0.01759 -9.86834e+00
 46  0.02130  8.81645e+00 | 47 -0.00480  7.68544e-01 | 48 -0.00943  4.63820e-02
 49 -0.01040  2.81785e-01 | 50 -0.01400 -1.24289e+00 | 51 -0.00359  7.15874e+00
 52  0.00321  1.37756e+01 | 53 -0.00125  1.57087e+01 | 54  0.00403  1.97739e+01
 55  0.00099  1.95674e+01 | 56  0.00783  2.88847e+01 | 57  0.00140  3.24326e+01
 58  0.00113  3.63885e+01 | 59  0.00386  3.50680e+01 | 60  0.01144  2.50025e+01
 61  0.01010  2.88869e+01 | 62 -0.01242  3.86317e+01 | 63  0.01517  1.85169e+01
 64  0.00294  3.51530e+01 | 65 -0.01504  6.64862e+01 | 66 -0.00843  4.93842e+01
 67  0.01293 -6.22251e+01 | 68  0.01922 -8.58848e+01 | 69  0.03769  2.07136e+02
 70  0.02497 -5.94137e+00 | 71 -0.00769  6.74387e+01 | 72  0.02413 -4.08388e+01
 73  0.00313  4.40318e+01 | 74 -0.00127  7.48373e+01 | 75 -0.00086  5.38738e+01
 76 -0.00082  6.68240e+01 | 77  0.00002  4.28322e+01 | 78  0.00768  2.47070e+01
 79  0.00210  2.66455e+01 | 80 -0.02665  1.34916e+02 | 81 -0.00686  3.02528e+01
 82 -0.01410  8.28679e+01 | 83  0.00719  6.77978e+01 | 84 -0.01705  8.70165e+01
 85 -0.02771  7.99721e+01 | 86  0.01062 -7.95152e+01 | 87  0.00481 -4.52415e+01
 88  0.03528 -2.21028e+02 | 89  0.05843 -3.35433e+01 | 90 -0.00102  7.43554e+00
 91 -0.00373 -4.24470e+01 | 92  0.02406 -1.28364e+02 | 93 -0.00033 -2.25379e+01
 94 -0.00797 -4.57811e+01 | 95 -0.00020 -4.55574e+01 | 96  0.00012 -4.54439e+01
 97 -0.04355  1.54914e+02 | 98 -0.30836 -1.25798e+00 |
98 variables; iteration 40; function evaluation 70; phase 2
Function value 5.6527252e+02; maximum gradient component mag 1.1034e+03
Var    Value     Gradient |Var    Value     Gradient |Var    Value     Gradient
  1  0.60183  1.10342e+03 |  2 -0.00254 -2.72542e+01 |  3 -0.00253 -2.64023e+01
  4 -0.00249 -2.53335e+01 |  5 -0.00241 -2.40040e+01 |  6 -0.00229 -2.23846e+01
  7 -0.00215 -2.04664e+01 |  8 -0.00212 -1.83312e+01 |  9  0.00392 -1.08613e+01
 10 -0.00195 -1.30465e+01 | 11 -0.00203 -1.01406e+01 | 12 -0.00233 -7.17393e+00
 13 -0.00137 -4.17857e+00 | 14 -0.00405 -1.24803e+00 | 15 -0.00533  1.52448e+00
 16 -0.00620  3.93562e+00 | 17 -0.00546  5.67344e+00 | 18 -0.00165  5.49264e+00
 19 -0.00515  6.20746e+00 | 20 -0.00368  4.83445e+00 | 21 -0.00498  6.26751e+00
 22 -0.00393  7.52092e+00 | 23 -0.00369  6.35028e+00 | 24 -0.00347  7.10046e+00
 25 -0.00582  8.21118e+00 | 26 -0.00665  8.54074e+00 | 27 -0.00862  8.87137e+00
 28 -0.00861  8.47731e+00 | 29 -0.00337  6.70078e+00 | 30 -0.01204  8.81511e+00
 31 -0.00811  6.28915e+00 | 32 -0.00421  4.57318e+00 | 33 -0.00608  4.81136e+00
 34  0.01184  4.67186e+00 | 35 -0.01159  5.81422e+00 | 36 -0.00605  5.14446e+00
 37 -0.00224  4.67363e+00 | 38 -0.00399  5.65357e+00 | 39 -0.00994  6.80480e+00
 40  0.00332  4.68212e+00 | 41  0.01357  4.37586e+00 | 42  0.00544  6.23505e+00
 43 -0.00026  7.69323e+00 | 44 -0.00700  9.60368e+00 | 45 -0.00987  1.05189e+01
 46  0.02564  7.16951e+00 | 47  0.00136  1.16825e+01 | 48 -0.00408  1.10552e+01
 49 -0.00603  9.63039e+00 | 50 -0.01072  6.40226e+00 | 51 -0.00166  9.49542e+00
 52  0.00408  1.16200e+01 | 53 -0.00202  1.11763e+01 | 54  0.00311  1.18888e+01
 55  0.00096  1.49393e+01 | 56  0.00640  1.85451e+01 | 57 -0.00133  2.05305e+01
 58  0.00014  2.76695e+01 | 59  0.00173  2.06899e+01 | 60  0.01312  2.20879e+01
 61  0.00899  1.28081e+01 | 62 -0.01622  2.24974e+01 | 63  0.01821  1.96588e+01
 64  0.00187  1.61861e+01 | 65 -0.02174  2.13948e+01 | 66 -0.01193  1.65861e+01
 67  0.01816 -7.05748e+00 | 68  0.02553  1.52916e+01 | 69  0.03411  4.59176e+01
 70  0.02838  2.22390e+01 | 71 -0.01054  1.59599e+00 | 72  0.02892  1.84900e+01
 73  0.00298  5.69956e+00 | 74 -0.00361  7.49825e+00 | 75 -0.00212 -1.18348e+01
 76 -0.00353 -1.21978e+01 | 77 -0.00143 -1.95658e+01 | 78  0.00911  1.17112e+01
 79  0.00177 -1.38304e+01 | 80 -0.03871 -1.48833e+01 | 81 -0.00881 -2.83461e+01
 82 -0.01957 -6.37193e+00 | 83  0.00455  1.14001e+00 | 84 -0.02309 -7.67378e-01
 85 -0.03524 -1.33721e+01 | 86  0.01592 -1.70827e+00 | 87  0.00658  7.17779e+00
 88  0.04465 -5.77845e+01 | 89  0.06105  1.36941e+01 | 90 -0.00303 -7.08918e+00
 91 -0.00502 -5.36676e+01 | 92  0.02881 -6.43474e+01 | 93 -0.00159 -2.76285e+01
 94 -0.01026 -3.13469e+01 | 95 -0.00299 -3.14746e+01 | 96 -0.00207 -3.04428e+01
 97 -0.04602  8.21679e+01 | 98 -0.31152 -7.55145e-01 |
Maximum number of function evaluations exceeded

 - final statistics:
98 variables; iteration 60; function evaluation 100
Function value 5.6453e+02; maximum gradient component mag 6.9867e+02
Exit code = 3;  converg criter 1.0000e+01
Var    Value     Gradient |Var    Value     Gradient |Var    Value     Gradient
  1  0.60203  6.98666e+02 |  2 -0.00087 -1.73452e+01 |  3 -0.00067 -1.66739e+01
  4 -0.00047 -1.59252e+01 |  5 -0.00037 -1.52376e+01 |  6 -0.00046 -1.47580e+01
  7 -0.00078 -1.45454e+01 |  8 -0.00132 -1.44838e+01 |  9  0.00167 -1.41536e+01
 10 -0.00206 -1.35461e+01 | 11 -0.00208 -1.22499e+01 | 12 -0.00210 -1.06245e+01
 13 -0.00127 -1.01065e+01 | 14 -0.00359 -7.90595e+00 | 15 -0.00520 -7.28710e+00
 16 -0.00622 -6.57374e+00 | 17 -0.00525 -5.84671e+00 | 18  0.00005 -5.21698e+00
 19 -0.00486 -5.57721e+00 | 20 -0.00309 -5.93849e+00 | 21 -0.00458 -5.31045e+00
 22 -0.00301 -4.57643e+00 | 23 -0.00281 -4.98669e+00 | 24 -0.00238 -4.40809e+00
 25 -0.00546 -4.12046e+00 | 26 -0.00638 -3.69345e+00 | 27 -0.00896 -3.65092e+00
 28 -0.00904 -3.68124e+00 | 29 -0.00236 -3.46628e+00 | 30 -0.01364 -3.59302e+00
 31 -0.00871 -3.50008e+00 | 32 -0.00379 -3.21357e+00 | 33 -0.00671 -3.27658e+00
 34  0.01388 -1.83719e+00 | 35 -0.01383 -3.70670e+00 | 36 -0.00802 -2.92005e+00
 37 -0.00378 -2.47718e+00 | 38 -0.00624 -1.93097e+00 | 39 -0.01356 -2.40693e+00
 40  0.00210 -1.39401e+00 | 41  0.01387  4.48788e-01 | 42  0.00347  5.58249e-02
 43 -0.00310  6.58151e-01 | 44 -0.01166 -8.02503e-01 | 45 -0.01446  1.71494e-01
 46  0.02716  4.72719e+00 | 47 -0.00213  3.08122e+00 | 48 -0.00757  2.78009e+00
 49 -0.00861  3.36084e+00 | 50 -0.01182  5.04459e+00 | 51 -0.00214  7.21495e+00
 52  0.00426  8.56644e+00 | 53 -0.00193  9.01318e+00 | 54  0.00364  9.94710e+00
 55  0.00088  1.20944e+01 | 56  0.00633  1.34757e+01 | 57 -0.00198  1.46349e+01
 58 -0.00273  1.54951e+01 | 59  0.00167  1.63240e+01 | 60  0.01385  2.07738e+01
 61  0.01088  1.74802e+01 | 62 -0.01731  1.88911e+01 | 63  0.02006  2.33529e+01
 64  0.00328  1.98460e+01 | 65 -0.02285  1.67222e+01 | 66 -0.01139  2.14931e+01
 67  0.02096  3.05229e+01 | 68  0.02652  3.47732e+01 | 69  0.03404  3.86816e+01
 70  0.02873  3.17796e+01 | 71 -0.01054  7.17435e+00 | 72  0.02903  2.67726e+01
 73  0.00278  7.55851e+00 | 74 -0.00400  9.60415e+00 | 75 -0.00179  2.94313e+00
 76 -0.00311  3.55654e+00 | 77 -0.00061  4.67052e+00 | 78  0.00835  6.61009e+00
 79  0.00211  1.28147e+00 | 80 -0.03860 -3.64171e+00 | 81 -0.00800 -2.71677e+00
 82 -0.02049 -7.92456e+00 | 83  0.00394 -6.90751e+00 | 84 -0.02450 -9.83560e+00
 85 -0.03565 -9.03720e+00 | 86  0.01478 -1.27275e+01 | 87  0.00496 -1.23470e+01
 88  0.04705 -6.85968e+00 | 89  0.06045 -1.55655e+01 | 90 -0.00422 -1.57900e+01
 91 -0.00255 -1.43215e+01 | 92  0.03247 -1.66659e+01 | 93 -0.00041 -1.75394e+01
 94 -0.00594 -1.39531e+01 | 95 -0.00004 -1.73549e+01 | 96  0.00075 -1.65413e+01
 97 -0.04741  4.06258e+01 | 98 -0.30971  3.31072e+00 |

Initial statistics: 100 variables; iteration 0; function evaluation 0; phase 3
Function value 5.6453014e+02; maximum gradient component mag 6.9867e+02
Var    Value     Gradient |Var    Value     Gradient |Var    Value     Gradient
  1  0.60203  6.98666e+02 |  2 -0.00087 -1.72290e+01 |  3 -0.00067 -1.65577e+01
  4 -0.00047 -1.58090e+01 |  5 -0.00037 -1.51214e+01 |  6 -0.00045 -1.46418e+01
  7 -0.00078 -1.44292e+01 |  8 -0.00132 -1.43676e+01 |  9  0.00168 -1.40374e+01
 10 -0.00206 -1.34299e+01 | 11 -0.00208 -1.21337e+01 | 12 -0.00209 -1.05083e+01
 13 -0.00127 -9.99031e+00 | 14 -0.00358 -7.78976e+00 | 15 -0.00520 -7.17090e+00
 16 -0.00622 -6.45755e+00 | 17 -0.00525 -5.73052e+00 | 18  0.00005 -5.10078e+00
 19 -0.00485 -5.46101e+00 | 20 -0.00309 -5.82230e+00 | 21 -0.00458 -5.19425e+00
 22 -0.00301 -4.46023e+00 | 23 -0.00281 -4.87049e+00 | 24 -0.00237 -4.29189e+00
 25 -0.00546 -4.00427e+00 | 26 -0.00638 -3.57725e+00 | 27 -0.00896 -3.53474e+00
 28 -0.00904 -3.56505e+00 | 29 -0.00236 -3.35008e+00 | 30 -0.01364 -3.47685e+00
 31 -0.00870 -3.38389e+00 | 32 -0.00379 -3.09738e+00 | 33 -0.00671 -3.16039e+00
 34  0.01389 -1.72101e+00 | 35 -0.01383 -3.59053e+00 | 36 -0.00802 -2.80386e+00
 37 -0.00378 -2.36098e+00 | 38 -0.00624 -1.81478e+00 | 39 -0.01356 -2.29076e+00
 40  0.00210 -1.27781e+00 | 41  0.01387  5.64960e-01 | 42  0.00347  1.72023e-01
 43 -0.00310  7.74350e-01 | 44 -0.01165 -6.86323e-01 | 45 -0.01445  2.87664e-01
 46  0.02716  4.84329e+00 | 47 -0.00213  3.19742e+00 | 48 -0.00756  2.89628e+00
 49 -0.00861  3.47703e+00 | 50 -0.01182  5.16077e+00 | 51 -0.00214  7.33115e+00
 52  0.00426  8.68264e+00 | 53 -0.00193  9.12938e+00 | 54  0.00365  1.00633e+01
 55  0.00088  1.22106e+01 | 56  0.00633  1.35919e+01 | 57 -0.00198  1.47511e+01
 58 -0.00272  1.56113e+01 | 59  0.00167  1.64402e+01 | 60  0.01385  2.08899e+01
 61  0.01089  1.75964e+01 | 62 -0.01730  1.90073e+01 | 63  0.02007  2.34690e+01
 64  0.00328  1.99622e+01 | 65 -0.02285  1.68383e+01 | 66 -0.01139  2.16093e+01
 67  0.02097  3.06390e+01 | 68  0.02653  3.48893e+01 | 69  0.03404  3.87977e+01
 70  0.02873  3.18957e+01 | 71 -0.01054  7.29054e+00 | 72  0.02903  2.68887e+01
 73  0.00278  7.67471e+00 | 74 -0.00400  9.72034e+00 | 75 -0.00179  3.05932e+00
 76 -0.00310  3.67273e+00 | 77 -0.00061  4.78672e+00 | 78  0.00835  6.72628e+00
 79  0.00211  1.39767e+00 | 80 -0.03860 -3.52572e+00 | 81 -0.00800 -2.60058e+00
 82 -0.02049 -7.80842e+00 | 83  0.00395 -6.79131e+00 | 84 -0.02450 -9.71949e+00
 85 -0.03565 -8.92118e+00 | 86  0.01478 -1.26113e+01 | 87  0.00497 -1.22308e+01
 88  0.04705 -6.74380e+00 | 89  0.06045 -1.54498e+01 | 90 -0.00421 -1.56738e+01
 91 -0.00255 -1.42053e+01 | 92  0.03247 -1.65499e+01 | 93 -0.00041 -1.74232e+01
 94 -0.00594 -1.38370e+01 | 95 -0.00004 -1.72387e+01 | 96  0.00075 -1.64251e+01
 97 -0.04741  4.06258e+01 | 98 -0.41581 -9.58896e+01 | 99 -0.30971  3.31072e+00
100 -0.25275 -1.97017e+01 |

Intermediate statistics: 100 variables; iteration 20; function evaluation 26; phase 3
Function value 5.6357282e+02; maximum gradient component mag -7.5077e+02
Var    Value     Gradient |Var    Value     Gradient |Var    Value     Gradient
  1  0.60103 -7.50774e+02 |  2 -0.00007  1.49496e+01 |  3 -0.00013  1.41557e+01
  4 -0.00021  1.32027e+01 |  5 -0.00029  1.20815e+01 |  6 -0.00036  1.07899e+01
  7 -0.00041  9.32356e+00 |  8 -0.00049  7.66514e+00 |  9  0.00310  5.03318e+00
 10 -0.00060  3.46920e+00 | 11 -0.00081  8.22412e-01 | 12 -0.00121 -2.11774e+00
 13  0.00038 -5.46464e+00 | 14 -0.00309 -7.85394e+00 | 15 -0.00442 -1.01317e+01
 16 -0.00531 -1.22482e+01 | 17 -0.00414 -1.46691e+01 | 18  0.00223 -1.84935e+01
 19 -0.00361 -1.55086e+01 | 20 -0.00108 -1.49450e+01 | 21 -0.00315 -1.55616e+01
 22 -0.00106 -1.82522e+01 | 23 -0.00081 -1.70752e+01 | 24 -0.00026 -1.83527e+01
 25 -0.00400 -1.73621e+01 | 26 -0.00522 -1.71306e+01 | 27 -0.00823 -1.55515e+01
 28 -0.00828 -1.49160e+01 | 29 -0.00040 -1.75111e+01 | 30 -0.01293 -1.05066e+01
 31 -0.00831 -1.12694e+01 | 32 -0.00312 -1.22449e+01 | 33 -0.00677 -9.54021e+00
 34  0.01720 -1.81031e+01 | 35 -0.01277 -4.06027e+00 | 36 -0.00837 -5.04445e+00
 37 -0.00427 -6.05849e+00 | 38 -0.00732 -4.20752e+00 | 39 -0.01478 -8.32776e-01
 40  0.00422 -4.66373e+00 | 41  0.01541 -8.06150e+00 | 42  0.00216 -4.02740e+00
 43 -0.00502 -1.34515e+00 | 44 -0.01273  1.66670e+00 | 45 -0.01422  3.01047e+00
 46  0.03105 -1.00568e+01 | 47 -0.00488 -3.78650e-01 | 48 -0.00960  1.33457e+00
 49 -0.00999  1.71825e+00 | 50 -0.01230  2.87104e+00 | 51 -0.00443  2.12257e-01
 52  0.00216 -2.43618e+00 | 53 -0.00528 -8.42903e-01 | 54  0.00221 -2.53626e+00
 55 -0.00013 -1.52425e+00 | 56  0.00460 -3.40193e+00 | 57 -0.00640 -1.72127e+00
 58 -0.00659 -1.70255e+00 | 59 -0.00076 -3.16464e+00 | 60  0.01337 -8.21806e+00
 61  0.01140 -6.38932e+00 | 62 -0.02287  1.96750e+00 | 63  0.02091 -1.20437e+01
 64  0.00227 -4.97319e+00 | 65 -0.02479  3.16395e+00 | 66 -0.01341  8.97638e-02
 67  0.02089 -1.09871e+01 | 68  0.02676  4.04521e+00 | 69  0.03431 -5.35498e+00
 70  0.02884  1.92712e+00 | 71 -0.01019  6.19887e+00 | 72  0.02903 -7.57227e-01
 73  0.00332  4.87899e+00 | 74 -0.00420  8.27950e+00 | 75 -0.00128  5.55717e+00
 76 -0.00309  7.80045e+00 | 77 -0.00028  5.27053e+00 | 78  0.00818  4.41602e+00
 79  0.00249  6.16215e+00 | 80 -0.03906  1.36277e+01 | 81 -0.00764  1.07006e+01
 82 -0.02058  1.24099e+01 | 83  0.00432  8.82472e+00 | 84 -0.02466  1.40739e+01
 85 -0.03544  1.58649e+01 | 86  0.01483  1.16562e+01 | 87  0.00550  1.47166e+01
 88  0.04676  1.22173e+01 | 89  0.06108  1.66152e+01 | 90 -0.00444  1.75741e+01
 91 -0.00222  1.81594e+01 | 92  0.03221  1.92947e+01 | 93  0.00023  1.93524e+01
 94 -0.00827  1.87809e+01 | 95 -0.00036  1.84784e+01 | 96  0.00002  1.83914e+01
 97 -0.02160 -6.48285e+01 | 98 -0.40179  1.10481e+02 | 99 -0.30004  7.19135e-01
100 -0.24778 -1.06811e+00 |
100 variables; iteration 40; function evaluation 50; phase 3
Function value 5.6345492e+02; maximum gradient component mag -5.9078e+02
Var    Value     Gradient |Var    Value     Gradient |Var    Value     Gradient
  1  0.60109 -5.90776e+02 |  2 -0.00004  1.21032e+01 |  3 -0.00010  1.15217e+01
  4 -0.00015  1.08336e+01 |  5 -0.00020  1.00331e+01 |  6 -0.00024  9.10808e+00
  7 -0.00029  8.02993e+00 |  8 -0.00040  6.75890e+00 |  9  0.00307  4.68054e+00
 10 -0.00064  3.51102e+00 | 11 -0.00076  1.64478e+00 | 12 -0.00093 -2.66050e-01
 13  0.00032 -3.12174e+00 | 14 -0.00241 -4.08492e+00 | 15 -0.00385 -5.89642e+00
 16 -0.00476 -7.48152e+00 | 17 -0.00358 -9.28966e+00 | 18  0.00195 -1.29601e+01
 19 -0.00323 -1.01071e+01 | 20 -0.00069 -9.46452e+00 | 21 -0.00251 -9.86080e+00
 22 -0.00105 -1.24471e+01 | 23 -0.00081 -1.15621e+01 | 24 -0.00032 -1.25354e+01
 25 -0.00365 -1.14191e+01 | 26 -0.00481 -1.11923e+01 | 27 -0.00777 -9.99730e+00
 28 -0.00782 -9.51416e+00 | 29 -0.00038 -1.18552e+01 | 30 -0.01273 -6.61834e+00
 31 -0.00800 -7.13567e+00 | 32 -0.00319 -8.16303e+00 | 33 -0.00629 -5.50071e+00
 34  0.01723 -1.20740e+01 | 35 -0.01258 -1.84023e+00 | 36 -0.00829 -2.95850e+00
 37 -0.00411 -3.32087e+00 | 38 -0.00723 -2.05980e+00 | 39 -0.01451  5.99246e-01
 40  0.00377 -3.51483e+00 | 41  0.01476 -6.20196e+00 | 42  0.00252 -1.73311e+00
 43 -0.00512 -4.32195e-01 | 44 -0.01263  1.98644e+00 | 45 -0.01451  2.14028e+00
 46  0.03005 -8.78398e+00 | 47 -0.00494 -4.00662e-02 | 48 -0.00964  1.40846e+00
 49 -0.00986  1.93310e+00 | 50 -0.01255  1.99438e+00 | 51 -0.00457 -1.15055e-01
 52  0.00176 -2.08251e+00 | 53 -0.00530 -4.38441e-01 | 54  0.00184 -2.30987e+00
 55 -0.00072 -2.15603e+00 | 56  0.00428 -3.30081e+00 | 57 -0.00634 -1.26750e+00
 58 -0.00637 -8.84238e-01 | 59 -0.00109 -3.43869e+00 | 60  0.01309 -7.88274e+00
 61  0.01103 -7.22912e+00 | 62 -0.02300  3.05758e-01 | 63  0.02088 -1.02265e+01
 64  0.00183 -6.99847e+00 | 65 -0.02551 -1.05987e+00 | 66 -0.01346 -1.51231e+00
 67  0.02078 -1.15520e+01 | 68  0.02584 -1.41201e+01 | 69  0.03407 -1.09375e+01
 70  0.02834 -1.04484e+01 | 71 -0.01026  3.67726e+00 | 72  0.02886 -7.47577e+00
 73  0.00343  5.54794e+00 | 74 -0.00446  1.46527e+00 | 75 -0.00115  6.67379e+00
 76 -0.00325  2.49697e+00 | 77 -0.00022  5.53349e+00 | 78  0.00824  2.97351e+00
 79  0.00259  7.66262e+00 | 80 -0.03914  9.83898e+00 | 81 -0.00754  1.16436e+01
 82 -0.02058  9.83220e+00 | 83  0.00445  1.15172e+01 | 84 -0.02461  1.19603e+01
 85 -0.03550  1.26776e+01 | 86  0.01492  1.06752e+01 | 87  0.00549  1.29335e+01
 88  0.04677  9.64176e+00 | 89  0.06099  1.23877e+01 | 90 -0.00453  1.29131e+01
 91 -0.00205  1.76162e+01 | 92  0.03219  1.49116e+01 | 93  0.00013  1.49833e+01
 94 -0.00768  1.56948e+01 | 95 -0.00034  1.46322e+01 | 96  0.00000  1.45713e+01
 97 -0.02364 -3.56850e+01 | 98 -0.40394  4.72754e+01 | 99 -0.30081 -2.08735e+00
100 -0.24788  2.48688e+00 |
100 variables; iteration 60; function evaluation 82; phase 3
Function value 5.6327196e+02; maximum gradient component mag -8.3273e+01
Var    Value     Gradient |Var    Value     Gradient |Var    Value     Gradient
  1  0.60152 -8.32730e+01 |  2  0.00003  1.65812e+00 |  3  0.00006  1.60684e+00
  4  0.00010  1.55657e+00 |  5  0.00014  1.48556e+00 |  6  0.00016  1.35931e+00
  7  0.00014  1.16287e+00 |  8  0.00008  9.41039e-01 |  9  0.00377  7.25060e-01
 10  0.00018  6.06922e-01 | 11  0.00014  3.11153e-01 | 12 -0.00003 -3.50364e-02
 13  0.00149 -5.03464e-01 | 14 -0.00140 -5.31641e-01 | 15 -0.00271 -8.15836e-01
 16 -0.00352 -1.00678e+00 | 17 -0.00229 -1.26819e+00 | 18  0.00400 -1.48063e+00
 19 -0.00172 -1.22009e+00 | 20  0.00041 -1.20995e+00 | 21 -0.00141 -1.18249e+00
 22  0.00022 -1.97502e+00 | 23  0.00072 -1.25845e+00 | 24  0.00108 -1.50611e+00
 25 -0.00270 -1.63802e+00 | 26 -0.00385 -1.53124e+00 | 27 -0.00683 -1.32007e+00
 28 -0.00689 -1.13428e+00 | 29  0.00060 -1.46060e+00 | 30 -0.01190 -1.11507e+00
 31 -0.00764 -1.19396e+00 | 32 -0.00275 -1.18869e+00 | 33 -0.00625 -8.69089e-01
 34  0.01700 -1.88690e+00 | 35 -0.01222 -2.67000e-01 | 36 -0.00842 -4.80924e-01
 37 -0.00464 -5.23849e-01 | 38 -0.00756 -2.40461e-01 | 39 -0.01467  1.68451e-01
 40  0.00407 -2.97582e-01 | 41  0.01380 -9.76591e-01 | 42  0.00107 -4.05968e-01
 43 -0.00544  2.77991e-01 | 44 -0.01282  5.60181e-01 | 45 -0.01438  7.63164e-02
 46  0.02792 -1.86289e+00 | 47 -0.00580 -1.74872e-01 | 48 -0.01054 -1.20258e-01
 49 -0.01071  1.34060e-01 | 50 -0.01250  1.16130e+00 | 51 -0.00571 -1.20449e-01
 52  0.00028 -4.33829e-01 | 53 -0.00652 -4.62304e-02 | 54  0.00038 -8.71096e-01
 55 -0.00153 -1.69208e-01 | 56  0.00242 -1.02250e+00 | 57 -0.00748 -1.95884e-01
 58 -0.00787 -5.77437e-01 | 59 -0.00182 -3.99962e-01 | 60  0.01232 -1.22110e+00
 61  0.01035 -4.47135e-01 | 62 -0.02315  4.31383e-01 | 63  0.02000 -1.15779e+00
 64  0.00141 -1.50998e+00 | 65 -0.02515  1.03099e+00 | 66 -0.01377  1.17382e-01
 67  0.02055 -1.17030e+00 | 68  0.02568 -2.61152e+00 | 69  0.03384 -1.83489e+00
 70  0.02816 -2.13202e+00 | 71 -0.01046  6.44504e-01 | 72  0.02869 -1.31203e+00
 73  0.00302 -6.38816e-01 | 74 -0.00440  1.76268e+00 | 75 -0.00144  7.82539e-01
 76 -0.00336 -3.74144e-01 | 77 -0.00039  9.79426e-01 | 78  0.00811  7.98440e-01
 79  0.00236  8.94972e-01 | 80 -0.03925  1.45165e+00 | 81 -0.00784  9.50917e-01
 82 -0.02068  1.73963e+00 | 83  0.00422  1.45706e+00 | 84 -0.02472  2.42869e+00
 85 -0.03569  8.84383e-01 | 86  0.01478  1.67340e+00 | 87  0.00531  1.52636e+00
 88  0.04668  2.10206e+00 | 89  0.06081  1.56533e+00 | 90 -0.00455  1.97795e+00
 91 -0.00238  2.22528e+00 | 92  0.03209  2.57785e+00 | 93 -0.00003  1.77539e+00
 94 -0.00827  2.22914e+00 | 95 -0.00040  2.04053e+00 | 96 -0.00000  2.03796e+00
 97 -0.02298 -3.54500e+00 | 98 -0.40325  2.50354e+00 | 99 -0.30126 -5.73295e-01
100 -0.24797  1.44530e+00 |
Maximum number of function evaluations exceeded

 - final statistics:
100 variables; iteration 71; function evaluation 100
Function value 5.6326e+02; maximum gradient component mag -5.5244e+01
Exit code = 3;  converg criter 1.0000e+00
Var    Value     Gradient |Var    Value     Gradient |Var    Value     Gradient
  1  0.60165 -5.52443e+01 |  2  0.00017  1.29449e+00 |  3  0.00017  1.23313e+00
  4  0.00021  1.21113e+00 |  5  0.00029  1.23483e+00 |  6  0.00037  1.24502e+00
  7  0.00037  1.12613e+00 |  8  0.00023  8.48454e-01 |  9  0.00381  5.51421e-01
 10  0.00029  5.99432e-01 | 11  0.00040  6.23098e-01 | 12  0.00027  4.44730e-01
 13  0.00195  3.39593e-01 | 14 -0.00112  1.09615e-01 | 15 -0.00227  1.75830e-01
 16 -0.00310  1.75975e-02 | 17 -0.00194 -2.51928e-01 | 18  0.00430 -3.87487e-01
 19 -0.00163 -5.71396e-01 | 20  0.00066 -3.21518e-01 | 21 -0.00107 -9.25236e-02
 22  0.00082 -4.13772e-01 | 23  0.00089 -3.44305e-01 | 24  0.00116 -6.80539e-01
 25 -0.00233 -3.99746e-01 | 26 -0.00361 -5.02125e-01 | 27 -0.00663 -4.33530e-01
 28 -0.00684 -5.26707e-01 | 29  0.00073 -6.21694e-01 | 30 -0.01159 -2.63473e-01
 31 -0.00725 -5.58569e-02 | 32 -0.00265 -4.40469e-01 | 33 -0.00614 -2.71548e-01
 34  0.01702 -1.17630e+00 | 35 -0.01215 -1.64291e-01 | 36 -0.00848 -2.30629e-01
 37 -0.00479 -3.50872e-01 | 38 -0.00779 -3.42151e-01 | 39 -0.01487 -1.58052e-01
 40  0.00407 -2.36477e-01 | 41  0.01356 -7.50022e-01 | 42  0.00081 -4.39894e-01
 43 -0.00586 -2.84547e-01 | 44 -0.01293  2.93501e-01 | 45 -0.01429  1.94738e-02
 46  0.02798 -7.85611e-01 | 47 -0.00597 -1.92520e-01 | 48 -0.01061 -1.49161e-01
 49 -0.01088 -2.57422e-01 | 50 -0.01299 -1.78400e-01 | 51 -0.00590 -2.29132e-01
 52  0.00006 -5.01366e-01 | 53 -0.00694 -5.86472e-01 | 54  0.00003 -1.35697e+00
 55 -0.00188 -8.57098e-01 | 56  0.00236 -6.57207e-01 | 57 -0.00781 -5.48534e-01
 58 -0.00788 -3.84815e-01 | 59 -0.00214 -1.02736e+00 | 60  0.01219 -1.44705e+00
 61  0.00999 -1.40134e+00 | 62 -0.02344 -3.76604e-01 | 63  0.01972 -1.97977e+00
 64  0.00140 -1.21765e+00 | 65 -0.02544 -3.46507e-01 | 66 -0.01392 -6.10407e-01
 67  0.02043 -1.94337e+00 | 68  0.02568 -1.00835e+00 | 69  0.03379 -1.54331e+00
 70  0.02816 -8.65995e-01 | 71 -0.01051  3.35320e-02 | 72  0.02865 -9.10005e-01
 73  0.00304  2.66925e-01 | 74 -0.00457 -1.66013e-01 | 75 -0.00150  8.76531e-02
 76 -0.00334  3.63085e-01 | 77 -0.00045  2.15048e-01 | 78  0.00803 -6.85890e-02
 79  0.00232  3.59073e-01 | 80 -0.03929  9.30379e-01 | 81 -0.00785  8.44442e-01
 82 -0.02076  7.19624e-01 | 83  0.00418  7.43534e-01 | 84 -0.02483  9.37031e-01
 85 -0.03564  1.32419e+00 | 86  0.01472  8.54982e-01 | 87  0.00530  1.15844e+00
 88  0.04660  7.94505e-01 | 89  0.06078  1.25008e+00 | 90 -0.00458  1.40430e+00
 91 -0.00242  1.43721e+00 | 92  0.03199  1.30250e+00 | 93 -0.00003  1.44967e+00
 94 -0.00839  1.39591e+00 | 95 -0.00042  1.34011e+00 | 96 -0.00011  1.17646e+00
 97 -0.02237 -4.75273e+00 | 98 -0.40269  8.29416e+00 | 99 -0.30135 -1.46204e-01
100 -0.24811 -2.67776e-02 |

Initial statistics: 108 variables; iteration 0; function evaluation 0; phase 4
Function value 5.6326256e+02; maximum gradient component mag -5.7484e+02
Var    Value     Gradient |Var    Value     Gradient |Var    Value     Gradient
  1 -0.42263 -1.68823e+02 |  2 -0.42263 -5.74840e+02 |  3 -0.41094 -3.02236e+02
  4  0.60165 -5.52443e+01 |  5  0.00000 -6.66928e-01 |  6  0.00000 -1.46473e-01
  7  0.00000 -1.77799e-01 |  8  0.00000 -2.15507e-01 |  9  0.00000 -2.60798e-01
 10  0.00017  1.30025e+00 | 11  0.00017  1.23890e+00 | 12  0.00021  1.21690e+00
 13  0.00029  1.24059e+00 | 14  0.00037  1.25079e+00 | 15  0.00037  1.13189e+00
 16  0.00023  8.54216e-01 | 17  0.00381  5.57182e-01 | 18  0.00029  6.05194e-01
 19  0.00040  6.28860e-01 | 20  0.00027  4.50492e-01 | 21  0.00195  3.45355e-01
 22 -0.00112  1.15377e-01 | 23 -0.00227  1.81592e-01 | 24 -0.00310  2.33594e-02
 25 -0.00194 -2.46167e-01 | 26  0.00430 -3.81725e-01 | 27 -0.00163 -5.65635e-01
 28  0.00066 -3.15756e-01 | 29 -0.00107 -8.67617e-02 | 30  0.00082 -4.08010e-01
 31  0.00089 -3.38543e-01 | 32  0.00116 -6.74777e-01 | 33 -0.00233 -3.93984e-01
 34 -0.00361 -4.96364e-01 | 35 -0.00663 -4.27769e-01 | 36 -0.00684 -5.20945e-01
 37  0.00073 -6.15932e-01 | 38 -0.01159 -2.57712e-01 | 39 -0.00725 -5.00953e-02
 40 -0.00265 -4.34707e-01 | 41 -0.00614 -2.65786e-01 | 42  0.01702 -1.17054e+00
 43 -0.01215 -1.58530e-01 | 44 -0.00848 -2.24867e-01 | 45 -0.00479 -3.45110e-01
 46 -0.00779 -3.36389e-01 | 47 -0.01487 -1.52291e-01 | 48  0.00407 -2.30715e-01
 49  0.01356 -7.44262e-01 | 50  0.00081 -4.34132e-01 | 51 -0.00586 -2.78786e-01
 52 -0.01293  2.99262e-01 | 53 -0.01429  2.52343e-02 | 54  0.02798 -7.79855e-01
 55 -0.00597 -1.86758e-01 | 56 -0.01061 -1.43400e-01 | 57 -0.01088 -2.51661e-01
 58 -0.01299 -1.72640e-01 | 59 -0.00590 -2.23370e-01 | 60  0.00006 -4.95605e-01
 61 -0.00694 -5.80710e-01 | 62  0.00003 -1.35121e+00 | 63 -0.00188 -8.51336e-01
 64  0.00236 -6.51445e-01 | 65 -0.00781 -5.42773e-01 | 66 -0.00788 -3.79054e-01
 67 -0.00214 -1.02160e+00 | 68  0.01219 -1.44129e+00 | 69  0.00999 -1.39558e+00
 70 -0.02344 -3.70846e-01 | 71  0.01972 -1.97401e+00 | 72  0.00140 -1.21189e+00
 73 -0.02544 -3.40750e-01 | 74 -0.01392 -6.04646e-01 | 75  0.02043 -1.93761e+00
 76  0.02568 -1.00260e+00 | 77  0.03379 -1.53755e+00 | 78  0.02816 -8.60239e-01
 79 -0.01051  3.92931e-02 | 80  0.02865 -9.04249e-01 | 81  0.00304  2.72687e-01
 82 -0.00457 -1.60251e-01 | 83 -0.00150  9.34151e-02 | 84 -0.00334  3.68847e-01
 85 -0.00045  2.20810e-01 | 86  0.00803 -6.28275e-02 | 87  0.00232  3.64835e-01
 88 -0.03929  9.36130e-01 | 89 -0.00785  8.50203e-01 | 90 -0.02076  7.25383e-01
 91  0.00419  7.49296e-01 | 92 -0.02483  9.42788e-01 | 93 -0.03564  1.32995e+00
 94  0.01472  8.60742e-01 | 95  0.00530  1.16420e+00 | 96  0.04660  8.00252e-01
 97  0.06078  1.25582e+00 | 98 -0.00458  1.41006e+00 | 99 -0.00242  1.44297e+00
100  0.03199  1.30826e+00 |101 -0.00003  1.45543e+00 |102 -0.00839  1.40167e+00
103 -0.00042  1.34587e+00 |104 -0.00011  1.18222e+00 |105 -0.02237 -4.75273e+00
106 -0.40269  8.29416e+00 |107 -0.30135 -1.46204e-01 |108 -0.24811 -2.67776e-02

Intermediate statistics: 108 variables; iteration 20; function evaluation 25; phase 4
Function value 5.6276705e+02; maximum gradient component mag -4.8789e+02
Var    Value     Gradient |Var    Value     Gradient |Var    Value     Gradient
  1 -0.42425 -1.52050e+02 |  2 -0.42149 -4.87889e+02 |  3 -0.40918 -2.60660e+02
  4  0.59967 -1.72386e+02 |  5  0.00008 -9.29879e-01 |  6  0.00002 -2.05364e-01
  7  0.00002 -2.49949e-01 |  8  0.00002 -3.03886e-01 |  9  0.00003 -3.69015e-01
 10  0.00009  3.62877e+00 | 11  0.00010  3.53532e+00 | 12  0.00012  3.43970e+00
 13  0.00015  3.34118e+00 | 14  0.00019  3.21792e+00 | 15  0.00021  3.03055e+00
 16  0.00014  2.76845e+00 | 17  0.00378  2.39729e+00 | 18  0.00019  2.25309e+00
 19  0.00024  1.99681e+00 | 20  0.00014  1.65615e+00 | 21  0.00180  1.25379e+00
 22 -0.00118  9.83253e-01 | 23 -0.00244  7.49797e-01 | 24 -0.00335  4.58185e-01
 25 -0.00231  7.14556e-02 | 26  0.00395 -4.50252e-01 | 27 -0.00136 -3.97943e-02
 28  0.00032 -9.91389e-02 | 29 -0.00147 -1.43822e-01 | 30  0.00054 -5.21286e-01
 31  0.00067 -4.03081e-01 | 32  0.00117 -6.76699e-01 | 33 -0.00235 -4.95161e-01
 34 -0.00365 -5.46872e-01 | 35 -0.00677 -3.92910e-01 | 36 -0.00708 -4.42121e-01
 37  0.00077 -8.65967e-01 | 38 -0.01194  4.25256e-03 | 39 -0.00773 -2.67761e-01
 40 -0.00281 -5.26672e-01 | 41 -0.00621 -1.82017e-01 | 42  0.01683 -2.04273e+00
 43 -0.01213  4.82861e-01 | 44 -0.00872 -2.00951e-01 | 45 -0.00485 -3.07869e-01
 46 -0.00760 -5.91742e-02 | 47 -0.01478  4.96672e-01 | 48  0.00331 -7.07339e-01
 49  0.01306 -1.93175e+00 | 50  0.00104 -7.14064e-01 | 51 -0.00566 -2.05120e-01
 52 -0.01300  4.94179e-01 | 53 -0.01462  5.48325e-01 | 54  0.02754 -3.78258e+00
 55 -0.00567 -5.03743e-01 | 56 -0.01072 -2.49824e-01 | 57 -0.01084 -2.39449e-01
 58 -0.01329 -1.62002e-02 | 59 -0.00649 -1.26291e+00 | 60 -0.00012 -1.76266e+00
 61 -0.00653 -1.27127e+00 | 62  0.00051 -2.02893e+00 | 63 -0.00212 -1.82844e+00
 64  0.00193 -2.81901e+00 | 65 -0.00796 -1.77332e+00 | 66 -0.00724 -1.63104e+00
 67 -0.00213 -2.30739e+00 | 68  0.01243 -2.80791e+00 | 69  0.01001 -3.23776e+00
 70 -0.02295 -4.24689e-01 | 71  0.01993 -3.47036e+00 | 72  0.00258 -7.69624e-01
 73 -0.02491  9.36379e-01 | 74 -0.01354 -5.22911e-01 | 75  0.02075 -3.11981e+00
 76  0.02593 -5.63014e+00 | 77  0.03381  4.08750e+00 | 78  0.02930  6.55436e+00
 79 -0.01097 -2.51239e+00 | 80  0.02899 -5.44565e+00 | 81  0.00275 -3.10952e+00
 82 -0.00408 -1.95407e+00 | 83 -0.00192 -4.82023e+00 | 84 -0.00315 -4.74452e+00
 85 -0.00087 -5.75022e+00 | 86  0.00859 -4.82344e+00 | 87  0.00239 -2.53052e-01
 88 -0.03913 -1.39482e+00 | 89 -0.00830 -5.41742e+00 | 90 -0.02054 -2.94200e+00
 91  0.00397 -2.94211e+00 | 92 -0.02433  1.09682e+00 | 93 -0.03640 -4.07167e-01
 94  0.01459 -8.29672e+00 | 95  0.00440 -4.23418e+00 | 96  0.04655 -1.37184e+01
 97  0.06083  6.20623e+00 | 98 -0.00251  1.09117e+01 | 99 -0.00296  4.15472e+00
100  0.03353  9.73023e+00 |101  0.00014  8.75493e+00 |102 -0.00856  3.37248e+00
103 -0.00035  3.98622e+00 |104 -0.00003  3.93620e+00 |105 -0.03326 -1.03970e+01
106 -0.40779  7.39925e+00 |107 -0.31439 -6.95919e+00 |108 -0.25046  5.32716e-02
108 variables; iteration 40; function evaluation 52; phase 4
Function value 5.6260348e+02; maximum gradient component mag -1.8698e+02
Var    Value     Gradient |Var    Value     Gradient |Var    Value     Gradient
  1 -0.42375 -6.36873e+01 |  2 -0.42113 -1.86982e+02 |  3 -0.40877 -1.02261e+02
  4  0.59914 -5.12937e+01 |  5 -0.00021 -7.26923e-01 |  6 -0.00003 -1.39097e-01
  7 -0.00004 -1.70467e-01 |  8 -0.00005 -2.08999e-01 |  9 -0.00006 -2.56412e-01
 10  0.00024  1.32992e+00 | 11  0.00024  1.27814e+00 | 12  0.00027  1.28401e+00
 13  0.00036  1.36577e+00 | 14  0.00046  1.44788e+00 | 15  0.00045  1.34722e+00
 16  0.00021  9.77645e-01 | 17  0.00367  5.78769e-01 | 18  0.00019  7.25849e-01
 19  0.00035  8.81224e-01 | 20  0.00010  5.59066e-01 | 21  0.00169  3.50931e-01
 22 -0.00149 -7.14266e-02 | 23 -0.00259  1.59086e-01 | 24 -0.00351  1.03170e-01
 25 -0.00231  2.92678e-01 | 26  0.00448  9.98170e-01 | 27 -0.00153 -2.24126e-01
 28  0.00056  5.08080e-01 | 29 -0.00109  8.08386e-01 | 30  0.00092  6.69368e-01
 31  0.00076  2.37672e-01 | 32  0.00018 -1.56451e+00 | 33 -0.00276 -6.39164e-01
 34 -0.00358  1.14882e-01 | 35 -0.00681  1.62616e-02 | 36 -0.00740 -4.33912e-01
 37  0.00112  5.99712e-01 | 38 -0.01205 -7.67079e-02 | 39 -0.00842 -9.75455e-01
 40 -0.00292 -1.43177e-01 | 41 -0.00608  3.11313e-01 | 42  0.01652 -8.20393e-01
 43 -0.01212  7.18887e-02 | 44 -0.00886 -2.32386e-01 | 45 -0.00494 -1.59408e-01
 46 -0.00717  6.87497e-01 | 47 -0.01500 -2.50035e-01 | 48  0.00446  2.62180e+00
 49  0.01302 -3.69020e-01 | 50  0.00089 -3.16451e-01 | 51 -0.00463  1.83143e+00
 52 -0.01337 -3.49374e-01 | 53 -0.01439  6.22256e-01 | 54  0.02757 -7.92807e-01
 55 -0.00472  1.52006e+00 | 56 -0.01087 -2.20811e-01 | 57 -0.01064  4.12278e-01
 58 -0.01308  3.25660e-01 | 59 -0.00740 -1.82908e+00 | 60  0.00040  5.92773e-01
 61 -0.00554  1.22730e+00 | 62 -0.00033 -2.57424e+00 | 63 -0.00179 -4.40623e-02
 64  0.00198 -8.08261e-01 | 65 -0.00927 -2.98722e+00 | 66 -0.00719 -8.70828e-01
 67 -0.00223 -8.59155e-01 | 68  0.01228 -1.40189e+00 | 69  0.00948 -3.26621e+00
 70 -0.02290 -1.53470e-01 | 71  0.01994 -5.78281e-01 | 72  0.00146 -4.72154e+00
 73 -0.02427  2.97453e+00 | 74 -0.01454 -5.54412e+00 | 75  0.02059 -2.02565e+00
 76  0.02603  1.42462e+00 | 77  0.03362  3.22177e+00 | 78  0.02886 -1.70851e+00
 79 -0.01103 -2.26088e+00 | 80  0.02898 -1.78852e+00 | 81  0.00283 -6.44873e-02
 82 -0.00402  3.43588e-01 | 83 -0.00169  1.06864e+00 | 84 -0.00285  1.92787e+00
 85 -0.00092 -6.19794e+00 | 86  0.00859 -3.46267e+00 | 87  0.00255  1.63179e+00
 88 -0.03998 -9.98225e+00 | 89 -0.00792  2.66264e+00 | 90 -0.02023  1.93176e+00
 91  0.00409 -1.00750e+00 | 92 -0.02422  1.15680e+00 | 93 -0.03649 -3.76490e+00
 94  0.01443 -1.00438e+01 | 95  0.00462 -4.78601e-01 | 96  0.04667 -9.85324e+00
 97  0.06083  1.81023e+00 | 98 -0.00237  6.38413e+00 | 99 -0.00271  4.44350e+00
100  0.03375  6.69736e+00 |101  0.00052  6.64666e+00 |102 -0.00879  3.66502e-01
103 -0.00026  1.29632e+00 |104 -0.00003  1.10383e+00 |105 -0.03171 -3.08723e+00
106 -0.40691  1.80144e+00 |107 -0.31522 -4.36175e+00 |108 -0.25107  1.14792e+00
108 variables; iteration 60; function evaluation 77; phase 4
Function value 5.6253983e+02; maximum gradient component mag -3.6406e+01
Var    Value     Gradient |Var    Value     Gradient |Var    Value     Gradient
  1 -0.42345 -1.17612e+01 |  2 -0.42076 -3.64062e+01 |  3 -0.40875 -1.90560e+01
  4  0.59858 -1.09168e+01 |  5  0.00031  2.66803e-01 |  6  0.00006  5.35304e-02
  7  0.00008  6.56663e-02 |  8  0.00010  8.05257e-02 |  9  0.00012  9.86874e-02
 10 -0.00007  3.54664e-02 | 11 -0.00005  5.31478e-02 | 12 -0.00005  3.25584e-02
 13 -0.00007 -3.54096e-02 | 14 -0.00009 -1.01447e-01 | 15 -0.00004 -6.11213e-02
 16  0.00005  1.09373e-01 | 17  0.00381  2.48850e-01 | 18  0.00015  1.57128e-01
 19  0.00011  7.45339e-02 | 20  0.00008  1.48875e-01 | 21  0.00179  2.03266e-01
 22 -0.00112  2.46591e-01 | 23 -0.00255  3.55244e-02 | 24 -0.00338  2.23092e-01
 25 -0.00177  1.15747e+00 | 26  0.00369 -1.14003e-01 | 27 -0.00167 -5.92488e-01
 28  0.00041  2.43056e-01 | 29 -0.00177 -2.21335e-01 | 30  0.00099  8.81754e-01
 31  0.00091  5.22949e-01 | 32  0.00130  2.03738e-01 | 33 -0.00240 -7.04370e-02
 34 -0.00361  8.90134e-02 | 35 -0.00674  1.52754e-01 | 36 -0.00746 -4.97489e-01
 37  0.00067 -1.61460e-01 | 38 -0.01177  4.40230e-01 | 39 -0.00829 -6.99700e-01
 40 -0.00289 -3.66065e-02 | 41 -0.00600  4.14782e-01 | 42  0.01675  7.94303e-02
 43 -0.01218 -3.70530e-01 | 44 -0.00885 -2.42090e-01 | 45 -0.00487 -4.44124e-02
 46 -0.00730  3.88038e-01 | 47 -0.01480  1.71165e-02 | 48  0.00323  1.58513e-02
 49  0.01303 -8.12664e-02 | 50  0.00055 -1.06296e+00 | 51 -0.00542  2.21824e-01
 52 -0.01321 -1.67912e-01 | 53 -0.01482 -3.46310e-01 | 54  0.02733 -6.98193e-01
 55 -0.00504  7.63310e-01 | 56 -0.01102 -5.88098e-01 | 57 -0.01138 -1.04263e+00
 58 -0.01291  8.75764e-01 | 59 -0.00674 -2.85374e-01 | 60  0.00047  9.81251e-01
 61 -0.00589  7.07220e-01 | 62  0.00044 -6.46298e-01 | 63 -0.00234 -1.10410e+00
 64  0.00171 -7.99851e-01 | 65 -0.00803 -3.91992e-01 | 66 -0.00713 -5.51770e-01
 67 -0.00177  1.03981e+00 | 68  0.01270  1.08814e+00 | 69  0.00984 -9.28999e-01
 70 -0.02239  1.41563e+00 | 71  0.01974 -2.46300e-01 | 72  0.00221 -1.21498e+00
 73 -0.02486  2.91242e-01 | 74 -0.01382 -8.87670e-01 | 75  0.02072  8.66482e-01
 76  0.02594  3.85677e-01 | 77  0.03358  8.94287e-01 | 78  0.02899 -1.00685e-01
 79 -0.01078  1.17074e+00 | 80  0.02901 -2.75621e-01 | 81  0.00302  1.89855e+00
 82 -0.00454 -7.16904e+00 | 83 -0.00163  9.45128e-01 | 84 -0.00297  5.58260e-01
 85 -0.00068 -1.42752e+00 | 86  0.00874 -4.62669e-01 | 87  0.00255  3.14416e-01
 88 -0.03915 -1.63431e+00 | 89 -0.00797  4.06092e-01 | 90 -0.02030  1.12603e+00
 91  0.00419 -6.15188e-01 | 92 -0.02380  6.22732e+00 | 93 -0.03647 -4.37614e+00
 94  0.01483 -1.12366e+00 | 95  0.00470  2.40525e-01 | 96  0.04687 -2.54008e+00
 97  0.06081 -9.28920e-02 | 98 -0.00266  1.86365e+00 | 99 -0.00313 -2.34698e+00
100  0.03316 -1.53032e+00 |101  0.00036  4.41355e+00 |102 -0.00831  6.35855e-01
103 -0.00042  1.61938e-01 |104  0.00000  2.45794e-01 |105 -0.03163 -6.84047e-01
106 -0.40687  5.15609e-01 |107 -0.31447 -5.27101e-01 |108 -0.25110 -3.01373e-01
Maximum number of function evaluations exceeded

 - final statistics:
108 variables; iteration 73; function evaluation 100
Function value 5.6253e+02; maximum gradient component mag -1.3342e+00
Exit code = 3;  converg criter 1.0000e+00
Var    Value     Gradient |Var    Value     Gradient |Var    Value     Gradient
  1 -0.42339 -7.37000e-01 |  2 -0.42065 -1.33418e+00 |  3 -0.40880 -8.11446e-01
  4  0.59848  2.34558e-01 |  5  0.00012  1.92437e-02 |  6  0.00003  1.06936e-02
  7  0.00004  1.26085e-02 |  8  0.00004  1.47208e-02 |  9  0.00005  1.69653e-02
 10  0.00004 -1.73095e-02 | 11  0.00006 -1.16561e-02 | 12  0.00007 -1.27308e-02
 13  0.00008 -1.94418e-02 | 14  0.00010 -2.18231e-02 | 15  0.00012 -9.56358e-03
 16  0.00010  8.54425e-03 | 17  0.00376  1.66920e-02 | 18  0.00015  1.51176e-02
 19  0.00016  2.08500e-02 | 20  0.00008  2.17078e-02 | 21  0.00175  4.70028e-02
 22 -0.00123  5.33754e-03 | 23 -0.00250  5.35273e-02 | 24 -0.00344  7.22137e-02
 25 -0.00249 -4.84488e-03 | 26  0.00371 -8.35519e-02 | 27 -0.00133 -7.15634e-02
 28  0.00027 -1.77357e-03 | 29 -0.00155  1.20375e-01 | 30  0.00046  7.21565e-02
 31  0.00064  1.06195e-01 | 32  0.00122  6.91843e-02 | 33 -0.00238 -5.72742e-02
 34 -0.00369 -3.65448e-02 | 35 -0.00683  8.13221e-03 | 36 -0.00724 -8.18781e-02
 37  0.00075  4.39503e-02 | 38 -0.01199  2.36519e-04 | 39 -0.00796 -1.06200e-01
 40 -0.00290 -2.48357e-02 | 41 -0.00619  8.37112e-02 | 42  0.01668  7.71927e-02
 43 -0.01204 -1.22060e-01 | 44 -0.00873 -3.48007e-02 | 45 -0.00485 -1.76077e-02
 46 -0.00751 -2.32537e-02 | 47 -0.01481 -4.11384e-02 | 48  0.00320  6.54736e-02
 49  0.01300  2.46100e-02 | 50  0.00121  1.05383e-02 | 51 -0.00555 -1.32257e-02
 52 -0.01309  2.29657e-02 | 53 -0.01473 -2.10537e-01 | 54  0.02752 -1.26778e-01
 55 -0.00542  1.06555e-01 | 56 -0.01076 -4.70527e-02 | 57 -0.01088  2.08627e-02
 58 -0.01322  1.15561e-01 | 59 -0.00660 -2.25890e-02 | 60 -0.00006  8.40865e-02
 61 -0.00630 -6.19352e-02 | 62  0.00064 -1.01306e-01 | 63 -0.00200 -7.14565e-02
 64  0.00193 -8.53164e-02 | 65 -0.00794  2.95354e-02 | 66 -0.00685  1.56565e-01
 67 -0.00214  6.23842e-02 | 68  0.01247  1.15098e-01 | 69  0.01003 -3.14667e-02
 70 -0.02285  1.06936e-01 | 71  0.01974  2.18846e-02 | 72  0.00244 -5.93871e-02
 73 -0.02493  2.65798e-02 | 74 -0.01369 -4.93041e-02 | 75  0.02064  9.27946e-02
 76  0.02590  6.02489e-02 | 77  0.03353  9.58207e-02 | 78  0.02899  2.13842e-02
 79 -0.01086  8.12270e-02 | 80  0.02900  4.65138e-03 | 81  0.00290  1.35064e-01
 82 -0.00408 -4.78140e-01 | 83 -0.00168  6.31466e-02 | 84 -0.00302  3.80723e-02
 85 -0.00061 -1.01153e-01 | 86  0.00874 -3.08081e-02 | 87  0.00254  1.62971e-02
 88 -0.03901 -1.26187e-01 | 89 -0.00798  1.52233e-02 | 90 -0.02038  6.32075e-02
 91  0.00423 -5.72085e-02 | 92 -0.02422  4.17078e-01 | 93 -0.03620 -3.18685e-01
 94  0.01485 -9.40077e-02 | 95  0.00469 -5.20987e-03 | 96  0.04697 -1.90064e-01
 97  0.06084 -2.62871e-02 | 98 -0.00279  1.03228e-01 | 99 -0.00297 -1.86877e-01
100  0.03326 -1.33596e-01 |101  0.00004  2.76747e-01 |102 -0.00854 -1.74923e-02
103 -0.00037 -1.61665e-02 |104  0.00003  3.19409e-02 |105 -0.03154  2.35853e-02
106 -0.40683 -5.82906e-02 |107 -0.31439 -3.15066e-02 |108 -0.25108 -2.73232e-02

Initial statistics: 111 variables; iteration 0; function evaluation 0; phase 5
Function value 5.6252830e+02; maximum gradient component mag -1.6015e+02
Var    Value     Gradient |Var    Value     Gradient |Var    Value     Gradient
  1 -0.42339 -7.37000e-01 |  2 -0.42065 -1.33418e+00 |  3 -0.40880 -8.11446e-01
  4 -0.41222  6.74158e+01 |  5 -0.41222 -1.02184e+01 |  6  0.59848  2.34558e-01
  7  0.00012  1.92437e-02 |  8  0.00003  1.06936e-02 |  9  0.00004  1.26085e-02
 10  0.00004  1.47208e-02 | 11  0.00005  1.69653e-02 | 12  0.00004 -1.58858e-02
 13  0.00006 -1.02324e-02 | 14  0.00007 -1.13071e-02 | 15  0.00008 -1.80181e-02
 16  0.00010 -2.03994e-02 | 17  0.00012 -8.13990e-03 | 18  0.00010  9.96793e-03
 19  0.00376  1.81156e-02 | 20  0.00015  1.65413e-02 | 21  0.00016  2.22737e-02
 22  0.00008  2.31315e-02 | 23  0.00175  4.84265e-02 | 24 -0.00123  6.76122e-03
 25 -0.00250  5.49510e-02 | 26 -0.00344  7.36374e-02 | 27 -0.00249 -3.42120e-03
 28  0.00371 -8.21283e-02 | 29 -0.00133 -7.01397e-02 | 30  0.00027 -3.49882e-04
 31 -0.00155  1.21799e-01 | 32  0.00046  7.35802e-02 | 33  0.00064  1.07618e-01
 34  0.00122  7.06080e-02 | 35 -0.00238 -5.58505e-02 | 36 -0.00369 -3.51211e-02
 37 -0.00683  9.55581e-03 | 38 -0.00724 -8.04545e-02 | 39  0.00075  4.53739e-02
 40 -0.01199  1.65995e-03 | 41 -0.00796 -1.04776e-01 | 42 -0.00290 -2.34120e-02
 43 -0.00619  8.51348e-02 | 44  0.01668  7.86159e-02 | 45 -0.01204 -1.20637e-01
 46 -0.00873 -3.33771e-02 | 47 -0.00485 -1.61840e-02 | 48 -0.00751 -2.18302e-02
 49 -0.01481 -3.97151e-02 | 50  0.00320  6.68973e-02 | 51  0.01300  2.60334e-02
 52  0.00121  1.19620e-02 | 53 -0.00555 -1.18021e-02 | 54 -0.01309  2.43891e-02
 55 -0.01473 -2.09114e-01 | 56  0.02752 -1.25356e-01 | 57 -0.00542  1.07979e-01
 58 -0.01076 -4.56292e-02 | 59 -0.01088  2.22862e-02 | 60 -0.01322  1.16984e-01
 61 -0.00660 -2.11654e-02 | 62 -0.00006  8.55102e-02 | 63 -0.00630 -6.05116e-02
 64  0.00064 -9.98827e-02 | 65 -0.00200 -7.00328e-02 | 66  0.00193 -8.38927e-02
 67 -0.00794  3.09590e-02 | 68 -0.00685  1.57988e-01 | 69 -0.00214  6.38079e-02
 70  0.01247  1.16522e-01 | 71  0.01003 -3.00432e-02 | 72 -0.02285  1.08359e-01
 73  0.01974  2.33076e-02 | 74  0.00244 -5.79634e-02 | 75 -0.02493  2.80023e-02
 76 -0.01369 -4.78807e-02 | 77  0.02064  9.42175e-02 | 78  0.02590  6.16714e-02
 79  0.03353  9.72424e-02 | 80  0.02899  2.28064e-02 | 81 -0.01086  8.26505e-02
 82  0.02900  6.07359e-03 | 83  0.00290  1.36487e-01 | 84 -0.00408 -4.76716e-01
 85 -0.00168  6.45703e-02 | 86 -0.00302  3.94960e-02 | 87 -0.00061 -9.97288e-02
 88  0.00874 -2.93845e-02 | 89  0.00254  1.77208e-02 | 90 -0.03901 -1.24766e-01
 91 -0.00798  1.66469e-02 | 92 -0.02038  6.46305e-02 | 93  0.00423 -5.57848e-02
 94 -0.02422  4.18501e-01 | 95 -0.03620 -3.17263e-01 | 96  0.01486 -9.25844e-02
 97  0.00469 -3.78622e-03 | 98  0.04697 -1.88644e-01 | 99  0.06084 -2.48699e-02
100 -0.00279  1.04652e-01 |101 -0.00297 -1.85453e-01 |102  0.03326 -1.32174e-01
103  0.00004  2.78171e-01 |104 -0.00854 -1.60688e-02 |105 -0.00037 -1.47428e-02
106  0.00003  3.33646e-02 |107  0.00000 -1.60149e+02 |108 -0.03154  2.35853e-02
109 -0.40683 -5.82906e-02 |110 -0.31439 -3.15066e-02 |111 -0.25108 -2.73232e-02

Intermediate statistics: 111 variables; iteration 20; function evaluation 22; phase 5
Function value 5.6138245e+02; maximum gradient component mag -2.2648e+02
Var    Value     Gradient |Var    Value     Gradient |Var    Value     Gradient
  1 -0.42638 -8.12621e+01 |  2 -0.42817 -2.26482e+02 |  3 -0.39564 -1.07406e+02
  4 -0.43754  5.07570e+01 |  5 -0.34738  7.33736e+00 |  6  0.60089 -1.78580e+02
  7  0.00016 -1.21121e+00 |  8  0.00004 -2.58061e-01 |  9  0.00005 -3.14891e-01
 10  0.00006 -3.84023e-01 | 11  0.00007 -4.68077e-01 | 12  0.00014  4.82943e+00
 13  0.00016  4.71053e+00 | 14  0.00018  4.55639e+00 | 15  0.00019  4.36378e+00
 16  0.00022  4.14103e+00 | 17  0.00025  3.89590e+00 | 18  0.00024  3.60896e+00
 19  0.00389  3.11603e+00 | 20  0.00024  2.80303e+00 | 21  0.00020  2.30076e+00
 22  0.00008  1.74938e+00 | 23  0.00183  1.12911e+00 | 24 -0.00087  8.41369e-01
 25 -0.00176  6.72936e-01 | 26 -0.00255  4.16967e-01 | 27 -0.00177 -1.91510e-01
 28  0.00224 -2.50151e+00 | 29 -0.00061 -5.41474e-01 | 30  0.00027 -8.11625e-01
 31 -0.00151 -8.42720e-01 | 32  0.00032 -1.61864e+00 | 33  0.00042 -1.49590e+00
 34  0.00126 -1.80418e+00 | 35 -0.00163 -1.44186e+00 | 36 -0.00268 -1.25811e+00
 37 -0.00611 -1.06422e+00 | 38 -0.00630 -9.54846e-01 | 39  0.00064 -2.67252e+00
 40 -0.01137 -2.31084e-01 | 41 -0.00789 -1.29595e+00 | 42 -0.00353 -2.10907e+00
 43 -0.00512 -4.54722e-01 | 44  0.01499 -5.89749e+00 | 45 -0.01129  7.11070e-01
 46 -0.00842 -7.68315e-01 | 47 -0.00497 -1.49374e+00 | 48 -0.00727 -1.00750e+00
 49 -0.01366  5.43563e-01 | 50  0.00358 -1.62782e+00 | 51  0.01230 -4.00994e+00
 52  0.00093 -2.36505e+00 | 53 -0.00538 -1.42416e+00 | 54 -0.01213  1.63048e-01
 55 -0.01475 -6.35487e-01 | 56  0.02688 -7.44046e+00 | 57 -0.00469 -1.50112e+00
 58 -0.01014 -1.16794e+00 | 59 -0.01060 -1.60930e+00 | 60 -0.01264 -7.31881e-01
 61 -0.00652 -2.70984e+00 | 62 -0.00228 -5.23450e+00 | 63 -0.00579 -3.02803e+00
 64  0.00026 -5.10813e+00 | 65 -0.00150 -3.79862e+00 | 66  0.00273 -4.89551e+00
 67 -0.01002 -5.48462e+00 | 68 -0.00786 -5.04924e+00 | 69 -0.00152 -4.54413e+00
 70  0.01232 -7.63094e+00 | 71  0.00978 -7.95265e+00 | 72 -0.02343 -3.30528e+00
 73  0.01837 -1.39190e+01 | 74  0.00230 -8.73212e+00 | 75 -0.02593 -5.55852e+00
 76 -0.01443 -9.56917e+00 | 77  0.02030 -1.81268e+01 | 78  0.02708  4.84442e+00
 79  0.03417  2.03376e+01 | 80  0.02881 -2.08710e+01 | 81 -0.01079  1.15027e+01
 82  0.02865 -1.94130e+01 | 83  0.00250  6.09494e+00 | 84 -0.00336  7.92283e+00
 85 -0.00183  1.09757e+01 | 86 -0.00247  1.09883e+01 | 87 -0.00079  1.23719e+01
 88  0.00833 -1.33793e+01 | 89  0.00239  4.29772e+00 | 90 -0.03862  5.78784e+00
 91 -0.00695  3.55894e+01 | 92 -0.01977  1.11218e+01 | 93  0.00443  2.05740e+01
 94 -0.02403  4.00945e+00 | 95 -0.03655  8.59642e+00 | 96  0.01672  3.22573e+01
 97  0.00631  4.88922e+01 | 98  0.04736  1.47059e+01 | 99  0.06042  8.52230e+00
100 -0.00363  7.17551e+00 |101 -0.00596 -1.67377e+01 |102  0.03239 -3.16763e+00
103 -0.00327 -1.57311e+01 |104 -0.00804  6.40485e+00 |105 -0.00026  5.44729e+00
106  0.00011  5.49718e+00 |107 -0.00084 -2.07923e+02 |108 -0.04014 -1.30783e+01
109 -0.41009  2.14186e+01 |110 -0.32571 -3.90351e+00 |111 -0.24401 -2.37010e+00
111 variables; iteration 40; function evaluation 45; phase 5
Function value 5.6061973e+02; maximum gradient component mag 8.7833e+01
Var    Value     Gradient |Var    Value     Gradient |Var    Value     Gradient
  1 -0.42328  1.56108e+01 |  2 -0.42918  8.78332e+01 |  3 -0.39563  2.86883e+01
  4 -0.45997  4.07854e+00 |  5 -0.33139  1.76945e+00 |  6  0.60178  4.98953e+01
  7  0.00028  2.15960e-01 |  8  0.00006  4.40573e-02 |  9  0.00007  5.38417e-02
 10  0.00009  6.57488e-02 | 11  0.00011  8.02226e-02 | 12  0.00016 -1.13422e+00
 13  0.00019 -1.11332e+00 | 14  0.00022 -1.08534e+00 | 15  0.00027 -1.05156e+00
 16  0.00032 -1.01458e+00 | 17  0.00037 -9.72796e-01 | 18  0.00037 -9.22256e-01
 19  0.00407 -8.47562e-01 | 20  0.00046 -8.20583e-01 | 21  0.00047 -7.88145e-01
 22  0.00038 -7.70126e-01 | 23  0.00218 -6.46540e-01 | 24 -0.00047 -4.84071e-01
 25 -0.00147 -3.63970e-01 | 26 -0.00227 -1.98964e-01 | 27 -0.00030  1.56471e+00
 28  0.00126 -3.82650e+00 | 29  0.00064  1.61017e+00 | 30  0.00063 -4.19002e-01
 31 -0.00109 -2.68692e-01 | 32  0.00047 -8.45010e-01 | 33  0.00050 -9.75995e-01
 34  0.00162 -4.93748e-01 | 35 -0.00099  1.92932e-01 | 36 -0.00282 -8.53876e-01
 37 -0.00633 -1.09603e+00 | 38 -0.00684 -1.51820e+00 | 39  0.00181  5.10150e-01
 40 -0.01180 -1.24527e+00 | 41 -0.00711  1.46238e-01 | 42 -0.00263 -6.15191e-02
 43 -0.00740 -3.85905e+00 | 44  0.01656 -6.56119e-01 | 45 -0.01155  6.55217e-01
 46 -0.00859 -1.03475e+00 | 47 -0.00461 -3.16764e-01 | 48 -0.00748 -1.02693e+00
 49 -0.01440 -1.24391e+00 | 50  0.00270 -2.27105e+00 | 51  0.01334  7.67166e-01
 52  0.00113 -4.58907e-01 | 53 -0.00554 -8.31258e-01 | 54 -0.01229  4.33176e-02
 55 -0.01469 -5.67611e-01 | 56  0.02730  6.71454e-02 | 57 -0.00627 -2.45600e+00
 58 -0.01093 -1.38438e+00 | 59 -0.01060 -1.31795e-01 | 60 -0.01272  8.50659e-01
 61 -0.00638  4.04313e-01 | 62 -0.00137  3.74565e-01 | 63 -0.00694 -9.04253e-01
 64  0.00017 -1.42724e-01 | 65 -0.00191  3.18758e-01 | 66  0.00156 -1.22539e+00
 67 -0.00862  1.27493e+00 | 68 -0.00986 -4.08932e+00 | 69 -0.00231 -1.89217e-01
 70  0.01329  7.79232e+00 | 71  0.01095  7.88420e+00 | 72 -0.02354  6.06615e-01
 73  0.01846  2.66433e-01 | 74  0.00145 -2.39707e+00 | 75 -0.02470  4.69235e+00
 76 -0.01298  6.50219e+00 | 77  0.02137  1.07199e+01 | 78  0.02628  5.25952e-01
 79  0.03317  7.56844e+00 | 80  0.02885 -1.15257e+01 | 81 -0.01145  4.30282e+00
 82  0.02961  7.11277e+00 | 83  0.00230  6.27513e+00 | 84 -0.00348  3.29262e+00
 85 -0.00246  7.97966e-01 | 86 -0.00300 -1.65084e+00 | 87 -0.00161 -1.99332e+00
 88  0.00977  6.66053e+00 | 89  0.00238  4.34697e+00 | 90 -0.03986 -1.47134e+01
 91 -0.00795  1.09077e+01 | 92 -0.02024 -4.21448e+00 | 93  0.00357  1.34206e+00
 94 -0.02400 -2.75960e+00 | 95 -0.03766 -7.82793e+00 | 96  0.01651  1.91021e+01
 97  0.00310 -1.68424e+01 | 98  0.04742 -4.09491e+00 | 99  0.06022 -1.94578e+00
100 -0.00429 -7.65611e+00 |101 -0.00394  1.06003e+01 |102  0.03320  3.14992e+00
103 -0.00229 -7.55081e+00 |104 -0.00858 -6.21963e-01 |105 -0.00032 -1.26075e+00
106 -0.00001 -1.28658e+00 |107 -0.00075  2.90055e+01 |108 -0.04242  1.89489e+00
109 -0.41149 -2.17076e+00 |110 -0.33553 -2.49542e+00 |111 -0.24762  6.00020e+00
111 variables; iteration 60; function evaluation 74; phase 5
Function value 5.6051869e+02; maximum gradient component mag -3.5785e+01
Var    Value     Gradient |Var    Value     Gradient |Var    Value     Gradient
  1 -0.42329  1.19577e+00 |  2 -0.43028 -3.57846e+01 |  3 -0.39394 -1.49514e+01
  4 -0.46276 -3.24399e-01 |  5 -0.32614 -8.66251e-01 |  6  0.60230 -3.42589e+01
  7  0.00021 -2.24104e-01 |  8  0.00005 -3.93573e-02 |  9  0.00006 -4.83821e-02
 10  0.00008 -5.95282e-02 | 11  0.00009 -7.33570e-02 | 12  0.00011  7.16634e-01
 13  0.00013  6.99082e-01 | 14  0.00016  6.67245e-01 | 15  0.00018  6.21255e-01
 16  0.00021  5.72573e-01 | 17  0.00025  5.31709e-01 | 18  0.00024  4.83292e-01
 19  0.00390  3.71257e-01 | 20  0.00026  2.83472e-01 | 21  0.00024  1.61139e-01
 22  0.00015  4.92588e-02 | 23  0.00195 -9.83436e-03 | 24 -0.00070  4.17116e-02
 25 -0.00169  2.46037e-02 | 26 -0.00261 -1.36477e-01 | 27 -0.00182 -2.99951e-01
 28  0.00326 -2.63132e-01 | 29 -0.00089 -3.50558e-01 | 30  0.00042 -2.58348e-01
 31 -0.00142 -3.37847e-01 | 32  0.00076 -1.24693e-01 | 33  0.00096  5.87320e-02
 34  0.00161 -2.69300e-01 | 35 -0.00132 -1.16378e-01 | 36 -0.00267 -4.26913e-01
 37 -0.00588 -5.95075e-02 | 38 -0.00599  1.76774e-01 | 39  0.00120 -4.64937e-01
 40 -0.01164 -4.22178e-01 | 41 -0.00775 -5.48075e-01 | 42 -0.00281  2.66333e-02
 43 -0.00504  5.31265e-01 | 44  0.01643 -1.02444e+00 | 45 -0.01214 -3.51566e-02
 46 -0.00826 -2.51875e-02 | 47 -0.00472 -1.96746e-01 | 48 -0.00715 -9.50025e-02
 49 -0.01417 -3.60596e-01 | 50  0.00372  6.91312e-02 | 51  0.01275 -4.98344e-01
 52  0.00108 -3.16178e-01 | 53 -0.00538 -2.21073e-01 | 54 -0.01250  2.20178e-02
 55 -0.01446  4.99471e-01 | 56  0.02729 -8.08716e-01 | 57 -0.00475  3.71483e-01
 58 -0.01056 -4.84104e-01 | 59 -0.01059 -3.54187e-02 | 60 -0.01285  4.81551e-01
 61 -0.00657 -1.07377e-01 | 62 -0.00132  2.48025e-01 | 63 -0.00636 -7.70266e-02
 64  0.00063  2.93638e-01 | 65 -0.00247 -1.91825e+00 | 66  0.00244 -1.49812e-01
 67 -0.00892  8.43318e-01 | 68 -0.00795 -8.53750e-02 | 69 -0.00231 -1.26078e+00
 70  0.01230  9.37475e-01 | 71  0.00914 -2.24026e+00 | 72 -0.02418 -1.91624e+00
 73  0.01871 -8.37462e-01 | 74  0.00203 -1.35163e+00 | 75 -0.02520  2.00424e+00
 76 -0.01378  1.86005e-01 | 77  0.02089  3.80174e-01 | 78  0.02636 -1.73084e+00
 79  0.03291 -8.65173e-01 | 80  0.02944 -3.33783e+00 | 81 -0.01173 -2.72476e-02
 82  0.02950  1.61692e-01 | 83  0.00205  9.69821e-01 | 84 -0.00357  5.87570e-01
 85 -0.00256 -6.24731e-01 | 86 -0.00279  7.49954e-01 | 87 -0.00158 -4.55845e-01
 88  0.00952  6.01358e-01 | 89  0.00217  9.42686e-01 | 90 -0.03859 -1.51617e+00
 91 -0.00843  2.27869e+00 | 92 -0.01991 -1.05618e-01 | 93  0.00349  5.33488e-01
 94 -0.02383  8.28941e-02 | 95 -0.03723  1.35317e-03 | 96  0.01570  3.64287e+00
 97  0.00356 -4.04495e+00 | 98  0.04751 -1.00359e+00 | 99  0.06013 -1.54706e-01
100 -0.00382 -1.03560e-02 |101 -0.00478  2.54809e+00 |102  0.03298  1.65813e+00
103 -0.00189  5.47595e-01 |104 -0.00882  8.87839e-01 |105 -0.00031  8.26946e-01
106  0.00006  8.97096e-01 |107 -0.00083 -1.73866e+01 |108 -0.04374 -2.46401e+00
109 -0.41207  4.26914e+00 |110 -0.33771 -5.23368e-02 |111 -0.24833  9.54467e-01
111 variables; iteration 80; function evaluation 111; phase 5
Function value 5.6051015e+02; maximum gradient component mag -1.5315e+01
Var    Value     Gradient |Var    Value     Gradient |Var    Value     Gradient
  1 -0.42321 -1.16994e+00 |  2 -0.43076 -1.53147e+01 |  3 -0.39319 -6.28069e+00
  4 -0.46395 -1.69703e-01 |  5 -0.32391 -2.40660e-01 |  6  0.60265 -1.26519e+01
  7  0.00025 -6.51904e-02 |  8  0.00006 -1.20896e-02 |  9  0.00007 -1.49302e-02
 10  0.00008 -1.84683e-02 | 11  0.00010 -2.28912e-02 | 12  0.00013  2.86576e-01
 13  0.00016  2.80403e-01 | 14  0.00019  2.71756e-01 | 15  0.00022  2.60969e-01
 16  0.00027  2.48903e-01 | 17  0.00031  2.34921e-01 | 18  0.00030  2.17977e-01
 19  0.00400  1.93419e-01 | 20  0.00039  1.83445e-01 | 21  0.00041  1.67122e-01
 22  0.00035  1.44216e-01 | 23  0.00212  1.01316e-01 | 24 -0.00057  1.10151e-01
 25 -0.00162  3.83610e-02 | 26 -0.00246  3.79579e-02 | 27 -0.00159  4.47525e-02
 28  0.00334 -1.76868e-02 | 29 -0.00067  1.96941e-02 | 30  0.00057  1.32576e-02
 31 -0.00123  4.17518e-03 | 32  0.00072 -8.08818e-02 | 33  0.00083 -4.05085e-02
 34  0.00168 -3.83743e-02 | 35 -0.00133 -2.71019e-02 | 36 -0.00246 -3.50995e-03
 37 -0.00589 -2.92362e-02 | 38 -0.00617 -9.39409e-02 | 39  0.00131 -1.30356e-01
 40 -0.01141 -6.11018e-03 | 41 -0.00742  6.12219e-02 | 42 -0.00295 -9.62976e-02
 43 -0.00541 -6.42183e-02 | 44  0.01674 -1.13420e-01 | 45 -0.01206  4.33341e-02
 46 -0.00828 -4.83434e-03 | 47 -0.00470 -4.35661e-02 | 48 -0.00714  1.96520e-02
 49 -0.01388  1.06120e-01 | 50  0.00367 -4.94019e-02 | 51  0.01277 -1.38705e-01
 52  0.00110 -5.30029e-02 | 53 -0.00534 -2.00147e-02 | 54 -0.01245  5.53219e-02
 55 -0.01462 -7.69739e-03 | 56  0.02731 -2.25860e-01 | 57 -0.00511 -9.68615e-02
 58 -0.01037 -4.98799e-02 | 59 -0.01063 -7.74713e-02 | 60 -0.01303 -1.12765e-02
 61 -0.00664 -8.69888e-02 | 62 -0.00175 -1.52335e-01 | 63 -0.00648 -1.10423e-01
 64  0.00023 -2.43188e-01 | 65 -0.00189 -6.37286e-02 | 66  0.00213 -3.50192e-01
 67 -0.00967 -1.82144e-01 | 68 -0.00816 -1.09779e-01 | 69 -0.00206 -1.90753e-01
 70  0.01173 -4.83095e-01 | 71  0.00940 -2.05796e-01 | 72 -0.02364  4.56188e-03
 73  0.01853 -4.53586e-01 | 74  0.00213 -2.33320e-01 | 75 -0.02576 -2.34249e-01
 76 -0.01388 -2.04694e-01 | 77  0.02075 -6.28834e-01 | 78  0.02640 -4.09389e-01
 79  0.03281 -5.45937e-01 | 80  0.02958 -1.23758e-01 | 81 -0.01181 -6.31405e-02
 82  0.02947 -4.05955e-01 | 83  0.00192 -2.20006e-01 | 84 -0.00361 -1.18094e-01
 85 -0.00259  6.71521e-02 | 86 -0.00284 -8.52287e-02 | 87 -0.00163  6.54178e-02
 88  0.00950 -8.03681e-02 | 89  0.00207 -4.64278e-02 | 90 -0.03836  3.73309e-01
 91 -0.00860 -9.68535e-02 | 92 -0.01984  2.17872e-01 | 93  0.00343  1.24377e-01
 94 -0.02376  2.74024e-01 | 95 -0.03723  3.13805e-01 | 96  0.01556 -1.61529e-01
 97  0.00374  6.61768e-01 | 98  0.04761  3.52046e-01 | 99  0.06010  2.85283e-01
100 -0.00374  3.75076e-01 |101 -0.00500  1.43642e-01 |102  0.03298  2.81272e-01
103 -0.00193  3.70132e-01 |104 -0.00886  2.56305e-01 |105 -0.00031  3.14033e-01
106  0.00002  3.26962e-01 |107 -0.00094 -6.45266e+00 |108 -0.04467 -8.08267e-01
109 -0.41253  1.21383e+00 |110 -0.34235  1.80038e-02 |111 -0.25019 -5.32861e-02
111 variables; iteration 100; function evaluation 148; phase 5
Function value 5.6051001e+02; maximum gradient component mag -1.2802e-01
Var    Value     Gradient |Var    Value     Gradient |Var    Value     Gradient
  1 -0.42320 -2.92788e-02 |  2 -0.43082 -1.28025e-01 |  3 -0.39310 -5.85229e-02
  4 -0.46405 -5.16421e-03 |  5 -0.32379 -2.43053e-03 |  6  0.60271 -1.10411e-01
  7  0.00025 -9.10017e-04 |  8  0.00006 -4.93495e-04 |  9  0.00007 -5.38454e-04
 10  0.00008 -5.65524e-04 | 11  0.00010 -5.62680e-04 | 12  0.00013  3.09811e-03
 13  0.00016  3.16237e-03 | 14  0.00019  3.22830e-03 | 15  0.00023  3.05068e-03
 16  0.00027  2.65992e-03 | 17  0.00032  2.26732e-03 | 18  0.00032  1.86821e-03
 19  0.00401  1.78708e-04 | 20  0.00040  4.84814e-04 | 21  0.00042  2.18370e-03
 22  0.00036  1.92563e-03 | 23  0.00214  7.22324e-04 | 24 -0.00057  2.26902e-03
 25 -0.00159  1.19102e-03 | 26 -0.00244 -8.85203e-04 | 27 -0.00159 -8.47446e-04
 28  0.00336  5.09927e-04 | 29 -0.00066 -8.19207e-05 | 30  0.00058  3.11999e-05
 31 -0.00122 -2.24176e-03 | 32  0.00077 -5.67327e-04 | 33  0.00086  2.70814e-04
 34  0.00169  7.13246e-05 | 35 -0.00132 -7.67934e-04 | 36 -0.00247 -3.46337e-03
 37 -0.00587 -8.46397e-04 | 38 -0.00612  2.87792e-03 | 39  0.00136 -5.91971e-04
 40 -0.01138 -4.10325e-06 | 41 -0.00745 -1.93303e-03 | 42 -0.00290 -1.99023e-04
 43 -0.00538 -8.48908e-04 | 44  0.01674 -1.56391e-03 | 45 -0.01205 -5.22994e-05
 46 -0.00827 -2.07301e-03 | 47 -0.00469 -7.12476e-04 | 48 -0.00715  1.53070e-03
 49 -0.01392  1.94586e-04 | 50  0.00367 -9.74628e-05 | 51  0.01278 -1.71920e-03
 52  0.00109 -5.59669e-04 | 53 -0.00534  1.15177e-03 | 54 -0.01247  5.82189e-04
 55 -0.01460  9.99856e-04 | 56  0.02727 -3.98951e-03 | 57 -0.00509 -8.26432e-05
 58 -0.01036  5.31255e-06 | 59 -0.01061 -5.55361e-04 | 60 -0.01304 -5.65196e-04
 61 -0.00666  5.90088e-04 | 62 -0.00177 -1.77516e-03 | 63 -0.00652 -1.47192e-03
 64  0.00024 -7.92685e-04 | 65 -0.00195 -2.60264e-03 | 66  0.00216 -5.24763e-04
 67 -0.00968 -7.07298e-04 | 68 -0.00822 -2.06763e-03 | 69 -0.00210 -1.72002e-03
 70  0.01175 -1.47305e-03 | 71  0.00935 -4.30123e-03 | 72 -0.02369 -1.64711e-03
 73  0.01851 -4.31267e-03 | 74  0.00209 -4.16483e-03 | 75 -0.02575  1.70951e-03
 76 -0.01389 -5.69758e-05 | 77  0.02075 -1.70215e-03 | 78  0.02639 -6.00064e-03
 79  0.03280 -2.61041e-03 | 80  0.02956 -8.85664e-03 | 81 -0.01182  5.83185e-04
 82  0.02946 -3.69360e-03 | 83  0.00192  1.69988e-03 | 84 -0.00361 -8.00101e-04
 85 -0.00260 -5.11079e-04 | 86 -0.00284 -6.32568e-04 | 87 -0.00164 -3.80994e-04
 88  0.00950 -1.18118e-03 | 89  0.00207  2.06327e-03 | 90 -0.03838 -2.09947e-03
 91 -0.00860  4.26362e-03 | 92 -0.01985 -4.74568e-04 | 93  0.00342  2.78239e-03
 94 -0.02377  5.71301e-04 | 95 -0.03724  3.94212e-03 | 96  0.01558  4.97013e-03
 97  0.00372 -2.81392e-03 | 98  0.04760 -2.26178e-03 | 99  0.06010  3.04516e-03
100 -0.00375  4.06262e-04 |101 -0.00499  8.26237e-03 |102  0.03299  3.09942e-03
103 -0.00194  4.73714e-03 |104 -0.00883  2.23714e-03 |105 -0.00030  3.22442e-03
106  0.00001  1.40452e-03 |107 -0.00096 -4.67696e-02 |108 -0.04475 -7.16077e-03
109 -0.41256  1.03899e-02 |110 -0.34283 -1.95680e-03 |111 -0.25037 -7.46591e-03
  ic > imax  in fminim is answer attained ?
Var    Value     Gradient |Var    Value     Gradient |Var    Value     Gradient
  1 -0.42320  3.47454e-04 |  2 -0.43082  1.38724e-03 |  3 -0.39310  6.42758e-04
  4 -0.46404  5.87084e-05 |  5 -0.32380  2.69962e-05 |  6  0.60270  1.11897e-03
  7  0.00025 -1.23348e-05 |  8  0.00006 -1.34239e-05 |  9  0.00007 -1.49119e-05
 10  0.00008 -1.53136e-05 | 11  0.00010 -1.36257e-05 | 12  0.00013  4.91550e-06
 13  0.00016  1.24126e-05 | 14  0.00019  1.55383e-05 | 15  0.00023 -8.50338e-07
 16  0.00027 -2.79322e-05 | 17  0.00032 -4.71754e-05 | 18  0.00032 -6.03838e-05
 19  0.00401  8.67851e-06 | 20  0.00040  2.89192e-05 | 21  0.00042 -6.79444e-05
 22  0.00036 -3.88484e-06 | 23  0.00214 -1.38151e-05 | 24 -0.00057 -1.51337e-05
 25 -0.00159 -4.68839e-06 | 26 -0.00244 -3.03195e-05 | 27 -0.00159  2.40477e-05
 28  0.00336  3.68936e-06 | 29 -0.00066  1.05958e-05 | 30  0.00058 -1.21730e-04
 31 -0.00122  7.20153e-05 | 32  0.00077  1.95170e-05 | 33  0.00086  7.57984e-06
 34  0.00169  7.98353e-06 | 35 -0.00132  2.36171e-05 | 36 -0.00247  2.22027e-05
 37 -0.00587  7.16393e-05 | 38 -0.00612 -5.23185e-05 | 39  0.00136  1.20597e-05
 40 -0.01138  5.64125e-06 | 41 -0.00745 -3.22793e-07 | 42 -0.00290  2.18382e-07
 43 -0.00538  1.60489e-05 | 44  0.01674 -3.22166e-06 | 45 -0.01205 -2.76496e-06
 46 -0.00827 -3.03160e-05 | 47 -0.00469 -3.97694e-05 | 48 -0.00715 -5.44088e-05
 49 -0.01392 -5.54516e-05 | 50  0.00367 -5.84454e-05 | 51  0.01278 -1.20201e-04
 52  0.00109  4.25109e-04 | 53 -0.00534 -8.01857e-05 | 54 -0.01247  1.28877e-05
 55 -0.01460  6.56675e-06 | 56  0.02727  5.68329e-05 | 57 -0.00510 -6.24323e-06
 58 -0.01036  1.36289e-06 | 59 -0.01061  9.28643e-06 | 60 -0.01304  4.82150e-06
 61 -0.00666 -2.69045e-05 | 62 -0.00177  2.71491e-05 | 63 -0.00651  4.56545e-05
 64  0.00024  1.64177e-05 | 65 -0.00195  1.64105e-05 | 66  0.00216 -5.76749e-06
 67 -0.00968  8.91506e-06 | 68 -0.00822  3.65268e-05 | 69 -0.00210  8.27848e-06
 70  0.01175  3.10726e-05 | 71  0.00935  3.22774e-05 | 72 -0.02369  1.48492e-06
 73  0.01851  4.68811e-05 | 74  0.00209  4.06182e-05 | 75 -0.02575 -2.70065e-06
 76 -0.01389  4.28840e-06 | 77  0.02075  3.03666e-05 | 78  0.02639  5.82213e-05
 79  0.03280  2.35653e-05 | 80  0.02956  7.89316e-05 | 81 -0.01182 -8.72272e-06
 82  0.02946  4.92759e-05 | 83  0.00192 -1.16515e-05 | 84 -0.00361  1.39660e-05
 85 -0.00260 -5.65810e-07 | 86 -0.00284  1.32437e-05 | 87 -0.00164 -1.80632e-07
 88  0.00950  1.98893e-05 | 89  0.00207 -1.69881e-05 | 90 -0.03838  7.56605e-06
 91 -0.00860 -3.53034e-05 | 92 -0.01985 -3.50532e-07 | 93  0.00342 -3.34794e-05
 94 -0.02377 -1.18302e-05 | 95 -0.03724 -4.92550e-05 | 96  0.01558 -2.96992e-05
 97  0.00372 -9.59728e-06 | 98  0.04760  1.43034e-05 | 99  0.06010 -4.32655e-05
100 -0.00375 -7.59891e-06 |101 -0.00499 -7.64786e-05 |102  0.03299 -2.29177e-05
103 -0.00194 -5.12290e-05 |104 -0.00883 -3.02209e-05 |105 -0.00030 -1.05498e-04
106  0.00001 -4.16832e-05 |107 -0.00096  4.68697e-04 |108 -0.04475  7.50788e-05
109 -0.41256 -8.99691e-05 |110 -0.34278  2.81801e-05 |111 -0.25034  8.04747e-05
Function minimizer not making progress ... is minimum attained?
Minimprove criterion = 0.0000e+00

 - final statistics:
111 variables; iteration 114; function evaluation 203
Function value 5.6051e+02; maximum gradient component mag 1.3872e-03
Exit code = 1;  converg criter 1.0000e-04
Var    Value     Gradient |Var    Value     Gradient |Var    Value     Gradient
  1 -0.42320  3.47454e-04 |  2 -0.43082  1.38724e-03 |  3 -0.39310  6.42758e-04
  4 -0.46404  5.87084e-05 |  5 -0.32380  2.69962e-05 |  6  0.60270  1.11897e-03
  7  0.00025 -1.23348e-05 |  8  0.00006 -1.34239e-05 |  9  0.00007 -1.49119e-05
 10  0.00008 -1.53136e-05 | 11  0.00010 -1.36257e-05 | 12  0.00013  4.91550e-06
 13  0.00016  1.24126e-05 | 14  0.00019  1.55383e-05 | 15  0.00023 -8.50338e-07
 16  0.00027 -2.79322e-05 | 17  0.00032 -4.71754e-05 | 18  0.00032 -6.03838e-05
 19  0.00401  8.67851e-06 | 20  0.00040  2.89192e-05 | 21  0.00042 -6.79444e-05
 22  0.00036 -3.88484e-06 | 23  0.00214 -1.38151e-05 | 24 -0.00057 -1.51337e-05
 25 -0.00159 -4.68839e-06 | 26 -0.00244 -3.03195e-05 | 27 -0.00159  2.40477e-05
 28  0.00336  3.68936e-06 | 29 -0.00066  1.05958e-05 | 30  0.00058 -1.21730e-04
 31 -0.00122  7.20153e-05 | 32  0.00077  1.95170e-05 | 33  0.00086  7.57984e-06
 34  0.00169  7.98353e-06 | 35 -0.00132  2.36171e-05 | 36 -0.00247  2.22027e-05
 37 -0.00587  7.16393e-05 | 38 -0.00612 -5.23185e-05 | 39  0.00136  1.20597e-05
 40 -0.01138  5.64125e-06 | 41 -0.00745 -3.22793e-07 | 42 -0.00290  2.18382e-07
 43 -0.00538  1.60489e-05 | 44  0.01674 -3.22166e-06 | 45 -0.01205 -2.76496e-06
 46 -0.00827 -3.03160e-05 | 47 -0.00469 -3.97694e-05 | 48 -0.00715 -5.44088e-05
 49 -0.01392 -5.54516e-05 | 50  0.00367 -5.84454e-05 | 51  0.01278 -1.20201e-04
 52  0.00109  4.25109e-04 | 53 -0.00534 -8.01857e-05 | 54 -0.01247  1.28877e-05
 55 -0.01460  6.56675e-06 | 56  0.02727  5.68329e-05 | 57 -0.00510 -6.24323e-06
 58 -0.01036  1.36289e-06 | 59 -0.01061  9.28643e-06 | 60 -0.01304  4.82150e-06
 61 -0.00666 -2.69045e-05 | 62 -0.00177  2.71491e-05 | 63 -0.00651  4.56545e-05
 64  0.00024  1.64177e-05 | 65 -0.00195  1.64105e-05 | 66  0.00216 -5.76749e-06
 67 -0.00968  8.91506e-06 | 68 -0.00822  3.65268e-05 | 69 -0.00210  8.27848e-06
 70  0.01175  3.10726e-05 | 71  0.00935  3.22774e-05 | 72 -0.02369  1.48492e-06
 73  0.01851  4.68811e-05 | 74  0.00209  4.06182e-05 | 75 -0.02575 -2.70065e-06
 76 -0.01389  4.28840e-06 | 77  0.02075  3.03666e-05 | 78  0.02639  5.82213e-05
 79  0.03280  2.35653e-05 | 80  0.02956  7.89316e-05 | 81 -0.01182 -8.72272e-06
 82  0.02946  4.92759e-05 | 83  0.00192 -1.16515e-05 | 84 -0.00361  1.39660e-05
 85 -0.00260 -5.65810e-07 | 86 -0.00284  1.32437e-05 | 87 -0.00164 -1.80632e-07
 88  0.00950  1.98893e-05 | 89  0.00207 -1.69881e-05 | 90 -0.03838  7.56605e-06
 91 -0.00860 -3.53034e-05 | 92 -0.01985 -3.50532e-07 | 93  0.00342 -3.34794e-05
 94 -0.02377 -1.18302e-05 | 95 -0.03724 -4.92550e-05 | 96  0.01558 -2.96992e-05
 97  0.00372 -9.59728e-06 | 98  0.04760  1.43034e-05 | 99  0.06010 -4.32655e-05
100 -0.00375 -7.59891e-06 |101 -0.00499 -7.64786e-05 |102  0.03299 -2.29177e-05
103 -0.00194 -5.12290e-05 |104 -0.00883 -3.02209e-05 |105 -0.00030 -1.05498e-04
106  0.00001 -4.16832e-05 |107 -0.00096  4.68697e-04 |108 -0.04475  7.50788e-05
109 -0.41256 -8.99691e-05 |110 -0.34278  2.81801e-05 |111 -0.25034  8.04747e-05

Initial statistics: 112 variables; iteration 0; function evaluation 0; phase 6
Function value 5.6051001e+02; maximum gradient component mag 1.3872e-03
Var    Value     Gradient |Var    Value     Gradient |Var    Value     Gradient
  1 -0.42320  3.47454e-04 |  2 -0.43082  1.38724e-03 |  3 -0.39310  6.42758e-04
  4 -0.46404  5.87084e-05 |  5 -0.32380  2.69962e-05 |  6  0.60270  1.11897e-03
  7  0.00025 -1.23348e-05 |  8  0.00006 -1.34239e-05 |  9  0.00007 -1.49119e-05
 10  0.00008 -1.53136e-05 | 11  0.00010 -1.36257e-05 | 12  0.00013  5.01973e-06
 13  0.00016  1.25168e-05 | 14  0.00019  1.56425e-05 | 15  0.00023 -7.46103e-07
 16  0.00027 -2.78280e-05 | 17  0.00032 -4.70711e-05 | 18  0.00032 -6.02796e-05
 19  0.00401  8.78274e-06 | 20  0.00040  2.90234e-05 | 21  0.00042 -6.78401e-05
 22  0.00036 -3.78060e-06 | 23  0.00214 -1.37108e-05 | 24 -0.00057 -1.50295e-05
 25 -0.00159 -4.58415e-06 | 26 -0.00244 -3.02152e-05 | 27 -0.00159  2.41519e-05
 28  0.00336  3.79359e-06 | 29 -0.00066  1.07000e-05 | 30  0.00058 -1.21625e-04
 31 -0.00122  7.21195e-05 | 32  0.00077  1.96213e-05 | 33  0.00086  7.68407e-06
 34  0.00169  8.08777e-06 | 35 -0.00132  2.37214e-05 | 36 -0.00247  2.23070e-05
 37 -0.00587  7.17435e-05 | 38 -0.00612 -5.22143e-05 | 39  0.00136  1.21639e-05
 40 -0.01138  5.74547e-06 | 41 -0.00745 -2.18561e-07 | 42 -0.00290  3.22620e-07
 43 -0.00538  1.61532e-05 | 44  0.01674 -3.11746e-06 | 45 -0.01205 -2.66074e-06
 46 -0.00827 -3.02118e-05 | 47 -0.00469 -3.96652e-05 | 48 -0.00715 -5.43045e-05
 49 -0.01392 -5.53474e-05 | 50  0.00367 -5.83411e-05 | 51  0.01278 -1.20097e-04
 52  0.00109  4.25214e-04 | 53 -0.00534 -8.00815e-05 | 54 -0.01247  1.29919e-05
 55 -0.01460  6.67096e-06 | 56  0.02727  5.69370e-05 | 57 -0.00510 -6.13899e-06
 58 -0.01036  1.46711e-06 | 59 -0.01061  9.39066e-06 | 60 -0.01304  4.92572e-06
 61 -0.00666 -2.68002e-05 | 62 -0.00177  2.72534e-05 | 63 -0.00651  4.57588e-05
 64  0.00024  1.65220e-05 | 65 -0.00195  1.65147e-05 | 66  0.00216 -5.66324e-06
 67 -0.00968  9.01929e-06 | 68 -0.00822  3.66310e-05 | 69 -0.00210  8.38273e-06
 70  0.01175  3.11768e-05 | 71  0.00935  3.23816e-05 | 72 -0.02369  1.58909e-06
 73  0.01851  4.69853e-05 | 74  0.00209  4.07224e-05 | 75 -0.02575 -2.59649e-06
 76 -0.01389  4.39262e-06 | 77  0.02075  3.04708e-05 | 78  0.02639  5.83255e-05
 79  0.03280  2.36694e-05 | 80  0.02956  7.90357e-05 | 81 -0.01182 -8.61850e-06
 82  0.02946  4.93801e-05 | 83  0.00192 -1.15472e-05 | 84 -0.00361  1.40703e-05
 85 -0.00260 -4.61571e-07 | 86 -0.00284  1.33480e-05 | 87 -0.00164 -7.63931e-08
 88  0.00950  1.99935e-05 | 89  0.00207 -1.68838e-05 | 90 -0.03838  7.67010e-06
 91 -0.00860 -3.51991e-05 | 92 -0.01985 -2.46345e-07 | 93  0.00342 -3.33751e-05
 94 -0.02377 -1.17261e-05 | 95 -0.03724 -4.91510e-05 | 96  0.01558 -2.95949e-05
 97  0.00372 -9.49305e-06 | 98  0.04760  1.44073e-05 | 99  0.06010 -4.31617e-05
100 -0.00375 -7.49468e-06 |101 -0.00499 -7.63743e-05 |102  0.03299 -2.28136e-05
103 -0.00194 -5.11247e-05 |104 -0.00883 -3.01167e-05 |105 -0.00030 -1.05394e-04
106  0.00001 -4.15790e-05 |107  0.00000  0.00000e+00 |108 -0.00096  4.68697e-04
109 -0.04475  7.50788e-05 |110 -0.41256 -8.99691e-05 |111 -0.34278  2.81801e-05
112 -0.25034  8.04747e-05 |
  ic > imax  in fminim is answer attained ?
Var    Value     Gradient |Var    Value     Gradient |Var    Value     Gradient
  1 -0.42320  2.02822e-04 |  2 -0.43082 -5.61467e-04 |  3 -0.39310  3.08995e-05
  4 -0.46404 -7.95804e-06 |  5 -0.32380 -6.56260e-05 |  6  0.60270 -5.85509e-04
  7  0.00025 -9.51117e-06 |  8  0.00006 -6.83996e-06 |  9  0.00007 -7.69149e-06
 10  0.00008 -8.10478e-06 | 11  0.00010 -7.64783e-06 | 12  0.00013  2.22289e-05
 13  0.00016  2.50689e-05 | 14  0.00019  2.58938e-05 | 15  0.00023  1.80852e-05
 16  0.00027  5.53786e-06 | 17  0.00032 -3.66341e-06 | 18  0.00032 -1.03990e-05
 19  0.00401  1.79646e-05 | 20  0.00040  2.58148e-05 | 21  0.00042 -1.74568e-05
 22  0.00036  8.62164e-06 | 23  0.00214  2.18483e-06 | 24 -0.00057  2.35193e-07
 25 -0.00159  3.41294e-06 | 26 -0.00244 -1.09994e-05 | 27 -0.00159  1.49749e-05
 28  0.00336  4.56305e-06 | 29 -0.00066  6.56908e-06 | 30  0.00058 -7.35226e-05
 31 -0.00122  3.57389e-05 | 32  0.00077  6.31475e-06 | 33  0.00086  1.78304e-06
 34  0.00169  6.01104e-07 | 35 -0.00132  8.07922e-06 | 36 -0.00247  7.98356e-06
 37 -0.00587  3.95348e-05 | 38 -0.00612 -3.52526e-05 | 39  0.00136 -1.23096e-06
 40 -0.01138  3.66264e-06 | 41 -0.00745 -7.70740e-07 | 42 -0.00290 -2.78132e-06
 43 -0.00538  6.73434e-06 | 44  0.01674 -1.63783e-05 | 45 -0.01205  5.82856e-07
 46 -0.00827 -1.75831e-05 | 47 -0.00469 -2.63377e-05 | 48 -0.00715 -3.56731e-05
 49 -0.01392 -3.24124e-05 | 50  0.00367 -3.97705e-05 | 51  0.01278 -7.47424e-05
 52  0.00109  2.10750e-04 | 53 -0.00534 -4.99499e-05 | 54 -0.01247  1.99479e-06
 55 -0.01460  8.83152e-07 | 56  0.02727  9.70012e-06 | 57 -0.00510 -1.44307e-05
 58 -0.01036 -8.30034e-06 | 59 -0.01061 -3.01041e-06 | 60 -0.01304 -5.64725e-06
 61 -0.00666 -3.00686e-05 | 62 -0.00177 -2.31411e-06 | 63 -0.00651  1.03668e-05
 64  0.00024 -1.41842e-05 | 65 -0.00195 -1.25055e-05 | 66  0.00216 -2.98456e-05
 67 -0.00968 -1.25838e-05 | 68 -0.00822  5.28370e-06 | 69 -0.00210 -2.07294e-05
 70  0.01175 -4.21985e-05 | 71  0.00935 -2.90486e-05 | 72 -0.02369 -1.07285e-05
 73  0.01851 -6.07586e-05 | 74  0.00209 -2.88849e-05 | 75 -0.02575 -4.20754e-05
 76 -0.01389 -9.01854e-05 | 77  0.02075 -7.50942e-05 | 78  0.02639 -1.71433e-05
 79  0.03280 -7.16657e-05 | 80  0.02956  8.82485e-05 | 81 -0.01182  9.50704e-06
 82  0.02946  6.80871e-05 | 83  0.00192 -4.41816e-05 | 84 -0.00361 -8.46859e-06
 85 -0.00260  2.96601e-05 | 86 -0.00284  5.39268e-06 | 87 -0.00164  1.89583e-05
 88  0.00950  5.40782e-05 | 89  0.00207 -2.35476e-05 | 90 -0.03838  6.74985e-05
 91 -0.00860 -6.86931e-05 | 92 -0.01985 -1.38336e-05 | 93  0.00342 -1.04612e-04
 94 -0.02377 -2.19001e-05 | 95 -0.03724  1.23123e-05 | 96  0.01558 -1.21132e-04
 97  0.00372  8.16215e-05 | 98  0.04760  8.97667e-05 | 99  0.06010 -9.76021e-06
100 -0.00375  5.68860e-05 |101 -0.00499 -6.43754e-05 |102  0.03299  1.35611e-05
103 -0.00194 -6.19142e-06 |104 -0.00883  7.33125e-06 |105 -0.00030 -2.48131e-05
106  0.00001  3.71942e-06 |107  0.00000  0.00000e+00 |108 -0.00096 -7.24133e-04
109 -0.04475 -1.25313e-04 |110 -0.41256  2.71455e-04 |111 -0.34278  5.74521e-05
112 -0.25034 -5.21006e-05 |
Function minimizer not making progress ... is minimum attained?
Minimprove criterion = 0.0000e+00

 - final statistics:
112 variables; iteration 19; function evaluation 55
Function value 5.6051e+02; maximum gradient component mag -7.2413e-04
Exit code = 1;  converg criter 1.0000e-04
Var    Value     Gradient |Var    Value     Gradient |Var    Value     Gradient
  1 -0.42320  2.02822e-04 |  2 -0.43082 -5.61467e-04 |  3 -0.39310  3.08995e-05
  4 -0.46404 -7.95804e-06 |  5 -0.32380 -6.56260e-05 |  6  0.60270 -5.85509e-04
  7  0.00025 -9.51117e-06 |  8  0.00006 -6.83996e-06 |  9  0.00007 -7.69149e-06
 10  0.00008 -8.10478e-06 | 11  0.00010 -7.64783e-06 | 12  0.00013  2.22289e-05
 13  0.00016  2.50689e-05 | 14  0.00019  2.58938e-05 | 15  0.00023  1.80852e-05
 16  0.00027  5.53786e-06 | 17  0.00032 -3.66341e-06 | 18  0.00032 -1.03990e-05
 19  0.00401  1.79646e-05 | 20  0.00040  2.58148e-05 | 21  0.00042 -1.74568e-05
 22  0.00036  8.62164e-06 | 23  0.00214  2.18483e-06 | 24 -0.00057  2.35193e-07
 25 -0.00159  3.41294e-06 | 26 -0.00244 -1.09994e-05 | 27 -0.00159  1.49749e-05
 28  0.00336  4.56305e-06 | 29 -0.00066  6.56908e-06 | 30  0.00058 -7.35226e-05
 31 -0.00122  3.57389e-05 | 32  0.00077  6.31475e-06 | 33  0.00086  1.78304e-06
 34  0.00169  6.01104e-07 | 35 -0.00132  8.07922e-06 | 36 -0.00247  7.98356e-06
 37 -0.00587  3.95348e-05 | 38 -0.00612 -3.52526e-05 | 39  0.00136 -1.23096e-06
 40 -0.01138  3.66264e-06 | 41 -0.00745 -7.70740e-07 | 42 -0.00290 -2.78132e-06
 43 -0.00538  6.73434e-06 | 44  0.01674 -1.63783e-05 | 45 -0.01205  5.82856e-07
 46 -0.00827 -1.75831e-05 | 47 -0.00469 -2.63377e-05 | 48 -0.00715 -3.56731e-05
 49 -0.01392 -3.24124e-05 | 50  0.00367 -3.97705e-05 | 51  0.01278 -7.47424e-05
 52  0.00109  2.10750e-04 | 53 -0.00534 -4.99499e-05 | 54 -0.01247  1.99479e-06
 55 -0.01460  8.83152e-07 | 56  0.02727  9.70012e-06 | 57 -0.00510 -1.44307e-05
 58 -0.01036 -8.30034e-06 | 59 -0.01061 -3.01041e-06 | 60 -0.01304 -5.64725e-06
 61 -0.00666 -3.00686e-05 | 62 -0.00177 -2.31411e-06 | 63 -0.00651  1.03668e-05
 64  0.00024 -1.41842e-05 | 65 -0.00195 -1.25055e-05 | 66  0.00216 -2.98456e-05
 67 -0.00968 -1.25838e-05 | 68 -0.00822  5.28370e-06 | 69 -0.00210 -2.07294e-05
 70  0.01175 -4.21985e-05 | 71  0.00935 -2.90486e-05 | 72 -0.02369 -1.07285e-05
 73  0.01851 -6.07586e-05 | 74  0.00209 -2.88849e-05 | 75 -0.02575 -4.20754e-05
 76 -0.01389 -9.01854e-05 | 77  0.02075 -7.50942e-05 | 78  0.02639 -1.71433e-05
 79  0.03280 -7.16657e-05 | 80  0.02956  8.82485e-05 | 81 -0.01182  9.50704e-06
 82  0.02946  6.80871e-05 | 83  0.00192 -4.41816e-05 | 84 -0.00361 -8.46859e-06
 85 -0.00260  2.96601e-05 | 86 -0.00284  5.39268e-06 | 87 -0.00164  1.89583e-05
 88  0.00950  5.40782e-05 | 89  0.00207 -2.35476e-05 | 90 -0.03838  6.74985e-05
 91 -0.00860 -6.86931e-05 | 92 -0.01985 -1.38336e-05 | 93  0.00342 -1.04612e-04
 94 -0.02377 -2.19001e-05 | 95 -0.03724  1.23123e-05 | 96  0.01558 -1.21132e-04
 97  0.00372  8.16215e-05 | 98  0.04760  8.97667e-05 | 99  0.06010 -9.76021e-06
100 -0.00375  5.68860e-05 |101 -0.00499 -6.43754e-05 |102  0.03299  1.35611e-05
103 -0.00194 -6.19142e-06 |104 -0.00883  7.33125e-06 |105 -0.00030 -2.48131e-05
106  0.00001  3.71942e-06 |107  0.00000  0.00000e+00 |108 -0.00096 -7.24133e-04
109 -0.04475 -1.25313e-04 |110 -0.41256  2.71455e-04 |111 -0.34278  5.74521e-05
112 -0.25034 -5.21006e-05 |
size of file gradfil1.tmp = 0
size of file gradfil2.tmp = 0
size of file varssave.tmp = 0
size of file cmpdiff.tmp = 0
