
Initial statistics: 1 variables; iteration 0; function evaluation 0; phase 1
Function value 7.8218136e+02; maximum gradient component mag -3.1453e+04
Var    Value     Gradient |Var    Value     Gradient |Var    Value     Gradient
  1  0.63197 -3.14529e+04 |

 - final statistics:
1 variables; iteration 6; function evaluation 9
Function value 7.4739e+02; maximum gradient component mag -1.1314e+00
Exit code = 1;  converg criter 1.0000e+01
Var    Value     Gradient |Var    Value     Gradient |Var    Value     Gradient
  1  0.63491 -1.13141e+00 |

Initial statistics: 98 variables; iteration 0; function evaluation 0; phase 2
Function value 7.4739101e+02; maximum gradient component mag -1.6309e+03
Var    Value     Gradient |Var    Value     Gradient |Var    Value     Gradient
  1  0.63491 -1.13141e+00 |  2  0.00000 -3.79111e+00 |  3  0.00000 -3.82134e+00
  4  0.00000 -3.85799e+00 |  5  0.00000 -3.90227e+00 |  6  0.00000 -3.95561e+00
  7  0.00000 -4.01961e+00 |  8  0.00000 -4.09798e+00 |  9  0.00000 -4.19101e+00
 10  0.00000 -4.30188e+00 | 11  0.00000 -4.43289e+00 | 12  0.00000 -4.58731e+00
 13  0.00000 -4.76453e+00 | 14  0.00000 -4.97048e+00 | 15  0.00000 -5.63677e+00
 16  0.00000 -5.46887e+00 | 17  0.00000 -5.93352e+00 | 18  0.00000 -6.10655e+00
 19  0.00000 -7.01120e+00 | 20  0.00000 -6.91265e+00 | 21  0.00000 -9.25337e+00
 22  0.00000 -8.19501e+00 | 23  0.00000 -9.04763e+00 | 24  0.00000 -1.10760e+01
 25  0.00000 -1.49034e+01 | 26  0.00000 -2.67712e+01 | 27  0.00000 -1.91973e+01
 28  0.00000 -3.97495e+00 | 29  0.00000 -1.22207e+00 | 30  0.00000 -1.92293e+00
 31  0.00000 -1.13246e+01 | 32  0.00000 -2.01943e+01 | 33  0.00000 -9.11449e+00
 34  0.00000 -1.30094e+01 | 35  0.00000 -6.63361e+01 | 36  0.00000 -2.83321e+01
 37  0.00000 -2.08233e+01 | 38  0.00000 -2.30408e+01 | 39  0.00000 -2.06157e+01
 40  0.00000  7.74152e-01 | 41  0.00000 -2.34659e+01 | 42  0.00000 -2.81706e+01
 43  0.00000 -3.51506e+01 | 44  0.00000 -5.78189e+01 | 45  0.00000 -2.29718e+01
 46  0.00000 -5.17421e+01 | 47  0.00000 -4.88786e+01 | 48  0.00000 -2.56156e+01
 49  0.00000 -1.17626e+01 | 50  0.00000 -1.21256e+01 | 51  0.00000 -6.43950e+01
 52  0.00000 -6.00795e+01 | 53  0.00000 -3.89499e+01 | 54  0.00000 -9.23567e+00
 55  0.00000 -2.31685e+01 | 56  0.00000 -3.43821e+01 | 57  0.00000 -2.07259e+01
 58  0.00000 -8.31569e+01 | 59  0.00000 -1.18269e+02 | 60  0.00000 -9.71518e+01
 61  0.00000 -1.11221e+02 | 62  0.00000  6.26186e+01 | 63  0.00000 -1.14093e+02
 64  0.00000  4.93508e+01 | 65  0.00000 -3.36795e+02 | 66  0.00000 -3.38647e+02
 67  0.00000 -2.03359e+02 | 68  0.00000 -4.50124e+02 | 69  0.00000  7.18201e+02
 70  0.00000  3.91141e+02 | 71  0.00000  1.19730e+02 | 72  0.00000 -4.99256e+01
 73  0.00000  8.47615e+02 | 74  0.00000  2.85257e+02 | 75  0.00000 -1.63089e+03
 76  0.00000  3.74732e+02 | 77  0.00000 -6.05835e+02 | 78  0.00000  2.62397e+02
 79  0.00000  4.41675e+02 | 80  0.00000  1.15035e+02 | 81  0.00000  5.88554e+02
 82  0.00000  4.63976e+02 | 83  0.00000  1.68247e+02 | 84  0.00000 -8.64068e+00
 85  0.00000 -4.91047e+01 | 86  0.00000  3.28729e+02 | 87  0.00000  1.97181e+02
 88  0.00000 -1.56938e+02 | 89  0.00000  5.59575e+02 | 90  0.00000  1.63805e+02
 91  0.00000 -3.88046e+02 | 92  0.00000  4.73463e+02 | 93  0.00000 -8.72249e+02
 94  0.00000 -1.19367e+01 | 95  0.00000 -3.27236e+00 | 96  0.00000 -3.65140e+00
 97 -0.03546  8.53368e+00 | 98 -0.31026  8.48988e+01 |

Intermediate statistics: 98 variables; iteration 20; function evaluation 35; phase 2
Function value 5.7666753e+02; maximum gradient component mag 2.2129e+03
Var    Value     Gradient |Var    Value     Gradient |Var    Value     Gradient
  1  0.62417  2.21286e+03 |  2 -0.00246 -7.73789e+01 |  3 -0.00248 -7.72957e+01
  4 -0.00250 -7.71945e+01 |  5 -0.00253 -7.70720e+01 |  6 -0.00256 -7.69236e+01
  7 -0.00260 -7.67445e+01 |  8 -0.00265 -7.65287e+01 |  9 -0.00271 -7.62696e+01
 10 -0.00278 -7.59599e+01 | 11 -0.00286 -7.55913e+01 | 12 -0.00296 -7.51553e+01
 13 -0.00307 -7.46433e+01 | 14 -0.00320 -7.40468e+01 | 15 -0.00304 -7.33045e+01
 16 -0.00350 -7.25743e+01 | 17 -0.00356 -7.16715e+01 | 18 -0.00385 -7.07101e+01
 19 -0.00368 -6.95781e+01 | 20 -0.00419 -6.84737e+01 | 21 -0.00318 -6.70325e+01
 22 -0.00436 -6.58385e+01 | 23 -0.00396 -6.51310e+01 | 24 -0.00335 -6.34660e+01
 25 -0.00174 -6.14677e+01 | 26  0.00503 -5.81196e+01 | 27 -0.00061 -5.72183e+01
 28 -0.00919 -5.66406e+01 | 29 -0.01096 -5.49109e+01 | 30 -0.01109 -5.28409e+01
 31 -0.00706 -4.91701e+01 | 32 -0.00314 -4.53169e+01 | 33 -0.00969 -4.44577e+01
 34 -0.00885 -4.11480e+01 | 35  0.01512 -2.53916e+01 | 36 -0.00276 -3.19366e+01
 37 -0.00746 -3.03469e+01 | 38 -0.00710 -2.73260e+01 | 39 -0.00905 -2.50484e+01
 40 -0.01850 -2.75471e+01 | 41 -0.00895 -1.81194e+01 | 42 -0.00773 -1.37222e+01
 43 -0.00610 -8.81864e+00 | 44  0.00275  7.09843e-01 | 45 -0.01182 -6.24955e+00
 46  0.00076  4.94677e+00 | 47 -0.00106  7.13289e+00 | 48 -0.01091  3.50249e+00
 49 -0.01593  3.01151e+00 | 50 -0.01542  6.62034e+00 | 51  0.00579  2.39541e+01
 52  0.00527  2.55577e+01 | 53 -0.00227  2.30760e+01 | 54 -0.01154  1.95119e+01
 55 -0.00447  2.90025e+01 | 56  0.00344  3.73823e+01 | 57  0.00022  3.86816e+01
 58  0.02063  5.82947e+01 | 59  0.02651  6.19968e+01 | 60  0.01967  6.07105e+01
 61  0.02512  6.75722e+01 | 62 -0.00991  5.08670e+01 | 63  0.02561  8.05415e+01
 64 -0.00672  5.40852e+01 | 65  0.03834  8.33266e+01 | 66  0.03071  5.34002e+01
 67  0.01186  1.54544e+01 | 68  0.02081 -4.90899e+01 | 69 -0.01565  3.01178e+02
 70 -0.01091  1.79975e+02 | 71 -0.00038  1.10934e+02 | 72  0.00700  6.54174e+01
 73 -0.02079  3.20727e+02 | 74 -0.00170  1.78168e+02 | 75  0.04832 -1.91289e+02
 76 -0.01675  1.33039e+02 | 77  0.01946 -2.34100e+02 | 78 -0.00888  1.05933e+02
 79 -0.00611  2.25644e+02 | 80  0.00208  1.15456e+02 | 81 -0.01035  2.62417e+02
 82 -0.01208  1.68808e+02 | 83  0.00036  1.13372e+02 | 84  0.00825  6.57391e+01
 85  0.00678  8.12892e+00 | 86 -0.00792  9.46232e+01 | 87 -0.00125  5.25857e+01
 88  0.01630 -1.14598e+01 | 89 -0.01268  1.23186e+02 | 90  0.00694  4.74683e+01
 91  0.02595 -1.36996e+02 | 92 -0.03533 -1.34877e+01 | 93  0.05061 -2.48033e+02
 94  0.00720 -7.68192e+01 | 95 -0.00252 -7.77874e+01 | 96 -0.00237 -7.77599e+01
 97 -0.02784  1.51546e+02 | 98 -0.31958  9.92839e+00 |
98 variables; iteration 40; function evaluation 63; phase 2
Function value 5.5848199e+02; maximum gradient component mag 3.1936e+03
Var    Value     Gradient |Var    Value     Gradient |Var    Value     Gradient
  1  0.62356  3.19359e+03 |  2  0.00275 -9.66244e+01 |  3  0.00254 -9.67247e+01
  4  0.00228 -9.68339e+01 |  5  0.00199 -9.69481e+01 |  6  0.00165 -9.70606e+01
  7  0.00127 -9.71601e+01 |  8  0.00085 -9.72262e+01 |  9  0.00039 -9.72384e+01
 10 -0.00009 -9.71615e+01 | 11 -0.00058 -9.69518e+01 | 12 -0.00106 -9.65562e+01
 13 -0.00151 -9.59168e+01 | 14 -0.00189 -9.49706e+01 | 15 -0.00192 -9.36274e+01
 16 -0.00242 -9.19790e+01 | 17 -0.00247 -8.99167e+01 | 18 -0.00263 -8.75018e+01
 19 -0.00241 -8.48558e+01 | 20 -0.00274 -8.19988e+01 | 21 -0.00183 -7.89430e+01
 22 -0.00293 -7.61003e+01 | 23 -0.00261 -7.46972e+01 | 24 -0.00232 -7.15789e+01
 25 -0.00125 -6.80895e+01 | 26  0.00450 -6.21028e+01 | 27 -0.00232 -6.34789e+01
 28 -0.01069 -6.34523e+01 | 29 -0.01150 -5.75907e+01 | 30 -0.01114 -5.17321e+01
 31 -0.00895 -4.81310e+01 | 32 -0.00538 -4.02401e+01 | 33 -0.00990 -3.45555e+01
 34 -0.00860 -2.63965e+01 | 35  0.00964 -8.76525e+00 | 36 -0.00289 -7.50609e+00
 37 -0.00615 -1.65280e+00 | 38 -0.00590  5.30154e+00 | 39 -0.00737  1.11437e+01
 40 -0.01397  1.42682e+01 | 41 -0.00734  2.45196e+01 | 42 -0.00648  3.16769e+01
 43 -0.00487  4.08894e+01 | 44  0.00277  5.92712e+01 | 45 -0.00872  5.01113e+01
 46  0.00258  7.42487e+01 | 47  0.00242  8.30084e+01 | 48 -0.00491  7.88337e+01
 49 -0.00863  7.94910e+01 | 50 -0.00836  8.46754e+01 | 51  0.00788  1.12358e+02
 52  0.00671  1.11078e+02 | 53  0.00037  1.02252e+02 | 54 -0.00714  9.34727e+01
 55 -0.00083  1.10656e+02 | 56  0.00486  1.21381e+02 | 57  0.00157  1.16250e+02
 58  0.02091  1.64971e+02 | 59  0.02172  1.42004e+02 | 60  0.01593  1.30466e+02
 61  0.02444  1.73237e+02 | 62 -0.00711  1.19151e+02 | 63  0.02068  1.42244e+02
 64 -0.00893  9.15199e+01 | 65  0.03528  1.72859e+02 | 66  0.02963  1.57252e+02
 67  0.01458  1.47913e+02 | 68  0.02582  1.69465e+02 | 69 -0.03154  3.16412e+01
 70 -0.01910  6.14390e+01 | 71 -0.00044  1.37209e+02 | 72  0.00853  1.11076e+02
 73 -0.03862 -2.03008e+00 | 74 -0.00810  2.66700e+01 | 75  0.05918  2.48664e+02
 76 -0.02396  2.52029e+01 | 77  0.03534  2.13542e+02 | 78 -0.01286  3.73030e+01
 79 -0.01813 -8.60610e+01 | 80 -0.00472 -6.09509e+01 | 81 -0.02007  1.74306e+01
 82 -0.02002  4.64823e-01 | 83 -0.00624 -7.80456e+01 | 84  0.00702 -1.27482e+01
 85  0.00629 -4.35861e+01 | 86 -0.01554 -5.75582e+01 | 87 -0.00549 -6.73924e+01
 88  0.01655 -5.38111e+01 | 89 -0.02455 -9.66488e+01 | 90 -0.00039 -1.02804e+02
 91  0.02738 -1.20482e+02 | 92 -0.03856 -6.58092e+01 | 93  0.05463 -1.77482e+02
 94  0.00895 -1.00794e+02 | 95  0.00330 -9.66271e+01 | 96  0.00384 -9.60407e+01
 97 -0.02928  1.86501e+02 | 98 -0.32072  2.03904e+01 |
98 variables; iteration 60; function evaluation 91; phase 2
Function value 5.5576027e+02; maximum gradient component mag 1.1945e+03
Var    Value     Gradient |Var    Value     Gradient |Var    Value     Gradient
  1  0.62326  1.19451e+03 |  2 -0.00190 -4.06248e+01 |  3 -0.00227 -4.11301e+01
  4 -0.00261 -4.15641e+01 |  5 -0.00287 -4.18630e+01 |  6 -0.00300 -4.19500e+01
  7 -0.00297 -4.17453e+01 |  8 -0.00273 -4.11887e+01 |  9 -0.00228 -4.02571e+01
 10 -0.00165 -3.90104e+01 | 11 -0.00097 -3.76137e+01 | 12 -0.00040 -3.63379e+01
 13 -0.00016 -3.55031e+01 | 14 -0.00041 -3.53734e+01 | 15 -0.00089 -3.59498e+01
 16 -0.00231 -3.71268e+01 | 17 -0.00337 -3.82497e+01 | 18 -0.00418 -3.85925e+01
 19 -0.00414 -3.81924e+01 | 20 -0.00342 -3.55521e+01 | 21 -0.00210 -3.42311e+01
 22 -0.00059 -2.89877e+01 | 23  0.00053 -2.72555e+01 | 24  0.00186 -2.50432e+01
 25  0.00325 -2.43300e+01 | 26  0.00623 -2.89560e+01 | 27  0.00021 -2.89114e+01
 28 -0.00787 -2.73475e+01 | 29 -0.00882 -2.45892e+01 | 30 -0.00847 -2.23634e+01
 31 -0.00560 -2.25615e+01 | 32 -0.00143 -2.00044e+01 | 33 -0.00634 -1.54422e+01
 34 -0.00570 -1.36619e+01 | 35  0.01684 -9.25143e+00 | 36 -0.00014 -9.40164e+00
 37 -0.00605 -1.02420e+01 | 38 -0.00504 -6.91898e+00 | 39 -0.00475  1.62980e-01
 40 -0.01309  2.68408e+00 | 41 -0.00411  6.87351e+00 | 42 -0.00392  7.54984e+00
 43 -0.00442  5.13555e+00 | 44  0.00171  2.64224e+00 | 45 -0.00962  1.00831e+01
 46  0.00164  1.33427e+01 | 47  0.00407  2.69747e+01 | 48 -0.00312  3.54941e+01
 49 -0.00903  3.45823e+01 | 50 -0.00982  3.42032e+01 | 51  0.00665  3.17824e+01
 52  0.00682  3.78928e+01 | 53  0.00145  4.63060e+01 | 54 -0.00589  5.33825e+01
 55 -0.00076  5.68795e+01 | 56  0.00186  5.06797e+01 | 57  0.00264  6.84590e+01
 58  0.01499  5.45890e+01 | 59  0.02124  5.51194e+01 | 60  0.01595  6.21919e+01
 61  0.02061  6.44868e+01 | 62 -0.01368  6.50083e+01 | 63  0.02040  6.76392e+01
 64 -0.00635  8.46278e+01 | 65  0.03547  7.15899e+01 | 66  0.02964  6.80266e+01
 67  0.01416  8.37986e+01 | 68  0.02546  7.62976e+01 | 69 -0.03293  1.38797e+01
 70 -0.01990  3.81281e+01 | 71 -0.00354  2.79441e+01 | 72  0.00746  3.53115e+01
 73 -0.03946  2.81238e+00 | 74 -0.00702  2.45291e+01 | 75  0.05785  3.49209e+01
 76 -0.02504  1.70300e+01 | 77  0.03246  3.81175e+01 | 78 -0.01441  1.06722e+01
 79 -0.01341  1.77807e+01 | 80 -0.00013  1.86132e+01 | 81 -0.02334 -3.37713e+01
 82 -0.02218 -1.85372e+01 | 83 -0.00318  5.82001e+00 | 84  0.00662 -1.32004e+01
 85  0.00709 -7.47888e+00 | 86 -0.01522 -1.85233e+01 | 87 -0.00539 -2.94490e+01
 88  0.01599 -3.76741e+01 | 89 -0.02360 -3.19018e+01 | 90  0.00234 -2.65617e+01
 91  0.02937 -4.15603e+01 | 92 -0.04108 -2.32643e+01 | 93  0.05816 -6.07232e+01
 94  0.00673 -4.21347e+01 | 95 -0.00003 -3.78564e+01 | 96  0.00124 -3.61157e+01
 97 -0.02798  6.84324e+01 | 98 -0.32105  1.30693e+01 |
Maximum number of function evaluations exceeded

 - final statistics:
98 variables; iteration 67; function evaluation 100
Function value 5.5512e+02; maximum gradient component mag 5.7988e+02
Exit code = 3;  converg criter 1.0000e+01
Var    Value     Gradient |Var    Value     Gradient |Var    Value     Gradient
  1  0.62395  5.79879e+02 |  2 -0.00034 -1.89227e+01 |  3 -0.00034 -1.88901e+01
  4 -0.00042 -1.89808e+01 |  5 -0.00062 -1.92360e+01 |  6 -0.00095 -1.96880e+01
  7 -0.00141 -2.03434e+01 |  8 -0.00199 -2.11551e+01 |  9 -0.00261 -2.20169e+01
 10 -0.00315 -2.27369e+01 | 11 -0.00345 -2.30762e+01 | 12 -0.00340 -2.28295e+01
 13 -0.00296 -2.19446e+01 | 14 -0.00227 -2.06382e+01 | 15 -0.00153 -1.96457e+01
 16 -0.00130 -1.85371e+01 | 17 -0.00139 -1.85005e+01 | 18 -0.00187 -1.87311e+01
 19 -0.00215 -1.92988e+01 | 20 -0.00204 -1.81838e+01 | 21 -0.00111 -1.81370e+01
 22  0.00052 -1.34449e+01 | 23  0.00174 -1.18865e+01 | 24  0.00326 -1.02796e+01
 25  0.00432 -1.11573e+01 | 26  0.00581 -1.94702e+01 | 27 -0.00201 -2.24113e+01
 28 -0.00785 -1.70184e+01 | 29 -0.00742 -1.24634e+01 | 30 -0.00716 -1.13872e+01
 31 -0.00353 -1.19174e+01 | 32  0.00064 -1.13507e+01 | 33 -0.00616 -1.03489e+01
 34 -0.00594 -1.09011e+01 | 35  0.01711 -1.42552e+01 | 36 -0.00045 -1.08617e+01
 37 -0.00300 -5.17297e+00 | 38 -0.00264 -4.79071e+00 | 39 -0.00568 -5.84253e+00
 40 -0.01339 -9.01791e-01 | 41 -0.00423 -7.96158e-01 | 42 -0.00356 -5.44964e-01
 43 -0.00317 -2.09637e+00 | 44  0.00290 -8.82924e+00 | 45 -0.00953  3.84942e-01
 46  0.00384  1.45592e+00 | 47  0.00403  8.53270e+00 | 48 -0.00317  1.98029e+01
 49 -0.01118  1.59409e+01 | 50 -0.01028  1.95476e+01 | 51  0.00614  7.43331e+00
 52  0.00689  1.45817e+01 | 53  0.00125  2.59315e+01 | 54 -0.00655  3.61365e+01
 55 -0.00188  3.51948e+01 | 56  0.00127  2.99515e+01 | 57  0.00066  4.41546e+01
 58  0.01282  2.16481e+01 | 59  0.02095  2.42964e+01 | 60  0.01554  3.58150e+01
 61  0.01925  3.02990e+01 | 62 -0.01627  4.80543e+01 | 63  0.01977  3.79078e+01
 64 -0.00786  6.76050e+01 | 65  0.03526  3.45934e+01 | 66  0.02953  3.72614e+01
 67  0.01320  5.34136e+01 | 68  0.02514  4.48594e+01 | 69 -0.03378  5.67107e+00
 70 -0.02050  2.78475e+01 | 71 -0.00432  5.25152e+00 | 72  0.00718  1.65493e+01
 73 -0.03972  6.13907e+00 | 74 -0.00735  1.56138e+01 | 75  0.05774 -8.44186e+00
 76 -0.02578  1.31999e+01 | 77  0.03195  6.27371e+00 | 78 -0.01509  4.26472e+00
 79 -0.01301  3.27048e+01 | 80  0.00042  3.05378e+01 | 81 -0.02400 -3.59302e+01
 82 -0.02264 -1.65108e+01 | 83 -0.00294  2.09584e+01 | 84  0.00650 -8.62140e+00
 85  0.00704  2.26817e+00 | 86 -0.01534 -6.87847e+00 | 87 -0.00551 -1.57615e+01
 88  0.01601 -2.41226e+01 | 89 -0.02362 -1.38960e+01 | 90  0.00244 -9.42375e+00
 91  0.02963 -1.90158e+01 | 92 -0.04211 -1.01154e+01 | 93  0.05874 -2.85183e+01
 94  0.00700 -2.20690e+01 | 95 -0.00100 -1.98782e+01 | 96 -0.00160 -2.10103e+01
 97 -0.02811  2.95403e+01 | 98 -0.32160  8.73289e+00 |

Initial statistics: 100 variables; iteration 0; function evaluation 0; phase 3
Function value 5.5511521e+02; maximum gradient component mag 5.7988e+02
Var    Value     Gradient |Var    Value     Gradient |Var    Value     Gradient
  1  0.62395  5.79879e+02 |  2 -0.00034 -1.88415e+01 |  3 -0.00034 -1.88089e+01
  4 -0.00042 -1.88997e+01 |  5 -0.00062 -1.91549e+01 |  6 -0.00094 -1.96069e+01
  7 -0.00141 -2.02623e+01 |  8 -0.00199 -2.10740e+01 |  9 -0.00261 -2.19357e+01
 10 -0.00315 -2.26557e+01 | 11 -0.00345 -2.29950e+01 | 12 -0.00340 -2.27483e+01
 13 -0.00296 -2.18635e+01 | 14 -0.00227 -2.05570e+01 | 15 -0.00153 -1.95645e+01
 16 -0.00129 -1.84560e+01 | 17 -0.00138 -1.84193e+01 | 18 -0.00187 -1.86500e+01
 19 -0.00215 -1.92176e+01 | 20 -0.00204 -1.81026e+01 | 21 -0.00111 -1.80559e+01
 22  0.00052 -1.33637e+01 | 23  0.00174 -1.18053e+01 | 24  0.00326 -1.01984e+01
 25  0.00432 -1.10762e+01 | 26  0.00581 -1.93891e+01 | 27 -0.00200 -2.23302e+01
 28 -0.00785 -1.69372e+01 | 29 -0.00742 -1.23822e+01 | 30 -0.00716 -1.13060e+01
 31 -0.00353 -1.18362e+01 | 32  0.00064 -1.12695e+01 | 33 -0.00616 -1.02678e+01
 34 -0.00594 -1.08200e+01 | 35  0.01711 -1.41741e+01 | 36 -0.00045 -1.07805e+01
 37 -0.00300 -5.09182e+00 | 38 -0.00264 -4.70955e+00 | 39 -0.00568 -5.76139e+00
 40 -0.01339 -8.20657e-01 | 41 -0.00423 -7.15008e-01 | 42 -0.00355 -4.63813e-01
 43 -0.00317 -2.01522e+00 | 44  0.00290 -8.74809e+00 | 45 -0.00953  4.66084e-01
 46  0.00384  1.53708e+00 | 47  0.00403  8.61385e+00 | 48 -0.00317  1.98841e+01
 49 -0.01118  1.60220e+01 | 50 -0.01027  1.96287e+01 | 51  0.00615  7.51446e+00
 52  0.00689  1.46628e+01 | 53  0.00125  2.60127e+01 | 54 -0.00655  3.62176e+01
 55 -0.00188  3.52760e+01 | 56  0.00127  3.00326e+01 | 57  0.00066  4.42357e+01
 58  0.01283  2.17293e+01 | 59  0.02095  2.43775e+01 | 60  0.01554  3.58961e+01
 61  0.01925  3.03801e+01 | 62 -0.01627  4.81354e+01 | 63  0.01977  3.79889e+01
 64 -0.00786  6.76862e+01 | 65  0.03526  3.46744e+01 | 66  0.02954  3.73425e+01
 67  0.01320  5.34947e+01 | 68  0.02514  4.49405e+01 | 69 -0.03377  5.75211e+00
 70 -0.02050  2.79286e+01 | 71 -0.00432  5.33267e+00 | 72  0.00718  1.66305e+01
 73 -0.03972  6.22007e+00 | 74 -0.00735  1.56950e+01 | 75  0.05774 -8.36104e+00
 76 -0.02578  1.32810e+01 | 77  0.03195  6.35476e+00 | 78 -0.01509  4.34585e+00
 79 -0.01301  3.27859e+01 | 80  0.00042  3.06189e+01 | 81 -0.02399 -3.58491e+01
 82 -0.02264 -1.64297e+01 | 83 -0.00294  2.10396e+01 | 84  0.00650 -8.54025e+00
 85  0.00704  2.34932e+00 | 86 -0.01534 -6.79735e+00 | 87 -0.00551 -1.56804e+01
 88  0.01601 -2.40415e+01 | 89 -0.02362 -1.38150e+01 | 90  0.00244 -9.34260e+00
 91  0.02963 -1.89347e+01 | 92 -0.04211 -1.00344e+01 | 93  0.05874 -2.84375e+01
 94  0.00700 -2.19879e+01 | 95 -0.00100 -1.97971e+01 | 96 -0.00160 -2.09292e+01
 97 -0.02811  2.95403e+01 | 98 -0.41581 -6.33675e+01 | 99 -0.32160  8.73289e+00
100 -0.25275  4.43867e+01 |

Intermediate statistics: 100 variables; iteration 20; function evaluation 27; phase 3
Function value 5.5280059e+02; maximum gradient component mag 7.1054e+01
Var    Value     Gradient |Var    Value     Gradient |Var    Value     Gradient
  1  0.62606  7.10544e+01 |  2 -0.00013 -2.88631e+00 |  3 -0.00013 -2.87933e+00
  4 -0.00015 -2.90850e+00 |  5 -0.00021 -2.98584e+00 |  6 -0.00030 -3.12086e+00
  7 -0.00044 -3.31569e+00 |  8 -0.00060 -3.55699e+00 |  9 -0.00078 -3.81432e+00
 10 -0.00093 -4.03248e+00 | 11 -0.00102 -4.14252e+00 | 12 -0.00100 -4.08507e+00
 13 -0.00087 -3.84487e+00 | 14 -0.00066 -3.48454e+00 | 15 -0.00024 -3.21831e+00
 16 -0.00037 -2.91955e+00 | 17 -0.00032 -2.93686e+00 | 18 -0.00053 -3.03495e+00
 19 -0.00037 -3.23692e+00 | 20 -0.00056 -2.94657e+00 | 21  0.00058 -2.97982e+00
 22  0.00038 -1.63594e+00 | 23  0.00101 -1.19583e+00 | 24  0.00209 -7.66660e-01
 25  0.00381 -1.08881e+00 | 26  0.00967 -3.72757e+00 | 27  0.00306 -4.60930e+00
 28 -0.00527 -2.95256e+00 | 29 -0.00633 -1.68783e+00 | 30 -0.00589 -1.42444e+00
 31 -0.00170 -1.77541e+00 | 32  0.00300 -1.78482e+00 | 33 -0.00434 -1.44505e+00
 34 -0.00357 -1.72130e+00 | 35  0.02379 -3.52830e+00 | 36  0.00336 -2.22288e+00
 37 -0.00127 -4.53281e-01 | 38 -0.00037 -5.77816e-01 | 39 -0.00281 -1.02618e+00
 40 -0.01216  5.49695e-01 | 41 -0.00215  3.65173e-02 | 42 -0.00107 -9.80001e-02
 43  0.00006 -8.26531e-01 | 44  0.00987 -3.87711e+00 | 45 -0.00649 -3.04744e-01
 46  0.00800 -1.22162e+00 | 47  0.00558  1.03968e+00 | 48 -0.00601  4.94314e+00
 49 -0.01330  3.77089e+00 | 50 -0.01243  4.55040e+00 | 51  0.00947 -1.48376e+00
 52  0.00758  9.07741e-01 | 53 -0.00289  5.23877e+00 | 54 -0.01435  9.05468e+00
 55 -0.00721  8.26474e+00 | 56 -0.00395  5.85713e+00 | 57 -0.00929  1.06617e+01
 58  0.01097 -3.77513e-01 | 59  0.01853 -3.03788e+00 | 60  0.01200  4.28945e+00
 61  0.01662 -1.23427e+00 | 62 -0.02596  1.44085e+01 | 63  0.01866  1.20458e+01
 64 -0.01401  3.56802e+01 | 65  0.03464  2.39111e+00 | 66  0.02841  6.68211e+00
 67  0.01201  2.84034e+01 | 68  0.02494  3.07608e+01 | 69 -0.03527  1.87713e+00
 70 -0.02134  1.65249e+01 | 71 -0.00614 -1.68258e+01 | 72  0.00668 -3.64818e+00
 73 -0.04128  4.38713e+00 | 74 -0.00760  5.22868e+00 | 75  0.05657 -5.97307e+01
 76 -0.02564  1.58361e+01 | 77  0.03069 -1.84968e+01 | 78 -0.01559 -7.44940e-01
 79 -0.01417  3.36612e+01 | 80  0.00008  2.49985e+01 | 81 -0.02583 -4.26984e+01
 82 -0.02306 -1.69206e+01 | 83 -0.00425  2.15989e+01 | 84  0.00600 -1.39413e+01
 85  0.00533 -5.73271e+00 | 86 -0.01585 -2.78276e+00 | 87 -0.00727 -1.37305e+01
 88  0.01504 -2.91974e+01 | 89 -0.02530 -2.03281e+00 | 90  0.00147 -6.25163e+00
 91  0.02766 -1.10603e+01 | 92 -0.04272  3.41918e+00 | 93  0.05650 -9.88595e+00
 94  0.00959 -2.70973e+00 | 95 -0.00049 -3.16564e+00 | 96 -0.00050 -3.47763e+00
 97 -0.01192  6.75066e+00 | 98 -0.40816 -1.36869e+01 | 99 -0.36671 -7.97919e+00
100 -0.27445  2.55171e+01 |
100 variables; iteration 40; function evaluation 54; phase 3
Function value 5.5223462e+02; maximum gradient component mag 1.7687e+02
Var    Value     Gradient |Var    Value     Gradient |Var    Value     Gradient
  1  0.62670  1.76870e+02 |  2 -0.00020 -5.78091e+00 |  3 -0.00019 -5.76663e+00
  4 -0.00019 -5.75123e+00 |  5 -0.00019 -5.73472e+00 |  6 -0.00019 -5.71687e+00
  7 -0.00019 -5.69694e+00 |  8 -0.00019 -5.67337e+00 |  9 -0.00019 -5.64345e+00
 10 -0.00019 -5.60324e+00 | 11 -0.00019 -5.54810e+00 | 12 -0.00017 -5.47396e+00
 13 -0.00015 -5.37890e+00 | 14 -0.00013 -5.26594e+00 | 15  0.00017 -5.14156e+00
 16 -0.00010 -5.00946e+00 | 17  0.00002 -4.87376e+00 | 18 -0.00007 -4.73256e+00
 19  0.00028 -4.57585e+00 | 20 -0.00003 -4.40503e+00 | 21  0.00122 -4.19794e+00
 22  0.00026 -3.94467e+00 | 23  0.00071 -3.73813e+00 | 24  0.00183 -3.12027e+00
 25  0.00430 -2.10198e+00 | 26  0.01106 -3.15889e+00 | 27  0.00524 -2.81268e+00
 28 -0.00396 -2.45554e+00 | 29 -0.00599 -2.80633e+00 | 30 -0.00565 -2.61918e+00
 31 -0.00087 -1.60930e+00 | 32  0.00412 -8.74931e-01 | 33 -0.00360 -1.22828e+00
 34 -0.00267 -9.70928e-01 | 35  0.02614  1.50056e+00 | 36  0.00511  7.58099e-01
 37 -0.00070  5.23166e-01 | 38  0.00040  8.90490e-01 | 39 -0.00166  1.17199e+00
 40 -0.01176  8.61856e-01 | 41 -0.00149  1.91929e+00 | 42 -0.00023  2.41639e+00
 43  0.00122  2.94637e+00 | 44  0.01322  5.12218e+00 | 45 -0.00522  3.28890e+00
 46  0.00967  5.02832e+00 | 47  0.00612  5.35689e+00 | 48 -0.00805  2.93441e+00
 49 -0.01395  3.81363e+00 | 50 -0.01319  4.39412e+00 | 51  0.01181  7.74791e+00
 52  0.00831  7.10332e+00 | 53 -0.00498  4.61900e+00 | 54 -0.01726  4.81050e+00
 55 -0.00990  3.96358e+00 | 56 -0.00528  6.21949e+00 | 57 -0.01317  5.07464e+00
 58  0.01223  8.35122e+00 | 59  0.02052  1.10507e+01 | 60  0.01320  1.52278e+01
 61  0.01782  1.06411e+01 | 62 -0.03121  7.16389e-01 | 63  0.01776  1.19048e+01
 64 -0.02329  6.69706e-01 | 65  0.03441  1.19003e+01 | 66  0.02764  1.04990e+01
 67  0.00929  4.41082e+00 | 68  0.02328  9.16134e+00 | 69 -0.03586  5.16167e-01
 70 -0.02313 -1.99343e+00 | 71 -0.00559  6.56436e+00 | 72  0.00687  6.80165e+00
 73 -0.04199 -3.26174e+00 | 74 -0.00788  2.04880e+00 | 75  0.05813  2.05922e+01
 76 -0.02893 -1.16119e+01 | 77  0.03123  8.41139e+00 | 78 -0.01615 -2.64919e+00
 79 -0.01633 -2.84505e+00 | 80 -0.00164 -1.15161e-01 | 81 -0.02366  4.17969e+00
 82 -0.02246 -2.02508e+00 | 83 -0.00564 -2.91012e+00 | 84  0.00666  2.01991e+00
 85  0.00530 -1.23330e+00 | 86 -0.01570 -3.58295e-01 | 87 -0.00683 -2.20764e+00
 88  0.01648 -6.65113e-01 | 89 -0.02514 -2.70532e+00 | 90  0.00129 -1.03796e+01
 91  0.02791 -8.84088e+00 | 92 -0.04358 -3.41650e+00 | 93  0.05656 -1.26245e+01
 94  0.01019 -5.33154e+00 | 95 -0.00042 -5.83742e+00 | 96 -0.00023 -5.87512e+00
 97 -0.00974  1.09133e+01 | 98 -0.40666 -1.36760e+01 | 99 -0.36924  3.14518e+00
100 -0.27776 -7.16368e+00 |
100 variables; iteration 60; function evaluation 87; phase 3
Function value 5.5220110e+02; maximum gradient component mag 5.0071e+01
Var    Value     Gradient |Var    Value     Gradient |Var    Value     Gradient
  1  0.62663  5.00706e+01 |  2  0.00000 -1.55276e+00 |  3  0.00000 -1.55006e+00
  4  0.00001 -1.54524e+00 |  5  0.00001 -1.53774e+00 |  6  0.00001 -1.52708e+00
  7  0.00001 -1.51309e+00 |  8  0.00002 -1.49625e+00 |  9  0.00002 -1.47765e+00
 10  0.00003 -1.45928e+00 | 11  0.00003 -1.44346e+00 | 12  0.00002 -1.43184e+00
 13  0.00001 -1.42422e+00 | 14 -0.00000 -1.41739e+00 | 15  0.00026 -1.40314e+00
 16 -0.00004 -1.38728e+00 | 17  0.00005 -1.35795e+00 | 18 -0.00006 -1.32479e+00
 19  0.00027 -1.28585e+00 | 20 -0.00007 -1.25829e+00 | 21  0.00114 -1.21500e+00
 22  0.00008 -1.20703e+00 | 23  0.00043 -1.21620e+00 | 24  0.00122 -1.23727e+00
 25  0.00330 -9.72000e-01 | 26  0.01095 -1.05973e+00 | 27  0.00497 -9.55811e-01
 28 -0.00456 -1.06624e+00 | 29 -0.00617 -8.21783e-01 | 30 -0.00577 -7.16158e-01
 31 -0.00137 -7.15899e-01 | 32  0.00352 -5.54000e-01 | 33 -0.00396 -4.09916e-01
 34 -0.00296 -3.05414e-01 | 35  0.02583  1.62249e-01 | 36  0.00445 -1.44024e-01
 37 -0.00117 -4.66331e-02 | 38  0.00004  1.17731e-01 | 39 -0.00217 -3.97413e-02
 40 -0.01227  2.43325e-02 | 41 -0.00188  2.45607e-01 | 42 -0.00052  4.88110e-01
 43  0.00102  7.17258e-01 | 44  0.01284  1.00818e+00 | 45 -0.00566  6.89397e-01
 46  0.01002  1.55668e+00 | 47  0.00622  1.61104e+00 | 48 -0.00759  1.19915e+00
 49 -0.01418  1.07224e+00 | 50 -0.01356  1.06781e+00 | 51  0.01203  1.90418e+00
 52  0.00897  2.15246e+00 | 53 -0.00418  1.71650e+00 | 54 -0.01758  1.02316e+00
 55 -0.00921  1.63986e+00 | 56 -0.00514  1.81402e+00 | 57 -0.01305  1.72357e+00
 58  0.01268  2.32969e+00 | 59  0.02067  2.50757e+00 | 60  0.01173  1.99133e+00
 61  0.01794  2.70025e+00 | 62 -0.03053  9.16896e-01 | 63  0.01748  2.29322e+00
 64 -0.02256  1.04518e+00 | 65  0.03468  3.42460e+00 | 66  0.02787  3.23842e+00
 67  0.00962  2.07985e+00 | 68  0.02342  2.87080e+00 | 69 -0.03582 -9.58272e-03
 70 -0.02278  6.70142e-01 | 71 -0.00569  7.91072e-01 | 72  0.00682  1.35572e+00
 73 -0.04178  1.86963e-02 | 74 -0.00787  5.69821e-01 | 75  0.05797  3.53529e+00
 76 -0.02764  4.55358e-01 | 77  0.03116  1.72299e+00 | 78 -0.01589  8.86022e-02
 79 -0.01616  8.22553e-02 | 80 -0.00156  3.76151e-01 | 81 -0.02398 -8.80105e-01
 82 -0.02237 -2.46877e-01 | 83 -0.00555 -1.89351e-01 | 84  0.00651 -3.82532e-01
 85  0.00528 -5.26309e-01 | 86 -0.01590 -9.19407e-01 | 87 -0.00689 -1.11665e+00
 88  0.01642 -1.17524e+00 | 89 -0.02526 -1.51403e+00 | 90  0.00196 -1.02405e+00
 91  0.02828 -1.31176e+00 | 92 -0.04383 -1.88518e+00 | 93  0.05713 -1.43015e+00
 94  0.01006 -1.61806e+00 | 95 -0.00019 -1.55341e+00 | 96  0.00002 -1.54155e+00
 97 -0.01047  3.17253e+00 | 98 -0.40710 -4.32696e+00 | 99 -0.36918  4.79396e-03
100 -0.27730  1.50034e-01 |
Maximum number of function evaluations exceeded

 - final statistics:
100 variables; iteration 67; function evaluation 100
Function value 5.5220e+02; maximum gradient component mag 1.9047e+01
Exit code = 3;  converg criter 1.0000e+00
Var    Value     Gradient |Var    Value     Gradient |Var    Value     Gradient
  1  0.62654  1.90465e+01 |  2 -0.00002 -6.16591e-01 |  3 -0.00002 -6.15129e-01
  4 -0.00002 -6.11684e-01 |  5 -0.00002 -6.05747e-01 |  6 -0.00001 -5.97002e-01
  7 -0.00001 -5.85554e-01 |  8 -0.00000 -5.72250e-01 |  9  0.00000 -5.58568e-01
 10  0.00000 -5.46822e-01 | 11  0.00000 -5.39334e-01 | 12 -0.00000 -5.37202e-01
 13 -0.00001 -5.39385e-01 | 14 -0.00003 -5.41623e-01 | 15  0.00024 -5.38033e-01
 16 -0.00006 -5.31372e-01 | 17  0.00003 -5.19425e-01 | 18 -0.00009 -5.08093e-01
 19  0.00024 -4.98820e-01 | 20 -0.00009 -4.80372e-01 | 21  0.00112 -4.62634e-01
 22  0.00010 -4.21598e-01 | 23  0.00043 -4.72469e-01 | 24  0.00115 -6.34024e-01
 25  0.00321 -4.36968e-01 | 26  0.01092 -5.18122e-01 | 27  0.00501 -3.00109e-01
 28 -0.00455 -4.46608e-01 | 29 -0.00624 -3.68594e-01 | 30 -0.00587 -3.56115e-01
 31 -0.00141 -3.29412e-01 | 32  0.00347 -2.81888e-01 | 33 -0.00403 -1.63597e-01
 34 -0.00309 -2.40202e-01 | 35  0.02588  7.95984e-02 | 36  0.00440 -1.48751e-01
 37 -0.00123 -5.78861e-02 | 38  0.00001  7.02366e-02 | 39 -0.00214 -1.93844e-02
 40 -0.01230  2.43342e-02 | 41 -0.00188  3.56215e-02 | 42 -0.00055  1.28027e-01
 43  0.00101  3.06026e-01 | 44  0.01296  4.36641e-01 | 45 -0.00572  1.40212e-01
 46  0.01005  6.75206e-01 | 47  0.00615  6.02008e-01 | 48 -0.00766  4.75712e-01
 49 -0.01419  5.59241e-01 | 50 -0.01366  2.96286e-01 | 51  0.01220  7.26936e-01
 52  0.00902  8.19620e-01 | 53 -0.00423  6.09782e-01 | 54 -0.01756  3.86887e-01
 55 -0.00922  6.61668e-01 | 56 -0.00510  7.65737e-01 | 57 -0.01315  6.64799e-01
 58  0.01283  9.33094e-01 | 59  0.02080  8.49697e-01 | 60  0.01182  6.49615e-01
 61  0.01803  1.09641e+00 | 62 -0.03056  4.36812e-01 | 63  0.01756  8.19884e-01
 64 -0.02258  4.26894e-01 | 65  0.03475  1.29555e+00 | 66  0.02791  1.33039e+00
 67  0.00966  8.82342e-01 | 68  0.02345  1.19552e+00 | 69 -0.03579 -9.61549e-03
 70 -0.02275  3.44555e-01 | 71 -0.00566  2.64582e-01 | 72  0.00685  5.14348e-01
 73 -0.04176  1.32908e-01 | 74 -0.00784  2.20667e-01 | 75  0.05800  1.24786e+00
 76 -0.02764  4.04942e-01 | 77  0.03119  6.49644e-01 | 78 -0.01587  6.40510e-02
 79 -0.01614  1.18780e-01 | 80 -0.00154  2.34569e-01 | 81 -0.02395 -4.93676e-01
 82 -0.02234  3.10175e-02 | 83 -0.00553  2.08295e-02 | 84  0.00654 -1.91853e-01
 85  0.00531 -1.97569e-01 | 86 -0.01588 -3.28625e-01 | 87 -0.00687 -4.46263e-01
 88  0.01644 -5.87033e-01 | 89 -0.02524 -6.17964e-01 | 90  0.00197 -3.18563e-01
 91  0.02829 -4.66319e-01 | 92 -0.04380 -8.52737e-01 | 93  0.05714 -4.50598e-01
 94  0.01006 -6.34443e-01 | 95 -0.00021 -5.94625e-01 | 96 -0.00000 -5.96260e-01
 97 -0.01048  1.22458e+00 | 98 -0.40711 -1.71108e+00 | 99 -0.36922 -6.19108e-02
100 -0.27732  1.99412e-01 |

Initial statistics: 107 variables; iteration 0; function evaluation 0; phase 4
Function value 5.5220040e+02; maximum gradient component mag 1.5807e+02
Var    Value     Gradient |Var    Value     Gradient |Var    Value     Gradient
  1 -0.42263 -1.51157e+02 |  2 -0.42263  1.58071e+02 |  3 -0.41094 -5.63933e+01
  4  0.62654  1.84612e+01 |  5  0.00000  1.34163e-02 |  6  0.00000  2.97485e-03
  7  0.00000  3.65192e-03 |  8  0.00000  4.51711e-03 |  9 -0.00002 -5.93102e-01
 10 -0.00002 -5.91710e-01 | 11 -0.00002 -5.88460e-01 | 12 -0.00002 -5.82879e-01
 13 -0.00001 -5.74673e-01 | 14 -0.00001 -5.63940e-01 | 15 -0.00000 -5.51472e-01
 16  0.00000 -5.38649e-01 | 17  0.00000 -5.27625e-01 | 18  0.00000 -5.20556e-01
 19 -0.00000 -5.18450e-01 | 20 -0.00001 -5.20320e-01 | 21 -0.00003 -5.22189e-01
 22  0.00024 -5.18595e-01 | 23 -0.00006 -5.12121e-01 | 24  0.00003 -5.00713e-01
 25 -0.00008 -4.89842e-01 | 26  0.00024 -4.80802e-01 | 27 -0.00009 -4.63325e-01
 28  0.00112 -4.46398e-01 | 29  0.00010 -4.07286e-01 | 30  0.00043 -4.53658e-01
 31  0.00115 -6.15308e-01 | 32  0.00321 -4.21621e-01 | 33  0.01092 -5.01947e-01
 34  0.00501 -2.86981e-01 | 35 -0.00455 -4.30893e-01 | 36 -0.00624 -3.52100e-01
 37 -0.00587 -3.37771e-01 | 38 -0.00141 -3.18519e-01 | 39  0.00347 -2.72126e-01
 40 -0.00403 -1.58656e-01 | 41 -0.00309 -2.22127e-01 | 42  0.02588  8.54297e-02
 43  0.00440 -1.39914e-01 | 44 -0.00123 -5.48273e-02 | 45  0.00001  7.18269e-02
 46 -0.00214 -1.17585e-02 | 47 -0.01229  2.99362e-02 | 48 -0.00188  3.52631e-02
 49 -0.00055  1.22002e-01 | 50  0.00101  3.08653e-01 | 51  0.01296  4.27734e-01
 52 -0.00572  1.41589e-01 | 53  0.01005  6.62091e-01 | 54  0.00615  5.78248e-01
 55 -0.00766  4.66874e-01 | 56 -0.01419  5.40450e-01 | 57 -0.01366  2.88273e-01
 58  0.01220  7.05825e-01 | 59  0.00902  8.02446e-01 | 60 -0.00423  5.90208e-01
 61 -0.01756  3.77648e-01 | 62 -0.00922  6.44996e-01 | 63 -0.00510  7.46473e-01
 64 -0.01315  6.54109e-01 | 65  0.01283  9.08649e-01 | 66  0.02080  8.25984e-01
 67  0.01182  6.31853e-01 | 68  0.01803  1.06749e+00 | 69 -0.03056  4.28650e-01
 70  0.01756  7.97557e-01 | 71 -0.02258  4.18102e-01 | 72  0.03475  1.25952e+00
 73  0.02791  1.29469e+00 | 74  0.00966  8.60433e-01 | 75  0.02345  1.16412e+00
 76 -0.03579 -5.76428e-03 | 77 -0.02275  3.39062e-01 | 78 -0.00566  2.59420e-01
 79  0.00685  5.02185e-01 | 80 -0.04176  1.34499e-01 | 81 -0.00784  2.17605e-01
 82  0.05800  1.21132e+00 | 83 -0.02764  4.00187e-01 | 84  0.03119  6.33220e-01
 85 -0.01587  6.62303e-02 | 86 -0.01614  1.20312e-01 | 87 -0.00154  2.32513e-01
 88 -0.02395 -4.77512e-01 | 89 -0.02234  3.58070e-02 | 90 -0.00553  2.54345e-02
 91  0.00654 -1.83029e-01 | 92  0.00531 -1.87771e-01 | 93 -0.01588 -3.14513e-01
 94 -0.00687 -4.29230e-01 | 95  0.01644 -5.67548e-01 | 96 -0.02524 -5.96084e-01
 97  0.00197 -3.03829e-01 | 98  0.02829 -4.47722e-01 | 99 -0.04380 -8.25205e-01
100  0.05714 -4.31491e-01 |101  0.01006 -6.15646e-01 |102 -0.00021 -5.72706e-01
103 -0.00000 -5.74233e-01 |104 -0.01048  1.18681e+00 |105 -0.40711 -1.65966e+00
106 -0.36922 -6.11258e-02 |107 -0.27732  1.95608e-01 |

Intermediate statistics: 107 variables; iteration 20; function evaluation 25; phase 4
Function value 5.5155952e+02; maximum gradient component mag -5.3392e+02
Var    Value     Gradient |Var    Value     Gradient |Var    Value     Gradient
  1 -0.42021 -1.99496e+02 |  2 -0.42636 -5.33918e+02 |  3 -0.40667 -2.98859e+02
  4  0.62853 -3.49983e+02 |  5  0.00000 -2.08632e-01 |  6  0.00000 -4.61631e-02
  7  0.00000 -5.63186e-02 |  8  0.00000 -6.86464e-02 |  9 -0.00003  1.29423e+01
 10 -0.00003  1.29242e+01 | 11 -0.00003  1.29039e+01 | 12 -0.00003  1.28808e+01
 13 -0.00002  1.28545e+01 | 14 -0.00002  1.28235e+01 | 15 -0.00001  1.27856e+01
 16 -0.00001  1.27378e+01 | 17 -0.00000  1.26762e+01 | 18 -0.00000  1.25965e+01
 19 -0.00001  1.24956e+01 | 20 -0.00002  1.23736e+01 | 21 -0.00003  1.22315e+01
 22  0.00024  1.20692e+01 | 23 -0.00005  1.18968e+01 | 24  0.00004  1.17002e+01
 25 -0.00007  1.14868e+01 | 26  0.00026  1.12400e+01 | 27 -0.00007  1.10056e+01
 28  0.00114  1.06994e+01 | 29  0.00013  1.04758e+01 | 30  0.00046  1.02891e+01
 31  0.00118  9.73419e+00 | 32  0.00326  9.49432e+00 | 33  0.01102  8.92208e+00
 34  0.00521  9.63522e+00 | 35 -0.00441  9.08363e+00 | 36 -0.00616  8.62970e+00
 37 -0.00582  8.20900e+00 | 38 -0.00130  7.37189e+00 | 39  0.00368  6.54217e+00
 40 -0.00383  6.83805e+00 | 41 -0.00291  6.02966e+00 | 42  0.02606  1.58130e+00
 43  0.00469  4.59769e+00 | 44 -0.00088  4.69459e+00 | 45  0.00024  3.18591e+00
 46 -0.00167  3.32454e+00 | 47 -0.01217  3.47624e+00 | 48 -0.00160  8.52120e-01
 49 -0.00017 -2.90138e-02 | 50  0.00132 -1.34241e+00 | 51  0.01365 -4.59058e+00
 52 -0.00552 -1.12867e+00 | 53  0.01042 -4.95769e+00 | 54  0.00684 -4.22787e+00
 55 -0.00713 -2.13485e+00 | 56 -0.01376 -1.47020e+00 | 57 -0.01347 -2.85884e+00
 58  0.01278 -1.13056e+01 | 59  0.00968 -1.01177e+01 | 60 -0.00355 -5.89466e+00
 61 -0.01702 -2.89509e+00 | 62 -0.00894 -5.60303e+00 | 63 -0.00459 -6.64318e+00
 64 -0.01266 -4.49309e+00 | 65  0.01346 -1.35119e+01 | 66  0.02147 -1.60784e+01
 67  0.01217 -1.16265e+01 | 68  0.01864 -1.27799e+01 | 69 -0.03033  1.09259e+00
 70  0.01806 -1.13402e+01 | 71 -0.02241 -9.98737e-02 | 72  0.03438 -2.54205e+01
 73  0.02718 -2.27362e+01 | 74  0.00901 -1.20326e+01 | 75  0.02346 -9.45365e+00
 76 -0.03655 -2.93292e+00 | 77 -0.02283 -4.20213e+00 | 78 -0.00643 -1.55859e+01
 79  0.00685 -1.48024e+01 | 80 -0.04205  3.18529e+00 | 81 -0.00740 -5.86914e+00
 82  0.05826 -2.21231e+01 | 83 -0.02779 -7.55055e-01 | 84  0.03078 -1.89615e+01
 85 -0.01601 -1.31406e+00 | 86 -0.01675 -1.95153e+00 | 87 -0.00163 -5.68873e+00
 88 -0.02439  1.95132e+00 | 89 -0.02228  2.75099e+00 | 90 -0.00628 -7.06871e+00
 91  0.00647 -5.45353e+00 | 92  0.00457 -3.53575e+00 | 93 -0.01597  4.75881e+00
 94 -0.00740  7.96514e+00 | 95  0.01597 -1.73333e+00 | 96 -0.02590  1.28273e+01
 97  0.00159  6.51101e+00 | 98  0.02735  1.03530e+01 | 99 -0.04369  1.42632e+01
100  0.05591  1.55959e+01 |101  0.01000  1.24710e+01 |102 -0.00020  1.30735e+01
103 -0.00002  1.30512e+01 |104 -0.01481 -2.85398e+01 |105 -0.40889  3.93477e+01
106 -0.40234  9.07564e+00 |107 -0.29565 -3.57970e+01 |
107 variables; iteration 40; function evaluation 47; phase 4
Function value 5.5134692e+02; maximum gradient component mag -1.8276e+02
Var    Value     Gradient |Var    Value     Gradient |Var    Value     Gradient
  1 -0.41822  9.51572e+00 |  2 -0.42774 -1.82763e+02 |  3 -0.40431 -7.15605e+01
  4  0.62978 -1.58964e+02 |  5  0.00004 -5.88033e-02 |  6  0.00001 -1.31292e-02
  7  0.00001 -1.60399e-02 |  8  0.00001 -1.96380e-02 |  9  0.00020  5.02316e+00
 10  0.00021  5.01767e+00 | 11  0.00021  5.00808e+00 | 12  0.00021  4.99342e+00
 13  0.00021  4.97305e+00 | 14  0.00021  4.94709e+00 | 15  0.00020  4.91688e+00
 16  0.00021  4.88518e+00 | 17  0.00021  4.85610e+00 | 18  0.00023  4.83400e+00
 19  0.00026  4.82098e+00 | 20  0.00029  4.81277e+00 | 21  0.00033  4.80506e+00
 22  0.00065  4.78620e+00 | 23  0.00041  4.76256e+00 | 24  0.00056  4.72870e+00
 25  0.00051  4.69500e+00 | 26  0.00092  4.66131e+00 | 27  0.00064  4.60719e+00
 28  0.00193  4.54030e+00 | 29  0.00092  4.42618e+00 | 30  0.00137  4.46901e+00
 31  0.00247  4.62027e+00 | 32  0.00403  3.82286e+00 | 33  0.01123  2.92508e+00
 34  0.00436  2.07182e+00 | 35 -0.00396  3.25875e+00 | 36 -0.00565  3.14583e+00
 37 -0.00533  2.88485e+00 | 38 -0.00080  2.47724e+00 | 39  0.00394  1.72931e+00
 40 -0.00363  1.76584e+00 | 41 -0.00245  1.80500e+00 | 42  0.02624 -7.04794e-01
 43  0.00372 -5.24759e-01 | 44 -0.00200 -8.59003e-01 | 45  0.00014 -3.13107e-01
 46 -0.00202 -7.01824e-01 | 47 -0.01227 -3.24290e-01 | 48 -0.00111 -7.42492e-01
 49  0.00012 -1.44392e+00 | 50  0.00208 -1.45427e+00 | 51  0.01399 -3.63775e+00
 52 -0.00470 -1.06908e+00 | 53  0.01005 -3.96868e+00 | 54  0.00568 -4.65648e+00
 55 -0.00746 -3.19257e+00 | 56 -0.01333 -1.62620e+00 | 57 -0.01349 -3.42333e+00
 58  0.01157 -8.90676e+00 | 59  0.01059 -5.13864e+00 | 60 -0.00477 -6.11799e+00
 61 -0.01677 -2.51680e+00 | 62 -0.00891 -3.91231e+00 | 63 -0.00503 -4.90828e+00
 64 -0.01264 -3.23489e+00 | 65  0.01352 -7.42373e+00 | 66  0.02005 -1.22739e+01
 67  0.01146 -8.42132e+00 | 68  0.01777 -9.49898e+00 | 69 -0.03111 -1.95336e+00
 70  0.01637 -1.23581e+01 | 71 -0.02335 -3.37762e+00 | 72  0.03388 -1.53296e+01
 73  0.02707 -1.09530e+01 | 74  0.00853 -8.38180e+00 | 75  0.02296 -7.58265e+00
 76 -0.03621  3.01471e+00 | 77 -0.02284  8.63100e-01 | 78 -0.00578  8.37386e+00
 79  0.00564 -2.56114e+01 | 80 -0.04214  3.66511e+00 | 81 -0.00773 -2.14517e+00
 82  0.05757 -1.72358e+01 | 83 -0.02838 -3.99228e+00 | 84  0.03044 -7.35155e+00
 85 -0.01620  1.88961e-01 | 86 -0.01696  1.23306e+00 | 87 -0.00177  5.12983e-01
 88 -0.02530 -9.62262e+00 | 89 -0.02250  1.93072e+00 | 90 -0.00629 -1.20494e+00
 91  0.00653  4.63481e+00 | 92  0.00448 -4.72325e-03 | 93 -0.01604  5.10758e+00
 94 -0.00797 -2.43006e+00 | 95  0.01621  9.05547e+00 | 96 -0.02633  2.68927e+00
 97  0.00123  4.68324e+00 | 98  0.02694  1.71843e+00 | 99 -0.04428  5.46987e+00
100  0.05500 -1.51584e+00 |101  0.01022  6.53607e+00 |102 -0.00006  4.96893e+00
103  0.00015  5.00085e+00 |104 -0.01633 -1.09197e+01 |105 -0.40990  1.44755e+01
106 -0.40687 -7.80154e+00 |107 -0.29710  1.43646e+01 |
107 variables; iteration 60; function evaluation 75; phase 4
Function value 5.5129651e+02; maximum gradient component mag -1.6856e+01
Var    Value     Gradient |Var    Value     Gradient |Var    Value     Gradient
  1 -0.41857  3.52185e-01 |  2 -0.42777 -1.68559e+01 |  3 -0.40426 -7.09865e+00
  4  0.62955 -1.54534e+01 |  5  0.00001 -3.61707e-02 |  6  0.00000 -8.13112e-03
  7  0.00000 -9.91626e-03 |  8  0.00000 -1.20872e-02 |  9  0.00007  5.04292e-01
 10  0.00007  5.01416e-01 | 11  0.00007  4.97634e-01 | 12  0.00007  4.92735e-01
 13  0.00008  4.86517e-01 | 14  0.00008  4.78838e-01 | 15  0.00008  4.69655e-01
 16  0.00008  4.59129e-01 | 17  0.00008  4.47623e-01 | 18  0.00009  4.35664e-01
 19  0.00010  4.23631e-01 | 20  0.00010  4.11305e-01 | 21  0.00011  3.98184e-01
 22  0.00040  3.82446e-01 | 23  0.00013  3.66373e-01 | 24  0.00024  3.48332e-01
 25  0.00015  3.31940e-01 | 26  0.00052  3.17605e-01 | 27  0.00021  3.04241e-01
 28  0.00147  2.95546e-01 | 29  0.00047  2.89313e-01 | 30  0.00090  3.56813e-01
 31  0.00187  4.64988e-01 | 32  0.00359  7.83147e-02 | 33  0.01113 -1.31329e-02
 34  0.00469 -2.05373e-01 | 35 -0.00413  2.12678e-01 | 36 -0.00578  2.69480e-01
 37 -0.00532  4.13101e-01 | 38 -0.00078  3.65342e-01 | 39  0.00412  3.00710e-01
 40 -0.00325  6.09339e-01 | 41 -0.00246  2.93005e-01 | 42  0.02605 -6.16604e-01
 43  0.00426 -3.60978e-01 | 44 -0.00128 -3.75971e-01 | 45  0.00057  1.91549e-01
 46 -0.00161  4.34799e-02 | 47 -0.01191 -1.30610e-01 | 48 -0.00128 -3.61112e-01
 49  0.00008 -4.10425e-01 | 50  0.00176 -4.02881e-01 | 51  0.01360 -1.06651e+00
 52 -0.00520 -4.13656e-01 | 53  0.01043  1.84372e-01 | 54  0.00577 -9.52695e-01
 55 -0.00720 -3.37085e-01 | 56 -0.01374 -3.48644e-01 | 57 -0.01284  2.34962e-01
 58  0.01317 -3.21446e-01 | 59  0.00917 -8.61723e-01 | 60 -0.00388 -3.61591e-01
 61 -0.01698 -4.05875e-03 | 62 -0.00861  6.78029e-01 | 63 -0.00517 -6.47173e-01
 64 -0.01304 -4.83593e-01 | 65  0.01281 -1.46942e+00 | 66  0.02083 -9.75123e-01
 67  0.01163 -5.36946e-01 | 68  0.01785 -9.99783e-01 | 69 -0.03104 -2.33400e-01
 70  0.01703 -9.16509e-01 | 71 -0.02323 -5.52186e-01 | 72  0.03416 -1.22725e+00
 73  0.02703 -1.00975e+00 | 74  0.00867 -5.29456e-01 | 75  0.02283 -8.58068e-01
 76 -0.03643 -4.36953e-02 | 77 -0.02310 -5.89760e-01 | 78 -0.00635 -3.65061e-01
 79  0.00677 -3.02493e-01 | 80 -0.04231 -1.84415e-01 | 81 -0.00772  1.29124e-02
 82  0.05771 -1.35312e+00 | 83 -0.02793  1.02787e-01 | 84  0.03057 -6.10058e-01
 85 -0.01626 -1.60649e-01 | 86 -0.01691 -7.61753e-02 | 87 -0.00183 -4.56263e-02
 88 -0.02458 -4.11109e-02 | 89 -0.02260  2.62265e-01 | 90 -0.00609  3.33278e-02
 91  0.00632  1.24340e-01 | 92  0.00463  6.21854e-02 | 93 -0.01619  7.24248e-01
 94 -0.00759  2.37479e-01 | 95  0.01593  4.78900e-01 | 96 -0.02607  6.98601e-01
 97  0.00132  4.32964e-01 | 98  0.02730  5.13600e-01 | 99 -0.04411  9.74368e-01
100  0.05574  6.59242e-01 |101  0.00992  1.00754e+00 |102 -0.00014  5.06187e-01
103  0.00006  5.13149e-01 |104 -0.01510 -1.07737e+00 |105 -0.40933  1.47790e+00
106 -0.40073 -6.01786e-01 |107 -0.29471  9.56933e-01 |

 - final statistics:
107 variables; iteration 69; function evaluation 90
Function value 5.5129e+02; maximum gradient component mag -2.5768e-01
Exit code = 1;  converg criter 1.0000e+00
Var    Value     Gradient |Var    Value     Gradient |Var    Value     Gradient
  1 -0.41862  5.75794e-02 |  2 -0.42781 -2.14259e-01 |  3 -0.40419 -1.01580e-01
  4  0.62960 -2.57681e-01 |  5  0.00003  3.19518e-03 |  6  0.00001  7.36123e-04
  7  0.00001  8.95846e-04 |  8  0.00001  1.08976e-03 |  9  0.00005 -1.26248e-03
 10  0.00005 -1.01291e-03 | 11  0.00005 -6.85355e-04 | 12  0.00006 -2.61884e-04
 13  0.00006  2.74286e-04 | 14  0.00007  9.33879e-04 | 15  0.00007  1.70970e-03
 16  0.00008  2.58566e-03 | 17  0.00009  3.51316e-03 | 18  0.00010  4.42609e-03
 19  0.00011  5.26100e-03 | 20  0.00013  6.03145e-03 | 21  0.00014  6.73808e-03
 22  0.00043  7.50866e-03 | 23  0.00017  8.13592e-03 | 24  0.00029  8.65284e-03
 25  0.00021  8.67289e-03 | 26  0.00058  7.97517e-03 | 27  0.00027  6.59050e-03
 28  0.00152  3.73068e-03 | 29  0.00052  9.96588e-04 | 30  0.00090  4.48003e-03
 31  0.00182  4.80863e-02 | 32  0.00370 -5.93358e-02 | 33  0.01131 -1.03177e-02
 34  0.00499 -1.10985e-03 | 35 -0.00407  1.93857e-02 | 36 -0.00577  2.54388e-03
 37 -0.00540  3.34448e-03 | 38 -0.00086  7.73182e-03 | 39  0.00406  1.98831e-02
 40 -0.00348  2.73650e-02 | 41 -0.00257 -3.83746e-02 | 42  0.02628 -7.14883e-02
 43  0.00449 -2.12686e-02 | 44 -0.00104 -2.45223e-02 | 45  0.00042 -7.73010e-02
 46 -0.00171 -1.43166e-01 | 47 -0.01178  7.64924e-02 | 48 -0.00112  8.90427e-03
 49  0.00024  1.29209e-02 | 50  0.00184 -2.38106e-02 | 51  0.01397 -1.67688e-02
 52 -0.00511 -7.28777e-02 | 53  0.00993 -3.07927e-02 | 54  0.00607 -4.95055e-02
 55 -0.00718  1.96279e-02 | 56 -0.01364  1.07137e-01 | 57 -0.01310 -4.10019e-02
 58  0.01293  2.92158e-02 | 59  0.00929  3.04238e-02 | 60 -0.00393  8.93793e-02
 61 -0.01716  7.40441e-03 | 62 -0.00909  2.41723e-02 | 63 -0.00512  9.53309e-03
 64 -0.01303 -3.90510e-03 | 65  0.01302 -4.30805e-02 | 66  0.02078 -1.69215e-02
 67  0.01155 -1.10954e-02 | 68  0.01785 -2.14546e-02 | 69 -0.03103 -1.16994e-02
 70  0.01701 -1.60012e-02 | 71 -0.02317 -6.33164e-03 | 72  0.03413 -1.27841e-02
 73  0.02701 -7.78787e-03 | 74  0.00864 -2.73025e-03 | 75  0.02281 -9.38371e-03
 76 -0.03644 -6.98627e-04 | 77 -0.02308 -8.81909e-03 | 78 -0.00636 -6.17200e-03
 79  0.00675  1.26977e-02 | 80 -0.04229 -4.77800e-03 | 81 -0.00775  5.12450e-03
 82  0.05770 -1.68898e-02 | 83 -0.02795  8.52156e-03 | 84  0.03057 -3.93027e-03
 85 -0.01626  3.26853e-03 | 86 -0.01690  2.18771e-03 | 87 -0.00185  3.47112e-03
 88 -0.02457  5.08474e-03 | 89 -0.02262  7.84462e-03 | 90 -0.00608  6.42502e-03
 91  0.00630  6.80754e-03 | 92  0.00463  5.25599e-03 | 93 -0.01624  1.48703e-02
 94 -0.00759  5.65418e-03 | 95  0.01590  1.21742e-02 | 96 -0.02610  1.54705e-02
 97  0.00130  1.12498e-02 | 98  0.02729  1.10834e-02 | 99 -0.04424  2.10752e-02
100  0.05571  1.29056e-02 |101  0.00965  2.50894e-03 |102 -0.00016 -7.07663e-04
103  0.00003 -2.05277e-03 |104 -0.01510 -1.26146e-02 |105 -0.40932  2.95550e-02
106 -0.39999 -1.16221e-02 |107 -0.29438  2.69184e-02 |

Initial statistics: 110 variables; iteration 0; function evaluation 0; phase 5
Function value 5.5129482e+02; maximum gradient component mag -2.3163e+02
Var    Value     Gradient |Var    Value     Gradient |Var    Value     Gradient
  1 -0.41862  5.75794e-02 |  2 -0.42781 -2.14259e-01 |  3 -0.40419 -1.01580e-01
  4 -0.41222  7.46844e+01 |  5 -0.41222  3.56065e+01 |  6  0.62960 -2.57681e-01
  7  0.00003  3.19518e-03 |  8  0.00001  7.36123e-04 |  9  0.00001  8.95846e-04
 10  0.00001  1.08976e-03 | 11  0.00005 -3.49950e-04 | 12  0.00005 -1.00389e-04
 13  0.00005  2.27171e-04 | 14  0.00006  6.50642e-04 | 15  0.00006  1.18681e-03
 16  0.00007  1.84640e-03 | 17  0.00007  2.62222e-03 | 18  0.00008  3.49819e-03
 19  0.00009  4.42569e-03 | 20  0.00010  5.33862e-03 | 21  0.00011  6.17352e-03
 22  0.00013  6.94398e-03 | 23  0.00014  7.65060e-03 | 24  0.00043  8.42119e-03
 25  0.00017  9.04844e-03 | 26  0.00029  9.56536e-03 | 27  0.00021  9.58541e-03
 28  0.00058  8.88770e-03 | 29  0.00027  7.50302e-03 | 30  0.00152  4.64320e-03
 31  0.00052  1.90911e-03 | 32  0.00090  5.39256e-03 | 33  0.00182  4.89988e-02
 34  0.00370 -5.84233e-02 | 35  0.01131 -9.40529e-03 | 36  0.00499 -1.97349e-04
 37 -0.00407  2.02982e-02 | 38 -0.00577  3.45636e-03 | 39 -0.00540  4.25697e-03
 40 -0.00086  8.64434e-03 | 41  0.00406  2.07956e-02 | 42 -0.00348  2.82775e-02
 43 -0.00257 -3.74621e-02 | 44  0.02628 -7.05765e-02 | 45  0.00449 -2.03561e-02
 46 -0.00104 -2.36097e-02 | 47  0.00042 -7.63884e-02 | 48 -0.00171 -1.42254e-01
 49 -0.01178  7.74048e-02 | 50 -0.00112  9.81680e-03 | 51  0.00024  1.38334e-02
 52  0.00184 -2.28981e-02 | 53  0.01397 -1.58565e-02 | 54 -0.00511 -7.19652e-02
 55  0.00993 -2.98803e-02 | 56  0.00607 -4.85930e-02 | 57 -0.00718  2.05404e-02
 58 -0.01364  1.08050e-01 | 59 -0.01310 -4.00896e-02 | 60  0.01293  3.01282e-02
 61  0.00929  3.13363e-02 | 62 -0.00393  9.02918e-02 | 63 -0.01716  8.31660e-03
 64 -0.00909  2.50847e-02 | 65 -0.00512  1.04456e-02 | 66 -0.01303 -2.99276e-03
 67  0.01302 -4.21681e-02 | 68  0.02078 -1.60094e-02 | 69  0.01155 -1.01830e-02
 70  0.01785 -2.05424e-02 | 71 -0.03103 -1.07880e-02 | 72  0.01701 -1.50890e-02
 73 -0.02317 -5.41972e-03 | 74  0.03413 -1.18729e-02 | 75  0.02701 -6.87617e-03
 76  0.00864 -1.81780e-03 | 77  0.02281 -8.47177e-03 | 78 -0.03644  2.12405e-04
 79 -0.02308 -7.90716e-03 | 80 -0.00636 -5.25952e-03 | 81  0.00675  1.36102e-02
 82 -0.04229 -3.86749e-03 | 83 -0.00775  6.03695e-03 | 84  0.05770 -1.59811e-02
 85 -0.02795  9.43320e-03 | 86  0.03057 -3.01880e-03 | 87 -0.01626  4.18076e-03
 88 -0.01690  3.09991e-03 | 89 -0.00185  4.38364e-03 | 90 -0.02457  5.99658e-03
 91 -0.02262  8.75657e-03 | 92 -0.00608  7.33751e-03 | 93  0.00630  7.72002e-03
 94  0.00463  6.16849e-03 | 95 -0.01624  1.57825e-02 | 96 -0.00759  6.56664e-03
 97  0.01590  1.30864e-02 | 98 -0.02610  1.63823e-02 | 99  0.00130  1.21623e-02
100  0.02729  1.19950e-02 |101 -0.04424  2.19855e-02 |102  0.05571  1.38147e-02
103  0.00965  3.42136e-03 |104 -0.00016  2.04863e-04 |105  0.00003 -1.14024e-03
106  0.00000 -2.31633e+02 |107 -0.01510 -1.26146e-02 |108 -0.40932  2.95550e-02
109 -0.39999 -1.16221e-02 |110 -0.29438  2.69184e-02 |

Intermediate statistics: 110 variables; iteration 20; function evaluation 21; phase 5
Function value 5.5055745e+02; maximum gradient component mag 1.8952e+02
Var    Value     Gradient |Var    Value     Gradient |Var    Value     Gradient
  1 -0.41642  6.61619e+01 |  2 -0.42562  1.89516e+02 |  3 -0.40742  9.05817e+01
  4 -0.41806  6.21189e+01 |  5 -0.43370  1.93947e+01 |  6  0.62832  1.19741e+02
  7  0.00002  6.86451e-02 |  8  0.00000  1.52012e-02 |  9  0.00001  1.85498e-02
 10  0.00001  2.26240e-02 | 11  0.00012  9.35408e-01 | 12  0.00013  9.41401e-01
 13  0.00013  9.48688e-01 | 14  0.00013  9.57527e-01 | 15  0.00013  9.68222e-01
 16  0.00014  9.81118e-01 | 17  0.00014  9.96680e-01 | 18  0.00015  1.01527e+00
 19  0.00015  1.03741e+00 | 20  0.00016  1.06355e+00 | 21  0.00016  1.09430e+00
 22  0.00017  1.13019e+00 | 23  0.00018  1.17178e+00 | 24  0.00046  1.22090e+00
 25  0.00018  1.27365e+00 | 26  0.00029  1.33485e+00 | 27  0.00019  1.40077e+00
 28  0.00054  1.47571e+00 | 29  0.00020  1.54925e+00 | 30  0.00141  1.64271e+00
 31  0.00035  1.71674e+00 | 32  0.00067  1.76119e+00 | 33  0.00155  1.93410e+00
 34  0.00374  2.17270e+00 | 35  0.01201  2.76662e+00 | 36  0.00512  2.51590e+00
 37 -0.00445  2.14351e+00 | 38 -0.00583  2.55659e+00 | 39 -0.00548  2.64957e+00
 40 -0.00081  3.15802e+00 | 41  0.00428  3.58101e+00 | 42 -0.00374  3.24153e+00
 43 -0.00230  3.96843e+00 | 44  0.02676  6.06779e+00 | 45  0.00468  4.83872e+00
 46 -0.00173  4.28615e+00 | 47 -0.00001  4.95944e+00 | 48 -0.00180  5.00647e+00
 49 -0.01236  4.32005e+00 | 50 -0.00128  5.97010e+00 | 51  0.00008  6.31657e+00
 52  0.00137  6.81283e+00 | 53  0.01448  9.01788e+00 | 54 -0.00453  7.46024e+00
 55  0.01113  9.87762e+00 | 56  0.00590  8.90282e+00 | 57 -0.00745  7.41704e+00
 58 -0.01388  7.16497e+00 | 59 -0.01340  7.23091e+00 | 60  0.01344  1.25169e+01
 61  0.00999  1.20142e+01 | 62 -0.00400  9.49178e+00 | 63 -0.01771  7.10990e+00
 64 -0.00913  9.15468e+00 | 65 -0.00540  9.86959e+00 | 66 -0.01321  8.92423e+00
 67  0.01368  1.47766e+01 | 68  0.02201  1.73976e+01 | 69  0.01078  9.63364e+00
 70  0.01820  1.38448e+01 | 71 -0.03084  7.53841e+00 | 72  0.01798  1.84916e+01
 73 -0.02263  1.00061e+01 | 74  0.03439  1.76779e+01 | 75  0.02772  1.83096e+01
 76  0.00961  1.48406e+01 | 77  0.02298  6.94379e+00 | 78 -0.03634  1.67954e+00
 79 -0.02248  6.67078e+00 | 80 -0.00514  2.85162e+01 | 81  0.00666 -2.56746e+00
 82 -0.04195  4.45116e+00 | 83 -0.00756  4.09548e+00 | 84  0.05814  3.10722e+01
 85 -0.02648  1.16388e+01 | 86  0.02979 -1.96549e+01 | 87 -0.01543  2.71863e+00
 88 -0.01669  1.23434e+00 | 89 -0.00255 -1.59759e+01 | 90 -0.02489 -4.77570e+00
 91 -0.02173  1.26337e+00 | 92 -0.00519  1.98074e+01 | 93  0.00582 -1.46905e+01
 94  0.00505  6.63068e+00 | 95 -0.01583  2.15680e+00 | 96 -0.00703  9.68456e+00
 97  0.01611 -3.64794e+00 | 98 -0.02642 -5.14587e+00 | 99  0.00129 -1.83670e+00
100  0.02699 -1.73469e+00 |101 -0.04593 -9.42713e+00 |102  0.05493  1.56901e+00
103  0.00929  1.74961e+00 |104 -0.00009  9.21906e-01 |105  0.00012  9.08088e-01
106  0.00013 -1.32331e+02 |107 -0.01211  4.68498e+00 |108 -0.40767 -6.39205e-01
109 -0.44339 -2.12524e+01 |110 -0.31318  3.81824e+01 |
110 variables; iteration 40; function evaluation 48; phase 5
Function value 5.4999860e+02; maximum gradient component mag -1.6776e+02
Var    Value     Gradient |Var    Value     Gradient |Var    Value     Gradient
  1 -0.41493  1.50127e+01 |  2 -0.42358 -1.67756e+02 |  3 -0.41093 -6.10318e+01
  4 -0.42915 -4.53957e+00 |  5 -0.44204 -3.61695e+00 |  6  0.62754 -1.60385e+02
  7  0.00001 -1.04842e-01 |  8  0.00000 -2.33010e-02 |  9  0.00000 -2.84349e-02
 10  0.00000 -3.46926e-02 | 11  0.00004  5.88340e+00 | 12  0.00004  5.87423e+00
 13  0.00004  5.86299e+00 | 14  0.00004  5.84927e+00 | 15  0.00004  5.83255e+00
 16  0.00004  5.81227e+00 | 17  0.00004  5.78777e+00 | 18  0.00004  5.75851e+00
 19  0.00005  5.72377e+00 | 20  0.00005  5.68281e+00 | 21  0.00005  5.63485e+00
 22  0.00005  5.58111e+00 | 23  0.00005  5.51815e+00 | 24  0.00033  5.44393e+00
 25  0.00004  5.36483e+00 | 26  0.00014  5.27419e+00 | 27  0.00004  5.17986e+00
 28  0.00038  5.07760e+00 | 29  0.00005  4.98577e+00 | 30  0.00126  4.88038e+00
 31  0.00021  4.81768e+00 | 32  0.00052  4.80423e+00 | 33  0.00131  4.59501e+00
 34  0.00394  4.95882e+00 | 35  0.01247  4.59032e+00 | 36  0.00498  3.89507e+00
 37 -0.00480  3.65018e+00 | 38 -0.00591  4.01299e+00 | 39 -0.00559  3.73451e+00
 40 -0.00076  3.61008e+00 | 41  0.00449  3.24413e+00 | 42 -0.00410  2.60735e+00
 43 -0.00242  2.64543e+00 | 44  0.02646 -1.36429e-01 | 45  0.00473  1.62876e+00
 46 -0.00237  9.07951e-01 | 47 -0.00041  9.14045e-01 | 48 -0.00206  4.72043e-01
 49 -0.01210  1.94055e+00 | 50 -0.00149  3.77281e-02 | 51 -0.00002 -3.74557e-01
 52  0.00058 -1.62863e+00 | 53  0.01391 -3.64096e+00 | 54 -0.00497 -1.46738e+00
 55  0.01168 -3.05815e+00 | 56  0.00493 -4.26574e+00 | 57 -0.00710 -1.19976e+00
 58 -0.01407 -1.52438e+00 | 59 -0.01377 -2.43406e+00 | 60  0.01220 -7.63488e+00
 61  0.00935 -6.89206e+00 | 62 -0.00421 -4.26742e+00 | 63 -0.01786 -2.93025e+00
 64 -0.01034 -6.11056e+00 | 65 -0.00644 -6.14121e+00 | 66 -0.01399 -4.30032e+00
 67  0.01345 -6.87887e+00 | 68  0.02121 -9.08183e+00 | 69  0.01280 -2.01952e-01
 70  0.01793 -8.13420e+00 | 71 -0.03007  2.62036e+00 | 72  0.01722 -6.55276e+00
 73 -0.02326 -7.38547e-01 | 74  0.03416 -1.13936e+01 | 75  0.02733 -1.08163e+01
 76  0.00961 -2.50860e+00 | 77  0.02290 -9.94889e+00 | 78 -0.03682 -6.77400e+00
 79 -0.02206  4.36129e+00 | 80 -0.00636 -2.61420e+00 | 81  0.00725 -7.03298e+00
 82 -0.04217  6.71991e-01 | 83 -0.00657  5.57149e+00 | 84  0.05782 -1.31268e+01
 85 -0.02641  2.08461e+00 | 86  0.03047 -1.21259e+01 | 87 -0.01531 -5.35584e+00
 88 -0.01677 -4.77969e+00 | 89 -0.00137 -3.02610e+00 | 90 -0.02456  3.28547e+00
 91 -0.02079  6.86981e+00 | 92 -0.00604  1.68038e+00 | 93  0.00707  1.67990e-02
 94  0.00488  1.74625e+00 | 95 -0.01556  5.35541e+00 | 96 -0.00732  7.31875e+00
 97  0.01657  1.10559e+00 | 98 -0.02565  1.24850e+01 | 99  0.00116 -1.70825e+00
100  0.02664  5.11613e+00 |101 -0.04461  7.95011e-01 |102  0.05425  7.65994e+00
103  0.01087  9.34761e+00 |104 -0.00018  5.91923e+00 |105  0.00004  5.92404e+00
106  0.00091 -9.58632e+01 |107 -0.01159 -1.08962e+01 |108 -0.40789  1.68633e+01
109 -0.45408 -6.86369e+00 |110 -0.31971  1.59940e+01 |
110 variables; iteration 60; function evaluation 77; phase 5
Function value 5.4995273e+02; maximum gradient component mag -8.3756e+00
Var    Value     Gradient |Var    Value     Gradient |Var    Value     Gradient
  1 -0.41497  5.62686e+00 |  2 -0.42348 -4.07102e+00 |  3 -0.41114  5.66346e-01
  4 -0.42818 -6.81415e-01 |  5 -0.44307 -4.05531e-01 |  6  0.62749 -6.41928e+00
  7  0.00001 -2.15351e-02 |  8  0.00000 -4.85568e-03 |  9  0.00000 -5.92282e-03
 10  0.00000 -7.22543e-03 | 11  0.00003  2.40902e-01 | 12  0.00003  2.39063e-01
 13  0.00003  2.36751e-01 | 14  0.00003  2.33860e-01 | 15  0.00003  2.30270e-01
 16  0.00003  2.25865e-01 | 17  0.00003  2.20478e-01 | 18  0.00003  2.14145e-01
 19  0.00003  2.06791e-01 | 20  0.00003  1.98371e-01 | 21  0.00003  1.88846e-01
 22  0.00003  1.79962e-01 | 23  0.00003  1.69302e-01 | 24  0.00031  1.57041e-01
 25  0.00002  1.44750e-01 | 26  0.00012  1.31753e-01 | 27  0.00001  1.20672e-01
 28  0.00035  1.12407e-01 | 29  0.00002  1.10708e-01 | 30  0.00122  1.15668e-01
 31  0.00015  1.28504e-01 | 32  0.00044  1.29247e-01 | 33  0.00120  2.71193e-02
 34  0.00365  3.14123e-01 | 35  0.01211  2.51053e-01 | 36  0.00499  9.33971e-02
 37 -0.00443  4.01513e-01 | 38 -0.00600  1.33447e-01 | 39 -0.00564  1.31286e-01
 40 -0.00105 -1.31379e-03 | 41  0.00420  1.18452e-01 | 42 -0.00386  2.41037e-01
 43 -0.00256 -3.74048e-03 | 44  0.02655 -7.63496e-03 | 45  0.00473  2.73297e-01
 46 -0.00199  7.02380e-02 | 47 -0.00025  2.28198e-01 | 48 -0.00189  1.02306e-01
 49 -0.01235  3.13961e-01 | 50 -0.00156 -5.31715e-02 | 51  0.00004  2.86691e-01
 52  0.00085 -1.67594e-01 | 53  0.01410 -2.17335e-01 | 54 -0.00487 -1.14751e-01
 55  0.01119 -9.63652e-02 | 56  0.00548 -2.57007e-01 | 57 -0.00770 -2.87075e-01
 58 -0.01408 -1.18313e-02 | 59 -0.01346  2.03838e-01 | 60  0.01289 -2.99226e-01
 61  0.00977 -1.09354e-01 | 62 -0.00421 -2.22159e-01 | 63 -0.01762 -1.59173e-01
 64 -0.00920  1.62466e-01 | 65 -0.00577 -4.18142e-01 | 66 -0.01351 -5.02401e-02
 67  0.01328  6.33207e-01 | 68  0.02111 -4.62784e-01 | 69  0.01107  1.87867e-01
 70  0.01789 -1.54985e-01 | 71 -0.03127 -3.57315e-03 | 72  0.01690 -2.19451e-01
 73 -0.02339  2.20904e-01 | 74  0.03410  9.54866e-02 | 75  0.02745 -1.85693e-02
 76  0.00925 -8.48351e-01 | 77  0.02294 -2.61443e-01 | 78 -0.03638 -4.70265e-01
 79 -0.02243  6.82503e-01 | 80 -0.00641 -4.22263e-01 | 81  0.00739  1.42324e-02
 82 -0.04213 -8.78335e-02 | 83 -0.00698  9.53210e-01 | 84  0.05781 -9.68452e-01
 85 -0.02646  1.52365e-01 | 86  0.03068 -5.74986e-01 | 87 -0.01491 -9.28975e-01
 88 -0.01645  3.80528e-02 | 89 -0.00120 -1.08484e-01 | 90 -0.02455  5.24726e-01
 91 -0.02118 -6.22140e-01 | 92 -0.00607 -1.49355e-01 | 93  0.00714  3.31514e-01
 94  0.00484 -3.37678e-02 | 95 -0.01575 -3.63923e-01 | 96 -0.00756  2.90402e-01
 97  0.01668 -1.18680e-01 | 98 -0.02624  1.23447e-01 | 99  0.00176  1.81694e-01
100  0.02660 -9.58728e-02 |101 -0.04363  6.35444e-02 |102  0.05418 -6.96573e-02
103  0.00944  4.46430e-01 |104 -0.00019  2.42617e-01 |105  0.00002  2.48177e-01
106  0.00101 -8.37556e+00 |107 -0.01223 -4.61432e-01 |108 -0.40827  7.06041e-01
109 -0.45365 -9.89869e-01 |110 -0.32008  2.80837e+00 |
110 variables; iteration 80; function evaluation 114; phase 5
Function value 5.4995138e+02; maximum gradient component mag 3.3070e+00
Var    Value     Gradient |Var    Value     Gradient |Var    Value     Gradient
  1 -0.41502  4.60384e-01 |  2 -0.42341  3.30695e+00 |  3 -0.41120  1.37233e+00
  4 -0.42810  4.09553e-02 |  5 -0.44331  5.46220e-02 |  6  0.62747  2.51715e+00
  7  0.00002  2.96761e-03 |  8  0.00000  6.56746e-04 |  9  0.00001  8.01871e-04
 10  0.00001  9.79168e-04 | 11  0.00002 -8.68870e-02 | 12  0.00002 -8.66413e-02
 13  0.00003 -8.63359e-02 | 14  0.00003 -8.59567e-02 | 15  0.00003 -8.54879e-02
 16  0.00003 -8.49125e-02 | 17  0.00004 -8.42167e-02 | 18  0.00004 -8.33833e-02
 19  0.00005 -8.23975e-02 | 20  0.00005 -8.12418e-02 | 21  0.00006 -7.98992e-02
 22  0.00006 -7.84851e-02 | 23  0.00007 -7.68072e-02 | 24  0.00035 -7.48372e-02
 25  0.00007 -7.27796e-02 | 26  0.00018 -7.04856e-02 | 27  0.00007 -6.82330e-02
 28  0.00042 -6.59793e-02 | 29  0.00008 -6.41631e-02 | 30  0.00128 -6.21621e-02
 31  0.00019 -6.05910e-02 | 32  0.00048 -5.79142e-02 | 33  0.00130 -6.10621e-02
 34  0.00354 -7.51535e-02 | 35  0.01206 -4.55533e-02 | 36  0.00506 -2.82198e-02
 37 -0.00457 -4.69255e-02 | 38 -0.00600 -6.77777e-02 | 39 -0.00565 -6.89967e-02
 40 -0.00095 -2.08504e-02 | 41  0.00421 -1.45581e-02 | 42 -0.00394 -5.34472e-02
 43 -0.00250 -3.68646e-02 | 44  0.02658  1.09399e-02 | 45  0.00460 -2.42032e-02
 46 -0.00197  9.55263e-03 | 47 -0.00036 -1.55350e-02 | 48 -0.00190  9.07996e-03
 49 -0.01248 -2.32123e-02 | 50 -0.00151  1.68893e-02 | 51 -0.00015 -9.26453e-03
 52  0.00093  2.16654e-02 | 53  0.01414  2.36811e-02 | 54 -0.00484 -8.38759e-03
 55  0.01118  5.37066e-02 | 56  0.00559  6.21955e-02 | 57 -0.00757  5.14123e-02
 58 -0.01408  5.24290e-02 | 59 -0.01358  1.46904e-02 | 60  0.01295  1.21308e-01
 61  0.00973  1.20390e-01 | 62 -0.00416  6.17373e-02 | 63 -0.01758  3.63314e-02
 64 -0.00932  4.58609e-02 | 65 -0.00561  1.01342e-01 | 66 -0.01351  6.78685e-02
 67  0.01291  9.44051e-02 | 68  0.02118  1.60163e-01 | 69  0.01095  1.03430e-01
 70  0.01786  1.42584e-01 | 71 -0.03128  1.41392e-02 | 72  0.01689  1.34303e-01
 73 -0.02346  2.45665e-02 | 74  0.03405  1.67873e-01 | 75  0.02742  1.64070e-01
 76  0.00931  1.21653e-01 | 77  0.02294  1.58968e-01 | 78 -0.03636  3.69862e-02
 79 -0.02249  9.21970e-04 | 80 -0.00642  4.98769e-02 | 81  0.00738  1.04973e-01
 82 -0.04213 -1.43273e-03 | 83 -0.00705 -5.28006e-03 | 84  0.05781  2.41473e-01
 85 -0.02646  4.44148e-03 | 86  0.03067  1.16525e-01 | 87 -0.01481  6.49430e-02
 88 -0.01647  1.94392e-02 | 89 -0.00119  4.11667e-02 | 90 -0.02460 -3.77012e-02
 91 -0.02111  1.56059e-02 | 92 -0.00608 -2.12271e-02 | 93  0.00713  6.25570e-03
 94  0.00484 -3.12472e-02 | 95 -0.01570 -1.81567e-02 | 96 -0.00758 -7.93613e-02
 97  0.01671  4.46164e-04 | 98 -0.02625 -8.99496e-02 | 99  0.00177 -2.80886e-02
100  0.02660 -7.63690e-02 |101 -0.04357 -6.73572e-02 |102  0.05417 -1.04315e-01
103  0.00938 -9.16598e-02 |104 -0.00019 -8.61328e-02 |105  0.00002 -8.79059e-02
106  0.00104  1.13495e+00 |107 -0.01225  1.70344e-01 |108 -0.40828 -2.33623e-01
109 -0.45582 -2.49430e-02 |110 -0.32118  9.58472e-02 |
110 variables; iteration 100; function evaluation 149; phase 5
Function value 5.4995137e+02; maximum gradient component mag 6.2471e-02
Var    Value     Gradient |Var    Value     Gradient |Var    Value     Gradient
  1 -0.41503  6.32717e-03 |  2 -0.42342  6.24707e-02 |  3 -0.41118  2.54646e-02
  4 -0.42813  7.68452e-04 |  5 -0.44327  1.00778e-03 |  6  0.62748  4.84991e-02
  7  0.00002  8.58410e-05 |  8  0.00000  2.73424e-05 |  9  0.00000  3.26237e-05
 10  0.00001  3.86703e-05 | 11  0.00003 -1.66512e-03 | 12  0.00003 -1.65177e-03
 13  0.00003 -1.63705e-03 | 14  0.00003 -1.62144e-03 | 15  0.00003 -1.60548e-03
 16  0.00004 -1.58985e-03 | 17  0.00004 -1.57725e-03 | 18  0.00004 -1.56747e-03
 19  0.00005 -1.56238e-03 | 20  0.00005 -1.56228e-03 | 21  0.00006 -1.56886e-03
 22  0.00006 -1.54776e-03 | 23  0.00007 -1.53553e-03 | 24  0.00035 -1.52021e-03
 25  0.00007 -1.49852e-03 | 26  0.00018 -1.46999e-03 | 27  0.00007 -1.44099e-03
 28  0.00042 -1.40167e-03 | 29  0.00008 -1.35206e-03 | 30  0.00127 -1.12975e-03
 31  0.00019 -7.80434e-04 | 32  0.00048 -7.39460e-04 | 33  0.00130 -7.56127e-04
 34  0.00355 -1.24287e-03 | 35  0.01205 -8.88967e-04 | 36  0.00505 -7.95188e-04
 37 -0.00457 -5.90729e-04 | 38 -0.00599 -8.72696e-04 | 39 -0.00563 -8.81754e-04
 40 -0.00097 -5.72494e-04 | 41  0.00420 -7.33934e-04 | 42 -0.00393 -1.59676e-03
 43 -0.00249 -7.15047e-04 | 44  0.02657 -2.97396e-04 | 45  0.00461 -2.36323e-04
 46 -0.00198 -2.58106e-04 | 47 -0.00035  5.25797e-05 | 48 -0.00191 -1.52539e-04
 49 -0.01248 -3.54431e-04 | 50 -0.00151  5.22582e-04 | 51 -0.00013 -2.00108e-04
 52  0.00093  5.79419e-04 | 53  0.01415  6.72108e-04 | 54 -0.00483  7.24213e-04
 55  0.01118  9.03100e-04 | 56  0.00558  8.75864e-04 | 57 -0.00758  7.68807e-04
 58 -0.01409  1.04223e-03 | 59 -0.01357  3.51353e-04 | 60  0.01294  2.33492e-03
 61  0.00972  2.34390e-03 | 62 -0.00416  1.56987e-03 | 63 -0.01758  9.72858e-04
 64 -0.00931  1.03008e-03 | 65 -0.00563  1.77314e-03 | 66 -0.01352  9.57832e-04
 67  0.01292  2.09742e-03 | 68  0.02118  3.05447e-03 | 69  0.01095  2.18656e-03
 70  0.01786  2.77138e-03 | 71 -0.03128  3.64387e-04 | 72  0.01689  2.64845e-03
 73 -0.02345  5.58243e-04 | 74  0.03405  3.48091e-03 | 75  0.02742  3.24005e-03
 76  0.00931  2.28748e-03 | 77  0.02294  3.02402e-03 | 78 -0.03636  5.13835e-04
 79 -0.02248  3.26013e-04 | 80 -0.00642  1.20734e-03 | 81  0.00738  1.90410e-03
 82 -0.04213 -3.87012e-05 | 83 -0.00705  2.97527e-04 | 84  0.05781  4.95999e-03
 85 -0.02646  1.01106e-04 | 86  0.03067  2.21654e-03 | 87 -0.01482  8.54848e-04
 88 -0.01647  3.08470e-04 | 89 -0.00119  5.87655e-04 | 90 -0.02460 -4.89891e-04
 91 -0.02112  1.41566e-04 | 92 -0.00608 -1.83790e-04 | 93  0.00713  1.03029e-04
 94  0.00483 -3.68743e-04 | 95 -0.01570 -4.61932e-04 | 96 -0.00758 -1.17055e-03
 97  0.01670 -2.64605e-04 | 98 -0.02625 -1.50360e-03 | 99  0.00177 -8.02196e-04
100  0.02660 -1.37414e-03 |101 -0.04357 -1.36660e-03 |102  0.05417 -1.81506e-03
103  0.00938 -1.63137e-03 |104 -0.00019 -1.93921e-03 |105  0.00002 -1.74383e-03
106  0.00104  2.21530e-02 |107 -0.01226  3.24752e-03 |108 -0.40829 -4.51218e-03
109 -0.45606 -2.93003e-04 |110 -0.32129  8.78668e-04 |
  ic > imax  in fminim is answer attained ?
Var    Value     Gradient |Var    Value     Gradient |Var    Value     Gradient
  1 -0.41503  5.01996e-05 |  2 -0.42342  5.15633e-04 |  3 -0.41118  2.09793e-04
  4 -0.42813  6.29325e-06 |  5 -0.44327  8.35770e-06 |  6  0.62748  4.01027e-04
  7  0.00002 -1.25446e-06 |  8  0.00000 -1.95959e-06 |  9  0.00000 -2.19010e-06
 10  0.00001 -2.39248e-06 | 11  0.00003 -1.28076e-05 | 12  0.00003 -1.37456e-05
 13  0.00003 -1.45786e-05 | 14  0.00003 -1.52112e-05 | 15  0.00003 -1.55671e-05
 16  0.00004 -1.56099e-05 | 17  0.00004 -1.51051e-05 | 18  0.00004 -1.44135e-05
 19  0.00005 -1.37026e-05 | 20  0.00005 -1.32863e-05 | 21  0.00006 -1.33317e-05
 22  0.00006 -1.33151e-05 | 23  0.00007 -1.33693e-05 | 24  0.00035 -1.31958e-05
 25  0.00007 -1.26369e-05 | 26  0.00018 -1.16812e-05 | 27  0.00007 -1.02403e-05
 28  0.00042 -8.00694e-06 | 29  0.00008 -3.43287e-06 | 30  0.00127 -8.11372e-06
 31  0.00019 -1.82861e-05 | 32  0.00048 -4.15326e-06 | 33  0.00130 -6.61834e-06
 34  0.00355 -1.01055e-05 | 35  0.01205 -7.37086e-06 | 36  0.00505 -6.55327e-06
 37 -0.00457 -5.34050e-06 | 38 -0.00599 -7.34357e-06 | 39 -0.00563 -7.36680e-06
 40 -0.00097 -5.14800e-06 | 41  0.00420 -5.78979e-06 | 42 -0.00393 -1.30178e-05
 43 -0.00249 -5.97825e-06 | 44  0.02657 -2.40536e-06 | 45  0.00461 -1.09025e-06
 46 -0.00198 -2.52387e-06 | 47 -0.00035  5.73852e-07 | 48 -0.00191 -1.50597e-06
 49 -0.01248 -2.63299e-06 | 50 -0.00151  3.90811e-06 | 51 -0.00013 -1.31308e-06
 52  0.00093  5.08945e-06 | 53  0.01415  5.69546e-06 | 54 -0.00483  6.03310e-06
 55  0.01118  7.78101e-06 | 56  0.00558  7.53130e-06 | 57 -0.00758  6.28457e-06
 58 -0.01409  8.24231e-06 | 59 -0.01357  3.16687e-06 | 60  0.01294  1.90282e-05
 61  0.00972  1.90994e-05 | 62 -0.00416  1.28786e-05 | 63 -0.01758  8.01714e-06
 64 -0.00931  8.52800e-06 | 65 -0.00563  1.45260e-05 | 66 -0.01352  8.13393e-06
 67  0.01292  1.75361e-05 | 68  0.02118  2.52483e-05 | 69  0.01095  1.82812e-05
 70  0.01786  2.29460e-05 | 71 -0.03128  3.11448e-06 | 72  0.01689  2.19687e-05
 73 -0.02345  4.70427e-06 | 74  0.03405  2.90316e-05 | 75  0.02742  2.68632e-05
 76  0.00931  1.88548e-05 | 77  0.02294  2.49659e-05 | 78 -0.03636  4.01647e-06
 79 -0.02248  3.01231e-06 | 80 -0.00642  1.01847e-05 | 81  0.00738  1.56234e-05
 82 -0.04213 -3.46059e-07 | 83 -0.00705  2.89020e-06 | 84  0.05781  4.12850e-05
 85 -0.02646  8.41543e-07 | 86  0.03067  1.82658e-05 | 87 -0.01482  6.63729e-06
 88 -0.01647  2.44317e-06 | 89 -0.00119  4.66658e-06 | 90 -0.02460 -3.83098e-06
 91 -0.02112  1.00011e-06 | 92 -0.00608 -1.33329e-06 | 93  0.00713  8.50097e-07
 94  0.00483 -2.84770e-06 | 95 -0.01570 -3.94026e-06 | 96 -0.00758 -9.33823e-06
 97  0.01670 -2.46696e-06 | 98 -0.02625 -1.21953e-05 | 99  0.00177 -6.90682e-06
100  0.02660 -1.12941e-05 |101 -0.04357 -1.13732e-05 |102  0.05417 -1.48400e-05
103  0.00938 -1.34772e-05 |104 -0.00019 -1.60202e-05 |105  0.00002 -3.99294e-06
106  0.00104  1.83532e-04 |107 -0.01226  2.68288e-05 |108 -0.40829 -3.72742e-05
109 -0.45607 -2.28514e-06 |110 -0.32129  6.49840e-06 |
Function minimizer not making progress ... is minimum attained?
Minimprove criterion = 0.0000e+00

 - final statistics:
110 variables; iteration 110; function evaluation 196
Function value 5.4995e+02; maximum gradient component mag 5.1563e-04
Exit code = 1;  converg criter 1.0000e-04
Var    Value     Gradient |Var    Value     Gradient |Var    Value     Gradient
  1 -0.41503  5.01996e-05 |  2 -0.42342  5.15633e-04 |  3 -0.41118  2.09793e-04
  4 -0.42813  6.29325e-06 |  5 -0.44327  8.35770e-06 |  6  0.62748  4.01027e-04
  7  0.00002 -1.25446e-06 |  8  0.00000 -1.95959e-06 |  9  0.00000 -2.19010e-06
 10  0.00001 -2.39248e-06 | 11  0.00003 -1.28076e-05 | 12  0.00003 -1.37456e-05
 13  0.00003 -1.45786e-05 | 14  0.00003 -1.52112e-05 | 15  0.00003 -1.55671e-05
 16  0.00004 -1.56099e-05 | 17  0.00004 -1.51051e-05 | 18  0.00004 -1.44135e-05
 19  0.00005 -1.37026e-05 | 20  0.00005 -1.32863e-05 | 21  0.00006 -1.33317e-05
 22  0.00006 -1.33151e-05 | 23  0.00007 -1.33693e-05 | 24  0.00035 -1.31958e-05
 25  0.00007 -1.26369e-05 | 26  0.00018 -1.16812e-05 | 27  0.00007 -1.02403e-05
 28  0.00042 -8.00694e-06 | 29  0.00008 -3.43287e-06 | 30  0.00127 -8.11372e-06
 31  0.00019 -1.82861e-05 | 32  0.00048 -4.15326e-06 | 33  0.00130 -6.61834e-06
 34  0.00355 -1.01055e-05 | 35  0.01205 -7.37086e-06 | 36  0.00505 -6.55327e-06
 37 -0.00457 -5.34050e-06 | 38 -0.00599 -7.34357e-06 | 39 -0.00563 -7.36680e-06
 40 -0.00097 -5.14800e-06 | 41  0.00420 -5.78979e-06 | 42 -0.00393 -1.30178e-05
 43 -0.00249 -5.97825e-06 | 44  0.02657 -2.40536e-06 | 45  0.00461 -1.09025e-06
 46 -0.00198 -2.52387e-06 | 47 -0.00035  5.73852e-07 | 48 -0.00191 -1.50597e-06
 49 -0.01248 -2.63299e-06 | 50 -0.00151  3.90811e-06 | 51 -0.00013 -1.31308e-06
 52  0.00093  5.08945e-06 | 53  0.01415  5.69546e-06 | 54 -0.00483  6.03310e-06
 55  0.01118  7.78101e-06 | 56  0.00558  7.53130e-06 | 57 -0.00758  6.28457e-06
 58 -0.01409  8.24231e-06 | 59 -0.01357  3.16687e-06 | 60  0.01294  1.90282e-05
 61  0.00972  1.90994e-05 | 62 -0.00416  1.28786e-05 | 63 -0.01758  8.01714e-06
 64 -0.00931  8.52800e-06 | 65 -0.00563  1.45260e-05 | 66 -0.01352  8.13393e-06
 67  0.01292  1.75361e-05 | 68  0.02118  2.52483e-05 | 69  0.01095  1.82812e-05
 70  0.01786  2.29460e-05 | 71 -0.03128  3.11448e-06 | 72  0.01689  2.19687e-05
 73 -0.02345  4.70427e-06 | 74  0.03405  2.90316e-05 | 75  0.02742  2.68632e-05
 76  0.00931  1.88548e-05 | 77  0.02294  2.49659e-05 | 78 -0.03636  4.01647e-06
 79 -0.02248  3.01231e-06 | 80 -0.00642  1.01847e-05 | 81  0.00738  1.56234e-05
 82 -0.04213 -3.46059e-07 | 83 -0.00705  2.89020e-06 | 84  0.05781  4.12850e-05
 85 -0.02646  8.41543e-07 | 86  0.03067  1.82658e-05 | 87 -0.01482  6.63729e-06
 88 -0.01647  2.44317e-06 | 89 -0.00119  4.66658e-06 | 90 -0.02460 -3.83098e-06
 91 -0.02112  1.00011e-06 | 92 -0.00608 -1.33329e-06 | 93  0.00713  8.50097e-07
 94  0.00483 -2.84770e-06 | 95 -0.01570 -3.94026e-06 | 96 -0.00758 -9.33823e-06
 97  0.01670 -2.46696e-06 | 98 -0.02625 -1.21953e-05 | 99  0.00177 -6.90682e-06
100  0.02660 -1.12941e-05 |101 -0.04357 -1.13732e-05 |102  0.05417 -1.48400e-05
103  0.00938 -1.34772e-05 |104 -0.00019 -1.60202e-05 |105  0.00002 -3.99294e-06
106  0.00104  1.83532e-04 |107 -0.01226  2.68288e-05 |108 -0.40829 -3.72742e-05
109 -0.45607 -2.28514e-06 |110 -0.32129  6.49840e-06 |

Initial statistics: 111 variables; iteration 0; function evaluation 0; phase 6
Function value 5.4995137e+02; maximum gradient component mag 5.1564e-04
Var    Value     Gradient |Var    Value     Gradient |Var    Value     Gradient
  1 -0.41503  5.01998e-05 |  2 -0.42342  5.15635e-04 |  3 -0.41118  2.09794e-04
  4 -0.42813  6.29327e-06 |  5 -0.44327  8.35773e-06 |  6  0.62748  4.01029e-04
  7  0.00002 -1.25426e-06 |  8  0.00000 -1.95957e-06 |  9  0.00000 -2.19006e-06
 10  0.00001 -2.39241e-06 | 11  0.00003 -1.27014e-05 | 12  0.00003 -1.36394e-05
 13  0.00003 -1.44723e-05 | 14  0.00003 -1.51048e-05 | 15  0.00003 -1.54606e-05
 16  0.00004 -1.55033e-05 | 17  0.00004 -1.49985e-05 | 18  0.00004 -1.43070e-05
 19  0.00005 -1.35963e-05 | 20  0.00005 -1.31802e-05 | 21  0.00006 -1.32256e-05
 22  0.00006 -1.32090e-05 | 23  0.00007 -1.32631e-05 | 24  0.00035 -1.30894e-05
 25  0.00007 -1.25304e-05 | 26  0.00018 -1.15747e-05 | 27  0.00007 -1.01337e-05
 28  0.00042 -7.90032e-06 | 29  0.00008 -3.32684e-06 | 30  0.00127 -8.00733e-06
 31  0.00019 -1.81797e-05 | 32  0.00048 -4.04689e-06 | 33  0.00130 -6.51197e-06
 34  0.00355 -9.99912e-06 | 35  0.01205 -7.26450e-06 | 36  0.00505 -6.44689e-06
 37 -0.00457 -5.23412e-06 | 38 -0.00599 -7.23719e-06 | 39 -0.00563 -7.26042e-06
 40 -0.00097 -5.04161e-06 | 41  0.00420 -5.68340e-06 | 42 -0.00393 -1.29114e-05
 43 -0.00249 -5.87185e-06 | 44  0.02657 -2.29903e-06 | 45  0.00461 -9.83837e-07
 46 -0.00198 -2.41746e-06 | 47 -0.00035  6.80266e-07 | 48 -0.00191 -1.39955e-06
 49 -0.01248 -2.52660e-06 | 50 -0.00151  4.01453e-06 | 51 -0.00013 -1.20664e-06
 52  0.00093  5.19589e-06 | 53  0.01415  5.80190e-06 | 54 -0.00483  6.13953e-06
 55  0.01118  7.88747e-06 | 56  0.00558  7.63776e-06 | 57 -0.00758  6.39101e-06
 58 -0.01409  8.34872e-06 | 59 -0.01357  3.27331e-06 | 60  0.01294  1.91347e-05
 61  0.00972  1.92059e-05 | 62 -0.00416  1.29850e-05 | 63 -0.01758  8.12355e-06
 64 -0.00931  8.63446e-06 | 65 -0.00563  1.46324e-05 | 66 -0.01352  8.24037e-06
 67  0.01292  1.76426e-05 | 68  0.02118  2.53548e-05 | 69  0.01095  1.83877e-05
 70  0.01786  2.30525e-05 | 71 -0.03128  3.22079e-06 | 72  0.01689  2.20752e-05
 73 -0.02345  4.81064e-06 | 74  0.03405  2.91381e-05 | 75  0.02742  2.69697e-05
 76  0.00931  1.89613e-05 | 77  0.02294  2.50723e-05 | 78 -0.03636  4.12272e-06
 79 -0.02248  3.11869e-06 | 80 -0.00642  1.02911e-05 | 81  0.00738  1.57299e-05
 82 -0.04213 -2.39880e-07 | 83 -0.00705  2.99665e-06 | 84  0.05781  4.13911e-05
 85 -0.02646  9.47870e-07 | 86  0.03067  1.83722e-05 | 87 -0.01482  6.74368e-06
 88 -0.01647  2.54955e-06 | 89 -0.00119  4.77301e-06 | 90 -0.02460 -3.72465e-06
 91 -0.02112  1.10645e-06 | 92 -0.00608 -1.22688e-06 | 93  0.00713  9.56506e-07
 94  0.00483 -2.74130e-06 | 95 -0.01570 -3.83390e-06 | 96 -0.00758 -9.23185e-06
 97  0.01670 -2.36061e-06 | 98 -0.02625 -1.20890e-05 | 99  0.00177 -6.80045e-06
100  0.02660 -1.11879e-05 |101 -0.04357 -1.12670e-05 |102  0.05417 -1.47340e-05
103  0.00938 -1.33708e-05 |104 -0.00019 -1.59138e-05 |105  0.00002 -3.88632e-06
106  0.00000  0.00000e+00 |107  0.00104  1.83533e-04 |108 -0.01226  2.68290e-05
109 -0.40829 -3.72743e-05 |110 -0.45607 -2.28513e-06 |111 -0.32129  6.49839e-06

 - final statistics:
111 variables; iteration 1; function evaluation 2
Function value 5.4995e+02; maximum gradient component mag -2.2751e-05
Exit code = 1;  converg criter 1.0000e-04
Var    Value     Gradient |Var    Value     Gradient |Var    Value     Gradient
  1 -0.41503  1.17347e-05 |  2 -0.42342 -1.34724e-05 |  3 -0.41118 -1.05773e-05
  4 -0.42813  1.15001e-06 |  5 -0.44327  2.84140e-07 |  6  0.62748 -2.27509e-05
  7  0.00002 -1.48891e-06 |  8  0.00000 -2.01133e-06 |  9  0.00000 -2.25325e-06
 10  0.00001 -2.46951e-06 | 11  0.00003  7.11754e-07 | 12  0.00003 -2.46768e-07
 13  0.00003 -1.10459e-06 | 14  0.00003 -1.76731e-06 | 15  0.00003 -2.15979e-06
 16  0.00004 -2.24673e-06 | 17  0.00004 -1.79518e-06 | 18  0.00004 -1.16769e-06
 19  0.00005 -5.33280e-07 | 20  0.00005 -2.07877e-07 | 21  0.00006 -3.60422e-07
 22  0.00006 -4.69353e-07 | 23  0.00007 -6.69454e-07 | 24  0.00035 -6.68496e-07
 25  0.00007 -2.95626e-07 | 26  0.00018  4.43508e-07 | 27  0.00007  1.65045e-06
 28  0.00042  3.61584e-06 | 29  0.00008  7.92337e-06 | 30  0.00127  2.90103e-06
 31  0.00019 -7.54859e-06 | 32  0.00048  6.43596e-06 | 33  0.00130  3.55717e-06
 34  0.00355 -4.81373e-07 | 35  0.01205  1.15777e-06 | 36  0.00505  2.00764e-06
 37 -0.00457  3.43826e-06 | 38 -0.00599  1.02984e-06 | 39 -0.00563  4.39712e-07
 40 -0.00097  1.59256e-06 | 41  0.00420 -3.36552e-07 | 42 -0.00393 -7.24970e-06
 43 -0.00249 -1.13470e-06 | 44  0.02657 -3.87146e-06 | 45  0.00461  9.18392e-07
 46 -0.00198 -2.63566e-07 | 47 -0.00035  1.53899e-06 | 48 -0.00191 -1.18699e-06
 49 -0.01248 -1.14873e-06 | 50 -0.00151  2.09714e-06 | 51 -0.00013 -4.47097e-06
 52  0.00093  5.90060e-07 | 53  0.01415 -4.25825e-06 | 54 -0.00483  1.15337e-06
 55  0.01118 -3.68629e-06 | 56  0.00558 -3.00659e-06 | 57 -0.00758 -7.05833e-07
 58 -0.01409  2.40910e-06 | 59 -0.01357 -3.68538e-06 | 60  0.01294  3.45637e-07
 61  0.00972  9.92336e-07 | 62 -0.00416  2.89786e-07 | 63 -0.01758 -7.25122e-08
 64 -0.00931 -3.02777e-06 | 65 -0.00563  1.21386e-06 | 66 -0.01352 -2.04488e-06
 67  0.01292 -4.73006e-06 | 68  0.02118 -1.66440e-06 | 69  0.01095 -2.39457e-06
 70  0.01786 -1.39279e-06 | 71 -0.03128 -7.56253e-07 | 72  0.01689 -1.36444e-06
 73 -0.02345 -1.07795e-06 | 74  0.03405 -4.75145e-06 | 75  0.02742 -1.82437e-06
 76  0.00931  8.66329e-07 | 77  0.02294 -3.66150e-07 | 78 -0.03636  2.47989e-06
 79 -0.02248 -2.36249e-06 | 80 -0.00642 -4.02581e-09 | 81  0.00738  5.88864e-07
 82 -0.04213  9.80609e-07 | 83 -0.00705 -4.27248e-06 | 84  0.05781  1.27374e-06
 85 -0.02646  9.00549e-07 | 86  0.03067  4.81068e-07 | 87 -0.01482  5.36969e-06
 88 -0.01647  2.42291e-06 | 89 -0.00119  1.23828e-06 | 90 -0.02460 -7.99758e-07
 91 -0.02112  3.90944e-06 | 92 -0.00608  7.05559e-07 | 93  0.00713  9.15051e-07
 94  0.00483  2.92361e-07 | 95 -0.01570  2.90688e-06 | 96 -0.00758 -1.24086e-06
 97  0.01670  3.79886e-06 | 98 -0.02625 -6.13313e-07 | 99  0.00177  3.49829e-06
100  0.02660  9.05553e-07 |101 -0.04357  1.83920e-06 |102  0.05417  2.66501e-07
103  0.00938  1.78208e-07 |104 -0.00019 -2.40526e-06 |105  0.00002  9.62033e-06
106  0.00000  0.00000e+00 |107  0.00104  6.33297e-06 |108 -0.01226 -6.10451e-07
109 -0.40829  7.44150e-07 |110 -0.45607 -2.65461e-06 |111 -0.32129  7.00724e-06
size of file gradfil1.tmp = 0
size of file gradfil2.tmp = 0
size of file varssave.tmp = 0
size of file cmpdiff.tmp = 0
