
Initial statistics: 1 variables; iteration 0; function evaluation 0; phase 1
Function value 8.1947252e+06; maximum gradient component mag -4.9710e+06
Var    Value     Gradient |Var    Value     Gradient |Var    Value     Gradient
  1  0.63197 -4.97103e+06 |

 - final statistics:
1 variables; iteration 3; function evaluation 20
Function value 7.6005e+02; maximum gradient component mag 1.5746e+00
Exit code = 1;  converg criter 1.0000e+01
Var    Value     Gradient |Var    Value     Gradient |Var    Value     Gradient
  1  0.73399  1.57459e+00 |

Initial statistics: 98 variables; iteration 0; function evaluation 0; phase 2
Function value 7.6005458e+02; maximum gradient component mag -1.0716e+03
Var    Value     Gradient |Var    Value     Gradient |Var    Value     Gradient
  1  0.73399  1.57459e+00 |  2  0.00000 -2.13114e+00 |  3  0.00000 -2.32967e+00
  4  0.00000 -2.58773e+00 |  5  0.00000 -2.92390e+00 |  6  0.00000 -3.35653e+00
  7  0.00000 -3.90169e+00 |  8  0.00000 -4.46086e+00 |  9  0.00000 -1.08915e+01
 10  0.00000 -6.33539e+00 | 11  0.00000 -7.57499e+00 | 12  0.00000 -8.89927e+00
 13  0.00000 -1.29832e+01 | 14  0.00000 -9.88255e+00 | 15  0.00000 -8.93615e+00
 16  0.00000 -8.29430e+00 | 17  0.00000 -1.09722e+01 | 18  0.00000 -2.10716e+01
 19  0.00000 -1.14321e+01 | 20  0.00000 -1.22460e+01 | 21  0.00000 -1.56861e+01
 22  0.00000 -2.10412e+01 | 23  0.00000 -2.10956e+01 | 24  0.00000 -2.29756e+01
 25  0.00000 -1.78163e+01 | 26  0.00000 -1.53715e+01 | 27  0.00000 -9.65596e+00
 28  0.00000 -9.17011e+00 | 29  0.00000 -2.18539e+01 | 30  0.00000  4.68720e+00
 31  0.00000 -7.74617e+00 | 32  0.00000 -1.55451e+01 | 33  0.00000 -1.11036e+01
 34  0.00000 -5.42821e+01 | 35  0.00000  5.62697e+00 | 36  0.00000 -8.76707e+00
 37  0.00000 -1.54547e+01 | 38  0.00000 -9.58169e+00 | 39  0.00000  6.30998e+00
 40  0.00000 -3.30080e+01 | 41  0.00000 -5.24300e+01 | 42  0.00000 -3.12310e+01
 43  0.00000 -1.84030e+01 | 44  0.00000 -1.06404e-01 | 45  0.00000  6.66963e+00
 46  0.00000 -8.77500e+01 | 47  0.00000 -2.55830e+01 | 48  0.00000 -1.38035e+01
 49  0.00000 -1.01057e+01 | 50  0.00000 -1.24557e+00 | 51  0.00000 -2.87527e+01
 52  0.00000 -4.01599e+01 | 53  0.00000 -3.06466e+01 | 54  0.00000 -4.45865e+01
 55  0.00000 -3.82169e+01 | 56  0.00000 -5.47220e+01 | 57  0.00000 -3.43819e+01
 58  0.00000 -3.19380e+01 | 59  0.00000 -4.51676e+01 | 60  0.00000 -9.51723e+01
 61  0.00000 -8.77848e+01 | 62  0.00000  1.42031e+01 | 63  0.00000 -1.38700e+02
 64  0.00000 -4.81756e+01 | 65  0.00000  1.36340e+02 | 66  0.00000  1.03576e+02
 67  0.00000 -2.02482e+02 | 68  0.00000 -3.83349e+02 | 69  0.00000 -6.71784e+02
 70  0.00000 -5.16752e+02 | 71  0.00000  3.72477e+02 | 72  0.00000 -4.93962e+02
 73  0.00000  1.45792e+02 | 74  0.00000  1.15732e+02 | 75  0.00000  2.73930e+02
 76  0.00000  1.35184e+02 | 77  0.00000  2.27406e+02 | 78  0.00000 -7.47100e+01
 79  0.00000  1.62903e+02 | 80  0.00000  6.13353e+02 | 81  0.00000  3.85637e+02
 82  0.00000  3.88635e+02 | 83  0.00000  2.76483e+01 | 84  0.00000  4.63851e+02
 85  0.00000  8.55345e+02 | 86  0.00000 -4.90633e+01 | 87  0.00000  1.28866e+02
 88  0.00000 -5.46290e+02 | 89  0.00000 -1.07161e+03 | 90  0.00000  1.61029e+02
 91  0.00000  4.51750e+02 | 92  0.00000 -1.47876e+02 | 93  0.00000  3.65684e+02
 94  0.00000  2.81423e+01 | 95  0.00000 -9.73473e-01 | 96  0.00000 -1.50084e+00
 97 -0.03546 -7.87529e+00 | 98 -0.31026 -2.31683e+02 |

Intermediate statistics: 98 variables; iteration 20; function evaluation 35; phase 2
Function value 6.2816015e+02; maximum gradient component mag 6.0450e+02
Var    Value     Gradient |Var    Value     Gradient |Var    Value     Gradient
  1  0.72217  6.04501e+02 |  2 -0.00037 -2.54904e+01 |  3 -0.00025 -2.52811e+01
  4 -0.00010 -2.50092e+01 |  5  0.00009 -2.46556e+01 |  6  0.00033 -2.42015e+01
  7  0.00063 -2.36307e+01 |  8  0.00082 -2.30423e+01 |  9  0.00822 -1.68650e+01
 10  0.00169 -2.11214e+01 | 11  0.00219 -1.98752e+01 | 12  0.00255 -1.85623e+01
 13  0.00575 -1.50246e+01 | 14  0.00075 -1.71924e+01 | 15 -0.00141 -1.68978e+01
 16 -0.00297 -1.59864e+01 | 17 -0.00231 -1.44366e+01 | 18  0.00511 -9.22595e+00
 19 -0.00305 -1.28972e+01 | 20 -0.00178 -1.16436e+01 | 21 -0.00069 -1.04923e+01
 22  0.00212 -8.35323e+00 | 23  0.00221 -9.05853e+00 | 24  0.00256 -8.97516e+00
 25 -0.00275 -1.21443e+01 | 26 -0.00502 -1.32482e+01 | 27 -0.00884 -1.44896e+01
 28 -0.00979 -1.52208e+01 | 29 -0.00345 -1.46023e+01 | 30 -0.01513 -1.34154e+01
 31 -0.01020 -1.51572e+01 | 32 -0.00538 -1.42400e+01 | 33 -0.00986 -1.65490e+01
 34  0.01036 -1.49063e+01 | 35 -0.01565 -1.22743e+01 | 36 -0.00903 -1.29370e+01
 37 -0.00500 -1.21011e+01 | 38 -0.00841 -1.24678e+01 | 39 -0.01562 -1.04991e+01
 40  0.00018 -5.82696e+00 | 41  0.01225 -7.88766e+00 | 42  0.00434 -4.15045e+00
 43 -0.00355 -4.55960e+00 | 44 -0.01148 -8.95658e-01 | 45 -0.01448  3.10712e+00
 46  0.02589 -6.95320e-02 | 47  0.00018  4.06974e+00 | 48 -0.00514  6.42998e+00
 49 -0.00696  9.45318e+00 | 50 -0.01043  1.45043e+01 | 51  0.00074  1.43527e+01
 52  0.00663  1.55554e+01 | 53  0.00124  1.77782e+01 | 54  0.00559  2.08257e+01
 55  0.00333  2.87440e+01 | 56  0.01042  3.01254e+01 | 57  0.00402  3.71873e+01
 58  0.00692  5.36204e+01 | 59  0.01043  6.83774e+01 | 60  0.01492  5.87240e+01
 61  0.01315  6.22688e+01 | 62 -0.00333  9.42181e+01 | 63  0.01960  7.74123e+01
 64  0.01023  1.13599e+02 | 65 -0.00574  1.72094e+02 | 66 -0.00424  1.37886e+02
 67  0.01520  6.14465e+01 | 68  0.01973  4.43115e+01 | 69  0.03290  1.06998e+02
 70  0.02383  1.67667e+01 | 71 -0.01049  4.32795e+01 | 72  0.02392 -1.57659e+01
 73  0.00102  1.87730e+01 | 74 -0.00664  1.30643e+01 | 75 -0.00312  3.04274e+01
 76 -0.00710 -2.53611e+01 | 77 -0.00553 -7.14838e+01 | 78  0.00242 -1.08252e+02
 79 -0.00087 -5.52137e+01 | 80 -0.03179  6.98181e+01 | 81 -0.00903  8.14463e+00
 82 -0.01853  2.66700e+01 | 83  0.00087 -3.75707e+01 | 84 -0.02268  5.57158e+01
 85 -0.03350  7.38217e+01 | 86  0.00383 -1.32608e+02 | 87  0.00086 -1.09104e+01
 88  0.02753 -2.95030e+02 | 89  0.04888 -1.23509e+02 | 90 -0.01368 -1.24456e-01
 91 -0.01521  1.28946e+01 | 92  0.00546 -9.96533e+01 | 93 -0.01131  1.02700e+02
 94 -0.00696 -1.98003e+01 | 95 -0.00122 -2.63568e+01 | 96 -0.00075 -2.61547e+01
 97 -0.03466  2.60153e+01 | 98 -0.24503  1.73596e+01 |
98 variables; iteration 40; function evaluation 59; phase 2
Function value 6.1854081e+02; maximum gradient component mag 5.0686e+02
Var    Value     Gradient |Var    Value     Gradient |Var    Value     Gradient
  1  0.72143  5.06865e+02 |  2 -0.00107 -2.38553e+01 |  3 -0.00108 -2.39957e+01
  4 -0.00109 -2.41805e+01 |  5 -0.00111 -2.44260e+01 |  6 -0.00115 -2.47472e+01
  7 -0.00119 -2.51539e+01 |  8 -0.00120 -2.54533e+01 |  9 -0.00283 -3.39975e+01
 10 -0.00134 -2.67467e+01 | 11 -0.00141 -2.75525e+01 | 12 -0.00141 -2.82039e+01
 13 -0.00138 -3.14423e+01 | 14 -0.00129 -2.72901e+01 | 15 -0.00252 -2.71593e+01
 16 -0.00379 -2.74094e+01 | 17 -0.00373 -2.88299e+01 | 18  0.00121 -3.07675e+01
 19 -0.00461 -2.93305e+01 | 20 -0.00392 -2.92081e+01 | 21 -0.00281 -2.97292e+01
 22  0.00123 -2.81700e+01 | 23  0.00297 -2.58942e+01 | 24  0.00700 -2.14980e+01
 25  0.00247 -2.20819e+01 | 26 -0.00119 -2.45470e+01 | 27 -0.00349 -2.20553e+01
 28 -0.00319 -2.02508e+01 | 29  0.00168 -2.37071e+01 | 30 -0.00706 -1.28335e+01
 31 -0.00335 -1.83984e+01 | 32 -0.00065 -2.15792e+01 | 33 -0.00186 -1.69276e+01
 34  0.01434 -2.81653e+01 | 35 -0.00667 -8.02853e+00 | 36 -0.00165 -1.30516e+01
 37  0.00095 -1.46893e+01 | 38 -0.00018 -9.45137e+00 | 39 -0.00702 -5.01426e+00
 40  0.00097 -2.33195e+01 | 41  0.01539 -1.93171e+01 | 42  0.00661 -1.27992e+01
 43  0.00092 -7.91235e+00 | 44 -0.00815 -6.59774e+00 | 45 -0.00938 -8.34676e-01
 46  0.02569 -2.30745e+01 | 47  0.00088 -6.94834e+00 | 48 -0.00327 -2.24290e+00
 49 -0.00364  2.50859e+00 | 50 -0.00552  9.73915e+00 | 51  0.00471  7.99806e+00
 52  0.01229  1.35501e+01 | 53  0.00974  2.37566e+01 | 54  0.00975  1.61812e+01
 55  0.00598  1.76729e+01 | 56  0.00914  1.25999e+01 | 57  0.00243  2.10707e+01
 58 -0.00588  6.82224e+00 | 59  0.00029  1.70276e+01 | 60  0.01212  2.83392e+01
 61  0.00830  2.21172e+01 | 62 -0.01538  3.72810e+01 | 63  0.02020  6.26030e+01
 64  0.00112  3.87213e+01 | 65 -0.02572  2.82408e+01 | 66 -0.01853  9.70589e+00
 67  0.01703  6.51197e+01 | 68  0.01887  1.48222e+01 | 69  0.03256  1.39864e+02
 70  0.02569  4.64225e+01 | 71 -0.01190  4.81087e+01 | 72  0.02901  1.01197e+02
 73 -0.00104  1.07931e+01 | 74 -0.00455  4.75696e+01 | 75 -0.00741 -1.71003e+01
 76 -0.00142  7.03569e+01 | 77 -0.00334  2.89162e+01 | 78  0.00928  4.38161e+01
 79  0.00052  2.42460e+01 | 80 -0.03666  3.33880e+01 | 81 -0.01153  5.22575e+00
 82 -0.02276 -1.24150e+00 | 83  0.00322  1.22608e+02 | 84 -0.02800  1.99763e+01
 85 -0.04219 -2.38733e+00 | 86  0.00921 -5.58053e+00 | 87 -0.00327 -2.38909e+01
 88  0.04143 -1.59475e+00 | 89  0.05003 -4.40168e+01 | 90 -0.01712 -1.93243e+01
 91 -0.01960 -1.20188e+01 | 92  0.00773 -3.26919e+01 | 93 -0.02923 -6.83081e+01
 94 -0.01178 -2.28697e+01 | 95 -0.00106 -2.29018e+01 | 96 -0.00105 -2.34196e+01
 97 -0.03360  3.27819e+01 | 98 -0.26266 -1.58915e+01 |
98 variables; iteration 60; function evaluation 94; phase 2
Function value 6.1585687e+02; maximum gradient component mag -5.3052e+01
Var    Value     Gradient |Var    Value     Gradient |Var    Value     Gradient
  1  0.72390 -5.30521e+01 |  2 -0.00014  1.09948e+00 |  3 -0.00001  1.13978e+00
  4  0.00016  1.18299e+00 |  5  0.00037  1.22435e+00 |  6  0.00062  1.25365e+00
  7  0.00091  1.25389e+00 |  8  0.00117  1.21917e+00 |  9  0.00533  1.16267e+00
 10  0.00195  8.80367e-01 | 11  0.00236  4.95047e-01 | 12  0.00269 -6.41009e-02
 13  0.00498 -4.95321e-01 | 14  0.00183 -1.51880e+00 | 15  0.00020 -2.50500e+00
 16 -0.00113 -3.37526e+00 | 17 -0.00029 -4.13213e+00 | 18  0.00687 -3.80214e+00
 19 -0.00138 -5.66444e+00 | 20 -0.00027 -5.18084e+00 | 21  0.00207 -4.52670e+00
 22  0.00619 -4.07184e+00 | 23  0.00647 -3.82014e+00 | 24  0.00614 -5.86518e+00
 25  0.00291 -4.72314e+00 | 26 -0.00105 -7.85595e+00 | 27 -0.00462 -7.60105e+00
 28 -0.00354 -5.05551e+00 | 29  0.00327 -6.57215e+00 | 30 -0.00832 -6.54007e-01
 31 -0.00534 -6.76863e+00 | 32 -0.00278 -1.04561e+01 | 33 -0.00375 -5.29836e+00
 34  0.01966 -7.78944e+00 | 35 -0.00951 -5.91340e-01 | 36 -0.00430 -3.92021e+00
 37 -0.00214 -6.63403e+00 | 38 -0.00314 -2.05054e+00 | 39 -0.01069  7.74564e-01
 40  0.00570 -2.82801e+00 | 41  0.01670 -9.14449e+00 | 42  0.00672 -2.54805e+00
 43 -0.00077 -7.21186e-01 | 44 -0.00920  1.45897e+00 | 45 -0.01233  1.50436e+00
 46  0.03565 -6.27648e+00 | 47 -0.00017 -1.36694e+00 | 48 -0.00571 -5.91180e-01
 49 -0.00702 -2.99820e-01 | 50 -0.00958  3.10751e+00 | 51  0.00080 -4.15060e-02
 52  0.00553 -3.25029e+00 | 53 -0.00009  1.01304e+00 | 54  0.00620  1.16098e+00
 55  0.00006 -3.47081e+00 | 56  0.01079  2.88735e+00 | 57 -0.00103  3.47627e+00
 58 -0.00226  4.25407e+00 | 59 -0.00189 -4.25226e+00 | 60  0.01142 -8.65985e-01
 61  0.00950 -1.90408e-01 | 62 -0.02414 -1.82257e+00 | 63  0.01790  4.62790e+00
 64 -0.00062 -9.13549e-01 | 65 -0.03123 -8.51557e+00 | 66 -0.01676  4.05130e+00
 67  0.01533  7.52176e+00 | 68  0.01981  3.24861e+00 | 69  0.03010  1.55582e+01
 70  0.02607  1.25827e+01 | 71 -0.01344  6.15012e+00 | 72  0.02692  7.04896e+00
 73 -0.00051 -1.80363e+00 | 74 -0.00631  6.97907e+00 | 75 -0.00547  3.15356e+00
 76 -0.00459  7.61769e+00 | 77 -0.00344  7.53123e+00 | 78  0.00800  9.95691e-01
 79  0.00039  5.66961e+00 | 80 -0.04116 -4.51160e+00 | 81 -0.01191  1.49561e+00
 82 -0.02353  9.17085e-01 | 83 -0.00113  1.12569e+01 | 84 -0.03076 -2.47126e+00
 85 -0.04334  3.01568e+00 | 86  0.00931  6.19078e-01 | 87 -0.00208  6.34020e+00
 88  0.04180 -2.42480e+00 | 89  0.05218  4.17557e+00 | 90 -0.01644  1.68155e+00
 91 -0.01915 -1.62323e+00 | 92  0.01130  1.63636e+01 | 93 -0.02274  3.30160e+00
 94 -0.01167 -7.10568e-01 | 95 -0.00102  7.90265e-01 | 96 -0.00058  9.29183e-01
 97 -0.03427 -1.61384e+01 | 98 -0.25600 -5.12970e+00 |
Maximum number of function evaluations exceeded

 - final statistics:
98 variables; iteration 64; function evaluation 100
Function value 6.1574e+02; maximum gradient component mag -1.3942e+02
Exit code = 3;  converg criter 1.0000e+01
Var    Value     Gradient |Var    Value     Gradient |Var    Value     Gradient
  1  0.72426 -1.39419e+02 |  2  0.00016  5.07535e+00 |  3  0.00026  5.06376e+00
  4  0.00038  5.03756e+00 |  5  0.00053  4.98749e+00 |  6  0.00071  4.90031e+00
  7  0.00091  4.76002e+00 |  8  0.00107  4.55774e+00 |  9  0.00542  4.75992e+00
 10  0.00169  3.94180e+00 | 11  0.00213  3.57839e+00 | 12  0.00263  3.24698e+00
 13  0.00515  3.09467e+00 | 14  0.00215  2.24621e+00 | 15  0.00052  1.21065e+00
 16 -0.00074  4.02354e-01 | 17 -0.00023 -8.71358e-01 | 18  0.00715 -3.13783e-01
 19 -0.00061 -1.39958e+00 | 20 -0.00001 -1.76111e+00 | 21  0.00179 -1.94506e+00
 22  0.00533 -2.27699e+00 | 23  0.00489 -2.94473e+00 | 24  0.00601 -3.15427e+00
 25  0.00352 -1.01148e+00 | 26 -0.00042 -4.03566e+00 | 27 -0.00430 -4.19873e+00
 28 -0.00317 -1.55329e+00 | 29  0.00478 -1.28332e+00 | 30 -0.00852  1.69367e+00
 31 -0.00508 -3.52972e+00 | 32 -0.00084 -4.74132e+00 | 33 -0.00367 -2.37355e+00
 34  0.01950 -5.99353e+00 | 35 -0.00961  1.60574e+00 | 36 -0.00383 -7.04982e-01
 37 -0.00085 -2.21276e+00 | 38 -0.00230  1.68545e+00 | 39 -0.01109  2.23969e+00
 40  0.00629 -1.03448e-01 | 41  0.01906 -3.99547e+00 | 42  0.00699 -1.14304e-01
 43 -0.00070  1.22764e+00 | 44 -0.00911  3.16390e+00 | 45 -0.01354  2.01727e-02
 46  0.03617 -6.61433e+00 | 47 -0.00032 -7.50473e-01 | 48 -0.00505  1.28481e+00
 49 -0.00683  4.35377e-01 | 50 -0.00977  2.52349e+00 | 51  0.00033 -1.49629e+00
 52  0.00557 -4.40507e+00 | 53 -0.00101 -1.46347e+00 | 54  0.00594 -1.33027e+00
 55 -0.00047 -6.68374e+00 | 56  0.01047 -1.37887e+00 | 57 -0.00261 -2.15994e+00
 58 -0.00372 -1.84094e+00 | 59 -0.00182 -7.37346e+00 | 60  0.01112 -7.18211e+00
 61  0.00917 -7.34952e+00 | 62 -0.02432 -4.84165e+00 | 63  0.01727 -7.38563e+00
 64 -0.00095 -8.55588e+00 | 65 -0.03083 -9.20009e+00 | 66 -0.01738 -3.65053e+00
 67  0.01494 -5.77551e+00 | 68  0.01953 -9.22912e+00 | 69  0.02980  7.50186e-01
 70  0.02574 -2.25941e+00 | 71 -0.01363  2.12146e+00 | 72  0.02680 -3.46364e+00
 73 -0.00052 -4.05806e+00 | 74 -0.00645  2.32803e+00 | 75 -0.00559 -3.54888e-01
 76 -0.00475  2.82085e+00 | 77 -0.00362  3.10200e+00 | 78  0.00797 -2.66625e+00
 79  0.00024  1.88156e+00 | 80 -0.04094 -1.26338e+00 | 81 -0.01203  4.43608e-01
 82 -0.02362  8.19098e-01 | 83 -0.00128  9.73769e+00 | 84 -0.03066  1.29561e+00
 85 -0.04348  4.76503e+00 | 86  0.00921  1.17534e+00 | 87 -0.00232  5.70242e+00
 88  0.04178 -6.06300e-01 | 89  0.05202  3.98082e+00 | 90 -0.01655  4.88810e+00
 91 -0.01907  4.91264e+00 | 92  0.01048  1.22219e+01 | 93 -0.02312  6.13663e+00
 94 -0.01154  3.10492e+00 | 95 -0.00063  4.91527e+00 | 96 -0.00020  5.05418e+00
 97 -0.03370 -1.76603e+01 | 98 -0.25610 -6.72158e+00 |

Initial statistics: 100 variables; iteration 0; function evaluation 0; phase 3
Function value 6.1573911e+02; maximum gradient component mag -1.7137e+02
Var    Value     Gradient |Var    Value     Gradient |Var    Value     Gradient
  1  0.72426 -1.39419e+02 |  2  0.00016  5.16976e+00 |  3  0.00026  5.15816e+00
  4  0.00038  5.13196e+00 |  5  0.00053  5.08189e+00 |  6  0.00071  4.99472e+00
  7  0.00092  4.85443e+00 |  8  0.00107  4.65215e+00 |  9  0.00542  4.85432e+00
 10  0.00169  4.03620e+00 | 11  0.00214  3.67279e+00 | 12  0.00264  3.34138e+00
 13  0.00515  3.18908e+00 | 14  0.00215  2.34062e+00 | 15  0.00052  1.30505e+00
 16 -0.00074  4.96758e-01 | 17 -0.00023 -7.76954e-01 | 18  0.00715 -2.19385e-01
 19 -0.00060 -1.30518e+00 | 20 -0.00001 -1.66670e+00 | 21  0.00180 -1.85066e+00
 22  0.00533 -2.18259e+00 | 23  0.00489 -2.85033e+00 | 24  0.00601 -3.05987e+00
 25  0.00352 -9.17079e-01 | 26 -0.00042 -3.94125e+00 | 27 -0.00430 -4.10433e+00
 28 -0.00317 -1.45888e+00 | 29  0.00478 -1.18892e+00 | 30 -0.00852  1.78806e+00
 31 -0.00508 -3.43532e+00 | 32 -0.00084 -4.64691e+00 | 33 -0.00366 -2.27914e+00
 34  0.01951 -5.89917e+00 | 35 -0.00961  1.70013e+00 | 36 -0.00383 -6.10580e-01
 37 -0.00085 -2.11836e+00 | 38 -0.00230  1.77985e+00 | 39 -0.01109  2.33408e+00
 40  0.00629 -9.04815e-03 | 41  0.01906 -3.90111e+00 | 42  0.00699 -1.99051e-02
 43 -0.00070  1.32204e+00 | 44 -0.00910  3.25830e+00 | 45 -0.01354  1.14556e-01
 46  0.03617 -6.52008e+00 | 47 -0.00031 -6.56068e-01 | 48 -0.00505  1.37921e+00
 49 -0.00683  5.29776e-01 | 50 -0.00977  2.61789e+00 | 51  0.00034 -1.40189e+00
 52  0.00557 -4.31067e+00 | 53 -0.00101 -1.36906e+00 | 54  0.00594 -1.23587e+00
 55 -0.00047 -6.58934e+00 | 56  0.01047 -1.28448e+00 | 57 -0.00261 -2.06554e+00
 58 -0.00372 -1.74654e+00 | 59 -0.00181 -7.27905e+00 | 60  0.01112 -7.08772e+00
 61  0.00918 -7.25512e+00 | 62 -0.02432 -4.74731e+00 | 63  0.01727 -7.29126e+00
 64 -0.00095 -8.46147e+00 | 65 -0.03083 -9.10580e+00 | 66 -0.01738 -3.55616e+00
 67  0.01494 -5.68113e+00 | 68  0.01953 -9.13476e+00 | 69  0.02980  8.44486e-01
 70  0.02574 -2.16508e+00 | 71 -0.01363  2.21584e+00 | 72  0.02680 -3.36931e+00
 73 -0.00052 -3.96366e+00 | 74 -0.00645  2.42243e+00 | 75 -0.00559 -2.60487e-01
 76 -0.00475  2.91525e+00 | 77 -0.00362  3.19640e+00 | 78  0.00797 -2.57185e+00
 79  0.00024  1.97597e+00 | 80 -0.04093 -1.16917e+00 | 81 -0.01203  5.37995e-01
 82 -0.02362  9.13437e-01 | 83 -0.00128  9.83209e+00 | 84 -0.03065  1.38990e+00
 85 -0.04347  4.85922e+00 | 86  0.00921  1.26973e+00 | 87 -0.00232  5.79682e+00
 88  0.04178 -5.12099e-01 | 89  0.05202  4.07491e+00 | 90 -0.01654  4.98247e+00
 91 -0.01907  5.00700e+00 | 92  0.01048  1.23163e+01 | 93 -0.02312  6.23098e+00
 94 -0.01154  3.19931e+00 | 95 -0.00063  5.00967e+00 | 96 -0.00020  5.14859e+00
 97 -0.03370 -1.76603e+01 | 98 -0.41581 -4.85032e+01 | 99 -0.25610 -6.72158e+00
100 -0.25275 -1.71374e+02 |

Intermediate statistics: 100 variables; iteration 20; function evaluation 23; phase 3
Function value 6.1274110e+02; maximum gradient component mag -1.5885e+02
Var    Value     Gradient |Var    Value     Gradient |Var    Value     Gradient
  1  0.72317  1.51762e+01 |  2  0.00017 -5.94485e-01 |  3  0.00026 -6.12224e-01
  4  0.00037 -6.45688e-01 |  5  0.00051 -7.04091e-01 |  6  0.00067 -8.00422e-01
  7  0.00085 -9.50341e-01 |  8  0.00098 -1.16307e+00 |  9  0.00525 -1.02344e+00
 10  0.00152 -1.80509e+00 | 11  0.00190 -2.19142e+00 | 12  0.00232 -2.56144e+00
 13  0.00470 -2.79895e+00 | 14  0.00163 -3.64053e+00 | 15 -0.00007 -4.67732e+00
 16 -0.00143 -5.52250e+00 | 17 -0.00101 -6.80060e+00 | 18  0.00599 -6.52577e+00
 19 -0.00160 -7.46728e+00 | 20  0.00034 -6.97809e+00 | 21  0.00109 -7.21519e+00
 22  0.00424 -8.03040e+00 | 23  0.00404 -8.53267e+00 | 24  0.00507 -8.74859e+00
 25  0.00236 -6.84875e+00 | 26 -0.00136 -9.51017e+00 | 27 -0.00526 -9.64326e+00
 28 -0.00436 -7.13721e+00 | 29  0.00331 -6.87721e+00 | 30 -0.00813 -2.53678e+00
 31 -0.00582 -7.88343e+00 | 32 -0.00190 -9.60436e+00 | 33 -0.00480 -7.43184e+00
 34  0.01773 -1.05528e+01 | 35 -0.00819 -1.04938e+00 | 36 -0.00447 -4.02275e+00
 37 -0.00200 -6.52816e+00 | 38 -0.00352 -2.84180e+00 | 39 -0.01215 -2.03918e+00
 40  0.00770 -1.18224e+00 | 41  0.01824 -4.79392e+00 | 42  0.00564 -3.29329e+00
 43 -0.00179 -1.95576e+00 | 44 -0.01017  2.20503e-01 | 45 -0.01155 -1.13616e-01
 46  0.03546 -1.62325e+00 | 47 -0.00141 -1.84383e+00 | 48 -0.00595  3.02821e-01
 49 -0.00781  9.32181e-02 | 50 -0.00770  5.28429e+00 | 51  0.00001  1.91751e+00
 52  0.00465 -1.28087e+00 | 53 -0.00182  1.07767e+00 | 54  0.00502  3.07080e+00
 55  0.00131 -2.29449e-01 | 56  0.01010  7.55918e+00 | 57 -0.00334  3.44928e+00
 58 -0.00446  4.02552e+00 | 59 -0.00301 -4.61407e-01 | 60  0.01276  9.51282e+00
 61  0.01160  1.44254e+01 | 62 -0.02480  3.14954e+00 | 63  0.01973  2.19737e+01
 64 -0.00063  1.18909e+01 | 65 -0.03030 -1.62881e+00 | 66 -0.01744  1.56505e+01
 67  0.01612  4.59908e+01 | 68  0.01975  5.44405e+01 | 69  0.02895 -8.53630e+01
 70  0.02439  1.77992e+01 | 71 -0.00844  4.57333e+01 | 72  0.02465  1.19000e+01
 73  0.00294  1.89665e+01 | 74 -0.00913  4.03459e+00 | 75 -0.00218  1.63038e+01
 76 -0.00805 -1.77850e+00 | 77  0.00010  2.33641e+01 | 78  0.00374 -2.42235e+01
 79  0.00275  7.62103e+00 | 80 -0.04432 -1.19400e+01 | 81 -0.00799  2.58992e+01
 82 -0.02707 -1.23515e+01 | 83  0.00152  6.12482e+00 | 84 -0.03336 -1.77302e+01
 85 -0.03813  1.94123e+01 | 86  0.00592 -2.19016e+01 | 87  0.00282  2.78597e+01
 88  0.03864 -1.07730e+01 | 89  0.05376 -3.66433e+01 | 90 -0.01778 -4.67229e+00
 91 -0.01248  1.88152e+01 | 92  0.01128  1.45961e+01 | 93 -0.01330  1.97814e+01
 94 -0.01226 -1.39524e+00 | 95 -0.00098 -6.95227e-01 | 96 -0.00016 -5.92616e-01
 97  0.01087 -4.06673e+01 | 98 -0.39316  8.29863e+01 | 99 -0.18806  3.21582e+01
100 -0.22864 -1.58851e+02 |
100 variables; iteration 40; function evaluation 48; phase 3
Function value 6.1095321e+02; maximum gradient component mag 3.9430e+01
Var    Value     Gradient |Var    Value     Gradient |Var    Value     Gradient
  1  0.72587 -3.29880e+01 |  2 -0.00020  1.98150e-01 |  3 -0.00010  2.26115e-01
  4  0.00003  2.54876e-01 |  5  0.00018  2.80202e-01 |  6  0.00037  2.94321e-01
  7  0.00059  2.86207e-01 |  8  0.00076  2.51517e-01 |  9  0.00530  9.96060e-01
 10  0.00142  1.26870e-01 | 11  0.00193  1.67572e-01 | 12  0.00261  4.77107e-01
 13  0.00565  1.59688e+00 | 14  0.00251  9.34402e-01 | 15  0.00077  2.08572e-01
 16 -0.00044 -3.46935e-02 | 17 -0.00033 -1.34819e+00 | 18  0.00877  2.73888e+00
 19 -0.00033 -7.06303e-01 | 20  0.00205  3.13219e-01 | 21  0.00312  6.26460e-01
 22  0.00726  1.83008e+00 | 23  0.00545 -1.00637e+00 | 24  0.00710 -1.57508e-01
 25  0.00700  5.38343e+00 | 26  0.00055 -1.51376e+00 | 27 -0.00236 -3.95780e-01
 28 -0.00187  1.38728e+00 | 29  0.00540  1.21391e+00 | 30 -0.00844 -5.10107e-01
 31 -0.00223  1.34566e+00 | 32  0.00084 -1.28097e+00 | 33 -0.00099  2.58701e+00
 34  0.02439  5.38108e+00 | 35 -0.00848 -1.13035e+00 | 36 -0.00279  1.09222e+00
 37  0.00021  3.74096e-01 | 38 -0.00352  1.22987e-01 | 39 -0.01221 -5.38285e-01
 40  0.00965  2.70785e+00 | 41  0.01970 -7.24907e-01 | 42  0.00805  3.02830e+00
 43 -0.00271 -1.82067e+00 | 44 -0.01045 -9.59280e-02 | 45 -0.00797  5.70117e+00
 46  0.03658 -1.04764e+00 | 47 -0.00085 -5.05203e-02 | 48 -0.00734 -1.98053e+00
 49 -0.00664  1.38167e+00 | 50 -0.00846  5.47680e-01 | 51 -0.00049 -1.08583e+00
 52  0.00491 -2.17616e+00 | 53 -0.00200 -5.83120e-01 | 54  0.00358 -2.31548e+00
 55  0.00267 -7.55550e-01 | 56  0.00487 -6.77725e+00 | 57 -0.00446 -1.16080e+00
 58 -0.00526  1.59833e-01 | 59 -0.00480 -8.22817e+00 | 60  0.00909 -1.16589e+01
 61  0.00697 -1.28267e+01 | 62 -0.02699 -7.94979e+00 | 63  0.01360 -1.91795e+01
 64 -0.00013  6.65161e+00 | 65 -0.02999 -3.45340e+00 | 66 -0.02092 -1.20324e+01
 67  0.01265 -1.32195e+01 | 68  0.01655 -9.66458e+00 | 69  0.03303  3.94296e+01
 70  0.02248 -4.48838e+00 | 71 -0.01151 -8.42043e+00 | 72  0.02303 -9.33646e+00
 73  0.00149 -5.47223e+00 | 74 -0.01030 -4.77855e-01 | 75 -0.00288  9.81620e+00
 76 -0.00893 -4.45762e-02 | 77 -0.00101  8.29215e+00 | 78  0.00421  4.06026e+00
 79  0.00229  8.20469e+00 | 80 -0.04382  4.64106e+00 | 81 -0.00983 -5.13675e+00
 82 -0.02714  2.54989e+00 | 83  0.00084  3.25224e+00 | 84 -0.03303  2.85015e+00
 85 -0.03961  2.40133e+00 | 86  0.00560 -1.82504e+00 | 87  0.00134  2.65703e+00
 88  0.03767 -5.76270e-01 | 89  0.05457  1.47160e+01 | 90 -0.01896 -1.48149e-01
 91 -0.01428 -2.22900e+00 | 92  0.00784 -4.67177e+00 | 93 -0.01630 -5.76410e+00
 94 -0.01479 -1.16900e+00 | 95 -0.00126  3.03584e-02 | 96 -0.00054  7.48238e-02
 97  0.01515  1.56736e+00 | 98 -0.39364 -1.33611e+01 | 99 -0.15530 -6.05853e+00
100 -0.20978 -8.82588e+00 |
100 variables; iteration 60; function evaluation 82; phase 3
Function value 6.1065419e+02; maximum gradient component mag -3.1301e+00
Var    Value     Gradient |Var    Value     Gradient |Var    Value     Gradient
  1  0.72603 -2.98174e-01 |  2  0.00038  2.17658e-02 |  3  0.00045  1.42352e-02
  4  0.00055  6.17406e-03 |  5  0.00068 -2.01202e-03 |  6  0.00085 -9.93835e-03
  7  0.00106 -1.75023e-02 |  8  0.00124 -2.56412e-02 |  9  0.00529 -7.54169e-03
 10  0.00195 -3.43241e-02 | 11  0.00242 -2.63929e-02 | 12  0.00288 -1.70724e-02
 13  0.00512 -2.01772e-02 | 14  0.00241 -9.14760e-03 | 15  0.00111 -3.69394e-02
 16  0.00002 -3.77989e-02 | 17  0.00097 -7.08149e-02 | 18  0.00728 -2.81882e-02
 19  0.00049 -5.43071e-02 | 20  0.00227 -4.77503e-02 | 21  0.00314  1.55952e-01
 22  0.00613 -1.82967e-01 | 23  0.00661  1.10669e-01 | 24  0.00742 -1.57842e-01
 25  0.00362  6.44784e-02 | 26  0.00185  8.32207e-02 | 27 -0.00171  2.41036e-01
 28 -0.00253 -1.10083e-01 | 29  0.00501  2.28739e-01 | 30 -0.00772  3.24226e-01
 31 -0.00300 -1.18654e-01 | 32  0.00194  2.73032e-01 | 33 -0.00255 -2.71392e-01
 34  0.02143 -1.75450e-01 | 35 -0.00782 -1.54059e-01 | 36 -0.00344 -4.64501e-02
 37  0.00007  9.02173e-02 | 38 -0.00349  2.03086e-01 | 39 -0.01166  5.65241e-01
 40  0.00808 -5.98585e-01 | 41  0.01984  8.16954e-02 | 42  0.00587  1.31506e-01
 43 -0.00191 -1.04393e-02 | 44 -0.01064  8.03312e-02 | 45 -0.01059  3.79802e-01
 46  0.03593  3.55928e-02 | 47 -0.00127  5.91672e-02 | 48 -0.00689 -2.46122e-01
 49 -0.00793  1.52062e-01 | 50 -0.00927 -8.16020e-02 | 51 -0.00101 -1.86482e-01
 52  0.00501 -2.99607e-02 | 53 -0.00290 -8.46488e-02 | 54  0.00363  4.99008e-01
 55  0.00191 -1.69733e-02 | 56  0.00669 -5.05769e-02 | 57 -0.00513  3.89992e-02
 58 -0.00680 -3.99829e-01 | 59 -0.00326 -2.02989e-01 | 60  0.01066  1.22145e-01
 61  0.00868 -1.26199e-01 | 62 -0.02551  3.07449e-01 | 63  0.01599 -4.78995e-02
 64 -0.00315 -3.41456e-01 | 65 -0.03001 -1.94851e-02 | 66 -0.02012  5.32789e-02
 67  0.01257  7.47167e-01 | 68  0.01619 -2.90945e-01 | 69  0.03195  3.25721e-01
 70  0.02209 -2.27656e-01 | 71 -0.01061  3.94438e-01 | 72  0.02279 -3.96143e-01
 73  0.00216  1.73358e-01 | 74 -0.01081  3.65767e-01 | 75 -0.00285  2.10722e-01
 76 -0.00948 -1.67280e-02 | 77 -0.00086  3.18217e-01 | 78  0.00341 -3.76876e-01
 79  0.00241  3.49935e-01 | 80 -0.04471 -3.17503e-01 | 81 -0.00903  3.66526e-01
 82 -0.02773  9.83134e-01 | 83  0.00131  5.31197e-01 | 84 -0.03371 -3.13008e+00
 85 -0.03894 -1.67100e-01 | 86  0.00526 -3.65580e-01 | 87  0.00205  2.84761e-01
 88  0.03713 -2.81705e-01 | 89  0.05478  4.36502e-01 | 90 -0.01891 -2.98824e-01
 91 -0.01294 -2.10985e-01 | 92  0.00852  2.02351e-01 | 93 -0.01379  2.86002e-01
 94 -0.01445 -1.00928e-01 | 95 -0.00053  1.49930e-01 | 96  0.00014  5.60728e-02
 97  0.01927  5.34438e-02 | 98 -0.39167 -4.32436e-02 | 99 -0.12790 -5.47866e-01
100 -0.19836 -1.11693e+00 |

 - final statistics:
100 variables; iteration 72; function evaluation 99
Function value 6.1065e+02; maximum gradient component mag -6.9854e-01
Exit code = 1;  converg criter 1.0000e+00
Var    Value     Gradient |Var    Value     Gradient |Var    Value     Gradient
  1  0.72605  6.96569e-01 |  2  0.00035 -6.56090e-02 |  3  0.00043 -6.73988e-02
  4  0.00053 -6.84811e-02 |  5  0.00066 -6.85234e-02 |  6  0.00084 -6.74124e-02
  7  0.00105 -6.50678e-02 |  8  0.00124 -6.22732e-02 |  9  0.00532 -1.46962e-03
 10  0.00198 -3.35690e-02 | 11  0.00245 -1.58453e-02 | 12  0.00290 -2.13773e-02
 13  0.00512 -4.56990e-02 | 14  0.00242 -1.97651e-02 | 15  0.00113 -2.66902e-02
 16  0.00004 -4.18865e-02 | 17  0.00106  4.55088e-02 | 18  0.00726 -7.47317e-02
 19  0.00055  1.12887e-03 | 20  0.00231 -1.25741e-03 | 21  0.00310  7.44204e-02
 22  0.00617 -1.47226e-01 | 23  0.00647 -1.01336e-01 | 24  0.00762  9.54605e-02
 25  0.00362  5.54718e-02 | 26  0.00184  3.50734e-02 | 27 -0.00181  6.92022e-02
 28 -0.00243  3.93625e-02 | 29  0.00488 -1.71614e-02 | 30 -0.00792 -6.56631e-02
 31 -0.00301 -1.50884e-01 | 32  0.00189  1.55576e-01 | 33 -0.00244 -1.25715e-01
 34  0.02149 -7.44645e-02 | 35 -0.00775 -4.07870e-02 | 36 -0.00332  1.19673e-01
 37  0.00011  1.23996e-01 | 38 -0.00355  6.08115e-02 | 39 -0.01194 -2.73855e-02
 40  0.00838  3.65870e-02 | 41  0.01977 -2.06695e-02 | 42  0.00584  8.74410e-02
 43 -0.00194 -5.05104e-02 | 44 -0.01073 -9.52665e-02 | 45 -0.01077 -2.60842e-03
 46  0.03584 -1.21492e-01 | 47 -0.00131 -1.62646e-02 | 48 -0.00677 -4.41163e-02
 49 -0.00801  4.69577e-03 | 50 -0.00924 -2.74187e-02 | 51 -0.00093 -4.77039e-02
 52  0.00491 -1.66768e-01 | 53 -0.00286 -7.05318e-03 | 54  0.00362  5.07966e-01
 55  0.00194  9.03073e-02 | 56  0.00669 -1.25062e-02 | 57 -0.00517  1.21599e-02
 58 -0.00669 -1.20030e-01 | 59 -0.00321 -1.12102e-02 | 60  0.01062  5.98727e-02
 61  0.00870  8.69505e-03 | 62 -0.02561  7.83439e-02 | 63  0.01597  6.54070e-02
 64 -0.00312 -1.76724e-02 | 65 -0.03004  1.58202e-02 | 66 -0.02015  4.93427e-02
 67  0.01249  2.37354e-01 | 68  0.01616  6.10776e-03 | 69  0.03199  1.70090e-01
 70  0.02206  4.33660e-03 | 71 -0.01057  1.15665e-01 | 72  0.02275 -5.06761e-02
 73  0.00220  7.30486e-02 | 74 -0.01089  8.87798e-02 | 75 -0.00280  9.42115e-02
 76 -0.00954  7.67771e-03 | 77 -0.00082  1.11370e-01 | 78  0.00336 -6.50163e-02
 79  0.00244  1.11788e-01 | 80 -0.04474 -8.35387e-02 | 81 -0.00899  9.74302e-02
 82 -0.02784  2.10040e-01 | 83  0.00134  1.37704e-01 | 84 -0.03356 -6.98538e-01
 85 -0.03884 -3.98046e-02 | 86  0.00522 -9.73786e-02 | 87  0.00213  5.83834e-02
 88  0.03706 -7.77528e-02 | 89  0.05482  1.17159e-01 | 90 -0.01890 -8.82080e-02
 91 -0.01282 -7.50551e-02 | 92  0.00851  1.92026e-02 | 93 -0.01363  5.80154e-02
 94 -0.01449 -2.68138e-02 | 95 -0.00056  5.90173e-02 | 96  0.00010 -5.04807e-02
 97  0.01923  6.61729e-02 | 98 -0.39168 -1.00713e-01 | 99 -0.12433 -1.34682e-01
100 -0.19686 -2.20244e-01 |

Initial statistics: 108 variables; iteration 0; function evaluation 0; phase 4
Function value 6.1065129e+02; maximum gradient component mag -1.8320e+03
Var    Value     Gradient |Var    Value     Gradient |Var    Value     Gradient
  1 -0.42263  2.10086e+02 |  2 -0.42263 -1.83197e+03 |  3 -0.41094 -6.39904e+02
  4  0.72605  6.96569e-01 |  5  0.00000 -3.93765e-01 |  6  0.00000 -1.29792e-01
  7  0.00000 -1.71685e-01 |  8  0.00000 -2.26682e-01 |  9  0.00000 -2.98669e-01
 10  0.00035 -6.62069e-02 | 11  0.00043 -6.79967e-02 | 12  0.00053 -6.90790e-02
 13  0.00066 -6.91213e-02 | 14  0.00084 -6.80103e-02 | 15  0.00105 -6.56657e-02
 16  0.00124 -6.28711e-02 | 17  0.00532 -2.06751e-03 | 18  0.00198 -3.41669e-02
 19  0.00245 -1.64432e-02 | 20  0.00290 -2.19752e-02 | 21  0.00512 -4.62968e-02
 22  0.00242 -2.03630e-02 | 23  0.00113 -2.72881e-02 | 24  0.00004 -4.24844e-02
 25  0.00106  4.49109e-02 | 26  0.00726 -7.53295e-02 | 27  0.00055  5.30953e-04
 28  0.00231 -1.85532e-03 | 29  0.00310  7.38225e-02 | 30  0.00617 -1.47824e-01
 31  0.00647 -1.01934e-01 | 32  0.00762  9.48626e-02 | 33  0.00362  5.48739e-02
 34  0.00184  3.44755e-02 | 35 -0.00181  6.86043e-02 | 36 -0.00243  3.87646e-02
 37  0.00488 -1.77593e-02 | 38 -0.00792 -6.62610e-02 | 39 -0.00301 -1.51481e-01
 40  0.00189  1.54978e-01 | 41 -0.00244 -1.26312e-01 | 42  0.02149 -7.50620e-02
 43 -0.00775 -4.13849e-02 | 44 -0.00332  1.19075e-01 | 45  0.00011  1.23398e-01
 46 -0.00355  6.02136e-02 | 47 -0.01194 -2.79833e-02 | 48  0.00838  3.59891e-02
 49  0.01977 -2.12671e-02 | 50  0.00584  8.68431e-02 | 51 -0.00194 -5.11083e-02
 52 -0.01073 -9.58643e-02 | 53 -0.01077 -3.20625e-03 | 54  0.03584 -1.22089e-01
 55 -0.00131 -1.68625e-02 | 56 -0.00677 -4.47142e-02 | 57 -0.00801  4.09790e-03
 58 -0.00924 -2.80165e-02 | 59 -0.00093 -4.83018e-02 | 60  0.00491 -1.67366e-01
 61 -0.00286 -7.65108e-03 | 62  0.00362  5.07368e-01 | 63  0.00194  8.97093e-02
 64  0.00669 -1.31041e-02 | 65 -0.00517  1.15620e-02 | 66 -0.00669 -1.20628e-01
 67 -0.00321 -1.18082e-02 | 68  0.01062  5.92749e-02 | 69  0.00870  8.09719e-03
 70 -0.02561  7.77465e-02 | 71  0.01597  6.48093e-02 | 72 -0.00312 -1.82703e-02
 73 -0.03004  1.52229e-02 | 74 -0.02015  4.87451e-02 | 75  0.01249  2.36756e-01
 76  0.01616  5.51004e-03 | 77  0.03199  1.69493e-01 | 78  0.02206  3.73904e-03
 79 -0.01057  1.15067e-01 | 80  0.02275 -5.12736e-02 | 81  0.00220  7.24506e-02
 82 -0.01089  8.81819e-02 | 83 -0.00280  9.36136e-02 | 84 -0.00954  7.07986e-03
 85 -0.00082  1.10772e-01 | 86  0.00336 -6.56142e-02 | 87  0.00244  1.11190e-01
 88 -0.04474 -8.41352e-02 | 89 -0.00899  9.68324e-02 | 90 -0.02784  2.09443e-01
 91  0.00134  1.37106e-01 | 92 -0.03356 -6.99135e-01 | 93 -0.03884 -4.04014e-02
 94  0.00522 -9.79765e-02 | 95  0.00213  5.77854e-02 | 96  0.03706 -7.83497e-02
 97  0.05482  1.16564e-01 | 98 -0.01890 -8.88056e-02 | 99 -0.01282 -7.56529e-02
100  0.00851  1.86047e-02 |101 -0.01363  5.74176e-02 |102 -0.01449 -2.74115e-02
103 -0.00056  5.84194e-02 |104  0.00010 -5.10786e-02 |105  0.01923  6.61729e-02
106 -0.39168 -1.00713e-01 |107 -0.12433 -1.34682e-01 |108 -0.19686 -2.20244e-01

Intermediate statistics: 108 variables; iteration 20; function evaluation 22; phase 4
Function value 6.0050708e+02; maximum gradient component mag -1.0887e+03
Var    Value     Gradient |Var    Value     Gradient |Var    Value     Gradient
  1 -0.44225 -6.80823e+02 |  2 -0.41288 -1.08869e+03 |  3 -0.41042 -6.04552e+02
  4  0.70842  1.06956e+02 |  5  0.00007 -2.13574e-01 |  6  0.00002 -7.07345e-02
  7  0.00003 -9.36327e-02 |  8  0.00004 -1.23715e-01 |  9  0.00005 -1.63109e-01
 10  0.00007 -1.41666e+01 | 11  0.00011 -1.42137e+01 | 12  0.00016 -1.42746e+01
 13  0.00022 -1.43525e+01 | 14  0.00031 -1.44517e+01 | 15  0.00042 -1.45762e+01
 16  0.00047 -1.47305e+01 | 17  0.00432 -1.49595e+01 | 18  0.00088 -1.51317e+01
 19  0.00121 -1.53742e+01 | 20  0.00157 -1.56411e+01 | 21  0.00381 -1.60029e+01
 22  0.00118 -1.63265e+01 | 23 -0.00041 -1.68729e+01 | 24 -0.00233 -1.74679e+01
 25 -0.00235 -1.79664e+01 | 26  0.00374 -1.86162e+01 | 27 -0.00166 -1.86899e+01
 28 -0.00193 -1.88692e+01 | 29 -0.00094 -1.89830e+01 | 30  0.00202 -1.90725e+01
 31  0.00270 -1.88147e+01 | 32  0.00432 -1.88652e+01 | 33  0.00104 -1.88038e+01
 34 -0.00110 -1.87025e+01 | 35 -0.00503 -1.79759e+01 | 36 -0.00577 -1.72590e+01
 37  0.00259 -1.68482e+01 | 38 -0.01088 -1.42877e+01 | 39 -0.00658 -1.68355e+01
 40 -0.00149 -1.69037e+01 | 41 -0.00488 -1.65509e+01 | 42  0.01878 -1.43857e+01
 43 -0.00909 -9.62011e+00 | 44 -0.00641 -1.61787e+01 | 45 -0.00322 -1.67459e+01
 46 -0.00578 -1.61714e+01 | 47 -0.01348 -1.29035e+01 | 48  0.00422 -9.60061e+00
 49  0.01414 -1.60941e+01 | 50  0.00286 -1.68932e+01 | 51 -0.00409 -1.52051e+01
 52 -0.01164 -9.96567e+00 | 53 -0.01248 -3.78357e+00 | 54  0.03176 -1.11376e+01
 55 -0.00331 -1.39145e+01 | 56 -0.00983 -1.25803e+01 | 57 -0.00972 -8.81556e+00
 58 -0.01236 -4.20741e+00 | 59 -0.00665 -1.26438e+01 | 60 -0.00056 -1.27756e+01
 61 -0.00607 -1.30302e+01 | 62  0.00068 -8.19950e+00 | 63 -0.00236 -4.96739e+00
 64  0.00067 -1.34005e+01 | 65 -0.00952 -1.22254e+01 | 66 -0.00498 -7.93821e+00
 67 -0.00327 -2.16352e+00 | 68  0.01591  3.36429e+01 | 69  0.01675  4.50608e+01
 70 -0.01928  1.24586e+01 | 71  0.02505  6.52068e+01 | 72  0.01335  7.92917e+01
 73 -0.01969  4.76916e+01 | 74 -0.01275  4.03342e+01 | 75  0.01623  4.77262e+01
 76  0.01911  2.06584e+01 | 77  0.03384  1.84679e+01 | 78  0.02921  9.20542e+01
 79 -0.00997 -1.49504e+01 | 80  0.02457 -2.66801e+00 | 81  0.00187 -3.02948e+01
 82 -0.00718  4.82578e+00 | 83 -0.00351 -3.53778e+01 | 84 -0.00704 -2.76769e+00
 85 -0.00067 -3.24961e+01 | 86  0.00539 -3.16527e+01 | 87  0.00502  6.56766e+00
 88 -0.04245 -1.96021e+01 | 89 -0.00951 -6.37401e+01 | 90 -0.02546 -2.30439e+01
 91  0.00292 -1.93184e+01 | 92 -0.03018 -1.78132e+01 | 93 -0.03983 -4.23908e+01
 94  0.00738 -2.62676e+01 | 95  0.00199 -2.66334e+01 | 96  0.03943 -2.67662e+01
 97  0.05416 -1.11643e+02 | 98 -0.01200 -1.38919e+01 | 99 -0.01092 -2.00730e+01
100  0.01680  5.11791e+00 |101 -0.00855 -2.77615e+00 |102 -0.01112 -1.73445e+01
103 -0.00052 -1.38751e+01 |104 -0.00004 -1.40143e+01 |105 -0.01582 -3.40078e+01
106 -0.40258  6.05698e+01 |107  0.02577  4.68166e+00 |108 -0.08688 -2.16093e+01
108 variables; iteration 40; function evaluation 45; phase 4
Function value 5.9448153e+02; maximum gradient component mag -4.4165e+02
Var    Value     Gradient |Var    Value     Gradient |Var    Value     Gradient
  1 -0.43624 -1.24685e+02 |  2 -0.40562 -4.41654e+02 |  3 -0.41883 -1.97810e+02
  4  0.70561 -1.94578e+02 |  5 -0.00004 -3.90193e-01 |  6 -0.00001 -1.23561e-01
  7 -0.00001 -1.65196e-01 |  8 -0.00002 -2.21106e-01 |  9 -0.00003 -2.96425e-01
 10  0.00151  8.72323e+00 | 11  0.00156  8.68648e+00 | 12  0.00162  8.63872e+00
 13  0.00171  8.57679e+00 | 14  0.00182  8.49676e+00 | 15  0.00196  8.39317e+00
 16  0.00205  8.24358e+00 | 17  0.00597  8.03759e+00 | 18  0.00254  7.80315e+00
 19  0.00282  7.34994e+00 | 20  0.00287  6.37485e+00 | 21  0.00417  4.26403e+00
 22  0.00054  2.09052e+00 | 23 -0.00103  1.27113e+00 | 24 -0.00222  1.88219e+00
 25 -0.00151  2.81700e+00 | 26  0.00585  3.83325e+00 | 27 -0.00106  4.02140e-01
 28 -0.00044  1.91626e+00 | 29  0.00067  2.00215e+00 | 30  0.00432  2.51247e+00
 31  0.00450  1.87454e+00 | 32  0.00254 -3.65032e+00 | 33 -0.00174 -5.52252e+00
 34  0.00008  2.37071e-01 | 35 -0.00391  1.45643e+00 | 36 -0.00628 -2.27722e-01
 37  0.00292  4.28583e-01 | 38 -0.01302 -1.65575e+00 | 39 -0.00741 -7.06574e-01
 40 -0.00165  7.82236e-02 | 41 -0.00472  5.49421e-01 | 42  0.01567 -4.38656e+00
 43 -0.01062  1.20607e+00 | 44 -0.00552  1.27778e+00 | 45 -0.00247  4.34947e-01
 46 -0.00494  5.03649e-01 | 47 -0.01792 -5.77069e+00 | 48  0.00799  1.22570e+01
 49  0.01625  1.07658e+00 | 50  0.00308 -2.26657e+00 | 51 -0.00183  2.19533e+00
 52 -0.01588 -4.31636e+00 | 53 -0.00929  1.48716e+01 | 54  0.03439 -1.98927e-01
 55  0.00135  5.00895e+00 | 56 -0.00952 -1.60564e-01 | 57 -0.00918  2.60845e+00
 58 -0.00758  1.38713e+01 | 59 -0.00389  2.45919e+00 | 60  0.00639  8.43088e+00
 61  0.00472  1.31354e+01 | 62  0.00296  8.20409e-01 | 63  0.00388  1.03514e+01
 64  0.00622  2.39608e+00 | 65 -0.00820 -1.14215e+00 | 66 -0.00639 -5.19265e+00
 67 -0.00436 -3.27265e+00 | 68  0.00359 -2.95822e+01 | 69  0.01387  1.93134e+01
 70 -0.02952 -1.31219e+01 | 71  0.02304  3.44314e+01 | 72 -0.00251 -1.39896e+01
 73 -0.02241  2.91018e+01 | 74 -0.02410 -2.84734e+01 | 75  0.01066 -2.27111e+01
 76  0.01557 -3.02870e+01 | 77  0.03226 -4.11853e+01 | 78  0.02514 -1.09175e+01
 79 -0.01090 -3.73194e+01 | 80  0.02361 -2.46423e+01 | 81  0.00279 -2.86642e+01
 82 -0.00926 -1.42804e+01 | 83 -0.00126 -1.53981e+00 | 84 -0.00778  8.30914e+00
 85  0.00093 -6.96974e+00 | 86  0.00352 -4.03588e+01 | 87  0.00490 -9.11886e+00
 88 -0.04468 -1.60817e+01 | 89 -0.00775 -2.71972e+01 | 90 -0.02587  4.80004e+00
 91  0.00354 -9.98698e+00 | 92 -0.02973  1.18936e+01 | 93 -0.03649  8.75719e+00
 94  0.00483 -3.03706e+01 | 95  0.00288 -1.50115e+01 | 96  0.03851 -1.00772e+01
 97  0.05921  2.41547e+01 | 98 -0.01250 -1.73512e+01 | 99 -0.00672  1.16660e+01
100  0.02007  3.22913e+01 |101 -0.00195  2.34646e+01 |102 -0.01103  5.20174e+00
103  0.00038  8.16925e+00 |104  0.00136  8.83985e+00 |105 -0.00074 -1.11434e+01
106 -0.39871  1.24731e+01 |107  0.10846  3.99472e+00 |108 -0.06566 -2.20098e+01
108 variables; iteration 60; function evaluation 72; phase 4
Function value 5.9325438e+02; maximum gradient component mag -2.9945e+02
Var    Value     Gradient |Var    Value     Gradient |Var    Value     Gradient
  1 -0.43601 -7.95535e+01 |  2 -0.40408 -2.99451e+02 |  3 -0.42024 -1.23752e+02
  4  0.70440 -1.97452e+02 |  5  0.00005 -2.37848e-01 |  6  0.00002 -6.77964e-02
  7  0.00003 -9.14949e-02 |  8  0.00004 -1.24106e-01 |  9  0.00005 -1.69514e-01
 10  0.00058  8.23938e+00 | 11  0.00064  8.21939e+00 | 12  0.00071  8.19693e+00
 13  0.00082  8.17356e+00 | 14  0.00096  8.15252e+00 | 15  0.00115  8.13786e+00
 16  0.00131  8.10200e+00 | 17  0.00532  8.06813e+00 | 18  0.00202  8.04328e+00
 19  0.00240  7.75140e+00 | 20  0.00240  6.71327e+00 | 21  0.00363  4.50473e+00
 22  0.00009  2.41287e+00 | 23 -0.00151  1.55029e+00 | 24 -0.00251  2.52770e+00
 25 -0.00253  2.52896e+00 | 26  0.00632  5.98165e+00 | 27  0.00084  4.43080e+00
 28 -0.00009  3.96491e+00 | 29  0.00092  3.85080e+00 | 30  0.00154  1.74195e-01
 31  0.00355  2.09413e+00 | 32  0.00315 -1.37632e+00 | 33  0.00310  2.49117e+00
 34  0.00138  3.40796e+00 | 35 -0.00336  3.54940e+00 | 36 -0.00601  1.41461e+00
 37  0.00379  2.86724e+00 | 38 -0.01155  2.18027e+00 | 39 -0.00661  1.91168e+00
 40 -0.00112  2.12984e+00 | 41 -0.00339  3.64893e+00 | 42  0.01743 -2.23563e-01
 43 -0.00898  5.03435e+00 | 44 -0.00495  3.45260e+00 | 45 -0.00181  2.77773e+00
 46 -0.00357  4.05121e+00 | 47 -0.01408  2.46572e+00 | 48  0.00262  8.73647e-01
 49  0.01619  1.95004e+00 | 50  0.00373 -7.77681e-01 | 51 -0.00183  3.01653e+00
 52 -0.01273  2.11363e+00 | 53 -0.01470  3.00603e+00 | 54  0.03226 -4.48055e+00
 55  0.00298  6.87904e+00 | 56 -0.00894  7.76724e-01 | 57 -0.00832  3.98592e+00
 58 -0.00791  1.29667e+01 | 59 -0.00289  3.89411e+00 | 60  0.00239  1.02099e+00
 61 -0.00024  3.43996e+00 | 62  0.00331  7.07665e-01 | 63  0.00094  3.36168e+00
 64  0.00505 -9.82154e-01 | 65 -0.00685  3.94047e-01 | 66 -0.00389 -1.65915e+00
 67 -0.00298  5.85874e-01 | 68  0.00969 -5.98313e+00 | 69  0.00935 -7.88833e-02
 70 -0.02601 -5.10936e+00 | 71  0.01779  4.52401e+00 | 72  0.00004 -8.04588e+00
 73 -0.02624  1.04906e+01 | 74 -0.02058 -9.80104e+00 | 75  0.01128 -1.37614e+01
 76  0.01658 -1.65357e+01 | 77  0.03304 -2.85453e+01 | 78  0.02467 -2.78062e+01
 79 -0.00924 -1.20693e+01 | 80  0.02344 -2.65680e+01 | 81  0.00338 -1.72402e+01
 82 -0.00994 -2.23975e+01 | 83 -0.00135 -3.41930e+00 | 84 -0.00860 -2.03033e+00
 85  0.00080 -7.25891e+00 | 86  0.00437 -2.41494e+01 | 87  0.00479 -1.27070e+01
 88 -0.04337 -2.70252e+00 | 89 -0.00713 -1.45705e+01 | 90 -0.02513  1.63011e+01
 91  0.00384 -5.97783e+00 | 92 -0.03107 -7.88298e+00 | 93 -0.03694  1.09859e+00
 94  0.00584 -1.12528e+01 | 95  0.00366  2.58239e-01 | 96  0.03836 -7.20028e+00
 97  0.05871  8.98942e+00 | 98 -0.01109 -4.94142e+00 | 99 -0.00680  1.10913e+01
100  0.01809  7.46254e+00 |101 -0.00286  1.60665e+01 |102 -0.01097  7.10133e+00
103 -0.00086  7.15400e+00 |104  0.00042  8.31972e+00 |105 -0.00639 -1.59359e+01
106 -0.40052  2.59204e+01 |107  0.12608  5.88155e+00 |108 -0.05259 -1.87447e+01
Maximum number of function evaluations exceeded

 - final statistics:
108 variables; iteration 78; function evaluation 100
Function value 5.9278e+02; maximum gradient component mag -2.6044e+01
Exit code = 3;  converg criter 1.0000e+00
Var    Value     Gradient |Var    Value     Gradient |Var    Value     Gradient
  1 -0.43519 -2.60436e+01 |  2 -0.40195  1.14109e+00 |  3 -0.42367  8.55358e+00
  4  0.70395 -2.59052e+01 |  5  0.00013 -4.69937e-03 |  6  0.00005  1.11097e-02
  7  0.00007  1.29122e-02 |  8  0.00009  1.37491e-02 |  9  0.00012  1.20584e-02
 10  0.00003  9.14631e-01 | 11  0.00014  1.00212e+00 | 12  0.00027  1.10701e+00
 13  0.00043  1.22336e+00 | 14  0.00061  1.33188e+00 | 15  0.00078  1.38668e+00
 16  0.00086  1.36928e+00 | 17  0.00454  1.04244e+00 | 18  0.00093  7.00327e-01
 19  0.00136  7.50745e-01 | 20  0.00250  1.69094e+00 | 21  0.00455  1.05039e+00
 22  0.00165  1.66317e-01 | 23  0.00101  1.13474e+00 | 24 -0.00068  1.54163e+00
 25 -0.00175  2.30864e-01 | 26  0.00435  9.20335e-02 | 27 -0.00010 -9.92658e-02
 28 -0.00059  1.85829e-01 | 29  0.00067  8.68958e-01 | 30  0.00333  5.41252e-01
 31  0.00358 -1.09838e-01 | 32  0.00580  2.03396e-01 | 33  0.00342  8.39258e-01
 34  0.00152  1.41350e+00 | 35 -0.00414 -2.46020e-01 | 36 -0.00410  1.95180e+00
 37  0.00330 -1.00837e-01 | 38 -0.01072  6.11808e-01 | 39 -0.00516  1.62403e+00
 40 -0.00102 -1.39106e-01 | 41 -0.00412 -1.70614e-01 | 42  0.01823 -2.69439e-02
 43 -0.00916  1.64034e+00 | 44 -0.00498  7.56762e-01 | 45 -0.00260 -7.56271e-01
 46 -0.00356  1.76886e+00 | 47 -0.01336  9.24352e-01 | 48  0.00207 -2.40792e+00
 49  0.01581  9.03559e-01 | 50  0.00629  1.62031e+00 | 51 -0.00211  6.85238e-01
 52 -0.01201  7.03987e-01 | 53 -0.01367  2.32770e+00 | 54  0.03402  1.20388e+00
 55 -0.00005  1.70480e+00 | 56 -0.00798  1.50663e+00 | 57 -0.00950  7.75245e-01
 58 -0.01257  1.29948e+00 | 59 -0.00448  1.10062e+00 | 60  0.00304  2.62864e+00
 61 -0.00309 -4.44511e-01 | 62  0.00269  1.32851e+00 | 63 -0.00101  7.40736e-01
 64  0.00536  2.55494e+00 | 65 -0.00736  1.22555e+00 | 66 -0.00280  3.06257e+00
 67 -0.00364  2.21841e+00 | 68  0.01035  3.26504e+00 | 69  0.00805  1.66189e+00
 70 -0.02349  3.37990e+00 | 71  0.01531  8.87581e-01 | 72  0.00143  2.53136e+00
 73 -0.02866  8.42297e-01 | 74 -0.01865  4.21325e+00 | 75  0.01172  2.30094e+00
 76  0.01716  1.89561e+00 | 77  0.03353 -4.62633e+00 | 78  0.02496 -9.77590e+00
 79 -0.00867  1.34588e-01 | 80  0.02365 -6.83905e+00 | 81  0.00368 -2.46856e+00
 82 -0.00907 -2.88245e+00 | 83 -0.00156 -1.80501e+00 | 84 -0.00916 -3.58625e+00
 85  0.00066 -3.20941e+00 | 86  0.00480 -6.11067e+00 | 87  0.00477 -6.29684e+00
 88 -0.04315 -4.65792e-01 | 89 -0.00657 -1.69655e+00 | 90 -0.02659 -2.08417e+00
 91  0.00393 -2.60997e+00 | 92 -0.03054 -3.11386e+00 | 93 -0.03657  1.41529e+00
 94  0.00647 -5.77169e-01 | 95  0.00411  3.29578e+00 | 96  0.03836 -3.42330e+00
 97  0.05846 -1.39332e+00 | 98 -0.01018 -1.45320e+00 | 99 -0.00683  1.22869e+00
100  0.01782 -3.15930e+00 |101 -0.00344 -7.24237e-01 |102 -0.01072  1.65676e+00
103 -0.00154 -4.88183e-01 |104 -0.00030  6.15889e-01 |105 -0.00699 -2.50227e+00
106 -0.40091  4.54034e+00 |107  0.14191  5.64015e+00 |108 -0.03660 -1.38671e+01

Initial statistics: 111 variables; iteration 0; function evaluation 0; phase 5
Function value 5.9278303e+02; maximum gradient component mag 1.7319e+03
Var    Value     Gradient |Var    Value     Gradient |Var    Value     Gradient
  1 -0.43519 -2.59447e+01 |  2 -0.40195  1.69371e+00 |  3 -0.42367  8.78974e+00
  4 -0.41222  3.87487e+01 |  5 -0.41222  1.85185e+01 |  6  0.70395 -2.55785e+01
  7  0.00013 -4.56951e-03 |  8  0.00005  1.12176e-02 |  9  0.00007  1.30464e-02
 10  0.00009  1.39102e-02 | 11  0.00012  1.22400e-02 | 12  0.00003  7.56194e-01
 13  0.00013  8.44294e-01 | 14  0.00026  9.49961e-01 | 15  0.00042  1.06723e+00
 16  0.00060  1.17671e+00 | 17  0.00078  1.23213e+00 | 18  0.00086  1.21481e+00
 19  0.00454  8.85360e-01 | 20  0.00093  5.39987e-01 | 21  0.00136  5.92192e-01
 22  0.00250  1.54718e+00 | 23  0.00455  8.98366e-01 | 24  0.00164  2.33104e-03
 25  0.00101  9.85604e-01 | 26 -0.00068  1.39345e+00 | 27 -0.00175  7.95788e-02
 28  0.00434 -6.03985e-02 | 29 -0.00011 -2.51649e-01 | 30 -0.00059  3.09525e-02
 31  0.00067  7.16465e-01 | 32  0.00333  3.92091e-01 | 33  0.00358 -2.56577e-01
 34  0.00579  6.05896e-02 | 35  0.00342  6.89869e-01 | 36  0.00152  1.26553e+00
 37 -0.00414 -3.88676e-01 | 38 -0.00410  1.78870e+00 | 39  0.00330 -2.37515e-01
 40 -0.01072  4.59421e-01 | 41 -0.00517  1.46912e+00 | 42 -0.00102 -2.77246e-01
 43 -0.00412 -3.01647e-01 | 44  0.01822 -1.51417e-01 | 45 -0.00917  1.48416e+00
 46 -0.00498  6.13758e-01 | 47 -0.00260 -8.94300e-01 | 48 -0.00357  1.60577e+00
 49 -0.01336  7.87538e-01 | 50  0.00207 -2.53852e+00 | 51  0.01580  7.61731e-01
 52  0.00629  1.48447e+00 | 53 -0.00211  5.24030e-01 | 54 -0.01201  5.45049e-01
 55 -0.01367  2.16272e+00 | 56  0.03402  1.07193e+00 | 57 -0.00005  1.53782e+00
 58 -0.00799  1.35162e+00 | 59 -0.00950  6.29777e-01 | 60 -0.01258  1.13547e+00
 61 -0.00448  9.48962e-01 | 62  0.00304  2.49520e+00 | 63 -0.00310 -5.81409e-01
 64  0.00268  1.18885e+00 | 65 -0.00101  5.97919e-01 | 66  0.00536  2.40202e+00
 67 -0.00736  1.10948e+00 | 68 -0.00281  2.91487e+00 | 69 -0.00364  2.07887e+00
 70  0.01035  3.13484e+00 | 71  0.00805  1.52518e+00 | 72 -0.02350  3.24531e+00
 73  0.01531  7.48007e-01 | 74  0.00143  2.40538e+00 | 75 -0.02867  6.89297e-01
 76 -0.01865  4.08685e+00 | 77  0.01172  2.18567e+00 | 78  0.01716  1.78353e+00
 79  0.03352 -4.72911e+00 | 80  0.02496 -9.88161e+00 | 81 -0.00868  9.07612e-03
 82  0.02365 -6.94622e+00 | 83  0.00368 -2.58919e+00 | 84 -0.00907 -2.99556e+00
 85 -0.00157 -1.94495e+00 | 86 -0.00916 -3.72514e+00 | 87  0.00066 -3.34614e+00
 88  0.00480 -6.22430e+00 | 89  0.00476 -6.42730e+00 | 90 -0.04315 -6.04753e-01
 91 -0.00657 -1.82289e+00 | 92 -0.02659 -2.24892e+00 | 93  0.00393 -2.74929e+00
 94 -0.03054 -3.24753e+00 | 95 -0.03658  1.26929e+00 | 96  0.00646 -7.06700e-01
 97  0.00411  3.15092e+00 | 98  0.03835 -3.55640e+00 | 99  0.05846 -1.55492e+00
100 -0.01018 -1.59111e+00 |101 -0.00683  1.06754e+00 |102  0.01782 -3.31531e+00
103 -0.00345 -8.92957e-01 |104 -0.01073  1.49320e+00 |105 -0.00154 -6.50694e-01
106 -0.00031  4.55536e-01 |107  0.00000  1.73188e+03 |108 -0.00699 -2.47626e+00
109 -0.40091  4.50180e+00 |110  0.14191  5.63717e+00 |111 -0.03660 -1.38510e+01

Intermediate statistics: 111 variables; iteration 20; function evaluation 28; phase 5
Function value 5.8112966e+02; maximum gradient component mag -2.3843e+03
Var    Value     Gradient |Var    Value     Gradient |Var    Value     Gradient
  1 -0.43567 -2.38989e+02 |  2 -0.40687 -2.38427e+03 |  3 -0.41767 -1.25066e+03
  4 -0.41869 -3.82128e+00 |  5 -0.41555 -3.06475e+01 |  6  0.71664 -1.45145e+03
  7  0.00002 -1.05158e+00 |  8  0.00002 -3.25425e-01 |  9  0.00003 -4.35252e-01
 10  0.00003 -5.83042e-01 | 11  0.00004 -7.82858e-01 | 12 -0.00051  5.92346e+01
 13 -0.00039  5.90624e+01 | 14 -0.00024  5.88201e+01 | 15 -0.00007  5.84675e+01
 16  0.00010  5.79330e+01 | 17  0.00022  5.70885e+01 | 18  0.00019  5.58538e+01
 19  0.00351  5.33320e+01 | 20 -0.00045  5.12008e+01 | 21 -0.00020  4.89389e+01
 22  0.00132  4.77718e+01 | 23  0.00278  4.30206e+01 | 24 -0.00058  3.91152e+01
 25 -0.00039  3.77907e+01 | 26 -0.00213  3.49339e+01 | 27 -0.00488  2.84886e+01
 28 -0.00042  2.09406e+01 | 29 -0.00160  2.56866e+01 | 30 -0.00411  2.39930e+01
 31 -0.00243  2.23020e+01 | 32 -0.00034  1.68899e+01 | 33 -0.00031  1.69972e+01
 34  0.00221  1.50769e+01 | 35  0.00100  1.72965e+01 | 36 -0.00012  1.88996e+01
 37 -0.00743  1.79943e+01 | 38 -0.00627  2.06422e+01 | 39 -0.00026  1.17890e+01
 40 -0.01326  2.29878e+01 | 41 -0.00763  2.07863e+01 | 42 -0.00489  1.46379e+01
 43 -0.00628  1.82207e+01 | 44  0.01162 -4.19347e+00 | 45 -0.00881  2.79591e+01
 46 -0.00709  1.96687e+01 | 47 -0.00597  1.33694e+01 | 48 -0.00446  1.85014e+01
 49 -0.01419  2.36373e+01 | 50 -0.00269  4.57281e+00 | 51  0.01229 -1.86204e+00
 52  0.00461  6.32435e+00 | 53 -0.00279  1.18642e+01 | 54 -0.01244  1.81531e+01
 55 -0.01492  1.95870e+01 | 56  0.03153 -3.25249e+01 | 57  0.00059  3.83045e+00
 58 -0.00836  6.43602e+00 | 59 -0.01050  2.43854e+00 | 60 -0.01319  4.80589e+00
 61 -0.00614 -8.16051e+00 | 62 -0.00013 -2.08461e+01 | 63 -0.00183 -1.75545e+01
 64  0.00213 -2.86677e+01 | 65 -0.00227 -2.75005e+01 | 66  0.00382 -3.99194e+01
 67 -0.00713 -2.85051e+01 | 68 -0.00238 -3.73805e+01 | 69 -0.00306 -4.24647e+01
 70  0.01244 -6.90786e+01 | 71  0.00976 -7.14296e+01 | 72 -0.02141 -2.30657e+01
 73  0.01953 -1.05752e+02 | 74  0.00826 -7.04525e+01 | 75 -0.02440 -2.63220e+01
 76 -0.01202 -3.32619e+01 | 77  0.02089 -7.49185e+01 | 78  0.02203 -1.18644e+02
 79  0.03551 -1.51711e+02 | 80  0.02920 -1.02764e+02 | 81 -0.00839 -4.46972e+01
 82  0.02560 -1.36672e+02 | 83  0.00407 -6.56773e+01 | 84 -0.00651 -4.49266e+01
 85 -0.00144 -5.16040e+01 | 86 -0.00664 -4.36281e+01 | 87  0.00000 -6.22446e+01
 88  0.00813 -4.46996e+01 | 89  0.00421 -6.59950e+01 | 90 -0.04162  1.05260e+00
 91 -0.00532  2.59746e+00 | 92 -0.02252  1.38912e+01 | 93  0.00645  2.22006e+01
 94 -0.02605  3.77489e+01 | 95 -0.03590  3.04591e+01 | 96  0.00962 -5.18336e+00
 97  0.00554  3.66149e+01 | 98  0.04488  4.68077e+01 | 99  0.06203  3.09255e+01
100 -0.00788  2.43624e+01 |101 -0.00328  6.42279e+01 |102  0.02851  1.00715e+02
103  0.00491  1.24826e+02 |104 -0.01332  5.50784e+01 |105 -0.00279  5.75492e+01
106 -0.00090  5.97298e+01 |107 -0.01034 -1.41362e+03 |108 -0.02371 -1.53061e+02
109 -0.40436  2.60933e+02 |110 -0.01270  2.30944e+00 |111  0.02079 -3.02819e-01
111 variables; iteration 40; function evaluation 49; phase 5
Function value 5.8067365e+02; maximum gradient component mag -2.6017e+03
Var    Value     Gradient |Var    Value     Gradient |Var    Value     Gradient
  1 -0.43562 -2.20343e+02 |  2 -0.40815 -2.60171e+03 |  3 -0.41564 -1.34766e+03
  4 -0.42367 -1.28066e+01 |  5 -0.40979 -3.56954e+01 |  6  0.71744 -1.56903e+03
  7  0.00005 -1.07476e+00 |  8  0.00003 -3.45272e-01 |  9  0.00003 -4.60057e-01
 10  0.00004 -6.13043e-01 | 11  0.00005 -8.17212e-01 | 12 -0.00072  6.35362e+01
 13 -0.00065  6.32661e+01 | 14 -0.00057  6.29027e+01 | 15 -0.00046  6.24083e+01
 16 -0.00035  6.17263e+01 | 17 -0.00026  6.07708e+01 | 18 -0.00028  5.94813e+01
 19  0.00330  5.72003e+01 | 20 -0.00036  5.53802e+01 | 21 -0.00010  5.29439e+01
 22  0.00050  5.03519e+01 | 23  0.00249  4.60173e+01 | 24 -0.00014  4.27439e+01
 25 -0.00142  3.93256e+01 | 26 -0.00347  3.58135e+01 | 27 -0.00408  3.16297e+01
 28  0.00136  2.45938e+01 | 29 -0.00187  2.72027e+01 | 30 -0.00345  2.67052e+01
 31 -0.00256  2.37745e+01 | 32 -0.00024  1.81594e+01 | 33  0.00010  1.85979e+01
 34  0.00206  1.59324e+01 | 35  0.00031  1.76082e+01 | 36 -0.00176  1.81917e+01
 37 -0.00664  1.99200e+01 | 38 -0.00772  2.01797e+01 | 39  0.00094  1.36683e+01
 40 -0.01350  2.42307e+01 | 41 -0.00876  2.08184e+01 | 42 -0.00388  1.66904e+01
 43 -0.00624  1.96228e+01 | 44  0.01533 -4.21950e-01 | 45 -0.01114  2.60678e+01
 46 -0.00776  1.99486e+01 | 47 -0.00442  1.52976e+01 | 48 -0.00585  1.72800e+01
 49 -0.01429  2.39528e+01 | 50 -0.00035  7.84514e+00 | 51  0.01168 -3.98671e+00
 52  0.00324  4.25614e+00 | 53 -0.00365  1.01408e+01 | 54 -0.01249  1.77029e+01
 55 -0.01548  1.85996e+01 | 56  0.02970 -3.96947e+01 | 57 -0.00161 -3.79995e-01
 58 -0.00938  3.72894e+00 | 59 -0.00976  1.50440e+00 | 60 -0.01398  2.52229e+00
 61 -0.00605 -1.09091e+01 | 62 -0.00283 -2.53599e+01 | 63 -0.00065 -2.12007e+01
 64  0.00200 -3.30024e+01 | 65 -0.00286 -3.14990e+01 | 66 -0.00009 -4.63487e+01
 67  0.00081 -3.12929e+01 | 68 -0.00824 -4.39175e+01 | 69 -0.00195 -4.67203e+01
 70  0.01208 -7.66674e+01 | 71  0.00978 -7.83181e+01 | 72 -0.02158 -2.64767e+01
 73  0.02067 -1.13250e+02 | 74  0.00983 -7.62059e+01 | 75 -0.02279 -2.61797e+01
 76 -0.01062 -3.63457e+01 | 77  0.02353 -7.22063e+01 | 78  0.02446 -1.11669e+02
 79  0.03563 -1.53875e+02 | 80  0.02985 -1.19936e+02 | 81 -0.01013 -6.43332e+01
 82  0.02683 -1.44987e+02 | 83  0.00448 -5.21243e+01 | 84 -0.00530 -4.71138e+01
 85 -0.00146 -4.46069e+01 | 86 -0.00531 -4.50833e+01 | 87 -0.00154 -8.55509e+01
 88  0.00751 -8.26738e+01 | 89  0.00350 -7.19292e+01 | 90 -0.04024  4.46226e+00
 91 -0.00612  1.37883e-01 | 92 -0.02171  8.92162e+00 | 93  0.00605  2.67975e+01
 94 -0.02527  3.79751e+01 | 95 -0.03744  2.52439e+01 | 96  0.01130  1.72647e+00
 97  0.00629  7.13002e+01 | 98  0.04675  6.22678e+01 | 99  0.06198  4.57972e+01
100 -0.00595  4.26053e+01 |101 -0.00555  5.63626e+01 |102  0.02798  9.67822e+01
103  0.00195  1.26152e+02 |104 -0.01253  6.20089e+01 |105 -0.00212  6.32804e+01
106 -0.00096  6.43507e+01 |107 -0.01121 -1.55900e+03 |108 -0.02764 -1.64218e+02
109 -0.40582  2.78478e+02 |110 -0.07548 -8.35060e+00 |111 -0.05897  2.25667e+00
111 variables; iteration 60; function evaluation 77; phase 5
Function value 5.7366135e+02; maximum gradient component mag -9.2435e+02
Var    Value     Gradient |Var    Value     Gradient |Var    Value     Gradient
  1 -0.43648 -1.19347e+02 |  2 -0.41034 -8.44968e+02 |  3 -0.41100 -4.40820e+02
  4 -0.43101 -1.96917e+01 |  5 -0.40492 -1.65513e+01 |  6  0.72655 -6.33631e+02
  7  0.00025 -4.18669e-02 |  8  0.00006 -4.30494e-02 |  9  0.00009 -5.36468e-02
 10  0.00012 -6.46503e-02 | 11  0.00017 -7.38590e-02 | 12 -0.00105  2.13942e+01
 13 -0.00113  2.11414e+01 | 14 -0.00120  2.08493e+01 | 15 -0.00124  2.05457e+01
 16 -0.00120  2.02931e+01 | 17 -0.00101  2.01847e+01 | 18 -0.00077  2.01725e+01
 19  0.00330  2.00503e+01 | 20 -0.00039  1.93174e+01 | 21 -0.00047  1.81812e+01
 22  0.00113  1.92841e+01 | 23  0.00212  1.65005e+01 | 24 -0.00106  1.47963e+01
 25 -0.00228  1.41926e+01 | 26 -0.00425  1.32573e+01 | 27 -0.00510  1.14268e+01
 28  0.00386  1.38133e+01 | 29 -0.00523  7.56258e+00 | 30 -0.00474  9.49732e+00
 31 -0.00233  1.07796e+01 | 32 -0.00097  7.45234e+00 | 33 -0.00356  3.36476e+00
 34 -0.00059  4.31833e+00 | 35  0.00194  1.15821e+01 | 36 -0.00378  6.71242e+00
 37 -0.00437  1.26551e+01 | 38 -0.00879  7.64493e+00 | 39  0.00189  8.72515e+00
 40 -0.01461  8.36019e+00 | 41 -0.00916  8.06328e+00 | 42 -0.00250  9.03001e+00
 43 -0.00980  3.38839e+00 | 44  0.01453 -7.09890e-01 | 45 -0.01627  3.15174e+00
 46 -0.01155  2.20340e+00 | 47 -0.00414  6.61027e+00 | 48 -0.00762  5.28468e+00
 49 -0.01694  6.00030e+00 | 50 -0.00081  1.76079e+00 | 51  0.01243 -2.95252e-01
 52  0.00463  4.99872e+00 | 53 -0.00428  4.81013e+00 | 54 -0.01474  4.46806e+00
 55 -0.02241 -5.37003e+00 | 56  0.03309 -9.77873e+00 | 57 -0.00683 -5.72422e+00
 58 -0.01451 -5.64784e+00 | 59 -0.00977  1.86799e+00 | 60 -0.01343  4.15917e+00
 61 -0.00553 -2.40410e+00 | 62  0.00985  2.11553e+00 | 63 -0.00748 -1.12990e+01
 64  0.00813 -2.19875e+00 | 65  0.00268 -2.19763e+00 | 66  0.00792 -1.04501e+01
 67 -0.01212 -1.68530e+01 | 68  0.00452 -3.63255e+00 | 69  0.00151 -9.76346e+00
 70  0.01268 -3.05049e+01 | 71  0.01361 -2.19899e+01 | 72 -0.01907 -6.80393e+00
 73  0.02330 -3.29109e+01 | 74  0.00516 -3.85023e+01 | 75 -0.02338 -1.44944e+01
 76 -0.01184 -2.16128e+01 | 77  0.01791 -8.37113e+01 | 78  0.02546 -4.80925e+01
 79  0.03587 -6.04668e+01 | 80  0.03151 -4.31198e+01 | 81 -0.00813 -1.90783e+01
 82  0.03101 -2.17764e+01 | 83  0.00455 -3.51773e+01 | 84 -0.00268 -1.49897e+01
 85 -0.00081 -2.85166e+01 | 86 -0.00265 -1.27947e+01 | 87  0.00261  4.08175e+00
 88  0.01116 -1.34893e+01 | 89  0.00615 -1.34869e+01 | 90 -0.03674  1.25524e+01
 91 -0.00626 -2.38686e+01 | 92 -0.02025 -5.08272e+00 | 93  0.00449 -4.56545e+01
 94 -0.02494 -3.20650e+00 | 95 -0.03649  4.70622e+00 | 96  0.01289 -5.87040e+00
 97  0.00278 -3.04230e+01 | 98  0.04354 -4.22462e+01 | 99  0.05993 -1.63678e+01
100 -0.00361  2.35994e+01 |101 -0.00549  3.50712e+01 |102  0.02418  1.45285e+01
103 -0.01009 -2.86977e+01 |104 -0.01433  1.55474e+01 |105  0.00114  2.57738e+01
106 -0.00075  2.22879e+01 |107 -0.01581 -9.24351e+02 |108 -0.03687 -3.22428e+01
109 -0.41229  4.52960e+01 |110 -0.10746  6.26085e+00 |111  0.02972 -6.41835e-02
111 variables; iteration 80; function evaluation 116; phase 5
Function value 5.6723476e+02; maximum gradient component mag -2.7568e+02
Var    Value     Gradient |Var    Value     Gradient |Var    Value     Gradient
  1 -0.43482  1.39674e+00 |  2 -0.42137 -2.75677e+02 |  3 -0.39769 -1.29911e+02
  4 -0.44839 -2.93303e+00 |  5 -0.35831 -3.65486e+00 |  6  0.76158 -1.58667e+02
  7 -0.00010 -4.31531e-01 |  8 -0.00002 -1.16908e-01 |  9 -0.00003 -1.59546e-01
 10 -0.00004 -2.19944e-01 | 11 -0.00006 -3.08035e-01 | 12 -0.00059  6.73683e+00
 13 -0.00054  6.71708e+00 | 14 -0.00044  6.76102e+00 | 15 -0.00025  6.88570e+00
 16 -0.00003  7.01929e+00 | 17  0.00002  6.85097e+00 | 18 -0.00035  6.09707e+00
 19  0.00211  3.84849e+00 | 20 -0.00183  3.00993e+00 | 21 -0.00165  2.73676e+00
 22 -0.00261  7.33262e-01 | 23 -0.00049  4.70309e-01 | 24 -0.00353 -4.58818e-01
 25 -0.00435 -6.90446e-02 | 26 -0.00792 -3.30313e+00 | 27 -0.00727 -2.49991e+00
 28 -0.00165 -2.38412e+00 | 29 -0.00558 -1.79427e+00 | 30 -0.00625 -1.46174e+00
 31 -0.00516 -1.65275e+00 | 32 -0.00383 -4.27801e+00 | 33 -0.00481 -6.29450e+00
 34 -0.00003 -1.73094e+00 | 35 -0.00657 -7.09571e+00 | 36 -0.00534 -2.98175e+00
 37 -0.00930 -2.71821e+00 | 38 -0.01093 -4.21417e+00 | 39 -0.00084 -1.87220e+00
 40 -0.01782 -6.49015e+00 | 41 -0.01041 -2.07519e+00 | 42 -0.00786 -6.09517e+00
 43 -0.00746 -1.24484e+00 | 44  0.01332 -6.81282e+00 | 45 -0.01241  2.03442e+00
 46 -0.01041 -3.08426e+00 | 47 -0.00575 -1.74063e+00 | 48 -0.00740 -4.53606e-01
 49 -0.01509  4.88221e-01 | 50  0.00107 -2.43019e+00 | 51  0.01053 -6.33086e+00
 52  0.00127 -2.80696e+00 | 53 -0.00462 -9.80250e-01 | 54 -0.01435 -2.76990e+00
 55 -0.01421  3.42602e+00 | 56  0.02878 -9.32480e+00 | 57 -0.00509 -5.24498e+00
 58 -0.00997 -2.48904e+00 | 59 -0.01188 -5.76396e+00 | 60 -0.01559 -6.44494e+00
 61 -0.00731 -7.17534e+00 | 62 -0.00044 -7.75146e+00 | 63 -0.00519 -8.01975e+00
 64  0.00176 -8.41971e+00 | 65 -0.00069 -5.26103e+00 | 66  0.00837 -2.51563e+00
 67 -0.00726 -6.86117e+00 | 68 -0.00316 -5.91423e+00 | 69  0.00034 -6.24692e+00
 70  0.01383 -1.10575e+01 | 71  0.01173 -1.26623e+01 | 72 -0.02090 -6.41405e+00
 73  0.02158 -1.58580e+01 | 74  0.00731 -1.06527e+01 | 75 -0.02223 -3.10250e+00
 76 -0.01048 -5.93974e+00 | 77  0.02401 -2.22180e+00 | 78  0.02854 -9.38619e+00
 79  0.03752 -3.43816e+00 | 80  0.03304 -7.95863e+00 | 81 -0.00716  4.55505e+00
 82  0.03171 -7.63437e+00 | 83  0.00610  1.12146e+01 | 84 -0.00136  4.09841e+00
 85  0.00071  1.17880e+01 | 86 -0.00107  6.58919e+00 | 87  0.00194  5.79185e+00
 88  0.01214  2.70961e+00 | 89  0.00646  9.23478e+00 | 90 -0.03600  6.19873e+00
 91 -0.00419  1.86098e+01 | 92 -0.01746  9.14569e+00 | 93  0.00775  2.47088e+01
 94 -0.02146  1.33413e+01 | 95 -0.03397  1.31414e+01 | 96  0.01674  1.12270e+01
 97  0.00746  2.58775e+01 | 98  0.04931  2.29586e+01 | 99  0.06331  1.57029e+01
100 -0.00188  6.42085e+00 |101 -0.00358  5.69278e+00 |102  0.03112  8.37173e+00
103 -0.00009  2.14785e+01 |104 -0.01028  6.02890e+00 |105  0.00082  9.66340e+00
106 -0.00049  7.17203e+00 |107 -0.02445 -1.17670e+02 |108 -0.04658 -1.15129e+01
109 -0.41556  1.46665e+01 |110 -0.17109 -4.57028e+00 |111  0.22032  2.58211e-03
111 variables; iteration 100; function evaluation 154; phase 5
Function value 5.6298062e+02; maximum gradient component mag -4.6286e+02
Var    Value     Gradient |Var    Value     Gradient |Var    Value     Gradient
  1 -0.43427 -2.08390e+01 |  2 -0.42997 -2.05250e+02 |  3 -0.38644 -8.50237e+01
  4 -0.46154 -6.92470e-01 |  5 -0.32736 -2.75851e+00 |  6  0.83987 -8.21057e+01
  7  0.00022  1.31844e-01 |  8  0.00006  1.80488e-02 |  9  0.00008  2.76530e-02
 10  0.00011  4.37294e-02 | 11  0.00015  7.14316e-02 | 12 -0.00042  4.38335e+00
 13 -0.00043  4.30232e+00 | 14 -0.00043  4.20999e+00 | 15 -0.00038  4.16756e+00
 16 -0.00017  4.33620e+00 | 17  0.00026  4.81217e+00 | 18  0.00046  5.00571e+00
 19  0.00330  3.48369e+00 | 20  0.00037  4.31352e+00 | 21  0.00078  4.59568e+00
 22 -0.00029  2.69695e+00 | 23  0.00251  3.86129e+00 | 24  0.00069  5.02535e+00
 25 -0.00062  4.85316e+00 | 26 -0.00291  3.66019e+00 | 27 -0.00335  2.98941e+00
 28  0.00231  4.64320e+00 | 29 -0.00214  4.09720e+00 | 30 -0.00280  4.28228e+00
 31 -0.00130  5.08783e+00 | 32  0.00134  4.68956e+00 | 33  0.00212  5.40971e+00
 34  0.00284  4.73638e+00 | 35 -0.00022  4.40109e+00 | 36 -0.00217  3.15196e+00
 37 -0.00592  2.88501e+00 | 38 -0.00429  6.10815e+00 | 39  0.00190  2.65832e+00
 40 -0.01017  4.59081e+00 | 41 -0.00638  4.46974e+00 | 42 -0.00139  5.33352e+00
 43 -0.00468  3.44692e+00 | 44  0.01984  4.93349e+00 | 45 -0.00888  5.23802e+00
 46 -0.00719  3.07667e+00 | 47 -0.00464  2.02290e+00 | 48 -0.00561  4.01029e+00
 49 -0.01235  4.05430e+00 | 50  0.00594  4.39490e+00 | 51  0.01424  3.37938e+00
 52  0.00148  2.18864e+00 | 53 -0.00479  1.65341e+00 | 54 -0.01032  4.32130e+00
 55 -0.01276  3.71652e+00 | 56  0.03067  2.94593e+00 | 57 -0.00303  3.18137e+00
 58 -0.00862  2.95053e+00 | 59 -0.00888  2.16919e+00 | 60 -0.01149  2.41253e+00
 61 -0.00487  3.12093e+00 | 62 -0.00044  2.21208e+00 | 63 -0.00604  9.34288e-02
 64  0.00124  7.25118e-01 | 65 -0.00191  2.57658e-01 | 66  0.00195 -6.35730e-01
 67 -0.01089 -8.62534e-01 | 68 -0.00919 -1.98961e+00 | 69 -0.00366 -2.10443e+00
 70  0.00965 -5.40755e+00 | 71  0.00728 -5.15404e+00 | 72 -0.02484 -1.18321e+00
 73  0.01588 -9.36882e+00 | 74  0.00007 -1.00426e+01 | 75 -0.02751 -4.12846e+00
 76 -0.01555 -6.52315e+00 | 77  0.01872 -1.61077e+01 | 78  0.02483 -1.57285e+01
 79  0.03291 -1.75110e+01 | 80  0.02920 -1.59496e+01 | 81 -0.01156 -5.79895e+00
 82  0.02842 -1.49028e+01 | 83  0.00152 -8.78235e+00 | 84 -0.00494 -7.74004e+00
 85 -0.00353 -7.49032e+00 | 86 -0.00464 -8.15631e+00 | 87 -0.00213 -7.05103e+00
 88  0.00875 -9.65408e+00 | 89  0.00236 -8.09193e+00 | 90 -0.03887 -2.18156e+00
 91 -0.00829 -6.37637e+00 | 92 -0.02022 -3.47143e+00 | 93  0.00377 -7.73760e+00
 94 -0.02430 -2.87512e+00 | 95 -0.03713 -3.59079e-01 | 96  0.01455 -4.44519e+00
 97  0.00380 -3.58674e+00 | 98  0.04662 -7.31282e+00 | 99  0.06035 -5.77776e+00
100 -0.00415  2.15965e+00 |101 -0.00571  3.94467e+00 |102  0.03040  3.72764e+00
103 -0.00317  2.42149e+00 |104 -0.01025  4.33640e+00 |105 -0.00009  5.59690e+00
106 -0.00042  4.59121e+00 |107 -0.03462 -4.62858e+02 |108 -0.05356 -8.91835e+00
109 -0.41708  1.91566e+01 |110 -0.21596  2.83506e-01 |111  1.05385 -3.69832e-02
111 variables; iteration 120; function evaluation 192; phase 5
Function value 5.6252824e+02; maximum gradient component mag -8.0135e+01
Var    Value     Gradient |Var    Value     Gradient |Var    Value     Gradient
  1 -0.43396 -3.30891e+00 |  2 -0.43255 -3.90879e+01 |  3 -0.38287 -1.71981e+01
  4 -0.46673 -2.78353e-01 |  5 -0.31781 -5.97383e-01 |  6  0.88340 -1.35725e+01
  7  0.00034  3.25434e-01 |  8  0.00030  3.98746e-01 |  9  0.00038  4.91349e-01
 10  0.00044  5.60749e-01 | 11  0.00045  5.38681e-01 | 12 -0.00018  7.64841e-01
 13  0.00021  1.30764e+00 | 14  0.00061  1.83311e+00 | 15  0.00027  1.18180e+00
 16 -0.00031  1.57557e-01 | 17  0.00122  2.31653e+00 | 18 -0.00059 -5.45820e-01
 19  0.00537  2.69136e+00 | 20 -0.00048 -9.04568e-01 | 21  0.00194  2.45622e+00
 22  0.00171  1.84679e+00 | 23  0.00405  2.35915e+00 | 24  0.00104  1.73443e+00
 25  0.00021  2.27439e+00 | 26 -0.00152  1.91805e+00 | 27 -0.00172  1.66548e+00
 28  0.00322  2.54163e+00 | 29 -0.00081  2.53841e+00 | 30 -0.00189  2.08416e+00
 31 -0.00073  2.25912e+00 | 32  0.00259  2.99521e+00 | 33  0.00271  2.81296e+00
 34  0.00390  2.94641e+00 | 35  0.00090  2.67870e+00 | 36  0.00032  3.50373e+00
 37 -0.00316  3.63577e+00 | 38 -0.00396  2.62221e+00 | 39  0.00410  2.59243e+00
 40 -0.00917  1.97368e+00 | 41 -0.00576  1.62085e+00 | 42 -0.00083  2.71149e+00
 43 -0.00268  2.96536e+00 | 44  0.02045  2.18678e+00 | 45 -0.00894  8.84688e-01
 46 -0.00575  1.94077e+00 | 47 -0.00179  3.45502e+00 | 48 -0.00461  2.43895e+00
 49 -0.01155  1.51666e+00 | 50  0.00662  1.65983e+00 | 51  0.01478  1.46044e+00
 52  0.00287  1.99565e+00 | 53 -0.00310  1.86641e+00 | 54 -0.01048  5.67611e-01
 55 -0.01244  8.42651e-01 | 56  0.02994  2.68668e-01 | 57 -0.00277  1.62173e+00
 58 -0.00880  4.24893e-01 | 59 -0.00840  9.93580e-01 | 60 -0.01127  8.97706e-01
 61 -0.00567  5.74376e-01 | 62 -0.00186  4.80411e-02 | 63 -0.00544  1.35482e+00
 64  0.00042  2.64951e-01 | 65 -0.00277 -2.69507e-01 | 66  0.00051 -9.17524e-01
 67 -0.01133  8.41133e-01 | 68 -0.01027 -3.44010e-01 | 69 -0.00488 -8.40802e-01
 70  0.00862 -5.35241e-01 | 71  0.00580 -1.07840e+00 | 72 -0.02663 -1.07680e+00
 73  0.01403 -2.18517e+00 | 74 -0.00115 -1.85350e+00 | 75 -0.02894 -9.34907e-01
 76 -0.01689 -1.63033e+00 | 77  0.01763 -2.60893e+00 | 78  0.02379 -4.68395e+00
 79  0.03153 -5.74378e+00 | 80  0.02796 -6.46726e+00 | 81 -0.01302 -3.48222e+00
 82  0.02717 -7.67557e+00 | 83  0.00006 -4.86740e+00 | 84 -0.00610 -4.30431e+00
 85 -0.00495 -4.68880e+00 | 86 -0.00574 -4.26069e+00 | 87 -0.00364 -5.17672e+00
 88  0.00751 -6.67610e+00 | 89  0.00093 -5.75211e+00 | 90 -0.03980 -2.33022e+00
 91 -0.00944 -2.86251e+00 | 92 -0.02110 -3.23064e+00 | 93  0.00277 -2.54930e+00
 94 -0.02481 -5.72263e-01 | 95 -0.03793 -2.36407e-01 | 96  0.01399 -3.18067e+00
 97  0.00316  2.88969e-01 | 98  0.04621 -2.86578e+00 | 99  0.05966 -1.31702e+00
100 -0.00466 -1.04368e-01 |101 -0.00631  9.06456e-01 |102  0.03054  7.47690e-01
103 -0.00314  2.76985e+00 |104 -0.01008  6.55214e-01 |105 -0.00160 -8.12352e-01
106  0.00064  2.24684e+00 |107 -0.03818 -8.01352e+01 |108 -0.06328  3.40508e+00
109 -0.42234 -1.07912e+01 |110 -0.23357 -6.74695e-01 |111  1.59426 -2.34086e-03
111 variables; iteration 140; function evaluation 244; phase 5
Function value 5.6211095e+02; maximum gradient component mag -6.0975e+01
Var    Value     Gradient |Var    Value     Gradient |Var    Value     Gradient
  1 -0.43173 -6.09748e+01 |  2 -0.43358  2.43991e+01 |  3 -0.38334  2.13965e+01
  4 -0.46787 -1.29273e+01 |  5 -0.31493 -2.60527e+00 |  6  0.93073 -4.23043e-01
  7  0.00126  1.72721e+00 |  8 -0.00065 -1.06568e+00 |  9  0.00213  3.18805e+00
 10 -0.00069 -1.18125e+00 | 11 -0.00106 -1.78874e+00 | 12  0.00008 -4.03108e-02
 13  0.00155  2.15453e+00 | 14  0.00005 -2.42091e-01 | 15 -0.00013 -6.39087e-01
 16 -0.00003 -6.35379e-01 | 17  0.00086  5.51627e-01 | 18  0.00002 -8.33039e-01
 19  0.00482  6.33452e-01 | 20  0.00040 -7.89388e-01 | 21  0.00111 -1.75581e-02
 22  0.00104 -3.75082e-01 | 23  0.00333  7.81481e-02 | 24  0.00053 -1.89226e-01
 25 -0.00040  1.92863e-01 | 26 -0.00226 -4.23964e-01 | 27 -0.00251 -8.62480e-01
 28  0.00242  9.80906e-02 | 29 -0.00111  1.15198e+00 | 30 -0.00233  1.43942e-01
 31 -0.00199 -8.38210e-01 | 32  0.00134 -8.99686e-02 | 33  0.00144 -2.99271e-01
 34  0.00259 -1.50396e-01 | 35 -0.00030 -2.08494e-01 | 36 -0.00126 -6.39022e-02
 37 -0.00483 -2.96762e-01 | 38 -0.00478 -5.22555e-02 | 39  0.00328  1.35451e-01
 40 -0.00912  7.36956e-01 | 41 -0.00629 -4.80804e-01 | 42 -0.00181 -1.31415e-01
 43 -0.00417 -7.89456e-01 | 44  0.01987 -1.15738e-01 | 45 -0.00856  4.37229e-01
 46 -0.00643 -2.68710e-01 | 47 -0.00393 -1.26209e+00 | 48 -0.00598 -1.04043e+00
 49 -0.01211 -6.46233e-01 | 50  0.00672  3.84373e-01 | 51  0.01432 -4.48091e-01
 52  0.00180 -7.67431e-01 | 53 -0.00364 -4.56379e-02 | 54 -0.01007  3.13704e-01
 55 -0.01214  9.00644e-02 | 56  0.03005  9.10246e-02 | 57 -0.00342 -1.61090e-01
 58 -0.00806  7.88441e-01 | 59 -0.00853 -1.51515e-01 | 60 -0.01122 -4.47566e-01
 61 -0.00548  1.38668e-01 | 62 -0.00160 -2.15691e-01 | 63 -0.00675 -1.31566e+00
 64  0.00062  2.74820e-01 | 65 -0.00224  1.64724e-01 | 66  0.00092 -8.35039e-02
 67 -0.01202 -6.23125e-01 | 68 -0.01002  6.41196e-01 | 69 -0.00429  7.12771e-01
 70  0.00857 -1.20677e+00 | 71  0.00612  2.20857e-01 | 72 -0.02590  1.56732e+00
 73  0.01541  4.65704e+00 | 74 -0.00138 -1.28251e+00 | 75 -0.02831  8.15987e-01
 76 -0.01626  1.39149e+00 | 77  0.01840  1.69351e+00 | 78  0.02475  4.27757e+00
 79  0.03214 -9.49135e-01 | 80  0.02873  2.83343e+00 | 81 -0.01238 -2.41546e-01
 82  0.02812  3.74684e+00 | 83  0.00072 -6.34219e-01 | 84 -0.00526  2.32941e+00
 85 -0.00421 -6.00083e-01 | 86 -0.00500  2.53419e-02 | 87 -0.00293 -3.51161e-01
 88  0.00837  2.89129e+00 | 89  0.00160 -6.34152e-01 | 90 -0.03893  1.21223e+00
 91 -0.00879 -2.15429e+00 | 92 -0.02012  1.75654e+00 | 93  0.00345 -2.51093e+00
 94 -0.02413 -8.62689e-01 | 95 -0.03720 -2.31087e+00 | 96  0.01518  2.47492e+00
 97  0.00386 -3.13724e+00 | 98  0.04725  1.02985e+00 | 99  0.06039 -2.40207e+00
100 -0.00399  5.85420e-01 |101 -0.00555 -2.73844e+00 |102  0.03162 -2.62665e-01
103 -0.00281 -5.80863e+00 |104 -0.00957 -8.48413e-01 |105 -0.00085 -7.77453e-01
106 -0.00039 -5.45693e-01 |107 -0.04193 -5.88303e+00 |108 -0.05530 -2.84344e+00
109 -0.41768  8.16112e+00 |110 -0.26688  6.28516e+00 |111  2.18250  2.74139e+00
111 variables; iteration 160; function evaluation 266; phase 5
Function value 5.6168200e+02; maximum gradient component mag -6.4905e+00
Var    Value     Gradient |Var    Value     Gradient |Var    Value     Gradient
  1 -0.42449  3.24793e-01 |  2 -0.43095 -3.54959e+00 |  3 -0.39252 -2.30500e+00
  4 -0.46212  7.15928e-01 |  5 -0.32409  1.97773e-02 |  6  0.97555 -4.25053e-01
  7  0.00005 -1.34082e-01 |  8 -0.00002 -9.54892e-02 |  9  0.00015  1.33413e-01
 10 -0.00000 -1.27956e-01 | 11  0.00015  6.78179e-02 | 12 -0.00005 -9.72842e-02
 13 -0.00002 -1.20850e-01 | 14  0.00017  8.44725e-02 | 15  0.00022  4.29597e-02
 16  0.00030  1.69890e-02 | 17  0.00046  7.51410e-02 | 18  0.00050  3.05295e-02
 19  0.00429 -4.47840e-02 | 20  0.00087  5.12783e-02 | 21  0.00111  1.04098e-01
 22  0.00129  1.31956e-01 | 23  0.00326  1.24793e-01 | 24  0.00054  5.26985e-02
 25 -0.00070  6.91213e-02 | 26 -0.00212  1.39933e-01 | 27 -0.00193  1.70488e-01
 28  0.00258  1.52665e-01 | 29 -0.00214  1.24295e-01 | 30 -0.00232  1.55914e-01
 31 -0.00146  1.86307e-01 | 32  0.00145  1.94450e-01 | 33  0.00167  1.77770e-01
 34  0.00266  1.91457e-01 | 35 -0.00032  2.04160e-01 | 36 -0.00140  2.27637e-01
 37 -0.00474  1.66835e-01 | 38 -0.00475  1.48958e-01 | 39  0.00308  1.33251e-01
 40 -0.00943  9.59392e-02 | 41 -0.00601  9.06648e-02 | 42 -0.00167  1.26198e-01
 43 -0.00384  1.10254e-01 | 44  0.02003  5.69381e-02 | 45 -0.00876  6.04495e-02
 46 -0.00638  7.06991e-02 | 47 -0.00322  1.29010e-01 | 48 -0.00559  7.01602e-02
 49 -0.01196  3.56392e-02 | 50  0.00681 -2.87711e-03 | 51  0.01466  6.35017e-02
 52  0.00216  6.78069e-02 | 53 -0.00383  5.78139e-02 | 54 -0.01043 -9.04509e-03
 55 -0.01198  1.80962e-02 | 56  0.02990  7.02113e-02 | 57 -0.00367  1.63346e-02
 58 -0.00863  2.93156e-02 | 59 -0.00862 -3.94702e-03 | 60 -0.01095  6.58241e-03
 61 -0.00557  2.98439e-02 | 62 -0.00144 -4.71921e-02 | 63 -0.00639  2.77022e-02
 64  0.00024 -3.08770e-02 | 65 -0.00221 -2.81768e-02 | 66  0.00078 -3.36123e-02
 67 -0.01157 -6.12681e-02 | 68 -0.01053  2.27317e-02 | 69 -0.00467 -9.06391e-02
 70  0.00893 -7.79860e-02 | 71  0.00620 -3.67231e-02 | 72 -0.02657 -4.35853e-02
 73  0.01502 -5.08363e-02 | 74 -0.00114 -2.44712e-01 | 75 -0.02815 -5.24421e-02
 76 -0.01621 -9.95146e-02 | 77  0.01879 -1.47259e-01 | 78  0.02495 -2.42500e-01
 79  0.03189 -3.21213e-01 | 80  0.02862  5.82118e-04 | 81 -0.01273 -1.26722e-01
 82  0.02821  1.36623e-03 | 83  0.00046 -1.78612e-01 | 84 -0.00526 -4.27714e-02
 85 -0.00443 -2.06790e-01 | 86 -0.00461 -1.25599e-01 | 87 -0.00323 -2.25640e-01
 88  0.00835  9.56877e-02 | 89  0.00118 -5.92894e-02 | 90 -0.03881 -6.51401e-02
 91 -0.00903 -3.21377e-01 | 92 -0.01998 -6.81277e-02 | 93  0.00320 -3.22095e-01
 94 -0.02393 -3.47590e-02 | 95 -0.03732 -1.99436e-01 | 96  0.01549 -1.00090e-01
 97  0.00380 -4.17282e-01 | 98  0.04767 -4.71292e-02 | 99  0.06019 -2.85759e-01
100 -0.00410 -1.07441e-01 |101 -0.00569 -2.73388e-02 |102  0.03170  1.77446e-01
103 -0.00319  2.39871e-02 |104 -0.00933 -3.22299e-02 |105 -0.00051 -7.00829e-02
106 -0.00005  1.27611e-01 |107 -0.04347 -6.49046e+00 |108 -0.04532 -1.33071e-01
109 -0.41381  6.23701e-01 |110 -0.32634 -1.44237e-01 |111  2.24471 -7.26361e-01

 - final statistics:
111 variables; iteration 179; function evaluation 287
Function value 5.6168e+02; maximum gradient component mag 3.5681e-05
Exit code = 1;  converg criter 1.0000e-04
Var    Value     Gradient |Var    Value     Gradient |Var    Value     Gradient
  1 -0.42439  6.58790e-06 |  2 -0.43115  2.72461e-07 |  3 -0.39222 -1.09397e-05
  4 -0.46285  7.88521e-07 |  5 -0.32302  6.11950e-07 |  6  0.99990 -9.63779e-08
  7  0.00014 -5.56979e-07 |  8  0.00005 -9.54997e-07 |  9  0.00006  1.63544e-06
 10  0.00008 -1.28220e-06 | 11  0.00011 -9.22697e-08 | 12  0.00005 -8.02635e-07
 13  0.00009 -5.89717e-07 | 14  0.00015 -1.16524e-07 | 15  0.00023 -5.95981e-07
 16  0.00033 -6.33265e-07 | 17  0.00045 -7.20058e-08 | 18  0.00052 -6.91270e-07
 19  0.00436 -6.66599e-07 | 20  0.00087 -7.01112e-07 | 21  0.00108 -3.45927e-07
 22  0.00124 -5.02198e-07 | 23  0.00321 -6.21774e-07 | 24  0.00054 -8.89609e-07
 25 -0.00071 -1.61598e-06 | 26 -0.00217 -9.61701e-07 | 27 -0.00199 -1.09508e-06
 28  0.00250 -3.44533e-07 | 29 -0.00218  1.90352e-07 | 30 -0.00239 -8.86183e-07
 31 -0.00154 -1.45591e-06 | 32  0.00136 -5.34892e-07 | 33  0.00159 -5.46718e-07
 34  0.00257 -5.50254e-07 | 35 -0.00041 -9.10001e-07 | 36 -0.00150 -3.81138e-07
 37 -0.00480 -7.42229e-07 | 38 -0.00479 -5.96470e-07 | 39  0.00304 -4.33596e-07
 40 -0.00945 -5.86737e-07 | 41 -0.00603 -1.59236e-06 | 42 -0.00171  2.28931e-07
 43 -0.00386 -1.25438e-06 | 44  0.02002 -3.55910e-08 | 45 -0.00877 -1.48350e-08
 46 -0.00639 -1.08564e-06 | 47 -0.00326 -6.57272e-07 | 48 -0.00559 -1.24844e-06
 49 -0.01193 -3.76037e-07 | 50  0.00684  8.09360e-07 | 51  0.01466 -1.41770e-06
 52  0.00215 -2.16711e-07 | 53 -0.00383  3.67524e-07 | 54 -0.01038  1.11587e-06
 55 -0.01196  9.17241e-07 | 56  0.02988  2.96310e-07 | 57 -0.00364  7.89381e-08
 58 -0.00861  1.37178e-06 | 59 -0.00859  6.58205e-07 | 60 -0.01093  3.21305e-07
 61 -0.00557  3.59146e-07 | 62 -0.00140  1.29576e-07 | 63 -0.00639  6.19836e-07
 64  0.00027  1.45228e-06 | 65 -0.00219  1.28333e-06 | 66  0.00080  2.42794e-06
 67 -0.01155 -4.11535e-07 | 68 -0.01056  1.99279e-06 | 69 -0.00463  2.43553e-06
 70  0.00894  1.30206e-06 | 71  0.00619  2.55743e-06 | 72 -0.02656  1.80662e-06
 73  0.01500  2.50272e-06 | 74 -0.00111 -1.17701e-06 | 75 -0.02815  3.25650e-06
 76 -0.01619  1.03075e-06 | 77  0.01881  1.48490e-06 | 78  0.02499  2.20013e-06
 79  0.03189  2.42975e-06 | 80  0.02864  3.33151e-06 | 81 -0.01275  1.35410e-06
 82  0.02823  3.02891e-06 | 83  0.00045  1.17572e-06 | 84 -0.00523  9.26309e-07
 85 -0.00444  8.34661e-07 | 86 -0.00457 -8.29788e-07 | 87 -0.00324  3.62622e-07
 88  0.00837  1.00265e-06 | 89  0.00117  4.76152e-07 | 90 -0.03877 -2.58206e-07
 91 -0.00903 -2.00497e-06 | 92 -0.01993 -2.58352e-07 | 93  0.00321 -3.00978e-06
 94 -0.02388 -3.41445e-06 | 95 -0.03731 -1.75998e-06 | 96  0.01554 -1.41339e-06
 97  0.00381 -3.44786e-06 | 98  0.04772 -2.97642e-06 | 99  0.06020 -3.15667e-06
100 -0.00406 -3.09511e-07 |101 -0.00570 -5.05889e-07 |102  0.03175  4.16040e-07
103 -0.00320 -1.33048e-06 |104 -0.00926 -7.68685e-07 |105 -0.00042 -7.44179e-07
106 -0.00009  1.91012e-07 |107 -0.04369  3.56811e-05 |108 -0.04590  4.39414e-06
109 -0.41410 -1.59280e-05 |110 -0.32873 -2.38146e-06 |111  2.24577 -4.99907e-06
Warning: the following parameters had issues
  SR_parm[1] is within 0.1% of upper bound: 4.00000e+00 < 2.00000e+01 < 2.00000e+01


 - final statistics:
112 variables; iteration 0; function evaluation 0
Function value 5.6168e+02; maximum gradient component mag 3.5681e-05
Exit code = 0;  converg criter 1.0000e-04
Var    Value     Gradient |Var    Value     Gradient |Var    Value     Gradient
  1 -0.42439  6.58793e-06 |  2 -0.43115  2.72492e-07 |  3 -0.39222 -1.09397e-05
  4 -0.46285  7.88522e-07 |  5 -0.32302  6.11951e-07 |  6  0.99990 -9.63977e-08
  7  0.00014 -5.56979e-07 |  8  0.00005 -9.54997e-07 |  9  0.00006  1.63544e-06
 10  0.00008 -1.28220e-06 | 11  0.00011 -9.22697e-08 | 12  0.00005 -7.41265e-07
 13  0.00009 -5.28348e-07 | 14  0.00015 -5.51547e-08 | 15  0.00023 -5.34611e-07
 16  0.00033 -5.71895e-07 | 17  0.00045 -1.06360e-08 | 18  0.00052 -6.29901e-07
 19  0.00436 -6.05230e-07 | 20  0.00087 -6.39742e-07 | 21  0.00108 -2.84558e-07
 22  0.00124 -4.40829e-07 | 23  0.00321 -5.60406e-07 | 24  0.00054 -8.28239e-07
 25 -0.00071 -1.55461e-06 | 26 -0.00217 -9.00331e-07 | 27 -0.00199 -1.03372e-06
 28  0.00250 -2.83164e-07 | 29 -0.00218  2.51721e-07 | 30 -0.00239 -8.24814e-07
 31 -0.00154 -1.39454e-06 | 32  0.00136 -4.73522e-07 | 33  0.00159 -4.85348e-07
 34  0.00257 -4.88885e-07 | 35 -0.00041 -8.48631e-07 | 36 -0.00150 -3.19768e-07
 37 -0.00480 -6.80861e-07 | 38 -0.00479 -5.35102e-07 | 39  0.00304 -3.72227e-07
 40 -0.00945 -5.25374e-07 | 41 -0.00603 -1.53099e-06 | 42 -0.00171  2.90300e-07
 43 -0.00386 -1.19301e-06 | 44  0.02002  2.57482e-08 | 45 -0.00877  4.65289e-08
 46 -0.00639 -1.02427e-06 | 47 -0.00326 -5.95903e-07 | 48 -0.00559 -1.18707e-06
 49 -0.01193 -3.14678e-07 | 50  0.00684  8.70727e-07 | 51  0.01466 -1.35635e-06
 52  0.00215 -1.55342e-07 | 53 -0.00383  4.28893e-07 | 54 -0.01038  1.17724e-06
 55 -0.01196  9.78600e-07 | 56  0.02988  3.57612e-07 | 57 -0.00364  1.40307e-07
 58 -0.00861  1.43315e-06 | 59 -0.00859  7.19569e-07 | 60 -0.01093  3.82666e-07
 61 -0.00557  4.20514e-07 | 62 -0.00140  1.90946e-07 | 63 -0.00639  6.81202e-07
 64  0.00027  1.51365e-06 | 65 -0.00219  1.34470e-06 | 66  0.00080  2.48931e-06
 67 -0.01155 -3.50176e-07 | 68 -0.01056  2.05416e-06 | 69 -0.00463  2.49690e-06
 70  0.00894  1.36343e-06 | 71  0.00619  2.61880e-06 | 72 -0.02656  1.86794e-06
 73  0.01500  2.56407e-06 | 74 -0.00111 -1.11564e-06 | 75 -0.02815  3.31781e-06
 76 -0.01619  1.09210e-06 | 77  0.01881  1.54624e-06 | 78  0.02499  2.26145e-06
 79  0.03189  2.49104e-06 | 80  0.02864  3.39281e-06 | 81 -0.01275  1.41545e-06
 82  0.02823  3.09022e-06 | 83  0.00045  1.23709e-06 | 84 -0.00523  9.87674e-07
 85 -0.00444  8.96026e-07 | 86 -0.00457 -7.68421e-07 | 87 -0.00324  4.23989e-07
 88  0.00837  1.06402e-06 | 89  0.00117  5.37521e-07 | 90 -0.03877 -1.96951e-07
 91 -0.00903 -1.94361e-06 | 92 -0.01993 -1.97013e-07 | 93  0.00321 -2.94841e-06
 94 -0.02388 -3.35313e-06 | 95 -0.03731 -1.69872e-06 | 96  0.01554 -1.35204e-06
 97  0.00381 -3.38649e-06 | 98  0.04772 -2.91522e-06 | 99  0.06020 -3.09557e-06
100 -0.00406 -2.48143e-07 |101 -0.00570 -4.44522e-07 |102  0.03175  4.77333e-07
103 -0.00320 -1.26911e-06 |104 -0.00926 -7.07321e-07 |105 -0.00042 -6.82809e-07
106 -0.00009  2.52382e-07 |107  0.00000  0.00000e+00 |108 -0.04369  3.56811e-05
109 -0.04590  4.39414e-06 |110 -0.41410 -1.59280e-05 |111 -0.32873 -2.38146e-06
112 -0.24577  4.99907e-06 |
size of file gradfil1.tmp = 0
size of file gradfil2.tmp = 0
size of file varssave.tmp = 0
size of file cmpdiff.tmp = 0
