
Initial statistics: 1 variables; iteration 0; function evaluation 0; phase 1
Function value 9.8043791e+02; maximum gradient component mag 1.9020e+04
Var    Value     Gradient |Var    Value     Gradient |Var    Value     Gradient
  1  0.63197  1.90195e+04 |

 - final statistics:
1 variables; iteration 3; function evaluation 10
Function value 8.5094e+02; maximum gradient component mag -4.4862e+00
Exit code = 1;  converg criter 1.0000e+01
Var    Value     Gradient |Var    Value     Gradient |Var    Value     Gradient
  1  0.62279 -4.48616e+00 |

Initial statistics: 98 variables; iteration 0; function evaluation 0; phase 2
Function value 8.5094470e+02; maximum gradient component mag 1.3510e+03
Var    Value     Gradient |Var    Value     Gradient |Var    Value     Gradient
  1  0.62279 -4.48616e+00 |  2  0.00000 -1.75872e+01 |  3  0.00000 -1.77723e+01
  4  0.00000 -1.79973e+01 |  5  0.00000 -1.82702e+01 |  6  0.00000 -1.86008e+01
  7  0.00000 -1.90003e+01 |  8  0.00000 -1.94847e+01 |  9  0.00000 -2.00666e+01
 10  0.00000 -2.07647e+01 | 11  0.00000 -2.16578e+01 | 12  0.00000 -2.25914e+01
 13  0.00000 -2.37669e+01 | 14  0.00000 -2.51486e+01 | 15  0.00000 -2.67612e+01
 16  0.00000 -2.86282e+01 | 17  0.00000 -3.14007e+01 | 18  0.00000 -3.36009e+01
 19  0.00000 -3.97223e+01 | 20  0.00000 -4.03025e+01 | 21  0.00000 -4.31009e+01
 22  0.00000 -5.43472e+01 | 23  0.00000 -4.87420e+01 | 24  0.00000 -5.32181e+01
 25  0.00000 -6.00696e+01 | 26  0.00000 -6.49209e+01 | 27  0.00000 -7.14776e+01
 28  0.00000 -6.90381e+01 | 29  0.00000 -6.18865e+01 | 30  0.00000 -6.41218e+01
 31  0.00000 -8.34553e+01 | 32  0.00000 -9.33372e+01 | 33  0.00000 -9.87325e+01
 34  0.00000 -1.14027e+02 | 35  0.00000 -1.47079e+02 | 36  0.00000 -1.26616e+02
 37  0.00000 -1.44985e+02 | 38  0.00000 -1.63933e+02 | 39  0.00000 -1.82320e+02
 40  0.00000 -1.66573e+02 | 41  0.00000 -1.74177e+02 | 42  0.00000 -1.92090e+02
 43  0.00000 -2.05207e+02 | 44  0.00000 -2.48569e+02 | 45  0.00000 -2.76103e+02
 46  0.00000 -2.67630e+02 | 47  0.00000 -2.85431e+02 | 48  0.00000 -3.11097e+02
 49  0.00000 -3.58228e+02 | 50  0.00000 -3.28322e+02 | 51  0.00000 -3.86109e+02
 52  0.00000 -3.88138e+02 | 53  0.00000 -4.05205e+02 | 54  0.00000 -4.40731e+02
 55  0.00000 -4.53152e+02 | 56  0.00000 -5.96478e+02 | 57  0.00000 -4.62997e+02
 58  0.00000 -4.65589e+02 | 59  0.00000 -4.94510e+02 | 60  0.00000 -5.44463e+02
 61  0.00000 -4.55243e+02 | 62  0.00000 -3.97389e+02 | 63  0.00000 -5.35903e+02
 64  0.00000 -3.35075e+02 | 65  0.00000 -2.58816e+02 | 66  0.00000 -4.39736e+02
 67  0.00000 -2.64581e+02 | 68  0.00000  5.33849e+02 | 69  0.00000 -4.20324e+02
 70  0.00000 -4.88863e+01 | 71  0.00000  7.29317e+02 | 72  0.00000  5.06133e+02
 73  0.00000  1.04057e+03 | 74  0.00000  1.60519e+02 | 75  0.00000  1.35099e+03
 76  0.00000  9.54374e+02 | 77  0.00000  2.76999e+02 | 78  0.00000  9.25334e+02
 79  0.00000  8.90373e+02 | 80  0.00000  7.10157e+02 | 81  0.00000  1.10531e+03
 82  0.00000  8.76929e+02 | 83  0.00000  8.49203e+02 | 84  0.00000 -1.00637e+01
 85  0.00000  1.12598e+03 | 86  0.00000  1.69386e+02 | 87  0.00000  5.14060e+02
 88  0.00000  3.56548e+01 | 89  0.00000  1.29645e+01 | 90  0.00000  3.24314e+02
 91  0.00000  3.08146e+02 | 92  0.00000  1.59644e+02 | 93  0.00000 -7.00638e+02
 94  0.00000 -1.05972e+00 | 95  0.00000 -1.64268e+01 | 96  0.00000 -1.67422e+01
 97 -0.03546  1.59624e+02 | 98 -0.31026 -8.34074e+01 |

Intermediate statistics: 98 variables; iteration 20; function evaluation 27; phase 2
Function value 7.6156717e+02; maximum gradient component mag 5.1906e+03
Var    Value     Gradient |Var    Value     Gradient |Var    Value     Gradient
  1  0.59513  5.19060e+03 |  2 -0.01442 -1.61297e+02 |  3 -0.01438 -1.61350e+02
  4 -0.01434 -1.61414e+02 |  5 -0.01429 -1.61492e+02 |  6 -0.01423 -1.61586e+02
  7 -0.01415 -1.61700e+02 |  8 -0.01406 -1.61837e+02 |  9 -0.01395 -1.62001e+02
 10 -0.01382 -1.62197e+02 | 11 -0.01362 -1.62426e+02 | 12 -0.01347 -1.62705e+02
 13 -0.01324 -1.63028e+02 | 14 -0.01297 -1.63404e+02 | 15 -0.01265 -1.63839e+02
 16 -0.01227 -1.64334e+02 | 17 -0.01136 -1.64860e+02 | 18 -0.01104 -1.65499e+02
 19 -0.00784 -1.66006e+02 | 20 -0.00908 -1.66881e+02 | 21 -0.00878 -1.67708e+02
 22 -0.00163 -1.68150e+02 | 23 -0.00775 -1.69012e+02 | 24 -0.00666 -1.69983e+02
 25 -0.00371 -1.70937e+02 | 26 -0.00284 -1.72134e+02 | 27 -0.00058 -1.73336e+02
 28 -0.00734 -1.75000e+02 | 29 -0.01606 -1.76004e+02 | 30 -0.01800 -1.77344e+02
 31 -0.00750 -1.78843e+02 | 32 -0.00490 -1.80235e+02 | 33 -0.00758 -1.81967e+02
 34 -0.00495 -1.85203e+02 | 35  0.01086 -1.91285e+02 | 36 -0.00592 -1.87012e+02
 37  0.00040 -1.89149e+02 | 38  0.00712 -1.91985e+02 | 39  0.01214 -1.95216e+02
 40 -0.01163 -1.92409e+02 | 41 -0.01361 -1.91559e+02 | 42 -0.01157 -1.92474e+02
 43 -0.01506 -1.92645e+02 | 44 -0.00088 -1.99596e+02 | 45  0.00207 -2.02762e+02
 46 -0.00454 -1.93424e+02 | 47 -0.00675 -1.91261e+02 | 48 -0.00448 -1.91144e+02
 49  0.00893 -1.97807e+02 | 50 -0.01412 -1.76653e+02 | 51  0.01434 -1.85197e+02
 52  0.00335 -1.73279e+02 | 53  0.00166 -1.66073e+02 | 54  0.01010 -1.63015e+02
 55  0.00858 -1.50754e+02 | 56  0.08302 -2.20931e+02 | 57  0.01576 -1.38542e+02
 58  0.01835 -1.25678e+02 | 59  0.03126 -1.11789e+02 | 60  0.03806 -1.07329e+02
 61  0.02196 -8.71440e+01 | 62  0.00950 -7.78765e+01 | 63  0.03034 -1.08384e+02
 64  0.00642 -5.78137e+01 | 65  0.00171 -3.64949e+01 | 66  0.02154 -5.28682e+01
 67  0.01520  3.90642e+01 | 68 -0.01861  2.37037e+02 | 69  0.03030  4.97463e+02
 70  0.01606  3.42619e+02 | 71  0.00857  8.22050e+02 | 72  0.00638  5.54372e+02
 73  0.00688  1.05550e+03 | 74  0.02455  7.42706e+02 | 75  0.00819  1.31460e+03
 76  0.00481  8.62647e+02 | 77  0.02083  7.26527e+02 | 78  0.00193  7.60212e+02
 79  0.01014  9.14521e+02 | 80  0.00691  6.67337e+02 | 81  0.00239  8.38641e+02
 82 -0.00072  5.94036e+02 | 83 -0.00465  4.10717e+02 | 84  0.02112  3.23190e+02
 85 -0.01625  4.29027e+02 | 86  0.01070  1.54556e+02 | 87 -0.00978  2.50576e+01
 88  0.00780 -3.41016e+01 | 89 -0.00128 -2.35705e+02 | 90 -0.01894 -1.26414e+02
 91 -0.02412 -2.80171e+02 | 92 -0.01948 -2.05310e+02 | 93  0.03788 -2.40244e+02
 94 -0.02041 -1.64716e+02 | 95 -0.01471 -1.61127e+02 | 96 -0.01457 -1.61055e+02
 97 -0.01819  5.28545e+02 | 98 -0.31666 -5.81668e+01 |
98 variables; iteration 40; function evaluation 53; phase 2
Function value 6.4278420e+02; maximum gradient component mag 2.9581e+03
Var    Value     Gradient |Var    Value     Gradient |Var    Value     Gradient
  1  0.59832  2.95815e+03 |  2 -0.00462 -8.48189e+01 |  3 -0.00462 -8.47812e+01
  4 -0.00463 -8.47385e+01 |  5 -0.00463 -8.46913e+01 |  6 -0.00465 -8.46411e+01
  7 -0.00467 -8.45907e+01 |  8 -0.00469 -8.45249e+01 |  9 -0.00473 -8.44709e+01
 10 -0.00480 -8.44296e+01 | 11 -0.00470 -8.41563e+01 | 12 -0.00504 -8.44390e+01
 13 -0.00524 -8.45147e+01 | 14 -0.00552 -8.46823e+01 | 15 -0.00590 -8.49642e+01
 16 -0.00638 -8.53819e+01 | 17 -0.00488 -8.32684e+01 | 18 -0.00624 -8.48004e+01
 19  0.00377 -7.17388e+01 | 20 -0.00467 -8.24322e+01 | 21 -0.00695 -8.52067e+01
 22  0.01290 -6.01538e+01 | 23 -0.00361 -7.95584e+01 | 24 -0.00347 -7.91578e+01
 25  0.00145 -7.30035e+01 | 26  0.00089 -7.32991e+01 | 27  0.00241 -7.16694e+01
 28 -0.00831 -8.11143e+01 | 29 -0.02443 -9.84477e+01 | 30 -0.02340 -9.27353e+01
 31 -0.01397 -8.60382e+01 | 32 -0.00688 -7.57995e+01 | 33 -0.00449 -6.77596e+01
 34 -0.00085 -6.39983e+01 | 35  0.01471 -5.00326e+01 | 36 -0.00907 -7.39985e+01
 37  0.00186 -6.01038e+01 | 38  0.01244 -4.48027e+01 | 39  0.02133 -2.98560e+01
 40 -0.00959 -6.61085e+01 | 41 -0.01377 -6.84008e+01 | 42 -0.00796 -5.87145e+01
 43 -0.01415 -6.70240e+01 | 44 -0.00321 -6.70246e+01 | 45 -0.01242 -9.50441e+01
 46 -0.00708 -5.77885e+01 | 47 -0.00161 -4.47899e+01 | 48 -0.00076 -4.71875e+01
 49 -0.00154 -7.31462e+01 | 50  0.00552  2.57812e+00 | 51  0.02873  1.78243e+01
 52  0.02379  1.99180e+01 | 53  0.01826  1.19642e+01 | 54  0.02036  6.18668e+00
 55  0.03096  4.99308e+01 | 56  0.05512 -1.55261e+01 | 57  0.02774  4.48981e+01
 58  0.03545  8.71503e+01 | 59  0.04738  1.30595e+02 | 60  0.02354 -3.07479e+01
 61  0.01353  4.95720e+00 | 62  0.00589  2.83744e+01 | 63  0.02401 -1.86687e+01
 64 -0.00974 -4.36512e+01 | 65 -0.01248 -4.02916e+01 | 66  0.02093  3.56783e+01
 67  0.00661 -2.28561e+01 | 68 -0.02574  1.73799e+02 | 69  0.02133  6.63106e+01
 70  0.01181  1.22681e+02 | 71 -0.00437  3.29249e+02 | 72 -0.00184  2.13446e+02
 73 -0.00597  5.17141e+02 | 74  0.01564  2.02142e+02 | 75 -0.01074  5.89903e+02
 76 -0.00867  3.58063e+02 | 77  0.01401  2.57226e+02 | 78 -0.01057  3.07914e+02
 79 -0.01258  9.53906e+01 | 80 -0.00409  2.10331e+02 | 81 -0.01241  3.53308e+02
 82 -0.01384  1.90507e+02 | 83 -0.01534  1.45861e+02 | 84  0.01577  2.91528e+01
 85 -0.03011  1.99840e+02 | 86  0.00722  1.82029e+01 | 87 -0.01988 -9.35762e+01
 88  0.01151  5.60321e+01 | 89 -0.00307 -1.42414e+02 | 90 -0.02371 -9.37622e+01
 91 -0.02856 -1.92474e+02 | 92 -0.02724 -1.62831e+02 | 93  0.02843 -1.78808e+02
 94 -0.02567 -1.06100e+02 | 95 -0.00612 -8.69474e+01 | 96 -0.00464 -8.50205e+01
 97 -0.03985  1.97473e+02 | 98 -0.32801 -4.50205e+01 |
98 variables; iteration 60; function evaluation 84; phase 2
Function value 6.1518422e+02; maximum gradient component mag 9.4499e+02
Var    Value     Gradient |Var    Value     Gradient |Var    Value     Gradient
  1  0.60300  9.44985e+02 |  2 -0.00013 -2.56163e+01 |  3 -0.00022 -2.57551e+01
  4 -0.00032 -2.59085e+01 |  5 -0.00043 -2.60728e+01 |  6 -0.00054 -2.62405e+01
  7 -0.00064 -2.63991e+01 |  8 -0.00077 -2.65977e+01 |  9 -0.00087 -2.67409e+01
 10 -0.00092 -2.68272e+01 | 11 -0.00134 -2.75302e+01 | 12 -0.00084 -2.66920e+01
 13 -0.00068 -2.64422e+01 | 14 -0.00040 -2.60079e+01 | 15 -0.00001 -2.54224e+01
 16  0.00042 -2.47661e+01 | 17 -0.00139 -2.82187e+01 | 18 -0.00016 -2.61594e+01
 19 -0.00571 -3.82155e+01 | 20 -0.00140 -2.92728e+01 | 21 -0.00139 -2.89554e+01
 22  0.00196 -3.16658e+01 | 23 -0.00235 -3.10655e+01 | 24  0.00049 -2.73546e+01
 25 -0.00061 -3.15422e+01 | 26  0.00366 -2.54026e+01 | 27  0.00165 -2.98741e+01
 28 -0.00081 -2.58120e+01 | 29 -0.00746 -2.47557e+01 | 30 -0.01229 -2.97048e+01
 31 -0.00582 -3.06389e+01 | 32 -0.00663 -3.50929e+01 | 33 -0.01172 -4.07855e+01
 34  0.00422 -1.93546e+01 | 35  0.00361 -4.25117e+01 | 36 -0.00380 -2.86850e+01
 37 -0.01032 -4.68721e+01 | 38  0.00117 -3.50230e+01 | 39  0.02138 -8.12723e+00
 40 -0.01508 -4.28764e+01 | 41 -0.01436 -3.61760e+01 | 42 -0.00991 -3.18911e+01
 43 -0.01381 -3.52601e+01 | 44 -0.00280 -3.88404e+01 | 45  0.00016 -3.82669e+01
 46 -0.00526 -2.70722e+01 | 47 -0.00719 -2.91146e+01 | 48 -0.00431 -2.83769e+01
 49  0.00433 -3.64066e+01 | 50 -0.00683 -6.43483e+00 | 51  0.02185  1.10149e+01
 52  0.04312  6.86348e+01 | 53  0.00456 -3.08069e-01 | 54  0.02416  2.57183e+01
 55  0.03088  5.20177e+01 | 56  0.03647 -7.70912e+01 | 57  0.02683  4.73166e+01
 58  0.02865  6.22995e+01 | 59  0.02914  4.62859e+01 | 60  0.02904  3.82081e+00
 61  0.01908  4.39135e+01 | 62 -0.00318  1.14684e+01 | 63  0.03080  3.36114e+01
 64 -0.00379  1.26960e+01 | 65 -0.00766  1.68957e+01 | 66  0.02302  6.78580e+01
 67  0.01182  4.99861e+01 | 68 -0.03658  7.33031e+01 | 69  0.02373  6.34057e+01
 70  0.00845  1.86284e+01 | 71 -0.01253  1.02147e+02 | 72 -0.00562  9.69832e+01
 73 -0.02011  1.54476e+02 | 74  0.01404  5.12559e+01 | 75 -0.02645  2.06460e+02
 76 -0.01832  1.21172e+02 | 77  0.01043  3.51751e+01 | 78 -0.02084  7.92852e+01
 79 -0.01461  1.65449e+01 | 80 -0.00910  5.83528e+01 | 81 -0.02277  9.28531e+01
 82 -0.02097  3.70568e+01 | 83 -0.02151  2.89370e+01 | 84  0.01614 -1.33155e+01
 85 -0.04134  4.74795e+01 | 86  0.00678 -1.75179e+01 | 87 -0.01849 -4.09627e+01
 88  0.00825 -1.85048e+01 | 89  0.00084 -3.16126e+01 | 90 -0.01912 -1.24932e+01
 91 -0.02130 -5.57710e+01 | 92 -0.01378 -2.94814e+01 | 93  0.03694 -4.95840e+01
 94 -0.01732 -4.17652e+01 | 95  0.00596 -1.58381e+01 | 96  0.00038 -2.48305e+01
 97 -0.03851  5.23318e+01 | 98 -0.31191  5.33335e-01 |
Maximum number of function evaluations exceeded

 - final statistics:
98 variables; iteration 70; function evaluation 100
Function value 6.1140e+02; maximum gradient component mag 3.1475e+02
Exit code = 3;  converg criter 1.0000e+01
Var    Value     Gradient |Var    Value     Gradient |Var    Value     Gradient
  1  0.60367  3.14746e+02 |  2  0.00106 -7.18864e+00 |  3  0.00106 -7.20738e+00
  4  0.00106 -7.23750e+00 |  5  0.00104 -7.28458e+00 |  6  0.00101 -7.35658e+00
  7  0.00097 -7.46452e+00 |  8  0.00091 -7.59162e+00 |  9  0.00082 -7.78870e+00
 10  0.00068 -8.06325e+00 | 11  0.00073 -8.11601e+00 | 12  0.00022 -8.93135e+00
 13 -0.00010 -9.54294e+00 | 14 -0.00051 -1.02971e+01 | 15 -0.00098 -1.11635e+01
 16 -0.00146 -1.20778e+01 | 17 -0.00054 -1.15346e+01 | 18 -0.00147 -1.29972e+01
 19  0.00215 -1.12540e+01 | 20 -0.00053 -1.32740e+01 | 21 -0.00001 -1.24710e+01
 22 -0.00147 -2.27894e+01 | 23 -0.00010 -1.37262e+01 | 24 -0.00254 -1.82290e+01
 25 -0.00011 -1.76676e+01 | 26 -0.00074 -1.91870e+01 | 27  0.00116 -1.85240e+01
 28 -0.00314 -1.73939e+01 | 29 -0.01388 -2.32425e+01 | 30 -0.01494 -2.19592e+01
 31 -0.00922 -2.48161e+01 | 32 -0.00688 -2.47779e+01 | 33 -0.00911 -2.60814e+01
 34 -0.00091 -1.88896e+01 | 35  0.00688 -2.79456e+01 | 36 -0.00510 -2.17863e+01
 37 -0.00166 -2.52108e+01 | 38  0.00278 -2.58753e+01 | 39  0.01509 -1.50874e+01
 40 -0.01138 -2.85391e+01 | 41 -0.01134 -2.35305e+01 | 42 -0.00688 -2.02814e+01
 43 -0.01058 -2.30362e+01 | 44 -0.00160 -3.25831e+01 | 45 -0.00075 -3.76248e+01
 46 -0.00627 -2.47657e+01 | 47 -0.00258 -1.80621e+01 | 48 -0.00065 -1.92267e+01
 49  0.00620 -3.22800e+01 | 50 -0.00660 -3.88365e+00 | 51  0.02116  4.82309e+00
 52  0.03988  5.00480e+01 | 53  0.00126 -6.02888e+00 | 54  0.01921  9.28626e+00
 55  0.02490  2.90690e+01 | 56  0.03466 -9.49264e+01 | 57  0.02490  3.34743e+01
 58  0.03037  5.42554e+01 | 59  0.02504  2.39660e+01 | 60  0.03458  1.71672e+01
 61  0.01583  2.51282e+01 | 62 -0.00062  1.92361e+01 | 63  0.03382  4.13980e+01
 64 -0.00049  2.84352e+01 | 65 -0.00693  2.12962e+01 | 66  0.02384  6.36760e+01
 67  0.01381  6.13490e+01 | 68 -0.04258  1.82933e+01 | 69  0.02510  7.75319e+01
 70  0.01121  5.54472e+01 | 71 -0.01517  3.15150e+01 | 72 -0.00807  3.29141e+01
 73 -0.02611  2.94166e+01 | 74  0.01583  4.76170e+01 | 75 -0.03544  3.64752e+01
 76 -0.02280  2.75640e+01 | 77  0.01167  3.39220e+01 | 78 -0.02514  3.28222e+00
 79 -0.01418  1.51887e+01 | 80 -0.01013  2.37016e+01 | 81 -0.02629  1.59633e+01
 82 -0.02225  8.57212e+00 | 83 -0.02313  4.12549e+00 | 84  0.01732 -1.91867e+00
 85 -0.04610 -9.44301e+00 | 86  0.00957  2.92195e+01 | 87 -0.01612  8.80797e+00
 88  0.00944 -2.19344e-01 | 89  0.00235 -2.85206e+00 | 90 -0.01837  1.27859e-01
 91 -0.01790 -2.38660e+00 | 92 -0.01033  4.81468e+00 | 93  0.03963 -1.56749e+01
 94 -0.00664 -5.66038e+00 | 95 -0.00148 -1.07094e+01 | 96  0.00102 -7.17711e+00
 97 -0.03797  7.41839e+00 | 98 -0.31132  3.89382e+00 |

Initial statistics: 100 variables; iteration 0; function evaluation 0; phase 3
Function value 6.1140330e+02; maximum gradient component mag 3.1475e+02
Var    Value     Gradient |Var    Value     Gradient |Var    Value     Gradient
  1  0.60367  3.14746e+02 |  2  0.00106 -7.13275e+00 |  3  0.00106 -7.15149e+00
  4  0.00106 -7.18161e+00 |  5  0.00104 -7.22869e+00 |  6  0.00101 -7.30068e+00
  7  0.00097 -7.40862e+00 |  8  0.00091 -7.53573e+00 |  9  0.00082 -7.73280e+00
 10  0.00068 -8.00736e+00 | 11  0.00074 -8.06012e+00 | 12  0.00023 -8.87546e+00
 13 -0.00010 -9.48704e+00 | 14 -0.00051 -1.02412e+01 | 15 -0.00098 -1.11076e+01
 16 -0.00146 -1.20220e+01 | 17 -0.00054 -1.14787e+01 | 18 -0.00147 -1.29413e+01
 19  0.00215 -1.11981e+01 | 20 -0.00053 -1.32181e+01 | 21 -0.00001 -1.24151e+01
 22 -0.00147 -2.27335e+01 | 23 -0.00009 -1.36703e+01 | 24 -0.00254 -1.81731e+01
 25 -0.00011 -1.76117e+01 | 26 -0.00074 -1.91311e+01 | 27  0.00116 -1.84681e+01
 28 -0.00314 -1.73380e+01 | 29 -0.01388 -2.31867e+01 | 30 -0.01494 -2.19033e+01
 31 -0.00922 -2.47602e+01 | 32 -0.00688 -2.47220e+01 | 33 -0.00910 -2.60255e+01
 34 -0.00091 -1.88337e+01 | 35  0.00688 -2.78897e+01 | 36 -0.00510 -2.17304e+01
 37 -0.00166 -2.51549e+01 | 38  0.00278 -2.58194e+01 | 39  0.01509 -1.50315e+01
 40 -0.01138 -2.84832e+01 | 41 -0.01134 -2.34746e+01 | 42 -0.00688 -2.02255e+01
 43 -0.01058 -2.29803e+01 | 44 -0.00160 -3.25272e+01 | 45 -0.00075 -3.75690e+01
 46 -0.00627 -2.47098e+01 | 47 -0.00258 -1.80062e+01 | 48 -0.00064 -1.91708e+01
 49  0.00620 -3.22242e+01 | 50 -0.00660 -3.82776e+00 | 51  0.02116  4.87895e+00
 52  0.03989  5.01037e+01 | 53  0.00126 -5.97299e+00 | 54  0.01921  9.34213e+00
 55  0.02490  2.91249e+01 | 56  0.03466 -9.48706e+01 | 57  0.02491  3.35302e+01
 58  0.03037  5.43112e+01 | 59  0.02504  2.40219e+01 | 60  0.03458  1.72230e+01
 61  0.01583  2.51840e+01 | 62 -0.00062  1.92920e+01 | 63  0.03382  4.14538e+01
 64 -0.00049  2.84911e+01 | 65 -0.00693  2.13521e+01 | 66  0.02384  6.37319e+01
 67  0.01381  6.14049e+01 | 68 -0.04258  1.83490e+01 | 69  0.02510  7.75877e+01
 70  0.01121  5.55031e+01 | 71 -0.01517  3.15709e+01 | 72 -0.00807  3.29700e+01
 73 -0.02611  2.94724e+01 | 74  0.01583  4.76728e+01 | 75 -0.03544  3.65310e+01
 76 -0.02280  2.76199e+01 | 77  0.01167  3.39779e+01 | 78 -0.02514  3.33807e+00
 79 -0.01418  1.52445e+01 | 80 -0.01013  2.37575e+01 | 81 -0.02629  1.60192e+01
 82 -0.02225  8.62798e+00 | 83 -0.02313  4.18135e+00 | 84  0.01732 -1.86280e+00
 85 -0.04610 -9.38726e+00 | 86  0.00957  2.92754e+01 | 87 -0.01612  8.86385e+00
 88  0.00944 -1.63456e-01 | 89  0.00235 -2.79617e+00 | 90 -0.01837  1.83729e-01
 91 -0.01790 -2.33073e+00 | 92 -0.01033  4.87057e+00 | 93  0.03963 -1.56191e+01
 94 -0.00664 -5.60449e+00 | 95 -0.00148 -1.06535e+01 | 96  0.00102 -7.12121e+00
 97 -0.03797  7.41839e+00 | 98 -0.41581 -1.04527e+02 | 99 -0.31132  3.89382e+00
100 -0.25275 -3.39771e+01 |

Intermediate statistics: 100 variables; iteration 20; function evaluation 26; phase 3
Function value 6.0424380e+02; maximum gradient component mag -1.1853e+02
Var    Value     Gradient |Var    Value     Gradient |Var    Value     Gradient
  1  0.60953  4.36232e+01 |  2  0.00034  1.88191e+00 |  3  0.00035  1.90484e+00
  4  0.00036  1.93372e+00 |  5  0.00038  1.97022e+00 |  6  0.00040  2.01649e+00
  7  0.00042  2.07526e+00 |  8  0.00046  2.14557e+00 |  9  0.00050  2.23598e+00
 10  0.00055  2.34913e+00 | 11  0.00063  2.44687e+00 | 12  0.00071  2.66215e+00
 13  0.00081  2.86763e+00 | 14  0.00094  3.11065e+00 | 15  0.00108  3.38802e+00
 16  0.00124  3.69199e+00 | 17  0.00172  3.84979e+00 | 18  0.00182  4.26109e+00
 19  0.00409  4.39785e+00 | 20  0.00285  4.86380e+00 | 21  0.00272  5.07754e+00
 22  0.00873  6.66274e+00 | 23  0.00342  5.69161e+00 | 24  0.00422  6.49177e+00
 25  0.00608  6.91495e+00 | 26  0.00644  7.45744e+00 | 27  0.00765  7.92167e+00
 28  0.00248  7.90997e+00 | 29 -0.00440  8.22690e+00 | 30 -0.00540  8.38565e+00
 31  0.00109  9.39521e+00 | 32  0.00313  9.99794e+00 | 33  0.00177  1.02851e+01
 34  0.00511  1.07854e+01 | 35  0.02029  1.29630e+01 | 36  0.00258  1.10736e+01
 37  0.00790  1.21408e+01 | 38  0.01301  1.30745e+01 | 39  0.01787  1.47041e+01
 40  0.00278  1.19841e+01 | 41 -0.00273  1.16380e+01 | 42 -0.00049  1.22703e+01
 43 -0.00227  1.20324e+01 | 44  0.01128  1.34328e+01 | 45  0.01758  1.33221e+01
 46  0.00136  1.20364e+01 | 47  0.00051  1.21478e+01 | 48  0.00314  1.18005e+01
 49  0.01652  1.12810e+01 | 50 -0.00490  1.00491e+01 | 51  0.01154  1.40593e+01
 52  0.00571  2.23454e+01 | 53 -0.00338  9.01589e+00 | 54  0.00729  1.22111e+01
 55  0.00775  1.46261e+01 | 56  0.06005 -7.24787e+00 | 57  0.00214  1.48017e+01
 58  0.00521  1.93710e+01 | 59  0.01475  1.38761e+01 | 60  0.02845  9.74230e+00
 61  0.00786  9.93393e+00 | 62 -0.00990  7.32608e+00 | 63  0.02621  1.12154e+01
 64 -0.00937  6.15223e+00 | 65 -0.01185  6.02865e+00 | 66  0.01919  5.15857e+01
 67  0.01122  6.08616e+01 | 68 -0.04760  6.94365e+00 | 69  0.02460  1.04550e+02
 70  0.00761  3.62577e+01 | 71 -0.01799 -8.70163e+00 | 72 -0.01229 -4.08448e+00
 73 -0.02842 -5.03613e+00 | 74  0.01000 -4.98511e+01 | 75 -0.03685  2.34448e+01
 76 -0.02701 -1.72586e+00 | 77  0.00648 -1.13353e+02 | 78 -0.03078 -5.19926e+01
 79 -0.01797 -6.14741e+01 | 80 -0.01501 -3.65279e+01 | 81 -0.02881 -2.04661e+01
 82 -0.02703 -3.43520e+01 | 83 -0.02564 -3.40903e+01 | 84  0.01093 -1.18532e+02
 85 -0.04846 -2.66402e+01 | 86  0.00636  8.83020e+00 | 87 -0.01731  1.05071e+01
 88  0.00511 -2.96606e+01 | 89  0.00073 -3.11607e+00 | 90 -0.02179  6.86785e-01
 91 -0.01895  9.33523e+00 | 92 -0.01401  7.37290e+00 | 93  0.03818 -1.76380e+01
 94 -0.00995 -3.76791e-01 | 95 -0.00001  2.26503e+00 | 96  0.00030  1.78779e+00
 97  0.03332  1.42206e+01 | 98 -0.38438 -5.40025e+00 | 99 -0.29210  3.16933e+01
100 -0.24666 -7.03446e+01 |
100 variables; iteration 40; function evaluation 52; phase 3
Function value 6.0294552e+02; maximum gradient component mag 3.8202e+02
Var    Value     Gradient |Var    Value     Gradient |Var    Value     Gradient
  1  0.60912  3.82017e+02 |  2 -0.00005 -9.63332e+00 |  3 -0.00003 -9.60099e+00
  4 -0.00002 -9.56301e+00 |  5  0.00000 -9.51877e+00 |  6  0.00002 -9.46780e+00
  7  0.00004 -9.40985e+00 |  8  0.00007 -9.33893e+00 |  9  0.00009 -9.26144e+00
 10  0.00012 -9.17509e+00 | 11  0.00023 -9.02371e+00 | 12  0.00018 -8.97510e+00
 13  0.00021 -8.85573e+00 | 14  0.00025 -8.72185e+00 | 15  0.00030 -8.56406e+00
 16  0.00037 -8.36799e+00 | 17  0.00105 -7.85311e+00 | 18  0.00099 -7.64660e+00
 19  0.00373 -6.70645e+00 | 20  0.00224 -6.58595e+00 | 21  0.00241 -5.83487e+00
 22  0.00671 -6.79843e+00 | 23  0.00320 -5.00304e+00 | 24  0.00326 -5.26026e+00
 25  0.00556 -4.03993e+00 | 26  0.00582 -3.55218e+00 | 27  0.00747 -2.27059e+00
 28  0.00235 -2.14905e+00 | 29 -0.00498 -2.58794e+00 | 30 -0.00625 -2.51692e+00
 31  0.00075 -6.16020e-01 | 32  0.00303  5.29507e-01 | 33  0.00139  4.75464e-01
 34  0.00475  1.20667e+00 | 35  0.01864  2.33079e+00 | 36  0.00246  2.34896e+00
 37  0.00793  3.95382e+00 | 38  0.01224  4.10422e+00 | 39  0.01752  6.89319e+00
 40  0.00121  2.04509e+00 | 41 -0.00337  2.96911e+00 | 42 -0.00111  3.95342e+00
 43 -0.00315  3.48639e+00 | 44  0.01042  6.25871e+00 | 45  0.01654  8.02566e+00
 46  0.00031  4.70527e+00 | 47 -0.00021  5.59322e+00 | 48  0.00240  5.99036e+00
 49  0.01647  9.15925e+00 | 50 -0.00552  5.60849e+00 | 51  0.01231  1.40717e+01
 52  0.00856  2.57637e+01 | 53 -0.00304  6.91865e+00 | 54  0.00886  1.47712e+01
 55  0.00857  1.74465e+01 | 56  0.06145  1.15649e+01 | 57  0.00447  1.94802e+01
 58  0.00603  2.17487e+01 | 59  0.01475  1.60976e+01 | 60  0.02866  1.82759e+01
 61  0.00969  2.11232e+01 | 62 -0.00818  1.36290e+01 | 63  0.02696  2.65024e+01
 64 -0.00842  1.20229e+01 | 65 -0.01059  1.46069e+01 | 66  0.01746  3.74817e+01
 67  0.00893  3.24712e+01 | 68 -0.04715  4.46630e+00 | 69  0.02227  4.60769e+01
 70  0.00655  1.58218e+01 | 71 -0.01781  4.08437e+00 | 72 -0.01182  7.33172e+00
 73 -0.02858  1.54507e+00 | 74  0.01173  8.91447e-01 | 75 -0.03809  7.87771e+00
 76 -0.02681  1.49509e+00 | 77  0.00892 -1.78507e+01 | 78 -0.02876 -1.87017e+01
 79 -0.01653 -1.78413e+01 | 80 -0.01395 -8.31348e+00 | 81 -0.02860 -1.21836e+01
 82 -0.02596 -1.65403e+01 | 83 -0.02456 -6.46922e+00 | 84  0.01415 -2.58068e+01
 85 -0.04707 -1.25258e+01 | 86  0.00595  2.82650e+00 | 87 -0.01802 -7.43590e+00
 88  0.00634 -1.19967e+01 | 89  0.00057 -1.48924e+01 | 90 -0.02118 -4.98467e+00
 91 -0.01901 -5.42001e+00 | 92 -0.01429 -9.76664e+00 | 93  0.03902 -1.55059e+01
 94 -0.00968 -1.00581e+01 | 95 -0.00104 -1.03588e+01 | 96 -0.00012 -9.79376e+00
 97  0.02295  2.68918e+01 | 98 -0.38790 -3.31656e+01 | 99 -0.29453  1.15401e+01
100 -0.24500 -2.51082e+01 |
100 variables; iteration 60; function evaluation 82; phase 3
Function value 6.0261170e+02; maximum gradient component mag 5.2730e+02
Var    Value     Gradient |Var    Value     Gradient |Var    Value     Gradient
  1  0.60846  5.27299e+02 |  2  0.00050 -1.36007e+01 |  3  0.00051 -1.35797e+01
  4  0.00051 -1.35528e+01 |  5  0.00052 -1.35181e+01 |  6  0.00054 -1.34733e+01
  7  0.00056 -1.34158e+01 |  8  0.00058 -1.33509e+01 |  9  0.00060 -1.32662e+01
 10  0.00064 -1.31624e+01 | 11  0.00068 -1.30984e+01 | 12  0.00073 -1.28952e+01
 13  0.00078 -1.27395e+01 | 14  0.00083 -1.25746e+01 | 15  0.00087 -1.24116e+01
 16  0.00090 -1.22591e+01 | 17  0.00126 -1.22158e+01 | 18  0.00117 -1.20349e+01
 19  0.00345 -1.18012e+01 | 20  0.00201 -1.15714e+01 | 21  0.00184 -1.13194e+01
 22  0.00738 -1.03028e+01 | 23  0.00223 -1.10493e+01 | 24  0.00329 -9.73982e+00
 25  0.00506 -9.30069e+00 | 26  0.00544 -8.62741e+00 | 27  0.00647 -8.32643e+00
 28  0.00011 -1.02638e+01 | 29 -0.00668 -9.92049e+00 | 30 -0.00716 -8.25144e+00
 31 -0.00206 -9.66025e+00 | 32 -0.00040 -9.56847e+00 | 33 -0.00128 -8.37061e+00
 34  0.00346 -5.02209e+00 | 35  0.01683 -4.15016e+00 | 36  0.00055 -4.91048e+00
 37  0.00489 -5.14152e+00 | 38  0.01038 -2.75612e+00 | 39  0.01749  3.63273e+00
 40 -0.00021 -3.36492e+00 | 41 -0.00366 -9.49067e-01 | 42 -0.00131  3.29884e-01
 43 -0.00411 -1.36570e+00 | 44  0.00978  2.65112e+00 | 45  0.01493  3.43410e+00
 46  0.00040  2.20363e+00 | 47  0.00031  3.99987e+00 | 48  0.00269  4.46306e+00
 49  0.01699  9.36171e+00 | 50 -0.00587  3.41979e+00 | 51  0.01280  1.39037e+01
 52  0.00768  2.26575e+01 | 53 -0.00105  9.28550e+00 | 54  0.00961  1.56626e+01
 55  0.00736  1.49360e+01 | 56  0.06675  3.30234e+01 | 57  0.00416  1.84249e+01
 58  0.00730  2.47448e+01 | 59  0.01691  2.34537e+01 | 60  0.03135  3.26883e+01
 61  0.00889  1.79319e+01 | 62 -0.00905  8.93294e+00 | 63  0.02746  3.17907e+01
 64 -0.00836  1.07327e+01 | 65 -0.01110  9.47444e+00 | 66  0.01595  1.80042e+01
 67  0.00765  1.17008e+01 | 68 -0.04724 -1.04486e+00 | 69  0.02109  1.35691e+01
 70  0.00691  1.89070e+01 | 71 -0.01746  1.22547e+01 | 72 -0.01184  5.28301e+00
 73 -0.02875  5.33513e-01 | 74  0.01292  3.00320e+01 | 75 -0.03903 -6.87472e+00
 76 -0.02649  3.01720e+00 | 77  0.01023  2.90694e+01 | 78 -0.02666  1.08951e+01
 79 -0.01527  1.29044e+01 | 80 -0.01313  8.10104e+00 | 81 -0.02783  2.64047e+00
 82 -0.02469  2.90199e+00 | 83 -0.02436 -4.31273e+00 | 84  0.01563  1.48816e+01
 85 -0.04643 -7.85724e+00 | 86  0.00544 -1.03134e+01 | 87 -0.01784 -8.72082e+00
 88  0.00672 -9.14492e+00 | 89  0.00110 -9.05579e+00 | 90 -0.02141 -1.44710e+01
 91 -0.01929 -1.79134e+01 | 92 -0.01381 -1.38431e+01 | 93  0.03981 -9.66865e+00
 94 -0.00945 -1.37408e+01 | 95  0.00028 -1.31786e+01 | 96  0.00049 -1.36796e+01
 97  0.01683  3.17129e+01 | 98 -0.39020 -4.64318e+01 | 99 -0.29516 -4.68421e+00
100 -0.24270  1.24357e+01 |
Maximum number of function evaluations exceeded

 - final statistics:
100 variables; iteration 70; function evaluation 100
Function value 6.0239e+02; maximum gradient component mag 2.7825e+02
Exit code = 3;  converg criter 1.0000e+00
Var    Value     Gradient |Var    Value     Gradient |Var    Value     Gradient
  1  0.60714  2.78248e+02 |  2  0.00028 -7.45827e+00 |  3  0.00028 -7.44059e+00
  4  0.00029 -7.41506e+00 |  5  0.00031 -7.37861e+00 |  6  0.00034 -7.32716e+00
  7  0.00037 -7.25560e+00 |  8  0.00041 -7.18359e+00 |  9  0.00047 -7.07850e+00
 10  0.00054 -6.94811e+00 | 11  0.00055 -6.96480e+00 | 12  0.00070 -6.62865e+00
 13  0.00078 -6.47928e+00 | 14  0.00083 -6.36641e+00 | 15  0.00082 -6.33167e+00
 16  0.00075 -6.40411e+00 | 17  0.00086 -6.83610e+00 | 18  0.00061 -6.98607e+00
 19  0.00280 -7.00735e+00 | 20  0.00125 -7.04651e+00 | 21  0.00097 -7.07700e+00
 22  0.00691 -5.67152e+00 | 23  0.00089 -7.70810e+00 | 24  0.00289 -5.10528e+00
 25  0.00484 -4.59694e+00 | 26  0.00551 -3.65515e+00 | 27  0.00664 -3.43030e+00
 28 -0.00087 -7.14346e+00 | 29 -0.00731 -6.27039e+00 | 30 -0.00645 -2.34712e+00
 31 -0.00245 -6.15397e+00 | 32 -0.00112 -6.87515e+00 | 33 -0.00303 -7.59871e+00
 34  0.00276 -3.10956e+00 | 35  0.01405 -7.38799e+00 | 36  0.00138 -7.69624e-01
 37  0.00428 -4.05396e+00 | 38  0.00928 -3.24034e+00 | 39  0.01619  1.80123e+00
 40 -0.00015 -1.45047e+00 | 41 -0.00330  1.09067e+00 | 42 -0.00173  4.26835e-01
 43 -0.00429 -9.48898e-01 | 44  0.00922  5.60398e-01 | 45  0.01488  1.30498e+00
 46 -0.00089 -1.43576e+00 | 47 -0.00040  9.71523e-01 | 48  0.00364  3.69048e+00
 49  0.01749  5.33582e+00 | 50 -0.00644  1.46702e-01 | 51  0.01319  8.30588e+00
 52  0.00457  1.11473e+01 | 53 -0.00112  4.43848e+00 | 54  0.00934  8.17872e+00
 55  0.00635  6.40908e+00 | 56  0.07243  1.85901e+01 | 57  0.00242  7.64499e+00
 58  0.00666  1.43979e+01 | 59  0.01764  1.27459e+01 | 60  0.03227  1.85133e+01
 61  0.00980  9.68279e+00 | 62 -0.00824  3.78072e+00 | 63  0.02835  1.71770e+01
 64 -0.00762  4.81174e+00 | 65 -0.01029  4.82135e+00 | 66  0.01684  7.59614e+00
 67  0.00847  4.13839e+00 | 68 -0.04663 -9.61628e-01 | 69  0.02182  4.38653e+00
 70  0.00750  1.00437e+01 | 71 -0.01693  8.12844e+00 | 72 -0.01126  1.00405e+00
 73 -0.02820 -8.93091e-01 | 74  0.01339  1.85955e+01 | 75 -0.03843 -5.42028e+00
 76 -0.02599  1.66219e+00 | 77  0.01064  1.97027e+01 | 78 -0.02634  8.00016e+00
 79 -0.01487  1.01551e+01 | 80 -0.01272  5.95413e+00 | 81 -0.02742  3.59836e+00
 82 -0.02432  3.13929e+00 | 83 -0.02393 -1.54967e+00 | 84  0.01599  1.16444e+01
 85 -0.04608 -3.78887e+00 | 86  0.00594 -6.40740e+00 | 87 -0.01743 -3.71105e+00
 88  0.00713 -5.27558e+00 | 89  0.00147 -3.90008e+00 | 90 -0.02100 -8.04030e+00
 91 -0.01890 -1.05659e+01 | 92 -0.01349 -7.31275e+00 | 93  0.04008 -3.63689e+00
 94 -0.00908 -6.80112e+00 | 95  0.00066 -6.10310e+00 | 96  0.00027 -7.49521e+00
 97  0.01584  1.65407e+01 | 98 -0.39094 -2.53610e+01 | 99 -0.29511 -4.61243e+00
100 -0.24279  1.16479e+01 |

Initial statistics: 107 variables; iteration 0; function evaluation 0; phase 4
Function value 6.0238987e+02; maximum gradient component mag 2.7825e+02
Var    Value     Gradient |Var    Value     Gradient |Var    Value     Gradient
  1 -0.42263  1.02300e+02 |  2 -0.42263  5.88489e+01 |  3 -0.41094  1.11357e+02
  4  0.60714  2.78248e+02 |  5  0.00000  6.86879e-02 |  6  0.00000  1.52123e-02
  7  0.00000  1.85937e-02 |  8  0.00000  2.27454e-02 |  9  0.00028 -7.17890e+00
 10  0.00029 -7.16121e+00 | 11  0.00030 -7.13569e+00 | 12  0.00032 -7.09923e+00
 13  0.00034 -7.04778e+00 | 14  0.00038 -6.97622e+00 | 15  0.00042 -6.90421e+00
 16  0.00047 -6.79912e+00 | 17  0.00054 -6.66874e+00 | 18  0.00055 -6.68542e+00
 19  0.00071 -6.34928e+00 | 20  0.00078 -6.19991e+00 | 21  0.00083 -6.08704e+00
 22  0.00083 -6.05229e+00 | 23  0.00076 -6.12474e+00 | 24  0.00087 -6.55672e+00
 25  0.00062 -6.70669e+00 | 26  0.00281 -6.72798e+00 | 27  0.00125 -6.76713e+00
 28  0.00098 -6.79763e+00 | 29  0.00691 -5.39216e+00 | 30  0.00089 -7.42872e+00
 31  0.00290 -4.82590e+00 | 32  0.00484 -4.31757e+00 | 33  0.00552 -3.37579e+00
 34  0.00664 -3.15094e+00 | 35 -0.00086 -6.86408e+00 | 36 -0.00731 -5.99103e+00
 37 -0.00645 -2.06776e+00 | 38 -0.00244 -5.87460e+00 | 39 -0.00111 -6.59577e+00
 40 -0.00303 -7.31934e+00 | 41  0.00277 -2.83019e+00 | 42  0.01405 -7.10868e+00
 43  0.00139 -4.90249e-01 | 44  0.00428 -3.77459e+00 | 45  0.00928 -2.96099e+00
 46  0.01619  2.08051e+00 | 47 -0.00014 -1.17110e+00 | 48 -0.00329  1.37005e+00
 49 -0.00173  7.06210e-01 | 50 -0.00429 -6.69529e-01 | 51  0.00922  8.39744e-01
 52  0.01488  1.58428e+00 | 53 -0.00088 -1.15638e+00 | 54 -0.00040  1.25090e+00
 55  0.00364  3.96985e+00 | 56  0.01749  5.61509e+00 | 57 -0.00644  4.26063e-01
 58  0.01319  8.58519e+00 | 59  0.00458  1.14267e+01 | 60 -0.00112  4.71786e+00
 61  0.00935  8.45806e+00 | 62  0.00635  6.68844e+00 | 63  0.07243  1.88677e+01
 64  0.00242  7.92436e+00 | 65  0.00667  1.46773e+01 | 66  0.01765  1.30252e+01
 67  0.03228  1.87923e+01 | 68  0.00980  9.96213e+00 | 69 -0.00824  4.06007e+00
 70  0.02835  1.74561e+01 | 71 -0.00761  5.09110e+00 | 72 -0.01028  5.10069e+00
 73  0.01685  7.87541e+00 | 74  0.00847  4.41774e+00 | 75 -0.04662 -6.83001e-01
 76  0.02182  4.66574e+00 | 77  0.00751  1.03230e+01 | 78 -0.01692  8.40772e+00
 79 -0.01126  1.28338e+00 | 80 -0.02820 -6.13989e-01 | 81  0.01340  1.88748e+01
 82 -0.03843 -5.14141e+00 | 83 -0.02598  1.94133e+00 | 84  0.01065  1.99821e+01
 85 -0.02633  8.27930e+00 | 86 -0.01487  1.04344e+01 | 87 -0.01271  6.23345e+00
 88 -0.02741  3.87748e+00 | 89 -0.02431  3.41846e+00 | 90 -0.02392 -1.27049e+00
 91  0.01599  1.19237e+01 | 92 -0.04607 -3.51023e+00 | 93  0.00595 -6.12804e+00
 94 -0.01743 -3.43178e+00 | 95  0.00714 -4.99622e+00 | 96  0.00148 -3.62070e+00
 97 -0.02100 -7.76108e+00 | 98 -0.01889 -1.02866e+01 | 99 -0.01348 -7.03344e+00
100  0.04008 -3.35807e+00 |101 -0.00907 -6.52177e+00 |102  0.00067 -5.82372e+00
103  0.00027 -7.21584e+00 |104  0.01584  1.65407e+01 |105 -0.39094 -2.53610e+01
106 -0.29511 -4.61243e+00 |107 -0.24279  1.16479e+01 |

Intermediate statistics: 107 variables; iteration 20; function evaluation 24; phase 4
Function value 6.0185328e+02; maximum gradient component mag -3.0276e+02
Var    Value     Gradient |Var    Value     Gradient |Var    Value     Gradient
  1 -0.42348 -2.12728e+01 |  2 -0.41999 -3.02760e+02 |  3 -0.41576 -1.23957e+02
  4  0.60527  1.68501e+01 |  5 -0.00001 -2.68752e-02 |  6 -0.00000 -5.94777e-03
  7 -0.00000 -7.26107e-03 |  8 -0.00000 -8.86155e-03 |  9  0.00021 -1.05110e+00
 10  0.00021 -1.05286e+00 | 11  0.00021 -1.05479e+00 | 12  0.00021 -1.05685e+00
 13  0.00021 -1.05896e+00 | 14  0.00021 -1.06105e+00 | 15  0.00021 -1.06446e+00
 16  0.00021 -1.06762e+00 | 17  0.00020 -1.07130e+00 | 18  0.00024 -1.08515e+00
 19  0.00020 -1.08276e+00 | 20  0.00020 -1.09346e+00 | 21  0.00019 -1.10980e+00
 22  0.00019 -1.13440e+00 | 23  0.00018 -1.16917e+00 | 24  0.00059 -1.22858e+00
 25  0.00045 -1.27605e+00 | 26  0.00270 -1.33251e+00 | 27  0.00120 -1.37383e+00
 28  0.00100 -1.41766e+00 | 29  0.00617 -1.42339e+00 | 30  0.00147 -1.46220e+00
 31  0.00199 -1.33903e+00 | 32  0.00380 -1.31252e+00 | 33  0.00404 -1.25311e+00
 34  0.00522 -1.15780e+00 | 35  0.00006 -1.11386e+00 | 36 -0.00721 -1.39830e+00
 37 -0.00827 -1.26722e+00 | 38 -0.00198 -1.49869e+00 | 39 -0.00008 -1.55025e+00
 40 -0.00149 -1.49430e+00 | 41  0.00191 -1.66214e+00 | 42  0.01593 -1.57701e+00
 43 -0.00057 -1.47960e+00 | 44  0.00442 -1.87819e+00 | 45  0.00979 -1.64207e+00
 46  0.01441 -1.11224e+00 | 47 -0.00056 -7.70792e-01 | 48 -0.00526 -1.22110e+00
 49 -0.00315 -1.46369e+00 | 50 -0.00489 -1.58685e+00 | 51  0.00875 -1.98334e+00
 52  0.01479 -1.21881e+00 | 53  0.00003 -1.51320e+00 | 54 -0.00069 -1.59917e+00
 55  0.00236 -1.60549e+00 | 56  0.01697 -1.57910e+00 | 57 -0.00612 -1.45139e+00
 58  0.01120 -1.83482e+00 | 59  0.00001 -1.73254e+00 | 60 -0.00204 -1.95347e+00
 61  0.00741 -2.48587e+00 | 62  0.00545 -1.21288e+00 | 63  0.07855 -8.08092e-01
 64  0.00149 -1.13848e+00 | 65  0.00350 -9.82565e-01 | 66  0.01801 -1.88590e-01
 67  0.03257  2.20061e-01 | 68  0.01042  1.91368e-02 | 69 -0.00689  2.83471e-01
 70  0.02913 -1.33242e-01 | 71 -0.00652 -1.37513e+00 | 72 -0.00943 -6.69541e-01
 73  0.01773 -4.72272e+00 | 74  0.00950 -1.23659e+00 | 75 -0.04607 -8.11754e-01
 76  0.02306  1.02759e+00 | 77  0.00830  1.13547e+01 | 78 -0.01602  6.53277e+00
 79 -0.01061  2.59920e-01 | 80 -0.02717  5.28768e-01 | 81  0.01395  1.63924e+01
 82 -0.03738  7.18266e-01 | 83 -0.02560  8.84425e-01 | 84  0.01053 -1.31588e+01
 85 -0.02625  3.69318e+00 | 86 -0.01425  6.28823e+00 | 87 -0.01235  4.74167e+00
 88 -0.02690 -1.11694e+00 | 89 -0.02413  5.66329e-01 | 90 -0.02320 -2.48617e+00
 91  0.01592 -5.58882e+00 | 92 -0.04519  3.91008e+00 | 93  0.00667  6.92699e-01
 94 -0.01662 -2.50064e-01 | 95  0.00775  7.11988e-01 | 96  0.00228  7.69869e-02
 97 -0.02039 -4.36366e-01 | 98 -0.01767  1.89014e-01 | 99 -0.01281 -3.08450e-01
100  0.04132  4.57395e+00 |101 -0.00890 -4.32126e-01 |102 -0.00023 -9.35330e-01
103  0.00022 -1.04073e+00 |104  0.01896 -6.64731e+00 |105 -0.38962  1.65863e+01
106 -0.28490 -6.82843e+00 |107 -0.23782  1.60453e+01 |
107 variables; iteration 40; function evaluation 48; phase 4
Function value 6.0159665e+02; maximum gradient component mag -2.0551e+02
Var    Value     Gradient |Var    Value     Gradient |Var    Value     Gradient
  1 -0.42409 -1.37240e+01 |  2 -0.41820 -2.05512e+02 |  3 -0.41686 -8.13786e+01
  4  0.60405 -8.09285e+01 |  5 -0.00004 -7.60941e-02 |  6 -0.00001 -1.68329e-02
  7 -0.00001 -2.05298e-02 |  8 -0.00001 -2.50105e-02 |  9  0.00047  2.20490e+00
 10  0.00047  2.20339e+00 | 11  0.00047  2.20335e+00 | 12  0.00047  2.20576e+00
 13  0.00048  2.21194e+00 | 14  0.00049  2.22358e+00 | 15  0.00049  2.23127e+00
 16  0.00051  2.24880e+00 | 17  0.00052  2.27191e+00 | 18  0.00053  2.22336e+00
 19  0.00056  2.32362e+00 | 20  0.00057  2.33287e+00 | 21  0.00057  2.31693e+00
 22  0.00054  2.25654e+00 | 23  0.00048  2.13765e+00 | 24  0.00073  1.83824e+00
 25  0.00052  1.66507e+00 | 26  0.00268  1.48812e+00 | 27  0.00111  1.32624e+00
 28  0.00078  1.09400e+00 | 29  0.00626  1.53023e+00 | 30  0.00055 -6.20642e-02
 31  0.00202  1.44897e+00 | 32  0.00369  1.20863e+00 | 33  0.00430  1.75187e+00
 34  0.00573  2.05915e+00 | 35 -0.00037  5.29080e-01 | 36 -0.00674  1.93834e+00
 37 -0.00916 -2.49193e-01 | 38 -0.00160  1.53183e+00 | 39  0.00064  1.94930e+00
 40 -0.00027  2.69627e+00 | 41  0.00174  4.02660e-01 | 42  0.01674  1.73735e+00
 43 -0.00095  5.80879e-02 | 44  0.00503  1.10190e+00 | 45  0.00834 -1.93494e+00
 46  0.01529  1.35706e+00 | 47 -0.00096 -1.86897e-01 | 48 -0.00605 -9.64831e-01
 49 -0.00355 -6.15643e-01 | 50 -0.00479  4.27453e-02 | 51  0.00900 -3.92467e-01
 52  0.01453 -1.42764e+00 | 53  0.00055  8.20230e-02 | 54 -0.00055 -6.58559e-01
 55  0.00244 -9.90478e-01 | 56  0.01730 -1.52397e+00 | 57 -0.00621 -1.27941e+00
 58  0.01050 -3.44026e+00 | 59 -0.00078 -2.95417e+00 | 60 -0.00233 -2.37530e+00
 61  0.00715 -3.30129e+00 | 62  0.00425 -4.53890e+00 | 63  0.07772 -1.27416e+01
 64  0.00151 -2.50719e+00 | 65  0.00292 -4.14349e+00 | 66  0.01597 -9.00325e+00
 67  0.03337 -6.17094e-01 | 68  0.01056 -2.13431e+00 | 69 -0.00706 -2.51468e+00
 70  0.02896 -6.15201e+00 | 71 -0.00490  3.84579e+00 | 72 -0.01021 -7.32339e+00
 73  0.01813 -7.23256e+00 | 74  0.00977 -4.50996e+00 | 75 -0.04601 -1.82028e+00
 76  0.02293 -6.04031e+00 | 77  0.00818 -1.50696e+00 | 78 -0.01626 -7.14305e-01
 79 -0.01033  6.01613e-01 | 80 -0.02725 -5.55497e-01 | 81  0.01358 -6.77333e-01
 82 -0.03753 -1.30562e+00 | 83 -0.02576 -2.09232e+00 | 84  0.01070 -7.76102e+00
 85 -0.02616  2.67435e+00 | 86 -0.01444  2.43533e-02 | 87 -0.01240  7.00546e-01
 88 -0.02684  2.90530e+00 | 89 -0.02402  1.16241e+00 | 90 -0.02334 -2.32060e+00
 91  0.01610 -2.91199e+00 | 92 -0.04511  5.15249e+00 | 93  0.00679  3.21072e+00
 94 -0.01666  4.58614e-01 | 95  0.00790  1.36609e+00 | 96  0.00251  5.61704e+00
 97 -0.02027  2.26430e+00 | 98 -0.01789 -1.05573e+00 | 99 -0.01366 -4.20816e+00
100  0.04084  3.70726e+00 |101 -0.00837  3.18047e+00 |102  0.00020  2.57877e+00
103  0.00049  2.23133e+00 |104  0.01824 -7.96670e+00 |105 -0.39021  1.44849e+01
106 -0.28520 -3.22993e+00 |107 -0.23746  7.06334e+00 |
107 variables; iteration 60; function evaluation 78; phase 4
Function value 6.0151401e+02; maximum gradient component mag -2.1082e+01
Var    Value     Gradient |Var    Value     Gradient |Var    Value     Gradient
  1 -0.42377 -1.03622e+00 |  2 -0.41668 -2.10824e+01 |  3 -0.41881 -8.35642e+00
  4  0.60299 -1.87637e+01 |  5 -0.00002 -3.63587e-03 |  6 -0.00000 -8.02927e-04
  7 -0.00000 -9.81070e-04 |  8 -0.00001 -1.19937e-03 |  9  0.00026  4.81344e-01
 10  0.00026  4.80619e-01 | 11  0.00026  4.79595e-01 | 12  0.00025  4.78158e-01
 13  0.00025  4.76159e-01 | 14  0.00024  4.73409e-01 | 15  0.00024  4.70660e-01
 16  0.00023  4.66684e-01 | 17  0.00022  4.61778e-01 | 18  0.00025  4.61947e-01
 19  0.00020  4.49792e-01 | 20  0.00019  4.44161e-01 | 21  0.00018  4.39814e-01
 22  0.00017  4.38282e-01 | 23  0.00017  4.40686e-01 | 24  0.00060  4.55879e-01
 25  0.00048  4.63066e-01 | 26  0.00272  4.66194e-01 | 27  0.00123  4.71133e-01
 28  0.00103  4.74397e-01 | 29  0.00614  4.37606e-01 | 30  0.00150  4.28268e-01
 31  0.00195  4.09797e-01 | 32  0.00373  3.74136e-01 | 33  0.00396  3.84115e-01
 34  0.00514  3.55048e-01 | 35  0.00008  3.68042e-01 | 36 -0.00722  3.58282e-01
 37 -0.00837  3.93094e-01 | 38 -0.00197  3.47911e-01 | 39 -0.00002  3.53389e-01
 40 -0.00141  3.52128e-01 | 41  0.00183  2.55827e-01 | 42  0.01573 -1.50631e-01
 43 -0.00075  2.13085e-01 | 44  0.00440  2.42807e-01 | 45  0.00975  1.86730e-01
 46  0.01421  5.51842e-02 | 47 -0.00076  5.48486e-02 | 48 -0.00544  1.50225e-01
 49 -0.00330  1.15012e-01 | 50 -0.00500  1.04953e-01 | 51  0.00860 -6.52662e-02
 52  0.01448 -2.91372e-01 | 53 -0.00011 -1.28736e-01 | 54 -0.00083 -9.35432e-02
 55  0.00221 -8.15658e-02 | 56  0.01685 -1.27605e-01 | 57 -0.00639 -3.42586e-01
 58  0.01097 -3.76567e-01 | 59 -0.00024 -2.86786e-01 | 60 -0.00224 -3.46567e-01
 61  0.00715 -5.91616e-01 | 62  0.00519 -4.38394e-01 | 63  0.07785 -2.17271e+00
 64  0.00137 -4.31688e-01 | 65  0.00337 -4.79634e-01 | 66  0.01785 -7.57251e-01
 67  0.03218 -1.36110e+00 | 68  0.01036 -7.78256e-01 | 69 -0.00685 -5.35352e-01
 70  0.02921 -1.27393e+00 | 71 -0.00623 -5.90597e-01 | 72 -0.00905 -4.52193e-01
 73  0.01852 -1.05864e+00 | 74  0.01002 -9.32014e-01 | 75 -0.04568 -7.43039e-02
 76  0.02310 -1.29342e+00 | 77  0.00830 -1.02339e+00 | 78 -0.01611 -4.80128e-01
 79 -0.01033 -6.06112e-01 | 80 -0.02715 -3.94321e-01 | 81  0.01362 -1.03099e+00
 82 -0.03734 -1.12329e-01 | 83 -0.02555 -2.14338e-01 | 84  0.01103 -4.87569e-01
 85 -0.02624 -1.32576e-01 | 86 -0.01425 -1.51395e-01 | 87 -0.01229 -1.31297e-01
 88 -0.02680  1.02984e-01 | 89 -0.02388  1.03816e-01 | 90 -0.02305  2.63987e-01
 91  0.01639  1.97934e-02 | 92 -0.04513  2.64736e-01 | 93  0.00687  1.17477e-01
 94 -0.01638  3.47825e-01 | 95  0.00818  3.48578e-01 | 96  0.00263  3.91388e-01
 97 -0.02001  4.34593e-01 | 98 -0.01740  5.35488e-01 | 99 -0.01267  5.10592e-01
100  0.04116  5.81543e-01 |101 -0.00878  5.66240e-01 |102 -0.00026  4.40504e-01
103  0.00027  4.83105e-01 |104  0.01918 -1.16638e+00 |105 -0.39008  1.89535e+00
106 -0.28588  2.72086e-02 |107 -0.23885 -9.34561e-02 |
Maximum number of function evaluations exceeded

 - final statistics:
107 variables; iteration 75; function evaluation 100
Function value 6.0151e+02; maximum gradient component mag -7.2776e+00
Exit code = 3;  converg criter 1.0000e+00
Var    Value     Gradient |Var    Value     Gradient |Var    Value     Gradient
  1 -0.42375 -3.56051e-01 |  2 -0.41666 -7.27764e+00 |  3 -0.41885 -2.89225e+00
  4  0.60298 -6.58819e+00 |  5 -0.00002 -1.01454e-03 |  6 -0.00000 -2.25659e-04
  7 -0.00000 -2.75832e-04 |  8 -0.00001 -3.37228e-04 |  9  0.00026  1.63243e-01
 10  0.00025  1.63038e-01 | 11  0.00025  1.62752e-01 | 12  0.00025  1.62355e-01
 13  0.00025  1.61806e-01 | 14  0.00024  1.61057e-01 | 15  0.00024  1.60294e-01
 16  0.00023  1.59204e-01 | 17  0.00022  1.57859e-01 | 18  0.00025  1.57813e-01
 19  0.00020  1.54540e-01 | 20  0.00019  1.52913e-01 | 21  0.00018  1.51560e-01
 22  0.00018  1.50856e-01 | 23  0.00017  1.51099e-01 | 24  0.00059  1.54910e-01
 25  0.00046  1.55561e-01 | 26  0.00270  1.56217e-01 | 27  0.00121  1.58790e-01
 28  0.00101  1.63186e-01 | 29  0.00612  1.48191e-01 | 30  0.00151  1.76388e-01
 31  0.00195  1.53175e-01 | 32  0.00371  9.65279e-02 | 33  0.00396  1.34545e-01
 34  0.00515  1.52001e-01 | 35  0.00008  1.45227e-01 | 36 -0.00722  1.32410e-01
 37 -0.00841  1.01441e-01 | 38 -0.00198  1.13670e-01 | 39 -0.00006  9.99900e-02
 40 -0.00145  1.02955e-01 | 41  0.00183  1.07369e-01 | 42  0.01587  1.61286e-02
 43 -0.00072  1.11013e-01 | 44  0.00435  5.50079e-02 | 45  0.00972  6.63134e-02
 46  0.01424  5.17527e-02 | 47 -0.00075 -1.40196e-04 | 48 -0.00545  3.85066e-02
 49 -0.00332  2.35663e-02 | 50 -0.00503  1.13890e-02 | 51  0.00858 -4.50550e-02
 52  0.01453 -7.77113e-02 | 53 -0.00007 -1.47733e-02 | 54 -0.00084 -4.21624e-02
 55  0.00218 -4.97664e-02 | 56  0.01675 -9.42175e-02 | 57 -0.00631 -7.74772e-02
 58  0.01098 -1.02086e-01 | 59 -0.00023 -9.10079e-02 | 60 -0.00220 -9.71172e-02
 61  0.00722 -1.89562e-01 | 62  0.00520 -1.55080e-01 | 63  0.07779 -7.63510e-01
 64  0.00138 -1.52200e-01 | 65  0.00338 -1.53682e-01 | 66  0.01785 -2.64452e-01
 67  0.03221 -4.85792e-01 | 68  0.01037 -2.76323e-01 | 69 -0.00684 -1.93945e-01
 70  0.02921 -4.47207e-01 | 71 -0.00622 -2.08931e-01 | 72 -0.00905 -1.54191e-01
 73  0.01852 -3.69326e-01 | 74  0.01002 -3.25846e-01 | 75 -0.04569 -2.36266e-02
 76  0.02311 -4.49332e-01 | 77  0.00830 -3.60746e-01 | 78 -0.01611 -1.67355e-01
 79 -0.01033 -2.15306e-01 | 80 -0.02714 -1.55016e-01 | 81  0.01363 -3.55977e-01
 82 -0.03734 -3.39615e-02 | 83 -0.02555 -7.04324e-02 | 84  0.01103 -1.63774e-01
 85 -0.02624 -4.27839e-02 | 86 -0.01425 -5.02448e-02 | 87 -0.01229 -3.90927e-02
 88 -0.02680  3.88409e-02 | 89 -0.02388  4.08120e-02 | 90 -0.02305  9.93851e-02
 91  0.01639  1.09071e-02 | 92 -0.04512  8.73108e-02 | 93  0.00687  4.07161e-02
 94 -0.01638  1.19257e-01 | 95  0.00817  1.26894e-01 | 96  0.00263  1.35081e-01
 97 -0.02001  1.48569e-01 | 98 -0.01740  1.86868e-01 | 99 -0.01268  1.79962e-01
100  0.04115  2.13132e-01 |101 -0.00882  1.70977e-01 |102 -0.00023  1.67073e-01
103  0.00026  1.63773e-01 |104  0.01921 -4.10026e-01 |105 -0.39007  6.58498e-01
106 -0.28591  6.77858e-03 |107 -0.23888 -2.90587e-02 |

Initial statistics: 110 variables; iteration 0; function evaluation 0; phase 5
Function value 6.0151387e+02; maximum gradient component mag 8.4731e+02
Var    Value     Gradient |Var    Value     Gradient |Var    Value     Gradient
  1 -0.42375 -3.56051e-01 |  2 -0.41666 -7.27764e+00 |  3 -0.41885 -2.89225e+00
  4 -0.41222  1.19727e+02 |  5 -0.41222  5.97215e+01 |  6  0.60298 -6.58819e+00
  7 -0.00002 -1.01454e-03 |  8 -0.00000 -2.25659e-04 |  9 -0.00000 -2.75832e-04
 10 -0.00001 -3.37228e-04 | 11  0.00026  1.61560e-01 | 12  0.00025  1.61355e-01
 13  0.00025  1.61069e-01 | 14  0.00025  1.60672e-01 | 15  0.00025  1.60123e-01
 16  0.00024  1.59374e-01 | 17  0.00024  1.58611e-01 | 18  0.00023  1.57521e-01
 19  0.00022  1.56175e-01 | 20  0.00025  1.56130e-01 | 21  0.00020  1.52857e-01
 22  0.00019  1.51230e-01 | 23  0.00018  1.49877e-01 | 24  0.00018  1.49173e-01
 25  0.00017  1.49416e-01 | 26  0.00059  1.53227e-01 | 27  0.00046  1.53878e-01
 28  0.00270  1.54534e-01 | 29  0.00121  1.57107e-01 | 30  0.00101  1.61502e-01
 31  0.00612  1.46508e-01 | 32  0.00151  1.74705e-01 | 33  0.00195  1.51492e-01
 34  0.00371  9.48448e-02 | 35  0.00396  1.32862e-01 | 36  0.00515  1.50318e-01
 37  0.00008  1.43544e-01 | 38 -0.00722  1.30727e-01 | 39 -0.00841  9.97583e-02
 40 -0.00198  1.11987e-01 | 41 -0.00006  9.83069e-02 | 42 -0.00145  1.01272e-01
 43  0.00183  1.05686e-01 | 44  0.01587  1.44460e-02 | 45 -0.00072  1.09330e-01
 46  0.00435  5.33249e-02 | 47  0.00972  6.46305e-02 | 48  0.01424  5.00701e-02
 49 -0.00075 -1.82328e-03 | 50 -0.00545  3.68236e-02 | 51 -0.00332  2.18832e-02
 52 -0.00503  9.70598e-03 | 53  0.00858 -4.67379e-02 | 54  0.01453 -7.93940e-02
 55 -0.00007 -1.64564e-02 | 56 -0.00084 -4.38455e-02 | 57  0.00218 -5.14495e-02
 58  0.01675 -9.59000e-02 | 59 -0.00631 -7.91602e-02 | 60  0.01098 -1.03769e-01
 61 -0.00023 -9.26910e-02 | 62 -0.00220 -9.88003e-02 | 63  0.00722 -1.91245e-01
 64  0.00520 -1.56763e-01 | 65  0.07779 -7.65181e-01 | 66  0.00138 -1.53883e-01
 67  0.00338 -1.55365e-01 | 68  0.01785 -2.66134e-01 | 69  0.03221 -4.87473e-01
 70  0.01037 -2.78006e-01 | 71 -0.00684 -1.95628e-01 | 72  0.02921 -4.48889e-01
 73 -0.00622 -2.10614e-01 | 74 -0.00905 -1.55874e-01 | 75  0.01852 -3.71008e-01
 76  0.01002 -3.27529e-01 | 77 -0.04569 -2.53053e-02 | 78  0.02311 -4.51014e-01
 79  0.00830 -3.62429e-01 | 80 -0.01611 -1.69038e-01 | 81 -0.01033 -2.16989e-01
 82 -0.02714 -1.56697e-01 | 83  0.01363 -3.57660e-01 | 84 -0.03734 -3.56417e-02
 85 -0.02555 -7.21142e-02 | 86  0.01103 -1.65457e-01 | 87 -0.02624 -4.44655e-02
 88 -0.01425 -5.19275e-02 | 89 -0.01229 -4.07755e-02 | 90 -0.02680  3.71593e-02
 91 -0.02388  3.91301e-02 | 92 -0.02305  9.77032e-02 | 93  0.01639  9.22453e-03
 94 -0.04512  8.56320e-02 | 95  0.00687  3.90331e-02 | 96 -0.01638  1.17574e-01
 97  0.00817  1.25211e-01 | 98  0.00263  1.33398e-01 | 99 -0.02001  1.46886e-01
100 -0.01740  1.85186e-01 |101 -0.01268  1.78279e-01 |102  0.04115  2.11452e-01
103 -0.00882  1.69294e-01 |104 -0.00023  1.65390e-01 |105  0.00026  1.62090e-01
106  0.00000  8.47311e+02 |107  0.01921 -4.10026e-01 |108 -0.39007  6.58498e-01
109 -0.28591  6.77858e-03 |110 -0.23888 -2.90587e-02 |

Intermediate statistics: 110 variables; iteration 20; function evaluation 25; phase 5
Function value 5.9758819e+02; maximum gradient component mag 5.0728e+02
Var    Value     Gradient |Var    Value     Gradient |Var    Value     Gradient
  1 -0.41801 -9.35860e+01 |  2 -0.41066 -3.58393e+02 |  3 -0.43159 -2.01632e+02
  4 -0.42390  3.08633e+01 |  5 -0.47524  1.18036e+01 |  6  0.60367 -1.78509e+02
  7 -0.00003 -9.20887e-02 |  8 -0.00001 -2.03868e-02 |  9 -0.00001 -2.48826e-02
 10 -0.00001 -3.03564e-02 | 11  0.00016 -1.91823e-02 | 12  0.00015 -2.73614e-02
 13  0.00015 -3.73034e-02 | 14  0.00015 -4.93730e-02 | 15  0.00014 -6.39980e-02
 16  0.00013 -8.16780e-02 | 17  0.00012 -1.02923e-01 | 18  0.00011 -1.28487e-01
 19  0.00010 -1.59053e-01 | 20  0.00012 -1.94824e-01 | 21  0.00007 -2.38337e-01
 22  0.00005 -2.88715e-01 | 23  0.00003 -3.47194e-01 | 24  0.00000 -4.14431e-01
 25 -0.00001 -4.90954e-01 | 26  0.00039 -5.79806e-01 | 27  0.00025 -6.76073e-01
 28  0.00249 -8.12143e-01 | 29  0.00102 -9.11014e-01 | 30  0.00088 -1.03602e+00
 31  0.00610 -1.28976e+00 | 32  0.00154 -1.26227e+00 | 33  0.00196 -1.46016e+00
 34  0.00372 -1.71207e+00 | 35  0.00416 -1.88685e+00 | 36  0.00549 -2.08245e+00
 37 -0.00001 -1.97856e+00 | 38 -0.00749 -1.95027e+00 | 39 -0.00839 -2.26079e+00
 40 -0.00222 -2.89462e+00 | 41  0.00005 -3.08896e+00 | 42 -0.00227 -3.02441e+00
 43  0.00175 -3.98659e+00 | 44  0.01585 -4.16268e+00 | 45 -0.00141 -4.34493e+00
 46  0.00374 -4.94238e+00 | 47  0.00980 -5.74274e+00 | 48  0.01330 -6.22675e+00
 49 -0.00137 -4.22884e+00 | 50 -0.00662 -5.44486e+00 | 51 -0.00391 -5.83316e+00
 52 -0.00607 -5.99192e+00 | 53  0.00865 -9.32119e+00 | 54  0.01463 -7.72587e+00
 55 -0.00075 -8.30358e+00 | 56 -0.00127 -8.29418e+00 | 57  0.00112 -9.03239e+00
 58  0.01642 -1.22751e+01 | 59 -0.00654 -7.79414e+00 | 60  0.01024 -1.25343e+01
 61 -0.00046 -1.05024e+01 | 62 -0.00295 -1.04513e+01 | 63  0.00788 -1.33034e+01
 64  0.00538 -1.07049e+01 | 65  0.07608 -3.98463e+01 | 66  0.00060 -1.21624e+01
 67  0.00455 -1.34085e+01 | 68  0.01755 -1.64068e+01 | 69  0.03143 -2.12453e+01
 70  0.01054 -1.53648e+01 | 71 -0.00707 -1.15102e+01 | 72  0.02967 -2.19996e+01
 73 -0.00533 -1.34420e+01 | 74 -0.00819 -1.04507e+01 | 75  0.01907 -1.35572e+01
 76  0.01043 -8.86191e+00 | 77 -0.04446 -1.04540e+00 | 78  0.02214 -2.81177e+01
 79  0.00816 -2.85600e+00 | 80 -0.01616  8.26545e-01 | 81 -0.01003  3.23169e-01
 82 -0.02654  2.66140e+00 | 83  0.01335  2.27267e+01 | 84 -0.03792 -1.60526e+00
 85 -0.02429  4.45367e+00 | 86  0.01054  2.35591e+00 | 87 -0.02541  6.18476e+00
 88 -0.01401  3.44148e+00 | 89 -0.01248  6.45053e+00 | 90 -0.02651 -2.72785e+00
 91 -0.02351  3.11754e+00 | 92 -0.02275 -5.15812e+00 | 93  0.01574 -7.96580e+00
 94 -0.04464  8.96955e-01 | 95  0.00698 -5.36082e+00 | 96 -0.01570 -1.51267e+00
 97  0.00826 -1.46271e+00 | 98  0.00238 -7.09740e+00 | 99 -0.01984 -3.42845e+00
100 -0.01703 -4.75163e+00 |101 -0.01192  3.11264e+00 |102  0.04078 -6.82413e+00
103 -0.00882  2.74247e-01 |104 -0.00037 -5.94555e-02 |105  0.00017  1.80603e-02
106 -0.00106  5.07277e+02 |107  0.02708  2.86276e+00 |108 -0.38833 -1.93123e+01
109 -0.30294 -8.99577e+00 |110 -0.25102  2.11701e+00 |
110 variables; iteration 40; function evaluation 46; phase 5
Function value 5.9667261e+02; maximum gradient component mag 2.7579e+02
Var    Value     Gradient |Var    Value     Gradient |Var    Value     Gradient
  1 -0.41659 -2.74291e+01 |  2 -0.41084 -7.88251e+01 |  3 -0.43214 -4.48756e+01
  4 -0.42938  8.61856e+00 |  5 -0.48202  3.73487e+00 |  6  0.60521 -1.32002e+01
  7 -0.00001 -6.75386e-05 |  8 -0.00000  6.58443e-08 |  9 -0.00000  1.06670e-05
 10 -0.00000  3.42163e-05 | 11 -0.00003 -2.02215e+00 | 12 -0.00003 -2.02233e+00
 13 -0.00004 -2.02260e+00 | 14 -0.00004 -2.02297e+00 | 15 -0.00004 -2.02348e+00
 16 -0.00005 -2.02414e+00 | 17 -0.00005 -2.02548e+00 | 18 -0.00006 -2.02725e+00
 19 -0.00007 -2.02965e+00 | 20 -0.00004 -2.03020e+00 | 21 -0.00009 -2.03692e+00
 22 -0.00010 -2.04283e+00 | 23 -0.00011 -2.05010e+00 | 24 -0.00013 -2.05970e+00
 25 -0.00014 -2.07298e+00 | 26  0.00027 -2.08821e+00 | 27  0.00013 -2.11846e+00
 28  0.00238 -2.16667e+00 | 29  0.00090 -2.21763e+00 | 30  0.00076 -2.27977e+00
 31  0.00596 -2.43548e+00 | 32  0.00141 -2.39775e+00 | 33  0.00180 -2.49666e+00
 34  0.00363 -2.49724e+00 | 35  0.00410 -2.52482e+00 | 36  0.00500 -3.12018e+00
 37  0.00071 -1.02078e+00 | 38 -0.00761 -2.39429e+00 | 39 -0.00840 -2.50090e+00
 40 -0.00232 -2.80430e+00 | 41 -0.00062 -3.78836e+00 | 42 -0.00165 -1.25784e+00
 43  0.00182 -3.07910e+00 | 44  0.01531 -3.52783e+00 | 45 -0.00125 -2.71890e+00
 46  0.00404 -2.90744e+00 | 47  0.00827 -5.88877e+00 | 48  0.01360 -2.94199e+00
 49 -0.00290 -4.66395e+00 | 50 -0.00699 -3.67592e+00 | 51 -0.00473 -4.68594e+00
 52 -0.00634 -3.55185e+00 | 53  0.00953 -3.62593e+00 | 54  0.01446 -2.63722e+00
 55 -0.00101 -4.18108e+00 | 56 -0.00233 -5.44715e+00 | 57  0.00156 -3.04668e+00
 58  0.01598 -5.76225e+00 | 59 -0.00647 -2.62156e+00 | 60  0.00999 -5.28245e+00
 61 -0.00165 -6.09530e+00 | 62 -0.00073 -3.77242e-01 | 63  0.00842 -4.80564e+00
 64  0.00554 -2.51259e+00 | 65  0.07585 -1.05119e+01 | 66  0.00171 -2.13971e+00
 67  0.00501 -4.06781e+00 | 68  0.01755 -4.95968e+00 | 69  0.03060 -9.74978e+00
 70  0.01188  1.52719e-01 | 71 -0.00694 -2.10327e+00 | 72  0.02991 -4.91200e+00
 73 -0.00472 -2.45571e+00 | 74 -0.00835 -3.95183e+00 | 75  0.01836 -6.47953e+00
 76  0.01068  6.66428e+00 | 77 -0.04471 -2.37433e-01 | 78  0.02264 -6.72287e+00
 79  0.00713 -7.42332e+00 | 80 -0.01622  1.93547e+00 | 81 -0.01055  1.91554e+00
 82 -0.02640  3.13340e+00 | 83  0.01167  5.57305e+00 | 84 -0.03710  1.37304e+01
 85 -0.02516  1.55399e+00 | 86  0.01010 -4.79489e-01 | 87 -0.02551  1.17954e+01
 88 -0.01429 -2.30730e+00 | 89 -0.01282  8.61135e+00 | 90 -0.02631 -5.78244e+00
 91 -0.02399 -3.11961e+00 | 92 -0.02194 -5.89472e-03 | 93  0.01586 -2.84960e+00
 94 -0.04337  6.91005e+00 | 95  0.00742 -4.04676e+00 | 96 -0.01392  1.02551e+01
 97  0.00821 -1.56820e+01 | 98  0.00401 -1.34028e+00 | 99 -0.01846 -2.59248e+00
100 -0.01442  4.06643e+00 |101 -0.01026  2.05468e+00 |102  0.04369  4.66229e-01
103 -0.00927 -2.25104e+00 |104 -0.00059 -2.08165e+00 |105 -0.00003 -2.02163e+00
106 -0.00252  2.75791e+02 |107  0.03035  6.13454e+00 |108 -0.38623 -1.27964e+01
109 -0.29868 -3.86218e+00 |110 -0.24935  5.08461e+00 |
110 variables; iteration 60; function evaluation 75; phase 5
Function value 5.9639242e+02; maximum gradient component mag -2.3810e+02
Var    Value     Gradient |Var    Value     Gradient |Var    Value     Gradient
  1 -0.41460 -2.58247e+01 |  2 -0.41148 -2.38102e+02 |  3 -0.43236 -1.08260e+02
  4 -0.43209 -8.97874e-01 |  5 -0.48097 -2.64070e+00 |  6  0.60725 -1.92273e+02
  7 -0.00004 -7.62424e-02 |  8 -0.00001 -1.69209e-02 |  9 -0.00001 -2.06621e-02
 10 -0.00001 -2.52295e-02 | 11  0.00024  4.53594e+00 | 12  0.00024  4.52924e+00
 13  0.00024  4.52113e+00 | 14  0.00023  4.51133e+00 | 15  0.00022  4.49953e+00
 16  0.00022  4.48534e+00 | 17  0.00021  4.46820e+00 | 18  0.00020  4.44786e+00
 19  0.00019  4.42362e+00 | 20  0.00021  4.39330e+00 | 21  0.00015  4.36073e+00
 22  0.00013  4.32068e+00 | 23  0.00011  4.27370e+00 | 24  0.00009  4.21921e+00
 25  0.00007  4.15697e+00 | 26  0.00047  4.08206e+00 | 27  0.00033  4.00023e+00
 28  0.00258  3.89602e+00 | 29  0.00113  3.82572e+00 | 30  0.00101  3.74714e+00
 31  0.00631  3.63941e+00 | 32  0.00175  3.68345e+00 | 33  0.00225  3.69256e+00
 34  0.00421  3.79374e+00 | 35  0.00439  3.25310e+00 | 36  0.00509  2.19830e+00
 37 -0.00075  1.96361e+00 | 38 -0.00751  2.96164e+00 | 39 -0.00864  2.34896e+00
 40 -0.00218  2.46333e+00 | 41  0.00111  3.73874e+00 | 42 -0.00246  2.25329e+00
 43  0.00210  1.78459e+00 | 44  0.01536  7.81535e-01 | 45 -0.00171  9.95576e-01
 46  0.00444  1.80839e+00 | 47  0.01032  8.26823e-01 | 48  0.01238 -1.37939e+00
 49 -0.00227  4.12973e-01 | 50 -0.00683  4.35323e-01 | 51 -0.00410 -2.56604e-01
 52 -0.00550  1.08033e+00 | 53  0.01004 -8.55400e-01 | 54  0.01485 -3.88020e-02
 55 -0.00031 -4.25655e-01 | 56  0.00000  3.37025e-01 | 57  0.00124 -1.80266e+00
 58  0.01698 -4.11764e+00 | 59 -0.00702 -2.13387e+00 | 60  0.01076 -3.83223e+00
 61  0.00085 -1.62132e+00 | 62 -0.00319 -4.12704e+00 | 63  0.00843 -6.41214e+00
 64  0.00521 -3.76336e+00 | 65  0.07530 -2.62283e+01 | 66  0.00052 -5.00533e+00
 67  0.00492 -6.45279e+00 | 68  0.01573 -1.33862e+01 | 69  0.03122 -1.41104e+01
 70  0.00958 -1.12737e+01 | 71 -0.00709 -4.29919e+00 | 72  0.02989 -1.27282e+01
 73 -0.00543 -8.10716e+00 | 74 -0.00859 -6.78886e+00 | 75  0.01843 -1.24550e+01
 76  0.00968 -1.19628e+01 | 77 -0.04487 -1.64467e+00 | 78  0.02240 -1.42293e+01
 79  0.00728 -7.52572e+00 | 80 -0.01680 -3.67447e+00 | 81 -0.01122 -1.07032e+01
 82 -0.02692 -5.55706e-01 | 83  0.01113 -8.33908e+00 | 84 -0.03843  5.92146e-01
 85 -0.02549 -2.55548e+00 | 86  0.00963 -6.60774e+00 | 87 -0.02668 -2.75756e+00
 88 -0.01485 -4.47475e+00 | 89 -0.01314  4.15173e+00 | 90 -0.02655 -2.22330e+00
 91 -0.02368  3.68603e+00 | 92 -0.02219  1.45082e+00 | 93  0.01598 -2.09132e+00
 94 -0.04385  6.81588e+00 | 95  0.00782 -3.16985e-01 | 96 -0.01423  8.38614e+00
 97  0.00926  4.35307e-03 | 98  0.00422  4.56099e+00 | 99 -0.01760  6.07412e+00
100 -0.01449  5.19466e+00 |101 -0.00994  5.62842e+00 |102  0.04358  3.09021e+00
103 -0.00913  4.19808e+00 |104 -0.00018  4.69743e+00 |105  0.00026  4.56687e+00
106 -0.00370 -2.26136e+01 |107  0.02648 -1.14054e+01 |108 -0.38723  1.78857e+01
109 -0.31187  7.62065e-01 |110 -0.25637 -1.88436e+00 |
110 variables; iteration 80; function evaluation 110; phase 5
Function value 5.9629182e+02; maximum gradient component mag 8.7135e+01
Var    Value     Gradient |Var    Value     Gradient |Var    Value     Gradient
  1 -0.41010  1.46417e+01 |  2 -0.41266  8.71345e+01 |  3 -0.43280  3.92354e+01
  4 -0.43761  6.99394e+00 |  5 -0.47237  1.95935e+00 |  6  0.60932  6.47168e+01
  7 -0.00002  1.96080e-02 |  8 -0.00001  4.29571e-03 |  9 -0.00001  5.23082e-03
 10 -0.00001  6.35592e-03 | 11  0.00020 -1.25191e+00 | 12  0.00020 -1.25013e+00
 13  0.00020 -1.24794e+00 | 14  0.00020 -1.24526e+00 | 15  0.00019 -1.24197e+00
 16  0.00019 -1.23796e+00 | 17  0.00018 -1.23392e+00 | 18  0.00017 -1.22879e+00
 19  0.00016 -1.22294e+00 | 20  0.00019 -1.21742e+00 | 21  0.00014 -1.20977e+00
 22  0.00012 -1.20325e+00 | 23  0.00011 -1.19816e+00 | 24  0.00009 -1.19624e+00
 25  0.00007 -1.20056e+00 | 26  0.00046 -1.21779e+00 | 27  0.00030 -1.25614e+00
 28  0.00250 -1.33709e+00 | 29  0.00094 -1.48107e+00 | 30  0.00070 -1.64467e+00
 31  0.00613 -1.33311e+00 | 32  0.00190 -7.71739e-01 | 33  0.00257 -3.36680e-01
 34  0.00426 -4.19816e-01 | 35  0.00430 -8.87807e-01 | 36  0.00551 -7.94426e-01
 37  0.00144  1.90845e+00 | 38 -0.00710 -2.79392e-01 | 39 -0.00771  2.39282e-01
 40 -0.00176 -1.14615e-01 | 41 -0.00060 -1.91066e+00 | 42 -0.00167  7.21108e-01
 43  0.00215 -5.03954e-01 | 44  0.01497 -1.30484e+00 | 45 -0.00072  6.10897e-01
 46  0.00332 -1.54668e+00 | 47  0.01011  1.18908e-01 | 48  0.01407  2.04911e+00
 49 -0.00176  8.42288e-01 | 50 -0.00684 -1.73145e-01 | 51 -0.00307  1.43388e+00
 52 -0.00650 -6.25281e-01 | 53  0.00923 -3.98853e-01 | 54  0.01300 -4.85257e-01
 55 -0.00168 -5.90330e-01 | 56 -0.00179 -1.72209e-01 | 57  0.00122  1.40899e+00
 58  0.01688  2.52759e+00 | 59 -0.00669  1.96306e+00 | 60  0.01028  2.06328e+00
 61 -0.00041  1.49933e+00 | 62 -0.00259  1.92133e+00 | 63  0.00999  4.17272e+00
 64  0.00381  1.31248e+00 | 65  0.07582  1.09460e+01 | 66  0.00052  2.57272e+00
 67  0.00513  4.09191e+00 | 68  0.01850  8.17270e+00 | 69  0.03178  7.07122e+00
 70  0.01119  6.94834e+00 | 71 -0.00809  1.55173e+00 | 72  0.02958  5.25555e+00
 73 -0.00481  4.68113e+00 | 74 -0.00839  3.91919e+00 | 75  0.01856  6.29147e+00
 76  0.01011  6.74201e+00 | 77 -0.04447  1.68030e+00 | 78  0.02203  3.15750e+00
 79  0.00740  3.04688e+00 | 80 -0.01776 -1.10128e+00 | 81 -0.01048  7.24928e+00
 82 -0.02804 -3.44030e+00 | 83  0.01125  3.57724e+00 | 84 -0.03955 -3.68958e+00
 85 -0.02519  1.65977e+00 | 86  0.00894 -1.04851e+00 | 87 -0.02627  1.83873e+00
 88 -0.01551  2.54984e-01 | 89 -0.01339 -4.22138e+00 | 90 -0.02692  1.59938e-01
 91 -0.02357 -2.30276e+00 | 92 -0.02277 -3.23868e+00 | 93  0.01671  2.93245e+00
 94 -0.04499 -6.36460e+00 | 95  0.00896  3.15080e+00 | 96 -0.01508 -8.00708e+00
 97  0.01061  3.98388e+00 | 98  0.00403 -4.05454e+00 | 99 -0.01676 -1.58665e+00
100 -0.01492 -3.32851e+00 |101 -0.00916 -1.33573e+00 |102  0.04287 -3.71817e+00
103 -0.00838 -4.05278e-02 |104 -0.00039 -1.39099e+00 |105  0.00021 -1.25981e+00
106 -0.00519 -5.75640e+01 |107  0.02491  3.52566e+00 |108 -0.38773 -4.13318e+00
109 -0.35605  4.59367e+00 |110 -0.27707  7.96637e-01 |
110 variables; iteration 100; function evaluation 146; phase 5
Function value 5.9617291e+02; maximum gradient component mag 1.1744e+02
Var    Value     Gradient |Var    Value     Gradient |Var    Value     Gradient
  1 -0.40775  1.58398e+01 |  2 -0.41355  1.17445e+02 |  3 -0.43237  5.34351e+01
  4 -0.44582  1.27887e+00 |  5 -0.46370  1.41614e+00 |  6  0.61015  9.75524e+01
  7 -0.00005 -1.58849e-02 |  8 -0.00001 -3.47218e-03 |  9 -0.00001 -4.20451e-03
 10 -0.00002 -5.06276e-03 | 11  0.00031 -2.21400e+00 | 12  0.00030 -2.21650e+00
 13  0.00030 -2.21964e+00 | 14  0.00029 -2.22360e+00 | 15  0.00028 -2.22858e+00
 16  0.00027 -2.23483e+00 | 17  0.00026 -2.24164e+00 | 18  0.00024 -2.25066e+00
 19  0.00022 -2.26151e+00 | 20  0.00024 -2.27067e+00 | 21  0.00017 -2.28857e+00
 22  0.00014 -2.30368e+00 | 23  0.00011 -2.31870e+00 | 24  0.00008 -2.33192e+00
 25  0.00006 -2.34091e+00 | 26  0.00047 -2.33617e+00 | 27  0.00034 -2.32862e+00
 28  0.00263 -2.26443e+00 | 29  0.00128 -2.09373e+00 | 30  0.00109 -2.15285e+00
 31  0.00640 -2.01241e+00 | 32  0.00125 -2.83050e+00 | 33  0.00178 -2.58529e+00
 34  0.00441 -1.23958e+00 | 35  0.00441 -1.71768e+00 | 36  0.00573 -1.46254e+00
 37 -0.00000 -1.34692e+00 | 38 -0.00700 -1.09795e+00 | 39 -0.00785 -9.78925e-01
 40 -0.00251 -2.26443e+00 | 41  0.00083 -5.03106e-01 | 42 -0.00163 -7.74808e-02
 43  0.00221 -1.28478e+00 | 44  0.01556 -9.82631e-01 | 45 -0.00039  2.83465e-01
 46  0.00425 -9.61363e-01 | 47  0.01017 -5.31842e-01 | 48  0.01340  1.16873e-01
 49 -0.00193 -4.88544e-01 | 50 -0.00647 -4.16455e-01 | 51 -0.00320  3.81337e-01
 52 -0.00553  3.13232e-01 | 53  0.00984  1.52223e-01 | 54  0.01379  7.93836e-01
 55 -0.00128 -3.78220e-01 | 56 -0.00138 -4.26999e-03 | 57  0.00106  6.60075e-01
 58  0.01711  2.55496e+00 | 59 -0.00677  1.11944e+00 | 60  0.01078  2.72080e+00
 61 -0.00044  1.09001e+00 | 62 -0.00238  1.86446e+00 | 63  0.00959  3.12799e+00
 64  0.00412  1.80755e+00 | 65  0.07598  1.33662e+01 | 66  0.00019  1.80275e+00
 67  0.00459  2.94971e+00 | 68  0.01763  5.78227e+00 | 69  0.03175  6.82135e+00
 70  0.01061  4.97872e+00 | 71 -0.00785  2.39471e+00 | 72  0.02963  6.50293e+00
 73 -0.00510  3.59455e+00 | 74 -0.00856  3.22288e+00 | 75  0.01848  6.09571e+00
 76  0.01004  5.53591e+00 | 77 -0.04436  8.03836e-01 | 78  0.02173  6.42218e+00
 79  0.00757  4.40379e+00 | 80 -0.01808  1.75894e+00 | 81 -0.01057  4.41271e+00
 82 -0.02826  4.11099e-01 | 83  0.01133  4.64090e+00 | 84 -0.03976 -3.34972e-01
 85 -0.02505  1.40916e+00 | 86  0.00866  2.86659e+00 | 87 -0.02617  1.15803e+00
 88 -0.01598  1.38679e+00 | 89 -0.01314 -8.75803e-01 | 90 -0.02733  2.88460e-01
 91 -0.02337 -1.21153e+00 | 92 -0.02306 -1.21084e+00 | 93  0.01676  1.14022e+00
 94 -0.04511 -3.15569e+00 | 95  0.00903  1.83734e-01 | 96 -0.01525 -3.74361e+00
 97  0.01058 -1.06871e-01 | 98  0.00368 -2.61407e+00 | 99 -0.01666 -2.50414e+00
100 -0.01543 -2.88503e+00 |101 -0.00904 -2.32902e+00 |102  0.04211 -2.64251e+00
103 -0.00905 -2.35451e+00 |104 -0.00014 -2.12362e+00 |105  0.00033 -2.20350e+00
106 -0.00543  1.44651e+01 |107  0.02528  6.19134e+00 |108 -0.38772 -9.65771e+00
109 -0.39313  2.20452e-01 |110 -0.29328  2.46807e+00 |
110 variables; iteration 120; function evaluation 188; phase 5
Function value 5.9615941e+02; maximum gradient component mag 2.1290e+00
Var    Value     Gradient |Var    Value     Gradient |Var    Value     Gradient
  1 -0.40794  1.16019e-02 |  2 -0.41348  2.12905e+00 |  3 -0.43219  9.09159e-01
  4 -0.44613  2.76634e-02 |  5 -0.46368  4.23254e-02 |  6  0.60975  1.96459e+00
  7 -0.00001  1.66476e-03 |  8 -0.00000  3.89354e-04 |  9 -0.00000  5.62552e-04
 10 -0.00000  7.95587e-04 | 11  0.00022 -5.31987e-02 | 12  0.00021 -5.42641e-02
 13  0.00021 -5.52286e-02 | 14  0.00021 -5.56650e-02 | 15  0.00020 -5.51955e-02
 16  0.00020 -5.39727e-02 | 17  0.00020 -5.31217e-02 | 18  0.00019 -5.30459e-02
 19  0.00019 -5.32010e-02 | 20  0.00022 -5.14739e-02 | 21  0.00017 -4.91409e-02
 22  0.00016 -5.18312e-02 | 23  0.00015 -5.04209e-02 | 24  0.00015 -3.96371e-02
 25  0.00015 -4.91801e-02 | 26  0.00057 -4.62357e-02 | 27  0.00046 -4.23655e-02
 28  0.00274 -3.92209e-02 | 29  0.00129 -4.26244e-02 | 30  0.00117 -4.79357e-02
 31  0.00644 -4.03054e-02 | 32  0.00182 -3.76391e-02 | 33  0.00224 -3.57579e-02
 34  0.00401 -4.36936e-02 | 35  0.00439 -3.64110e-02 | 36  0.00561 -3.79007e-02
 37 -0.00017 -4.95427e-02 | 38 -0.00732 -3.83187e-02 | 39 -0.00821 -4.31752e-02
 40 -0.00198 -2.43270e-02 | 41  0.00035 -3.22213e-02 | 42 -0.00232 -3.72242e-02
 43  0.00231 -2.55796e-02 | 44  0.01571 -1.00757e-02 | 45 -0.00113 -3.14189e-02
 46  0.00440 -1.01946e-02 | 47  0.01026 -9.25820e-03 | 48  0.01326 -1.12296e-02
 49 -0.00190 -1.40744e-02 | 50 -0.00649 -1.66076e-02 | 51 -0.00354 -1.14371e-02
 52 -0.00580 -3.31104e-03 | 53  0.01006  2.07010e-02 | 54  0.01389  2.54921e-02
 55 -0.00072  2.19693e-02 | 56 -0.00096  2.75636e-02 | 57  0.00127  2.15993e-02
 58  0.01701  4.28938e-02 | 59 -0.00682  1.26306e-02 | 60  0.01055  4.05382e-02
 61 -0.00004  3.76432e-02 | 62 -0.00244  2.62899e-02 | 63  0.00935  3.44952e-02
 64  0.00451  5.47962e-02 | 65  0.07591  2.49523e-01 | 66  0.00060  5.08674e-02
 67  0.00469  4.69252e-02 | 68  0.01728  5.25674e-02 | 69  0.03175  1.12818e-01
 70  0.01047  5.01938e-02 | 71 -0.00763  5.24153e-02 | 72  0.02979  1.26288e-01
 73 -0.00512  4.50478e-02 | 74 -0.00850  4.24128e-02 | 75  0.01858  9.91638e-02
 76  0.01011  7.97334e-02 | 77 -0.04428  6.08549e-03 | 78  0.02169  1.04973e-01
 79  0.00772  1.00549e-01 | 80 -0.01804  4.48390e-02 | 81 -0.01056  1.72272e-02
 82 -0.02823  3.99571e-02 | 83  0.01144  9.26031e-02 | 84 -0.03970  2.62539e-02
 85 -0.02495  2.26301e-02 | 86  0.00867  5.89495e-02 | 87 -0.02609  9.63211e-03
 88 -0.01601 -7.03866e-03 | 89 -0.01298  5.38333e-02 | 90 -0.02741 -3.85279e-02
 91 -0.02326  1.33504e-03 | 92 -0.02312 -2.65162e-02 | 93  0.01675 -1.33048e-02
 94 -0.04507 -1.89328e-02 | 95  0.00896 -4.32019e-02 | 96 -0.01527 -9.04278e-03
 97  0.01047 -7.01605e-02 | 98  0.00355 -4.88019e-02 | 99 -0.01672 -4.61686e-02
100 -0.01562 -6.41120e-02 |101 -0.00917 -3.86471e-02 |102  0.04182 -6.44309e-02
103 -0.00905 -5.69687e-02 |104 -0.00030 -4.93336e-02 |105  0.00022 -5.40521e-02
106 -0.00522  1.22503e+00 |107  0.02530  1.46071e-01 |108 -0.38776 -2.41964e-01
109 -0.39785  1.45974e-02 |110 -0.29513 -4.13074e-02 |
  ic > imax  in fminim is answer attained ?
Var    Value     Gradient |Var    Value     Gradient |Var    Value     Gradient
  1 -0.40793  3.96581e-05 |  2 -0.41348 -1.90346e-03 |  3 -0.43220 -8.20116e-04
  4 -0.44612 -6.24640e-07 |  5 -0.46372 -2.81788e-05 |  6  0.60974 -1.73145e-03
  7 -0.00002  1.39563e-06 |  8 -0.00000  4.28999e-07 |  9 -0.00000  6.90636e-07
 10 -0.00001  7.09824e-07 | 11  0.00022  4.18260e-05 | 12  0.00021  4.14747e-05
 13  0.00021  4.17874e-05 | 14  0.00021  4.06414e-05 | 15  0.00021  3.90686e-05
 16  0.00020  3.92504e-05 | 17  0.00020  3.88514e-05 | 18  0.00019  3.77073e-05
 19  0.00019  3.87055e-05 | 20  0.00022  3.91316e-05 | 21  0.00017  4.37648e-05
 22  0.00016  4.47219e-05 | 23  0.00015  4.84610e-05 | 24  0.00015  4.03182e-05
 25  0.00015  4.47059e-05 | 26  0.00057  4.09070e-05 | 27  0.00046  3.21963e-05
 28  0.00274  5.10963e-05 | 29  0.00129  3.58413e-05 | 30  0.00117  2.43860e-05
 31  0.00643  2.68914e-05 | 32  0.00182  4.24295e-05 | 33  0.00223  3.99867e-05
 34  0.00401  2.97140e-05 | 35  0.00439  3.33023e-05 | 36  0.00561  2.99413e-05
 37 -0.00016  2.87630e-05 | 38 -0.00732  3.00927e-05 | 39 -0.00821  3.01423e-05
 40 -0.00199  2.84896e-05 | 41  0.00036  1.99566e-05 | 42 -0.00231  1.47131e-05
 43  0.00231  2.52298e-05 | 44  0.01570  1.45925e-05 | 45 -0.00113  3.14645e-06
 46  0.00439  9.34084e-06 | 47  0.01026  6.25941e-06 | 48  0.01326  3.54283e-06
 49 -0.00191  8.48483e-06 | 50 -0.00649  1.74407e-05 | 51 -0.00354 -2.46416e-06
 52 -0.00580 -5.10498e-06 | 53  0.01006 -7.54523e-06 | 54  0.01389 -1.78558e-05
 55 -0.00073  2.49434e-06 | 56 -0.00097 -1.78979e-05 | 57  0.00127 -1.44634e-05
 58  0.01701 -4.39210e-05 | 59 -0.00682 -1.76889e-05 | 60  0.01055 -4.12457e-05
 61 -0.00004 -1.80915e-05 | 62 -0.00244 -2.91549e-05 | 63  0.00936 -4.50266e-05
 64  0.00450 -3.70268e-05 | 65  0.07591 -2.26186e-04 | 66  0.00060 -3.99458e-05
 67  0.00469 -4.40495e-05 | 68  0.01729 -8.03693e-05 | 69  0.03175 -1.11090e-04
 70  0.01047 -6.90257e-05 | 71 -0.00763 -4.13621e-05 | 72  0.02979 -1.08318e-04
 73 -0.00511 -5.17984e-05 | 74 -0.00849 -4.62744e-05 | 75  0.01859 -9.37181e-05
 76  0.01011 -8.04619e-05 | 77 -0.04428 -6.22815e-06 | 78  0.02170 -1.19615e-04
 79  0.00772 -7.22853e-05 | 80 -0.01804 -4.40565e-05 | 81 -0.01056 -4.56629e-05
 82 -0.02823 -2.88511e-05 | 83  0.01144 -6.67517e-05 | 84 -0.03970 -1.51393e-05
 85 -0.02495 -1.38005e-05 | 86  0.00867 -6.75298e-05 | 87 -0.02609 -8.34826e-06
 88 -0.01601 -2.63362e-05 | 89 -0.01298 -5.55032e-09 | 90 -0.02741 -3.28538e-06
 91 -0.02326  2.09093e-05 | 92 -0.02312  7.09897e-06 | 93  0.01676  2.85606e-06
 94 -0.04507  3.11267e-05 | 95  0.00897  2.45740e-05 | 96 -0.01527  3.19756e-05
 97  0.01048  3.71760e-05 | 98  0.00355  3.22351e-05 | 99 -0.01672  4.91719e-05
100 -0.01561  4.08025e-05 |101 -0.00917  4.47670e-05 |102  0.04182  2.78226e-05
103 -0.00905  4.93828e-05 |104 -0.00030  4.45138e-05 |105  0.00022  4.44297e-05
106 -0.00522 -6.24710e-04 |107  0.02530 -1.16025e-04 |108 -0.38776  1.86913e-04
109 -0.39784 -7.00275e-06 |110 -0.29512  4.20854e-05 |
Function minimizer not making progress ... is minimum attained?
Minimprove criterion = 0.0000e+00

 - final statistics:
110 variables; iteration 134; function evaluation 250
Function value 5.9616e+02; maximum gradient component mag -1.9035e-03
Exit code = 1;  converg criter 1.0000e-04
Var    Value     Gradient |Var    Value     Gradient |Var    Value     Gradient
  1 -0.40793  3.96581e-05 |  2 -0.41348 -1.90346e-03 |  3 -0.43220 -8.20116e-04
  4 -0.44612 -6.24640e-07 |  5 -0.46372 -2.81788e-05 |  6  0.60974 -1.73145e-03
  7 -0.00002  1.39563e-06 |  8 -0.00000  4.28999e-07 |  9 -0.00000  6.90636e-07
 10 -0.00001  7.09824e-07 | 11  0.00022  4.18260e-05 | 12  0.00021  4.14747e-05
 13  0.00021  4.17874e-05 | 14  0.00021  4.06414e-05 | 15  0.00021  3.90686e-05
 16  0.00020  3.92504e-05 | 17  0.00020  3.88514e-05 | 18  0.00019  3.77073e-05
 19  0.00019  3.87055e-05 | 20  0.00022  3.91316e-05 | 21  0.00017  4.37648e-05
 22  0.00016  4.47219e-05 | 23  0.00015  4.84610e-05 | 24  0.00015  4.03182e-05
 25  0.00015  4.47059e-05 | 26  0.00057  4.09070e-05 | 27  0.00046  3.21963e-05
 28  0.00274  5.10963e-05 | 29  0.00129  3.58413e-05 | 30  0.00117  2.43860e-05
 31  0.00643  2.68914e-05 | 32  0.00182  4.24295e-05 | 33  0.00223  3.99867e-05
 34  0.00401  2.97140e-05 | 35  0.00439  3.33023e-05 | 36  0.00561  2.99413e-05
 37 -0.00016  2.87630e-05 | 38 -0.00732  3.00927e-05 | 39 -0.00821  3.01423e-05
 40 -0.00199  2.84896e-05 | 41  0.00036  1.99566e-05 | 42 -0.00231  1.47131e-05
 43  0.00231  2.52298e-05 | 44  0.01570  1.45925e-05 | 45 -0.00113  3.14645e-06
 46  0.00439  9.34084e-06 | 47  0.01026  6.25941e-06 | 48  0.01326  3.54283e-06
 49 -0.00191  8.48483e-06 | 50 -0.00649  1.74407e-05 | 51 -0.00354 -2.46416e-06
 52 -0.00580 -5.10498e-06 | 53  0.01006 -7.54523e-06 | 54  0.01389 -1.78558e-05
 55 -0.00073  2.49434e-06 | 56 -0.00097 -1.78979e-05 | 57  0.00127 -1.44634e-05
 58  0.01701 -4.39210e-05 | 59 -0.00682 -1.76889e-05 | 60  0.01055 -4.12457e-05
 61 -0.00004 -1.80915e-05 | 62 -0.00244 -2.91549e-05 | 63  0.00936 -4.50266e-05
 64  0.00450 -3.70268e-05 | 65  0.07591 -2.26186e-04 | 66  0.00060 -3.99458e-05
 67  0.00469 -4.40495e-05 | 68  0.01729 -8.03693e-05 | 69  0.03175 -1.11090e-04
 70  0.01047 -6.90257e-05 | 71 -0.00763 -4.13621e-05 | 72  0.02979 -1.08318e-04
 73 -0.00511 -5.17984e-05 | 74 -0.00849 -4.62744e-05 | 75  0.01859 -9.37181e-05
 76  0.01011 -8.04619e-05 | 77 -0.04428 -6.22815e-06 | 78  0.02170 -1.19615e-04
 79  0.00772 -7.22853e-05 | 80 -0.01804 -4.40565e-05 | 81 -0.01056 -4.56629e-05
 82 -0.02823 -2.88511e-05 | 83  0.01144 -6.67517e-05 | 84 -0.03970 -1.51393e-05
 85 -0.02495 -1.38005e-05 | 86  0.00867 -6.75298e-05 | 87 -0.02609 -8.34826e-06
 88 -0.01601 -2.63362e-05 | 89 -0.01298 -5.55032e-09 | 90 -0.02741 -3.28538e-06
 91 -0.02326  2.09093e-05 | 92 -0.02312  7.09897e-06 | 93  0.01676  2.85606e-06
 94 -0.04507  3.11267e-05 | 95  0.00897  2.45740e-05 | 96 -0.01527  3.19756e-05
 97  0.01048  3.71760e-05 | 98  0.00355  3.22351e-05 | 99 -0.01672  4.91719e-05
100 -0.01561  4.08025e-05 |101 -0.00917  4.47670e-05 |102  0.04182  2.78226e-05
103 -0.00905  4.93828e-05 |104 -0.00030  4.45138e-05 |105  0.00022  4.44297e-05
106 -0.00522 -6.24710e-04 |107  0.02530 -1.16025e-04 |108 -0.38776  1.86913e-04
109 -0.39784 -7.00275e-06 |110 -0.29512  4.20854e-05 |

Initial statistics: 111 variables; iteration 0; function evaluation 0; phase 6
Function value 5.9615941e+02; maximum gradient component mag -1.9035e-03
Var    Value     Gradient |Var    Value     Gradient |Var    Value     Gradient
  1 -0.40793  3.96581e-05 |  2 -0.41348 -1.90346e-03 |  3 -0.43220 -8.20116e-04
  4 -0.44612 -6.24635e-07 |  5 -0.46372 -2.81788e-05 |  6  0.60974 -1.73145e-03
  7 -0.00002  1.39563e-06 |  8 -0.00000  4.28999e-07 |  9 -0.00000  6.90636e-07
 10 -0.00001  7.09824e-07 | 11  0.00022  4.25769e-05 | 12  0.00021  4.22256e-05
 13  0.00021  4.25383e-05 | 14  0.00021  4.13923e-05 | 15  0.00021  3.98195e-05
 16  0.00020  4.00013e-05 | 17  0.00020  3.96023e-05 | 18  0.00019  3.84582e-05
 19  0.00019  3.94564e-05 | 20  0.00022  3.98825e-05 | 21  0.00017  4.45157e-05
 22  0.00016  4.54728e-05 | 23  0.00015  4.92119e-05 | 24  0.00015  4.10691e-05
 25  0.00015  4.54568e-05 | 26  0.00057  4.16579e-05 | 27  0.00046  3.29472e-05
 28  0.00274  5.18472e-05 | 29  0.00129  3.65922e-05 | 30  0.00117  2.51369e-05
 31  0.00643  2.76423e-05 | 32  0.00182  4.31804e-05 | 33  0.00223  4.07376e-05
 34  0.00401  3.04649e-05 | 35  0.00439  3.40532e-05 | 36  0.00561  3.06922e-05
 37 -0.00016  2.95139e-05 | 38 -0.00732  3.08435e-05 | 39 -0.00821  3.08931e-05
 40 -0.00199  2.92405e-05 | 41  0.00036  2.07075e-05 | 42 -0.00231  1.54640e-05
 43  0.00231  2.59807e-05 | 44  0.01570  1.53432e-05 | 45 -0.00113  3.89735e-06
 46  0.00439  1.00917e-05 | 47  0.01026  7.01021e-06 | 48  0.01326  4.29358e-06
 49 -0.00191  9.23573e-06 | 50 -0.00649  1.81916e-05 | 51 -0.00354 -1.71326e-06
 52 -0.00580 -4.35410e-06 | 53  0.01006 -6.79441e-06 | 54  0.01389 -1.71051e-05
 55 -0.00073  3.24525e-06 | 56 -0.00097 -1.71470e-05 | 57  0.00127 -1.37125e-05
 58  0.01701 -4.31704e-05 | 59 -0.00682 -1.69380e-05 | 60  0.01055 -4.04949e-05
 61 -0.00004 -1.73406e-05 | 62 -0.00244 -2.84040e-05 | 63  0.00936 -4.42758e-05
 64  0.00450 -3.62759e-05 | 65  0.07591 -2.25440e-04 | 66  0.00060 -3.91949e-05
 67  0.00469 -4.32986e-05 | 68  0.01729 -7.96187e-05 | 69  0.03175 -1.10340e-04
 70  0.01047 -6.82749e-05 | 71 -0.00763 -4.06112e-05 | 72  0.02979 -1.07568e-04
 73 -0.00511 -5.10475e-05 | 74 -0.00849 -4.55236e-05 | 75  0.01859 -9.29675e-05
 76  0.01011 -7.97111e-05 | 77 -0.04428 -5.47906e-06 | 78  0.02170 -1.18865e-04
 79  0.00772 -7.15345e-05 | 80 -0.01804 -4.33058e-05 | 81 -0.01056 -4.49121e-05
 82 -0.02823 -2.81009e-05 | 83  0.01144 -6.60009e-05 | 84 -0.03970 -1.43898e-05
 85 -0.02495 -1.30502e-05 | 86  0.00867 -6.67789e-05 | 87 -0.02609 -7.59799e-06
 88 -0.01601 -2.55855e-05 | 89 -0.01298  7.45202e-07 | 90 -0.02741 -2.53517e-06
 91 -0.02326  2.16597e-05 | 92 -0.02312  7.84938e-06 | 93  0.01676  3.60671e-06
 94 -0.04507  3.18757e-05 | 95  0.00897  2.53249e-05 | 96 -0.01527  3.27263e-05
 97  0.01048  3.79268e-05 | 98  0.00355  3.29860e-05 | 99 -0.01672  4.99225e-05
100 -0.01561  4.15532e-05 |101 -0.00917  4.55178e-05 |102  0.04182  2.85719e-05
103 -0.00905  5.01336e-05 |104 -0.00030  4.52647e-05 |105  0.00022  4.51806e-05
106  0.00000  0.00000e+00 |107 -0.00522 -6.24710e-04 |108  0.02530 -1.16025e-04
109 -0.38776  1.86913e-04 |110 -0.39784 -7.00275e-06 |111 -0.29512  4.20854e-05
size of file gradfil1.tmp = 0
size of file gradfil2.tmp = 0
size of file varssave.tmp = 0
size of file cmpdiff.tmp = 0
