
Initial statistics: 1 variables; iteration 0; function evaluation 0; phase 1
Function value 1.5036582e+06; maximum gradient component mag -3.0611e+08
Var    Value     Gradient |Var    Value     Gradient |Var    Value     Gradient
  1  0.63197 -3.06108e+08 |

 - final statistics:
1 variables; iteration 4; function evaluation 15
Function value 7.7814e+02; maximum gradient component mag 2.1424e+00
Exit code = 1;  converg criter 1.0000e+01
Var    Value     Gradient |Var    Value     Gradient |Var    Value     Gradient
  1  0.63908  2.14243e+00 |

Initial statistics: 98 variables; iteration 0; function evaluation 0; phase 2
Function value 7.7813800e+02; maximum gradient component mag -1.6487e+03
Var    Value     Gradient |Var    Value     Gradient |Var    Value     Gradient
  1  0.63908  2.14243e+00 |  2  0.00000 -3.62324e+00 |  3  0.00000 -3.65368e+00
  4  0.00000 -3.69056e+00 |  5  0.00000 -3.73508e+00 |  6  0.00000 -3.78871e+00
  7  0.00000 -3.85298e+00 |  8  0.00000 -3.93156e+00 |  9  0.00000 -4.02478e+00
 10  0.00000 -4.18136e+00 | 11  0.00000 -4.26654e+00 | 12  0.00000 -4.42046e+00
 13  0.00000 -4.59262e+00 | 14  0.00000 -4.79543e+00 | 15  0.00000 -5.02599e+00
 16  0.00000 -5.29251e+00 | 17  0.00000 -5.57425e+00 | 18  0.00000 -5.89760e+00
 19  0.00000 -6.25883e+00 | 20  0.00000 -7.22503e+00 | 21  0.00000 -7.20093e+00
 22  0.00000 -8.00759e+00 | 23  0.00000 -1.06762e+01 | 24  0.00000 -1.08479e+01
 25  0.00000 -1.44520e+01 | 26  0.00000 -2.15772e+01 | 27  0.00000 -2.07779e+01
 28  0.00000 -3.87511e+00 | 29  0.00000 -3.55840e+00 | 30  0.00000 -9.23742e-01
 31  0.00000 -1.02111e+01 | 32  0.00000 -1.41612e+01 | 33  0.00000 -1.03575e+01
 34  0.00000 -1.06243e+01 | 35  0.00000 -7.10435e+01 | 36  0.00000 -2.25281e+01
 37  0.00000 -1.79031e+01 | 38  0.00000 -1.59487e+01 | 39  0.00000 -1.95353e+01
 40  0.00000  2.38628e+00 | 41  0.00000 -1.60222e+01 | 42  0.00000 -2.39964e+01
 43  0.00000 -2.84891e+01 | 44  0.00000 -4.78371e+01 | 45  0.00000 -1.16333e+01
 46  0.00000 -4.29009e+01 | 47  0.00000 -3.49061e+01 | 48  0.00000 -1.58122e+01
 49  0.00000  8.20709e-01 | 50  0.00000 -1.81720e+00 | 51  0.00000 -3.68239e+01
 52  0.00000 -4.35638e+01 | 53  0.00000 -2.51372e+01 | 54  0.00000  4.80698e+00
 55  0.00000 -1.81308e+01 | 56  0.00000 -2.72347e+01 | 57  0.00000 -3.97091e+01
 58  0.00000 -6.30750e+01 | 59  0.00000 -6.01397e+01 | 60  0.00000 -3.46575e+01
 61  0.00000 -8.46800e+01 | 62  0.00000  3.89465e+01 | 63  0.00000 -9.06052e+01
 64  0.00000  6.45966e+01 | 65  0.00000 -1.15155e+02 | 66  0.00000 -1.96979e+00
 67  0.00000 -5.83701e+01 | 68  0.00000 -6.36223e+02 | 69  0.00000  4.49068e+02
 70  0.00000  2.78469e+02 | 71  0.00000  3.06580e+02 | 72  0.00000  6.87890e+01
 73  0.00000  9.44740e+02 | 74  0.00000  3.25790e+02 | 75  0.00000 -1.64870e+03
 76  0.00000  6.21184e+02 | 77  0.00000 -8.99474e+02 | 78  0.00000  7.42208e+01
 79  0.00000  3.57377e+02 | 80  0.00000  1.44340e+02 | 81  0.00000  5.84282e+02
 82  0.00000  2.59387e+02 | 83  0.00000  1.58456e+02 | 84  0.00000 -1.10767e+02
 85  0.00000 -2.35394e+02 | 86  0.00000  2.91577e+02 | 87  0.00000  1.74615e+02
 88  0.00000 -3.93006e+02 | 89  0.00000  5.24182e+02 | 90  0.00000 -9.67847e+01
 91  0.00000 -2.55835e+02 | 92  0.00000  4.88049e+02 | 93  0.00000 -5.96620e+02
 94  0.00000  2.14575e+01 | 95  0.00000 -3.12658e+00 | 96  0.00000 -3.48247e+00
 97 -0.03546  1.28123e+02 | 98 -0.31026  1.74908e+01 |

Intermediate statistics: 98 variables; iteration 20; function evaluation 38; phase 2
Function value 6.0461252e+02; maximum gradient component mag 2.0047e+03
Var    Value     Gradient |Var    Value     Gradient |Var    Value     Gradient
  1  0.63174  2.00471e+03 |  2 -0.00098 -6.85360e+01 |  3 -0.00101 -6.83802e+01
  4 -0.00104 -6.81911e+01 |  5 -0.00107 -6.79619e+01 |  6 -0.00111 -6.76846e+01
  7 -0.00117 -6.73500e+01 |  8 -0.00122 -6.69467e+01 |  9 -0.00130 -6.64630e+01
 10 -0.00135 -6.58771e+01 | 11 -0.00148 -6.51976e+01 | 12 -0.00159 -6.43851e+01
 13 -0.00172 -6.34325e+01 | 14 -0.00187 -6.23236e+01 | 15 -0.00203 -6.10471e+01
 16 -0.00220 -5.95946e+01 | 17 -0.00240 -5.79678e+01 | 18 -0.00259 -5.61702e+01
 19 -0.00278 -5.42160e+01 | 20 -0.00263 -5.20724e+01 | 21 -0.00306 -4.98977e+01
 22 -0.00306 -4.74710e+01 | 23 -0.00168 -4.62801e+01 | 24 -0.00214 -4.36718e+01
 25 -0.00083 -4.05989e+01 | 26  0.00238 -3.69080e+01 | 27  0.00117 -3.37644e+01
 28 -0.00698 -3.10848e+01 | 29 -0.00730 -2.73931e+01 | 30 -0.00896 -2.38607e+01
 31 -0.00573 -1.92629e+01 | 32 -0.00417 -1.45366e+01 | 33 -0.00623 -1.06080e+01
 34 -0.00687 -6.16704e+00 | 35  0.01415  7.36516e+00 | 36 -0.00387  4.46771e+00
 37 -0.00558  8.92171e+00 | 38 -0.00652  1.33239e+01 | 39 -0.00544  1.86780e+01
 40 -0.01324  1.95125e+01 | 41 -0.00767  2.70650e+01 | 42 -0.00451  3.33931e+01
 43 -0.00357  3.83132e+01 | 44  0.00286  4.64485e+01 | 45 -0.00919  4.25008e+01
 46  0.00175  5.28109e+01 | 47  0.00020  5.50462e+01 | 48 -0.00568  5.39242e+01
 49 -0.01011  5.36084e+01 | 50 -0.00926  5.62377e+01 | 51  0.00299  6.59126e+01
 52  0.00821  7.06608e+01 | 53  0.00334  6.82478e+01 | 54 -0.00442  6.40997e+01
 55  0.00287  6.97490e+01 | 56  0.00875  7.46407e+01 | 57  0.01522  8.01312e+01
 58  0.02218  8.51624e+01 | 59  0.02012  8.25032e+01 | 60  0.01286  7.64395e+01
 61  0.02275  8.42663e+01 | 62 -0.00110  7.26716e+01 | 63  0.02419  9.19872e+01
 64 -0.00357  7.45605e+01 | 65  0.02090  8.50670e+01 | 66  0.00620  7.45260e+01
 67  0.00491  4.01052e+01 | 68  0.02736 -9.01290e+01 | 69 -0.01088  1.58286e+02
 70 -0.00982  9.96454e+01 | 71 -0.00706  1.24704e+02 | 72  0.00136  6.93429e+01
 73 -0.02907  2.53094e+02 | 74 -0.00514  1.31542e+02 | 75  0.04374 -5.16856e+02
 76 -0.03938  1.05417e+02 | 77  0.03164 -1.51364e+02 | 78 -0.00118  3.13576e+01
 79 -0.00652  1.01228e+02 | 80 -0.00353  3.06206e+01 | 81 -0.01570  1.33869e+02
 82 -0.00724  4.52739e+01 | 83 -0.00312  1.99894e+01 | 84  0.00872 -3.83228e+01
 85  0.01057 -8.54673e+01 | 86 -0.01183  1.61907e+01 | 87 -0.00333 -2.93750e+00
 88  0.02116 -1.27923e+02 | 89 -0.01737  6.07871e+01 | 90  0.01399 -5.52863e+01
 91  0.01708 -1.17860e+02 | 92 -0.04239  5.91514e-01 | 93  0.03633 -1.74274e+02
 94 -0.01256 -6.87346e+01 | 95 -0.00122 -6.93487e+01 | 96 -0.00087 -6.92483e+01
 97 -0.04901  1.40599e+02 | 98 -0.30418  1.16084e+01 |
98 variables; iteration 40; function evaluation 65; phase 2
Function value 5.9274247e+02; maximum gradient component mag 4.1431e+03
Var    Value     Gradient |Var    Value     Gradient |Var    Value     Gradient
  1  0.63136  4.14309e+03 |  2  0.00196 -1.32814e+02 |  3  0.00178 -1.32619e+02
  4  0.00157 -1.32368e+02 |  5  0.00133 -1.32044e+02 |  6  0.00106 -1.31625e+02
  7  0.00077 -1.31081e+02 |  8  0.00046 -1.30373e+02 |  9  0.00013 -1.29456e+02
 10 -0.00014 -1.28240e+02 | 11 -0.00050 -1.26755e+02 | 12 -0.00078 -1.24835e+02
 13 -0.00101 -1.22447e+02 | 14 -0.00120 -1.19535e+02 | 15 -0.00135 -1.16077e+02
 16 -0.00146 -1.12088e+02 | 17 -0.00160 -1.07635e+02 | 18 -0.00177 -1.02811e+02
 19 -0.00199 -9.77223e+01 | 20 -0.00195 -9.22698e+01 | 21 -0.00255 -8.70365e+01
 22 -0.00277 -8.12125e+01 | 23 -0.00155 -7.81259e+01 | 24 -0.00229 -7.21604e+01
 25 -0.00124 -6.41299e+01 | 26  0.00169 -5.34490e+01 | 27  0.00041 -4.59895e+01
 28 -0.00741 -4.42456e+01 | 29 -0.00773 -3.53883e+01 | 30 -0.00945 -2.81287e+01
 31 -0.00623 -1.39328e+01 | 32 -0.00470 -1.18766e+00 | 33 -0.00695  5.49790e+00
 34 -0.00768  1.51782e+01 | 35  0.01558  8.70829e+01 | 36 -0.00475  4.41225e+01
 37 -0.00658  5.15104e+01 | 38 -0.00765  6.00734e+01 | 39 -0.00644  7.44005e+01
 40 -0.01525  6.05852e+01 | 41 -0.00893  8.80797e+01 | 42 -0.00537  1.07633e+02
 43 -0.00429  1.19412e+02 | 44  0.00306  1.52950e+02 | 45 -0.01082  1.10047e+02
 46  0.00152  1.57401e+02 | 47 -0.00047  1.52592e+02 | 48 -0.00743  1.28907e+02
 49 -0.01273  1.11359e+02 | 50 -0.01193  1.12814e+02 | 51  0.00245  1.59916e+02
 52  0.00896  1.78989e+02 | 53  0.00297  1.48460e+02 | 54 -0.00655  1.09008e+02
 55  0.00227  1.30304e+02 | 56  0.00995  1.48788e+02 | 57  0.01767  1.65689e+02
 58  0.02559  1.83970e+02 | 59  0.02266  1.61700e+02 | 60  0.01373  1.23673e+02
 61  0.02644  1.70428e+02 | 62 -0.00281  7.48397e+01 | 63  0.02660  1.59954e+02
 64 -0.00512  6.50640e+01 | 65  0.02233  1.28928e+02 | 66  0.00604  7.88563e+01
 67  0.00798  9.99447e+01 | 68  0.03463  1.62750e+02 | 69 -0.01438  8.27134e+01
 70 -0.01166  6.80308e+01 | 71 -0.01192  2.23666e+01 | 72  0.00099  6.22577e+01
 73 -0.04230  7.32342e+00 | 74 -0.00772  4.18995e+01 | 75  0.06006  1.99242e+02
 76 -0.04909 -1.48809e+01 | 77  0.03818  4.43928e+01 | 78  0.00027  3.68817e+01
 79 -0.01050 -2.91831e+01 | 80 -0.00555 -3.24181e+01 | 81 -0.02082 -1.20952e+01
 82 -0.01106 -5.85970e+01 | 83 -0.00631 -8.79316e+01 | 84  0.00992 -5.70372e+01
 85  0.01235 -8.39608e+01 | 86 -0.01575 -9.60243e+01 | 87 -0.00496 -9.78219e+01
 88  0.02588 -9.28289e+01 | 89 -0.02558 -1.37836e+02 | 90  0.01586 -1.19816e+02
 91  0.02059 -1.44834e+02 | 92 -0.05408 -1.42182e+02 | 93  0.04432 -1.25335e+02
 94 -0.01147 -1.37248e+02 | 95  0.00189 -1.34677e+02 | 96  0.00290 -1.33573e+02
 97 -0.05141  2.73220e+02 | 98 -0.30516  5.99379e+00 |
98 variables; iteration 60; function evaluation 95; phase 2
Function value 5.9120210e+02; maximum gradient component mag 2.2406e+03
Var    Value     Gradient |Var    Value     Gradient |Var    Value     Gradient
  1  0.62828  2.24058e+03 |  2 -0.00178 -7.55969e+01 |  3 -0.00178 -7.53561e+01
  4 -0.00164 -7.48388e+01 |  5 -0.00133 -7.39914e+01 |  6 -0.00085 -7.28019e+01
  7 -0.00026 -7.13338e+01 |  8  0.00032 -6.97592e+01 |  9  0.00071 -6.83519e+01
 10  0.00077 -6.73761e+01 | 11  0.00012 -6.72789e+01 | 12 -0.00101 -6.78599e+01
 13 -0.00246 -6.88126e+01 | 14 -0.00377 -6.93425e+01 | 15 -0.00443 -6.85853e+01
 16 -0.00420 -6.60233e+01 | 17 -0.00328 -6.19587e+01 | 18 -0.00227 -5.73946e+01
 19 -0.00170 -5.33793e+01 | 20 -0.00142 -5.02775e+01 | 21 -0.00224 -4.81557e+01
 22 -0.00280 -4.61018e+01 | 23 -0.00142 -4.45000e+01 | 24 -0.00222 -4.17976e+01
 25 -0.00071 -3.71943e+01 | 26  0.00297 -3.09703e+01 | 27  0.00088 -2.89181e+01
 28 -0.00956 -3.24121e+01 | 29 -0.01005 -2.85619e+01 | 30 -0.01100 -2.26960e+01
 31 -0.00928 -2.04822e+01 | 32 -0.00544 -8.56803e+00 | 33 -0.00518  2.64545e+00
 34 -0.00619  7.02539e+00 | 35  0.01392  2.56411e+01 | 36 -0.00489  1.49029e+01
 37 -0.00717  1.76366e+01 | 38 -0.00753  2.43514e+01 | 39 -0.00575  3.30439e+01
 40 -0.01405  3.03213e+01 | 41 -0.00829  4.02806e+01 | 42 -0.00503  4.78571e+01
 43 -0.00381  5.41376e+01 | 44  0.00324  6.68468e+01 | 45 -0.00963  5.50210e+01
 46  0.00287  7.35264e+01 | 47  0.00203  7.62809e+01 | 48 -0.00378  7.25983e+01
 49 -0.00805  7.06513e+01 | 50 -0.00627  7.70357e+01 | 51  0.00591  8.72937e+01
 52  0.01221  9.53597e+01 | 53  0.00691  8.77979e+01 | 54 -0.00026  8.26660e+01
 55  0.00658  8.79675e+01 | 56  0.01205  9.04123e+01 | 57  0.02094  1.06806e+02
 58  0.02560  1.04036e+02 | 59  0.02388  1.02725e+02 | 60  0.01525  8.84238e+01
 61  0.02502  9.86524e+01 | 62 -0.00162  6.87119e+01 | 63  0.02482  9.51980e+01
 64 -0.00391  6.87850e+01 | 65  0.02143  8.44085e+01 | 66  0.00523  5.94926e+01
 67  0.00685  7.07621e+01 | 68  0.03469  1.01669e+02 | 69 -0.01623  4.81446e+01
 70 -0.01310  4.20102e+01 | 71 -0.01187  1.51716e+01 | 72  0.00026  2.89169e+01
 73 -0.04370  8.91143e+00 | 74 -0.00936  1.64941e+01 | 75  0.06085  1.21285e+02
 76 -0.05108  5.98562e+00 | 77  0.03872  1.26030e+01 | 78 -0.00165  9.58619e+00
 79 -0.01098 -2.50481e+01 | 80 -0.00572 -2.33863e+01 | 81 -0.02216 -1.28111e+01
 82 -0.01089 -3.47931e+01 | 83 -0.00575 -4.96191e+01 | 84  0.00972 -4.34910e+01
 85  0.01257 -5.38353e+01 | 86 -0.01534 -4.93404e+01 | 87 -0.00492 -5.41922e+01
 88  0.02538 -6.85045e+01 | 89 -0.02418 -6.15768e+01 | 90  0.01534 -7.30393e+01
 91  0.02047 -8.25919e+01 | 92 -0.05266 -7.04586e+01 | 93  0.04269 -8.30904e+01
 94 -0.01346 -7.67739e+01 | 95 -0.00054 -7.43565e+01 | 96  0.00074 -7.28246e+01
 97 -0.05004  1.45173e+02 | 98 -0.30626  7.18305e+00 |
Maximum number of function evaluations exceeded

 - final statistics:
98 variables; iteration 64; function evaluation 100
Function value 5.9097e+02; maximum gradient component mag 2.1197e+03
Exit code = 3;  converg criter 1.0000e+01
Var    Value     Gradient |Var    Value     Gradient |Var    Value     Gradient
  1  0.62805  2.11969e+03 |  2 -0.00032 -6.92487e+01 |  3 -0.00041 -6.91587e+01
  4 -0.00052 -6.90419e+01 |  5 -0.00063 -6.88649e+01 |  6 -0.00071 -6.85754e+01
  7 -0.00074 -6.81090e+01 |  8 -0.00068 -6.74127e+01 |  9 -0.00056 -6.64878e+01
 10 -0.00043 -6.54433e+01 | 11 -0.00053 -6.45309e+01 | 12 -0.00096 -6.40202e+01
 13 -0.00183 -6.40415e+01 | 14 -0.00294 -6.42921e+01 | 15 -0.00384 -6.39921e+01
 16 -0.00396 -6.21349e+01 | 17 -0.00311 -5.82918e+01 | 18 -0.00188 -5.34611e+01
 19 -0.00138 -4.97097e+01 | 20 -0.00175 -4.79792e+01 | 21 -0.00328 -4.74124e+01
 22 -0.00388 -4.56225e+01 | 23 -0.00252 -4.41930e+01 | 24 -0.00230 -3.95956e+01
 25 -0.00049 -3.46641e+01 | 26  0.00214 -3.11017e+01 | 27 -0.00086 -3.13452e+01
 28 -0.00842 -2.78132e+01 | 29 -0.00914 -2.46113e+01 | 30 -0.01143 -2.24006e+01
 31 -0.00854 -1.75697e+01 | 32 -0.00673 -1.14784e+01 | 33 -0.00595  6.68033e-01
 34 -0.00637  6.48052e+00 | 35  0.01300  2.01688e+01 | 36 -0.00534  1.25021e+01
 37 -0.00773  1.47841e+01 | 38 -0.00718  2.42049e+01 | 39 -0.00484  3.43979e+01
 40 -0.01345  3.09537e+01 | 41 -0.00842  3.72980e+01 | 42 -0.00547  4.31200e+01
 43 -0.00384  5.05329e+01 | 44  0.00381  6.45731e+01 | 45 -0.00877  5.52648e+01
 46  0.00326  7.00132e+01 | 47  0.00263  7.36515e+01 | 48 -0.00304  7.12843e+01
 49 -0.00745  6.93710e+01 | 50 -0.00546  7.66367e+01 | 51  0.00669  8.53887e+01
 52  0.01252  9.13797e+01 | 53  0.00799  8.80114e+01 | 54  0.00043  8.26463e+01
 55  0.00757  8.92316e+01 | 56  0.01154  8.54253e+01 | 57  0.02043  1.01639e+02
 58  0.02538  1.00112e+02 | 59  0.02378  1.00215e+02 | 60  0.01543  8.85934e+01
 61  0.02519  9.80228e+01 | 62 -0.00251  6.52160e+01 | 63  0.02452  9.22279e+01
 64 -0.00386  7.03928e+01 | 65  0.02106  8.11611e+01 | 66  0.00515  5.99856e+01
 67  0.00639  6.56746e+01 | 68  0.03448  9.38402e+01 | 69 -0.01680  3.84317e+01
 70 -0.01348  3.59176e+01 | 71 -0.01177  1.67202e+01 | 72  0.00010  2.38699e+01
 73 -0.04423  2.23853e+00 | 74 -0.00985  8.21499e+00 | 75  0.06101  1.17789e+02
 76 -0.05238 -1.32532e+00 | 77  0.03878  9.47881e+00 | 78 -0.00227 -9.25669e-01
 79 -0.01112 -2.69448e+01 | 80 -0.00574 -2.39791e+01 | 81 -0.02269 -2.17251e+01
 82 -0.01084 -3.40382e+01 | 83 -0.00557 -4.43451e+01 | 84  0.00973 -4.35398e+01
 85  0.01266 -5.10717e+01 | 86 -0.01525 -4.62563e+01 | 87 -0.00497 -5.32395e+01
 88  0.02542 -6.73773e+01 | 89 -0.02398 -5.59241e+01 | 90  0.01560 -6.76269e+01
 91  0.02070 -7.57699e+01 | 92 -0.05084 -5.78211e+01 | 93  0.04270 -8.24492e+01
 94 -0.01329 -7.24924e+01 | 95 -0.00033 -6.99258e+01 | 96 -0.00021 -7.01627e+01
 97 -0.04937  1.40125e+02 | 98 -0.30650  6.77534e+00 |

Initial statistics: 100 variables; iteration 0; function evaluation 0; phase 3
Function value 5.9096650e+02; maximum gradient component mag 2.1197e+03
Var    Value     Gradient |Var    Value     Gradient |Var    Value     Gradient
  1  0.62805  2.11969e+03 |  2 -0.00032 -6.92362e+01 |  3 -0.00041 -6.91462e+01
  4 -0.00052 -6.90294e+01 |  5 -0.00063 -6.88523e+01 |  6 -0.00071 -6.85629e+01
  7 -0.00074 -6.80965e+01 |  8 -0.00068 -6.74002e+01 |  9 -0.00056 -6.64753e+01
 10 -0.00043 -6.54308e+01 | 11 -0.00053 -6.45184e+01 | 12 -0.00096 -6.40076e+01
 13 -0.00183 -6.40289e+01 | 14 -0.00294 -6.42796e+01 | 15 -0.00384 -6.39796e+01
 16 -0.00396 -6.21224e+01 | 17 -0.00311 -5.82792e+01 | 18 -0.00188 -5.34485e+01
 19 -0.00138 -4.96972e+01 | 20 -0.00175 -4.79666e+01 | 21 -0.00328 -4.73998e+01
 22 -0.00388 -4.56100e+01 | 23 -0.00252 -4.41805e+01 | 24 -0.00230 -3.95831e+01
 25 -0.00049 -3.46516e+01 | 26  0.00214 -3.10891e+01 | 27 -0.00086 -3.13327e+01
 28 -0.00842 -2.78007e+01 | 29 -0.00914 -2.45988e+01 | 30 -0.01143 -2.23880e+01
 31 -0.00854 -1.75572e+01 | 32 -0.00673 -1.14659e+01 | 33 -0.00595  6.80560e-01
 34 -0.00637  6.49305e+00 | 35  0.01300  2.01814e+01 | 36 -0.00534  1.25146e+01
 37 -0.00773  1.47966e+01 | 38 -0.00718  2.42174e+01 | 39 -0.00484  3.44104e+01
 40 -0.01345  3.09662e+01 | 41 -0.00842  3.73105e+01 | 42 -0.00547  4.31326e+01
 43 -0.00384  5.05454e+01 | 44  0.00381  6.45856e+01 | 45 -0.00877  5.52773e+01
 46  0.00326  7.00258e+01 | 47  0.00263  7.36640e+01 | 48 -0.00304  7.12968e+01
 49 -0.00745  6.93836e+01 | 50 -0.00546  7.66493e+01 | 51  0.00669  8.54012e+01
 52  0.01252  9.13923e+01 | 53  0.00799  8.80239e+01 | 54  0.00043  8.26589e+01
 55  0.00757  8.92442e+01 | 56  0.01154  8.54378e+01 | 57  0.02043  1.01651e+02
 58  0.02538  1.00125e+02 | 59  0.02378  1.00228e+02 | 60  0.01543  8.86060e+01
 61  0.02519  9.80354e+01 | 62 -0.00251  6.52285e+01 | 63  0.02452  9.22404e+01
 64 -0.00386  7.04053e+01 | 65  0.02106  8.11736e+01 | 66  0.00515  5.99981e+01
 67  0.00639  6.56871e+01 | 68  0.03448  9.38527e+01 | 69 -0.01680  3.84442e+01
 70 -0.01348  3.59301e+01 | 71 -0.01177  1.67328e+01 | 72  0.00010  2.38824e+01
 73 -0.04423  2.25103e+00 | 74 -0.00985  8.22752e+00 | 75  0.06101  1.17802e+02
 76 -0.05238 -1.31284e+00 | 77  0.03878  9.49131e+00 | 78 -0.00227 -9.13141e-01
 79 -0.01111 -2.69323e+01 | 80 -0.00574 -2.39666e+01 | 81 -0.02269 -2.17126e+01
 82 -0.01084 -3.40257e+01 | 83 -0.00557 -4.43325e+01 | 84  0.00973 -4.35272e+01
 85  0.01266 -5.10592e+01 | 86 -0.01525 -4.62438e+01 | 87 -0.00497 -5.32270e+01
 88  0.02542 -6.73648e+01 | 89 -0.02398 -5.59115e+01 | 90  0.01560 -6.76143e+01
 91  0.02070 -7.57574e+01 | 92 -0.05084 -5.78086e+01 | 93  0.04270 -8.24367e+01
 94 -0.01329 -7.24799e+01 | 95 -0.00033 -6.99133e+01 | 96 -0.00021 -7.01502e+01
 97 -0.04937  1.40125e+02 | 98 -0.41581 -1.92729e+02 | 99 -0.30650  6.77534e+00
100 -0.25275 -5.72864e+01 |

Intermediate statistics: 100 variables; iteration 20; function evaluation 26; phase 3
Function value 5.8769908e+02; maximum gradient component mag 1.1817e+03
Var    Value     Gradient |Var    Value     Gradient |Var    Value     Gradient
  1  0.62981  1.18168e+03 |  2  0.00098 -3.97309e+01 |  3  0.00097 -3.96408e+01
  4  0.00096 -3.95330e+01 |  5  0.00094 -3.94097e+01 |  6  0.00091 -3.92760e+01
  7  0.00085 -3.91387e+01 |  8  0.00077 -3.90010e+01 |  9  0.00066 -3.88539e+01
 10  0.00057 -3.86643e+01 | 11  0.00044 -3.83741e+01 | 12  0.00039 -3.79142e+01
 13  0.00041 -3.72501e+01 | 14  0.00046 -3.64346e+01 | 15  0.00044 -3.56178e+01
 16  0.00024 -3.49939e+01 | 17 -0.00020 -3.46471e+01 | 18 -0.00074 -3.43831e+01
 19 -0.00113 -3.37994e+01 | 20 -0.00090 -3.26489e+01 | 21 -0.00119 -3.13123e+01
 22 -0.00110 -2.99791e+01 | 23  0.00039 -2.92029e+01 | 24 -0.00030 -2.82674e+01
 25  0.00127 -2.64774e+01 | 26  0.00567 -2.31710e+01 | 27  0.00464 -2.10387e+01
 28 -0.00647 -2.36123e+01 | 29 -0.00680 -2.18151e+01 | 30 -0.00884 -2.04680e+01
 31 -0.00432 -1.59371e+01 | 32 -0.00208 -1.27759e+01 | 33 -0.00600 -1.41444e+01
 34 -0.00723 -1.24985e+01 | 35  0.02773  2.57450e+01 | 36 -0.00165 -3.99871e-01
 37 -0.00414  6.03904e-01 | 38 -0.00570  1.48014e+00 | 39 -0.00389  5.72908e+00
 40 -0.01625 -3.14883e+00 | 41 -0.00697  1.06817e+01 | 42 -0.00132  1.98487e+01
 43 -0.00033  2.44808e+01 | 44  0.01181  4.43109e+01 | 45 -0.01128  1.49985e+01
 46  0.00992  4.88467e+01 | 47  0.00607  4.57969e+01 | 48 -0.00675  2.86562e+01
 49 -0.01580  1.72470e+01 | 50 -0.01560  1.69817e+01 | 51  0.00711  5.60908e+01
 52  0.01696  7.28337e+01 | 53  0.00360  5.04717e+01 | 54 -0.01373  2.27603e+01
 55 -0.00187  3.73002e+01 | 56  0.00642  5.36100e+01 | 57  0.01527  6.60173e+01
 58  0.02657  8.70971e+01 | 59  0.02037  7.22189e+01 | 60  0.00862  4.65137e+01
 61  0.02428  8.13847e+01 | 62 -0.01722  1.15171e+01 | 63  0.02466  8.19436e+01
 64 -0.01979 -1.44390e+00 | 65  0.02154  7.99904e+01 | 66  0.00227  3.90146e+01
 67  0.00351  3.89234e+01 | 68  0.03702  1.64516e+02 | 69 -0.01837  1.08858e+01
 70 -0.01596  1.28727e+01 | 71 -0.01094  2.72263e+01 | 72  0.00118  5.84584e+01
 73 -0.04678 -2.44590e+01 | 74 -0.01045  2.19524e+01 | 75  0.05884 -2.26470e+01
 76 -0.06291 -4.77030e+01 | 77  0.03838 -1.87622e+01 | 78 -0.00436 -1.52521e+01
 79 -0.01054 -1.09837e+01 | 80 -0.00679 -1.97169e+01 | 81 -0.02341 -2.80552e+01
 82 -0.01189 -2.60129e+01 | 83 -0.00589 -4.58680e+01 | 84  0.00887 -3.18436e+01
 85  0.01247 -5.08052e+01 | 86 -0.01707 -3.93674e+01 | 87 -0.00466 -3.45664e+01
 88  0.02465 -4.86717e+01 | 89 -0.02409 -3.98244e+01 | 90  0.01550 -3.36631e+01
 91  0.02192 -3.78557e+01 | 92 -0.05430 -4.49780e+01 | 93  0.04473 -3.85874e+01
 94 -0.01194 -3.86217e+01 | 95  0.00075 -4.00015e+01 | 96  0.00108 -4.00394e+01
 97 -0.04781  4.24520e+01 | 98 -0.41240 -3.31974e+01 | 99 -0.27509  7.81224e+00
100 -0.23528  7.09132e-01 |
100 variables; iteration 40; function evaluation 51; phase 3
Function value 5.8680433e+02; maximum gradient component mag -2.7888e+02
Var    Value     Gradient |Var    Value     Gradient |Var    Value     Gradient
  1  0.62892 -2.78878e+02 |  2  0.00064  9.43814e+00 |  3  0.00057  9.29089e+00
  4  0.00050  9.11736e+00 |  5  0.00042  8.93064e+00 |  6  0.00036  8.75426e+00
  7  0.00033  8.61816e+00 |  8  0.00036  8.54277e+00 |  9  0.00044  8.51114e+00
 10  0.00053  8.43347e+00 | 11  0.00043  8.13769e+00 | 12  0.00013  7.43393e+00
 13 -0.00048  6.23997e+00 | 14 -0.00126  4.75202e+00 | 15 -0.00189  3.45574e+00
 16 -0.00198  2.92715e+00 | 17 -0.00143  3.32360e+00 | 18 -0.00067  3.96882e+00
 19 -0.00043  3.77671e+00 | 20 -0.00060  2.37436e+00 | 21 -0.00167  6.59335e-01
 22 -0.00194 -7.01497e-01 | 23 -0.00053 -1.33776e+00 | 24 -0.00060 -1.71688e+00
 25  0.00129 -2.78841e+00 | 26  0.00510 -5.28620e+00 | 27  0.00370 -6.39391e+00
 28 -0.00667 -5.29599e+00 | 29 -0.00693 -6.22493e+00 | 30 -0.00880 -6.61554e+00
 31 -0.00369 -7.65820e+00 | 32 -0.00080 -8.59146e+00 | 33 -0.00549 -1.15910e+01
 34 -0.00721 -1.33598e+01 | 35  0.02881 -1.77099e+01 | 36 -0.00024 -1.30886e+01
 37 -0.00225 -1.27039e+01 | 38 -0.00416 -1.46939e+01 | 39 -0.00229 -1.64900e+01
 40 -0.01420 -1.46505e+01 | 41 -0.00535 -1.59858e+01 | 42  0.00097 -1.62450e+01
 43  0.00046 -1.77965e+01 | 44  0.01443 -1.89526e+01 | 45 -0.00978 -1.63497e+01
 46  0.01268 -1.85098e+01 | 47  0.00498 -1.95872e+01 | 48 -0.00799 -1.82045e+01
 49 -0.01556 -1.55179e+01 | 50 -0.01433 -1.45016e+01 | 51  0.00674 -1.42073e+01
 52  0.02273 -9.30361e+00 | 53  0.00077 -1.26174e+01 | 54 -0.01478 -1.08489e+01
 55 -0.00179 -9.02459e+00 | 56  0.00620 -4.06691e+00 | 57  0.01423 -3.74761e+00
 58  0.02578 -1.26358e+00 | 59  0.01782 -3.15638e+00 | 60  0.01097  7.47769e+00
 61  0.02222 -6.03261e-01 | 62 -0.01554  1.96775e+00 | 63  0.02029 -8.08691e+00
 64 -0.01468  9.01190e+00 | 65  0.02026  1.62090e+01 | 66  0.00051  1.03748e-01
 67  0.00349  1.33115e+01 | 68  0.03335  2.66836e+00 | 69 -0.01819  2.41832e+01
 70 -0.01492  2.85179e+01 | 71 -0.01228  7.23138e+00 | 72 -0.00062  1.25879e+01
 73 -0.04571  1.74469e+01 | 74 -0.01157  8.05870e+00 | 75  0.06099  1.07577e+01
 76 -0.05757  1.93719e+01 | 77  0.03967  8.56348e+00 | 78 -0.00397  8.90576e+00
 79 -0.01098  7.98930e+00 | 80 -0.00656  8.79006e+00 | 81 -0.02337  1.19257e+01
 82 -0.01188  5.66217e+00 | 83 -0.00542  5.96577e+00 | 84  0.00981  1.66613e+01
 85  0.01319  8.82234e+00 | 86 -0.01681  5.84176e+00 | 87 -0.00524  2.32461e+00
 88  0.02550  1.04480e+01 | 89 -0.02514 -2.64765e+00 | 90  0.01494  2.96802e+00
 91  0.02130  7.37383e+00 | 92 -0.05263  1.34478e+01 | 93  0.04353  5.11140e-01
 94 -0.01293  8.02964e+00 | 95  0.00046  9.81242e+00 | 96  0.00073  9.79009e+00
 97 -0.04674 -1.31802e+01 | 98 -0.41496  2.13777e+01 | 99 -0.28378  5.65251e+00
100 -0.24082 -1.61071e+01 |
100 variables; iteration 60; function evaluation 79; phase 3
Function value 5.8649973e+02; maximum gradient component mag -5.6716e+02
Var    Value     Gradient |Var    Value     Gradient |Var    Value     Gradient
  1  0.62947 -5.67158e+02 |  2 -0.00012  1.76952e+01 |  3 -0.00011  1.76397e+01
  4 -0.00010  1.75709e+01 |  5 -0.00010  1.74813e+01 |  6 -0.00010  1.73600e+01
  7 -0.00012  1.71939e+01 |  8 -0.00015  1.69718e+01 |  9 -0.00021  1.66912e+01
 10 -0.00023  1.63665e+01 | 11 -0.00029  1.60339e+01 | 12 -0.00028  1.57262e+01
 13 -0.00020  1.54546e+01 | 14 -0.00009  1.51678e+01 | 15 -0.00003  1.47535e+01
 16 -0.00010  1.40675e+01 | 17 -0.00037  1.30280e+01 | 18 -0.00076  1.17455e+01
 19 -0.00106  1.05537e+01 | 20 -0.00069  9.68973e+00 | 21 -0.00076  9.17836e+00
 22 -0.00042  8.40373e+00 | 23  0.00127  7.97457e+00 | 24  0.00038  6.16640e+00
 25  0.00196  4.28695e+00 | 26  0.00703  2.72546e+00 | 27  0.00645  2.28708e+00
 28 -0.00521  2.03557e+00 | 29 -0.00551  5.92011e-01 | 30 -0.00761 -3.58926e-01
 31 -0.00296 -3.01874e+00 | 32 -0.00055 -5.45256e+00 | 33 -0.00448 -7.56838e+00
 34 -0.00585 -9.24472e+00 | 35  0.03024 -1.99712e+01 | 36 -0.00085 -1.33177e+01
 37 -0.00275 -1.33540e+01 | 38 -0.00433 -1.55596e+01 | 39 -0.00242 -1.84333e+01
 40 -0.01251 -1.22460e+01 | 41 -0.00549 -1.83805e+01 | 42  0.00199 -1.93676e+01
 43 -0.00110 -2.36636e+01 | 44  0.01763 -2.47536e+01 | 45 -0.00997 -2.00778e+01
 46  0.01373 -2.69433e+01 | 47  0.00545 -2.69000e+01 | 48 -0.00699 -2.22853e+01
 49 -0.01558 -1.97443e+01 | 50 -0.01414 -1.87744e+01 | 51  0.00453 -2.57476e+01
 52  0.02825 -2.24726e+01 | 53 -0.00304 -2.51263e+01 | 54 -0.01643 -1.85130e+01
 55 -0.00237 -1.83292e+01 | 56  0.00301 -1.83861e+01 | 57  0.00961 -2.17037e+01
 58  0.02652 -1.66484e+01 | 59  0.01774 -1.58546e+01 | 60  0.00819 -1.11382e+01
 61  0.02175 -1.57172e+01 | 62 -0.01769 -6.26069e+00 | 63  0.02151 -1.40054e+01
 64 -0.01657 -6.19677e-01 | 65  0.01754 -1.53559e+01 | 66  0.00072 -2.90329e+00
 67  0.00223 -3.45247e+00 | 68  0.03292 -1.87367e+01 | 69 -0.01943  3.99909e+00
 70 -0.01659  4.56680e+00 | 71 -0.01254  1.18125e+00 | 72 -0.00126 -2.39716e+00
 73 -0.04652  1.14019e+01 | 74 -0.01143  7.76856e+00 | 75  0.06082 -2.12620e+01
 76 -0.05873  1.67916e+01 | 77  0.03976  1.56724e+00 | 78 -0.00405  7.94254e+00
 79 -0.01100  9.69555e+00 | 80 -0.00659  1.05246e+01 | 81 -0.02354  1.41133e+01
 82 -0.01171  1.32995e+01 | 83 -0.00529  1.39208e+01 | 84  0.00922  1.00725e+01
 85  0.01318  1.40358e+01 | 86 -0.01643  1.74902e+01 | 87 -0.00470  1.95316e+01
 88  0.02560  1.75424e+01 | 89 -0.02383  2.21399e+01 | 90  0.01545  1.76128e+01
 91  0.02174  1.91254e+01 | 92 -0.05331  1.82838e+01 | 93  0.04443  2.10070e+01
 94 -0.01179  2.00691e+01 | 95 -0.00035  1.80358e+01 | 96 -0.00009  1.80330e+01
 97 -0.05312 -3.86484e+01 | 98 -0.41781  5.27569e+01 | 99 -0.28101  6.33413e-01
100 -0.23891 -4.06815e+00 |
Maximum number of function evaluations exceeded

 - final statistics:
100 variables; iteration 74; function evaluation 100
Function value 5.8642e+02; maximum gradient component mag -7.9191e+02
Exit code = 3;  converg criter 1.0000e+00
Var    Value     Gradient |Var    Value     Gradient |Var    Value     Gradient
  1  0.62993 -7.91910e+02 |  2  0.00012  2.47568e+01 |  3  0.00015  2.47149e+01
  4  0.00019  2.46626e+01 |  5  0.00021  2.45756e+01 |  6  0.00021  2.44226e+01
  7  0.00017  2.41810e+01 |  8  0.00010  2.38638e+01 |  9  0.00006  2.35325e+01
 10  0.00013  2.32664e+01 | 11  0.00020  2.30588e+01 | 12  0.00026  2.27341e+01
 13  0.00015  2.20959e+01 | 14 -0.00004  2.12490e+01 | 15 -0.00004  2.05939e+01
 16  0.00019  2.01774e+01 | 17  0.00016  1.93355e+01 | 18 -0.00026  1.78284e+01
 19 -0.00047  1.65420e+01 | 20  0.00001  1.56165e+01 | 21 -0.00041  1.43773e+01
 22 -0.00031  1.29912e+01 | 23  0.00156  1.26552e+01 | 24  0.00018  9.89812e+00
 25  0.00245  8.57539e+00 | 26  0.00739  6.21515e+00 | 27  0.00708  5.72616e+00
 28 -0.00484  5.47172e+00 | 29 -0.00555  3.04353e+00 | 30 -0.00770  1.73967e+00
 31 -0.00270 -1.14218e+00 | 32 -0.00021 -4.19671e+00 | 33 -0.00391 -6.07136e+00
 34 -0.00469 -7.32489e+00 | 35  0.03125 -2.41641e+01 | 36 -0.00019 -1.37310e+01
 37 -0.00200 -1.39983e+01 | 38 -0.00455 -1.75925e+01 | 39 -0.00147 -2.03102e+01
 40 -0.01429 -1.70206e+01 | 41 -0.00629 -2.28388e+01 | 42  0.00199 -2.48673e+01
 43  0.00048 -2.80385e+01 | 44  0.01595 -3.62476e+01 | 45 -0.01011 -2.50442e+01
 46  0.01562 -3.67323e+01 | 47  0.00502 -3.59029e+01 | 48 -0.00838 -3.02156e+01
 49 -0.01516 -2.43717e+01 | 50 -0.01577 -2.67931e+01 | 51  0.00394 -3.60298e+01
 52  0.03055 -4.00896e+01 | 53 -0.00333 -3.34883e+01 | 54 -0.01602 -2.36246e+01
 55 -0.00231 -2.71805e+01 | 56  0.00227 -2.89947e+01 | 57  0.00865 -3.43511e+01
 58  0.02384 -3.66732e+01 | 59  0.01610 -3.26846e+01 | 60  0.00681 -2.47180e+01
 61  0.02087 -3.16662e+01 | 62 -0.01709 -8.95696e+00 | 63  0.02125 -2.79077e+01
 64 -0.01749 -7.41257e+00 | 65  0.01769 -2.47298e+01 | 66  0.00041 -1.08390e+01
 67  0.00193 -1.19056e+01 | 68  0.03273 -3.40208e+01 | 69 -0.01966 -4.58143e-02
 70 -0.01703 -1.39960e+00 | 71 -0.01257  7.89790e-01 | 72 -0.00133 -4.34151e+00
 73 -0.04668  1.26723e+01 | 74 -0.01182  4.14625e+00 | 75  0.06089 -2.68023e+01
 76 -0.05951  1.69953e+01 | 77  0.03963 -4.05422e+00 | 78 -0.00419  9.39769e+00
 79 -0.01106  1.31477e+01 | 80 -0.00675  1.28856e+01 | 81 -0.02369  1.70776e+01
 82 -0.01186  1.66507e+01 | 83 -0.00534  1.90429e+01 | 84  0.00921  1.63610e+01
 85  0.01313  1.93779e+01 | 86 -0.01664  2.21826e+01 | 87 -0.00493  2.27526e+01
 88  0.02538  2.17817e+01 | 89 -0.02424  2.47416e+01 | 90  0.01533  2.44703e+01
 91  0.02158  2.53605e+01 | 92 -0.05336  2.54452e+01 | 93  0.04429  2.77864e+01
 94 -0.01248  2.57828e+01 | 95  0.00056  2.61413e+01 | 96  0.00040  2.55504e+01
 97 -0.05244 -5.31297e+01 | 98 -0.41745  7.39599e+01 | 99 -0.27985 -1.93026e+00
100 -0.23781  3.18095e+00 |

Initial statistics: 107 variables; iteration 0; function evaluation 0; phase 4
Function value 5.8642413e+02; maximum gradient component mag -1.3551e+03
Var    Value     Gradient |Var    Value     Gradient |Var    Value     Gradient
  1 -0.42263 -1.72911e+02 |  2 -0.42263 -1.35506e+03 |  3 -0.41094 -5.12957e+02
  4  0.62993 -7.92063e+02 |  5  0.00000 -9.45473e-01 |  6  0.00000 -2.09203e-01
  7  0.00000 -2.55272e-01 |  8  0.00000 -3.11313e-01 |  9  0.00012  2.47309e+01
 10  0.00015  2.46943e+01 | 11  0.00019  2.46478e+01 | 12  0.00021  2.45656e+01
 13  0.00021  2.44161e+01 | 14  0.00017  2.41774e+01 | 15  0.00010  2.38659e+01
 16  0.00006  2.35466e+01 | 17  0.00013  2.32971e+01 | 18  0.00020  2.30991e+01
 19  0.00026  2.27652e+01 | 20  0.00015  2.21058e+01 | 21 -0.00004  2.12511e+01
 22 -0.00004  2.06080e+01 | 23  0.00019  2.01944e+01 | 24  0.00016  1.93396e+01
 25 -0.00026  1.78376e+01 | 26 -0.00047  1.65593e+01 | 27  0.00001  1.56170e+01
 28 -0.00041  1.43831e+01 | 29 -0.00031  1.30090e+01 | 30  0.00156  1.26480e+01
 31  0.00018  9.95428e+00 | 32  0.00245  8.56539e+00 | 33  0.00739  6.20448e+00
 34  0.00708  5.70026e+00 | 35 -0.00484  5.47885e+00 | 36 -0.00555  3.06902e+00
 37 -0.00770  1.77125e+00 | 38 -0.00270 -1.13208e+00 | 39 -0.00021 -4.15197e+00
 40 -0.00390 -6.05485e+00 | 41 -0.00469 -7.33176e+00 | 42  0.03125 -2.41550e+01
 43 -0.00019 -1.37018e+01 | 44 -0.00200 -1.40151e+01 | 45 -0.00455 -1.76524e+01
 46 -0.00147 -2.02732e+01 | 47 -0.01429 -1.70183e+01 | 48 -0.00629 -2.28437e+01
 49  0.00199 -2.48575e+01 | 50  0.00048 -2.80359e+01 | 51  0.01595 -3.62515e+01
 52 -0.01011 -2.50715e+01 | 53  0.01562 -3.67313e+01 | 54  0.00502 -3.59032e+01
 55 -0.00838 -3.01855e+01 | 56 -0.01516 -2.44120e+01 | 57 -0.01577 -2.67912e+01
 58  0.00394 -3.60359e+01 | 59  0.03055 -4.01019e+01 | 60 -0.00333 -3.35103e+01
 61 -0.01602 -2.35927e+01 | 62 -0.00231 -2.71858e+01 | 63  0.00227 -2.90200e+01
 64  0.00865 -3.43348e+01 | 65  0.02384 -3.67104e+01 | 66  0.01610 -3.27041e+01
 67  0.00681 -2.47384e+01 | 68  0.02087 -3.16874e+01 | 69 -0.01709 -8.96066e+00
 70  0.02125 -2.79283e+01 | 71 -0.01749 -7.42487e+00 | 72  0.01769 -2.47304e+01
 73  0.00041 -1.08534e+01 | 74  0.00193 -1.19146e+01 | 75  0.03273 -3.40382e+01
 76 -0.01966 -5.16418e-02 | 77 -0.01703 -1.40734e+00 | 78 -0.01257  7.93104e-01
 79 -0.00133 -4.33921e+00 | 80 -0.04668  1.26723e+01 | 81 -0.01182  4.13784e+00
 82  0.06089 -2.67897e+01 | 83 -0.05951  1.69880e+01 | 84  0.03963 -4.06312e+00
 85 -0.00419  9.39717e+00 | 86 -0.01106  1.31521e+01 | 87 -0.00675  1.28879e+01
 88 -0.02369  1.70787e+01 | 89 -0.01186  1.66530e+01 | 90 -0.00534  1.90496e+01
 91  0.00921  1.63748e+01 | 92  0.01313  1.93853e+01 | 93 -0.01664  2.21850e+01
 94 -0.00493  2.27480e+01 | 95  0.02538  2.17830e+01 | 96 -0.02424  2.47337e+01
 97  0.01533  2.44763e+01 | 98  0.02158  2.53642e+01 | 99 -0.05336  2.54534e+01
100  0.04429  2.77893e+01 |101 -0.01248  2.57865e+01 |102  0.00056  2.61959e+01
103  0.00040  2.55436e+01 |104 -0.05244 -5.31347e+01 |105 -0.41745  7.39701e+01
106 -0.27985 -1.93661e+00 |107 -0.23781  3.20051e+00 |

Intermediate statistics: 107 variables; iteration 20; function evaluation 27; phase 4
Function value 5.8497712e+02; maximum gradient component mag 5.1624e+02
Var    Value     Gradient |Var    Value     Gradient |Var    Value     Gradient
  1 -0.41556  2.73902e+01 |  2 -0.41750  4.15460e+02 |  3 -0.42289  1.97972e+02
  4  0.63171  5.16238e+02 |  5  0.00003  3.96122e-01 |  6  0.00001  8.76239e-02
  7  0.00001  1.06923e-01 |  8  0.00001  1.30410e-01 |  9  0.00024 -1.71487e+01
 10  0.00024 -1.71135e+01 | 11  0.00025 -1.70709e+01 | 12  0.00025 -1.70194e+01
 13  0.00025 -1.69577e+01 | 14  0.00025 -1.68839e+01 | 15  0.00026 -1.67955e+01
 16  0.00026 -1.66893e+01 | 17  0.00030 -1.65610e+01 | 18  0.00028 -1.64086e+01
 19  0.00029 -1.62297e+01 | 20  0.00029 -1.60237e+01 | 21  0.00029 -1.57872e+01
 22  0.00030 -1.55116e+01 | 23  0.00031 -1.51937e+01 | 24  0.00031 -1.48464e+01
 25  0.00031 -1.44775e+01 | 26  0.00032 -1.40726e+01 | 27  0.00071 -1.36074e+01
 28  0.00045 -1.31648e+01 | 29  0.00069 -1.26499e+01 | 30  0.00231 -1.23232e+01
 31  0.00201 -1.18276e+01 | 32  0.00406 -1.09690e+01 | 33  0.00895 -9.48400e+00
 34  0.00781 -8.46118e+00 | 35 -0.00321 -9.45960e+00 | 36 -0.00336 -8.89059e+00
 37 -0.00530 -8.33664e+00 | 38 -0.00065 -6.71289e+00 | 39  0.00193 -5.25109e+00
 40 -0.00102 -4.94388e+00 | 41 -0.00190 -4.15226e+00 | 42  0.03054  7.26662e+00
 43  0.00295 -3.00676e-01 | 44  0.00033  2.86371e-01 | 45 -0.00077  6.62734e-01
 46  0.00100  3.05903e+00 | 47 -0.01039  2.03777e-01 | 48 -0.00298  3.61940e+00
 49  0.00209  7.07333e+00 | 50  0.00252  7.92127e+00 | 51  0.01369  1.53655e+01
 52 -0.00683  6.42902e+00 | 53  0.01127  1.75329e+01 | 54  0.00554  1.51474e+01
 55 -0.00578  9.92349e+00 | 56 -0.01329  7.51629e+00 | 57 -0.01224  8.11107e+00
 58  0.00385  1.67890e+01 | 59  0.01314  2.66617e+01 | 60 -0.00171  1.46255e+01
 61 -0.01517  8.53495e+00 | 62 -0.00388  1.37012e+01 | 63 -0.00040  1.55383e+01
 64  0.00669  1.86635e+01 | 65  0.01710  2.55368e+01 | 66  0.01266  2.22108e+01
 67  0.00410  1.64207e+01 | 68  0.01768  2.49598e+01 | 69 -0.01841  6.14551e+00
 70  0.01901  2.65536e+01 | 71 -0.01815  5.95008e+00 | 72  0.01641  2.24240e+01
 73 -0.00066  1.27391e+01 | 74  0.00131  1.28950e+01 | 75  0.03252  4.97151e+01
 76 -0.02044  4.44984e+00 | 77 -0.01801 -3.65382e-01 | 78 -0.01317  8.45122e+00
 79 -0.00188  1.22809e+01 | 80 -0.04724 -3.07419e+00 | 81 -0.01183  4.21296e+00
 82  0.06088  6.26111e+01 | 83 -0.05990 -8.68318e+00 | 84  0.04018  5.23752e+01
 85 -0.00462  1.58055e+00 | 86 -0.01110  1.60058e+00 | 87 -0.00712  1.38052e+00
 88 -0.02400 -5.14923e+00 | 89 -0.01195 -2.49394e+00 | 90 -0.00555 -2.07405e+00
 91  0.00931  3.07815e+00 | 92  0.01288 -4.85933e+00 | 93 -0.01709 -1.31959e+01
 94 -0.00524 -1.25408e+01 | 95  0.02539 -3.39022e+00 | 96 -0.02478 -1.67851e+01
 97  0.01496 -1.29402e+01 | 98  0.02081 -1.97871e+01 | 99 -0.05392 -1.66037e+01
100  0.04366 -1.65522e+01 |101 -0.01296 -1.69864e+01 |102 -0.00006 -1.72832e+01
103  0.00023 -1.73049e+01 |104 -0.04217  3.03201e+01 |105 -0.41275 -4.09235e+01
106 -0.29701 -4.13443e+00 |107 -0.25365  5.23531e+00 |
107 variables; iteration 40; function evaluation 52; phase 4
Function value 5.8481997e+02; maximum gradient component mag 2.1557e+02
Var    Value     Gradient |Var    Value     Gradient |Var    Value     Gradient
  1 -0.41592  9.90039e+00 |  2 -0.41623  1.78458e+02 |  3 -0.42406  8.60818e+01
  4  0.63071  2.15570e+02 |  5  0.00008  2.58743e-01 |  6  0.00002  5.75516e-02
  7  0.00002  7.01483e-02 |  8  0.00003  8.54453e-02 |  9 -0.00013 -7.58799e+00
 10 -0.00011 -7.54351e+00 | 11 -0.00008 -7.49097e+00 | 12 -0.00006 -7.43938e+00
 13 -0.00005 -7.39993e+00 | 14 -0.00005 -7.37852e+00 | 15 -0.00006 -7.36370e+00
 16 -0.00006 -7.32247e+00 | 17  0.00001 -7.21755e+00 | 18  0.00004 -7.05638e+00
 19  0.00009 -6.91178e+00 | 20  0.00007 -6.85527e+00 | 21  0.00003 -6.82278e+00
 22  0.00006 -6.65741e+00 | 23  0.00017 -6.36533e+00 | 24  0.00019 -6.18931e+00
 25  0.00009 -6.17733e+00 | 26  0.00008 -6.04380e+00 | 27  0.00053 -5.75260e+00
 28  0.00026 -5.56413e+00 | 29  0.00051 -5.32412e+00 | 30  0.00221 -5.04554e+00
 31  0.00166 -5.24269e+00 | 32  0.00368 -4.87665e+00 | 33  0.00853 -4.27904e+00
 34  0.00860 -2.08032e+00 | 35 -0.00308 -3.46036e+00 | 36 -0.00314 -3.05479e+00
 37 -0.00514 -2.95366e+00 | 38 -0.00035 -1.98787e+00 | 39  0.00233 -1.18519e+00
 40 -0.00062 -1.09019e+00 | 41 -0.00147 -6.53348e-01 | 42  0.03094  4.58725e+00
 43  0.00376  1.53456e+00 | 44  0.00095  1.53623e+00 | 45 -0.00013  1.63201e+00
 46  0.00092  1.43464e+00 | 47 -0.01016  6.13913e-01 | 48 -0.00274  2.19481e+00
 49  0.00218  3.71292e+00 | 50  0.00323  5.03671e+00 | 51  0.01409  8.14531e+00
 52 -0.00625  3.91675e+00 | 53  0.01084  7.61802e+00 | 54  0.00509  6.03486e+00
 55 -0.00618  3.54870e+00 | 56 -0.01329  3.39217e+00 | 57 -0.01222  3.45608e+00
 58  0.00446  8.55597e+00 | 59  0.01234  1.23838e+01 | 60 -0.00159  6.58795e+00
 61 -0.01455  5.25225e+00 | 62 -0.00439  4.84651e+00 | 63  0.00038  8.83940e+00
 64  0.00711  9.13246e+00 | 65  0.01563  8.03624e+00 | 66  0.01259  9.54801e+00
 67  0.00489  1.06860e+01 | 68  0.01745  1.06052e+01 | 69 -0.01919  6.52203e-01
 70  0.01924  1.40866e+01 | 71 -0.01843  1.92067e+00 | 72  0.01663  1.15779e+01
 73 -0.00077  5.18760e+00 | 74  0.00114  3.61624e+00 | 75  0.03219  2.01593e+01
 76 -0.02039  2.82665e-01 | 77 -0.01752  7.32694e-01 | 78 -0.01309  2.14677e+00
 79 -0.00176  5.04196e+00 | 80 -0.04720 -2.51160e+00 | 81 -0.01192  1.75581e+00
 82  0.06051  1.78955e+01 | 83 -0.05946 -1.67928e+00 | 84  0.03961  1.63918e+01
 85 -0.00442  9.60591e-01 | 86 -0.01112 -3.02767e-01 | 87 -0.00711 -7.72258e-01
 88 -0.02403 -4.15164e+00 | 89 -0.01212 -3.05803e+00 | 90 -0.00558 -2.02146e+00
 91  0.00906 -1.40624e+00 | 92  0.01294 -3.72923e+00 | 93 -0.01656 -1.81790e+00
 94 -0.00497 -4.11294e+00 | 95  0.02537 -2.18736e+00 | 96 -0.02446 -7.31333e+00
 97  0.01515 -4.64760e+00 | 98  0.02117 -8.60376e+00 | 99 -0.05377 -6.63449e+00
100  0.04391 -5.96806e+00 |101 -0.01300 -7.10575e+00 |102 -0.00020 -7.29176e+00
103 -0.00003 -7.49805e+00 |104 -0.04138  1.22529e+01 |105 -0.41259 -1.56561e+01
106 -0.29459  9.57583e-01 |107 -0.25260 -1.53196e+00 |
107 variables; iteration 60; function evaluation 82; phase 4
Function value 5.8477794e+02; maximum gradient component mag 4.0152e+01
Var    Value     Gradient |Var    Value     Gradient |Var    Value     Gradient
  1 -0.41595  1.60619e+00 |  2 -0.41523  4.01515e+01 |  3 -0.42514  1.83050e+01
  4  0.63029  3.73187e+01 |  5  0.00003  4.60990e-02 |  6  0.00001  1.00580e-02
  7  0.00001  1.22726e-02 |  8  0.00001  1.49656e-02 |  9  0.00022 -1.17212e+00
 10  0.00023 -1.16296e+00 | 11  0.00023 -1.15212e+00 | 12  0.00024 -1.14215e+00
 13  0.00024 -1.13633e+00 | 14  0.00024 -1.13664e+00 | 15  0.00024 -1.14027e+00
 16  0.00024 -1.13806e+00 | 17  0.00028 -1.11883e+00 | 18  0.00027 -1.08385e+00
 19  0.00028 -1.05521e+00 | 20  0.00027 -1.05730e+00 | 21  0.00025 -1.07248e+00
 22  0.00026 -1.04650e+00 | 23  0.00029 -9.75757e-01 | 24  0.00028 -9.50669e-01
 25  0.00023 -1.00044e+00 | 26  0.00022 -1.00861e+00 | 27  0.00062 -9.52169e-01
 28  0.00033 -9.37718e-01 | 29  0.00057 -9.00205e-01 | 30  0.00223 -7.94469e-01
 31  0.00197 -7.36885e-01 | 32  0.00432 -1.85499e-01 | 33  0.00855 -1.02981e+00
 34  0.00803 -1.21251e-01 | 35 -0.00314 -3.80437e-01 | 36 -0.00333 -4.22913e-01
 37 -0.00540 -6.56312e-01 | 38 -0.00057 -1.54845e-01 | 39  0.00202 -4.12036e-02
 40 -0.00110 -3.78667e-01 | 41 -0.00193 -1.99802e-01 | 42  0.03068  1.44649e+00
 43  0.00326  4.54237e-01 | 44  0.00046  3.18154e-01 | 45 -0.00048  4.76027e-01
 46  0.00099  2.68669e-01 | 47 -0.01021  1.90316e-01 | 48 -0.00287  3.74660e-01
 49  0.00200  7.37292e-01 | 50  0.00288  1.27186e+00 | 51  0.01376  1.99440e+00
 52 -0.00667  4.65230e-01 | 53  0.01080  1.40275e+00 | 54  0.00569  1.28191e+00
 55 -0.00530  1.30310e+00 | 56 -0.01312  6.79707e-01 | 57 -0.01206  3.16248e-01
 58  0.00374  6.61765e-01 | 59  0.01141  2.26838e+00 | 60 -0.00126  1.25486e+00
 61 -0.01480  1.21342e+00 | 62 -0.00365  1.62785e+00 | 63 -0.00037  1.44231e+00
 64  0.00679  1.63958e+00 | 65  0.01671  1.86771e+00 | 66  0.01273  2.11400e+00
 67  0.00415  1.56504e+00 | 68  0.01745  1.92298e+00 | 69 -0.01863 -1.06549e-01
 70  0.01871  2.18185e+00 | 71 -0.01817  3.15833e-01 | 72  0.01647  1.85782e+00
 73 -0.00075  8.97105e-01 | 74  0.00131  1.14851e+00 | 75  0.03196  2.43034e+00
 76 -0.02029  1.52352e-01 | 77 -0.01733  2.17464e-01 | 78 -0.01305  3.15811e-01
 79 -0.00175  4.79145e-01 | 80 -0.04714 -1.94791e-01 | 81 -0.01197  7.55530e-01
 82  0.06045  2.65329e+00 | 83 -0.05973 -5.29605e-01 | 84  0.03933  1.07909e+00
 85 -0.00443 -3.44479e-01 | 86 -0.01120 -3.67557e-01 | 87 -0.00709 -7.53254e-01
 88 -0.02402 -9.16729e-01 | 89 -0.01212 -7.65859e-01 | 90 -0.00564 -7.24555e-01
 91  0.00904 -6.07508e-01 | 92  0.01298 -7.46910e-01 | 93 -0.01673 -5.44928e-01
 94 -0.00502 -9.51396e-01 | 95  0.02532 -8.66151e-01 | 96 -0.02438 -1.26923e+00
 97  0.01512 -9.82059e-01 | 98  0.02125 -1.32126e+00 | 99 -0.05382 -1.12072e+00
100  0.04377 -1.23589e+00 |101 -0.01306 -1.32103e+00 |102 -0.00002 -1.08128e+00
103  0.00024 -1.13551e+00 |104 -0.04148  2.53207e+00 |105 -0.41286 -3.53133e+00
106 -0.29494  4.35518e-01 |107 -0.25266 -8.24265e-01 |
Maximum number of function evaluations exceeded

 - final statistics:
107 variables; iteration 70; function evaluation 100
Function value 5.8478e+02; maximum gradient component mag 2.8939e+01
Exit code = 3;  converg criter 1.0000e+00
Var    Value     Gradient |Var    Value     Gradient |Var    Value     Gradient
  1 -0.41591  1.72739e+00 |  2 -0.41515  2.89387e+01 |  3 -0.42527  1.26439e+01
  4  0.63022  2.40843e+01 |  5  0.00003  2.53991e-02 |  6  0.00001  5.58334e-03
  7  0.00001  6.81377e-03 |  8  0.00001  8.31178e-03 |  9  0.00021 -7.61411e-01
 10  0.00021 -7.58419e-01 | 11  0.00021 -7.54820e-01 | 12  0.00021 -7.50944e-01
 13  0.00022 -7.47236e-01 | 14  0.00022 -7.43941e-01 | 15  0.00022 -7.40540e-01
 16  0.00023 -7.35433e-01 | 17  0.00026 -7.26601e-01 | 18  0.00024 -7.14049e-01
 19  0.00025 -7.01250e-01 | 20  0.00025 -6.92446e-01 | 21  0.00025 -6.84813e-01
 22  0.00025 -6.68350e-01 | 23  0.00026 -6.41616e-01 | 24  0.00026 -6.22081e-01
 25  0.00025 -6.17051e-01 | 26  0.00025 -6.03021e-01 | 27  0.00065 -5.73266e-01
 28  0.00037 -5.53134e-01 | 29  0.00061 -5.23844e-01 | 30  0.00223 -4.87154e-01
 31  0.00199 -4.13235e-01 | 32  0.00403 -3.43238e-01 | 33  0.00888 -3.59437e-01
 34  0.00780 -2.53496e-01 | 35 -0.00324 -3.14271e-01 | 36 -0.00337 -2.73141e-01
 37 -0.00528 -2.51975e-01 | 38 -0.00065 -1.43488e-01 | 39  0.00194 -5.20270e-02
 40 -0.00099 -8.36347e-02 | 41 -0.00185  1.82066e-03 | 42  0.03041  6.83177e-01
 43  0.00314  2.17069e-01 | 44  0.00044  2.19742e-01 | 45 -0.00058  2.56024e-01
 46  0.00109  3.33806e-01 | 47 -0.01019  1.95549e-01 | 48 -0.00279  3.85227e-01
 49  0.00203  5.79185e-01 | 50  0.00270  6.75607e-01 | 51  0.01350  1.07144e+00
 52 -0.00657  4.60119e-01 | 53  0.01094  1.13879e+00 | 54  0.00576  9.37492e-01
 55 -0.00543  7.42032e-01 | 56 -0.01306  5.60160e-01 | 57 -0.01182  5.82218e-01
 58  0.00420  9.87554e-01 | 59  0.01138  1.68144e+00 | 60 -0.00123  8.83399e-01
 61 -0.01495  6.17701e-01 | 62 -0.00378  9.00810e-01 | 63 -0.00039  9.48072e-01
 64  0.00677  1.08719e+00 | 65  0.01684  1.43597e+00 | 66  0.01263  1.24520e+00
 67  0.00411  9.32340e-01 | 68  0.01745  1.28704e+00 | 69 -0.01841  3.24747e-01
 70  0.01867  1.27155e+00 | 71 -0.01811  3.27521e-01 | 72  0.01647  1.11729e+00
 73 -0.00072  6.12498e-01 | 74  0.00131  6.39584e-01 | 75  0.03197  1.39280e+00
 76 -0.02027  1.31522e-01 | 77 -0.01731  1.57589e-01 | 78 -0.01304  1.73179e-01
 79 -0.00173  2.71885e-01 | 80 -0.04715 -2.81470e-01 | 81 -0.01202  5.06331e-02
 82  0.06045  1.37719e+00 | 83 -0.05975 -4.65235e-01 | 84  0.03933  4.17906e-01
 85 -0.00441 -2.20127e-01 | 86 -0.01119 -3.15656e-01 | 87 -0.00705 -3.53920e-01
 88 -0.02400 -5.01862e-01 | 89 -0.01210 -4.58743e-01 | 90 -0.00563 -4.85373e-01
 91  0.00905 -4.52540e-01 | 92  0.01299 -5.04943e-01 | 93 -0.01675 -5.92534e-01
 94 -0.00502 -6.60436e-01 | 95  0.02533 -6.25834e-01 | 96 -0.02436 -7.46153e-01
 97  0.01513 -7.09042e-01 | 98  0.02127 -7.87679e-01 | 99 -0.05384 -7.65649e-01
100  0.04376 -8.07232e-01 |101 -0.01302 -7.91818e-01 |102 -0.00009 -7.49189e-01
103  0.00020 -7.62996e-01 |104 -0.04145  1.61651e+00 |105 -0.41286 -2.28741e+00
106 -0.29507  1.51856e-01 |107 -0.25273 -2.70306e-01 |

Initial statistics: 110 variables; iteration 0; function evaluation 0; phase 5
Function value 5.8477663e+02; maximum gradient component mag -3.6003e+02
Var    Value     Gradient |Var    Value     Gradient |Var    Value     Gradient
  1 -0.41591  1.72197e+00 |  2 -0.41515  2.88454e+01 |  3 -0.42527  1.26015e+01
  4 -0.41222  4.15060e+01 |  5 -0.41222  1.74671e+01 |  6  0.63022  2.40049e+01
  7  0.00003  2.54008e-02 |  8  0.00001  5.58387e-03 |  9  0.00001  6.81437e-03
 10  0.00001  8.31244e-03 | 11  0.00021 -7.58948e-01 | 12  0.00021 -7.55938e-01
 13  0.00021 -7.52318e-01 | 14  0.00021 -7.48428e-01 | 15  0.00022 -7.44721e-01
 16  0.00022 -7.41451e-01 | 17  0.00022 -7.38087e-01 | 18  0.00023 -7.33005e-01
 19  0.00026 -7.24156e-01 | 20  0.00024 -7.11551e-01 | 21  0.00025 -6.98728e-01
 22  0.00025 -6.89990e-01 | 23  0.00025 -6.82456e-01 | 24  0.00025 -6.66000e-01
 25  0.00026 -6.39198e-01 | 26  0.00026 -6.19698e-01 | 27  0.00025 -6.14813e-01
 28  0.00025 -6.00850e-01 | 29  0.00065 -5.71097e-01 | 30  0.00037 -5.51059e-01
 31  0.00061 -5.21969e-01 | 32  0.00223 -4.85395e-01 | 33  0.00199 -4.12175e-01
 34  0.00403 -3.41544e-01 | 35  0.00888 -3.57883e-01 | 36  0.00780 -2.52884e-01
 37 -0.00324 -3.12848e-01 | 38 -0.00337 -2.72153e-01 | 39 -0.00528 -2.50634e-01
 40 -0.00065 -1.42921e-01 | 41  0.00194 -5.19679e-02 | 42 -0.00099 -8.27433e-02
 43 -0.00185  1.77923e-03 | 44  0.03041  6.80538e-01 | 45  0.00314  2.16478e-01
 46  0.00044  2.19103e-01 | 47 -0.00058  2.55361e-01 | 48  0.00109  3.32998e-01
 49 -0.01019  1.94817e-01 | 50 -0.00279  3.84497e-01 | 51  0.00203  5.77885e-01
 52  0.00270  6.73396e-01 | 53  0.01350  1.06860e+00 | 54 -0.00657  4.59390e-01
 55  0.01094  1.13586e+00 | 56  0.00576  9.34210e-01 | 57 -0.00543  7.40178e-01
 58 -0.01306  5.57910e-01 | 59 -0.01182  5.80622e-01 | 60  0.00420  9.84493e-01
 61  0.01138  1.67719e+00 | 62 -0.00123  8.79588e-01 | 63 -0.01495  6.16033e-01
 64 -0.00378  8.97765e-01 | 65 -0.00039  9.45268e-01 | 66  0.00677  1.08363e+00
 67  0.01684  1.43177e+00 | 68  0.01263  1.24123e+00 | 69  0.00411  9.29452e-01
 70  0.01745  1.28308e+00 | 71 -0.01841  3.23967e-01 | 72  0.01867  1.26758e+00
 73 -0.01811  3.26581e-01 | 74  0.01647  1.11373e+00 | 75 -0.00072  6.10633e-01
 76  0.00131  6.37506e-01 | 77  0.03197  1.38830e+00 | 78 -0.02027  1.31150e-01
 79 -0.01731  1.57117e-01 | 80 -0.01304  1.72597e-01 | 81 -0.00173  2.70996e-01
 82 -0.04715 -2.80563e-01 | 83 -0.01202  5.02781e-02 | 84  0.06045  1.37186e+00
 85 -0.05975 -4.63672e-01 | 86  0.03933  4.16472e-01 | 87 -0.00441 -2.19321e-01
 88 -0.01119 -3.14605e-01 | 89 -0.00705 -3.52675e-01 | 90 -0.02400 -5.00095e-01
 91 -0.01210 -4.57128e-01 | 92 -0.00563 -4.83711e-01 | 93  0.00905 -4.51000e-01
 94  0.01299 -5.03270e-01 | 95 -0.01675 -5.90602e-01 | 96 -0.00502 -6.58169e-01
 97  0.02533 -6.23701e-01 | 98 -0.02436 -7.43531e-01 | 99  0.01513 -7.06623e-01
100  0.02127 -7.84942e-01 |101 -0.05384 -7.63005e-01 |102  0.04376 -8.04413e-01
103 -0.01302 -7.89439e-01 |104 -0.00009 -7.46597e-01 |105  0.00020 -7.60365e-01
106  0.00000 -3.60028e+02 |107 -0.04145  1.61099e+00 |108 -0.41286 -2.27945e+00
109 -0.29507  1.51227e-01 |110 -0.25273 -2.69102e-01 |

Intermediate statistics: 110 variables; iteration 20; function evaluation 26; phase 5
Function value 5.8425038e+02; maximum gradient component mag -3.3923e+02
Var    Value     Gradient |Var    Value     Gradient |Var    Value     Gradient
  1 -0.41707 -2.83377e+01 |  2 -0.41319 -3.39229e+02 |  3 -0.42703 -1.45551e+02
  4 -0.41199  1.01941e+01 |  5 -0.43721 -3.83223e+00 |  6  0.62915 -2.25524e+02
  7  0.00002 -1.96070e-01 |  8  0.00000 -4.34215e-02 |  9  0.00001 -5.29800e-02
 10  0.00001 -6.46084e-02 | 11  0.00021  7.89418e+00 | 12  0.00021  7.87828e+00
 13  0.00022  7.85894e+00 | 14  0.00022  7.83471e+00 | 15  0.00022  7.80376e+00
 16  0.00022  7.76445e+00 | 17  0.00022  7.71634e+00 | 18  0.00022  7.66054e+00
 19  0.00026  7.59859e+00 | 20  0.00023  7.52931e+00 | 21  0.00024  7.44409e+00
 22  0.00023  7.33379e+00 | 23  0.00022  7.20205e+00 | 24  0.00022  7.06438e+00
 25  0.00022  6.92230e+00 | 26  0.00021  6.74685e+00 | 27  0.00018  6.52684e+00
 28  0.00017  6.30334e+00 | 29  0.00054  6.07625e+00 | 30  0.00023  5.84123e+00
 31  0.00042  5.57684e+00 | 32  0.00197  5.44372e+00 | 33  0.00167  5.21789e+00
 34  0.00382  4.76744e+00 | 35  0.00913  3.89673e+00 | 36  0.00790  3.82758e+00
 37 -0.00337  4.40160e+00 | 38 -0.00352  3.74288e+00 | 39 -0.00541  3.54424e+00
 40 -0.00076  2.66754e+00 | 41  0.00197  1.97180e+00 | 42 -0.00114  1.97287e+00
 43 -0.00199  1.21200e+00 | 44  0.03049 -3.75951e+00 | 45  0.00328 -2.86476e-01
 46 -0.00001 -2.99319e-01 | 47 -0.00109 -9.68386e-01 | 48  0.00074 -2.04977e+00
 49 -0.01055 -5.69718e-01 | 50 -0.00314 -2.61661e+00 | 51  0.00169 -3.89468e+00
 52  0.00206 -4.48466e+00 | 53  0.01337 -7.73912e+00 | 54 -0.00675 -4.30424e+00
 55  0.01188 -8.23875e+00 | 56  0.00550 -7.50306e+00 | 57 -0.00565 -5.32355e+00
 58 -0.01335 -4.31646e+00 | 59 -0.01207 -4.60965e+00 | 60  0.00404 -9.27076e+00
 61  0.01175 -1.07683e+01 | 62 -0.00136 -7.72506e+00 | 63 -0.01498 -4.19311e+00
 64 -0.00398 -6.84700e+00 | 65 -0.00068 -7.79635e+00 | 66  0.00646 -9.33867e+00
 67  0.01676 -1.18840e+01 | 68  0.01250 -1.02183e+01 | 69  0.00419 -6.67357e+00
 70  0.01724 -1.05646e+01 | 71 -0.01862 -3.66936e+00 | 72  0.01858 -1.04138e+01
 73 -0.01817 -2.12022e+00 | 74  0.01685 -5.85344e+00 | 75 -0.00073 -2.43226e+00
 76  0.00155 -3.43503e+00 | 77  0.03192 -1.30252e+01 | 78 -0.01947  5.86049e-01
 79 -0.01674 -3.21371e+00 | 80 -0.01244  2.93509e-01 | 81 -0.00175 -1.23313e+01
 82 -0.04675 -7.68822e-01 | 83 -0.01243 -1.25187e+01 | 84  0.06110 -8.58362e+00
 85 -0.05787  1.09436e+01 | 86  0.03970 -1.60554e+01 | 87 -0.00438 -1.01612e+01
 88 -0.01054 -3.63372e-02 | 89 -0.00708 -5.36665e+00 | 90 -0.02349  6.75264e+00
 91 -0.01176  2.29902e+00 | 92 -0.00483  1.11913e+01 | 93  0.00910  1.21963e+00
 94  0.01349  8.41160e+00 | 95 -0.01701  3.04861e+00 | 96 -0.00437  1.43791e+01
 97  0.02524  8.24166e+00 | 98 -0.02404  8.22471e+00 | 99  0.01450  2.79110e+00
100  0.02122  1.07387e+01 |101 -0.05479  4.60342e+00 |102  0.04372  1.22287e+01
103 -0.01245  9.39880e+00 |104 -0.00006  8.02796e+00 |105  0.00021  7.98824e+00
106  0.00119 -1.76324e+02 |107 -0.04143 -1.42889e+01 |108 -0.41296  1.85018e+01
109 -0.28195 -3.81783e+00 |110 -0.24639  7.94087e+00 |
110 variables; iteration 40; function evaluation 47; phase 5
Function value 5.8413775e+02; maximum gradient component mag -4.6929e+02
Var    Value     Gradient |Var    Value     Gradient |Var    Value     Gradient
  1 -0.41685 -3.21776e+01 |  2 -0.41150 -4.69290e+02 |  3 -0.42916 -2.07262e+02
  4 -0.41164  1.96485e+00 |  5 -0.44443 -6.73357e+00 |  6  0.62801 -3.66453e+02
  7 -0.00000 -3.62765e-01 |  8 -0.00000 -7.99938e-02 |  9 -0.00000 -9.76519e-02
 10 -0.00000 -1.19186e-01 | 11  0.00003  1.17202e+01 | 12  0.00003  1.16836e+01
 13  0.00003  1.16393e+01 | 14  0.00002  1.15887e+01 | 15  0.00002  1.15336e+01
 16  0.00002  1.14743e+01 | 17  0.00003  1.14060e+01 | 18  0.00003  1.13173e+01
 19  0.00005  1.11934e+01 | 20  0.00000  1.10328e+01 | 21 -0.00001  1.08548e+01
 22 -0.00001  1.06872e+01 | 23 -0.00001  1.05056e+01 | 24 -0.00003  1.02478e+01
 25 -0.00009  9.90489e+00 | 26 -0.00013  9.58484e+00 | 27 -0.00009  9.33255e+00
 28 -0.00009  9.00871e+00 | 29  0.00024  8.56841e+00 | 30 -0.00006  8.20503e+00
 31  0.00010  7.76272e+00 | 32  0.00155  7.43602e+00 | 33  0.00114  6.93576e+00
 34  0.00389  7.04044e+00 | 35  0.00954  5.86813e+00 | 36  0.00874  6.17121e+00
 37 -0.00462  4.10953e+00 | 38 -0.00378  4.72135e+00 | 39 -0.00582  4.09989e+00
 40 -0.00078  3.29373e+00 | 41  0.00228  2.46644e+00 | 42 -0.00199  8.35522e-01
 43 -0.00148  1.76258e+00 | 44  0.03037 -7.84514e+00 | 45  0.00362 -1.54203e+00
 46 -0.00060 -2.59266e+00 | 47 -0.00179 -3.54741e+00 | 48  0.00148 -3.34603e+00
 49 -0.01058 -2.02850e+00 | 50 -0.00297 -4.99059e+00 | 51  0.00124 -8.12386e+00
 52  0.00085 -9.87781e+00 | 53  0.01322 -1.41914e+01 | 54 -0.00717 -8.50412e+00
 55  0.01237 -1.50073e+01 | 56  0.00574 -1.35195e+01 | 57 -0.00692 -1.17717e+01
 58 -0.01364 -8.44312e+00 | 59 -0.01197 -8.03948e+00 | 60  0.00332 -1.64276e+01
 61  0.01472 -1.61939e+01 | 62 -0.00189 -1.42434e+01 | 63 -0.01529 -8.73103e+00
 64 -0.00333 -1.09238e+01 | 65 -0.00045 -1.32009e+01 | 66  0.00646 -1.61168e+01
 67  0.01704 -2.02978e+01 | 68  0.01208 -1.90106e+01 | 69  0.00415 -1.28084e+01
 70  0.01698 -1.90737e+01 | 71 -0.01725 -2.97195e+00 | 72  0.01866 -1.82609e+01
 73 -0.01843 -6.16287e+00 | 74  0.01663 -1.64764e+01 | 75 -0.00089 -8.27229e+00
 76  0.00182 -5.59686e+00 | 77  0.03194 -2.28883e+01 | 78 -0.01905  2.20465e+00
 79 -0.01644 -5.65277e+00 | 80 -0.01236 -3.38743e+00 | 81 -0.00097 -7.02228e+00
 82 -0.04638  1.81415e+00 | 83 -0.01159 -7.31741e+00 | 84  0.06145 -1.92355e+01
 85 -0.05721  1.39838e+01 | 86  0.04029 -1.22378e+01 | 87 -0.00364 -5.36514e+00
 88 -0.01008  3.03738e+00 | 89 -0.00642  1.51688e+00 | 90 -0.02335  7.59566e+00
 91 -0.01155  3.85659e+00 | 92 -0.00479  1.02037e+01 | 93  0.00907 -6.24107e-01
 94  0.01344  6.92749e+00 | 95 -0.01608  1.68298e+01 | 96 -0.00462  1.17659e+01
 97  0.02519  9.56650e+00 | 98 -0.02447  5.94655e+00 | 99  0.01508  1.77349e+01
100  0.02094  1.23997e+01 |101 -0.05482  9.77386e+00 |102  0.04289  7.24645e+00
103 -0.01200  1.44270e+01 |104 -0.00042  1.16157e+01 |105 -0.00000  1.18098e+01
106  0.00172 -1.33425e+02 |107 -0.04167 -2.43826e+01 |108 -0.41319  3.28687e+01
109 -0.28055 -2.16308e-01 |110 -0.24678  6.09701e-01 |
110 variables; iteration 60; function evaluation 75; phase 5
Function value 5.8407026e+02; maximum gradient component mag -5.2485e+02
Var    Value     Gradient |Var    Value     Gradient |Var    Value     Gradient
  1 -0.41710 -3.58356e+01 |  2 -0.41057 -5.24853e+02 |  3 -0.43011 -2.35395e+02
  4 -0.41194 -4.20026e+00 |  5 -0.44791 -8.39827e+00 |  6  0.62770 -4.33662e+02
  7  0.00000 -4.25177e-01 |  8  0.00000 -9.39603e-02 |  9  0.00000 -1.14664e-01
 10 -0.00000 -1.39872e-01 | 11  0.00014  1.37893e+01 | 12  0.00014  1.37505e+01
 13  0.00014  1.37036e+01 | 14  0.00014  1.36478e+01 | 15  0.00014  1.35824e+01
 16  0.00014  1.35061e+01 | 17  0.00014  1.34155e+01 | 18  0.00014  1.33047e+01
 19  0.00016  1.31663e+01 | 20  0.00012  1.29983e+01 | 21  0.00011  1.28042e+01
 22  0.00011  1.25908e+01 | 23  0.00010  1.23480e+01 | 24  0.00008  1.20536e+01
 25  0.00005  1.17042e+01 | 26  0.00002  1.13357e+01 | 27  0.00001  1.09625e+01
 28 -0.00000  1.05426e+01 | 29  0.00034  1.00498e+01 | 30  0.00002  9.59289e+00
 31  0.00017  9.06137e+00 | 32  0.00167  8.75322e+00 | 33  0.00133  8.28777e+00
 34  0.00370  7.67348e+00 | 35  0.00952  6.27345e+00 | 36  0.00807  5.56529e+00
 37 -0.00414  5.52527e+00 | 38 -0.00376  5.25875e+00 | 39 -0.00574  4.66323e+00
 40 -0.00088  3.29755e+00 | 41  0.00194  1.81371e+00 | 42 -0.00170  1.14143e+00
 43 -0.00184  8.59829e-01 | 44  0.03033 -1.01820e+01 | 45  0.00338 -3.00347e+00
 46 -0.00049 -3.46532e+00 | 47 -0.00152 -4.27726e+00 | 48  0.00088 -5.82133e+00
 49 -0.01088 -3.53902e+00 | 50 -0.00337 -7.17661e+00 | 51  0.00141 -1.00326e+01
 52  0.00124 -1.15073e+01 | 53  0.01321 -1.76443e+01 | 54 -0.00669 -9.95640e+00
 55  0.01150 -1.99206e+01 | 56  0.00637 -1.65828e+01 | 57 -0.00640 -1.36471e+01
 58 -0.01357 -1.06066e+01 | 59 -0.01255 -1.16261e+01 | 60  0.00406 -1.97820e+01
 61  0.01200 -2.40135e+01 | 62 -0.00135 -1.73332e+01 | 63 -0.01539 -1.12258e+01
 64 -0.00428 -1.59190e+01 | 65 -0.00089 -1.73569e+01 | 66  0.00625 -2.04139e+01
 67  0.01700 -2.50367e+01 | 68  0.01294 -2.12454e+01 | 69  0.00380 -1.70682e+01
 70  0.01683 -2.40309e+01 | 71 -0.01798 -6.85819e+00 | 72  0.01839 -2.40013e+01
 73 -0.01832 -7.35620e+00 | 74  0.01666 -2.01004e+01 | 75 -0.00106 -1.13657e+01
 76  0.00152 -1.05980e+01 | 77  0.03194 -2.56460e+01 | 78 -0.01918 -1.49655e+00
 79 -0.01611 -3.73796e+00 | 80 -0.01229 -3.50367e+00 | 81 -0.00076 -5.84580e+00
 82 -0.04603  5.51705e+00 | 83 -0.01101 -1.04146e+00 | 84  0.06157 -2.40748e+01
 85 -0.05776  1.03967e+01 | 86  0.04055 -9.14899e+00 | 87 -0.00304  1.90207e+00
 88 -0.00986  4.97446e+00 | 89 -0.00615  5.15090e+00 | 90 -0.02330  8.31324e+00
 91 -0.01136  7.56541e+00 | 92 -0.00481  9.24540e+00 | 93  0.00936  6.14885e+00
 94  0.01354  8.67623e+00 | 95 -0.01644  1.39827e+01 | 96 -0.00463  1.22562e+01
 97  0.02512  1.09555e+01 | 98 -0.02414  1.15576e+01 | 99  0.01468  1.45079e+01
100  0.02089  1.38363e+01 |101 -0.05449  1.34287e+01 |102  0.04309  1.35500e+01
103 -0.01287  1.47050e+01 |104 -0.00022  1.38673e+01 |105  0.00013  1.39404e+01
106  0.00204 -1.07793e+02 |107 -0.04183 -2.93058e+01 |108 -0.41320  4.05745e+01
109 -0.27741 -5.29013e-01 |110 -0.24542  6.91796e-01 |
110 variables; iteration 80; function evaluation 111; phase 5
Function value 5.8405437e+02; maximum gradient component mag -6.5259e+01
Var    Value     Gradient |Var    Value     Gradient |Var    Value     Gradient
  1 -0.41702 -4.41852e+00 |  2 -0.40973 -6.52591e+01 |  3 -0.43127 -2.91347e+01
  4 -0.41167 -1.03517e+00 |  5 -0.45030 -1.08875e+00 |  6  0.62734 -5.51962e+01
  7 -0.00001 -6.81919e-02 |  8 -0.00000 -1.51576e-02 |  9 -0.00000 -1.84922e-02
 10 -0.00000 -2.25466e-02 | 11  0.00018  1.78973e+00 | 12  0.00017  1.78375e+00
 13  0.00017  1.77653e+00 | 14  0.00017  1.76800e+00 | 15  0.00017  1.75809e+00
 16  0.00016  1.74660e+00 | 17  0.00016  1.73297e+00 | 18  0.00015  1.71630e+00
 19  0.00018  1.69555e+00 | 20  0.00014  1.67071e+00 | 21  0.00013  1.64236e+00
 22  0.00011  1.61080e+00 | 23  0.00009  1.57462e+00 | 24  0.00007  1.53236e+00
 25  0.00004  1.48564e+00 | 26  0.00001  1.43556e+00 | 27 -0.00002  1.37947e+00
 28 -0.00005  1.32116e+00 | 29  0.00030  1.26550e+00 | 30 -0.00002  1.21655e+00
 31  0.00013  1.17049e+00 | 32  0.00163  1.15139e+00 | 33  0.00120  1.04775e+00
 34  0.00342  9.72921e-01 | 35  0.00929  7.87814e-01 | 36  0.00792  7.44330e-01
 37 -0.00386  8.37529e-01 | 38 -0.00382  7.17784e-01 | 39 -0.00574  6.37092e-01
 40 -0.00106  4.19073e-01 | 41  0.00166  5.43192e-02 | 42 -0.00156  3.34708e-01
 43 -0.00232 -1.46975e-01 | 44  0.03025 -1.26392e+00 | 45  0.00337 -2.88935e-01
 46 -0.00035 -2.44210e-01 | 47 -0.00152 -4.19332e-01 | 48  0.00061 -6.92371e-01
 49 -0.01129 -8.05503e-01 | 50 -0.00356 -1.00065e+00 | 51  0.00104 -1.65299e+00
 52  0.00150 -1.13007e+00 | 53  0.01287 -2.49782e+00 | 54 -0.00665 -9.63070e-01
 55  0.01250 -1.81664e+00 | 56  0.00540 -2.26707e+00 | 57 -0.00587 -1.42249e+00
 58 -0.01369 -1.41054e+00 | 59 -0.01265 -1.69215e+00 | 60  0.00397 -2.73379e+00
 61  0.01118 -3.77589e+00 | 62 -0.00134 -2.10265e+00 | 63 -0.01543 -1.41330e+00
 64 -0.00422 -1.93743e+00 | 65 -0.00076 -2.21598e+00 | 66  0.00622 -2.93745e+00
 67  0.01669 -3.71134e+00 | 68  0.01257 -3.10110e+00 | 69  0.00379 -2.50988e+00
 70  0.01705 -3.07907e+00 | 71 -0.01810 -1.17450e+00 | 72  0.01872 -3.08790e+00
 73 -0.01790 -7.72649e-01 | 74  0.01681 -2.80942e+00 | 75 -0.00091 -1.60581e+00
 76  0.00158 -1.72922e+00 | 77  0.03203 -3.30012e+00 | 78 -0.01913 -7.85119e-01
 79 -0.01590 -2.18334e-01 | 80 -0.01213 -4.69181e-01 | 81 -0.00062 -5.31533e-01
 82 -0.04588  7.09994e-01 | 83 -0.01074  4.46067e-01 | 84  0.06176 -3.53417e+00
 85 -0.05793  7.45266e-01 | 86  0.04079 -8.33529e-01 | 87 -0.00276  8.76468e-01
 88 -0.00963  8.30444e-01 | 89 -0.00603  8.01365e-01 | 90 -0.02317  1.01876e+00
 91 -0.01128  1.00260e+00 | 92 -0.00472  8.35558e-01 | 93  0.00951  1.32227e+00
 94  0.01368  1.08869e+00 | 95 -0.01666  9.52056e-01 | 96 -0.00455  1.34227e+00
 97  0.02512  1.40316e+00 | 98 -0.02389  2.06084e+00 | 99  0.01452  1.34130e+00
100  0.02092  1.70786e+00 |101 -0.05442  1.83933e+00 |102  0.04322  2.04711e+00
103 -0.01322  1.79052e+00 |104 -0.00014  1.78857e+00 |105  0.00018  1.81225e+00
106  0.00224 -1.09346e+01 |107 -0.03987 -3.76209e+00 |108 -0.41232  5.42153e+00
109 -0.27561 -2.38040e-02 |110 -0.24500  7.37296e-02 |
110 variables; iteration 100; function evaluation 147; phase 5
Function value 5.8405335e+02; maximum gradient component mag -4.8584e+00
Var    Value     Gradient |Var    Value     Gradient |Var    Value     Gradient
  1 -0.41697 -3.28772e-01 |  2 -0.40960 -4.85844e+00 |  3 -0.43149 -2.20423e+00
  4 -0.41144 -6.11592e-02 |  5 -0.45089 -7.75361e-02 |  6  0.62724 -4.12373e+00
  7 -0.00001 -5.72915e-03 |  8 -0.00000 -1.28190e-03 |  9 -0.00000 -1.56386e-03
 10 -0.00000 -1.90597e-03 | 11  0.00014  1.30219e-01 | 12  0.00014  1.29839e-01
 13  0.00014  1.29384e-01 | 14  0.00013  1.28845e-01 | 15  0.00013  1.28206e-01
 16  0.00013  1.27443e-01 | 17  0.00013  1.26484e-01 | 18  0.00012  1.25359e-01
 19  0.00015  1.24095e-01 | 20  0.00011  1.22768e-01 | 21  0.00010  1.21249e-01
 22  0.00009  1.19241e-01 | 23  0.00007  1.16854e-01 | 24  0.00005  1.14621e-01
 25  0.00003  1.12263e-01 | 26 -0.00000  1.08865e-01 | 27 -0.00003  1.05267e-01
 28 -0.00006  1.00608e-01 | 29  0.00028  9.17333e-02 | 30 -0.00005  8.30176e-02
 31  0.00010  8.48299e-02 | 32  0.00158  7.91175e-02 | 33  0.00117  7.97538e-02
 34  0.00337  7.08615e-02 | 35  0.00926  5.45517e-02 | 36  0.00785  5.05301e-02
 37 -0.00393  6.03224e-02 | 38 -0.00388  5.05276e-02 | 39 -0.00579  4.35530e-02
 40 -0.00110  3.21609e-02 | 41  0.00173  1.14483e-02 | 42 -0.00169  1.11713e-02
 43 -0.00223  2.39799e-03 | 44  0.03021 -9.86633e-02 | 45  0.00328 -3.51587e-02
 46 -0.00050 -3.99347e-02 | 47 -0.00162 -4.34703e-02 | 48  0.00052 -6.51814e-02
 49 -0.01117 -3.31006e-02 | 50 -0.00356 -7.52768e-02 | 51  0.00124 -8.54182e-02
 52  0.00125 -1.16438e-01 | 53  0.01300 -1.65391e-01 | 54 -0.00683 -1.07069e-01
 55  0.01203 -2.07527e-01 | 56  0.00547 -1.73659e-01 | 57 -0.00604 -1.35371e-01
 58 -0.01370 -1.10645e-01 | 59 -0.01260 -1.10942e-01 | 60  0.00403 -1.86065e-01
 61  0.01160 -2.28198e-01 | 62 -0.00146 -1.79137e-01 | 63 -0.01545 -1.16265e-01
 64 -0.00427 -1.71046e-01 | 65 -0.00076 -1.70445e-01 | 66  0.00640 -1.88829e-01
 67  0.01689 -2.38274e-01 | 68  0.01266 -2.18950e-01 | 69  0.00391 -1.68666e-01
 70  0.01710 -2.28779e-01 | 71 -0.01798 -7.23809e-02 | 72  0.01880 -2.25091e-01
 73 -0.01788 -6.33862e-02 | 74  0.01688 -1.97045e-01 | 75 -0.00085 -1.08013e-01
 76  0.00165 -1.06516e-01 | 77  0.03207 -2.35454e-01 | 78 -0.01906 -2.89645e-02
 79 -0.01588 -2.38347e-02 | 80 -0.01210 -2.56313e-02 | 81 -0.00060 -4.13333e-02
 82 -0.04585  5.45097e-02 | 83 -0.01074  1.42276e-02 | 84  0.06179 -2.20449e-01
 85 -0.05785  8.09749e-02 | 86  0.04081 -6.06691e-02 | 87 -0.00276  4.69856e-02
 88 -0.00960  6.18615e-02 | 89 -0.00601  5.91976e-02 | 90 -0.02314  8.40474e-02
 91 -0.01126  7.80567e-02 | 92 -0.00468  8.09847e-02 | 93  0.00951  8.47260e-02
 94  0.01370  8.79338e-02 | 95 -0.01660  1.04382e-01 | 96 -0.00452  1.10660e-01
 97  0.02514  1.06540e-01 | 98 -0.02390  1.30826e-01 | 99  0.01455  1.18624e-01
100  0.02094  1.30163e-01 |101 -0.05444  1.32104e-01 |102  0.04322  1.41783e-01
103 -0.01324  1.21503e-01 |104 -0.00017  1.32535e-01 |105  0.00014  1.31801e-01
106  0.00225 -8.44383e-01 |107 -0.03966 -2.76237e-01 |108 -0.41224  3.93165e-01
109 -0.27575 -5.51063e-03 |110 -0.24516  7.78019e-03 |
  ic > imax  in fminim is answer attained ?
Var    Value     Gradient |Var    Value     Gradient |Var    Value     Gradient
  1 -0.41697 -1.36996e-04 |  2 -0.40959 -2.00041e-03 |  3 -0.43150 -9.23437e-04
  4 -0.41144 -1.94887e-05 |  5 -0.45091 -2.92036e-05 |  6  0.62724 -1.69838e-03
  7 -0.00001 -8.63648e-06 |  8 -0.00000  3.36368e-06 |  9 -0.00000  3.39320e-06
 10 -0.00000  3.02021e-06 | 11  0.00014  5.77606e-05 | 12  0.00014  5.60673e-05
 13  0.00014  5.40832e-05 | 14  0.00013  5.22081e-05 | 15  0.00013  5.10538e-05
 16  0.00013  5.10300e-05 | 17  0.00013  5.15181e-05 | 18  0.00012  5.30648e-05
 19  0.00015  5.53425e-05 | 20  0.00011  5.49892e-05 | 21  0.00010  4.90649e-05
 22  0.00009  4.20800e-05 | 23  0.00007  3.99931e-05 | 24  0.00005  5.45174e-05
 25  0.00003  3.86722e-05 | 26 -0.00001  3.78268e-05 | 27 -0.00004  3.60935e-05
 28 -0.00006  4.71574e-05 | 29  0.00028  4.42995e-05 | 30 -0.00004  3.36315e-05
 31  0.00010  3.59521e-05 | 32  0.00158  3.28224e-05 | 33  0.00117  3.05607e-05
 34  0.00336  2.73326e-05 | 35  0.00926  2.10998e-05 | 36  0.00785  2.10691e-05
 37 -0.00393  2.30870e-05 | 38 -0.00388  1.85146e-05 | 39 -0.00579  1.69679e-05
 40 -0.00111  9.93804e-06 | 41  0.00173  5.04017e-06 | 42 -0.00169 -8.28988e-07
 43 -0.00223 -6.65518e-07 | 44  0.03021 -4.21936e-05 | 45  0.00328 -1.46499e-05
 46 -0.00049 -1.77285e-05 | 47 -0.00162 -2.02061e-05 | 48  0.00052 -2.94555e-05
 49 -0.01117 -1.68355e-05 | 50 -0.00356 -3.18652e-05 | 51  0.00123 -4.08366e-05
 52  0.00126 -5.09578e-05 | 53  0.01300 -7.15965e-05 | 54 -0.00683 -4.28471e-05
 55  0.01204 -7.65415e-05 | 56  0.00547 -8.01442e-05 | 57 -0.00604 -5.63752e-05
 58 -0.01370 -4.29993e-05 | 59 -0.01261 -4.55471e-05 | 60  0.00403 -8.64128e-05
 61  0.01159 -9.59436e-05 | 62 -0.00145 -7.40996e-05 | 63 -0.01545 -4.62376e-05
 64 -0.00426 -6.47042e-05 | 65 -0.00076 -6.74035e-05 | 66  0.00640 -7.74430e-05
 67  0.01689 -1.02270e-04 | 68  0.01266 -8.78689e-05 | 69  0.00391 -6.56517e-05
 70  0.01711 -9.12224e-05 | 71 -0.01798 -2.70049e-05 | 72  0.01880 -8.76565e-05
 73 -0.01788 -2.38638e-05 | 74  0.01689 -7.59619e-05 | 75 -0.00085 -3.89408e-05
 76  0.00165 -3.90932e-05 | 77  0.03207 -9.14292e-05 | 78 -0.01906 -6.50973e-06
 79 -0.01588 -9.26003e-06 | 80 -0.01209 -8.83179e-06 | 81 -0.00060 -1.71024e-05
 82 -0.04585  2.25725e-05 | 83 -0.01074  3.58996e-06 | 84  0.06180 -8.04500e-05
 85 -0.05785  3.64884e-05 | 86  0.04081 -2.54729e-05 | 87 -0.00276  1.62756e-05
 88 -0.00960  2.42636e-05 | 89 -0.00601  2.44721e-05 | 90 -0.02314  3.56036e-05
 91 -0.01126  3.40111e-05 | 92 -0.00468  3.65522e-05 | 93  0.00951  3.24401e-05
 94  0.01371  3.73324e-05 | 95 -0.01660  4.59799e-05 | 96 -0.00452  4.76081e-05
 97  0.02514  4.40211e-05 | 98 -0.02390  5.06445e-05 | 99  0.01455  5.11872e-05
100  0.02094  5.38796e-05 |101 -0.05444  5.35819e-05 |102  0.04322  5.63852e-05
103 -0.01323  5.32573e-05 |104 -0.00017  5.49041e-05 |105  0.00014  5.92924e-05
106  0.00225 -3.21989e-04 |107 -0.03965 -1.12697e-04 |108 -0.41223  1.59810e-04
109 -0.27575 -2.85300e-06 |110 -0.24516  3.32107e-06 |
Function minimizer not making progress ... is minimum attained?
Minimprove criterion = 0.0000e+00

 - final statistics:
110 variables; iteration 117; function evaluation 205
Function value 5.8405e+02; maximum gradient component mag -2.0004e-03
Exit code = 1;  converg criter 1.0000e-04
Var    Value     Gradient |Var    Value     Gradient |Var    Value     Gradient
  1 -0.41697 -1.36996e-04 |  2 -0.40959 -2.00041e-03 |  3 -0.43150 -9.23437e-04
  4 -0.41144 -1.94887e-05 |  5 -0.45091 -2.92036e-05 |  6  0.62724 -1.69838e-03
  7 -0.00001 -8.63648e-06 |  8 -0.00000  3.36368e-06 |  9 -0.00000  3.39320e-06
 10 -0.00000  3.02021e-06 | 11  0.00014  5.77606e-05 | 12  0.00014  5.60673e-05
 13  0.00014  5.40832e-05 | 14  0.00013  5.22081e-05 | 15  0.00013  5.10538e-05
 16  0.00013  5.10300e-05 | 17  0.00013  5.15181e-05 | 18  0.00012  5.30648e-05
 19  0.00015  5.53425e-05 | 20  0.00011  5.49892e-05 | 21  0.00010  4.90649e-05
 22  0.00009  4.20800e-05 | 23  0.00007  3.99931e-05 | 24  0.00005  5.45174e-05
 25  0.00003  3.86722e-05 | 26 -0.00001  3.78268e-05 | 27 -0.00004  3.60935e-05
 28 -0.00006  4.71574e-05 | 29  0.00028  4.42995e-05 | 30 -0.00004  3.36315e-05
 31  0.00010  3.59521e-05 | 32  0.00158  3.28224e-05 | 33  0.00117  3.05607e-05
 34  0.00336  2.73326e-05 | 35  0.00926  2.10998e-05 | 36  0.00785  2.10691e-05
 37 -0.00393  2.30870e-05 | 38 -0.00388  1.85146e-05 | 39 -0.00579  1.69679e-05
 40 -0.00111  9.93804e-06 | 41  0.00173  5.04017e-06 | 42 -0.00169 -8.28988e-07
 43 -0.00223 -6.65518e-07 | 44  0.03021 -4.21936e-05 | 45  0.00328 -1.46499e-05
 46 -0.00049 -1.77285e-05 | 47 -0.00162 -2.02061e-05 | 48  0.00052 -2.94555e-05
 49 -0.01117 -1.68355e-05 | 50 -0.00356 -3.18652e-05 | 51  0.00123 -4.08366e-05
 52  0.00126 -5.09578e-05 | 53  0.01300 -7.15965e-05 | 54 -0.00683 -4.28471e-05
 55  0.01204 -7.65415e-05 | 56  0.00547 -8.01442e-05 | 57 -0.00604 -5.63752e-05
 58 -0.01370 -4.29993e-05 | 59 -0.01261 -4.55471e-05 | 60  0.00403 -8.64128e-05
 61  0.01159 -9.59436e-05 | 62 -0.00145 -7.40996e-05 | 63 -0.01545 -4.62376e-05
 64 -0.00426 -6.47042e-05 | 65 -0.00076 -6.74035e-05 | 66  0.00640 -7.74430e-05
 67  0.01689 -1.02270e-04 | 68  0.01266 -8.78689e-05 | 69  0.00391 -6.56517e-05
 70  0.01711 -9.12224e-05 | 71 -0.01798 -2.70049e-05 | 72  0.01880 -8.76565e-05
 73 -0.01788 -2.38638e-05 | 74  0.01689 -7.59619e-05 | 75 -0.00085 -3.89408e-05
 76  0.00165 -3.90932e-05 | 77  0.03207 -9.14292e-05 | 78 -0.01906 -6.50973e-06
 79 -0.01588 -9.26003e-06 | 80 -0.01209 -8.83179e-06 | 81 -0.00060 -1.71024e-05
 82 -0.04585  2.25725e-05 | 83 -0.01074  3.58996e-06 | 84  0.06180 -8.04500e-05
 85 -0.05785  3.64884e-05 | 86  0.04081 -2.54729e-05 | 87 -0.00276  1.62756e-05
 88 -0.00960  2.42636e-05 | 89 -0.00601  2.44721e-05 | 90 -0.02314  3.56036e-05
 91 -0.01126  3.40111e-05 | 92 -0.00468  3.65522e-05 | 93  0.00951  3.24401e-05
 94  0.01371  3.73324e-05 | 95 -0.01660  4.59799e-05 | 96 -0.00452  4.76081e-05
 97  0.02514  4.40211e-05 | 98 -0.02390  5.06445e-05 | 99  0.01455  5.11872e-05
100  0.02094  5.38796e-05 |101 -0.05444  5.35819e-05 |102  0.04322  5.63852e-05
103 -0.01323  5.32573e-05 |104 -0.00017  5.49041e-05 |105  0.00014  5.92924e-05
106  0.00225 -3.21989e-04 |107 -0.03965 -1.12697e-04 |108 -0.41223  1.59810e-04
109 -0.27575 -2.85300e-06 |110 -0.24516  3.32107e-06 |

Initial statistics: 111 variables; iteration 0; function evaluation 0; phase 6
Function value 5.8405335e+02; maximum gradient component mag -2.0004e-03
Var    Value     Gradient |Var    Value     Gradient |Var    Value     Gradient
  1 -0.41697 -1.36996e-04 |  2 -0.40959 -2.00041e-03 |  3 -0.43150 -9.23436e-04
  4 -0.41144 -1.94887e-05 |  5 -0.45091 -2.92035e-05 |  6  0.62724 -1.69837e-03
  7 -0.00001 -8.63648e-06 |  8 -0.00000  3.36368e-06 |  9 -0.00000  3.39320e-06
 10 -0.00000  3.02021e-06 | 11  0.00014  5.77192e-05 | 12  0.00014  5.60258e-05
 13  0.00014  5.40418e-05 | 14  0.00013  5.21667e-05 | 15  0.00013  5.10123e-05
 16  0.00013  5.09886e-05 | 17  0.00013  5.14767e-05 | 18  0.00012  5.30234e-05
 19  0.00015  5.53010e-05 | 20  0.00011  5.49478e-05 | 21  0.00010  4.90235e-05
 22  0.00009  4.20386e-05 | 23  0.00007  3.99517e-05 | 24  0.00005  5.44760e-05
 25  0.00003  3.86307e-05 | 26 -0.00001  3.77854e-05 | 27 -0.00004  3.60521e-05
 28 -0.00006  4.71160e-05 | 29  0.00028  4.42580e-05 | 30 -0.00004  3.35901e-05
 31  0.00010  3.59107e-05 | 32  0.00158  3.27810e-05 | 33  0.00117  3.05193e-05
 34  0.00336  2.72912e-05 | 35  0.00926  2.10584e-05 | 36  0.00785  2.10277e-05
 37 -0.00393  2.30456e-05 | 38 -0.00388  1.84732e-05 | 39 -0.00579  1.69265e-05
 40 -0.00111  9.89666e-06 | 41  0.00173  4.99880e-06 | 42 -0.00169 -8.70355e-07
 43 -0.00223 -7.06880e-07 | 44  0.03021 -4.22349e-05 | 45  0.00328 -1.46912e-05
 46 -0.00049 -1.77699e-05 | 47 -0.00162 -2.02474e-05 | 48  0.00052 -2.94968e-05
 49 -0.01117 -1.68769e-05 | 50 -0.00356 -3.19066e-05 | 51  0.00123 -4.08779e-05
 52  0.00126 -5.09991e-05 | 53  0.01300 -7.16377e-05 | 54 -0.00683 -4.28884e-05
 55  0.01204 -7.65827e-05 | 56  0.00547 -8.01854e-05 | 57 -0.00604 -5.64165e-05
 58 -0.01370 -4.30405e-05 | 59 -0.01261 -4.55884e-05 | 60  0.00403 -8.64541e-05
 61  0.01159 -9.59848e-05 | 62 -0.00145 -7.41409e-05 | 63 -0.01545 -4.62789e-05
 64 -0.00426 -6.47455e-05 | 65 -0.00076 -6.74448e-05 | 66  0.00640 -7.74843e-05
 67  0.01689 -1.02311e-04 | 68  0.01266 -8.79102e-05 | 69  0.00391 -6.56929e-05
 70  0.01711 -9.12636e-05 | 71 -0.01798 -2.70462e-05 | 72  0.01880 -8.76977e-05
 73 -0.01788 -2.39051e-05 | 74  0.01689 -7.60032e-05 | 75 -0.00085 -3.89821e-05
 76  0.00165 -3.91345e-05 | 77  0.03207 -9.14704e-05 | 78 -0.01906 -6.55106e-06
 79 -0.01588 -9.30137e-06 | 80 -0.01209 -8.87314e-06 | 81 -0.00060 -1.71437e-05
 82 -0.04585  2.25312e-05 | 83 -0.01074  3.54860e-06 | 84  0.06180 -8.04911e-05
 85 -0.05785  3.64472e-05 | 86  0.04081 -2.55142e-05 | 87 -0.00276  1.62342e-05
 88 -0.00960  2.42222e-05 | 89 -0.00601  2.44307e-05 | 90 -0.02314  3.55622e-05
 91 -0.01126  3.39697e-05 | 92 -0.00468  3.65108e-05 | 93  0.00951  3.23987e-05
 94  0.01371  3.72910e-05 | 95 -0.01660  4.59385e-05 | 96 -0.00452  4.75667e-05
 97  0.02514  4.39797e-05 | 98 -0.02390  5.06031e-05 | 99  0.01455  5.11457e-05
100  0.02094  5.38382e-05 |101 -0.05444  5.35406e-05 |102  0.04322  5.63438e-05
103 -0.01323  5.32158e-05 |104 -0.00017  5.48627e-05 |105  0.00014  5.92510e-05
106  0.00000  0.00000e+00 |107  0.00225 -3.21989e-04 |108 -0.03965 -1.12696e-04
109 -0.41223  1.59810e-04 |110 -0.27575 -2.85300e-06 |111 -0.24516  3.32107e-06
  ic > imax  in fminim is answer attained ?
Var    Value     Gradient |Var    Value     Gradient |Var    Value     Gradient
  1 -0.41697  1.18702e-05 |  2 -0.40959  1.02401e-03 |  3 -0.43150  4.39275e-04
  4 -0.41144  7.50260e-06 |  5 -0.45091  1.39136e-05 |  6  0.62724  9.83330e-04
  7 -0.00001 -2.23371e-06 |  8 -0.00000  1.99898e-06 |  9 -0.00000  2.10293e-06
 10 -0.00000  2.03609e-06 | 11  0.00014 -2.88944e-05 | 12  0.00014 -2.95331e-05
 13  0.00014 -3.02749e-05 | 14  0.00013 -3.09242e-05 | 15  0.00013 -3.11837e-05
 16  0.00013 -3.08506e-05 | 17  0.00013 -3.02070e-05 | 18  0.00012 -2.89826e-05
 19  0.00015 -2.73178e-05 | 20  0.00011 -2.67927e-05 | 21  0.00010 -2.87762e-05
 22  0.00009 -3.11244e-05 | 23  0.00007 -3.10115e-05 | 24  0.00005 -2.29027e-05
 25  0.00003 -2.89664e-05 | 26 -0.00001 -2.77955e-05 | 27 -0.00004 -2.68951e-05
 28 -0.00006 -1.98336e-05 | 29  0.00028 -1.91196e-05 | 30 -0.00004 -2.21588e-05
 31  0.00010 -1.87729e-05 | 32  0.00158 -1.89081e-05 | 33  0.00117 -1.76064e-05
 34  0.00336 -1.54478e-05 | 35  0.00926 -1.22009e-05 | 36  0.00785 -9.00998e-06
 37 -0.00393 -1.15784e-05 | 38 -0.00388 -1.04213e-05 | 39 -0.00579 -8.83929e-06
 40 -0.00111 -5.34923e-06 | 41  0.00173 -1.25199e-06 | 42 -0.00169 -2.53855e-06
 43 -0.00223  1.14054e-06 | 44  0.03021  2.78267e-05 | 45  0.00328  1.02057e-05
 46 -0.00049  9.71098e-06 | 47 -0.00162  1.22412e-05 | 48  0.00052  1.65651e-05
 49 -0.01117  1.16252e-05 | 50 -0.00356  1.92320e-05 | 51  0.00123  2.71402e-05
 52  0.00126  2.71590e-05 | 53  0.01300  4.51317e-05 | 54 -0.00683  2.61635e-05
 55  0.01204  5.17417e-05 | 56  0.00547  4.02759e-05 | 57 -0.00604  3.26206e-05
 58 -0.01370  2.76895e-05 | 59 -0.01261  3.00581e-05 | 60  0.00403  4.65079e-05
 61  0.01159  6.23380e-05 | 62 -0.00145  4.24808e-05 | 63 -0.01545  2.85027e-05
 64 -0.00426  3.91052e-05 | 65 -0.00076  4.30241e-05 | 66  0.00640  5.12189e-05
 67  0.01689  6.22252e-05 | 68  0.01266  5.49125e-05 | 69  0.00391  4.16190e-05
 70  0.01711  5.63837e-05 | 71 -0.01798  1.86584e-05 | 72  0.01880  5.47517e-05
 73 -0.01788  1.65342e-05 | 74  0.01689  4.90045e-05 | 75 -0.00085  2.43697e-05
 76  0.00165  2.08441e-05 | 77  0.03207  4.89735e-05 | 78 -0.01906 -1.72189e-06
 79 -0.01588  6.05872e-06 | 80 -0.01209  2.30430e-06 | 81 -0.00060  1.03357e-05
 82 -0.04585 -1.22524e-05 | 83 -0.01074 -3.27186e-06 | 84  0.06180 -4.59457e-07
 85 -0.05785 -2.25984e-05 | 86  0.04081  1.18707e-05 | 87 -0.00276 -9.50671e-06
 88 -0.00960 -1.51868e-05 | 89 -0.00601 -1.46097e-05 | 90 -0.02314 -2.38091e-05
 91 -0.01126 -2.67345e-05 | 92 -0.00468 -2.79418e-05 | 93  0.00951 -1.96167e-05
 94  0.01371 -2.40509e-05 | 95 -0.01660 -2.96956e-05 | 96 -0.00452 -2.86051e-05
 97  0.02514 -2.55488e-05 | 98 -0.02390 -2.35351e-05 | 99  0.01455 -3.25267e-05
100  0.02094 -2.80735e-05 |101 -0.05444 -3.09019e-05 |102  0.04322 -2.97483e-05
103 -0.01323 -3.19315e-05 |104 -0.00017 -3.09903e-05 |105  0.00014 -2.89133e-05
106  0.00000  0.00000e+00 |107  0.00225  2.89337e-04 |108 -0.03965  6.30517e-05
109 -0.41223 -9.11781e-05 |110 -0.27575 -6.86228e-07 |111 -0.24516 -3.11426e-06
Function minimizer not making progress ... is minimum attained?
Minimprove criterion = 0.0000e+00

 - final statistics:
111 variables; iteration 4; function evaluation 35
Function value 5.8405e+02; maximum gradient component mag 1.0240e-03
Exit code = 1;  converg criter 1.0000e-04
Var    Value     Gradient |Var    Value     Gradient |Var    Value     Gradient
  1 -0.41697  1.18702e-05 |  2 -0.40959  1.02401e-03 |  3 -0.43150  4.39275e-04
  4 -0.41144  7.50260e-06 |  5 -0.45091  1.39136e-05 |  6  0.62724  9.83330e-04
  7 -0.00001 -2.23371e-06 |  8 -0.00000  1.99898e-06 |  9 -0.00000  2.10293e-06
 10 -0.00000  2.03609e-06 | 11  0.00014 -2.88944e-05 | 12  0.00014 -2.95331e-05
 13  0.00014 -3.02749e-05 | 14  0.00013 -3.09242e-05 | 15  0.00013 -3.11837e-05
 16  0.00013 -3.08506e-05 | 17  0.00013 -3.02070e-05 | 18  0.00012 -2.89826e-05
 19  0.00015 -2.73178e-05 | 20  0.00011 -2.67927e-05 | 21  0.00010 -2.87762e-05
 22  0.00009 -3.11244e-05 | 23  0.00007 -3.10115e-05 | 24  0.00005 -2.29027e-05
 25  0.00003 -2.89664e-05 | 26 -0.00001 -2.77955e-05 | 27 -0.00004 -2.68951e-05
 28 -0.00006 -1.98336e-05 | 29  0.00028 -1.91196e-05 | 30 -0.00004 -2.21588e-05
 31  0.00010 -1.87729e-05 | 32  0.00158 -1.89081e-05 | 33  0.00117 -1.76064e-05
 34  0.00336 -1.54478e-05 | 35  0.00926 -1.22009e-05 | 36  0.00785 -9.00998e-06
 37 -0.00393 -1.15784e-05 | 38 -0.00388 -1.04213e-05 | 39 -0.00579 -8.83929e-06
 40 -0.00111 -5.34923e-06 | 41  0.00173 -1.25199e-06 | 42 -0.00169 -2.53855e-06
 43 -0.00223  1.14054e-06 | 44  0.03021  2.78267e-05 | 45  0.00328  1.02057e-05
 46 -0.00049  9.71098e-06 | 47 -0.00162  1.22412e-05 | 48  0.00052  1.65651e-05
 49 -0.01117  1.16252e-05 | 50 -0.00356  1.92320e-05 | 51  0.00123  2.71402e-05
 52  0.00126  2.71590e-05 | 53  0.01300  4.51317e-05 | 54 -0.00683  2.61635e-05
 55  0.01204  5.17417e-05 | 56  0.00547  4.02759e-05 | 57 -0.00604  3.26206e-05
 58 -0.01370  2.76895e-05 | 59 -0.01261  3.00581e-05 | 60  0.00403  4.65079e-05
 61  0.01159  6.23380e-05 | 62 -0.00145  4.24808e-05 | 63 -0.01545  2.85027e-05
 64 -0.00426  3.91052e-05 | 65 -0.00076  4.30241e-05 | 66  0.00640  5.12189e-05
 67  0.01689  6.22252e-05 | 68  0.01266  5.49125e-05 | 69  0.00391  4.16190e-05
 70  0.01711  5.63837e-05 | 71 -0.01798  1.86584e-05 | 72  0.01880  5.47517e-05
 73 -0.01788  1.65342e-05 | 74  0.01689  4.90045e-05 | 75 -0.00085  2.43697e-05
 76  0.00165  2.08441e-05 | 77  0.03207  4.89735e-05 | 78 -0.01906 -1.72189e-06
 79 -0.01588  6.05872e-06 | 80 -0.01209  2.30430e-06 | 81 -0.00060  1.03357e-05
 82 -0.04585 -1.22524e-05 | 83 -0.01074 -3.27186e-06 | 84  0.06180 -4.59457e-07
 85 -0.05785 -2.25984e-05 | 86  0.04081  1.18707e-05 | 87 -0.00276 -9.50671e-06
 88 -0.00960 -1.51868e-05 | 89 -0.00601 -1.46097e-05 | 90 -0.02314 -2.38091e-05
 91 -0.01126 -2.67345e-05 | 92 -0.00468 -2.79418e-05 | 93  0.00951 -1.96167e-05
 94  0.01371 -2.40509e-05 | 95 -0.01660 -2.96956e-05 | 96 -0.00452 -2.86051e-05
 97  0.02514 -2.55488e-05 | 98 -0.02390 -2.35351e-05 | 99  0.01455 -3.25267e-05
100  0.02094 -2.80735e-05 |101 -0.05444 -3.09019e-05 |102  0.04322 -2.97483e-05
103 -0.01323 -3.19315e-05 |104 -0.00017 -3.09903e-05 |105  0.00014 -2.89133e-05
106  0.00000  0.00000e+00 |107  0.00225  2.89337e-04 |108 -0.03965  6.30517e-05
109 -0.41223 -9.11781e-05 |110 -0.27575 -6.86228e-07 |111 -0.24516 -3.11426e-06
size of file gradfil1.tmp = 0
size of file gradfil2.tmp = 0
size of file varssave.tmp = 0
size of file cmpdiff.tmp = 0
