
Initial statistics: 1 variables; iteration 0; function evaluation 0; phase 1
Function value 7.4746555e+02; maximum gradient component mag 7.1850e+03
Var    Value     Gradient |Var    Value     Gradient |Var    Value     Gradient
  1  0.63197  7.18501e+03 |

 - final statistics:
1 variables; iteration 2; function evaluation 6
Function value 7.3250e+02; maximum gradient component mag 4.2611e-01
Exit code = 1;  converg criter 1.0000e+01
Var    Value     Gradient |Var    Value     Gradient |Var    Value     Gradient
  1  0.62852  4.26115e-01 |

Initial statistics: 98 variables; iteration 0; function evaluation 0; phase 2
Function value 7.3249982e+02; maximum gradient component mag 9.4545e+02
Var    Value     Gradient |Var    Value     Gradient |Var    Value     Gradient
  1  0.62852  4.26115e-01 |  2  0.00000  1.35417e+00 |  3  0.00000  1.54922e+00
  4  0.00000  1.78469e+00 |  5  0.00000  2.06830e+00 |  6  0.00000  2.40884e+00
  7  0.00000  2.81639e+00 |  8  0.00000  3.30074e+00 |  9  0.00000  3.87428e+00
 10  0.00000  4.55013e+00 | 11  0.00000  4.33736e+00 | 12  0.00000  4.19818e+00
 13  0.00000  7.18480e+00 | 14  0.00000  8.01598e+00 | 15  0.00000  2.86701e+00
 16  0.00000  7.07312e+00 | 17  0.00000  1.76543e-01 | 18  0.00000 -1.56636e+00
 19  0.00000 -7.15727e+00 | 20  0.00000  1.64542e+01 | 21  0.00000 -2.33829e+00
 22  0.00000  6.29105e+00 | 23  0.00000  6.61256e+00 | 24  0.00000  6.57351e+00
 25  0.00000  7.14812e+00 | 26  0.00000  9.24354e+00 | 27  0.00000  4.91429e+00
 28  0.00000  3.65107e+00 | 29  0.00000  2.19614e+01 | 30  0.00000  3.01864e+01
 31  0.00000  1.72992e+01 | 32  0.00000  1.75987e+01 | 33  0.00000  1.52345e+01
 34  0.00000 -2.94214e+00 | 35  0.00000 -2.07933e+01 | 36  0.00000  1.36949e+01
 37  0.00000  1.10217e+01 | 38  0.00000  3.59896e+00 | 39  0.00000  1.15124e+01
 40  0.00000 -2.68577e+01 | 41  0.00000  7.52610e-01 | 42  0.00000 -1.35504e+00
 43  0.00000  1.85617e+01 | 44  0.00000  4.52845e+01 | 45  0.00000  8.31919e+00
 46  0.00000  1.80720e+01 | 47  0.00000  6.11149e+00 | 48  0.00000 -1.09334e+00
 49  0.00000  2.61395e+01 | 50  0.00000  2.38569e+01 | 51  0.00000  1.92745e+01
 52  0.00000  2.60392e+01 | 53  0.00000  2.95889e+01 | 54  0.00000  3.03815e+00
 55  0.00000  2.45291e+01 | 56  0.00000  1.53335e+01 | 57  0.00000 -7.43557e-01
 58  0.00000  3.43490e+01 | 59  0.00000  1.35527e+01 | 60  0.00000 -1.34323e+01
 61  0.00000 -1.05339e+02 | 62  0.00000 -1.45070e+02 | 63  0.00000  2.98063e+01
 64  0.00000  2.70596e+01 | 65  0.00000  6.27668e+01 | 66  0.00000  3.13132e+02
 67  0.00000  2.71197e+02 | 68  0.00000  2.62068e+02 | 69  0.00000 -3.45437e+02
 70  0.00000 -2.25428e+02 | 71  0.00000 -2.73134e+02 | 72  0.00000  2.42376e+02
 73  0.00000 -4.26299e+02 | 74  0.00000 -7.30806e+02 | 75  0.00000  3.97123e+02
 76  0.00000 -1.43575e+02 | 77  0.00000  5.20261e+02 | 78  0.00000  5.68575e+02
 79  0.00000 -7.48556e+01 | 80  0.00000 -1.18242e+02 | 81  0.00000 -6.81985e+01
 82  0.00000 -4.71647e+02 | 83  0.00000 -9.41476e+01 | 84  0.00000 -7.07320e+02
 85  0.00000  9.45450e+02 | 86  0.00000  5.03291e+02 | 87  0.00000 -1.94299e+02
 88  0.00000  1.38944e+02 | 89  0.00000 -6.32475e+02 | 90  0.00000  4.37005e+02
 91  0.00000 -5.29336e+02 | 92  0.00000 -8.00901e+01 | 93  0.00000  1.37235e+02
 94  0.00000  1.31089e+01 | 95  0.00000  7.69487e-01 | 96  0.00000  4.50308e-01
 97 -0.03546  4.09544e+01 | 98 -0.31026 -4.78665e+01 |

Intermediate statistics: 98 variables; iteration 20; function evaluation 36; phase 2
Function value 5.9986009e+02; maximum gradient component mag 1.3449e+03
Var    Value     Gradient |Var    Value     Gradient |Var    Value     Gradient
  1  0.62808  1.34495e+03 |  2 -0.00058 -4.33920e+01 |  3 -0.00052 -4.28139e+01
  4 -0.00044 -4.21232e+01 |  5 -0.00035 -4.13024e+01 |  6 -0.00025 -4.03326e+01
  7 -0.00015 -3.91950e+01 |  8 -0.00005 -3.78721e+01 |  9  0.00005 -3.63508e+01
 10  0.00014 -3.46258e+01 | 11  0.00112 -3.21207e+01 | 12  0.00204 -2.94503e+01
 13  0.00025 -2.83524e+01 | 14  0.00035 -2.59883e+01 | 15  0.00521 -2.06198e+01
 16  0.00208 -2.07449e+01 | 17  0.00792 -1.51375e+01 | 18  0.00862 -1.41014e+01
 19  0.01209 -1.19273e+01 | 20 -0.00292 -1.89911e+01 | 21  0.01066 -9.20296e+00
 22  0.00405 -1.20227e+01 | 23  0.00321 -1.35802e+01 | 24  0.00300 -1.28409e+01
 25  0.00211 -1.28197e+01 | 26  0.00010 -1.37069e+01 | 27  0.00262 -1.19001e+01
 28  0.00302 -1.14363e+01 | 29 -0.00637 -1.34175e+01 | 30 -0.00812 -9.78969e+00
 31 -0.00452 -1.23231e+01 | 32 -0.00439 -1.14974e+01 | 33 -0.00302 -1.05171e+01
 34  0.00350 -1.22374e+01 | 35  0.00902 -1.54824e+01 | 36 -0.00418 -1.27388e+01
 37 -0.00278 -1.24027e+01 | 38  0.00285 -8.07530e+00 | 39 -0.00299 -1.21807e+01
 40  0.01003 -1.75641e+01 | 41  0.00071 -1.32690e+01 | 42  0.00096 -1.46420e+01
 43 -0.00672 -1.28975e+01 | 44 -0.01125 -6.71569e-01 | 45 -0.00079 -8.88692e+00
 46 -0.00714 -1.29857e+01 | 47 -0.00217 -1.31675e+01 | 48  0.00273 -9.82993e+00
 49 -0.00688 -6.08544e+00 | 50 -0.00404 -1.96853e+00 | 51 -0.00714 -1.16787e+01
 52 -0.00927 -1.07085e+01 | 53 -0.00854 -6.54129e+00 | 54  0.00009 -1.02030e+01
 55 -0.00406 -8.96302e-01 | 56 -0.00097 -2.73977e+00 | 57  0.00698  4.61540e-02
 58 -0.00247  9.39473e+00 | 59  0.00292  5.58184e+00 | 60  0.00323 -1.14054e+01
 61  0.01384 -4.15784e+01 | 62  0.01708 -6.62523e+01 | 63 -0.00635 -3.21223e+00
 64 -0.00886 -2.44460e+01 | 65 -0.00627  8.39064e+00 | 66 -0.02443  8.12952e+01
 67 -0.01686  4.13938e+01 | 68 -0.01440  4.36785e+01 | 69  0.01471  1.23100e+02
 70  0.00891 -1.15346e+01 | 71  0.01217  3.07119e+01 | 72 -0.01298  5.80698e+01
 73  0.01920  1.48168e+02 | 74  0.03261  8.52873e+01 | 75 -0.01731  9.87233e+01
 76  0.00734  7.27498e+01 | 77 -0.02245  6.40967e+01 | 78 -0.02625  1.95834e+02
 79  0.00359  9.25734e+01 | 80  0.00507  3.69783e+01 | 81  0.00285  5.50429e+01
 82  0.02144  1.12986e+01 | 83  0.00497  6.85783e+01 | 84  0.03124 -1.89585e+01
 85 -0.04044  1.67084e+02 | 86 -0.02287  1.03077e+02 | 87  0.00916 -4.47204e+01
 88 -0.00683  1.77175e+01 | 89  0.02929 -8.61520e+01 | 90 -0.02832  7.62018e+01
 91  0.02407 -1.88292e+02 | 92  0.00651 -7.22167e+01 | 93 -0.00350 -4.07844e+01
 94 -0.00243 -4.13794e+01 | 95 -0.00130 -4.63732e+01 | 96 -0.00095 -4.61479e+01
 97 -0.03891  9.52452e+01 | 98 -0.29059 -1.43614e+01 |
98 variables; iteration 40; function evaluation 61; phase 2
Function value 5.9136822e+02; maximum gradient component mag 5.8464e+02
Var    Value     Gradient |Var    Value     Gradient |Var    Value     Gradient
  1  0.62514  5.84639e+02 |  2 -0.00142 -1.93815e+01 |  3 -0.00157 -1.92910e+01
  4 -0.00174 -1.91566e+01 |  5 -0.00191 -1.89610e+01 |  6 -0.00209 -1.86833e+01
  7 -0.00227 -1.82985e+01 |  8 -0.00243 -1.77795e+01 |  9 -0.00258 -1.70975e+01
 10 -0.00271 -1.62274e+01 | 11 -0.00244 -1.55405e+01 | 12 -0.00199 -1.44109e+01
 13 -0.00291 -1.24330e+01 | 14 -0.00281 -1.08349e+01 | 15  0.00082 -8.98592e+00
 16 -0.00091 -7.11022e+00 | 17  0.00377 -5.08152e+00 | 18  0.00560 -2.80399e+00
 19  0.00922 -1.30977e+00 | 20 -0.00525 -5.15874e+00 | 21  0.00774  5.26450e-01
 22  0.00334  1.59390e+00 | 23  0.00334  1.67699e+00 | 24  0.00418  3.56721e+00
 25  0.00449  5.14017e+00 | 26  0.00309  5.16929e+00 | 27  0.00532  5.51830e+00
 28  0.00603  5.90999e+00 | 29 -0.00414  3.88686e+00 | 30 -0.00695  5.38080e+00
 31 -0.00077  6.39400e+00 | 32 -0.00028  7.11623e+00 | 33  0.00085  7.17302e+00
 34  0.00841  6.37094e+00 | 35  0.01520  5.06094e+00 | 36  0.00074  6.85392e+00
 37  0.00239  6.87731e+00 | 38  0.00745  8.78882e+00 | 39  0.00108  5.39571e+00
 40  0.01623  2.43520e+00 | 41  0.00484  3.98040e+00 | 42  0.00480  1.71102e+00
 43 -0.00473  1.25687e+00 | 44 -0.01094  1.00708e+01 | 45  0.00458  1.28363e+01
 46 -0.00549  1.49374e+00 | 47 -0.00023  3.72931e-01 | 48  0.00391  9.56079e-01
 49 -0.00669  4.51576e+00 | 50 -0.00106  1.49613e+01 | 51 -0.00690  6.80319e-01
 52 -0.01004 -4.47110e-01 | 53 -0.01030  9.13244e-01 | 54  0.00020 -8.54538e-01
 55 -0.00256  1.36005e+01 | 56 -0.00191  5.54841e+00 | 57  0.00771  9.56142e+00
 58 -0.00285  1.80581e+01 | 59  0.00476  1.78008e+01 | 60  0.00288 -6.77914e+00
 61  0.01931 -7.72548e+00 | 62  0.02501 -1.90897e+01 | 63 -0.00865 -5.80485e-01
 64 -0.00612  1.57204e+00 | 65 -0.00718  6.49173e+00 | 66 -0.03634  7.01401e+00
 67 -0.01798  2.50836e+01 | 68 -0.01623  1.54226e+01 | 69  0.01240  2.40945e+01
 70  0.01124  4.94213e+00 | 71  0.01248 -5.80753e+00 | 72 -0.01423  2.11460e+01
 73  0.01736  3.03128e+01 | 74  0.03305  1.43206e+01 | 75 -0.02170 -2.41177e-01
 76  0.00753  2.41113e+01 | 77 -0.02499 -1.25534e+01 | 78 -0.03763  4.07451e+01
 79  0.00231  1.59002e+01 | 80  0.00638  1.31342e+01 | 81  0.00211  2.83110e-02
 82  0.02262 -2.16364e+01 | 83  0.00325 -9.53801e-01 | 84  0.03493  9.88801e+00
 85 -0.05249  2.66165e+01 | 86 -0.02879  2.04565e+01 | 87  0.01069 -2.62282e+01
 88 -0.00789 -7.59653e-01 | 89  0.03280 -2.24087e+01 | 90 -0.03829  9.67963e+00
 91  0.02907 -7.34193e+01 | 92  0.01020 -1.68562e+01 | 93 -0.00156 -7.01197e+00
 94 -0.00383 -1.83391e+01 | 95 -0.00046 -1.90847e+01 | 96 -0.00051 -1.95018e+01
 97 -0.04204  2.54172e+01 | 98 -0.28602  5.68947e+00 |
98 variables; iteration 60; function evaluation 93; phase 2
Function value 5.9042781e+02; maximum gradient component mag 3.7983e+02
Var    Value     Gradient |Var    Value     Gradient |Var    Value     Gradient
  1  0.62511  3.79832e+02 |  2  0.00107 -9.06924e+00 |  3  0.00051 -9.66054e+00
  4 -0.00007 -1.02391e+01 |  5 -0.00061 -1.06910e+01 |  6 -0.00102 -1.08667e+01
  7 -0.00121 -1.06131e+01 |  8 -0.00114 -9.83204e+00 |  9 -0.00082 -8.53725e+00
 10 -0.00038 -6.88962e+00 | 11  0.00068 -5.07738e+00 | 12  0.00159 -3.34941e+00
 13  0.00019 -2.34860e+00 | 14  0.00002 -1.40462e+00 | 15  0.00324 -5.76121e-01
 16  0.00104  3.49817e-01 | 17  0.00552  1.67905e+00 | 18  0.00678  2.75885e+00
 19  0.01030  3.81928e+00 | 20 -0.00409  7.43831e-01 | 21  0.00807  4.33001e+00
 22  0.00263  3.84153e+00 | 23  0.00225  3.41169e+00 | 24  0.00284  4.75856e+00
 25  0.00307  6.11106e+00 | 26  0.00169  6.12709e+00 | 27  0.00362  5.67978e+00
 28  0.00412  5.59636e+00 | 29 -0.00438  7.29076e+00 | 30 -0.00938  4.20793e+00
 31 -0.00290  5.66176e+00 | 32 -0.00286  5.60774e+00 | 33 -0.00041  8.12517e+00
 34  0.00807  8.65536e+00 | 35  0.01441  5.75818e+00 | 36 -0.00013  8.04362e+00
 37  0.00092  6.93249e+00 | 38  0.00589  8.28113e+00 | 39  0.00098  8.29126e+00
 40  0.01870  1.09331e+01 | 41  0.00513  7.50035e+00 | 42  0.00619  7.49213e+00
 43 -0.00576  2.85112e+00 | 44 -0.01624  1.98345e+00 | 45  0.00015  3.99911e+00
 46 -0.00618  2.63318e+00 | 47  0.00108  5.48442e+00 | 48  0.00580  7.09103e+00
 49 -0.00742  5.72196e+00 | 50 -0.00363  1.05002e+01 | 51 -0.00439  7.47989e+00
 52 -0.00773  6.52476e+00 | 53 -0.01024  3.66655e+00 | 54  0.00267  7.11888e+00
 55 -0.00657  3.81970e+00 | 56 -0.00038  9.41200e+00 | 57  0.00719  6.77120e+00
 58 -0.00866  2.56644e+00 | 59  0.00122  5.18031e+00 | 60  0.00710  1.15512e+01
 61  0.02338  1.43668e+01 | 62  0.03176  1.68663e+01 | 63 -0.00834  3.43766e+00
 64 -0.00555  5.71687e+00 | 65 -0.00726  5.31380e+00 | 66 -0.03743  8.78688e-01
 67 -0.02022 -2.10823e-01 | 68 -0.01726 -1.16530e+00 | 69  0.01179  3.94951e+00
 70  0.01147  4.13527e+00 | 71  0.01310  4.49004e+00 | 72 -0.01598 -5.33859e+00
 73  0.01658 -1.17735e+00 | 74  0.03332  4.41674e+00 | 75 -0.02179 -4.92541e+00
 76  0.00650 -5.49962e+00 | 77 -0.02423 -6.03035e+00 | 78 -0.04295 -1.38044e+01
 79  0.00161 -7.61181e+00 | 80  0.00572 -8.39693e+00 | 81  0.00189 -6.85592e+00
 82  0.02388 -3.26412e+00 | 83  0.00308 -8.84534e+00 | 84  0.03478 -6.69224e+00
 85 -0.05697 -1.63110e+01 | 86 -0.03223 -1.76135e+01 | 87  0.01127 -8.68280e+00
 88 -0.00887 -1.13567e+01 | 89  0.03328 -1.20746e+01 | 90 -0.04248 -1.49260e+01
 91  0.03154 -5.03446e+00 | 92  0.00978 -1.17728e+01 | 93 -0.00305 -1.66301e+01
 94 -0.00279 -1.00247e+01 | 95  0.00124 -9.77212e+00 | 96  0.00318 -7.11469e+00
 97 -0.03964  2.63503e+01 | 98 -0.28594  1.35127e+00 |
Maximum number of function evaluations exceeded

 - final statistics:
98 variables; iteration 65; function evaluation 100
Function value 5.9041e+02; maximum gradient component mag 3.6150e+02
Exit code = 3;  converg criter 1.0000e+01
Var    Value     Gradient |Var    Value     Gradient |Var    Value     Gradient
  1  0.62506  3.61500e+02 |  2  0.00148 -7.89595e+00 |  3  0.00089 -8.54920e+00
  4  0.00017 -9.35347e+00 |  5 -0.00059 -1.01600e+01 |  6 -0.00122 -1.07074e+01
  7 -0.00153 -1.06647e+01 |  8 -0.00137 -9.77254e+00 |  9 -0.00077 -8.04471e+00
 10 -0.00000 -5.91040e+00 | 11  0.00118 -3.92590e+00 | 12  0.00178 -2.75214e+00
 13  0.00002 -2.38064e+00 | 14 -0.00042 -1.95568e+00 | 15  0.00287 -1.08344e+00
 16  0.00071 -1.18744e-01 | 17  0.00538  1.45347e+00 | 18  0.00686  2.84806e+00
 19  0.01011  3.41682e+00 | 20 -0.00403  9.12550e-01 | 21  0.00815  4.36792e+00
 22  0.00275  3.94499e+00 | 23  0.00235  3.50126e+00 | 24  0.00294  4.80352e+00
 25  0.00294  5.71572e+00 | 26  0.00141  5.45731e+00 | 27  0.00366  5.54071e+00
 28  0.00431  5.69136e+00 | 29 -0.00452  6.84329e+00 | 30 -0.00919  4.48877e+00
 31 -0.00279  5.67113e+00 | 32 -0.00264  5.81275e+00 | 33 -0.00048  7.71542e+00
 34  0.00788  7.88698e+00 | 35  0.01434  5.09439e+00 | 36 -0.00039  7.27324e+00
 37  0.00090  6.58804e+00 | 38  0.00584  7.78429e+00 | 39  0.00086  7.74373e+00
 40  0.01884  1.06837e+01 | 41  0.00520  7.25404e+00 | 42  0.00630  7.24698e+00
 43 -0.00537  3.34981e+00 | 44 -0.01602  2.26719e+00 | 45  0.00050  4.48771e+00
 46 -0.00576  3.19616e+00 | 47  0.00118  5.28882e+00 | 48  0.00573  6.51809e+00
 49 -0.00731  5.64479e+00 | 50 -0.00415  8.80976e+00 | 51 -0.00448  6.89169e+00
 52 -0.00777  6.07567e+00 | 53 -0.01022  3.38541e+00 | 54  0.00299  7.42696e+00
 55 -0.00638  3.97019e+00 | 56 -0.00075  8.10526e+00 | 57  0.00700  5.79334e+00
 58 -0.00814  3.51609e+00 | 59  0.00122  4.82612e+00 | 60  0.00701  1.06165e+01
 61  0.02336  1.33428e+01 | 62  0.03178  1.57710e+01 | 63 -0.00832  3.13941e+00
 64 -0.00552  5.40820e+00 | 65 -0.00719  5.35494e+00 | 66 -0.03734  1.33934e+00
 67 -0.02018 -1.21600e-01 | 68 -0.01721 -8.02632e-01 | 69  0.01182  3.77957e+00
 70  0.01149  3.75875e+00 | 71  0.01310  3.83794e+00 | 72 -0.01593 -4.73414e+00
 73  0.01660 -1.16240e+00 | 74  0.03333  3.83491e+00 | 75 -0.02177 -4.49300e+00
 76  0.00653 -5.14328e+00 | 77 -0.02423 -5.91307e+00 | 78 -0.04288 -1.29151e+01
 79  0.00163 -7.17986e+00 | 80  0.00574 -8.14592e+00 | 81  0.00190 -6.59300e+00
 82  0.02388 -3.53017e+00 | 83  0.00309 -8.52957e+00 | 84  0.03480 -6.43848e+00
 85 -0.05690 -1.51259e+01 | 86 -0.03212 -1.61073e+01 | 87  0.01127 -8.44998e+00
 88 -0.00885 -1.07623e+01 | 89  0.03329 -1.15349e+01 | 90 -0.04239 -1.37863e+01
 91  0.03150 -5.67420e+00 | 92  0.00978 -1.13352e+01 | 93 -0.00300 -1.54005e+01
 94 -0.00326 -1.03252e+01 | 95  0.00073 -9.98306e+00 | 96  0.00192 -8.47383e+00
 97 -0.03971  2.48587e+01 | 98 -0.28600  1.18228e+00 |

Initial statistics: 100 variables; iteration 0; function evaluation 0; phase 3
Function value 5.9040993e+02; maximum gradient component mag 3.6150e+02
Var    Value     Gradient |Var    Value     Gradient |Var    Value     Gradient
  1  0.62506  3.61500e+02 |  2  0.00148 -7.88968e+00 |  3  0.00089 -8.54293e+00
  4  0.00017 -9.34719e+00 |  5 -0.00059 -1.01537e+01 |  6 -0.00122 -1.07011e+01
  7 -0.00153 -1.06584e+01 |  8 -0.00137 -9.76627e+00 |  9 -0.00077 -8.03844e+00
 10 -0.00000 -5.90412e+00 | 11  0.00118 -3.91963e+00 | 12  0.00178 -2.74587e+00
 13  0.00002 -2.37436e+00 | 14 -0.00042 -1.94941e+00 | 15  0.00287 -1.07717e+00
 16  0.00071 -1.12472e-01 | 17  0.00538  1.45975e+00 | 18  0.00686  2.85433e+00
 19  0.01011  3.42309e+00 | 20 -0.00403  9.18822e-01 | 21  0.00815  4.37419e+00
 22  0.00275  3.95126e+00 | 23  0.00235  3.50753e+00 | 24  0.00294  4.80979e+00
 25  0.00294  5.72199e+00 | 26  0.00141  5.46358e+00 | 27  0.00366  5.54698e+00
 28  0.00431  5.69763e+00 | 29 -0.00452  6.84956e+00 | 30 -0.00919  4.49504e+00
 31 -0.00279  5.67740e+00 | 32 -0.00264  5.81902e+00 | 33 -0.00048  7.72169e+00
 34  0.00788  7.89325e+00 | 35  0.01434  5.10066e+00 | 36 -0.00039  7.27951e+00
 37  0.00090  6.59432e+00 | 38  0.00584  7.79056e+00 | 39  0.00086  7.75000e+00
 40  0.01884  1.06899e+01 | 41  0.00520  7.26031e+00 | 42  0.00630  7.25325e+00
 43 -0.00537  3.35608e+00 | 44 -0.01602  2.27346e+00 | 45  0.00050  4.49398e+00
 46 -0.00576  3.20243e+00 | 47  0.00118  5.29509e+00 | 48  0.00573  6.52436e+00
 49 -0.00731  5.65106e+00 | 50 -0.00415  8.81604e+00 | 51 -0.00448  6.89796e+00
 52 -0.00777  6.08194e+00 | 53 -0.01022  3.39168e+00 | 54  0.00299  7.43324e+00
 55 -0.00638  3.97646e+00 | 56 -0.00075  8.11153e+00 | 57  0.00700  5.79961e+00
 58 -0.00814  3.52236e+00 | 59  0.00122  4.83239e+00 | 60  0.00701  1.06228e+01
 61  0.02336  1.33490e+01 | 62  0.03178  1.57773e+01 | 63 -0.00832  3.14568e+00
 64 -0.00552  5.41447e+00 | 65 -0.00719  5.36122e+00 | 66 -0.03734  1.34560e+00
 67 -0.02018 -1.15332e-01 | 68 -0.01721 -7.96363e-01 | 69  0.01182  3.78584e+00
 70  0.01149  3.76502e+00 | 71  0.01310  3.84421e+00 | 72 -0.01593 -4.72787e+00
 73  0.01660 -1.15613e+00 | 74  0.03333  3.84117e+00 | 75 -0.02177 -4.48673e+00
 76  0.00653 -5.13701e+00 | 77 -0.02423 -5.90680e+00 | 78 -0.04288 -1.29089e+01
 79  0.00163 -7.17358e+00 | 80  0.00574 -8.13965e+00 | 81  0.00190 -6.58672e+00
 82  0.02388 -3.52390e+00 | 83  0.00309 -8.52330e+00 | 84  0.03480 -6.43222e+00
 85 -0.05690 -1.51197e+01 | 86 -0.03212 -1.61010e+01 | 87  0.01127 -8.44371e+00
 88 -0.00885 -1.07561e+01 | 89  0.03329 -1.15286e+01 | 90 -0.04239 -1.37800e+01
 91  0.03150 -5.66794e+00 | 92  0.00978 -1.13289e+01 | 93 -0.00300 -1.53942e+01
 94 -0.00326 -1.03190e+01 | 95  0.00073 -9.97679e+00 | 96  0.00192 -8.46755e+00
 97 -0.03971  2.48587e+01 | 98 -0.41581  7.33052e+00 | 99 -0.28600  1.18228e+00
100 -0.25275  7.05706e+01 |

Intermediate statistics: 100 variables; iteration 20; function evaluation 26; phase 3
Function value 5.8957817e+02; maximum gradient component mag 1.5245e+02
Var    Value     Gradient |Var    Value     Gradient |Var    Value     Gradient
  1  0.62495  1.52447e+02 |  2  0.00074 -1.62092e-01 |  3  0.00045 -4.00412e-01
  4  0.00011 -6.95565e-01 |  5 -0.00026 -9.77174e-01 |  6 -0.00057 -1.12315e+00
  7 -0.00074 -9.79486e-01 |  8 -0.00070 -4.25374e-01 |  9 -0.00047  5.34257e-01
 10 -0.00017  1.70361e+00 | 11  0.00066  2.84299e+00 | 12  0.00121  3.64075e+00
 13 -0.00038  4.03798e+00 | 14 -0.00061  4.51160e+00 | 15  0.00292  5.34633e+00
 16  0.00068  5.96149e+00 | 17  0.00542  7.14965e+00 | 18  0.00676  8.03057e+00
 19  0.01019  8.58292e+00 | 20 -0.00427  6.60599e+00 | 21  0.00810  9.17237e+00
 22  0.00276  8.88061e+00 | 23  0.00235  8.54718e+00 | 24  0.00276  9.31203e+00
 25  0.00265  9.85676e+00 | 26  0.00126  9.78329e+00 | 27  0.00385  1.01337e+01
 28  0.00466  1.03642e+01 | 29 -0.00518  1.01822e+01 | 30 -0.00960  8.90000e+00
 31 -0.00272  1.00455e+01 | 32 -0.00255  1.00630e+01 | 33 -0.00081  1.09807e+01
 34  0.00828  1.18806e+01 | 35  0.01564  1.14049e+01 | 36 -0.00055  1.09199e+01
 37  0.00104  1.06050e+01 | 38  0.00604  1.14530e+01 | 39  0.00060  1.09881e+01
 40  0.01890  1.37938e+01 | 41  0.00559  1.13733e+01 | 42  0.00687  1.13947e+01
 43 -0.00459  8.87539e+00 | 44 -0.01570  7.60230e+00 | 45  0.00062  9.34882e+00
 46 -0.00479  9.04157e+00 | 47  0.00208  1.03469e+01 | 48  0.00670  1.12785e+01
 49 -0.00716  9.69542e+00 | 50 -0.00509  1.10411e+01 | 51 -0.00423  1.08350e+01
 52 -0.00756  1.01143e+01 | 53 -0.00940  8.87112e+00 | 54  0.00367  1.15339e+01
 55 -0.00620  8.88787e+00 | 56 -0.00055  1.16937e+01 | 57  0.00849  1.14370e+01
 58 -0.00752  8.80508e+00 | 59  0.00207  9.70227e+00 | 60  0.00688  1.29021e+01
 61  0.02339  1.44517e+01 | 62  0.03228  1.61636e+01 | 63 -0.00830  7.21503e+00
 64 -0.00512  9.26630e+00 | 65 -0.00701  9.22829e+00 | 66 -0.03692  7.32844e+00
 67 -0.01969  6.98090e+00 | 68 -0.01640  7.68630e+00 | 69  0.01124 -7.08375e+00
 70  0.01233  5.50010e+00 | 71  0.01236 -1.09128e+01 | 72 -0.01515 -6.36602e-01
 73  0.01553 -2.60288e+01 | 74  0.03343 -2.04646e+01 | 75 -0.02245 -8.60323e+00
 76  0.00694 -1.31959e+01 | 77 -0.02489 -9.90242e+00 | 78 -0.04182 -6.14072e+00
 79  0.00059 -2.59985e+01 | 80  0.00614 -1.71230e+01 | 81  0.00098 -1.90337e+01
 82  0.02375 -2.59771e+01 | 83  0.00222 -1.80887e+01 | 84  0.03458 -3.32400e+01
 85 -0.05742 -8.86184e+00 | 86 -0.03104 -5.27328e+00 | 87  0.01041 -1.32950e+01
 88 -0.00826 -6.07649e+00 | 89  0.03226 -1.58646e+01 | 90 -0.04176 -3.32427e+00
 91  0.03010 -4.00741e+00 | 92  0.00946 -5.13030e+00 | 93 -0.00516 -1.00128e+01
 94 -0.00226 -2.12360e+00 | 95  0.00042 -1.35636e+00 | 96  0.00099 -7.14533e-01
 97 -0.05700 -6.21606e-01 | 98 -0.42504  1.63317e+01 | 99 -0.30951  2.71184e+01
100 -0.26908 -3.56429e+01 |
100 variables; iteration 40; function evaluation 51; phase 3
Function value 5.8937671e+02; maximum gradient component mag 6.3171e+01
Var    Value     Gradient |Var    Value     Gradient |Var    Value     Gradient
  1  0.62498  6.31707e+01 |  2  0.00068 -2.95593e-01 |  3  0.00039 -6.53132e-01
  4  0.00005 -1.06365e+00 |  5 -0.00029 -1.45081e+00 |  6 -0.00056 -1.70030e+00
  7 -0.00068 -1.69262e+00 |  8 -0.00063 -1.37205e+00 |  9 -0.00046 -8.14000e-01
 10 -0.00031 -2.27315e-01 | 11  0.00033  1.99835e-01 | 12  0.00079  3.74675e-01
 13 -0.00077  4.26152e-01 | 14 -0.00093  5.42526e-01 | 15  0.00273  8.17499e-01
 16  0.00039  9.58111e-01 | 17  0.00509  1.24612e+00 | 18  0.00637  1.58034e+00
 19  0.00988  1.75267e+00 | 20 -0.00459  1.17552e+00 | 21  0.00761  1.75781e+00
 22  0.00227  1.61918e+00 | 23  0.00183  1.46201e+00 | 24  0.00206  1.58811e+00
 25  0.00180  1.62648e+00 | 26  0.00050  1.61781e+00 | 27  0.00350  2.11584e+00
 28  0.00446  2.27296e+00 | 29 -0.00674  7.72642e-01 | 30 -0.01037  1.31186e+00
 31 -0.00324  1.78199e+00 | 32 -0.00310  1.69739e+00 | 33 -0.00182  1.55780e+00
 34  0.00771  2.20928e+00 | 35  0.01665  3.79385e+00 | 36 -0.00152  1.46154e+00
 37  0.00043  1.69538e+00 | 38  0.00565  2.24252e+00 | 39 -0.00030  1.70472e+00
 40  0.01809  2.11257e+00 | 41  0.00569  2.91679e+00 | 42  0.00690  2.65467e+00
 43 -0.00380  3.08546e+00 | 44 -0.01599  1.09465e+00 | 45 -0.00023 -1.72522e-01
 46 -0.00398  2.70625e+00 | 47  0.00266  2.85262e+00 | 48  0.00750  3.49570e+00
 49 -0.00750  1.65983e+00 | 50 -0.00541  2.82819e+00 | 51 -0.00386  3.05364e+00
 52 -0.00721  2.93032e+00 | 53 -0.00828  3.50006e+00 | 54  0.00363  2.05283e+00
 55 -0.00643  5.89310e-01 | 56 -0.00085  1.98104e+00 | 57  0.00889  2.01154e+00
 58 -0.00768  1.05857e+00 | 59  0.00330  4.61134e+00 | 60  0.00680  4.00250e+00
 61  0.02364  3.24985e+00 | 62  0.03208  7.53810e-01 | 63 -0.00625  8.77135e+00
 64 -0.00524  1.03901e+00 | 65 -0.00699  1.79991e+00 | 66 -0.03763 -1.61937e+00
 67 -0.01969  1.22757e+00 | 68 -0.01690 -4.30494e+00 | 69  0.01128 -9.62511e-01
 70  0.01208 -3.74783e+00 | 71  0.01242 -2.62447e+00 | 72 -0.01491  2.12490e+00
 73  0.01591 -4.90948e+00 | 74  0.03405 -8.92034e-01 | 75 -0.02272 -5.50480e+00
 76  0.00748  1.01664e+00 | 77 -0.02465  1.97561e+00 | 78 -0.04151 -6.14855e-01
 79  0.00099 -4.09455e+00 | 80  0.00641 -6.55433e+00 | 81  0.00112 -4.23456e+00
 82  0.02444 -3.65379e+00 | 83  0.00255 -4.00912e-01 | 84  0.03531 -6.63971e+00
 85 -0.05709 -1.92230e+00 | 86 -0.03103 -3.56530e+00 | 87  0.01052 -3.38080e+00
 88 -0.00805 -2.69024e+00 | 89  0.03237 -5.15550e+00 | 90 -0.04109  9.81555e-01
 91  0.02997 -3.76676e+00 | 92  0.01002 -1.91063e+00 | 93 -0.00489 -4.40634e+00
 94 -0.00208 -1.62838e+00 | 95  0.00039 -9.79346e-01 | 96  0.00102 -2.06381e-01
 97 -0.06027  1.71822e+00 | 98 -0.42777  1.35164e+00 | 99 -0.31624  5.67002e+00
100 -0.27065 -8.59069e+00 |
100 variables; iteration 60; function evaluation 87; phase 3
Function value 5.8934721e+02; maximum gradient component mag -2.4249e+00
Var    Value     Gradient |Var    Value     Gradient |Var    Value     Gradient
  1  0.62487 -2.42489e+00 |  2 -0.00005  6.23739e-02 |  3 -0.00008  6.68629e-02
  4 -0.00011  7.21275e-02 |  5 -0.00014  7.66952e-02 |  6 -0.00020  7.82820e-02
  7 -0.00026  7.46302e-02 |  8 -0.00034  6.53942e-02 |  9 -0.00044  5.38319e-02
 10 -0.00057  4.58954e-02 | 11 -0.00007  4.46287e-02 | 12  0.00042  4.46536e-02
 13 -0.00106  3.82515e-02 | 14 -0.00115  2.49939e-02 | 15  0.00256  2.51509e-03
 16  0.00022  6.11266e-03 | 17  0.00499 -1.16227e-02 | 18  0.00619 -5.10501e-03
 19  0.00975 -1.97502e-02 | 20 -0.00478  1.21671e-03 | 21  0.00754 -1.17222e-02
 22  0.00226 -9.07379e-03 | 23  0.00186 -5.45241e-03 | 24  0.00211 -3.79667e-03
 25  0.00190 -2.94398e-03 | 26  0.00064  9.78498e-03 | 27  0.00347 -1.79009e-02
 28  0.00441 -3.68480e-02 | 29 -0.00625 -4.02492e-02 | 30 -0.01028 -1.87717e-02
 31 -0.00314 -2.03837e-02 | 32 -0.00295 -2.92882e-02 | 33 -0.00156 -4.19149e-02
 34  0.00798 -4.33263e-02 | 35  0.01636 -4.81191e-02 | 36 -0.00113 -3.30189e-02
 37  0.00071 -4.11791e-02 | 38  0.00576 -6.85053e-02 | 39 -0.00008 -1.77325e-02
 40  0.01867 -7.62608e-02 | 41  0.00546 -2.95728e-02 | 42  0.00690 -4.67530e-02
 43 -0.00439 -2.36621e-02 | 44 -0.01585 -3.43572e-02 | 45  0.00077 -1.92987e-02
 46 -0.00434 -7.14716e-03 | 47  0.00243 -4.52973e-02 | 48  0.00708 -6.48498e-02
 49 -0.00741 -5.54080e-02 | 50 -0.00581 -2.53008e-03 | 51 -0.00430 -2.26087e-02
 52 -0.00768 -3.38733e-02 | 53 -0.00906 -3.79141e-02 | 54  0.00389 -2.92695e-02
 55 -0.00594 -3.16889e-02 | 56 -0.00072 -6.67174e-02 | 57  0.00926 -6.48108e-02
 58 -0.00731 -4.38631e-02 | 59  0.00255 -4.50654e-02 | 60  0.00648  1.79439e-02
 61  0.02370 -9.46729e-02 | 62  0.03297 -6.05895e-02 | 63 -0.00789 -6.94380e-03
 64 -0.00486 -4.21643e-02 | 65 -0.00692  4.13174e-02 | 66 -0.03720 -7.94014e-02
 67 -0.01968  4.02999e-02 | 68 -0.01644 -2.93979e-03 | 69  0.01137 -5.87149e-02
 70  0.01240 -5.11323e-02 | 71  0.01256 -4.32886e-02 | 72 -0.01503  1.44134e-02
 73  0.01607 -2.14430e-02 | 74  0.03410 -3.62498e-02 | 75 -0.02247  1.26446e-02
 76  0.00740  1.15686e-02 | 77 -0.02488  3.33595e-02 | 78 -0.04154  6.57553e-02
 79  0.00104  1.36027e-02 | 80  0.00672  3.67472e-02 | 81  0.00120  1.96644e-02
 82  0.02456  2.68645e-02 | 83  0.00246  3.24739e-02 | 84  0.03555  3.40750e-02
 85 -0.05708  6.57025e-02 | 86 -0.03078  4.65228e-02 | 87  0.01060  6.02329e-02
 88 -0.00788  7.99780e-02 | 89  0.03253  5.23489e-02 | 90 -0.04140  2.86758e-02
 91  0.03009  5.06983e-02 | 92  0.01017  6.35597e-02 | 93 -0.00464  6.28364e-02
 94 -0.00207  8.00893e-02 | 95 -0.00004  7.64801e-02 | 96  0.00008  6.80635e-02
 97 -0.06141 -1.62993e-01 | 98 -0.42868  2.34643e-01 | 99 -0.31753  1.43924e-02
100 -0.27077 -1.62435e-02 |

 - final statistics:
100 variables; iteration 67; function evaluation 100
Function value 5.8935e+02; maximum gradient component mag -4.6584e-01
Exit code = 1;  converg criter 1.0000e+00
Var    Value     Gradient |Var    Value     Gradient |Var    Value     Gradient
  1  0.62487 -4.65836e-01 |  2 -0.00005  1.27215e-02 |  3 -0.00007  1.37170e-02
  4 -0.00011  1.48557e-02 |  5 -0.00015  1.57419e-02 |  6 -0.00020  1.58022e-02
  7 -0.00027  1.45516e-02 |  8 -0.00035  1.20971e-02 |  9 -0.00045  9.42303e-03
 10 -0.00057  7.83483e-03 | 11 -0.00007  7.45471e-03 | 12  0.00041  6.73734e-03
 13 -0.00106  5.23652e-03 | 14 -0.00115  3.59092e-03 | 15  0.00256  9.30051e-04
 16  0.00022  1.61650e-03 | 17  0.00500  3.39261e-03 | 18  0.00618 -3.64672e-03
 19  0.00975 -1.05205e-03 | 20 -0.00478  1.28956e-03 | 21  0.00754 -3.57237e-03
 22  0.00226 -2.31452e-03 | 23  0.00185 -6.11369e-03 | 24  0.00210  4.98288e-04
 25  0.00189  2.42068e-03 | 26  0.00062  2.56641e-03 | 27  0.00347 -2.72101e-03
 28  0.00442 -6.27692e-03 | 29 -0.00624 -6.34674e-03 | 30 -0.01028 -8.11517e-03
 31 -0.00315 -5.81693e-03 | 32 -0.00295 -6.83758e-03 | 33 -0.00155 -7.80843e-03
 34  0.00798 -8.84795e-03 | 35  0.01636 -8.56221e-03 | 36 -0.00113 -6.15061e-03
 37  0.00072 -2.70425e-03 | 38  0.00577 -1.44494e-02 | 39 -0.00009 -2.89614e-03
 40  0.01868 -1.04188e-02 | 41  0.00545 -3.20086e-03 | 42  0.00690 -1.16717e-02
 43 -0.00439 -4.26719e-03 | 44 -0.01584 -2.15786e-02 | 45  0.00076 -5.29348e-03
 46 -0.00435 -1.83640e-03 | 47  0.00243 -9.79523e-03 | 48  0.00709 -1.14344e-02
 49 -0.00739 -2.34863e-03 | 50 -0.00582 -1.70102e-03 | 51 -0.00430 -4.83829e-03
 52 -0.00768 -8.85249e-03 | 53 -0.00906 -8.02991e-03 | 54  0.00388 -6.38271e-03
 55 -0.00594 -6.87418e-03 | 56 -0.00071 -5.70588e-03 | 57  0.00926 -1.16649e-02
 58 -0.00731 -1.22882e-02 | 59  0.00255 -7.18002e-03 | 60  0.00647  1.85700e-03
 61  0.02370 -1.78986e-02 | 62  0.03296 -1.23694e-02 | 63 -0.00789 -1.63737e-03
 64 -0.00486 -7.91146e-03 | 65 -0.00693  6.54939e-03 | 66 -0.03719 -1.36969e-02
 67 -0.01969  6.74591e-03 | 68 -0.01644 -7.01908e-04 | 69  0.01137 -1.11113e-02
 70  0.01240 -9.75827e-03 | 71  0.01256 -8.20660e-03 | 72 -0.01503  2.56404e-03
 73  0.01607 -4.32146e-03 | 74  0.03410 -7.54172e-03 | 75 -0.02247  2.56791e-03
 76  0.00740  1.88857e-03 | 77 -0.02488  6.24670e-03 | 78 -0.04154  1.22029e-02
 79  0.00104  2.67791e-03 | 80  0.00672  6.67376e-03 | 81  0.00120  3.86782e-03
 82  0.02456  4.84296e-03 | 83  0.00246  6.28721e-03 | 84  0.03555  6.15439e-03
 85 -0.05708  1.26676e-02 | 86 -0.03078  9.29558e-03 | 87  0.01060  1.15468e-02
 88 -0.00788  1.51575e-02 | 89  0.03253  1.02140e-02 | 90 -0.04139  6.40535e-03
 91  0.03009  1.02723e-02 | 92  0.01017  1.27531e-02 | 93 -0.00464  1.26791e-02
 94 -0.00207  1.82606e-02 | 95 -0.00004  1.62443e-02 | 96  0.00008  1.46311e-02
 97 -0.06142 -3.14307e-02 | 98 -0.42869  4.51622e-02 | 99 -0.31754  2.43829e-03
100 -0.27077 -2.79419e-03 |

Initial statistics: 108 variables; iteration 0; function evaluation 0; phase 4
Function value 5.8934720e+02; maximum gradient component mag -4.4195e+01
Var    Value     Gradient |Var    Value     Gradient |Var    Value     Gradient
  1 -0.42263 -4.41946e+01 |  2 -0.42263  1.98183e+01 |  3 -0.41094  1.73866e+01
  4  0.62487 -4.65836e-01 |  5  0.00000 -7.63787e-01 |  6  0.00000  8.85062e-02
  7  0.00000  1.08097e-01 |  8  0.00000  1.32080e-01 |  9  0.00000  1.61433e-01
 10 -0.00005  1.25210e-02 | 11 -0.00007  1.35165e-02 | 12 -0.00011  1.46552e-02
 13 -0.00015  1.55415e-02 | 14 -0.00020  1.56017e-02 | 15 -0.00027  1.43512e-02
 16 -0.00035  1.18967e-02 | 17 -0.00045  9.22257e-03 | 18 -0.00057  7.63437e-03
 19 -0.00007  7.25425e-03 | 20  0.00041  6.53688e-03 | 21 -0.00106  5.03606e-03
 22 -0.00115  3.39047e-03 | 23  0.00256  7.29595e-04 | 24  0.00022  1.41604e-03
 25  0.00500  3.19216e-03 | 26  0.00618 -3.84717e-03 | 27  0.00975 -1.25248e-03
 28 -0.00478  1.08911e-03 | 29  0.00754 -3.77282e-03 | 30  0.00226 -2.51498e-03
 31  0.00185 -6.31415e-03 | 32  0.00210  2.97832e-04 | 33  0.00189  2.22022e-03
 34  0.00062  2.36595e-03 | 35  0.00347 -2.92147e-03 | 36  0.00442 -6.47738e-03
 37 -0.00624 -6.54719e-03 | 38 -0.01028 -8.31560e-03 | 39 -0.00315 -6.01738e-03
 40 -0.00295 -7.03804e-03 | 41 -0.00155 -8.00888e-03 | 42  0.00798 -9.04840e-03
 43  0.01636 -8.76261e-03 | 44 -0.00113 -6.35107e-03 | 45  0.00072 -2.90471e-03
 46  0.00577 -1.46498e-02 | 47 -0.00009 -3.09660e-03 | 48  0.01868 -1.06191e-02
 49  0.00545 -3.40131e-03 | 50  0.00690 -1.18721e-02 | 51 -0.00439 -4.46764e-03
 52 -0.01584 -2.17790e-02 | 53  0.00076 -5.49393e-03 | 54 -0.00435 -2.03685e-03
 55  0.00243 -9.99568e-03 | 56  0.00709 -1.16349e-02 | 57 -0.00739 -2.54908e-03
 58 -0.00582 -1.90147e-03 | 59 -0.00430 -5.03875e-03 | 60 -0.00768 -9.05294e-03
 61 -0.00906 -8.23035e-03 | 62  0.00388 -6.58316e-03 | 63 -0.00594 -7.07463e-03
 64 -0.00071 -5.90634e-03 | 65  0.00926 -1.18654e-02 | 66 -0.00731 -1.24886e-02
 67  0.00255 -7.38048e-03 | 68  0.00647  1.65655e-03 | 69  0.02370 -1.80989e-02
 70  0.03296 -1.25696e-02 | 71 -0.00789 -1.83782e-03 | 72 -0.00486 -8.11192e-03
 73 -0.00693  6.34895e-03 | 74 -0.03719 -1.38970e-02 | 75 -0.01969  6.54555e-03
 76 -0.01644 -9.02299e-04 | 77  0.01137 -1.13117e-02 | 78  0.01240 -9.95869e-03
 79  0.01256 -8.40702e-03 | 80 -0.01503  2.36364e-03 | 81  0.01607 -4.52185e-03
 82  0.03410 -7.74189e-03 | 83 -0.02247  2.36758e-03 | 84  0.00740  1.68812e-03
 85 -0.02488  6.04640e-03 | 86 -0.04154  1.20029e-02 | 87  0.00104  2.47745e-03
 88  0.00672  6.47332e-03 | 89  0.00120  3.66736e-03 | 90  0.02456  4.64265e-03
 91  0.00246  6.08676e-03 | 92  0.03555  5.95425e-03 | 93 -0.05708  1.24680e-02
 94 -0.03078  9.09536e-03 | 95  0.01060  1.13463e-02 | 96 -0.00788  1.49571e-02
 97  0.03253  1.00138e-02 | 98 -0.04139  6.20531e-03 | 99  0.03009  1.00720e-02
100  0.01017  1.25527e-02 |101 -0.00464  1.24786e-02 |102 -0.00207  1.80602e-02
103 -0.00004  1.60438e-02 |104  0.00008  1.44307e-02 |105 -0.06142 -3.14308e-02
106 -0.42869  4.51622e-02 |107 -0.31754  2.43829e-03 |108 -0.27077 -2.79419e-03

Intermediate statistics: 108 variables; iteration 20; function evaluation 26; phase 4
Function value 5.8927020e+02; maximum gradient component mag -1.4170e+02
Var    Value     Gradient |Var    Value     Gradient |Var    Value     Gradient
  1 -0.42005 -6.16477e+01 |  2 -0.42149 -1.41705e+02 |  3 -0.41515 -8.27626e+01
  4  0.62536 -6.75092e+01 |  5  0.00007 -1.25633e+00 |  6 -0.00001 -5.47241e-02
  7 -0.00001 -6.64526e-02 |  8 -0.00001 -8.04662e-02 |  9 -0.00001 -9.71411e-02
 10 -0.00007  1.39625e+00 | 11 -0.00009  1.33605e+00 | 12 -0.00013  1.26376e+00
 13 -0.00017  1.17695e+00 | 14 -0.00022  1.07284e+00 | 15 -0.00028  9.48656e-01
 16 -0.00036  8.02031e-01 | 17 -0.00046  6.31898e-01 | 18 -0.00058  4.37988e-01
 19 -0.00008  2.05451e-01 | 20  0.00040 -5.64763e-02 | 21 -0.00107 -2.85066e-01
 22 -0.00115 -5.70416e-01 | 23  0.00256 -1.02935e+00 | 24  0.00022 -1.23782e+00
 25  0.00500 -1.72012e+00 | 26  0.00617 -1.88305e+00 | 27  0.00974 -2.02857e+00
 28 -0.00475 -1.29669e+00 | 29  0.00757 -2.23075e+00 | 30  0.00226 -2.24476e+00
 31  0.00186 -2.14384e+00 | 32  0.00210 -2.33444e+00 | 33  0.00188 -2.46017e+00
 34  0.00061 -2.48737e+00 | 35  0.00347 -2.89801e+00 | 36  0.00439 -2.91423e+00
 37 -0.00625 -2.14509e+00 | 38 -0.01024 -2.18371e+00 | 39 -0.00315 -2.66761e+00
 40 -0.00296 -2.69575e+00 | 41 -0.00156 -2.92241e+00 | 42  0.00789 -4.06944e+00
 43  0.01646 -3.54467e+00 | 44 -0.00112 -2.78701e+00 | 45  0.00071 -3.01798e+00
 46  0.00575 -3.49774e+00 | 47 -0.00015 -2.66511e+00 | 48  0.01878 -4.25227e+00
 49  0.00544 -3.49837e+00 | 50  0.00683 -3.42813e+00 | 51 -0.00445 -2.32595e+00
 52 -0.01589 -2.04547e+00 | 53  0.00082 -3.19838e+00 | 54 -0.00436 -2.81638e+00
 55  0.00242 -3.63685e+00 | 56  0.00701 -3.55726e+00 | 57 -0.00746 -2.70285e+00
 58 -0.00574 -2.68604e+00 | 59 -0.00438 -2.91848e+00 | 60 -0.00774 -2.72793e+00
 61 -0.00911 -2.69649e+00 | 62  0.00381 -3.78849e+00 | 63 -0.00589 -2.76441e+00
 64 -0.00073 -3.41894e+00 | 65  0.00920 -4.24255e+00 | 66 -0.00736 -2.76867e+00
 67  0.00248 -3.52422e+00 | 68  0.00642 -2.81748e+00 | 69  0.02365 -5.89811e+00
 70  0.03269 -7.52362e+00 | 71 -0.00798 -2.88868e+00 | 72 -0.00517 -3.69779e+00
 73 -0.00717 -3.34986e+00 | 74 -0.03740 -3.17183e+00 | 75 -0.01973 -2.86423e+00
 76 -0.01657 -2.88820e+00 | 77  0.01155  3.00706e+00 | 78  0.01242  6.52551e-01
 79  0.01271  5.28868e+00 | 80 -0.01498  9.10022e-01 | 81  0.01628  3.54819e+00
 82  0.03432  7.79695e+00 | 83 -0.02238  5.78065e+00 | 84  0.00755  6.07768e+00
 85 -0.02462  6.48975e+00 | 86 -0.04159  2.40595e+00 | 87  0.00135  7.03869e+00
 88  0.00684  5.02770e+00 | 89  0.00149  8.15484e+00 | 90  0.02468  7.62262e+00
 91  0.00293  9.34609e+00 | 92  0.03564  1.35008e+01 | 93 -0.05724  1.19417e+00
 94 -0.03099  1.14481e+00 | 95  0.01075  4.25845e+00 | 96 -0.00799 -5.70633e-01
 97  0.03258  8.59126e+00 | 98 -0.04150  2.21105e+00 | 99  0.03014  3.59908e+00
100  0.00973  1.06564e+00 |101 -0.00488  7.13079e-01 |102 -0.00211  1.91531e+00
103 -0.00007  1.67779e+00 |104  0.00006  1.68555e+00 |105 -0.05869 -7.28353e+00
106 -0.42731  9.44682e+00 |107 -0.32112 -7.45284e+00 |108 -0.27430  7.97727e+00
108 variables; iteration 40; function evaluation 53; phase 4
Function value 5.8921768e+02; maximum gradient component mag -3.4097e+01
Var    Value     Gradient |Var    Value     Gradient |Var    Value     Gradient
  1 -0.41833 -1.03764e+01 |  2 -0.42146 -3.40970e+01 |  3 -0.41585 -1.68023e+01
  4  0.62547 -2.12876e+01 |  5  0.00023 -5.53892e-01 |  6 -0.00002  2.06130e-02
  7 -0.00003  2.53080e-02 |  8 -0.00003  3.11540e-02 |  9 -0.00004  3.84450e-02
 10 -0.00005  5.45958e-01 | 11 -0.00007  5.33429e-01 | 12 -0.00011  5.18381e-01
 13 -0.00015  5.00149e-01 | 14 -0.00020  4.77938e-01 | 15 -0.00026  4.50986e-01
 16 -0.00033  4.18788e-01 | 17 -0.00043  3.81582e-01 | 18 -0.00054  3.39849e-01
 19 -0.00004  2.90541e-01 | 20  0.00045  2.35004e-01 | 21 -0.00102  1.85710e-01
 22 -0.00109  1.21200e-01 | 23  0.00264  9.21953e-03 | 24  0.00031 -5.82220e-02
 25  0.00508 -1.77199e-01 | 26  0.00624 -1.50731e-01 | 27  0.00977 -1.27153e-01
 28 -0.00474 -3.87108e-02 | 29  0.00765 -2.43970e-01 | 30  0.00234 -2.65953e-01
 31  0.00194 -2.58157e-01 | 32  0.00218 -3.06229e-01 | 33  0.00197 -3.11452e-01
 34  0.00070 -2.97427e-01 | 35  0.00355 -4.94795e-01 | 36  0.00446 -3.61970e-01
 37 -0.00628 -2.59631e-01 | 38 -0.01013 -2.23453e-01 | 39 -0.00307 -3.47191e-01
 40 -0.00285 -2.91893e-01 | 41 -0.00132 -2.18343e-01 | 42  0.00795 -1.10664e+00
 43  0.01605 -9.99206e-01 | 44 -0.00107 -4.73686e-01 | 45  0.00078 -5.37922e-01
 46  0.00581 -7.55688e-01 | 47 -0.00015 -3.07930e-01 | 48  0.01869 -1.07192e+00
 49  0.00547 -8.38817e-01 | 50  0.00683 -6.44588e-01 | 51 -0.00463 -4.31942e-01
 52 -0.01579 -2.00895e-01 | 53  0.00087 -5.35613e-01 | 54 -0.00429 -4.73682e-01
 55  0.00245 -9.46787e-01 | 56  0.00706 -4.12425e-01 | 57 -0.00748 -5.30664e-01
 58 -0.00584 -6.99039e-01 | 59 -0.00446 -5.68218e-01 | 60 -0.00779 -5.16662e-01
 61 -0.00913 -4.99339e-01 | 62  0.00388 -6.46991e-01 | 63 -0.00598 -7.01377e-01
 64 -0.00052 -4.29989e-01 | 65  0.00943 -5.87642e-01 | 66 -0.00724 -3.17395e-01
 67  0.00269 -2.78836e-01 | 68  0.00639 -2.42710e-01 | 69  0.02389 -1.15968e+00
 70  0.03289 -1.56743e+00 | 71 -0.00788 -5.14327e-01 | 72 -0.00512 -7.48283e-01
 73 -0.00707 -5.74879e-01 | 74 -0.03694  4.92380e-01 | 75 -0.01955  5.73029e-02
 76 -0.01637  4.18355e-01 | 77  0.01138 -2.50179e+00 | 78  0.01241  4.28548e-01
 79  0.01258  1.21029e+00 | 80 -0.01494  4.13770e-01 | 81  0.01621 -4.52339e-01
 82  0.03400 -2.48536e+00 | 83 -0.02266 -4.85563e-01 | 84  0.00746  2.21672e+00
 85 -0.02480  1.61404e+00 | 86 -0.04165  1.90293e-01 | 87  0.00111 -1.92229e+00
 88  0.00682  1.58249e+00 | 89  0.00136  1.84939e+00 | 90  0.02456  6.41699e-01
 91  0.00281  4.37567e+00 | 92  0.03538  2.90744e+00 | 93 -0.05712  9.99728e-01
 94 -0.03100 -2.39954e-01 | 95  0.01076  3.92474e+00 | 96 -0.00785  3.86912e-01
 97  0.03218 -2.06022e+00 | 98 -0.04159  1.12966e+00 | 99  0.02988 -1.88965e-01
100  0.00958  5.53477e-02 |101 -0.00504  1.97749e-01 |102 -0.00243  3.68580e-01
103 -0.00006  6.01493e-01 |104  0.00007  6.08788e-01 |105 -0.05807 -2.02638e+00
106 -0.42739  1.50740e+00 |107 -0.32345 -6.32370e-01 |108 -0.27673 -1.14299e+00

 - final statistics:
108 variables; iteration 56; function evaluation 77
Function value 5.8921e+02; maximum gradient component mag -6.5264e-01
Exit code = 1;  converg criter 1.0000e+00
Var    Value     Gradient |Var    Value     Gradient |Var    Value     Gradient
  1 -0.41809 -1.35552e-01 |  2 -0.42141 -6.52641e-01 |  3 -0.41605 -2.92541e-01
  4  0.62548 -4.57541e-01 |  5  0.00051  1.24643e-02 |  6 -0.00006 -3.42982e-03
  7 -0.00007 -4.16356e-03 |  8 -0.00009 -5.04707e-03 |  9 -0.00011 -6.10549e-03
 10 -0.00004  1.36415e-02 | 11 -0.00007  1.30750e-02 | 12 -0.00010  1.23935e-02
 13 -0.00014  1.15867e-02 | 14 -0.00020  1.06434e-02 | 15 -0.00026  9.54534e-03
 16 -0.00034  8.26408e-03 | 17 -0.00043  6.74299e-03 | 18 -0.00055  4.94995e-03
 19 -0.00006  2.77095e-03 | 20  0.00043  3.34860e-04 | 21 -0.00104 -1.90296e-03
 22 -0.00112 -5.02838e-03 | 23  0.00262 -9.68160e-03 | 24  0.00031 -4.43210e-03
 25  0.00509 -8.63548e-03 | 26  0.00620  1.43421e-02 | 27  0.00967  2.38214e-02
 28 -0.00477  1.48981e-02 | 29  0.00760 -7.39536e-03 | 30  0.00231 -2.22569e-03
 31  0.00192 -5.43901e-04 | 32  0.00217 -1.82955e-03 | 33  0.00194  1.22970e-03
 34  0.00064 -8.22857e-03 | 35  0.00360  1.28852e-02 | 36  0.00436 -1.80721e-02
 37 -0.00633 -1.08689e-02 | 38 -0.01015  1.21049e-02 | 39 -0.00311 -1.40757e-02
 40 -0.00292  7.35827e-04 | 41 -0.00144  3.39607e-02 | 42  0.00823  6.28354e-03
 43  0.01618  5.68952e-02 | 44 -0.00106 -6.57210e-03 | 45  0.00080 -2.09249e-02
 46  0.00596  4.76077e-02 | 47 -0.00026 -8.57742e-04 | 48  0.01879 -6.92172e-02
 49  0.00560 -6.30408e-02 | 50  0.00684  1.38863e-02 | 51 -0.00465 -1.57375e-02
 52 -0.01583 -5.45496e-03 | 53  0.00083 -1.49153e-01 | 54 -0.00429 -2.19211e-02
 55  0.00269 -1.18925e-02 | 56  0.00686 -1.94086e-02 | 57 -0.00742 -6.16815e-03
 58 -0.00569  2.51981e-02 | 59 -0.00444 -2.18219e-02 | 60 -0.00777 -2.36939e-02
 61 -0.00911 -2.36419e-02 | 62  0.00385 -4.53531e-02 | 63 -0.00586  1.17291e-02
 64 -0.00059 -9.23973e-03 | 65  0.00936  2.05218e-02 | 66 -0.00727  3.38698e-02
 67  0.00258 -1.26867e-03 | 68  0.00630 -3.78906e-03 | 69  0.02392 -3.65926e-02
 70  0.03293 -7.03626e-03 | 71 -0.00786 -3.25764e-02 | 72 -0.00509  5.10811e-03
 73 -0.00705 -1.40385e-02 | 74 -0.03703  1.24926e-02 | 75 -0.01956  3.55335e-03
 76 -0.01642  3.99777e-03 | 77  0.01147 -2.65820e-02 | 78  0.01235 -7.56975e-04
 79  0.01254  7.91000e-03 | 80 -0.01497  4.98201e-03 | 81  0.01625 -7.33284e-03
 82  0.03407 -2.90004e-02 | 83 -0.02258 -1.90589e-03 | 84  0.00736  1.99902e-02
 85 -0.02483  1.81863e-02 | 86 -0.04163  7.47776e-03 | 87  0.00124 -1.53950e-02
 88  0.00673  1.70450e-02 | 89  0.00132  2.00099e-02 | 90  0.02453  7.56431e-03
 91  0.00266  4.66411e-02 | 92  0.03527  2.93991e-02 | 93 -0.05715  1.48713e-02
 94 -0.03094  2.69212e-03 | 95  0.01065  4.40232e-02 | 96 -0.00781  1.37963e-02
 97  0.03231 -1.29098e-02 | 98 -0.04167  2.23925e-02 | 99  0.02997  5.40829e-03
100  0.00965  1.24014e-02 |101 -0.00491  1.03402e-02 |102 -0.00233 -2.03381e-02
103 -0.00004  1.62157e-02 |104  0.00009  1.60954e-02 |105 -0.05707 -3.70946e-02
106 -0.42689  4.42324e-02 |107 -0.32303 -2.08780e-03 |108 -0.27668 -2.53770e-02

Initial statistics: 111 variables; iteration 0; function evaluation 0; phase 5
Function value 5.8921429e+02; maximum gradient component mag -7.3679e+02
Var    Value     Gradient |Var    Value     Gradient |Var    Value     Gradient
  1 -0.41809 -1.35552e-01 |  2 -0.42141 -6.52641e-01 |  3 -0.41605 -2.92541e-01
  4 -0.41222  4.87663e+01 |  5 -0.41222  2.47909e+01 |  6  0.62548 -4.57541e-01
  7  0.00051  1.24643e-02 |  8 -0.00006 -3.42982e-03 |  9 -0.00007 -4.16356e-03
 10 -0.00009 -5.04707e-03 | 11 -0.00011 -6.10549e-03 | 12 -0.00004  1.39564e-02
 13 -0.00007  1.33898e-02 | 14 -0.00010  1.27083e-02 | 15 -0.00014  1.19015e-02
 16 -0.00020  1.09582e-02 | 17 -0.00026  9.86019e-03 | 18 -0.00034  8.57892e-03
 19 -0.00043  7.05784e-03 | 20 -0.00055  5.26480e-03 | 21 -0.00006  3.08579e-03
 22  0.00043  6.49704e-04 | 23 -0.00104 -1.58811e-03 | 24 -0.00112 -4.71353e-03
 25  0.00262 -9.36676e-03 | 26  0.00031 -4.11726e-03 | 27  0.00509 -8.32064e-03
 28  0.00620  1.46569e-02 | 29  0.00967  2.41362e-02 | 30 -0.00477  1.52129e-02
 31  0.00760 -7.08054e-03 | 32  0.00231 -1.91084e-03 | 33  0.00192 -2.29059e-04
 34  0.00217 -1.51470e-03 | 35  0.00194  1.54454e-03 | 36  0.00064 -7.91372e-03
 37  0.00360  1.32001e-02 | 38  0.00436 -1.77573e-02 | 39 -0.00633 -1.05541e-02
 40 -0.01015  1.24197e-02 | 41 -0.00311 -1.37609e-02 | 42 -0.00292  1.05067e-03
 43 -0.00144  3.42756e-02 | 44  0.00823  6.59835e-03 | 45  0.01618  5.72100e-02
 46 -0.00106 -6.25726e-03 | 47  0.00080 -2.06100e-02 | 48  0.00596  4.79225e-02
 49 -0.00026 -5.42898e-04 | 50  0.01879 -6.89025e-02 | 51  0.00560 -6.27259e-02
 52  0.00684  1.42011e-02 | 53 -0.00465 -1.54227e-02 | 54 -0.01583 -5.14022e-03
 55  0.00083 -1.48839e-01 | 56 -0.00429 -2.16063e-02 | 57  0.00269 -1.15777e-02
 58  0.00686 -1.90938e-02 | 59 -0.00742 -5.85333e-03 | 60 -0.00569  2.55130e-02
 61 -0.00444 -2.15070e-02 | 62 -0.00777 -2.33790e-02 | 63 -0.00911 -2.33271e-02
 64  0.00385 -4.50382e-02 | 65 -0.00586  1.20440e-02 | 66 -0.00059 -8.92488e-03
 67  0.00936  2.08366e-02 | 68 -0.00727  3.41846e-02 | 69  0.00258 -9.53824e-04
 70  0.00630 -3.47423e-03 | 71  0.02392 -3.62780e-02 | 72  0.03293 -6.72184e-03
 73 -0.00786 -3.22615e-02 | 74 -0.00509  5.42294e-03 | 75 -0.00705 -1.37237e-02
 76 -0.03703  1.28069e-02 | 77 -0.01956  3.86804e-03 | 78 -0.01642  4.31251e-03
 79  0.01147 -2.62672e-02 | 80  0.01235 -4.42190e-04 | 81  0.01254  8.22479e-03
 82 -0.01497  5.29677e-03 | 83  0.01625 -7.01810e-03 | 84  0.03407 -2.86860e-02
 85 -0.02258 -1.59124e-03 | 86  0.00736  2.03050e-02 | 87 -0.02483  1.85009e-02
 88 -0.04163  7.79193e-03 | 89  0.00124 -1.50801e-02 | 90  0.00673  1.73598e-02
 91  0.00132  2.03248e-02 | 92  0.02453  7.87892e-03 | 93  0.00266  4.69560e-02
 94  0.03527  2.97134e-02 | 95 -0.05715  1.51849e-02 | 96 -0.03094  3.00659e-03
 97  0.01065  4.43380e-02 | 98 -0.00781  1.41111e-02 | 99  0.03231 -1.25954e-02
100 -0.04167  2.27067e-02 |101  0.02997  5.72278e-03 |102  0.00965  1.27162e-02
103 -0.00491  1.06550e-02 |104 -0.00233 -2.00232e-02 |105 -0.00004  1.65306e-02
106  0.00009  1.64102e-02 |107  0.00000 -7.36792e+02 |108 -0.05707 -3.70946e-02
109 -0.42689  4.42324e-02 |110 -0.32303 -2.08780e-03 |111 -0.27668 -2.53770e-02

Intermediate statistics: 111 variables; iteration 20; function evaluation 23; phase 5
Function value 5.8713708e+02; maximum gradient component mag -1.7074e+03
Var    Value     Gradient |Var    Value     Gradient |Var    Value     Gradient
  1 -0.42380 -1.64057e+02 |  2 -0.41549 -1.70739e+03 |  3 -0.41926 -7.51809e+02
  4 -0.41051 -2.50248e+01 |  5 -0.46170 -2.99925e+01 |  6  0.61855 -1.48122e+03
  7  0.00060 -8.20640e+00 |  8 -0.00004 -1.80015e+00 |  9 -0.00005 -2.19279e+00
 10 -0.00006 -2.66852e+00 | 11 -0.00007 -3.24387e+00 | 12  0.00031  3.87507e+01
 13  0.00029  3.79135e+01 | 14  0.00027  3.69091e+01 | 15  0.00025  3.57087e+01
 16  0.00021  3.42815e+01 | 17  0.00017  3.25948e+01 | 18  0.00012  3.06168e+01
 19  0.00005  2.83194e+01 | 20 -0.00004  2.56839e+01 | 21  0.00048  2.25050e+01
 22  0.00097  1.89292e+01 | 23 -0.00055  1.58392e+01 | 24 -0.00071  1.20601e+01
 25  0.00301  6.16608e+00 | 26  0.00092  3.80445e+00 | 27  0.00586 -2.64516e+00
 28  0.00779 -5.91529e+00 | 29  0.01132 -9.85817e+00 | 30 -0.00459  8.41821e-01
 31  0.00824 -1.15165e+01 | 32  0.00272 -1.08026e+01 | 33  0.00254 -9.15691e+00
 34  0.00337 -1.15758e+01 | 35  0.00325 -1.34418e+01 | 36  0.00055 -1.41288e+01
 37  0.00311 -1.83324e+01 | 38  0.00728 -2.04074e+01 | 39 -0.00602 -1.17262e+01
 40 -0.00984 -9.24793e+00 | 41 -0.00184 -1.60285e+01 | 42 -0.00186 -1.64821e+01
 43 -0.00103 -1.79541e+01 | 44  0.00754 -2.80744e+01 | 45  0.02011 -3.74666e+01
 46 -0.00090 -1.83469e+01 | 47 -0.00029 -1.97490e+01 | 48  0.00512 -2.46570e+01
 49 -0.00159 -1.85055e+01 | 50  0.01696 -3.99711e+01 | 51  0.00580 -2.43828e+01
 52  0.01299 -2.65393e+01 | 53 -0.00428 -1.56342e+01 | 54 -0.01527 -6.56150e+00
 55  0.00125 -2.22182e+01 | 56 -0.00572 -1.78463e+01 | 57 -0.00017 -2.47648e+01
 58  0.01095 -2.98689e+01 | 59 -0.00755 -1.55502e+01 | 60 -0.00470 -1.78665e+01
 61 -0.00291 -2.00173e+01 | 62 -0.00919 -1.73729e+01 | 63 -0.00955 -1.62107e+01
 64  0.00284 -2.91977e+01 | 65 -0.00698 -1.81729e+01 | 66 -0.00155 -2.32954e+01
 67  0.00994 -3.31106e+01 | 68 -0.00802 -1.49814e+01 | 69  0.00259 -2.40929e+01
 70  0.00468 -2.73409e+01 | 71  0.02121 -5.07145e+01 | 72  0.03127 -6.71049e+01
 73 -0.00812 -1.65217e+01 | 74 -0.00489 -2.22745e+01 | 75 -0.00875 -2.22382e+01
 76 -0.03895  5.57202e-01 | 77 -0.02132 -1.69190e+01 | 78 -0.01752 -1.64559e+01
 79  0.00951 -5.26348e+01 | 80  0.01263 -2.05567e+01 | 81  0.01250 -1.53664e+01
 82 -0.01479 -1.52782e-01 | 83  0.01558 -3.43998e+01 | 84  0.03542 -2.48125e+01
 85 -0.02151  6.24736e+00 | 86  0.00801 -1.15586e+01 | 87 -0.02447  1.14859e+01
 88 -0.04013  2.23155e+01 | 89  0.00014 -1.48708e+01 | 90  0.00689 -3.43786e+00
 91  0.00158  1.06244e+01 | 92  0.02489 -2.77179e+00 | 93  0.00225  8.45803e+00
 94  0.03693  2.35600e+01 | 95 -0.05719  2.85441e+01 | 96 -0.03080  2.87313e+01
 97  0.00731 -1.49769e+01 | 98 -0.00965  2.09548e+01 | 99  0.03016  2.31986e+01
100 -0.04300  4.12284e+01 |101  0.02575  1.84048e+01 |102  0.00467  2.65602e+01
103 -0.01108  2.04058e+01 |104 -0.00200  4.39197e+01 |105  0.00026  4.27074e+01
106  0.00038  4.26954e+01 |107  0.00432 -9.88439e+02 |108 -0.06005 -7.59585e+01
109 -0.42881  9.63769e+01 |110 -0.29914  6.32063e+00 |111 -0.26426 -6.84505e+00
111 variables; iteration 40; function evaluation 43; phase 5
Function value 5.8663806e+02; maximum gradient component mag -7.7677e+02
Var    Value     Gradient |Var    Value     Gradient |Var    Value     Gradient
  1 -0.42161 -4.95603e+01 |  2 -0.41557 -7.76773e+02 |  3 -0.42062 -3.27742e+02
  4 -0.41004 -1.17142e+01 |  5 -0.46008 -1.56258e+01 |  6  0.61914 -6.41819e+02
  7  0.00088 -3.18822e+00 |  8  0.00003 -6.86500e-01 |  9  0.00004 -8.35389e-01
 10  0.00005 -1.01548e+00 | 11  0.00006 -1.23295e+00 | 12 -0.00042  1.72666e+01
 13 -0.00043  1.69161e+01 | 14 -0.00044  1.64990e+01 | 15 -0.00045  1.60050e+01
 16 -0.00046  1.54229e+01 | 17 -0.00046  1.47415e+01 | 18 -0.00047  1.39507e+01
 19 -0.00048  1.30402e+01 | 20 -0.00049  1.20042e+01 | 21  0.00013  1.07614e+01
 22  0.00073  9.36303e+00 | 23 -0.00066  8.15533e+00 | 24 -0.00070  6.61691e+00
 25  0.00306  4.04303e+00 | 26  0.00099  3.09074e+00 | 27  0.00584  1.95751e-01
 28  0.00779 -8.17132e-01 | 29  0.01133 -2.46817e+00 | 30 -0.00393  2.39066e+00
 31  0.00836 -3.70920e+00 | 32  0.00270 -3.65535e+00 | 33  0.00243 -2.93665e+00
 34  0.00295 -4.04920e+00 | 35  0.00275 -4.86218e+00 | 36  0.00079 -5.10933e+00
 37  0.00472 -5.79444e+00 | 38  0.00539 -8.41882e+00 | 39 -0.00607 -4.13275e+00
 40 -0.01023 -3.49681e+00 | 41 -0.00182 -5.36667e+00 | 42 -0.00200 -5.84993e+00
 43 -0.00183 -7.58905e+00 | 44  0.00920 -1.00695e+01 | 45  0.01807 -1.48549e+01
 46 -0.00128 -7.41511e+00 | 47 -0.00020 -8.18047e+00 | 48  0.00583 -9.52009e+00
 49 -0.00148 -7.43516e+00 | 50  0.01843 -1.55830e+01 | 51  0.00756 -7.54148e+00
 52  0.01037 -8.98237e+00 | 53 -0.00365 -4.62443e+00 | 54 -0.01613 -2.65427e+00
 55  0.00100 -8.42361e+00 | 56 -0.00621 -8.08614e+00 | 57  0.00767 -3.50054e+00
 58  0.00419 -1.61691e+01 | 59 -0.00658 -4.68001e+00 | 60 -0.00628 -8.79290e+00
 61 -0.00267 -6.61095e+00 | 62 -0.00903 -7.24429e+00 | 63 -0.00746 -3.03346e+00
 64  0.00454 -9.29354e+00 | 65 -0.00784 -9.28801e+00 | 66 -0.00062 -8.36377e+00
 67  0.01078 -1.17042e+01 | 68 -0.00731 -4.91119e+00 | 69  0.00182 -1.24064e+01
 70  0.00330 -1.75008e+01 | 71  0.02224 -2.08756e+01 | 72  0.03074 -3.52035e+01
 73 -0.00934 -1.25639e+01 | 74 -0.00462 -9.36385e+00 | 75 -0.00893 -1.25065e+01
 76 -0.03693  1.01215e+01 | 77 -0.02079 -7.01264e+00 | 78 -0.01739 -9.33754e+00
 79  0.01036 -1.58671e+01 | 80  0.01159 -2.34021e+01 | 81  0.01209 -1.23483e+01
 82 -0.01441  4.06245e+00 | 83  0.01598 -1.33154e+01 | 84  0.03508 -1.04766e+01
 85 -0.02089  1.29102e+01 | 86  0.00860  6.54711e+00 | 87 -0.02488 -2.31530e+00
 88 -0.04109  2.99516e+00 | 89  0.00073 -2.88129e+00 | 90  0.00688 -3.76631e+00
 91  0.00086 -1.01524e+01 | 92  0.02562  1.28985e+01 | 93  0.00237  4.23045e-03
 94  0.03667  1.56803e+01 | 95 -0.05626  1.84296e+01 | 96 -0.03145  3.86371e+00
 97  0.00944  1.77278e+01 | 98 -0.00950  2.53807e+00 | 99  0.03133  2.62559e+01
100 -0.04324  1.55039e+01 |101  0.02809  3.73313e+01 |102  0.00594  1.07211e+01
103 -0.00813  1.97969e+01 |104 -0.00151  2.21880e+01 |105 -0.00053  1.88949e+01
106 -0.00036  1.89579e+01 |107  0.00496 -3.88253e+02 |108 -0.06022 -3.76366e+01
109 -0.42887  4.64140e+01 |110 -0.30131 -2.66528e+00 |111 -0.26705  1.90579e+00
111 variables; iteration 60; function evaluation 69; phase 5
Function value 5.8638481e+02; maximum gradient component mag -3.5931e+02
Var    Value     Gradient |Var    Value     Gradient |Var    Value     Gradient
  1 -0.42249 -2.92239e+01 |  2 -0.41469 -3.59307e+02 |  3 -0.42150 -1.56838e+02
  4 -0.40885 -2.45380e+00 |  5 -0.45947 -4.61185e+00 |  6  0.61867 -2.80998e+02
  7  0.00030 -2.00428e+00 |  8 -0.00011 -4.58383e-01 |  9 -0.00014 -5.59106e-01
 10 -0.00017 -6.81270e-01 | 11 -0.00021 -8.29031e-01 | 12  0.00061  9.57452e+00
 13  0.00057  9.38353e+00 | 14  0.00052  9.14947e+00 | 15  0.00046  8.86365e+00
 16  0.00037  8.51686e+00 | 17  0.00026  8.10013e+00 | 18  0.00013  7.60547e+00
 19 -0.00004  7.03038e+00 | 20 -0.00023  6.37840e+00 | 21  0.00017  5.61685e+00
 22  0.00058  4.81117e+00 | 23 -0.00096  4.17001e+00 | 24 -0.00108  3.46246e+00
 25  0.00271  2.40901e+00 | 26  0.00050  1.88014e+00 | 27  0.00536  5.50812e-01
 28  0.00689 -1.12886e-01 | 29  0.01017 -1.20501e+00 | 30 -0.00486  1.10116e+00
 31  0.00782 -1.27689e+00 | 32  0.00255 -9.55552e-01 | 33  0.00234 -5.40777e-01
 34  0.00283 -1.04029e+00 | 35  0.00260 -1.49344e+00 | 36  0.00074 -1.61719e+00
 37  0.00424 -1.52422e+00 | 38  0.00540 -3.01156e+00 | 39 -0.00578 -5.80120e-01
 40 -0.00947  3.12548e-01 | 41 -0.00231 -1.63942e+00 | 42 -0.00210 -1.50579e+00
 43 -0.00077 -1.41679e+00 | 44  0.00913 -2.89699e+00 | 45  0.01730 -6.13815e+00
 46 -0.00108 -2.60253e+00 | 47  0.00021 -2.92471e+00 | 48  0.00623 -2.71948e+00
 49  0.00013 -7.88069e-01 | 50  0.01784 -7.02087e+00 | 51  0.00458 -5.24952e+00
 52  0.01142 -9.68610e-01 | 53 -0.00571 -4.12691e+00 | 54 -0.01463  1.73659e+00
 55  0.00048 -4.00421e+00 | 56 -0.00454 -1.96253e+00 | 57  0.00328 -1.95098e+00
 58  0.00728 -6.00124e+00 | 59 -0.00752 -2.21717e+00 | 60 -0.00568 -3.32366e+00
 61 -0.00442 -4.45641e+00 | 62 -0.00804 -2.26082e+00 | 63 -0.01096 -5.01606e+00
 64  0.00436 -2.47577e+00 | 65 -0.01003 -9.98655e+00 | 66 -0.00161 -5.48108e+00
 67  0.00865 -8.61997e+00 | 68 -0.00753 -2.66181e+00 | 69  0.00303 -3.22337e+00
 70  0.00591 -1.14169e+00 | 71  0.02175 -1.12956e+01 | 72  0.03322 -8.69669e+00
 73 -0.00739 -1.42907e+00 | 74 -0.00426 -3.79951e+00 | 75 -0.00759 -9.12948e-01
 76 -0.03872 -1.91642e+00 | 77 -0.02011  1.49233e+00 | 78 -0.01699  6.23606e-01
 79  0.01054 -5.22532e+00 | 80  0.01200 -6.47027e+00 | 81  0.01222 -6.74032e+00
 82 -0.01503 -2.51303e+00 | 83  0.01624 -3.09139e+00 | 84  0.03462 -1.19024e+01
 85 -0.02127  2.42870e+00 | 86  0.00802 -3.38930e+00 | 87 -0.02420  4.93871e+00
 88 -0.04027  6.47512e+00 | 89  0.00117  3.86768e+00 | 90  0.00734  3.01703e+00
 91  0.00183  3.87791e+00 | 92  0.02506 -2.58211e-01 | 93  0.00296  4.68896e+00
 94  0.03593 -3.17899e+00 | 95 -0.05657  7.34303e+00 | 96 -0.03043  9.26669e+00
 97  0.00914  8.19815e+00 | 98 -0.00857  9.92095e+00 | 99  0.03067  5.52248e+00
100 -0.04309  9.25273e+00 |101  0.02698  7.07040e+00 |102  0.00661  1.25597e+01
103 -0.00797  1.32944e+01 |104 -0.00261  9.81520e+00 |105  0.00067  1.04924e+01
106  0.00075  1.04116e+01 |107  0.00579 -1.23823e+02 |108 -0.06099 -1.86868e+01
109 -0.42932  2.01678e+01 |110 -0.29514 -1.49923e+00 |111 -0.26458  2.64057e-01
111 variables; iteration 80; function evaluation 103; phase 5
Function value 5.8629570e+02; maximum gradient component mag -1.3207e+01
Var    Value     Gradient |Var    Value     Gradient |Var    Value     Gradient
  1 -0.42265 -1.96310e+00 |  2 -0.41362 -2.56933e+00 |  3 -0.42287 -1.46116e+00
  4 -0.40755  5.18191e-01 |  5 -0.46395  2.20973e-02 |  6  0.61786  1.31059e+00
  7  0.00055  1.43481e-01 |  8 -0.00004  3.73271e-02 |  9 -0.00005  4.44759e-02
 10 -0.00006  5.27757e-02 | 11 -0.00008  6.23980e-02 | 12  0.00000  3.12016e-02
 13 -0.00002  4.97175e-02 | 14 -0.00004  6.85679e-02 | 15 -0.00008  8.69451e-02
 16 -0.00013  1.04194e-01 | 17 -0.00019  1.20397e-01 | 18 -0.00026  1.37106e-01
 19 -0.00036  1.58731e-01 | 20 -0.00047  1.91959e-01 | 21  0.00003  2.46293e-01
 22  0.00052  3.17938e-01 | 23 -0.00099  3.71506e-01 | 24 -0.00115  4.08306e-01
 25  0.00251  4.03947e-01 | 26  0.00027  3.07923e-01 | 27  0.00542  7.22378e-01
 28  0.00655  1.57591e-01 | 29  0.01026  5.26401e-01 | 30 -0.00490  2.41046e-01
 31  0.00786  6.25277e-01 | 32  0.00257  7.69039e-01 | 33  0.00211  4.58139e-01
 34  0.00297  9.78752e-01 | 35  0.00241  3.58289e-01 | 36  0.00061  3.89501e-01
 37  0.00374  9.22927e-01 | 38  0.00528  3.71225e-01 | 39 -0.00626  3.96669e-01
 40 -0.01024  1.72734e-01 | 41 -0.00264  3.92516e-01 | 42 -0.00271  1.70625e-01
 43 -0.00171 -4.34529e-02 | 44  0.00811  4.02036e-01 | 45  0.01679 -2.53903e-01
 46 -0.00090  3.85876e-01 | 47  0.00076  8.51005e-01 | 48  0.00569  3.37483e-01
 49 -0.00100  9.26898e-02 | 50  0.01835  9.16812e-01 | 51  0.00549 -4.66535e-01
 52  0.00814 -1.02450e+00 | 53 -0.00414  2.67414e-01 | 54 -0.01590 -1.20617e-01
 55  0.00070 -2.13786e-02 | 56 -0.00471 -3.73739e-02 | 57  0.00215  1.63625e-01
 58  0.00772 -8.44508e-01 | 59 -0.00760 -2.90279e-01 | 60 -0.00531 -2.40264e-01
 61 -0.00290  2.27712e-01 | 62 -0.00793 -3.13488e-01 | 63 -0.00902 -2.99391e-01
 64  0.00333 -8.56780e-01 | 65 -0.00630  3.77253e-01 | 66 -0.00043 -3.22346e-01
 67  0.01063 -6.89964e-02 | 68 -0.00697 -4.15778e-01 | 69  0.00336 -3.93103e-01
 70  0.00550 -6.12077e-01 | 71  0.02279 -6.23311e-01 | 72  0.03306 -6.54194e-01
 73 -0.00696 -7.26156e-02 | 74 -0.00363 -5.59006e-01 | 75 -0.00756 -4.23016e-01
 76 -0.03802 -8.54900e-01 | 77 -0.02017 -3.12521e-01 | 78 -0.01696 -1.38082e-01
 79  0.01071 -5.90247e-01 | 80  0.01216 -2.57965e-01 | 81  0.01251 -4.76986e-01
 82 -0.01476 -9.31204e-01 | 83  0.01642 -4.71315e-01 | 84  0.03488 -3.77745e-01
 85 -0.02098 -2.37666e-01 | 86  0.00825 -5.78535e-02 | 87 -0.02403  9.21868e-02
 88 -0.04031  1.24898e-01 | 89  0.00126 -1.98117e-01 | 90  0.00731  3.09655e-02
 91  0.00200  7.77163e-03 | 92  0.02517 -1.13645e-02 | 93  0.00316  2.15662e-01
 94  0.03620 -1.20856e-01 | 95 -0.05626 -1.44545e-01 | 96 -0.03055  6.51566e-02
 97  0.00916 -3.55781e-01 | 98 -0.00884 -1.76133e-02 | 99  0.03079 -2.93994e-01
100 -0.04329 -9.82618e-02 |101  0.02704 -4.84584e-01 |102  0.00604 -2.25831e-02
103 -0.00831 -4.28166e-01 |104 -0.00298 -3.18549e-01 |105 -0.00009 -1.34069e-01
106  0.00007 -9.66962e-02 |107  0.00614 -1.32072e+01 |108 -0.05692  6.30648e-01
109 -0.42727 -4.64161e-01 |110 -0.29167  2.46485e-01 |111 -0.26336  1.82260e-01
111 variables; iteration 100; function evaluation 139; phase 5
Function value 5.8629177e+02; maximum gradient component mag -1.4849e+01
Var    Value     Gradient |Var    Value     Gradient |Var    Value     Gradient
  1 -0.42264 -9.52254e-01 |  2 -0.41344 -1.48489e+01 |  3 -0.42306 -6.58006e+00
  4 -0.40750 -1.75789e-01 |  5 -0.46461 -2.16297e-01 |  6  0.61772 -1.27419e+01
  7  0.00049 -8.21969e-02 |  8 -0.00006 -1.90842e-02 |  9 -0.00007 -2.30533e-02
 10 -0.00009 -2.78150e-02 | 11 -0.00011 -3.35312e-02 | 12 -0.00003  3.49077e-01
 13 -0.00005  3.40597e-01 | 14 -0.00009  3.30593e-01 | 15 -0.00013  3.18470e-01
 16 -0.00019  3.03334e-01 | 17 -0.00025  2.84066e-01 | 18 -0.00034  2.59720e-01
 19 -0.00044  2.30477e-01 | 20 -0.00057  1.98859e-01 | 21 -0.00009  1.67978e-01
 22  0.00037  1.42114e-01 | 23 -0.00116  1.18105e-01 | 24 -0.00132  8.09558e-02
 25  0.00237  3.45722e-02 | 26  0.00020  1.05727e-02 | 27  0.00509 -6.06962e-02
 28  0.00664 -7.72641e-02 | 29  0.01012 -1.04449e-01 | 30 -0.00494 -1.57294e-02
 31  0.00762 -1.68233e-01 | 32  0.00221 -1.72346e-01 | 33  0.00198 -1.21554e-01
 34  0.00247 -1.92651e-01 | 35  0.00239 -1.37377e-01 | 36  0.00053 -1.73180e-01
 37  0.00327 -3.05189e-01 | 38  0.00523 -2.75803e-01 | 39 -0.00641 -2.15394e-01
 40 -0.01026 -1.30928e-01 | 41 -0.00274 -2.00358e-01 | 42 -0.00263 -1.41806e-01
 43 -0.00154 -1.86494e-01 | 44  0.00795 -3.41353e-01 | 45  0.01707 -3.80752e-01
 46 -0.00101 -2.10796e-01 | 47  0.00033 -2.56274e-01 | 48  0.00559 -2.72764e-01
 49 -0.00097 -1.86714e-01 | 50  0.01789 -4.52199e-01 | 51  0.00582 -2.27129e-01
 52  0.00894 -2.58776e-01 | 53 -0.00422 -1.14011e-01 | 54 -0.01582 -9.31708e-02
 55  0.00072 -1.94370e-01 | 56 -0.00467 -1.90042e-01 | 57  0.00200 -2.62654e-01
 58  0.00831 -2.50784e-01 | 59 -0.00745 -1.16458e-01 | 60 -0.00519 -1.45900e-01
 61 -0.00299 -1.84583e-01 | 62 -0.00773 -1.58550e-01 | 63 -0.00884 -9.83132e-02
 64  0.00371 -2.35507e-01 | 65 -0.00644 -9.01964e-02 | 66 -0.00024 -1.40115e-01
 67  0.01072 -2.19880e-01 | 68 -0.00675 -8.33692e-02 | 69  0.00352 -1.51677e-01
 70  0.00566 -1.63561e-01 | 71  0.02292 -3.10868e-01 | 72  0.03322 -4.58497e-01
 73 -0.00691 -5.92226e-02 | 74 -0.00347 -9.79862e-02 | 75 -0.00748 -6.44605e-02
 76 -0.03788  1.03647e-01 | 77 -0.02013  1.81402e-02 | 78 -0.01694  2.14832e-02
 79  0.01072 -1.30954e-01 | 80  0.01219 -1.09787e-01 | 81  0.01253 -6.11157e-02
 82 -0.01469  1.07954e-01 | 83  0.01643 -4.04661e-02 | 84  0.03492 -1.79293e-01
 85 -0.02095  1.78436e-01 | 86  0.00827  3.35977e-02 | 87 -0.02403  1.99815e-01
 88 -0.04029  2.41429e-01 | 89  0.00126  1.53002e-01 | 90  0.00733  1.30177e-01
 91  0.00200  2.05148e-01 | 92  0.02520  1.04099e-01 | 93  0.00315  2.26894e-01
 94  0.03625  1.37989e-01 | 95 -0.05623  3.40285e-01 | 96 -0.03052  3.16311e-01
 97  0.00915  2.96375e-01 | 98 -0.00883  3.15666e-01 | 99  0.03079  3.32069e-01
100 -0.04328  3.89285e-01 |101  0.02703  3.97393e-01 |102  0.00602  3.86228e-01
103 -0.00833  4.16049e-01 |104 -0.00283  3.91867e-01 |105 -0.00003  3.96525e-01
106  0.00011  3.98291e-01 |107  0.00622 -3.48184e+00 |108 -0.05724 -7.18755e-01
109 -0.42745  9.56343e-01 |110 -0.29170 -3.70449e-02 |111 -0.26343  1.72266e-02
111 variables; iteration 120; function evaluation 178; phase 5
Function value 5.8629175e+02; maximum gradient component mag -8.4399e-03
Var    Value     Gradient |Var    Value     Gradient |Var    Value     Gradient
  1 -0.42264 -4.44543e-04 |  2 -0.41344 -8.43992e-03 |  3 -0.42306 -3.74768e-03
  4 -0.40749 -1.54995e-04 |  5 -0.46461 -1.24499e-04 |  6  0.61772 -7.50316e-03
  7  0.00048 -3.16838e-05 |  8 -0.00006 -1.01367e-05 |  9 -0.00007 -3.38503e-05
 10 -0.00009 -4.77231e-05 | 11 -0.00011 -5.14817e-05 | 12 -0.00002  1.00252e-04
 13 -0.00005  2.09865e-04 | 14 -0.00009  3.10868e-04 | 15 -0.00013  3.00669e-04
 16 -0.00019  1.86977e-04 | 17 -0.00025  9.17286e-05 | 18 -0.00033  7.47822e-05
 19 -0.00043  6.59227e-05 | 20 -0.00056  1.55358e-06 | 21 -0.00008 -7.82561e-05
 22  0.00037  1.28643e-04 | 23 -0.00116  3.03515e-04 | 24 -0.00133 -9.45387e-05
 25  0.00235 -1.47648e-04 | 26  0.00018  1.66279e-04 | 27  0.00507 -6.04098e-05
 28  0.00661 -2.04910e-04 | 29  0.01008 -5.51633e-05 | 30 -0.00496  1.20660e-04
 31  0.00761 -8.41683e-05 | 32  0.00221  3.70100e-05 | 33  0.00196  5.88424e-05
 34  0.00249 -3.30558e-05 | 35  0.00235  1.35721e-04 | 36  0.00052  8.76312e-05
 37  0.00331 -2.29887e-04 | 38  0.00524 -2.38525e-04 | 39 -0.00638 -6.60025e-05
 40 -0.01026 -2.88092e-05 | 41 -0.00274 -1.05528e-04 | 42 -0.00267  8.62737e-05
 43 -0.00156 -5.31371e-06 | 44  0.00797 -5.75516e-05 | 45  0.01705 -1.10811e-04
 46 -0.00101 -3.12338e-04 | 47  0.00036 -2.76353e-04 | 48  0.00560 -4.00737e-04
 49 -0.00098 -3.03610e-05 | 50  0.01792 -3.44139e-04 | 51  0.00581 -1.82083e-04
 52  0.00893 -1.73472e-04 | 53 -0.00424  5.95772e-05 | 54 -0.01581 -8.28292e-05
 55  0.00071 -1.28986e-04 | 56 -0.00464 -8.95751e-05 | 57  0.00204 -2.42216e-04
 58  0.00830 -1.29618e-04 | 59 -0.00745 -7.60569e-05 | 60 -0.00519 -1.23900e-04
 61 -0.00297 -1.40151e-04 | 62 -0.00771 -1.82807e-04 | 63 -0.00884 -6.93530e-05
 64  0.00372 -1.90468e-04 | 65 -0.00645 -1.06474e-04 | 66 -0.00024 -1.44644e-04
 67  0.01072 -1.57928e-04 | 68 -0.00674 -1.09035e-04 | 69  0.00352 -1.46934e-04
 70  0.00567 -1.54264e-04 | 71  0.02292 -2.62125e-04 | 72  0.03323 -4.04891e-04
 73 -0.00690 -1.16354e-04 | 74 -0.00346 -1.17199e-04 | 75 -0.00748 -9.96414e-05
 76 -0.03787  7.97030e-05 | 77 -0.02013 -4.92318e-05 | 78 -0.01694 -4.22159e-05
 79  0.01072 -1.03057e-04 | 80  0.01219 -1.11325e-04 | 81  0.01253 -2.45914e-05
 82 -0.01469  1.01876e-04 | 83  0.01643 -1.94122e-05 | 84  0.03492 -8.31540e-05
 85 -0.02095  1.12435e-04 | 86  0.00827  1.12906e-05 | 87 -0.02403  1.00939e-04
 88 -0.04029  1.04424e-04 | 89  0.00126  8.56167e-05 | 90  0.00733  5.54375e-05
 91  0.00200  1.29813e-04 | 92  0.02520  6.93052e-05 | 93  0.00315  1.16751e-04
 94  0.03625  1.46208e-04 | 95 -0.05623  2.14629e-04 | 96 -0.03052  1.51316e-04
 97  0.00916  1.83456e-04 | 98 -0.00883  1.65547e-04 | 99  0.03079  2.32495e-04
100 -0.04328  2.23302e-04 |101  0.02703  2.65755e-04 |102  0.00603  1.90420e-04
103 -0.00832  2.35089e-04 |104 -0.00283  2.52350e-04 |105 -0.00003  5.07851e-04
106  0.00011  1.02072e-04 |107  0.00622 -1.97462e-03 |108 -0.05727 -4.18631e-04
109 -0.42747  5.49060e-04 |110 -0.29168 -2.09727e-05 |111 -0.26342  6.51252e-06
  ic > imax  in fminim is answer attained ?
Var    Value     Gradient |Var    Value     Gradient |Var    Value     Gradient
  1 -0.42264 -1.96323e-05 |  2 -0.41344 -4.71762e-04 |  3 -0.42306 -2.06352e-04
  4 -0.40749 -1.30431e-05 |  5 -0.46461 -6.96978e-06 |  6  0.61772 -4.40064e-04
  7  0.00048 -5.86911e-06 |  8 -0.00006  6.41678e-06 |  9 -0.00007  2.90375e-06
 10 -0.00009 -6.11237e-07 | 11 -0.00011 -2.56996e-06 | 12 -0.00002 -1.47533e-06
 13 -0.00005  1.65888e-05 | 14 -0.00009  2.26269e-05 | 15 -0.00013  1.33418e-05
 16 -0.00019  1.54669e-05 | 17 -0.00025  2.52006e-06 | 18 -0.00033  7.37391e-06
 19 -0.00043  5.34049e-06 | 20 -0.00056  4.41327e-06 | 21 -0.00008 -2.25132e-06
 22  0.00037 -1.14995e-05 | 23 -0.00116  1.94392e-05 | 24 -0.00133 -4.78544e-06
 25  0.00235 -7.59565e-06 | 26  0.00018  1.21235e-05 | 27  0.00507 -4.52927e-06
 28  0.00661 -1.45556e-05 | 29  0.01008 -6.76476e-07 | 30 -0.00496  8.78618e-06
 31  0.00761 -2.70234e-06 | 32  0.00221  5.13748e-06 | 33  0.00196  6.36271e-06
 34  0.00249 -1.66824e-08 | 35  0.00235  1.29658e-05 | 36  0.00052  1.12241e-05
 37  0.00331 -1.28222e-05 | 38  0.00524 -1.62260e-05 | 39 -0.00638 -2.56149e-06
 40 -0.01026 -1.65718e-07 | 41 -0.00274 -4.49905e-06 | 42 -0.00267  8.67647e-06
 43 -0.00156  2.01029e-06 | 44  0.00797 -1.06394e-06 | 45  0.01705 -2.96200e-06
 46 -0.00101 -2.08766e-05 | 47  0.00036 -1.14003e-05 | 48  0.00560 -3.80174e-05
 49 -0.00098  4.42885e-06 | 50  0.01792 -2.29710e-05 | 51  0.00581 -1.05285e-05
 52  0.00893 -9.08409e-06 | 53 -0.00424  6.80854e-06 | 54 -0.01581 -4.11152e-06
 55  0.00071 -6.62709e-06 | 56 -0.00464 -6.52950e-06 | 57  0.00204 -1.45945e-05
 58  0.00830 -7.81424e-06 | 59 -0.00745 -3.87567e-06 | 60 -0.00519 -6.65541e-06
 61 -0.00297 -7.67072e-06 | 62 -0.00771 -1.38715e-05 | 63 -0.00884 -4.62538e-06
 64  0.00372 -1.28226e-05 | 65 -0.00645 -5.35932e-06 | 66 -0.00024 -1.01140e-05
 67  0.01072 -9.72583e-06 | 68 -0.00674 -7.68802e-06 | 69  0.00352 -9.43968e-06
 70  0.00567 -9.46525e-06 | 71  0.02292 -1.64714e-05 | 72  0.03323 -2.81825e-05
 73 -0.00690 -9.02065e-06 | 74 -0.00346 -8.38192e-06 | 75 -0.00748 -7.62224e-06
 76 -0.03787  6.17454e-06 | 77 -0.02013 -5.10221e-06 | 78 -0.01694 -4.16666e-06
 79  0.01072 -8.24539e-06 | 80  0.01219 -8.80506e-06 | 81  0.01253 -2.23896e-06
 82 -0.01469  6.41854e-06 | 83  0.01643 -2.65426e-06 | 84  0.03492 -6.29817e-06
 85 -0.02095  5.62522e-06 | 86  0.00827 -1.75431e-06 | 87 -0.02403  4.46418e-06
 88 -0.04029  4.14718e-06 | 89  0.00126  2.83242e-06 | 90  0.00733  6.43846e-07
 91  0.00200  6.32755e-06 | 92  0.02520  1.89774e-06 | 93  0.00315  4.76244e-06
 94  0.03625  7.92308e-06 | 95 -0.05623  1.24047e-05 | 96 -0.03052  7.18837e-06
 97  0.00916  9.74071e-06 | 98 -0.00883  8.50158e-06 | 99  0.03079  1.36385e-05
100 -0.04328  1.31144e-05 |101  0.02703  1.66810e-05 |102  0.00603  1.04777e-05
103 -0.00832  1.45670e-05 |104 -0.00283  1.54574e-05 |105 -0.00003  3.39977e-05
106  0.00011  6.30582e-06 |107  0.00622 -8.60917e-05 |108 -0.05727 -2.45823e-05
109 -0.42747  3.22935e-05 |110 -0.29168 -1.14881e-06 |111 -0.26342 -3.11157e-06
Function minimizer not making progress ... is minimum attained?
Minimprove criterion = 0.0000e+00

 - final statistics:
111 variables; iteration 131; function evaluation 228
Function value 5.8629e+02; maximum gradient component mag -4.7176e-04
Exit code = 1;  converg criter 1.0000e-04
Var    Value     Gradient |Var    Value     Gradient |Var    Value     Gradient
  1 -0.42264 -1.96323e-05 |  2 -0.41344 -4.71762e-04 |  3 -0.42306 -2.06352e-04
  4 -0.40749 -1.30431e-05 |  5 -0.46461 -6.96978e-06 |  6  0.61772 -4.40064e-04
  7  0.00048 -5.86911e-06 |  8 -0.00006  6.41678e-06 |  9 -0.00007  2.90375e-06
 10 -0.00009 -6.11237e-07 | 11 -0.00011 -2.56996e-06 | 12 -0.00002 -1.47533e-06
 13 -0.00005  1.65888e-05 | 14 -0.00009  2.26269e-05 | 15 -0.00013  1.33418e-05
 16 -0.00019  1.54669e-05 | 17 -0.00025  2.52006e-06 | 18 -0.00033  7.37391e-06
 19 -0.00043  5.34049e-06 | 20 -0.00056  4.41327e-06 | 21 -0.00008 -2.25132e-06
 22  0.00037 -1.14995e-05 | 23 -0.00116  1.94392e-05 | 24 -0.00133 -4.78544e-06
 25  0.00235 -7.59565e-06 | 26  0.00018  1.21235e-05 | 27  0.00507 -4.52927e-06
 28  0.00661 -1.45556e-05 | 29  0.01008 -6.76476e-07 | 30 -0.00496  8.78618e-06
 31  0.00761 -2.70234e-06 | 32  0.00221  5.13748e-06 | 33  0.00196  6.36271e-06
 34  0.00249 -1.66824e-08 | 35  0.00235  1.29658e-05 | 36  0.00052  1.12241e-05
 37  0.00331 -1.28222e-05 | 38  0.00524 -1.62260e-05 | 39 -0.00638 -2.56149e-06
 40 -0.01026 -1.65718e-07 | 41 -0.00274 -4.49905e-06 | 42 -0.00267  8.67647e-06
 43 -0.00156  2.01029e-06 | 44  0.00797 -1.06394e-06 | 45  0.01705 -2.96200e-06
 46 -0.00101 -2.08766e-05 | 47  0.00036 -1.14003e-05 | 48  0.00560 -3.80174e-05
 49 -0.00098  4.42885e-06 | 50  0.01792 -2.29710e-05 | 51  0.00581 -1.05285e-05
 52  0.00893 -9.08409e-06 | 53 -0.00424  6.80854e-06 | 54 -0.01581 -4.11152e-06
 55  0.00071 -6.62709e-06 | 56 -0.00464 -6.52950e-06 | 57  0.00204 -1.45945e-05
 58  0.00830 -7.81424e-06 | 59 -0.00745 -3.87567e-06 | 60 -0.00519 -6.65541e-06
 61 -0.00297 -7.67072e-06 | 62 -0.00771 -1.38715e-05 | 63 -0.00884 -4.62538e-06
 64  0.00372 -1.28226e-05 | 65 -0.00645 -5.35932e-06 | 66 -0.00024 -1.01140e-05
 67  0.01072 -9.72583e-06 | 68 -0.00674 -7.68802e-06 | 69  0.00352 -9.43968e-06
 70  0.00567 -9.46525e-06 | 71  0.02292 -1.64714e-05 | 72  0.03323 -2.81825e-05
 73 -0.00690 -9.02065e-06 | 74 -0.00346 -8.38192e-06 | 75 -0.00748 -7.62224e-06
 76 -0.03787  6.17454e-06 | 77 -0.02013 -5.10221e-06 | 78 -0.01694 -4.16666e-06
 79  0.01072 -8.24539e-06 | 80  0.01219 -8.80506e-06 | 81  0.01253 -2.23896e-06
 82 -0.01469  6.41854e-06 | 83  0.01643 -2.65426e-06 | 84  0.03492 -6.29817e-06
 85 -0.02095  5.62522e-06 | 86  0.00827 -1.75431e-06 | 87 -0.02403  4.46418e-06
 88 -0.04029  4.14718e-06 | 89  0.00126  2.83242e-06 | 90  0.00733  6.43846e-07
 91  0.00200  6.32755e-06 | 92  0.02520  1.89774e-06 | 93  0.00315  4.76244e-06
 94  0.03625  7.92308e-06 | 95 -0.05623  1.24047e-05 | 96 -0.03052  7.18837e-06
 97  0.00916  9.74071e-06 | 98 -0.00883  8.50158e-06 | 99  0.03079  1.36385e-05
100 -0.04328  1.31144e-05 |101  0.02703  1.66810e-05 |102  0.00603  1.04777e-05
103 -0.00832  1.45670e-05 |104 -0.00283  1.54574e-05 |105 -0.00003  3.39977e-05
106  0.00011  6.30582e-06 |107  0.00622 -8.60917e-05 |108 -0.05727 -2.45823e-05
109 -0.42747  3.22935e-05 |110 -0.29168 -1.14881e-06 |111 -0.26342 -3.11157e-06

Initial statistics: 112 variables; iteration 0; function evaluation 0; phase 6
Function value 5.8629175e+02; maximum gradient component mag -4.7177e-04
Var    Value     Gradient |Var    Value     Gradient |Var    Value     Gradient
  1 -0.42264 -1.96326e-05 |  2 -0.41344 -4.71767e-04 |  3 -0.42306 -2.06354e-04
  4 -0.40749 -1.30431e-05 |  5 -0.46461 -6.96985e-06 |  6  0.61772 -4.40068e-04
  7  0.00048 -5.86914e-06 |  8 -0.00006  6.41677e-06 |  9 -0.00007  2.90374e-06
 10 -0.00009 -6.11247e-07 | 11 -0.00011 -2.56997e-06 | 12 -0.00002 -9.04690e-07
 13 -0.00005  1.71594e-05 | 14 -0.00009  2.31975e-05 | 15 -0.00013  1.39124e-05
 16 -0.00019  1.60375e-05 | 17 -0.00025  3.09067e-06 | 18 -0.00033  7.94451e-06
 19 -0.00043  5.91109e-06 | 20 -0.00056  4.98386e-06 | 21 -0.00008 -1.68074e-06
 22  0.00037 -1.09289e-05 | 23 -0.00116  2.00098e-05 | 24 -0.00133 -4.21490e-06
 25  0.00235 -7.02514e-06 | 26  0.00018  1.26940e-05 | 27  0.00507 -3.95881e-06
 28  0.00661 -1.39851e-05 | 29  0.01008 -1.06087e-07 | 30 -0.00496  9.35666e-06
 31  0.00761 -2.13192e-06 | 32  0.00221  5.70794e-06 | 33  0.00196  6.93317e-06
 34  0.00249  5.53771e-07 | 35  0.00235  1.35363e-05 | 36  0.00052  1.17945e-05
 37  0.00331 -1.22517e-05 | 38  0.00524 -1.56556e-05 | 39 -0.00638 -1.99105e-06
 40 -0.01026  4.04679e-07 | 41 -0.00274 -3.92860e-06 | 42 -0.00267  9.24691e-06
 43 -0.00156  2.58074e-06 | 44  0.00797 -4.93567e-07 | 45  0.01705 -2.39182e-06
 46 -0.00101 -2.03062e-05 | 47  0.00036 -1.08299e-05 | 48  0.00560 -3.74470e-05
 49 -0.00098  4.99930e-06 | 50  0.01792 -2.24008e-05 | 51  0.00581 -9.95809e-06
 52  0.00893 -8.51372e-06 | 53 -0.00424  7.37899e-06 | 54 -0.01581 -3.54120e-06
 55  0.00071 -6.05664e-06 | 56 -0.00464 -5.95905e-06 | 57  0.00204 -1.40241e-05
 58  0.00830 -7.24386e-06 | 59 -0.00745 -3.30523e-06 | 60 -0.00519 -6.08495e-06
 61 -0.00297 -7.10026e-06 | 62 -0.00771 -1.33010e-05 | 63 -0.00884 -4.05495e-06
 64  0.00372 -1.22522e-05 | 65 -0.00645 -4.78886e-06 | 66 -0.00024 -9.54356e-06
 67  0.01072 -9.15547e-06 | 68 -0.00674 -7.11755e-06 | 69  0.00352 -8.86921e-06
 70  0.00567 -8.89480e-06 | 71  0.02292 -1.59014e-05 | 72  0.03323 -2.76128e-05
 73 -0.00690 -8.45018e-06 | 74 -0.00346 -7.81144e-06 | 75 -0.00748 -7.05177e-06
 76 -0.03787  6.74409e-06 | 77 -0.02013 -4.53196e-06 | 78 -0.01694 -3.59633e-06
 79  0.01072 -7.67499e-06 | 80  0.01219 -8.23468e-06 | 81  0.01253 -1.66858e-06
 82 -0.01469  6.98895e-06 | 83  0.01643 -2.08394e-06 | 84  0.03492 -5.72857e-06
 85 -0.02095  6.19549e-06 | 86  0.00827 -1.18382e-06 | 87 -0.02403  5.03436e-06
 88 -0.04029  4.71664e-06 | 89  0.00126  3.40298e-06 | 90  0.00733  1.21437e-06
 91  0.00200  6.89813e-06 | 92  0.02520  2.46785e-06 | 93  0.00315  5.33303e-06
 94  0.03625  8.49272e-06 | 95 -0.05623  1.29731e-05 | 96 -0.03052  7.75834e-06
 97  0.00916  1.03113e-05 | 98 -0.00883  9.07215e-06 | 99  0.03079  1.42085e-05
100 -0.04328  1.36837e-05 |101  0.02703  1.72511e-05 |102  0.00603  1.10483e-05
103 -0.00832  1.51377e-05 |104 -0.00283  1.60280e-05 |105 -0.00003  3.45683e-05
106  0.00011  6.87647e-06 |107  0.00000  0.00000e+00 |108  0.00622 -8.60930e-05
109 -0.05727 -2.45826e-05 |110 -0.42747  3.22938e-05 |111 -0.29168 -1.14882e-06
112 -0.26342 -3.11156e-06 |
  ic > imax  in fminim is answer attained ?
Var    Value     Gradient |Var    Value     Gradient |Var    Value     Gradient
  1 -0.42264 -1.96326e-05 |  2 -0.41344 -4.71767e-04 |  3 -0.42306 -2.06354e-04
  4 -0.40749 -1.30431e-05 |  5 -0.46461 -6.96985e-06 |  6  0.61772 -4.40068e-04
  7  0.00048 -5.86914e-06 |  8 -0.00006  6.41677e-06 |  9 -0.00007  2.90374e-06
 10 -0.00009 -6.11247e-07 | 11 -0.00011 -2.56997e-06 | 12 -0.00002 -9.04690e-07
 13 -0.00005  1.71594e-05 | 14 -0.00009  2.31975e-05 | 15 -0.00013  1.39124e-05
 16 -0.00019  1.60375e-05 | 17 -0.00025  3.09067e-06 | 18 -0.00033  7.94451e-06
 19 -0.00043  5.91109e-06 | 20 -0.00056  4.98386e-06 | 21 -0.00008 -1.68074e-06
 22  0.00037 -1.09289e-05 | 23 -0.00116  2.00098e-05 | 24 -0.00133 -4.21490e-06
 25  0.00235 -7.02514e-06 | 26  0.00018  1.26940e-05 | 27  0.00507 -3.95881e-06
 28  0.00661 -1.39851e-05 | 29  0.01008 -1.06087e-07 | 30 -0.00496  9.35666e-06
 31  0.00761 -2.13192e-06 | 32  0.00221  5.70794e-06 | 33  0.00196  6.93317e-06
 34  0.00249  5.53771e-07 | 35  0.00235  1.35363e-05 | 36  0.00052  1.17945e-05
 37  0.00331 -1.22517e-05 | 38  0.00524 -1.56556e-05 | 39 -0.00638 -1.99105e-06
 40 -0.01026  4.04679e-07 | 41 -0.00274 -3.92860e-06 | 42 -0.00267  9.24691e-06
 43 -0.00156  2.58074e-06 | 44  0.00797 -4.93567e-07 | 45  0.01705 -2.39182e-06
 46 -0.00101 -2.03062e-05 | 47  0.00036 -1.08299e-05 | 48  0.00560 -3.74470e-05
 49 -0.00098  4.99930e-06 | 50  0.01792 -2.24008e-05 | 51  0.00581 -9.95809e-06
 52  0.00893 -8.51372e-06 | 53 -0.00424  7.37899e-06 | 54 -0.01581 -3.54120e-06
 55  0.00071 -6.05664e-06 | 56 -0.00464 -5.95905e-06 | 57  0.00204 -1.40241e-05
 58  0.00830 -7.24386e-06 | 59 -0.00745 -3.30523e-06 | 60 -0.00519 -6.08495e-06
 61 -0.00297 -7.10026e-06 | 62 -0.00771 -1.33010e-05 | 63 -0.00884 -4.05495e-06
 64  0.00372 -1.22522e-05 | 65 -0.00645 -4.78886e-06 | 66 -0.00024 -9.54356e-06
 67  0.01072 -9.15547e-06 | 68 -0.00674 -7.11755e-06 | 69  0.00352 -8.86921e-06
 70  0.00567 -8.89480e-06 | 71  0.02292 -1.59014e-05 | 72  0.03323 -2.76128e-05
 73 -0.00690 -8.45018e-06 | 74 -0.00346 -7.81144e-06 | 75 -0.00748 -7.05177e-06
 76 -0.03787  6.74409e-06 | 77 -0.02013 -4.53196e-06 | 78 -0.01694 -3.59633e-06
 79  0.01072 -7.67499e-06 | 80  0.01219 -8.23468e-06 | 81  0.01253 -1.66858e-06
 82 -0.01469  6.98895e-06 | 83  0.01643 -2.08394e-06 | 84  0.03492 -5.72857e-06
 85 -0.02095  6.19549e-06 | 86  0.00827 -1.18382e-06 | 87 -0.02403  5.03436e-06
 88 -0.04029  4.71664e-06 | 89  0.00126  3.40298e-06 | 90  0.00733  1.21437e-06
 91  0.00200  6.89813e-06 | 92  0.02520  2.46785e-06 | 93  0.00315  5.33303e-06
 94  0.03625  8.49272e-06 | 95 -0.05623  1.29731e-05 | 96 -0.03052  7.75834e-06
 97  0.00916  1.03113e-05 | 98 -0.00883  9.07215e-06 | 99  0.03079  1.42085e-05
100 -0.04328  1.36837e-05 |101  0.02703  1.72511e-05 |102  0.00603  1.10483e-05
103 -0.00832  1.51377e-05 |104 -0.00283  1.60280e-05 |105 -0.00003  3.45683e-05
106  0.00011  6.87647e-06 |107  0.00000  0.00000e+00 |108  0.00622 -8.60930e-05
109 -0.05727 -2.45826e-05 |110 -0.42747  3.22938e-05 |111 -0.29168 -1.14882e-06
112 -0.26342 -3.11156e-06 |
Function minimizer not making progress ... is minimum attained?
Minimprove criterion = 0.0000e+00

 - final statistics:
112 variables; iteration 1; function evaluation 30
Function value 5.8629e+02; maximum gradient component mag -4.7177e-04
Exit code = 1;  converg criter 1.0000e-04
Var    Value     Gradient |Var    Value     Gradient |Var    Value     Gradient
  1 -0.42264 -1.96326e-05 |  2 -0.41344 -4.71767e-04 |  3 -0.42306 -2.06354e-04
  4 -0.40749 -1.30431e-05 |  5 -0.46461 -6.96985e-06 |  6  0.61772 -4.40068e-04
  7  0.00048 -5.86914e-06 |  8 -0.00006  6.41677e-06 |  9 -0.00007  2.90374e-06
 10 -0.00009 -6.11247e-07 | 11 -0.00011 -2.56997e-06 | 12 -0.00002 -9.04690e-07
 13 -0.00005  1.71594e-05 | 14 -0.00009  2.31975e-05 | 15 -0.00013  1.39124e-05
 16 -0.00019  1.60375e-05 | 17 -0.00025  3.09067e-06 | 18 -0.00033  7.94451e-06
 19 -0.00043  5.91109e-06 | 20 -0.00056  4.98386e-06 | 21 -0.00008 -1.68074e-06
 22  0.00037 -1.09289e-05 | 23 -0.00116  2.00098e-05 | 24 -0.00133 -4.21490e-06
 25  0.00235 -7.02514e-06 | 26  0.00018  1.26940e-05 | 27  0.00507 -3.95881e-06
 28  0.00661 -1.39851e-05 | 29  0.01008 -1.06087e-07 | 30 -0.00496  9.35666e-06
 31  0.00761 -2.13192e-06 | 32  0.00221  5.70794e-06 | 33  0.00196  6.93317e-06
 34  0.00249  5.53771e-07 | 35  0.00235  1.35363e-05 | 36  0.00052  1.17945e-05
 37  0.00331 -1.22517e-05 | 38  0.00524 -1.56556e-05 | 39 -0.00638 -1.99105e-06
 40 -0.01026  4.04679e-07 | 41 -0.00274 -3.92860e-06 | 42 -0.00267  9.24691e-06
 43 -0.00156  2.58074e-06 | 44  0.00797 -4.93567e-07 | 45  0.01705 -2.39182e-06
 46 -0.00101 -2.03062e-05 | 47  0.00036 -1.08299e-05 | 48  0.00560 -3.74470e-05
 49 -0.00098  4.99930e-06 | 50  0.01792 -2.24008e-05 | 51  0.00581 -9.95809e-06
 52  0.00893 -8.51372e-06 | 53 -0.00424  7.37899e-06 | 54 -0.01581 -3.54120e-06
 55  0.00071 -6.05664e-06 | 56 -0.00464 -5.95905e-06 | 57  0.00204 -1.40241e-05
 58  0.00830 -7.24386e-06 | 59 -0.00745 -3.30523e-06 | 60 -0.00519 -6.08495e-06
 61 -0.00297 -7.10026e-06 | 62 -0.00771 -1.33010e-05 | 63 -0.00884 -4.05495e-06
 64  0.00372 -1.22522e-05 | 65 -0.00645 -4.78886e-06 | 66 -0.00024 -9.54356e-06
 67  0.01072 -9.15547e-06 | 68 -0.00674 -7.11755e-06 | 69  0.00352 -8.86921e-06
 70  0.00567 -8.89480e-06 | 71  0.02292 -1.59014e-05 | 72  0.03323 -2.76128e-05
 73 -0.00690 -8.45018e-06 | 74 -0.00346 -7.81144e-06 | 75 -0.00748 -7.05177e-06
 76 -0.03787  6.74409e-06 | 77 -0.02013 -4.53196e-06 | 78 -0.01694 -3.59633e-06
 79  0.01072 -7.67499e-06 | 80  0.01219 -8.23468e-06 | 81  0.01253 -1.66858e-06
 82 -0.01469  6.98895e-06 | 83  0.01643 -2.08394e-06 | 84  0.03492 -5.72857e-06
 85 -0.02095  6.19549e-06 | 86  0.00827 -1.18382e-06 | 87 -0.02403  5.03436e-06
 88 -0.04029  4.71664e-06 | 89  0.00126  3.40298e-06 | 90  0.00733  1.21437e-06
 91  0.00200  6.89813e-06 | 92  0.02520  2.46785e-06 | 93  0.00315  5.33303e-06
 94  0.03625  8.49272e-06 | 95 -0.05623  1.29731e-05 | 96 -0.03052  7.75834e-06
 97  0.00916  1.03113e-05 | 98 -0.00883  9.07215e-06 | 99  0.03079  1.42085e-05
100 -0.04328  1.36837e-05 |101  0.02703  1.72511e-05 |102  0.00603  1.10483e-05
103 -0.00832  1.51377e-05 |104 -0.00283  1.60280e-05 |105 -0.00003  3.45683e-05
106  0.00011  6.87647e-06 |107  0.00000  0.00000e+00 |108  0.00622 -8.60930e-05
109 -0.05727 -2.45826e-05 |110 -0.42747  3.22938e-05 |111 -0.29168 -1.14882e-06
112 -0.26342 -3.11156e-06 |
size of file gradfil1.tmp = 0
size of file gradfil2.tmp = 0
size of file varssave.tmp = 0
size of file cmpdiff.tmp = 0
