
Initial statistics: 1 variables; iteration 0; function evaluation 0; phase 1
Function value 5.6443310e+06; maximum gradient component mag -1.1327e+07
Var    Value     Gradient |Var    Value     Gradient |Var    Value     Gradient
  1  0.63197 -1.13274e+07 |

 - final statistics:
1 variables; iteration 5; function evaluation 27
Function value 9.3281e+02; maximum gradient component mag 5.2788e+00
Exit code = 1;  converg criter 1.0000e+01
Var    Value     Gradient |Var    Value     Gradient |Var    Value     Gradient
  1  0.83732  5.27883e+00 |

Initial statistics: 98 variables; iteration 0; function evaluation 0; phase 2
Function value 9.3280978e+02; maximum gradient component mag 1.1355e+03
Var    Value     Gradient |Var    Value     Gradient |Var    Value     Gradient
  1  0.83732  5.27883e+00 |  2  0.00000 -1.07178e+01 |  3  0.00000 -1.07379e+01
  4  0.00000 -1.07651e+01 |  5  0.00000 -1.08020e+01 |  6  0.00000 -1.08519e+01
  7  0.00000 -1.09191e+01 |  8  0.00000 -1.09878e+01 |  9  0.00000 -1.10987e+01
 10  0.00000 -1.12481e+01 | 11  0.00000 -1.14492e+01 | 12  0.00000 -1.17160e+01
 13  0.00000 -1.20552e+01 | 14  0.00000 -1.25007e+01 | 15  0.00000 -1.30715e+01
 16  0.00000 -1.37949e+01 | 17  0.00000 -1.48728e+01 | 18  0.00000 -1.80225e+01
 19  0.00000 -1.68780e+01 | 20  0.00000 -1.83059e+01 | 21  0.00000 -2.02595e+01
 22  0.00000 -2.12208e+01 | 23  0.00000 -2.12335e+01 | 24  0.00000 -2.23932e+01
 25  0.00000 -2.17697e+01 | 26  0.00000 -2.22440e+01 | 27  0.00000 -2.06284e+01
 28  0.00000 -3.01591e+01 | 29  0.00000 -5.25452e+01 | 30  0.00000 -1.14389e+01
 31  0.00000 -3.84391e+01 | 32  0.00000 -5.14894e+01 | 33  0.00000 -4.14735e+01
 34  0.00000 -2.69750e+01 | 35  0.00000 -2.17321e+01 | 36  0.00000 -6.39662e+01
 37  0.00000 -5.24921e+01 | 38  0.00000 -4.99726e+01 | 39  0.00000 -5.62025e+01
 40  0.00000 -6.11267e+01 | 41  0.00000 -7.60302e+01 | 42  0.00000 -8.94878e+01
 43  0.00000 -9.96068e+01 | 44  0.00000 -1.03696e+02 | 45  0.00000 -1.55245e+02
 46  0.00000 -1.41065e+02 | 47  0.00000 -1.64984e+02 | 48  0.00000 -1.93916e+02
 49  0.00000 -2.04973e+02 | 50  0.00000 -2.52317e+02 | 51  0.00000 -2.70120e+02
 52  0.00000 -2.67911e+02 | 53  0.00000 -3.08581e+02 | 54  0.00000 -3.18644e+02
 55  0.00000 -3.75060e+02 | 56  0.00000 -3.75209e+02 | 57  0.00000 -3.93458e+02
 58  0.00000 -4.77263e+02 | 59  0.00000 -5.18508e+02 | 60  0.00000 -4.99578e+02
 61  0.00000 -5.34713e+02 | 62  0.00000 -3.85089e+02 | 63  0.00000 -4.26726e+02
 64  0.00000 -6.85739e+02 | 65  0.00000 -1.02227e+03 | 66  0.00000 -6.81058e+02
 67  0.00000 -3.20336e+02 | 68  0.00000  2.73676e+02 | 69  0.00000  5.23380e+02
 70  0.00000 -2.78163e+01 | 71  0.00000  4.33682e+02 | 72  0.00000 -2.95211e+02
 73  0.00000  9.95265e+02 | 74  0.00000 -5.64807e+02 | 75  0.00000  4.12999e+02
 76  0.00000  4.01260e+02 | 77  0.00000  2.67371e+02 | 78  0.00000  1.18785e+02
 79  0.00000  9.65965e+02 | 80  0.00000  2.45411e+02 | 81  0.00000  7.20926e+02
 82  0.00000  6.83342e+02 | 83  0.00000  1.02998e+03 | 84  0.00000 -5.70770e+02
 85  0.00000  3.05807e+02 | 86  0.00000  6.60618e+02 | 87  0.00000  1.13549e+03
 88  0.00000  4.20878e+01 | 89  0.00000  8.42278e+02 | 90  0.00000  3.58419e+02
 91  0.00000  8.56164e+02 | 92  0.00000 -1.23131e+01 | 93  0.00000  5.22581e+02
 94  0.00000 -1.36734e+01 | 95  0.00000 -1.01012e+01 | 96  0.00000 -1.06619e+01
 97 -0.03546 -2.00357e+02 | 98 -0.31026 -5.38613e+02 |

Intermediate statistics: 98 variables; iteration 20; function evaluation 34; phase 2
Function value 6.6865201e+02; maximum gradient component mag -5.4400e+02
Var    Value     Gradient |Var    Value     Gradient |Var    Value     Gradient
  1  0.77182  5.24218e+02 |  2 -0.00780 -3.98404e+01 |  3 -0.00779 -3.98407e+01
  4 -0.00778 -3.98411e+01 |  5 -0.00776 -3.98416e+01 |  6 -0.00774 -3.98422e+01
  7 -0.00770 -3.98430e+01 |  8 -0.00768 -3.98464e+01 |  9 -0.00762 -3.98489e+01
 10 -0.00755 -3.98519e+01 | 11 -0.00746 -3.98553e+01 | 12 -0.00733 -3.98592e+01
 13 -0.00717 -3.98645e+01 | 14 -0.00695 -3.98697e+01 | 15 -0.00667 -3.98746e+01
 16 -0.00630 -3.98776e+01 | 17 -0.00571 -3.98550e+01 | 18 -0.00358 -3.95965e+01
 19 -0.00474 -3.98838e+01 | 20 -0.00399 -3.98673e+01 | 21 -0.00284 -3.97904e+01
 22 -0.00252 -3.98650e+01 | 23 -0.00294 -4.00424e+01 | 24 -0.00261 -4.01545e+01
 25 -0.00385 -4.05698e+01 | 26 -0.00438 -4.09029e+01 | 27 -0.00682 -4.16107e+01
 28 -0.00219 -4.14209e+01 | 29  0.01247 -3.96794e+01 | 30 -0.01549 -4.41467e+01
 31  0.00129 -4.21109e+01 | 32  0.00992 -4.08375e+01 | 33 -0.00346 -4.42595e+01
 34 -0.01461 -4.62760e+01 | 35 -0.01776 -4.77006e+01 | 36  0.01289 -4.26794e+01
 37 -0.00578 -4.75298e+01 | 38 -0.01189 -4.93812e+01 | 39 -0.01202 -5.04559e+01
 40 -0.01119 -5.17886e+01 | 41 -0.00539 -5.18211e+01 | 42 -0.00487 -5.33016e+01
 43 -0.00564 -5.49628e+01 | 44 -0.01431 -5.80926e+01 | 45  0.01201 -5.61146e+01
 46 -0.00257 -5.98291e+01 | 47 -0.00201 -6.19923e+01 | 48  0.01026 -6.05563e+01
 49 -0.00431 -6.64702e+01 | 50  0.01735 -6.43544e+01 | 51  0.04758 -5.76020e+01
 52 -0.01001 -7.42114e+01 | 53  0.01685 -6.73400e+01 | 54 -0.00297 -7.42481e+01
 55  0.02816 -6.62500e+01 | 56  0.01030 -7.16421e+01 | 57 -0.00864 -7.62549e+01
 58  0.05071 -5.35753e+01 | 59  0.04434 -4.74533e+01 | 60  0.02574 -4.98974e+01
 61  0.03604 -3.93024e+01 | 62 -0.03025 -7.15793e+01 | 63 -0.01510 -7.04207e+01
 64  0.04016 -2.11784e+01 | 65  0.06565  2.18917e+01 | 66  0.01561 -6.87111e+01
 67  0.00086  2.44073e+01 | 68 -0.01527  2.57831e+02 | 69  0.00542  3.96117e+02
 70  0.00433  1.76446e+02 | 71  0.00704  2.83441e+02 | 72  0.01220 -3.89874e+01
 73 -0.00459  4.65623e+02 | 74  0.01948 -2.81713e+02 | 75  0.01086  1.31477e+02
 76 -0.00145  2.05170e+02 | 77  0.01391  7.58062e+00 | 78  0.00298 -2.16829e+01
 79 -0.00027  3.43043e+02 | 80 -0.00038 -8.59888e+00 | 81  0.00448  2.01041e+02
 82 -0.00952  2.21156e+02 | 83 -0.00170  3.66421e+02 | 84  0.01517 -5.43997e+02
 85  0.01037 -2.71549e+01 | 86 -0.01454  1.82864e+02 | 87 -0.00906  4.34474e+02
 88 -0.00756 -1.75901e+02 | 89 -0.01031  3.19683e+02 | 90 -0.02946 -2.53080e+01
 91 -0.02494  2.82992e+02 | 92 -0.03324 -1.99526e+02 | 93 -0.03585  3.30362e+01
 94  0.00134 -4.79307e+01 | 95 -0.00807 -3.99446e+01 | 96 -0.00783 -3.98396e+01
 97  0.00170  6.78898e+01 | 98 -0.17359  1.62159e+01 |
98 variables; iteration 40; function evaluation 59; phase 2
Function value 6.1799270e+02; maximum gradient component mag 8.8276e+02
Var    Value     Gradient |Var    Value     Gradient |Var    Value     Gradient
  1  0.80162  8.82761e+02 |  2  0.00181 -4.66146e+01 |  3  0.00180 -4.66315e+01
  4  0.00180 -4.66543e+01 |  5  0.00180 -4.66853e+01 |  6  0.00179 -4.67272e+01
  7  0.00178 -4.67837e+01 |  8  0.00177 -4.68426e+01 |  9  0.00175 -4.69362e+01
 10  0.00173 -4.70626e+01 | 11  0.00170 -4.72335e+01 | 12  0.00166 -4.74614e+01
 13  0.00161 -4.77543e+01 | 14  0.00154 -4.81425e+01 | 15  0.00145 -4.86462e+01
 16  0.00133 -4.92946e+01 | 17  0.00118 -5.02869e+01 | 18  0.00102 -5.33014e+01
 19  0.00076 -5.21069e+01 | 20  0.00049 -5.34240e+01 | 21  0.00019 -5.52355e+01
 22 -0.00012 -5.59693e+01 | 23 -0.00014 -5.55742e+01 | 24 -0.00051 -5.64018e+01
 25 -0.00089 -5.53062e+01 | 26 -0.00121 -5.50601e+01 | 27 -0.00112 -5.17862e+01
 28  0.00189 -5.45999e+01 | 29  0.00382 -7.18167e+01 | 30 -0.00535 -4.54571e+01
 31 -0.00453 -6.74551e+01 | 32  0.00305 -6.65300e+01 | 33 -0.00235 -5.99626e+01
 34 -0.00558 -4.76677e+01 | 35 -0.00900 -4.75678e+01 | 36 -0.00169 -7.32153e+01
 37 -0.00552 -5.98653e+01 | 38 -0.00404 -4.87296e+01 | 39 -0.00460 -4.89340e+01
 40 -0.00495 -4.95613e+01 | 41 -0.00502 -5.75211e+01 | 42 -0.00378 -5.78088e+01
 43 -0.00307 -5.60418e+01 | 44  0.00005 -3.99921e+01 | 45  0.01598 -4.54966e+01
 46  0.00291 -4.95775e+01 | 47 -0.00417 -6.24307e+01 | 48  0.02687 -2.70985e+01
 49  0.00788 -4.47525e+01 | 50  0.01921 -5.26573e+01 | 51  0.01448 -6.28269e+01
 52 -0.00391 -6.00261e+01 | 53  0.03689 -8.51300e+00 | 54  0.00867 -3.85199e+01
 55  0.02466 -3.77729e+01 | 56  0.01578 -3.18738e+01 | 57  0.00516 -3.60022e+01
 58  0.03352 -3.15516e+01 | 59  0.01383 -8.19266e+01 | 60  0.01791 -2.83785e+01
 61  0.03672  5.39317e+01 | 62 -0.02887 -4.72500e+01 | 63 -0.00041  3.78411e+01
 64  0.03270  5.25606e+01 | 65  0.05517  1.04874e+02 | 66  0.01478  4.15358e+01
 67 -0.00947  6.67834e+00 | 68 -0.03008  1.31773e+02 | 69 -0.02429  1.22991e+01
 70 -0.01235 -2.38978e+01 | 71 -0.00671  2.70584e+02 | 72  0.01135  7.83289e+01
 73 -0.02645  2.66846e+02 | 74  0.02925  7.42741e+01 | 75  0.00684  2.66229e+02
 76 -0.00369  2.33654e+02 | 77  0.01018  1.85669e+02 | 78  0.00516  1.36833e+02
 79 -0.01355  2.81481e+02 | 80  0.00020  1.13632e+02 | 81 -0.01182  7.34114e+01
 82 -0.02288  7.51824e+01 | 83 -0.01940  2.40048e+02 | 84  0.03423  1.02318e+02
 85  0.00563  9.09706e+01 | 86 -0.02501  7.16561e+01 | 87 -0.03176  1.57353e+02
 88 -0.00613 -8.43110e+01 | 89 -0.03062  1.03583e+02 | 90 -0.03185 -2.71793e+01
 91 -0.04956  3.56540e+01 | 92 -0.01867 -1.24911e+00 | 93 -0.04483  4.60652e+01
 94 -0.00618 -7.34800e+01 | 95  0.00137 -4.67610e+01 | 96  0.00181 -4.65677e+01
 97 -0.01178  4.28202e+01 | 98 -0.21264 -7.29227e+01 |
98 variables; iteration 60; function evaluation 91; phase 2
Function value 6.0166762e+02; maximum gradient component mag 1.0736e+02
Var    Value     Gradient |Var    Value     Gradient |Var    Value     Gradient
  1  0.80943  1.07364e+02 |  2  0.00166 -4.52279e+00 |  3  0.00166 -4.53148e+00
  4  0.00167 -4.54332e+00 |  5  0.00167 -4.55942e+00 |  6  0.00167 -4.58137e+00
  7  0.00168 -4.61130e+00 |  8  0.00168 -4.64585e+00 |  9  0.00169 -4.69842e+00
 10  0.00169 -4.77080e+00 | 11  0.00170 -4.87080e+00 | 12  0.00172 -5.00800e+00
 13  0.00173 -5.18693e+00 | 14  0.00174 -5.42853e+00 | 15  0.00175 -5.74012e+00
 16  0.00179 -6.11974e+00 | 17  0.00198 -6.55516e+00 | 18  0.00340 -7.14086e+00
 19  0.00222 -7.27333e+00 | 20  0.00275 -7.36127e+00 | 21  0.00363 -7.40232e+00
 22  0.00357 -7.74647e+00 | 23  0.00346 -7.46441e+00 | 24  0.00352 -7.61288e+00
 25  0.00201 -8.12810e+00 | 26  0.00139 -8.28603e+00 | 27  0.00115 -5.38065e+00
 28  0.00590 -4.58851e+00 | 29  0.01671 -7.46642e+00 | 30 -0.00631 -4.78078e+00
 31  0.00564 -8.54692e+00 | 32  0.01567 -4.06978e+00 | 33  0.00236 -8.29695e+00
 34 -0.00527 -4.93301e+00 | 35 -0.00830 -5.02984e+00 | 36  0.01541 -4.75822e+00
 37  0.00060 -6.95963e+00 | 38 -0.00215 -3.44608e+00 | 39 -0.00308 -5.19536e+00
 40 -0.00232 -4.95860e+00 | 41  0.00149 -5.38703e+00 | 42  0.00244 -5.58009e+00
 43  0.00249 -5.37508e+00 | 44 -0.00292 -5.23036e+00 | 45  0.01722 -7.11201e+00
 46  0.00212 -1.15911e+01 | 47  0.00715 -7.47006e+00 | 48  0.01342 -9.70516e+00
 49  0.00697 -9.41160e+00 | 50  0.02335 -8.62927e+00 | 51  0.02743 -9.87779e+00
 52  0.00982 -4.10478e+00 | 53  0.01950 -6.98081e+00 | 54  0.00971 -6.47617e+00
 55  0.02593 -9.55344e+00 | 56  0.01625 -5.35964e+00 | 57  0.00865 -2.55900e+00
 58  0.03283 -1.01632e+01 | 59  0.03341 -9.19592e+00 | 60  0.02109 -4.48516e+00
 61  0.02508 -7.61942e+00 | 62 -0.02068  1.40575e+00 | 63 -0.01016  2.23306e+00
 64  0.02784 -4.75458e+00 | 65  0.05106 -8.07349e+00 | 66  0.01244  1.67459e+00
 67 -0.00932  3.40954e+00 | 68 -0.04168  8.05192e+00 | 69 -0.02611  7.91308e+00
 70 -0.00952  3.71159e+00 | 71 -0.01895  2.38831e+01 | 72  0.01168  1.18783e+01
 73 -0.04268  3.26145e+01 | 74  0.03287  2.41253e+01 | 75 -0.00087  3.22247e+01
 76 -0.01219  2.58198e+01 | 77  0.00584  3.25127e+01 | 78  0.00416  2.44723e+01
 79 -0.02599  3.12273e+01 | 80  0.00086  3.41868e+01 | 81 -0.01412  2.21535e+01
 82 -0.02408  2.68151e+01 | 83 -0.03112  2.82434e+01 | 84  0.03700  2.81310e+01
 85  0.00343  1.65628e+01 | 86 -0.02848  1.22526e+01 | 87 -0.04279  1.99834e+01
 88 -0.00194  1.06484e+01 | 89 -0.04095  1.24613e+00 | 90 -0.03439  2.09223e+00
 91 -0.06118 -1.28963e+01 | 92 -0.02832 -1.27167e+01 | 93 -0.06271 -6.28787e+00
 94  0.00582  6.12782e-01 | 95  0.00120 -4.71829e+00 | 96  0.00165 -4.49879e+00
 97 -0.00617  1.14837e+01 | 98 -0.22376 -1.67744e+00 |

 - final statistics:
98 variables; iteration 62; function evaluation 95
Function value 6.0140e+02; maximum gradient component mag 8.5689e+00
Exit code = 1;  converg criter 1.0000e+01
Var    Value     Gradient |Var    Value     Gradient |Var    Value     Gradient
  1  0.80922  8.56887e+00 |  2  0.00096 -1.23265e-01 |  3  0.00096 -1.24951e-01
  4  0.00097 -1.27240e-01 |  5  0.00098 -1.30341e-01 |  6  0.00100 -1.34549e-01
  7  0.00102 -1.40242e-01 |  8  0.00104 -1.46938e-01 |  9  0.00107 -1.56854e-01
 10  0.00111 -1.70262e-01 | 11  0.00118 -1.88323e-01 | 12  0.00126 -2.12284e-01
 13  0.00136 -2.42060e-01 | 14  0.00151 -2.79911e-01 | 15  0.00169 -3.24851e-01
 16  0.00194 -3.74038e-01 | 17  0.00238 -4.24823e-01 | 18  0.00414 -5.06458e-01
 19  0.00304 -5.02656e-01 | 20  0.00361 -5.26125e-01 | 21  0.00451 -5.34946e-01
 22  0.00469 -5.13163e-01 | 23  0.00433 -5.79529e-01 | 24  0.00449 -5.85707e-01
 25  0.00331 -5.99416e-01 | 26  0.00278 -5.94098e-01 | 27  0.00096 -1.30971e-01
 28  0.00509 -2.90789e-01 | 29  0.01739 -8.99241e-01 | 30 -0.00682 -2.05628e-01
 31  0.00764 -2.40569e-01 | 32  0.01377 -9.05419e-01 | 33  0.00388 -4.87574e-01
 34 -0.00565 -1.21526e-01 | 35 -0.00796  1.09716e+00 | 36  0.01472 -9.88397e-02
 37  0.00148  4.89762e-02 | 38 -0.00329  2.53689e-01 | 39 -0.00351 -3.89620e-01
 40 -0.00332 -1.26770e+00 | 41  0.00131 -1.00439e-01 | 42  0.00236 -1.68162e-01
 43  0.00222 -2.85038e-01 | 44 -0.00344 -5.32334e-01 | 45  0.01786  1.62599e-01
 46  0.00520 -1.06993e+00 | 47  0.00777 -6.02775e-01 | 48  0.01539 -8.25158e-01
 49  0.00926  1.88201e-01 | 50  0.02481 -3.95152e-01 | 51  0.02933 -1.12147e+00
 52  0.00873  4.34053e-01 | 53  0.01983 -6.54911e-01 | 54  0.01022  7.16674e-02
 55  0.02766 -2.62607e-01 | 56  0.01576 -4.05877e-01 | 57  0.00724  8.25050e-01
 58  0.03439 -1.35138e+00 | 59  0.03438 -1.08258e+00 | 60  0.02107 -1.66640e-01
 61  0.02567 -1.23654e+00 | 62 -0.02182  2.40467e+00 | 63 -0.01117  1.87325e+00
 64  0.02819 -2.33657e-01 | 65  0.05160 -2.22987e+00 | 66  0.01225  3.64108e-01
 67 -0.00943  9.04041e-01 | 68 -0.04229  1.05750e+00 | 69 -0.02640  1.07077e+00
 70 -0.00922  9.99043e-01 | 71 -0.01983  3.10880e+00 | 72  0.01189 -6.23847e-01
 73 -0.04449  5.93110e+00 | 74  0.03319 -6.45598e-01 | 75 -0.00149  3.34791e+00
 76 -0.01265  3.09983e+00 | 77  0.00545  3.94444e+00 | 78  0.00416  3.21808e-02
 79 -0.02704  3.35968e+00 | 80  0.00046  2.15654e+00 | 81 -0.01454  1.36801e+00
 82 -0.02481  3.28041e+00 | 83 -0.03226  3.47392e+00 | 84  0.03734 -6.50060e+00
 85  0.00342 -5.46254e-02 | 86 -0.02866  2.33278e-01 | 87 -0.04372  3.49569e+00
 88 -0.00183 -1.53168e+00 | 89 -0.04113 -2.85143e-01 | 90 -0.03449 -1.08014e+00
 91 -0.06091 -1.23412e+00 | 92 -0.02794 -2.02283e+00 | 93 -0.06322 -1.65914e+00
 94  0.00301  4.35334e-01 | 95  0.00062 -1.35710e-01 | 96  0.00094 -1.18590e-01
 97 -0.00624  4.10299e-01 | 98 -0.22512 -4.62978e-01 |

Initial statistics: 100 variables; iteration 0; function evaluation 0; phase 3
Function value 6.0140204e+02; maximum gradient component mag -2.5337e+02
Var    Value     Gradient |Var    Value     Gradient |Var    Value     Gradient
  1  0.80922  8.56887e+00 |  2  0.00095 -1.98211e-01 |  3  0.00096 -1.99898e-01
  4  0.00097 -2.02187e-01 |  5  0.00098 -2.05287e-01 |  6  0.00100 -2.09495e-01
  7  0.00102 -2.15188e-01 |  8  0.00104 -2.21885e-01 |  9  0.00107 -2.31800e-01
 10  0.00111 -2.45208e-01 | 11  0.00117 -2.63269e-01 | 12  0.00126 -2.87230e-01
 13  0.00136 -3.17006e-01 | 14  0.00150 -3.54858e-01 | 15  0.00169 -3.99797e-01
 16  0.00194 -4.48984e-01 | 17  0.00238 -4.99769e-01 | 18  0.00413 -5.81403e-01
 19  0.00304 -5.77602e-01 | 20  0.00361 -6.01071e-01 | 21  0.00450 -6.09891e-01
 22  0.00469 -5.88107e-01 | 23  0.00433 -6.54473e-01 | 24  0.00448 -6.60651e-01
 25  0.00331 -6.74361e-01 | 26  0.00277 -6.69044e-01 | 27  0.00096 -2.05918e-01
 28  0.00509 -3.65733e-01 | 29  0.01739 -9.74160e-01 | 30 -0.00683 -2.80570e-01
 31  0.00764 -3.15510e-01 | 32  0.01377 -9.80348e-01 | 33  0.00388 -5.62520e-01
 34 -0.00565 -1.96469e-01 | 35 -0.00796  1.02222e+00 | 36  0.01472 -1.73766e-01
 37  0.00148 -2.59700e-02 | 38 -0.00329  1.78744e-01 | 39 -0.00351 -4.64566e-01
 40 -0.00332 -1.34264e+00 | 41  0.00131 -1.75385e-01 | 42  0.00236 -2.43107e-01
 43  0.00222 -3.59984e-01 | 44 -0.00344 -6.07280e-01 | 45  0.01786  8.76817e-02
 46  0.00520 -1.14488e+00 | 47  0.00777 -6.77716e-01 | 48  0.01539 -9.00082e-01
 49  0.00926  1.13263e-01 | 50  0.02480 -4.70042e-01 | 51  0.02932 -1.19634e+00
 52  0.00873  3.59113e-01 | 53  0.01983 -7.29821e-01 | 54  0.01022 -3.26934e-03
 55  0.02766 -3.37483e-01 | 56  0.01576 -4.80800e-01 | 57  0.00724  7.50109e-01
 58  0.03439 -1.42622e+00 | 59  0.03438 -1.15742e+00 | 60  0.02107 -2.41546e-01
 61  0.02567 -1.31143e+00 | 62 -0.02182  2.32977e+00 | 63 -0.01117  1.79832e+00
 64  0.02819 -3.08530e-01 | 65  0.05160 -2.30457e+00 | 66  0.01225  2.89176e-01
 67 -0.00943  8.29103e-01 | 68 -0.04229  9.82720e-01 | 69 -0.02640  9.95892e-01
 70 -0.00922  9.24104e-01 | 71 -0.01983  3.03389e+00 | 72  0.01189 -6.98780e-01
 73 -0.04449  5.85634e+00 | 74  0.03319 -7.20442e-01 | 75 -0.00150  3.27296e+00
 76 -0.01265  3.02490e+00 | 77  0.00545  3.86950e+00 | 78  0.00416 -4.27640e-02
 79 -0.02704  3.28480e+00 | 80  0.00046  2.08160e+00 | 81 -0.01454  1.29309e+00
 82 -0.02481  3.20552e+00 | 83 -0.03226  3.39906e+00 | 84  0.03734 -6.57542e+00
 85  0.00342 -1.29571e-01 | 86 -0.02867  1.58407e-01 | 87 -0.04373  3.42092e+00
 88 -0.00183 -1.60662e+00 | 89 -0.04113 -3.59933e-01 | 90 -0.03450 -1.15497e+00
 91 -0.06092 -1.30872e+00 | 92 -0.02794 -2.09770e+00 | 93 -0.06322 -1.73371e+00
 94  0.00301  3.60388e-01 | 95  0.00061 -2.10656e-01 | 96  0.00094 -1.93537e-01
 97 -0.00624  4.10299e-01 | 98 -0.41581 -1.16016e+02 | 99 -0.22512 -4.62978e-01
100 -0.25275 -2.53369e+02 |

Intermediate statistics: 100 variables; iteration 20; function evaluation 28; phase 3
Function value 5.9618450e+02; maximum gradient component mag 2.8022e+02
Var    Value     Gradient |Var    Value     Gradient |Var    Value     Gradient
  1  0.80846  2.80216e+02 |  2  0.00068 -1.71678e+01 |  3  0.00068 -1.71709e+01
  4  0.00069 -1.71752e+01 |  5  0.00070 -1.71810e+01 |  6  0.00071 -1.71888e+01
  7  0.00073 -1.71995e+01 |  8  0.00074 -1.72120e+01 |  9  0.00077 -1.72306e+01
 10  0.00081 -1.72556e+01 | 11  0.00086 -1.72893e+01 | 12  0.00093 -1.73340e+01
 13  0.00101 -1.73898e+01 | 14  0.00113 -1.74608e+01 | 15  0.00129 -1.75455e+01
 16  0.00150 -1.76392e+01 | 17  0.00191 -1.77376e+01 | 18  0.00360 -1.78935e+01
 19  0.00250 -1.78982e+01 | 20  0.00303 -1.79553e+01 | 21  0.00390 -1.79891e+01
 22  0.00407 -1.79726e+01 | 23  0.00365 -1.81110e+01 | 24  0.00374 -1.81613e+01
 25  0.00250 -1.82350e+01 | 26  0.00189 -1.82953e+01 | 27  0.00021 -1.75574e+01
 28  0.00412 -1.79831e+01 | 29  0.01590 -1.92756e+01 | 30 -0.00552 -1.58236e+01
 31  0.00681 -1.73944e+01 | 32  0.01204 -1.92627e+01 | 33  0.00246 -1.85572e+01
 34 -0.00689 -1.79452e+01 | 35 -0.00494 -1.23169e+01 | 36  0.01355 -1.66919e+01
 37  0.00023 -1.72950e+01 | 38 -0.00445 -1.69948e+01 | 39 -0.00519 -1.83364e+01
 40 -0.00133 -1.60504e+01 | 41  0.00025 -1.63513e+01 | 42  0.00084 -1.73350e+01
 43  0.00054 -1.76600e+01 | 44 -0.00575 -1.85685e+01 | 45  0.02167 -1.10526e+01
 46  0.00367 -1.68478e+01 | 47  0.00594 -1.70562e+01 | 48  0.01315 -1.73414e+01
 49  0.00717 -1.58644e+01 | 50  0.02887 -9.74454e+00 | 51  0.02685 -1.42828e+01
 52  0.00730 -1.33271e+01 | 53  0.01748 -1.44320e+01 | 54  0.00805 -1.34652e+01
 55  0.03071 -6.24738e+00 | 56  0.01444 -1.01671e+01 | 57  0.00618 -9.43305e+00
 58  0.03143 -1.03244e+01 | 59  0.03075 -1.01918e+01 | 60  0.02202 -1.99846e+00
 61  0.02667  1.90528e+00 | 62 -0.02203 -2.71318e+00 | 63 -0.00947  2.29866e+00
 64  0.02657  8.68870e+00 | 65  0.05170  2.96767e+01 | 66  0.01064  9.73056e+00
 67 -0.01057  2.65932e+00 | 68 -0.04627 -2.14787e+01 | 69 -0.02270  1.26348e+01
 70 -0.01219  6.48502e+00 | 71 -0.01583  1.84408e+01 | 72  0.01041  4.86077e+01
 73 -0.03775  5.07621e+01 | 74  0.03160  1.09197e+02 | 75 -0.00023  3.04309e+00
 76 -0.01737  8.72961e+00 | 77  0.00661  3.00909e+00 | 78  0.00097  4.08535e+01
 79 -0.02266  5.13694e+01 | 80 -0.00254  5.47971e+01 | 81 -0.01124  3.70734e+01
 82 -0.02823  1.46045e+01 | 83 -0.02673  5.41107e+01 | 84  0.03996  2.75411e+02
 85  0.00446 -1.17389e+01 | 86 -0.03215 -8.51493e+00 | 87 -0.03804  3.53964e+01
 88 -0.00222  6.53980e+01 | 89 -0.03520  1.80396e+01 | 90 -0.03637 -2.06770e+01
 91 -0.05163  1.56048e+01 | 92 -0.02772 -3.22243e+01 | 93 -0.04722  3.11191e+01
 94  0.00218 -1.23096e+01 | 95 -0.00026 -1.74691e+01 | 96  0.00066 -1.71590e+01
 97  0.04276  1.89925e+01 | 98 -0.39320 -6.11311e+01 | 99 -0.14692  2.18751e+01
100 -0.22600 -1.86625e+02 |
100 variables; iteration 40; function evaluation 55; phase 3
Function value 5.9340475e+02; maximum gradient component mag 6.8622e+01
Var    Value     Gradient |Var    Value     Gradient |Var    Value     Gradient
  1  0.80963  6.86219e+01 |  2  0.00125 -3.55490e+00 |  3  0.00125 -3.55997e+00
  4  0.00126 -3.56688e+00 |  5  0.00126 -3.57627e+00 |  6  0.00127 -3.58907e+00
  7  0.00129 -3.60652e+00 |  8  0.00130 -3.62651e+00 |  9  0.00131 -3.65703e+00
 10  0.00134 -3.69891e+00 | 11  0.00138 -3.75643e+00 | 12  0.00142 -3.83451e+00
 13  0.00148 -3.93472e+00 | 14  0.00156 -4.06630e+00 | 15  0.00167 -4.22894e+00
 16  0.00182 -4.41543e+00 | 17  0.00215 -4.62068e+00 | 18  0.00372 -4.97415e+00
 19  0.00264 -4.94105e+00 | 20  0.00313 -5.05873e+00 | 21  0.00399 -5.11291e+00
 22  0.00422 -4.99404e+00 | 23  0.00359 -5.44817e+00 | 24  0.00365 -5.55493e+00
 25  0.00239 -5.65789e+00 | 26  0.00182 -5.64952e+00 | 27  0.00075 -3.95558e+00
 28  0.00490 -3.94729e+00 | 29  0.01646 -5.59025e+00 | 30 -0.00468 -2.24160e+00
 31  0.01058  7.58408e-01 | 32  0.00808 -1.15738e+01 | 33  0.00415 -3.26805e+00
 34 -0.00616 -3.90763e+00 | 35 -0.00677 -4.17287e+00 | 36  0.01363 -3.74294e+00
 37  0.00019 -4.77195e+00 | 38 -0.00390 -3.48667e+00 | 39 -0.00420 -4.06973e+00
 40 -0.00116 -4.54632e+00 | 41  0.00096 -2.55682e+00 | 42  0.00113 -4.47306e+00
 43  0.00170 -3.38326e+00 | 44 -0.00438 -3.95424e+00 | 45  0.02210 -9.85421e-01
 46  0.00474 -2.92990e+00 | 47  0.00680 -3.92855e+00 | 48  0.01477 -3.41000e+00
 49  0.00864 -2.32657e+00 | 50  0.02795 -4.52565e+00 | 51  0.02382 -8.54569e+00
 52  0.00969 -1.35971e-02 | 53  0.01809 -4.48423e+00 | 54  0.00911 -2.54838e+00
 55  0.03378  5.05414e+00 | 56  0.01540 -3.74037e-01 | 57  0.00612 -1.67045e+00
 58  0.03210 -5.08931e+00 | 59  0.02920 -1.24592e+01 | 60  0.02049 -9.34020e+00
 61  0.02339 -1.53996e+01 | 62 -0.02296  2.38353e-01 | 63 -0.01080 -1.33619e+00
 64  0.02789  1.21693e+01 | 65  0.05065 -6.35697e+00 | 66  0.00945 -6.59367e+00
 67 -0.01049  3.03828e+00 | 68 -0.04575 -1.02285e+01 | 69 -0.02152  1.50371e+01
 70 -0.01407 -2.34034e+01 | 71 -0.01479  1.06401e+01 | 72  0.00885  4.32270e+00
 73 -0.03760  3.43009e+01 | 74  0.02923  1.76837e+01 | 75  0.00253  2.71009e+01
 76 -0.01809 -6.97743e+00 | 77  0.00934  1.51212e+01 | 78 -0.00089 -9.99256e+00
 79 -0.02231  2.17182e+01 | 80 -0.00465 -3.02003e+00 | 81 -0.01019  1.65334e+01
 82 -0.02833  5.70921e+00 | 83 -0.02560  3.64826e+01 | 84  0.03442  6.10059e+01
 85  0.00616  9.20591e-01 | 86 -0.03255 -1.04007e+01 | 87 -0.03784  2.27337e+01
 88 -0.00511  5.62325e+00 | 89 -0.03481  1.72857e+01 | 90 -0.03782 -2.35340e+01
 91 -0.05218  9.88623e+00 | 92 -0.02869 -1.62248e+01 | 93 -0.04803  2.39934e+01
 94 -0.00472 -5.54200e+00 | 95 -0.00016 -4.16206e+00 | 96  0.00124 -3.54089e+00
 97  0.05797 -1.54225e+01 | 98 -0.38626  3.05110e+01 | 99 -0.10167 -1.11778e+01
100 -0.20743 -2.77804e+01 |
100 variables; iteration 60; function evaluation 87; phase 3
Function value 5.9262536e+02; maximum gradient component mag -1.9926e+01
Var    Value     Gradient |Var    Value     Gradient |Var    Value     Gradient
  1  0.80735 -1.99262e+01 |  2  0.00062  9.80446e-01 |  3  0.00063  9.84191e-01
  4  0.00064  9.89259e-01 |  5  0.00066  9.96091e-01 |  6  0.00069  1.00531e+00
  7  0.00072  1.01765e+00 |  8  0.00075  1.03349e+00 |  9  0.00080  1.05534e+00
 10  0.00087  1.08412e+00 | 11  0.00097  1.12133e+00 | 12  0.00109  1.16796e+00
 13  0.00125  1.22017e+00 | 14  0.00145  1.27749e+00 | 15  0.00169  1.32941e+00
 16  0.00199  1.36167e+00 | 17  0.00245  1.35189e+00 | 18  0.00416  1.22550e+00
 19  0.00314  1.35210e+00 | 20  0.00368  1.31833e+00 | 21  0.00459  1.34703e+00
 22  0.00494  1.63418e+00 | 23  0.00418  1.00988e+00 | 24  0.00430  9.92616e-01
 25  0.00323  1.18521e+00 | 26  0.00281  1.45094e+00 | 27  0.00015  6.90869e-01
 28  0.00442  9.32955e-01 | 29  0.01702  9.52288e-01 | 30 -0.00563  1.44333e+00
 31  0.00674  1.07926e+00 | 32  0.01392  1.87559e+00 | 33  0.00281  5.71115e-01
 34 -0.00653  9.58608e-01 | 35 -0.00660  1.00449e+00 | 36  0.01365  1.51356e+00
 37  0.00036  9.73582e-01 | 38 -0.00431  1.30998e+00 | 39 -0.00440  1.10044e+00
 40 -0.00050  1.47771e+00 | 41 -0.00036  5.07346e-01 | 42  0.00138  1.32975e+00
 43  0.00109  1.17702e+00 | 44 -0.00456  1.25889e+00 | 45  0.02084  2.73507e-01
 46  0.00395  5.05284e-01 | 47  0.00682  9.25931e-01 | 48  0.01441  8.35747e-01
 49  0.00746  7.09252e-01 | 50  0.02924  1.61363e+00 | 51  0.02759  6.12489e-01
 52  0.00704  8.79566e-01 | 53  0.01885  9.77991e-01 | 54  0.00844  4.89776e-01
 55  0.03086  1.00984e-01 | 56  0.01411 -3.81934e-02 | 57  0.00519 -1.94308e-01
 58  0.03254 -1.59378e+00 | 59  0.03264  2.08577e-01 | 60  0.02229 -4.93623e-01
 61  0.02702 -2.88339e-01 | 62 -0.02402 -2.32451e-01 | 63 -0.01056 -4.73511e-01
 64  0.02610 -2.63392e+00 | 65  0.05165 -3.89008e+00 | 66  0.01018 -1.89567e+00
 67 -0.01071 -1.78362e+00 | 68 -0.04448 -5.91803e-01 | 69 -0.02166 -3.65322e-02
 70 -0.01235 -2.26489e+00 | 71 -0.01443  5.10695e-01 | 72  0.00897 -5.42590e+00
 73 -0.03937 -4.21228e-01 | 74  0.02899 -8.88656e+00 | 75  0.00221 -1.03050e+00
 76 -0.01708 -2.52939e+00 | 77  0.00989 -3.36445e-01 | 78  0.00037 -4.38045e+00
 79 -0.02239 -2.05920e-01 | 80 -0.00382 -4.38072e+00 | 81 -0.00979  2.17851e-02
 82 -0.02829 -2.97274e+00 | 83 -0.02646  1.27844e-01 | 84  0.03285 -1.40500e+01
 85  0.00693  8.23093e-01 | 86 -0.03158 -1.05739e+00 | 87 -0.03854  5.10714e-01
 88 -0.00517 -4.41149e+00 | 89 -0.03531  1.25031e+00 | 90 -0.03636 -2.25582e-02
 91 -0.05254  2.31067e+00 | 92 -0.02813  2.47581e-01 | 93 -0.04967  2.37715e+00
 94 -0.00606  9.05057e-01 | 95 -0.00031  1.08095e+00 | 96  0.00059  9.70027e-01
 97  0.06484 -2.51604e+00 | 98 -0.38493  3.32730e+00 | 99 -0.07122 -4.49427e+00
100 -0.19480  2.87273e+00 |
Maximum number of function evaluations exceeded

 - final statistics:
100 variables; iteration 68; function evaluation 100
Function value 5.9261e+02; maximum gradient component mag -1.1028e+01
Exit code = 3;  converg criter 1.0000e+00
Var    Value     Gradient |Var    Value     Gradient |Var    Value     Gradient
  1  0.80737 -1.10276e+01 |  2  0.00065  5.14104e-01 |  3  0.00066  5.20384e-01
  4  0.00068  5.28823e-01 |  5  0.00070  5.40089e-01 |  6  0.00072  5.55080e-01
  7  0.00076  5.74780e-01 |  8  0.00080  6.00818e-01 |  9  0.00086  6.34475e-01
 10  0.00094  6.76525e-01 | 11  0.00104  7.26569e-01 | 12  0.00117  7.81443e-01
 13  0.00133  8.30136e-01 | 14  0.00151  8.61146e-01 | 15  0.00172  8.53465e-01
 16  0.00195  7.95723e-01 | 17  0.00236  7.05723e-01 | 18  0.00412  6.52524e-01
 19  0.00296  5.76639e-01 | 20  0.00352  5.76098e-01 | 21  0.00440  5.60899e-01
 22  0.00474  8.39700e-01 | 23  0.00435  7.35546e-01 | 24  0.00459  9.09719e-01
 25  0.00329  7.84101e-01 | 26  0.00276  8.66331e-01 | 27  0.00025  3.54115e-01
 28  0.00469  8.70316e-01 | 29  0.01712  6.33934e-01 | 30 -0.00559  9.93909e-01
 31  0.00659  3.68083e-01 | 32  0.01356  9.27648e-01 | 33  0.00336  9.38412e-01
 34 -0.00708 -5.10371e-01 | 35 -0.00662  4.78152e-01 | 36  0.01349  7.92690e-01
 37  0.00038  5.38157e-01 | 38 -0.00486 -1.11060e-01 | 39 -0.00405  1.26709e+00
 40 -0.00081  4.61230e-01 | 41  0.00022  1.01733e+00 | 42  0.00165  1.34440e+00
 43  0.00100  5.95272e-01 | 44 -0.00460  7.23131e-01 | 45  0.02106  3.21624e-01
 46  0.00377 -1.86029e-01 | 47  0.00702  8.03376e-01 | 48  0.01402 -2.97843e-02
 49  0.00739  2.35257e-01 | 50  0.02874  3.81598e-01 | 51  0.02776  5.30795e-01
 52  0.00678  1.88645e-01 | 53  0.01860  3.75945e-01 | 54  0.00824 -7.94019e-02
 55  0.03072 -1.88138e-01 | 56  0.01434  2.83896e-01 | 57  0.00539  1.17393e-01
 58  0.03285 -6.82938e-01 | 59  0.03249  1.94992e-01 | 60  0.02231 -2.10388e-01
 61  0.02700  6.25537e-02 | 62 -0.02397 -8.75844e-02 | 63 -0.01058 -3.17447e-01
 64  0.02609 -1.60301e+00 | 65  0.05162 -1.96251e+00 | 66  0.01015 -8.85629e-01
 67 -0.01075 -9.75451e-01 | 68 -0.04447 -2.63168e-01 | 69 -0.02166 -6.14883e-01
 70 -0.01236 -1.31200e+00 | 71 -0.01442  1.19886e-01 | 72  0.00899 -2.99057e+00
 73 -0.03934 -4.19352e-01 | 74  0.02899 -4.96529e+00 | 75  0.00220 -8.95871e-01
 76 -0.01710 -1.26689e+00 | 77  0.00988 -2.32550e-01 | 78  0.00037 -2.19378e+00
 79 -0.02237  7.31440e-02 | 80 -0.00380 -1.73260e+00 | 81 -0.00978  1.68967e-01
 82 -0.02826 -1.63182e+00 | 83 -0.02642  1.58039e-02 | 84  0.03290 -8.15791e+00
 85  0.00691  4.00008e-01 | 86 -0.03157 -3.02645e-01 | 87 -0.03851  9.48429e-03
 88 -0.00513 -2.48531e+00 | 89 -0.03525  6.24736e-01 | 90 -0.03632  1.89988e-01
 91 -0.05245  1.18805e+00 | 92 -0.02803  2.67329e-01 | 93 -0.04947  1.06990e+00
 94 -0.00618  6.71490e-01 | 95 -0.00038  4.54679e-01 | 96  0.00062  4.96437e-01
 97  0.06494 -1.05744e+00 | 98 -0.38490  1.33884e+00 | 99 -0.06520 -3.01299e+00
100 -0.19263  3.10845e+00 |

Initial statistics: 107 variables; iteration 0; function evaluation 0; phase 4
Function value 5.9260854e+02; maximum gradient component mag -1.5441e+03
Var    Value     Gradient |Var    Value     Gradient |Var    Value     Gradient
  1 -0.42263  5.14167e+02 |  2 -0.42263 -1.54412e+03 |  3 -0.41094 -4.65849e+02
  4  0.80737 -1.09970e+01 |  5  0.00000 -3.36762e-02 |  6  0.00000 -1.22299e-02
  7  0.00000 -1.66565e-02 |  8  0.00000 -2.26789e-02 |  9  0.00065  4.97651e-01
 10  0.00066  5.03846e-01 | 11  0.00068  5.12175e-01 | 12  0.00070  5.23301e-01
 13  0.00072  5.38118e-01 | 14  0.00076  5.57612e-01 | 15  0.00080  5.83380e-01
 16  0.00086  6.16774e-01 | 17  0.00094  6.58611e-01 | 18  0.00104  7.08605e-01
 19  0.00117  7.63775e-01 | 20  0.00133  8.13285e-01 | 21  0.00151  8.45836e-01
 22  0.00172  8.40216e-01 | 23  0.00195  7.84161e-01 | 24  0.00236  6.93835e-01
 25  0.00412  6.36621e-01 | 26  0.00296  5.61543e-01 | 27  0.00352  5.57854e-01
 28  0.00440  5.38371e-01 | 29  0.00474  8.14810e-01 | 30  0.00435  7.23996e-01
 31  0.00459  9.00770e-01 | 32  0.00329  7.63818e-01 | 33  0.00276  8.51792e-01
 34  0.00025  3.36145e-01 | 35  0.00469  8.48616e-01 | 36  0.01712  6.23856e-01
 37 -0.00559  9.68366e-01 | 38  0.00659  3.49536e-01 | 39  0.01356  9.04539e-01
 40  0.00336  9.07441e-01 | 41 -0.00708 -5.34857e-01 | 42 -0.00662  4.65255e-01
 43  0.01349  7.74328e-01 | 44  0.00038  4.98504e-01 | 45 -0.00486 -1.09207e-01
 46 -0.00405  1.27376e+00 | 47 -0.00081  4.49339e-01 | 48  0.00022  9.82792e-01
 49  0.00165  1.29701e+00 | 50  0.00100  5.72002e-01 | 51 -0.00460  7.13440e-01
 52  0.02106  2.98624e-01 | 53  0.00377 -1.88979e-01 | 54  0.00702  8.20089e-01
 55  0.01402 -7.32201e-02 | 56  0.00739  2.28025e-01 | 57  0.02874  3.64870e-01
 58  0.02776  5.13630e-01 | 59  0.00678  1.74256e-01 | 60  0.01860  3.43185e-01
 61  0.00824 -8.52828e-02 | 62  0.03072 -2.05193e-01 | 63  0.01434  2.80246e-01
 64  0.00539  9.85808e-02 | 65  0.03285 -6.95260e-01 | 66  0.03249  1.79991e-01
 67  0.02231 -2.24511e-01 | 68  0.02700  4.80042e-02 | 69 -0.02397 -1.02211e-01
 70 -0.01058 -3.31539e-01 | 71  0.02609 -1.61368e+00 | 72  0.05162 -1.97158e+00
 73  0.01015 -8.97905e-01 | 74 -0.01075 -9.87761e-01 | 75 -0.04447 -2.77533e-01
 76 -0.02166 -6.28709e-01 | 77 -0.01236 -1.32365e+00 | 78 -0.01442  1.05152e-01
 79  0.00899 -2.99726e+00 | 80 -0.03934 -4.32737e-01 | 81  0.02899 -4.96634e+00
 82  0.00220 -9.08132e-01 | 83 -0.01710 -1.27818e+00 | 84  0.00988 -2.45785e-01
 85  0.00037 -2.20210e+00 | 86 -0.02237  5.91551e-02 | 87 -0.00380 -1.74130e+00
 88 -0.00978  1.54851e-01 | 89 -0.02826 -1.64230e+00 | 90 -0.02642  1.61575e-03
 91  0.03290 -8.14951e+00 | 92  0.00691  3.84970e-01 | 93 -0.03157 -3.16425e-01
 94 -0.03851 -5.23250e-03 | 95 -0.00513 -2.49350e+00 | 96 -0.03525  6.08747e-01
 97 -0.03632  1.74475e-01 | 98 -0.05245  1.17031e+00 | 99 -0.02803  2.51297e-01
100 -0.04947  1.05212e+00 |101 -0.00618  6.55362e-01 |102 -0.00038  4.45819e-01
103  0.00062  4.80235e-01 |104  0.06494 -1.05385e+00 |105 -0.38490  1.33312e+00
106 -0.06520 -3.00644e+00 |107 -0.19263  3.10677e+00 |

Intermediate statistics: 107 variables; iteration 20; function evaluation 25; phase 4
Function value 5.8078395e+02; maximum gradient component mag -4.0793e+02
Var    Value     Gradient |Var    Value     Gradient |Var    Value     Gradient
  1 -0.44788 -3.06689e+02 |  2 -0.41744 -4.07925e+02 |  3 -0.39864 -7.17707e+01
  4  0.78740 -2.15307e+01 |  5  0.00002  6.38267e-03 |  6  0.00001  2.31420e-03
  7  0.00001  3.14288e-03 |  8  0.00001  4.26501e-03 |  9  0.00173  8.61421e+00
 10  0.00174  8.61113e+00 | 11  0.00174  8.60695e+00 | 12  0.00175  8.60129e+00
 13  0.00176  8.59365e+00 | 14  0.00177  8.58338e+00 | 15  0.00178  8.56970e+00
 16  0.00180  8.55141e+00 | 17  0.00182  8.52751e+00 | 18  0.00186  8.49693e+00
 19  0.00191  8.45905e+00 | 20  0.00198  8.41771e+00 | 21  0.00208  8.37222e+00
 22  0.00221  8.32786e+00 | 23  0.00240  8.28712e+00 | 24  0.00277  8.24522e+00
 25  0.00444  8.17918e+00 | 26  0.00322  8.14061e+00 | 27  0.00366  8.09539e+00
 28  0.00449  8.10459e+00 | 29  0.00464  8.11125e+00 | 30  0.00460  8.29230e+00
 31  0.00495  8.31796e+00 | 32  0.00384  8.26376e+00 | 33  0.00305  8.08079e+00
 34  0.00058  7.99970e+00 | 35  0.00342  7.76460e+00 | 36  0.01724  7.15558e+00
 37 -0.00705  7.52968e+00 | 38  0.00527  7.98219e+00 | 39  0.01354  8.95174e+00
 40  0.00524  7.76589e+00 | 41 -0.00588  8.81271e+00 | 42 -0.00624  9.46262e+00
 43  0.01538  9.42030e+00 | 44  0.00202  8.60555e+00 | 45 -0.00416  8.39990e+00
 46 -0.00463  8.05803e+00 | 47 -0.00108  8.14274e+00 | 48 -0.00021  8.15129e+00
 49  0.00046  7.99814e+00 | 50  0.00080  8.25064e+00 | 51 -0.00468  8.20842e+00
 52  0.02029  8.63643e+00 | 53  0.00329  7.95533e+00 | 54  0.00400  7.65973e+00
 55  0.01274  8.50771e+00 | 56  0.00644  7.59551e+00 | 57  0.02565  7.90943e+00
 58  0.02575  8.25668e+00 | 59  0.00576  8.00675e+00 | 60  0.01514  8.33661e+00
 61  0.00779  9.71221e+00 | 62  0.02916  1.02692e+01 | 63  0.01086  7.01446e+00
 64 -0.00037  6.75655e+00 | 65  0.02683  7.59776e+00 | 66  0.03128  1.25636e+01
 67  0.02190  1.76406e+01 | 68  0.02890  2.59768e+01 | 69 -0.02417  1.09602e+01
 70 -0.01406  9.77572e+00 | 71  0.03041  5.78899e+01 | 72  0.05298  3.64421e+01
 73  0.01598  2.95062e+01 | 74 -0.00712  1.07676e+01 | 75 -0.03706  5.27318e+01
 76 -0.02265  1.66826e+01 | 77 -0.01004 -4.38152e+00 | 78 -0.01770 -2.60173e+00
 79  0.01140 -1.60567e+01 | 80 -0.04276 -2.17934e+00 | 81  0.03025 -4.37723e+01
 82 -0.00079 -2.71819e+01 | 83 -0.01419  3.08265e+00 | 84  0.00623 -1.56388e+01
 85  0.00482 -1.15582e+01 | 86 -0.02487 -3.55941e+00 | 87 -0.00187 -2.11714e+01
 88 -0.01232 -2.37548e+01 | 89 -0.02320  1.77765e+01 | 90 -0.03072 -5.15938e+00
 91  0.03550 -3.37888e+01 | 92  0.00605 -3.83042e-01 | 93 -0.02778 -1.72516e+00
 94 -0.04273 -6.86219e+00 | 95 -0.00102  3.80521e+00 | 96 -0.03761 -1.02600e+01
 97 -0.03343 -1.37434e+01 | 98 -0.05702 -1.30821e+01 | 99 -0.02573 -8.40763e+00
100 -0.05725 -1.14029e+01 |101  0.00658  1.64008e+01 |102  0.00089  8.86669e+00
103  0.00172  8.62272e+00 |104  0.05853  3.15389e+00 |105 -0.38535  1.27285e+01
106  0.01566 -2.37896e+01 |107 -0.09075  4.85305e+00 |
107 variables; iteration 40; function evaluation 50; phase 4
Function value 5.7594419e+02; maximum gradient component mag -1.0694e+03
Var    Value     Gradient |Var    Value     Gradient |Var    Value     Gradient
  1 -0.43798 -4.71687e+01 |  2 -0.40493 -1.06939e+03 |  3 -0.42427 -5.56672e+02
  4  0.78716 -4.63147e+02 |  5  0.00000 -1.94902e-02 |  6  0.00000 -7.07836e-03
  7  0.00000 -9.64859e-03 |  8  0.00000 -1.31489e-02 |  9  0.00179  2.67359e+01
 10  0.00180  2.67396e+01 | 11  0.00181  2.67445e+01 | 12  0.00183  2.67511e+01
 13  0.00185  2.67599e+01 | 14  0.00188  2.67715e+01 | 15  0.00190  2.67870e+01
 16  0.00194  2.68077e+01 | 17  0.00200  2.68344e+01 | 18  0.00207  2.68678e+01
 19  0.00217  2.69079e+01 | 20  0.00229  2.69426e+01 | 21  0.00243  2.69757e+01
 22  0.00260  2.69943e+01 | 23  0.00281  2.69941e+01 | 24  0.00319  2.69897e+01
 25  0.00492  2.70309e+01 | 26  0.00375  2.70749e+01 | 27  0.00431  2.71988e+01
 28  0.00522  2.72888e+01 | 29  0.00554  2.74207e+01 | 30  0.00508  2.68324e+01
 31  0.00497  2.60147e+01 | 32  0.00335  2.51741e+01 | 33  0.00271  2.51962e+01
 34  0.00033  2.52696e+01 | 35  0.00561  2.85365e+01 | 36  0.01639  2.38367e+01
 37 -0.00670  2.53949e+01 | 38  0.00852  2.97533e+01 | 39  0.01666  2.90864e+01
 40  0.00000  1.69510e+01 | 41 -0.00596  2.48774e+01 | 42 -0.00643  2.38013e+01
 43  0.01293  1.95075e+01 | 44 -0.00054  1.92525e+01 | 45 -0.00518  2.14158e+01
 46 -0.00558  2.05133e+01 | 47 -0.00114  2.17340e+01 | 48 -0.00091  1.96655e+01
 49  0.00033  1.96257e+01 | 50 -0.00001  1.82250e+01 | 51 -0.00461  1.95585e+01
 52  0.01915  1.30358e+01 | 53  0.00179  1.40653e+01 | 54  0.00674  1.80731e+01
 55  0.01163  1.07272e+01 | 56  0.00740  1.34845e+01 | 57  0.02798  8.23416e+00
 58  0.02474  9.55421e-01 | 59  0.00105  1.08546e+00 | 60  0.01736  3.43381e+00
 61  0.00704  8.14654e-01 | 62  0.02572 -1.79050e+01 | 63  0.01335 -4.61032e+00
 64  0.00000 -5.99055e+00 | 65  0.02646 -3.26906e+01 | 66  0.02003 -5.54018e+01
 67  0.02220 -2.39693e+01 | 68  0.02181 -5.39009e+01 | 69 -0.03382 -3.01249e+01
 70 -0.00897  1.03603e+00 | 71  0.02306 -6.58685e+01 | 72  0.05184 -1.14735e+02
 73  0.01121 -7.73766e+01 | 74 -0.00879 -3.82430e+01 | 75 -0.04065 -7.18465e+00
 76 -0.02029 -5.25527e+00 | 77 -0.01153 -6.04453e+01 | 78 -0.01414 -1.11133e+01
 79  0.01082 -6.82509e+01 | 80 -0.04036 -1.73193e+01 | 81  0.02954 -1.05249e+02
 82  0.00232 -2.63459e+01 | 83 -0.01700 -4.48030e+01 | 84  0.00826 -5.95619e+01
 85  0.00302 -5.24894e+01 | 86 -0.02287 -1.92900e+01 | 87 -0.00474 -8.26638e+01
 88 -0.00923 -1.67770e+01 | 89 -0.02552 -1.00448e+01 | 90 -0.02723 -3.00904e+00
 91  0.03219 -1.18382e+02 | 92  0.00693 -2.10402e+01 | 93 -0.02843 -4.29437e+00
 94 -0.03782  2.20614e+01 | 95 -0.00126 -5.77983e+00 | 96 -0.03207  3.09918e+01
 97 -0.03111  3.13981e+00 | 98 -0.04766  4.61733e+01 | 99 -0.02152 -3.60901e-01
100 -0.04191  6.37019e+01 |101 -0.00526  1.42379e+01 |102  0.00134  2.74745e+01
103  0.00177  2.67257e+01 |104  0.05974 -5.90892e+01 |105 -0.38560  9.47083e+01
106  0.15698 -2.18614e+01 |107 -0.08379 -1.34314e+00 |
107 variables; iteration 60; function evaluation 81; phase 4
Function value 5.7147553e+02; maximum gradient component mag 1.3841e+02
Var    Value     Gradient |Var    Value     Gradient |Var    Value     Gradient
  1 -0.43787 -4.86168e+01 |  2 -0.40225  1.38408e+02 |  3 -0.42885  4.76588e+01
  4  0.78284  2.87267e+01 |  5  0.00003  2.68578e-02 |  6  0.00001  9.74382e-03
  7  0.00002  1.32818e-02 |  8  0.00002  1.81005e-02 |  9 -0.00029 -3.06210e+00
 10 -0.00029 -3.05994e+00 | 11 -0.00028 -3.05704e+00 | 12 -0.00026 -3.05317e+00
 13 -0.00025 -3.04805e+00 | 14 -0.00023 -3.04131e+00 | 15 -0.00021 -3.03184e+00
 16 -0.00017 -3.02052e+00 | 17 -0.00013 -3.00625e+00 | 18 -0.00007 -2.98843e+00
 19  0.00001 -2.96616e+00 | 20  0.00012 -2.93110e+00 | 21  0.00026 -2.88501e+00
 22  0.00045 -2.81850e+00 | 23  0.00070 -2.72915e+00 | 24  0.00113 -2.63442e+00
 25  0.00285 -2.55416e+00 | 26  0.00165 -2.51856e+00 | 27  0.00209 -2.52460e+00
 28  0.00299 -2.38672e+00 | 29  0.00339 -2.09310e+00 | 30  0.00342 -1.94586e+00
 31  0.00352 -2.40559e+00 | 32  0.00317 -1.29225e+00 | 33  0.00315 -1.35425e-01
 34  0.00040 -4.63699e-01 | 35  0.00379 -3.04484e-02 | 36  0.01609 -1.81400e+00
 37 -0.00694 -7.49868e-01 | 38 -0.00006 -8.59497e+00 | 39  0.00983 -5.56220e+00
 40  0.00538  3.02616e-01 | 41 -0.00781 -2.36776e+00 | 42 -0.00876 -4.69017e+00
 43  0.01312 -3.57044e+00 | 44 -0.00039 -3.78450e+00 | 45 -0.00646 -3.65137e+00
 46 -0.00646 -3.40974e+00 | 47 -0.00216 -1.77833e+00 | 48 -0.00211 -3.54107e+00
 49 -0.00112 -3.07061e+00 | 50 -0.00092 -2.71525e+00 | 51 -0.00409  1.78415e+00
 52  0.01954 -1.12057e-01 | 53  0.00219 -1.60017e+00 | 54  0.00569  2.41055e+00
 55  0.01034 -2.81308e+00 | 56  0.00501 -1.28508e+00 | 57  0.02377 -2.74542e+00
 58  0.02619  1.21025e+00 | 59  0.00370 -2.32124e+00 | 60  0.01369 -1.39217e+00
 61  0.00677  3.74972e-01 | 62  0.02980  5.08641e+00 | 63  0.01128  1.48585e+00
 64  0.00149  4.13409e+00 | 65  0.02996  8.55141e+00 | 66  0.02979  4.56125e+00
 67  0.01910  2.26491e+00 | 68  0.02525  4.74416e+00 | 69 -0.02544  2.61993e+00
 70 -0.01559 -3.68901e+00 | 71  0.02341  5.57401e+00 | 72  0.05042  1.16906e+01
 73  0.01220  8.44252e+00 | 74 -0.00936  3.04174e-01 | 75 -0.03955 -1.38326e+00
 76 -0.01857  1.56748e+01 | 77 -0.00822  1.49406e+01 | 78 -0.01239  1.97326e+01
 79  0.01194  6.25087e+00 | 80 -0.03829  4.75151e-01 | 81  0.02991 -2.27405e-01
 82  0.00245  5.33991e+00 | 83 -0.01537  2.84596e+00 | 84  0.00968 -6.56699e-01
 85  0.00457  2.26238e+01 | 86 -0.02278 -1.89489e+01 | 87 -0.00267 -1.30272e+01
 88 -0.00804  4.53347e+00 | 89 -0.02613 -1.84968e+01 | 90 -0.02666 -1.85353e+01
 91  0.03359 -3.60519e+00 | 92  0.00791  5.92047e+00 | 93 -0.02669  4.46489e+00
 94 -0.03611  1.21327e+00 | 95  0.00010 -6.22478e+00 | 96 -0.02919  1.47801e+01
 97 -0.02639  4.52846e+00 | 98 -0.04474 -1.51220e+01 | 99 -0.01334 -5.27075e+00
100 -0.03520  6.72317e+00 |101  0.00339  1.25130e+00 |102 -0.00095 -2.80520e+00
103 -0.00031 -3.06818e+00 |104  0.06260  3.24003e+00 |105 -0.38507 -1.39659e+00
106  0.41080 -2.76969e+00 |107  0.00549 -1.32767e+01 |
Maximum number of function evaluations exceeded

 - final statistics:
107 variables; iteration 70; function evaluation 100
Function value 5.7049e+02; maximum gradient component mag 1.4618e+02
Exit code = 3;  converg criter 1.0000e+00
Var    Value     Gradient |Var    Value     Gradient |Var    Value     Gradient
  1 -0.43527  1.22575e+01 |  2 -0.40219  1.46183e+02 |  3 -0.43171  5.18091e+01
  4  0.78910  4.16012e+01 |  5  0.00002  2.78114e-03 |  6  0.00001  9.62605e-04
  7  0.00001  1.31539e-03 |  8  0.00001  1.80299e-03 |  9  0.00054 -1.79772e+00
 10  0.00055 -1.79716e+00 | 11  0.00056 -1.79641e+00 | 12  0.00057 -1.79541e+00
 13  0.00058 -1.79405e+00 | 14  0.00060 -1.79223e+00 | 15  0.00062 -1.78904e+00
 16  0.00065 -1.78546e+00 | 17  0.00069 -1.78068e+00 | 18  0.00074 -1.77437e+00
 19  0.00081 -1.76606e+00 | 20  0.00090 -1.75603e+00 | 21  0.00103 -1.74103e+00
 22  0.00119 -1.71711e+00 | 23  0.00141 -1.67702e+00 | 24  0.00182 -1.61634e+00
 25  0.00354 -1.54252e+00 | 26  0.00238 -1.45767e+00 | 27  0.00292 -1.32761e+00
 28  0.00380 -1.23954e+00 | 29  0.00347 -2.01438e+00 | 30  0.00346 -1.89918e+00
 31  0.00477 -5.36064e-01 | 32  0.00280 -1.76859e+00 | 33  0.00223 -1.48361e+00
 34 -0.00041 -1.71686e+00 | 35  0.00293 -1.58924e+00 | 36  0.01610 -1.46078e+00
 37 -0.00775 -2.26735e+00 | 38  0.00421 -2.33746e+00 | 39  0.01353 -3.81836e-01
 40  0.00161 -4.72658e+00 | 41 -0.00728 -1.58468e+00 | 42 -0.00690 -1.67432e+00
 43  0.01351 -2.55225e+00 | 44  0.00052 -1.82198e+00 | 45 -0.00586 -2.45184e+00
 46 -0.00583 -2.36629e+00 | 47 -0.00296 -3.58588e+00 | 48 -0.00121 -1.98623e+00
 49 -0.00122 -3.05913e+00 | 50 -0.00142 -3.49930e+00 | 51 -0.00701 -3.70339e+00
 52  0.01820 -3.30887e+00 | 53  0.00062 -4.43580e+00 | 54  0.00507  9.03750e-01
 55  0.01057 -2.88377e+00 | 56  0.00466 -1.86084e+00 | 57  0.02484 -1.15366e+00
 58  0.02508 -6.25626e-01 | 59  0.00439 -1.30836e+00 | 60  0.01168 -5.11981e+00
 61  0.00722  1.04857e+00 | 62  0.02733 -6.21890e-01 | 63  0.01104  7.68908e-01
 64  0.00122  2.21678e+00 | 65  0.02615 -2.04467e+00 | 66  0.02812 -2.63328e-01
 67  0.01862  2.94838e+00 | 68  0.02395  2.40428e+00 | 69 -0.02751 -1.84438e+00
 70 -0.01448  3.47917e+00 | 71  0.02233  6.15736e+00 | 72  0.04851  6.89909e+00
 73  0.00958  2.47458e-01 | 74 -0.01048 -1.84998e-01 | 75 -0.03910  4.63638e+00
 76 -0.01910  3.47784e+00 | 77 -0.00907  7.42314e+00 | 78 -0.01299  5.01067e+00
 79  0.01126  9.37262e+00 | 80 -0.03840 -1.32713e-01 | 81  0.02932  1.35532e+01
 82  0.00194  5.98318e+00 | 83 -0.01623  4.36202e+00 | 84  0.00975  7.08239e+00
 85  0.00246  1.05471e+01 | 86 -0.02203  2.35013e+00 | 87 -0.00279  5.70979e+00
 88 -0.00850  3.41410e+00 | 89 -0.02604 -2.64447e+00 | 90 -0.02580 -3.79482e+00
 91  0.03243  1.11364e+01 | 92  0.00723  6.70753e+00 | 93 -0.02729  9.41400e+00
 94 -0.03539  6.88381e+00 | 95  0.00030  6.23332e+00 | 96 -0.02893  2.97398e+00
 97 -0.02551  2.53170e+00 | 98 -0.04142 -1.87598e+00 | 99 -0.01009  1.11040e+00
100 -0.03133  1.47041e+00 |101  0.00148 -2.45480e+00 |102  0.00003 -1.36307e+00
103  0.00053 -1.79930e+00 |104  0.06379  4.80712e+00 |105 -0.38506 -8.14992e+00
106  0.60007 -2.42602e-01 |107  0.06296 -6.14638e+00 |

Initial statistics: 110 variables; iteration 0; function evaluation 0; phase 5
Function value 5.7048922e+02; maximum gradient component mag 1.3403e+03
Var    Value     Gradient |Var    Value     Gradient |Var    Value     Gradient
  1 -0.43527  1.22575e+01 |  2 -0.40219  1.46183e+02 |  3 -0.43171  5.18091e+01
  4 -0.41222  3.98215e+01 |  5 -0.41222  6.02412e+01 |  6  0.78910  4.16012e+01
  7  0.00002  2.78114e-03 |  8  0.00001  9.62605e-04 |  9  0.00001  1.31539e-03
 10  0.00001  1.80299e-03 | 11  0.00054 -2.16200e+00 | 12  0.00054 -2.16145e+00
 13  0.00055 -2.16070e+00 | 14  0.00056 -2.15969e+00 | 15  0.00058 -2.15834e+00
 16  0.00060 -2.15652e+00 | 17  0.00061 -2.15332e+00 | 18  0.00064 -2.14974e+00
 19  0.00068 -2.14497e+00 | 20  0.00073 -2.13866e+00 | 21  0.00080 -2.13035e+00
 22  0.00090 -2.12032e+00 | 23  0.00102 -2.10532e+00 | 24  0.00119 -2.08139e+00
 25  0.00141 -2.04130e+00 | 26  0.00181 -1.98062e+00 | 27  0.00353 -1.90680e+00
 28  0.00237 -1.82195e+00 | 29  0.00291 -1.69189e+00 | 30  0.00379 -1.60382e+00
 31  0.00346 -2.37866e+00 | 32  0.00346 -2.26346e+00 | 33  0.00476 -9.00339e-01
 34  0.00279 -2.13287e+00 | 35  0.00222 -1.84790e+00 | 36 -0.00042 -2.08115e+00
 37  0.00293 -1.95352e+00 | 38  0.01609 -1.82494e+00 | 39 -0.00776 -2.63161e+00
 40  0.00420 -2.70174e+00 | 41  0.01352 -7.46039e-01 | 42  0.00160 -5.09086e+00
 43 -0.00729 -1.94894e+00 | 44 -0.00690 -2.03858e+00 | 45  0.01351 -2.91645e+00
 46  0.00051 -2.18626e+00 | 47 -0.00586 -2.81611e+00 | 48 -0.00583 -2.73056e+00
 49 -0.00297 -3.95016e+00 | 50 -0.00122 -2.35051e+00 | 51 -0.00122 -3.42341e+00
 52 -0.00143 -3.86358e+00 | 53 -0.00702 -4.06765e+00 | 54  0.01820 -3.67301e+00
 55  0.00061 -4.80008e+00 | 56  0.00506  5.39477e-01 | 57  0.01056 -3.24801e+00
 58  0.00465 -2.22511e+00 | 59  0.02484 -1.51766e+00 | 60  0.02507 -9.89628e-01
 61  0.00438 -1.67263e+00 | 62  0.01168 -5.48404e+00 | 63  0.00722  6.84312e-01
 64  0.02732 -9.85840e-01 | 65  0.01104  4.04678e-01 | 66  0.00121  1.85249e+00
 67  0.02614 -2.40864e+00 | 68  0.02812 -6.27258e-01 | 69  0.01862  2.58425e+00
 70  0.02394  2.04025e+00 | 71 -0.02752 -2.20832e+00 | 72 -0.01449  3.11497e+00
 73  0.02232  5.79330e+00 | 74  0.04850  6.53586e+00 | 75  0.00957 -1.16785e-01
 76 -0.01049 -5.49233e-01 | 77 -0.03911  4.27277e+00 | 78 -0.01911  3.11372e+00
 79 -0.00908  7.05889e+00 | 80 -0.01299  4.64646e+00 | 81  0.01126  9.00840e+00
 82 -0.03840 -4.96335e-01 | 83  0.02931  1.31893e+01 | 84  0.00193  5.61890e+00
 85 -0.01624  3.99786e+00 | 86  0.00975  6.71815e+00 | 87  0.00245  1.01828e+01
 88 -0.02204  1.98606e+00 | 89 -0.00279  5.34551e+00 | 90 -0.00851  3.04985e+00
 91 -0.02605 -3.00845e+00 | 92 -0.02580 -4.15880e+00 | 93  0.03242  1.07725e+01
 94  0.00722  6.34327e+00 | 95 -0.02729  9.05004e+00 | 96 -0.03540  6.52009e+00
 97  0.00029  5.86903e+00 | 98 -0.02894  2.61007e+00 | 99 -0.02551  2.16771e+00
100 -0.04143 -2.23949e+00 |101 -0.01010  7.46160e-01 |102 -0.03133  1.10656e+00
103  0.00147 -2.81908e+00 |104  0.00003 -1.72735e+00 |105  0.00052 -2.16358e+00
106  0.00000  1.34034e+03 |107  0.06379  4.80712e+00 |108 -0.38506 -8.14992e+00
109  0.60007 -2.42602e-01 |110  0.06296 -6.14638e+00 |

Intermediate statistics: 110 variables; iteration 20; function evaluation 24; phase 5
Function value 5.6083290e+02; maximum gradient component mag 8.4865e+02
Var    Value     Gradient |Var    Value     Gradient |Var    Value     Gradient
  1 -0.43860  2.34194e+01 |  2 -0.40189 -4.19450e+02 |  3 -0.42844 -1.78799e+02
  4 -0.38509 -2.13107e+00 |  5 -0.54189 -1.27183e+01 |  6  0.79376 -1.62502e+02
  7  0.00002  7.47896e-04 |  8  0.00001  1.14656e-04 |  9  0.00001  1.65820e-04
 10  0.00002  2.57906e-04 | 11 -0.00136  7.30610e+00 | 12 -0.00135  7.30577e+00
 13 -0.00134  7.30529e+00 | 14 -0.00133  7.30456e+00 | 15 -0.00131  7.30354e+00
 16 -0.00129  7.30209e+00 | 17 -0.00127  7.30216e+00 | 18 -0.00123  7.29996e+00
 19 -0.00118  7.29669e+00 | 20 -0.00111  7.29179e+00 | 21 -0.00101  7.28451e+00
 22 -0.00091  7.26584e+00 | 23 -0.00076  7.24713e+00 | 24 -0.00056  7.23380e+00
 25 -0.00030  7.24309e+00 | 26  0.00017  7.28224e+00 | 27  0.00196  7.30680e+00
 28  0.00086  7.37412e+00 | 29  0.00153  7.56289e+00 | 30  0.00246  7.64979e+00
 31  0.00071  4.96015e+00 | 32  0.00048  5.48350e+00 | 33  0.00311  1.01381e+01
 34 -0.00110  6.33902e+00 | 35 -0.00072  7.60594e+00 | 36 -0.00354  6.84569e+00
 37 -0.00096  5.34803e+00 | 38  0.01477  6.73090e+00 | 39 -0.01221  3.60225e+00
 40 -0.00176  8.84839e-01 | 41  0.01750  1.12812e+01 | 42 -0.00097  2.39879e+00
 43 -0.00841  7.48363e+00 | 44 -0.00851  8.10965e+00 | 45  0.01421  9.22610e+00
 46 -0.00007  1.09156e+01 | 47 -0.00860  5.77805e+00 | 48 -0.00819  5.03918e+00
 49 -0.00511  3.83076e+00 | 50 -0.00200  8.01426e+00 | 51 -0.00360  3.75084e+00
 52 -0.00355  3.35117e+00 | 53 -0.00856  4.51342e+00 | 54  0.01640  4.53059e+00
 55 -0.00343  1.03044e+00 | 56  0.00691  1.51241e+01 | 57  0.00999  2.73786e+00
 58  0.00555  8.69907e+00 | 59  0.02529  9.19111e+00 | 60  0.03272  1.67218e+01
 61  0.00861  1.37247e+01 | 62  0.01006 -2.54913e+00 | 63  0.01396  1.75700e+01
 64  0.03012  1.55984e+01 | 65  0.01467  1.98527e+01 | 66  0.00480  1.56233e+01
 67  0.03042  5.93575e+00 | 68  0.03083  6.55256e+00 | 69  0.02062  5.26006e+00
 70  0.02973  1.49519e+01 | 71 -0.02284  1.36420e+01 | 72 -0.01121  1.64671e+01
 73  0.03482  7.15538e+01 | 74  0.04788 -6.58119e+01 | 75  0.01159 -3.27367e+01
 76 -0.00797 -1.93612e+01 | 77 -0.03657 -5.30137e+00 | 78 -0.01708  7.27052e-01
 79 -0.00717 -5.94721e+00 | 80 -0.01109 -4.28096e+00 | 81  0.01192 -4.74906e+01
 82 -0.03701 -1.50133e+00 | 83  0.02978 -4.18607e+01 | 84  0.00105 -4.06463e+01
 85 -0.01505 -1.60920e+01 | 86  0.01030 -2.55284e+01 | 87  0.00333 -3.80222e+01
 88 -0.02178 -1.77492e+01 | 89 -0.00211 -2.78502e+01 | 90 -0.00937 -3.40934e+01
 91 -0.02569 -2.50686e+01 | 92 -0.02601 -1.56875e+01 | 93  0.03002 -1.05483e+02
 94  0.00530 -5.50195e+01 | 95 -0.02780 -1.66910e+01 | 96 -0.03443  1.92154e+01
 97  0.00102 -1.31452e+01 | 98 -0.02681  2.49390e+01 | 99 -0.02236  2.24512e+01
100 -0.03797  4.63183e+01 |101 -0.00528  4.84065e+01 |102 -0.02500  7.19530e+01
103 -0.00154  2.61766e+00 |104 -0.00129  8.56704e+00 |105 -0.00138  7.30686e+00
106 -0.00573  8.48648e+02 |107  0.05096 -3.93679e+01 |108 -0.38734  7.11951e+01
109  0.33430  9.16071e+00 |110  0.15359 -3.34541e-01 |
110 variables; iteration 40; function evaluation 51; phase 5
Function value 5.5593021e+02; maximum gradient component mag -1.8455e+03
Var    Value     Gradient |Var    Value     Gradient |Var    Value     Gradient
  1 -0.44027 -6.02629e+01 |  2 -0.40525 -1.84547e+03 |  3 -0.42265 -9.33212e+02
  4 -0.39032 -2.23186e+01 |  5 -0.52417 -2.55313e+01 |  6  0.79868 -7.73239e+02
  7  0.00003  1.07258e-02 |  8  0.00001  3.74172e-03 |  9  0.00002  5.09988e-03
 10  0.00002  6.96688e-03 | 11 -0.00171  3.88705e+01 | 12 -0.00170  3.88706e+01
 13 -0.00169  3.88705e+01 | 14 -0.00167  3.88704e+01 | 15 -0.00165  3.88702e+01
 16 -0.00163  3.88698e+01 | 17 -0.00160  3.88719e+01 | 18 -0.00156  3.88716e+01
 19 -0.00151  3.88706e+01 | 20 -0.00143  3.88684e+01 | 21 -0.00133  3.88643e+01
 22 -0.00121  3.88525e+01 | 23 -0.00105  3.88415e+01 | 24 -0.00084  3.88378e+01
 25 -0.00055  3.88595e+01 | 26 -0.00004  3.89176e+01 | 27  0.00179  3.89681e+01
 28  0.00076  3.90746e+01 | 29  0.00152  3.93522e+01 | 30  0.00259  3.95798e+01
 31  0.00056  3.64277e+01 | 32  0.00050  3.70916e+01 | 33  0.00385  4.24889e+01
 34 -0.00042  3.84636e+01 | 35 -0.00010  3.95885e+01 | 36 -0.00291  3.87709e+01
 37 -0.00035  3.71124e+01 | 38  0.01496  3.72256e+01 | 39 -0.01222  3.50122e+01
 40 -0.00391  2.84584e+01 | 41  0.02123  4.63516e+01 | 42 -0.00234  3.03036e+01
 43 -0.00820  3.74847e+01 | 44 -0.00909  3.82992e+01 | 45  0.01514  3.92119e+01
 46  0.00017  3.93149e+01 | 47 -0.00809  3.45797e+01 | 48 -0.00853  3.17805e+01
 49 -0.00697  2.88135e+01 | 50 -0.00260  3.32951e+01 | 51 -0.00389  2.86935e+01
 52 -0.00412  2.69327e+01 | 53 -0.00926  2.74233e+01 | 54  0.01411  2.25839e+01
 55 -0.00385  2.27378e+01 | 56  0.00648  3.31140e+01 | 57  0.00571  1.41777e+01
 58  0.00284  2.09206e+01 | 59  0.02157  1.62059e+01 | 60  0.03410  2.25770e+01
 61  0.00828  2.40111e+01 | 62  0.01389  9.57749e+00 | 63  0.00880  1.38526e+01
 64  0.03794  2.25511e+01 | 65  0.01182  1.17279e+01 | 66  0.00040  7.01918e+00
 67  0.02987 -1.86723e+01 | 68  0.04156 -5.82001e+00 | 69  0.02157 -1.95346e+01
 70  0.03692 -7.85685e+00 | 71 -0.01798  1.62343e+01 | 72 -0.00813  2.33337e+00
 73  0.04092 -2.93209e+00 | 74  0.04872 -2.28733e+02 | 75  0.01493 -1.17373e+02
 76 -0.00257 -5.58435e+01 | 77 -0.03766 -5.01392e+01 | 78 -0.01711 -3.43182e+01
 79 -0.00462 -5.91482e+01 | 80 -0.01139 -4.77701e+01 | 81  0.01380 -1.40649e+02
 82 -0.03971 -4.61950e+01 | 83  0.03075 -2.14731e+02 | 84 -0.00063 -1.38941e+02
 85 -0.01183 -5.04931e+01 | 86  0.00912 -1.16842e+02 | 87  0.00583 -1.02744e+02
 88 -0.02214 -4.30369e+01 | 89  0.00086 -7.25231e+01 | 90 -0.01192 -1.12768e+02
 91 -0.02494 -5.65852e+01 | 92 -0.02830 -4.02263e+01 | 93  0.03059 -2.40559e+02
 94  0.00412 -1.06437e+02 | 95 -0.02869 -4.42475e+01 | 96 -0.03646  2.63895e+01
 97  0.00276 -1.27897e+01 | 98 -0.02788  5.64796e+01 | 99 -0.02247  4.60697e+01
100 -0.04116  8.81558e+01 |101 -0.00875  7.74104e+01 |102 -0.03439  9.68563e+01
103 -0.00850  2.31826e+01 |104 -0.00129  4.06384e+01 |105 -0.00173  3.88703e+01
106 -0.01055 -7.24667e+02 |107  0.03284 -1.14294e+02 |108 -0.39239  1.81361e+02
109  0.07846 -6.11400e+00 |110  0.53213  3.48526e-03 |
110 variables; iteration 60; function evaluation 78; phase 5
Function value 5.5088790e+02; maximum gradient component mag -1.7619e+03
Var    Value     Gradient |Var    Value     Gradient |Var    Value     Gradient
  1 -0.44212 -7.60890e+01 |  2 -0.40248 -1.76192e+03 |  3 -0.42487 -9.47896e+02
  4 -0.38488 -1.67674e+01 |  5 -0.54189 -2.47850e+01 |  6  0.80292 -8.00484e+02
  7  0.00003  5.40588e-03 |  8  0.00001  1.69106e-03 |  9  0.00001  2.33359e-03
 10  0.00002  3.25600e-03 | 11 -0.00195  3.91519e+01 | 12 -0.00194  3.91479e+01
 13 -0.00194  3.91424e+01 | 14 -0.00193  3.91350e+01 | 15 -0.00191  3.91251e+01
 16 -0.00190  3.91118e+01 | 17 -0.00188  3.90980e+01 | 18 -0.00186  3.90758e+01
 19 -0.00182  3.90468e+01 | 20 -0.00176  3.90092e+01 | 21 -0.00169  3.89618e+01
 22 -0.00161  3.88980e+01 | 23 -0.00149  3.88306e+01 | 24 -0.00131  3.87752e+01
 25 -0.00104  3.87689e+01 | 26 -0.00053  3.88498e+01 | 27  0.00132  3.89446e+01
 28  0.00038  3.92062e+01 | 29  0.00139  3.98652e+01 | 30  0.00276  4.05296e+01
 31 -0.00088  3.50343e+01 | 32 -0.00105  3.55418e+01 | 33  0.00424  4.39590e+01
 34 -0.00185  3.73130e+01 | 35 -0.00133  3.86592e+01 | 36 -0.00463  3.70328e+01
 37 -0.00237  3.51163e+01 | 38  0.01516  3.83791e+01 | 39 -0.01120  3.77595e+01
 40 -0.00213  3.21752e+01 | 41  0.01823  4.29243e+01 | 42 -0.00051  3.32453e+01
 43 -0.01063  3.39824e+01 | 44 -0.00675  4.31518e+01 | 45  0.01828  4.42984e+01
 46  0.00106  4.17002e+01 | 47 -0.00546  4.00589e+01 | 48 -0.00678  3.56076e+01
 49 -0.00859  2.54137e+01 | 50 -0.00090  3.65609e+01 | 51 -0.00162  3.32396e+01
 52 -0.00132  3.24604e+01 | 53 -0.00779  3.00552e+01 | 54  0.00825  8.07877e+00
 55 -0.00063  2.69173e+01 | 56  0.00735  3.50304e+01 | 57  0.01825  3.01029e+01
 58  0.00793  2.70503e+01 | 59  0.02136  8.23103e+00 | 60  0.02551  8.18144e+00
 61  0.00146  1.21568e+01 | 62  0.01617  7.17609e+00 | 63  0.01379  1.42883e+01
 64  0.02545 -9.25970e+00 | 65  0.00615 -2.68073e+00 | 66  0.00688  9.57648e+00
 67  0.03655 -2.61670e+01 | 68  0.02856 -4.74913e+01 | 69  0.02120 -4.09540e+01
 70  0.03384 -4.46300e+01 | 71 -0.02055 -2.30038e+00 | 72 -0.01174 -2.48781e+01
 73  0.03850 -5.17957e+01 | 74  0.05492 -2.20923e+02 | 75  0.01967 -1.14025e+02
 76  0.00098 -5.88150e+01 | 77 -0.03444 -4.31693e+01 | 78 -0.01665 -3.63775e+01
 79 -0.00229 -5.30643e+01 | 80 -0.01371 -9.04723e+01 | 81  0.01598 -1.26370e+02
 82 -0.03809 -2.01336e+01 | 83  0.03143 -2.15488e+02 | 84 -0.00024 -1.19334e+02
 85 -0.01269 -6.52686e+01 | 86  0.00895 -9.59416e+01 | 87  0.00563 -1.11819e+02
 88 -0.02342 -4.55482e+01 | 89  0.00136 -6.62314e+01 | 90 -0.01114 -7.61416e+01
 91 -0.02417 -4.63856e+01 | 92 -0.02911 -2.88004e+01 | 93  0.03273 -1.74549e+02
 94  0.00420 -7.99133e+01 | 95 -0.02684 -1.74180e+01 | 96 -0.03903  1.59269e+00
 97  0.00214 -3.01667e+01 | 98 -0.02987  3.59321e+01 | 99 -0.02422  1.71983e+01
100 -0.04370  7.43243e+01 |101 -0.00963  7.41917e+01 |102 -0.03995  6.55713e+01
103  0.00023  4.39350e+01 |104 -0.00143  4.11168e+01 |105 -0.00196  3.91631e+01
106 -0.01384 -1.44856e+03 |107  0.03813 -9.89757e+01 |108 -0.39050  1.66409e+02
109 -0.00552 -1.21094e+01 |110  0.83253  1.16656e-02 |
110 variables; iteration 80; function evaluation 114; phase 5
Function value 5.4129736e+02; maximum gradient component mag -1.0987e+03
Var    Value     Gradient |Var    Value     Gradient |Var    Value     Gradient
  1 -0.44350 -1.58403e+02 |  2 -0.41198 -5.81214e+02 |  3 -0.41107 -2.61614e+02
  4 -0.39682 -2.36554e+01 |  5 -0.49148 -9.61029e+00 |  6  0.85124 -2.50501e+02
  7 -0.00001 -4.28078e-02 |  8 -0.00000 -1.44108e-02 |  9 -0.00000 -1.97387e-02
 10 -0.00000 -2.71525e-02 | 11  0.00026  1.69118e+01 | 12  0.00026  1.69021e+01
 13  0.00026  1.68908e+01 | 14  0.00027  1.68789e+01 | 15  0.00028  1.68684e+01
 16  0.00030  1.68641e+01 | 17  0.00031  1.68519e+01 | 18  0.00036  1.68784e+01
 19  0.00046  1.69538e+01 | 20  0.00064  1.71145e+01 | 21  0.00092  1.74043e+01
 22  0.00132  1.78420e+01 | 23  0.00181  1.83507e+01 | 24  0.00222  1.86572e+01
 25  0.00219  1.82107e+01 | 26  0.00157  1.65944e+01 | 27  0.00208  1.46801e+01
 28  0.00018  1.35237e+01 | 29  0.00201  1.54342e+01 | 30  0.00311  1.57685e+01
 31 -0.00981 -3.28581e+00 | 32 -0.00083  1.04876e+01 | 33  0.00195  1.47959e+01
 34  0.00378  1.97715e+01 | 35 -0.00606  5.61168e+00 | 36 -0.00153  1.64258e+01
 37  0.01119  3.24044e+01 | 38  0.02721  3.58963e+01 | 39 -0.01439  6.09105e+00
 40  0.00150  1.26129e+01 | 41  0.01139  1.29318e+01 | 42  0.00492  1.82308e+01
 43 -0.02451 -1.44561e+01 | 44 -0.01237  8.71263e+00 | 45  0.00817  6.66353e+00
 46 -0.01214 -2.96857e+00 | 47 -0.00788  1.26944e+01 | 48 -0.01035  7.54689e+00
 49 -0.00437  1.27335e+01 | 50 -0.00643  6.91218e+00 | 51  0.00063  1.61364e+01
 52  0.00126  1.61362e+01 | 53 -0.01327  2.00334e-01 | 54  0.01730  9.39915e+00
 55  0.00625  1.93074e+01 | 56 -0.00134  4.71528e+00 | 57  0.01044  4.40292e+00
 58  0.00408  5.43039e+00 | 59  0.02403  3.05967e+00 | 60  0.02360  9.08161e-02
 61  0.00582  6.20826e+00 | 62  0.01410 -1.28518e+00 | 63  0.00784  7.20099e-01
 64  0.02123 -1.83519e+01 | 65  0.00773 -7.72496e+00 | 66 -0.00150 -9.17759e+00
 67  0.02901 -2.59490e+01 | 68  0.03178 -2.92028e+01 | 69  0.02369 -2.22861e+01
 70  0.03051 -3.41208e+01 | 71 -0.02167 -1.03979e+01 | 72 -0.00873 -1.74079e+01
 73  0.03100 -5.82596e+01 | 74  0.06258 -6.23728e+01 | 75  0.02380 -2.60757e+01
 76  0.00238 -1.74223e+01 | 77 -0.03029 -6.79441e-02 | 78 -0.01735 -3.66008e+01
 79 -0.00197 -2.92988e+01 | 80 -0.01137 -1.82894e+01 | 81  0.01763 -3.06516e+01
 82 -0.03883 -1.03737e+01 | 83  0.03431 -4.13437e+01 | 84  0.00134 -2.75641e+01
 85 -0.01254 -1.59732e+01 | 86  0.00785 -3.87966e+01 | 87  0.00608 -1.56479e+01
 88 -0.02483 -2.21982e+01 | 89 -0.00028 -2.25432e+01 | 90 -0.01115 -1.72838e+01
 91 -0.02359 -6.35371e-01 | 92 -0.03033 -1.52694e+01 | 93  0.03430 -8.49544e+00
 94  0.00363 -2.42787e+01 | 95 -0.02678  6.74288e+00 | 96 -0.04027 -1.00864e+01
 97  0.00283 -2.77572e+00 | 98 -0.03201 -9.60594e+00 | 99 -0.02244  1.96540e+01
100 -0.04684 -1.16426e+01 |101 -0.01069  1.89292e-01 |102 -0.04175  1.96374e+00
103  0.00375  1.81474e+01 |104 -0.00207  1.44541e+01 |105  0.00026  1.69453e+01
106 -0.02316 -1.09874e+03 |107  0.04443 -1.89672e+01 |108 -0.38835  3.69634e+01
109 -0.08245  1.69189e+01 |110  2.11691  3.47432e+00 |
110 variables; iteration 100; function evaluation 150; phase 5
Function value 5.3720740e+02; maximum gradient component mag -4.9761e+02
Var    Value     Gradient |Var    Value     Gradient |Var    Value     Gradient
  1 -0.43851 -1.16662e+02 |  2 -0.41410 -2.31018e+02 |  3 -0.41243 -7.22911e+01
  4 -0.40086 -2.17422e+01 |  5 -0.48533 -7.12031e+00 |  6  0.88998 -8.62980e+01
  7  0.00002  5.65024e-03 |  8  0.00001  4.86023e-03 |  9  0.00001  6.12356e-03
 10  0.00002  7.33168e-03 | 11 -0.00311  2.93177e+00 | 12 -0.00307  2.99474e+00
 13 -0.00300  3.08320e+00 | 14 -0.00291  3.20801e+00 | 15 -0.00278  3.38584e+00
 16 -0.00259  3.63957e+00 | 17 -0.00237  3.95492e+00 | 18 -0.00201  4.44865e+00
 19 -0.00151  5.13598e+00 | 20 -0.00086  6.04262e+00 | 21 -0.00008  7.09718e+00
 22  0.00058  7.93249e+00 | 23  0.00086  8.11658e+00 | 24  0.00053  7.31550e+00
 25  0.00032  6.59686e+00 | 26  0.00138  7.52702e+00 | 27  0.00358  8.16708e+00
 28  0.00123  6.34830e+00 | 29  0.00145  5.89453e+00 | 30 -0.00032  2.07248e+00
 31  0.00338  7.44691e+00 | 32 -0.00415 -2.83778e+00 | 33  0.00475  1.06785e+01
 34 -0.00118  4.03899e+00 | 35  0.00106  8.39198e+00 | 36 -0.00187  7.47214e+00
 37 -0.00229  8.13379e-01 | 38  0.01257  1.59181e+00 | 39 -0.01127  3.55229e+00
 40  0.00206  4.44914e+00 | 41  0.01400  8.41393e+00 | 42  0.00602  1.32217e+01
 43 -0.01167  3.69490e-01 | 44 -0.00996  5.53586e+00 | 45  0.01317  9.04821e+00
 46 -0.00146  7.67607e+00 | 47 -0.00502  1.03091e+01 | 48 -0.00667  6.14927e+00
 49 -0.00519  3.42585e+00 | 50 -0.00337  5.34856e+00 | 51 -0.00383  2.21357e+00
 52 -0.00720 -3.65860e+00 | 53 -0.00286  1.33919e+01 | 54  0.01519  1.68077e+00
 55 -0.00169  2.45167e+00 | 56 -0.00103  2.65343e-01 | 57  0.00900 -4.97079e-01
 58  0.00403  3.01501e+00 | 59  0.02376  3.84386e+00 | 60  0.02268  1.29867e+00
 61  0.00260  2.34473e+00 | 62  0.01626  4.72449e+00 | 63  0.00989  8.30134e+00
 64  0.02797  5.83657e+00 | 65  0.00982  2.55043e+00 | 66  0.00186  1.56131e+00
 67  0.03401  9.54701e-01 | 68  0.03474 -1.14495e+00 | 69  0.02448 -3.08463e+00
 70  0.03189 -3.53660e+00 | 71 -0.01990  2.05037e+00 | 72 -0.00666  5.64164e-01
 73  0.03503 -2.57616e+00 | 74  0.06003 -3.47063e+01 | 75  0.02094 -1.80225e+01
 76  0.00127 -8.00196e+00 | 77 -0.03154 -5.56005e+00 | 78 -0.01661 -4.81538e+00
 79 -0.00133 -5.85000e+00 | 80 -0.01215 -1.64175e+01 | 81  0.01697 -1.99346e+01
 82 -0.03941 -7.92676e+00 | 83  0.03387 -2.49209e+01 | 84  0.00030 -2.06904e+01
 85 -0.01214 -4.17545e+00 | 86  0.00774 -1.65172e+01 | 87  0.00474 -1.46633e+01
 88 -0.02501 -8.00245e+00 | 89  0.00020 -3.16057e+00 | 90 -0.01215 -1.40686e+01
 91 -0.02443 -5.43380e+00 | 92 -0.03021 -5.81730e+00 | 93  0.03300 -2.48206e+01
 94  0.00299 -1.07152e+01 | 95 -0.02790 -5.13578e+00 | 96 -0.03947  8.48899e-01
 97  0.00334  2.50046e-01 | 98 -0.03106  3.00050e+00 | 99 -0.02223  2.16728e+00
100 -0.04429  9.05316e+00 |101 -0.00769  1.23770e+01 |102 -0.04002 -2.89001e-01
103  0.00020 -1.10484e+00 |104 -0.00259  4.80159e+00 |105 -0.00324  2.76810e+00
106 -0.02696 -4.97607e+02 |107  0.04040 -8.12718e+00 |108 -0.38970  1.24973e+01
109 -0.17065  1.61281e+01 |110  2.19485  2.68783e+01 |
110 variables; iteration 120; function evaluation 186; phase 5
Function value 5.3576441e+02; maximum gradient component mag -6.7596e+01
Var    Value     Gradient |Var    Value     Gradient |Var    Value     Gradient
  1 -0.43047  2.28382e+01 |  2 -0.41099 -6.75958e+01 |  3 -0.42321 -3.82588e+01
  4 -0.39752  3.70702e+00 |  5 -0.49604 -1.07745e+00 |  6  0.93135 -1.99476e+01
  7  0.00011  1.42000e-01 |  8  0.00006  8.34594e-02 |  9  0.00008  1.02842e-01
 10  0.00009  1.21981e-01 | 11 -0.00014  2.30071e+00 | 12 -0.00004  2.43758e+00
 13 -0.00011  2.31441e+00 | 14 -0.00043  1.80263e+00 | 15 -0.00100  8.97548e-01
 16 -0.00159 -4.29703e-02 | 17 -0.00198 -6.76677e-01 | 18 -0.00132  2.86589e-01
 19  0.00016  2.48203e+00 | 20 -0.00015  1.90368e+00 | 21 -0.00230 -1.54478e+00
 22  0.00144  4.01067e+00 | 23 -0.00015  1.35031e+00 | 24 -0.00073  1.62341e-01
 25  0.00054  1.69127e+00 | 26  0.00005  2.90017e-01 | 27  0.00277  1.72302e+00
 28  0.00140  1.37468e+00 | 29  0.00195  1.41595e+00 | 30  0.00282  1.49243e+00
 31  0.00269  1.30159e+00 | 32  0.00230  1.65842e+00 | 33  0.00170  1.30616e+00
 34  0.00011  1.17457e+00 | 35 -0.00097  3.17672e-01 | 36 -0.00300  7.14089e-01
 37  0.00152  1.53512e+00 | 38  0.01471  1.01589e+00 | 39 -0.00924  1.37532e+00
 40  0.00362  9.53712e-01 | 41  0.01266  6.91321e-01 | 42  0.00047  2.82927e-01
 43 -0.00855  1.07239e+00 | 44 -0.00932  8.94593e-01 | 45  0.01061  8.17137e-01
 46 -0.00335  6.19403e-01 | 47 -0.00787  8.76631e-01 | 48 -0.00708  8.60501e-01
 49 -0.00409  1.05250e+00 | 50 -0.00357  1.00308e+00 | 51 -0.00206  1.20128e+00
 52 -0.00173  1.54035e+00 | 53 -0.00773  4.14141e-01 | 54  0.01677  8.45748e-01
 55 -0.00068  7.84213e-01 | 56  0.00177  9.96249e-01 | 57  0.01155  6.65287e-01
 58  0.00430  7.69238e-01 | 59  0.02385  1.70934e-01 | 60  0.02305  4.09036e-01
 61  0.00267  5.68529e-01 | 62  0.01448 -2.68799e-01 | 63  0.00594 -3.09176e-02
 64  0.02476 -7.51922e-01 | 65  0.00853 -1.15278e-01 | 66  0.00236 -1.15459e-01
 67  0.03237 -1.65629e+00 | 68  0.03266 -2.04553e+00 | 69  0.02369 -1.82256e+00
 70  0.03043 -2.70643e+00 | 71 -0.02098 -5.63833e-01 | 72 -0.00675 -1.38974e+00
 73  0.03385 -4.08304e+00 | 74  0.06078 -8.75867e+00 | 75  0.02057 -4.59009e+00
 76  0.00085 -3.49725e+00 | 77 -0.03101 -1.57638e+00 | 78 -0.01757 -1.95499e-02
 79 -0.00142 -3.56933e+00 | 80 -0.01255  6.57241e-01 | 81  0.01672 -5.05177e+00
 82 -0.04008  1.02298e+00 | 83  0.03365 -7.90294e+00 | 84 -0.00069 -1.16569e+00
 85 -0.01244 -3.25923e+00 | 86  0.00692 -4.43578e-01 | 87  0.00399 -4.04593e+00
 88 -0.02612  2.97302e-01 | 89 -0.00024 -3.93590e+00 | 90 -0.01331  1.87126e-01
 91 -0.02494 -2.04979e+00 | 92 -0.03096  1.15662e+00 | 93  0.03278 -5.77668e+00
 94  0.00162 -2.53574e-01 | 95 -0.02818 -7.73866e-01 | 96 -0.04003  1.78813e+00
 97  0.00303 -2.25100e+00 | 98 -0.03228  2.52546e+00 | 99 -0.02220  3.11541e-01
100 -0.04550  3.22112e+00 |101 -0.00812  4.66793e-01 |102 -0.04080  4.87333e+00
103  0.00339  2.32653e+00 |104 -0.00203  4.62978e-01 |105 -0.00145  3.02977e-01
106 -0.02935 -6.26323e+01 |107  0.04492 -2.74480e+00 |108 -0.38876  3.91981e+00
109 -0.23147 -4.32640e+00 |110  2.23079 -2.05216e+00 |
110 variables; iteration 140; function evaluation 228; phase 5
Function value 5.3529951e+02; maximum gradient component mag -7.1011e+01
Var    Value     Gradient |Var    Value     Gradient |Var    Value     Gradient
  1 -0.43270 -1.09512e+01 |  2 -0.41372 -2.04271e+01 |  3 -0.41810 -8.76968e+00
  4 -0.40212 -1.46006e+00 |  5 -0.48190  2.32480e-01 |  6  0.98662 -2.72119e+00
  7 -0.00062 -9.91648e-01 |  8  0.00026  3.86154e-01 |  9 -0.00013 -2.10000e-01
 10  0.00049  7.27279e-01 | 11 -0.00086  3.33637e-01 | 12 -0.00058  7.54153e-01
 13 -0.00058  7.40444e-01 | 14 -0.00070  5.30081e-01 | 15 -0.00071  4.95304e-01
 16 -0.00065  5.51309e-01 | 17 -0.00065  5.29367e-01 | 18 -0.00052  6.71438e-01
 19 -0.00046  6.79077e-01 | 20 -0.00046  5.81763e-01 | 21 -0.00048  4.06945e-01
 22 -0.00022  6.39197e-01 | 23 -0.00013  5.45518e-01 | 24  0.00007  5.54810e-01
 25  0.00028  4.80794e-01 | 26  0.00075  5.26367e-01 | 27  0.00257  6.11415e-01
 28  0.00145  6.45950e-01 | 29  0.00197  6.48462e-01 | 30  0.00271  5.39576e-01
 31  0.00267  4.83496e-01 | 32  0.00220  6.29538e-01 | 33  0.00180  4.57058e-01
 34  0.00037  5.13343e-01 | 35 -0.00025  4.49480e-01 | 36 -0.00253  4.84708e-01
 37  0.00160  8.00702e-01 | 38  0.01505  6.91819e-01 | 39 -0.00925  5.18296e-01
 40  0.00380  5.18782e-01 | 41  0.01246  3.08366e-01 | 42  0.00110  4.64324e-01
 43 -0.00855  3.53190e-01 | 44 -0.00939  4.17029e-01 | 45  0.01055  3.55625e-01
 46 -0.00298  3.47914e-01 | 47 -0.00761  4.82297e-01 | 48 -0.00691  4.41396e-01
 49 -0.00414  5.84243e-01 | 50 -0.00355  5.01187e-01 | 51 -0.00210  6.57367e-01
 52 -0.00198  5.97112e-01 | 53 -0.00742  3.29386e-01 | 54  0.01665  4.92457e-01
 55 -0.00047  6.10835e-01 | 56  0.00158  2.70199e-01 | 57  0.01135  3.90143e-01
 58  0.00419  1.83646e-01 | 59  0.02355  1.43534e-01 | 60  0.02236  3.15431e-02
 61  0.00235  1.83600e-01 | 62  0.01423  6.80055e-02 | 63  0.00564 -7.85821e-02
 64  0.02451 -4.38238e-01 | 65  0.00838 -2.71134e-01 | 66  0.00198 -1.75443e-01
 67  0.03198 -5.99156e-01 | 68  0.03280 -7.91123e-01 | 69  0.02364 -5.52781e-01
 70  0.03025 -9.52600e-01 | 71 -0.02103 -3.76453e-01 | 72 -0.00692 -6.39626e-01
 73  0.03358 -2.12413e+00 | 74  0.06066 -2.00949e+00 | 75  0.02053 -9.17461e-01
 76  0.00072 -9.37794e-01 | 77 -0.03109 -2.06091e-01 | 78 -0.01780 -1.23602e+00
 79 -0.00142 -1.45479e+00 | 80 -0.01279 -8.23463e-01 | 81  0.01673 -1.36357e+00
 82 -0.04031 -4.50533e-01 | 83  0.03362 -1.99851e+00 | 84 -0.00079 -6.85105e-01
 85 -0.01258 -9.24422e-01 | 86  0.00656 -1.47128e+00 | 87  0.00381 -8.83689e-01
 88 -0.02641 -7.25363e-01 | 89 -0.00045 -1.29689e+00 | 90 -0.01351 -4.12648e-01
 91 -0.02501 -1.41200e-01 | 92 -0.03126 -3.76558e-01 | 93  0.03263 -8.32528e-01
 94  0.00143 -4.80533e-01 | 95 -0.02826  1.76542e-01 | 96 -0.04029 -3.41328e-01
 97  0.00317 -3.71374e-01 | 98 -0.03227 -3.61378e-01 | 99 -0.02188  1.69499e-01
100 -0.04526 -4.16070e-01 |101 -0.00742 -2.24266e-01 |102 -0.04043  1.00760e-01
103  0.00318  4.57866e-01 |104 -0.00146  4.88966e-01 |105 -0.00069  6.29900e-01
106 -0.03125 -7.10106e+01 |107  0.04263 -2.38427e-01 |108 -0.38918  6.44655e-01
109 -0.22264  1.13468e+00 |110  2.22250  2.13200e+00 |

 - final statistics:
110 variables; iteration 158; function evaluation 251
Function value 5.3528e+02; maximum gradient component mag 3.9811e-05
Exit code = 1;  converg criter 1.0000e-04
Var    Value     Gradient |Var    Value     Gradient |Var    Value     Gradient
  1 -0.43225  3.98114e-05 |  2 -0.41350 -2.77172e-06 |  3 -0.41873  6.09479e-06
  4 -0.40158  7.97134e-06 |  5 -0.48369  1.07768e-06 |  6  0.99997  1.33964e-06
  7  0.00002 -4.92454e-07 |  8  0.00001  3.37464e-07 |  9  0.00001 -2.15856e-07
 10  0.00001  1.32188e-07 | 11 -0.00066 -6.57599e-07 | 12 -0.00066 -3.08170e-07
 13 -0.00065  4.91714e-07 | 14 -0.00063  5.90499e-07 | 15 -0.00062  4.77210e-07
 16 -0.00059  5.69584e-07 | 17 -0.00058  5.76779e-07 | 18 -0.00054  1.26014e-07
 19 -0.00049 -9.39503e-07 | 20 -0.00042 -4.72371e-07 | 21 -0.00033  5.63681e-07
 22 -0.00022 -1.35554e-06 | 23 -0.00007 -2.76515e-07 | 24  0.00013 -5.44813e-08
 25  0.00038 -2.61535e-08 | 26  0.00082 -2.12202e-07 | 27  0.00259 -8.13420e-07
 28  0.00144 -2.54208e-07 | 29  0.00196 -8.72023e-07 | 30  0.00277  5.48267e-07
 31  0.00277  2.38511e-07 | 32  0.00219  4.22595e-07 | 33  0.00189  1.05714e-06
 34  0.00041  1.09250e-06 | 35 -0.00016  9.40750e-07 | 36 -0.00245  7.86137e-07
 37  0.00150 -7.12427e-07 | 38  0.01501 -1.08021e-07 | 39 -0.00919 -1.72469e-07
 40  0.00388  5.10076e-07 | 41  0.01271  8.87716e-07 | 42  0.00115  3.40630e-07
 43 -0.00839  1.65324e-06 | 44 -0.00926  6.05238e-07 | 45  0.01068  1.29865e-06
 46 -0.00288  6.66215e-07 | 47 -0.00756 -4.12993e-07 | 48 -0.00683  5.67854e-07
 49 -0.00413  2.61220e-07 | 50 -0.00352 -6.68084e-07 | 51 -0.00217 -1.16087e-07
 52 -0.00202 -3.15140e-07 | 53 -0.00732  7.39743e-07 | 54  0.01663  3.09159e-07
 55 -0.00058 -2.10002e-07 | 56  0.00170  2.50123e-06 | 57  0.01136  1.11624e-06
 58  0.00429  1.82796e-06 | 59  0.02362  4.07196e-06 | 60  0.02246 -9.10415e-06
 61  0.00238  4.51246e-06 | 62  0.01429  5.31838e-06 | 63  0.00575 -4.96281e-07
 64  0.02459  1.26879e-06 | 65  0.00845  6.11689e-06 | 66  0.00207  1.46795e-06
 67  0.03199  4.42903e-06 | 68  0.03275  3.71846e-06 | 69  0.02355  2.84086e-06
 70  0.03016  3.52934e-06 | 71 -0.02104  2.14165e-06 | 72 -0.00693  2.13104e-06
 73  0.03357  2.48652e-06 | 74  0.06047  5.92250e-08 | 75  0.02034  6.91568e-07
 76  0.00060  1.41915e-06 | 77 -0.03119  8.31061e-07 | 78 -0.01788 -1.01146e-06
 79 -0.00149  4.40532e-06 | 80 -0.01290 -5.17733e-06 | 81  0.01661  1.77979e-06
 82 -0.04041 -2.56870e-06 | 83  0.03351  2.86813e-06 | 84 -0.00094 -4.68021e-06
 85 -0.01263  6.21593e-07 | 86  0.00648 -6.38282e-06 | 87  0.00370  1.43103e-07
 88 -0.02650 -2.29706e-06 | 89 -0.00050  9.86200e-07 | 90 -0.01364 -6.90021e-06
 91 -0.02511 -1.24269e-06 | 92 -0.03134 -5.93095e-06 | 93  0.03252 -3.64351e-06
 94  0.00130 -9.43627e-06 | 95 -0.02836 -1.24427e-06 | 96 -0.04034 -4.83010e-06
 97  0.00310  1.41793e-06 | 98 -0.03235 -3.57249e-06 | 99 -0.02195  2.74413e-07
100 -0.04530 -2.32062e-06 |101 -0.00746  7.24975e-06 |102 -0.04049 -3.32709e-06
103  0.00318 -7.56456e-07 |104 -0.00136 -4.13102e-08 |105 -0.00068  1.11996e-06
106 -0.03119 -8.27058e-06 |107  0.04253  7.06291e-07 |108 -0.38925 -9.14243e-07
109 -0.22481 -3.28776e-06 |110  2.22405 -1.00726e-05 |
Warning: the following parameters had issues
  SR_parm[1] is within 0.1% of upper bound: 4.00000e+00 < 2.00000e+01 < 2.00000e+01


 - final statistics:
111 variables; iteration 0; function evaluation 0
Function value 5.3528e+02; maximum gradient component mag 3.9811e-05
Exit code = 0;  converg criter 1.0000e-04
Var    Value     Gradient |Var    Value     Gradient |Var    Value     Gradient
  1 -0.43225  3.98114e-05 |  2 -0.41350 -2.77160e-06 |  3 -0.41873  6.09486e-06
  4 -0.40158  7.97134e-06 |  5 -0.48369  1.07768e-06 |  6  0.99997  1.33881e-06
  7  0.00002 -4.92454e-07 |  8  0.00001  3.37464e-07 |  9  0.00001 -2.15856e-07
 10  0.00001  1.32188e-07 | 11 -0.00066 -7.17842e-07 | 12 -0.00066 -3.68413e-07
 13 -0.00065  4.31472e-07 | 14 -0.00063  5.30256e-07 | 15 -0.00062  4.16968e-07
 16 -0.00059  5.09342e-07 | 17 -0.00058  5.16536e-07 | 18 -0.00054  6.57714e-08
 19 -0.00049 -9.99746e-07 | 20 -0.00042 -5.32614e-07 | 21 -0.00033  5.03438e-07
 22 -0.00022 -1.41578e-06 | 23 -0.00007 -3.36758e-07 | 24  0.00013 -1.14724e-07
 25  0.00038 -8.63964e-08 | 26  0.00082 -2.72445e-07 | 27  0.00259 -8.73662e-07
 28  0.00144 -3.14451e-07 | 29  0.00196 -9.32265e-07 | 30  0.00277  4.88025e-07
 31  0.00277  1.78269e-07 | 32  0.00219  3.62353e-07 | 33  0.00189  9.96898e-07
 34  0.00041  1.03225e-06 | 35 -0.00016  8.80507e-07 | 36 -0.00245  7.25894e-07
 37  0.00150 -7.72669e-07 | 38  0.01501 -1.68247e-07 | 39 -0.00919 -2.32705e-07
 40  0.00388  4.49834e-07 | 41  0.01271  8.27485e-07 | 42  0.00115  2.80387e-07
 43 -0.00839  1.59301e-06 | 44 -0.00926  5.45002e-07 | 45  0.01068  1.23841e-06
 46 -0.00288  6.05973e-07 | 47 -0.00756 -4.73231e-07 | 48 -0.00683  5.07614e-07
 49 -0.00413  2.00979e-07 | 50 -0.00352 -7.28326e-07 | 51 -0.00217 -1.76329e-07
 52 -0.00202 -3.75382e-07 | 53 -0.00732  6.79505e-07 | 54  0.01663  2.48937e-07
 55 -0.00058 -2.70245e-07 | 56  0.00170  2.44099e-06 | 57  0.01136  1.05601e-06
 58  0.00429  1.76772e-06 | 59  0.02362  4.01176e-06 | 60  0.02246 -9.16436e-06
 61  0.00238  4.45222e-06 | 62  0.01429  5.25816e-06 | 63  0.00575 -5.56520e-07
 64  0.02459  1.20859e-06 | 65  0.00845  6.05665e-06 | 66  0.00207  1.40771e-06
 67  0.03199  4.36887e-06 | 68  0.03275  3.65830e-06 | 69  0.02355  2.78067e-06
 70  0.03016  3.46917e-06 | 71 -0.02104  2.08144e-06 | 72 -0.00693  2.07081e-06
 73  0.03357  2.42637e-06 | 74  0.06047 -7.36306e-10 | 75  0.02034  6.31362e-07
 76  0.00060  1.35892e-06 | 77 -0.03119  7.70893e-07 | 78 -0.01788 -1.07167e-06
 79 -0.00149  4.34508e-06 | 80 -0.01290 -5.23755e-06 | 81  0.01661  1.71957e-06
 82 -0.04041 -2.62882e-06 | 83  0.03351  2.80798e-06 | 84 -0.00094 -4.74045e-06
 85 -0.01263  5.61366e-07 | 86  0.00648 -6.44305e-06 | 87  0.00370  8.28639e-08
 88 -0.02650 -2.35725e-06 | 89 -0.00050  9.25962e-07 | 90 -0.01364 -6.96044e-06
 91 -0.02511 -1.30289e-06 | 92 -0.03134 -5.99112e-06 | 93  0.03252 -3.70366e-06
 94  0.00130 -9.49651e-06 | 95 -0.02836 -1.30445e-06 | 96 -0.04034 -4.89022e-06
 97  0.00310  1.35769e-06 | 98 -0.03235 -3.63265e-06 | 99 -0.02195  2.14207e-07
100 -0.04530 -2.38071e-06 |101 -0.00746  7.18951e-06 |102 -0.04049 -3.38722e-06
103  0.00318 -8.16698e-07 |104 -0.00136 -1.01553e-07 |105 -0.00068  1.05972e-06
106  0.00000  0.00000e+00 |107 -0.03119 -8.27046e-06 |108  0.04253  7.06292e-07
109 -0.38925 -9.14243e-07 |110 -0.22481 -3.28776e-06 |111 -0.22405  1.00726e-05
size of file gradfil1.tmp = 0
size of file gradfil2.tmp = 0
size of file varssave.tmp = 0
size of file cmpdiff.tmp = 0
