
Initial statistics: 1 variables; iteration 0; function evaluation 0; phase 1
Function value 4.3099653e+06; maximum gradient component mag -9.9689e+07
Var    Value     Gradient |Var    Value     Gradient |Var    Value     Gradient
  1  0.63197 -9.96895e+07 |

 - final statistics:
1 variables; iteration 6; function evaluation 17
Function value 6.9239e+02; maximum gradient component mag -4.9274e+00
Exit code = 1;  converg criter 1.0000e+01
Var    Value     Gradient |Var    Value     Gradient |Var    Value     Gradient
  1  0.65396 -4.92740e+00 |

Initial statistics: 98 variables; iteration 0; function evaluation 0; phase 2
Function value 6.9239221e+02; maximum gradient component mag 8.4977e+02
Var    Value     Gradient |Var    Value     Gradient |Var    Value     Gradient
  1  0.65396 -4.92740e+00 |  2  0.00000  2.14281e+00 |  3  0.00000  2.35532e+00
  4  0.00000  2.61054e+00 |  5  0.00000  2.91557e+00 |  6  0.00000  3.27761e+00
  7  0.00000  1.10860e+00 |  8  0.00000  4.19465e+00 |  9  0.00000  4.75745e+00
 10  0.00000  5.38500e+00 | 11  0.00000  6.04665e+00 | 12  0.00000  6.74535e+00
 13  0.00000  7.38658e+00 | 14  0.00000  7.72787e+00 | 15  0.00000  7.64411e+00
 16  0.00000  8.99107e+00 | 17  0.00000  1.18710e+01 | 18  0.00000  1.56187e+01
 19  0.00000  1.38153e+01 | 20  0.00000 -1.86753e+01 | 21  0.00000 -5.36733e+00
 22  0.00000  7.02552e+00 | 23  0.00000  7.36496e+00 | 24  0.00000  1.00033e+01
 25  0.00000  1.38938e+01 | 26  0.00000  2.01850e+01 | 27  0.00000  2.26803e+01
 28  0.00000  2.54881e+01 | 29  0.00000  2.88948e+01 | 30  0.00000  2.25166e+01
 31  0.00000  1.63210e+01 | 32  0.00000  1.01856e+01 | 33  0.00000  7.88093e+00
 34  0.00000 -1.13880e+01 | 35  0.00000 -4.59798e+00 | 36  0.00000  1.71866e+01
 37  0.00000  2.85009e+01 | 38  0.00000  3.79290e+01 | 39  0.00000  2.70370e+01
 40  0.00000  2.57131e+01 | 41  0.00000  1.31047e+01 | 42  0.00000 -5.92779e+00
 43  0.00000  1.36899e+01 | 44  0.00000  4.56041e+01 | 45  0.00000  4.18736e+01
 46  0.00000 -5.19746e+00 | 47  0.00000  2.72718e+01 | 48  0.00000  1.54888e+01
 49  0.00000 -1.39984e+00 | 50  0.00000  3.29969e+01 | 51  0.00000  2.61591e+01
 52  0.00000 -3.75718e-01 | 53  0.00000  3.79731e+01 | 54  0.00000  5.24924e+01
 55  0.00000  2.39097e+01 | 56  0.00000  1.01756e+01 | 57  0.00000 -8.49718e+00
 58  0.00000  1.77815e+01 | 59  0.00000  2.67214e+01 | 60  0.00000 -5.74049e+01
 61  0.00000  7.74242e+01 | 62  0.00000  6.55600e+01 | 63  0.00000  2.38275e+01
 64  0.00000  5.83898e+01 | 65  0.00000 -2.03220e+01 | 66  0.00000 -1.35113e+02
 67  0.00000 -8.13564e+01 | 68  0.00000  1.47634e+02 | 69  0.00000  1.27366e+02
 70  0.00000 -3.62618e+02 | 71  0.00000 -4.39347e+01 | 72  0.00000 -7.60359e+01
 73  0.00000 -5.01434e+01 | 74  0.00000 -6.39657e+01 | 75  0.00000 -7.04635e+02
 76  0.00000  1.16936e+02 | 77  0.00000 -3.05842e+02 | 78  0.00000  3.99360e+02
 79  0.00000  8.49768e+02 | 80  0.00000 -2.71681e+01 | 81  0.00000 -2.49276e+02
 82  0.00000 -2.07942e+02 | 83  0.00000 -8.44571e+02 | 84  0.00000  1.86838e+02
 85  0.00000 -6.63072e+02 | 86  0.00000  5.10542e+02 | 87  0.00000  4.57093e+02
 88  0.00000 -3.55560e+02 | 89  0.00000  3.27301e+02 | 90  0.00000  2.30200e+02
 91  0.00000  1.70450e+02 | 92  0.00000 -5.14649e+02 | 93  0.00000  2.36586e+02
 94  0.00000  8.57301e+00 | 95  0.00000  1.39542e+00 | 96  0.00000  1.14481e+00
 97 -0.03546  5.15210e+01 | 98 -0.31026  7.28206e+00 |

Intermediate statistics: 98 variables; iteration 20; function evaluation 33; phase 2
Function value 6.1241781e+02; maximum gradient component mag 2.2867e+03
Var    Value     Gradient |Var    Value     Gradient |Var    Value     Gradient
  1  0.64685  2.28667e+03 |  2 -0.00275 -7.41664e+01 |  3 -0.00326 -7.31961e+01
  4 -0.00384 -7.20143e+01 |  5 -0.00448 -7.05754e+01 |  6 -0.00520 -6.88242e+01
  7 -0.00203 -6.18788e+01 |  8 -0.00676 -6.41068e+01 |  9 -0.00757 -6.09810e+01
 10 -0.00834 -5.72238e+01 | 11 -0.00901 -5.27178e+01 | 12 -0.00955 -4.74495e+01
 13 -0.00985 -4.12905e+01 | 14 -0.00961 -3.39030e+01 | 15 -0.00872 -2.52288e+01
 16 -0.00930 -1.94262e+01 | 17 -0.01106 -1.66377e+01 | 18 -0.01300 -1.54995e+01
 19 -0.01317 -1.58227e+01 | 20  0.01351  3.53776e+01 | 21  0.00746  3.14696e+01
 22 -0.00304  1.41070e+01 | 23 -0.00264  1.24813e+01 | 24 -0.00409  1.32851e+01
 25 -0.00598  1.31583e+01 | 26 -0.00907  1.07379e+01 | 27 -0.00914  1.33496e+01
 28 -0.00939  1.49251e+01 | 29 -0.01020  1.46563e+01 | 30 -0.00596  2.13436e+01
 31  0.00251  3.90974e+01 | 32  0.01075  5.74109e+01 | 33  0.00690  4.19471e+01
 34  0.02143  7.37944e+01 | 35  0.01370  5.33491e+01 | 36  0.00727  4.69374e+01
 37  0.00124  3.78360e+01 | 38 -0.00400  2.94919e+01 | 39  0.00000  3.29492e+01
 40 -0.00179  2.63346e+01 | 41  0.00105  2.34570e+01 | 42  0.03333  1.13642e+02
 43  0.00371  2.99688e+01 | 44 -0.00408  3.02813e+01 | 45 -0.00352  2.84081e+01
 46  0.01270  4.08255e+01 | 47  0.00091  3.26353e+01 | 48  0.00354  3.16469e+01
 49  0.00820  3.33451e+01 | 50 -0.00243  2.98251e+01 | 51 -0.00585  1.38934e+01
 52  0.00410  2.06887e+01 | 53 -0.01193  5.52423e+00 | 54 -0.01071  2.22014e+01
 55  0.00296  4.79911e+01 | 56 -0.00081  1.56420e+01 | 57  0.00439  1.46824e+01
 58  0.00571  4.78440e+01 | 59  0.00478  5.94486e+01 | 60  0.01505  3.63789e+01
 61 -0.00087  7.40243e+01 | 62  0.00132  7.48259e+01 | 63  0.01029  9.69660e+01
 64  0.00248  7.85003e+01 | 65 -0.00341 -3.77646e+01 | 66  0.01999  8.83317e+01
 67  0.00256 -4.16088e+01 | 68 -0.00154  1.01300e+02 | 69 -0.00157  6.80174e+01
 70  0.01230 -1.58597e+02 | 71  0.00849  1.24838e+02 | 72  0.00590  1.37938e+01
 73  0.00566  3.13962e+01 | 74  0.00438  4.43868e+00 | 75  0.01865 -2.77916e+02
 76  0.00511  2.42303e+02 | 77  0.00587 -2.07327e+02 | 78 -0.02561 -1.29337e+00
 79 -0.01547  4.81740e+02 | 80  0.01016  1.18646e+02 | 81  0.01212 -1.37533e+01
 82  0.00042 -2.35651e+02 | 83  0.01333 -6.42137e+02 | 84 -0.00805  4.19354e+01
 85  0.01997 -2.59838e+02 | 86 -0.02024  1.87889e+02 | 87 -0.01387  1.13691e+02
 88  0.00600 -3.06290e+02 | 89 -0.00206  2.32625e+02 | 90 -0.01445 -1.70075e+01
 91 -0.01925 -1.90501e+02 | 92  0.02807 -2.47461e+02 | 93 -0.00753  3.18267e+01
 94 -0.00614 -8.55972e+01 | 95 -0.00044 -7.89827e+01 | 96 -0.00003 -7.85760e+01
 97 -0.03491  2.02293e+02 | 98 -0.30423  2.70154e+01 |
98 variables; iteration 40; function evaluation 59; phase 2
Function value 5.7984275e+02; maximum gradient component mag 2.8068e+03
Var    Value     Gradient |Var    Value     Gradient |Var    Value     Gradient
  1  0.64731  2.80679e+03 |  2 -0.00168 -9.44877e+01 |  3 -0.00314 -9.50717e+01
  4 -0.00446 -9.51221e+01 |  5 -0.00547 -9.42916e+01 |  6 -0.00599 -9.21713e+01
  7 -0.00350 -8.64446e+01 |  8 -0.00516 -8.26748e+01 |  9 -0.00395 -7.52070e+01
 10 -0.00264 -6.65362e+01 | 11 -0.00163 -5.74994e+01 | 12 -0.00119 -4.88304e+01
 13 -0.00124 -4.07167e+01 | 14 -0.00142 -3.28624e+01 | 15 -0.00162 -2.54856e+01
 16 -0.00295 -2.04168e+01 | 17 -0.00521 -1.80369e+01 | 18 -0.00795 -1.84824e+01
 19 -0.00516 -8.64879e+00 | 20  0.01485  2.74937e+01 | 21  0.00791  2.19347e+01
 22  0.00008  1.45778e+01 | 23 -0.00022  1.18173e+01 | 24 -0.00140  1.54286e+01
 25 -0.00293  1.82918e+01 | 26 -0.00541  1.93407e+01 | 27 -0.00560  2.41106e+01
 28 -0.00648  2.59612e+01 | 29 -0.00798  2.53464e+01 | 30 -0.00505  3.16160e+01
 31 -0.00028  4.39365e+01 | 32  0.00558  6.11836e+01 | 33  0.00463  5.80893e+01
 34  0.01608  8.96396e+01 | 35  0.00292  4.06381e+01 | 36 -0.00271  4.00676e+01
 37 -0.00866  2.99868e+01 | 38 -0.01220  2.63012e+01 | 39 -0.00856  3.03521e+01
 40 -0.01235  1.42385e+01 | 41 -0.00504  3.00133e+01 | 42  0.00797  5.70787e+01
 43 -0.00699  1.74278e+01 | 44 -0.01782  2.57795e+00 | 45 -0.01589  2.70050e+00
 46  0.00433  3.08113e+01 | 47 -0.01238 -4.34508e+00 | 48 -0.00585  2.40587e+00
 49  0.00014  2.79749e+00 | 50 -0.01526 -2.36752e+01 | 51 -0.00326  4.00500e+00
 52  0.03486  1.18016e+02 | 53  0.00054  1.87417e+01 | 54 -0.00269  1.58577e+01
 55  0.00367  1.28481e+01 | 56  0.01406  3.08319e+01 | 57  0.02232  3.91529e+01
 58  0.00352 -4.41714e+00 | 59  0.00120  9.63797e-01 | 60  0.02735  6.44927e+01
 61 -0.00441  1.06342e+01 | 62 -0.00079  1.77118e+01 | 63  0.02210  1.35993e+02
 64 -0.00064  1.42504e+01 | 65  0.00758  9.20374e+00 | 66  0.01768  2.32454e+01
 67  0.01394  7.59832e+01 | 68 -0.00502  1.36501e+01 | 69 -0.00378  4.78031e+00
 70  0.01995 -2.45971e+01 | 71  0.00461  3.02779e+01 | 72  0.00789  2.60486e+01
 73  0.00369 -1.90150e+01 | 74  0.00312 -2.60907e+01 | 75  0.03026  8.08205e+01
 76 -0.01183  1.21633e+01 | 77  0.01190  4.02265e+00 | 78 -0.02676  2.50681e-01
 79 -0.04019  7.52498e+01 | 80  0.00581  1.96088e+01 | 81  0.01014 -2.10276e+01
 82  0.01365 -2.77455e+01 | 83  0.03565  7.97556e-01 | 84 -0.02019 -8.51269e+01
 85  0.02916  8.27308e-01 | 86 -0.04068 -3.44346e+01 | 87 -0.02124 -2.59062e+00
 88  0.01805 -5.17866e+01 | 89 -0.01851 -7.80931e+01 | 90 -0.01522 -5.23703e+01
 91 -0.01893 -1.82454e+02 | 92  0.03809 -9.12190e+01 | 93 -0.01883 -1.22515e+02
 94 -0.01691 -1.27082e+02 | 95  0.00818 -8.79426e+01 | 96  0.00971 -8.58582e+01
 97 -0.03566  2.34366e+02 | 98 -0.31845 -5.58861e+00 |
98 variables; iteration 60; function evaluation 91; phase 2
Function value 5.7688221e+02; maximum gradient component mag 2.2618e+03
Var    Value     Gradient |Var    Value     Gradient |Var    Value     Gradient
  1  0.64756  2.26176e+03 |  2  0.00018 -7.16707e+01 |  3 -0.00211 -7.38248e+01
  4 -0.00289 -7.31584e+01 |  5 -0.00164 -6.85788e+01 |  6  0.00093 -6.10436e+01
  7  0.00559 -5.12764e+01 |  8  0.00181 -5.15944e+01 |  9 -0.00194 -5.42227e+01
 10 -0.00602 -5.72946e+01 | 11 -0.00719 -5.41773e+01 | 12 -0.00499 -4.31463e+01
 13 -0.00226 -2.99258e+01 | 14 -0.00175 -2.15577e+01 | 15 -0.00365 -1.97744e+01
 16 -0.00674 -2.04686e+01 | 17 -0.00919 -1.94445e+01 | 18 -0.01087 -1.72888e+01
 19 -0.01071 -1.61307e+01 | 20  0.01458  3.01756e+01 | 21  0.00598  1.96646e+01
 22 -0.00131  1.44353e+01 | 23 -0.00117  1.30348e+01 | 24 -0.00251  1.51991e+01
 25 -0.00534  1.31348e+01 | 26 -0.00885  1.03512e+01 | 27 -0.00888  1.42379e+01
 28 -0.00906  1.73019e+01 | 29 -0.01003  1.77823e+01 | 30 -0.00602  2.54652e+01
 31 -0.00147  3.31595e+01 | 32  0.00593  5.10342e+01 | 33  0.00722  5.43900e+01
 34  0.01344  5.81373e+01 | 35  0.00366  2.87878e+01 | 36  0.00029  3.67313e+01
 37 -0.00455  3.11428e+01 | 38 -0.00821  2.76234e+01 | 39 -0.00584  2.49920e+01
 40 -0.00844  1.49011e+01 | 41 -0.00012  2.94592e+01 | 42  0.01314  4.98157e+01
 43 -0.00255  1.59131e+01 | 44 -0.01459  2.37220e+00 | 45 -0.01116  8.44895e+00
 46  0.00785  2.39332e+01 | 47 -0.00450  1.10317e+01 | 48  0.00082  1.41791e+01
 49  0.00535  1.07843e+01 | 50 -0.00832 -2.57807e+00 | 51 -0.00194  7.29569e+00
 52  0.02265  5.67787e+01 | 53 -0.00371  7.46300e+00 | 54 -0.00528  1.30571e+01
 55  0.00366  1.80743e+01 | 56  0.01449  3.52547e+01 | 57  0.01988  3.10264e+01
 58  0.00544  8.05892e+00 | 59 -0.00115  1.47823e-01 | 60  0.02840  7.30746e+01
 61 -0.00654  1.10727e+01 | 62 -0.00460  8.50140e+00 | 63  0.01591  9.49138e+01
 64  0.00149  3.80413e+01 | 65  0.00348 -1.44703e+01 | 66  0.01845  3.87308e+01
 67  0.01204  5.80990e+01 | 68 -0.00486  2.78847e+01 | 69 -0.00389  5.15758e+00
 70  0.01956 -3.22749e+01 | 71  0.00530  4.12323e+01 | 72  0.00680  1.11396e+01
 73  0.00408 -1.35773e+01 | 74  0.00304 -2.23999e+01 | 75  0.02933  3.69187e+01
 76 -0.01227  1.40450e+01 | 77  0.01297  3.10540e+01 | 78 -0.03027 -3.34797e+01
 79 -0.04413  2.93216e+01 | 80  0.00662  3.73331e+01 | 81  0.01019 -2.16102e+01
 82  0.01318 -3.30387e+01 | 83  0.03604  7.40962e+00 | 84 -0.01812 -4.92849e+01
 85  0.02842 -2.97371e+01 | 86 -0.04324 -4.34135e+01 | 87 -0.02041  2.29613e+01
 88  0.01825 -3.58402e+01 | 89 -0.01877 -7.32322e+01 | 90 -0.01713 -6.05401e+01
 91 -0.01621 -1.26367e+02 | 92  0.03877 -6.59597e+01 | 93 -0.01743 -9.71291e+01
 94 -0.00635 -8.67687e+01 | 95  0.00106 -7.81682e+01 | 96 -0.00135 -8.21561e+01
 97 -0.03937  1.67918e+02 | 98 -0.30795  1.63331e+01 |
Maximum number of function evaluations exceeded

 - final statistics:
98 variables; iteration 67; function evaluation 100
Function value 5.7590e+02; maximum gradient component mag 2.3757e+03
Exit code = 3;  converg criter 1.0000e+01
Var    Value     Gradient |Var    Value     Gradient |Var    Value     Gradient
  1  0.64756  2.37566e+03 |  2  0.00263 -6.84265e+01 |  3 -0.00166 -7.38242e+01
  4 -0.00425 -7.61366e+01 |  5 -0.00302 -7.14383e+01 |  6  0.00169 -5.97336e+01
  7  0.00739 -4.74662e+01 |  8  0.00254 -4.95838e+01 |  9 -0.00290 -5.53251e+01
 10 -0.00603 -5.62024e+01 | 11 -0.00444 -4.66283e+01 | 12 -0.00352 -3.75484e+01
 13 -0.00618 -3.64399e+01 | 14 -0.00659 -3.01830e+01 | 15 -0.00355 -1.52555e+01
 16 -0.00305 -5.62118e+00 | 17 -0.00560 -4.25769e+00 | 18 -0.00834 -4.75220e+00
 19 -0.00854 -4.42107e+00 | 20  0.01428  3.78832e+01 | 21  0.00497  2.46617e+01
 22 -0.00194  2.04550e+01 | 23 -0.00195  1.85228e+01 | 24 -0.00285  2.23877e+01
 25 -0.00593  1.94867e+01 | 26 -0.00954  1.62088e+01 | 27 -0.00904  2.21256e+01
 28 -0.00870  2.71897e+01 | 29 -0.00981  2.71267e+01 | 30 -0.00592  3.51765e+01
 31 -0.00250  3.95797e+01 | 32  0.00399  5.51374e+01 | 33  0.00589  6.07861e+01
 34  0.01288  6.85075e+01 | 35  0.00514  4.55344e+01 | 36 -0.00091  4.20750e+01
 37 -0.00549  3.63866e+01 | 38 -0.00945  3.09873e+01 | 39 -0.00633  3.10401e+01
 40 -0.00787  2.42856e+01 | 41  0.00091  4.09131e+01 | 42  0.01412  6.27433e+01
 43 -0.00121  2.66809e+01 | 44 -0.01534  4.05104e+00 | 45 -0.01119  1.25270e+01
 46  0.00974  3.69040e+01 | 47 -0.00246  2.17943e+01 | 48  0.00298  2.60663e+01
 49  0.00853  2.71727e+01 | 50 -0.00682  5.86792e+00 | 51 -0.00072  1.57225e+01
 52  0.02122  5.92156e+01 | 53 -0.00423  1.04045e+01 | 54 -0.00581  1.58278e+01
 55  0.00317  2.17305e+01 | 56  0.01460  4.29488e+01 | 57  0.01974  3.89417e+01
 58  0.00760  2.24025e+01 | 59 -0.00053  8.17186e+00 | 60  0.02718  7.39119e+01
 61 -0.00717  1.29695e+01 | 62 -0.00482  1.24720e+01 | 63  0.01366  8.56650e+01
 64  0.00098  4.01401e+01 | 65  0.00432 -9.03060e-01 | 66  0.01899  5.27437e+01
 67  0.01154  5.48569e+01 | 68 -0.00532  2.08518e+01 | 69 -0.00408  3.96184e+00
 70  0.02067 -9.26528e+00 | 71  0.00485  3.00816e+01 | 72  0.00687  8.32184e+00
 73  0.00450 -6.05012e+00 | 74  0.00369 -1.56399e+01 | 75  0.02904  2.16739e+01
 76 -0.01271  3.18201e+00 | 77  0.01264  1.72548e+01 | 78 -0.03046 -4.10083e+01
 79 -0.04622 -1.84614e+00 | 80  0.00591  1.36303e+01 | 81  0.00988 -3.35916e+01
 82  0.01323 -4.20791e+01 | 83  0.03578 -8.49086e+00 | 84 -0.01792 -5.30085e+01
 85  0.02802 -4.71176e+01 | 86 -0.04384 -5.29464e+01 | 87 -0.02199 -5.10353e+00
 88  0.01790 -5.00935e+01 | 89 -0.01923 -8.01147e+01 | 90 -0.01813 -7.48604e+01
 91 -0.01560 -1.12145e+02 | 92  0.03826 -7.29445e+01 | 93 -0.01738 -9.25042e+01
 94 -0.00660 -8.79308e+01 | 95 -0.00009 -8.15005e+01 | 96  0.00125 -7.97067e+01
 97 -0.04015  1.69087e+02 | 98 -0.31174  8.75138e+00 |

Initial statistics: 100 variables; iteration 0; function evaluation 0; phase 3
Function value 5.7590100e+02; maximum gradient component mag 2.3757e+03
Var    Value     Gradient |Var    Value     Gradient |Var    Value     Gradient
  1  0.64756  2.37566e+03 |  2  0.00266 -6.70050e+01 |  3 -0.00163 -7.24027e+01
  4 -0.00423 -7.47152e+01 |  5 -0.00300 -7.00169e+01 |  6  0.00172 -5.83121e+01
  7  0.00742 -4.60448e+01 |  8  0.00257 -4.81623e+01 |  9 -0.00287 -5.39037e+01
 10 -0.00600 -5.47810e+01 | 11 -0.00442 -4.52069e+01 | 12 -0.00349 -3.61269e+01
 13 -0.00615 -3.50185e+01 | 14 -0.00656 -2.87616e+01 | 15 -0.00352 -1.38341e+01
 16 -0.00302 -4.19970e+00 | 17 -0.00557 -2.83625e+00 | 18 -0.00832 -3.33082e+00
 19 -0.00851 -2.99970e+00 | 20  0.01431  3.93043e+01 | 21  0.00500  2.60831e+01
 22 -0.00191  2.18765e+01 | 23 -0.00192  1.99443e+01 | 24 -0.00283  2.38092e+01
 25 -0.00591  2.09081e+01 | 26 -0.00951  1.76302e+01 | 27 -0.00901  2.35470e+01
 28 -0.00867  2.86111e+01 | 29 -0.00979  2.85480e+01 | 30 -0.00589  3.65980e+01
 31 -0.00247  4.10012e+01 | 32  0.00402  5.65589e+01 | 33  0.00592  6.22075e+01
 34  0.01291  6.99287e+01 | 35  0.00516  4.69558e+01 | 36 -0.00088  4.34965e+01
 37 -0.00546  3.78081e+01 | 38 -0.00942  3.24087e+01 | 39 -0.00631  3.24616e+01
 40 -0.00784  2.57070e+01 | 41  0.00094  4.23346e+01 | 42  0.01415  6.41644e+01
 43 -0.00118  2.81024e+01 | 44 -0.01531  5.47213e+00 | 45 -0.01117  1.39483e+01
 46  0.00977  3.83253e+01 | 47 -0.00243  2.32158e+01 | 48  0.00301  2.74878e+01
 49  0.00855  2.85940e+01 | 50 -0.00679  7.28934e+00 | 51 -0.00069  1.71440e+01
 52  0.02125  6.06362e+01 | 53 -0.00420  1.18260e+01 | 54 -0.00578  1.72493e+01
 55  0.00320  2.31520e+01 | 56  0.01463  4.43699e+01 | 57  0.01976  4.03625e+01
 58  0.00763  2.38239e+01 | 59 -0.00050  9.59336e+00 | 60  0.02720  7.53320e+01
 61 -0.00714  1.43909e+01 | 62 -0.00479  1.38935e+01 | 63  0.01368  8.70860e+01
 64  0.00101  4.15615e+01 | 65  0.00435  5.18403e-01 | 66  0.01902  5.41645e+01
 67  0.01157  5.62781e+01 | 68 -0.00529  2.22733e+01 | 69 -0.00405  5.38331e+00
 70  0.02069 -7.84452e+00 | 71  0.00487  3.15030e+01 | 72  0.00690  9.74325e+00
 73  0.00453 -4.62866e+00 | 74  0.00372 -1.42184e+01 | 75  0.02907  2.30939e+01
 76 -0.01268  4.60323e+00 | 77  0.01267  1.86760e+01 | 78 -0.03043 -3.95886e+01
 79 -0.04620 -4.28386e-01 | 80  0.00594  1.50517e+01 | 81  0.00990 -3.21702e+01
 82  0.01326 -4.06579e+01 | 83  0.03581 -7.07159e+00 | 84 -0.01789 -5.15877e+01
 85  0.02805 -4.56974e+01 | 86 -0.04381 -5.15284e+01 | 87 -0.02196 -3.68288e+00
 88  0.01793 -4.86725e+01 | 89 -0.01920 -7.86940e+01 | 90 -0.01811 -7.34396e+01
 91 -0.01557 -1.10724e+02 | 92  0.03829 -7.15254e+01 | 93 -0.01735 -9.10833e+01
 94 -0.00658 -8.65094e+01 | 95 -0.00006 -8.00790e+01 | 96  0.00128 -7.82852e+01
 97 -0.04015  1.69087e+02 | 98 -0.41581 -2.25837e+02 | 99 -0.31174  8.75138e+00
100 -0.25275 -7.82960e+01 |

Intermediate statistics: 100 variables; iteration 20; function evaluation 24; phase 3
Function value 5.7327818e+02; maximum gradient component mag 6.4388e+01
Var    Value     Gradient |Var    Value     Gradient |Var    Value     Gradient
  1  0.64780 -5.83046e+01 |  2 -0.00030  1.84726e+00 |  3 -0.00057  1.32087e+00
  4 -0.00075  9.05256e-01 |  5 -0.00081  6.59435e-01 |  6 -0.00084  4.18939e-01
  7  0.00064 -1.68611e-01 |  8 -0.00125 -7.31417e-01 |  9 -0.00141 -1.32056e+00
 10 -0.00152 -1.90321e+00 | 11 -0.00173 -2.76338e+00 | 12 -0.00196 -3.74822e+00
 13 -0.00183 -4.37947e+00 | 14 -0.00160 -5.25826e+00 | 15 -0.00150 -6.81429e+00
 16 -0.00217 -7.96849e+00 | 17 -0.00340 -8.26632e+00 | 18 -0.00517 -8.26732e+00
 19 -0.00423 -8.38013e+00 | 20  0.01402 -1.38174e+01 | 21  0.00803 -1.18694e+01
 22  0.00077 -1.11594e+01 | 23  0.00050 -1.08294e+01 | 24 -0.00098 -1.12125e+01
 25 -0.00268 -1.07145e+01 | 26 -0.00586 -1.01219e+01 | 27 -0.00717 -1.06086e+01
 28 -0.00861 -1.09589e+01 | 29 -0.00996 -1.06091e+01 | 30 -0.00652 -1.12947e+01
 31 -0.00209 -1.17765e+01 | 32  0.00168 -1.35735e+01 | 33  0.00150 -1.40482e+01
 34  0.01564 -1.39556e+01 | 35  0.01050 -1.03934e+01 | 36 -0.00196 -1.10535e+01
 37 -0.00812 -1.02281e+01 | 38 -0.01242 -9.13235e+00 | 39 -0.00561 -8.27745e+00
 40 -0.00539 -6.69493e+00 | 41  0.00070 -9.38856e+00 | 42  0.01642 -1.14410e+01
 43  0.00225 -7.43917e+00 | 44 -0.01280 -4.39072e+00 | 45 -0.01047 -3.88845e+00
 46  0.01495 -6.66054e+00 | 47 -0.00395 -5.81180e+00 | 48  0.00309 -5.28849e+00
 49  0.01368 -3.11023e+00 | 50 -0.00505 -1.00291e+00 | 51 -0.00253 -3.41467e+00
 52  0.01355 -7.43738e+00 | 53 -0.00751 -2.46602e+00 | 54 -0.01290 -1.79525e+00
 55  0.00028  1.25819e-01 | 56  0.00689 -4.15302e+00 | 57  0.01955 -3.21814e+00
 58  0.00399 -2.35547e+00 | 59 -0.00118  7.63448e-01 | 60  0.02368  6.25408e+00
 61 -0.01224  5.86605e-01 | 62 -0.00787  2.23460e+00 | 63  0.00613  1.98168e+01
 64 -0.00308  1.40076e+01 | 65  0.00551  3.33929e+00 | 66  0.01721  1.04123e+01
 67  0.00989  2.78068e+01 | 68 -0.00633  2.94518e+01 | 69 -0.00352  8.93281e+00
 70  0.02088 -5.41778e+00 | 71  0.00588  3.45412e+01 | 72  0.00619  1.97223e+01
 73  0.00572  8.34758e+00 | 74  0.00292  5.43985e+00 | 75  0.03048  2.62391e+01
 76 -0.01390  3.81079e+01 | 77  0.01367  3.82531e+01 | 78 -0.03117  1.22819e+01
 79 -0.04563  5.02457e+01 | 80  0.00366  2.68946e+01 | 81  0.01128  1.54664e+01
 82  0.01165 -9.04185e+00 | 83  0.03710  3.63710e+01 | 84 -0.01882  1.08067e+01
 85  0.02918  3.87298e+00 | 86 -0.04480  1.76629e+01 | 87 -0.02071  6.43879e+01
 88  0.01713  1.15358e+01 | 89 -0.01754 -5.28312e-01 | 90 -0.01852  5.73483e+00
 91 -0.01317 -2.28666e+01 | 92  0.03805  1.06172e+01 | 93 -0.01422 -5.19348e+00
 94 -0.00546  4.12977e-01 | 95 -0.00018  2.79054e+00 | 96  0.00005  2.91247e+00
 97 -0.05168 -5.37335e+00 | 98 -0.42091  5.11515e+00 | 99 -0.25664  2.36133e+01
100 -0.23114 -6.31966e+01 |
100 variables; iteration 40; function evaluation 47; phase 3
Function value 5.7280611e+02; maximum gradient component mag -4.3417e+02
Var    Value     Gradient |Var    Value     Gradient |Var    Value     Gradient
  1  0.64775 -4.34166e+02 |  2 -0.00100  1.17058e+01 |  3  0.00003  1.29884e+01
  4  0.00054  1.34195e+01 |  5  0.00007  1.23068e+01 |  6 -0.00117  9.95739e+00
  7 -0.00050  7.79681e+00 |  8 -0.00159  8.08285e+00 |  9 -0.00079  8.44616e+00
 10 -0.00065  7.69730e+00 | 11 -0.00106  5.94311e+00 | 12 -0.00127  4.33223e+00
 13 -0.00154  2.37677e+00 | 14 -0.00181  1.31841e-02 | 15 -0.00063 -8.71392e-01
 16 -0.00049 -1.67406e+00 | 17 -0.00255 -3.54100e+00 | 18 -0.00426 -3.71513e+00
 19 -0.00382 -4.90695e+00 | 20  0.01464 -1.32222e+01 | 21  0.00694 -1.28285e+01
 22  0.00115 -9.99722e+00 | 23  0.00160 -8.62971e+00 | 24  0.00122 -8.03098e+00
 25 -0.00186 -9.36124e+00 | 26 -0.00505 -8.66737e+00 | 27 -0.00723 -1.05006e+01
 28 -0.00991 -1.26782e+01 | 29 -0.01119 -1.23424e+01 | 30 -0.00698 -1.28706e+01
 31 -0.00376 -1.56097e+01 | 32  0.00219 -1.56792e+01 | 33  0.00663 -1.18079e+01
 34  0.01030 -2.62330e+01 | 35  0.01054 -1.60415e+01 | 36 -0.00268 -1.44740e+01
 37 -0.00957 -1.34361e+01 | 38 -0.01284 -1.01861e+01 | 39 -0.00502 -9.13700e+00
 40 -0.00549 -8.60889e+00 | 41  0.00274 -9.68543e+00 | 42  0.01737 -1.65098e+01
 43  0.00537 -5.98151e+00 | 44 -0.01144 -1.88895e+00 | 45 -0.01196 -7.68950e+00
 46  0.01758 -8.95442e+00 | 47 -0.00309 -5.90399e+00 | 48  0.00378 -7.13968e+00
 49  0.01426 -8.03434e+00 | 50 -0.00462 -2.12025e+00 | 51 -0.00193 -4.31591e+00
 52  0.01361 -1.26106e+01 | 53 -0.00497  8.60442e-01 | 54 -0.01168 -2.41141e-01
 55 -0.00689 -1.88342e+01 | 56  0.00845 -7.08974e+00 | 57  0.01966 -1.21680e+01
 58  0.00249 -9.73829e+00 | 59 -0.00316 -7.20115e+00 | 60  0.02344 -5.98786e+00
 61 -0.01287 -2.51364e+00 | 62 -0.00803 -7.99500e-01 | 63  0.00136 -8.35877e+00
 64 -0.00292  1.12415e+01 | 65  0.00520 -3.37319e+00 | 66  0.01621 -7.71076e+00
 67  0.00842  1.66069e+00 | 68 -0.00777  6.17409e+00 | 69 -0.00400  1.71971e+00
 70  0.02152 -4.63172e+00 | 71  0.00516  1.50614e+01 | 72  0.00632  1.23326e+01
 73  0.00560  1.06145e+00 | 74  0.00348  6.71889e+00 | 75  0.03007 -7.04464e-01
 76 -0.01533  1.83573e+01 | 77  0.01296  1.55581e+01 | 78 -0.03138  1.13974e+01
 79 -0.04845  2.24866e+01 | 80  0.00348  1.75103e+01 | 81  0.01076  5.10878e+00
 82  0.01279  4.79953e+00 | 83  0.03654  1.24702e+01 | 84 -0.01845  1.77274e+01
 85  0.02908  3.23994e+00 | 86 -0.04462  2.66110e+01 | 87 -0.02303  3.59597e+01
 88  0.01755  2.11376e+01 | 89 -0.01760  9.99962e+00 | 90 -0.01806  1.86388e+01
 91 -0.01227  4.09614e+00 | 92  0.03831  2.28360e+01 | 93 -0.01321  1.82863e+01
 94 -0.00618  1.17203e+01 | 95  0.00000  1.47901e+01 | 96 -0.00017  1.42821e+01
 97 -0.04926 -2.87828e+01 | 98 -0.41977  4.09697e+01 | 99 -0.25790  8.59969e+00
100 -0.22840 -2.36447e+01 |
100 variables; iteration 60; function evaluation 76; phase 3
Function value 5.7253833e+02; maximum gradient component mag -5.0085e+02
Var    Value     Gradient |Var    Value     Gradient |Var    Value     Gradient
  1  0.64758 -5.00853e+02 |  2 -0.00044  1.44921e+01 |  3 -0.00035  1.43294e+01
  4 -0.00030  1.40380e+01 |  5 -0.00047  1.33521e+01 |  6 -0.00096  1.21066e+01
  7  0.00009  1.04556e+01 |  8 -0.00151  9.95182e+00 |  9 -0.00113  9.65544e+00
 10 -0.00091  8.95639e+00 | 11 -0.00131  7.16252e+00 | 12 -0.00166  5.28082e+00
 13 -0.00133  4.08475e+00 | 14 -0.00126  2.08562e+00 | 15 -0.00108 -2.53524e-01
 16 -0.00161 -1.98735e+00 | 17 -0.00298 -3.00627e+00 | 18 -0.00474 -3.26426e+00
 19 -0.00382 -3.81958e+00 | 20  0.01445 -1.26212e+01 | 21  0.00837 -1.04109e+01
 22  0.00157 -8.67481e+00 | 23  0.00137 -8.02644e+00 | 24 -0.00114 -9.91900e+00
 25 -0.00203 -8.69881e+00 | 26 -0.00519 -7.94606e+00 | 27 -0.00672 -8.89887e+00
 28 -0.00837 -9.60703e+00 | 29 -0.00958 -9.06814e+00 | 30 -0.00605 -1.06304e+01
 31 -0.00301 -1.37887e+01 | 32  0.00310 -1.38846e+01 | 33  0.00370 -1.36962e+01
 34  0.01488 -2.06822e+01 | 35  0.01140 -1.41445e+01 | 36 -0.00153 -1.21001e+01
 37 -0.00785 -1.02384e+01 | 38 -0.01214 -8.42420e+00 | 39 -0.00544 -9.45691e+00
 40 -0.00554 -8.61729e+00 | 41  0.00022 -1.25298e+01 | 42  0.01802 -1.69430e+01
 43  0.00325 -8.81775e+00 | 44 -0.01270 -3.68712e+00 | 45 -0.01048 -4.36396e+00
 46  0.01568 -1.20630e+01 | 47 -0.00372 -6.59038e+00 | 48  0.00346 -7.67746e+00
 49  0.01383 -9.10992e+00 | 50 -0.00557 -3.56815e+00 | 51 -0.00232 -4.86006e+00
 52  0.01414 -1.29113e+01 | 53 -0.00711 -2.56224e+00 | 54 -0.01139  7.78084e-01
 55 -0.00210 -8.63836e+00 | 56  0.00714 -8.76195e+00 | 57  0.02054 -1.05633e+01
 58  0.00448 -5.38774e+00 | 59 -0.00120 -2.65326e+00 | 60  0.02223 -1.20886e+01
 61 -0.01197  4.36158e-01 | 62 -0.00886 -3.35784e+00 | 63  0.00166 -8.04114e+00
 64 -0.00531 -3.83032e-01 | 65  0.00539 -2.72726e+00 | 66  0.01631 -7.80096e+00
 67  0.00806 -3.82680e+00 | 68 -0.00810  6.94862e-01 | 69 -0.00392  2.57837e+00
 70  0.02170 -3.75160e+00 | 71  0.00473  2.78275e+00 | 72  0.00585  1.62887e+00
 73  0.00581  2.47901e+00 | 74  0.00378  8.39166e+00 | 75  0.03033 -4.64542e-02
 76 -0.01594  9.51278e+00 | 77  0.01276  5.43905e+00 | 78 -0.03151  8.47184e+00
 79 -0.04921  1.28874e+01 | 80  0.00323  8.93629e+00 | 81  0.01101  8.47580e+00
 82  0.01319  8.45527e+00 | 83  0.03659  7.53597e+00 | 84 -0.01887  1.27814e+01
 85  0.02942  1.07012e+01 | 86 -0.04586  1.67120e+01 | 87 -0.02415  1.81651e+01
 88  0.01729  1.47876e+01 | 89 -0.01738  1.62791e+01 | 90 -0.01812  2.04127e+01
 91 -0.01166  1.78424e+01 | 92  0.03758  1.75536e+01 | 93 -0.01393  1.60487e+01
 94 -0.00477  1.76366e+01 | 95 -0.00008  1.66808e+01 | 96  0.00008  1.66816e+01
 97 -0.04954 -3.40291e+01 | 98 -0.41983  4.72118e+01 | 99 -0.25625  5.32830e-01
100 -0.22580 -3.56790e+00 |
Maximum number of function evaluations exceeded

 - final statistics:
100 variables; iteration 75; function evaluation 100
Function value 5.7245e+02; maximum gradient component mag -3.4345e+02
Exit code = 3;  converg criter 1.0000e+00
Var    Value     Gradient |Var    Value     Gradient |Var    Value     Gradient
  1  0.64776 -3.43445e+02 |  2 -0.00002  1.04708e+01 |  3 -0.00028  9.89394e+00
  4 -0.00042  9.48744e+00 |  5 -0.00042  9.24649e+00 |  6 -0.00044  8.91738e+00
  7  0.00110  8.29458e+00 |  8 -0.00068  7.78129e+00 |  9 -0.00089  6.97383e+00
 10 -0.00113  6.01188e+00 | 11 -0.00119  5.18933e+00 | 12 -0.00132  4.13105e+00
 13 -0.00096  3.57863e+00 | 14 -0.00043  2.83766e+00 | 15 -0.00087  2.52274e-01
 16 -0.00099 -3.76191e-01 | 17 -0.00271 -1.52558e+00 | 18 -0.00423 -1.27074e+00
 19 -0.00327 -1.46491e+00 | 20  0.01584 -6.77065e+00 | 21  0.00974 -5.00013e+00
 22  0.00240 -4.28963e+00 | 23  0.00120 -5.06406e+00 | 24 -0.00057 -5.96130e+00
 25 -0.00170 -4.85503e+00 | 26 -0.00543 -5.05521e+00 | 27 -0.00641 -5.19312e+00
 28 -0.00739 -4.94382e+00 | 29 -0.00929 -5.53676e+00 | 30 -0.00574 -6.51837e+00
 31  0.00062 -4.73903e+00 | 32  0.00267 -9.20464e+00 | 33  0.00097 -1.17084e+01
 34  0.01708 -1.10722e+01 | 35  0.00978 -1.05534e+01 | 36 -0.00105 -7.14630e+00
 37 -0.00705 -5.66980e+00 | 38 -0.01142 -4.51925e+00 | 39 -0.00531 -5.83944e+00
 40 -0.00561 -5.68465e+00 | 41  0.00095 -7.75389e+00 | 42  0.01612 -1.21907e+01
 43  0.00218 -6.38854e+00 | 44 -0.01327 -2.87201e+00 | 45 -0.01085 -3.16555e+00
 46  0.01426 -8.64024e+00 | 47 -0.00343 -3.60152e+00 | 48  0.00321 -4.76012e+00
 49  0.01248 -6.61491e+00 | 50 -0.00552 -1.47398e+00 | 51 -0.00205 -2.04394e+00
 52  0.01406 -8.38968e+00 | 53 -0.00806 -2.42216e+00 | 54 -0.01377 -2.36190e+00
 55  0.00155  1.64775e+00 | 56  0.00724 -4.79851e+00 | 57  0.01939 -6.41568e+00
 58  0.00408 -2.92645e+00 | 59 -0.00142 -9.41598e-01 | 60  0.02114 -1.06185e+01
 61 -0.01279 -8.47968e-01 | 62 -0.00811  1.11591e+00 | 63  0.00162 -5.22808e+00
 64 -0.00675 -5.28977e+00 | 65  0.00507 -2.06805e+00 | 66  0.01605 -6.10801e+00
 67  0.00765 -5.71688e+00 | 68 -0.00823 -1.76831e-01 | 69 -0.00402  1.24430e+00
 70  0.02160 -2.23957e+00 | 71  0.00454 -1.65890e+00 | 72  0.00575  2.65767e-02
 73  0.00595  3.34120e+00 | 74  0.00315 -1.42837e+00 | 75  0.03031 -1.18072e+00
 76 -0.01644  1.17339e+00 | 77  0.01267  1.22132e+00 | 78 -0.03120  8.78132e+00
 79 -0.04945  5.50234e+00 | 80  0.00307  3.36838e+00 | 81  0.01110  6.65716e+00
 82  0.01326  7.18168e+00 | 83  0.03659  3.72333e+00 | 84 -0.01894  8.32453e+00
 85  0.02945  8.00490e+00 | 86 -0.04646  7.24144e+00 | 87 -0.02477  3.36367e+00
 88  0.01706  7.70450e+00 | 89 -0.01747  1.08003e+01 | 90 -0.01895  7.43751e+00
 91 -0.01177  1.28710e+01 | 92  0.03720  1.00298e+01 | 93 -0.01384  1.33329e+01
 94 -0.00565  1.13239e+01 | 95 -0.00005  1.14402e+01 | 96  0.00013  1.14835e+01
 97 -0.05004 -2.34602e+01 | 98 -0.42008  3.18776e+01 | 99 -0.25332 -3.59759e+00
100 -0.22312  8.49830e+00 |

Initial statistics: 108 variables; iteration 0; function evaluation 0; phase 4
Function value 5.7245297e+02; maximum gradient component mag 4.0692e+02
Var    Value     Gradient |Var    Value     Gradient |Var    Value     Gradient
  1 -0.42263  4.06925e+02 |  2 -0.42263 -2.71163e+02 |  3 -0.41094 -1.40906e+02
  4  0.64776 -3.43445e+02 |  5  0.00000 -1.84490e+00 |  6  0.00000 -3.58527e-01
  7  0.00000 -4.37036e-01 |  8  0.00000 -5.32245e-01 |  9  0.00000 -6.47575e-01
 10 -0.00001  1.05636e+01 | 11 -0.00028  9.98668e+00 | 12 -0.00042  9.58017e+00
 13 -0.00041  9.33922e+00 | 14 -0.00044  9.01011e+00 | 15  0.00110  8.38731e+00
 16 -0.00068  7.87402e+00 | 17 -0.00089  7.06656e+00 | 18 -0.00113  6.10462e+00
 19 -0.00119  5.28207e+00 | 20 -0.00132  4.22379e+00 | 21 -0.00096  3.67136e+00
 22 -0.00043  2.93039e+00 | 23 -0.00087  3.45008e-01 | 24 -0.00099 -2.83456e-01
 25 -0.00271 -1.43285e+00 | 26 -0.00423 -1.17801e+00 | 27 -0.00327 -1.37217e+00
 28  0.01584 -6.67794e+00 | 29  0.00974 -4.90741e+00 | 30  0.00240 -4.19690e+00
 31  0.00120 -4.97133e+00 | 32 -0.00057 -5.86857e+00 | 33 -0.00170 -4.76229e+00
 34 -0.00543 -4.96248e+00 | 35 -0.00641 -5.10039e+00 | 36 -0.00739 -4.85109e+00
 37 -0.00929 -5.44404e+00 | 38 -0.00574 -6.42564e+00 | 39  0.00062 -4.64630e+00
 40  0.00267 -9.11191e+00 | 41  0.00097 -1.16156e+01 | 42  0.01708 -1.09795e+01
 43  0.00978 -1.04607e+01 | 44 -0.00105 -7.05356e+00 | 45 -0.00705 -5.57707e+00
 46 -0.01142 -4.42653e+00 | 47 -0.00531 -5.74671e+00 | 48 -0.00560 -5.59192e+00
 49  0.00095 -7.66116e+00 | 50  0.01612 -1.20980e+01 | 51  0.00218 -6.29581e+00
 52 -0.01327 -2.77930e+00 | 53 -0.01085 -3.07283e+00 | 54  0.01426 -8.54753e+00
 55 -0.00343 -3.50879e+00 | 56  0.00321 -4.66739e+00 | 57  0.01249 -6.52220e+00
 58 -0.00551 -1.38125e+00 | 59 -0.00205 -1.95121e+00 | 60  0.01406 -8.29697e+00
 61 -0.00806 -2.32944e+00 | 62 -0.01376 -2.26919e+00 | 63  0.00155  1.74049e+00
 64  0.00724 -4.70578e+00 | 65  0.01939 -6.32299e+00 | 66  0.00408 -2.83372e+00
 67 -0.00141 -8.48864e-01 | 68  0.02115 -1.05259e+01 | 69 -0.01279 -7.55252e-01
 70 -0.00811  1.20864e+00 | 71  0.00162 -5.13535e+00 | 72 -0.00675 -5.19704e+00
 73  0.00508 -1.97532e+00 | 74  0.01605 -6.01530e+00 | 75  0.00765 -5.62415e+00
 76 -0.00823 -8.41046e-02 | 77 -0.00402  1.33703e+00 | 78  0.02160 -2.14688e+00
 79  0.00455 -1.56617e+00 | 80  0.00575  1.19307e-01 | 81  0.00595  3.43393e+00
 82  0.00315 -1.33564e+00 | 83  0.03031 -1.08809e+00 | 84 -0.01643  1.26610e+00
 85  0.01267  1.31403e+00 | 86 -0.03119  8.87394e+00 | 87 -0.04944  5.59480e+00
 88  0.00307  3.46111e+00 | 89  0.01110  6.74988e+00 | 90  0.01326  7.27440e+00
 91  0.03659  3.81591e+00 | 92 -0.01894  8.41722e+00 | 93  0.02945  8.09754e+00
 94 -0.04646  7.33393e+00 | 95 -0.02477  3.45633e+00 | 96  0.01706  7.79720e+00
 97 -0.01747  1.08930e+01 | 98 -0.01895  7.53020e+00 | 99 -0.01177  1.29638e+01
100  0.03720  1.01223e+01 |101 -0.01384  1.34256e+01 |102 -0.00565  1.14166e+01
103 -0.00005  1.15330e+01 |104  0.00013  1.15762e+01 |105 -0.05004 -2.34602e+01
106 -0.42008  3.18776e+01 |107 -0.25332 -3.59759e+00 |108 -0.22312  8.49830e+00

Intermediate statistics: 108 variables; iteration 20; function evaluation 23; phase 4
Function value 5.6918296e+02; maximum gradient component mag -9.6083e+02
Var    Value     Gradient |Var    Value     Gradient |Var    Value     Gradient
  1 -0.43705 -7.56272e+01 |  2 -0.42543 -9.21758e+02 |  3 -0.39614 -4.26247e+02
  4  0.64587 -9.60832e+02 |  5 -0.00032 -3.58524e+00 |  6 -0.00010 -7.87288e-01
  7 -0.00012 -9.59201e-01 |  8 -0.00014 -1.16760e+00 |  9 -0.00017 -1.41983e+00
 10  0.00007  3.59631e+01 | 11 -0.00001  3.55467e+01 | 12 -0.00008  3.50826e+01
 13 -0.00014  3.45565e+01 | 14 -0.00021  3.39253e+01 | 15  0.00136  3.30422e+01
 16 -0.00040  3.22728e+01 | 17 -0.00051  3.12278e+01 | 18 -0.00062  3.00253e+01
 19 -0.00069  2.86814e+01 | 20 -0.00075  2.71706e+01 | 21 -0.00071  2.55401e+01
 22 -0.00045  2.37415e+01 | 23  0.00007  2.17688e+01 | 24 -0.00025  2.00641e+01
 25 -0.00148  1.88750e+01 | 26 -0.00338  1.84714e+01 | 27 -0.00279  1.80120e+01
 28  0.01702  1.00003e+01 | 29  0.00945  1.12325e+01 | 30  0.00245  1.22763e+01
 31  0.00224  1.27209e+01 | 32  0.00100  1.18565e+01 | 33 -0.00108  1.13761e+01
 34 -0.00443  1.19429e+01 | 35 -0.00550  1.16063e+01 | 36 -0.00668  1.13085e+01
 37 -0.00812  1.15189e+01 | 38 -0.00503  9.47239e+00 | 39 -0.00122  6.85936e+00
 40  0.00382  4.88135e+00 | 41  0.00439  5.29666e+00 | 42  0.01634 -4.45156e+00
 43  0.00988 -9.64181e-01 | 44 -0.00050  4.91046e+00 | 45 -0.00630  7.61958e+00
 46 -0.01085  9.54445e+00 | 47 -0.00500  6.99722e+00 | 48 -0.00561  6.31350e+00
 49  0.00116  3.63305e+00 | 50  0.01626 -6.03487e+00 | 51  0.00326  2.23984e+00
 52 -0.01241  1.03247e+01 | 53 -0.01086  9.28902e+00 | 54  0.01400 -4.41442e+00
 55 -0.00359  7.00801e+00 | 56  0.00277  3.42673e+00 | 57  0.01265 -2.69613e+00
 58 -0.00640  6.74789e+00 | 59 -0.00311  5.20626e+00 | 60  0.01487 -4.75396e+00
 61 -0.00708  6.97537e+00 | 62 -0.01275  1.04974e+01 | 63 -0.00152  2.35832e+00
 64  0.00668 -1.28446e+00 | 65  0.01758 -9.94361e+00 | 66  0.00321 -1.03939e+00
 67 -0.00294  1.64403e+00 | 68  0.02219 -1.47591e+01 | 69 -0.01297  6.75758e+00
 70 -0.00940  3.70265e+00 | 71  0.00034 -6.14171e+00 | 72 -0.00779 -4.67232e+00
 73  0.00220 -1.54088e+01 | 74  0.01466 -2.23613e+01 | 75  0.00770 -8.67402e+00
 76 -0.00859 -6.24398e+00 | 77 -0.00448 -1.17150e+01 | 78  0.02105 -4.00917e+01
 79  0.00402 -2.64282e+01 | 80  0.00545 -2.76504e+01 | 81  0.00594 -1.20383e+01
 82  0.00315 -2.17844e+01 | 83  0.02791 -1.09695e+02 | 84 -0.01615 -1.75652e+01
 85  0.01018 -9.73735e+01 | 86 -0.03147 -1.06758e+00 | 87 -0.04978  9.79343e+00
 88  0.00211 -2.73876e+01 | 89  0.01008 -2.12752e+01 | 90  0.01222 -3.23100e+01
 91  0.03472 -8.36712e+01 | 92 -0.01972 -3.18013e+00 | 93  0.02730 -7.73249e+01
 94 -0.04604  1.56047e+01 | 95 -0.02421  3.14242e+01 | 96  0.01778  7.51319e+00
 97 -0.01676  3.06883e+01 | 98 -0.01698  3.19316e+01 | 99 -0.01053  4.97884e+01
100  0.03958  3.41554e+01 |101 -0.01035  5.74044e+01 |102 -0.00296  3.65754e+01
103  0.00020  3.77282e+01 |104  0.00030  3.77209e+01 |105 -0.07122 -6.07109e+01
106 -0.42957  7.90166e+01 |107 -0.19865  8.90816e+00 |108 -0.16284 -2.07027e+01
108 variables; iteration 40; function evaluation 49; phase 4
Function value 5.6819068e+02; maximum gradient component mag -8.0296e+02
Var    Value     Gradient |Var    Value     Gradient |Var    Value     Gradient
  1 -0.43897 -1.54955e+02 |  2 -0.42826 -8.02959e+02 |  3 -0.39128 -3.38447e+02
  4  0.64727 -6.07293e+02 |  5 -0.00055 -3.71801e+00 |  6 -0.00016 -8.39701e-01
  7 -0.00020 -1.02291e+00 |  8 -0.00024 -1.24491e+00 |  9 -0.00029 -1.51345e+00
 10 -0.00012  1.81970e+01 | 11 -0.00010  1.79553e+01 | 12 -0.00013  1.75642e+01
 13 -0.00024  1.70070e+01 | 14 -0.00034  1.63599e+01 | 15  0.00124  1.55395e+01
 16 -0.00053  1.48098e+01 | 17 -0.00060  1.38767e+01 | 18 -0.00065  1.28190e+01
 19 -0.00076  1.15068e+01 | 20 -0.00080  1.00991e+01 | 21 -0.00093  8.31540e+00
 22 -0.00079  6.46916e+00 | 23  0.00013  5.15784e+00 | 24 -0.00024  3.52375e+00
 25 -0.00130  2.62163e+00 | 26 -0.00333  2.00401e+00 | 27 -0.00302  1.16521e+00
 28  0.01717 -5.94070e+00 | 29  0.00979 -4.33266e+00 | 30  0.00277 -3.42009e+00
 31  0.00242 -3.06031e+00 | 32  0.00108 -3.91200e+00 | 33 -0.00104 -4.48504e+00
 34 -0.00436 -4.04647e+00 | 35 -0.00550 -4.53354e+00 | 36 -0.00680 -5.01114e+00
 37 -0.00817 -4.76293e+00 | 38 -0.00512 -6.75558e+00 | 39 -0.00130 -9.15556e+00
 40  0.00354 -1.10970e+01 | 41  0.00390 -1.08338e+01 | 42  0.01657 -1.91249e+01
 43  0.01044 -1.50889e+01 | 44 -0.00058 -1.05154e+01 | 45 -0.00637 -8.10386e+00
 46 -0.01113 -6.77902e+00 | 47 -0.00610 -1.04336e+01 | 48 -0.00545 -9.21005e+00
 49  0.00172 -1.14512e+01 | 50  0.01527 -2.15699e+01 | 51  0.00279 -1.34409e+01
 52 -0.01219 -5.01903e+00 | 53 -0.01116 -6.65909e+00 | 54  0.01328 -1.98471e+01
 55 -0.00448 -9.76977e+00 | 56  0.00178 -1.31620e+01 | 57  0.01129 -1.91974e+01
 58 -0.00659 -8.44737e+00 | 59 -0.00375 -1.05015e+01 | 60  0.01459 -1.91026e+01
 61 -0.00697 -7.76351e+00 | 62 -0.01364 -6.27054e+00 | 63 -0.00239 -1.36519e+01
 64  0.00536 -1.70680e+01 | 65  0.01671 -2.39534e+01 | 66  0.00258 -1.51900e+01
 67 -0.00335 -1.18425e+01 | 68  0.02195 -2.42285e+01 | 69 -0.01417 -9.07220e+00
 70 -0.01017 -1.06953e+01 | 71  0.00024 -1.62883e+01 | 72 -0.00718 -1.15496e+01
 73  0.00349 -1.21907e+01 | 74  0.01556 -1.41260e+01 | 75  0.00730 -1.24268e+01
 76 -0.00864 -7.84400e+00 | 77 -0.00448  1.44323e+00 | 78  0.02179 -6.63816e+00
 79  0.00375 -1.01135e+01 | 80  0.00574 -8.31412e+00 | 81  0.00501 -5.75964e+00
 82  0.00340 -1.82786e+00 | 83  0.02995 -2.66475e-02 | 84 -0.01487  1.41671e+01
 85  0.01291  1.15239e+01 | 86 -0.03098  1.46449e+01 | 87 -0.04965  1.43779e+01
 88  0.00270  6.27382e+00 | 89  0.01026  1.30334e+01 | 90  0.01322  9.39840e+00
 91  0.03645  1.45162e+01 | 92 -0.01859  1.77674e+01 | 93  0.02943  1.94754e+01
 94 -0.04714  4.53171e+00 | 95 -0.02482  2.02963e+01 | 96  0.01755  1.64826e+01
 97 -0.01762  1.55624e+01 | 98 -0.01788  1.68839e+01 | 99 -0.01214  1.87150e+01
100  0.03847  1.35750e+01 |101 -0.01361  1.47336e+01 |102 -0.00264  1.91936e+01
103  0.00004  1.99142e+01 |104  0.00018  1.99587e+01 |105 -0.07296 -4.35374e+01
106 -0.42967  6.00312e+01 |107 -0.19992  4.55581e+00 |108 -0.15448 -1.71739e+01
108 variables; iteration 60; function evaluation 77; phase 4
Function value 5.6800423e+02; maximum gradient component mag -1.6523e+02
Var    Value     Gradient |Var    Value     Gradient |Var    Value     Gradient
  1 -0.43834 -6.62457e+01 |  2 -0.42843 -1.65234e+02 |  3 -0.39139 -8.27507e+01
  4  0.64769 -1.25641e+02 |  5 -0.00053 -1.30703e+00 |  6 -0.00013 -2.65991e-01
  7 -0.00017 -3.27981e-01 |  8 -0.00020 -4.04716e-01 |  9 -0.00025 -4.99703e-01
 10 -0.00005  3.54921e+00 | 11 -0.00005  3.53126e+00 | 12 -0.00008  3.44559e+00
 13 -0.00016  3.26930e+00 | 14 -0.00026  3.06409e+00 | 15  0.00132  2.83838e+00
 16 -0.00044  2.62975e+00 | 17 -0.00052  2.39604e+00 | 18 -0.00059  2.13456e+00
 19 -0.00069  1.74969e+00 | 20 -0.00074  1.37291e+00 | 21 -0.00061  1.13266e+00
 22  0.00002  1.29592e+00 | 23  0.00005  5.77788e-02 | 24 -0.00008 -3.74555e-02
 25 -0.00175 -9.87629e-01 | 26 -0.00316 -3.13428e-01 | 27 -0.00233  1.52187e-01
 28  0.01716 -2.74001e+00 | 29  0.00938 -2.60742e+00 | 30  0.00208 -2.61678e+00
 31  0.00167 -2.62549e+00 | 32  0.00114 -1.74341e+00 | 33 -0.00095 -1.96832e+00
 34 -0.00454 -2.12264e+00 | 35 -0.00557 -2.07392e+00 | 36 -0.00691 -2.38845e+00
 37 -0.00822 -1.95395e+00 | 38 -0.00495 -2.22683e+00 | 39 -0.00092 -2.78823e+00
 40  0.00459 -1.77909e+00 | 41  0.00431 -2.16275e+00 | 42  0.01578 -6.44768e+00
 43  0.01066 -3.27105e+00 | 44 -0.00072 -3.24535e+00 | 45 -0.00655 -2.47560e+00
 46 -0.01076 -1.42847e+00 | 47 -0.00555 -2.76402e+00 | 48 -0.00531 -1.95671e+00
 49  0.00066 -3.19783e+00 | 50  0.01625 -4.39140e+00 | 51  0.00292 -2.93273e+00
 52 -0.01260 -1.21192e+00 | 53 -0.01100 -1.44167e+00 | 54  0.01299 -5.49369e+00
 55 -0.00402 -1.64789e+00 | 56  0.00160 -3.50850e+00 | 57  0.01134 -4.96391e+00
 58 -0.00743 -3.42672e+00 | 59 -0.00448 -3.67090e+00 | 60  0.01445 -2.95910e+00
 61 -0.00802 -2.26068e+00 | 62 -0.01326 -1.99760e-01 | 63 -0.00105 -8.60675e-01
 64  0.00550 -3.52191e+00 | 65  0.01719 -3.63558e+00 | 66  0.00272 -2.54527e+00
 67 -0.00396 -3.62728e+00 | 68  0.02095 -6.02456e+00 | 69 -0.01312  8.18957e-01
 70 -0.01023 -2.78292e+00 | 71  0.00068 -1.71007e+00 | 72 -0.00685 -8.03723e-01
 73  0.00317 -1.93451e+00 | 74  0.01479 -3.77243e+00 | 75  0.00687 -4.29040e+00
 76 -0.00859 -7.83593e-01 | 77 -0.00479 -1.60185e+00 | 78  0.02115 -4.03554e+00
 79  0.00414  1.21710e+00 | 80  0.00572 -2.12414e+00 | 81  0.00524 -3.43418e-01
 82  0.00315 -1.64966e+00 | 83  0.02986  2.87270e+00 | 84 -0.01569  1.41969e+00
 85  0.01272  5.40682e+00 | 86 -0.03138  2.82794e+00 | 87 -0.04949  4.79374e+00
 88  0.00270  3.46816e+00 | 89  0.01020  4.32907e+00 | 90  0.01306  3.25117e+00
 91  0.03631  5.63957e+00 | 92 -0.01907  2.56679e+00 | 93  0.02924  6.42151e+00
 94 -0.04559  5.24132e+00 | 95 -0.02492  3.28165e+00 | 96  0.01735  1.40288e+00
 97 -0.01737  2.68980e+00 | 98 -0.01809 -3.49223e-01 | 99 -0.01187  3.60916e+00
100  0.03874  1.14274e+00 |101 -0.01272  3.79019e+00 |102 -0.00258  3.78215e+00
103  0.00003  3.97347e+00 |104  0.00017  4.03194e+00 |105 -0.07189 -9.41526e+00
106 -0.42951  1.28412e+01 |107 -0.19400  4.05037e+00 |108 -0.14836 -1.35525e+01
Maximum number of function evaluations exceeded

 - final statistics:
108 variables; iteration 74; function evaluation 100
Function value 5.6778e+02; maximum gradient component mag 3.3425e+02
Exit code = 3;  converg criter 1.0000e+00
Var    Value     Gradient |Var    Value     Gradient |Var    Value     Gradient
  1 -0.43855  1.87442e+01 |  2 -0.42957  3.34254e+02 |  3 -0.38895  1.38117e+02
  4  0.64831  2.41904e+02 |  5 -0.00047  5.51275e-01 |  6  0.00027  7.58015e-01
  7  0.00029  8.54054e-01 |  8  0.00029  9.41626e-01 |  9  0.00026  1.00906e+00
 10 -0.00008 -7.48786e+00 | 11 -0.00024 -7.58079e+00 | 12 -0.00019 -7.30907e+00
 13 -0.00008 -6.92454e+00 | 14 -0.00007 -6.63735e+00 | 15  0.00159 -6.30582e+00
 16 -0.00014 -6.07948e+00 | 17 -0.00014 -5.66291e+00 | 18 -0.00010 -5.13061e+00
 19 -0.00027 -4.92333e+00 | 20 -0.00032 -4.50419e+00 | 21 -0.00065 -4.60323e+00
 22 -0.00038 -4.02916e+00 | 23  0.00052 -2.85756e+00 | 24  0.00030 -2.17638e+00
 25 -0.00060 -1.29598e+00 | 26 -0.00260 -1.21353e+00 | 27 -0.00276 -1.91297e+00
 28  0.01832  1.90592e+00 | 29  0.01094  1.74937e+00 | 30  0.00378  1.56272e+00
 31  0.00276  3.86476e-01 | 32  0.00146  6.77446e-01 | 33 -0.00057  7.13539e-01
 34 -0.00354  1.45221e+00 | 35 -0.00493  1.15489e+00 | 36 -0.00618  1.17271e+00
 37 -0.00800  6.85103e-01 | 38 -0.00431  2.28984e+00 | 39  0.00061  4.62944e+00
 40  0.00350  2.93493e+00 | 41  0.00405  4.29418e+00 | 42  0.01749  7.46364e+00
 43  0.01086  6.26343e+00 | 44 -0.00069  3.08781e+00 | 45 -0.00574  4.07853e+00
 46 -0.01093  2.38204e+00 | 47 -0.00505  3.99748e+00 | 48 -0.00561  2.97050e+00
 49  0.00077  4.91296e+00 | 50  0.01601  8.94808e+00 | 51  0.00318  6.19197e+00
 52 -0.01317  1.61158e+00 | 53 -0.01104  2.85304e+00 | 54  0.01381  8.70228e+00
 55 -0.00445  4.41518e+00 | 56  0.00181  5.73067e+00 | 57  0.01241  9.59884e+00
 58 -0.00669  4.03170e+00 | 59 -0.00369  5.31994e+00 | 60  0.01180  6.63037e+00
 61 -0.00741  5.74954e+00 | 62 -0.01356  4.71821e+00 | 63 -0.00197  5.72226e+00
 64  0.00493  7.38394e+00 | 65  0.01567  1.04795e+01 | 66  0.00189  7.33167e+00
 67 -0.00415  5.67334e+00 | 68  0.01985  8.98299e+00 | 69 -0.01462  2.49032e+00
 70 -0.01065  4.32154e+00 | 71 -0.00006  7.16833e+00 | 72 -0.00743  5.93254e+00
 73  0.00228  4.90617e+00 | 74  0.01392  5.78538e+00 | 75  0.00638  4.05072e+00
 76 -0.00887  3.59866e+00 | 77 -0.00510 -2.66982e+00 | 78  0.02056 -5.33770e-01
 79  0.00423  7.27304e+00 | 80  0.00561  2.49881e+00 | 81  0.00529  3.10513e+00
 82  0.00303  1.30757e+00 | 83  0.02959  5.73982e-01 | 84 -0.01636 -8.73384e+00
 85  0.01240 -4.14866e+00 | 86 -0.03179 -6.78291e+00 | 87 -0.04960 -5.09898e+00
 88  0.00255  2.83497e-01 | 89  0.01003 -3.97720e+00 | 90  0.01271 -4.11955e+00
 91  0.03604 -5.52772e+00 | 92 -0.01944 -7.87351e+00 | 93  0.02893 -8.21105e+00
 94 -0.04480  3.03370e+00 | 95 -0.02506 -9.02967e+00 | 96  0.01722 -8.16201e+00
 97 -0.01716 -6.39017e+00 | 98 -0.01793 -9.70840e+00 | 99 -0.01168 -7.92312e+00
100  0.03896 -7.68056e+00 |101 -0.01214 -6.81827e+00 |102 -0.00318 -8.77685e+00
103 -0.00081 -9.19453e+00 |104 -0.00097 -9.58250e+00 |105 -0.07294  1.77982e+01
106 -0.43038 -2.46050e+01 |107 -0.17849  3.57306e+00 |108 -0.11828 -6.70597e+00

Initial statistics: 111 variables; iteration 0; function evaluation 0; phase 5
Function value 5.6777813e+02; maximum gradient component mag 7.2119e+02
Var    Value     Gradient |Var    Value     Gradient |Var    Value     Gradient
  1 -0.43855  1.87442e+01 |  2 -0.42957  3.34254e+02 |  3 -0.38895  1.38117e+02
  4 -0.41222 -3.93968e+00 |  5 -0.41222  6.95053e+01 |  6  0.64831  2.41904e+02
  7 -0.00047  5.51275e-01 |  8  0.00027  7.58015e-01 |  9  0.00029  8.54054e-01
 10  0.00029  9.41626e-01 | 11  0.00026  1.00906e+00 | 12 -0.00008 -7.58833e+00
 13 -0.00024 -7.68126e+00 | 14 -0.00019 -7.40954e+00 | 15 -0.00009 -7.02502e+00
 16 -0.00007 -6.73782e+00 | 17  0.00159 -6.40629e+00 | 18 -0.00015 -6.17995e+00
 19 -0.00014 -5.76338e+00 | 20 -0.00010 -5.23108e+00 | 21 -0.00027 -5.02380e+00
 22 -0.00032 -4.60466e+00 | 23 -0.00065 -4.70370e+00 | 24 -0.00038 -4.12963e+00
 25  0.00052 -2.95803e+00 | 26  0.00030 -2.27685e+00 | 27 -0.00061 -1.39645e+00
 28 -0.00260 -1.31400e+00 | 29 -0.00276 -2.01344e+00 | 30  0.01832  1.80549e+00
 31  0.01094  1.64891e+00 | 32  0.00378  1.46225e+00 | 33  0.00276  2.86006e-01
 34  0.00146  5.76975e-01 | 35 -0.00058  6.13068e-01 | 36 -0.00354  1.35174e+00
 37 -0.00494  1.05442e+00 | 38 -0.00618  1.07224e+00 | 39 -0.00800  5.84639e-01
 40 -0.00431  2.18937e+00 | 41  0.00061  4.52897e+00 | 42  0.00350  2.83446e+00
 43  0.00405  4.19371e+00 | 44  0.01749  7.36321e+00 | 45  0.01086  6.16297e+00
 46 -0.00069  2.98734e+00 | 47 -0.00574  3.97806e+00 | 48 -0.01093  2.28158e+00
 49 -0.00506  3.89701e+00 | 50 -0.00561  2.87004e+00 | 51  0.00077  4.81249e+00
 52  0.01601  8.84764e+00 | 53  0.00318  6.09150e+00 | 54 -0.01317  1.51113e+00
 55 -0.01104  2.75259e+00 | 56  0.01380  8.60183e+00 | 57 -0.00446  4.31472e+00
 58  0.00181  5.63020e+00 | 59  0.01241  9.49839e+00 | 60 -0.00669  3.93124e+00
 61 -0.00369  5.21948e+00 | 62  0.01180  6.52991e+00 | 63 -0.00741  5.64908e+00
 64 -0.01356  4.61776e+00 | 65 -0.00197  5.62179e+00 | 66  0.00493  7.28347e+00
 67  0.01566  1.03791e+01 | 68  0.00189  7.23120e+00 | 69 -0.00415  5.57287e+00
 70  0.01984  8.88257e+00 | 71 -0.01462  2.38987e+00 | 72 -0.01066  4.22108e+00
 73 -0.00006  7.06786e+00 | 74 -0.00743  5.83207e+00 | 75  0.00227  4.80570e+00
 76  0.01392  5.68494e+00 | 77  0.00638  3.95026e+00 | 78 -0.00887  3.49820e+00
 79 -0.00510 -2.77029e+00 | 80  0.02056 -6.34189e-01 | 81  0.00423  7.17257e+00
 82  0.00561  2.39835e+00 | 83  0.00528  3.00466e+00 | 84  0.00303  1.20710e+00
 85  0.02959  4.73619e-01 | 86 -0.01636 -8.83428e+00 | 87  0.01240 -4.24911e+00
 88 -0.03179 -6.88326e+00 | 89 -0.04960 -5.19914e+00 | 90  0.00255  1.83027e-01
 91  0.01003 -4.07766e+00 | 92  0.01271 -4.22001e+00 | 93  0.03604 -5.62803e+00
 94 -0.01944 -7.97393e+00 | 95  0.02893 -8.31142e+00 | 96 -0.04480  2.93348e+00
 97 -0.02506 -9.13006e+00 | 98  0.01722 -8.26244e+00 | 99 -0.01716 -6.49061e+00
100 -0.01793 -9.80883e+00 |101 -0.01168 -8.02358e+00 |102  0.03896 -7.78085e+00
103 -0.01214 -6.91873e+00 |104 -0.00318 -8.87732e+00 |105 -0.00081 -9.29501e+00
106 -0.00097 -9.68297e+00 |107  0.00000  7.21187e+02 |108 -0.07294  1.77982e+01
109 -0.43038 -2.46050e+01 |110 -0.17849  3.57306e+00 |111 -0.11828 -6.70597e+00

Intermediate statistics: 111 variables; iteration 20; function evaluation 23; phase 5
Function value 5.6454340e+02; maximum gradient component mag 8.1482e+02
Var    Value     Gradient |Var    Value     Gradient |Var    Value     Gradient
  1 -0.43953  1.39612e+02 |  2 -0.42715  8.07698e+02 |  3 -0.39335  3.25743e+02
  4 -0.38578  4.59640e+01 |  5 -0.48687  2.78606e+01 |  6  0.64911  8.14825e+02
  7 -0.00066  2.57718e+00 |  8  0.00019  1.14659e+00 |  9  0.00019  1.33566e+00
 10  0.00018  1.53913e+00 | 11  0.00013  1.75075e+00 | 12 -0.00034 -2.69480e+01
 13 -0.00051 -2.68162e+01 | 14 -0.00049 -2.63072e+01 | 15 -0.00044 -2.56408e+01
 16 -0.00047 -2.50017e+01 | 17  0.00114 -2.41804e+01 | 18 -0.00063 -2.35145e+01
 19 -0.00068 -2.25091e+01 | 20 -0.00070 -2.12913e+01 | 21 -0.00091 -2.02819e+01
 22 -0.00101 -1.89604e+01 | 23 -0.00136 -1.80461e+01 | 24 -0.00106 -1.63121e+01
 25  0.00005 -1.37281e+01 | 26  0.00012 -1.16861e+01 | 27 -0.00119 -1.01717e+01
 28 -0.00313 -9.81842e+00 | 29 -0.00362 -1.06672e+01 | 30  0.01791 -1.19416e+00
 31  0.01056 -1.97068e+00 | 32  0.00322 -2.93732e+00 | 33  0.00185 -4.54931e+00
 34 -0.00006 -3.92070e+00 | 35 -0.00223 -3.70601e+00 | 36 -0.00479 -2.98281e+00
 37 -0.00601 -3.02755e+00 | 38 -0.00705 -2.63441e+00 | 39 -0.00910 -3.42891e+00
 40 -0.00515 -2.55193e-01 | 41  0.00035  4.41999e+00 | 42  0.00321  4.08895e+00
 43  0.00313  5.23706e+00 | 44  0.01752  1.58634e+01 | 45  0.01045  1.21419e+01
 46 -0.00105  5.16937e+00 | 47 -0.00615  4.49583e+00 | 48 -0.01171  9.69508e-01
 49 -0.00592  4.24812e+00 | 50 -0.00647  3.87810e+00 | 51  0.00064  8.52606e+00
 52  0.01820  2.12492e+01 | 53  0.00389  1.28505e+01 | 54 -0.01245  1.76301e+00
 55 -0.01087  3.26863e+00 | 56  0.01316  1.95239e+01 | 57 -0.00482  6.50267e+00
 58  0.00311  1.17200e+01 | 59  0.01335  2.09296e+01 | 60 -0.00618  7.54058e+00
 61 -0.00323  1.05029e+01 | 62  0.01326  1.98296e+01 | 63 -0.00677  1.04417e+01
 64 -0.01328  5.60387e+00 | 65 -0.00116  1.24442e+01 | 66  0.00622  1.86137e+01
 67  0.01674  2.80627e+01 | 68  0.00261  1.82046e+01 | 69 -0.00212  1.50522e+01
 70  0.02107  3.36348e+01 | 71 -0.01425  8.02257e+00 | 72 -0.01109  1.07027e+01
 73 -0.00023  1.77767e+01 | 74 -0.00731  1.49472e+01 | 75  0.00269  1.67178e+01
 76  0.01485  2.94508e+01 | 77  0.00697  2.00644e+01 | 78 -0.00793  7.94793e+00
 79 -0.00351  3.21196e+01 | 80  0.02085  3.20865e+01 | 81  0.00386  7.34374e+00
 82  0.00582  9.73035e+00 | 83  0.00541  9.04589e+00 | 84  0.00281  1.17042e+01
 85  0.02976  4.56473e+01 | 86 -0.01472  1.12278e+01 | 87  0.01294  2.65860e+01
 88 -0.03067 -6.69033e+00 | 89 -0.05005 -2.85251e+01 | 90  0.00186 -1.39606e+01
 91  0.01077  2.09859e+01 | 92  0.01195 -1.17546e+01 | 93  0.03622  2.20974e+01
 94 -0.01793 -4.14551e+00 | 95  0.02982  1.76301e+01 | 96 -0.04318 -4.28894e+00
 97 -0.02391 -1.72273e+01 | 98  0.01754 -1.45404e+01 | 99 -0.01727 -3.62170e+01
100 -0.01805 -3.67868e+01 |101 -0.01189 -4.10224e+01 |102  0.03821 -3.82455e+01
103 -0.01418 -4.77341e+01 |104 -0.00390 -2.67772e+01 |105 -0.00088 -2.94648e+01
106 -0.00101 -2.98403e+01 |107 -0.00149  7.60642e+02 |108 -0.07505  3.28753e+01
109 -0.42981 -4.28196e+01 |110 -0.19801 -5.00918e+00 |111 -0.10189  1.38180e+00
111 variables; iteration 40; function evaluation 45; phase 5
Function value 5.6432629e+02; maximum gradient component mag 3.6647e+02
Var    Value     Gradient |Var    Value     Gradient |Var    Value     Gradient
  1 -0.44123  1.98628e+01 |  2 -0.42694  3.07680e+02 |  3 -0.39222  1.20034e+02
  4 -0.38682  2.97842e+01 |  5 -0.48179  2.62266e+01 |  6  0.64772  3.54831e+02
  7 -0.00087  4.29169e-01 |  8  0.00012  6.27826e-01 |  9  0.00010  7.05598e-01
 10  0.00007  7.75486e-01 | 11  0.00001  8.27653e-01 | 12 -0.00052 -1.24387e+01
 13 -0.00070 -1.25200e+01 | 14 -0.00072 -1.22953e+01 | 15 -0.00071 -1.19771e+01
 16 -0.00078 -1.17406e+01 | 17  0.00077 -1.14667e+01 | 18 -0.00106 -1.12774e+01
 19 -0.00119 -1.09274e+01 | 20 -0.00129 -1.04764e+01 | 21 -0.00157 -1.02823e+01
 22 -0.00176 -9.89882e+00 | 23 -0.00215 -9.90874e+00 | 24 -0.00194 -9.29931e+00
 25 -0.00097 -8.03910e+00 | 26 -0.00094 -7.06250e+00 | 27 -0.00231 -6.38796e+00
 28 -0.00425 -6.29637e+00 | 29 -0.00472 -7.32675e+00 | 30  0.01660 -2.82838e+00
 31  0.00927 -2.76256e+00 | 32  0.00197 -3.24145e+00 | 33  0.00082 -4.20122e+00
 34 -0.00109 -4.07030e+00 | 35 -0.00325 -4.05614e+00 | 36 -0.00583 -3.34049e+00
 37 -0.00695 -3.43952e+00 | 38 -0.00791 -3.15672e+00 | 39 -0.00991 -3.71620e+00
 40 -0.00607 -1.95381e+00 | 41 -0.00048  1.00313e+00 | 42  0.00292  3.54943e-01
 43  0.00245  6.73237e-01 | 44  0.01697  5.87731e+00 | 45  0.00984  4.44382e+00
 46 -0.00108  1.53488e+00 | 47 -0.00633  1.65422e+00 | 48 -0.01177 -2.89776e-01
 49 -0.00603  1.36160e+00 | 50 -0.00683  5.80768e-01 | 51  0.00065  3.56447e+00
 52  0.01952  1.14018e+01 | 53  0.00418  6.39792e+00 | 54 -0.01197  1.16416e+00
 55 -0.01102  9.97971e-01 | 56  0.01373  9.36743e+00 | 57 -0.00401  3.70777e+00
 58  0.00425  6.93243e+00 | 59  0.01420  1.13523e+01 | 60 -0.00574  4.05932e+00
 61 -0.00218  6.37600e+00 | 62  0.01521  1.07059e+01 | 63 -0.00589  6.35742e+00
 64 -0.01232  4.22272e+00 | 65 -0.00070  5.75768e+00 | 66  0.00794  1.11060e+01
 67  0.01859  1.53361e+01 | 68  0.00338  8.73823e+00 | 69 -0.00261  4.19432e+00
 70  0.02257  1.80414e+01 | 71 -0.01249  8.14620e+00 | 72 -0.01033  5.86254e+00
 73  0.00078  1.07447e+01 | 74 -0.00685  8.20266e+00 | 75  0.00361  1.06004e+01
 76  0.01463  7.26392e+00 | 77  0.00706  4.17617e+00 | 78 -0.00803 -2.00639e+00
 79 -0.00313  2.64822e+01 | 80  0.02161  2.81777e+01 | 81  0.00442  4.43247e+00
 82  0.00571 -1.18714e+00 | 83  0.00595  8.19598e+00 | 84  0.00276  4.50876e+00
 85  0.02990  2.65345e+01 | 86 -0.01525  3.48401e+00 | 87  0.01300  1.46499e+01
 88 -0.03041  1.34595e+00 | 89 -0.04964 -1.74011e+01 | 90  0.00186 -1.28701e+01
 91  0.01072  1.60535e+01 | 92  0.01268  9.37189e-01 | 93  0.03638  1.40323e+01
 94 -0.01784  3.65351e+00 | 95  0.03003  1.39478e+01 | 96 -0.04326  4.68678e+00
 97 -0.02338 -2.55950e+00 | 98  0.01751 -1.20398e+01 | 99 -0.01646 -1.66885e+01
100 -0.01805 -2.56401e+01 |101 -0.01152 -2.66540e+01 |102  0.03789 -3.57336e+01
103 -0.01343 -2.99838e+01 |104 -0.00368 -1.23037e+01 |105 -0.00089 -1.38323e+01
106 -0.00103 -1.41997e+01 |107 -0.00170  3.66467e+02 |108 -0.07537  8.83941e+00
109 -0.43002 -1.03295e+01 |110 -0.18106 -1.03428e-01 |111 -0.00592 -1.01318e-01
111 variables; iteration 60; function evaluation 73; phase 5
Function value 5.6368337e+02; maximum gradient component mag 4.2080e+02
Var    Value     Gradient |Var    Value     Gradient |Var    Value     Gradient
  1 -0.44092  2.10054e+01 |  2 -0.42550  4.20797e+02 |  3 -0.39409  1.75328e+02
  4 -0.38912  2.44170e+00 |  5 -0.50189  6.04739e+00 |  6  0.64905  3.22643e+02
  7 -0.00005  1.65057e+00 |  8 -0.00012  2.50770e-01 |  9 -0.00015  3.00522e-01
 10 -0.00018  3.67991e-01 | 11 -0.00020  4.63269e-01 | 12  0.00027 -9.61558e+00
 13  0.00028 -9.39269e+00 | 14  0.00019 -9.29199e+00 | 15  0.00006 -9.21258e+00
 16 -0.00007 -9.06861e+00 | 17  0.00144 -8.86788e+00 | 18 -0.00039 -8.69955e+00
 19 -0.00059 -8.47378e+00 | 20 -0.00075 -8.14798e+00 | 21 -0.00103 -7.97304e+00
 22 -0.00126 -7.68111e+00 | 23 -0.00179 -7.95457e+00 | 24 -0.00157 -7.35679e+00
 25 -0.00017 -5.54419e+00 | 26  0.00034 -3.98358e+00 | 27 -0.00113 -3.27429e+00
 28 -0.00330 -3.65385e+00 | 29 -0.00319 -3.41926e+00 | 30  0.01740 -5.84151e-01
 31  0.01046 -1.88903e-01 | 32  0.00309 -4.71249e-01 | 33  0.00129 -2.23953e+00
 34 -0.00043 -1.50902e+00 | 35 -0.00208 -5.40381e-01 | 36 -0.00492 -4.53618e-01
 37 -0.00571  7.02375e-02 | 38 -0.00670  2.30622e-01 | 39 -0.00892 -5.76020e-01
 40 -0.00520  7.25522e-01 | 41 -0.00050  1.97002e+00 | 42  0.00389  3.29187e+00
 43  0.00362  4.43688e+00 | 44  0.01735  7.68384e+00 | 45  0.00997  5.54047e+00
 46 -0.00117  2.83008e+00 | 47 -0.00682  2.40847e+00 | 48 -0.01272 -4.06228e-01
 49 -0.00648  2.03946e+00 | 50 -0.00645  3.03810e+00 | 51  0.00041  4.61851e+00
 52  0.01750  8.83914e+00 | 53  0.00376  7.39295e+00 | 54 -0.01220  2.25180e+00
 55 -0.01224 -4.29339e-01 | 56  0.01158  7.65894e+00 | 57 -0.00602  2.46127e+00
 58  0.00276  5.41236e+00 | 59  0.01193  7.96030e+00 | 60 -0.00653  4.42313e+00
 61 -0.00352  5.83010e+00 | 62  0.01248  7.13137e+00 | 63 -0.00828  3.55878e+00
 64 -0.01411  2.62955e+00 | 65 -0.00005  1.00645e+01 | 66  0.00552  7.51942e+00
 67  0.01623  1.23470e+01 | 68  0.00247  9.27195e+00 | 69 -0.00219  6.41005e+00
 70  0.02050  1.04999e+01 | 71 -0.01314  8.13147e+00 | 72 -0.01235  1.07223e+00
 73  0.00104  1.57766e+01 | 74 -0.00834  3.36633e+00 | 75  0.00338  1.28206e+01
 76  0.01555  2.05730e+01 | 77  0.00660  3.42692e+00 | 78 -0.00790 -1.36795e+00
 79 -0.00436  4.52569e+00 | 80  0.02047  1.10522e+01 | 81  0.00399  2.42774e+00
 82  0.00620  8.79779e+00 | 83  0.00546  2.06623e+00 | 84  0.00273  9.04860e+00
 85  0.02900  1.22336e+01 | 86 -0.01581 -4.80770e+00 | 87  0.01237  5.27038e+00
 88 -0.03062 -1.25400e+00 | 89 -0.04785  6.36860e+00 | 90  0.00202 -4.08645e+00
 91  0.00973 -2.31921e-01 | 92  0.01239  3.38499e-01 | 93  0.03559  2.51800e+00
 94 -0.01842 -4.54351e+00 | 95  0.02934 -2.39037e+00 | 96 -0.04394 -5.61077e+00
 97 -0.02378 -1.14975e+01 | 98  0.01793 -1.09956e+01 | 99 -0.01605 -1.80223e+01
100 -0.01641 -1.82639e+01 |101 -0.01013 -1.91016e+01 |102  0.04080 -1.34238e+01
103 -0.00983 -9.54013e+00 |104 -0.00281 -1.01816e+01 |105  0.00039 -1.02570e+01
106  0.00035 -1.04419e+01 |107 -0.00267  1.81239e+02 |108 -0.07877  1.76006e+01
109 -0.43253 -2.68648e+01 |110 -0.18697  1.18727e+00 |111 -0.03337 -2.51392e-01
111 variables; iteration 80; function evaluation 111; phase 5
Function value 5.6360460e+02; maximum gradient component mag 3.0704e+01
Var    Value     Gradient |Var    Value     Gradient |Var    Value     Gradient
  1 -0.44080 -1.54209e+00 |  2 -0.42501  3.07043e+01 |  3 -0.39505  1.09790e+01
  4 -0.38848 -1.49619e-02 |  5 -0.50474  6.99335e-01 |  6  0.64894  1.93079e+01
  7 -0.00023  1.01547e-01 |  8 -0.00009  1.26063e-02 |  9 -0.00011  1.74824e-02
 10 -0.00013  2.34826e-02 | 11 -0.00016  3.07922e-02 | 12 -0.00017 -5.92459e-01
 13 -0.00021 -5.83495e-01 | 14 -0.00026 -5.75907e-01 | 15 -0.00032 -5.65034e-01
 16 -0.00038 -5.46695e-01 | 17  0.00122 -5.14832e-01 | 18 -0.00052 -4.82561e-01
 19 -0.00060 -4.43692e-01 | 20 -0.00068 -4.05468e-01 | 21 -0.00073 -3.57950e-01
 22 -0.00077 -3.11486e-01 | 23 -0.00072 -2.47483e-01 | 24 -0.00042 -1.91195e-01
 25  0.00035 -1.70987e-01 | 26  0.00034 -1.50210e-01 | 27 -0.00134 -1.66864e-01
 28 -0.00309 -8.65744e-02 | 29 -0.00297 -8.30068e-02 | 30  0.01780  8.47836e-02
 31  0.01027 -5.40597e-03 | 32  0.00289  5.54445e-02 | 33  0.00204  7.68742e-02
 34 -0.00000  1.02625e-01 | 35 -0.00215  6.33496e-02 | 36 -0.00506  8.18941e-03
 37 -0.00598  2.94063e-02 | 38 -0.00689  1.12159e-01 | 39 -0.00873  8.67811e-02
 40 -0.00515  1.75212e-01 | 41 -0.00054  2.39411e-01 | 42  0.00365  2.30082e-01
 43  0.00275  1.92873e-01 | 44  0.01690  5.72357e-01 | 45  0.00991  6.67142e-01
 46 -0.00115  2.91005e-01 | 47 -0.00715  1.22839e-01 | 48 -0.01193  2.10451e-01
 49 -0.00622  3.06889e-01 | 50 -0.00660  3.08655e-01 | 51  0.00029  5.10612e-01
 52  0.01789  7.56748e-01 | 53  0.00247  4.15189e-01 | 54 -0.01252  7.16163e-02
 55 -0.01125  1.97918e-01 | 56  0.01162  7.17585e-01 | 57 -0.00555  4.25310e-01
 58  0.00284  4.95028e-01 | 59  0.01200  4.58272e-01 | 60 -0.00687  3.03856e-01
 61 -0.00428  4.18388e-01 | 62  0.01360  6.63144e-01 | 63 -0.00824  4.76631e-01
 64 -0.01406  2.15790e-01 | 65 -0.00153  3.21027e-01 | 66  0.00594  5.03658e-01
 67  0.01610  6.72132e-01 | 68  0.00180  4.85827e-01 | 69 -0.00219  1.90626e-01
 70  0.02134  8.74472e-01 | 71 -0.01424  8.33578e-02 | 72 -0.01132  3.88469e-01
 73 -0.00046  9.97500e-02 | 74 -0.00775  4.52021e-01 | 75  0.00300  3.83121e-01
 76  0.01485  2.37597e-01 | 77  0.00707  5.56833e-01 | 78 -0.00751  2.45044e-01
 79 -0.00433 -2.13279e-01 | 80  0.02046  4.49269e-01 | 81  0.00419  3.56011e-01
 82  0.00596  1.32542e-01 | 83  0.00563  1.58959e-01 | 84  0.00229 -9.08963e-02
 85  0.02886  2.44529e-01 | 86 -0.01556 -8.88285e-02 | 87  0.01225 -2.09959e-01
 88 -0.03084 -3.74847e-01 | 89 -0.04888 -8.10997e-01 | 90  0.00223  1.70578e-01
 91  0.00969 -4.21227e-01 | 92  0.01230  6.02185e-02 | 93  0.03556 -1.89721e-01
 94 -0.01851 -4.22575e-01 | 95  0.02940 -5.20453e-01 | 96 -0.04417 -5.61495e-01
 97 -0.02346 -6.31214e-01 | 98  0.01826 -5.76753e-01 | 99 -0.01534 -4.18272e-01
100 -0.01551 -6.10940e-01 |101 -0.00927 -7.18726e-01 |102  0.04120 -9.42587e-01
103 -0.00962 -8.15787e-01 |104 -0.00324 -7.13236e-01 |105 -0.00007 -6.22562e-01
106  0.00004 -6.09679e-01 |107 -0.00276  3.94065e+00 |108 -0.07500  1.61911e+00
109 -0.43036 -1.92210e+00 |110 -0.18667  1.76161e-01 |111 -0.02779 -1.38417e-01
111 variables; iteration 100; function evaluation 149; phase 5
Function value 5.6360192e+02; maximum gradient component mag -3.6505e+01
Var    Value     Gradient |Var    Value     Gradient |Var    Value     Gradient
  1 -0.44086 -4.78971e+00 |  2 -0.42507 -3.65050e+01 |  3 -0.39489 -1.34573e+01
  4 -0.38854 -6.98646e-01 |  5 -0.50464 -3.42940e-01 |  6  0.64889 -2.73166e+01
  7 -0.00021 -8.00700e-02 |  8 -0.00010 -5.20697e-02 |  9 -0.00012 -6.36245e-02
 10 -0.00015 -7.61496e-02 | 11 -0.00018 -8.86770e-02 | 12 -0.00014  9.15215e-01
 13 -0.00019  8.92850e-01 | 14 -0.00025  8.56186e-01 | 15 -0.00031  8.21410e-01
 16 -0.00038  8.01012e-01 | 17  0.00122  7.80086e-01 | 18 -0.00053  7.56489e-01
 19 -0.00062  7.03827e-01 | 20 -0.00072  6.35991e-01 | 21 -0.00080  5.59306e-01
 22 -0.00086  4.81369e-01 | 23 -0.00085  3.96206e-01 | 24 -0.00056  3.03302e-01
 25  0.00023  2.34308e-01 | 26  0.00029  2.55760e-01 | 27 -0.00136  2.17175e-01
 28 -0.00314  2.18914e-01 | 29 -0.00306  1.17262e-01 | 30  0.01789  1.07242e-01
 31  0.01027 -7.68253e-02 | 32  0.00277 -1.23835e-01 | 33  0.00195 -3.69328e-02
 34 -0.00017 -1.58753e-01 | 35 -0.00218 -1.97101e-02 | 36 -0.00487  2.90940e-01
 37 -0.00591  8.09832e-02 | 38 -0.00685  9.26479e-02 | 39 -0.00872 -4.29487e-03
 40 -0.00529 -3.10470e-01 | 41 -0.00080 -5.70870e-01 | 42  0.00372 -2.44688e-01
 43  0.00278 -3.04650e-01 | 44  0.01697 -4.40969e-01 | 45  0.00977 -4.92258e-01
 46 -0.00112 -2.03532e-01 | 47 -0.00711 -2.14404e-01 | 48 -0.01194 -1.06224e-01
 49 -0.00640 -5.43539e-01 | 50 -0.00677 -5.11153e-01 | 51  0.00003 -6.33656e-01
 52  0.01805 -5.27462e-01 | 53  0.00263 -1.42589e-01 | 54 -0.01241 -3.13688e-02
 55 -0.01130 -2.69778e-01 | 56  0.01158 -5.89666e-01 | 57 -0.00545 -1.91781e-02
 58  0.00279 -4.92193e-01 | 59  0.01196 -9.46975e-01 | 60 -0.00683 -1.59855e-01
 61 -0.00428 -2.81575e-01 | 62  0.01363 -8.21581e-01 | 63 -0.00821 -1.38998e-01
 64 -0.01403 -1.77657e-01 | 65 -0.00144 -3.27711e-01 | 66  0.00606 -4.92376e-01
 67  0.01624 -8.12876e-01 | 68  0.00188 -4.21456e-01 | 69 -0.00203 -3.88632e-01
 70  0.02129 -1.58652e+00 | 71 -0.01410 -1.70574e-02 | 72 -0.01139 -5.96535e-01
 73 -0.00030 -2.47147e-01 | 74 -0.00781 -6.56486e-01 | 75  0.00304 -4.42225e-01
 76  0.01496 -2.46876e-01 | 77  0.00705 -9.09500e-01 | 78 -0.00752 -4.43684e-01
 79 -0.00429 -3.21832e-01 | 80  0.02046 -8.71483e-01 | 81  0.00420 -5.60138e-01
 82  0.00597 -2.97839e-01 | 83  0.00565 -4.13371e-01 | 84  0.00230 -2.40111e-01
 85  0.02888 -8.77414e-01 | 86 -0.01556  1.43050e-01 | 87  0.01227 -3.31712e-01
 88 -0.03082  4.97930e-01 | 89 -0.04879  9.97511e-01 | 90  0.00219 -1.79086e-01
 91  0.00972  1.76687e-01 | 92  0.01228  1.79472e-02 | 93  0.03557 -2.86266e-01
 94 -0.01851  6.12695e-01 | 95  0.02941  1.43453e-01 | 96 -0.04417  7.83524e-01
 97 -0.02346  6.80068e-01 | 98  0.01824  3.70603e-01 | 99 -0.01536  6.00667e-01
100 -0.01557  3.00235e-01 |101 -0.00928  7.92400e-01 |102  0.04118  7.18859e-01
103 -0.00962  6.93560e-01 |104 -0.00312  1.12475e+00 |105  0.00004  1.10540e+00
106  0.00012  1.08379e+00 |107 -0.00273 -1.71104e+01 |108 -0.07563 -1.98890e+00
109 -0.43067  2.55781e+00 |110 -0.18483  2.27510e-01 |111  0.00878 -6.18079e-02
111 variables; iteration 120; function evaluation 186; phase 5
Function value 5.6359903e+02; maximum gradient component mag 1.9614e+00
Var    Value     Gradient |Var    Value     Gradient |Var    Value     Gradient
  1 -0.44084  6.40316e-02 |  2 -0.42502  1.96139e+00 |  3 -0.39498  7.06495e-01
  4 -0.38849  7.71056e-03 |  5 -0.50499  9.62630e-03 |  6  0.64888  1.27844e+00
  7 -0.00024  2.23770e-03 |  8 -0.00009 -1.64146e-03 |  9 -0.00008  3.11182e-02
 10 -0.00010  4.15390e-02 | 11 -0.00014  3.05918e-02 | 12 -0.00018 -5.56274e-02
 13 -0.00024 -7.92520e-02 | 14 -0.00026 -3.51973e-02 | 15 -0.00030 -6.83247e-03
 16 -0.00038 -3.10050e-02 | 17  0.00120 -4.94800e-02 | 18 -0.00054 -3.55993e-02
 19 -0.00063 -4.51142e-02 | 20 -0.00071 -3.78448e-02 | 21 -0.00076 -1.65433e-02
 22 -0.00081 -2.79448e-02 | 23 -0.00077 -1.91442e-02 | 24 -0.00046  5.39951e-03
 25  0.00032 -1.23515e-02 | 26  0.00035  1.55656e-02 | 27 -0.00130  2.04805e-02
 28 -0.00310  1.68045e-02 | 29 -0.00298  9.44442e-03 | 30  0.01776 -6.22429e-02
 31  0.01032 -6.90020e-03 | 32  0.00288 -5.95094e-04 | 33  0.00202  4.86834e-03
 34 -0.00001  4.43777e-02 | 35 -0.00216 -3.01231e-03 | 36 -0.00506 -3.65273e-02
 37 -0.00596  4.04841e-04 | 38 -0.00690  1.58455e-02 | 39 -0.00875 -3.64454e-02
 40 -0.00515  4.65194e-02 | 41 -0.00053  4.70502e-02 | 42  0.00369  5.99915e-03
 43  0.00280  4.99458e-03 | 44  0.01687  7.95166e-03 | 45  0.00978 -6.76220e-03
 46 -0.00116 -9.99048e-03 | 47 -0.00707  3.48343e-02 | 48 -0.01196 -9.51506e-03
 49 -0.00622  5.68015e-02 | 50 -0.00662  3.10338e-02 | 51  0.00022  3.00873e-02
 52  0.01786  1.52154e-02 | 53  0.00246 -1.04956e-02 | 54 -0.01246  1.81042e-03
 55 -0.01125  1.75501e-02 | 56  0.01155  3.12268e-02 | 57 -0.00562  2.15470e-03
 58  0.00281  1.97736e-02 | 59  0.01209  5.81023e-02 | 60 -0.00690 -9.90679e-03
 61 -0.00434 -2.14512e-02 | 62  0.01366  6.61762e-02 | 63 -0.00832 -8.73046e-03
 64 -0.01406 -6.29172e-03 | 65 -0.00151 -2.20782e-03 | 66  0.00598  2.63689e-02
 67  0.01619  4.15526e-02 | 68  0.00180 -1.08766e-02 | 69 -0.00208  1.85372e-02
 70  0.02138  1.14314e-01 | 71 -0.01419 -1.40243e-02 | 72 -0.01133  5.18844e-02
 73 -0.00040 -2.36614e-02 | 74 -0.00776  4.57132e-02 | 75  0.00301  1.43139e-02
 76  0.01489 -5.40296e-02 | 77  0.00707  7.49985e-02 | 78 -0.00751  4.99220e-02
 79 -0.00429 -1.03461e-02 | 80  0.02045  5.59226e-02 | 81  0.00421  3.69808e-02
 82  0.00596  1.84028e-02 | 83  0.00566  1.69051e-02 | 84  0.00230  2.21538e-02
 85  0.02888  3.91372e-02 | 86 -0.01556 -3.08994e-04 | 87  0.01227  5.76804e-03
 88 -0.03083 -3.59834e-02 | 89 -0.04883 -1.03739e-01 | 90  0.00220  5.61251e-02
 91  0.00971 -3.02321e-02 | 92  0.01228  3.75448e-02 | 93  0.03558  2.09380e-02
 94 -0.01852 -1.98190e-02 | 95  0.02942 -1.71573e-02 | 96 -0.04417 -3.00941e-02
 97 -0.02345 -4.44365e-02 | 98  0.01825  1.00978e-02 | 99 -0.01533 -1.99129e-02
100 -0.01552  3.66866e-02 |101 -0.00926 -4.63844e-02 |102  0.04119 -3.05083e-02
103 -0.00958 -3.54892e-02 |104 -0.00325 -6.96198e-02 |105 -0.00010 -6.79926e-02
106  0.00002 -3.27268e-02 |107 -0.00272  6.72283e-01 |108 -0.07537  1.28033e-01
109 -0.43055 -1.66484e-01 |110 -0.18420  1.03699e-02 |111  0.11797 -3.44829e-03
111 variables; iteration 140; function evaluation 224; phase 5
Function value 5.6359893e+02; maximum gradient component mag -5.3741e-04
Var    Value     Gradient |Var    Value     Gradient |Var    Value     Gradient
  1 -0.44084  1.19139e-04 |  2 -0.42503 -5.37414e-04 |  3 -0.39497 -2.34214e-04
  4 -0.38850  1.81437e-05 |  5 -0.50494 -9.65573e-06 |  6  0.64889 -2.99670e-04
  7 -0.00024 -1.18782e-06 |  8 -0.00009 -4.69476e-07 |  9 -0.00010 -1.79337e-06
 10 -0.00013 -2.46673e-06 | 11 -0.00015 -3.15379e-07 | 12 -0.00017  1.05077e-05
 13 -0.00021  9.18823e-06 | 14 -0.00026  1.04238e-05 | 15 -0.00032  8.45190e-06
 16 -0.00038  1.07134e-05 | 17  0.00121  8.43213e-06 | 18 -0.00054  8.57814e-06
 19 -0.00062  8.52227e-06 | 20 -0.00071  8.11155e-06 | 21 -0.00077  6.18317e-06
 22 -0.00081  5.52429e-06 | 23 -0.00077  4.80919e-06 | 24 -0.00047  4.29246e-06
 25  0.00032  3.27388e-06 | 26  0.00033  2.75907e-06 | 27 -0.00132  3.15172e-06
 28 -0.00312  2.00105e-06 | 29 -0.00299  1.79602e-06 | 30  0.01780  6.23608e-07
 31  0.01032 -3.28313e-07 | 32  0.00288 -6.37215e-07 | 33  0.00201  7.50041e-07
 34 -0.00004 -1.90601e-06 | 35 -0.00216 -1.36238e-07 | 36 -0.00503  2.54037e-06
 37 -0.00596 -1.73461e-07 | 38 -0.00691 -8.36858e-07 | 39 -0.00873 -3.50362e-07
 40 -0.00517 -3.81359e-06 | 41 -0.00056 -7.73711e-06 | 42  0.00369 -5.07405e-06
 43  0.00281 -4.33946e-06 | 44  0.01689 -7.12612e-06 | 45  0.00980 -8.00599e-06
 46 -0.00115 -5.07750e-06 | 47 -0.00709 -5.20203e-06 | 48 -0.01195 -4.23513e-06
 49 -0.00624 -6.75302e-06 | 50 -0.00663 -7.19482e-06 | 51  0.00021 -9.72355e-06
 52  0.01787 -1.34675e-05 | 53  0.00248 -5.41315e-06 | 54 -0.01246 -4.02895e-06
 55 -0.01125 -6.06361e-06 | 56  0.01155 -1.01724e-05 | 57 -0.00562 -6.14521e-06
 58  0.00281 -1.00116e-05 | 59  0.01208 -1.49271e-05 | 60 -0.00689 -6.93916e-06
 61 -0.00432 -8.10284e-06 | 62  0.01364 -1.58660e-05 | 63 -0.00831 -6.07727e-06
 64 -0.01406 -6.89958e-06 | 65 -0.00150 -8.43976e-06 | 66  0.00598 -1.03301e-05
 67  0.01618 -1.45044e-05 | 68  0.00181 -9.85560e-06 | 69 -0.00208 -1.47110e-05
 70  0.02136 -2.72852e-05 | 71 -0.01418 -1.71359e-06 | 72 -0.01134 -1.13697e-05
 73 -0.00038 -1.04548e-05 | 74 -0.00776 -1.29659e-05 | 75  0.00301 -5.22356e-06
 76  0.01490 -1.75337e-05 | 77  0.00706 -1.92894e-05 | 78 -0.00751 -1.95789e-05
 79 -0.00429  6.68067e-06 | 80  0.02045 -1.13114e-08 | 81  0.00421  4.75782e-06
 82  0.00596 -4.89662e-06 | 83  0.00565  1.07716e-05 | 84  0.00230 -2.52315e-06
 85  0.02888  7.46577e-06 | 86 -0.01556  3.61292e-06 | 87  0.01227  1.24125e-05
 88 -0.03083  2.53191e-06 | 89 -0.04882  2.22068e-05 | 90  0.00220 -1.27874e-05
 91  0.00971  9.93925e-06 | 92  0.01228  7.08536e-06 | 93  0.03558  1.65370e-05
 94 -0.01852  9.95981e-07 | 95  0.02942  1.91751e-05 | 96 -0.04417  1.24112e-05
 97 -0.02345  1.12866e-05 | 98  0.01825  8.78399e-06 | 99 -0.01534  1.53005e-05
100 -0.01552  1.30492e-05 |101 -0.00926  1.69487e-05 |102  0.04119  7.27087e-06
103 -0.00958  2.67451e-05 |104 -0.00324  1.59937e-05 |105 -0.00008  1.28946e-05
106  0.00001  1.34563e-05 |107 -0.00272  1.24527e-05 |108 -0.07540 -2.01820e-05
109 -0.43056  1.95796e-05 |110 -0.18419 -2.24243e-05 |111  0.18133  6.03631e-08
  ic > imax  in fminim is answer attained ?
Var    Value     Gradient |Var    Value     Gradient |Var    Value     Gradient
  1 -0.44084  1.19139e-04 |  2 -0.42503 -5.37414e-04 |  3 -0.39497 -2.34214e-04
  4 -0.38850  1.81437e-05 |  5 -0.50494 -9.65573e-06 |  6  0.64889 -2.99670e-04
  7 -0.00024 -1.18782e-06 |  8 -0.00009 -4.69476e-07 |  9 -0.00010 -1.79337e-06
 10 -0.00013 -2.46673e-06 | 11 -0.00015 -3.15379e-07 | 12 -0.00017  1.05077e-05
 13 -0.00021  9.18823e-06 | 14 -0.00026  1.04238e-05 | 15 -0.00032  8.45190e-06
 16 -0.00038  1.07134e-05 | 17  0.00121  8.43213e-06 | 18 -0.00054  8.57814e-06
 19 -0.00062  8.52227e-06 | 20 -0.00071  8.11155e-06 | 21 -0.00077  6.18317e-06
 22 -0.00081  5.52429e-06 | 23 -0.00077  4.80919e-06 | 24 -0.00047  4.29246e-06
 25  0.00032  3.27388e-06 | 26  0.00033  2.75907e-06 | 27 -0.00132  3.15172e-06
 28 -0.00312  2.00105e-06 | 29 -0.00299  1.79602e-06 | 30  0.01780  6.23608e-07
 31  0.01032 -3.28313e-07 | 32  0.00288 -6.37215e-07 | 33  0.00201  7.50041e-07
 34 -0.00004 -1.90601e-06 | 35 -0.00216 -1.36238e-07 | 36 -0.00503  2.54037e-06
 37 -0.00596 -1.73461e-07 | 38 -0.00691 -8.36858e-07 | 39 -0.00873 -3.50362e-07
 40 -0.00517 -3.81359e-06 | 41 -0.00056 -7.73711e-06 | 42  0.00369 -5.07405e-06
 43  0.00281 -4.33946e-06 | 44  0.01689 -7.12612e-06 | 45  0.00980 -8.00599e-06
 46 -0.00115 -5.07750e-06 | 47 -0.00709 -5.20203e-06 | 48 -0.01195 -4.23513e-06
 49 -0.00624 -6.75302e-06 | 50 -0.00663 -7.19482e-06 | 51  0.00021 -9.72355e-06
 52  0.01787 -1.34675e-05 | 53  0.00248 -5.41315e-06 | 54 -0.01246 -4.02895e-06
 55 -0.01125 -6.06361e-06 | 56  0.01155 -1.01724e-05 | 57 -0.00562 -6.14521e-06
 58  0.00281 -1.00116e-05 | 59  0.01208 -1.49271e-05 | 60 -0.00689 -6.93916e-06
 61 -0.00432 -8.10284e-06 | 62  0.01364 -1.58660e-05 | 63 -0.00831 -6.07727e-06
 64 -0.01406 -6.89958e-06 | 65 -0.00150 -8.43976e-06 | 66  0.00598 -1.03301e-05
 67  0.01618 -1.45044e-05 | 68  0.00181 -9.85560e-06 | 69 -0.00208 -1.47110e-05
 70  0.02136 -2.72852e-05 | 71 -0.01418 -1.71359e-06 | 72 -0.01134 -1.13697e-05
 73 -0.00038 -1.04548e-05 | 74 -0.00776 -1.29659e-05 | 75  0.00301 -5.22356e-06
 76  0.01490 -1.75337e-05 | 77  0.00706 -1.92894e-05 | 78 -0.00751 -1.95789e-05
 79 -0.00429  6.68067e-06 | 80  0.02045 -1.13114e-08 | 81  0.00421  4.75782e-06
 82  0.00596 -4.89662e-06 | 83  0.00565  1.07716e-05 | 84  0.00230 -2.52315e-06
 85  0.02888  7.46577e-06 | 86 -0.01556  3.61292e-06 | 87  0.01227  1.24125e-05
 88 -0.03083  2.53191e-06 | 89 -0.04882  2.22068e-05 | 90  0.00220 -1.27874e-05
 91  0.00971  9.93925e-06 | 92  0.01228  7.08536e-06 | 93  0.03558  1.65370e-05
 94 -0.01852  9.95981e-07 | 95  0.02942  1.91751e-05 | 96 -0.04417  1.24112e-05
 97 -0.02345  1.12866e-05 | 98  0.01825  8.78399e-06 | 99 -0.01534  1.53005e-05
100 -0.01552  1.30492e-05 |101 -0.00926  1.69487e-05 |102  0.04119  7.27087e-06
103 -0.00958  2.67451e-05 |104 -0.00324  1.59937e-05 |105 -0.00008  1.28946e-05
106  0.00001  1.34563e-05 |107 -0.00272  1.24527e-05 |108 -0.07540 -2.01820e-05
109 -0.43056  1.95796e-05 |110 -0.18419 -2.24243e-05 |111  0.18133  6.03631e-08
Function minimizer not making progress ... is minimum attained?
Minimprove criterion = 0.0000e+00

 - final statistics:
111 variables; iteration 141; function evaluation 254
Function value 5.6360e+02; maximum gradient component mag -5.3741e-04
Exit code = 1;  converg criter 1.0000e-04
Var    Value     Gradient |Var    Value     Gradient |Var    Value     Gradient
  1 -0.44084  1.19139e-04 |  2 -0.42503 -5.37414e-04 |  3 -0.39497 -2.34214e-04
  4 -0.38850  1.81437e-05 |  5 -0.50494 -9.65573e-06 |  6  0.64889 -2.99670e-04
  7 -0.00024 -1.18782e-06 |  8 -0.00009 -4.69476e-07 |  9 -0.00010 -1.79337e-06
 10 -0.00013 -2.46673e-06 | 11 -0.00015 -3.15379e-07 | 12 -0.00017  1.05077e-05
 13 -0.00021  9.18823e-06 | 14 -0.00026  1.04238e-05 | 15 -0.00032  8.45190e-06
 16 -0.00038  1.07134e-05 | 17  0.00121  8.43213e-06 | 18 -0.00054  8.57814e-06
 19 -0.00062  8.52227e-06 | 20 -0.00071  8.11155e-06 | 21 -0.00077  6.18317e-06
 22 -0.00081  5.52429e-06 | 23 -0.00077  4.80919e-06 | 24 -0.00047  4.29246e-06
 25  0.00032  3.27388e-06 | 26  0.00033  2.75907e-06 | 27 -0.00132  3.15172e-06
 28 -0.00312  2.00105e-06 | 29 -0.00299  1.79602e-06 | 30  0.01780  6.23608e-07
 31  0.01032 -3.28313e-07 | 32  0.00288 -6.37215e-07 | 33  0.00201  7.50041e-07
 34 -0.00004 -1.90601e-06 | 35 -0.00216 -1.36238e-07 | 36 -0.00503  2.54037e-06
 37 -0.00596 -1.73461e-07 | 38 -0.00691 -8.36858e-07 | 39 -0.00873 -3.50362e-07
 40 -0.00517 -3.81359e-06 | 41 -0.00056 -7.73711e-06 | 42  0.00369 -5.07405e-06
 43  0.00281 -4.33946e-06 | 44  0.01689 -7.12612e-06 | 45  0.00980 -8.00599e-06
 46 -0.00115 -5.07750e-06 | 47 -0.00709 -5.20203e-06 | 48 -0.01195 -4.23513e-06
 49 -0.00624 -6.75302e-06 | 50 -0.00663 -7.19482e-06 | 51  0.00021 -9.72355e-06
 52  0.01787 -1.34675e-05 | 53  0.00248 -5.41315e-06 | 54 -0.01246 -4.02895e-06
 55 -0.01125 -6.06361e-06 | 56  0.01155 -1.01724e-05 | 57 -0.00562 -6.14521e-06
 58  0.00281 -1.00116e-05 | 59  0.01208 -1.49271e-05 | 60 -0.00689 -6.93916e-06
 61 -0.00432 -8.10284e-06 | 62  0.01364 -1.58660e-05 | 63 -0.00831 -6.07727e-06
 64 -0.01406 -6.89958e-06 | 65 -0.00150 -8.43976e-06 | 66  0.00598 -1.03301e-05
 67  0.01618 -1.45044e-05 | 68  0.00181 -9.85560e-06 | 69 -0.00208 -1.47110e-05
 70  0.02136 -2.72852e-05 | 71 -0.01418 -1.71359e-06 | 72 -0.01134 -1.13697e-05
 73 -0.00038 -1.04548e-05 | 74 -0.00776 -1.29659e-05 | 75  0.00301 -5.22356e-06
 76  0.01490 -1.75337e-05 | 77  0.00706 -1.92894e-05 | 78 -0.00751 -1.95789e-05
 79 -0.00429  6.68067e-06 | 80  0.02045 -1.13114e-08 | 81  0.00421  4.75782e-06
 82  0.00596 -4.89662e-06 | 83  0.00565  1.07716e-05 | 84  0.00230 -2.52315e-06
 85  0.02888  7.46577e-06 | 86 -0.01556  3.61292e-06 | 87  0.01227  1.24125e-05
 88 -0.03083  2.53191e-06 | 89 -0.04882  2.22068e-05 | 90  0.00220 -1.27874e-05
 91  0.00971  9.93925e-06 | 92  0.01228  7.08536e-06 | 93  0.03558  1.65370e-05
 94 -0.01852  9.95981e-07 | 95  0.02942  1.91751e-05 | 96 -0.04417  1.24112e-05
 97 -0.02345  1.12866e-05 | 98  0.01825  8.78399e-06 | 99 -0.01534  1.53005e-05
100 -0.01552  1.30492e-05 |101 -0.00926  1.69487e-05 |102  0.04119  7.27087e-06
103 -0.00958  2.67451e-05 |104 -0.00324  1.59937e-05 |105 -0.00008  1.28946e-05
106  0.00001  1.34563e-05 |107 -0.00272  1.24527e-05 |108 -0.07540 -2.01820e-05
109 -0.43056  1.95796e-05 |110 -0.18419 -2.24243e-05 |111  0.18133  6.03631e-08

Initial statistics: 112 variables; iteration 0; function evaluation 0; phase 6
Function value 5.6359893e+02; maximum gradient component mag -5.3741e-04
Var    Value     Gradient |Var    Value     Gradient |Var    Value     Gradient
  1 -0.44084  1.19139e-04 |  2 -0.42503 -5.37414e-04 |  3 -0.39497 -2.34213e-04
  4 -0.38850  1.81437e-05 |  5 -0.50494 -9.65572e-06 |  6  0.64889 -2.99669e-04
  7 -0.00024 -1.18782e-06 |  8 -0.00009 -4.69476e-07 |  9 -0.00010 -1.79337e-06
 10 -0.00013 -2.46673e-06 | 11 -0.00015 -3.15379e-07 | 12 -0.00017  1.04777e-05
 13 -0.00021  9.15819e-06 | 14 -0.00026  1.03937e-05 | 15 -0.00032  8.42186e-06
 16 -0.00038  1.06834e-05 | 17  0.00121  8.40209e-06 | 18 -0.00054  8.54811e-06
 19 -0.00062  8.49224e-06 | 20 -0.00071  8.08152e-06 | 21 -0.00077  6.15314e-06
 22 -0.00081  5.49426e-06 | 23 -0.00077  4.77916e-06 | 24 -0.00047  4.26243e-06
 25  0.00032  3.24385e-06 | 26  0.00033  2.72904e-06 | 27 -0.00132  3.12169e-06
 28 -0.00312  1.97102e-06 | 29 -0.00299  1.76600e-06 | 30  0.01780  5.93597e-07
 31  0.01032 -3.58333e-07 | 32  0.00288 -6.67239e-07 | 33  0.00201  7.20017e-07
 34 -0.00004 -1.93603e-06 | 35 -0.00216 -1.66262e-07 | 36 -0.00503  2.51035e-06
 37 -0.00596 -2.03484e-07 | 38 -0.00691 -8.66879e-07 | 39 -0.00873 -3.80383e-07
 40 -0.00517 -3.84361e-06 | 41 -0.00056 -7.76714e-06 | 42  0.00369 -5.10407e-06
 43  0.00281 -4.36948e-06 | 44  0.01689 -7.15612e-06 | 45  0.00980 -8.03600e-06
 46 -0.00115 -5.10752e-06 | 47 -0.00709 -5.23205e-06 | 48 -0.01195 -4.26515e-06
 49 -0.00624 -6.78303e-06 | 50 -0.00663 -7.22483e-06 | 51  0.00021 -9.75357e-06
 52  0.01787 -1.34975e-05 | 53  0.00248 -5.44317e-06 | 54 -0.01246 -4.05897e-06
 55 -0.01125 -6.09362e-06 | 56  0.01155 -1.02024e-05 | 57 -0.00562 -6.17523e-06
 58  0.00281 -1.00416e-05 | 59  0.01208 -1.49572e-05 | 60 -0.00689 -6.96918e-06
 61 -0.00432 -8.13286e-06 | 62  0.01364 -1.58960e-05 | 63 -0.00831 -6.10729e-06
 64 -0.01406 -6.92960e-06 | 65 -0.00150 -8.46978e-06 | 66  0.00598 -1.03601e-05
 67  0.01618 -1.45344e-05 | 68  0.00181 -9.88561e-06 | 69 -0.00208 -1.47410e-05
 70  0.02136 -2.73152e-05 | 71 -0.01418 -1.74360e-06 | 72 -0.01134 -1.13997e-05
 73 -0.00038 -1.04849e-05 | 74 -0.00776 -1.29959e-05 | 75  0.00301 -5.25357e-06
 76  0.01490 -1.75637e-05 | 77  0.00706 -1.93194e-05 | 78 -0.00751 -1.96089e-05
 79 -0.00429  6.65065e-06 | 80  0.02045 -4.13046e-08 | 81  0.00421  4.72780e-06
 82  0.00596 -4.92664e-06 | 83  0.00565  1.07416e-05 | 84  0.00230 -2.55318e-06
 85  0.02888  7.43578e-06 | 86 -0.01556  3.58290e-06 | 87  0.01227  1.23825e-05
 88 -0.03083  2.50191e-06 | 89 -0.04882  2.21768e-05 | 90  0.00220 -1.28174e-05
 91  0.00971  9.90922e-06 | 92  0.01228  7.05534e-06 | 93  0.03558  1.65070e-05
 94 -0.01852  9.65961e-07 | 95  0.02942  1.91451e-05 | 96 -0.04417  1.23812e-05
 97 -0.02345  1.12566e-05 | 98  0.01825  8.75396e-06 | 99 -0.01534  1.52705e-05
100 -0.01552  1.30192e-05 |101 -0.00926  1.69187e-05 |102  0.04119  7.24089e-06
103 -0.00958  2.67151e-05 |104 -0.00324  1.59637e-05 |105 -0.00008  1.28645e-05
106  0.00001  1.34263e-05 |107  0.00000  0.00000e+00 |108 -0.00272  1.24529e-05
109 -0.07540 -2.01820e-05 |110 -0.43056  1.95795e-05 |111 -0.18419 -2.24243e-05
112  0.18133  6.03630e-08 |
  ic > imax  in fminim is answer attained ?
Var    Value     Gradient |Var    Value     Gradient |Var    Value     Gradient
  1 -0.44084  1.19139e-04 |  2 -0.42503 -5.37414e-04 |  3 -0.39497 -2.34213e-04
  4 -0.38850  1.81437e-05 |  5 -0.50494 -9.65572e-06 |  6  0.64889 -2.99669e-04
  7 -0.00024 -1.18782e-06 |  8 -0.00009 -4.69476e-07 |  9 -0.00010 -1.79337e-06
 10 -0.00013 -2.46673e-06 | 11 -0.00015 -3.15379e-07 | 12 -0.00017  1.04777e-05
 13 -0.00021  9.15819e-06 | 14 -0.00026  1.03937e-05 | 15 -0.00032  8.42186e-06
 16 -0.00038  1.06834e-05 | 17  0.00121  8.40209e-06 | 18 -0.00054  8.54811e-06
 19 -0.00062  8.49224e-06 | 20 -0.00071  8.08152e-06 | 21 -0.00077  6.15314e-06
 22 -0.00081  5.49426e-06 | 23 -0.00077  4.77916e-06 | 24 -0.00047  4.26243e-06
 25  0.00032  3.24385e-06 | 26  0.00033  2.72904e-06 | 27 -0.00132  3.12169e-06
 28 -0.00312  1.97102e-06 | 29 -0.00299  1.76600e-06 | 30  0.01780  5.93597e-07
 31  0.01032 -3.58333e-07 | 32  0.00288 -6.67239e-07 | 33  0.00201  7.20017e-07
 34 -0.00004 -1.93603e-06 | 35 -0.00216 -1.66262e-07 | 36 -0.00503  2.51035e-06
 37 -0.00596 -2.03484e-07 | 38 -0.00691 -8.66879e-07 | 39 -0.00873 -3.80383e-07
 40 -0.00517 -3.84361e-06 | 41 -0.00056 -7.76714e-06 | 42  0.00369 -5.10407e-06
 43  0.00281 -4.36948e-06 | 44  0.01689 -7.15612e-06 | 45  0.00980 -8.03600e-06
 46 -0.00115 -5.10752e-06 | 47 -0.00709 -5.23205e-06 | 48 -0.01195 -4.26515e-06
 49 -0.00624 -6.78303e-06 | 50 -0.00663 -7.22483e-06 | 51  0.00021 -9.75357e-06
 52  0.01787 -1.34975e-05 | 53  0.00248 -5.44317e-06 | 54 -0.01246 -4.05897e-06
 55 -0.01125 -6.09362e-06 | 56  0.01155 -1.02024e-05 | 57 -0.00562 -6.17523e-06
 58  0.00281 -1.00416e-05 | 59  0.01208 -1.49572e-05 | 60 -0.00689 -6.96918e-06
 61 -0.00432 -8.13286e-06 | 62  0.01364 -1.58960e-05 | 63 -0.00831 -6.10729e-06
 64 -0.01406 -6.92960e-06 | 65 -0.00150 -8.46978e-06 | 66  0.00598 -1.03601e-05
 67  0.01618 -1.45344e-05 | 68  0.00181 -9.88561e-06 | 69 -0.00208 -1.47410e-05
 70  0.02136 -2.73152e-05 | 71 -0.01418 -1.74360e-06 | 72 -0.01134 -1.13997e-05
 73 -0.00038 -1.04849e-05 | 74 -0.00776 -1.29959e-05 | 75  0.00301 -5.25357e-06
 76  0.01490 -1.75637e-05 | 77  0.00706 -1.93194e-05 | 78 -0.00751 -1.96089e-05
 79 -0.00429  6.65065e-06 | 80  0.02045 -4.13046e-08 | 81  0.00421  4.72780e-06
 82  0.00596 -4.92664e-06 | 83  0.00565  1.07416e-05 | 84  0.00230 -2.55318e-06
 85  0.02888  7.43578e-06 | 86 -0.01556  3.58290e-06 | 87  0.01227  1.23825e-05
 88 -0.03083  2.50191e-06 | 89 -0.04882  2.21768e-05 | 90  0.00220 -1.28174e-05
 91  0.00971  9.90922e-06 | 92  0.01228  7.05534e-06 | 93  0.03558  1.65070e-05
 94 -0.01852  9.65961e-07 | 95  0.02942  1.91451e-05 | 96 -0.04417  1.23812e-05
 97 -0.02345  1.12566e-05 | 98  0.01825  8.75396e-06 | 99 -0.01534  1.52705e-05
100 -0.01552  1.30192e-05 |101 -0.00926  1.69187e-05 |102  0.04119  7.24089e-06
103 -0.00958  2.67151e-05 |104 -0.00324  1.59637e-05 |105 -0.00008  1.28645e-05
106  0.00001  1.34263e-05 |107  0.00000  0.00000e+00 |108 -0.00272  1.24529e-05
109 -0.07540 -2.01820e-05 |110 -0.43056  1.95795e-05 |111 -0.18419 -2.24243e-05
112  0.18133  6.03630e-08 |
Function minimizer not making progress ... is minimum attained?
Minimprove criterion = 0.0000e+00

 - final statistics:
112 variables; iteration 1; function evaluation 30
Function value 5.6360e+02; maximum gradient component mag -5.3741e-04
Exit code = 1;  converg criter 1.0000e-04
Var    Value     Gradient |Var    Value     Gradient |Var    Value     Gradient
  1 -0.44084  1.19139e-04 |  2 -0.42503 -5.37414e-04 |  3 -0.39497 -2.34213e-04
  4 -0.38850  1.81437e-05 |  5 -0.50494 -9.65572e-06 |  6  0.64889 -2.99669e-04
  7 -0.00024 -1.18782e-06 |  8 -0.00009 -4.69476e-07 |  9 -0.00010 -1.79337e-06
 10 -0.00013 -2.46673e-06 | 11 -0.00015 -3.15379e-07 | 12 -0.00017  1.04777e-05
 13 -0.00021  9.15819e-06 | 14 -0.00026  1.03937e-05 | 15 -0.00032  8.42186e-06
 16 -0.00038  1.06834e-05 | 17  0.00121  8.40209e-06 | 18 -0.00054  8.54811e-06
 19 -0.00062  8.49224e-06 | 20 -0.00071  8.08152e-06 | 21 -0.00077  6.15314e-06
 22 -0.00081  5.49426e-06 | 23 -0.00077  4.77916e-06 | 24 -0.00047  4.26243e-06
 25  0.00032  3.24385e-06 | 26  0.00033  2.72904e-06 | 27 -0.00132  3.12169e-06
 28 -0.00312  1.97102e-06 | 29 -0.00299  1.76600e-06 | 30  0.01780  5.93597e-07
 31  0.01032 -3.58333e-07 | 32  0.00288 -6.67239e-07 | 33  0.00201  7.20017e-07
 34 -0.00004 -1.93603e-06 | 35 -0.00216 -1.66262e-07 | 36 -0.00503  2.51035e-06
 37 -0.00596 -2.03484e-07 | 38 -0.00691 -8.66879e-07 | 39 -0.00873 -3.80383e-07
 40 -0.00517 -3.84361e-06 | 41 -0.00056 -7.76714e-06 | 42  0.00369 -5.10407e-06
 43  0.00281 -4.36948e-06 | 44  0.01689 -7.15612e-06 | 45  0.00980 -8.03600e-06
 46 -0.00115 -5.10752e-06 | 47 -0.00709 -5.23205e-06 | 48 -0.01195 -4.26515e-06
 49 -0.00624 -6.78303e-06 | 50 -0.00663 -7.22483e-06 | 51  0.00021 -9.75357e-06
 52  0.01787 -1.34975e-05 | 53  0.00248 -5.44317e-06 | 54 -0.01246 -4.05897e-06
 55 -0.01125 -6.09362e-06 | 56  0.01155 -1.02024e-05 | 57 -0.00562 -6.17523e-06
 58  0.00281 -1.00416e-05 | 59  0.01208 -1.49572e-05 | 60 -0.00689 -6.96918e-06
 61 -0.00432 -8.13286e-06 | 62  0.01364 -1.58960e-05 | 63 -0.00831 -6.10729e-06
 64 -0.01406 -6.92960e-06 | 65 -0.00150 -8.46978e-06 | 66  0.00598 -1.03601e-05
 67  0.01618 -1.45344e-05 | 68  0.00181 -9.88561e-06 | 69 -0.00208 -1.47410e-05
 70  0.02136 -2.73152e-05 | 71 -0.01418 -1.74360e-06 | 72 -0.01134 -1.13997e-05
 73 -0.00038 -1.04849e-05 | 74 -0.00776 -1.29959e-05 | 75  0.00301 -5.25357e-06
 76  0.01490 -1.75637e-05 | 77  0.00706 -1.93194e-05 | 78 -0.00751 -1.96089e-05
 79 -0.00429  6.65065e-06 | 80  0.02045 -4.13046e-08 | 81  0.00421  4.72780e-06
 82  0.00596 -4.92664e-06 | 83  0.00565  1.07416e-05 | 84  0.00230 -2.55318e-06
 85  0.02888  7.43578e-06 | 86 -0.01556  3.58290e-06 | 87  0.01227  1.23825e-05
 88 -0.03083  2.50191e-06 | 89 -0.04882  2.21768e-05 | 90  0.00220 -1.28174e-05
 91  0.00971  9.90922e-06 | 92  0.01228  7.05534e-06 | 93  0.03558  1.65070e-05
 94 -0.01852  9.65961e-07 | 95  0.02942  1.91451e-05 | 96 -0.04417  1.23812e-05
 97 -0.02345  1.12566e-05 | 98  0.01825  8.75396e-06 | 99 -0.01534  1.52705e-05
100 -0.01552  1.30192e-05 |101 -0.00926  1.69187e-05 |102  0.04119  7.24089e-06
103 -0.00958  2.67151e-05 |104 -0.00324  1.59637e-05 |105 -0.00008  1.28645e-05
106  0.00001  1.34263e-05 |107  0.00000  0.00000e+00 |108 -0.00272  1.24529e-05
109 -0.07540 -2.01820e-05 |110 -0.43056  1.95795e-05 |111 -0.18419 -2.24243e-05
112  0.18133  6.03630e-08 |
size of file gradfil1.tmp = 0
size of file gradfil2.tmp = 0
size of file varssave.tmp = 0
size of file cmpdiff.tmp = 0
