
Initial statistics: 1 variables; iteration 0; function evaluation 0; phase 1
Function value 5.9373108e+06; maximum gradient component mag -2.5390e+07
Var    Value     Gradient |Var    Value     Gradient |Var    Value     Gradient
  1  0.63197 -2.53904e+07 |

 - final statistics:
1 variables; iteration 8; function evaluation 45
Function value 1.0089e+03; maximum gradient component mag -3.1498e+00
Exit code = 1;  converg criter 1.0000e+01
Var    Value     Gradient |Var    Value     Gradient |Var    Value     Gradient
  1  0.81377 -3.14975e+00 |

Initial statistics: 98 variables; iteration 0; function evaluation 0; phase 2
Function value 1.0089480e+03; maximum gradient component mag 1.3308e+03
Var    Value     Gradient |Var    Value     Gradient |Var    Value     Gradient
  1  0.81377 -3.14975e+00 |  2  0.00000 -1.21037e+01 |  3  0.00000 -1.21299e+01
  4  0.00000 -1.21650e+01 |  5  0.00000 -1.22122e+01 |  6  0.00000 -1.22754e+01
  7  0.00000 -1.23598e+01 |  8  0.00000 -1.24728e+01 |  9  0.00000 -1.42333e+01
 10  0.00000 -1.28211e+01 | 11  0.00000 -1.30825e+01 | 12  0.00000 -1.34251e+01
 13  0.00000 -1.38798e+01 | 14  0.00000 -1.44164e+01 | 15  0.00000 -1.51245e+01
 16  0.00000 -1.60048e+01 | 17  0.00000 -1.71461e+01 | 18  0.00000 -1.92885e+01
 19  0.00000 -1.99092e+01 | 20  0.00000 -2.15836e+01 | 21  0.00000 -2.34084e+01
 22  0.00000 -2.74880e+01 | 23  0.00000 -2.60448e+01 | 24  0.00000 -2.73626e+01
 25  0.00000 -2.78395e+01 | 26  0.00000 -2.91506e+01 | 27  0.00000 -2.83666e+01
 28  0.00000 -4.45093e+01 | 29  0.00000 -5.40886e+01 | 30  0.00000 -2.35846e+01
 31  0.00000 -5.16237e+01 | 32  0.00000 -6.58353e+01 | 33  0.00000 -5.61730e+01
 34  0.00000 -4.22180e+01 | 35  0.00000 -3.75045e+01 | 36  0.00000 -7.46013e+01
 37  0.00000 -6.81707e+01 | 38  0.00000 -6.85491e+01 | 39  0.00000 -8.55418e+01
 40  0.00000 -7.01689e+01 | 41  0.00000 -1.00257e+02 | 42  0.00000 -1.13382e+02
 43  0.00000 -1.24180e+02 | 44  0.00000 -1.29563e+02 | 45  0.00000 -1.81170e+02
 46  0.00000 -1.70137e+02 | 47  0.00000 -1.93944e+02 | 48  0.00000 -2.22615e+02
 49  0.00000 -2.35709e+02 | 50  0.00000 -2.78674e+02 | 51  0.00000 -2.88893e+02
 52  0.00000 -2.95826e+02 | 53  0.00000 -3.24375e+02 | 54  0.00000 -3.46886e+02
 55  0.00000 -3.69668e+02 | 56  0.00000 -3.83201e+02 | 57  0.00000 -4.11076e+02
 58  0.00000 -4.84526e+02 | 59  0.00000 -4.67411e+02 | 60  0.00000 -4.32137e+02
 61  0.00000 -5.18002e+02 | 62  0.00000 -3.41261e+02 | 63  0.00000 -3.47114e+02
 64  0.00000 -6.46945e+02 | 65  0.00000 -1.10704e+03 | 66  0.00000 -5.53790e+02
 67  0.00000 -5.80359e+01 | 68  0.00000  1.05723e+02 | 69  0.00000  5.75955e+02
 70  0.00000  1.96989e+02 | 71  0.00000  6.69282e+02 | 72  0.00000 -2.04210e+02
 73  0.00000  1.33082e+03 | 74  0.00000 -6.93920e+02 | 75  0.00000  4.46696e+02
 76  0.00000  4.87757e+02 | 77  0.00000  1.60988e+02 | 78  0.00000  8.05260e+01
 79  0.00000  1.10827e+03 | 80  0.00000  4.81154e+02 | 81  0.00000  1.05838e+03
 82  0.00000  5.62513e+02 | 83  0.00000  1.03753e+03 | 84  0.00000 -1.17663e+03
 85  0.00000 -4.29393e+00 | 86  0.00000  5.92477e+02 | 87  0.00000  1.12690e+03
 88  0.00000  2.53567e+02 | 89  0.00000  7.92862e+02 | 90  0.00000  2.32181e+02
 91  0.00000  6.85786e+02 | 92  0.00000 -8.95459e+01 | 93  0.00000  5.39593e+02
 94  0.00000  1.06841e+00 | 95  0.00000 -1.16981e+01 | 96  0.00000 -1.20286e+01
 97 -0.03546 -1.22302e+02 | 98 -0.31026 -5.57830e+02 |

Intermediate statistics: 98 variables; iteration 20; function evaluation 34; phase 2
Function value 6.9156748e+02; maximum gradient component mag 1.3110e+03
Var    Value     Gradient |Var    Value     Gradient |Var    Value     Gradient
  1  0.73320  1.31096e+03 |  2 -0.01522 -7.95620e+01 |  3 -0.01520 -7.95561e+01
  4 -0.01518 -7.95481e+01 |  5 -0.01515 -7.95375e+01 |  6 -0.01511 -7.95233e+01
  7 -0.01506 -7.95042e+01 |  8 -0.01498 -7.94788e+01 |  9 -0.01363 -7.91387e+01
 10 -0.01476 -7.94003e+01 | 11 -0.01459 -7.93413e+01 | 12 -0.01436 -7.92636e+01
 13 -0.01406 -7.91597e+01 | 14 -0.01372 -7.90347e+01 | 15 -0.01325 -7.88690e+01
 16 -0.01266 -7.86600e+01 | 17 -0.01188 -7.83863e+01 | 18 -0.01028 -7.78772e+01
 19 -0.00998 -7.77006e+01 | 20 -0.00881 -7.72759e+01 | 21 -0.00754 -7.68085e+01
 22 -0.00418 -7.56961e+01 | 23 -0.00628 -7.63708e+01 | 24 -0.00567 -7.60635e+01
 25 -0.00607 -7.60699e+01 | 26 -0.00601 -7.59679e+01 | 27 -0.00843 -7.67037e+01
 28  0.00318 -7.31156e+01 | 29  0.00908 -7.11539e+01 | 30 -0.01715 -7.96955e+01
 31  0.00491 -7.21620e+01 | 32  0.01998 -6.61324e+01 | 33  0.00069 -7.33077e+01
 34 -0.01313 -7.82058e+01 | 35 -0.01778 -8.02980e+01 | 36  0.01457 -6.73752e+01
 37 -0.00295 -7.45771e+01 | 38 -0.00995 -7.77605e+01 | 39 -0.00177 -7.46562e+01
 40 -0.01914 -8.26615e+01 | 41  0.00149 -7.44188e+01 | 42  0.00208 -7.45016e+01
 43 -0.00030 -7.64665e+01 | 44 -0.01212 -8.29588e+01 | 45  0.01687 -6.95617e+01
 46  0.00129 -7.98054e+01 | 47  0.00399 -7.88232e+01 | 48  0.01963 -7.14028e+01
 49  0.00136 -8.14589e+01 | 50  0.02602 -6.64936e+01 | 51  0.03592 -6.46739e+01
 52 -0.00027 -8.36791e+01 | 53  0.01135 -7.65166e+01 | 54  0.01043 -7.55262e+01
 55  0.01357 -7.09390e+01 | 56  0.00783 -7.53869e+01 | 57  0.00445 -7.24626e+01
 58  0.07563 -5.61924e+00 | 59  0.02669 -3.90299e+01 | 60  0.00952 -5.19573e+01
 61  0.04855  1.62385e+01 | 62 -0.02644 -7.07945e+01 | 63 -0.01654 -6.53036e+01
 64  0.05109  5.70454e+01 | 65  0.07990  1.30358e+02 | 66  0.01535 -2.92464e+01
 67 -0.01358  1.87597e+01 | 68 -0.00267  1.66928e+02 | 69  0.00758  4.10350e+02
 70  0.00055  2.38396e+02 | 71  0.00434  3.87063e+02 | 72  0.01572  6.83588e+01
 73 -0.00858  6.53785e+02 | 74  0.03062 -2.08068e+02 | 75  0.01717  2.65707e+02
 76  0.00697  3.85705e+02 | 77  0.02280  1.48592e+02 | 78  0.01239  1.32652e+02
 79  0.00250  5.47426e+02 | 80 -0.00015  2.50787e+02 | 81  0.00077  4.73966e+02
 82 -0.00312  2.29993e+02 | 83 -0.00080  4.50500e+02 | 84  0.04253 -4.09694e+02
 85  0.01955 -7.43518e+01 | 86 -0.01459  1.59450e+02 | 87 -0.01215  3.83459e+02
 88 -0.01274 -2.20683e+01 | 89 -0.01757  1.65189e+02 | 90 -0.02747 -1.02222e+02
 91 -0.03341  1.52747e+00 | 92 -0.02289 -1.87113e+02 | 93 -0.04706 -7.79643e+01
 94 -0.01386 -8.50580e+01 | 95 -0.01540 -7.96780e+01 | 96 -0.01527 -7.95789e+01
 97 -0.00897  1.80228e+02 | 98 -0.17909  5.69973e+01 |
98 variables; iteration 40; function evaluation 58; phase 2
Function value 6.3613165e+02; maximum gradient component mag 1.9216e+03
Var    Value     Gradient |Var    Value     Gradient |Var    Value     Gradient
  1  0.75833  1.92158e+03 |  2 -0.00166 -8.90483e+01 |  3 -0.00166 -8.90542e+01
  4 -0.00166 -8.90622e+01 |  5 -0.00165 -8.90729e+01 |  6 -0.00165 -8.90872e+01
  7 -0.00164 -8.91061e+01 |  8 -0.00164 -8.91318e+01 |  9 -0.00127 -9.02310e+01
 10 -0.00161 -8.92069e+01 | 11 -0.00159 -8.92590e+01 | 12 -0.00155 -8.93207e+01
 13 -0.00149 -8.93828e+01 | 14 -0.00140 -8.94166e+01 | 15 -0.00125 -8.94363e+01
 16 -0.00103 -8.93998e+01 | 17 -0.00067 -8.92916e+01 | 18  0.00025 -8.92199e+01
 19  0.00046 -8.85751e+01 | 20  0.00127 -8.79526e+01 | 21  0.00220 -8.71956e+01
 22  0.00517 -8.55159e+01 | 23  0.00127 -8.88607e+01 | 24  0.00156 -8.79693e+01
 25  0.00061 -8.77791e+01 | 26 -0.00053 -8.84396e+01 | 27 -0.00537 -9.26071e+01
 28 -0.00467 -1.04686e+02 | 29 -0.00565 -1.12292e+02 | 30 -0.01453 -9.45476e+01
 31  0.00855 -8.17583e+01 | 32 -0.00870 -1.14644e+02 | 33 -0.00739 -9.82756e+01
 34 -0.01626 -9.52495e+01 | 35 -0.01360 -8.05475e+01 | 36  0.01158 -6.57365e+01
 37 -0.01165 -9.05814e+01 | 38 -0.02073 -9.97439e+01 | 39 -0.01638 -9.95309e+01
 40 -0.01006 -6.05752e+01 | 41 -0.00155 -6.54503e+01 | 42  0.00204 -5.69320e+01
 43  0.00123 -5.37702e+01 | 44 -0.00749 -6.20950e+01 | 45 -0.00719 -9.91263e+01
 46 -0.00012 -5.87542e+01 | 47  0.01591 -2.67271e+01 | 48  0.03225  4.62004e+00
 49  0.00906 -3.61804e+01 | 50  0.03175  7.56127e+00 | 51  0.01108 -4.19998e+01
 52  0.01665 -7.95486e+00 | 53  0.01839 -2.84436e+00 | 54  0.02084  1.35097e+01
 55  0.03831  8.96998e+01 | 56  0.00943 -4.66361e+00 | 57 -0.02210 -8.30367e+01
 58  0.04447  8.58366e+01 | 59  0.02562  6.33827e+01 | 60 -0.00273 -1.24011e+01
 61  0.04622  2.10518e+02 | 62 -0.02453 -1.39159e+01 | 63  0.01497  2.07396e+02
 64  0.03627  1.59391e+02 | 65  0.06619  3.03850e+02 | 66  0.01482  1.40225e+02
 67 -0.01783  9.29858e+01 | 68 -0.01108  1.75153e+02 | 69 -0.00915  2.90280e+02
 70 -0.01198  1.51706e+02 | 71 -0.01784  1.56386e+02 | 72  0.01301  1.84179e+02
 73 -0.04432  2.28219e+02 | 74  0.04603  4.14523e+02 | 75  0.01154  3.01223e+02
 76 -0.00121  2.73619e+02 | 77  0.01605  1.79910e+02 | 78  0.01191  2.14597e+02
 79 -0.01659  2.92213e+02 | 80 -0.00795  1.63233e+02 | 81 -0.01562  2.85025e+02
 82 -0.01831  1.47611e+00 | 83 -0.02589  1.24165e+02 | 84  0.05119 -6.61537e+01
 85  0.01626  5.24665e+00 | 86 -0.02447  1.46351e+01 | 87 -0.03349  8.85914e+01
 88 -0.01718 -9.81234e+01 | 89 -0.03658 -5.29125e+01 | 90 -0.02054 -1.61236e+00
 91 -0.04356 -5.76308e+01 | 92 -0.01721 -1.47878e+02 | 93 -0.04107  4.74882e+01
 94  0.00847 -6.49278e+01 | 95 -0.00122 -8.80618e+01 | 96 -0.00166 -8.90316e+01
 97 -0.01809  1.71006e+02 | 98 -0.21446 -2.39463e+01 |
98 variables; iteration 60; function evaluation 90; phase 2
Function value 6.1243218e+02; maximum gradient component mag 8.4847e+01
Var    Value     Gradient |Var    Value     Gradient |Var    Value     Gradient
  1  0.76066  8.48469e+01 |  2 -0.00105 -6.16149e+00 |  3 -0.00103 -6.15357e+00
  4 -0.00101 -6.14279e+00 |  5 -0.00099 -6.12817e+00 |  6 -0.00095 -6.10843e+00
  7 -0.00091 -6.08198e+00 |  8 -0.00084 -6.04504e+00 |  9  0.00165 -3.90259e+00
 10 -0.00065 -5.93475e+00 | 11 -0.00051 -5.85670e+00 | 12 -0.00033 -5.76411e+00
 13 -0.00011 -5.67815e+00 | 14  0.00008 -5.66699e+00 | 15  0.00029 -5.72035e+00
 16  0.00045 -5.96370e+00 | 17  0.00053 -6.49211e+00 | 18  0.00102 -7.32630e+00
 19 -0.00010 -8.92322e+00 | 20 -0.00040 -1.02527e+01 | 21 -0.00003 -1.06546e+01
 22  0.00236 -1.03072e+01 | 23  0.00239 -8.17292e+00 | 24  0.00308 -7.24441e+00
 25  0.00437 -4.32906e+00 | 26  0.00642 -7.96745e-01 | 27  0.00591  1.46066e+00
 28  0.00797 -8.94811e+00 | 29  0.00709 -1.67839e+01 | 30 -0.00582 -5.62920e+00
 31  0.00632 -1.07735e+01 | 32  0.01723 -7.39709e+00 | 33  0.00170 -1.28450e+01
 34 -0.00647 -9.86818e+00 | 35 -0.01360 -1.61317e+01 | 36 -0.00054 -2.45326e+01
 37 -0.00995 -2.40516e+01 | 38 -0.01267 -2.18086e+01 | 39 -0.00266 -1.43161e+01
 40 -0.01312 -1.09619e+01 | 41  0.00310 -6.42339e+00 | 42  0.00631 -2.96671e+00
 43  0.00269 -6.97974e+00 | 44 -0.00384 -8.01517e+00 | 45  0.01621 -6.39657e+00
 46  0.00857 -3.29955e+00 | 47  0.01305 -2.51791e+00 | 48  0.00811 -1.91497e+01
 49  0.00969 -8.32039e+00 | 50  0.02558 -3.21576e+00 | 51  0.01585 -1.82015e+01
 52  0.00831 -1.12048e+01 | 53  0.01800 -3.07978e+00 | 54  0.02983  1.77053e+01
 55  0.01904 -2.90851e+00 | 56  0.01339 -7.33705e+00 | 57  0.00989 -1.25056e+01
 58  0.04106 -1.50783e+01 | 59  0.03059  1.15298e+01 | 60  0.00444 -1.38810e+01
 61  0.03503  8.04682e+00 | 62 -0.00827  3.73673e+01 | 63 -0.00419  3.69544e+01
 64  0.03546 -8.48906e+00 | 65  0.06680 -1.39438e+01 | 66  0.01489  2.48433e+01
 67 -0.01999  2.16462e+01 | 68 -0.01532  2.59273e+01 | 69 -0.01910  2.73491e+01
 70 -0.01409  8.84259e+00 | 71 -0.02321  1.79541e+01 | 72  0.01471  2.42286e+01
 73 -0.05830  6.53447e+01 | 74  0.04679  3.13953e+01 | 75  0.00592  2.72746e+01
 76 -0.00839  3.00636e+01 | 77  0.01361  1.33884e+01 | 78  0.00930  1.83412e+01
 79 -0.03157  3.22889e+01 | 80 -0.01236  2.62514e+01 | 81 -0.03150  2.48567e+01
 82 -0.01690  3.31816e+00 | 83 -0.03838  3.75121e-01 | 84  0.06053  2.34528e+01
 85  0.01764  1.18685e+01 | 86 -0.02690 -4.06097e+00 | 87 -0.04232  2.89356e+01
 88 -0.01543 -1.26858e+01 | 89 -0.04098  2.70318e+00 | 90 -0.02657  7.53539e+00
 91 -0.05202 -1.53488e+01 | 92 -0.01765 -4.61677e+00 | 93 -0.06156  3.77315e-01
 94 -0.00671 -7.91045e+00 | 95 -0.00225 -7.64216e+00 | 96 -0.00108 -6.18345e+00
 97 -0.01788  1.25793e+01 | 98 -0.23017 -2.07131e+00 |
Maximum number of function evaluations exceeded

 - final statistics:
98 variables; iteration 66; function evaluation 100
Function value 6.1152e+02; maximum gradient component mag 4.2559e+01
Exit code = 3;  converg criter 1.0000e+01
Var    Value     Gradient |Var    Value     Gradient |Var    Value     Gradient
  1  0.76133  9.23126e+00 |  2 -0.00068 -2.25761e+00 |  3 -0.00067 -2.25516e+00
  4 -0.00066 -2.25174e+00 |  5 -0.00064 -2.24697e+00 |  6 -0.00061 -2.24038e+00
  7 -0.00058 -2.23136e+00 |  8 -0.00053 -2.21780e+00 |  9  0.00155 -5.91726e-01
 10 -0.00038 -2.17686e+00 | 11 -0.00027 -2.14810e+00 | 12 -0.00013 -2.11620e+00
 13  0.00004 -2.09954e+00 | 14  0.00019 -2.15981e+00 | 15  0.00036 -2.29998e+00
 16  0.00048 -2.64653e+00 | 17  0.00053 -3.31243e+00 | 18  0.00097 -4.35394e+00
 19  0.00000 -5.90943e+00 | 20  0.00005 -6.79971e+00 | 21  0.00109 -6.09163e+00
 22  0.00487 -3.39098e+00 | 23  0.00155 -6.67323e+00 | 24  0.00199 -6.05592e+00
 25  0.00294 -3.45422e+00 | 26  0.00528  9.97420e-01 | 27  0.00445  2.91594e+00
 28  0.00745 -6.67575e+00 | 29  0.00900 -1.10876e+01 | 30 -0.00583 -2.39033e+00
 31  0.00529 -9.78733e+00 | 32  0.01589 -6.31584e+00 | 33  0.00261 -8.96148e+00
 34 -0.00803 -9.70860e+00 | 35 -0.00834 -3.02560e+00 | 36  0.00196 -1.86662e+01
 37 -0.00693 -1.72228e+01 | 38 -0.00969 -1.49931e+01 | 39 -0.00044 -8.35825e+00
 40 -0.00959 -1.64716e+00 | 41  0.00383 -1.66996e+00 | 42  0.00527 -1.05372e+00
 43  0.00233 -4.56995e+00 | 44 -0.00169 -1.81954e+00 | 45  0.01642 -4.24881e+00
 46  0.00820 -1.41249e+00 | 47  0.00566 -9.85960e+00 | 48  0.01378 -1.03263e+01
 49  0.00975 -6.13037e+00 | 50  0.02606 -1.30476e+00 | 51  0.01509 -1.83880e+01
 52  0.00875 -1.00210e+01 | 53  0.01665 -4.73001e+00 | 54  0.02529  1.11118e+01
 55  0.01894 -2.61595e+00 | 56  0.01550 -4.28629e+00 | 57  0.01271 -8.86726e+00
 58  0.04162 -1.65138e+01 | 59  0.02960  8.29806e+00 | 60  0.00723 -8.34710e+00
 61  0.03416  1.88888e+00 | 62 -0.01139  2.84223e+01 | 63 -0.00684  2.65633e+01
 64  0.03590 -1.11189e+01 | 65  0.06704 -2.19147e+01 | 66  0.01430  1.68516e+01
 67 -0.02065  1.51460e+01 | 68 -0.01592  1.65383e+01 | 69 -0.01991  1.59233e+01
 70 -0.01401  7.39159e+00 | 71 -0.02373  1.18743e+01 | 72  0.01457  1.54033e+01
 73 -0.06113  4.25593e+01 | 74  0.04710  2.06961e+01 | 75  0.00571  1.90658e+01
 76 -0.00872  2.08726e+01 | 77  0.01345  6.29698e+00 | 78  0.00932  1.22203e+01
 79 -0.03245  2.15978e+01 | 80 -0.01276  1.72478e+01 | 81 -0.03229  1.62361e+01
 82 -0.01687  2.26569e+00 | 83 -0.03880 -7.24936e-01 | 84  0.06048  1.14406e+01
 85  0.01748  1.07552e+01 | 86 -0.02686 -2.23737e+00 | 87 -0.04368  1.69463e+01
 88 -0.01523 -7.54585e+00 | 89 -0.04160  9.90757e-01 | 90 -0.02704  6.04648e+00
 91 -0.05223 -9.18406e+00 | 92 -0.01794 -8.62523e-01 | 93 -0.06241  1.75147e+00
 94 -0.00994 -1.10949e+01 | 95 -0.00157 -3.30266e+00 | 96 -0.00071 -2.26398e+00
 97 -0.01818  4.14648e+00 | 98 -0.23153 -2.16492e+00 |

Initial statistics: 100 variables; iteration 0; function evaluation 0; phase 3
Function value 6.1152007e+02; maximum gradient component mag -2.6542e+02
Var    Value     Gradient |Var    Value     Gradient |Var    Value     Gradient
  1  0.76133  1.17264e+00 |  2 -0.00069 -2.09820e+00 |  3 -0.00068 -2.09572e+00
  4 -0.00066 -2.09227e+00 |  5 -0.00064 -2.08747e+00 |  6 -0.00062 -2.08088e+00
  7 -0.00058 -2.07189e+00 |  8 -0.00053 -2.05850e+00 |  9  0.00154 -5.53933e-01
 10 -0.00039 -2.01830e+00 | 11 -0.00028 -1.99020e+00 | 12 -0.00014 -1.95899e+00
 13  0.00004 -1.94168e+00 | 14  0.00019 -1.99374e+00 | 15  0.00036 -2.11640e+00
 16  0.00048 -2.42080e+00 | 17  0.00052 -3.00369e+00 | 18  0.00096 -3.91361e+00
 19 -0.00000 -5.28956e+00 | 20  0.00005 -6.11811e+00 | 21  0.00109 -5.57789e+00
 22  0.00486 -3.29199e+00 | 23  0.00154 -5.94858e+00 | 24  0.00199 -5.38849e+00
 25  0.00294 -3.03484e+00 | 26  0.00528  8.50817e-01 | 27  0.00444  2.59033e+00
 28  0.00745 -6.25757e+00 | 29  0.00900 -1.05338e+01 | 30 -0.00584 -2.36602e+00
 31  0.00528 -9.01931e+00 | 32  0.01589 -6.02410e+00 | 33  0.00261 -8.51325e+00
 34 -0.00803 -9.39787e+00 | 35 -0.00834 -3.10439e+00 | 36  0.00195 -1.74164e+01
 37 -0.00693 -1.61492e+01 | 38 -0.00969 -1.39314e+01 | 39 -0.00045 -7.73238e+00
 40 -0.00959 -1.93009e+00 | 41  0.00382 -2.23353e+00 | 42  0.00527 -1.53993e+00
 43  0.00232 -4.81515e+00 | 44 -0.00170 -1.89368e+00 | 45  0.01642 -4.41659e+00
 46  0.00819 -1.68663e+00 | 47  0.00566 -9.87432e+00 | 48  0.01377 -1.00587e+01
 49  0.00975 -6.21162e+00 | 50  0.02605 -1.75948e+00 | 51  0.01509 -1.78071e+01
 52  0.00874 -9.37064e+00 | 53  0.01665 -4.65860e+00 | 54  0.02529  9.82556e+00
 55  0.01894 -2.75249e+00 | 56  0.01550 -3.98836e+00 | 57  0.01270 -8.29001e+00
 58  0.04162 -1.68429e+01 | 59  0.02959  7.36869e+00 | 60  0.00722 -7.41122e+00
 61  0.03416  6.62727e-01 | 62 -0.01140  2.66575e+01 | 63 -0.00684  2.47751e+01
 64  0.03590 -1.13843e+01 | 65  0.06703 -2.25331e+01 | 66  0.01430  1.54333e+01
 67 -0.02065  1.39222e+01 | 68 -0.01592  1.46837e+01 | 69 -0.01991  1.39043e+01
 70 -0.01402  7.05911e+00 | 71 -0.02374  1.07941e+01 | 72  0.01457  1.39861e+01
 73 -0.06113  3.84146e+01 | 74  0.04710  1.94191e+01 | 75  0.00571  1.77293e+01
 76 -0.00872  1.90529e+01 | 77  0.01344  5.28790e+00 | 78  0.00932  1.11942e+01
 79 -0.03245  1.96993e+01 | 80 -0.01277  1.57007e+01 | 81 -0.03229  1.46249e+01
 82 -0.01688  2.00223e+00 | 83 -0.03880 -1.10717e+00 | 84  0.06047  9.84656e+00
 85  0.01748  1.01221e+01 | 86 -0.02686 -2.11928e+00 | 87 -0.04369  1.46659e+01
 88 -0.01524 -6.75816e+00 | 89 -0.04161  4.32286e-01 | 90 -0.02704  5.32888e+00
 91 -0.05224 -8.39083e+00 | 92 -0.01795 -6.65621e-01 | 93 -0.06241  1.49239e+00
 94 -0.00995 -1.04457e+01 | 95 -0.00157 -3.08146e+00 | 96 -0.00072 -2.10471e+00
 97 -0.01818  3.21000e+00 | 98 -0.41581 -9.82382e+01 | 99 -0.23153 -2.41844e+00
100 -0.25275 -2.65417e+02 |

Intermediate statistics: 100 variables; iteration 20; function evaluation 22; phase 3
Function value 6.0604599e+02; maximum gradient component mag 2.3066e+02
Var    Value     Gradient |Var    Value     Gradient |Var    Value     Gradient
  1  0.76449  2.30663e+02 |  2  0.00042 -1.49257e+01 |  3  0.00042 -1.49248e+01
  4  0.00043 -1.49235e+01 |  5  0.00045 -1.49217e+01 |  6  0.00047 -1.49192e+01
  7  0.00050 -1.49156e+01 |  8  0.00054 -1.49100e+01 |  9  0.00228 -1.39146e+01
 10  0.00065 -1.48934e+01 | 11  0.00074 -1.48824e+01 | 12  0.00085 -1.48717e+01
 13  0.00100 -1.48730e+01 | 14  0.00112 -1.49238e+01 | 15  0.00128 -1.50251e+01
 16  0.00141 -1.52495e+01 | 17  0.00153 -1.56584e+01 | 18  0.00211 -1.62803e+01
 19  0.00141 -1.71936e+01 | 20  0.00158 -1.77484e+01 | 21  0.00239 -1.74334e+01
 22  0.00542 -1.60540e+01 | 23  0.00280 -1.76919e+01 | 24  0.00297 -1.73761e+01
 25  0.00316 -1.59248e+01 | 26  0.00439 -1.34482e+01 | 27  0.00302 -1.23105e+01
 28  0.00749 -1.84217e+01 | 29  0.00966 -2.14347e+01 | 30 -0.00413 -1.48582e+01
 31  0.00588 -1.98352e+01 | 32  0.01435 -1.85401e+01 | 33  0.00226 -1.99232e+01
 34 -0.00819 -2.06801e+01 | 35 -0.00547 -1.43805e+01 | 36  0.00305 -2.54056e+01
 37 -0.00618 -2.49284e+01 | 38 -0.00947 -2.34429e+01 | 39 -0.00165 -1.86410e+01
 40 -0.00664 -1.19296e+01 | 41  0.00109 -1.42080e+01 | 42  0.00180 -1.40083e+01
 43 -0.00028 -1.59920e+01 | 44 -0.00481 -1.35418e+01 | 45  0.01972 -1.15926e+01
 46  0.00471 -1.21328e+01 | 47  0.00344 -1.81634e+01 | 48  0.01055 -1.79124e+01
 49  0.00590 -1.46341e+01 | 50  0.02886 -5.58052e+00 | 51  0.01348 -2.05054e+01
 52  0.00538 -1.53976e+01 | 53  0.01211 -1.01510e+01 | 54  0.01874  4.27293e+00
 55  0.02033 -3.49356e+00 | 56  0.01101 -7.04477e+00 | 57  0.00829 -1.14011e+01
 58  0.03483 -1.25263e+01 | 59  0.02348  1.02183e+01 | 60  0.00689 -4.17295e+00
 61  0.03574  2.67674e+01 | 62 -0.00953  4.35761e+01 | 63 -0.00137  5.29116e+01
 64  0.03266  1.33255e+01 | 65  0.06693  5.46625e+01 | 66  0.01347  5.51379e+01
 67 -0.02161  2.65124e+01 | 68 -0.01957  1.67581e+01 | 69 -0.01612  3.42003e+01
 70 -0.01858  6.11542e-01 | 71 -0.01923  2.72994e+01 | 72  0.00936 -7.61936e+00
 73 -0.05166  8.93684e+01 | 74  0.04359  1.08122e+02 | 75  0.00557 -2.74464e+01
 76 -0.01514 -2.02824e+00 | 77  0.01576  1.49391e+01 | 78  0.00295 -2.48748e+01
 79 -0.02754  4.16804e+01 | 80 -0.01842 -1.01357e+01 | 81 -0.02710  3.53390e+01
 82 -0.02271 -3.52303e+01 | 83 -0.03220  1.56166e+01 | 84  0.05755  8.82050e+01
 85  0.01810 -3.58009e+01 | 86 -0.03182 -3.74413e+01 | 87 -0.03799  3.16927e+01
 88 -0.01966 -4.23387e+01 | 89 -0.03576  7.00810e+00 | 90 -0.02970 -2.10113e+01
 91 -0.04441 -4.75218e+00 | 92 -0.01867 -2.51786e+01 | 93 -0.04827  1.69209e+01
 94 -0.01119 -2.21754e+01 | 95 -0.00101 -1.56877e+01 | 96  0.00039 -1.49278e+01
 97  0.06187  1.81640e+01 | 98 -0.38223 -3.77900e+01 | 99 -0.14089  1.62903e+01
100 -0.22162 -1.48477e+02 |
100 variables; iteration 40; function evaluation 48; phase 3
Function value 6.0318611e+02; maximum gradient component mag -3.1780e+01
Var    Value     Gradient |Var    Value     Gradient |Var    Value     Gradient
  1  0.76730  2.84129e+01 |  2 -0.00025 -2.82562e+00 |  3 -0.00024 -2.82614e+00
  4 -0.00023 -2.82690e+00 |  5 -0.00022 -2.82798e+00 |  6 -0.00020 -2.82950e+00
  7 -0.00018 -2.83159e+00 |  8 -0.00015 -2.83500e+00 |  9  0.00053 -3.47528e+00
 10 -0.00005 -2.84474e+00 | 11  0.00002 -2.85088e+00 | 12  0.00012 -2.85606e+00
 13  0.00027 -2.85130e+00 | 14  0.00045 -2.81240e+00 | 15  0.00071 -2.73677e+00
 16  0.00109 -2.57613e+00 | 17  0.00166 -2.29076e+00 | 18  0.00294 -1.86485e+00
 19  0.00324 -1.27019e+00 | 20  0.00404 -9.06957e-01 | 21  0.00456 -1.03919e+00
 22  0.00624 -1.62017e+00 | 23  0.00523 -9.54938e-01 | 24  0.00514 -1.02632e+00
 25  0.00383 -1.80554e+00 | 26  0.00234 -3.46174e+00 | 27 -0.00048 -4.62295e+00
 28  0.00967 -1.79096e+00 | 29  0.01438 -7.06357e-01 | 30 -0.00547 -3.71337e+00
 31  0.00900 -2.05496e+00 | 32  0.01780 -4.32859e-01 | 33  0.00531 -2.15005e+00
 34 -0.00519 -2.93663e+00 | 35 -0.00580 -1.99783e+00 | 36  0.01213  1.17654e+00
 37  0.00155 -1.43109e-01 | 38 -0.00391 -2.19990e+00 | 39  0.00114 -2.75162e+00
 40 -0.00445  3.20169e+00 | 41 -0.00098 -6.01657e+00 | 42 -0.00071 -6.74937e+00
 43 -0.00043 -5.66791e+00 | 44 -0.00507 -3.64154e+00 | 45  0.02042 -1.22434e-02
 46  0.00157 -7.20775e+00 | 47  0.00637 -4.22005e+00 | 48  0.01278 -5.71189e+00
 49  0.00651 -5.27197e+00 | 50  0.02950  2.52481e+00 | 51  0.02315 -4.64405e-02
 52  0.00909 -2.72938e+00 | 53  0.01261 -4.41787e+00 | 54  0.01623  2.29928e+00
 55  0.02286  3.90899e+00 | 56  0.01184 -2.64223e+00 | 57  0.01092 -3.93260e+00
 58  0.04047 -8.76405e+00 | 59  0.01662 -9.51106e+00 | 60  0.00709 -8.78784e+00
 61  0.03100 -7.04037e+00 | 62 -0.02194  2.35170e+00 | 63 -0.01464 -4.21928e+00
 64  0.03666  2.30641e+01 | 65  0.06567 -4.00727e+00 | 66  0.01123  1.96229e+01
 67 -0.02454 -8.86424e-01 | 68 -0.01992  8.08251e+00 | 69 -0.01717  1.40542e+01
 70 -0.01861 -8.48672e-01 | 71 -0.02027  8.40251e+00 | 72  0.01004 -4.42841e-01
 73 -0.05873  1.61250e+01 | 74  0.04113 -4.63885e-01 | 75  0.00766  1.70095e+01
 76 -0.01484  2.18752e+00 | 77  0.01617  1.75357e+01 | 78  0.00435 -6.10559e-01
 79 -0.02882  2.36353e+01 | 80 -0.01699  1.70739e+01 | 81 -0.02889  7.15810e+00
 82 -0.02104 -2.59191e+00 | 83 -0.03303  5.91392e+00 | 84  0.05484 -5.08008e+00
 85  0.01932  1.65257e+01 | 86 -0.03084 -8.32482e+00 | 87 -0.04067  6.44434e+00
 88 -0.01936 -1.95323e+01 | 89 -0.03626  1.80689e+01 | 90 -0.03027 -6.93675e+00
 91 -0.04618 -1.02711e+01 | 92 -0.01891 -1.61475e+00 | 93 -0.05155  3.42165e+00
 94 -0.01135 -4.68643e+00 | 95 -0.00061 -2.08102e+00 | 96 -0.00027 -2.82439e+00
 97  0.05156  4.49503e+00 | 98 -0.38603 -1.95399e+01 | 99 -0.11425  5.00286e-01
100 -0.20879 -3.17800e+01 |
100 variables; iteration 60; function evaluation 80; phase 3
Function value 6.0280351e+02; maximum gradient component mag -5.8606e+00
Var    Value     Gradient |Var    Value     Gradient |Var    Value     Gradient
  1  0.76921 -5.86056e+00 |  2  0.00063  3.43912e-01 |  3  0.00064  3.42376e-01
  4  0.00065  3.40306e-01 |  5  0.00066  3.37516e-01 |  6  0.00068  3.33747e-01
  7  0.00070  3.28664e-01 |  8  0.00073  3.21733e-01 |  9  0.00182  3.19808e-01
 10  0.00081  2.99673e-01 | 11  0.00088  2.82488e-01 | 12  0.00097  2.59391e-01
 13  0.00109  2.30713e-01 | 14  0.00122  1.96405e-01 | 15  0.00141  1.60535e-01
 16  0.00167  1.38061e-01 | 17  0.00206  1.55497e-01 | 18  0.00310  2.40402e-01
 19  0.00311  3.95912e-01 | 20  0.00370  4.65918e-01 | 21  0.00425  4.10673e-01
 22  0.00637  4.81101e-01 | 23  0.00480  3.45745e-01 | 24  0.00474  3.35245e-01
 25  0.00393  3.02492e-01 | 26  0.00327 -7.16986e-02 | 27  0.00139  2.34962e-01
 28  0.00988  5.24228e-01 | 29  0.01403  7.21986e-01 | 30 -0.00420  2.08295e-01
 31  0.00916  2.03824e-01 | 32  0.01629 -2.45292e-01 | 33  0.00546  1.03049e-01
 34 -0.00459  2.29563e-01 | 35 -0.00558  2.54017e-01 | 36  0.00984  1.09610e-01
 37 -0.00011 -4.10641e-01 | 38 -0.00396  2.20708e-01 | 39  0.00189  1.26819e+00
 40 -0.00737  9.84666e-02 | 41  0.00170  8.93856e-01 | 42  0.00204  3.43984e-01
 43  0.00100 -3.68244e-01 | 44 -0.00382  1.07205e+00 | 45  0.01925 -6.59489e-01
 46  0.00463  5.44233e-01 | 47  0.00715  7.42147e-02 | 48  0.01472  4.97891e-01
 49  0.00827  3.03698e-01 | 50  0.02751  7.25274e-01 | 51  0.02102  2.57736e-01
 52  0.00830 -8.72496e-01 | 53  0.01347 -1.20732e-01 | 54  0.01247 -1.10612e+00
 55  0.01938 -5.67798e-01 | 56  0.01157 -4.27119e-02 | 57  0.01158  4.69869e-01
 58  0.04329  1.37731e+00 | 59  0.01878  8.03039e-02 | 60  0.00924  4.26972e-01
 61  0.03189  1.84621e-01 | 62 -0.02376 -3.29394e-01 | 63 -0.01401  1.08976e-01
 64  0.03259 -1.81404e+00 | 65  0.06548 -1.36887e+00 | 66  0.00824 -1.71588e+00
 67 -0.02489  1.05726e-02 | 68 -0.02090  9.71203e-01 | 69 -0.01824 -7.56474e-01
 70 -0.01894 -6.53096e-01 | 71 -0.02088 -2.21890e-01 | 72  0.00985 -5.79411e-01
 73 -0.06050 -7.54694e-01 | 74  0.04099 -1.35555e+00 | 75  0.00692 -7.02435e-01
 76 -0.01522 -9.59896e-01 | 77  0.01550 -1.04240e+00 | 78  0.00420 -6.78020e-01
 79 -0.03046 -1.64993e+00 | 80 -0.01828 -1.26689e+00 | 81 -0.02951 -4.68464e-01
 82 -0.02111  8.07779e-01 | 83 -0.03351  1.21908e-01 | 84  0.05466 -6.64939e-01
 85  0.01859 -4.98334e-01 | 86 -0.03047  4.93093e-01 | 87 -0.04138  3.98225e-01
 88 -0.01858  8.30661e-01 | 89 -0.03748 -5.66052e-02 | 90 -0.03012 -1.03663e-01
 91 -0.04554  1.44902e+00 | 92 -0.01919 -2.45541e-01 | 93 -0.05185  4.01237e-01
 94 -0.01203 -1.74449e+00 | 95 -0.00031  3.12484e-01 | 96  0.00062  3.48288e-01
 97  0.05517 -1.50157e+00 | 98 -0.38431  3.45161e+00 | 99 -0.09943 -9.09652e-01
100 -0.20196  8.76710e-01 |
Maximum number of function evaluations exceeded

 - final statistics:
100 variables; iteration 73; function evaluation 100
Function value 6.0280e+02; maximum gradient component mag -3.5125e+00
Exit code = 3;  converg criter 1.0000e+00
Var    Value     Gradient |Var    Value     Gradient |Var    Value     Gradient
  1  0.76930 -3.51253e+00 |  2  0.00064  2.25955e-01 |  3  0.00064  2.24405e-01
  4  0.00065  2.22310e-01 |  5  0.00066  2.19472e-01 |  6  0.00068  2.15613e-01
  7  0.00070  2.10364e-01 |  8  0.00073  2.03166e-01 |  9  0.00184  2.29279e-01
 10  0.00081  1.79882e-01 | 11  0.00088  1.61645e-01 | 12  0.00097  1.37491e-01
 13  0.00109  1.08766e-01 | 14  0.00122  7.82740e-02 | 15  0.00142  5.73308e-02
 16  0.00170  6.74184e-02 | 17  0.00212  1.23725e-01 | 18  0.00315  1.89916e-01
 19  0.00304  1.77528e-01 | 20  0.00357  1.60225e-01 | 21  0.00417  1.71372e-01
 22  0.00616  5.15235e-02 | 23  0.00478  1.99931e-01 | 24  0.00475  2.22959e-01
 25  0.00386  8.29605e-02 | 26  0.00345  8.66714e-02 | 27  0.00145  2.21880e-01
 28  0.00978  2.53085e-01 | 29  0.01381  2.69380e-01 | 30 -0.00433 -1.07027e-01
 31  0.00918  1.28002e-01 | 32  0.01649 -8.53989e-02 | 33  0.00532 -1.84134e-01
 34 -0.00451  2.78429e-01 | 35 -0.00545  3.87931e-01 | 36  0.00989  1.06997e-01
 37  0.00033  1.98933e-01 | 38 -0.00394  1.64925e-01 | 39  0.00159  6.18570e-01
 40 -0.00730  1.05454e-01 | 41  0.00137  2.85142e-01 | 42  0.00206  2.96525e-01
 43  0.00138  1.35096e-01 | 44 -0.00444 -1.16040e-01 | 45  0.01955 -1.03542e-01
 46  0.00453  2.98938e-01 | 47  0.00719  5.79840e-02 | 48  0.01447  8.68357e-02
 49  0.00820  1.18956e-01 | 50  0.02725  1.74705e-01 | 51  0.02087 -2.81179e-02
 52  0.00878 -2.84878e-01 | 53  0.01351 -8.16490e-02 | 54  0.01297 -2.70265e-01
 55  0.01960 -2.25283e-01 | 56  0.01162 -5.05750e-02 | 57  0.01144  1.10865e-01
 58  0.04268  1.66151e-01 | 59  0.01879 -8.44898e-02 | 60  0.00909  5.07687e-02
 61  0.03179 -1.50081e-01 | 62 -0.02371 -1.75788e-01 | 63 -0.01407 -5.36019e-02
 64  0.03269 -8.51635e-01 | 65  0.06546 -9.60047e-01 | 66  0.00831 -7.48810e-01
 67 -0.02493 -8.83703e-02 | 68 -0.02099  1.66631e-01 | 69 -0.01821 -2.99998e-01
 70 -0.01896 -3.44584e-01 | 71 -0.02087 -1.16078e-01 | 72  0.00981 -4.28384e-01
 73 -0.06043 -2.27094e-01 | 74  0.04093 -8.71904e-01 | 75  0.00693 -3.18015e-01
 76 -0.01523 -4.08646e-01 | 77  0.01551 -4.65928e-01 | 78  0.00416 -3.99142e-01
 79 -0.03038 -5.08574e-01 | 80 -0.01828 -4.97535e-01 | 81 -0.02947 -1.10356e-01
 82 -0.02119  1.74076e-01 | 83 -0.03349  8.45518e-02 | 84  0.05461 -4.54176e-01
 85  0.01860 -1.43793e-01 | 86 -0.03052  1.62373e-01 | 87 -0.04137  2.13495e-01
 88 -0.01864  2.66354e-01 | 89 -0.03744  6.26972e-02 | 90 -0.03012  3.26281e-02
 91 -0.04555  5.81849e-01 | 92 -0.01915 -2.00653e-02 | 93 -0.05175  2.58527e-01
 94 -0.01128 -1.96996e-01 | 95 -0.00034  1.33207e-01 | 96  0.00062  2.30346e-01
 97  0.05531 -7.45377e-01 | 98 -0.38431  1.54830e+00 | 99 -0.09823 -4.66225e-01
100 -0.20159  5.82338e-01 |

Initial statistics: 107 variables; iteration 0; function evaluation 0; phase 4
Function value 6.0279863e+02; maximum gradient component mag -1.5772e+03
Var    Value     Gradient |Var    Value     Gradient |Var    Value     Gradient
  1 -0.42263  3.21431e+02 |  2 -0.42263 -1.57722e+03 |  3 -0.41094 -4.69324e+02
  4  0.76930 -3.51253e+00 |  5  0.00000 -3.75534e-02 |  6  0.00000 -1.32533e-02
  7  0.00000 -1.79105e-02 |  8  0.00000 -2.41940e-02 |  9  0.00064  2.21527e-01
 10  0.00064  2.19978e-01 | 11  0.00065  2.17882e-01 | 12  0.00066  2.15045e-01
 13  0.00068  2.11186e-01 | 14  0.00070  2.05937e-01 | 15  0.00073  1.98738e-01
 16  0.00183  2.24852e-01 | 17  0.00081  1.75455e-01 | 18  0.00088  1.57218e-01
 19  0.00097  1.33064e-01 | 20  0.00109  1.04338e-01 | 21  0.00122  7.38468e-02
 22  0.00142  5.29037e-02 | 23  0.00170  6.29913e-02 | 24  0.00212  1.19297e-01
 25  0.00315  1.85489e-01 | 26  0.00304  1.73101e-01 | 27  0.00357  1.55798e-01
 28  0.00417  1.66944e-01 | 29  0.00616  4.70966e-02 | 30  0.00478  1.95503e-01
 31  0.00475  2.18532e-01 | 32  0.00386  7.85334e-02 | 33  0.00345  8.22443e-02
 34  0.00145  2.17453e-01 | 35  0.00978  2.48659e-01 | 36  0.01381  2.64953e-01
 37 -0.00433 -1.11454e-01 | 38  0.00918  1.23576e-01 | 39  0.01649 -8.98246e-02
 40  0.00532 -1.88562e-01 | 41 -0.00451  2.74002e-01 | 42 -0.00545  3.83504e-01
 43  0.00989  1.02571e-01 | 44  0.00033  1.94506e-01 | 45 -0.00394  1.60497e-01
 46  0.00159  6.14143e-01 | 47 -0.00730  1.01027e-01 | 48  0.00137  2.80714e-01
 49  0.00206  2.92098e-01 | 50  0.00138  1.30668e-01 | 51 -0.00444 -1.20467e-01
 52  0.01955 -1.07967e-01 | 53  0.00453  2.94511e-01 | 54  0.00719  5.35571e-02
 55  0.01447  8.24096e-02 | 56  0.00820  1.14529e-01 | 57  0.02725  1.70282e-01
 58  0.02087 -3.25427e-02 | 59  0.00878 -2.89305e-01 | 60  0.01351 -8.60752e-02
 61  0.01297 -2.74691e-01 | 62  0.01960 -2.29708e-01 | 63  0.01162 -5.50014e-02
 64  0.01144  1.06438e-01 | 65  0.04268  1.61733e-01 | 66  0.01879 -8.89150e-02
 67  0.00909  4.63419e-02 | 68  0.03179 -1.54502e-01 | 69 -0.02371 -1.80212e-01
 70 -0.01407 -5.80280e-02 | 71  0.03269 -8.56056e-01 | 72  0.06546 -9.64450e-01
 73  0.00831 -7.53237e-01 | 74 -0.02493 -9.27941e-02 | 75 -0.02099  1.62207e-01
 76 -0.01821 -3.04423e-01 | 77 -0.01896 -3.49009e-01 | 78 -0.02087 -1.20503e-01
 79  0.00981 -4.32810e-01 | 80 -0.06043 -2.31502e-01 | 81  0.04093 -8.76322e-01
 82  0.00693 -3.22442e-01 | 83 -0.01523 -4.13072e-01 | 84  0.01551 -4.70354e-01
 85  0.00416 -4.03569e-01 | 86 -0.03038 -5.12996e-01 | 87 -0.01828 -5.01960e-01
 88 -0.02947 -1.14778e-01 | 89 -0.02119  1.69651e-01 | 90 -0.03349  8.01307e-02
 91  0.05461 -4.58587e-01 | 92  0.01860 -1.48219e-01 | 93 -0.03052  1.57950e-01
 94 -0.04137  2.09077e-01 | 95 -0.01864  2.61928e-01 | 96 -0.03744  5.82776e-02
 97 -0.03012  2.82059e-02 | 98 -0.04555  5.77433e-01 | 99 -0.01915 -2.44905e-02
100 -0.05175  2.54114e-01 |101 -0.01128 -2.01423e-01 |102 -0.00034  1.28780e-01
103  0.00062  2.25919e-01 |104  0.05531 -7.45377e-01 |105 -0.38431  1.54830e+00
106 -0.09823 -4.66225e-01 |107 -0.20159  5.82338e-01 |

Intermediate statistics: 107 variables; iteration 20; function evaluation 23; phase 4
Function value 5.9353571e+02; maximum gradient component mag -3.9542e+02
Var    Value     Gradient |Var    Value     Gradient |Var    Value     Gradient
  1 -0.44033 -7.53164e+01 |  2 -0.41734 -3.95418e+02 |  3 -0.40210  1.59143e+01
  4  0.75406 -1.85568e+01 |  5  0.00003  1.87479e-02 |  6  0.00001  6.60800e-03
  7  0.00002  8.91176e-03 |  8  0.00002  1.20074e-02 |  9  0.00117 -5.28495e+00
 10  0.00117 -5.28635e+00 | 11  0.00118 -5.28829e+00 | 12  0.00119 -5.29098e+00
 13  0.00120 -5.29466e+00 | 14  0.00122 -5.29976e+00 | 15  0.00124 -5.30656e+00
 16  0.00230 -5.34208e+00 | 17  0.00131 -5.32884e+00 | 18  0.00136 -5.34648e+00
 19  0.00143 -5.37097e+00 | 20  0.00152 -5.40144e+00 | 21  0.00162 -5.44808e+00
 22  0.00174 -5.52048e+00 | 23  0.00189 -5.63585e+00 | 24  0.00210 -5.80500e+00
 25  0.00287 -6.00190e+00 | 26  0.00260 -6.13118e+00 | 27  0.00300 -6.23294e+00
 28  0.00350 -6.27589e+00 | 29  0.00565 -6.12732e+00 | 30  0.00446 -5.95080e+00
 31  0.00469 -5.80105e+00 | 32  0.00399 -5.79266e+00 | 33  0.00333 -6.05921e+00
 34  0.00069 -6.58938e+00 | 35  0.00735 -7.39455e+00 | 36  0.01325 -7.32296e+00
 37 -0.00647 -7.02889e+00 | 38  0.00648 -7.22283e+00 | 39  0.01663 -5.10244e+00
 40  0.00831 -4.73958e+00 | 41 -0.00410 -5.28604e+00 | 42 -0.00576 -4.26925e+00
 43  0.01192 -4.27297e+00 | 44  0.00060 -5.75722e+00 | 45 -0.00473 -6.32863e+00
 46  0.00066 -6.56074e+00 | 47 -0.00879 -6.32497e+00 | 48  0.00100 -5.95310e+00
 49  0.00120 -6.38679e+00 | 50  0.00078 -6.20081e+00 | 51 -0.00434 -5.56952e+00
 52  0.01707 -7.11382e+00 | 53  0.00244 -7.66394e+00 | 54  0.00351 -8.27471e+00
 55  0.01185 -7.49269e+00 | 56  0.00594 -7.63422e+00 | 57  0.02162 -1.02842e+01
 58  0.01861 -7.97500e+00 | 59  0.00716 -7.79195e+00 | 60  0.00898 -8.90625e+00
 61  0.01081 -7.24081e+00 | 62  0.01460 -1.01525e+01 | 63  0.00569 -1.22669e+01
 64  0.00216 -1.47257e+01 | 65  0.03081 -2.08355e+01 | 66  0.01598 -1.22088e+01
 67  0.00764  3.53151e+00 | 68  0.03937  4.43099e+01 | 69 -0.02538 -8.03214e+00
 70 -0.02202 -2.23668e+01 | 71  0.04247  8.59408e+01 | 72  0.06459  1.52908e+01
 73  0.02359  1.26137e+02 | 74 -0.01601  7.43436e+01 | 75 -0.01732 -1.64804e+00
 76 -0.01846 -1.76906e+01 | 77 -0.01569  3.29533e+00 | 78 -0.02337 -3.38030e+01
 79  0.01105 -2.24800e+01 | 80 -0.06582 -4.48868e+01 | 81  0.04143 -4.36562e+01
 82  0.00544 -2.74493e+01 | 83 -0.01354 -2.80768e+01 | 84  0.01207 -7.98140e+01
 85  0.00641 -3.03791e+01 | 86 -0.03147 -2.51282e+01 | 87 -0.01500 -7.62648e+00
 88 -0.03157 -2.70637e+01 | 89 -0.01745  5.65619e+00 | 90 -0.03568 -1.88248e+01
 91  0.05469 -7.81804e+01 | 92  0.01804 -4.75985e+01 | 93 -0.02788 -2.95679e+01
 94 -0.04280 -2.00132e+01 | 95 -0.01500 -7.59699e+00 | 96 -0.03866 -2.98994e+01
 97 -0.02511 -4.73431e+00 | 98 -0.04573 -1.26618e+01 | 99 -0.01485 -9.62148e+00
100 -0.05246 -1.97746e+01 |101 -0.00127  6.89646e+00 |102  0.00057 -5.09021e+00
103  0.00115 -5.28113e+00 |104  0.03251 -5.03465e+00 |105 -0.39132  2.12501e+01
106  0.06192 -1.12170e+01 |107 -0.09748 -1.13389e+01 |
107 variables; iteration 40; function evaluation 49; phase 4
Function value 5.8871500e+02; maximum gradient component mag -2.4404e+02
Var    Value     Gradient |Var    Value     Gradient |Var    Value     Gradient
  1 -0.43722 -8.41349e+01 |  2 -0.40809 -2.44040e+02 |  3 -0.41837 -2.46597e+01
  4  0.75427 -1.71765e+02 |  5  0.00003  1.09635e-02 |  6  0.00001  3.88322e-03
  7  0.00001  5.22968e-03 |  8  0.00002  7.03517e-03 |  9  0.00134  8.17589e+00
 10  0.00134  8.17149e+00 | 11  0.00135  8.16554e+00 | 12  0.00135  8.15751e+00
 13  0.00136  8.14671e+00 | 14  0.00137  8.13219e+00 | 15  0.00138  8.11294e+00
 16  0.00242  8.04850e+00 | 17  0.00142  8.05303e+00 | 18  0.00145  8.00778e+00
 19  0.00149  7.94766e+00 | 20  0.00155  7.87021e+00 | 21  0.00159  7.76243e+00
 22  0.00166  7.60930e+00 | 23  0.00172  7.38851e+00 | 24  0.00182  7.09101e+00
 25  0.00248  6.75655e+00 | 26  0.00212  6.51744e+00 | 27  0.00243  6.30754e+00
 28  0.00285  6.14634e+00 | 29  0.00482  5.98571e+00 | 30  0.00364  6.06427e+00
 31  0.00349  5.55452e+00 | 32  0.00258  5.21200e+00 | 33  0.00192  4.99292e+00
 34 -0.00072  4.53477e+00 | 35  0.00651  4.65848e+00 | 36  0.01216  4.64758e+00
 37 -0.00746  4.32639e+00 | 38  0.00867  9.28418e+00 | 39  0.01693  7.90035e+00
 40  0.00627  5.05539e+00 | 41 -0.00468  6.46797e+00 | 42 -0.00662  5.20250e+00
 43  0.01126  6.49676e+00 | 44  0.00060  6.37959e+00 | 45 -0.00497  5.56680e+00
 46  0.00096  6.09849e+00 | 47 -0.00888  4.68811e+00 | 48  0.00165  6.78925e+00
 49  0.00196  6.37972e+00 | 50  0.00193  7.16636e+00 | 51 -0.00464  5.05225e+00
 52  0.01513 -3.55027e+00 | 53  0.00346  4.63586e+00 | 54  0.00710  7.16302e+00
 55  0.01299  3.49548e+00 | 56  0.00792  4.36392e+00 | 57  0.02165 -5.76634e+00
 58  0.01497 -6.39065e+00 | 59  0.00368 -5.58734e+00 | 60  0.01190  1.65263e+00
 61  0.01152 -1.28021e+00 | 62  0.01192 -1.41904e+01 | 63  0.00905 -1.98835e+00
 64  0.00551 -3.43575e+00 | 65  0.03878 -8.15169e+00 | 66  0.01544 -1.19639e+01
 67  0.00925  1.25004e+00 | 68  0.02957 -1.66680e+01 | 69 -0.02105  8.84205e+00
 70 -0.02396 -2.83280e+01 | 71  0.03441  8.11052e+00 | 72  0.06248 -5.04779e+01
 73  0.01785  5.48545e+01 | 74 -0.02246  1.53885e+01 | 75 -0.01660 -3.85437e+00
 76 -0.01722 -2.60446e+01 | 77 -0.01930 -6.02573e+01 | 78 -0.01454  1.02243e+02
 79  0.00917 -7.20127e+01 | 80 -0.05965  4.38767e+00 | 81  0.03843 -1.13342e+02
 82  0.00652 -1.63327e+01 | 83 -0.01792 -7.38264e+01 | 84  0.01407 -5.19872e+01
 85  0.00340 -8.08848e+01 | 86 -0.02697  3.37616e+01 | 87 -0.01352  2.98148e+01
 88 -0.02618  4.17625e+01 | 89 -0.01988 -2.37175e+01 | 90 -0.02892  6.01169e+01
 91  0.05099 -1.45676e+02 | 92  0.02008  8.22437e+00 | 93 -0.02769 -1.51607e+01
 94 -0.03836  2.06599e+01 | 95 -0.01781 -5.85775e+01 | 96 -0.03048  7.05136e+01
 97 -0.02748 -5.51131e+01 | 98 -0.03831  4.75651e+01 | 99 -0.01310 -2.79619e+01
100 -0.04122  3.50705e+01 |101 -0.01035  1.54389e+00 |102  0.00037  8.06240e+00
103  0.00133  8.18838e+00 |104  0.04763 -3.92001e+01 |105 -0.38481  8.70394e+01
106  0.19754 -1.52709e+01 |107 -0.06678 -8.74196e+00 |
107 variables; iteration 60; function evaluation 78; phase 4
Function value 5.8413239e+02; maximum gradient component mag -1.4169e+02
Var    Value     Gradient |Var    Value     Gradient |Var    Value     Gradient
  1 -0.43594 -1.41692e+02 |  2 -0.40036 -7.71388e+00 |  3 -0.43148 -1.41746e+01
  4  0.75370 -1.31497e+02 |  5  0.00004  3.23561e-02 |  6  0.00001  1.13448e-02
  7  0.00002  1.53670e-02 |  8  0.00002  2.08166e-02 |  9 -0.00061  6.81028e+00
 10 -0.00060  6.82251e+00 | 11 -0.00058  6.83895e+00 | 12 -0.00056  6.86099e+00
 13 -0.00052  6.89051e+00 | 14 -0.00048  6.92986e+00 | 15 -0.00043  6.98214e+00
 16  0.00070  7.06215e+00 | 17 -0.00026  7.14194e+00 | 18 -0.00013  7.25998e+00
 19  0.00003  7.41174e+00 | 20  0.00025  7.60237e+00 | 21  0.00050  7.83615e+00
 22  0.00081  8.10771e+00 | 23  0.00117  8.39005e+00 | 24  0.00159  8.63175e+00
 25  0.00254  8.80703e+00 | 26  0.00240  8.97128e+00 | 27  0.00291  9.12709e+00
 28  0.00354  9.32982e+00 | 29  0.00588  9.73706e+00 | 30  0.00484  9.97768e+00
 31  0.00522  1.01934e+01 | 32  0.00489  1.07611e+01 | 33  0.00484  1.16469e+01
 34  0.00268  1.21305e+01 | 35  0.00799  9.44333e+00 | 36  0.01487  1.19366e+01
 37 -0.00469  1.09918e+01 | 38  0.00547  7.12404e+00 | 39  0.01732  1.07006e+01
 40  0.00574  6.97526e+00 | 41 -0.00556  7.38058e+00 | 42 -0.00390  1.18738e+01
 43  0.01357  1.24269e+01 | 44 -0.00025  7.97905e+00 | 45 -0.00484  8.61857e+00
 46 -0.00023  6.92265e+00 | 47 -0.00659  1.18199e+01 | 48  0.00010  7.19778e+00
 49  0.00001  6.67532e+00 | 50 -0.00063  6.62365e+00 | 51 -0.00237  1.30993e+01
 52  0.01582  2.89558e+00 | 53  0.00232  6.76762e+00 | 54  0.00132  3.20243e+00
 55  0.01029  3.95809e+00 | 56  0.00370  3.28749e+00 | 57  0.02588  1.13733e+01
 58  0.02441  1.37067e+01 | 59  0.00553  4.08256e+00 | 60  0.00761  1.78165e+00
 61  0.00795 -8.31862e-01 | 62  0.01740  4.66330e+00 | 63  0.00678  1.72925e+00
 64  0.00350  1.07108e+00 | 65  0.03717  2.15005e+00 | 66  0.02098  9.40161e+00
 67  0.00506 -1.40118e+00 | 68  0.03048 -3.92086e+00 | 69 -0.02647 -7.85842e-02
 70 -0.01365  1.92460e+01 | 71  0.02918 -1.07080e+01 | 72  0.06240 -2.86643e+01
 73  0.00740 -2.76505e+01 | 74 -0.02498 -4.11019e+00 | 75 -0.01772 -1.83408e+01
 76 -0.01379  4.21321e+01 | 77 -0.01643 -5.44540e+00 | 78 -0.01981 -1.09729e+01
 79  0.01092 -3.05914e+01 | 80 -0.06097 -7.45651e+00 | 81  0.03924 -6.82419e+01
 82  0.00650 -1.16543e+01 | 83 -0.01387 -1.10393e+01 | 84  0.01578 -1.00357e+01
 85  0.00461 -4.26492e+01 | 86 -0.02801  1.25535e+01 | 87 -0.01958 -6.29946e+01
 88 -0.02773  6.51802e+00 | 89 -0.02040 -2.60003e+01 | 90 -0.02986  3.63372e+01
 91  0.05248 -6.22242e+01 | 92  0.02009  6.79350e-02 | 93 -0.02577  1.82830e+00
 94 -0.03623  2.92139e+01 | 95 -0.01412 -1.61830e+01 | 96 -0.03137  9.99002e+00
 97 -0.02111  8.46829e-01 | 98 -0.03522  3.42775e+01 | 99 -0.00566  7.30474e+00
100 -0.03723  1.40823e+01 |101 -0.00527  1.09554e+01 |102 -0.00121  7.02005e+00
103 -0.00065  6.77529e+00 |104  0.04925 -2.40128e+01 |105 -0.38559  4.14024e+01
106  0.35485 -7.98496e+00 |107 -0.01648 -1.40366e+01 |
Maximum number of function evaluations exceeded

 - final statistics:
107 variables; iteration 74; function evaluation 100
Function value 5.8196e+02; maximum gradient component mag 9.4208e+01
Exit code = 3;  converg criter 1.0000e+00
Var    Value     Gradient |Var    Value     Gradient |Var    Value     Gradient
  1 -0.43277 -7.19437e+01 |  2 -0.39798  9.42080e+01 |  3 -0.43808  1.43026e+01
  4  0.75454 -6.08257e+01 |  5  0.00003  1.67924e-02 |  6  0.00001  6.06250e-03
  7  0.00001  8.17112e-03 |  8  0.00002  1.09885e-02 |  9 -0.00067  2.03971e+00
 10 -0.00065  2.05468e+00 | 11 -0.00063  2.07460e+00 | 12 -0.00061  2.10096e+00
 13 -0.00057  2.13561e+00 | 14 -0.00053  2.18071e+00 | 15 -0.00047  2.23836e+00
 16  0.00068  2.35550e+00 | 17 -0.00030  2.39999e+00 | 18 -0.00018  2.50499e+00
 19 -0.00004  2.62271e+00 | 20  0.00014  2.74412e+00 | 21  0.00031  2.86808e+00
 22  0.00054  3.00989e+00 | 23  0.00086  3.23924e+00 | 24  0.00139  3.65516e+00
 25  0.00257  4.17138e+00 | 26  0.00243  4.32532e+00 | 27  0.00262  4.02345e+00
 28  0.00278  3.51261e+00 | 29  0.00598  5.16743e+00 | 30  0.00563  6.41015e+00
 31  0.00538  5.72163e+00 | 32  0.00614  7.92466e+00 | 33  0.00399  5.68024e+00
 34  0.00257  7.30465e+00 | 35  0.01023  8.31437e+00 | 36  0.01914  1.48616e+01
 37 -0.00305  8.26860e+00 | 38 -0.00136 -8.10318e+00 | 39  0.01444  1.05292e+00
 40  0.00290 -1.72666e+00 | 41 -0.00565  3.02619e+00 | 42 -0.00577  3.27369e+00
 43  0.01029  2.85715e+00 | 44 -0.00337 -1.23817e+00 | 45 -0.00616  2.19792e+00
 46 -0.00404 -3.92624e+00 | 47 -0.01248 -3.81335e+00 | 48 -0.00235 -1.58782e+00
 49 -0.00059  1.22911e+00 | 50  0.00285  8.12179e+00 | 51 -0.00696  9.29237e-01
 52  0.01785  3.25301e+00 | 53  0.00372  4.84418e+00 | 54  0.00337  2.04173e+00
 55  0.01000 -4.32266e-01 | 56  0.00204 -3.28278e+00 | 57  0.02717  9.65593e+00
 58  0.02029  4.10862e+00 | 59  0.00287 -3.38636e+00 | 60  0.00747 -1.81448e+00
 61  0.01101  2.13394e+00 | 62  0.02077  9.36826e+00 | 63  0.00595 -1.99112e+00
 64  0.00123 -5.16884e+00 | 65  0.04115  7.73541e+00 | 66  0.01651  3.76263e-01
 67  0.00811  6.29119e+00 | 68  0.03079 -3.87150e-02 | 69 -0.03174 -1.66640e+01
 70 -0.01657  5.05667e+00 | 71  0.02842 -9.99166e+00 | 72  0.06195 -1.34169e+01
 73  0.00593 -2.68344e+01 | 74 -0.02500 -3.90121e+00 | 75 -0.01592 -2.15756e+00
 76 -0.01345  2.35821e+01 | 77 -0.01594 -3.05752e+00 | 78 -0.01900 -2.11773e+01
 79  0.01184 -7.49575e+00 | 80 -0.05947 -3.24463e+00 | 81  0.03950 -2.62273e+01
 82  0.00673 -5.79670e+00 | 83 -0.01347  7.80593e+00 | 84  0.01653  2.88192e+00
 85  0.00560 -8.05759e+00 | 86 -0.02775  7.64687e+00 | 87 -0.01759 -2.85178e+01
 88 -0.02581  1.40097e+01 | 89 -0.01913 -9.41368e+00 | 90 -0.02839  3.20110e+01
 91  0.05233 -1.90431e+01 | 92  0.02012 -2.51313e+00 | 93 -0.02624 -7.87989e+00
 94 -0.03576  6.65492e+00 | 95 -0.01177  9.26561e-01 | 96 -0.02962 -1.13141e+01
 97 -0.01674  2.68521e+01 | 98 -0.03190  1.21804e+01 | 99 -0.00050  7.29503e+00
100 -0.03160  6.09813e+00 |101 -0.00939 -2.49698e+00 |102 -0.00146  1.90350e+00
103 -0.00071  1.99616e+00 |104  0.05614 -1.09750e+01 |105 -0.38389  1.40197e+01
106  0.58419 -2.27881e+00 |107  0.05799 -5.77883e+00 |

Initial statistics: 110 variables; iteration 0; function evaluation 0; phase 5
Function value 5.8196301e+02; maximum gradient component mag 1.2616e+03
Var    Value     Gradient |Var    Value     Gradient |Var    Value     Gradient
  1 -0.43277 -7.19437e+01 |  2 -0.39798  9.42080e+01 |  3 -0.43808  1.43026e+01
  4 -0.41222 -2.78230e+01 |  5 -0.41222  2.98676e+01 |  6  0.75454 -6.08257e+01
  7  0.00003  1.67924e-02 |  8  0.00001  6.06250e-03 |  9  0.00001  8.17112e-03
 10  0.00002  1.09885e-02 | 11 -0.00069  1.09796e+00 | 12 -0.00067  1.11293e+00
 13 -0.00065  1.13285e+00 | 14 -0.00063  1.15920e+00 | 15 -0.00059  1.19385e+00
 16 -0.00055  1.23896e+00 | 17 -0.00049  1.29661e+00 | 18  0.00066  1.41374e+00
 19 -0.00032  1.45823e+00 | 20 -0.00020  1.56324e+00 | 21 -0.00006  1.68095e+00
 22  0.00012  1.80236e+00 | 23  0.00029  1.92632e+00 | 24  0.00052  2.06814e+00
 25  0.00084  2.29749e+00 | 26  0.00138  2.71340e+00 | 27  0.00255  3.22964e+00
 28  0.00241  3.38357e+00 | 29  0.00261  3.08170e+00 | 30  0.00276  2.57086e+00
 31  0.00596  4.22572e+00 | 32  0.00562  5.46843e+00 | 33  0.00536  4.77991e+00
 34  0.00612  6.98295e+00 | 35  0.00397  4.73851e+00 | 36  0.00255  6.36291e+00
 37  0.01021  7.37274e+00 | 38  0.01913  1.39202e+01 | 39 -0.00307  7.32685e+00
 40 -0.00138 -9.04493e+00 | 41  0.01443  1.11408e-01 | 42  0.00288 -2.66841e+00
 43 -0.00567  2.08447e+00 | 44 -0.00578  2.33197e+00 | 45  0.01027  1.91552e+00
 46 -0.00339 -2.17991e+00 | 47 -0.00618  1.25621e+00 | 48 -0.00406 -4.86798e+00
 49 -0.01250 -4.75492e+00 | 50 -0.00237 -2.52957e+00 | 51 -0.00060  2.87360e-01
 52  0.00283  7.18004e+00 | 53 -0.00698 -1.24612e-02 | 54  0.01783  2.31163e+00
 55  0.00370  3.90244e+00 | 56  0.00335  1.09999e+00 | 57  0.00998 -1.37391e+00
 58  0.00202 -4.22453e+00 | 59  0.02716  8.71504e+00 | 60  0.02027  3.16735e+00
 61  0.00286 -4.32811e+00 | 62  0.00745 -2.75617e+00 | 63  0.01099  1.19233e+00
 64  0.02075  8.42701e+00 | 65  0.00594 -2.93283e+00 | 66  0.00121 -6.11059e+00
 67  0.04113  6.79564e+00 | 68  0.01649 -5.65175e-01 | 69  0.00809  5.34951e+00
 70  0.03077 -9.79369e-01 | 71 -0.03176 -1.76046e+01 | 72 -0.01659  4.11523e+00
 73  0.02840 -1.09325e+01 | 74  0.06193 -1.43543e+01 | 75  0.00591 -2.77761e+01
 76 -0.02502 -4.84223e+00 | 77 -0.01594 -3.09902e+00 | 78 -0.01347  2.26406e+01
 79 -0.01596 -3.99897e+00 | 80 -0.01902 -2.21186e+01 | 81  0.01182 -8.43734e+00
 82 -0.05949 -4.18227e+00 | 83  0.03948 -2.71673e+01 | 84  0.00671 -6.73840e+00
 85 -0.01348  6.86438e+00 | 86  0.01651  1.94049e+00 | 87  0.00559 -8.99931e+00
 88 -0.02777  6.70600e+00 | 89 -0.01760 -2.94592e+01 | 90 -0.02583  1.30687e+01
 91 -0.01915 -1.03550e+01 | 92 -0.02841  3.10702e+01 | 93  0.05231 -1.99817e+01
 94  0.02010 -3.45441e+00 | 95 -0.02626 -8.82084e+00 | 96 -0.03578  5.71465e+00
 97 -0.01178 -1.50330e-02 | 98 -0.02964 -1.22549e+01 | 99 -0.01675  2.59106e+01
100 -0.03192  1.12398e+01 |101 -0.00052  6.35328e+00 |102 -0.03162  5.15753e+00
103 -0.00941 -3.43863e+00 |104 -0.00147  9.61750e-01 |105 -0.00073  1.05440e+00
106  0.00000  1.26164e+03 |107  0.05614 -1.09750e+01 |108 -0.38389  1.40197e+01
109  0.58419 -2.27881e+00 |110  0.05799 -5.77883e+00 |

Intermediate statistics: 110 variables; iteration 20; function evaluation 22; phase 5
Function value 5.7486661e+02; maximum gradient component mag 9.4832e+02
Var    Value     Gradient |Var    Value     Gradient |Var    Value     Gradient
  1 -0.43658  5.68532e+01 |  2 -0.39872 -3.73683e+02 |  3 -0.43312 -1.46871e+02
  4 -0.37105 -1.11217e+01 |  5 -0.55430 -2.51282e+01 |  6  0.76532 -2.21297e+02
  7  0.00003  8.29883e-03 |  8  0.00001  3.02449e-03 |  9  0.00001  4.06677e-03
 10  0.00002  5.45035e-03 | 11 -0.00045  1.21261e+01 | 12 -0.00043  1.21358e+01
 13 -0.00042  1.21487e+01 | 14 -0.00039  1.21657e+01 | 15 -0.00036  1.21879e+01
 16 -0.00032  1.22168e+01 | 17 -0.00026  1.22536e+01 | 18  0.00088  1.23313e+01
 19 -0.00009  1.23548e+01 | 20  0.00002  1.24189e+01 | 21  0.00017  1.24885e+01
 22  0.00034  1.25555e+01 | 23  0.00053  1.26189e+01 | 24  0.00077  1.26883e+01
 25  0.00109  1.28140e+01 | 26  0.00159  1.30692e+01 | 27  0.00273  1.33911e+01
 28  0.00261  1.34497e+01 | 29  0.00291  1.31716e+01 | 30  0.00318  1.27432e+01
 31  0.00599  1.39142e+01 | 32  0.00491  1.48288e+01 | 33  0.00373  1.41473e+01
 34  0.00344  1.56665e+01 | 35  0.00201  1.38813e+01 | 36  0.00045  1.49173e+01
 37  0.00781  1.48100e+01 | 38  0.01772  1.96601e+01 | 39 -0.00493  1.57044e+01
 40 -0.00036  3.11232e+00 | 41  0.01814  1.07658e+01 | 42  0.00392  8.70084e+00
 43 -0.00518  1.15013e+01 | 44 -0.00596  1.18572e+01 | 45  0.00913  1.16976e+01
 46 -0.00457  7.34011e+00 | 47 -0.00736  9.73751e+00 | 48 -0.00210  6.81712e+00
 49 -0.01044  7.59722e+00 | 50 -0.00150  8.06156e+00 | 51 -0.00071  8.92165e+00
 52  0.00190  1.31769e+01 | 53 -0.00679  7.61434e+00 | 54  0.01631  5.82139e+00
 55  0.00194  1.04051e+01 | 56  0.00162  6.77837e+00 | 57  0.01244  4.99063e+00
 58  0.00249  1.53424e+00 | 59  0.02482  5.21578e+00 | 60  0.02062  5.41013e+00
 61  0.00279 -2.95383e-01 | 62  0.00884 -2.22252e-01 | 63  0.01238  2.35695e+00
 64  0.01575  9.66147e-01 | 65  0.00214 -3.01005e+00 | 66  0.00048 -6.86656e+00
 67  0.04019 -5.26745e+00 | 68  0.01524 -1.00508e+01 | 69  0.00458 -7.54282e+00
 70  0.03240 -6.49376e+00 | 71 -0.01505  3.40626e+01 | 72 -0.01446  1.04026e+01
 73  0.02989 -1.08868e+01 | 74  0.06018 -6.21123e+01 | 75  0.00958 -2.78961e+01
 76 -0.02425 -1.30015e+01 | 77 -0.01467 -3.48543e+00 | 78 -0.01738 -5.07567e+01
 79 -0.01698 -3.29309e+01 | 80 -0.02057 -4.20687e+01 | 81  0.00839 -8.25834e+01
 82 -0.05851  9.94465e+00 | 83  0.03883 -3.75666e+01 | 84  0.00534 -2.21530e+01
 85 -0.01986 -8.51554e+01 | 86  0.01204 -9.13845e+01 | 87  0.00362 -5.08033e+01
 88 -0.03051 -2.81977e+01 | 89 -0.01849 -5.17455e+01 | 90 -0.02530  3.47521e+01
 91 -0.01821 -6.21987e+00 | 92 -0.02852  3.84591e+01 | 93  0.05120 -3.84696e+01
 94  0.02046  5.71901e+00 | 95 -0.02542 -1.98832e+00 | 96 -0.03092  8.16874e+01
 97 -0.00654  7.41265e+01 | 98 -0.02784  2.62794e-01 | 99 -0.01411  4.77788e+01
100 -0.02653  8.92828e+01 |101  0.00061  2.29113e+01 |102 -0.02992  2.62956e+01
103 -0.00707  1.49728e+01 |104 -0.00116  1.22867e+01 |105 -0.00049  1.20978e+01
106 -0.00527  9.48316e+02 |107  0.04225 -7.18370e+01 |108 -0.38478  1.69083e+02
109  0.35987  5.00458e+00 |110  0.16216 -2.65137e-01 |
110 variables; iteration 40; function evaluation 46; phase 5
Function value 5.6943792e+02; maximum gradient component mag -1.9974e+03
Var    Value     Gradient |Var    Value     Gradient |Var    Value     Gradient
  1 -0.43876 -8.06836e+01 |  2 -0.40147 -1.99742e+03 |  3 -0.42803 -1.07229e+03
  4 -0.37671 -2.45221e+01 |  5 -0.51954 -2.98750e+01 |  6  0.76584 -1.11740e+03
  7  0.00002 -6.87606e-03 |  8  0.00001 -2.33836e-03 |  9  0.00001 -3.17211e-03
 10  0.00002 -4.31053e-03 | 11 -0.00032  5.43214e+01 | 12 -0.00031  5.43264e+01
 13 -0.00029  5.43330e+01 | 14 -0.00027  5.43415e+01 | 15 -0.00025  5.43526e+01
 16 -0.00021  5.43664e+01 | 17 -0.00016  5.43835e+01 | 18  0.00096  5.44281e+01
 19 -0.00002  5.44253e+01 | 20  0.00008  5.44463e+01 | 21  0.00020  5.44615e+01
 22  0.00036  5.44715e+01 | 23  0.00052  5.44641e+01 | 24  0.00074  5.44492e+01
 25  0.00104  5.44607e+01 | 26  0.00149  5.45410e+01 | 27  0.00256  5.46289e+01
 28  0.00243  5.45417e+01 | 29  0.00283  5.42436e+01 | 30  0.00327  5.38701e+01
 31  0.00571  5.41980e+01 | 32  0.00452  5.46317e+01 | 33  0.00398  5.42127e+01
 34  0.00323  5.45868e+01 | 35  0.00188  5.28788e+01 | 36 -0.00007  5.31340e+01
 37  0.00832  5.41259e+01 | 38  0.01839  5.84330e+01 | 39 -0.00617  5.17939e+01
 40  0.00096  4.22176e+01 | 41  0.01790  4.63190e+01 | 42  0.00185  4.06873e+01
 43 -0.00528  4.69473e+01 | 44 -0.00561  4.76474e+01 | 45  0.00872  4.20160e+01
 46 -0.00404  3.96938e+01 | 47 -0.00771  4.01640e+01 | 48 -0.00517  3.09927e+01
 49 -0.01316  3.28767e+01 | 50 -0.00309  3.17197e+01 | 51 -0.00176  3.13615e+01
 52  0.00094  3.34547e+01 | 53 -0.00727  2.97232e+01 | 54  0.01557  1.72801e+01
 55 -0.00079  2.26866e+01 | 56 -0.00125  1.69925e+01 | 57  0.00834  7.76150e+00
 58  0.00068  8.69419e+00 | 59  0.02226 -3.88411e+00 | 60  0.03143  1.16906e+00
 61 -0.00686 -7.00471e+00 | 62  0.00753 -8.64054e+00 | 63  0.00990 -1.41544e+01
 64  0.01314 -2.40504e+01 | 65  0.00641 -1.34724e+01 | 66 -0.00958 -2.62896e+01
 67  0.05618 -8.03753e+01 | 68  0.00727 -5.48613e+01 | 69  0.00721 -4.22308e+01
 70  0.03948 -7.81447e+01 | 71 -0.01022  1.84003e+01 | 72 -0.01585 -2.75666e+01
 73  0.03233 -1.30833e+02 | 74  0.06532 -2.86967e+02 | 75  0.01792 -9.15400e+01
 76 -0.02428 -7.95526e+01 | 77 -0.01181 -5.06795e+01 | 78 -0.01885 -1.26558e+02
 79 -0.01299 -6.06151e+01 | 80 -0.02210 -1.08442e+02 | 81  0.01014 -1.87513e+02
 82 -0.05834  1.77619e+01 | 83  0.03983 -2.61314e+02 | 84  0.00399 -1.35764e+02
 85 -0.01980 -1.42251e+02 | 86  0.01255 -1.52566e+02 | 87  0.00300 -1.60773e+02
 88 -0.03288 -6.94141e+01 | 89 -0.01819 -1.00961e+02 | 90 -0.02732  4.61196e+00
 91 -0.01741 -3.00230e+01 | 92 -0.03001  4.11563e+01 | 93  0.05425 -1.70780e+02
 94  0.02123 -3.45744e+01 | 95 -0.02153  3.56614e+01 | 96 -0.03128  9.93603e+01
 97 -0.00444  8.41738e+01 | 98 -0.02587  7.35375e+01 | 99 -0.01285  8.48263e+01
100 -0.02867  1.30086e+02 |101 -0.00354  3.76384e+01 |102 -0.03472  9.55180e+01
103 -0.00837  5.56523e+01 |104 -0.00146  5.38342e+01 |105 -0.00035  5.43066e+01
106 -0.01072 -7.69202e+02 |107  0.04207 -1.50753e+02 |108 -0.38457  3.06306e+02
109  0.09012 -9.06372e+00 |110  0.63761  4.91235e-03 |
110 variables; iteration 60; function evaluation 71; phase 5
Function value 5.6461245e+02; maximum gradient component mag -1.8354e+03
Var    Value     Gradient |Var    Value     Gradient |Var    Value     Gradient
  1 -0.44079 -1.42034e+02 |  2 -0.40233 -1.83538e+03 |  3 -0.42613 -1.02103e+03
  4 -0.37347 -1.79226e+01 |  5 -0.51665 -2.72761e+01 |  6  0.76837 -1.02007e+03
  7  0.00004  1.44885e-02 |  8  0.00001  5.18287e-03 |  9  0.00002  6.98118e-03
 10  0.00002  9.38589e-03 | 11 -0.00045  4.66118e+01 | 12 -0.00044  4.66167e+01
 13 -0.00042  4.66231e+01 | 14 -0.00040  4.66318e+01 | 15 -0.00037  4.66433e+01
 16 -0.00033  4.66583e+01 | 17 -0.00029  4.66766e+01 | 18  0.00084  4.67233e+01
 19 -0.00014  4.67279e+01 | 20 -0.00003  4.67592e+01 | 21  0.00010  4.67906e+01
 22  0.00025  4.67862e+01 | 23  0.00041  4.67658e+01 | 24  0.00061  4.67188e+01
 25  0.00088  4.66874e+01 | 26  0.00132  4.67495e+01 | 27  0.00239  4.68369e+01
 28  0.00216  4.66009e+01 | 29  0.00235  4.59931e+01 | 30  0.00263  4.54079e+01
 31  0.00542  4.62466e+01 | 32  0.00441  4.69275e+01 | 33  0.00388  4.64999e+01
 34  0.00429  4.85578e+01 | 35  0.00318  4.72664e+01 | 36  0.00159  4.80045e+01
 37  0.00423  3.95379e+01 | 38  0.00963  3.64226e+01 | 39 -0.00527  4.67153e+01
 40  0.00615  4.12539e+01 | 41  0.01276  3.33504e+01 | 42  0.00854  4.19240e+01
 43 -0.00738  3.56864e+01 | 44 -0.01193  3.05421e+01 | 45  0.00799  3.22939e+01
 46 -0.00399  3.12493e+01 | 47 -0.00851  3.09272e+01 | 48  0.00204  3.48190e+01
 49 -0.01223  2.84998e+01 | 50 -0.00186  2.57247e+01 | 51 -0.00129  2.41378e+01
 52 -0.00194  2.15769e+01 | 53 -0.00992  1.69175e+01 | 54  0.00682 -2.89487e+00
 55 -0.00351  1.04570e+01 | 56 -0.00565  3.41520e+00 | 57  0.00380 -4.25700e+00
 58  0.00133  1.32971e+00 | 59  0.00348 -2.88518e+01 | 60  0.04621 -3.31802e+00
 61 -0.00762 -1.41902e+01 | 62  0.01209 -1.12776e+01 | 63  0.01823 -1.47357e+01
 64  0.00472 -3.80140e+01 | 65 -0.00071 -2.64732e+01 | 66 -0.00610 -3.05066e+01
 67  0.05833 -8.25539e+01 | 68  0.01709 -5.03800e+01 | 69  0.01245 -3.86973e+01
 70  0.03137 -1.05394e+02 | 71 -0.01681 -6.92886e+00 | 72 -0.01618 -3.51861e+01
 73  0.03452 -1.36565e+02 | 74  0.06858 -2.70930e+02 | 75  0.01900 -9.78681e+01
 76 -0.01887 -5.73343e+01 | 77 -0.01124 -6.06903e+01 | 78 -0.01522 -7.17508e+01
 79 -0.01299 -7.20667e+01 | 80 -0.01993 -6.27918e+01 | 81  0.01238 -1.40338e+02
 82 -0.06189 -8.08589e+00 | 83  0.04065 -2.26232e+02 | 84  0.00449 -9.39326e+01
 85 -0.01284 -5.11472e+01 | 86  0.01312 -1.13430e+02 | 87  0.00703 -8.43176e+01
 88 -0.03164 -4.19776e+01 | 89 -0.01280 -2.55944e+01 | 90 -0.02840 -2.00855e+01
 91 -0.01488 -9.73493e+00 | 92 -0.03188  8.84775e+00 | 93  0.05673 -1.11845e+02
 94  0.02185 -2.17845e+01 | 95 -0.02155  1.76424e+01 | 96 -0.03482  3.28783e+01
 97 -0.00613  1.91244e+01 | 98 -0.02717  4.47721e+01 | 99 -0.01436  3.98776e+01
100 -0.03378  5.67691e+01 |101 -0.00148  5.94662e+01 |102 -0.03966  6.21382e+01
103 -0.00662  5.06650e+01 |104  0.00012  4.84355e+01 |105 -0.00048  4.65978e+01
106 -0.01397 -1.25662e+03 |107  0.01584 -1.24663e+02 |108 -0.39464  2.16115e+02
109  0.03548 -2.07917e+00 |110  0.87565  1.58724e-02 |
110 variables; iteration 80; function evaluation 103; phase 5
Function value 5.5939687e+02; maximum gradient component mag -1.3700e+03
Var    Value     Gradient |Var    Value     Gradient |Var    Value     Gradient
  1 -0.44196 -1.69497e+02 |  2 -0.40635 -1.36995e+03 |  3 -0.41986 -7.62559e+02
  4 -0.38125 -2.23955e+01 |  5 -0.48924 -1.93707e+01 |  6  0.77626 -7.50649e+02
  7  0.00002 -1.13658e-02 |  8  0.00001 -4.04521e-03 |  9  0.00001 -5.43603e-03
 10  0.00001 -7.29468e-03 | 11 -0.00305  2.93735e+01 | 12 -0.00305  2.93744e+01
 13 -0.00303  2.93762e+01 | 14 -0.00302  2.93792e+01 | 15 -0.00300  2.93846e+01
 16 -0.00297  2.93939e+01 | 17 -0.00292  2.94099e+01 | 18 -0.00180  2.94531e+01
 19 -0.00277  2.94805e+01 | 20 -0.00265  2.95507e+01 | 21 -0.00247  2.96595e+01
 22 -0.00223  2.98098e+01 | 23 -0.00195  3.00065e+01 | 24 -0.00160  3.02151e+01
 25 -0.00124  3.03629e+01 | 26 -0.00083  3.04079e+01 | 27  0.00008  3.02952e+01
 28 -0.00041  2.97131e+01 | 29 -0.00028  2.90849e+01 | 30  0.00053  2.93563e+01
 31  0.00313  2.99875e+01 | 32  0.00192  3.03654e+01 | 33  0.00165  3.01491e+01
 34  0.00183  3.17708e+01 | 35  0.00041  3.01831e+01 | 36 -0.00054  3.20968e+01
 37  0.00698  3.20057e+01 | 38  0.01547  3.46685e+01 | 39 -0.01229  2.28842e+01
 40 -0.01003  7.11377e+00 | 41  0.01655  2.70530e+01 | 42  0.00977  3.32424e+01
 43 -0.00451  3.03447e+01 | 44 -0.00764  2.86298e+01 | 45  0.00972  2.62498e+01
 46 -0.00366  2.24213e+01 | 47 -0.00747  2.31612e+01 | 48 -0.00130  2.13005e+01
 49 -0.01078  2.30529e+01 | 50 -0.00104  1.99344e+01 | 51  0.00344  2.41786e+01
 52 -0.00016  1.84853e+01 | 53 -0.00411  1.98142e+01 | 54  0.01294  4.45674e+00
 55  0.00283  1.43992e+01 | 56  0.00145  8.72254e+00 | 57  0.02114  1.34910e+01
 58  0.01139  1.02284e+01 | 59  0.01931 -1.46164e+01 | 60  0.00922 -1.86447e+01
 61  0.00949 -5.08261e+00 | 62  0.01773 -7.53019e+00 | 63  0.00770 -2.39029e+01
 64  0.00206 -4.46937e+01 | 65  0.01090 -2.21197e+01 | 66  0.00845 -2.93698e+01
 67  0.02830 -8.25259e+01 | 68  0.02530 -5.72244e+01 | 69 -0.00226 -6.17484e+01
 70  0.03875 -8.18778e+01 | 71 -0.02400 -2.70121e+01 | 72 -0.01653 -4.00777e+01
 73  0.03874 -1.12850e+02 | 74  0.07225 -2.20312e+02 | 75  0.01970 -8.84802e+01
 76 -0.01414 -2.95012e+01 | 77 -0.00959 -4.63300e+01 | 78 -0.01333 -3.04343e+01
 79 -0.01240 -6.89915e+01 | 80 -0.01846 -1.84616e+01 | 81  0.01469 -8.21379e+01
 82 -0.06369 -1.75467e+01 | 83  0.04207 -1.57892e+02 | 84  0.00496 -4.86497e+01
 85 -0.00953  1.25365e+00 | 86  0.01422 -5.16674e+01 | 87  0.00942 -2.69288e+01
 88 -0.02737  3.43128e+01 | 89 -0.01128 -5.02073e+00 | 90 -0.02823 -1.76300e+01
 91 -0.01410 -1.28583e+01 | 92 -0.03385 -1.94789e+01 | 93  0.05940 -4.84197e+01
 94  0.02238 -7.41872e+00 | 95 -0.02037  1.10822e+01 | 96 -0.03701 -1.08381e+01
 97 -0.00562 -1.27626e+01 | 98 -0.02729  2.95335e+01 | 99 -0.01397  9.53774e+00
100 -0.03719 -1.54588e+00 |101  0.00032  5.65391e+01 |102 -0.04304  3.41864e+01
103 -0.00722  3.40268e+01 |104 -0.00279  3.05563e+01 |105 -0.00308  2.93723e+01
106 -0.01791 -1.25976e+03 |107  0.01302 -7.08722e+01 |108 -0.39658  1.05799e+02
109 -0.03276  4.05684e-01 |110  1.22022 -8.71591e-03 |
110 variables; iteration 100; function evaluation 140; phase 5
Function value 5.5537025e+02; maximum gradient component mag -7.8112e+02
Var    Value     Gradient |Var    Value     Gradient |Var    Value     Gradient
  1 -0.44122 -8.00866e+01 |  2 -0.41398 -7.44976e+02 |  3 -0.40953 -3.80700e+02
  4 -0.39342 -1.37195e+01 |  5 -0.44935 -7.50042e+00 |  6  0.79939 -3.81016e+02
  7  0.00005  4.57535e-02 |  8  0.00002  1.65401e-02 |  9  0.00003  2.20156e-02
 10  0.00003  2.91607e-02 | 11  0.00172  2.21679e+01 | 12  0.00173  2.21829e+01
 13  0.00175  2.21968e+01 | 14  0.00177  2.22039e+01 | 15  0.00178  2.21926e+01
 16  0.00177  2.21397e+01 | 17  0.00171  2.19939e+01 | 18  0.00259  2.16787e+01
 19  0.00118  2.10306e+01 | 20  0.00047  1.98143e+01 | 21 -0.00082  1.76977e+01
 22 -0.00266  1.46680e+01 | 23 -0.00484  1.11343e+01 | 24 -0.00602  9.05369e+00
 25 -0.00509  1.01128e+01 | 26 -0.00350  1.20049e+01 | 27 -0.00081  1.46437e+01
 28  0.00237  1.95805e+01 | 29  0.00229  1.86785e+01 | 30 -0.00459  7.73753e+00
 31 -0.00139  9.45277e+00 | 32  0.00498  2.07494e+01 | 33  0.00546  2.14801e+01
 34  0.00363  2.00496e+01 | 35 -0.00120  1.34444e+01 | 36 -0.01064  2.28108e+00
 37  0.00285  1.19419e+01 | 38  0.02002  2.95946e+01 | 39 -0.01485  5.22897e+00
 40  0.00814  1.96934e+01 | 41  0.01522  1.54705e+01 | 42  0.00108  9.15511e+00
 43 -0.00947  9.58546e+00 | 44 -0.01226  8.62921e+00 | 45 -0.00127 -1.05749e+00
 46 -0.00471  8.82718e+00 | 47 -0.00647  1.32465e+01 | 48 -0.00675  1.88549e+00
 49 -0.01169  1.15816e+01 | 50  0.00143  1.41782e+01 | 51 -0.00395  4.22420e+00
 52 -0.00978 -4.93688e+00 | 53 -0.00433  1.12724e+01 | 54  0.00816 -9.11311e+00
 55  0.00703  1.34362e+01 | 56 -0.00039 -6.71570e-01 | 57  0.02405  1.41353e+01
 58  0.00669  4.35506e-01 | 59  0.02885 -7.12273e-01 | 60 -0.00402 -3.33682e+01
 61  0.00226 -1.29374e+01 | 62  0.01186 -1.12440e+01 | 63 -0.00067 -3.10992e+01
 64  0.01183 -2.59434e+01 | 65  0.00815 -2.10060e+01 | 66  0.01628 -2.01418e+01
 67  0.00515 -8.46308e+01 | 68  0.03388 -2.97803e+01 | 69  0.00268 -4.00593e+01
 70  0.03533 -5.91666e+01 | 71 -0.02587 -2.89903e+01 | 72 -0.01209 -2.04465e+01
 73  0.04083 -6.66313e+01 | 74  0.07397 -1.35838e+02 | 75  0.01878 -6.17760e+01
 76 -0.01413 -1.58848e+01 | 77 -0.00859 -2.10792e+01 | 78 -0.01357 -1.17950e+01
 79 -0.00977 -2.15143e+01 | 80 -0.01884 -8.20278e+00 | 81  0.01647 -2.47691e+01
 82 -0.06235 -1.77449e+00 | 83  0.04399 -4.38545e+01 | 84  0.00491 -1.60550e+01
 85 -0.01081  4.21557e+00 | 86  0.01430 -1.12321e+01 | 87  0.00960  1.25676e+00
 88 -0.02888  2.14737e+01 | 89 -0.01038  6.73953e+00 | 90 -0.02668  8.25372e+00
 91 -0.01198  6.48090e+00 | 92 -0.03180  1.38321e+00 | 93  0.06168  8.18344e+00
 94  0.02309  1.65002e+00 | 95 -0.01841  1.38791e+01 | 96 -0.03451  4.26023e+00
 97 -0.00154  1.27637e+01 | 98 -0.02612  1.06187e+01 | 99 -0.00980  1.65815e+01
100 -0.03388  2.97580e+00 |101  0.00226  2.38285e+01 |102 -0.04293  9.80703e+00
103 -0.01031  1.15450e+01 |104 -0.00266  1.61705e+01 |105  0.00165  2.21024e+01
106 -0.02351 -7.81121e+02 |107  0.01436 -3.30050e+01 |108 -0.39578  4.76150e+01
109 -0.07846  2.38380e+00 |110  1.61426 -2.33241e-03 |
110 variables; iteration 120; function evaluation 180; phase 5
Function value 5.4765312e+02; maximum gradient component mag -2.7382e+02
Var    Value     Gradient |Var    Value     Gradient |Var    Value     Gradient
  1 -0.43938 -1.45946e+02 |  2 -0.42079 -4.69178e+01 |  3 -0.40182  8.61804e+00
  4 -0.39953 -2.28773e+01 |  5 -0.43136 -2.09468e+00 |  6  0.85835 -5.96657e+01
  7 -0.00047 -7.59998e-01 |  8 -0.00026 -4.03508e-01 |  9 -0.00032 -5.05743e-01
 10 -0.00039 -6.13722e-01 | 11 -0.00480 -2.89290e+00 | 12 -0.00355 -9.83661e-01
 13 -0.00182  1.67564e+00 | 14  0.00045  5.15461e+00 | 15  0.00299  9.05031e+00
 16  0.00484  1.18685e+01 | 17  0.00429  1.09832e+01 | 18  0.00063  3.68642e+00
 19 -0.00690 -6.35769e+00 | 20 -0.00834 -8.65346e+00 | 21 -0.00180  1.27117e+00
 22  0.00601  1.30734e+01 | 23  0.00229  7.19056e+00 | 24  0.00150  5.71828e+00
 25  0.00535  1.12276e+01 | 26 -0.00501 -4.94596e+00 | 27 -0.00167 -1.22822e+00
 28  0.00271  5.63967e+00 | 29 -0.00029  5.15561e-01 | 30  0.00378  5.82610e+00
 31  0.00440  3.88506e+00 | 32  0.00102  1.13266e+00 | 33  0.00262  3.69909e+00
 34 -0.00256 -2.67867e+00 | 35  0.00393  7.93528e+00 | 36  0.00286  9.85945e+00
 37  0.00976  8.33405e+00 | 38  0.00598 -5.64836e+00 | 39 -0.00541  7.85550e+00
 40  0.00351  7.77964e-01 | 41  0.01168  6.48080e-01 | 42  0.00378  3.10301e+00
 43 -0.00693  3.48187e+00 | 44 -0.00982  3.35614e+00 | 45  0.01069  1.05465e+01
 46 -0.00445  1.06549e+00 | 47 -0.00846  1.30800e+00 | 48 -0.00054  5.14779e+00
 49 -0.01329  2.46091e-01 | 50 -0.00467  4.67035e-01 | 51 -0.00248  2.72157e+00
 52 -0.00203  3.67667e+00 | 53 -0.00865  4.50649e-01 | 54  0.01400  4.53356e+00
 55 -0.00660 -6.31391e+00 | 56  0.00057  1.11415e+00 | 57  0.00081 -1.05522e+01
 58  0.00109 -2.70209e+00 | 59  0.01516 -4.84769e+00 | 60  0.01954  1.03926e+01
 61  0.00261  9.76981e-01 | 62  0.00415 -3.23655e+00 | 63  0.01039  5.13325e+00
 64  0.01325  3.51971e+00 | 65  0.00341 -1.38487e+00 | 66  0.00397 -4.18069e-02
 67  0.04211  9.27512e+00 | 68  0.01537 -5.46299e+00 | 69  0.01024  6.63103e+00
 70  0.03110 -5.07917e+00 | 71 -0.02015  7.15709e+00 | 72 -0.01320  1.55540e+00
 73  0.03647 -6.42656e+00 | 74  0.07072 -9.86399e+00 | 75  0.01688  2.44090e+00
 76 -0.01754 -1.21052e+00 | 77 -0.01026  1.29147e+00 | 78 -0.01562 -1.51637e+01
 79 -0.01037  3.06654e+00 | 80 -0.02033 -1.51136e+01 | 81  0.01514 -5.82189e+00
 82 -0.06257 -1.98828e+00 | 83  0.04229 -2.28303e+00 | 84  0.00303 -1.31388e+01
 85 -0.01379 -5.00897e+00 | 86  0.01258 -1.81603e+01 | 87  0.00757 -4.86615e+00
 88 -0.03203 -1.90307e+01 | 89 -0.01104  9.73984e-01 | 90 -0.02708 -6.78674e+00
 91 -0.01154  5.98761e+00 | 92 -0.03085 -1.62953e+00 | 93  0.06148 -4.23717e+00
 94  0.02275 -1.08468e+01 | 95 -0.01814  3.58639e+00 | 96 -0.03291  1.81978e+00
 97  0.00035  9.44716e+00 | 98 -0.02466 -6.97118e+00 | 99 -0.00741  6.44345e+00
100 -0.03060  9.34431e-01 |101  0.00460 -1.27771e+00 |102 -0.04087 -7.65180e+00
103 -0.00570  2.25155e+00 |104 -0.00153  2.92979e+00 |105 -0.00783 -7.55168e+00
106 -0.03184 -2.73823e+02 |107  0.01240 -6.71692e+00 |108 -0.39515  2.10700e+01
109 -0.14970  1.95891e+01 |110  2.16471  6.85272e+00 |
110 variables; iteration 140; function evaluation 224; phase 5
Function value 5.4408795e+02; maximum gradient component mag -7.4058e+01
Var    Value     Gradient |Var    Value     Gradient |Var    Value     Gradient
  1 -0.42528  1.32027e+01 |  2 -0.41628 -5.41393e+01 |  3 -0.41937 -2.41751e+01
  4 -0.39224  2.02869e+00 |  5 -0.45187 -1.34693e+00 |  6  0.91271 -1.45968e+01
  7  0.00010  1.31108e-01 |  8  0.00012  1.67149e-01 |  9  0.00019  2.85634e-01
 10  0.00014  1.95454e-01 | 11 -0.00009  1.42121e+00 | 12 -0.00034  1.02953e+00
 13 -0.00047  8.18034e-01 | 14 -0.00072  4.17688e-01 | 15 -0.00075  3.40557e-01
 16 -0.00073  3.45273e-01 | 17 -0.00060  5.03492e-01 | 18  0.00078  9.71521e-01
 19  0.00030  1.75661e+00 | 20  0.00035  1.74900e+00 | 21 -0.00011  9.11770e-01
 22 -0.00041  2.76059e-01 | 23  0.00026  1.11956e+00 | 24 -0.00028  1.56134e-02
 25  0.00027  5.33518e-01 | 26  0.00165  2.13388e+00 | 27  0.00223  1.64243e+00
 28  0.00139  6.46444e-01 | 29  0.00209  1.03345e+00 | 30  0.00237  7.56633e-01
 31  0.00430  8.39963e-01 | 32  0.00286  1.12458e+00 | 33  0.00223  7.25802e-01
 34  0.00171  1.47128e+00 | 35  0.00048  3.52754e-01 | 36 -0.00155  5.25312e-01
 37  0.00608 -2.79641e-01 | 38  0.01144  1.54700e+00 | 39 -0.00788  3.07502e-01
 40  0.00597  1.10526e+00 | 41  0.01401  9.71704e-01 | 42  0.00260  8.76032e-01
 43 -0.00707  8.02710e-01 | 44 -0.00940  6.10822e-01 | 45  0.00484  1.29501e-01
 46 -0.00371  7.87232e-01 | 47 -0.00752  7.82869e-01 | 48 -0.00201  5.07171e-01
 49 -0.01142  1.03694e+00 | 50 -0.00345  9.89179e-01 | 51 -0.00274  7.59033e-01
 52 -0.00298  6.47718e-01 | 53 -0.00764  7.37144e-01 | 54  0.01306  3.26877e-01
 55 -0.00157  1.23540e+00 | 56  0.00085  4.42326e-01 | 57  0.00883  1.04695e+00
 58  0.00367  9.57332e-01 | 59  0.01900  1.16025e-01 | 60  0.01262  7.90606e-01
 61  0.00101 -5.27375e-01 | 62  0.00656  4.68342e-01 | 63  0.00650 -5.92696e-01
 64  0.01076 -4.95878e-01 | 65  0.00318 -4.95366e-01 | 66  0.00481 -8.54399e-01
 67  0.03536 -1.98201e+00 | 68  0.01640 -1.06665e+00 | 69  0.00621 -2.18812e+00
 70  0.02996 -2.16336e+00 | 71 -0.02380 -1.25952e+00 | 72 -0.01327 -1.20442e+00
 73  0.03598 -3.97969e+00 | 74  0.07011 -8.79023e+00 | 75  0.01451 -3.82198e+00
 76 -0.01739 -1.57549e+00 | 77 -0.01095 -1.97543e+00 | 78 -0.01596 -1.10038e-01
 79 -0.01099 -2.23845e+00 | 80 -0.02055  3.14883e-02 | 81  0.01481 -2.61247e+00
 82 -0.06338 -6.45835e-02 | 83  0.04179 -5.72861e+00 | 84  0.00198 -1.62086e+00
 85 -0.01400 -9.84533e-01 | 86  0.01226 -1.23610e+00 | 87  0.00736 -1.93855e+00
 88 -0.03181  1.26182e+00 | 89 -0.01090 -1.17262e+00 | 90 -0.02691  4.71268e-02
 91 -0.01144 -1.10369e+00 | 92 -0.03119  6.06435e-02 | 93  0.06190 -3.88314e+00
 94  0.02191 -4.83103e-01 | 95 -0.01840 -1.19832e-01 | 96 -0.03288 -4.11876e-02
 97  0.00082 -5.35746e-01 | 98 -0.02421  1.44423e+00 | 99 -0.00724  3.89517e-01
100 -0.03094  6.53213e-01 |101  0.00580  1.70896e+00 |102 -0.04141  2.04652e+00
103 -0.00472  1.17953e+00 |104 -0.00081  1.13353e+00 |105  0.00036  2.14145e+00
106 -0.03643 -7.40577e+01 |107  0.02127 -1.67234e+00 |108 -0.39301  2.55872e+00
109 -0.25696 -1.42935e+00 |110  2.24304 -4.27587e-02 |
110 variables; iteration 160; function evaluation 247; phase 5
Function value 5.4388655e+02; maximum gradient component mag -5.0645e+01
Var    Value     Gradient |Var    Value     Gradient |Var    Value     Gradient
  1 -0.42559 -2.20510e+00 |  2 -0.41822 -2.13505e+01 |  3 -0.41674 -9.97132e+00
  4 -0.39572 -2.20230e-01 |  5 -0.44213 -2.88223e-01 |  6  0.97495 -1.79561e+00
  7  0.00027  3.91175e-01 |  8 -0.00001 -2.23323e-02 |  9 -0.00003 -5.29051e-02
 10  0.00003  3.45185e-02 | 11 -0.00026  2.10838e-01 | 12 -0.00010  4.53224e-01
 13 -0.00011  4.18962e-01 | 14 -0.00013  3.73085e-01 | 15 -0.00013  3.60542e-01
 16 -0.00011  3.53681e-01 | 17 -0.00009  3.45407e-01 | 18  0.00099  3.42332e-01
 19 -0.00000  3.65575e-01 | 20  0.00006  3.63907e-01 | 21  0.00011  3.19562e-01
 22  0.00021  2.92858e-01 | 23  0.00036  3.44656e-01 | 24  0.00060  4.55610e-01
 25  0.00078  3.93054e-01 | 26  0.00100  2.63407e-01 | 27  0.00196  3.58413e-01
 28  0.00178  3.65836e-01 | 29  0.00221  3.68327e-01 | 30  0.00265  3.34958e-01
 31  0.00458  4.18013e-01 | 32  0.00295  4.00517e-01 | 33  0.00268  4.81675e-01
 34  0.00162  4.08768e-01 | 35  0.00104  3.07939e-01 | 36 -0.00092  5.77034e-01
 37  0.00717  4.48560e-01 | 38  0.01123  4.95718e-01 | 39 -0.00731  4.08932e-01
 40  0.00573  1.32608e-02 | 41  0.01380  3.84001e-01 | 42  0.00266  3.89843e-01
 43 -0.00692  3.91758e-01 | 44 -0.00929  4.01053e-01 | 45  0.00527  4.11447e-01
 46 -0.00362  2.97410e-01 | 47 -0.00740  2.82678e-01 | 48 -0.00183  2.35519e-01
 49 -0.01158  3.50165e-01 | 50 -0.00364  3.88000e-01 | 51 -0.00278  3.86685e-01
 52 -0.00291  4.74069e-01 | 53 -0.00764  2.67876e-01 | 54  0.01292  2.36046e-01
 55 -0.00194  4.88191e-01 | 56  0.00078  2.03394e-01 | 57  0.00817  3.88983e-01
 58  0.00321  2.03425e-01 | 59  0.01833 -2.78744e-02 | 60  0.01138 -5.89217e-02
 61  0.00089  1.56888e-02 | 62  0.00571  1.22321e-01 | 63  0.00614 -3.54498e-02
 64  0.01001 -3.95707e-01 | 65  0.00285  5.63804e-02 | 66  0.00431 -3.93204e-01
 67  0.03449 -7.99507e-01 | 68  0.01536 -1.25523e+00 | 69  0.00588 -8.11550e-01
 70  0.02894 -9.64247e-01 | 71 -0.02395 -2.67983e-01 | 72 -0.01368 -6.56005e-01
 73  0.03553 -1.86560e+00 | 74  0.06967 -3.79893e+00 | 75  0.01399 -1.43298e+00
 76 -0.01782 -6.71611e-01 | 77 -0.01113 -8.57781e-01 | 78 -0.01623 -4.98533e-01
 79 -0.01103 -1.01861e+00 | 80 -0.02069 -1.18416e-01 | 81  0.01480 -1.01503e+00
 82 -0.06351 -3.11854e-02 | 83  0.04163 -1.93543e+00 | 84  0.00174 -3.54340e-01
 85 -0.01421 -2.81637e-03 | 86  0.01212 -2.19920e-01 | 87  0.00731 -1.95427e-01
 88 -0.03195  6.20793e-01 | 89 -0.01074 -1.58110e-03 | 90 -0.02679 -1.48756e-01
 91 -0.01115 -1.59661e-01 | 92 -0.03097 -2.70781e-01 | 93  0.06221 -1.06343e+00
 94  0.02203 -1.60497e-01 | 95 -0.01805  3.89584e-02 | 96 -0.03257 -3.02377e-01
 97  0.00140 -4.24181e-01 | 98 -0.02375  4.15725e-01 | 99 -0.00646 -9.44831e-02
100 -0.03030 -2.10383e-01 |101  0.00674  6.43125e-01 |102 -0.04094  4.81804e-01
103 -0.00450  4.07758e-01 |104 -0.00068  3.65676e-01 |105 -0.00013  4.43365e-01
106 -0.03928 -5.06448e+01 |107  0.01802 -3.84343e-01 |108 -0.39396 -8.05726e-02
109 -0.25910  3.42527e-01 |110  2.24241  7.52698e-01 |

 - final statistics:
110 variables; iteration 179; function evaluation 267
Function value 5.4388e+02; maximum gradient component mag -3.4284e-05
Exit code = 1;  converg criter 1.0000e-04
Var    Value     Gradient |Var    Value     Gradient |Var    Value     Gradient
  1 -0.42558 -3.42898e-06 |  2 -0.41837 -1.66044e-05 |  3 -0.41656 -5.66944e-06
  4 -0.39592 -1.64705e-06 |  5 -0.44159 -2.02135e-06 |  6  0.99992 -2.42259e-07
  7  0.00002  5.74740e-07 |  8  0.00001  1.83782e-08 |  9  0.00001 -1.53177e-07
 10  0.00001 -3.28129e-08 | 11 -0.00007 -5.12909e-07 | 12 -0.00006 -3.93074e-08
 13 -0.00006  2.42984e-07 | 14 -0.00005  4.80006e-07 | 15 -0.00003  8.10008e-07
 16 -0.00001  9.94864e-07 | 17  0.00001  8.58599e-07 | 18  0.00109  2.25081e-07
 19  0.00009 -4.41994e-07 | 20  0.00015 -6.13969e-07 | 21  0.00023  7.76751e-07
 22  0.00035  1.56791e-06 | 23  0.00046 -5.12540e-07 | 24  0.00063 -8.61187e-07
 25  0.00085  5.10521e-07 | 26  0.00116 -1.36610e-08 | 27  0.00206 -8.72883e-07
 28  0.00187  5.45987e-07 | 29  0.00230 -3.73198e-07 | 30  0.00276 -4.87132e-07
 31  0.00463 -5.30500e-07 | 32  0.00301  2.72269e-07 | 33  0.00268 -7.08148e-07
 34  0.00168  9.68069e-07 | 35  0.00116  2.18657e-06 | 36 -0.00098 -2.03170e-06
 37  0.00720  2.99658e-08 | 38  0.01122  1.21267e-06 | 39 -0.00726 -8.50268e-08
 40  0.00603  1.35924e-07 | 41  0.01381  4.78407e-07 | 42  0.00268 -5.19314e-07
 43 -0.00688 -6.79346e-07 | 44 -0.00926 -4.98983e-07 | 45  0.00527 -9.48909e-08
 46 -0.00354 -8.82177e-07 | 47 -0.00732  7.36685e-07 | 48 -0.00173 -1.67023e-07
 49 -0.01154 -1.77822e-08 | 50 -0.00365  4.28952e-07 | 51 -0.00280 -2.34547e-07
 52 -0.00298 -8.13645e-07 | 53 -0.00759  1.21097e-06 | 54  0.01294 -1.86198e-07
 55 -0.00207  1.13840e-06 | 56  0.00081 -3.02651e-06 | 57  0.00803  1.43221e-06
 58  0.00319  3.47141e-07 | 59  0.01835 -2.01933e-06 | 60  0.01138 -9.63691e-07
 61  0.00089  6.68763e-07 | 62  0.00559  4.78203e-07 | 63  0.00607  5.45763e-08
 64  0.01007 -2.30403e-06 | 65  0.00268 -1.17008e-07 | 66  0.00434 -3.06593e-06
 67  0.03432  1.56347e-06 | 68  0.01554  8.97829e-07 | 69  0.00589  1.74278e-06
 70  0.02878 -2.63294e-07 | 71 -0.02403 -3.37631e-07 | 72 -0.01371 -8.94031e-07
 73  0.03541 -6.45431e-07 | 74  0.06955 -6.47037e-06 | 75  0.01386  1.73577e-07
 76 -0.01793 -4.86507e-07 | 77 -0.01122 -1.78275e-07 | 78 -0.01634 -1.18920e-06
 79 -0.01110  3.34685e-07 | 80 -0.02079 -7.83772e-08 | 81  0.01471  4.83200e-08
 82 -0.06359  6.71031e-07 | 83  0.04153  5.99813e-07 | 84  0.00162  7.93691e-07
 85 -0.01434  7.77143e-07 | 86  0.01201  5.22971e-07 | 87  0.00720  1.06629e-06
 88 -0.03208 -2.38792e-07 | 89 -0.01083  1.26636e-06 | 90 -0.02687 -6.87501e-08
 91 -0.01121  1.19608e-06 | 92 -0.03101  8.51137e-07 | 93  0.06214  1.92224e-06
 94  0.02195  8.61804e-07 | 95 -0.01810  1.29420e-06 | 96 -0.03259  1.16548e-07
 97  0.00139  6.41541e-07 | 98 -0.02380  2.24942e-07 | 99 -0.00646 -1.21403e-08
100 -0.03029  1.05826e-07 |101  0.00672  5.57233e-07 |102 -0.04096 -2.18492e-07
103 -0.00448 -3.10781e-07 |104 -0.00059  3.80272e-08 |105 -0.00009 -6.82105e-07
106 -0.03943 -3.42844e-05 |107  0.01814  3.03610e-06 |108 -0.39387 -1.53284e-05
109 -0.25944  1.70865e-07 |110  2.24245 -2.37891e-07 |
Warning: the following parameters had issues
  SR_parm[1] is within 0.1% of upper bound: 4.00000e+00 < 2.00000e+01 < 2.00000e+01


 - final statistics:
111 variables; iteration 0; function evaluation 0
Function value 5.4388e+02; maximum gradient component mag -3.4284e-05
Exit code = 0;  converg criter 1.0000e-04
Var    Value     Gradient |Var    Value     Gradient |Var    Value     Gradient
  1 -0.42558 -3.42896e-06 |  2 -0.41837 -1.66043e-05 |  3 -0.41656 -5.66940e-06
  4 -0.39592 -1.64705e-06 |  5 -0.44159 -2.02135e-06 |  6  0.99992 -2.42303e-07
  7  0.00002  5.74740e-07 |  8  0.00001  1.83782e-08 |  9  0.00001 -1.53177e-07
 10  0.00001 -3.28129e-08 | 11 -0.00007 -5.26467e-07 | 12 -0.00006 -5.28660e-08
 13 -0.00006  2.29426e-07 | 14 -0.00005  4.66447e-07 | 15 -0.00003  7.96450e-07
 16 -0.00001  9.81306e-07 | 17  0.00001  8.45040e-07 | 18  0.00109  2.11522e-07
 19  0.00009 -4.55553e-07 | 20  0.00015 -6.27527e-07 | 21  0.00023  7.63192e-07
 22  0.00035  1.55435e-06 | 23  0.00046 -5.26099e-07 | 24  0.00063 -8.74746e-07
 25  0.00085  4.96962e-07 | 26  0.00116 -2.72196e-08 | 27  0.00206 -8.86442e-07
 28  0.00187  5.32428e-07 | 29  0.00230 -3.86757e-07 | 30  0.00276 -5.00690e-07
 31  0.00463 -5.44058e-07 | 32  0.00301  2.58710e-07 | 33  0.00268 -7.21707e-07
 34  0.00168  9.54511e-07 | 35  0.00116  2.17301e-06 | 36 -0.00098 -2.04526e-06
 37  0.00720  1.64081e-08 | 38  0.01122  1.19912e-06 | 39 -0.00726 -9.85845e-08
 40  0.00603  1.22366e-07 | 41  0.01381  4.64852e-07 | 42  0.00268 -5.32873e-07
 43 -0.00688 -6.92904e-07 | 44 -0.00926 -5.12541e-07 | 45  0.00527 -1.08449e-07
 46 -0.00354 -8.95736e-07 | 47 -0.00732  7.23128e-07 | 48 -0.00173 -1.80582e-07
 49 -0.01154 -3.13385e-08 | 50 -0.00365  4.15394e-07 | 51 -0.00280 -2.48105e-07
 52 -0.00298 -8.27203e-07 | 53 -0.00759  1.19742e-06 | 54  0.01294 -1.99753e-07
 55 -0.00207  1.12484e-06 | 56  0.00081 -3.04007e-06 | 57  0.00803  1.41865e-06
 58  0.00319  3.33583e-07 | 59  0.01835 -2.03288e-06 | 60  0.01138 -9.77246e-07
 61  0.00089  6.55205e-07 | 62  0.00559  4.64646e-07 | 63  0.00607  4.10189e-08
 64  0.01007 -2.31759e-06 | 65  0.00268 -1.30566e-07 | 66  0.00434 -3.07949e-06
 67  0.03432  1.54994e-06 | 68  0.01554  8.84276e-07 | 69  0.00589  1.72922e-06
 70  0.02878 -2.76836e-07 | 71 -0.02403 -3.51179e-07 | 72 -0.01371 -9.07585e-07
 73  0.03541 -6.58964e-07 | 74  0.06955 -6.48384e-06 | 75  0.01386  1.60023e-07
 76 -0.01793 -5.00058e-07 | 77 -0.01122 -1.91830e-07 | 78 -0.01634 -1.20276e-06
 79 -0.01110  3.21131e-07 | 80 -0.02079 -9.19270e-08 | 81  0.01471  3.47709e-08
 82 -0.06359  6.57541e-07 | 83  0.04153  5.86289e-07 | 84  0.00162  7.80134e-07
 85 -0.01434  7.63589e-07 | 86  0.01201  5.09415e-07 | 87  0.00720  1.05274e-06
 88 -0.03208 -2.52334e-07 | 89 -0.01083  1.25280e-06 | 90 -0.02687 -8.22964e-08
 91 -0.01121  1.18253e-06 | 92 -0.03101  8.37595e-07 | 93  0.06214  1.90875e-06
 94  0.02195  8.48256e-07 | 95 -0.01810  1.28065e-06 | 96 -0.03259  1.03008e-07
 97  0.00139  6.27984e-07 | 98 -0.02380  2.11393e-07 | 99 -0.00646 -2.56988e-08
100 -0.03029  9.22827e-08 |101  0.00672  5.43675e-07 |102 -0.04096 -2.32023e-07
103 -0.00448 -3.24339e-07 |104 -0.00059  2.44686e-08 |105 -0.00009 -6.95663e-07
106  0.00000  0.00000e+00 |107 -0.03943 -3.42843e-05 |108  0.01814  3.03610e-06
109 -0.39387 -1.53284e-05 |110 -0.25944  1.70866e-07 |111 -0.24245  2.37889e-07
size of file gradfil1.tmp = 0
size of file gradfil2.tmp = 0
size of file varssave.tmp = 0
size of file cmpdiff.tmp = 0
