
Initial statistics: 1 variables; iteration 0; function evaluation 0; phase 1
Function value 8.5732343e+02; maximum gradient component mag 1.3268e+04
Var    Value     Gradient |Var    Value     Gradient |Var    Value     Gradient
  1  0.63197  1.32676e+04 |

 - final statistics:
1 variables; iteration 3; function evaluation 28
Function value 7.7089e+02; maximum gradient component mag 1.9672e+00
Exit code = 1;  converg criter 1.0000e+01
Var    Value     Gradient |Var    Value     Gradient |Var    Value     Gradient
  1  0.62478  1.96721e+00 |

Initial statistics: 98 variables; iteration 0; function evaluation 0; phase 2
Function value 7.7089428e+02; maximum gradient component mag 1.1051e+03
Var    Value     Gradient |Var    Value     Gradient |Var    Value     Gradient
  1  0.62478  1.96721e+00 |  2  0.00000 -4.13331e+01 |  3  0.00000 -4.83142e+01
  4  0.00000 -5.67016e+01 |  5  0.00000 -6.67422e+01 |  6  0.00000 -7.89097e+01
  7  0.00000 -9.28906e+01 |  8  0.00000 -1.09587e+02 |  9  0.00000 -1.29075e+02
 10  0.00000 -1.51583e+02 | 11  0.00000 -1.77222e+02 | 12  0.00000 -2.05885e+02
 13  0.00000 -2.37074e+02 | 14  0.00000 -2.69637e+02 | 15  0.00000 -3.00424e+02
 16  0.00000 -3.29589e+02 | 17  0.00000 -3.48290e+02 | 18  0.00000 -3.52459e+02
 19  0.00000 -3.56374e+02 | 20  0.00000 -3.32126e+02 | 21  0.00000 -3.60589e+02
 22  0.00000 -3.80144e+02 | 23  0.00000 -3.62580e+02 | 24  0.00000 -3.78294e+02
 25  0.00000 -3.72112e+02 | 26  0.00000 -3.66074e+02 | 27  0.00000 -3.59036e+02
 28  0.00000 -3.39782e+02 | 29  0.00000 -3.16618e+02 | 30  0.00000 -3.08724e+02
 31  0.00000 -2.92183e+02 | 32  0.00000 -2.69321e+02 | 33  0.00000 -2.50568e+02
 34  0.00000 -2.12561e+02 | 35  0.00000 -1.85298e+02 | 36  0.00000 -1.83389e+02
 37  0.00000 -1.69653e+02 | 38  0.00000 -1.56419e+02 | 39  0.00000 -1.46655e+02
 40  0.00000 -1.35641e+02 | 41  0.00000 -1.01738e+02 | 42  0.00000 -9.56601e+01
 43  0.00000 -8.25849e+01 | 44  0.00000 -6.78497e+01 | 45  0.00000 -9.06285e+01
 46  0.00000 -9.08535e+01 | 47  0.00000 -9.96992e+01 | 48  0.00000 -9.83924e+01
 49  0.00000 -9.82927e+01 | 50  0.00000 -4.48893e+01 | 51  0.00000 -6.99860e+01
 52  0.00000 -8.76420e+01 | 53  0.00000 -7.98935e+01 | 54  0.00000 -1.11533e+02
 55  0.00000 -1.21501e+02 | 56  0.00000 -1.26454e+02 | 57  0.00000 -1.48273e+02
 58  0.00000 -1.01813e+02 | 59  0.00000 -9.65209e+01 | 60  0.00000 -1.68543e+02
 61  0.00000 -3.77900e+01 | 62  0.00000 -5.45679e+01 | 63  0.00000 -2.62715e+02
 64  0.00000  3.60348e+01 | 65  0.00000  1.50471e+02 | 66  0.00000 -1.69936e+02
 67  0.00000  1.86468e+02 | 68  0.00000  9.26376e+02 | 69  0.00000 -1.30636e+02
 70  0.00000  3.37457e+02 | 71  0.00000  5.06827e+02 | 72  0.00000  6.17437e+02
 73  0.00000  9.32527e+02 | 74  0.00000  3.27135e+02 | 75  0.00000  1.10510e+03
 76  0.00000  7.87189e+02 | 77  0.00000  2.61916e+02 | 78  0.00000  6.87166e+02
 79  0.00000  1.00334e+03 | 80  0.00000  5.59019e+02 | 81  0.00000  1.09659e+03
 82  0.00000  8.18832e+02 | 83  0.00000  1.74396e+02 | 84  0.00000 -3.54655e+01
 85  0.00000  8.88444e+02 | 86  0.00000  6.52947e+01 | 87  0.00000  4.66638e+02
 88  0.00000 -7.72289e+01 | 89  0.00000  2.54017e+02 | 90  0.00000  2.99629e+02
 91  0.00000  4.21978e+02 | 92  0.00000 -4.70707e+00 | 93  0.00000 -9.22551e+02
 94  0.00000  1.46837e+01 | 95  0.00000 -8.22119e+00 | 96  0.00000 -8.54456e+00
 97 -0.03546 -1.67621e+02 | 98 -0.31026 -7.81888e+01 |

Intermediate statistics: 98 variables; iteration 20; function evaluation 35; phase 2
Function value 6.6572495e+02; maximum gradient component mag 1.3925e+04
Var    Value     Gradient |Var    Value     Gradient |Var    Value     Gradient
  1  0.62194  1.39252e+04 |  2 -0.01097 -3.22401e+02 |  3 -0.01062 -3.09904e+02
  4 -0.01018 -2.94713e+02 |  5 -0.00965 -2.76264e+02 |  6 -0.00837 -2.51951e+02
  7 -0.00818 -2.26727e+02 |  8 -0.00716 -1.93793e+02 |  9 -0.00587 -1.53823e+02
 10 -0.00420 -1.05167e+02 | 11 -0.00202 -4.56902e+01 | 12  0.00078  2.70171e+01
 13  0.00419  1.14701e+02 | 14  0.00772  2.13568e+02 | 15  0.00774  2.80531e+02
 16  0.00872  3.51674e+02 | 17  0.00393  3.40399e+02 | 18 -0.00183  3.00848e+02
 19  0.00261  3.49701e+02 | 20 -0.00229  2.83251e+02 | 21  0.00478  3.87001e+02
 22  0.00750  4.57859e+02 | 23  0.00535  3.99597e+02 | 24  0.01076  4.84264e+02
 25  0.00404  4.09313e+02 | 26  0.00085  3.71725e+02 | 27  0.00027  3.60084e+02
 28 -0.00243  3.21378e+02 | 29  0.00060  3.48062e+02 | 30  0.00168  3.26556e+02
 31 -0.00637  2.02970e+02 | 32 -0.01065  1.32250e+02 | 33 -0.00613  1.39584e+02
 34 -0.00154  1.64158e+02 | 35  0.00465  1.93305e+02 | 36 -0.00393  5.20509e+01
 37 -0.00641 -9.83025e+00 | 38 -0.00408 -3.14566e+01 | 39 -0.00101 -4.77460e+01
 40  0.00113 -6.35997e+01 | 41 -0.01024 -1.35466e+02 | 42 -0.01192 -1.67865e+02
 43 -0.00957 -1.70363e+02 | 44 -0.01015 -1.79959e+02 | 45 -0.00363 -1.85830e+02
 46  0.00201 -1.84359e+02 | 47  0.02084 -1.24203e+02 | 48  0.01150 -1.73104e+02
 49  0.00781 -1.93526e+02 | 50 -0.00437 -1.96271e+02 | 51  0.01154 -1.50532e+02
 52  0.02088 -1.23078e+02 | 53  0.01177 -1.53039e+02 | 54  0.00991 -1.86178e+02
 55  0.01896 -1.39251e+02 | 56  0.01426 -1.68249e+02 | 57  0.01298 -1.90512e+02
 58  0.00663 -1.71272e+02 | 59  0.00183 -1.87141e+02 | 60  0.01397 -1.74607e+02
 61 -0.00183 -1.53676e+02 | 62 -0.01134 -2.10480e+02 | 63  0.02541 -1.11982e+02
 64 -0.00331 -7.91838e+01 | 65 -0.00708 -2.71724e+01 | 66  0.00668 -1.83946e+02
 67 -0.01078 -1.45967e+02 | 68 -0.02378  2.54186e+02 | 69  0.00738 -1.56554e+02
 70 -0.00201  6.97725e+01 | 71  0.00219  2.59588e+02 | 72 -0.00514  2.09617e+02
 73 -0.00320  4.79863e+02 | 74  0.00468  1.44462e+02 | 75 -0.00390  5.93131e+02
 76 -0.00607  2.92709e+02 | 77  0.00308 -3.16864e+01 | 78 -0.00556  2.00281e+02
 79 -0.00391  4.84895e+02 | 80  0.00004  2.03490e+02 | 81 -0.00137  6.55629e+02
 82 -0.00763  2.72674e+02 | 83 -0.00129 -2.47748e+02 | 84  0.00304 -3.26376e+02
 85 -0.01402  1.54886e+02 | 86  0.00616 -1.86050e+02 | 87 -0.01241 -1.95123e+02
 88  0.01393 -1.91978e+02 | 89 -0.00700 -2.92394e+02 | 90  0.00087 -9.23055e+01
 91 -0.01020 -2.00621e+02 | 92 -0.00616 -4.95318e+02 | 93  0.04448 -6.97124e+02
 94 -0.00394 -3.52113e+02 | 95 -0.01292 -3.79647e+02 | 96 -0.01263 -3.79434e+02
 97 -0.03620  7.42662e+02 | 98 -0.27317  2.81404e+01 |
98 variables; iteration 40; function evaluation 59; phase 2
Function value 5.7554084e+02; maximum gradient component mag 5.8202e+03
Var    Value     Gradient |Var    Value     Gradient |Var    Value     Gradient
  1  0.62224  5.82019e+03 |  2  0.01640 -7.88445e+01 |  3  0.01232 -7.87738e+01
  4  0.00687 -8.13399e+01 |  5  0.00325 -7.86514e+01 |  6  0.00321 -6.53025e+01
  7  0.00515 -4.29440e+01 |  8  0.00463 -2.52066e+01 |  9  0.00093 -1.64013e+01
 10 -0.00166 -2.40395e+00 | 11  0.00103  3.55800e+01 | 12  0.00245  7.26783e+01
 13  0.00081  9.66651e+01 | 14  0.00776  1.72939e+02 | 15  0.00744  2.08779e+02
 16  0.00706  2.39335e+02 | 17  0.00503  2.54120e+02 | 18  0.00000  2.38807e+02
 19  0.00359  2.65032e+02 | 20 -0.00283  2.22267e+02 | 21  0.00237  2.70665e+02
 22  0.00026  2.75056e+02 | 23  0.00092  2.68754e+02 | 24  0.00063  2.69139e+02
 25  0.00070  2.86557e+02 | 26 -0.00048  2.82562e+02 | 27 -0.00134  2.74194e+02
 28 -0.00620  2.35719e+02 | 29 -0.01136  1.92834e+02 | 30 -0.00584  2.07279e+02
 31 -0.00937  1.60547e+02 | 32 -0.01702  9.47476e+01 | 33 -0.01120  1.02832e+02
 34  0.00030  1.66729e+02 | 35  0.00989  2.09172e+02 | 36 -0.00763  4.79916e+01
 37 -0.00206  4.56271e+01 | 38  0.00266  3.96819e+01 | 39  0.00602  2.86377e+01
 40  0.00668  1.18920e+01 | 41 -0.00500 -3.29453e+01 | 42 -0.00179 -3.41727e+01
 43 -0.00359 -4.34769e+01 | 44 -0.00858 -5.60210e+01 | 45 -0.00304 -6.65983e+01
 46  0.00588 -5.88802e+01 | 47  0.00301 -8.11060e+01 | 48  0.00277 -8.27034e+01
 49  0.00412 -7.55343e+01 | 50 -0.01487 -8.66704e+01 | 51 -0.00050 -7.43636e+01
 52  0.01224 -5.60740e+01 | 53  0.00950 -5.14360e+01 | 54  0.02375 -3.39893e+01
 55  0.01209 -8.00006e+01 | 56  0.03141 -2.97146e+01 | 57  0.03884 -1.59529e+01
 58  0.01802 -3.14464e+01 | 59  0.02693  2.36912e+01 | 60  0.03163 -1.08840e+00
 61 -0.00018 -5.52243e+01 | 62 -0.00523 -7.14600e+01 | 63  0.02838 -5.94285e+01
 64 -0.00165  1.84375e+01 | 65 -0.02106 -5.94003e+01 | 66  0.01050 -1.02839e+02
 67 -0.00949 -8.30748e+01 | 68 -0.04959 -1.37848e+01 | 69  0.00867 -1.98163e+02
 70 -0.01008 -1.24015e+02 | 71 -0.01179 -1.72771e+02 | 72 -0.01688 -8.80927e+01
 73 -0.02286 -3.77295e+01 | 74 -0.00185 -1.61351e+02 | 75 -0.02775 -3.55946e+00
 76 -0.01756 -3.56224e+01 | 77 -0.00288 -2.63924e+02 | 78 -0.01789 -1.16481e+02
 79 -0.02706 -5.23735e+01 | 80 -0.01254 -1.54224e+02 | 81 -0.02891  1.52699e+01
 82 -0.02665 -8.60413e+01 | 83 -0.00469 -2.21721e+02 | 84  0.00972 -2.01632e+02
 85 -0.03079 -1.67477e+01 | 86  0.00580 -1.75067e+02 | 87 -0.01502 -6.04740e+01
 88  0.01099 -1.46862e+02 | 89 -0.01053 -1.27964e+02 | 90 -0.00960 -5.40847e+01
 91 -0.02147 -9.09965e+01 | 92  0.00610 -2.24994e+02 | 93  0.05768 -1.80263e+02
 94  0.00701 -1.24324e+02 | 95  0.01734 -1.23542e+02 | 96  0.01883 -1.21455e+02
 97 -0.01666  3.66385e+02 | 98 -0.28712 -2.32458e+01 |
98 variables; iteration 60; function evaluation 89; phase 2
Function value 5.6811819e+02; maximum gradient component mag 3.5756e+03
Var    Value     Gradient |Var    Value     Gradient |Var    Value     Gradient
  1  0.61886  3.57562e+03 |  2 -0.00088 -7.36479e+01 |  3  0.00532 -5.72843e+01
  4  0.00481 -5.26810e+01 |  5  0.00140 -5.32520e+01 |  6  0.00253 -4.33736e+01
  7  0.00442 -2.95427e+01 |  8  0.00246 -2.36623e+01 |  9  0.00060 -1.65468e+01
 10 -0.00212 -1.09235e+01 | 11 -0.00525 -6.03380e+00 | 12  0.00410  4.07455e+01
 13  0.00516  6.32169e+01 | 14  0.00764  9.28930e+01 | 15  0.00324  9.40457e+01
 16  0.00218  1.05374e+02 | 17  0.00404  1.31214e+02 | 18  0.00103  1.31784e+02
 19  0.00429  1.44204e+02 | 20 -0.00266  1.17022e+02 | 21  0.00630  1.60046e+02
 22  0.00134  1.43309e+02 | 23  0.00576  1.59530e+02 | 24  0.00092  1.29966e+02
 25  0.00860  1.83669e+02 | 26  0.00288  1.55565e+02 | 27  0.00124  1.45158e+02
 28 -0.00443  1.19076e+02 | 29 -0.00528  1.15483e+02 | 30 -0.00390  1.02080e+02
 31 -0.00876  6.69506e+01 | 32 -0.01368  3.87249e+01 | 33 -0.00877  4.29252e+01
 34  0.00035  8.61140e+01 | 35  0.00940  1.19962e+02 | 36 -0.00120  3.27710e+01
 37  0.00122  2.36171e+01 | 38  0.00361  1.54158e+01 | 39  0.00611  8.67285e+00
 40  0.00632 -6.94218e-01 | 41 -0.00029 -1.20794e+01 | 42  0.00013 -1.72690e+01
 43 -0.00355 -2.56367e+01 | 44 -0.00916 -3.30415e+01 | 45 -0.00199 -3.82787e+01
 46  0.01082 -2.26048e+01 | 47  0.01053 -3.47669e+01 | 48  0.00998 -3.41365e+01
 49  0.00762 -3.55850e+01 | 50 -0.00930 -3.41685e+01 | 51  0.00238 -3.05522e+01
 52  0.01002 -2.65070e+01 | 53  0.00620 -2.35224e+01 | 54  0.01791 -1.84979e+01
 55  0.02243 -6.59545e+00 | 56  0.02964 -1.22336e+00 | 57  0.03398 -1.33227e+00
 58  0.01576 -4.97923e+00 | 59  0.01403  9.74836e-01 | 60  0.03055  2.22452e+01
 61  0.00173 -5.37957e+00 | 62 -0.00023 -8.55199e+00 | 63  0.03330  5.27980e+00
 64 -0.00865  5.90796e+00 | 65 -0.01908 -6.31530e+00 | 66  0.01701  1.30123e+01
 67 -0.00605 -3.65649e+00 | 68 -0.05166  7.97370e+00 | 69  0.01261 -7.10262e+01
 70 -0.00470  9.76097e+00 | 71 -0.00804 -6.58887e+01 | 72 -0.01552 -2.67984e+01
 73 -0.02457 -4.81694e+01 | 74  0.00078 -7.84870e+01 | 75 -0.03082 -3.61326e+01
 76 -0.02049 -4.97036e+01 | 77  0.00149 -1.24805e+02 | 78 -0.01737 -6.66122e+01
 79 -0.02789 -3.64601e+01 | 80 -0.00977 -6.90637e+01 | 81 -0.03181 -1.77162e+01
 82 -0.02596 -3.96142e+01 | 83 -0.00086 -9.68553e+01 | 84  0.01305 -8.92070e+01
 85 -0.03624 -6.69954e+01 | 86  0.00759 -1.07437e+02 | 87 -0.01823 -8.42802e+01
 88  0.01045 -1.16291e+02 | 89 -0.01091 -9.28437e+01 | 90 -0.01765 -1.00066e+02
 91 -0.02444 -7.38981e+01 | 92  0.01520 -9.98743e+01 | 93  0.06147 -8.99291e+01
 94 -0.01014 -9.87762e+01 | 95 -0.00493 -9.99718e+01 | 96  0.00347 -8.71518e+01
 97 -0.01334  2.37871e+02 | 98 -0.28217  4.92998e+00 |
Maximum number of function evaluations exceeded

 - final statistics:
98 variables; iteration 69; function evaluation 100
Function value 5.6676e+02; maximum gradient component mag 4.5552e+03
Exit code = 3;  converg criter 1.0000e+01
Var    Value     Gradient |Var    Value     Gradient |Var    Value     Gradient
  1  0.61829  4.55525e+03 |  2 -0.00149 -9.38483e+01 |  3  0.00985 -6.47409e+01
  4  0.00171 -7.48849e+01 |  5 -0.00058 -7.18390e+01 |  6  0.00333 -5.29958e+01
  7  0.00093 -4.72490e+01 |  8  0.00152 -3.21851e+01 |  9  0.00024 -2.04877e+01
 10 -0.00097 -7.00495e+00 | 11 -0.00383  2.01107e+00 | 12  0.00039  3.85560e+01
 13  0.00625  8.75555e+01 | 14  0.00573  1.10655e+02 | 15  0.00505  1.33263e+02
 16  0.00341  1.46054e+02 | 17  0.00345  1.67101e+02 | 18  0.00109  1.70587e+02
 19  0.00400  1.83747e+02 | 20 -0.00391  1.42482e+02 | 21  0.00516  1.96941e+02
 22  0.00183  1.88130e+02 | 23  0.00496  1.97447e+02 | 24  0.00234  1.77574e+02
 25  0.00748  2.23003e+02 | 26  0.00399  2.02550e+02 | 27  0.00319  1.94324e+02
 28 -0.00168  1.64876e+02 | 29 -0.00320  1.53952e+02 | 30 -0.00079  1.45161e+02
 31 -0.00586  1.00619e+02 | 32 -0.01142  6.21498e+01 | 33 -0.00680  6.52895e+01
 34  0.00173  1.08411e+02 | 35  0.00983  1.39624e+02 | 36 -0.00127  4.13876e+01
 37 -0.00009  2.59418e+01 | 38  0.00203  1.53566e+01 | 39  0.00411  5.36333e+00
 40  0.00448 -6.58980e+00 | 41 -0.00284 -2.31964e+01 | 42 -0.00144 -2.72396e+01
 43 -0.00351 -3.36446e+01 | 44 -0.00724 -3.83720e+01 | 45  0.00039 -4.18633e+01
 46  0.00646 -4.29872e+01 | 47  0.01114 -4.24881e+01 | 48  0.01053 -4.22719e+01
 49  0.01191 -3.29378e+01 | 50 -0.00637 -4.05617e+01 | 51  0.00118 -4.45548e+01
 52  0.01031 -3.39443e+01 | 53  0.00382 -3.96565e+01 | 54  0.01542 -3.31501e+01
 55  0.02130 -1.60564e+01 | 56  0.02705 -1.16664e+01 | 57  0.03252 -6.53926e+00
 58  0.01474 -1.39872e+01 | 59  0.01478 -2.12987e+00 | 60  0.02859  8.60274e+00
 61  0.00069 -1.92858e+01 | 62  0.00141 -9.30621e+00 | 63  0.03335  9.17480e+00
 64 -0.00947 -9.93229e+00 | 65 -0.01944 -2.21434e+01 | 66  0.01664  3.23978e+00
 67 -0.00578 -1.21895e+01 | 68 -0.05279 -2.10904e+01 | 69  0.01423 -3.29913e+01
 70 -0.00541 -1.26792e+01 | 71 -0.00685 -5.49590e+01 | 72 -0.01574 -4.42960e+01
 73 -0.02452 -6.69154e+01 | 74  0.00213 -6.10805e+01 | 75 -0.03117 -6.47448e+01
 76 -0.02067 -6.90677e+01 | 77  0.00319 -9.57474e+01 | 78 -0.01751 -8.37629e+01
 79 -0.02852 -7.14958e+01 | 80 -0.00954 -8.22408e+01 | 81 -0.03312 -6.84287e+01
 82 -0.02694 -7.55692e+01 | 83 -0.00022 -1.03122e+02 | 84  0.01367 -9.38827e+01
 85 -0.03681 -1.01382e+02 | 86  0.00851 -1.12540e+02 | 87 -0.01810 -1.09495e+02
 88  0.01185 -1.13695e+02 | 89 -0.01039 -1.13563e+02 | 90 -0.01812 -1.31674e+02
 91 -0.02560 -1.19758e+02 | 92  0.01620 -1.18083e+02 | 93  0.06211 -1.14181e+02
 94 -0.00931 -1.22423e+02 | 95 -0.00376 -1.23076e+02 | 96  0.00091 -1.16023e+02
 97 -0.01444  2.98359e+02 | 98 -0.27971  1.61831e+01 |

Initial statistics: 100 variables; iteration 0; function evaluation 0; phase 3
Function value 5.6675947e+02; maximum gradient component mag 4.5552e+03
Var    Value     Gradient |Var    Value     Gradient |Var    Value     Gradient
  1  0.61829  4.55525e+03 |  2 -0.00149 -9.38451e+01 |  3  0.00985 -6.47377e+01
  4  0.00171 -7.48817e+01 |  5 -0.00058 -7.18358e+01 |  6  0.00333 -5.29925e+01
  7  0.00093 -4.72458e+01 |  8  0.00152 -3.21819e+01 |  9  0.00024 -2.04845e+01
 10 -0.00097 -7.00172e+00 | 11 -0.00383  2.01430e+00 | 12  0.00039  3.85592e+01
 13  0.00625  8.75588e+01 | 14  0.00573  1.10659e+02 | 15  0.00505  1.33266e+02
 16  0.00341  1.46057e+02 | 17  0.00345  1.67104e+02 | 18  0.00109  1.70590e+02
 19  0.00401  1.83750e+02 | 20 -0.00391  1.42486e+02 | 21  0.00516  1.96944e+02
 22  0.00183  1.88133e+02 | 23  0.00496  1.97450e+02 | 24  0.00234  1.77577e+02
 25  0.00748  2.23006e+02 | 26  0.00399  2.02554e+02 | 27  0.00319  1.94327e+02
 28 -0.00168  1.64879e+02 | 29 -0.00320  1.53955e+02 | 30 -0.00079  1.45165e+02
 31 -0.00586  1.00622e+02 | 32 -0.01142  6.21530e+01 | 33 -0.00680  6.52927e+01
 34  0.00173  1.08415e+02 | 35  0.00983  1.39627e+02 | 36 -0.00127  4.13908e+01
 37 -0.00009  2.59450e+01 | 38  0.00203  1.53598e+01 | 39  0.00411  5.36656e+00
 40  0.00448 -6.58657e+00 | 41 -0.00284 -2.31932e+01 | 42 -0.00144 -2.72363e+01
 43 -0.00351 -3.36413e+01 | 44 -0.00724 -3.83688e+01 | 45  0.00039 -4.18601e+01
 46  0.00646 -4.29839e+01 | 47  0.01114 -4.24848e+01 | 48  0.01053 -4.22687e+01
 49  0.01191 -3.29346e+01 | 50 -0.00637 -4.05585e+01 | 51  0.00118 -4.45515e+01
 52  0.01031 -3.39410e+01 | 53  0.00382 -3.96533e+01 | 54  0.01542 -3.31469e+01
 55  0.02130 -1.60532e+01 | 56  0.02705 -1.16632e+01 | 57  0.03252 -6.53603e+00
 58  0.01474 -1.39840e+01 | 59  0.01478 -2.12664e+00 | 60  0.02859  8.60597e+00
 61  0.00069 -1.92826e+01 | 62  0.00141 -9.30298e+00 | 63  0.03335  9.17803e+00
 64 -0.00947 -9.92906e+00 | 65 -0.01944 -2.21402e+01 | 66  0.01664  3.24301e+00
 67 -0.00578 -1.21862e+01 | 68 -0.05279 -2.10872e+01 | 69  0.01423 -3.29881e+01
 70 -0.00541 -1.26759e+01 | 71 -0.00685 -5.49558e+01 | 72 -0.01574 -4.42928e+01
 73 -0.02452 -6.69122e+01 | 74  0.00213 -6.10773e+01 | 75 -0.03117 -6.47416e+01
 76 -0.02067 -6.90645e+01 | 77  0.00319 -9.57442e+01 | 78 -0.01751 -8.37597e+01
 79 -0.02852 -7.14925e+01 | 80 -0.00954 -8.22376e+01 | 81 -0.03312 -6.84255e+01
 82 -0.02694 -7.55660e+01 | 83 -0.00022 -1.03118e+02 | 84  0.01367 -9.38794e+01
 85 -0.03681 -1.01379e+02 | 86  0.00851 -1.12537e+02 | 87 -0.01810 -1.09491e+02
 88  0.01185 -1.13692e+02 | 89 -0.01039 -1.13559e+02 | 90 -0.01812 -1.31671e+02
 91 -0.02560 -1.19755e+02 | 92  0.01620 -1.18079e+02 | 93  0.06211 -1.14178e+02
 94 -0.00931 -1.22420e+02 | 95 -0.00376 -1.23073e+02 | 96  0.00091 -1.16020e+02
 97 -0.01444  2.98359e+02 | 98 -0.41581 -3.51687e+02 | 99 -0.27971  1.61831e+01
100 -0.25275 -8.22171e+01 |

Intermediate statistics: 100 variables; iteration 20; function evaluation 29; phase 3
Function value 5.6148652e+02; maximum gradient component mag 9.5165e+02
Var    Value     Gradient |Var    Value     Gradient |Var    Value     Gradient
  1  0.61578  9.51648e+02 |  2  0.00071 -2.18343e+01 |  3 -0.00228 -2.60608e+01
  4 -0.00022 -2.21632e+01 |  5  0.00032 -2.05580e+01 |  6 -0.00057 -2.13445e+01
  7 -0.00010 -1.93964e+01 |  8 -0.00020 -1.84361e+01 |  9  0.00031 -1.63711e+01
 10  0.00095 -1.39859e+01 | 11  0.00224 -1.04804e+01 | 12  0.00215 -9.46622e+00
 13  0.00220 -8.40120e+00 | 14  0.00415 -4.12815e+00 | 15  0.00512 -3.25453e-01
 16  0.00731  4.39627e+00 | 17  0.00537  5.30930e+00 | 18 -0.00031  2.64899e+00
 19  0.00274  4.27162e+00 | 20 -0.00574 -6.37307e-01 | 21  0.00410  6.64193e+00
 22  0.00768  1.24370e+01 | 23  0.00548  9.02766e+00 | 24  0.01448  1.80415e+01
 25  0.00744  1.29084e+01 | 26  0.00578  1.29257e+01 | 27  0.00619  1.41137e+01
 28  0.00119  1.13003e+01 | 29 -0.00382  7.64401e+00 | 30  0.00419  1.51050e+01
 31  0.00773  1.81628e+01 | 32  0.00548  1.79422e+01 | 33  0.00653  1.85009e+01
 34 -0.00779  1.16398e+00 | 35 -0.01423 -1.26590e+01 | 36  0.00350  1.06392e+01
 37  0.00506  1.02226e+01 | 38  0.00681  1.02446e+01 | 39  0.00919  1.09735e+01
 40  0.01036  1.21321e+01 | 41 -0.00211  4.60856e+00 | 42 -0.00244  4.03396e+00
 43 -0.00594  1.44776e+00 | 44 -0.01124 -2.28769e+00 | 45  0.00265  7.00899e+00
 46  0.00769  1.02028e+01 | 47  0.01216  1.36474e+01 | 48  0.00957  1.27887e+01
 49  0.00804  1.00938e+01 | 50 -0.01563 -3.54662e+00 | 51 -0.00438  6.81046e+00
 52  0.00369  1.23893e+01 | 53 -0.00304  9.31889e+00 | 54  0.01397  2.13596e+01
 55  0.01580  2.28610e+01 | 56  0.02273  3.06155e+01 | 57  0.03221  4.08446e+01
 58  0.00668  1.79290e+01 | 59  0.00492  1.51321e+01 | 60  0.02791  4.64108e+01
 61 -0.00483  1.47814e+01 | 62 -0.00620  1.49802e+01 | 63  0.04093  1.01264e+02
 64 -0.01654  6.75618e+00 | 65 -0.02440  4.72132e+00 | 66  0.02087  9.08662e+01
 67 -0.00521  3.94575e+01 | 68 -0.06226 -3.57100e+01 | 69  0.01636  2.05893e+01
 70 -0.00629  1.19930e+01 | 71 -0.00568 -1.31273e+01 | 72 -0.01570  1.00639e+00
 73 -0.02339 -1.39605e+01 | 74  0.00356 -4.18764e-02 | 75 -0.03064 -1.83901e+01
 76 -0.02001 -8.45757e+00 | 77  0.00425 -6.12927e+01 | 78 -0.01680 -2.15639e+01
 79 -0.02859 -3.30774e+01 | 80 -0.00914 -2.59491e+01 | 81 -0.03386 -3.74035e+01
 82 -0.02852 -3.38705e+01 | 83  0.00134 -3.54584e+01 | 84  0.01446 -2.82658e+01
 85 -0.03578 -2.80094e+01 | 86  0.01001 -2.34053e+01 | 87 -0.01631 -2.54383e+01
 88  0.01326 -2.04096e+01 | 89 -0.00836 -2.33658e+01 | 90 -0.01445 -8.55918e+00
 91 -0.02290 -2.30790e+01 | 92  0.01698 -2.25474e+01 | 93  0.06435 -2.99761e+01
 94 -0.00592 -2.30179e+01 | 95  0.00154 -2.29994e+01 | 96  0.00048 -2.47380e+01
 97 -0.02908  5.33525e+01 | 98 -0.42346 -5.92894e+01 | 99 -0.24717  1.13916e+01
100 -0.23602 -4.74106e+00 |
100 variables; iteration 40; function evaluation 52; phase 3
Function value 5.6087271e+02; maximum gradient component mag 2.9105e+02
Var    Value     Gradient |Var    Value     Gradient |Var    Value     Gradient
  1  0.61600  2.91053e+02 |  2  0.00072 -8.36550e+00 |  3  0.00368 -4.09958e+00
  4  0.00149 -7.74529e+00 |  5  0.00106 -8.76755e+00 |  6  0.00145 -8.83753e+00
  7  0.00111 -9.72878e+00 |  8  0.00102 -1.05809e+01 |  9  0.00124 -1.11575e+01
 10  0.00182 -1.14767e+01 | 11  0.00344 -1.06821e+01 | 12  0.00305 -1.32042e+01
 13  0.00186 -1.72456e+01 | 14  0.00396 -1.71400e+01 | 15  0.00522 -1.69832e+01
 16  0.00936 -1.42814e+01 | 17  0.00631 -1.60901e+01 | 18 -0.00087 -1.87167e+01
 19  0.00219 -1.88405e+01 | 20 -0.00657 -1.83049e+01 | 21  0.00226 -1.94645e+01
 22  0.01024 -1.23765e+01 | 23  0.00402 -1.75401e+01 | 24  0.02267 -3.73844e+00
 25  0.00494 -1.76147e+01 | 26  0.00451 -1.48353e+01 | 27  0.00531 -1.30520e+01
 28 -0.00018 -1.25216e+01 | 29 -0.00684 -1.50271e+01 | 30  0.00032 -1.25965e+01
 31  0.00883 -1.50684e+00 | 32  0.00559  1.14949e-03 | 33  0.00500 -7.41651e-01
 34 -0.00672 -4.83884e+00 | 35 -0.01046 -9.00245e+00 | 36  0.00257  9.92063e-01
 37  0.00475  3.53070e+00 | 38  0.00527  2.71596e+00 | 39  0.00602  9.96632e-01
 40  0.00885  5.45122e+00 | 41 -0.00359  3.49257e+00 | 42 -0.00362  3.99665e+00
 43 -0.00615  4.33568e+00 | 44 -0.01035  4.36507e+00 | 45  0.00637  1.84603e+01
 46  0.00576  8.55727e+00 | 47  0.00972  1.03179e+01 | 48  0.00884  1.25746e+01
 49  0.00738  1.00781e+01 | 50 -0.01603  1.38447e+00 | 51 -0.00443  1.04942e+01
 52  0.00385  1.42784e+01 | 53 -0.00217  1.36580e+01 | 54  0.01248  1.57307e+01
 55  0.01554  1.84847e+01 | 56  0.02091  2.02115e+01 | 57  0.02875  2.12875e+01
 58  0.00620  1.47230e+01 | 59  0.00591  1.68328e+01 | 60  0.02948  4.50529e+01
 61 -0.00724  5.69839e+00 | 62 -0.00364  2.30834e+01 | 63  0.03806  5.55875e+01
 64 -0.01589  1.05500e+01 | 65 -0.02338  1.33705e+01 | 66  0.01906  5.29542e+01
 67 -0.00606  2.72514e+01 | 68 -0.05960 -2.96670e+00 | 69  0.01634  2.74121e+01
 70 -0.00632  1.73663e+01 | 71 -0.00519  9.94022e+00 | 72 -0.01521  1.97577e+01
 73 -0.02288  1.02024e+01 | 74  0.00356  1.01086e+01 | 75 -0.03080 -5.99225e+00
 76 -0.02021  2.01247e+00 | 77  0.00509 -2.13494e+01 | 78 -0.01706 -8.73754e+00
 79 -0.02799 -4.74752e+00 | 80 -0.00900 -6.06740e+00 | 81 -0.03323 -7.12624e+00
 82 -0.02808 -9.83363e+00 | 83  0.00125 -1.91102e+01 | 84  0.01383 -2.45669e+01
 85 -0.03572 -8.20150e+00 | 86  0.00975 -1.02011e+01 | 87 -0.01615 -2.21534e+00
 88  0.01345  1.63379e+00 | 89 -0.00852 -7.36656e+00 | 90 -0.01539 -2.39970e+00
 91 -0.02270 -1.77612e+00 | 92  0.01708 -5.54460e+00 | 93  0.06453 -7.65597e+00
 94 -0.00580 -5.81566e+00 | 95 -0.00098 -9.76894e+00 | 96  0.00159 -5.91486e+00
 97 -0.02713  1.02993e+01 | 98 -0.42215 -3.52307e+00 | 99 -0.25019  3.87779e+00
100 -0.23757 -2.38156e+00 |
100 variables; iteration 60; function evaluation 80; phase 3
Function value 5.6045841e+02; maximum gradient component mag -5.7163e+02
Var    Value     Gradient |Var    Value     Gradient |Var    Value     Gradient
  1  0.61527 -5.71627e+02 |  2  0.00012  9.69032e+00 |  3  0.00042  9.17604e+00
  4  0.00037  7.94864e+00 |  5  0.00047  6.69151e+00 |  6  0.00087  5.36928e+00
  7  0.00105  3.78473e+00 |  8  0.00145  1.87774e+00 |  9  0.00210 -2.08922e-01
 10  0.00299 -2.62934e+00 | 11  0.00433 -5.29118e+00 | 12  0.00408 -1.05670e+01
 13  0.00318 -1.70993e+01 | 14  0.00451 -2.19075e+01 | 15  0.00739 -2.44316e+01
 16  0.01329 -2.61430e+01 | 17  0.00714 -3.07829e+01 | 18 -0.00019 -3.07514e+01
 19  0.00366 -3.19617e+01 | 20 -0.00577 -2.64223e+01 | 21  0.00313 -3.40281e+01
 22  0.01181 -3.39742e+01 | 23  0.00461 -3.40065e+01 | 24  0.02962 -3.32594e+01
 25  0.00100 -3.97245e+01 | 26  0.00285 -3.55722e+01 | 27  0.00545 -3.33009e+01
 28  0.00025 -2.86880e+01 | 29 -0.00710 -2.75129e+01 | 30  0.00221 -2.59433e+01
 31  0.00820 -2.09047e+01 | 32  0.00492 -1.59515e+01 | 33  0.00629 -1.28257e+01
 34 -0.00726 -1.22373e+01 | 35 -0.01327 -1.79343e+01 | 36  0.00078 -8.65586e+00
 37  0.00190 -6.15123e+00 | 38  0.00324 -4.29124e+00 | 39  0.00695 -8.43182e-01
 40  0.00822  8.05386e-01 | 41 -0.00511  3.55733e+00 | 42 -0.00531  4.38966e+00
 43 -0.00849  4.53483e+00 | 44 -0.01152  7.61393e+00 | 45  0.00450  1.46143e+01
 46  0.00590  9.67025e+00 | 47  0.01010  1.01706e+01 | 48  0.00767  1.00852e+01
 49  0.00732  9.01611e+00 | 50 -0.01377  1.20313e+01 | 51 -0.00544  1.08734e+01
 52  0.00207  1.00428e+01 | 53 -0.00464  9.92949e+00 | 54  0.01339  1.13016e+01
 55  0.01439  8.21927e+00 | 56  0.02181  1.05884e+01 | 57  0.03079  8.61854e+00
 58  0.00719  1.07462e+01 | 59  0.00572  8.73124e+00 | 60  0.02782  1.34099e+01
 61 -0.00449  1.02952e+01 | 62 -0.00528  9.86651e+00 | 63  0.03673  7.66230e+00
 64 -0.01463  1.17362e+01 | 65 -0.02294  1.35153e+01 | 66  0.01822  1.40989e+01
 67 -0.00623  1.35366e+01 | 68 -0.05872  1.23851e+01 | 69  0.01647  1.19376e+01
 70 -0.00661  4.37338e+00 | 71 -0.00476  1.44762e+01 | 72 -0.01549  1.32915e+01
 73 -0.02296  1.24850e+01 | 74  0.00400  1.15817e+01 | 75 -0.03010  1.34038e+01
 76 -0.01967  1.45885e+01 | 77  0.00617  8.46491e+00 | 78 -0.01670  4.79861e+00
 79 -0.02743  1.59038e+01 | 80 -0.00851  1.05509e+01 | 81 -0.03265  1.63135e+01
 82 -0.02762  1.01516e+01 | 83  0.00185  7.60574e+00 | 84  0.01457  2.83889e+00
 85 -0.03537  1.38890e+01 | 86  0.01000  9.17943e+00 | 87 -0.01618  1.46390e+01
 88  0.01309  1.24023e+01 | 89 -0.00842  1.55442e+01 | 90 -0.01596  1.31045e+01
 91 -0.02329  1.44755e+01 | 92  0.01630  1.02931e+01 | 93  0.06396  1.27308e+01
 94 -0.00694  1.44217e+01 | 95 -0.00010  1.39159e+01 | 96  0.00016  1.42070e+01
 97 -0.02795 -3.98355e+01 | 98 -0.42280  5.36612e+01 | 99 -0.25145 -1.51448e-01
100 -0.23838 -2.00045e+00 |
Maximum number of function evaluations exceeded

 - final statistics:
100 variables; iteration 74; function evaluation 100
Function value 5.6040e+02; maximum gradient component mag -6.7311e+02
Exit code = 3;  converg criter 1.0000e+00
Var    Value     Gradient |Var    Value     Gradient |Var    Value     Gradient
  1  0.61520 -6.73107e+02 |  2  0.00032  1.23303e+01 |  3 -0.00001  1.08406e+01
  4  0.00035  1.01330e+01 |  5  0.00061  9.02577e+00 |  6  0.00075  7.23590e+00
  7  0.00105  5.71076e+00 |  8  0.00115  3.27806e+00 |  9  0.00158  7.64784e-01
 10  0.00245 -1.83319e+00 | 11  0.00432 -4.10953e+00 | 12  0.00418 -9.48721e+00
 13  0.00312 -1.64129e+01 | 14  0.00534 -2.07739e+01 | 15  0.00730 -2.44138e+01
 16  0.01166 -2.75603e+01 | 17  0.00743 -3.08850e+01 | 18  0.00016 -3.05112e+01
 19  0.00311 -3.25897e+01 | 20 -0.00528 -2.55943e+01 | 21  0.00310 -3.42119e+01
 22  0.01208 -3.45369e+01 | 23  0.00359 -3.48784e+01 | 24  0.03263 -3.45426e+01
 25  0.00243 -3.90009e+01 | 26  0.00310 -3.58013e+01 | 27  0.00479 -3.43947e+01
 28 -0.00079 -3.00575e+01 | 29 -0.00637 -2.69010e+01 | 30  0.00223 -2.65139e+01
 31  0.00847 -2.15399e+01 | 32  0.00607 -1.56257e+01 | 33  0.00494 -1.51389e+01
 34 -0.00931 -1.52875e+01 | 35 -0.01273 -1.69058e+01 | 36  0.00146 -8.09391e+00
 37  0.00245 -5.64871e+00 | 38  0.00405 -3.46529e+00 | 39  0.00648 -1.88148e+00
 40  0.00832  3.34962e-01 | 41 -0.00543  3.27549e+00 | 42 -0.00543  4.50706e+00
 43 -0.00757  6.49502e+00 | 44 -0.01125  8.35669e+00 | 45  0.00225  8.36876e+00
 46  0.00540  7.90117e+00 | 47  0.00918  7.61378e+00 | 48  0.00701  7.92114e+00
 49  0.00769  8.62659e+00 | 50 -0.01435  1.06425e+01 | 51 -0.00572  9.66946e+00
 52  0.00219  8.97831e+00 | 53 -0.00388  1.00286e+01 | 54  0.01239  7.20389e+00
 55  0.01500  7.08146e+00 | 56  0.02109  6.17426e+00 | 57  0.03113  4.98142e+00
 58  0.00710  8.51158e+00 | 59  0.00628  7.58625e+00 | 60  0.02698  4.57374e+00
 61 -0.00421  8.97247e+00 | 62 -0.00507  8.12267e+00 | 63  0.03666 -1.36096e-01
 64 -0.01461  9.61387e+00 | 65 -0.02317  1.03085e+01 | 66  0.01782  2.60110e+00
 67 -0.00646  7.30549e+00 | 68 -0.05854  1.40721e+01 | 69  0.01638  6.84602e+00
 70 -0.00622  8.35234e+00 | 71 -0.00486  1.04553e+01 | 72 -0.01558  1.05019e+01
 73 -0.02296  1.22257e+01 | 74  0.00399  9.27094e+00 | 75 -0.03014  1.32030e+01
 76 -0.01984  1.18803e+01 | 77  0.00627  1.22290e+01 | 78 -0.01625  1.25876e+01
 79 -0.02763  1.42966e+01 | 80 -0.00843  1.29464e+01 | 81 -0.03281  1.52026e+01
 82 -0.02741  1.46139e+01 | 83  0.00201  1.42995e+01 | 84  0.01493  1.29376e+01
 85 -0.03535  1.63696e+01 | 86  0.01017  1.44598e+01 | 87 -0.01620  1.61827e+01
 88  0.01317  1.53611e+01 | 89 -0.00843  1.68618e+01 | 90 -0.01581  1.62332e+01
 91 -0.02320  1.73469e+01 | 92  0.01690  1.67363e+01 | 93  0.06432  1.75691e+01
 94 -0.00678  1.72308e+01 | 95  0.00022  1.70044e+01 | 96  0.00054  1.74018e+01
 97 -0.02876 -4.43465e+01 | 98 -0.42337  5.67722e+01 | 99 -0.25135 -1.54351e+00
100 -0.23817  1.71957e+00 |

Initial statistics: 108 variables; iteration 0; function evaluation 0; phase 4
Function value 5.6039649e+02; maximum gradient component mag -1.2180e+03
Var    Value     Gradient |Var    Value     Gradient |Var    Value     Gradient
  1 -0.42263 -1.85376e+02 |  2 -0.42263 -1.21800e+03 |  3 -0.41094 -6.06627e+02
  4  0.61520 -6.73107e+02 |  5  0.00000 -9.66555e+00 |  6  0.00000 -2.13890e+00
  7  0.00000 -2.60788e+00 |  8  0.00000 -3.17704e+00 |  9  0.00000 -3.86722e+00
 10  0.00032  1.23168e+01 | 11 -0.00001  1.08271e+01 | 12  0.00035  1.01194e+01
 13  0.00061  9.01225e+00 | 14  0.00075  7.22239e+00 | 15  0.00105  5.69724e+00
 16  0.00115  3.26454e+00 | 17  0.00158  7.51270e-01 | 18  0.00245 -1.84671e+00
 19  0.00432 -4.12304e+00 | 20  0.00418 -9.50073e+00 | 21  0.00312 -1.64264e+01
 22  0.00533 -2.07874e+01 | 23  0.00730 -2.44273e+01 | 24  0.01166 -2.75738e+01
 25  0.00743 -3.08985e+01 | 26  0.00016 -3.05247e+01 | 27  0.00311 -3.26033e+01
 28 -0.00528 -2.56078e+01 | 29  0.00310 -3.42254e+01 | 30  0.01208 -3.45504e+01
 31  0.00359 -3.48919e+01 | 32  0.03263 -3.45561e+01 | 33  0.00243 -3.90144e+01
 34  0.00310 -3.58148e+01 | 35  0.00478 -3.44082e+01 | 36 -0.00079 -3.00710e+01
 37 -0.00637 -2.69145e+01 | 38  0.00223 -2.65274e+01 | 39  0.00847 -2.15534e+01
 40  0.00607 -1.56392e+01 | 41  0.00494 -1.51524e+01 | 42 -0.00931 -1.53010e+01
 43 -0.01273 -1.69193e+01 | 44  0.00146 -8.10742e+00 | 45  0.00245 -5.66222e+00
 46  0.00405 -3.47880e+00 | 47  0.00648 -1.89499e+00 | 48  0.00832  3.21449e-01
 49 -0.00543  3.26198e+00 | 50 -0.00543  4.49355e+00 | 51 -0.00757  6.48151e+00
 52 -0.01125  8.34318e+00 | 53  0.00225  8.35524e+00 | 54  0.00540  7.88766e+00
 55  0.00918  7.60027e+00 | 56  0.00701  7.90763e+00 | 57  0.00769  8.61308e+00
 58 -0.01435  1.06290e+01 | 59 -0.00572  9.65595e+00 | 60  0.00219  8.96479e+00
 61 -0.00388  1.00151e+01 | 62  0.01239  7.19038e+00 | 63  0.01500  7.06795e+00
 64  0.02109  6.16075e+00 | 65  0.03113  4.96792e+00 | 66  0.00710  8.49806e+00
 67  0.00628  7.57274e+00 | 68  0.02698  4.56024e+00 | 69 -0.00421  8.95896e+00
 70 -0.00507  8.10916e+00 | 71  0.03665 -1.49587e-01 | 72 -0.01461  9.60036e+00
 73 -0.02317  1.02950e+01 | 74  0.01782  2.58759e+00 | 75 -0.00646  7.29197e+00
 76 -0.05854  1.40586e+01 | 77  0.01638  6.83252e+00 | 78 -0.00622  8.33883e+00
 79 -0.00486  1.04418e+01 | 80 -0.01558  1.04884e+01 | 81 -0.02296  1.22122e+01
 82  0.00399  9.25742e+00 | 83 -0.03014  1.31895e+01 | 84 -0.01984  1.18668e+01
 85  0.00627  1.22155e+01 | 86 -0.01625  1.25741e+01 | 87 -0.02763  1.42831e+01
 88 -0.00843  1.29329e+01 | 89 -0.03281  1.51891e+01 | 90 -0.02741  1.46004e+01
 91  0.00201  1.42860e+01 | 92  0.01493  1.29241e+01 | 93 -0.03535  1.63561e+01
 94  0.01017  1.44463e+01 | 95 -0.01620  1.61692e+01 | 96  0.01317  1.53476e+01
 97 -0.00843  1.68482e+01 | 98 -0.01581  1.62197e+01 | 99 -0.02320  1.73334e+01
100  0.01690  1.67228e+01 |101  0.06432  1.75557e+01 |102 -0.00678  1.72173e+01
103  0.00022  1.69909e+01 |104  0.00054  1.73883e+01 |105 -0.02876 -4.43465e+01
106 -0.42337  5.67722e+01 |107 -0.25135 -1.54351e+00 |108 -0.23817  1.71957e+00

Intermediate statistics: 108 variables; iteration 20; function evaluation 23; phase 4
Function value 5.5896438e+02; maximum gradient component mag -4.9711e+02
Var    Value     Gradient |Var    Value     Gradient |Var    Value     Gradient
  1 -0.42749 -8.47477e+01 |  2 -0.42562 -4.97106e+02 |  3 -0.40002 -2.46665e+02
  4  0.61472 -1.70872e+02 |  5  0.00099 -1.78694e+00 |  6  0.00021 -3.99025e-01
  7  0.00026 -4.84997e-01 |  8  0.00032 -5.88540e-01 |  9  0.00040 -7.12920e-01
 10  0.00076  3.49170e+00 | 11  0.00098  3.46768e+00 | 12  0.00102  3.09101e+00
 13  0.00113  2.71930e+00 | 14  0.00150  2.42444e+00 | 15  0.00154  1.88295e+00
 16  0.00193  1.45985e+00 | 17  0.00234  8.30202e-01 | 18  0.00279 -6.29598e-02
 19  0.00313 -1.50424e+00 | 20  0.00469 -1.79697e+00 | 21  0.00725 -1.43031e+00
 22  0.00891 -2.77895e+00 | 23  0.00958 -4.29008e+00 | 24  0.01039 -6.84461e+00
 25  0.01013 -5.65860e+00 | 26  0.00589 -3.85856e+00 | 27  0.00935 -3.99304e+00
 28 -0.00051 -3.00757e+00 | 29  0.01031 -4.26118e+00 | 30  0.00923 -9.44701e+00
 31  0.01119 -4.28719e+00 | 32  0.00556 -2.10489e+01 | 33  0.01412 -3.20115e+00
 34  0.01023 -4.61370e+00 | 35  0.00921 -5.57809e+00 | 36  0.00445 -4.02285e+00
 37 -0.00033 -2.83293e+00 | 38  0.00465 -4.93567e+00 | 39  0.00362 -7.91568e+00
 40 -0.00008 -7.67831e+00 | 41  0.00218 -5.91640e+00 | 42 -0.00426 -3.47048e-01
 43 -0.00440  3.04497e+00 | 44 -0.00060 -3.46721e+00 | 45 -0.00029 -2.99439e+00
 46  0.00106 -2.76371e+00 | 47  0.00550 -1.33671e+00 | 48  0.00729 -7.68348e-01
 49 -0.00654  9.02199e-02 | 50 -0.00660  3.06296e-01 | 51 -0.00870  4.84045e-01
 52 -0.01143  1.10420e+00 | 53  0.00156  4.17671e-01 | 54  0.00182 -1.32490e+00
 55  0.00561 -8.64204e-01 | 56  0.00629  9.11300e-01 | 57  0.00662  3.67270e-01
 58 -0.01497  1.86766e+00 | 59 -0.00806  8.47165e-02 | 60 -0.00057 -3.51371e-01
 61 -0.00703 -5.87681e-01 | 62  0.01070 -7.83436e-01 | 63  0.01311 -3.59362e-01
 64  0.01775 -2.43312e+00 | 65  0.02718 -3.54588e+00 | 66  0.00408 -9.82247e-01
 67  0.00761  2.92105e+00 | 68  0.02559 -5.78601e-01 | 69 -0.00529  1.04090e+00
 70 -0.00683 -3.90316e-01 | 71  0.03705  5.57254e+00 | 72 -0.01455  4.02767e+00
 73 -0.02342  3.97984e+00 | 74  0.01743 -2.36575e+00 | 75 -0.00613  2.27016e+00
 76 -0.05840  3.61699e+00 | 77  0.01416 -3.49807e+01 | 78 -0.00554 -2.13032e-01
 79 -0.00574 -3.53955e+00 | 80 -0.01515  1.52855e+00 | 81 -0.02390 -1.41278e+00
 82  0.00398 -4.64392e+00 | 83 -0.03116  9.66987e-01 | 84 -0.01919  4.03779e+00
 85  0.00543  5.48903e+00 | 86 -0.01557  7.62398e+00 | 87 -0.02826  6.79513e+00
 88 -0.00727  1.34484e+01 | 89 -0.03378  3.75351e+00 | 90 -0.02773  4.95555e+00
 91  0.00072  3.11898e-01 | 92  0.01597  1.92386e+01 | 93 -0.03626  5.03617e+00
 94  0.01081  1.45092e+01 | 95 -0.01698  4.94027e+00 | 96  0.01380  1.20194e+01
 97 -0.00870  7.09108e+00 | 98 -0.01529  6.93708e+00 | 99 -0.02437  2.34234e+00
100  0.01850  1.13680e+01 |101  0.06290 -2.13733e-01 |102 -0.00704  4.42127e+00
103  0.00022  4.36030e+00 |104  0.00020  4.25456e+00 |105 -0.04920 -1.23820e+01
106 -0.43366  1.90895e+00 |107 -0.25185 -1.19020e+01 |108 -0.22786  2.38236e+01
108 variables; iteration 40; function evaluation 47; phase 4
Function value 5.5864964e+02; maximum gradient component mag -3.9203e+02
Var    Value     Gradient |Var    Value     Gradient |Var    Value     Gradient
  1 -0.42671 -2.04159e+01 |  2 -0.42458 -3.92025e+02 |  3 -0.40029 -1.57509e+02
  4  0.61338 -3.21090e+02 |  5  0.00081 -2.85222e+00 |  6  0.00018 -6.21890e-01
  7  0.00022 -7.58457e-01 |  8  0.00027 -9.24287e-01 |  9  0.00033 -1.12548e+00
 10  0.00072  6.86710e+00 | 11  0.00080  6.54575e+00 | 12  0.00094  6.22212e+00
 13  0.00110  5.81719e+00 | 14  0.00143  5.30011e+00 | 15  0.00156  4.72720e+00
 16  0.00188  4.00663e+00 | 17  0.00231  3.17409e+00 | 18  0.00291  2.21126e+00
 19  0.00374  1.10726e+00 | 20  0.00481 -2.51164e-01 | 21  0.00628 -1.75742e+00
 22  0.00819 -3.30812e+00 | 23  0.00931 -4.85186e+00 | 24  0.01103 -6.90833e+00
 25  0.00985 -6.99977e+00 | 26  0.00494 -5.83824e+00 | 27  0.00841 -6.30200e+00
 28 -0.00132 -4.36168e+00 | 29  0.00902 -6.85744e+00 | 30  0.01022 -9.83548e+00
 31  0.00990 -7.08805e+00 | 32  0.01104 -1.63224e+01 | 33  0.01203 -7.40038e+00
 34  0.00911 -7.56055e+00 | 35  0.00875 -7.78230e+00 | 36  0.00377 -6.19152e+00
 37 -0.00132 -4.77963e+00 | 38  0.00442 -6.25479e+00 | 39  0.00500 -7.06843e+00
 40  0.00140 -6.12732e+00 | 41  0.00296 -5.14136e+00 | 42 -0.00536 -2.06956e+00
 43 -0.00681 -1.83437e+00 | 44 -0.00009 -2.39300e+00 | 45  0.00033 -1.81234e+00
 46  0.00173 -1.28560e+00 | 47  0.00578 -8.33043e-01 | 48  0.00769 -3.87473e-01
 49 -0.00647  1.13663e+00 | 50 -0.00650  1.38793e+00 | 51 -0.00841  2.14701e+00
 52 -0.01129  2.72925e+00 | 53  0.00141  4.21472e-01 | 54  0.00231  4.58015e-01
 55  0.00618  1.58385e-01 | 56  0.00594 -7.82175e-02 | 57  0.00655 -4.59634e-02
 58 -0.01515  1.88114e+00 | 59 -0.00796  8.30538e-01 | 60 -0.00044 -4.03867e-01
 61 -0.00669  2.61261e-01 | 62  0.01057 -2.23416e+00 | 63  0.01297 -3.03793e+00
 64  0.01794 -4.22801e+00 | 65  0.02763 -6.48567e+00 | 66  0.00430 -2.34258e+00
 67  0.00660 -2.97499e+00 | 68  0.02553 -6.43537e+00 | 69 -0.00586 -3.20863e+00
 70 -0.00653 -1.31880e+00 | 71  0.03652 -1.08097e+01 | 72 -0.01490 -1.22283e+00
 73 -0.02362 -5.26164e-01 | 74  0.01767 -6.92516e+00 | 75 -0.00580 -2.20433e-01
 76 -0.05847  5.44291e+00 | 77  0.01530 -3.71630e+00 | 78 -0.00554 -1.72439e+00
 79 -0.00527  1.82952e-01 | 80 -0.01498  5.01427e+00 | 81 -0.02332  5.82949e+00
 82  0.00405 -1.44612e+00 | 83 -0.03074  6.14264e+00 | 84 -0.01924  4.70676e+00
 85  0.00545  1.54375e+00 | 86 -0.01593  1.92704e+00 | 87 -0.02804  5.74862e+00
 88 -0.00766  1.40927e+00 | 89 -0.03366  4.97444e+00 | 90 -0.02818  4.12383e+00
 91  0.00105  4.77508e+00 | 92  0.01547  4.31075e+00 | 93 -0.03597  6.63340e+00
 94  0.01044  6.23506e+00 | 95 -0.01656  8.67661e+00 | 96  0.01352  7.02732e+00
 97 -0.00824  9.49044e+00 | 98 -0.01544  8.64262e+00 | 99 -0.02351  1.12749e+01
100  0.01749  2.77456e+00 |101  0.06333  8.20243e+00 |102 -0.00697  8.28485e+00
103  0.00025  8.22895e+00 |104  0.00032  8.25181e+00 |105 -0.04359 -2.08586e+01
106 -0.43012  2.64324e+01 |107 -0.25092 -8.63258e-01 |108 -0.23055  1.28398e-01
108 variables; iteration 60; function evaluation 77; phase 4
Function value 5.5860026e+02; maximum gradient component mag -2.4624e+02
Var    Value     Gradient |Var    Value     Gradient |Var    Value     Gradient
  1 -0.42725 -1.62405e+01 |  2 -0.42464 -2.46239e+02 |  3 -0.39975 -1.01310e+02
  4  0.61332 -2.14388e+02 |  5  0.00102 -1.64887e+00 |  6  0.00023 -3.45529e-01
  7  0.00029 -4.20654e-01 |  8  0.00035 -5.11934e-01 |  9  0.00043 -6.23059e-01
 10  0.00078  4.71016e+00 | 11  0.00091  4.56295e+00 | 12  0.00105  4.34760e+00
 13  0.00123  4.09794e+00 | 14  0.00158  3.78818e+00 | 15  0.00172  3.42454e+00
 16  0.00204  2.92907e+00 | 17  0.00244  2.32155e+00 | 18  0.00299  1.61372e+00
 19  0.00372  7.55698e-01 | 20  0.00442 -6.60324e-01 | 21  0.00761  6.01241e-01
 22  0.00900 -1.09345e+00 | 23  0.00887 -3.61410e+00 | 24  0.01169 -3.83691e+00
 25  0.00909 -5.41085e+00 | 26  0.00448 -4.11122e+00 | 27  0.00777 -4.54129e+00
 28 -0.00177 -3.18564e+00 | 29  0.00980 -3.07609e+00 | 30  0.01030 -6.44705e+00
 31  0.00987 -4.04868e+00 | 32  0.01468 -8.85608e+00 | 33  0.01164 -4.28693e+00
 34  0.00923 -4.12163e+00 | 35  0.00800 -5.45617e+00 | 36  0.00339 -3.99188e+00
 37 -0.00181 -3.27389e+00 | 38  0.00417 -4.06463e+00 | 39  0.00527 -4.21688e+00
 40  0.00192 -3.33788e+00 | 41  0.00298 -3.08968e+00 | 42 -0.00500 -3.11626e-01
 43 -0.00650 -4.80041e-01 | 44  0.00001 -1.04003e+00 | 45  0.00035 -6.69502e-01
 46  0.00153 -6.38625e-01 | 47  0.00522 -9.09167e-01 | 48  0.00699 -1.13591e+00
 49 -0.00652  1.12687e+00 | 50 -0.00676  9.66151e-01 | 51 -0.00913  6.84108e-01
 52 -0.01172  1.53052e+00 | 53  0.00195  1.92555e+00 | 54  0.00216  6.67458e-01
 55  0.00622  9.45988e-01 | 56  0.00571  2.55323e-01 | 57  0.00667  9.43473e-01
 58 -0.01513  1.74189e+00 | 59 -0.00788  1.34371e+00 | 60 -0.00037  6.69561e-01
 61 -0.00674  8.93745e-01 | 62  0.01053 -5.91273e-01 | 63  0.01279 -1.51343e+00
 64  0.01775 -2.06481e+00 | 65  0.02731 -3.50304e+00 | 66  0.00435 -4.18273e-01
 67  0.00680 -6.81265e-01 | 68  0.02512 -4.56607e+00 | 69 -0.00510  8.13270e-01
 70 -0.00671 -3.77455e-01 | 71  0.03614 -8.05905e+00 | 72 -0.01502 -8.20729e-01
 73 -0.02343  1.33304e+00 | 74  0.01763 -3.92488e+00 | 75 -0.00614 -3.52689e+00
 76 -0.05887  8.62593e-01 | 77  0.01526 -1.54720e+00 | 78 -0.00541  7.93599e-01
 79 -0.00527  1.59451e-01 | 80 -0.01535 -1.84234e+00 | 81 -0.02361 -3.99097e-01
 82  0.00414  2.54311e-01 | 83 -0.03103  2.11879e-01 | 84 -0.01954 -1.40821e+00
 85  0.00537 -4.56035e-01 | 86 -0.01578  2.60216e+00 | 87 -0.02814  2.52498e+00
 88 -0.00742  3.75736e+00 | 89 -0.03363  3.49956e+00 | 90 -0.02810  3.46301e+00
 91  0.00104  2.92005e+00 | 92  0.01542  1.36617e+00 | 93 -0.03594  4.93697e+00
 94  0.01034  2.56826e+00 | 95 -0.01685  1.45996e+00 | 96  0.01340  2.34184e+00
 97 -0.00839  4.41091e+00 | 98 -0.01562  3.63445e+00 | 99 -0.02388  4.57810e+00
100  0.01864  9.46083e+00 |101  0.06360  5.82010e+00 |102 -0.00695  5.53454e+00
103  0.00020  5.47166e+00 |104  0.00024  5.45391e+00 |105 -0.04432 -1.31595e+01
106 -0.43058  1.62997e+01 |107 -0.24929 -3.99591e-01 |108 -0.22891  8.30490e-01
Maximum number of function evaluations exceeded

 - final statistics:
108 variables; iteration 73; function evaluation 100
Function value 5.5855e+02; maximum gradient component mag -4.6037e+01
Exit code = 3;  converg criter 1.0000e+00
Var    Value     Gradient |Var    Value     Gradient |Var    Value     Gradient
  1 -0.42716 -2.84244e+00 |  2 -0.42508 -4.60371e+01 |  3 -0.39921 -1.80114e+01
  4  0.61379 -3.49303e+01 |  5  0.00107 -2.47404e-01 |  6  0.00018 -1.44319e-01
  7  0.00022 -1.67412e-01 |  8  0.00028 -1.91347e-01 |  9  0.00036 -2.14583e-01
 10  0.00076  7.40260e-01 | 11  0.00086  6.80152e-01 | 12  0.00103  6.80961e-01
 13  0.00124  6.70420e-01 | 14  0.00163  6.59202e-01 | 15  0.00182  6.52346e-01
 16  0.00222  6.24850e-01 | 17  0.00272  5.62075e-01 | 18  0.00338  4.83583e-01
 19  0.00429  4.33177e-01 | 20  0.00555  4.26584e-01 | 21  0.00683 -7.32671e-02
 22  0.00873 -2.02082e-01 | 23  0.01017  3.82615e-02 | 24  0.01238  2.22734e-02
 25  0.01039 -5.13655e-01 | 26  0.00525 -1.91076e-01 | 27  0.00838 -4.57645e-01
 28 -0.00106 -1.98712e-01 | 29  0.00899 -4.42126e-01 | 30  0.01180 -2.61317e-01
 31  0.00961 -4.68745e-01 | 32  0.01787  3.12531e-02 | 33  0.01108 -4.43604e-01
 34  0.00851 -7.88277e-01 | 35  0.00847 -7.22769e-01 | 36  0.00353 -4.01633e-01
 37 -0.00162 -4.48454e-01 | 38  0.00473 -1.40260e-01 | 39  0.00579 -1.69643e-01
 40  0.00235 -6.82028e-02 | 41  0.00335 -1.92692e-01 | 42 -0.00559 -4.50931e-01
 43 -0.00616  2.88781e-01 | 44 -0.00032 -5.37167e-01 | 45  0.00011 -1.81086e-01
 46  0.00148 -1.14485e-01 | 47  0.00523 -3.58910e-01 | 48  0.00774  3.74934e-01
 49 -0.00696 -4.36803e-02 | 50 -0.00706 -1.20491e-01 | 51 -0.00907 -1.81843e-01
 52 -0.01134  6.92883e-01 | 53  0.00181 -1.87812e-01 | 54  0.00176 -4.27443e-01
 55  0.00547 -1.33448e-01 | 56  0.00542 -1.78479e-01 | 57  0.00637  2.36483e-01
 58 -0.01512  1.92450e-01 | 59 -0.00843 -5.22514e-02 | 60 -0.00105 -2.29432e-01
 61 -0.00724 -2.69754e-01 | 62  0.00973 -1.00452e+00 | 63  0.01276 -1.76731e-01
 64  0.01704 -1.00367e+00 | 65  0.02654 -1.36893e+00 | 66  0.00368 -6.29749e-01
 67  0.00612 -7.89161e-01 | 68  0.02495 -1.28052e+00 | 69 -0.00580 -6.51016e-01
 70 -0.00712 -5.67104e-01 | 71  0.03590 -2.05344e+00 | 72 -0.01520 -4.40683e-01
 73 -0.02383 -3.77928e-01 | 74  0.01735 -1.56387e+00 | 75 -0.00615 -4.93668e-01
 76 -0.05877  4.34781e-01 | 77  0.01511 -8.12802e-01 | 78 -0.00563 -5.06029e-01
 79 -0.00541 -1.96281e-01 | 80 -0.01530  8.84996e-02 | 81 -0.02360  3.60971e-01
 82  0.00401 -3.19085e-01 | 83 -0.03099  5.39431e-01 | 84 -0.01942  3.82365e-01
 85  0.00531  1.28285e-01 | 86 -0.01593  1.02047e-01 | 87 -0.02822  5.21367e-01
 88 -0.00764  9.79403e-02 | 89 -0.03373  6.06046e-01 | 90 -0.02817  6.55886e-01
 91  0.00094  4.83193e-01 | 92  0.01536  3.86185e-01 | 93 -0.03608  7.71237e-01
 94  0.01030  6.81679e-01 | 95 -0.01677  1.10561e+00 | 96  0.01339  7.47972e-01
 97 -0.00847  9.72115e-01 | 98 -0.01557  9.82993e-01 | 99 -0.02389  9.40170e-01
100  0.01803  5.16604e-01 |101  0.06336  9.87213e-01 |102 -0.00699  9.31160e-01
103  0.00033  1.08125e+00 |104  0.00042  1.14647e+00 |105 -0.04470 -2.10751e+00
106 -0.43077  2.29525e+00 |107 -0.25023 -6.07440e-02 |108 -0.22944 -1.73730e-01

Initial statistics: 111 variables; iteration 0; function evaluation 0; phase 5
Function value 5.5854926e+02; maximum gradient component mag -1.8549e+02
Var    Value     Gradient |Var    Value     Gradient |Var    Value     Gradient
  1 -0.42716 -2.84244e+00 |  2 -0.42508 -4.60371e+01 |  3 -0.39921 -1.80114e+01
  4 -0.41222 -2.72082e+01 |  5 -0.41222  1.62351e+01 |  6  0.61379 -3.49303e+01
  7  0.00107 -2.47404e-01 |  8  0.00018 -1.44319e-01 |  9  0.00022 -1.67412e-01
 10  0.00028 -1.91347e-01 | 11  0.00036 -2.14583e-01 | 12  0.00076  7.37508e-01
 13  0.00086  6.77400e-01 | 14  0.00103  6.78209e-01 | 15  0.00124  6.67668e-01
 16  0.00163  6.56450e-01 | 17  0.00182  6.49594e-01 | 18  0.00222  6.22098e-01
 19  0.00272  5.59323e-01 | 20  0.00338  4.80831e-01 | 21  0.00429  4.30425e-01
 22  0.00555  4.23832e-01 | 23  0.00683 -7.60188e-02 | 24  0.00873 -2.04834e-01
 25  0.01017  3.55100e-02 | 26  0.01238  1.95221e-02 | 27  0.01039 -5.16407e-01
 28  0.00525 -1.93828e-01 | 29  0.00838 -4.60396e-01 | 30 -0.00106 -2.01464e-01
 31  0.00899 -4.44878e-01 | 32  0.01180 -2.64068e-01 | 33  0.00961 -4.71496e-01
 34  0.01787  2.85023e-02 | 35  0.01108 -4.46355e-01 | 36  0.00851 -7.91029e-01
 37  0.00847 -7.25521e-01 | 38  0.00353 -4.04385e-01 | 39 -0.00162 -4.51206e-01
 40  0.00473 -1.43012e-01 | 41  0.00579 -1.72395e-01 | 42  0.00235 -7.09546e-02
 43  0.00335 -1.95444e-01 | 44 -0.00559 -4.53683e-01 | 45 -0.00616  2.86029e-01
 46 -0.00032 -5.39919e-01 | 47  0.00011 -1.83838e-01 | 48  0.00148 -1.17237e-01
 49  0.00523 -3.61661e-01 | 50  0.00774  3.72182e-01 | 51 -0.00696 -4.64320e-02
 52 -0.00706 -1.23243e-01 | 53 -0.00907 -1.84595e-01 | 54 -0.01134  6.90132e-01
 55  0.00181 -1.90564e-01 | 56  0.00176 -4.30195e-01 | 57  0.00547 -1.36200e-01
 58  0.00542 -1.81231e-01 | 59  0.00637  2.33732e-01 | 60 -0.01512  1.89699e-01
 61 -0.00843 -5.50030e-02 | 62 -0.00105 -2.32184e-01 | 63 -0.00724 -2.72506e-01
 64  0.00973 -1.00727e+00 | 65  0.01276 -1.79482e-01 | 66  0.01704 -1.00642e+00
 67  0.02654 -1.37168e+00 | 68  0.00368 -6.32500e-01 | 69  0.00612 -7.91913e-01
 70  0.02495 -1.28327e+00 | 71 -0.00580 -6.53768e-01 | 72 -0.00712 -5.69856e-01
 73  0.03590 -2.05619e+00 | 74 -0.01520 -4.43434e-01 | 75 -0.02383 -3.80678e-01
 76  0.01735 -1.56662e+00 | 77 -0.00615 -4.96420e-01 | 78 -0.05877  4.32041e-01
 79  0.01511 -8.15553e-01 | 80 -0.00563 -5.08781e-01 | 81 -0.00541 -1.99033e-01
 82 -0.01530  8.57486e-02 | 83 -0.02360  3.58221e-01 | 84  0.00401 -3.21837e-01
 85 -0.03099  5.36682e-01 | 86 -0.01942  3.79615e-01 | 87  0.00531  1.25533e-01
 88 -0.01593  9.92956e-02 | 89 -0.02822  5.18617e-01 | 90 -0.00764  9.51887e-02
 91 -0.03373  6.03298e-01 | 92 -0.02817  6.53137e-01 | 93  0.00094  4.80441e-01
 94  0.01536  3.83434e-01 | 95 -0.03608  7.68489e-01 | 96  0.01030  6.78928e-01
 97 -0.01677  1.10286e+00 | 98  0.01339  7.45221e-01 | 99 -0.00847  9.69363e-01
100 -0.01557  9.80242e-01 |101 -0.02389  9.37420e-01 |102  0.01803  5.13853e-01
103  0.06336  9.84475e-01 |104 -0.00699  9.28408e-01 |105  0.00033  1.07850e+00
106  0.00042  1.14372e+00 |107  0.00000 -1.85493e+02 |108 -0.04470 -2.10751e+00
109 -0.43077  2.29525e+00 |110 -0.25023 -6.07440e-02 |111 -0.22944 -1.73730e-01

Intermediate statistics: 111 variables; iteration 20; function evaluation 24; phase 5
Function value 5.5752945e+02; maximum gradient component mag -6.4869e+02
Var    Value     Gradient |Var    Value     Gradient |Var    Value     Gradient
  1 -0.42745 -6.06476e+01 |  2 -0.41723 -6.48692e+02 |  3 -0.41021 -2.79161e+02
  4 -0.39258 -3.71135e+01 |  5 -0.48184 -1.48600e+01 |  6  0.60938 -5.27837e+02
  7  0.00102 -2.44320e+00 |  8  0.00018 -6.01636e-01 |  9  0.00022 -7.27087e-01
 10  0.00028 -8.76320e-01 | 11  0.00035 -1.05297e+00 | 12  0.00081  1.24043e+01
 13  0.00091  1.21247e+01 | 14  0.00106  1.18423e+01 | 15  0.00125  1.14936e+01
 16  0.00162  1.10712e+01 | 17  0.00178  1.05818e+01 | 18  0.00216  9.97940e+00
 19  0.00265  9.24497e+00 | 20  0.00331  8.37846e+00 | 21  0.00426  7.39402e+00
 22  0.00565  6.28138e+00 | 23  0.00734  4.68400e+00 | 24  0.00974  3.14625e+00
 25  0.01132  1.83214e+00 | 26  0.01299  2.42499e-01 | 27  0.01093 -6.21710e-01
 28  0.00542  1.53733e-01 | 29  0.00892 -7.34006e-01 | 30 -0.00076  1.55165e+00
 31  0.00929 -1.33858e+00 | 32  0.01208 -2.75538e+00 | 33  0.00991 -1.96072e+00
 34  0.01764 -4.29725e+00 | 35  0.01078 -3.33902e+00 | 36  0.00857 -3.22540e+00
 37  0.00904 -3.33929e+00 | 38  0.00396 -1.95236e+00 | 39 -0.00117 -8.04319e-01
 40  0.00606 -1.83773e+00 | 41  0.00619 -2.25246e+00 | 42  0.00182 -1.23098e+00
 43  0.00419 -1.19173e+00 | 44 -0.00574  6.95675e-01 | 45 -0.00560  1.95363e+00
 46 -0.00032  6.59502e-02 | 47 -0.00024  6.25600e-01 | 48  0.00130  6.79689e-01
 49  0.00514 -1.67730e-02 | 50  0.00779  6.25742e-01 | 51 -0.00735  2.34085e+00
 52 -0.00777  2.26670e+00 | 53 -0.00913  2.57942e+00 | 54 -0.01184  3.76084e+00
 55  0.00149  8.94733e-01 | 56  0.00142 -3.48789e-01 | 57  0.00639 -1.22112e+00
 58  0.00543 -1.73185e+00 | 59  0.00659 -1.88305e+00 | 60 -0.01506  2.20566e+00
 61 -0.00846 -4.80121e-01 | 62 -0.00117 -2.87296e+00 | 63 -0.00808 -1.96640e+00
 64  0.01064 -7.46904e+00 | 65  0.01309 -7.78029e+00 | 66  0.01672 -1.15982e+01
 67  0.02614 -1.65501e+01 | 68  0.00408 -7.97905e+00 | 69  0.00594 -9.52656e+00
 70  0.02426 -1.83732e+01 | 71 -0.00581 -7.08279e+00 | 72 -0.00680 -8.59970e+00
 73  0.03506 -3.58086e+01 | 74 -0.01520 -8.38237e+00 | 75 -0.02453 -6.61379e+00
 76  0.01681 -2.49994e+01 | 77 -0.00652 -1.37165e+01 | 78 -0.05941  3.66151e+00
 79  0.01409 -4.21744e+01 | 80 -0.00593 -2.00487e+01 | 81 -0.00561 -1.11152e+01
 82 -0.01597 -9.71886e+00 | 83 -0.02346  1.82910e+00 | 84  0.00299 -2.72291e+01
 85 -0.03071  7.22535e-01 | 86 -0.01936 -1.90535e+00 | 87  0.00499 -7.55878e+00
 88 -0.01580 -2.39218e+00 | 89 -0.02713  5.28308e+00 | 90 -0.00827 -1.31769e+01
 91 -0.03320  2.05793e+01 | 92 -0.02826  9.12043e+00 | 93  0.00179  2.59851e+01
 94  0.01465 -7.60376e+00 | 95 -0.03601  7.39304e+00 | 96  0.01045  9.48987e+00
 97 -0.01633  1.94025e+01 | 98  0.01295  1.46404e+01 | 99 -0.00800  1.45507e+01
100 -0.01683  1.16587e+01 |101 -0.02496  9.81438e-02 |102  0.01768  2.11922e+01
103  0.06340  2.29062e+01 |104 -0.00692  1.36438e+01 |105  0.00036  1.37531e+01
106  0.00045  1.38023e+01 |107  0.00223 -2.42111e+02 |108 -0.04011 -2.99534e+01
109 -0.42872  3.45049e+01 |110 -0.24248 -7.22442e+00 |111 -0.23177  4.60343e+00
111 variables; iteration 40; function evaluation 44; phase 5
Function value 5.5735067e+02; maximum gradient component mag -2.0397e+02
Var    Value     Gradient |Var    Value     Gradient |Var    Value     Gradient
  1 -0.42810 -1.72943e+01 |  2 -0.41720 -2.03965e+02 |  3 -0.40969 -8.20036e+01
  4 -0.38495 -6.49489e+00 |  5 -0.48547 -4.58340e+00 |  6  0.60890 -1.61730e+02
  7  0.00107 -6.42448e-01 |  8  0.00021 -1.79326e-01 |  9  0.00026 -2.13221e-01
 10  0.00032 -2.52252e-01 | 11  0.00040 -2.96926e-01 | 12  0.00083  3.88512e+00
 13  0.00094  3.80869e+00 | 14  0.00109  3.73465e+00 | 15  0.00127  3.64142e+00
 16  0.00164  3.52621e+00 | 17  0.00179  3.38795e+00 | 18  0.00216  3.21840e+00
 19  0.00265  3.02182e+00 | 20  0.00332  2.78896e+00 | 21  0.00423  2.46692e+00
 22  0.00545  1.97184e+00 | 23  0.00739  1.69666e+00 | 24  0.00957  1.01178e+00
 25  0.01103  6.44600e-01 | 26  0.01280  2.43303e-01 | 27  0.01121  3.57893e-01
 28  0.00562  5.82474e-01 | 29  0.00905  2.30323e-01 | 30 -0.00059  8.82026e-01
 31  0.00944  8.24589e-03 | 32  0.01217 -3.32425e-01 | 33  0.01004 -1.98515e-01
 34  0.01795 -4.75590e-01 | 35  0.01106 -5.23959e-01 | 36  0.00906 -3.20655e-01
 37  0.00932 -4.46860e-01 | 38  0.00400 -3.14655e-01 | 39 -0.00106  5.53447e-02
 40  0.00588 -2.77919e-01 | 41  0.00636 -2.62643e-01 | 42  0.00244  5.17056e-01
 43  0.00382 -5.99980e-01 | 44 -0.00586 -3.59926e-01 | 45 -0.00598  1.99161e-01
 46 -0.00022 -1.54421e-01 | 47 -0.00019  7.48643e-02 | 48  0.00113 -1.68572e-01
 49  0.00508 -4.33660e-01 | 50  0.00729 -7.49469e-01 | 51 -0.00746  5.31442e-02
 52 -0.00794 -8.75879e-02 | 53 -0.00923  3.81301e-01 | 54 -0.01263 -6.45288e-02
 55  0.00064 -1.77338e+00 | 56  0.00142 -8.61591e-01 | 57  0.00515 -2.51353e+00
 58  0.00534 -1.54901e+00 | 59  0.00519 -3.16637e+00 | 60 -0.01512  6.43654e-01
 61 -0.00883 -1.30958e+00 | 62 -0.00166 -2.43541e+00 | 63 -0.00845 -2.06415e+00
 64  0.01037 -3.28124e+00 | 65  0.01254 -3.74155e+00 | 66  0.01627 -5.99515e+00
 67  0.02591 -7.46578e+00 | 68  0.00453 -2.08294e+00 | 69  0.00645 -2.01246e+00
 70  0.02518 -1.33805e+00 | 71 -0.00613 -3.12513e+00 | 72 -0.00546  1.95907e+00
 73  0.03617 -7.30883e+00 | 74 -0.01501 -1.89343e+00 | 75 -0.02255  8.37460e+00
 76  0.01749 -9.36717e-01 | 77 -0.00669 -9.76046e+00 | 78 -0.05934  3.28432e+00
 79  0.01481 -1.00337e+01 | 80 -0.00545 -2.38434e+00 | 81 -0.00542 -4.19128e+00
 82 -0.01577 -1.16642e+00 | 83 -0.02313  7.31704e+00 | 84  0.00327 -1.13096e+01
 85 -0.03046  2.69968e+00 | 86 -0.01988 -7.08359e+00 | 87  0.00509 -2.81465e+00
 88 -0.01578 -2.55933e-01 | 89 -0.02719  1.02924e+00 | 90 -0.00757  6.82820e-02
 91 -0.03359  6.59457e+00 | 92 -0.02835  5.53088e+00 | 93  0.00128  5.53483e+00
 94  0.01506 -1.43289e+00 | 95 -0.03606 -2.35616e+00 | 96  0.01030  1.66760e+00
 97 -0.01678  1.53091e-01 | 98  0.01259 -5.71848e-02 | 99 -0.00798  4.00859e+00
100 -0.01704  1.05817e+00 |101 -0.02413  1.66457e+00 |102  0.01654  4.15291e+00
103  0.06257  2.42573e+00 |104 -0.00697  4.28644e+00 |105  0.00032  4.31539e+00
106  0.00039  4.34432e+00 |107  0.00224 -1.04992e+02 |108 -0.03911 -8.10516e+00
109 -0.42835  9.04692e+00 |110 -0.24246  1.87975e-01 |111 -0.23222 -1.41718e+00
111 variables; iteration 60; function evaluation 69; phase 5
Function value 5.5732211e+02; maximum gradient component mag -3.0683e+01
Var    Value     Gradient |Var    Value     Gradient |Var    Value     Gradient
  1 -0.42827 -3.04330e+00 |  2 -0.41710 -3.06831e+01 |  3 -0.40970 -1.12086e+01
  4 -0.38371 -3.28211e-01 |  5 -0.48618 -8.37816e-01 |  6  0.60886 -2.17381e+01
  7  0.00102  9.32933e-03 |  8  0.00017 -7.49729e-02 |  9  0.00022 -8.52628e-02
 10  0.00027 -9.45538e-02 | 11  0.00034 -1.01120e-01 | 12  0.00082  6.29040e-01
 13  0.00091  5.96382e-01 | 14  0.00107  6.24633e-01 | 15  0.00125  6.48000e-01
 16  0.00162  6.78448e-01 | 17  0.00180  7.21793e-01 | 18  0.00218  7.58524e-01
 19  0.00267  7.80055e-01 | 20  0.00335  8.24565e-01 | 21  0.00437  9.65607e-01
 22  0.00584  1.18910e+00 | 23  0.00790  1.49051e+00 | 24  0.00997  1.10457e+00
 25  0.01038 -1.90233e-01 | 26  0.01261  4.57672e-01 | 27  0.01189  1.93626e+00
 28  0.00555  9.31818e-01 | 29  0.00903  8.74383e-01 | 30 -0.00069  7.07161e-01
 31  0.00961  1.08066e+00 | 32  0.01130 -1.45600e-01 | 33  0.00978  4.67633e-01
 34  0.01700  1.08090e-01 | 35  0.01122  1.07517e+00 | 36  0.00954  1.65871e+00
 37  0.00881  2.74078e-01 | 38  0.00377  3.80642e-01 | 39 -0.00128  4.25504e-01
 40  0.00602  1.16951e+00 | 41  0.00616  5.95095e-01 | 42  0.00188  5.03977e-01
 43  0.00419  9.14472e-01 | 44 -0.00568  2.04280e-01 | 45 -0.00590  5.39642e-01
 46 -0.00035  2.52069e-03 | 47 -0.00026  2.01579e-01 | 48  0.00140  5.09512e-01
 49  0.00513  7.97174e-02 | 50  0.00753  2.97427e-01 | 51 -0.00718  2.13280e-01
 52 -0.00759  2.00044e-01 | 53 -0.00921  4.06177e-02 | 54 -0.01264 -5.70003e-01
 55  0.00093 -7.50125e-01 | 56  0.00150 -1.39962e-01 | 57  0.00605 -2.69336e-01
 58  0.00521 -7.62068e-01 | 59  0.00515 -2.23200e+00 | 60 -0.01491  9.27436e-01
 61 -0.00858 -3.58995e-01 | 62 -0.00124 -5.58583e-01 | 63 -0.00819 -8.14428e-01
 64  0.01062 -3.11305e-01 | 65  0.01295 -6.11270e-02 | 66  0.01710 -8.23245e-01
 67  0.02679 -8.05648e-01 | 68  0.00418 -5.67046e-01 | 69  0.00562 -2.22535e+00
 70  0.02459 -9.31879e-02 | 71 -0.00601 -1.40313e+00 | 72 -0.00673 -6.91011e-01
 73  0.03595 -2.52460e+00 | 74 -0.01475  2.69194e-01 | 75 -0.02387  6.64298e-01
 76  0.01693 -3.86629e+00 | 77 -0.00648 -4.74170e+00 | 78 -0.05963  7.04425e-01
 79  0.01483 -2.96267e+00 | 80 -0.00535  2.64363e+00 | 81 -0.00534 -5.02086e-02
 82 -0.01618 -6.17216e+00 | 83 -0.02341  2.73564e+00 | 84  0.00356 -1.68983e+00
 85 -0.03056  1.70925e+00 | 86 -0.01950 -6.23204e-01 | 87  0.00504 -2.13238e+00
 88 -0.01560  3.33123e+00 | 89 -0.02717  4.23170e-01 | 90 -0.00765 -7.52255e-01
 91 -0.03373  2.56288e+00 | 92 -0.02864  8.71048e-01 | 93  0.00103 -1.50713e+00
 94  0.01502 -2.29363e+00 | 95 -0.03573  3.55530e-01 | 96  0.01013 -2.47921e+00
 97 -0.01698 -6.15636e+00 | 98  0.01289  3.36273e+00 | 99 -0.00794  1.06872e+00
100 -0.01688 -7.44459e-01 |101 -0.02395 -6.01529e-01 |102  0.01644 -1.54765e+00
103  0.06292  3.37051e+00 |104 -0.00707  5.12321e-01 |105  0.00037  8.04852e-01
106  0.00047  8.59293e-01 |107  0.00232 -3.00467e+01 |108 -0.03899 -1.02084e+00
109 -0.42823  1.32942e+00 |110 -0.24182  1.86341e-01 |111 -0.23191 -1.17774e-01
111 variables; iteration 80; function evaluation 102; phase 5
Function value 5.5730857e+02; maximum gradient component mag -3.0852e+00
Var    Value     Gradient |Var    Value     Gradient |Var    Value     Gradient
  1 -0.42824 -2.65014e-01 |  2 -0.41684 -3.08523e+00 |  3 -0.41002 -1.15269e+00
  4 -0.38350 -1.01679e-02 |  5 -0.48690 -7.11683e-02 |  6  0.60864 -2.21832e+00
  7  0.00100 -3.63563e-02 |  8  0.00022 -7.07581e-03 |  9  0.00027 -1.11163e-02
 10  0.00033 -1.65793e-02 | 11  0.00040 -2.34954e-02 | 12  0.00079  5.83531e-02
 13  0.00089  5.04374e-02 | 14  0.00103  5.03664e-02 | 15  0.00121  5.13202e-02
 16  0.00156  5.57008e-02 | 17  0.00171  6.36764e-02 | 18  0.00207  6.76645e-02
 19  0.00255  6.67026e-02 | 20  0.00320  6.10340e-02 | 21  0.00416  1.09923e-01
 22  0.00562  3.17829e-01 | 23  0.00717 -1.01197e-01 | 24  0.00957 -3.47638e-02
 25  0.01089 -1.54391e-01 | 26  0.01284  1.19080e-01 | 27  0.01100  9.78995e-02
 28  0.00534  3.48416e-02 | 29  0.00883  9.33754e-03 | 30 -0.00072  1.33834e-01
 31  0.00930  9.25419e-02 | 32  0.01194  9.32456e-02 | 33  0.00982 -5.73319e-02
 34  0.01734 -3.68324e-02 | 35  0.01083 -2.99987e-04 | 36  0.00877  7.45114e-02
 37  0.00905  8.73830e-02 | 38  0.00391  1.03124e-01 | 39 -0.00130 -4.62657e-02
 40  0.00563  9.25935e-02 | 41  0.00612  4.19153e-02 | 42  0.00184 -1.20749e-03
 43  0.00395  1.27388e-01 | 44 -0.00552  1.89636e-01 | 45 -0.00611 -5.74353e-02
 46 -0.00010  9.81828e-02 | 47 -0.00014  5.85306e-02 | 48  0.00131  8.82273e-02
 49  0.00528  1.25903e-01 | 50  0.00749  1.64341e-01 | 51 -0.00715 -2.25498e-02
 52 -0.00753  4.95524e-02 | 53 -0.00918 -7.39982e-02 | 54 -0.01231  5.47946e-02
 55  0.00110 -5.69896e-02 | 56  0.00157 -1.93552e-02 | 57  0.00614 -6.55638e-02
 58  0.00554 -8.58331e-02 | 59  0.00602 -1.02031e-01 | 60 -0.01528  1.33302e-01
 61 -0.00847 -1.12928e-01 | 62 -0.00106 -6.65098e-02 | 63 -0.00796 -2.18635e-01
 64  0.01063  1.10293e-01 | 65  0.01278 -2.53824e-02 | 66  0.01725 -8.12073e-02
 67  0.02679 -1.34697e-01 | 68  0.00411 -1.41987e-01 | 69  0.00624 -8.81179e-02
 70  0.02438 -8.27411e-02 | 71 -0.00575 -9.41692e-02 | 72 -0.00667 -7.40393e-02
 73  0.03613 -2.02747e-01 | 74 -0.01483 -3.66558e-03 | 75 -0.02400  9.82177e-03
 76  0.01713 -2.64208e-01 | 77 -0.00617 -2.79684e-01 | 78 -0.05971  2.78467e-02
 79  0.01490 -2.10778e-01 | 80 -0.00550  1.29106e-01 | 81 -0.00536 -3.04951e-02
 82 -0.01584 -3.56302e-01 | 83 -0.02357  1.31365e-01 | 84  0.00362 -1.20390e-01
 85 -0.03065  8.28164e-02 | 86 -0.01944 -4.70020e-02 | 87  0.00510 -1.52675e-01
 88 -0.01579  1.66419e-01 | 89 -0.02718  2.23203e-02 | 90 -0.00759 -4.85734e-02
 91 -0.03386  1.33800e-01 | 92 -0.02867  4.44969e-02 | 93  0.00107 -1.12340e-01
 94  0.01513 -1.28894e-01 | 95 -0.03572  3.85159e-02 | 96  0.01027 -1.29158e-01
 97 -0.01663 -3.15925e-01 | 98  0.01273  1.84306e-01 | 99 -0.00796  7.11188e-02
100 -0.01680 -2.32675e-02 |101 -0.02391 -4.01164e-03 |102  0.01655 -8.03800e-02
103  0.06274  2.08415e-01 |104 -0.00704  5.15473e-02 |105  0.00021  4.05270e-02
106  0.00027  3.74272e-02 |107  0.00240 -2.80459e+00 |108 -0.03903 -1.04771e-01
109 -0.42829  1.34023e-01 |110 -0.24197  8.77700e-03 |111 -0.23207 -2.61358e-03
111 variables; iteration 100; function evaluation 139; phase 5
Function value 5.5730840e+02; maximum gradient component mag -8.3189e-01
Var    Value     Gradient |Var    Value     Gradient |Var    Value     Gradient
  1 -0.42824 -5.42523e-02 |  2 -0.41682 -8.31889e-01 |  3 -0.41005 -3.25332e-01
  4 -0.38348 -2.98299e-03 |  5 -0.48698 -1.41839e-02 |  6  0.60862 -6.52792e-01
  7  0.00102  2.22549e-04 |  8  0.00023  8.87325e-04 |  9  0.00028  1.42428e-03
 10  0.00034  2.14210e-03 | 11  0.00041  3.01021e-03 | 12  0.00078  1.52585e-02
 13  0.00090  1.63032e-02 | 14  0.00104  1.54970e-02 | 15  0.00121  1.44450e-02
 16  0.00156  1.29035e-02 | 17  0.00170  1.15759e-02 | 18  0.00206  1.16517e-02
 19  0.00254  1.22559e-02 | 20  0.00319  1.19540e-02 | 21  0.00412  2.51376e-02
 22  0.00543  8.32814e-03 | 23  0.00728  1.51574e-02 | 24  0.00962  3.98106e-03
 25  0.01104  2.83305e-03 | 26  0.01277 -1.41919e-03 | 27  0.01095 -5.39648e-03
 28  0.00535  7.49049e-03 | 29  0.00885  4.68034e-03 | 30 -0.00077  1.13302e-02
 31  0.00926 -2.15796e-03 | 32  0.01189 -8.78360e-04 | 33  0.00989  8.08951e-04
 34  0.01740 -1.65810e-03 | 35  0.01086  4.32636e-03 | 36  0.00874 -1.21378e-03
 37  0.00902  2.30608e-03 | 38  0.00386 -3.16837e-04 | 39 -0.00125  4.14427e-03
 40  0.00560  4.01334e-03 | 41  0.00612  1.32064e-03 | 42  0.00187  4.15253e-03
 43  0.00389 -4.25666e-04 | 44 -0.00561 -3.33524e-03 | 45 -0.00607  1.03169e-03
 46 -0.00014  1.99100e-03 | 47 -0.00016  1.27299e-04 | 48  0.00128  3.65878e-03
 49  0.00523  7.60699e-03 | 50  0.00741  3.62328e-03 | 51 -0.00712  4.47055e-03
 52 -0.00754  8.39726e-03 | 53 -0.00914 -6.03778e-03 | 54 -0.01233  4.01426e-03
 55  0.00111 -5.61902e-03 | 56  0.00158 -8.25715e-04 | 57  0.00617 -2.88921e-03
 58  0.00557 -1.20886e-02 | 59  0.00605 -9.28147e-03 | 60 -0.01535 -7.68928e-04
 61 -0.00841 -3.74574e-03 | 62 -0.00102  8.96148e-03 | 63 -0.00783  1.12458e-02
 64  0.01056 -6.48645e-03 | 65  0.01277 -1.02238e-02 | 66  0.01727 -1.92148e-02
 67  0.02682 -3.21146e-02 | 68  0.00416 -1.41991e-02 | 69  0.00625 -1.70443e-02
 70  0.02438 -3.07968e-02 | 71 -0.00574 -1.34870e-02 | 72 -0.00666 -1.53434e-02
 73  0.03614 -4.40423e-02 | 74 -0.01483 -1.01537e-02 | 75 -0.02400 -9.23533e-03
 76  0.01714 -3.55932e-02 | 77 -0.00615 -2.20915e-02 | 78 -0.05972  7.37333e-04
 79  0.01491 -2.67241e-02 | 80 -0.00551 -6.61764e-03 | 81 -0.00536 -1.28630e-02
 82 -0.01582 -1.82452e-02 | 83 -0.02358 -1.29754e-03 | 84  0.00362 -1.67849e-02
 85 -0.03066  8.34834e-04 | 86 -0.01944 -4.99571e-03 | 87  0.00511 -1.44453e-02
 88 -0.01580  2.58428e-03 | 89 -0.02717  2.03448e-03 | 90 -0.00759 -2.24204e-03
 91 -0.03387  5.72580e-03 | 92 -0.02868  4.99887e-03 | 93  0.00107 -3.69558e-03
 94  0.01514 -1.94102e-03 | 95 -0.03572  1.12408e-02 | 96  0.01028  2.51376e-03
 97 -0.01661  1.07758e-03 | 98  0.01272  1.22568e-02 | 99 -0.00796  1.21113e-02
100 -0.01679  1.27102e-02 |101 -0.02391  1.74984e-02 |102  0.01656  1.02004e-02
103  0.06273  2.23233e-02 |104 -0.00704  1.59189e-02 |105  0.00022  1.79291e-02
106  0.00028  1.79513e-02 |107  0.00241 -4.82737e-01 |108 -0.03903 -3.52246e-02
109 -0.42829  4.14684e-02 |110 -0.24196 -1.60205e-03 |111 -0.23207  2.62208e-03
111 variables; iteration 120; function evaluation 173; phase 5
Function value 5.5730840e+02; maximum gradient component mag -2.1500e-03
Var    Value     Gradient |Var    Value     Gradient |Var    Value     Gradient
  1 -0.42824 -1.23902e-04 |  2 -0.41681 -2.15004e-03 |  3 -0.41006 -8.50851e-04
  4 -0.38348 -2.62912e-06 |  5 -0.48699 -3.03295e-05 |  6  0.60861 -1.72690e-03
  7  0.00102  5.90871e-06 |  8  0.00022 -8.70271e-06 |  9  0.00027 -1.23788e-05
 10  0.00034 -8.70202e-06 | 11  0.00041  1.13064e-05 | 12  0.00078  4.02933e-05
 13  0.00090  5.74256e-05 | 14  0.00104  4.51056e-05 | 15  0.00121  2.87343e-05
 16  0.00156  3.05535e-05 | 17  0.00170  4.77071e-05 | 18  0.00206  1.97804e-05
 19  0.00254  1.68557e-05 | 20  0.00319  2.86593e-05 | 21  0.00411  2.65623e-06
 22  0.00543  1.65990e-05 | 23  0.00727  5.38378e-06 | 24  0.00963  1.76505e-05
 25  0.01105  2.11892e-05 | 26  0.01278  1.22617e-05 | 27  0.01096 -7.08633e-06
 28  0.00535 -1.48782e-06 | 29  0.00885  8.42395e-06 | 30 -0.00078  6.01640e-06
 31  0.00926  1.42952e-06 | 32  0.01189  4.57404e-07 | 33  0.00989 -6.85307e-06
 34  0.01740 -3.11989e-06 | 35  0.01086 -2.10746e-05 | 36  0.00874 -2.19396e-05
 37  0.00901 -9.71838e-06 | 38  0.00386  1.09524e-05 | 39 -0.00125  3.98859e-06
 40  0.00560 -1.30857e-05 | 41  0.00612 -2.47250e-05 | 42  0.00187 -1.28933e-05
 43  0.00389 -3.30089e-06 | 44 -0.00561  6.93391e-06 | 45 -0.00607  1.22099e-05
 46 -0.00014  8.44099e-06 | 47 -0.00016  9.38138e-06 | 48  0.00128  4.70041e-06
 49  0.00523  8.65623e-07 | 50  0.00741 -4.23496e-06 | 51 -0.00712  6.39523e-06
 52 -0.00754  5.08952e-06 | 53 -0.00913  2.31906e-05 | 54 -0.01233  2.29874e-05
 55  0.00111  1.84193e-05 | 56  0.00158  2.07313e-06 | 57  0.00617 -1.42027e-05
 58  0.00558  5.71991e-06 | 59  0.00606  1.62321e-05 | 60 -0.01534 -1.43760e-05
 61 -0.00841 -2.73972e-06 | 62 -0.00103 -2.06116e-05 | 63 -0.00784 -1.74109e-05
 64  0.01056 -3.81641e-05 | 65  0.01277 -4.58976e-05 | 66  0.01727 -3.31853e-05
 67  0.02682 -4.83249e-05 | 68  0.00416 -2.93072e-05 | 69  0.00625 -2.31961e-05
 70  0.02438 -8.83597e-05 | 71 -0.00574 -1.86779e-05 | 72 -0.00666 -3.48659e-05
 73  0.03614 -1.00291e-04 | 74 -0.01483 -3.33234e-05 | 75 -0.02400 -3.69528e-05
 76  0.01714 -5.46781e-05 | 77 -0.00615 -5.58462e-07 | 78 -0.05972 -6.56735e-06
 79  0.01491 -4.02720e-05 | 80 -0.00551 -5.98379e-05 | 81 -0.00536 -4.00777e-05
 82 -0.01582  3.18603e-05 | 83 -0.02358 -4.49481e-05 | 84  0.00362 -2.89018e-05
 85 -0.03066 -2.34429e-05 | 86 -0.01944 -6.77676e-06 | 87  0.00511 -1.62304e-05
 88 -0.01580 -4.13744e-05 | 89 -0.02717 -1.33134e-06 | 90 -0.00759  2.82144e-06
 91 -0.03387 -2.07698e-05 | 92 -0.02868  2.20699e-06 | 93  0.00107  8.41630e-06
 94  0.01514  2.48540e-05 | 95 -0.03572  2.91300e-05 | 96  0.01028  4.30553e-05
 97 -0.01661  9.18712e-05 | 98  0.01272 -1.14384e-05 | 99 -0.00796  2.17484e-05
100 -0.01679  5.04771e-05 |101 -0.02391  6.28684e-05 |102  0.01656  5.52132e-05
103  0.06273  2.01550e-05 |104 -0.00704  4.43120e-05 |105  0.00022  4.89349e-05
106  0.00028  2.91987e-05 |107  0.00241 -1.08026e-03 |108 -0.03903 -9.43459e-05
109 -0.42829  1.09999e-04 |110 -0.24195 -8.43579e-06 |111 -0.23207  1.01818e-05
  ic > imax  in fminim is answer attained ?
Var    Value     Gradient |Var    Value     Gradient |Var    Value     Gradient
  1 -0.42824 -7.88546e-05 |  2 -0.41681 -1.37324e-03 |  3 -0.41006 -5.43484e-04
  4 -0.38348 -1.58400e-06 |  5 -0.48699 -1.93289e-05 |  6  0.60861 -1.10495e-03
  7  0.00102  5.51232e-06 |  8  0.00022 -1.46371e-05 |  9  0.00027 -1.06976e-05
 10  0.00034  2.88886e-07 | 11  0.00041  1.07090e-05 | 12  0.00078  2.39691e-05
 13  0.00090  1.80552e-05 | 14  0.00104  2.10737e-05 | 15  0.00121  2.74496e-05
 16  0.00156  8.37367e-06 | 17  0.00170  4.05899e-05 | 18  0.00206  1.26699e-05
 19  0.00254  1.50053e-05 | 20  0.00319  1.88337e-05 | 21  0.00411  3.14809e-06
 22  0.00543  1.21962e-05 | 23  0.00727  4.73317e-06 | 24  0.00963  1.27464e-05
 25  0.01105  1.49905e-05 | 26  0.01278  9.22420e-06 | 27  0.01096 -3.43812e-06
 28  0.00535 -1.65078e-06 | 29  0.00885  8.90024e-07 | 30 -0.00078  3.53960e-06
 31  0.00926  7.98370e-07 | 32  0.01189  8.39296e-08 | 33  0.00989 -4.63452e-06
 34  0.01740 -2.26417e-06 | 35  0.01086 -1.38621e-05 | 36  0.00874 -1.43722e-05
 37  0.00901 -6.58399e-06 | 38  0.00386  6.19247e-06 | 39 -0.00125  1.54004e-06
 40  0.00560 -9.91092e-06 | 41  0.00612 -1.42185e-05 | 42  0.00187 -3.01061e-06
 43  0.00389 -4.01327e-06 | 44 -0.00561  5.26785e-06 | 45 -0.00607  8.10274e-06
 46 -0.00014  5.55964e-06 | 47 -0.00016  6.06535e-06 | 48  0.00128  2.89872e-06
 49  0.00523  6.08173e-07 | 50  0.00741 -2.59991e-06 | 51 -0.00712  4.06930e-06
 52 -0.00754  3.24222e-06 | 53 -0.00913  1.51001e-05 | 54 -0.01233  1.48143e-05
 55  0.00111  1.20193e-05 | 56  0.00158  9.81454e-07 | 57  0.00617 -7.43826e-06
 58  0.00558  3.21445e-06 | 59  0.00606  1.07685e-05 | 60 -0.01534 -8.92837e-06
 61 -0.00841 -1.51108e-06 | 62 -0.00103 -1.32476e-05 | 63 -0.00784 -1.11490e-05
 64  0.01056 -2.42268e-05 | 65  0.01277 -2.91324e-05 | 66  0.01727 -2.09236e-05
 67  0.02682 -3.04590e-05 | 68  0.00416 -1.84812e-05 | 69  0.00625 -1.45230e-05
 70  0.02438 -5.60713e-05 | 71 -0.00574 -1.16399e-05 | 72 -0.00666 -2.19655e-05
 73  0.03614 -6.38163e-05 | 74 -0.01483 -2.10931e-05 | 75 -0.02400 -2.33479e-05
 76  0.01714 -3.46553e-05 | 77 -0.00615 -9.47927e-08 | 78 -0.05972 -3.94759e-06
 79  0.01491 -2.54043e-05 | 80 -0.00551 -3.82269e-05 | 81 -0.00536 -2.54679e-05
 82 -0.01582  2.07448e-05 | 83 -0.02358 -2.86337e-05 | 84  0.00362 -1.82950e-05
 85 -0.03066 -1.48871e-05 | 86 -0.01944 -4.14413e-06 | 87  0.00511 -1.01324e-05
 88 -0.01580 -2.63529e-05 | 89 -0.02717 -7.59547e-07 | 90 -0.00759  1.93615e-06
 91 -0.03387 -1.31584e-05 | 92 -0.02868  1.57674e-06 | 93  0.00107  5.73016e-06
 94  0.01514  1.60152e-05 | 95 -0.03572  1.87036e-05 | 96  0.01028  2.77197e-05
 97 -0.01661  5.90072e-05 | 98  0.01272 -7.18612e-06 | 99 -0.00796  1.40588e-05
100 -0.01679  3.25578e-05 |101 -0.02391  4.04593e-05 |102  0.01656  3.57798e-05
103  0.06273  1.30218e-05 |104 -0.00704  2.87305e-05 |105  0.00022  3.89017e-05
106  0.00028  9.43855e-06 |107  0.00241 -6.85484e-04 |108 -0.03903 -6.03597e-05
109 -0.42829  7.04562e-05 |110 -0.24195 -5.44655e-06 |111 -0.23207  6.51761e-06
Function minimizer not making progress ... is minimum attained?
Minimprove criterion = 0.0000e+00

 - final statistics:
111 variables; iteration 123; function evaluation 205
Function value 5.5731e+02; maximum gradient component mag -1.3732e-03
Exit code = 1;  converg criter 1.0000e-04
Var    Value     Gradient |Var    Value     Gradient |Var    Value     Gradient
  1 -0.42824 -7.88546e-05 |  2 -0.41681 -1.37324e-03 |  3 -0.41006 -5.43484e-04
  4 -0.38348 -1.58400e-06 |  5 -0.48699 -1.93289e-05 |  6  0.60861 -1.10495e-03
  7  0.00102  5.51232e-06 |  8  0.00022 -1.46371e-05 |  9  0.00027 -1.06976e-05
 10  0.00034  2.88886e-07 | 11  0.00041  1.07090e-05 | 12  0.00078  2.39691e-05
 13  0.00090  1.80552e-05 | 14  0.00104  2.10737e-05 | 15  0.00121  2.74496e-05
 16  0.00156  8.37367e-06 | 17  0.00170  4.05899e-05 | 18  0.00206  1.26699e-05
 19  0.00254  1.50053e-05 | 20  0.00319  1.88337e-05 | 21  0.00411  3.14809e-06
 22  0.00543  1.21962e-05 | 23  0.00727  4.73317e-06 | 24  0.00963  1.27464e-05
 25  0.01105  1.49905e-05 | 26  0.01278  9.22420e-06 | 27  0.01096 -3.43812e-06
 28  0.00535 -1.65078e-06 | 29  0.00885  8.90024e-07 | 30 -0.00078  3.53960e-06
 31  0.00926  7.98370e-07 | 32  0.01189  8.39296e-08 | 33  0.00989 -4.63452e-06
 34  0.01740 -2.26417e-06 | 35  0.01086 -1.38621e-05 | 36  0.00874 -1.43722e-05
 37  0.00901 -6.58399e-06 | 38  0.00386  6.19247e-06 | 39 -0.00125  1.54004e-06
 40  0.00560 -9.91092e-06 | 41  0.00612 -1.42185e-05 | 42  0.00187 -3.01061e-06
 43  0.00389 -4.01327e-06 | 44 -0.00561  5.26785e-06 | 45 -0.00607  8.10274e-06
 46 -0.00014  5.55964e-06 | 47 -0.00016  6.06535e-06 | 48  0.00128  2.89872e-06
 49  0.00523  6.08173e-07 | 50  0.00741 -2.59991e-06 | 51 -0.00712  4.06930e-06
 52 -0.00754  3.24222e-06 | 53 -0.00913  1.51001e-05 | 54 -0.01233  1.48143e-05
 55  0.00111  1.20193e-05 | 56  0.00158  9.81454e-07 | 57  0.00617 -7.43826e-06
 58  0.00558  3.21445e-06 | 59  0.00606  1.07685e-05 | 60 -0.01534 -8.92837e-06
 61 -0.00841 -1.51108e-06 | 62 -0.00103 -1.32476e-05 | 63 -0.00784 -1.11490e-05
 64  0.01056 -2.42268e-05 | 65  0.01277 -2.91324e-05 | 66  0.01727 -2.09236e-05
 67  0.02682 -3.04590e-05 | 68  0.00416 -1.84812e-05 | 69  0.00625 -1.45230e-05
 70  0.02438 -5.60713e-05 | 71 -0.00574 -1.16399e-05 | 72 -0.00666 -2.19655e-05
 73  0.03614 -6.38163e-05 | 74 -0.01483 -2.10931e-05 | 75 -0.02400 -2.33479e-05
 76  0.01714 -3.46553e-05 | 77 -0.00615 -9.47927e-08 | 78 -0.05972 -3.94759e-06
 79  0.01491 -2.54043e-05 | 80 -0.00551 -3.82269e-05 | 81 -0.00536 -2.54679e-05
 82 -0.01582  2.07448e-05 | 83 -0.02358 -2.86337e-05 | 84  0.00362 -1.82950e-05
 85 -0.03066 -1.48871e-05 | 86 -0.01944 -4.14413e-06 | 87  0.00511 -1.01324e-05
 88 -0.01580 -2.63529e-05 | 89 -0.02717 -7.59547e-07 | 90 -0.00759  1.93615e-06
 91 -0.03387 -1.31584e-05 | 92 -0.02868  1.57674e-06 | 93  0.00107  5.73016e-06
 94  0.01514  1.60152e-05 | 95 -0.03572  1.87036e-05 | 96  0.01028  2.77197e-05
 97 -0.01661  5.90072e-05 | 98  0.01272 -7.18612e-06 | 99 -0.00796  1.40588e-05
100 -0.01679  3.25578e-05 |101 -0.02391  4.04593e-05 |102  0.01656  3.57798e-05
103  0.06273  1.30218e-05 |104 -0.00704  2.87305e-05 |105  0.00022  3.89017e-05
106  0.00028  9.43855e-06 |107  0.00241 -6.85484e-04 |108 -0.03903 -6.03597e-05
109 -0.42829  7.04562e-05 |110 -0.24195 -5.44655e-06 |111 -0.23207  6.51761e-06

Initial statistics: 112 variables; iteration 0; function evaluation 0; phase 6
Function value 5.5730840e+02; maximum gradient component mag -1.3732e-03
Var    Value     Gradient |Var    Value     Gradient |Var    Value     Gradient
  1 -0.42824 -7.88545e-05 |  2 -0.41681 -1.37324e-03 |  3 -0.41006 -5.43484e-04
  4 -0.38348 -1.58399e-06 |  5 -0.48699 -1.93289e-05 |  6  0.60861 -1.10495e-03
  7  0.00102  5.51233e-06 |  8  0.00022 -1.46371e-05 |  9  0.00027 -1.06976e-05
 10  0.00034  2.88887e-07 | 11  0.00041  1.07090e-05 | 12  0.00078  2.39354e-05
 13  0.00090  1.80214e-05 | 14  0.00104  2.10400e-05 | 15  0.00121  2.74158e-05
 16  0.00156  8.33994e-06 | 17  0.00170  4.05561e-05 | 18  0.00206  1.26362e-05
 19  0.00254  1.49715e-05 | 20  0.00319  1.88000e-05 | 21  0.00411  3.11437e-06
 22  0.00543  1.21625e-05 | 23  0.00727  4.69945e-06 | 24  0.00963  1.27127e-05
 25  0.01105  1.49568e-05 | 26  0.01278  9.19049e-06 | 27  0.01096 -3.47182e-06
 28  0.00535 -1.68450e-06 | 29  0.00885  8.56314e-07 | 30 -0.00078  3.50589e-06
 31  0.00926  7.64661e-07 | 32  0.01189  5.02265e-08 | 33  0.00989 -4.66823e-06
 34  0.01740 -2.29786e-06 | 35  0.01086 -1.38958e-05 | 36  0.00874 -1.44059e-05
 37  0.00901 -6.61769e-06 | 38  0.00386  6.15876e-06 | 39 -0.00125  1.50633e-06
 40  0.00560 -9.94463e-06 | 41  0.00612 -1.42522e-05 | 42  0.00187 -3.04433e-06
 43  0.00389 -4.04698e-06 | 44 -0.00561  5.23414e-06 | 45 -0.00607  8.06902e-06
 46 -0.00014  5.52593e-06 | 47 -0.00016  6.03163e-06 | 48  0.00128  2.86500e-06
 49  0.00523  5.74457e-07 | 50  0.00741 -2.63362e-06 | 51 -0.00712  4.03558e-06
 52 -0.00754  3.20850e-06 | 53 -0.00913  1.50664e-05 | 54 -0.01233  1.47806e-05
 55  0.00111  1.19855e-05 | 56  0.00158  9.47736e-07 | 57  0.00617 -7.47198e-06
 58  0.00558  3.18074e-06 | 59  0.00606  1.07348e-05 | 60 -0.01534 -8.96208e-06
 61 -0.00841 -1.54479e-06 | 62 -0.00103 -1.32814e-05 | 63 -0.00784 -1.11827e-05
 64  0.01056 -2.42605e-05 | 65  0.01277 -2.91661e-05 | 66  0.01727 -2.09573e-05
 67  0.02682 -3.04926e-05 | 68  0.00416 -1.85149e-05 | 69  0.00625 -1.45567e-05
 70  0.02438 -5.61050e-05 | 71 -0.00574 -1.16736e-05 | 72 -0.00666 -2.19992e-05
 73  0.03614 -6.38499e-05 | 74 -0.01483 -2.11268e-05 | 75 -0.02400 -2.33816e-05
 76  0.01714 -3.46889e-05 | 77 -0.00615 -1.28495e-07 | 78 -0.05972 -3.98117e-06
 79  0.01491 -2.54380e-05 | 80 -0.00551 -3.82606e-05 | 81 -0.00536 -2.55016e-05
 82 -0.01582  2.07111e-05 | 83 -0.02358 -2.86674e-05 | 84  0.00362 -1.83287e-05
 85 -0.03066 -1.49208e-05 | 86 -0.01944 -4.17783e-06 | 87  0.00511 -1.01661e-05
 88 -0.01580 -2.63866e-05 | 89 -0.02717 -7.93241e-07 | 90 -0.00759  1.90243e-06
 91 -0.03387 -1.31921e-05 | 92 -0.02868  1.54305e-06 | 93  0.00107  5.69643e-06
 94  0.01514  1.59815e-05 | 95 -0.03572  1.86699e-05 | 96  0.01028  2.76859e-05
 97 -0.01661  5.89735e-05 | 98  0.01272 -7.21985e-06 | 99 -0.00796  1.40251e-05
100 -0.01679  3.25241e-05 |101 -0.02391  4.04256e-05 |102  0.01656  3.57460e-05
103  0.06273  1.29883e-05 |104 -0.00704  2.86968e-05 |105  0.00022  3.88680e-05
106  0.00028  9.40481e-06 |107  0.00000  0.00000e+00 |108  0.00241 -6.85484e-04
109 -0.03903 -6.03597e-05 |110 -0.42829  7.04561e-05 |111 -0.24195 -5.44654e-06
112 -0.23207  6.51761e-06 |
size of file gradfil1.tmp = 0
size of file gradfil2.tmp = 0
size of file varssave.tmp = 0
size of file cmpdiff.tmp = 0
