
Initial statistics: 1 variables; iteration 0; function evaluation 0; phase 1
Function value 5.1618740e+06; maximum gradient component mag -4.3270e+07
Var    Value     Gradient |Var    Value     Gradient |Var    Value     Gradient
  1  0.63197 -4.32699e+07 |

 - final statistics:
1 variables; iteration 8; function evaluation 24
Function value 7.3620e+02; maximum gradient component mag 2.2255e-01
Exit code = 1;  converg criter 1.0000e+01
Var    Value     Gradient |Var    Value     Gradient |Var    Value     Gradient
  1  0.65642  2.22546e-01 |

Initial statistics: 98 variables; iteration 0; function evaluation 0; phase 2
Function value 7.3620077e+02; maximum gradient component mag -1.2405e+03
Var    Value     Gradient |Var    Value     Gradient |Var    Value     Gradient
  1  0.65642  2.22546e-01 |  2  0.00000 -6.24546e+00 |  3  0.00000 -6.53039e+00
  4  0.00000 -1.13876e+01 |  5  0.00000 -7.27779e+00 |  6  0.00000 -7.91275e+00
  7  0.00000 -8.32438e+00 |  8  0.00000 -8.97971e+00 |  9  0.00000 -9.73410e+00
 10  0.00000 -1.05847e+01 | 11  0.00000 -1.19433e+01 | 12  0.00000 -1.25767e+01
 13  0.00000 -1.36129e+01 | 14  0.00000 -1.70585e+01 | 15  0.00000 -1.63131e+01
 16  0.00000 -1.95452e+01 | 17  0.00000 -2.49413e+01 | 18  0.00000 -2.99783e+01
 19  0.00000 -4.08620e+01 | 20  0.00000 -3.72378e+01 | 21  0.00000 -2.61983e+01
 22  0.00000 -3.02273e+01 | 23  0.00000 -3.00959e+01 | 24  0.00000 -3.58883e+01
 25  0.00000 -3.43216e+01 | 26  0.00000 -4.14174e+01 | 27  0.00000 -4.04360e+01
 28  0.00000 -3.32845e+01 | 29  0.00000 -2.99233e+01 | 30  0.00000 -5.15143e+01
 31  0.00000 -3.86551e+01 | 32  0.00000 -4.90686e+01 | 33  0.00000 -4.57626e+01
 34  0.00000 -4.44066e+01 | 35  0.00000 -1.20901e+02 | 36  0.00000 -4.86201e+01
 37  0.00000 -4.83755e+01 | 38  0.00000 -5.96372e+01 | 39  0.00000 -6.55454e+01
 40  0.00000 -1.06646e+02 | 41  0.00000 -6.89257e+01 | 42  0.00000 -6.14616e+01
 43  0.00000 -5.11130e+01 | 44  0.00000 -5.42000e+01 | 45  0.00000 -3.30449e+01
 46  0.00000 -1.02955e+02 | 47  0.00000 -7.57898e+01 | 48  0.00000 -5.39929e+01
 49  0.00000 -4.68338e+01 | 50  0.00000 -5.02084e+01 | 51  0.00000 -6.91193e+01
 52  0.00000 -6.85892e+01 | 53  0.00000 -5.90604e+01 | 54  0.00000 -6.50618e+01
 55  0.00000 -5.69080e+01 | 56  0.00000 -8.15246e+01 | 57  0.00000 -6.70650e+01
 58  0.00000 -5.30910e+01 | 59  0.00000 -4.82539e+01 | 60  0.00000 -6.42437e+01
 61  0.00000 -3.88751e+01 | 62  0.00000 -8.89127e+01 | 63  0.00000  1.02171e+02
 64  0.00000  1.38886e+02 | 65  0.00000  1.66600e+02 | 66  0.00000 -7.98400e+01
 67  0.00000 -5.44423e+02 | 68  0.00000  4.02665e+02 | 69  0.00000  2.17485e+02
 70  0.00000  3.42078e+02 | 71  0.00000  6.05700e+02 | 72  0.00000 -5.78624e+02
 73  0.00000 -1.24051e+03 | 74  0.00000  5.24267e+02 | 75  0.00000  9.87250e+02
 76  0.00000  8.36775e+02 | 77  0.00000  3.32779e+02 | 78  0.00000 -1.49490e+02
 79  0.00000 -8.22625e+01 | 80  0.00000  3.28165e+02 | 81  0.00000  5.45461e+01
 82  0.00000  4.74586e+02 | 83  0.00000 -6.26265e+02 | 84  0.00000  2.66420e+02
 85  0.00000 -5.77028e+02 | 86  0.00000  3.09513e+02 | 87  0.00000 -1.48239e+02
 88  0.00000 -2.10763e+01 | 89  0.00000  1.03042e+02 | 90  0.00000  3.93714e+02
 91  0.00000  5.34421e+01 | 92  0.00000  2.16195e+02 | 93  0.00000 -1.33560e+02
 94  0.00000 -2.43309e+01 | 95  0.00000 -4.53315e+00 | 96  0.00000 -4.89678e+00
 97 -0.03546  6.24852e+01 | 98 -0.31026 -3.73841e+01 |

Intermediate statistics: 98 variables; iteration 20; function evaluation 28; phase 2
Function value 6.5213209e+02; maximum gradient component mag 1.5705e+03
Var    Value     Gradient |Var    Value     Gradient |Var    Value     Gradient
  1  0.65857  1.57055e+03 |  2  0.00303 -5.45671e+01 |  3  0.00309 -5.41518e+01
  4  0.00747 -5.13542e+01 |  5  0.00323 -5.30601e+01 |  6  0.00346 -5.22784e+01
  7  0.00341 -5.15225e+01 |  8  0.00350 -5.05501e+01 |  9  0.00360 -4.94236e+01
 10  0.00368 -4.81373e+01 | 11  0.00410 -4.65149e+01 | 12  0.00379 -4.50872e+01
 13  0.00374 -4.33979e+01 | 14  0.00545 -4.08046e+01 | 15  0.00382 -3.97911e+01
 16  0.00506 -3.76600e+01 | 17  0.00786 -3.50775e+01 | 18  0.01021 -3.32827e+01
 19  0.01631 -3.07746e+01 | 20  0.01182 -3.37804e+01 | 21  0.00411 -3.49913e+01
 22  0.00535 -3.28995e+01 | 23  0.00477 -3.40533e+01 | 24  0.00739 -3.21070e+01
 25  0.00444 -3.31670e+01 | 26  0.00790 -3.08248e+01 | 27  0.00519 -3.20359e+01
 28 -0.00080 -3.43895e+01 | 29 -0.00334 -3.45948e+01 | 30  0.00745 -3.02210e+01
 31 -0.00255 -3.54221e+01 | 32  0.00297 -3.24292e+01 | 33 -0.00036 -3.39927e+01
 34 -0.00503 -3.67975e+01 | 35  0.03654 -8.18667e+00 | 36 -0.00611 -3.83152e+01
 37 -0.00762 -3.91194e+01 | 38 -0.00071 -3.42652e+01 | 39  0.00156 -3.24847e+01
 40  0.02384 -1.46593e+01 | 41 -0.00139 -3.53918e+01 | 42 -0.00670 -3.89901e+01
 43 -0.01071 -4.03173e+01 | 44 -0.00706 -3.73373e+01 | 45 -0.01780 -4.35648e+01
 46  0.02249 -1.16535e+01 | 47  0.00043 -3.33373e+01 | 48 -0.01117 -4.15688e+01
 49 -0.01198 -4.12787e+01 | 50 -0.00940 -4.04438e+01 | 51 -0.00120 -3.42703e+01
 52 -0.00086 -3.41983e+01 | 53 -0.00721 -4.01331e+01 | 54 -0.00179 -3.60467e+01
 55 -0.00602 -4.10756e+01 | 56  0.00674 -3.11239e+01 | 57 -0.00233 -4.10549e+01
 58 -0.00771 -4.85497e+01 | 59 -0.00807 -5.02162e+01 | 60  0.00089 -3.89232e+01
 61 -0.01138 -5.37875e+01 | 62  0.00441 -4.36183e+01 | 63 -0.03149 -3.66165e+01
 64 -0.03085 -2.39053e+01 | 65 -0.02987 -3.16480e+01 | 66 -0.00351 -6.63900e+01
 67  0.01843 -1.96869e+02 | 68 -0.02157  1.39158e+02 | 69 -0.00002  2.27208e+02
 70 -0.00714  2.31343e+02 | 71 -0.00435  5.17205e+02 | 72  0.01402 -2.64299e+02
 73  0.01459 -8.54259e+02 | 74 -0.01427  2.88554e+02 | 75  0.00106  1.01463e+03
 76 -0.00938  6.69513e+02 | 77 -0.00181  3.06203e+02 | 78  0.00727  3.47275e+01
 79  0.00410  1.79406e+01 | 80 -0.00028  3.27701e+02 | 81  0.00793  2.24161e+02
 82 -0.00427  3.97507e+02 | 83  0.01331 -3.26788e+02 | 84 -0.00447  2.10166e+02
 85  0.01255 -3.15232e+02 | 86 -0.00746  2.00725e+02 | 87  0.00466 -7.31054e+01
 88 -0.00005 -7.22617e+00 | 89 -0.00072  4.50430e+01 | 90 -0.01981  1.29970e+02
 91 -0.00385 -4.62318e+01 | 92 -0.01912  2.62184e+00 | 93 -0.00007 -1.54934e+02
 94  0.00895 -6.31215e+01 | 95  0.00224 -5.68579e+01 | 96  0.00274 -5.65275e+01
 97 -0.03920  1.55259e+02 | 98 -0.28461  2.05016e+01 |
98 variables; iteration 40; function evaluation 56; phase 2
Function value 5.7946812e+02; maximum gradient component mag 6.1488e+03
Var    Value     Gradient |Var    Value     Gradient |Var    Value     Gradient
  1  0.64477  6.14884e+03 |  2 -0.00223 -1.96911e+02 |  3 -0.00110 -1.92179e+02
  4 -0.00638 -2.03013e+02 |  5 -0.00086 -1.84427e+02 |  6 -0.00233 -1.82720e+02
  7 -0.00450 -1.81504e+02 |  8 -0.00766 -1.81927e+02 |  9 -0.01109 -1.82502e+02
 10 -0.01397 -1.81451e+02 | 11 -0.01463 -1.75151e+02 | 12 -0.01471 -1.65801e+02
 13 -0.01217 -1.48906e+02 | 14 -0.00575 -1.21210e+02 | 15 -0.00446 -1.03001e+02
 16 -0.00210 -8.53265e+01 | 17 -0.00216 -7.98187e+01 | 18 -0.00122 -7.33048e+01
 19  0.00692 -4.77434e+01 | 20  0.00684 -4.40498e+01 | 21  0.00384 -3.57213e+01
 22  0.00437 -2.70069e+01 | 23  0.00569 -2.62412e+01 | 24  0.00773 -1.48752e+01
 25  0.00538 -1.54067e+01 | 26  0.00996  6.67316e+00 | 27  0.00644 -9.44238e-01
 28 -0.00168 -2.44139e+01 | 29 -0.00199 -1.67762e+01 | 30  0.01041  3.03390e+01
 31  0.00351  1.24037e+01 | 32  0.01277  5.58583e+01 | 33  0.01298  6.81537e+01
 34  0.01031  6.53502e+01 | 35  0.02718  1.06542e+02 | 36  0.00967  7.34941e+01
 37  0.00840  7.60426e+01 | 38  0.00942  8.12274e+01 | 39  0.00927  8.51988e+01
 40  0.01800  1.13650e+02 | 41  0.00760  9.02088e+01 | 42  0.00546  9.05098e+01
 43  0.00199  8.40532e+01 | 44  0.00237  8.76664e+01 | 45 -0.00342  7.64146e+01
 46  0.01601  1.45600e+02 | 47  0.01026  1.37337e+02 | 48  0.00543  1.29467e+02
 49  0.00435  1.32519e+02 | 50  0.00498  1.37940e+02 | 51  0.00748  1.44502e+02
 52  0.00793  1.51609e+02 | 53  0.00349  1.32789e+02 | 54  0.00448  1.36564e+02
 55  0.00121  1.22456e+02 | 56  0.00452  1.27814e+02 | 57  0.00016  1.08617e+02
 58 -0.00295  9.20877e+01 | 59 -0.00599  6.96448e+01 | 60  0.00912  1.77385e+02
 61 -0.00050  1.23447e+02 | 62  0.00947  1.60438e+02 | 63 -0.02298  4.33027e+01
 64 -0.02978  1.85166e+00 | 65 -0.01890  7.98314e+01 | 66 -0.00607 -6.34093e+00
 67  0.03165  2.91060e+02 | 68 -0.02311  1.04215e+02 | 69 -0.00670  8.11033e+00
 70 -0.01259  6.14183e+01 | 71 -0.01801  1.07351e+02 | 72  0.02968  1.00179e+02
 73  0.05111  5.43181e+02 | 74 -0.02921 -1.32850e+01 | 75 -0.02748  1.30267e+02
 76 -0.03922  3.46203e+01 | 77 -0.00934 -7.07798e+00 | 78  0.01338  6.21638e+01
 79  0.01164  8.69275e+01 | 80 -0.01052 -1.55650e+01 | 81  0.00985  5.15952e+01
 82 -0.01952 -2.81305e+01 | 83  0.03311  7.19028e+01 | 84 -0.01075 -4.85479e+01
 85  0.02857 -9.55602e+01 | 86 -0.02038 -1.46535e+02 | 87  0.01298 -7.22520e+01
 88  0.00062 -1.57637e+02 | 89 -0.00115 -1.50818e+02 | 90 -0.03238 -1.59057e+02
 91 -0.00977 -3.11722e+02 | 92 -0.02173 -1.69882e+02 | 93  0.00097 -2.68904e+02
 94  0.01340 -1.97892e+02 | 95 -0.01932 -2.35547e+02 | 96 -0.01960 -2.36299e+02
 97 -0.03925  4.38758e+02 | 98 -0.29025 -8.28470e+00 |
98 variables; iteration 60; function evaluation 83; phase 2
Function value 5.6957685e+02; maximum gradient component mag 1.8901e+03
Var    Value     Gradient |Var    Value     Gradient |Var    Value     Gradient
  1  0.64327  1.89005e+03 |  2 -0.00285 -6.12382e+01 |  3 -0.00619 -6.55812e+01
  4  0.00172 -5.55879e+01 |  5 -0.01024 -6.94948e+01 |  6 -0.00938 -6.64221e+01
  7 -0.00734 -6.05958e+01 |  8 -0.00483 -5.35225e+01 |  9 -0.00362 -4.81377e+01
 10 -0.00426 -4.56438e+01 | 11 -0.00658 -4.64109e+01 | 12 -0.00788 -4.40810e+01
 13 -0.00861 -4.06938e+01 | 14 -0.00801 -3.66052e+01 | 15 -0.00756 -2.84979e+01
 16 -0.00651 -2.32512e+01 | 17 -0.00529 -2.04903e+01 | 18 -0.00367 -1.76748e+01
 19  0.00110 -1.42480e+01 | 20  0.00170 -8.64127e+00 | 21 -0.00264 -4.33562e+00
 22 -0.00086  1.14784e+00 | 23  0.00023  1.58581e+00 | 24  0.00250  5.01715e+00
 25  0.00231  9.29868e+00 | 26  0.00597  1.49714e+01 | 27  0.00514  1.64589e+01
 28 -0.00014  1.17097e+01 | 29 -0.00192  1.22891e+01 | 30  0.00775  2.17877e+01
 31  0.00359  2.25107e+01 | 32  0.01133  3.54831e+01 | 33  0.01021  3.79793e+01
 34  0.00847  4.00587e+01 | 35  0.03216  4.84786e+01 | 36  0.01082  4.54096e+01
 37  0.01084  4.85051e+01 | 38  0.01190  4.39966e+01 | 39  0.01217  4.30082e+01
 40  0.02293  4.37713e+01 | 41  0.01220  4.53771e+01 | 42  0.01034  4.86241e+01
 43  0.00623  4.68117e+01 | 44  0.00650  4.53228e+01 | 45 -0.00116  4.11595e+01
 46  0.01688  3.50043e+01 | 47  0.01420  5.47646e+01 | 48  0.00575  4.91558e+01
 49  0.00150  4.08356e+01 | 50  0.00692  5.69230e+01 | 51  0.00798  4.44869e+01
 52  0.01071  5.39520e+01 | 53  0.00673  5.02400e+01 | 54  0.00619  4.19647e+01
 55  0.01009  6.51939e+01 | 56  0.00699  3.13530e+01 | 57  0.00301  3.06008e+01
 58 -0.00166  2.05209e+01 | 59 -0.00269  1.75328e+01 | 60  0.01068  6.39072e+01
 61 -0.00005  4.20680e+01 | 62  0.00759  3.07932e+01 | 63 -0.02517  2.01234e+01
 64 -0.03025  6.37791e+00 | 65 -0.02619  1.58376e+01 | 66 -0.00089  4.28991e+00
 67  0.02809  2.29815e+01 | 68 -0.03160  1.07073e+01 | 69 -0.00595 -9.51586e+00
 70 -0.01583  1.06982e+01 | 71 -0.02294  2.67431e+01 | 72  0.03058 -1.14430e+01
 73  0.04507  3.69124e+01 | 74 -0.03166 -1.39435e+01 | 75 -0.03343  5.97241e+01
 76 -0.04505  1.51765e+01 | 77 -0.00950 -9.84362e+00 | 78  0.01260 -1.97417e+01
 79  0.01000 -3.18115e+00 | 80 -0.01246 -2.78212e+01 | 81  0.00800 -1.09870e+01
 82 -0.02200 -1.04752e+01 | 83  0.03176 -2.18505e+01 | 84 -0.01174 -9.67014e+00
 85  0.02971 -5.59222e+01 | 86 -0.01882 -4.22758e+01 | 87  0.01168 -3.96907e+01
 88  0.00148 -5.70999e+01 | 89 -0.00166 -5.49689e+01 | 90 -0.03462 -4.96170e+01
 91 -0.00464 -7.64757e+01 | 92 -0.02777 -7.52409e+01 | 93  0.00345 -7.37698e+01
 94 -0.00034 -8.33586e+01 | 95  0.00046 -6.11017e+01 | 96  0.00016 -6.19836e+01
 97 -0.03675  1.73638e+02 | 98 -0.28260  1.38320e+01 |
Maximum number of function evaluations exceeded

 - final statistics:
98 variables; iteration 71; function evaluation 100
Function value 5.6807e+02; maximum gradient component mag 2.0804e+03
Exit code = 3;  converg criter 1.0000e+01
Var    Value     Gradient |Var    Value     Gradient |Var    Value     Gradient
  1  0.64478  2.08044e+03 |  2 -0.00118 -6.42820e+01 |  3 -0.00412 -6.78997e+01
  4  0.00132 -6.18967e+01 |  5 -0.00314 -6.31302e+01 |  6 -0.00191 -5.90965e+01
  7 -0.00235 -5.72177e+01 |  8 -0.00315 -5.57391e+01 |  9 -0.00305 -5.21799e+01
 10 -0.00252 -4.72117e+01 | 11 -0.00277 -4.36057e+01 | 12 -0.00487 -4.24727e+01
 13 -0.00572 -3.88462e+01 | 14 -0.00358 -3.07161e+01 | 15 -0.00579 -2.80427e+01
 16 -0.00568 -2.43650e+01 | 17 -0.00124 -1.30005e+01 | 18  0.00081 -8.22878e+00
 19  0.00400 -8.02561e+00 | 20  0.00116 -1.06225e+01 | 21 -0.00318 -5.73170e+00
 22 -0.00178 -1.14210e-01 | 23 -0.00118 -5.53892e-01 | 24  0.00106  3.78848e+00
 25  0.00039  7.44188e+00 | 26  0.00271  1.04080e+01 | 27  0.00150  1.12882e+01
 28 -0.00191  1.15787e+01 | 29 -0.00219  1.67769e+01 | 30  0.00667  2.61090e+01
 31  0.00261  2.70685e+01 | 32  0.00735  3.22980e+01 | 33  0.00675  3.60509e+01
 34  0.00332  3.25430e+01 | 35  0.03087  5.94914e+01 | 36  0.00635  4.09592e+01
 37  0.00712  4.54278e+01 | 38  0.01193  5.27269e+01 | 39  0.01253  5.29026e+01
 40  0.02800  7.64100e+01 | 41  0.01315  5.78244e+01 | 42  0.00985  5.49169e+01
 43  0.00548  5.10574e+01 | 44  0.00768  5.64973e+01 | 45  0.00044  5.36048e+01
 46  0.02511  7.84042e+01 | 47  0.01444  6.74070e+01 | 48  0.00622  5.99922e+01
 49  0.00276  5.37589e+01 | 50  0.00496  5.99453e+01 | 51  0.01059  6.76645e+01
 52  0.00934  6.38625e+01 | 53  0.00634  6.30775e+01 | 54  0.00724  6.04825e+01
 55  0.00376  5.48570e+01 | 56  0.00895  5.67663e+01 | 57  0.00372  5.00424e+01
 58  0.00037  4.52514e+01 | 59 -0.00040  4.26153e+01 | 60  0.00578  5.30787e+01
 61 -0.00401  3.71918e+01 | 62  0.00741  4.97641e+01 | 63 -0.02841  1.35605e+01
 64 -0.03144  8.69820e+00 | 65 -0.02878  7.88723e+00 | 66 -0.00055  2.71972e+01
 67  0.02873  6.61399e+01 | 68 -0.03389 -7.50668e+00 | 69 -0.00549  1.05479e+01
 70 -0.01742 -6.68933e+00 | 71 -0.02562 -1.45814e+01 | 72  0.03195  3.78540e+01
 73  0.04408  1.56449e+01 | 74 -0.03238 -2.58817e+01 | 75 -0.03842 -2.26023e+01
 76 -0.04902 -3.45806e+01 | 77 -0.01048 -3.09019e+01 | 78  0.01317 -1.43703e+01
 79  0.00911 -2.93695e+01 | 80 -0.01215 -3.34546e+01 | 81  0.00733 -3.68454e+01
 82 -0.02431 -4.64021e+01 | 83  0.03152 -3.96349e+01 | 84 -0.01437 -5.06047e+01
 85  0.03022 -4.41038e+01 | 86 -0.01962 -5.86714e+01 | 87  0.01093 -6.02808e+01
 88  0.00158 -6.32374e+01 | 89 -0.00210 -6.62913e+01 | 90 -0.03632 -7.10137e+01
 91 -0.00439 -7.00075e+01 | 92 -0.02699 -7.35201e+01 | 93  0.00315 -7.81152e+01
 94  0.00887 -6.79172e+01 | 95 -0.00019 -6.80193e+01 | 96 -0.00277 -7.24934e+01
 97 -0.04381  1.34077e+02 | 98 -0.28466  6.85016e+00 |

Initial statistics: 100 variables; iteration 0; function evaluation 0; phase 3
Function value 5.6807279e+02; maximum gradient component mag 2.0804e+03
Var    Value     Gradient |Var    Value     Gradient |Var    Value     Gradient
  1  0.64478  2.08044e+03 |  2 -0.00118 -6.42682e+01 |  3 -0.00412 -6.78858e+01
  4  0.00132 -6.18829e+01 |  5 -0.00314 -6.31164e+01 |  6 -0.00191 -5.90826e+01
  7 -0.00235 -5.72039e+01 |  8 -0.00315 -5.57253e+01 |  9 -0.00305 -5.21661e+01
 10 -0.00252 -4.71978e+01 | 11 -0.00277 -4.35919e+01 | 12 -0.00487 -4.24589e+01
 13 -0.00572 -3.88323e+01 | 14 -0.00358 -3.07023e+01 | 15 -0.00579 -2.80289e+01
 16 -0.00568 -2.43511e+01 | 17 -0.00124 -1.29866e+01 | 18  0.00081 -8.21495e+00
 19  0.00400 -8.01178e+00 | 20  0.00116 -1.06086e+01 | 21 -0.00318 -5.71786e+00
 22 -0.00178 -1.00378e-01 | 23 -0.00118 -5.40059e-01 | 24  0.00106  3.80231e+00
 25  0.00039  7.45571e+00 | 26  0.00271  1.04218e+01 | 27  0.00150  1.13021e+01
 28 -0.00191  1.15926e+01 | 29 -0.00219  1.67907e+01 | 30  0.00667  2.61228e+01
 31  0.00261  2.70824e+01 | 32  0.00735  3.23119e+01 | 33  0.00675  3.60647e+01
 34  0.00332  3.25568e+01 | 35  0.03087  5.95052e+01 | 36  0.00635  4.09730e+01
 37  0.00712  4.54416e+01 | 38  0.01193  5.27408e+01 | 39  0.01253  5.29164e+01
 40  0.02800  7.64238e+01 | 41  0.01316  5.78382e+01 | 42  0.00986  5.49307e+01
 43  0.00548  5.10713e+01 | 44  0.00768  5.65111e+01 | 45  0.00044  5.36187e+01
 46  0.02511  7.84180e+01 | 47  0.01444  6.74208e+01 | 48  0.00622  6.00060e+01
 49  0.00276  5.37727e+01 | 50  0.00496  5.99591e+01 | 51  0.01059  6.76783e+01
 52  0.00934  6.38763e+01 | 53  0.00634  6.30913e+01 | 54  0.00724  6.04964e+01
 55  0.00376  5.48708e+01 | 56  0.00895  5.67801e+01 | 57  0.00372  5.00562e+01
 58  0.00037  4.52652e+01 | 59 -0.00040  4.26292e+01 | 60  0.00578  5.30925e+01
 61 -0.00401  3.72056e+01 | 62  0.00741  4.97780e+01 | 63 -0.02841  1.35743e+01
 64 -0.03144  8.71202e+00 | 65 -0.02878  7.90105e+00 | 66 -0.00055  2.72110e+01
 67  0.02873  6.61538e+01 | 68 -0.03389 -7.49287e+00 | 69 -0.00549  1.05617e+01
 70 -0.01742 -6.67550e+00 | 71 -0.02562 -1.45676e+01 | 72  0.03195  3.78678e+01
 73  0.04408  1.56587e+01 | 74 -0.03238 -2.58679e+01 | 75 -0.03842 -2.25885e+01
 76 -0.04902 -3.45668e+01 | 77 -0.01048 -3.08881e+01 | 78  0.01317 -1.43565e+01
 79  0.00911 -2.93557e+01 | 80 -0.01215 -3.34408e+01 | 81  0.00733 -3.68315e+01
 82 -0.02431 -4.63883e+01 | 83  0.03152 -3.96210e+01 | 84 -0.01437 -5.05908e+01
 85  0.03022 -4.40900e+01 | 86 -0.01962 -5.86576e+01 | 87  0.01093 -6.02670e+01
 88  0.00158 -6.32236e+01 | 89 -0.00210 -6.62775e+01 | 90 -0.03632 -7.09998e+01
 91 -0.00438 -6.99937e+01 | 92 -0.02699 -7.35062e+01 | 93  0.00315 -7.81014e+01
 94  0.00887 -6.79033e+01 | 95 -0.00019 -6.80054e+01 | 96 -0.00277 -7.24795e+01
 97 -0.04381  1.34077e+02 | 98 -0.41581 -1.57984e+02 | 99 -0.28466  6.85016e+00
100 -0.25275  6.06178e+01 |

Intermediate statistics: 100 variables; iteration 20; function evaluation 25; phase 3
Function value 5.6544705e+02; maximum gradient component mag 3.8107e+02
Var    Value     Gradient |Var    Value     Gradient |Var    Value     Gradient
  1  0.64561  3.81066e+02 |  2 -0.00023 -1.19361e+01 |  3 -0.00061 -1.21795e+01
  4  0.00250 -1.13728e+01 |  5 -0.00067 -1.13627e+01 |  6 -0.00055 -1.07299e+01
  7 -0.00082 -1.02872e+01 |  8 -0.00107 -9.84445e+00 |  9 -0.00125 -9.13433e+00
 10 -0.00141 -8.22166e+00 | 11 -0.00148 -7.39813e+00 | 12 -0.00230 -6.83171e+00
 13 -0.00281 -5.94677e+00 | 14 -0.00167 -4.43338e+00 | 15 -0.00341 -3.71003e+00
 16 -0.00271 -2.72228e+00 | 17 -0.00010 -7.67150e-01 | 18  0.00208  3.40479e-01
 19  0.00757  1.19528e+00 | 20  0.00437  6.14369e-01 | 21 -0.00237  9.19642e-01
 22 -0.00111  2.10725e+00 | 23 -0.00096  1.91500e+00 | 24  0.00166  3.05996e+00
 25 -0.00011  3.56181e+00 | 26  0.00327  4.67129e+00 | 27  0.00175  4.84534e+00
 28 -0.00318  4.41620e+00 | 29 -0.00540  4.85521e+00 | 30  0.00493  7.61462e+00
 31 -0.00194  6.94332e+00 | 32  0.00395  8.44783e+00 | 33  0.00154  8.53955e+00
 34 -0.00232  7.64465e+00 | 35  0.03461  1.89929e+01 | 36 -0.00041  9.42139e+00
 37 -0.00074  9.78518e+00 | 38  0.00534  1.17174e+01 | 39  0.00738  1.22131e+01
 40  0.02642  1.92900e+01 | 41  0.00785  1.35165e+01 | 42  0.00376  1.22450e+01
 43 -0.00138  1.07143e+01 | 44  0.00097  1.13896e+01 | 45 -0.01005  9.07745e+00
 46  0.02812  2.07150e+01 | 47  0.01280  1.55253e+01 | 48  0.00123  1.21180e+01
 49 -0.00119  1.06351e+01 | 50  0.00017  1.11749e+01 | 51  0.01060  1.49890e+01
 52  0.01180  1.44464e+01 | 53  0.00634  1.29489e+01 | 54  0.00989  1.29178e+01
 55  0.00526  1.11297e+01 | 56  0.01791  1.49047e+01 | 57  0.01079  1.22039e+01
 58  0.00565  9.95163e+00 | 59  0.00441  8.27936e+00 | 60  0.00927  8.26842e+00
 61 -0.00078  6.64118e+00 | 62  0.01361  1.15747e+01 | 63 -0.02796  1.73861e+00
 64 -0.03044  1.19111e+00 | 65 -0.02837 -1.72521e+00 | 66  0.00050 -1.23610e+01
 67  0.02927 -2.49522e+01 | 68 -0.03349 -5.72103e+00 | 69 -0.00650 -1.11391e+01
 70 -0.01693 -1.11247e+01 | 71 -0.02679 -5.51615e+00 | 72  0.03315 -6.62310e+00
 73  0.04420 -2.55444e+01 | 74 -0.03218 -8.55535e+00 | 75 -0.03965 -2.89369e+00
 76 -0.04876 -6.77721e+00 | 77 -0.01117 -7.73134e+00 | 78  0.01424 -5.97605e+00
 79  0.00865 -1.09261e+01 | 80 -0.01133 -7.32588e+00 | 81  0.00664 -1.37414e+01
 82 -0.02342 -1.08728e+01 | 83  0.03109 -1.42118e+01 | 84 -0.01345 -1.11570e+01
 85  0.02993 -1.28516e+00 | 86 -0.01882 -1.19058e+01 | 87  0.00973 -2.41186e+01
 88  0.00240 -1.40626e+01 | 89 -0.00317 -1.44283e+01 | 90 -0.03511 -1.22222e+01
 91 -0.00570 -1.33490e+01 | 92 -0.02554 -9.61184e+00 | 93  0.00142 -1.57722e+01
 94  0.01161 -1.04555e+01 | 95 -0.00001 -1.28644e+01 | 96 -0.00012 -1.33624e+01
 97 -0.06323  1.02153e+01 | 98 -0.42650 -5.72076e+00 | 99 -0.31642 -1.96575e+01
100 -0.26910  3.82416e+01 |
100 variables; iteration 40; function evaluation 52; phase 3
Function value 5.6524740e+02; maximum gradient component mag 4.8850e+01
Var    Value     Gradient |Var    Value     Gradient |Var    Value     Gradient
  1  0.64542  4.88502e+01 |  2 -0.00040 -1.85346e+00 |  3 -0.00057 -1.98915e+00
  4  0.00235 -1.79827e+00 |  5 -0.00070 -1.83117e+00 |  6 -0.00068 -1.72208e+00
  7 -0.00093 -1.66456e+00 |  8 -0.00111 -1.59940e+00 |  9 -0.00131 -1.49594e+00
 10 -0.00155 -1.37892e+00 | 11 -0.00159 -1.24904e+00 | 12 -0.00217 -1.08943e+00
 13 -0.00258 -9.14186e-01 | 14 -0.00159 -7.28560e-01 | 15 -0.00320 -5.71790e-01
 16 -0.00236 -3.80020e-01 | 17 -0.00006 -1.69457e-01 | 18  0.00218  1.72329e-02
 19  0.00806  7.64937e-02 | 20  0.00485  5.62223e-02 | 21 -0.00222  1.98945e-01
 22 -0.00085  4.55645e-01 | 23 -0.00073  4.49801e-01 | 24  0.00201  6.17986e-01
 25  0.00006  6.54013e-01 | 26  0.00366  7.47752e-01 | 27  0.00209  7.22891e-01
 28 -0.00317  5.38054e-01 | 29 -0.00562  7.04976e-01 | 30  0.00499  9.56722e-01
 31 -0.00253  6.80319e-01 | 32  0.00359  7.91734e-01 | 33  0.00081  7.20363e-01
 34 -0.00304  7.38184e-01 | 35  0.03563  1.79588e+00 | 36 -0.00157  7.01302e-01
 37 -0.00215  7.07947e-01 | 38  0.00423  9.72926e-01 | 39  0.00660  1.07104e+00
 40  0.02654  2.15955e+00 | 41  0.00665  1.04645e+00 | 42  0.00234  8.63001e-01
 43 -0.00260  1.12444e+00 | 44  0.00014  1.79001e+00 | 45 -0.01125  1.95240e+00
 46  0.02893  2.75868e+00 | 47  0.01217  2.16439e+00 | 48  0.00021  2.06330e+00
 49 -0.00182  2.04036e+00 | 50 -0.00059  2.06178e+00 | 51  0.01060  3.25925e+00
 52  0.01220  3.26127e+00 | 53  0.00621  3.24534e+00 | 54  0.00983  2.42699e+00
 55  0.00527  2.61348e+00 | 56  0.01870  2.61631e+00 | 57  0.01114  2.24565e+00
 58  0.00621  2.70426e+00 | 59  0.00488  1.66569e+00 | 60  0.00945 -7.87421e-02
 61 -0.00022  1.70645e+00 | 62  0.01455  2.92782e+00 | 63 -0.02804  1.06029e-01
 64 -0.03075 -1.49742e+00 | 65 -0.02712  4.51203e+00 | 66  0.00233 -1.78590e+00
 67  0.03112 -4.48489e+00 | 68 -0.03344 -3.02288e+00 | 69 -0.00571 -3.56685e+00
 70 -0.01650 -3.92825e+00 | 71 -0.02638  1.74852e+00 | 72  0.03357  4.74829e-01
 73  0.04496 -4.08633e+00 | 74 -0.03254 -4.67097e+00 | 75 -0.03995 -1.74062e+00
 76 -0.04886  1.51177e+00 | 77 -0.01111 -1.35587e+00 | 78  0.01394 -4.81468e+00
 79  0.00885 -1.34626e+00 | 80 -0.01209 -8.01945e+00 | 81  0.00702  1.51629e+00
 82 -0.02370 -3.25282e+00 | 83  0.03132 -1.73192e+00 | 84 -0.01340 -4.29439e-01
 85  0.02986  9.22260e-01 | 86 -0.01855  1.02992e+00 | 87  0.01035 -3.37627e+00
 88  0.00237 -4.02881e+00 | 89 -0.00259  3.21687e+00 | 90 -0.03493  4.36070e-01
 91 -0.00538 -1.55861e+00 | 92 -0.02556  8.06230e-01 | 93  0.00164 -7.04531e+00
 94  0.01142 -1.27399e+00 | 95 -0.00021 -1.88131e+00 | 96 -0.00018 -2.13030e+00
 97 -0.06317  1.19263e+00 | 98 -0.42754 -1.47902e+00 | 99 -0.31330 -2.96973e+00
100 -0.26983  4.48539e+00 |
100 variables; iteration 60; function evaluation 85; phase 3
Function value 5.6522918e+02; maximum gradient component mag 3.2319e+01
Var    Value     Gradient |Var    Value     Gradient |Var    Value     Gradient
  1  0.64549  3.23195e+01 |  2 -0.00023 -1.04954e+00 |  3 -0.00029 -1.01339e+00
  4  0.00253 -9.97043e-01 |  5 -0.00046 -9.60176e-01 |  6 -0.00048 -9.33534e-01
  7 -0.00072 -8.86072e-01 |  8 -0.00088 -8.24019e-01 |  9 -0.00108 -7.65342e-01
 10 -0.00133 -7.03998e-01 | 11 -0.00137 -6.25316e-01 | 12 -0.00197 -5.52764e-01
 13 -0.00242 -4.95816e-01 | 14 -0.00145 -4.22042e-01 | 15 -0.00310 -3.83881e-01
 16 -0.00230 -3.24315e-01 | 17 -0.00002 -2.31722e-01 | 18  0.00220 -1.57259e-01
 19  0.00818 -2.84450e-02 | 20  0.00494 -6.93738e-02 | 21 -0.00228 -1.31680e-01
 22 -0.00097 -2.90313e-02 | 23 -0.00087 -6.03172e-02 | 24  0.00185 -5.48053e-03
 25 -0.00011  4.17434e-03 | 26  0.00353  7.46950e-02 | 27  0.00197  4.96646e-02
 28 -0.00317  1.11872e-01 | 29 -0.00576  5.70114e-02 | 30  0.00497  2.70547e-01
 31 -0.00248  2.36825e-01 | 32  0.00370  3.13950e-01 | 33  0.00099  3.95452e-01
 34 -0.00303  2.17683e-01 | 35  0.03607  1.07561e+00 | 36 -0.00136  4.23913e-01
 37 -0.00195  4.18423e-01 | 38  0.00440  4.91739e-01 | 39  0.00679  5.48219e-01
 40  0.02675  1.08512e+00 | 41  0.00697  6.84685e-01 | 42  0.00268  6.69219e-01
 43 -0.00260  3.97579e-01 | 44 -0.00008  5.25767e-01 | 45 -0.01166  3.82074e-01
 46  0.02899  1.11380e+00 | 47  0.01212  9.87286e-01 | 48 -0.00020  5.32957e-01
 49 -0.00214  5.72481e-01 | 50 -0.00083  5.78728e-01 | 51  0.00989  8.51273e-01
 52  0.01143  8.56658e-01 | 53  0.00532  7.65708e-01 | 54  0.00958  8.98128e-01
 55  0.00477  6.76826e-01 | 56  0.01858  9.82119e-01 | 57  0.01095  7.35220e-01
 58  0.00585  9.17941e-01 | 59  0.00479  7.56425e-01 | 60  0.00997  1.16279e+00
 61 -0.00044  4.06248e-01 | 62  0.01438  1.01473e+00 | 63 -0.02799  7.49449e-03
 64 -0.03028  4.41436e-02 | 65 -0.02786 -3.23010e-02 | 66  0.00269  8.23632e-01
 67  0.03145  1.55943e+00 | 68 -0.03321 -1.93913e-01 | 69 -0.00551  2.23559e-01
 70 -0.01628  5.26772e-02 | 71 -0.02651 -3.23890e-01 | 72  0.03351  9.93832e-01
 73  0.04505  1.42874e+00 | 74 -0.03229 -2.60009e-01 | 75 -0.03991 -4.01866e-01
 76 -0.04924 -6.72742e-01 | 77 -0.01112 -2.60086e-01 | 78  0.01405  2.19397e-01
 79  0.00882 -9.68288e-02 | 80 -0.01165 -1.74277e-01 | 81  0.00690 -3.69992e-01
 82 -0.02358 -5.22408e-01 | 83  0.03133 -1.40054e-01 | 84 -0.01357 -6.74048e-01
 85  0.02978 -4.57136e-01 | 86 -0.01884 -8.45328e-01 | 87  0.01040 -7.48282e-01
 88  0.00248 -7.82626e-01 | 89 -0.00282 -1.14432e+00 | 90 -0.03515 -9.74143e-01
 91 -0.00534 -1.15941e+00 | 92 -0.02581 -1.10949e+00 | 93  0.00207 -1.08622e+00
 94  0.01134 -1.02828e+00 | 95 -0.00013 -1.13117e+00 | 96  0.00006 -1.13973e+00
 97 -0.06250  2.22933e+00 | 98 -0.42730 -3.07259e+00 | 99 -0.31240  6.40127e-02
100 -0.26970  3.10833e-02 |
Maximum number of function evaluations exceeded

 - final statistics:
100 variables; iteration 68; function evaluation 100
Function value 5.6523e+02; maximum gradient component mag 1.6653e+01
Exit code = 3;  converg criter 1.0000e+00
Var    Value     Gradient |Var    Value     Gradient |Var    Value     Gradient
  1  0.64548  1.66531e+01 |  2 -0.00022 -5.46729e-01 |  3 -0.00028 -5.21630e-01
  4  0.00254 -5.15305e-01 |  5 -0.00046 -4.95275e-01 |  6 -0.00048 -4.82820e-01
  7 -0.00072 -4.60056e-01 |  8 -0.00089 -4.29672e-01 |  9 -0.00109 -3.99610e-01
 10 -0.00135 -3.66569e-01 | 11 -0.00138 -3.15834e-01 | 12 -0.00197 -2.56897e-01
 13 -0.00241 -2.15760e-01 | 14 -0.00144 -1.79836e-01 | 15 -0.00309 -1.70825e-01
 16 -0.00229 -1.54700e-01 | 17 -0.00002 -1.20248e-01 | 18  0.00220 -8.64097e-02
 19  0.00819  3.72479e-03 | 20  0.00495 -1.11724e-02 | 21 -0.00226 -4.99334e-02
 22 -0.00094  2.21866e-02 | 23 -0.00084  3.47631e-04 | 24  0.00188  9.95577e-03
 25 -0.00010 -9.13685e-03 | 26  0.00355  3.68069e-04 | 27  0.00198 -3.65756e-02
 28 -0.00314  7.66055e-02 | 29 -0.00574  2.38359e-02 | 30  0.00500  1.36106e-01
 31 -0.00247  1.52372e-01 | 32  0.00374  1.80823e-01 | 33  0.00101  2.51972e-01
 34 -0.00303  8.38752e-02 | 35  0.03616  5.37678e-01 | 36 -0.00135  2.77601e-01
 37 -0.00197  2.08257e-01 | 38  0.00440  2.22676e-01 | 39  0.00680  2.51898e-01
 40  0.02683  6.00472e-01 | 41  0.00698  3.89467e-01 | 42  0.00268  4.10384e-01
 43 -0.00262  1.60280e-01 | 44 -0.00009  2.51011e-01 | 45 -0.01167  2.26129e-01
 46  0.02910  5.95650e-01 | 47  0.01207  5.34500e-01 | 48 -0.00024  2.13916e-01
 49 -0.00218  2.73542e-01 | 50 -0.00086  2.66056e-01 | 51  0.00987  4.30982e-01
 52  0.01142  4.48454e-01 | 53  0.00527  3.78028e-01 | 54  0.00952  4.46309e-01
 55  0.00473  2.99371e-01 | 56  0.01857  4.91154e-01 | 57  0.01093  3.55977e-01
 58  0.00582  5.65646e-01 | 59  0.00476  3.99038e-01 | 60  0.00994  6.96052e-01
 61 -0.00046  1.11852e-01 | 62  0.01437  5.30439e-01 | 63 -0.02801 -4.40634e-02
 64 -0.03031  1.11850e-03 | 65 -0.02787 -5.72291e-02 | 66  0.00268  4.80883e-01
 67  0.03144  7.92005e-01 | 68 -0.03322 -1.65849e-01 | 69 -0.00551  1.01207e-01
 70 -0.01628  2.82025e-02 | 71 -0.02651 -2.07794e-01 | 72  0.03351  5.17813e-01
 73  0.04505  7.56614e-01 | 74 -0.03229 -1.03339e-01 | 75 -0.03992 -2.04079e-01
 76 -0.04924 -4.08187e-01 | 77 -0.01112 -1.44651e-01 | 78  0.01405  1.38653e-01
 79  0.00882 -5.41661e-02 | 80 -0.01166 -3.93950e-02 | 81  0.00690 -2.08538e-01
 82 -0.02359 -2.36341e-01 | 83  0.03133 -8.35486e-02 | 84 -0.01357 -3.62002e-01
 85  0.02978 -2.62578e-01 | 86 -0.01883 -4.60272e-01 | 87  0.01040 -3.84231e-01
 88  0.00248 -3.77549e-01 | 89 -0.00282 -6.36905e-01 | 90 -0.03515 -4.63507e-01
 91 -0.00534 -6.09188e-01 | 92 -0.02581 -5.83481e-01 | 93  0.00207 -5.23360e-01
 94  0.01134 -5.10004e-01 | 95 -0.00012 -6.00772e-01 | 96  0.00007 -6.12023e-01
 97 -0.06245  1.19026e+00 | 98 -0.42727 -1.66284e+00 | 99 -0.31240  3.99758e-02
100 -0.26971 -3.85742e-03 |

Initial statistics: 108 variables; iteration 0; function evaluation 0; phase 4
Function value 5.6522895e+02; maximum gradient component mag 1.9287e+02
Var    Value     Gradient |Var    Value     Gradient |Var    Value     Gradient
  1 -0.42263  7.86741e+01 |  2 -0.42263  1.92872e+02 |  3 -0.41094  1.32969e+02
  4  0.64548  1.58469e+01 |  5  0.00000  6.27640e-01 |  6  0.00000  2.29658e-01
  7  0.00000  2.80319e-01 |  8  0.00000  3.42102e-01 |  9  0.00000  4.17427e-01
 10 -0.00022 -5.22265e-01 | 11 -0.00028 -4.98316e-01 | 12  0.00254 -4.92373e-01
 13 -0.00046 -4.73339e-01 | 14 -0.00048 -4.61585e-01 | 15 -0.00072 -4.39948e-01
 16 -0.00089 -4.10838e-01 | 17 -0.00109 -3.81963e-01 | 18 -0.00135 -3.50232e-01
 19 -0.00138 -3.01207e-01 | 20 -0.00197 -2.44382e-01 | 21 -0.00241 -2.05558e-01
 22 -0.00144 -1.72236e-01 | 23 -0.00309 -1.63844e-01 | 24 -0.00229 -1.48081e-01
 25 -0.00002 -1.15612e-01 | 26  0.00220 -8.32644e-02 | 27  0.00819  3.50402e-03
 28  0.00495 -1.06441e-02 | 29 -0.00226 -4.95416e-02 | 30 -0.00094  2.05437e-02
 31 -0.00084 -5.36474e-04 | 32  0.00188  8.11970e-03 | 33 -0.00010 -1.02502e-02
 34  0.00355 -1.41915e-03 | 35  0.00198 -3.71764e-02 | 36 -0.00314  7.38804e-02
 37 -0.00574  2.12494e-02 | 38  0.00500  1.28804e-01 | 39 -0.00247  1.43277e-01
 40  0.00374  1.70727e-01 | 41  0.00101  2.39964e-01 | 42 -0.00303  7.77406e-02
 43  0.03616  5.11298e-01 | 44 -0.00135  2.63370e-01 | 45 -0.00197  1.98350e-01
 46  0.00440  2.10675e-01 | 47  0.00680  2.38314e-01 | 48  0.02683  5.70222e-01
 49  0.00698  3.70406e-01 | 50  0.00268  3.91444e-01 | 51 -0.00262  1.49678e-01
 52 -0.00009  2.37081e-01 | 53 -0.01167  2.13472e-01 | 54  0.02910  5.67234e-01
 55  0.01207  5.08918e-01 | 56 -0.00024  2.00798e-01 | 57 -0.00218  2.58285e-01
 58 -0.00086  2.51045e-01 | 59  0.00987  4.09234e-01 | 60  0.01142  4.25638e-01
 61  0.00527  3.56668e-01 | 62  0.00952  4.20430e-01 | 63  0.00473  2.80670e-01
 64  0.01857  4.66317e-01 | 65  0.01093  3.35534e-01 | 66  0.00582  5.39406e-01
 67  0.00476  3.78071e-01 | 68  0.00994  6.63059e-01 | 69 -0.00046  1.01252e-01
 70  0.01437  5.02813e-01 | 71 -0.02801 -4.57432e-02 | 72 -0.03031 -1.98062e-03
 73 -0.02787 -5.80584e-02 | 74  0.00268  4.56843e-01 | 75  0.03144  7.51795e-01
 76 -0.03322 -1.61906e-01 | 77 -0.00551  9.30195e-02 | 78 -0.01628  2.44573e-02
 79 -0.02651 -2.01436e-01 | 80  0.03351  4.90740e-01 | 81  0.04505  7.18032e-01
 82 -0.03229 -9.98805e-02 | 83 -0.03992 -1.96271e-01 | 84 -0.04924 -3.92000e-01
 85 -0.01112 -1.40056e-01 | 86  0.01405  1.30375e-01 | 87  0.00882 -5.39055e-02
 88 -0.01166 -3.79970e-02 | 89  0.00690 -2.01157e-01 | 90 -0.02359 -2.25881e-01
 91  0.03133 -8.22969e-02 | 92 -0.01357 -3.46692e-01 | 93  0.02978 -2.53172e-01
 94 -0.01883 -4.40342e-01 | 95  0.01040 -3.67500e-01 | 96  0.00248 -3.60549e-01
 97 -0.00282 -6.09364e-01 | 98 -0.03515 -4.41505e-01 | 99 -0.00534 -5.81971e-01
100 -0.02581 -5.57079e-01 |101  0.00207 -4.98955e-01 |102  0.01134 -4.85244e-01
103 -0.00012 -5.73985e-01 |104  0.00007 -5.85112e-01 |105 -0.06245  1.13423e+00
106 -0.42727 -1.58480e+00 |107 -0.31240  3.88786e-02 |108 -0.26971 -5.02721e-03

Intermediate statistics: 108 variables; iteration 20; function evaluation 27; phase 4
Function value 5.6513356e+02; maximum gradient component mag -1.9993e+02
Var    Value     Gradient |Var    Value     Gradient |Var    Value     Gradient
  1 -0.42131  4.42473e+01 |  2 -0.42166 -1.23310e+02 |  3 -0.41434 -2.36691e+01
  4  0.64578 -1.99927e+02 |  5 -0.00019 -7.77135e-01 |  6 -0.00007 -1.30623e-01
  7 -0.00009 -1.58971e-01 |  8 -0.00011 -1.93200e-01 |  9 -0.00013 -2.34419e-01
 10 -0.00021  6.08485e+00 | 11 -0.00027  5.98689e+00 | 12  0.00256  5.82407e+00
 13 -0.00044  5.71207e+00 | 14 -0.00046  5.53070e+00 | 15 -0.00070  5.32368e+00
 16 -0.00088  5.08088e+00 | 17 -0.00109  4.79715e+00 | 18 -0.00134  4.47170e+00
 19 -0.00138  4.10005e+00 | 20 -0.00198  3.71233e+00 | 21 -0.00242  3.27650e+00
 22 -0.00143  2.72851e+00 | 23 -0.00307  2.33146e+00 | 24 -0.00224  1.79011e+00
 25  0.00005  1.17228e+00 | 26  0.00218  6.56512e-01 | 27  0.00845 -1.15254e-01
 28  0.00474  2.16645e-01 | 29 -0.00220  4.87059e-01 | 30 -0.00092 -1.26654e-01
 31 -0.00081 -1.37643e-02 | 32  0.00194 -6.44994e-01 | 33 -0.00002 -7.38605e-01
 34  0.00366 -1.50363e+00 | 35  0.00202 -1.59726e+00 | 36 -0.00323 -1.09957e+00
 37 -0.00570 -1.01155e+00 | 38  0.00512 -2.55712e+00 | 39 -0.00237 -1.63724e+00
 40  0.00380 -2.69235e+00 | 41  0.00093 -2.36168e+00 | 42 -0.00292 -2.01753e+00
 43  0.03630 -9.52930e+00 | 44 -0.00133 -2.32030e+00 | 45 -0.00194 -2.43920e+00
 46  0.00460 -3.62179e+00 | 47  0.00674 -4.16506e+00 | 48  0.02704 -8.32050e+00
 49  0.00699 -4.33289e+00 | 50  0.00249 -3.65151e+00 | 51 -0.00255 -2.97377e+00
 52 -0.00014 -3.35172e+00 | 53 -0.01160 -1.69020e+00 | 54  0.02955 -9.10502e+00
 55  0.01175 -5.45988e+00 | 56 -0.00032 -3.31092e+00 | 57 -0.00224 -3.00422e+00
 58 -0.00069 -3.20933e+00 | 59  0.01010 -4.83216e+00 | 60  0.01130 -5.09038e+00
 61  0.00525 -3.86923e+00 | 62  0.00936 -4.52992e+00 | 63  0.00490 -3.73344e+00
 64  0.01865 -6.08631e+00 | 65  0.01067 -4.65902e+00 | 66  0.00573 -3.64286e+00
 67  0.00467 -3.48810e+00 | 68  0.01020 -4.27852e+00 | 69 -0.00070 -3.35895e+00
 70  0.01405 -5.79708e+00 | 71 -0.02818 -4.41478e-02 | 72 -0.03038  1.94477e-01
 73 -0.02803 -8.59299e-01 | 74  0.00259 -3.97967e+00 | 75  0.03138 -8.18433e+00
 76 -0.03362  9.66816e-02 | 77 -0.00530  1.34317e-01 | 78 -0.01659  7.46617e-02
 79 -0.02633  1.12884e+00 | 80  0.03362 -2.86775e+00 | 81  0.04475 -1.89158e+01
 82 -0.03281  5.85570e-01 | 83 -0.03970  3.90097e+00 | 84 -0.04912  5.47019e+00
 85 -0.01075  4.65520e+00 | 86  0.01401  5.67341e-02 | 87  0.00904  7.10832e-01
 88 -0.01189  2.57223e+00 | 89  0.00724  3.24383e+00 | 90 -0.02394  3.40884e+00
 91  0.03166  3.21423e+00 | 92 -0.01381  4.20833e+00 | 93  0.03002  4.10579e+00
 94 -0.01922  3.73049e+00 | 95  0.01068  4.61617e+00 | 96  0.00217  4.14551e+00
 97 -0.00264  6.04350e+00 | 98 -0.03570  4.89182e+00 | 99 -0.00524  5.23473e+00
100 -0.02612  6.33114e+00 |101  0.00233  5.50760e+00 |102  0.01150  6.89277e+00
103 -0.00014  6.56816e+00 |104  0.00009  6.56904e+00 |105 -0.05582 -1.36009e+01
106 -0.42380  1.98203e+01 |107 -0.30824  5.57751e+00 |108 -0.26977 -5.52782e+00
108 variables; iteration 40; function evaluation 53; phase 4
Function value 5.6509582e+02; maximum gradient component mag -8.2514e+01
Var    Value     Gradient |Var    Value     Gradient |Var    Value     Gradient
  1 -0.42145  1.80482e+01 |  2 -0.42176 -5.16020e+01 |  3 -0.41476 -9.63301e+00
  4  0.64606 -8.25136e+01 |  5 -0.00070 -9.74089e-01 |  6 -0.00027 -2.98466e-01
  7 -0.00033 -3.64252e-01 |  8 -0.00040 -4.44419e-01 |  9 -0.00049 -5.42059e-01
 10 -0.00015  2.59144e+00 | 11 -0.00023  2.52883e+00 | 12  0.00260  2.46171e+00
 13 -0.00041  2.39899e+00 | 14 -0.00044  2.31827e+00 | 15 -0.00069  2.21691e+00
 16 -0.00088  2.09360e+00 | 17 -0.00110  1.95470e+00 | 18 -0.00137  1.79624e+00
 19 -0.00144  1.60015e+00 | 20 -0.00207  1.38808e+00 | 21 -0.00253  1.17750e+00
 22 -0.00155  9.34358e-01 | 23 -0.00317  7.92439e-01 | 24 -0.00228  6.25442e-01
 25  0.00002  3.61688e-01 | 26  0.00204  4.63488e-02 | 27  0.00862 -2.97962e-02
 28  0.00403 -8.80739e-01 | 29 -0.00234 -5.67940e-02 | 30 -0.00108 -3.45320e-01
 31 -0.00094 -2.64941e-01 | 32  0.00185 -4.80865e-01 | 33 -0.00007 -4.66215e-01
 34  0.00362 -7.85190e-01 | 35  0.00194 -8.61668e-01 | 36 -0.00362 -1.04393e+00
 37 -0.00574 -5.41155e-01 | 38  0.00497 -1.33317e+00 | 39 -0.00242 -8.40607e-01
 40  0.00367 -1.41018e+00 | 41  0.00064 -1.41829e+00 | 42 -0.00261 -4.26803e-01
 43  0.03648 -3.40199e+00 | 44 -0.00149 -1.15376e+00 | 45 -0.00186 -8.99455e-01
 46  0.00481 -1.25685e+00 | 47  0.00686 -1.44799e+00 | 48  0.02719 -3.07315e+00
 49  0.00691 -1.80096e+00 | 50  0.00233 -1.58023e+00 | 51 -0.00242 -9.93562e-01
 52 -0.00022 -1.37990e+00 | 53 -0.01131  8.47920e-02 | 54  0.02914 -4.06567e+00
 55  0.01304 -2.54196e-01 | 56 -0.00042 -1.30744e+00 | 57 -0.00212 -8.85236e-01
 58 -0.00061 -1.03108e+00 | 59  0.01031 -1.50324e+00 | 60  0.01178 -1.19713e+00
 61  0.00543 -1.10784e+00 | 62  0.00954 -1.30191e+00 | 63  0.00503 -1.15550e+00
 64  0.01915 -1.36697e+00 | 65  0.01084 -1.22932e+00 | 66  0.00548 -1.93761e+00
 67  0.00469 -1.26919e+00 | 68  0.01046 -1.06057e+00 | 69 -0.00117 -2.84328e+00
 70  0.01391 -2.92341e+00 | 71 -0.02841 -8.42637e-01 | 72 -0.03059 -9.58842e-01
 73 -0.02781  2.78272e-01 | 74  0.00260 -2.11756e+00 | 75  0.03138 -2.89121e+00
 76 -0.03356  4.63926e-01 | 77 -0.00531  1.36290e-01 | 78 -0.01674 -1.82882e+00
 79 -0.02632 -1.84978e-01 | 80  0.03367 -7.92866e-01 | 81  0.04490 -7.54900e+00
 82 -0.03287 -3.61625e-01 | 83 -0.03966  2.02141e+00 | 84 -0.04933  8.95131e-01
 85 -0.01079  1.63457e+00 | 86  0.01404 -1.35913e-02 | 87  0.00906  2.97302e-01
 88 -0.01184  2.21840e+00 | 89  0.00726  1.32558e+00 | 90 -0.02387  2.38131e+00
 91  0.03168  1.41640e+00 | 92 -0.01381  1.96963e+00 | 93  0.03001  1.81077e+00
 94 -0.01932  4.11952e-01 | 95  0.01072  1.99817e+00 | 96  0.00228  3.39638e+00
 97 -0.00264  2.58614e+00 | 98 -0.03586  5.06419e-01 | 99 -0.00518  2.14264e+00
100 -0.02609  2.83557e+00 |101  0.00248  2.73016e+00 |102  0.01102  1.82811e+00
103 -0.00004  2.85168e+00 |104  0.00018  2.83931e+00 |105 -0.05497 -5.60413e+00
106 -0.42338  8.23770e+00 |107 -0.30797  2.10345e+00 |108 -0.26961 -2.19478e+00
108 variables; iteration 60; function evaluation 83; phase 4
Function value 5.6508213e+02; maximum gradient component mag -1.0423e+01
Var    Value     Gradient |Var    Value     Gradient |Var    Value     Gradient
  1 -0.42153  2.13687e+00 |  2 -0.42176 -6.75080e+00 |  3 -0.41512 -1.34497e+00
  4  0.64633 -1.04230e+01 |  5 -0.00041 -1.46695e-01 |  6 -0.00016 -5.07822e-02
  7 -0.00020 -6.16512e-02 |  8 -0.00024 -7.47388e-02 |  9 -0.00029 -9.04445e-02
 10 -0.00019  3.36489e-01 | 11 -0.00025  3.27384e-01 | 12  0.00257  3.18667e-01
 13 -0.00043  3.09816e-01 | 14 -0.00045  2.98991e-01 | 15 -0.00070  2.85119e-01
 16 -0.00088  2.68221e-01 | 17 -0.00109  2.49330e-01 | 18 -0.00135  2.27860e-01
 19 -0.00140  2.01734e-01 | 20 -0.00201  1.74323e-01 | 21 -0.00245  1.46782e-01
 22 -0.00147  1.13385e-01 | 23 -0.00309  8.87857e-02 | 24 -0.00223  5.65808e-02
 25  0.00005 -2.98600e-03 | 26  0.00213 -4.69086e-03 | 27  0.00867  9.55372e-02
 28  0.00448 -6.44253e-02 | 29 -0.00222 -4.32065e-03 | 30 -0.00094 -4.13606e-02
 31 -0.00082 -2.85466e-02 | 32  0.00195 -4.69595e-02 | 33  0.00002 -3.76236e-02
 34  0.00370 -1.03475e-01 | 35  0.00205 -6.15068e-02 | 36 -0.00334 -1.23477e-01
 37 -0.00568 -8.44845e-02 | 38  0.00511 -1.45104e-01 | 39 -0.00232 -7.47829e-02
 40  0.00381 -1.93244e-01 | 41  0.00082 -2.12287e-01 | 42 -0.00280 -7.01666e-02
 43  0.03627 -4.05380e-01 | 44 -0.00139 -1.46800e-01 | 45 -0.00189 -8.07705e-02
 46  0.00467 -2.69279e-01 | 47  0.00678 -1.29741e-01 | 48  0.02709 -3.55833e-01
 49  0.00688 -3.35118e-01 | 50  0.00236 -2.14454e-01 | 51 -0.00249 -1.41230e-01
 52 -0.00013 -1.30290e-01 | 53 -0.01161 -4.40434e-02 | 54  0.02961 -5.16922e-01
 55  0.01173 -1.30437e-01 | 56 -0.00040 -2.08269e-01 | 57 -0.00223 -1.00548e-01
 58 -0.00064 -6.83123e-02 | 59  0.01014 -2.64259e-01 | 60  0.01140 -6.24715e-02
 61  0.00523 -2.20879e-01 | 62  0.00935 -1.41722e-01 | 63  0.00502  2.70009e-02
 64  0.01871 -1.87657e-01 | 65  0.01063 -7.14230e-02 | 66  0.00573 -2.14349e-01
 67  0.00451 -5.84901e-01 | 68  0.01034  1.01001e-02 | 69 -0.00078 -3.37062e-01
 70  0.01396 -4.75038e-01 | 71 -0.02819  2.90438e-02 | 72 -0.03035 -1.39736e-01
 73 -0.02784  2.76188e-02 | 74  0.00268 -4.71999e-01 | 75  0.03135 -3.71445e-01
 76 -0.03356  2.38327e-01 | 77 -0.00535 -1.74701e-02 | 78 -0.01665 -2.05525e-01
 79 -0.02627 -3.35210e-02 | 80  0.03364 -1.08587e-01 | 81  0.04495 -8.81874e-01
 82 -0.03284  9.26791e-02 | 83 -0.03970  2.83566e-01 | 84 -0.04927  6.34650e-02
 85 -0.01082  2.01243e-01 | 86  0.01402 -1.69254e-02 | 87  0.00905  3.40413e-02
 88 -0.01197  2.86936e-01 | 89  0.00725  1.60630e-01 | 90 -0.02401  1.87961e-01
 91  0.03166  1.52121e-01 | 92 -0.01386  3.53610e-01 | 93  0.02996  2.34842e-01
 94 -0.01926  4.08180e-02 | 95  0.01073  2.53240e-01 | 96  0.00217  4.13647e-01
 97 -0.00268  3.34094e-01 | 98 -0.03572  1.37407e-01 | 99 -0.00516  2.68699e-01
100 -0.02614  2.91942e-01 |101  0.00253  3.36272e-01 |102  0.01148  2.38630e-01
103 -0.00011  3.70681e-01 |104  0.00012  3.70990e-01 |105 -0.05449 -7.03965e-01
106 -0.42318  1.00197e+00 |107 -0.30766  2.56375e-01 |108 -0.26950 -2.57103e-01
Maximum number of function evaluations exceeded

 - final statistics:
108 variables; iteration 72; function evaluation 100
Function value 5.6508e+02; maximum gradient component mag -3.9749e+00
Exit code = 3;  converg criter 1.0000e+00
Var    Value     Gradient |Var    Value     Gradient |Var    Value     Gradient
  1 -0.42153  8.16699e-01 |  2 -0.42176 -2.57070e+00 |  3 -0.41515 -5.09224e-01
  4  0.64635 -3.97492e+00 |  5 -0.00038 -7.62227e-02 |  6 -0.00015 -2.65278e-02
  7 -0.00018 -3.24773e-02 |  8 -0.00022 -3.97580e-02 |  9 -0.00027 -4.86484e-02
 10 -0.00019  1.29681e-01 | 11 -0.00026  1.26032e-01 | 12  0.00257  1.23644e-01
 13 -0.00044  1.20311e-01 | 14 -0.00046  1.16885e-01 | 15 -0.00070  1.11908e-01
 16 -0.00088  1.05479e-01 | 17 -0.00109  9.80997e-02 | 18 -0.00135  8.92704e-02
 19 -0.00139  7.91975e-02 | 20 -0.00200  7.15411e-02 | 21 -0.00244  6.31345e-02
 22 -0.00145  4.87824e-02 | 23 -0.00308  3.08019e-02 | 24 -0.00223 -9.01523e-04
 25  0.00006 -3.67740e-02 | 26  0.00213 -2.87178e-02 | 27  0.00862  9.34839e-03
 28  0.00450 -3.26970e-02 | 29 -0.00221 -9.45441e-03 | 30 -0.00094 -2.66082e-02
 31 -0.00082 -2.14743e-02 | 32  0.00195 -2.78730e-02 | 33  0.00002 -2.16104e-02
 34  0.00371 -4.11085e-02 | 35  0.00205 -1.72373e-02 | 36 -0.00328  5.25460e-03
 37 -0.00568 -4.41692e-02 | 38  0.00512 -5.93837e-02 | 39 -0.00231 -3.63278e-03
 40  0.00383 -6.65001e-02 | 41  0.00086 -6.54895e-02 | 42 -0.00279 -4.85253e-04
 43  0.03625 -1.43628e-01 | 44 -0.00136 -2.60573e-02 | 45 -0.00190 -2.37189e-02
 46  0.00471 -9.48993e-02 | 47  0.00673 -7.09409e-02 | 48  0.02706 -1.46839e-01
 49  0.00694 -1.11759e-01 | 50  0.00236 -9.65002e-02 | 51 -0.00249 -5.69027e-02
 52 -0.00014 -4.74305e-02 | 53 -0.01160  1.14281e-02 | 54  0.02963 -2.26162e-01
 55  0.01165 -6.84695e-02 | 56 -0.00038 -7.54828e-02 | 57 -0.00225 -2.83077e-02
 58 -0.00067 -3.59079e-02 | 59  0.01016 -9.23963e-02 | 60  0.01132 -2.13867e-02
 61  0.00524 -9.48282e-02 | 62  0.00931 -6.05511e-02 | 63  0.00496  1.61245e-02
 64  0.01869 -6.77504e-02 | 65  0.01058 -3.33625e-02 | 66  0.00573 -8.12920e-02
 67  0.00460 -2.22708e-01 | 68  0.01030  3.25857e-03 | 69 -0.00074 -1.28571e-01
 70  0.01398 -1.81558e-01 | 71 -0.02820  1.08424e-02 | 72 -0.03032 -5.31643e-02
 73 -0.02785  1.04971e-02 | 74  0.00270 -1.80158e-01 | 75  0.03134 -1.41881e-01
 76 -0.03357  9.06516e-02 | 77 -0.00535 -7.13322e-03 | 78 -0.01664 -7.87810e-02
 79 -0.02626 -1.32459e-02 | 80  0.03364 -4.11865e-02 | 81  0.04495 -3.37369e-01
 82 -0.03285  3.48499e-02 | 83 -0.03971  1.07803e-01 | 84 -0.04926  2.38907e-02
 85 -0.01082  7.63780e-02 | 86  0.01402 -6.61371e-03 | 87  0.00905  1.25047e-02
 88 -0.01198  1.08966e-01 | 89  0.00725  6.09278e-02 | 90 -0.02402  7.13737e-02
 91  0.03165  5.78389e-02 | 92 -0.01387  1.34573e-01 | 93  0.02996  8.90062e-02
 94 -0.01925  1.51168e-02 | 95  0.01074  9.62893e-02 | 96  0.00216  1.57479e-01
 97 -0.00268  1.26905e-01 | 98 -0.03571  5.21904e-02 | 99 -0.00516  1.02251e-01
100 -0.02614  1.11277e-01 |101  0.00253  1.28076e-01 |102  0.01153  1.06346e-01
103 -0.00011  1.43219e-01 |104  0.00011  1.41407e-01 |105 -0.05443 -2.68919e-01
106 -0.42316  3.82511e-01 |107 -0.30764  9.83663e-02 |108 -0.26949 -9.83871e-02

Initial statistics: 111 variables; iteration 0; function evaluation 0; phase 5
Function value 5.6508189e+02; maximum gradient component mag -6.2158e+02
Var    Value     Gradient |Var    Value     Gradient |Var    Value     Gradient
  1 -0.42153  8.16699e-01 |  2 -0.42176 -2.57070e+00 |  3 -0.41515 -5.09224e-01
  4 -0.41222  6.12547e+01 |  5 -0.41222 -7.37483e-01 |  6  0.64635 -3.97492e+00
  7 -0.00038 -7.62227e-02 |  8 -0.00015 -2.65278e-02 |  9 -0.00018 -3.24773e-02
 10 -0.00022 -3.97580e-02 | 11 -0.00027 -4.86484e-02 | 12 -0.00019  1.31483e-01
 13 -0.00026  1.27833e-01 | 14  0.00257  1.25445e-01 | 15 -0.00044  1.22113e-01
 16 -0.00046  1.18687e-01 | 17 -0.00070  1.13709e-01 | 18 -0.00088  1.07280e-01
 19 -0.00109  9.99014e-02 | 20 -0.00135  9.10720e-02 | 21 -0.00139  8.09992e-02
 22 -0.00200  7.33428e-02 | 23 -0.00244  6.49362e-02 | 24 -0.00145  5.05841e-02
 25 -0.00308  3.26035e-02 | 26 -0.00223  9.00148e-04 | 27  0.00006 -3.49723e-02
 28  0.00213 -2.69161e-02 | 29  0.00862  1.11499e-02 | 30  0.00450 -3.08953e-02
 31 -0.00221 -7.65274e-03 | 32 -0.00094 -2.48066e-02 | 33 -0.00082 -1.96726e-02
 34  0.00195 -2.60714e-02 | 35  0.00002 -1.98087e-02 | 36  0.00371 -3.93069e-02
 37  0.00205 -1.54357e-02 | 38 -0.00328  7.05626e-03 | 39 -0.00568 -4.23676e-02
 40  0.00512 -5.75821e-02 | 41 -0.00231 -1.83111e-03 | 42  0.00383 -6.46985e-02
 43  0.00086 -6.36878e-02 | 44 -0.00279  1.31641e-03 | 45  0.03625 -1.41829e-01
 46 -0.00136 -2.42557e-02 | 47 -0.00190 -2.19172e-02 | 48  0.00471 -9.30977e-02
 49  0.00673 -6.91393e-02 | 50  0.02706 -1.45039e-01 | 51  0.00694 -1.09958e-01
 52  0.00236 -9.46985e-02 | 53 -0.00249 -5.51011e-02 | 54 -0.00014 -4.56288e-02
 55 -0.01160  1.32295e-02 | 56  0.02963 -2.24362e-01 | 57  0.01165 -6.66681e-02
 58 -0.00038 -7.36812e-02 | 59 -0.00225 -2.65060e-02 | 60 -0.00067 -3.41062e-02
 61  0.01016 -9.05949e-02 | 62  0.01132 -1.95853e-02 | 63  0.00524 -9.30266e-02
 64  0.00931 -5.87496e-02 | 65  0.00496  1.79261e-02 | 66  0.01869 -6.59495e-02
 67  0.01058 -3.15611e-02 | 68  0.00573 -7.94904e-02 | 69  0.00460 -2.20906e-01
 70  0.01030  5.06002e-03 | 71 -0.00074 -1.26769e-01 | 72  0.01398 -1.79757e-01
 73 -0.02820  1.26423e-02 | 74 -0.03032 -5.13646e-02 | 75 -0.02785  1.22970e-02
 76  0.00270 -1.78356e-01 | 77  0.03134 -1.40082e-01 | 78 -0.03357  9.24508e-02
 79 -0.00535 -5.33160e-03 | 80 -0.01664 -7.69799e-02 | 81 -0.02626 -1.14458e-02
 82  0.03364 -3.93873e-02 | 83  0.04495 -3.35571e-01 | 84 -0.03285  3.66492e-02
 85 -0.03971  1.09601e-01 | 86 -0.04926  2.56870e-02 | 87 -0.01082  7.81795e-02
 88  0.01402 -4.81247e-03 | 89  0.00905  1.43062e-02 | 90 -0.01198  1.10768e-01
 91  0.00725  6.27293e-02 | 92 -0.02402  7.31741e-02 | 93  0.03165  5.96384e-02
 94 -0.01387  1.36375e-01 | 95  0.02996  9.08059e-02 | 96 -0.01925  1.69176e-02
 97  0.01074  9.80908e-02 | 98  0.00216  1.59280e-01 | 99 -0.00268  1.28706e-01
100 -0.03571  5.39892e-02 |101 -0.00516  1.04053e-01 |102 -0.02614  1.13077e-01
103  0.00253  1.29878e-01 |104  0.01153  1.08147e-01 |105 -0.00011  1.45020e-01
106  0.00011  1.43208e-01 |107  0.00000 -6.21580e+02 |108 -0.05443 -2.68919e-01
109 -0.42316  3.82511e-01 |110 -0.30764  9.83663e-02 |111 -0.26949 -9.83871e-02

Intermediate statistics: 111 variables; iteration 20; function evaluation 26; phase 5
Function value 5.6349267e+02; maximum gradient component mag -4.4856e+02
Var    Value     Gradient |Var    Value     Gradient |Var    Value     Gradient
  1 -0.42555 -7.93754e+01 |  2 -0.42098 -4.26823e+02 |  3 -0.41283 -1.97300e+02
  4 -0.43349 -4.15661e+00 |  5 -0.39210 -9.11618e+00 |  6  0.64290 -4.33273e+02
  7 -0.00036 -2.26370e+00 |  8 -0.00014 -5.08763e-01 |  9 -0.00017 -6.19651e-01
 10 -0.00021 -7.53963e-01 | 11 -0.00026 -9.16340e-01 | 12 -0.00006  1.42598e+01
 13 -0.00013  1.40295e+01 | 14  0.00270  1.36811e+01 | 15 -0.00030  1.34270e+01
 16 -0.00032  1.30345e+01 | 17 -0.00055  1.25789e+01 | 18 -0.00072  1.20417e+01
 19 -0.00092  1.14199e+01 | 20 -0.00117  1.07097e+01 | 21 -0.00120  9.89056e+00
 22 -0.00178  9.03901e+00 | 23 -0.00219  8.11365e+00 | 24 -0.00116  6.97552e+00
 25 -0.00276  6.19500e+00 | 26 -0.00194  5.08740e+00 | 27  0.00017  3.58670e+00
 28  0.00250  2.49170e+00 | 29  0.00893  6.97439e-01 | 30  0.00477  1.59292e+00
 31 -0.00181  2.12425e+00 | 32 -0.00055  9.00193e-01 | 33 -0.00045  1.17432e+00
 34  0.00232 -1.24892e-01 | 35  0.00035 -2.90468e-01 | 36  0.00392 -1.98505e+00
 37  0.00226 -2.37588e+00 | 38 -0.00269 -1.08712e+00 | 39 -0.00524 -6.18309e-01
 40  0.00547 -4.26318e+00 | 41 -0.00197 -2.28641e+00 | 42  0.00394 -4.60408e+00
 43  0.00123 -3.91847e+00 | 44 -0.00255 -2.67241e+00 | 45  0.03636 -1.94819e+01
 46 -0.00074 -3.90031e+00 | 47 -0.00144 -3.67144e+00 | 48  0.00470 -6.36259e+00
 49  0.00708 -7.62550e+00 | 50  0.02692 -1.66576e+01 | 51  0.00734 -8.39817e+00
 52  0.00315 -6.53944e+00 | 53 -0.00232 -4.85359e+00 | 54  0.00009 -5.88552e+00
 55 -0.01175 -1.79848e+00 | 56  0.02944 -1.87540e+01 | 57  0.01211 -1.04592e+01
 58  0.00011 -5.23557e+00 | 59 -0.00223 -5.02610e+00 | 60 -0.00105 -5.03412e+00
 61  0.00991 -9.27897e+00 | 62  0.01144 -9.23202e+00 | 63  0.00510 -6.60864e+00
 64  0.00919 -7.56828e+00 | 65  0.00435 -6.50338e+00 | 66  0.01914 -1.16761e+01
 67  0.01165 -7.75598e+00 | 68  0.00623 -4.96185e+00 | 69  0.00488 -5.31129e+00
 70  0.00921 -9.96826e+00 | 71 -0.00106 -4.92631e+00 | 72  0.01410 -1.07990e+01
 73 -0.02868  8.22802e-01 | 74 -0.03083  4.82275e-01 | 75 -0.02852 -7.16759e-01
 76  0.00184 -1.17252e+01 | 77  0.03150 -1.54546e+00 | 78 -0.03426 -9.96286e-01
 79 -0.00549 -2.64909e-01 | 80 -0.01659 -1.78800e-01 | 81 -0.02598  1.11627e+01
 82  0.03481  1.21449e+01 | 83  0.04619  5.73064e+00 | 84 -0.03194  7.75274e+00
 85 -0.03936  8.34449e+00 | 86 -0.04896  9.51939e+00 | 87 -0.01142 -8.25793e+00
 88  0.01493  1.22933e+01 | 89  0.00996  1.15667e+01 | 90 -0.01134  4.68853e+00
 91  0.00792  7.66840e+00 | 92 -0.02271  1.36492e+01 | 93  0.03152 -1.84398e+01
 94 -0.01305  7.05711e+00 | 95  0.03051  1.16684e+01 | 96 -0.01944  6.24965e+00
 97  0.00975 -8.88895e+00 | 98  0.00070  1.62989e-01 | 99 -0.00374  9.37273e+00
100 -0.03836  1.92510e+00 |101 -0.00770  4.18022e+00 |102 -0.03085 -3.36873e+00
103 -0.00102  8.62373e+00 |104  0.01170  1.65438e+01 |105  0.00002  1.53521e+01
106  0.00023  1.53445e+01 |107  0.00265 -4.48556e+02 |108 -0.05815 -2.08777e+01
109 -0.42521  2.93964e+01 |110 -0.28223  5.89220e+00 |111 -0.25463 -1.22873e+01
111 variables; iteration 40; function evaluation 46; phase 5
Function value 5.6330999e+02; maximum gradient component mag -5.4658e+02
Var    Value     Gradient |Var    Value     Gradient |Var    Value     Gradient
  1 -0.42564 -6.68571e+01 |  2 -0.42136 -5.46582e+02 |  3 -0.41213 -2.40633e+02
  4 -0.43426 -5.11840e+00 |  5 -0.39208 -1.18434e+01 |  6  0.64326 -4.86105e+02
  7 -0.00014 -2.23798e+00 |  8 -0.00008 -4.74856e-01 |  9 -0.00009 -5.78344e-01
 10 -0.00011 -7.03766e-01 | 11 -0.00014 -8.55524e-01 | 12  0.00000  1.56588e+01
 13 -0.00005  1.54176e+01 | 14  0.00280  1.50427e+01 | 15 -0.00020  1.47714e+01
 16 -0.00020  1.43470e+01 | 17 -0.00042  1.38544e+01 | 18 -0.00057  1.32714e+01
 19 -0.00075  1.25908e+01 | 20 -0.00098  1.18055e+01 | 21 -0.00099  1.08843e+01
 22 -0.00159  9.88993e+00 | 23 -0.00204  8.76486e+00 | 24 -0.00110  7.33451e+00
 25 -0.00282  6.25740e+00 | 26 -0.00197  5.04157e+00 | 27  0.00072  4.16630e+00
 28  0.00305  2.90815e+00 | 29  0.00927  5.40942e-01 | 30  0.00479  1.19845e+00
 31 -0.00181  1.73907e+00 | 32 -0.00049  3.75017e-01 | 33 -0.00041  6.48314e-01
 34  0.00241 -7.78303e-01 | 35  0.00055 -8.38712e-01 | 36  0.00429 -2.56615e+00
 37  0.00244 -3.20416e+00 | 38 -0.00273 -2.12275e+00 | 39 -0.00613 -2.91703e+00
 40  0.00532 -5.90826e+00 | 41 -0.00204 -3.59111e+00 | 42  0.00372 -6.46134e+00
 43  0.00118 -5.52436e+00 | 44 -0.00332 -5.06785e+00 | 45  0.03682 -2.23109e+01
 46 -0.00093 -5.56539e+00 | 47 -0.00137 -5.08761e+00 | 48  0.00452 -8.40860e+00
 49  0.00772 -8.96306e+00 | 50  0.02721 -1.94246e+01 | 51  0.00565 -1.21868e+01
 52  0.00461 -6.78395e+00 | 53 -0.00236 -6.52391e+00 | 54  0.00056 -7.12253e+00
 55 -0.01287 -4.86554e+00 | 56  0.02790 -2.38785e+01 | 57  0.01283 -1.25378e+01
 58  0.00021 -6.95492e+00 | 59 -0.00259 -7.33289e+00 | 60 -0.00202 -8.16180e+00
 61  0.00948 -1.19163e+01 | 62  0.01267 -1.04355e+01 | 63  0.00511 -8.63232e+00
 64  0.00762 -1.21750e+01 | 65  0.00388 -8.83902e+00 | 66  0.01946 -1.38103e+01
 67  0.01115 -1.06142e+01 | 68  0.00591 -7.21900e+00 | 69  0.00516 -6.15695e+00
 70  0.00908 -1.13556e+01 | 71 -0.00127 -6.05053e+00 | 72  0.01379 -1.33944e+01
 73 -0.02875  1.09781e+00 | 74 -0.03071  1.50152e+00 | 75 -0.02839  1.26630e+00
 76  0.00179 -1.19819e+01 | 77  0.03094 -1.08968e+01 | 78 -0.03359  6.83641e+00
 79 -0.00555  6.72959e-01 | 80 -0.01684 -2.01629e+00 | 81 -0.02608  1.03602e+01
 82  0.03432 -9.80104e-01 | 83  0.04594 -5.59031e+00 | 84 -0.03210  6.54405e+00
 85 -0.03897  1.56871e+01 | 86 -0.04908  1.00778e+01 | 87 -0.01138 -5.80773e+00
 88  0.01477  8.09062e+00 | 89  0.00986  8.35856e+00 | 90 -0.01111  7.04544e+00
 91  0.00804  1.01971e+01 | 92 -0.02219  1.90166e+01 | 93  0.03185 -9.87747e+00
 94 -0.01338  4.01102e+00 | 95  0.03039  8.34312e+00 | 96 -0.01898  1.27742e+01
 97  0.00988 -2.84972e+00 | 98  0.00079  3.70347e+00 | 99 -0.00423  1.52266e+00
100 -0.03864  8.66681e-01 |101 -0.00705  2.08449e+01 |102 -0.02954  9.77660e+00
103 -0.00070  1.39128e+01 |104  0.01135  1.77133e+01 |105  0.00001  1.67538e+01
106  0.00024  1.68002e+01 |107  0.00316 -3.18594e+02 |108 -0.06446 -2.91036e+01
109 -0.42834  3.77111e+01 |110 -0.27852  2.97620e+00 |111 -0.25289 -7.57855e+00
111 variables; iteration 60; function evaluation 75; phase 5
Function value 5.6315918e+02; maximum gradient component mag -4.1090e+02
Var    Value     Gradient |Var    Value     Gradient |Var    Value     Gradient
  1 -0.42466 -2.95382e+01 |  2 -0.42201 -4.10903e+02 |  3 -0.41208 -1.76497e+02
  4 -0.43747 -4.78468e+00 |  5 -0.38528 -7.08137e+00 |  6  0.64369 -3.25215e+02
  7 -0.00039 -1.89748e+00 |  8 -0.00015 -4.31969e-01 |  9 -0.00019 -5.25659e-01
 10 -0.00023 -6.38918e-01 | 11 -0.00028 -7.75529e-01 | 12 -0.00016  9.91586e+00
 13 -0.00023  9.72387e+00 | 14  0.00259  9.43428e+00 | 15 -0.00041  9.22345e+00
 16 -0.00043  8.89859e+00 | 17 -0.00067  8.52230e+00 | 18 -0.00085  8.07970e+00
 19 -0.00105  7.56872e+00 | 20 -0.00130  6.98635e+00 | 21 -0.00133  6.31544e+00
 22 -0.00192  5.61750e+00 | 23 -0.00234  4.85646e+00 | 24 -0.00132  3.91386e+00
 25 -0.00293  3.25323e+00 | 26 -0.00212  2.33480e+00 | 27  0.00005  1.22108e+00
 28  0.00234  3.43167e-01 | 29  0.00891 -1.04885e+00 | 30  0.00455 -2.87252e-01
 31 -0.00192  1.05694e-01 | 32 -0.00066 -9.05436e-01 | 33 -0.00056 -6.73477e-01
 34  0.00221 -1.72487e+00 | 35  0.00023 -1.85920e+00 | 36  0.00386 -3.13480e+00
 37  0.00231 -3.22859e+00 | 38 -0.00277 -2.36657e+00 | 39 -0.00520 -1.84876e+00
 40  0.00574 -4.32497e+00 | 41 -0.00195 -3.19680e+00 | 42  0.00411 -4.86518e+00
 43  0.00132 -4.35338e+00 | 44 -0.00259 -3.52680e+00 | 45  0.03650 -1.64527e+01
 46 -0.00073 -4.38947e+00 | 47 -0.00156 -4.47723e+00 | 48  0.00475 -6.42976e+00
 49  0.00704 -7.43745e+00 | 50  0.02672 -1.46456e+01 | 51  0.00780 -7.31748e+00
 52  0.00278 -6.89464e+00 | 53 -0.00253 -5.52779e+00 | 54 -0.00022 -6.49833e+00
 55 -0.01184 -2.46027e+00 | 56  0.02961 -1.57562e+01 | 57  0.01210 -9.35578e+00
 58 -0.00021 -5.73800e+00 | 59 -0.00234 -5.36981e+00 | 60 -0.00153 -5.71956e+00
 61  0.01034 -7.98097e+00 | 62  0.01008 -9.96495e+00 | 63  0.00518 -6.27140e+00
 64  0.00920 -6.83173e+00 | 65  0.00480 -4.87002e+00 | 66  0.01920 -9.83470e+00
 67  0.01138 -7.32214e+00 | 68  0.00591 -5.46896e+00 | 69  0.00469 -5.43203e+00
 70  0.00959 -7.05925e+00 | 71 -0.00136 -4.24802e+00 | 72  0.01371 -9.40644e+00
 73 -0.02811  3.02288e+00 | 74 -0.03078  7.74178e-01 | 75 -0.02837  9.73347e-01
 76  0.00233 -5.00776e+00 | 77  0.03060 -1.20276e+01 | 78 -0.03395  3.24991e+00
 79 -0.00570 -3.59008e-01 | 80 -0.01671  8.67732e-01 | 81 -0.02633  4.26825e+00
 82  0.03406 -7.28244e+00 | 83  0.04573 -9.93836e+00 | 84 -0.03216  4.36673e+00
 85 -0.03943  7.15360e+00 | 86 -0.04902  7.43689e+00 | 87 -0.01088  2.97858e+00
 88  0.01452  2.95474e-01 | 89  0.00969  1.83771e+00 | 90 -0.01094  6.23639e+00
 91  0.00796  3.82335e+00 | 92 -0.02298  6.70863e+00 | 93  0.03230  1.76514e+00
 94 -0.01279  6.67665e+00 | 95  0.03043  4.65460e+00 | 96 -0.01895  8.39061e+00
 97  0.01049  7.29510e+00 | 98  0.00127  8.39953e+00 | 99 -0.00375  9.56274e+00
100 -0.03720  1.07457e+01 |101 -0.00725  1.11411e+01 |102 -0.02883  1.04435e+01
103 -0.00031  1.22569e+01 |104  0.01041  1.02789e+01 |105 -0.00004  1.08457e+01
106  0.00015  1.08253e+01 |107  0.00361 -1.06156e+02 |108 -0.06238 -2.12437e+01
109 -0.42732  2.78454e+01 |110 -0.27723 -1.56379e+00 |111 -0.25261  5.93637e-01
111 variables; iteration 80; function evaluation 111; phase 5
Function value 5.6314568e+02; maximum gradient component mag 3.8349e+00
Var    Value     Gradient |Var    Value     Gradient |Var    Value     Gradient
  1 -0.42504  2.41471e-01 |  2 -0.42159  3.83486e+00 |  3 -0.41243  1.59755e+00
  4 -0.43678  3.85198e-02 |  5 -0.38744  6.60297e-02 |  6  0.64341  3.30761e+00
  7 -0.00033  1.99069e-02 |  8 -0.00013  4.09030e-03 |  9 -0.00016  5.02171e-03
 10 -0.00020  6.16909e-03 | 11 -0.00024  7.58411e-03 | 12 -0.00014 -1.03443e-01
 13 -0.00020 -1.01459e-01 | 14  0.00263 -9.84304e-02 | 15 -0.00038 -9.61964e-02
 16 -0.00039 -9.27160e-02 | 17 -0.00063 -8.86183e-02 | 18 -0.00080 -8.37323e-02
 19 -0.00100 -7.80578e-02 | 20 -0.00125 -7.16073e-02 | 21 -0.00128 -6.43647e-02
 22 -0.00188 -5.75198e-02 | 23 -0.00230 -5.12615e-02 | 24 -0.00130 -4.52528e-02
 25 -0.00293 -4.26237e-02 | 26 -0.00213 -2.48697e-02 | 27  0.00012  3.96433e-03
 28  0.00239  1.08008e-02 | 29  0.00890 -1.16833e-03 | 30  0.00453 -4.23303e-03
 31 -0.00197  2.54183e-03 | 32 -0.00073  2.06126e-02 | 33 -0.00063  1.95070e-02
 34  0.00213  2.87476e-02 | 35  0.00016  2.39123e-02 | 36  0.00380  3.10384e-02
 37  0.00228  5.01256e-02 | 38 -0.00290  6.44522e-02 | 39 -0.00555  1.47684e-02
 40  0.00527  7.18635e-02 | 41 -0.00218  4.13830e-02 | 42  0.00390  5.79577e-02
 43  0.00112  3.95395e-02 | 44 -0.00287  3.28363e-02 | 45  0.03628  1.47997e-01
 46 -0.00094  5.42876e-02 | 47 -0.00175  4.58775e-02 | 48  0.00462  7.59699e-02
 49  0.00700  7.57233e-02 | 50  0.02679  1.48983e-01 | 51  0.00734  4.50574e-02
 52  0.00296  6.88078e-02 | 53 -0.00247  3.04634e-02 | 54  0.00005  5.99949e-02
 55 -0.01225 -1.71063e-02 | 56  0.02955  1.41714e-01 | 57  0.01215  1.08461e-01
 58 -0.00025  3.31903e-02 | 59 -0.00228  3.23471e-02 | 60 -0.00143  7.57053e-02
 61  0.00995  6.46913e-02 | 62  0.01139  1.08247e-01 | 63  0.00504  4.76340e-02
 64  0.00894  4.97958e-02 | 65  0.00430 -2.91280e-03 | 66  0.01927  9.87652e-02
 67  0.01150  4.84233e-02 | 68  0.00586  5.66164e-02 | 69  0.00474  1.34812e-02
 70  0.00971  6.32821e-02 | 71 -0.00124  1.17398e-02 | 72  0.01420  8.42945e-02
 73 -0.02852 -4.24939e-02 | 74 -0.03046 -1.81442e-02 | 75 -0.02823 -3.01548e-02
 76  0.00246  6.08634e-02 | 77  0.03062  7.44499e-02 | 78 -0.03392 -3.55494e-02
 79 -0.00557 -1.37314e-02 | 80 -0.01662 -2.07581e-05 | 81 -0.02623 -5.48763e-02
 82  0.03404  2.15959e-02 | 83  0.04585  9.15993e-02 | 84 -0.03204 -3.86369e-02
 85 -0.03936 -7.78211e-02 | 86 -0.04911 -6.47131e-02 | 87 -0.01075  2.66726e-03
 88  0.01450 -7.54995e-03 | 89  0.00985 -1.91733e-02 | 90 -0.01100 -4.36684e-02
 91  0.00811 -3.04193e-02 | 92 -0.02294 -7.84952e-02 | 93  0.03246  3.26082e-02
 94 -0.01273 -3.60391e-02 | 95  0.03057 -3.55397e-02 | 96 -0.01897 -6.72886e-02
 97  0.01062 -3.83373e-02 | 98  0.00121 -5.42055e-02 | 99 -0.00363 -8.47198e-02
100 -0.03732 -7.62512e-02 |101 -0.00722 -1.01940e-01 |102 -0.02894 -8.57583e-02
103 -0.00029 -1.26320e-01 |104  0.01065 -1.20174e-01 |105 -0.00005 -1.11999e-01
106  0.00016 -1.12402e-01 |107  0.00389  7.01961e-01 |108 -0.06263  2.18986e-01
109 -0.42748 -2.89524e-01 |110 -0.27303  2.45723e-02 |111 -0.25079  5.57397e-03
111 variables; iteration 100; function evaluation 150; phase 5
Function value 5.6314567e+02; maximum gradient component mag -5.4969e-03
Var    Value     Gradient |Var    Value     Gradient |Var    Value     Gradient
  1 -0.42504 -1.50953e-04 |  2 -0.42159 -5.49694e-03 |  3 -0.41243 -2.50678e-03
  4 -0.43677 -1.17404e-04 |  5 -0.38744 -8.68513e-05 |  6  0.64341 -4.47329e-03
  7 -0.00033 -1.80107e-05 |  8 -0.00013 -1.47596e-06 |  9 -0.00016 -4.81194e-07
 10 -0.00020  1.21404e-06 | 11 -0.00024  3.72084e-06 | 12 -0.00014  1.43314e-04
 13 -0.00020  1.45439e-04 | 14  0.00263  1.44217e-04 | 15 -0.00038  1.40531e-04
 16 -0.00039  1.29885e-04 | 17 -0.00063  1.14464e-04 | 18 -0.00080  9.82153e-05
 19 -0.00100  8.74081e-05 | 20 -0.00125  8.19338e-05 | 21 -0.00128  7.46799e-05
 22 -0.00188  7.46499e-05 | 23 -0.00230  8.48569e-05 | 24 -0.00130  6.68061e-05
 25 -0.00293  5.18536e-05 | 26 -0.00212  2.26179e-05 | 27  0.00011  7.08285e-06
 28  0.00238 -3.61217e-05 | 29  0.00890 -4.72319e-05 | 30  0.00453 -5.30145e-05
 31 -0.00197 -2.33588e-05 | 32 -0.00073 -2.16219e-05 | 33 -0.00064 -1.25118e-05
 34  0.00212 -3.13470e-05 | 35  0.00015 -6.22409e-05 | 36  0.00380 -6.25723e-05
 37  0.00227 -6.52736e-05 | 38 -0.00292 -1.66297e-05 | 39 -0.00555 -4.20903e-05
 40  0.00526 -7.49477e-05 | 41 -0.00219 -8.41376e-05 | 42  0.00390 -8.94607e-05
 43  0.00112 -7.79377e-05 | 44 -0.00287 -8.84434e-05 | 45  0.03629 -2.63875e-04
 46 -0.00095 -6.78962e-05 | 47 -0.00175 -9.29003e-05 | 48  0.00462 -1.23013e-04
 49  0.00700 -1.27459e-04 | 50  0.02679 -2.25070e-04 | 51  0.00736 -1.48843e-04
 52  0.00295 -9.90789e-05 | 53 -0.00246 -7.53181e-05 | 54  0.00005 -1.06968e-04
 55 -0.01223 -6.23203e-05 | 56  0.02956 -2.14271e-04 | 57  0.01214 -1.60069e-04
 58 -0.00024 -9.77538e-05 | 59 -0.00227 -9.64122e-05 | 60 -0.00145 -9.62392e-05
 61  0.00996 -1.21386e-04 | 62  0.01137 -1.34396e-04 | 63  0.00504 -8.87668e-05
 64  0.00895 -1.19884e-04 | 65  0.00432 -1.04521e-04 | 66  0.01926 -1.50577e-04
 67  0.01150 -1.28295e-04 | 68  0.00585 -8.90193e-05 | 69  0.00475 -1.02691e-04
 70  0.00970 -1.04482e-04 | 71 -0.00123 -7.77871e-05 | 72  0.01420 -1.09470e-04
 73 -0.02851 -4.03840e-06 | 74 -0.03046  1.21588e-05 | 75 -0.02823  1.12518e-05
 76  0.00246 -1.65919e-05 | 77  0.03062 -1.71999e-04 | 78 -0.03392  6.77093e-05
 79 -0.00557 -1.05991e-05 | 80 -0.01662  7.06476e-05 | 81 -0.02623  5.46311e-05
 82  0.03404 -3.56873e-05 | 83  0.04585 -6.50727e-05 | 84 -0.03204  9.06012e-05
 85 -0.03936  1.04784e-04 | 86 -0.04911  1.20933e-04 | 87 -0.01075  1.29262e-05
 88  0.01450  1.24709e-04 | 89  0.00985  1.13234e-04 | 90 -0.01100  1.31714e-04
 91  0.00811  1.20590e-04 | 92 -0.02294  8.61394e-05 | 93  0.03245  1.37647e-04
 94 -0.01274  1.51970e-04 | 95  0.03057  1.08592e-04 | 96 -0.01897  1.56424e-04
 97  0.01062  7.98483e-05 | 98  0.00121  1.91385e-04 | 99 -0.00363  1.38715e-04
100 -0.03732  1.65251e-04 |101 -0.00722  9.24899e-05 |102 -0.02894  1.58864e-04
103 -0.00030  1.80835e-04 |104  0.01065  1.49477e-04 |105 -0.00005  1.39485e-04
106  0.00016  1.45342e-04 |107  0.00389 -1.57854e-03 |108 -0.06263 -2.83159e-04
109 -0.42748  3.60929e-04 |110 -0.27309 -4.00180e-06 |111 -0.25081  1.85734e-04
  ic > imax  in fminim is answer attained ?
Var    Value     Gradient |Var    Value     Gradient |Var    Value     Gradient
  1 -0.42504 -1.29432e-05 |  2 -0.42159 -5.06235e-04 |  3 -0.41243 -2.28353e-04
  4 -0.43677 -1.06995e-05 |  5 -0.38744 -8.11340e-06 |  6  0.64341 -4.13202e-04
  7 -0.00033 -3.04128e-06 |  8 -0.00013  3.96535e-08 |  9 -0.00016  4.00203e-07
 10 -0.00020  7.48903e-07 | 11 -0.00024  8.69427e-07 | 12 -0.00014  1.50708e-05
 13 -0.00020  1.43592e-05 | 14  0.00263  1.25190e-05 | 15 -0.00038  1.15468e-05
 16 -0.00039  1.15951e-05 | 17 -0.00063  1.27687e-05 | 18 -0.00080  1.22280e-05
 19 -0.00100  8.59536e-06 | 20 -0.00125  7.57427e-06 | 21 -0.00128  8.57104e-06
 22 -0.00188  6.26995e-06 | 23 -0.00230  1.08828e-05 | 24 -0.00130  3.12501e-06
 25 -0.00293  4.27207e-06 | 26 -0.00212  8.48484e-07 | 27  0.00011  2.09959e-07
 28  0.00238 -4.01948e-06 | 29  0.00890 -4.57102e-06 | 30  0.00453 -5.25046e-06
 31 -0.00197 -2.44598e-06 | 32 -0.00073 -1.23843e-06 | 33 -0.00064 -5.79479e-07
 34  0.00212 -2.31581e-06 | 35  0.00015 -6.72770e-06 | 36  0.00380 -5.15874e-06
 37  0.00227 -4.94255e-06 | 38 -0.00292 -2.42987e-06 | 39 -0.00555 -3.41756e-06
 40  0.00526 -7.02371e-06 | 41 -0.00219 -5.93637e-06 | 42  0.00390 -7.99322e-06
 43  0.00112 -7.92605e-06 | 44 -0.00287 -7.29974e-06 | 45  0.03629 -2.42043e-05
 46 -0.00095 -5.11873e-06 | 47 -0.00175 -1.06766e-05 | 48  0.00462 -1.10254e-05
 49  0.00700 -1.09268e-05 | 50  0.02679 -2.05113e-05 | 51  0.00736 -1.35074e-05
 52  0.00295 -9.65154e-06 | 53 -0.00246 -6.40968e-06 | 54  0.00005 -9.47437e-06
 55 -0.01223 -5.14000e-06 | 56  0.02956 -2.15822e-05 | 57  0.01214 -1.51997e-05
 58 -0.00024 -8.24837e-06 | 59 -0.00227 -9.20354e-06 | 60 -0.00145 -9.14228e-06
 61  0.00996 -8.68987e-06 | 62  0.01137 -1.20963e-05 | 63  0.00504 -1.01877e-05
 64  0.00895 -1.01698e-05 | 65  0.00432 -9.50855e-06 | 66  0.01926 -1.40108e-05
 67  0.01150 -1.17347e-05 | 68  0.00585 -8.21723e-06 | 69  0.00475 -9.35037e-06
 70  0.00970 -9.67541e-06 | 71 -0.00123 -7.00251e-06 | 72  0.01420 -1.03610e-05
 73 -0.02851 -2.05405e-07 | 74 -0.03046  1.12865e-06 | 75 -0.02823  9.57870e-07
 76  0.00246 -2.19399e-06 | 77  0.03062 -1.56475e-05 | 78 -0.03392  5.93090e-06
 79 -0.00557 -8.51380e-07 | 80 -0.01662  5.94234e-06 | 81 -0.02623  5.23666e-06
 82  0.03404 -3.22132e-06 | 83  0.04585 -6.70596e-06 | 84 -0.03204  8.19424e-06
 85 -0.03936  9.82049e-06 | 86 -0.04911  1.10287e-05 | 87 -0.01075  9.06636e-07
 88  0.01450  1.06936e-05 | 89  0.00985  9.95326e-06 | 90 -0.01100  1.17363e-05
 91  0.00811  1.05821e-05 | 92 -0.02294  8.15577e-06 | 93  0.03245  1.16178e-05
 94 -0.01274  1.34320e-05 | 95  0.03057  9.54179e-06 | 96 -0.01897  1.40074e-05
 97  0.01062  7.06007e-06 | 98  0.00121  1.67482e-05 | 99 -0.00363  1.27252e-05
100 -0.03732  1.48748e-05 |101 -0.00722  8.73102e-06 |102 -0.02894  1.40772e-05
103 -0.00030  1.64253e-05 |104  0.01065  1.37219e-05 |105 -0.00005  1.36996e-05
106  0.00016  1.45780e-05 |107  0.00389 -1.46719e-04 |108 -0.06263 -2.60391e-05
109 -0.42748  3.31505e-05 |110 -0.27309 -2.85969e-07 |111 -0.25081  1.72747e-05
Function minimizer not making progress ... is minimum attained?
Minimprove criterion = 0.0000e+00

 - final statistics:
111 variables; iteration 106; function evaluation 189
Function value 5.6315e+02; maximum gradient component mag -5.0623e-04
Exit code = 1;  converg criter 1.0000e-04
Var    Value     Gradient |Var    Value     Gradient |Var    Value     Gradient
  1 -0.42504 -1.29432e-05 |  2 -0.42159 -5.06235e-04 |  3 -0.41243 -2.28353e-04
  4 -0.43677 -1.06995e-05 |  5 -0.38744 -8.11340e-06 |  6  0.64341 -4.13202e-04
  7 -0.00033 -3.04128e-06 |  8 -0.00013  3.96535e-08 |  9 -0.00016  4.00203e-07
 10 -0.00020  7.48903e-07 | 11 -0.00024  8.69427e-07 | 12 -0.00014  1.50708e-05
 13 -0.00020  1.43592e-05 | 14  0.00263  1.25190e-05 | 15 -0.00038  1.15468e-05
 16 -0.00039  1.15951e-05 | 17 -0.00063  1.27687e-05 | 18 -0.00080  1.22280e-05
 19 -0.00100  8.59536e-06 | 20 -0.00125  7.57427e-06 | 21 -0.00128  8.57104e-06
 22 -0.00188  6.26995e-06 | 23 -0.00230  1.08828e-05 | 24 -0.00130  3.12501e-06
 25 -0.00293  4.27207e-06 | 26 -0.00212  8.48484e-07 | 27  0.00011  2.09959e-07
 28  0.00238 -4.01948e-06 | 29  0.00890 -4.57102e-06 | 30  0.00453 -5.25046e-06
 31 -0.00197 -2.44598e-06 | 32 -0.00073 -1.23843e-06 | 33 -0.00064 -5.79479e-07
 34  0.00212 -2.31581e-06 | 35  0.00015 -6.72770e-06 | 36  0.00380 -5.15874e-06
 37  0.00227 -4.94255e-06 | 38 -0.00292 -2.42987e-06 | 39 -0.00555 -3.41756e-06
 40  0.00526 -7.02371e-06 | 41 -0.00219 -5.93637e-06 | 42  0.00390 -7.99322e-06
 43  0.00112 -7.92605e-06 | 44 -0.00287 -7.29974e-06 | 45  0.03629 -2.42043e-05
 46 -0.00095 -5.11873e-06 | 47 -0.00175 -1.06766e-05 | 48  0.00462 -1.10254e-05
 49  0.00700 -1.09268e-05 | 50  0.02679 -2.05113e-05 | 51  0.00736 -1.35074e-05
 52  0.00295 -9.65154e-06 | 53 -0.00246 -6.40968e-06 | 54  0.00005 -9.47437e-06
 55 -0.01223 -5.14000e-06 | 56  0.02956 -2.15822e-05 | 57  0.01214 -1.51997e-05
 58 -0.00024 -8.24837e-06 | 59 -0.00227 -9.20354e-06 | 60 -0.00145 -9.14228e-06
 61  0.00996 -8.68987e-06 | 62  0.01137 -1.20963e-05 | 63  0.00504 -1.01877e-05
 64  0.00895 -1.01698e-05 | 65  0.00432 -9.50855e-06 | 66  0.01926 -1.40108e-05
 67  0.01150 -1.17347e-05 | 68  0.00585 -8.21723e-06 | 69  0.00475 -9.35037e-06
 70  0.00970 -9.67541e-06 | 71 -0.00123 -7.00251e-06 | 72  0.01420 -1.03610e-05
 73 -0.02851 -2.05405e-07 | 74 -0.03046  1.12865e-06 | 75 -0.02823  9.57870e-07
 76  0.00246 -2.19399e-06 | 77  0.03062 -1.56475e-05 | 78 -0.03392  5.93090e-06
 79 -0.00557 -8.51380e-07 | 80 -0.01662  5.94234e-06 | 81 -0.02623  5.23666e-06
 82  0.03404 -3.22132e-06 | 83  0.04585 -6.70596e-06 | 84 -0.03204  8.19424e-06
 85 -0.03936  9.82049e-06 | 86 -0.04911  1.10287e-05 | 87 -0.01075  9.06636e-07
 88  0.01450  1.06936e-05 | 89  0.00985  9.95326e-06 | 90 -0.01100  1.17363e-05
 91  0.00811  1.05821e-05 | 92 -0.02294  8.15577e-06 | 93  0.03245  1.16178e-05
 94 -0.01274  1.34320e-05 | 95  0.03057  9.54179e-06 | 96 -0.01897  1.40074e-05
 97  0.01062  7.06007e-06 | 98  0.00121  1.67482e-05 | 99 -0.00363  1.27252e-05
100 -0.03732  1.48748e-05 |101 -0.00722  8.73102e-06 |102 -0.02894  1.40772e-05
103 -0.00030  1.64253e-05 |104  0.01065  1.37219e-05 |105 -0.00005  1.36996e-05
106  0.00016  1.45780e-05 |107  0.00389 -1.46719e-04 |108 -0.06263 -2.60391e-05
109 -0.42748  3.31505e-05 |110 -0.27309 -2.85969e-07 |111 -0.25081  1.72747e-05

Initial statistics: 112 variables; iteration 0; function evaluation 0; phase 6
Function value 5.6314567e+02; maximum gradient component mag -5.0623e-04
Var    Value     Gradient |Var    Value     Gradient |Var    Value     Gradient
  1 -0.42504 -1.29430e-05 |  2 -0.42159 -5.06232e-04 |  3 -0.41243 -2.28352e-04
  4 -0.43677 -1.06995e-05 |  5 -0.38744 -8.11336e-06 |  6  0.64341 -4.13200e-04
  7 -0.00033 -3.04126e-06 |  8 -0.00013  3.96668e-08 |  9 -0.00016  4.00230e-07
 10 -0.00020  7.48933e-07 | 11 -0.00024  8.69435e-07 | 12 -0.00014  1.50409e-05
 13 -0.00020  1.43293e-05 | 14  0.00263  1.24890e-05 | 15 -0.00038  1.15167e-05
 16 -0.00039  1.15651e-05 | 17 -0.00063  1.27389e-05 | 18 -0.00080  1.21980e-05
 19 -0.00100  8.56536e-06 | 20 -0.00125  7.54442e-06 | 21 -0.00128  8.54101e-06
 22 -0.00188  6.24004e-06 | 23 -0.00230  1.08528e-05 | 24 -0.00130  3.09514e-06
 25 -0.00293  4.24216e-06 | 26 -0.00212  8.18588e-07 | 27  0.00011  1.80049e-07
 28  0.00238 -4.04938e-06 | 29  0.00890 -4.60091e-06 | 30  0.00453 -5.28036e-06
 31 -0.00197 -2.47598e-06 | 32 -0.00073 -1.26833e-06 | 33 -0.00064 -6.09365e-07
 34  0.00212 -2.34569e-06 | 35  0.00015 -6.75759e-06 | 36  0.00380 -5.18860e-06
 37  0.00227 -4.97240e-06 | 38 -0.00292 -2.45976e-06 | 39 -0.00555 -3.44744e-06
 40  0.00526 -7.05358e-06 | 41 -0.00219 -5.96624e-06 | 42  0.00390 -8.02310e-06
 43  0.00112 -7.95595e-06 | 44 -0.00287 -7.32961e-06 | 45  0.03629 -2.42341e-05
 46 -0.00095 -5.14860e-06 | 47 -0.00175 -1.07065e-05 | 48  0.00462 -1.10553e-05
 49  0.00700 -1.09566e-05 | 50  0.02679 -2.05411e-05 | 51  0.00736 -1.35373e-05
 52  0.00295 -9.68140e-06 | 53 -0.00246 -6.43955e-06 | 54  0.00005 -9.50424e-06
 55 -0.01223 -5.16988e-06 | 56  0.02956 -2.16119e-05 | 57  0.01214 -1.52295e-05
 58 -0.00024 -8.27824e-06 | 59 -0.00227 -9.23341e-06 | 60 -0.00145 -9.17214e-06
 61  0.00996 -8.71974e-06 | 62  0.01137 -1.21261e-05 | 63  0.00504 -1.02176e-05
 64  0.00895 -1.01997e-05 | 65  0.00432 -9.53842e-06 | 66  0.01926 -1.40406e-05
 67  0.01150 -1.17645e-05 | 68  0.00585 -8.24710e-06 | 69  0.00475 -9.38024e-06
 70  0.00970 -9.70527e-06 | 71 -0.00123 -7.03239e-06 | 72  0.01420 -1.03909e-05
 73 -0.02851 -2.35288e-07 | 74 -0.03046  1.09877e-06 | 75 -0.02823  9.27983e-07
 76  0.00246 -2.22388e-06 | 77  0.03062 -1.56773e-05 | 78 -0.03392  5.90102e-06
 79 -0.00557 -8.81286e-07 | 80 -0.01662  5.91243e-06 | 81 -0.02623  5.20676e-06
 82  0.03404 -3.25115e-06 | 83  0.04585 -6.73574e-06 | 84 -0.03204  8.16433e-06
 85 -0.03936  9.79060e-06 | 86 -0.04911  1.09988e-05 | 87 -0.01075  8.76708e-07
 88  0.01450  1.06637e-05 | 89  0.00985  9.92334e-06 | 90 -0.01100  1.17063e-05
 91  0.00811  1.05522e-05 | 92 -0.02294  8.12584e-06 | 93  0.03245  1.15879e-05
 94 -0.01274  1.34021e-05 | 95  0.03057  9.51189e-06 | 96 -0.01897  1.39775e-05
 97  0.01062  7.03013e-06 | 98  0.00121  1.67182e-05 | 99 -0.00363  1.26952e-05
100 -0.03732  1.48449e-05 |101 -0.00722  8.70106e-06 |102 -0.02894  1.40472e-05
103 -0.00030  1.63953e-05 |104  0.01065  1.36920e-05 |105 -0.00005  1.36697e-05
106  0.00016  1.45480e-05 |107  0.00000  0.00000e+00 |108  0.00389 -1.46719e-04
109 -0.06263 -2.60390e-05 |110 -0.42748  3.31503e-05 |111 -0.27309 -2.85961e-07
112 -0.25081  1.72747e-05 |
  ic > imax  in fminim is answer attained ?
Var    Value     Gradient |Var    Value     Gradient |Var    Value     Gradient
  1 -0.42504 -1.29430e-05 |  2 -0.42159 -5.06232e-04 |  3 -0.41243 -2.28352e-04
  4 -0.43677 -1.06995e-05 |  5 -0.38744 -8.11336e-06 |  6  0.64341 -4.13200e-04
  7 -0.00033 -3.04126e-06 |  8 -0.00013  3.96668e-08 |  9 -0.00016  4.00230e-07
 10 -0.00020  7.48933e-07 | 11 -0.00024  8.69435e-07 | 12 -0.00014  1.50409e-05
 13 -0.00020  1.43293e-05 | 14  0.00263  1.24890e-05 | 15 -0.00038  1.15167e-05
 16 -0.00039  1.15651e-05 | 17 -0.00063  1.27389e-05 | 18 -0.00080  1.21980e-05
 19 -0.00100  8.56536e-06 | 20 -0.00125  7.54442e-06 | 21 -0.00128  8.54101e-06
 22 -0.00188  6.24004e-06 | 23 -0.00230  1.08528e-05 | 24 -0.00130  3.09514e-06
 25 -0.00293  4.24216e-06 | 26 -0.00212  8.18588e-07 | 27  0.00011  1.80049e-07
 28  0.00238 -4.04938e-06 | 29  0.00890 -4.60091e-06 | 30  0.00453 -5.28036e-06
 31 -0.00197 -2.47598e-06 | 32 -0.00073 -1.26833e-06 | 33 -0.00064 -6.09365e-07
 34  0.00212 -2.34569e-06 | 35  0.00015 -6.75759e-06 | 36  0.00380 -5.18860e-06
 37  0.00227 -4.97240e-06 | 38 -0.00292 -2.45976e-06 | 39 -0.00555 -3.44744e-06
 40  0.00526 -7.05358e-06 | 41 -0.00219 -5.96624e-06 | 42  0.00390 -8.02310e-06
 43  0.00112 -7.95595e-06 | 44 -0.00287 -7.32961e-06 | 45  0.03629 -2.42341e-05
 46 -0.00095 -5.14860e-06 | 47 -0.00175 -1.07065e-05 | 48  0.00462 -1.10553e-05
 49  0.00700 -1.09566e-05 | 50  0.02679 -2.05411e-05 | 51  0.00736 -1.35373e-05
 52  0.00295 -9.68140e-06 | 53 -0.00246 -6.43955e-06 | 54  0.00005 -9.50424e-06
 55 -0.01223 -5.16988e-06 | 56  0.02956 -2.16119e-05 | 57  0.01214 -1.52295e-05
 58 -0.00024 -8.27824e-06 | 59 -0.00227 -9.23341e-06 | 60 -0.00145 -9.17214e-06
 61  0.00996 -8.71974e-06 | 62  0.01137 -1.21261e-05 | 63  0.00504 -1.02176e-05
 64  0.00895 -1.01997e-05 | 65  0.00432 -9.53842e-06 | 66  0.01926 -1.40406e-05
 67  0.01150 -1.17645e-05 | 68  0.00585 -8.24710e-06 | 69  0.00475 -9.38024e-06
 70  0.00970 -9.70527e-06 | 71 -0.00123 -7.03239e-06 | 72  0.01420 -1.03909e-05
 73 -0.02851 -2.35288e-07 | 74 -0.03046  1.09877e-06 | 75 -0.02823  9.27983e-07
 76  0.00246 -2.22388e-06 | 77  0.03062 -1.56773e-05 | 78 -0.03392  5.90102e-06
 79 -0.00557 -8.81286e-07 | 80 -0.01662  5.91243e-06 | 81 -0.02623  5.20676e-06
 82  0.03404 -3.25115e-06 | 83  0.04585 -6.73574e-06 | 84 -0.03204  8.16433e-06
 85 -0.03936  9.79060e-06 | 86 -0.04911  1.09988e-05 | 87 -0.01075  8.76708e-07
 88  0.01450  1.06637e-05 | 89  0.00985  9.92334e-06 | 90 -0.01100  1.17063e-05
 91  0.00811  1.05522e-05 | 92 -0.02294  8.12584e-06 | 93  0.03245  1.15879e-05
 94 -0.01274  1.34021e-05 | 95  0.03057  9.51189e-06 | 96 -0.01897  1.39775e-05
 97  0.01062  7.03013e-06 | 98  0.00121  1.67182e-05 | 99 -0.00363  1.26952e-05
100 -0.03732  1.48449e-05 |101 -0.00722  8.70106e-06 |102 -0.02894  1.40472e-05
103 -0.00030  1.63953e-05 |104  0.01065  1.36920e-05 |105 -0.00005  1.36697e-05
106  0.00016  1.45480e-05 |107  0.00000  0.00000e+00 |108  0.00389 -1.46719e-04
109 -0.06263 -2.60390e-05 |110 -0.42748  3.31503e-05 |111 -0.27309 -2.85961e-07
112 -0.25081  1.72747e-05 |
Function minimizer not making progress ... is minimum attained?
Minimprove criterion = 0.0000e+00

 - final statistics:
112 variables; iteration 1; function evaluation 30
Function value 5.6315e+02; maximum gradient component mag -5.0623e-04
Exit code = 1;  converg criter 1.0000e-04
Var    Value     Gradient |Var    Value     Gradient |Var    Value     Gradient
  1 -0.42504 -1.29430e-05 |  2 -0.42159 -5.06232e-04 |  3 -0.41243 -2.28352e-04
  4 -0.43677 -1.06995e-05 |  5 -0.38744 -8.11336e-06 |  6  0.64341 -4.13200e-04
  7 -0.00033 -3.04126e-06 |  8 -0.00013  3.96668e-08 |  9 -0.00016  4.00230e-07
 10 -0.00020  7.48933e-07 | 11 -0.00024  8.69435e-07 | 12 -0.00014  1.50409e-05
 13 -0.00020  1.43293e-05 | 14  0.00263  1.24890e-05 | 15 -0.00038  1.15167e-05
 16 -0.00039  1.15651e-05 | 17 -0.00063  1.27389e-05 | 18 -0.00080  1.21980e-05
 19 -0.00100  8.56536e-06 | 20 -0.00125  7.54442e-06 | 21 -0.00128  8.54101e-06
 22 -0.00188  6.24004e-06 | 23 -0.00230  1.08528e-05 | 24 -0.00130  3.09514e-06
 25 -0.00293  4.24216e-06 | 26 -0.00212  8.18588e-07 | 27  0.00011  1.80049e-07
 28  0.00238 -4.04938e-06 | 29  0.00890 -4.60091e-06 | 30  0.00453 -5.28036e-06
 31 -0.00197 -2.47598e-06 | 32 -0.00073 -1.26833e-06 | 33 -0.00064 -6.09365e-07
 34  0.00212 -2.34569e-06 | 35  0.00015 -6.75759e-06 | 36  0.00380 -5.18860e-06
 37  0.00227 -4.97240e-06 | 38 -0.00292 -2.45976e-06 | 39 -0.00555 -3.44744e-06
 40  0.00526 -7.05358e-06 | 41 -0.00219 -5.96624e-06 | 42  0.00390 -8.02310e-06
 43  0.00112 -7.95595e-06 | 44 -0.00287 -7.32961e-06 | 45  0.03629 -2.42341e-05
 46 -0.00095 -5.14860e-06 | 47 -0.00175 -1.07065e-05 | 48  0.00462 -1.10553e-05
 49  0.00700 -1.09566e-05 | 50  0.02679 -2.05411e-05 | 51  0.00736 -1.35373e-05
 52  0.00295 -9.68140e-06 | 53 -0.00246 -6.43955e-06 | 54  0.00005 -9.50424e-06
 55 -0.01223 -5.16988e-06 | 56  0.02956 -2.16119e-05 | 57  0.01214 -1.52295e-05
 58 -0.00024 -8.27824e-06 | 59 -0.00227 -9.23341e-06 | 60 -0.00145 -9.17214e-06
 61  0.00996 -8.71974e-06 | 62  0.01137 -1.21261e-05 | 63  0.00504 -1.02176e-05
 64  0.00895 -1.01997e-05 | 65  0.00432 -9.53842e-06 | 66  0.01926 -1.40406e-05
 67  0.01150 -1.17645e-05 | 68  0.00585 -8.24710e-06 | 69  0.00475 -9.38024e-06
 70  0.00970 -9.70527e-06 | 71 -0.00123 -7.03239e-06 | 72  0.01420 -1.03909e-05
 73 -0.02851 -2.35288e-07 | 74 -0.03046  1.09877e-06 | 75 -0.02823  9.27983e-07
 76  0.00246 -2.22388e-06 | 77  0.03062 -1.56773e-05 | 78 -0.03392  5.90102e-06
 79 -0.00557 -8.81286e-07 | 80 -0.01662  5.91243e-06 | 81 -0.02623  5.20676e-06
 82  0.03404 -3.25115e-06 | 83  0.04585 -6.73574e-06 | 84 -0.03204  8.16433e-06
 85 -0.03936  9.79060e-06 | 86 -0.04911  1.09988e-05 | 87 -0.01075  8.76708e-07
 88  0.01450  1.06637e-05 | 89  0.00985  9.92334e-06 | 90 -0.01100  1.17063e-05
 91  0.00811  1.05522e-05 | 92 -0.02294  8.12584e-06 | 93  0.03245  1.15879e-05
 94 -0.01274  1.34021e-05 | 95  0.03057  9.51189e-06 | 96 -0.01897  1.39775e-05
 97  0.01062  7.03013e-06 | 98  0.00121  1.67182e-05 | 99 -0.00363  1.26952e-05
100 -0.03732  1.48449e-05 |101 -0.00722  8.70106e-06 |102 -0.02894  1.40472e-05
103 -0.00030  1.63953e-05 |104  0.01065  1.36920e-05 |105 -0.00005  1.36697e-05
106  0.00016  1.45480e-05 |107  0.00000  0.00000e+00 |108  0.00389 -1.46719e-04
109 -0.06263 -2.60390e-05 |110 -0.42748  3.31503e-05 |111 -0.27309 -2.85961e-07
112 -0.25081  1.72747e-05 |
size of file gradfil1.tmp = 0
size of file gradfil2.tmp = 0
size of file varssave.tmp = 0
size of file cmpdiff.tmp = 0
