
Initial statistics: 1 variables; iteration 0; function evaluation 0; phase 1
Function value 1.9240668e+06; maximum gradient component mag -4.0385e+07
Var    Value     Gradient |Var    Value     Gradient |Var    Value     Gradient
  1  0.63197 -4.03851e+07 |

 - final statistics:
1 variables; iteration 6; function evaluation 26
Function value 8.1459e+02; maximum gradient component mag 2.5391e-02
Exit code = 1;  converg criter 1.0000e+01
Var    Value     Gradient |Var    Value     Gradient |Var    Value     Gradient
  1  0.64735  2.53907e-02 |

Initial statistics: 98 variables; iteration 0; function evaluation 0; phase 2
Function value 8.1458636e+02; maximum gradient component mag -1.2373e+03
Var    Value     Gradient |Var    Value     Gradient |Var    Value     Gradient
  1  0.64735  2.53907e-02 |  2  0.00000 -5.30917e+00 |  3  0.00000 -5.36395e+00
  4  0.00000 -5.43060e+00 |  5  0.00000 -5.51159e+00 |  6  0.00000 -5.61000e+00
  7  0.00000 -5.72929e+00 |  8  0.00000 -5.87590e+00 |  9  0.00000 -7.66334e+00
 10  0.00000 -6.26662e+00 | 11  0.00000 -6.52513e+00 | 12  0.00000 -6.83673e+00
 13  0.00000 -7.20739e+00 | 14  0.00000 -7.60726e+00 | 15  0.00000 -8.10270e+00
 16  0.00000 -8.67559e+00 | 17  0.00000 -9.39600e+00 | 18  0.00000 -1.09923e+01
 19  0.00000 -1.09259e+01 | 20  0.00000 -1.17696e+01 | 21  0.00000 -1.26352e+01
 22  0.00000 -1.56088e+01 | 23  0.00000 -1.34158e+01 | 24  0.00000 -1.38270e+01
 25  0.00000 -1.38386e+01 | 26  0.00000 -1.51174e+01 | 27  0.00000 -1.47612e+01
 28  0.00000 -3.19109e+01 | 29  0.00000 -4.15785e+01 | 30  0.00000 -1.35652e+01
 31  0.00000 -3.50440e+01 | 32  0.00000 -4.58291e+01 | 33  0.00000 -3.58326e+01
 34  0.00000 -2.49234e+01 | 35  0.00000 -2.32044e+01 | 36  0.00000 -4.86777e+01
 37  0.00000 -3.97215e+01 | 38  0.00000 -4.01633e+01 | 39  0.00000 -5.79511e+01
 40  0.00000 -4.43396e+01 | 41  0.00000 -6.16675e+01 | 42  0.00000 -7.03053e+01
 43  0.00000 -7.99954e+01 | 44  0.00000 -8.67747e+01 | 45  0.00000 -1.39848e+02
 46  0.00000 -1.10843e+02 | 47  0.00000 -1.26441e+02 | 48  0.00000 -1.49400e+02
 49  0.00000 -1.60083e+02 | 50  0.00000 -2.00056e+02 | 51  0.00000 -1.87315e+02
 52  0.00000 -1.81808e+02 | 53  0.00000 -2.02658e+02 | 54  0.00000 -2.18666e+02
 55  0.00000 -2.39310e+02 | 56  0.00000 -2.33042e+02 | 57  0.00000 -2.50892e+02
 58  0.00000 -3.17708e+02 | 59  0.00000 -3.03321e+02 | 60  0.00000 -2.82841e+02
 61  0.00000 -3.62751e+02 | 62  0.00000 -1.83436e+02 | 63  0.00000 -2.12057e+02
 64  0.00000 -5.07424e+02 | 65  0.00000 -9.77365e+02 | 66  0.00000 -4.16106e+02
 67  0.00000  2.83350e+01 | 68  0.00000  1.20016e+02 | 69  0.00000  4.31612e+02
 70  0.00000  1.75348e+02 | 71  0.00000  5.13720e+02 | 72  0.00000 -2.48184e+02
 73  0.00000  1.13962e+03 | 74  0.00000 -7.61126e+02 | 75  0.00000  2.54344e+02
 76  0.00000  4.09669e+02 | 77  0.00000 -2.21741e+01 | 78  0.00000  3.37642e+01
 79  0.00000  9.60208e+02 | 80  0.00000  4.49512e+02 | 81  0.00000  9.11895e+02
 82  0.00000  5.03295e+02 | 83  0.00000  8.51611e+02 | 84  0.00000 -1.23732e+03
 85  0.00000 -1.72029e+02 | 86  0.00000  5.21445e+02 | 87  0.00000  9.06275e+02
 88  0.00000  1.41388e+02 | 89  0.00000  5.33130e+02 | 90  0.00000  8.43880e+01
 91  0.00000  3.94248e+02 | 92  0.00000 -2.29419e+02 | 93  0.00000  3.04721e+02
 94  0.00000 -3.47102e+00 | 95  0.00000 -4.91061e+00 | 96  0.00000 -5.06008e+00
 97 -0.03546  6.13895e+01 | 98 -0.31026 -2.97597e+02 |

Intermediate statistics: 98 variables; iteration 20; function evaluation 33; phase 2
Function value 5.4867893e+02; maximum gradient component mag 2.0670e+03
Var    Value     Gradient |Var    Value     Gradient |Var    Value     Gradient
  1  0.62318  2.06702e+03 |  2 -0.00085 -5.36144e+01 |  3 -0.00084 -5.35969e+01
  4 -0.00083 -5.35756e+01 |  5 -0.00082 -5.35496e+01 |  6 -0.00080 -5.35182e+01
  7 -0.00078 -5.34800e+01 |  8 -0.00075 -5.34333e+01 |  9  0.00058 -5.29860e+01
 10 -0.00067 -5.33091e+01 | 11 -0.00062 -5.32271e+01 | 12 -0.00055 -5.31287e+01
 13 -0.00047 -5.30116e+01 | 14 -0.00041 -5.28827e+01 | 15 -0.00032 -5.27254e+01
 16 -0.00022 -5.25435e+01 | 17 -0.00005 -5.23197e+01 | 18  0.00076 -5.18764e+01
 19  0.00017 -5.18326e+01 | 20  0.00025 -5.15614e+01 | 21  0.00027 -5.12798e+01
 22  0.00188 -5.04823e+01 | 23 -0.00027 -5.09681e+01 | 24 -0.00083 -5.07647e+01
 25 -0.00178 -5.06302e+01 | 26 -0.00192 -5.02058e+01 | 27 -0.00356 -5.02025e+01
 28  0.00666 -4.68062e+01 | 29  0.01171 -4.47794e+01 | 30 -0.00839 -4.96976e+01
 31  0.00403 -4.55312e+01 | 32  0.01060 -4.25620e+01 | 33  0.00010 -4.48897e+01
 34 -0.00776 -4.58811e+01 | 35 -0.01038 -4.55831e+01 | 36  0.00189 -4.11167e+01
 37 -0.00663 -4.21707e+01 | 38 -0.00920 -4.15485e+01 | 39 -0.00186 -3.80640e+01
 40 -0.01218 -3.96165e+01 | 41 -0.00623 -3.62607e+01 | 42 -0.00509 -3.40397e+01
 43 -0.00389 -3.18134e+01 | 44 -0.00627 -3.04565e+01 | 45  0.01335 -2.18285e+01
 46 -0.00223 -2.48097e+01 | 47  0.00062 -2.11972e+01 | 48  0.00738 -1.64556e+01
 49  0.00531 -1.44916e+01 | 50  0.01757 -7.44347e+00 | 51  0.00989 -8.12952e+00
 52  0.00140 -8.44404e+00 | 53  0.00600 -4.24818e+00 | 54  0.00760 -1.01846e+00
 55  0.01066  2.83337e+00 | 56  0.00479  1.84770e+00 | 57  0.00674  5.31591e+00
 58  0.02984  1.81828e+01 | 59  0.01735  1.49295e+01 | 60  0.00719  1.08344e+01
 61  0.02560  1.77387e+01 | 62 -0.02095 -6.39875e+00 | 63 -0.01248 -8.00855e-01
 64  0.03681  5.03359e+01 | 65  0.07544  2.26062e+02 | 66  0.01533  3.40499e+01
 67 -0.01941 -2.08462e+01 | 68 -0.00860  1.95909e+01 | 69 -0.01212  7.91744e+01
 70 -0.00621  6.41736e+01 | 71 -0.01472  1.22017e+02 | 72  0.02111  1.70187e+02
 73 -0.05050  1.26000e+02 | 74  0.05057  3.60257e+02 | 75  0.00925  2.04371e+02
 76 -0.00524  1.42723e+02 | 77  0.01780  2.21021e+02 | 78  0.01268  1.65979e+02
 79 -0.02281  1.83797e+02 | 80 -0.00613  1.38914e+02 | 81 -0.02132  1.70244e+02
 82 -0.00913  1.20583e+02 | 83 -0.02959  9.07108e+01 | 84  0.05471  9.00053e+01
 85  0.01480  3.64832e+01 | 86 -0.02192  3.03415e+01 | 87 -0.03375  6.11278e+01
 88 -0.00437 -7.24498e+00 | 89 -0.02873 -3.36372e+01 | 90 -0.01079 -5.21166e+01
 91 -0.03530 -8.83420e+01 | 92  0.00714 -5.07616e+01 | 93 -0.04283 -8.19045e+01
 94 -0.00370 -5.54317e+01 | 95 -0.00110 -5.37810e+01 | 96 -0.00090 -5.36942e+01
 97 -0.03333  1.74366e+02 | 98 -0.28323 -1.16511e+01 |
98 variables; iteration 40; function evaluation 58; phase 2
Function value 5.4349560e+02; maximum gradient component mag 7.2664e+02
Var    Value     Gradient |Var    Value     Gradient |Var    Value     Gradient
  1  0.62410  7.26637e+02 |  2  0.00141 -1.71203e+01 |  3  0.00141 -1.71278e+01
  4  0.00141 -1.71370e+01 |  5  0.00141 -1.71483e+01 |  6  0.00141 -1.71620e+01
  7  0.00141 -1.71787e+01 |  8  0.00141 -1.71963e+01 |  9  0.00338 -1.57910e+01
 10  0.00141 -1.72439e+01 | 11  0.00142 -1.72736e+01 | 12  0.00143 -1.73075e+01
 13  0.00143 -1.73568e+01 | 14  0.00139 -1.74496e+01 | 15  0.00137 -1.75409e+01
 16  0.00134 -1.76585e+01 | 17  0.00136 -1.77513e+01 | 18  0.00235 -1.71660e+01
 19  0.00112 -1.82158e+01 | 20  0.00088 -1.85724e+01 | 21  0.00053 -1.90287e+01
 22  0.00258 -1.77655e+01 | 23 -0.00078 -2.01760e+01 | 24 -0.00168 -2.07330e+01
 25 -0.00276 -2.10463e+01 | 26 -0.00255 -2.03718e+01 | 27 -0.00441 -2.09599e+01
 28  0.00670 -1.68480e+01 | 29  0.01226 -1.46697e+01 | 30 -0.00863 -2.01686e+01
 31  0.00339 -1.74606e+01 | 32  0.01472 -8.63947e+00 | 33 -0.00091 -1.84514e+01
 34 -0.00819 -1.88483e+01 | 35 -0.01141 -2.00698e+01 | 36  0.00208 -1.50076e+01
 37 -0.00708 -1.70375e+01 | 38 -0.01023 -1.79337e+01 | 39 -0.00212 -1.48053e+01
 40 -0.01226 -1.51659e+01 | 41 -0.00707 -1.47050e+01 | 42 -0.00563 -1.30150e+01
 43 -0.00387 -1.08797e+01 | 44 -0.00714 -1.20699e+01 | 45  0.00968 -1.64309e+01
 46 -0.00297 -8.69456e+00 | 47  0.00071 -5.36200e+00 | 48  0.00932 -3.36267e-01
 49  0.00509 -3.16118e+00 | 50  0.01479 -8.04934e+00 | 51  0.01213  4.03906e+00
 52  0.00233  3.19037e+00 | 53  0.00715  4.96357e+00 | 54  0.00583  1.26729e-01
 55  0.00997  3.86055e+00 | 56  0.00257  2.19002e+00 | 57  0.00520  6.71533e+00
 58  0.03757  3.01267e+01 | 59  0.02070  2.42105e+01 | 60  0.00858  1.62117e+01
 61  0.02553  6.45086e+00 | 62 -0.01623  2.15745e+01 | 63 -0.00729  2.93840e+01
 64  0.03754  2.89467e+01 | 65  0.06615 -1.24881e+01 | 66  0.01949  5.29857e+01
 67 -0.01064  6.48046e+01 | 68 -0.00556  5.64439e+01 | 69 -0.01238  4.58638e+01
 70 -0.00389  6.59192e+01 | 71 -0.01636  4.27784e+01 | 72  0.01968  3.86412e+01
 73 -0.05581  4.99779e+01 | 74  0.04552  1.32800e+01 | 75  0.00528  3.65069e+01
 76 -0.00910  2.61290e+01 | 77  0.01457  4.84493e+01 | 78  0.01060  3.78608e+01
 79 -0.03127  2.11332e+01 | 80 -0.01005  2.16626e+01 | 81 -0.02978  6.25063e+00
 82 -0.01300  2.14229e+01 | 83 -0.03450  3.09292e+01 | 84  0.05825  1.05636e+02
 85  0.01473  1.36257e+01 | 86 -0.02501 -6.95306e+00 | 87 -0.03963 -3.03555e-01
 88 -0.00304  3.63631e+01 | 89 -0.03196 -4.03546e+01 | 90 -0.01120 -1.99337e+01
 91 -0.03586 -4.48048e+01 | 92  0.00459 -3.96520e+01 | 93 -0.03929 -1.50598e+00
 94 -0.00482 -2.33132e+01 | 95  0.00084 -1.77080e+01 | 96  0.00142 -1.70864e+01
 97 -0.03467  6.65446e+01 | 98 -0.28353  6.91388e+00 |
98 variables; iteration 60; function evaluation 93; phase 2
Function value 5.4209845e+02; maximum gradient component mag 4.8793e+02
Var    Value     Gradient |Var    Value     Gradient |Var    Value     Gradient
  1  0.62324  4.87927e+02 |  2 -0.00044 -1.36759e+01 |  3 -0.00043 -1.36639e+01
  4 -0.00042 -1.36494e+01 |  5 -0.00040 -1.36319e+01 |  6 -0.00038 -1.36107e+01
  7 -0.00035 -1.35853e+01 |  8 -0.00031 -1.35513e+01 |  9  0.00157 -1.22821e+01
 10 -0.00022 -1.34618e+01 | 11 -0.00015 -1.34010e+01 | 12 -0.00007 -1.33258e+01
 13  0.00002 -1.32523e+01 | 14  0.00007 -1.31981e+01 | 15  0.00016 -1.31200e+01
 16  0.00026 -1.30462e+01 | 17  0.00044 -1.29158e+01 | 18  0.00171 -1.18890e+01
 19  0.00051 -1.29203e+01 | 20  0.00042 -1.30451e+01 | 21  0.00026 -1.32261e+01
 22  0.00275 -1.13016e+01 | 23 -0.00018 -1.30384e+01 | 24 -0.00009 -1.20375e+01
 25 -0.00061 -1.14252e+01 | 26 -0.00123 -1.20507e+01 | 27 -0.00286 -1.22752e+01
 28  0.00656 -1.11271e+01 | 29  0.01097 -1.09495e+01 | 30 -0.00567 -8.95815e+00
 31  0.00398 -1.06586e+01 | 32  0.01054 -8.86029e+00 | 33  0.00184 -8.08017e+00
 34 -0.00611 -8.88924e+00 | 35 -0.00812 -7.43815e+00 | 36  0.00341 -6.24341e+00
 37 -0.00431 -5.88072e+00 | 38 -0.00713 -6.07165e+00 | 39 -0.00012 -4.82349e+00
 40 -0.01022 -5.07527e+00 | 41 -0.00485 -4.21871e+00 | 42 -0.00377 -3.34500e+00
 43 -0.00237 -1.82773e+00 | 44 -0.00435 -3.14375e-01 | 45  0.01369 -7.34785e-01
 46 -0.00124  1.42834e+00 | 47  0.00135  2.44986e+00 | 48  0.00822  4.27283e+00
 49  0.00648  6.45312e+00 | 50  0.01988  1.10790e+01 | 51  0.01099  9.94846e+00
 52  0.00239  1.09656e+01 | 53  0.00662  1.15078e+01 | 54  0.00827  1.30773e+01
 55  0.01238  1.77276e+01 | 56  0.00656  1.90553e+01 | 57  0.00727  1.78476e+01
 58  0.03150  2.00035e+01 | 59  0.01803  2.05710e+01 | 60  0.00919  2.50775e+01
 61  0.02832  2.79572e+01 | 62 -0.01752  2.37461e+01 | 63 -0.00960  2.45881e+01
 64  0.03722  3.33466e+01 | 65  0.07040  5.61510e+01 | 66  0.01688  3.09385e+01
 67 -0.01533  1.69004e+01 | 68 -0.00752  1.63257e+01 | 69 -0.01365  1.35310e+01
 70 -0.00610  1.67801e+01 | 71 -0.01769  1.32948e+01 | 72  0.02046  3.13510e+01
 73 -0.06061  1.10131e+00 | 74  0.04844  5.11696e+01 | 75  0.00561  1.75007e+01
 76 -0.00877  1.12278e+01 | 77  0.01462  1.59583e+01 | 78  0.01098  1.45351e+01
 79 -0.03196 -2.30494e+00 | 80 -0.00984  3.90044e+00 | 81 -0.02965 -3.24592e+00
 82 -0.01336 -1.83313e+00 | 83 -0.03658 -1.04819e+01 | 84  0.05715  3.69227e+00
 85  0.01463 -3.55452e+00 | 86 -0.02456 -7.44013e+00 | 87 -0.04060 -1.46092e+01
 88 -0.00539 -1.49133e+01 | 89 -0.03071 -1.24204e+01 | 90 -0.01109 -1.35964e+01
 91 -0.03472 -1.47561e+01 | 92  0.00576 -1.20721e+01 | 93 -0.04231 -1.80419e+01
 94 -0.00346 -1.29625e+01 | 95 -0.00083 -1.39593e+01 | 96 -0.00050 -1.37308e+01
 97 -0.03697  2.91223e+01 | 98 -0.28629  2.81129e+00 |
Maximum number of function evaluations exceeded

 - final statistics:
98 variables; iteration 64; function evaluation 100
Function value 5.4203e+02; maximum gradient component mag 3.7759e+02
Exit code = 3;  converg criter 1.0000e+01
Var    Value     Gradient |Var    Value     Gradient |Var    Value     Gradient
  1  0.62350  3.77592e+02 |  2 -0.00009 -1.02031e+01 |  3 -0.00008 -1.01973e+01
  4 -0.00007 -1.01902e+01 |  5 -0.00006 -1.01818e+01 |  6 -0.00004 -1.01716e+01
  7 -0.00002 -1.01596e+01 |  8  0.00001 -1.01440e+01 |  9  0.00143 -9.59062e+00
 10  0.00007 -1.01044e+01 | 11  0.00012 -1.00792e+01 | 12  0.00017 -1.00501e+01
 13  0.00024 -1.00210e+01 | 14  0.00028 -9.99774e+00 | 15  0.00035 -9.96614e+00
 16  0.00042 -9.93263e+00 | 17  0.00055 -9.88715e+00 | 18  0.00123 -9.77821e+00
 19  0.00071 -9.79747e+00 | 20  0.00077 -9.73714e+00 | 21  0.00077 -9.69995e+00
 22  0.00220 -9.38679e+00 | 23 -0.00007 -1.01139e+01 | 24 -0.00047 -9.90063e+00
 25 -0.00056 -8.71810e+00 | 26 -0.00060 -8.40362e+00 | 27 -0.00224 -8.63347e+00
 28  0.00696 -7.97259e+00 | 29  0.01127 -7.99563e+00 | 30 -0.00581 -6.71177e+00
 31  0.00505 -6.64123e+00 | 32  0.01092 -6.00112e+00 | 33  0.00165 -6.16273e+00
 34 -0.00562 -5.80184e+00 | 35 -0.00824 -5.67256e+00 | 36  0.00324 -4.66017e+00
 37 -0.00489 -5.04732e+00 | 38 -0.00724 -4.47224e+00 | 39 -0.00012 -3.27969e+00
 40 -0.00959 -2.17434e+00 | 41 -0.00500 -3.05958e+00 | 42 -0.00370 -1.87688e+00
 43 -0.00185  3.20940e-01 | 44 -0.00478 -3.48792e-02 | 45  0.01443  1.23054e+00
 46 -0.00085  2.88474e+00 | 47  0.00114  2.64635e+00 | 48  0.00867  5.14404e+00
 49  0.00664  6.60430e+00 | 50  0.01912  8.05709e+00 | 51  0.01027  7.79231e+00
 52  0.00276  1.12824e+01 | 53  0.00684  1.11900e+01 | 54  0.00844  1.24359e+01
 55  0.01240  1.62397e+01 | 56  0.00640  1.74794e+01 | 57  0.00668  1.52960e+01
 58  0.03172  1.69517e+01 | 59  0.01781  1.75484e+01 | 60  0.00888  2.19965e+01
 61  0.02823  2.35083e+01 | 62 -0.01906  1.81212e+01 | 63 -0.01064  1.92281e+01
 64  0.03709  2.73343e+01 | 65  0.07089  5.37889e+01 | 66  0.01635  2.35278e+01
 67 -0.01573  1.22617e+01 | 68 -0.00784  9.84055e+00 | 69 -0.01386  8.52539e+00
 70 -0.00639  9.97199e+00 | 71 -0.01800  6.65865e+00 | 72  0.02021  1.99295e+01
 73 -0.06116 -3.31198e+00 | 74  0.04822  3.30036e+01 | 75  0.00538  9.68195e+00
 76 -0.00902  5.27389e+00 | 77  0.01446  8.87886e+00 | 78  0.01078  7.16068e+00
 79 -0.03203 -2.27570e+00 | 80 -0.01004  3.53407e-01 | 81 -0.02976 -2.87170e+00
 82 -0.01351 -3.30840e+00 | 83 -0.03670 -9.32185e+00 | 84  0.05709 -5.78535e-01
 85  0.01451 -4.25904e+00 | 86 -0.02466 -6.18796e+00 | 87 -0.04058 -1.04595e+01
 88 -0.00540 -1.14731e+01 | 89 -0.03083 -1.00973e+01 | 90 -0.01113 -1.04958e+01
 91 -0.03484 -1.20381e+01 | 92  0.00573 -8.68640e+00 | 93 -0.04225 -1.37319e+01
 94 -0.00341 -9.94558e+00 | 95 -0.00051 -1.05147e+01 | 96 -0.00013 -1.02304e+01
 97 -0.03664  2.41800e+01 | 98 -0.28650  1.71172e+00 |

Initial statistics: 100 variables; iteration 0; function evaluation 0; phase 3
Function value 5.4202562e+02; maximum gradient component mag 3.7727e+02
Var    Value     Gradient |Var    Value     Gradient |Var    Value     Gradient
  1  0.62350  3.77268e+02 |  2 -0.00009 -1.01950e+01 |  3 -0.00008 -1.01891e+01
  4 -0.00007 -1.01819e+01 |  5 -0.00006 -1.01734e+01 |  6 -0.00004 -1.01631e+01
  7 -0.00002 -1.01510e+01 |  8  0.00001 -1.01352e+01 |  9  0.00143 -9.57381e+00
 10  0.00007 -1.00955e+01 | 11  0.00012 -1.00703e+01 | 12  0.00017 -1.00414e+01
 13  0.00024 -1.00126e+01 | 14  0.00028 -9.98970e+00 | 15  0.00035 -9.95864e+00
 16  0.00042 -9.92557e+00 | 17  0.00055 -9.88161e+00 | 18  0.00123 -9.80091e+00
 19  0.00071 -9.78622e+00 | 20  0.00077 -9.71718e+00 | 21  0.00077 -9.67213e+00
 22  0.00220 -9.39908e+00 | 23 -0.00007 -1.01338e+01 | 24 -0.00047 -9.91883e+00
 25 -0.00056 -8.67395e+00 | 26 -0.00060 -8.38998e+00 | 27 -0.00224 -8.65272e+00
 28  0.00696 -7.93899e+00 | 29  0.01127 -7.98380e+00 | 30 -0.00581 -6.73375e+00
 31  0.00505 -6.63649e+00 | 32  0.01092 -5.99409e+00 | 33  0.00165 -6.14000e+00
 34 -0.00562 -5.81653e+00 | 35 -0.00824 -5.63408e+00 | 36  0.00324 -4.69324e+00
 37 -0.00489 -5.04875e+00 | 38 -0.00724 -4.45065e+00 | 39 -0.00012 -3.24105e+00
 40 -0.00959 -2.13172e+00 | 41 -0.00500 -3.03247e+00 | 42 -0.00370 -1.87475e+00
 43 -0.00185  2.54997e-01 | 44 -0.00478 -6.49326e-02 | 45  0.01443  1.22900e+00
 46 -0.00085  2.87402e+00 | 47  0.00114  2.63873e+00 | 48  0.00867  5.15596e+00
 49  0.00664  6.58854e+00 | 50  0.01912  8.04303e+00 | 51  0.01027  7.81986e+00
 52  0.00276  1.12462e+01 | 53  0.00684  1.11908e+01 | 54  0.00844  1.24252e+01
 55  0.01240  1.62295e+01 | 56  0.00640  1.74738e+01 | 57  0.00668  1.52830e+01
 58  0.03172  1.69358e+01 | 59  0.01781  1.75387e+01 | 60  0.00888  2.19807e+01
 61  0.02823  2.34910e+01 | 62 -0.01906  1.81017e+01 | 63 -0.01064  1.92077e+01
 64  0.03709  2.73136e+01 | 65  0.07089  5.37688e+01 | 66  0.01635  2.35043e+01
 67 -0.01573  1.22456e+01 | 68 -0.00784  9.82242e+00 | 69 -0.01386  8.50987e+00
 70 -0.00639  9.95536e+00 | 71 -0.01800  6.64122e+00 | 72  0.02021  1.98983e+01
 73 -0.06116 -3.31907e+00 | 74  0.04822  3.29544e+01 | 75  0.00538  9.66210e+00
 76 -0.00902  5.25641e+00 | 77  0.01446  8.85964e+00 | 78  0.01078  7.14061e+00
 79 -0.03203 -2.27756e+00 | 80 -0.01004  3.42866e-01 | 81 -0.02976 -2.87421e+00
 82 -0.01351 -3.31241e+00 | 83 -0.03670 -9.31690e+00 | 84  0.05709 -5.85371e-01
 85  0.01451 -4.26221e+00 | 86 -0.02466 -6.18802e+00 | 87 -0.04058 -1.04482e+01
 88 -0.00540 -1.14622e+01 | 89 -0.03083 -1.00931e+01 | 90 -0.01113 -1.04904e+01
 91 -0.03484 -1.20320e+01 | 92  0.00573 -8.68182e+00 | 93 -0.04225 -1.37216e+01
 94 -0.00341 -9.92440e+00 | 95 -0.00051 -1.05233e+01 | 96 -0.00013 -1.02227e+01
 97 -0.03664  2.41658e+01 | 98 -0.41581 -7.57592e+01 | 99 -0.28650  1.71251e+00
100 -0.25275 -4.62065e+01 |

Intermediate statistics: 100 variables; iteration 20; function evaluation 24; phase 3
Function value 5.4141235e+02; maximum gradient component mag 3.5219e+01
Var    Value     Gradient |Var    Value     Gradient |Var    Value     Gradient
  1  0.62310  3.52191e+01 |  2 -0.00003 -1.29972e+00 |  3 -0.00002 -1.29903e+00
  4 -0.00001 -1.29824e+00 |  5  0.00000 -1.29736e+00 |  6  0.00002 -1.29640e+00
  7  0.00003 -1.29541e+00 |  8  0.00006 -1.29347e+00 |  9  0.00138 -9.18040e-01
 10  0.00012 -1.28986e+00 | 11  0.00017 -1.28809e+00 | 12  0.00022 -1.28678e+00
 13  0.00028 -1.28912e+00 | 14  0.00033 -1.29945e+00 | 15  0.00039 -1.30876e+00
 16  0.00047 -1.32175e+00 | 17  0.00060 -1.33294e+00 | 18  0.00127 -1.32742e+00
 19  0.00076 -1.36764e+00 | 20  0.00081 -1.37951e+00 | 21  0.00081 -1.41384e+00
 22  0.00221 -1.31273e+00 | 23  0.00009 -1.83694e+00 | 24 -0.00034 -1.77195e+00
 25 -0.00067 -1.00848e+00 | 26 -0.00074 -9.19464e-01 | 27 -0.00232 -1.19676e+00
 28  0.00679 -1.00826e+00 | 29  0.01117 -1.30485e+00 | 30 -0.00562 -2.92498e-02
 31  0.00482 -4.98053e-01 | 32  0.01058 -5.37619e-01 | 33  0.00136 -5.66139e-01
 34 -0.00598 -3.39649e-01 | 35 -0.00767 -3.09311e-02 | 36  0.00302 -2.29573e-01
 37 -0.00516 -5.40750e-01 | 38 -0.00754 -2.99916e-01 | 39 -0.00049 -1.46155e-01
 40 -0.00919  1.19407e+00 | 41 -0.00515 -1.56030e-01 | 42 -0.00403  7.94371e-02
 43 -0.00239  1.05095e+00 | 44 -0.00538  6.00142e-01 | 45  0.01582 -2.99796e-01
 46 -0.00127  1.84087e+00 | 47  0.00081  8.18410e-01 | 48  0.00837  1.20655e+00
 49  0.00594  1.87550e+00 | 50  0.02077  1.14447e+00 | 51  0.01022  1.67371e+00
 52  0.00173  4.42725e+00 | 53  0.00628  3.33146e+00 | 54  0.00783  3.44451e+00
 55  0.01320  5.64140e+00 | 56  0.00537  6.87814e+00 | 57  0.00575  4.49097e+00
 58  0.03210 -9.04000e-01 | 59  0.01693  2.79058e+00 | 60  0.00948  1.02848e+01
 61  0.02915  5.53294e+00 | 62 -0.01947  1.28992e+01 | 63 -0.00972  1.36174e+01
 64  0.03627 -1.15782e+00 | 65  0.07024 -7.86754e+00 | 66  0.01649  1.14121e+01
 67 -0.01525  9.81024e+00 | 68 -0.00887 -5.41727e+00 | 69 -0.01290  4.97893e+00
 70 -0.00735 -5.87571e+00 | 71 -0.01697  4.03075e+00 | 72  0.01941 -4.83985e+00
 73 -0.06014 -1.26188e+00 | 74  0.04724 -6.69119e+00 | 75  0.00618  4.42309e+00
 76 -0.01008 -4.98427e+00 | 77  0.01495 -4.56397e+00 | 78  0.00972 -9.97516e+00
 79 -0.03102  2.69133e+00 | 80 -0.01108 -7.28130e+00 | 81 -0.02864  5.67871e+00
 82 -0.01459 -9.48943e+00 | 83 -0.03569 -3.97512e+00 | 84  0.05647 -9.99457e+00
 85  0.01533  4.62273e+00 | 86 -0.02524 -1.90701e+00 | 87 -0.03966 -2.14696e+00
 88 -0.00621 -1.19820e+01 | 89 -0.02957  2.86279e+00 | 90 -0.01163 -5.78057e+00
 91 -0.03334  6.80223e-01 | 92  0.00599  4.73638e+00 | 93 -0.04007 -2.59077e+00
 94 -0.00372 -7.90623e-01 | 95 -0.00062 -1.55118e+00 | 96 -0.00007 -1.30333e+00
 97 -0.00330  1.19339e+00 | 98 -0.39981 -7.63161e+00 | 99 -0.26717  5.47252e+00
100 -0.24494 -2.94627e+01 |
100 variables; iteration 40; function evaluation 52; phase 3
Function value 5.4128529e+02; maximum gradient component mag -1.1070e+01
Var    Value     Gradient |Var    Value     Gradient |Var    Value     Gradient
  1  0.62302 -1.10696e+01 |  2 -0.00007 -9.13594e-02 |  3 -0.00006 -8.86188e-02
  4 -0.00005 -8.53109e-02 |  5 -0.00003 -8.13290e-02 |  6 -0.00001 -7.65367e-02
  7  0.00001 -7.08150e-02 |  8  0.00004 -6.34399e-02 |  9  0.00125  1.46645e-01
 10  0.00012 -4.45383e-02 | 11  0.00017 -3.23524e-02 | 12  0.00024 -1.81334e-02
 13  0.00031 -3.75962e-03 | 14  0.00038  8.82881e-03 | 15  0.00047  2.50037e-02
 16  0.00057  4.21268e-02 | 17  0.00073  6.39397e-02 | 18  0.00143  1.02299e-01
 19  0.00097  1.08800e-01 | 20  0.00106  1.40114e-01 | 21  0.00111  1.58375e-01
 22  0.00254  2.87423e-01 | 23  0.00055 -3.30656e-02 | 24  0.00019  1.07582e-01
 25 -0.00041  4.22783e-01 | 26 -0.00054  3.87169e-01 | 27 -0.00198  3.13465e-01
 28  0.00714  4.23141e-01 | 29  0.01164  2.36952e-01 | 30 -0.00611 -1.19476e-01
 31  0.00502  5.11437e-01 | 32  0.01073  2.35914e-01 | 33  0.00153  2.59557e-01
 34 -0.00597  1.82819e-01 | 35 -0.00772  2.03837e-01 | 36  0.00320  3.37805e-01
 37 -0.00482  3.01032e-01 | 38 -0.00743  8.73967e-02 | 39 -0.00033  7.18808e-02
 40 -0.00931  8.02746e-01 | 41 -0.00471  4.38571e-01 | 42 -0.00360  4.54891e-01
 43 -0.00253  2.58459e-01 | 44 -0.00528  1.42233e-01 | 45  0.01610 -1.55712e+00
 46 -0.00185 -1.32750e-01 | 47  0.00117  1.29312e-01 | 48  0.00874 -3.41338e-02
 49  0.00562 -5.74567e-01 | 50  0.02093 -1.88211e+00 | 51  0.01038 -5.64679e-01
 52 -0.00015 -7.88177e-01 | 53  0.00552 -6.92941e-01 | 54  0.00747 -1.70840e-01
 55  0.01265  8.57990e-01 | 56  0.00408  1.57002e+00 | 57  0.00430 -7.91368e-01
 58  0.03433 -1.45937e+00 | 59  0.01768  1.29732e+00 | 60  0.00850  3.89224e+00
 61  0.03005  3.47794e+00 | 62 -0.02208  3.02759e+00 | 63 -0.01173  3.03602e+00
 64  0.03693 -2.29540e+00 | 65  0.07111 -5.42871e+00 | 66  0.01606  4.48354e+00
 67 -0.01620 -1.70745e-02 | 68 -0.00841 -1.23703e+00 | 69 -0.01299  7.34925e-01
 70 -0.00711 -1.95450e+00 | 71 -0.01700  7.13475e-01 | 72  0.01948 -2.96228e+00
 73 -0.05989  5.47788e-01 | 74  0.04725 -3.34945e+00 | 75  0.00604 -4.09467e-01
 76 -0.00988 -8.37679e-02 | 77  0.01511 -1.73628e+00 | 78  0.00986 -4.01573e+00
 79 -0.03106  1.59597e+00 | 80 -0.01094 -2.12261e+00 | 81 -0.02873  3.07326e+00
 82 -0.01425 -1.26860e+00 | 83 -0.03546 -1.73004e+00 | 84  0.05645 -3.17557e+00
 85  0.01523  7.93743e-01 | 86 -0.02521  6.11759e-01 | 87 -0.03964 -2.00412e+00
 88 -0.00568  9.09058e-02 | 89 -0.02957  1.36649e+00 | 90 -0.01136  2.86441e-01
 91 -0.03304  2.79491e+00 | 92  0.00581  4.34545e+00 | 93 -0.04023 -5.43894e+00
 94 -0.00406  5.97094e-01 | 95 -0.00055 -1.37897e-01 | 96 -0.00012 -1.04029e-01
 97 -0.00072 -3.06567e+00 | 98 -0.39848  5.20734e+00 | 99 -0.26256  2.99583e+00
100 -0.24215 -1.00876e+01 |
100 variables; iteration 60; function evaluation 83; phase 3
Function value 5.4126491e+02; maximum gradient component mag 4.7326e+00
Var    Value     Gradient |Var    Value     Gradient |Var    Value     Gradient
  1  0.62311  4.73258e+00 |  2  0.00016 -1.20180e-01 |  3  0.00017 -1.20323e-01
  4  0.00018 -1.20510e-01 |  5  0.00020 -1.20756e-01 |  6  0.00021 -1.21082e-01
  7  0.00023 -1.21515e-01 |  8  0.00026 -1.22092e-01 |  9  0.00133 -1.17881e-01
 10  0.00032 -1.23940e-01 | 11  0.00036 -1.25386e-01 | 12  0.00042 -1.27339e-01
 13  0.00048 -1.29555e-01 | 14  0.00053 -1.32359e-01 | 15  0.00061 -1.35589e-01
 16  0.00070 -1.39001e-01 | 17  0.00084 -1.42231e-01 | 18  0.00151 -1.44835e-01
 19  0.00104 -1.44402e-01 | 20  0.00111 -1.41517e-01 | 21  0.00115 -1.36734e-01
 22  0.00249 -1.35249e-01 | 23  0.00071 -1.43559e-01 | 24  0.00024 -1.60579e-01
 25 -0.00052 -8.52135e-02 | 26 -0.00060 -4.32404e-02 | 27 -0.00200 -6.28263e-02
 28  0.00700 -9.96970e-02 | 29  0.01162 -1.03717e-01 | 30 -0.00592 -1.47818e-01
 31  0.00484 -5.15614e-02 | 32  0.01067 -1.21819e-01 | 33  0.00152 -2.24448e-02
 34 -0.00597 -7.49423e-02 | 35 -0.00769 -3.86879e-02 | 36  0.00310 -5.03224e-02
 37 -0.00490 -5.71458e-02 | 38 -0.00740 -6.22709e-02 | 39 -0.00029 -3.04699e-02
 40 -0.00963 -6.52535e-02 | 41 -0.00488 -6.03851e-02 | 42 -0.00379 -3.97700e-02
 43 -0.00263 -6.42467e-02 | 44 -0.00532  3.19027e-02 | 45  0.01683  1.10637e-01
 46 -0.00176 -2.55346e-02 | 47  0.00110  4.62005e-02 | 48  0.00873  6.96463e-02
 49  0.00585  3.87916e-02 | 50  0.02178  1.10756e-01 | 51  0.01056  3.95621e-02
 52  0.00019  1.51710e-02 | 53  0.00579  8.71881e-02 | 54  0.00750  1.80956e-01
 55  0.01235  3.69445e-01 | 56  0.00317  1.95834e-01 | 57  0.00461  1.95115e-01
 58  0.03481  2.76056e-01 | 59  0.01713  3.21895e-01 | 60  0.00745  3.47574e-01
 61  0.02942  4.90554e-01 | 62 -0.02297  2.49024e-01 | 63 -0.01246  2.67534e-01
 64  0.03720  3.48076e-01 | 65  0.07141  5.96117e-01 | 66  0.01550  4.70573e-01
 67 -0.01620  1.49593e-01 | 68 -0.00838  1.51844e-01 | 69 -0.01307  1.50591e-01
 70 -0.00708  2.56849e-02 | 71 -0.01709  1.04487e-01 | 72  0.01950  1.46233e-01
 73 -0.05997 -1.65939e-02 | 74  0.04723  3.03199e-01 | 75  0.00599  1.17875e-01
 76 -0.00998  2.48438e-02 | 77  0.01509  4.61510e-02 | 78  0.00993 -4.12693e-02
 79 -0.03121  3.29281e-02 | 80 -0.01091 -8.17792e-02 | 81 -0.02893  4.91695e-02
 82 -0.01424 -5.81365e-02 | 83 -0.03537 -1.46940e-01 | 84  0.05642 -1.96979e-02
 85  0.01517  4.86226e-03 | 86 -0.02532 -2.89068e-01 | 87 -0.03951 -1.43583e-01
 88 -0.00575 -1.23285e-01 | 89 -0.02965 -1.49066e-01 | 90 -0.01140 -4.23955e-02
 91 -0.03319 -2.32582e-02 | 92  0.00552  3.44525e-02 | 93 -0.03962 -3.36245e-01
 94 -0.00436 -1.31877e-01 | 95 -0.00031 -1.51699e-01 | 96  0.00013 -1.19654e-01
 97  0.00020  1.03033e-01 | 98 -0.39819  2.49505e-03 | 99 -0.26145  2.16501e-01
100 -0.24121 -5.82671e-01 |

 - final statistics:
100 variables; iteration 70; function evaluation 98
Function value 5.4126e+02; maximum gradient component mag 7.8930e-01
Exit code = 1;  converg criter 1.0000e+00
Var    Value     Gradient |Var    Value     Gradient |Var    Value     Gradient
  1  0.62312  7.89301e-01 |  2  0.00016 -1.98501e-02 |  3  0.00017 -1.98291e-02
  4  0.00018 -1.98206e-02 |  5  0.00020 -1.98346e-02 |  6  0.00021 -1.98864e-02
  7  0.00023 -1.99980e-02 |  8  0.00026 -2.02156e-02 |  9  0.00133 -2.29971e-02
 10  0.00032 -2.11441e-02 | 11  0.00037 -2.19801e-02 | 12  0.00042 -2.31080e-02
 13  0.00049 -2.40930e-02 | 14  0.00054 -2.49468e-02 | 15  0.00062 -2.51745e-02
 16  0.00071 -2.39379e-02 | 17  0.00086 -2.04264e-02 | 18  0.00153 -1.36180e-02
 19  0.00106 -1.08635e-02 | 20  0.00113 -1.60169e-02 | 21  0.00115 -3.29048e-02
 22  0.00250 -3.20514e-02 | 23  0.00073 -1.72628e-02 | 24  0.00027 -2.64534e-02
 25 -0.00052 -5.99492e-03 | 26 -0.00066 -4.17193e-02 | 27 -0.00202 -1.40029e-02
 28  0.00701 -1.67773e-02 | 29  0.01163 -1.11933e-02 | 30 -0.00591 -4.09516e-02
 31  0.00483 -5.68520e-03 | 32  0.01070 -1.48432e-02 | 33  0.00150  1.27217e-02
 34 -0.00597 -1.01603e-02 | 35 -0.00771 -2.45849e-02 | 36  0.00309 -3.51237e-02
 37 -0.00490 -3.04971e-03 | 38 -0.00740 -2.29527e-02 | 39 -0.00031 -1.88163e-02
 40 -0.00961  1.12514e-02 | 41 -0.00487 -5.21391e-03 | 42 -0.00379 -1.42995e-02
 43 -0.00260  5.41906e-03 | 44 -0.00532  3.82827e-02 | 45  0.01681  1.82699e-02
 46 -0.00173  6.78818e-04 | 47  0.00109  5.80461e-03 | 48  0.00873  3.86327e-03
 49  0.00587  9.62897e-03 | 50  0.02180  2.38865e-02 | 51  0.01058 -1.64504e-02
 52  0.00022  3.30973e-03 | 53  0.00582  3.47725e-02 | 54  0.00749  3.93040e-02
 55  0.01228  6.33836e-02 | 56  0.00315  2.52797e-02 | 57  0.00459  2.72022e-02
 58  0.03485  4.84425e-02 | 59  0.01711  5.41655e-02 | 60  0.00742  5.74594e-02
 61  0.02940  8.10536e-02 | 62 -0.02301  4.14648e-02 | 63 -0.01249  4.46234e-02
 64  0.03721  5.92239e-02 | 65  0.07142  1.01763e-01 | 66  0.01548  7.76439e-02
 67 -0.01621  2.56903e-02 | 68 -0.00838  2.58522e-02 | 69 -0.01308  2.55501e-02
 70 -0.00707  6.12604e-03 | 71 -0.01709  1.78128e-02 | 72  0.01950  2.60896e-02
 73 -0.05997 -2.21262e-03 | 74  0.04723  5.23262e-02 | 75  0.00599  2.03853e-02
 76 -0.00999  5.21739e-03 | 77  0.01509  8.92030e-03 | 78  0.00993 -4.78627e-03
 79 -0.03121  5.41901e-03 | 80 -0.01091 -1.20850e-02 | 81 -0.02893  7.76440e-03
 82 -0.01424 -8.77111e-03 | 83 -0.03537 -2.31980e-02 | 84  0.05642 -1.45863e-03
 85  0.01516  1.05167e-03 | 86 -0.02531 -4.58301e-02 | 87 -0.03951 -2.28031e-02
 88 -0.00575 -1.98230e-02 | 89 -0.02965 -2.43036e-02 | 90 -0.01141 -7.18118e-03
 91 -0.03320 -4.58405e-03 | 92  0.00551  4.54496e-03 | 93 -0.03961 -5.36963e-02
 94 -0.00436 -3.70747e-02 | 95 -0.00030 -3.53584e-02 | 96  0.00012 -2.01103e-02
 97  0.00020  1.73200e-02 | 98 -0.39820  1.50717e-03 | 99 -0.26143  3.43793e-02
100 -0.24118 -9.22339e-02 |

Initial statistics: 107 variables; iteration 0; function evaluation 0; phase 4
Function value 5.4126484e+02; maximum gradient component mag 1.1230e+02
Var    Value     Gradient |Var    Value     Gradient |Var    Value     Gradient
  1 -0.42263  9.04761e+01 |  2 -0.42263  1.12303e+02 |  3 -0.41094  7.71431e+01
  4  0.62312  7.89301e-01 |  5  0.00000 -1.50830e-01 |  6  0.00000 -3.33890e-02
  7  0.00000 -4.07707e-02 |  8  0.00000 -4.97794e-02 |  9  0.00016 -1.98615e-02
 10  0.00017 -1.98404e-02 | 11  0.00018 -1.98319e-02 | 12  0.00020 -1.98459e-02
 13  0.00021 -1.98977e-02 | 14  0.00023 -2.00093e-02 | 15  0.00026 -2.02269e-02
 16  0.00133 -2.30084e-02 | 17  0.00032 -2.11555e-02 | 18  0.00037 -2.19914e-02
 19  0.00042 -2.31193e-02 | 20  0.00049 -2.41043e-02 | 21  0.00054 -2.49581e-02
 22  0.00062 -2.51858e-02 | 23  0.00071 -2.39492e-02 | 24  0.00086 -2.04377e-02
 25  0.00153 -1.36293e-02 | 26  0.00106 -1.08748e-02 | 27  0.00113 -1.60282e-02
 28  0.00115 -3.29161e-02 | 29  0.00250 -3.20628e-02 | 30  0.00073 -1.72741e-02
 31  0.00027 -2.64647e-02 | 32 -0.00052 -6.00624e-03 | 33 -0.00066 -4.17306e-02
 34 -0.00202 -1.40142e-02 | 35  0.00701 -1.67887e-02 | 36  0.01163 -1.12046e-02
 37 -0.00591 -4.09629e-02 | 38  0.00483 -5.69652e-03 | 39  0.01070 -1.48545e-02
 40  0.00150  1.27104e-02 | 41 -0.00597 -1.01716e-02 | 42 -0.00771 -2.45962e-02
 43  0.00309 -3.51350e-02 | 44 -0.00490 -3.06103e-03 | 45 -0.00740 -2.29640e-02
 46 -0.00031 -1.88276e-02 | 47 -0.00961  1.12401e-02 | 48 -0.00487 -5.22523e-03
 49 -0.00379 -1.43108e-02 | 50 -0.00260  5.40774e-03 | 51 -0.00532  3.82714e-02
 52  0.01681  1.82586e-02 | 53 -0.00173  6.67498e-04 | 54  0.00109  5.79329e-03
 55  0.00873  3.85195e-03 | 56  0.00587  9.61765e-03 | 57  0.02180  2.38752e-02
 58  0.01058 -1.64618e-02 | 59  0.00022  3.29841e-03 | 60  0.00582  3.47612e-02
 61  0.00749  3.92926e-02 | 62  0.01228  6.33723e-02 | 63  0.00315  2.52684e-02
 64  0.00459  2.71909e-02 | 65  0.03485  4.84312e-02 | 66  0.01711  5.41542e-02
 67  0.00742  5.74481e-02 | 68  0.02940  8.10423e-02 | 69 -0.02301  4.14535e-02
 70 -0.01249  4.46121e-02 | 71  0.03721  5.92126e-02 | 72  0.07142  1.01751e-01
 73  0.01548  7.76326e-02 | 74 -0.01621  2.56790e-02 | 75 -0.00838  2.58409e-02
 76 -0.01308  2.55388e-02 | 77 -0.00707  6.11472e-03 | 78 -0.01709  1.78014e-02
 79  0.01950  2.60783e-02 | 80 -0.05997 -2.22389e-03 | 81  0.04723  5.23149e-02
 82  0.00599  2.03740e-02 | 83 -0.00999  5.20607e-03 | 84  0.01509  8.90898e-03
 85  0.00993 -4.79759e-03 | 86 -0.03121  5.40771e-03 | 87 -0.01091 -1.20963e-02
 88 -0.02893  7.75309e-03 | 89 -0.01424 -8.78243e-03 | 90 -0.03537 -2.32093e-02
 91  0.05642 -1.46991e-03 | 92  0.01516  1.04036e-03 | 93 -0.02531 -4.58414e-02
 94 -0.03951 -2.28144e-02 | 95 -0.00575 -1.98344e-02 | 96 -0.02965 -2.43149e-02
 97 -0.01141 -7.19250e-03 | 98 -0.03320 -4.59536e-03 | 99  0.00551  4.53364e-03
100 -0.03961 -5.37076e-02 |101 -0.00436 -3.70860e-02 |102 -0.00030 -3.53697e-02
103  0.00012 -2.01216e-02 |104  0.00020  1.73200e-02 |105 -0.39820  1.50718e-03
106 -0.26143  3.43793e-02 |107 -0.24118 -9.22339e-02 |

Intermediate statistics: 107 variables; iteration 20; function evaluation 29; phase 4
Function value 5.4119100e+02; maximum gradient component mag -6.2255e+01
Var    Value     Gradient |Var    Value     Gradient |Var    Value     Gradient
  1 -0.42435  3.13463e+01 |  2 -0.42282 -2.54053e+01 |  3 -0.41022 -1.75228e+00
  4  0.62317 -6.22553e+01 |  5 -0.00000 -1.62472e-01 |  6 -0.00000 -3.59754e-02
  7 -0.00000 -4.39277e-02 |  8 -0.00000 -5.36319e-02 |  9  0.00017  1.74112e+00
 10  0.00017  1.74014e+00 | 11  0.00019  1.73893e+00 | 12  0.00020  1.73743e+00
 13  0.00021  1.73558e+00 | 14  0.00023  1.73329e+00 | 15  0.00026  1.73046e+00
 16  0.00133  1.72420e+00 | 17  0.00032  1.72255e+00 | 18  0.00037  1.71714e+00
 19  0.00042  1.71056e+00 | 20  0.00049  1.70305e+00 | 21  0.00054  1.69456e+00
 22  0.00062  1.68538e+00 | 23  0.00071  1.67626e+00 | 24  0.00086  1.66786e+00
 25  0.00153  1.66054e+00 | 26  0.00106  1.64932e+00 | 27  0.00113  1.62808e+00
 28  0.00115  1.59386e+00 | 29  0.00250  1.57200e+00 | 30  0.00073  1.58158e+00
 31  0.00027  1.54981e+00 | 32 -0.00052  1.54579e+00 | 33 -0.00066  1.48087e+00
 34 -0.00203  1.48167e+00 | 35  0.00700  1.39074e+00 | 36  0.01162  1.34049e+00
 37 -0.00592  1.38456e+00 | 38  0.00483  1.30738e+00 | 39  0.01070  1.19219e+00
 40  0.00150  1.24279e+00 | 41 -0.00597  1.22373e+00 | 42 -0.00770  1.15005e+00
 43  0.00309  1.01320e+00 | 44 -0.00490  1.01827e+00 | 45 -0.00740  9.45944e-01
 46 -0.00030  7.54252e-01 | 47 -0.00963  9.13493e-01 | 48 -0.00486  7.16680e-01
 49 -0.00379  5.84475e-01 | 50 -0.00259  4.70051e-01 | 51 -0.00530  4.07259e-01
 52  0.01678 -2.11628e-01 | 53 -0.00172  1.49534e-01 | 54  0.00110 -5.77425e-02
 55  0.00874 -4.51038e-01 | 56  0.00589 -5.34695e-01 | 57  0.02177 -1.14971e+00
 58  0.01060 -8.84495e-01 | 59  0.00023 -6.08866e-01 | 60  0.00583 -9.32805e-01
 61  0.00752 -1.16286e+00 | 62  0.01226 -1.40059e+00 | 63  0.00317 -1.04177e+00
 64  0.00462 -1.18641e+00 | 65  0.03492 -3.12865e+00 | 66  0.01713 -2.17179e+00
 67  0.00734 -1.85993e+00 | 68  0.02927 -3.55902e+00 | 69 -0.02303 -4.29522e-01
 70 -0.01245 -5.51319e-01 | 71  0.03737 -2.72023e+00 | 72  0.07147 -6.97916e+00
 73  0.01527 -3.90262e+00 | 74 -0.01615 -4.45258e-01 | 75 -0.00836 -1.12487e+00
 76 -0.01302 -1.30056e+00 | 77 -0.00709 -1.42304e+00 | 78 -0.01700 -9.49279e-01
 79  0.01944 -4.64940e+00 | 80 -0.06019 -1.71895e+00 | 81  0.04718 -6.94875e+00
 82  0.00599 -2.74654e+00 | 83 -0.00999 -1.06234e+00 | 84  0.01526  6.78890e-01
 85  0.00987 -3.23756e+00 | 86 -0.03129 -1.66670e+00 | 87 -0.01094 -9.39731e-01
 88 -0.02887  9.83978e-02 | 89 -0.01425 -7.72735e-02 | 90 -0.03525  7.61184e-01
 91  0.05638 -2.19319e+00 | 92  0.01505 -3.84160e+00 | 93 -0.02534  6.68160e-01
 94 -0.03943  1.57807e+00 | 95 -0.00580  7.71752e-01 | 96 -0.02956  1.94758e+00
 97 -0.01138  2.06483e+00 | 98 -0.03310  1.96956e+00 | 99  0.00561  2.96338e+00
100 -0.03961  7.17061e-01 |101 -0.00435  1.83275e+00 |102 -0.00030  1.75827e+00
103  0.00013  1.74540e+00 |104 -0.00011 -9.06085e+00 |105 -0.39784  1.84003e+01
106 -0.25593 -3.34638e+00 |107 -0.23663  7.63531e+00 |
107 variables; iteration 40; function evaluation 56; phase 4
Function value 5.4117769e+02; maximum gradient component mag 9.0701e+00
Var    Value     Gradient |Var    Value     Gradient |Var    Value     Gradient
  1 -0.42494 -5.97122e+00 |  2 -0.42299  3.18057e+00 |  3 -0.41012 -4.52158e-01
  4  0.62339  9.07011e+00 |  5 -0.00005 -2.21317e-01 |  6 -0.00001 -4.82609e-02
  7 -0.00001 -5.89869e-02 |  8 -0.00001 -7.21052e-02 |  9  0.00015 -2.80373e-01
 10  0.00015 -2.80375e-01 | 11  0.00017 -2.80406e-01 | 12  0.00018 -2.80485e-01
 13  0.00019 -2.80638e-01 | 14  0.00021 -2.80907e-01 | 15  0.00024 -2.81339e-01
 16  0.00131 -2.85655e-01 | 17  0.00030 -2.83119e-01 | 18  0.00035 -2.84693e-01
 19  0.00040 -2.86848e-01 | 20  0.00047 -2.88718e-01 | 21  0.00052 -2.90558e-01
 22  0.00060 -2.91487e-01 | 23  0.00069 -2.90044e-01 | 24  0.00084 -2.84629e-01
 25  0.00152 -2.72973e-01 | 26  0.00105 -2.66605e-01 | 27  0.00112 -2.71852e-01
 28  0.00114 -2.94706e-01 | 29  0.00249 -2.82603e-01 | 30  0.00073 -2.46969e-01
 31  0.00027 -2.51387e-01 | 32 -0.00052 -2.20216e-01 | 33 -0.00065 -2.55763e-01
 34 -0.00202 -2.30669e-01 | 35  0.00698 -3.34684e-01 | 36  0.01165 -1.24691e-01
 37 -0.00590 -2.42545e-01 | 38  0.00476 -3.68225e-01 | 39  0.01073 -1.32890e-01
 40  0.00149 -8.46390e-02 | 41 -0.00603 -2.54469e-01 | 42 -0.00767 -1.77324e-01
 43  0.00309 -1.73887e-01 | 44 -0.00491 -1.62070e-01 | 45 -0.00738 -1.53637e-01
 46 -0.00028 -1.49954e-01 | 47 -0.00973 -2.76099e-01 | 48 -0.00485 -1.75832e-01
 49 -0.00381 -1.50986e-01 | 50 -0.00263 -1.48638e-01 | 51 -0.00531 -1.53989e-01
 52  0.01667 -1.68577e-01 | 53 -0.00168 -1.29891e-01 | 54  0.00107 -1.24722e-01
 55  0.00879  7.61740e-02 | 56  0.00588 -1.48769e-01 | 57  0.02153 -2.43812e-01
 58  0.01053 -1.87492e-01 | 59  0.00020 -1.32140e-02 | 60  0.00574 -9.41321e-02
 61  0.00741 -1.19397e-01 | 62  0.01212 -1.51421e-02 | 63  0.00314 -2.86613e-02
 64  0.00458  5.25837e-02 | 65  0.03494  5.80101e-01 | 66  0.01726  8.11706e-01
 67  0.00749  8.00870e-01 | 68  0.02941  8.66364e-01 | 69 -0.02303  1.28581e-01
 70 -0.01259 -1.43796e-01 | 71  0.03721  5.83390e-01 | 72  0.07133  1.62231e+00
 73  0.01544  1.52238e+00 | 74 -0.01637 -3.20299e-01 | 75 -0.00841  1.47367e+00
 76 -0.01289  1.84015e+00 | 77 -0.00716  9.07930e-01 | 78 -0.01697 -4.82174e-01
 79  0.01944  8.70798e-01 | 80 -0.05999 -5.87144e-01 | 81  0.04714  1.14344e+00
 82  0.00605  6.12407e-01 | 83 -0.01014 -2.10626e-01 | 84  0.01518 -1.65389e-01
 85  0.00991  1.43744e+00 | 86 -0.03123 -9.99968e-01 | 87 -0.01101  1.93027e-01
 88 -0.02879 -3.47369e-01 | 89 -0.01434 -1.36306e-01 | 90 -0.03510  2.72498e-01
 91  0.05632  6.91391e-01 | 92  0.01523  8.86577e-01 | 93 -0.02540  2.12718e-01
 94 -0.03933  1.37624e-02 | 95 -0.00592 -1.57269e+00 | 96 -0.02957 -1.83390e+00
 97 -0.01150 -7.97927e-01 | 98 -0.03286  1.10334e+00 | 99  0.00541 -2.29409e+00
100 -0.03908  1.65568e+00 |101 -0.00387  1.85002e-01 |102 -0.00032 -2.97816e-01
103  0.00011 -2.80621e-01 |104  0.00014  1.45598e+00 |105 -0.39807 -2.73889e+00
106 -0.25263  1.92273e-01 |107 -0.23526 -5.60715e-01 |

 - final statistics:
107 variables; iteration 55; function evaluation 78
Function value 5.4118e+02; maximum gradient component mag 3.0709e-01
Exit code = 1;  converg criter 1.0000e+00
Var    Value     Gradient |Var    Value     Gradient |Var    Value     Gradient
  1 -0.42481 -8.11463e-02 |  2 -0.42298  2.95839e-01 |  3 -0.41015  9.81765e-02
  4  0.62341  3.07087e-01 |  5  0.00007 -3.74451e-02 |  6  0.00002 -1.01110e-02
  7  0.00002 -1.22096e-02 |  8  0.00002 -1.47028e-02 |  9  0.00018  8.88127e-03
 10  0.00018  8.56385e-03 | 11  0.00019  8.17234e-03 | 12  0.00021  7.68945e-03
 13  0.00022  7.09433e-03 | 14  0.00024  6.36235e-03 | 15  0.00027  5.48056e-03
 16  0.00134  3.91543e-03 | 17  0.00033  3.11397e-03 | 18  0.00038  1.60379e-03
 19  0.00043 -1.07333e-04 | 20  0.00050 -2.13772e-03 | 21  0.00055 -4.34128e-03
 22  0.00063 -6.87340e-03 | 23  0.00072 -1.00676e-02 | 24  0.00086 -1.46653e-02
 25  0.00153 -2.22319e-02 | 26  0.00105 -2.96336e-02 | 27  0.00112 -3.43798e-02
 28  0.00116 -3.24218e-02 | 29  0.00249 -4.58116e-02 | 30  0.00071 -5.36865e-02
 31  0.00025 -5.09719e-02 | 32 -0.00053 -2.57353e-02 | 33 -0.00065 -3.37581e-02
 34 -0.00202 -1.58642e-02 | 35  0.00705 -7.04828e-03 | 36  0.01158 -4.67377e-02
 37 -0.00589 -1.97142e-02 | 38  0.00484 -4.98319e-02 | 39  0.01069 -3.81457e-03
 40  0.00140 -5.67263e-02 | 41 -0.00598  2.83174e-02 | 42 -0.00773 -9.67505e-02
 43  0.00306 -5.51065e-02 | 44 -0.00496 -9.25373e-02 | 45 -0.00742 -7.70503e-02
 46 -0.00034 -1.12168e-01 | 47 -0.00965  3.03987e-02 | 48 -0.00483 -2.55734e-03
 49 -0.00382 -6.08314e-02 | 50 -0.00264 -8.02645e-02 | 51 -0.00525  6.15319e-02
 52  0.01683  2.45783e-01 | 53 -0.00163  5.24708e-02 | 54  0.00113  2.19959e-02
 55  0.00867 -1.04642e-01 | 56  0.00596  1.98210e-02 | 57  0.02173  1.14418e-01
 58  0.01063 -1.52588e-02 | 59  0.00023  4.21796e-02 | 60  0.00581  1.66810e-02
 61  0.00758  1.50811e-01 | 62  0.01213 -1.05982e-01 | 63  0.00312 -1.06701e-01
 64  0.00462  2.88626e-02 | 65  0.03485  1.66786e-02 | 66  0.01709  6.39655e-02
 67  0.00733  1.86955e-02 | 68  0.02931  3.37380e-02 | 69 -0.02307 -1.64260e-02
 70 -0.01253  7.84792e-03 | 71  0.03720  3.05508e-02 | 72  0.07131  6.54499e-02
 73  0.01531  3.88271e-02 | 74 -0.01631  1.65948e-03 | 75 -0.00849  2.39645e-02
 76 -0.01300  4.82762e-02 | 77 -0.00719 -2.81173e-03 | 78 -0.01696  1.88208e-03
 79  0.01943  2.53229e-02 | 80 -0.05995 -3.83486e-03 | 81  0.04714  3.53387e-02
 82  0.00603  1.68440e-02 | 83 -0.01010  1.95245e-02 | 84  0.01518  8.90898e-03
 85  0.00986  2.54186e-02 | 86 -0.03118  8.90672e-03 | 87 -0.01102 -6.08573e-03
 88 -0.02880 -1.36988e-02 | 89 -0.01434  1.91444e-02 | 90 -0.03515 -1.45083e-02
 91  0.05631  1.87970e-02 | 92  0.01518  1.60179e-02 | 93 -0.02543 -1.41607e-02
 94 -0.03937  1.56662e-02 | 95 -0.00585 -1.83542e-02 | 96 -0.02951 -3.73404e-02
 97 -0.01147  1.53443e-02 | 98 -0.03299  1.42814e-02 | 99  0.00554 -3.74507e-02
100 -0.03932  2.60801e-02 |101 -0.00406  1.27720e-01 |102 -0.00029 -6.63626e-03
103  0.00014  1.02674e-02 |104 -0.00004  2.15365e-02 |105 -0.39810 -6.12782e-02
106 -0.25321  1.87782e-03 |107 -0.23560 -6.42597e-03 |

Initial statistics: 110 variables; iteration 0; function evaluation 0; phase 5
Function value 5.4117605e+02; maximum gradient component mag 3.0976e+02
Var    Value     Gradient |Var    Value     Gradient |Var    Value     Gradient
  1 -0.42481 -8.11463e-02 |  2 -0.42298  2.95839e-01 |  3 -0.41015  9.81765e-02
  4 -0.41222 -1.91552e+01 |  5 -0.41222  8.21915e+00 |  6  0.62341  3.07087e-01
  7  0.00007 -3.74451e-02 |  8  0.00002 -1.01110e-02 |  9  0.00002 -1.22096e-02
 10  0.00002 -1.47028e-02 | 11  0.00018  9.06619e-03 | 12  0.00018  8.74876e-03
 13  0.00019  8.35726e-03 | 14  0.00021  7.87437e-03 | 15  0.00022  7.27925e-03
 16  0.00024  6.54727e-03 | 17  0.00027  5.66547e-03 | 18  0.00134  4.10035e-03
 19  0.00033  3.29889e-03 | 20  0.00038  1.78871e-03 | 21  0.00043  7.75863e-05
 22  0.00050 -1.95280e-03 | 23  0.00055 -4.15636e-03 | 24  0.00063 -6.68848e-03
 25  0.00072 -9.88266e-03 | 26  0.00086 -1.44803e-02 | 27  0.00153 -2.20470e-02
 28  0.00105 -2.94487e-02 | 29  0.00112 -3.41949e-02 | 30  0.00116 -3.22368e-02
 31  0.00249 -4.56267e-02 | 32  0.00071 -5.35015e-02 | 33  0.00025 -5.07869e-02
 34 -0.00053 -2.55504e-02 | 35 -0.00065 -3.35732e-02 | 36 -0.00202 -1.56793e-02
 37  0.00705 -6.86337e-03 | 38  0.01158 -4.65528e-02 | 39 -0.00589 -1.95293e-02
 40  0.00484 -4.96470e-02 | 41  0.01069 -3.62968e-03 | 42  0.00140 -5.65414e-02
 43 -0.00598  2.85023e-02 | 44 -0.00773 -9.65656e-02 | 45  0.00306 -5.49216e-02
 46 -0.00496 -9.23524e-02 | 47 -0.00742 -7.68654e-02 | 48 -0.00034 -1.11983e-01
 49 -0.00965  3.05836e-02 | 50 -0.00483 -2.37242e-03 | 51 -0.00382 -6.06465e-02
 52 -0.00264 -8.00796e-02 | 53 -0.00525  6.17169e-02 | 54  0.01683  2.45968e-01
 55 -0.00163  5.26558e-02 | 56  0.00113  2.21809e-02 | 57  0.00867 -1.04457e-01
 58  0.00596  2.00059e-02 | 59  0.02173  1.14603e-01 | 60  0.01063 -1.50739e-02
 61  0.00023  4.23645e-02 | 62  0.00581  1.68659e-02 | 63  0.00758  1.50996e-01
 64  0.01213 -1.05797e-01 | 65  0.00312 -1.06516e-01 | 66  0.00462  2.90475e-02
 67  0.03485  1.68632e-02 | 68  0.01709  6.41503e-02 | 69  0.00733  1.88804e-02
 70  0.02931  3.39227e-02 | 71 -0.02307 -1.62412e-02 | 72 -0.01253  8.03280e-03
 73  0.03720  3.07354e-02 | 74  0.07131  6.56337e-02 | 75  0.01531  3.90120e-02
 76 -0.01631  1.84433e-03 | 77 -0.00849  2.41494e-02 | 78 -0.01300  4.84611e-02
 79 -0.00719 -2.62682e-03 | 80 -0.01696  2.06693e-03 | 81  0.01943  2.55077e-02
 82 -0.05995 -3.65075e-03 | 83  0.04714  3.55231e-02 | 84  0.00603  1.70290e-02
 85 -0.01010  1.97094e-02 | 86  0.01518  9.09385e-03 | 87  0.00986  2.56035e-02
 88 -0.03118  9.09141e-03 | 89 -0.01102 -5.90083e-03 | 90 -0.02880 -1.35141e-02
 91 -0.01434  1.93292e-02 | 92 -0.03515 -1.43237e-02 | 93  0.05631  1.89812e-02
 94  0.01518  1.62028e-02 | 95 -0.02543 -1.39760e-02 | 96 -0.03937  1.58507e-02
 97 -0.00585 -1.81693e-02 | 98 -0.02951 -3.71557e-02 | 99 -0.01147  1.55292e-02
100 -0.03299  1.44661e-02 |101  0.00554 -3.72658e-02 |102 -0.03932  2.62647e-02
103 -0.00406  1.27905e-01 |104 -0.00029 -6.45135e-03 |105  0.00014  1.04523e-02
106  0.00000  3.09762e+02 |107 -0.00004  2.15365e-02 |108 -0.39810 -6.12782e-02
109 -0.25321  1.87782e-03 |110 -0.23560 -6.42597e-03 |

Intermediate statistics: 110 variables; iteration 20; function evaluation 23; phase 5
Function value 5.4090068e+02; maximum gradient component mag 2.3376e+02
Var    Value     Gradient |Var    Value     Gradient |Var    Value     Gradient
  1 -0.42365  2.86982e+01 |  2 -0.42208 -5.37231e+01 |  3 -0.41229 -1.21241e+01
  4 -0.40291 -7.32439e+00 |  5 -0.43306 -1.54455e+00 |  6  0.62460  7.65293e+00
  7  0.00008 -5.83777e-02 |  8  0.00002 -1.44866e-02 |  9  0.00002 -1.75711e-02
 10  0.00003 -2.12758e-02 | 11  0.00011 -1.19505e+00 | 12  0.00012 -1.19764e+00
 13  0.00013 -1.20079e+00 | 14  0.00014 -1.20463e+00 | 15  0.00016 -1.20930e+00
 16  0.00018 -1.21498e+00 | 17  0.00020 -1.22173e+00 | 18  0.00128 -1.23103e+00
 19  0.00027 -1.23976e+00 | 20  0.00032 -1.25147e+00 | 21  0.00037 -1.26530e+00
 22  0.00044 -1.28244e+00 | 23  0.00049 -1.30217e+00 | 24  0.00057 -1.32527e+00
 25  0.00066 -1.35225e+00 | 26  0.00080 -1.38397e+00 | 27  0.00146 -1.42295e+00
 28  0.00097 -1.46105e+00 | 29  0.00103 -1.50124e+00 | 30  0.00103 -1.53850e+00
 31  0.00231 -1.60250e+00 | 32  0.00047 -1.62587e+00 | 33 -0.00006 -1.68431e+00
 34 -0.00086 -1.71980e+00 | 35 -0.00095 -1.78693e+00 | 36 -0.00236 -1.87165e+00
 37  0.00673 -2.08675e+00 | 38  0.01146 -2.00822e+00 | 39 -0.00615 -2.03605e+00
 40  0.00487 -2.03143e+00 | 41  0.01116 -1.91667e+00 | 42  0.00126 -2.08355e+00
 43 -0.00602 -2.08951e+00 | 44 -0.00783 -2.24520e+00 | 45  0.00277 -2.39565e+00
 46 -0.00527 -2.68386e+00 | 47 -0.00764 -2.80099e+00 | 48 -0.00037 -3.01571e+00
 49 -0.00974 -2.82691e+00 | 50 -0.00500 -2.92863e+00 | 51 -0.00396 -3.35598e+00
 52 -0.00277 -3.62693e+00 | 53 -0.00548 -3.71567e+00 | 54  0.01657 -4.72778e+00
 55 -0.00203 -4.00766e+00 | 56  0.00089 -4.62286e+00 | 57  0.00888 -5.14002e+00
 58  0.00582 -5.33828e+00 | 59  0.02178 -6.48582e+00 | 60  0.01060 -5.56039e+00
 61 -0.00005 -5.40453e+00 | 62  0.00567 -6.11911e+00 | 63  0.00732 -6.30070e+00
 64  0.01152 -7.36180e+00 | 65  0.00243 -6.60875e+00 | 66  0.00445 -6.93547e+00
 67  0.03442 -1.05029e+01 | 68  0.01686 -8.13470e+00 | 69  0.00711 -7.66737e+00
 70  0.02906 -9.50016e+00 | 71 -0.02335 -4.84410e+00 | 72 -0.01267 -5.57466e+00
 73  0.03661 -1.13752e+01 | 74  0.07057 -2.16578e+01 | 75  0.01469 -1.04630e+01
 76 -0.01622 -3.71698e+00 | 77 -0.00846 -2.39521e+00 | 78 -0.01290  3.94188e+00
 79 -0.00726 -1.68191e-01 | 80 -0.01693  5.07247e+00 | 81  0.01929  5.07743e+00
 82 -0.05966  4.95358e+00 | 83  0.04733  2.63577e+01 | 84  0.00569  4.30542e+00
 85 -0.01073 -1.95851e+00 | 86  0.01478  2.58345e+00 | 87  0.00954  4.06914e+00
 88 -0.03121  4.63413e+00 | 89 -0.01094  5.65650e+00 | 90 -0.02843  8.84737e+00
 91 -0.01410  6.05519e+00 | 92 -0.03477  7.63510e+00 | 93  0.05628  1.75846e+01
 94  0.01570  1.96665e+01 | 95 -0.02495  4.70781e+00 | 96 -0.03829  9.07527e+00
 97 -0.00476  8.07127e+00 | 98 -0.02818  8.49757e+00 | 99 -0.01009  6.36023e+00
100 -0.03103  1.20109e+01 |101  0.00735  7.10294e+00 |102 -0.03848 -4.26004e+00
103 -0.00416 -1.24738e+00 |104 -0.00035 -1.15215e+00 |105  0.00007 -1.18335e+00
106 -0.00069  2.33763e+02 |107 -0.00087 -1.10461e+01 |108 -0.39761  2.49087e+01
109 -0.26310 -6.55337e+00 |110 -0.24158  1.01918e+01 |
110 variables; iteration 40; function evaluation 44; phase 5
Function value 5.4080507e+02; maximum gradient component mag 8.6025e+01
Var    Value     Gradient |Var    Value     Gradient |Var    Value     Gradient
  1 -0.42428  1.22055e+01 |  2 -0.42166 -2.54176e+01 |  3 -0.41260 -6.63003e+00
  4 -0.40002 -2.42911e+00 |  5 -0.43696 -1.19128e+00 |  6  0.62444 -3.28662e+00
  7  0.00016  7.08264e-02 |  8  0.00004  1.83184e-02 |  9  0.00004  2.21605e-02
 10  0.00005  2.67471e-02 | 11  0.00008 -3.63184e-01 | 12  0.00009 -3.60696e-01
 13  0.00011 -3.57670e-01 | 14  0.00012 -3.53996e-01 | 15  0.00014 -3.49547e-01
 16  0.00017 -3.44165e-01 | 17  0.00020 -3.37939e-01 | 18  0.00129 -3.29288e-01
 19  0.00028 -3.21513e-01 | 20  0.00034 -3.11121e-01 | 21  0.00041 -2.99132e-01
 22  0.00049 -2.82974e-01 | 23  0.00056 -2.65411e-01 | 24  0.00066 -2.45213e-01
 25  0.00078 -2.22151e-01 | 26  0.00094 -1.95819e-01 | 27  0.00164 -1.65484e-01
 28  0.00118 -1.36020e-01 | 29  0.00127 -1.03252e-01 | 30  0.00130 -6.61795e-02
 31  0.00264 -4.15388e-03 | 32  0.00084  5.27703e-02 | 33  0.00040  1.75268e-01
 34 -0.00036  2.41755e-01 | 35 -0.00040  2.93387e-01 | 36 -0.00171  4.15810e-01
 37  0.00720 -2.24619e-02 | 38  0.01144 -6.67199e-01 | 39 -0.00572 -9.81324e-02
 40  0.00341 -2.76947e+00 | 41  0.01252  1.29790e+00 | 42  0.00041 -1.99967e+00
 43 -0.00627 -1.13123e+00 | 44 -0.00767 -6.38743e-01 | 45  0.00266 -9.51287e-01
 46 -0.00481 -2.08082e-01 | 47 -0.00729 -4.63853e-01 | 48 -0.00058 -1.53864e+00
 49 -0.00950 -7.51628e-01 | 50 -0.00531 -1.58789e+00 | 51 -0.00412 -1.57047e+00
 52 -0.00293 -1.71083e+00 | 53 -0.00519 -9.52942e-01 | 54  0.01679 -1.51321e+00
 55 -0.00197 -1.47781e+00 | 56  0.00029 -2.83821e+00 | 57  0.00858 -2.63058e+00
 58  0.00571 -2.45492e+00 | 59  0.02192 -2.62651e+00 | 60  0.01029 -2.73884e+00
 61 -0.00021 -2.45116e+00 | 62  0.00551 -2.85560e+00 | 63  0.00657 -4.00119e+00
 64  0.01051 -5.73751e+00 | 65  0.00304 -1.83938e+00 | 66  0.00411 -3.51828e+00
 67  0.03485 -3.46037e+00 | 68  0.01753 -1.59709e+00 | 69  0.00699 -3.99598e+00
 70  0.02917 -4.46597e+00 | 71 -0.02333 -2.05818e+00 | 72 -0.01317 -4.50104e+00
 73  0.03687 -4.05412e+00 | 74  0.07077 -1.10059e+01 | 75  0.01465 -7.73308e+00
 76 -0.01570  1.94830e+00 | 77 -0.00819  2.51761e+00 | 78 -0.01202  1.85680e+01
 79 -0.00677  9.33970e+00 | 80 -0.01687  3.07299e+00 | 81  0.01904 -2.93252e-01
 82 -0.06011 -4.94248e-01 | 83  0.04670  7.01321e+00 | 84  0.00548 -1.63705e+00
 85 -0.01039  2.69563e+00 | 86  0.01480 -2.70402e-01 | 87  0.00965  4.16942e+00
 88 -0.03171 -6.52762e+00 | 89 -0.01145 -5.95688e+00 | 90 -0.02868  8.61892e-02
 91 -0.01437 -1.05352e+00 | 92 -0.03473  5.27438e+00 | 93  0.05619  8.07770e+00
 94  0.01550  8.81788e+00 | 95 -0.02506  1.29525e+00 | 96 -0.03858  2.16024e+00
 97 -0.00498  1.11612e+00 | 98 -0.02868 -2.35249e+00 | 99 -0.01006  5.39397e+00
100 -0.03107  1.01007e+01 |101  0.00686 -2.23341e-02 |102 -0.03815 -1.38107e+00
103 -0.00402 -3.80325e-01 |104 -0.00035 -2.90475e-01 |105  0.00003 -3.74515e-01
106 -0.00099  8.60246e+01 |107  0.00091 -3.79079e+00 |108 -0.39727  1.03185e+01
109 -0.26170 -1.81082e+00 |110 -0.24072  5.10812e+00 |
110 variables; iteration 60; function evaluation 75; phase 5
Function value 5.4075395e+02; maximum gradient component mag -1.3819e+01
Var    Value     Gradient |Var    Value     Gradient |Var    Value     Gradient
  1 -0.42441  1.63726e+00 |  2 -0.42176 -1.38189e+01 |  3 -0.41240 -4.95074e+00
  4 -0.39909 -4.77951e-01 |  5 -0.43670 -4.23403e-01 |  6  0.62445 -9.18186e+00
  7  0.00010 -3.14144e-03 |  8  0.00002 -7.41892e-04 |  9  0.00003 -9.00334e-04
 10  0.00003 -1.09113e-03 | 11  0.00016  1.92692e-01 | 12  0.00016  1.91978e-01
 13  0.00018  1.91116e-01 | 14  0.00019  1.90078e-01 | 15  0.00021  1.88829e-01
 16  0.00023  1.87338e-01 | 17  0.00025  1.85475e-01 | 18  0.00133  1.83115e-01
 19  0.00032  1.80688e-01 | 20  0.00037  1.77618e-01 | 21  0.00043  1.74027e-01
 22  0.00049  1.70720e-01 | 23  0.00055  1.66818e-01 | 24  0.00063  1.62761e-01
 25  0.00072  1.58767e-01 | 26  0.00087  1.55115e-01 | 27  0.00154  1.51843e-01
 28  0.00106  1.49587e-01 | 29  0.00112  1.47962e-01 | 30  0.00112  1.46514e-01
 31  0.00241  1.41671e-01 | 32  0.00057  1.31331e-01 | 33  0.00003  1.07875e-01
 34 -0.00078  9.09040e-02 | 35 -0.00084  1.24605e-01 | 36 -0.00221  1.54980e-01
 37  0.00692  1.42831e-01 | 38  0.01151  1.05809e-01 | 39 -0.00605 -8.71169e-03
 40  0.00485 -5.41227e-02 | 41  0.01099 -1.39689e-05 | 42  0.00122 -3.84595e-02
 43 -0.00622 -2.68514e-01 | 44 -0.00781 -8.64827e-02 | 45  0.00278  6.31923e-02
 46 -0.00489  4.92599e-01 | 47 -0.00727  4.53936e-01 | 48 -0.00036 -1.07791e-01
 49 -0.00956  1.44371e-01 | 50 -0.00506 -1.34106e-01 | 51 -0.00396 -1.77290e-01
 52 -0.00281 -3.12351e-01 | 53 -0.00538 -1.61112e-01 | 54  0.01627 -1.05857e+00
 55 -0.00199 -2.34270e-01 | 56  0.00077 -6.51972e-01 | 57  0.00876 -6.32089e-01
 58  0.00569 -8.37077e-01 | 59  0.02190 -4.92101e-01 | 60  0.01050 -5.62267e-01
 61 -0.00005 -4.84678e-01 | 62  0.00571 -5.69361e-01 | 63  0.00724 -6.55525e-01
 64  0.01160 -1.07860e+00 | 65  0.00277 -3.83469e-01 | 66  0.00440 -9.91199e-01
 67  0.03457 -1.16349e+00 | 68  0.01711 -1.40287e-01 | 69  0.00780  4.55093e-01
 70  0.02912 -1.76360e+00 | 71 -0.02380 -2.12095e+00 | 72 -0.01264 -8.70616e-01
 73  0.03684 -1.33920e+00 | 74  0.07106 -2.05680e+00 | 75  0.01514 -1.49832e+00
 76 -0.01604 -2.69490e-01 | 77 -0.00833 -9.67835e-01 | 78 -0.01281  3.04126e+00
 79 -0.00704  2.62008e+00 | 80 -0.01703  3.09445e-01 | 81  0.01918 -4.00036e-01
 82 -0.06012 -8.91986e-02 | 83  0.04664  3.50430e-01 | 84  0.00556 -4.36699e-01
 85 -0.01047  8.42336e-03 | 86  0.01485 -2.51040e-01 | 87  0.00962  9.04436e-01
 88 -0.03139 -1.55855e+00 | 89 -0.01098 -9.50865e-02 | 90 -0.02854  1.56908e+00
 91 -0.01431 -2.26372e+00 | 92 -0.03492  1.55956e+00 | 93  0.05618  1.01787e+00
 94  0.01528  1.41189e+00 | 95 -0.02500  1.00677e-01 | 96 -0.03871 -1.01279e-02
 97 -0.00485  6.53286e-01 | 98 -0.02850 -3.63246e-02 | 99 -0.01021  9.64969e-01
100 -0.03162  2.01545e+00 |101  0.00701  6.30197e-02 |102 -0.03811  1.40528e-01
103 -0.00392 -3.20013e-02 |104 -0.00030  1.98820e-01 |105  0.00011  1.95993e-01
106 -0.00123  8.79629e+00 |107 -0.00004 -1.11731e+00 |108 -0.39787  2.44842e+00
109 -0.26414 -3.66341e-01 |110 -0.24165  1.04230e+00 |
110 variables; iteration 80; function evaluation 109; phase 5
Function value 5.4075089e+02; maximum gradient component mag 9.2418e-02
Var    Value     Gradient |Var    Value     Gradient |Var    Value     Gradient
  1 -0.42442  1.60014e-02 |  2 -0.42180 -8.63963e-02 |  3 -0.41234 -2.93890e-02
  4 -0.39898 -3.69103e-03 |  5 -0.43647 -2.93921e-03 |  6  0.62452 -5.38916e-02
  7  0.00010 -9.59589e-05 |  8  0.00002  4.96461e-05 |  9  0.00003  5.39231e-05
 10  0.00003  5.61502e-05 | 11  0.00015 -4.17199e-04 | 12  0.00016 -3.81594e-04
 13  0.00017 -3.35643e-04 | 14  0.00019 -2.76468e-04 | 15  0.00021 -2.00456e-04
 16  0.00023 -1.04551e-04 | 17  0.00025  2.52438e-05 | 18  0.00133  1.88455e-04
 19  0.00032  3.55492e-04 | 20  0.00037  5.32367e-04 | 21  0.00043  6.50709e-04
 22  0.00050  5.64717e-04 | 23  0.00056  2.57884e-04 | 24  0.00064 -4.14259e-04
 25  0.00073 -1.47438e-03 | 26  0.00088 -2.67822e-03 | 27  0.00155 -3.41345e-03
 28  0.00107 -2.79090e-03 | 29  0.00113 -6.88283e-04 | 30  0.00113  1.63823e-03
 31  0.00242  2.34609e-03 | 32  0.00058 -3.29964e-03 | 33  0.00005 -1.37362e-03
 34 -0.00076 -1.22188e-02 | 35 -0.00083  5.62807e-03 | 36 -0.00223 -3.23642e-03
 37  0.00690 -1.59651e-03 | 38  0.01149 -3.82265e-03 | 39 -0.00599  2.32751e-04
 40  0.00493 -9.25245e-04 | 41  0.01100 -1.20883e-03 | 42  0.00126 -3.74295e-03
 43 -0.00605 -6.57863e-03 | 44 -0.00775  1.43925e-02 | 45  0.00273  1.13474e-03
 46 -0.00518  5.69735e-03 | 47 -0.00754  8.29770e-03 | 48 -0.00034 -2.27223e-03
 49 -0.00967  1.41559e-02 | 50 -0.00504 -2.22709e-03 | 51 -0.00393  5.89407e-03
 52 -0.00272 -4.57021e-03 | 53 -0.00540 -2.83568e-03 | 54  0.01654 -8.09637e-03
 55 -0.00201  7.70796e-03 | 56  0.00095 -1.35598e-03 | 57  0.00883 -2.22004e-03
 58  0.00591  1.80038e-03 | 59  0.02179 -2.66456e-03 | 60  0.01046 -1.32635e-02
 61 -0.00007 -1.28347e-02 | 62  0.00568  3.82008e-05 | 63  0.00722 -9.59891e-03
 64  0.01172 -8.62343e-03 | 65  0.00262 -7.08219e-03 | 66  0.00454 -1.26622e-02
 67  0.03455 -4.09993e-05 | 68  0.01684 -4.28435e-03 | 69  0.00741  6.37741e-03
 70  0.02925 -1.28871e-02 | 71 -0.02324 -1.71853e-02 | 72 -0.01257 -6.37525e-03
 73  0.03684 -8.75663e-03 | 74  0.07103 -1.28110e-02 | 75  0.01520 -1.10740e-02
 76 -0.01608 -1.32784e-03 | 77 -0.00828 -7.23809e-03 | 78 -0.01300  2.75251e-02
 79 -0.00720  2.40016e-02 | 80 -0.01708  3.39311e-03 | 81  0.01919 -1.89735e-03
 82 -0.06014 -6.66696e-04 | 83  0.04662  5.31532e-03 | 84  0.00555 -2.94114e-03
 85 -0.01048  6.51940e-04 | 86  0.01484 -1.37904e-03 | 87  0.00957  8.57273e-03
 88 -0.03131 -1.34947e-02 | 89 -0.01098 -6.39896e-04 | 90 -0.02865  1.36116e-02
 91 -0.01415 -1.95813e-02 | 92 -0.03502  1.34180e-02 | 93  0.05617  9.37588e-03
 94  0.01522  1.21938e-02 | 95 -0.02498  6.16557e-04 | 96 -0.03871 -4.33495e-04
 97 -0.00486  5.36323e-03 | 98 -0.02850 -7.34417e-04 | 99 -0.01024  7.98970e-03
100 -0.03175  1.71798e-02 |101  0.00705  4.13078e-05 |102 -0.03813  7.56857e-04
103 -0.00378 -2.13718e-03 |104 -0.00030  4.06623e-03 |105  0.00011 -5.46926e-04
106 -0.00128  9.24175e-02 |107 -0.00038 -8.75352e-03 |108 -0.39805  1.85034e-02
109 -0.26482 -2.82677e-03 |110 -0.24193  8.67233e-03 |

 - final statistics:
110 variables; iteration 100; function evaluation 150
Function value 5.4075e+02; maximum gradient component mag 3.2766e-05
Exit code = 1;  converg criter 1.0000e-04
Var    Value     Gradient |Var    Value     Gradient |Var    Value     Gradient
  1 -0.42442  5.86932e-06 |  2 -0.42180 -2.24107e-05 |  3 -0.41234 -7.21460e-06
  4 -0.39898 -1.00367e-06 |  5 -0.43647 -8.39727e-07 |  6  0.62452 -1.22094e-05
  7  0.00010  2.49000e-07 |  8  0.00002 -4.80116e-07 |  9  0.00003 -5.35366e-07
 10  0.00003 -5.79492e-07 | 11  0.00015  1.84313e-06 | 12  0.00016  1.51044e-06
 13  0.00018  1.08183e-06 | 14  0.00019  5.34946e-07 | 15  0.00021 -1.52423e-07
 16  0.00023 -9.84649e-07 | 17  0.00025 -2.00778e-06 | 18  0.00133 -3.09149e-06
 19  0.00032 -3.83401e-06 | 20  0.00037 -3.90467e-06 | 21  0.00043 -2.56135e-06
 22  0.00050 -5.18054e-07 | 23  0.00056  1.85468e-06 | 24  0.00064  1.92591e-06
 25  0.00074 -1.97446e-06 | 26  0.00088 -5.55416e-06 | 27  0.00155 -1.90299e-07
 28  0.00107  3.98831e-06 | 29  0.00113 -4.61941e-07 | 30  0.00113  9.33380e-07
 31  0.00242  8.69015e-07 | 32  0.00058 -4.69620e-06 | 33  0.00006 -1.95419e-06
 34 -0.00075 -5.68827e-07 | 35 -0.00083  6.82083e-06 | 36 -0.00223 -5.61190e-06
 37  0.00690 -3.86118e-06 | 38  0.01150 -5.54668e-06 | 39 -0.00599 -8.88673e-07
 40  0.00493  2.18144e-06 | 41  0.01100  1.84073e-06 | 42  0.00126  4.34136e-07
 43 -0.00605 -3.12159e-06 | 44 -0.00776  4.90678e-06 | 45  0.00273  3.75148e-06
 46 -0.00518 -9.34767e-07 | 47 -0.00754  4.80387e-06 | 48 -0.00034  1.69081e-07
 49 -0.00968  4.93395e-06 | 50 -0.00504  1.13947e-05 | 51 -0.00394 -2.04197e-06
 52 -0.00272 -3.67068e-06 | 53 -0.00540  5.00554e-06 | 54  0.01654 -2.02974e-06
 55 -0.00202 -2.62623e-06 | 56  0.00095 -4.63942e-06 | 57  0.00883 -3.76355e-06
 58  0.00591  4.03818e-06 | 59  0.02178 -2.29072e-06 | 60  0.01047 -8.01871e-06
 61 -0.00007  1.74588e-06 | 62  0.00568 -1.13418e-06 | 63  0.00723 -2.92078e-06
 64  0.01172 -2.62170e-06 | 65  0.00262 -2.40611e-06 | 66  0.00455 -9.28607e-06
 67  0.03454  3.46562e-06 | 68  0.01684 -2.72144e-06 | 69  0.00740  2.47232e-06
 70  0.02925 -4.04460e-06 | 71 -0.02324 -5.83469e-06 | 72 -0.01257 -2.14411e-06
 73  0.03684 -2.61886e-06 | 74  0.07103 -3.58952e-06 | 75  0.01520 -3.56355e-06
 76 -0.01608 -4.24819e-07 | 77 -0.00828 -2.40954e-06 | 78 -0.01300  9.33538e-06
 79 -0.00720  8.16166e-06 | 80 -0.01708  1.14974e-06 | 81  0.01919 -4.37997e-07
 82 -0.06014 -3.53367e-07 | 83  0.04662  2.27972e-06 | 84  0.00555 -9.31478e-07
 85 -0.01048  2.28560e-07 | 86  0.01484 -4.24220e-07 | 87  0.00957  2.91473e-06
 88 -0.03131 -4.63690e-06 | 89 -0.01098 -2.98543e-07 | 90 -0.02865  4.44443e-06
 91 -0.01415 -6.70022e-06 | 92 -0.03503  4.29018e-06 | 93  0.05617  3.24674e-06
 94  0.01522  4.05355e-06 | 95 -0.02498 -7.76971e-10 | 96 -0.03871 -4.13094e-07
 97 -0.00486  1.58176e-06 | 98 -0.02850 -5.69016e-07 | 99 -0.01024  2.41565e-06
100 -0.03175  5.45904e-06 |101  0.00705 -3.14258e-07 |102 -0.03813 -7.50419e-08
103 -0.00378 -9.10854e-07 |104 -0.00030  5.83539e-06 |105  0.00011  3.03010e-06
106 -0.00128  3.27656e-05 |107 -0.00038 -2.40841e-06 |108 -0.39805  5.75422e-06
109 -0.26483 -9.59407e-07 |110 -0.24193  2.95509e-06 |

 - final statistics:
111 variables; iteration 0; function evaluation 0
Function value 5.4075e+02; maximum gradient component mag 3.2766e-05
Exit code = 0;  converg criter 1.0000e-04
Var    Value     Gradient |Var    Value     Gradient |Var    Value     Gradient
  1 -0.42442  5.86936e-06 |  2 -0.42180 -2.24101e-05 |  3 -0.41234 -7.21437e-06
  4 -0.39898 -1.00366e-06 |  5 -0.43647 -8.39718e-07 |  6  0.62452 -1.22090e-05
  7  0.00010  2.49000e-07 |  8  0.00002 -4.80116e-07 |  9  0.00003 -5.35366e-07
 10  0.00003 -5.79492e-07 | 11  0.00015  1.97321e-06 | 12  0.00016  1.64052e-06
 13  0.00018  1.21191e-06 | 14  0.00019  6.65028e-07 | 15  0.00021 -2.23409e-08
 16  0.00023 -8.54567e-07 | 17  0.00025 -1.87770e-06 | 18  0.00133 -2.96141e-06
 19  0.00032 -3.70393e-06 | 20  0.00037 -3.77459e-06 | 21  0.00043 -2.43127e-06
 22  0.00050 -3.87971e-07 | 23  0.00056  1.98476e-06 | 24  0.00064  2.05599e-06
 25  0.00074 -1.84438e-06 | 26  0.00088 -5.42408e-06 | 27  0.00155 -6.02169e-08
 28  0.00107  4.11839e-06 | 29  0.00113 -3.31858e-07 | 30  0.00113  1.06346e-06
 31  0.00242  9.99097e-07 | 32  0.00058 -4.56611e-06 | 33  0.00006 -1.82411e-06
 34 -0.00075 -4.38743e-07 | 35 -0.00083  6.95091e-06 | 36 -0.00223 -5.48181e-06
 37  0.00690 -3.73110e-06 | 38  0.01150 -5.41662e-06 | 39 -0.00599 -7.58594e-07
 40  0.00493  2.31152e-06 | 41  0.01100  1.97080e-06 | 42  0.00126  5.64222e-07
 43 -0.00605 -2.99151e-06 | 44 -0.00776  5.03686e-06 | 45  0.00273  3.88157e-06
 46 -0.00518 -8.04684e-07 | 47 -0.00754  4.93395e-06 | 48 -0.00034  2.99170e-07
 49 -0.00968  5.06403e-06 | 50 -0.00504  1.15248e-05 | 51 -0.00394 -1.91188e-06
 52 -0.00272 -3.54059e-06 | 53 -0.00540  5.13562e-06 | 54  0.01654 -1.89969e-06
 55 -0.00202 -2.49614e-06 | 56  0.00095 -4.50932e-06 | 57  0.00883 -3.63346e-06
 58  0.00591  4.16827e-06 | 59  0.02178 -2.16069e-06 | 60  0.01047 -7.88863e-06
 61 -0.00007  1.87598e-06 | 62  0.00568 -1.00408e-06 | 63  0.00723 -2.79069e-06
 64  0.01172 -2.49161e-06 | 65  0.00262 -2.27601e-06 | 66  0.00455 -9.15596e-06
 67  0.03454  3.59555e-06 | 68  0.01684 -2.59137e-06 | 69  0.00740  2.60242e-06
 70  0.02925 -3.91462e-06 | 71 -0.02324 -5.70468e-06 | 72 -0.01257 -2.01403e-06
 73  0.03684 -2.48895e-06 | 74  0.07103 -3.46017e-06 | 75  0.01520 -3.43347e-06
 76 -0.01608 -2.94759e-07 | 77 -0.00828 -2.27944e-06 | 78 -0.01300  9.46545e-06
 79 -0.00720  8.29176e-06 | 80 -0.01708  1.27980e-06 | 81  0.01919 -3.07943e-07
 82 -0.06014 -2.23856e-07 | 83  0.04662  2.40950e-06 | 84  0.00555 -8.01379e-07
 85 -0.01048  3.58641e-07 | 86  0.01484 -2.94151e-07 | 87  0.00957  3.04482e-06
 88 -0.03131 -4.50697e-06 | 89 -0.01098 -1.68469e-07 | 90 -0.02865  4.57439e-06
 91 -0.01415 -6.57016e-06 | 92 -0.03503  4.42007e-06 | 93  0.05617  3.37633e-06
 94  0.01522  4.18360e-06 | 95 -0.02498  1.29208e-07 | 96 -0.03871 -2.83252e-07
 97 -0.00486  1.71184e-06 | 98 -0.02850 -4.39064e-07 | 99 -0.01024  2.54571e-06
100 -0.03175  5.58896e-06 |101  0.00705 -1.84185e-07 |102 -0.03813  5.48058e-08
103 -0.00378 -7.80774e-07 |104 -0.00030  5.96547e-06 |105  0.00011  3.16018e-06
106  0.00000  0.00000e+00 |107 -0.00128  3.27658e-05 |108 -0.00038 -2.40838e-06
109 -0.39805  5.75418e-06 |110 -0.26483 -9.59404e-07 |111 -0.24193  2.95509e-06
size of file gradfil1.tmp = 0
size of file gradfil2.tmp = 0
size of file varssave.tmp = 0
size of file cmpdiff.tmp = 0
