
Initial statistics: 1 variables; iteration 0; function evaluation 0; phase 1
Function value 5.4240437e+06; maximum gradient component mag -1.5066e+08
Var    Value     Gradient |Var    Value     Gradient |Var    Value     Gradient
  1  0.63197 -1.50663e+08 |
  ic > imax  in fminim is answer attained ?
Var    Value     Gradient |Var    Value     Gradient |Var    Value     Gradient
  1  0.64395  1.64907e+04 |
Function minimizer not making progress ... is minimum attained?
Minimprove criterion = 0.0000e+00

 - final statistics:
1 variables; iteration 4; function evaluation 41
Function value 7.8393e+02; maximum gradient component mag 1.6491e+04
Exit code = 1;  converg criter 1.0000e+01
Var    Value     Gradient |Var    Value     Gradient |Var    Value     Gradient
  1  0.64395  1.64907e+04 |

Initial statistics: 98 variables; iteration 0; function evaluation 0; phase 2
Function value 7.8393198e+02; maximum gradient component mag 1.7147e+04
Var    Value     Gradient |Var    Value     Gradient |Var    Value     Gradient
  1  0.64395  1.71469e+04 |  2  0.00000 -4.98092e+02 |  3  0.00000 -4.80985e+02
  4  0.00000 -4.60437e+02 |  5  0.00000 -4.35849e+02 |  6  0.00000 -4.06568e+02
  7  0.00000 -3.71903e+02 |  8  0.00000 -3.31175e+02 |  9  0.00000 -2.83741e+02
 10  0.00000 -2.31885e+02 | 11  0.00000 -1.67654e+02 | 12  0.00000 -9.87804e+01
 13  0.00000 -2.44121e+01 | 14  0.00000  5.27038e+01 | 15  0.00000  1.30031e+02
 16  0.00000  2.02153e+02 | 17  0.00000  2.67318e+02 | 18  0.00000  3.08413e+02
 19  0.00000  3.23617e+02 | 20  0.00000  3.23325e+02 | 21  0.00000  3.70930e+02
 22  0.00000  4.30909e+02 | 23  0.00000  3.95512e+02 | 24  0.00000  4.19240e+02
 25  0.00000  4.36941e+02 | 26  0.00000  4.48134e+02 | 27  0.00000  4.63923e+02
 28  0.00000  4.77069e+02 | 29  0.00000  4.78094e+02 | 30  0.00000  4.96574e+02
 31  0.00000  4.75029e+02 | 32  0.00000  4.71809e+02 | 33  0.00000  4.24797e+02
 34  0.00000  4.67849e+02 | 35  0.00000  4.91307e+02 | 36  0.00000  4.43189e+02
 37  0.00000  4.05151e+02 | 38  0.00000  3.91181e+02 | 39  0.00000  3.84025e+02
 40  0.00000  3.77386e+02 | 41  0.00000  3.29107e+02 | 42  0.00000  2.94587e+02
 43  0.00000  2.61409e+02 | 44  0.00000  2.10836e+02 | 45  0.00000  1.62469e+02
 46  0.00000  1.20824e+02 | 47  0.00000  8.84881e+01 | 48  0.00000  7.03289e+01
 49  0.00000  6.01175e+01 | 50  0.00000  6.07705e+01 | 51  0.00000 -7.18933e+00
 52  0.00000 -5.81270e+01 | 53  0.00000 -6.29894e+01 | 54  0.00000 -6.20529e+01
 55  0.00000 -1.00122e+02 | 56  0.00000 -1.09959e+02 | 57  0.00000 -1.17086e+02
 58  0.00000 -1.84590e+02 | 59  0.00000 -1.29393e+02 | 60  0.00000 -2.31778e+02
 61  0.00000 -1.65285e+02 | 62  0.00000 -1.96382e+02 | 63  0.00000 -4.47091e+02
 64  0.00000 -1.88383e+02 | 65  0.00000 -2.18979e+02 | 66  0.00000 -3.05739e+02
 67  0.00000 -1.73498e+02 | 68  0.00000 -1.79282e+02 | 69  0.00000  6.29786e+02
 70  0.00000  3.55876e+02 | 71  0.00000  6.91939e+02 | 72  0.00000  5.55118e+02
 73  0.00000  3.63474e+02 | 74  0.00000 -3.53886e+02 | 75  0.00000  1.30630e+01
 76  0.00000  3.78706e+02 | 77  0.00000  3.62002e+02 | 78  0.00000  9.03977e+01
 79  0.00000 -5.28817e+02 | 80  0.00000  2.72691e+02 | 81  0.00000 -1.10648e+03
 82  0.00000 -1.62318e+02 | 83  0.00000 -3.89003e+02 | 84  0.00000 -2.39650e+02
 85  0.00000 -9.70447e+02 | 86  0.00000  1.54712e+02 | 87  0.00000 -2.05078e+02
 88  0.00000 -6.58317e+02 | 89  0.00000 -2.40611e+02 | 90  0.00000 -5.96034e+02
 91  0.00000 -4.30410e+02 | 92  0.00000 -3.89474e+02 | 93  0.00000 -1.17722e+03
 94  0.00000 -5.49613e+02 | 95  0.00000 -5.78102e+02 | 96  0.00000 -5.78440e+02
 97 -0.03546  1.18262e+03 | 98 -0.31026  1.85789e+02 |

Intermediate statistics: 98 variables; iteration 20; function evaluation 26; phase 2
Function value 6.9537116e+02; maximum gradient component mag 2.9913e+03
Var    Value     Gradient |Var    Value     Gradient |Var    Value     Gradient
  1  0.62572  2.99126e+03 |  2 -0.02028 -1.25409e+02 |  3 -0.01990 -1.23772e+02
  4 -0.01945 -1.21802e+02 |  5 -0.01892 -1.19442e+02 |  6 -0.01829 -1.16624e+02
  7 -0.01755 -1.13278e+02 |  8 -0.01669 -1.09323e+02 |  9 -0.01571 -1.04696e+02
 10 -0.01242 -9.79700e+01 | 11 -0.01301 -9.29870e+01 | 12 -0.01165 -8.61060e+01
 13 -0.00994 -7.83861e+01 | 14 -0.00754 -6.96621e+01 | 15 -0.00532 -6.09589e+01
 16 -0.00319 -5.27146e+01 | 17 -0.00501 -4.96974e+01 | 18 -0.00385 -4.54455e+01
 19 -0.00298 -4.36926e+01 | 20 -0.00439 -4.52063e+01 | 21  0.00298 -3.18541e+01
 22  0.00346 -3.00146e+01 | 23  0.00482 -3.21865e+01 | 24  0.00947 -2.55810e+01
 25  0.01321 -2.06168e+01 | 26  0.01706 -1.61569e+01 | 27  0.01240 -2.19405e+01
 28  0.00725 -2.82009e+01 | 29  0.01060 -2.48327e+01 | 30  0.00170 -3.55839e+01
 31  0.02093 -1.50996e+01 | 32  0.02205 -1.28355e+01 | 33  0.05890  3.32585e+01
 34  0.01788 -1.70402e+01 | 35  0.00179 -3.73624e+01 | 36  0.02352 -1.24901e+01
 37  0.03515  1.53737e+00 | 38  0.02203 -1.34680e+01 | 39  0.00709 -3.08364e+01
 40 -0.00382 -4.40836e+01 | 41  0.00547 -3.52089e+01 | 42  0.00527 -3.66169e+01
 43  0.00416 -3.90001e+01 | 44  0.01467 -2.54655e+01 | 45  0.02400 -1.15975e+01
 46  0.02543 -1.89427e+01 | 47  0.01878 -2.79153e+01 | 48  0.00795 -4.10925e+01
 49 -0.00302 -5.48082e+01 | 50 -0.01559 -7.12236e+01 | 51  0.00284 -5.06426e+01
 52  0.01575 -3.47710e+01 | 53  0.00103 -5.58184e+01 | 54 -0.01296 -7.52185e+01
 55  0.00124 -5.92232e+01 | 56 -0.01291 -8.31750e+01 | 57 -0.02731 -1.03139e+02
 58  0.00810 -7.24015e+01 | 59 -0.02964 -1.21128e+02 | 60  0.01612 -3.52536e+01
 61 -0.01499 -1.10579e+02 | 62 -0.01787 -1.27960e+02 | 63  0.04301  9.24095e+01
 64 -0.02592 -1.60684e+02 | 65 -0.01672 -1.81009e+02 | 66 -0.00952 -2.17858e+02
 67 -0.01895 -2.20109e+02 | 68 -0.00696 -8.93272e+01 | 69 -0.00963  6.49580e+02
 70 -0.01163  3.53130e+02 | 71 -0.00789  7.44642e+02 | 72 -0.00843  5.95138e+02
 73 -0.00227  5.77379e+02 | 74  0.00696  3.74836e+01 | 75  0.00221  3.22595e+02
 76  0.00014  5.96286e+02 | 77  0.00128  6.27377e+02 | 78  0.00575  4.31731e+02
 79  0.00922 -4.71299e+01 | 80  0.00167  5.42420e+02 | 81  0.01845 -3.47520e+02
 82  0.00807  2.74016e+02 | 83  0.00701  5.53962e+01 | 84  0.00556  1.79531e+02
 85  0.01421 -3.03865e+02 | 86 -0.01667  2.59025e+02 | 87 -0.00126  1.47612e+02
 88  0.00834 -1.22945e+02 | 89 -0.00470  8.03102e+01 | 90  0.00762 -8.45146e+01
 91 -0.00158 -4.13425e+01 | 92 -0.01018 -6.72151e+01 | 93  0.02475 -3.42676e+02
 94 -0.03527 -1.33666e+02 | 95 -0.02223 -1.33114e+02 | 96 -0.02214 -1.33086e+02
 97 -0.01217  3.23540e+02 | 98 -0.37829 -4.62442e+01 |
98 variables; iteration 40; function evaluation 51; phase 2
Function value 6.0840982e+02; maximum gradient component mag 7.5218e+03
Var    Value     Gradient |Var    Value     Gradient |Var    Value     Gradient
  1  0.63455  7.52179e+03 |  2  0.00107 -2.14797e+02 |  3  0.00413 -2.02317e+02
  4  0.00623 -1.89963e+02 |  5  0.00628 -1.80387e+02 |  6  0.00375 -1.75649e+02
  7 -0.00083 -1.75259e+02 |  8 -0.00569 -1.75091e+02 |  9 -0.00859 -1.68744e+02
 10 -0.00532 -1.44448e+02 | 11 -0.00436 -1.19134e+02 | 12 -0.00096 -8.34675e+01
 13  0.00012 -5.39621e+01 | 14 -0.00045 -3.15185e+01 | 15  0.00044 -1.86121e+00
 16  0.00292  3.57408e+01 | 17  0.00060  4.59252e+01 | 18  0.00095  6.01272e+01
 19  0.00044  5.95513e+01 | 20 -0.00293  3.89743e+01 | 21  0.00373  9.20475e+01
 22  0.00395  1.11725e+02 | 23  0.00415  9.72784e+01 | 24  0.00704  1.20403e+02
 25  0.00859  1.33835e+02 | 26  0.00998  1.44522e+02 | 27  0.00568  1.22013e+02
 28  0.00032  9.22029e+01 | 29  0.00175  9.76202e+01 | 30 -0.00775  4.56967e+01
 31  0.00812  1.28523e+02 | 32  0.00786  1.23519e+02 | 33  0.03066  2.60495e+02
 34  0.00668  1.16068e+02 | 35 -0.00047  8.90731e+01 | 36  0.01244  1.52258e+02
 37  0.02245  2.17406e+02 | 38  0.01256  1.53313e+02 | 39  0.00435  1.13150e+02
 40 -0.00017  9.95200e+01 | 41  0.00150  9.59031e+01 | 42  0.00108  9.06945e+01
 43  0.00049  8.44677e+01 | 44  0.00708  1.12983e+02 | 45  0.01150  1.29965e+02
 46  0.01179  1.22701e+02 | 47  0.00676  9.12180e+01 | 48 -0.00124  5.05417e+01
 49 -0.00469  4.32303e+01 | 50 -0.00743  4.61674e+01 | 51 -0.00046  5.79114e+01
 52  0.01277  1.30414e+02 | 53  0.00551  9.56576e+01 | 54  0.00061  8.23470e+01
 55  0.00514  9.72477e+01 | 56  0.00321  9.81773e+01 | 57 -0.01207  1.18840e+01
 58  0.00372  6.30748e+01 | 59 -0.00925  3.25553e+01 | 60  0.00799  7.57221e+01
 61 -0.01301 -3.44406e+01 | 62 -0.01013 -1.59487e+01 | 63  0.04263  4.62134e+02
 64 -0.00298  9.80960e+01 | 65 -0.00729  1.81514e+01 | 66  0.00600  1.63443e+02
 67 -0.01023  2.01365e+01 | 68 -0.00886 -3.75188e+01 | 69 -0.04014 -7.47302e+01
 70 -0.03404 -8.25361e+01 | 71 -0.03731 -2.28478e+00 | 72 -0.03901 -1.68838e+01
 73 -0.02299  4.34086e+01 | 74  0.01087  1.24536e+02 | 75  0.00068  2.39696e+02
 76 -0.03603 -1.50794e+02 | 77 -0.01829  3.53586e+00 | 78 -0.02188 -2.51317e+02
 79  0.01403 -5.74979e+01 | 80 -0.02602 -7.50102e+01 | 81  0.03690  9.44423e+01
 82 -0.00415 -1.30236e+02 | 83  0.01052 -5.73924e+01 | 84 -0.00021 -9.08052e+01
 85  0.02311 -1.99437e+02 | 86 -0.03639 -1.04068e+02 | 87 -0.01993 -3.60255e+02
 88  0.00640 -2.94127e+02 | 89 -0.02007 -3.07436e+02 | 90  0.00288 -3.07258e+02
 91 -0.00165 -1.72418e+02 | 92 -0.01592 -2.82534e+02 | 93  0.04005 -2.26041e+02
 94 -0.01006 -2.39018e+02 | 95  0.02590 -2.04594e+02 | 96  0.02782 -2.01905e+02
 97 -0.02047  5.31915e+02 | 98 -0.32637  1.03133e+02 |
98 variables; iteration 60; function evaluation 82; phase 2
Function value 5.9411729e+02; maximum gradient component mag 2.5946e+03
Var    Value     Gradient |Var    Value     Gradient |Var    Value     Gradient
  1  0.63256  2.59457e+03 |  2 -0.00021 -7.33999e+01 |  3  0.00073 -6.98226e+01
  4 -0.00050 -6.96012e+01 |  5 -0.00227 -6.99752e+01 |  6 -0.00227 -6.67480e+01
  7 -0.00060 -5.97415e+01 |  8  0.00038 -5.32187e+01 |  9  0.00020 -4.82144e+01
 10  0.00163 -4.17059e+01 | 11  0.00044 -3.50338e+01 | 12  0.00098 -2.60520e+01
 13  0.00158 -1.65107e+01 | 14  0.00300 -5.10879e+00 | 15  0.00434  6.60677e+00
 16  0.00490  1.57524e+01 | 17  0.00300  2.11193e+01 | 18  0.00308  2.56191e+01
 19  0.00251  2.53625e+01 | 20 -0.00007  2.09709e+01 | 21  0.00390  3.35530e+01
 22  0.00385  4.02441e+01 | 23  0.00351  3.38119e+01 | 24  0.00679  4.36170e+01
 25  0.00886  5.03170e+01 | 26  0.01059  5.54194e+01 | 27  0.00715  5.23603e+01
 28  0.00299  4.63769e+01 | 29  0.00500  5.04588e+01 | 30 -0.00188  3.99902e+01
 31  0.00961  5.84006e+01 | 32  0.01008  5.92987e+01 | 33  0.02947  8.72166e+01
 34  0.00703  5.51840e+01 | 35 -0.00126  5.00397e+01 | 36  0.01015  6.34591e+01
 37  0.01583  7.00544e+01 | 38  0.00907  6.00001e+01 | 39  0.00075  4.87614e+01
 40 -0.00409  4.76530e+01 | 41 -0.00045  4.47511e+01 | 42  0.00040  4.46274e+01
 43  0.00107  4.54615e+01 | 44  0.00739  5.19305e+01 | 45  0.01164  5.43094e+01
 46  0.01508  5.75860e+01 | 47  0.01165  4.80997e+01 | 48  0.00522  3.77508e+01
 49  0.00010  3.45861e+01 | 50 -0.00517  3.65518e+01 | 51  0.00126  2.65891e+01
 52  0.01216  4.45722e+01 | 53  0.00455  3.44494e+01 | 54 -0.00080  3.38116e+01
 55  0.00568  3.90264e+01 | 56  0.00186  3.61062e+01 | 57 -0.00717  1.68144e+01
 58  0.01153  3.28579e+01 | 59 -0.00844  1.28527e+01 | 60  0.01320  3.01583e+01
 61 -0.00416  6.73604e+00 | 62 -0.00199  1.47834e+01 | 63  0.03284  8.87286e+01
 64 -0.00668  2.38346e+01 | 65 -0.00359  1.63963e+01 | 66  0.00209  2.09244e+01
 67 -0.00855  6.20985e+00 | 68 -0.00385  1.60877e+01 | 69 -0.03949 -1.71943e+01
 70 -0.03083 -1.15647e+01 | 71 -0.04010 -1.59644e+01 | 72 -0.04274 -2.69804e+01
 73 -0.02818 -3.74807e+01 | 74  0.00835 -1.81632e+01 | 75 -0.00931 -1.52133e+01
 76 -0.03057 -3.04760e+01 | 77 -0.02343 -3.35161e+01 | 78 -0.00931 -3.26688e+01
 79  0.01520 -3.83324e+01 | 80 -0.03038 -5.10898e+01 | 81  0.03419 -3.97632e+01
 82 -0.00072 -2.71920e+01 | 83  0.00769 -6.90561e+01 | 84 -0.00210 -6.07973e+01
 85  0.02668 -4.73440e+01 | 86 -0.04560 -6.84662e+01 | 87 -0.01107 -5.79962e+01
 88  0.01295 -5.86376e+01 | 89 -0.01529 -8.13533e+01 | 90  0.01009 -6.13329e+01
 91 -0.00595 -8.95415e+01 | 92 -0.01114 -8.38312e+01 | 93  0.03660 -1.03261e+02
 94 -0.01773 -8.45991e+01 | 95 -0.00323 -8.70985e+01 | 96  0.00123 -8.04545e+01
 97 -0.02667  1.71410e+02 | 98 -0.36233  2.99551e+00 |
Maximum number of function evaluations exceeded

 - final statistics:
98 variables; iteration 71; function evaluation 100
Function value 5.9352e+02; maximum gradient component mag 1.0818e+03
Exit code = 3;  converg criter 1.0000e+01
Var    Value     Gradient |Var    Value     Gradient |Var    Value     Gradient
  1  0.63249  1.08180e+03 |  2 -0.00005 -3.13955e+01 |  3 -0.00168 -3.32474e+01
  4 -0.00065 -3.06672e+01 |  5  0.00164 -2.58157e+01 |  6  0.00057 -2.62606e+01
  7 -0.00195 -2.89687e+01 |  8  0.00001 -2.39102e+01 |  9  0.00123 -1.97454e+01
 10  0.00178 -1.91438e+01 | 11  0.00125 -1.51525e+01 | 12  0.00381 -7.46697e+00
 13  0.00186 -8.35182e+00 | 14  0.00231 -5.46673e+00 | 15  0.00236 -3.11814e+00
 16  0.00406  2.42161e+00 | 17  0.00310  7.22945e+00 | 18  0.00352  9.83741e+00
 19  0.00357  1.10122e+01 | 20  0.00154  1.12191e+01 | 21  0.00482  1.46410e+01
 22  0.00543  1.87883e+01 | 23  0.00597  1.75746e+01 | 24  0.00776  1.89629e+01
 25  0.00904  2.04471e+01 | 26  0.01021  2.16351e+01 | 27  0.00665  2.23796e+01
 28  0.00327  2.31054e+01 | 29  0.00537  2.52876e+01 | 30 -0.00040  2.53647e+01
 31  0.00920  2.65116e+01 | 32  0.01028  2.84787e+01 | 33  0.02974  2.88692e+01
 34  0.00820  3.03252e+01 | 35 -0.00228  2.81222e+01 | 36  0.01001  3.06312e+01
 37  0.01524  2.87570e+01 | 38  0.00984  3.10299e+01 | 39  0.00140  2.93919e+01
 40 -0.00495  2.90312e+01 | 41  0.00040  2.78789e+01 | 42  0.00075  2.67688e+01
 43  0.00001  2.46304e+01 | 44  0.00554  2.35595e+01 | 45  0.01124  2.65889e+01
 46  0.01270  2.30537e+01 | 47  0.01019  2.11729e+01 | 48  0.00463  2.01017e+01
 49 -0.00130  1.96792e+01 | 50 -0.01019  1.52059e+01 | 51  0.00307  1.84144e+01
 52  0.01029  1.55988e+01 | 53  0.00366  1.59666e+01 | 54 -0.00305  1.60440e+01
 55  0.00373  1.40805e+01 | 56 -0.00075  1.29801e+01 | 57 -0.00628  1.12179e+01
 58  0.01276  9.89921e+00 | 59 -0.00634  1.37909e+01 | 60  0.01573  1.60996e+01
 61 -0.00128  1.04088e+01 | 62 -0.00108  6.93494e+00 | 63  0.03155  1.80974e+01
 64 -0.00885 -5.33784e-01 | 65 -0.00391 -1.52404e-02 | 66  0.00155 -4.74803e+00
 67 -0.00888 -6.66909e+00 | 68 -0.00425 -2.56221e+00 | 69 -0.03968 -4.25541e+00
 70 -0.03142 -1.11342e+01 | 71 -0.04098 -1.39883e+01 | 72 -0.04299 -1.30969e+01
 73 -0.02767 -1.03455e+01 | 74  0.00943 -3.62052e+00 | 75 -0.00990 -2.24647e+01
 76 -0.03093 -1.65088e+01 | 77 -0.02394 -2.32452e+01 | 78 -0.00889 -1.31522e+01
 79  0.01583 -1.56040e+01 | 80 -0.03009 -2.01498e+01 | 81  0.03497 -1.62239e+01
 82 -0.00237 -2.81689e+01 | 83  0.00863 -2.13705e+01 | 84 -0.00173 -2.40629e+01
 85  0.02649 -2.81800e+01 | 86 -0.04692 -3.83627e+01 | 87 -0.01201 -3.60464e+01
 88  0.01237 -3.34037e+01 | 89 -0.01507 -3.29518e+01 | 90  0.00894 -3.86411e+01
 91 -0.00549 -3.66361e+01 | 92 -0.01076 -3.85416e+01 | 93  0.03849 -2.44070e+01
 94 -0.01839 -3.87663e+01 | 95 -0.00042 -3.53848e+01 | 96 -0.00070 -3.60622e+01
 97 -0.02604  7.69331e+01 | 98 -0.36276 -9.32652e-01 |

Initial statistics: 100 variables; iteration 0; function evaluation 0; phase 3
Function value 5.9352039e+02; maximum gradient component mag 1.0818e+03
Var    Value     Gradient |Var    Value     Gradient |Var    Value     Gradient
  1  0.63249  1.08180e+03 |  2 -0.00005 -3.11946e+01 |  3 -0.00168 -3.30466e+01
  4 -0.00064 -3.04664e+01 |  5  0.00164 -2.56149e+01 |  6  0.00058 -2.60597e+01
  7 -0.00194 -2.87679e+01 |  8  0.00001 -2.37093e+01 |  9  0.00123 -1.95446e+01
 10  0.00178 -1.89430e+01 | 11  0.00125 -1.49517e+01 | 12  0.00381 -7.26614e+00
 13  0.00187 -8.15098e+00 | 14  0.00231 -5.26589e+00 | 15  0.00236 -2.91730e+00
 16  0.00406  2.62244e+00 | 17  0.00311  7.43028e+00 | 18  0.00353  1.00382e+01
 19  0.00357  1.12130e+01 | 20  0.00154  1.14199e+01 | 21  0.00482  1.48419e+01
 22  0.00544  1.89891e+01 | 23  0.00597  1.77755e+01 | 24  0.00776  1.91637e+01
 25  0.00905  2.06479e+01 | 26  0.01021  2.18359e+01 | 27  0.00666  2.25804e+01
 28  0.00328  2.33063e+01 | 29  0.00538  2.54885e+01 | 30 -0.00040  2.55656e+01
 31  0.00921  2.67124e+01 | 32  0.01029  2.86795e+01 | 33  0.02975  2.90698e+01
 34  0.00820  3.05261e+01 | 35 -0.00228  2.83231e+01 | 36  0.01001  3.08320e+01
 37  0.01525  2.89578e+01 | 38  0.00984  3.12307e+01 | 39  0.00140  2.95927e+01
 40 -0.00495  2.92320e+01 | 41  0.00041  2.80797e+01 | 42  0.00075  2.69696e+01
 43  0.00001  2.48312e+01 | 44  0.00554  2.37603e+01 | 45  0.01124  2.67897e+01
 46  0.01270  2.32545e+01 | 47  0.01020  2.13738e+01 | 48  0.00464  2.03025e+01
 49 -0.00130  1.98801e+01 | 50 -0.01018  1.54067e+01 | 51  0.00307  1.86152e+01
 52  0.01029  1.57997e+01 | 53  0.00366  1.61674e+01 | 54 -0.00305  1.62448e+01
 55  0.00373  1.42813e+01 | 56 -0.00075  1.31809e+01 | 57 -0.00628  1.14188e+01
 58  0.01277  1.01000e+01 | 59 -0.00633  1.39917e+01 | 60  0.01573  1.63004e+01
 61 -0.00127  1.06096e+01 | 62 -0.00107  7.13578e+00 | 63  0.03156  1.82980e+01
 64 -0.00885 -3.32967e-01 | 65 -0.00391  1.85593e-01 | 66  0.00155 -4.54719e+00
 67 -0.00888 -6.46827e+00 | 68 -0.00424 -2.36138e+00 | 69 -0.03967 -4.05497e+00
 70 -0.03141 -1.09337e+01 | 71 -0.04098 -1.37879e+01 | 72 -0.04298 -1.28965e+01
 73 -0.02767 -1.01449e+01 | 74  0.00944 -3.41971e+00 | 75 -0.00989 -2.22638e+01
 76 -0.03092 -1.63082e+01 | 77 -0.02394 -2.30445e+01 | 78 -0.00889 -1.29514e+01
 79  0.01583 -1.54032e+01 | 80 -0.03009 -1.99491e+01 | 81  0.03497 -1.60233e+01
 82 -0.00237 -2.79681e+01 | 83  0.00863 -2.11697e+01 | 84 -0.00173 -2.38621e+01
 85  0.02649 -2.79794e+01 | 86 -0.04692 -3.81624e+01 | 87 -0.01200 -3.58456e+01
 88  0.01237 -3.32029e+01 | 89 -0.01507 -3.27510e+01 | 90  0.00894 -3.84403e+01
 91 -0.00549 -3.64353e+01 | 92 -0.01076 -3.83408e+01 | 93  0.03849 -2.42065e+01
 94 -0.01839 -3.85655e+01 | 95 -0.00041 -3.51840e+01 | 96 -0.00070 -3.58614e+01
 97 -0.02604  7.69331e+01 | 98 -0.41581 -1.21257e+02 | 99 -0.36276 -9.32652e-01
100 -0.25275  3.02408e+01 |

Intermediate statistics: 100 variables; iteration 20; function evaluation 23; phase 3
Function value 5.9260834e+02; maximum gradient component mag -5.4857e+01
Var    Value     Gradient |Var    Value     Gradient |Var    Value     Gradient
  1  0.63219 -5.48574e+01 |  2  0.00065  3.70179e+00 |  3  0.00061  3.47229e+00
  4  0.00069  3.39966e+00 |  5  0.00086  3.40130e+00 |  6  0.00087  3.11767e+00
  7  0.00082  2.66255e+00 |  8  0.00105  2.53636e+00 |  9  0.00129  2.31227e+00
 10  0.00320  1.71454e+00 | 11  0.00200  1.41591e+00 | 12  0.00252  1.21240e+00
 13  0.00290  3.33236e-01 | 14  0.00404 -4.16267e-01 | 15  0.00502 -1.23180e+00
 16  0.00612 -1.76308e+00 | 17  0.00365 -1.65796e+00 | 18  0.00389 -1.90762e+00
 19  0.00359 -1.88920e+00 | 20  0.00066 -1.42805e+00 | 21  0.00434 -2.40846e+00
 22  0.00460 -2.68058e+00 | 23  0.00491 -2.42369e+00 | 24  0.00746 -3.09811e+00
 25  0.00905 -3.52830e+00 | 26  0.01046 -3.89085e+00 | 27  0.00483 -2.73608e+00
 28 -0.00023 -1.76843e+00 | 29  0.00181 -1.92847e+00 | 30 -0.00588 -7.72420e-01
 31  0.00666 -2.81501e+00 | 32  0.00649 -2.33553e+00 | 33  0.03927 -1.12738e+01
 34  0.00271 -1.22471e+00 | 35 -0.00850 -2.68027e-01 | 36  0.00686 -2.72781e+00
 37  0.01694 -4.93038e+00 | 38  0.00702 -2.26775e+00 | 39 -0.00407 -3.82826e-01
 40 -0.01186  3.70786e-01 | 41 -0.00460 -5.37030e-01 | 42 -0.00359 -9.79062e-02
 43 -0.00396  3.88829e-01 | 44  0.00366  1.62603e-01 | 45  0.01047  2.30171e-01
 46  0.01419 -1.31679e+00 | 47  0.01168  5.08893e-02 | 48  0.00391  1.61275e+00
 49 -0.00409  2.90036e+00 | 50 -0.01322  3.34974e+00 | 51  0.00301  2.04000e+00
 52  0.01513  1.29898e+00 | 53  0.00535  3.07153e+00 | 54 -0.00387  4.18123e+00
 55  0.00653  4.17981e+00 | 56  0.00109  3.69431e+00 | 57 -0.00586  5.35750e+00
 58  0.02076  5.44632e+00 | 59 -0.00660  6.54930e+00 | 60  0.01988  6.81181e+00
 61  0.00113  6.82418e+00 | 62  0.00176  6.71713e+00 | 63  0.03582  3.42651e+00
 64 -0.00656  6.05263e+00 | 65 -0.00146  7.39621e+00 | 66  0.00429  1.21026e+01
 67 -0.00647  1.87335e+01 | 68 -0.00292  1.37592e+01 | 69 -0.04046 -3.74645e+00
 70 -0.03082  7.13253e+00 | 71 -0.04092  7.50221e+00 | 72 -0.04276  8.95944e+00
 73 -0.02797  5.93780e+00 | 74  0.00952 -3.00438e-01 | 75 -0.00993 -2.29273e+00
 76 -0.03087  7.67516e+00 | 77 -0.02339  1.63096e+01 | 78 -0.00915  3.81540e+00
 79  0.01533 -7.96716e+00 | 80 -0.03038  4.47684e+00 | 81  0.03617  4.98006e+01
 82 -0.00190  7.65648e+00 | 83  0.00822 -1.97823e-01 | 84 -0.00191  2.50155e+00
 85  0.02643  5.17995e+00 | 86 -0.04607  4.15278e+00 | 87 -0.01172  9.22383e+00
 88  0.01258  3.52747e+00 | 89 -0.01507  7.03077e+00 | 90  0.00967  7.41868e+00
 91 -0.00522  9.41340e+00 | 92 -0.00997  6.06478e+00 | 93  0.03722 -6.02605e+00
 94 -0.01533  3.60410e+00 | 95  0.00029  4.19511e+00 | 96  0.00049  4.21346e+00
 97 -0.00854  1.82937e+01 | 98 -0.40880 -4.32892e+01 | 99 -0.38924  8.62313e-01
100 -0.26891 -3.65346e+00 |
100 variables; iteration 40; function evaluation 47; phase 3
Function value 5.9246727e+02; maximum gradient component mag 1.4354e+02
Var    Value     Gradient |Var    Value     Gradient |Var    Value     Gradient
  1  0.63248  1.43539e+02 |  2  0.00064 -4.45826e+00 |  3  0.00085 -4.12020e+00
  4  0.00080 -4.16497e+00 |  5  0.00066 -4.36481e+00 |  6  0.00085 -4.04624e+00
  7  0.00120 -3.50044e+00 |  8  0.00119 -3.54331e+00 |  9  0.00129 -3.43103e+00
 10  0.00346 -2.90402e+00 | 11  0.00217 -2.70027e+00 | 12  0.00240 -2.53678e+00
 13  0.00321 -1.85007e+00 | 14  0.00454 -1.29904e+00 | 15  0.00570 -8.01343e-01
 16  0.00682 -2.83903e-01 | 17  0.00408 -2.57315e-01 | 18  0.00420 -2.36140e-01
 19  0.00383 -2.52976e-01 | 20  0.00073 -5.02944e-01 | 21  0.00461  1.48862e-01
 22  0.00492  5.72953e-01 | 23  0.00517  3.62369e-01 | 24  0.00792  7.76871e-01
 25  0.00959  1.02690e+00 | 26  0.01107  1.25574e+00 | 27  0.00492  5.78511e-01
 28 -0.00066 -2.94260e-01 | 29  0.00156  1.28576e-01 | 30 -0.00602  2.54627e-01
 31  0.00672  9.82144e-01 | 32  0.00792  3.30723e+00 | 33  0.03941  8.43703e-01
 34  0.00276  1.45581e+00 | 35 -0.00792  1.69261e+00 | 36  0.00737  2.29137e+00
 37  0.01735  1.89703e+00 | 38  0.00708  1.67455e+00 | 39 -0.00397  1.35844e+00
 40 -0.01156  1.41355e+00 | 41 -0.00476  1.10727e+00 | 42 -0.00370  1.17957e+00
 43 -0.00420  8.22953e-01 | 44  0.00324  6.95534e-01 | 45  0.00994  1.54776e+00
 46  0.01472  3.23956e+00 | 47  0.01142  1.92486e+00 | 48  0.00365  1.70630e+00
 49 -0.00437  1.32809e+00 | 50 -0.01361  4.49879e-01 | 51  0.00250  1.78577e+00
 52  0.01453  1.94864e+00 | 53  0.00442  1.02733e+00 | 54 -0.00457  1.03378e+00
 55  0.00616  3.26314e+00 | 56 -0.00010  8.07482e-01 | 57 -0.00679  1.27396e+00
 58  0.01927  2.81985e+00 | 59 -0.00599  5.86816e+00 | 60  0.01876  2.86880e+00
 61  0.00037  3.19301e+00 | 62  0.00142  4.78814e+00 | 63  0.03542  5.86126e+00
 64 -0.00661  4.68498e+00 | 65 -0.00183  3.54368e+00 | 66  0.00324 -4.31891e-01
 67 -0.00783 -2.66183e+00 | 68 -0.00364 -1.31854e+00 | 69 -0.03999  2.24857e-01
 70 -0.03093  1.71858e+00 | 71 -0.04108 -4.35694e-01 | 72 -0.04273  2.67614e+00
 73 -0.02794  2.78913e-01 | 74  0.00985  3.05887e+00 | 75 -0.00955 -7.38150e-01
 76 -0.03104 -1.68921e+00 | 77 -0.02405 -4.92157e+00 | 78 -0.00890  6.55404e-01
 79  0.01589  3.44770e+00 | 80 -0.03064 -4.02374e+00 | 81  0.03465 -7.65863e+00
 82 -0.00195 -2.15910e+00 | 83  0.00840 -9.97420e-01 | 84 -0.00171 -2.58963e+00
 85  0.02642 -2.96512e+00 | 86 -0.04560 -8.88245e-01 | 87 -0.01182 -1.85345e+00
 88  0.01250 -6.45814e+00 | 89 -0.01506 -1.17184e+00 | 90  0.00970 -4.27397e-01
 91 -0.00584 -1.02419e+01 | 92 -0.01040 -7.49139e+00 | 93  0.03795 -7.48390e-01
 94 -0.01551 -4.94082e+00 | 95  0.00026 -4.84221e+00 | 96  0.00052 -4.78714e+00
 97 -0.01076  4.31322e+00 | 98 -0.40746 -1.50065e+00 | 99 -0.38799 -1.19607e+00
100 -0.26794  2.20777e+00 |
100 variables; iteration 60; function evaluation 80; phase 3
Function value 5.9242816e+02; maximum gradient component mag 1.1039e+02
Var    Value     Gradient |Var    Value     Gradient |Var    Value     Gradient
  1  0.63225  1.10394e+02 |  2  0.00063 -3.13627e+00 |  3  0.00062 -3.13197e+00
  4  0.00071 -2.99956e+00 |  5  0.00084 -2.79562e+00 |  6  0.00090 -2.71655e+00
  7  0.00094 -2.67178e+00 |  8  0.00115 -2.41826e+00 |  9  0.00136 -2.17267e+00
 10  0.00339 -1.93518e+00 | 11  0.00217 -1.67854e+00 | 12  0.00255 -1.33688e+00
 13  0.00319 -1.00618e+00 | 14  0.00448 -5.97722e-01 | 15  0.00549 -4.10075e-01
 16  0.00665  7.61994e-02 | 17  0.00402  2.40154e-01 | 18  0.00447  7.68593e-01
 19  0.00419  9.10545e-01 | 20  0.00110  7.16304e-01 | 21  0.00480  9.18621e-01
 22  0.00513  1.33447e+00 | 23  0.00548  1.29735e+00 | 24  0.00822  1.61425e+00
 25  0.00964  1.45397e+00 | 26  0.01087  1.26892e+00 | 27  0.00525  1.46026e+00
 28  0.00050  2.07253e+00 | 29  0.00224  1.71573e+00 | 30 -0.00575  1.16858e+00
 31  0.00708  1.87330e+00 | 32  0.00662  1.87691e+00 | 33  0.04166  3.68491e+00
 34  0.00264  1.90585e+00 | 35 -0.00829  1.27050e+00 | 36  0.00720  2.22717e+00
 37  0.01796  2.79794e+00 | 38  0.00740  2.42391e+00 | 39 -0.00398  1.65646e+00
 40 -0.01184  1.10922e+00 | 41 -0.00462  1.61283e+00 | 42 -0.00362  1.61015e+00
 43 -0.00396  1.55698e+00 | 44  0.00394  2.19950e+00 | 45  0.01048  2.49135e+00
 46  0.01378  1.65907e+00 | 47  0.01130  1.87902e+00 | 48  0.00360  1.88583e+00
 49 -0.00455  1.32380e+00 | 50 -0.01348  1.11824e+00 | 51  0.00238  1.81027e+00
 52  0.01482  2.70478e+00 | 53  0.00468  1.91755e+00 | 54 -0.00525 -1.04441e-02
 55  0.00562  1.97274e+00 | 56  0.00031  2.09297e+00 | 57 -0.00710  1.27610e+00
 58  0.01912  2.37969e+00 | 59 -0.00812  4.20676e-02 | 60  0.01881  2.96760e+00
 61 -0.00015  1.33828e+00 | 62  0.00047  8.17306e-01 | 63  0.03539  4.73791e+00
 64 -0.00735  3.18948e-01 | 65 -0.00214  7.80225e-01 | 66  0.00348  1.89938e+00
 67 -0.00757  9.39126e-01 | 68 -0.00348  1.18280e+00 | 69 -0.04000 -3.53218e-01
 70 -0.03106 -7.93526e-01 | 71 -0.04107 -1.31050e+00 | 72 -0.04311 -2.13287e+00
 73 -0.02798 -1.06157e+00 | 74  0.00987  1.32964e+00 | 75 -0.00949 -4.43410e-01
 76 -0.03095 -9.09307e-01 | 77 -0.02383 -1.24538e+00 | 78 -0.00894 -7.60954e-01
 79  0.01584 -8.32885e-02 | 80 -0.03033 -1.24488e+00 | 81  0.03496  3.08500e-01
 82 -0.00196 -2.41162e+00 | 83  0.00842 -1.82941e+00 | 84 -0.00167 -1.84161e+00
 85  0.02650 -1.69035e+00 | 86 -0.04608 -3.88292e+00 | 87 -0.01196 -3.97456e+00
 88  0.01271 -2.02433e+00 | 89 -0.01526 -4.21452e+00 | 90  0.00941 -4.54009e+00
 91 -0.00544 -2.15619e+00 | 92 -0.01008 -3.21137e+00 | 93  0.03775 -3.68224e+00
 94 -0.01543 -3.51172e+00 | 95  0.00022 -3.48994e+00 | 96  0.00042 -3.51092e+00
 97 -0.01072  6.60554e+00 | 98 -0.40777 -8.33210e+00 | 99 -0.38752 -6.06080e-02
100 -0.26786  3.53414e-01 |
Maximum number of function evaluations exceeded

 - final statistics:
100 variables; iteration 72; function evaluation 100
Function value 5.9242e+02; maximum gradient component mag 2.8856e+01
Exit code = 3;  converg criter 1.0000e+00
Var    Value     Gradient |Var    Value     Gradient |Var    Value     Gradient
  1  0.63218  2.88565e+01 |  2  0.00061 -7.95323e-01 |  3  0.00065 -7.86673e-01
  4  0.00072 -7.49051e-01 |  5  0.00080 -6.97246e-01 |  6  0.00089 -6.66105e-01
  7  0.00101 -6.33165e-01 |  8  0.00118 -5.66013e-01 |  9  0.00138 -4.97439e-01
 10  0.00345 -4.07436e-01 | 11  0.00224 -3.31185e-01 | 12  0.00262 -2.32369e-01
 13  0.00330 -1.10808e-01 | 14  0.00461  8.94155e-03 | 15  0.00578  1.21305e-01
 16  0.00690  2.49685e-01 | 17  0.00427  3.17913e-01 | 18  0.00454  4.18209e-01
 19  0.00417  3.57865e-01 | 20  0.00106  3.08682e-01 | 21  0.00496  4.65922e-01
 22  0.00525  5.75207e-01 | 23  0.00552  5.23624e-01 | 24  0.00824  5.72147e-01
 25  0.00998  6.91571e-01 | 26  0.01146  7.18794e-01 | 27  0.00540  6.10151e-01
 28  0.00012  5.79297e-01 | 29  0.00219  5.92280e-01 | 30 -0.00583  4.41488e-01
 31  0.00714  6.98579e-01 | 32  0.00658  7.08459e-01 | 33  0.04317  1.59610e+00
 34  0.00246  6.84774e-01 | 35 -0.00838  3.68622e-01 | 36  0.00724  7.44824e-01
 37  0.01833  9.48793e-01 | 38  0.00739  7.54948e-01 | 39 -0.00402  5.33182e-01
 40 -0.01186  3.96534e-01 | 41 -0.00470  4.83962e-01 | 42 -0.00371  4.63667e-01
 43 -0.00408  3.95939e-01 | 44  0.00378  5.19332e-01 | 45  0.01039  6.18821e-01
 46  0.01420  6.07491e-01 | 47  0.01135  5.32920e-01 | 48  0.00325  3.42033e-01
 49 -0.00481  1.92816e-01 | 50 -0.01388  3.76982e-02 | 51  0.00203  2.83496e-01
 52  0.01443  4.38364e-01 | 53  0.00428  2.71717e-01 | 54 -0.00504  9.49148e-02
 55  0.00531  2.75167e-01 | 56 -0.00026  3.22192e-01 | 57 -0.00763  2.13167e-02
 58  0.01903  4.77182e-01 | 59 -0.00811 -8.40650e-03 | 60  0.01858  4.55854e-01
 61 -0.00035  8.58261e-02 | 62  0.00043  9.94130e-02 | 63  0.03525  7.97586e-01
 64 -0.00736 -2.30447e-02 | 65 -0.00215  7.30104e-02 | 66  0.00343  1.92955e-01
 67 -0.00760  3.69224e-03 | 68 -0.00348  7.61935e-02 | 69 -0.04003 -3.44429e-01
 70 -0.03103 -3.04987e-01 | 71 -0.04106 -4.32633e-01 | 72 -0.04302 -4.52099e-01
 73 -0.02796 -3.57216e-01 | 74  0.00989  5.88078e-02 | 75 -0.00947 -2.87981e-01
 76 -0.03097 -4.39564e-01 | 77 -0.02383 -4.85902e-01 | 78 -0.00894 -4.20658e-01
 79  0.01584 -2.66477e-01 | 80 -0.03039 -5.94090e-01 | 81  0.03496 -1.69175e-01
 82 -0.00189 -5.90265e-01 | 83  0.00843 -5.64726e-01 | 84 -0.00166 -6.07885e-01
 85  0.02651 -5.62725e-01 | 86 -0.04595 -8.44656e-01 | 87 -0.01190 -8.29588e-01
 88  0.01270 -7.36224e-01 | 89 -0.01520 -8.88479e-01 | 90  0.00951 -8.47821e-01
 91 -0.00551 -8.99310e-01 | 92 -0.01010 -8.81080e-01 | 93  0.03774 -9.76272e-01
 94 -0.01544 -9.33366e-01 | 95  0.00020 -9.05897e-01 | 96  0.00041 -9.11840e-01
 97 -0.01109  1.91136e+00 | 98 -0.40799 -2.51642e+00 | 99 -0.38763 -3.38182e-03
100 -0.26796  2.54775e-02 |

Initial statistics: 108 variables; iteration 0; function evaluation 0; phase 4
Function value 5.9242178e+02; maximum gradient component mag 1.9981e+02
Var    Value     Gradient |Var    Value     Gradient |Var    Value     Gradient
  1 -0.42263  1.99814e+02 |  2 -0.42263  1.69330e+02 |  3 -0.41094  1.43400e+02
  4  0.63218  2.88565e+01 |  5  0.00000 -3.80811e-01 |  6  0.00000 -8.59405e-02
  7  0.00000 -1.06016e-01 |  8  0.00000 -1.30938e-01 |  9  0.00000 -1.62002e-01
 10  0.00061 -7.97078e-01 | 11  0.00065 -7.88428e-01 | 12  0.00072 -7.50806e-01
 13  0.00080 -6.99001e-01 | 14  0.00089 -6.67860e-01 | 15  0.00101 -6.34920e-01
 16  0.00118 -5.67769e-01 | 17  0.00138 -4.99194e-01 | 18  0.00345 -4.09192e-01
 19  0.00224 -3.32940e-01 | 20  0.00262 -2.34125e-01 | 21  0.00330 -1.12563e-01
 22  0.00461  7.18637e-03 | 23  0.00578  1.19549e-01 | 24  0.00690  2.47930e-01
 25  0.00427  3.16158e-01 | 26  0.00454  4.16453e-01 | 27  0.00417  3.56110e-01
 28  0.00106  3.06926e-01 | 29  0.00496  4.64166e-01 | 30  0.00525  5.73452e-01
 31  0.00552  5.21869e-01 | 32  0.00824  5.70392e-01 | 33  0.00998  6.89816e-01
 34  0.01146  7.17039e-01 | 35  0.00540  6.08396e-01 | 36  0.00012  5.77541e-01
 37  0.00219  5.90525e-01 | 38 -0.00583  4.39733e-01 | 39  0.00714  6.96823e-01
 40  0.00658  7.06704e-01 | 41  0.04317  1.59435e+00 | 42  0.00246  6.83019e-01
 43 -0.00838  3.66866e-01 | 44  0.00724  7.43069e-01 | 45  0.01833  9.47039e-01
 46  0.00739  7.53193e-01 | 47 -0.00402  5.31427e-01 | 48 -0.01186  3.94779e-01
 49 -0.00470  4.82207e-01 | 50 -0.00371  4.61911e-01 | 51 -0.00408  3.94184e-01
 52  0.00378  5.17577e-01 | 53  0.01039  6.17066e-01 | 54  0.01420  6.05737e-01
 55  0.01135  5.31165e-01 | 56  0.00325  3.40278e-01 | 57 -0.00481  1.91061e-01
 58 -0.01388  3.59434e-02 | 59  0.00203  2.81741e-01 | 60  0.01443  4.36610e-01
 61  0.00428  2.69962e-01 | 62 -0.00504  9.31596e-02 | 63  0.00531  2.73412e-01
 64 -0.00026  3.20436e-01 | 65 -0.00763  1.95616e-02 | 66  0.01903  4.75428e-01
 67 -0.00811 -1.01616e-02 | 68  0.01858  4.54099e-01 | 69 -0.00035  8.40709e-02
 70  0.00043  9.76578e-02 | 71  0.03525  7.95834e-01 | 72 -0.00736 -2.47998e-02
 73 -0.00215  7.12552e-02 | 74  0.00343  1.91200e-01 | 75 -0.00760  1.93715e-03
 76 -0.00348  7.44383e-02 | 77 -0.04003 -3.46181e-01 | 78 -0.03103 -3.06740e-01
 79 -0.04106 -4.34384e-01 | 80 -0.04302 -4.53850e-01 | 81 -0.02796 -3.58970e-01
 82  0.00989  5.70527e-02 | 83 -0.00947 -2.89736e-01 | 84 -0.03097 -4.41317e-01
 85 -0.02383 -4.87656e-01 | 86 -0.00894 -4.22413e-01 | 87  0.01584 -2.68232e-01
 88 -0.03039 -5.95843e-01 | 89  0.03496 -1.70928e-01 | 90 -0.00189 -5.92020e-01
 91  0.00843 -5.66481e-01 | 92 -0.00166 -6.09640e-01 | 93  0.02651 -5.64479e-01
 94 -0.04595 -8.46407e-01 | 95 -0.01190 -8.31343e-01 | 96  0.01270 -7.37979e-01
 97 -0.01520 -8.90233e-01 | 98  0.00951 -8.49576e-01 | 99 -0.00551 -9.01065e-01
100 -0.01010 -8.82835e-01 |101  0.03774 -9.78024e-01 |102 -0.01544 -9.35121e-01
103  0.00020 -9.07652e-01 |104  0.00041 -9.13595e-01 |105 -0.01109  1.91136e+00
106 -0.40799 -2.51642e+00 |107 -0.38763 -3.38182e-03 |108 -0.26796  2.54775e-02

Intermediate statistics: 108 variables; iteration 20; function evaluation 27; phase 4
Function value 5.9210688e+02; maximum gradient component mag -2.3921e+02
Var    Value     Gradient |Var    Value     Gradient |Var    Value     Gradient
  1 -0.42730  8.01344e+01 |  2 -0.42230 -9.86785e+01 |  3 -0.40851 -4.81179e-01
  4  0.63101 -2.39209e+02 |  5  0.00011 -1.84005e+00 |  6  0.00003 -4.07127e-01
  7  0.00003 -4.97027e-01 |  8  0.00004 -6.06460e-01 |  9  0.00005 -7.39597e-01
 10  0.00066  8.24434e+00 | 11  0.00070  8.08527e+00 | 12  0.00077  7.91226e+00
 13  0.00085  7.70925e+00 | 14  0.00093  7.44597e+00 | 15  0.00105  7.13040e+00
 16  0.00121  6.77643e+00 | 17  0.00141  6.35506e+00 | 18  0.00348  5.77484e+00
 19  0.00226  5.28507e+00 | 20  0.00264  4.64738e+00 | 21  0.00331  3.93262e+00
 22  0.00461  3.09664e+00 | 23  0.00578  2.21071e+00 | 24  0.00688  1.23822e+00
 25  0.00418  7.59897e-01 | 26  0.00445  6.21306e-01 | 27  0.00409  4.97420e-01
 28  0.00095  9.57239e-01 | 29  0.00488  4.67594e-02 | 30  0.00515 -5.74419e-01
 31  0.00542 -2.46181e-01 | 32  0.00816 -9.07863e-01 | 33  0.00989 -1.38276e+00
 34  0.01138 -2.04968e+00 | 35  0.00528 -1.37970e+00 | 36  0.00003 -2.46540e-01
 37  0.00206 -8.51490e-01 | 38 -0.00590  5.13254e-01 | 39  0.00711 -1.27631e+00
 40  0.00662 -7.50174e-01 | 41  0.04323 -9.46345e+00 | 42  0.00203 -2.10519e+00
 43 -0.00841  7.79545e-01 | 44  0.00728 -1.66496e+00 | 45  0.01832 -4.58451e+00
 46  0.00724 -2.87105e+00 | 47 -0.00419 -1.03207e+00 | 48 -0.01190  6.16016e-01
 49 -0.00471 -4.82183e-01 | 50 -0.00373 -3.78182e-01 | 51 -0.00403  1.06801e-01
 52  0.00405 -3.99374e-01 | 53  0.01010 -2.28578e+00 | 54  0.01432 -2.07983e+00
 55  0.01138 -1.80186e+00 | 56  0.00322 -6.74234e-01 | 57 -0.00500  8.45363e-02
 58 -0.01393  2.02377e+00 | 59  0.00214  2.11461e-01 | 60  0.01445 -1.79921e+00
 61  0.00429  1.61282e-02 | 62 -0.00500  1.23178e+00 | 63  0.00523 -5.56061e-02
 64 -0.00010  1.33543e+00 | 65 -0.00728  2.82419e+00 | 66  0.01902 -2.78679e+00
 67 -0.00802  1.87837e+00 | 68  0.01877 -1.41201e+00 | 69 -0.00048  1.93012e-01
 70  0.00087  2.01644e+00 | 71  0.03573 -3.02209e+00 | 72 -0.00693  3.45452e+00
 73 -0.00184  1.87277e+00 | 74  0.00351 -2.30186e+00 | 75 -0.00764 -3.01069e+00
 76 -0.00376 -1.18553e+01 | 77 -0.04001 -2.33550e-01 | 78 -0.03098 -5.64885e-01
 79 -0.04109  2.02723e+00 | 80 -0.04299  5.73992e-01 | 81 -0.02814 -1.77934e+00
 82  0.00980 -6.92927e+00 | 83 -0.00957 -5.60105e+00 | 84 -0.03100 -1.56355e+00
 85 -0.02383  3.27226e+00 | 86 -0.00898 -5.50062e-01 | 87  0.01568 -5.38197e+00
 88 -0.03037  2.75140e+00 | 89  0.03479 -8.86787e+00 | 90 -0.00186 -7.86006e-01
 91  0.00829 -2.04335e+00 | 92 -0.00160  2.48827e+00 | 93  0.02648 -2.12068e-01
 94 -0.04563  4.87073e+00 | 95 -0.01204  2.64308e+00 | 96  0.01297  6.29567e+00
 97 -0.01512  6.54018e+00 | 98  0.00977  6.99006e+00 | 99 -0.00537  6.00749e+00
100 -0.00969  8.27130e+00 |101  0.03799  1.01387e+01 |102 -0.01494  9.22771e+00
103  0.00026  8.96266e+00 |104  0.00047  8.93636e+00 |105 -0.01147 -1.57980e+01
106 -0.40763  2.54141e+01 |107 -0.37470  3.45124e+00 |108 -0.25210 -1.87850e+00
108 variables; iteration 40; function evaluation 50; phase 4
Function value 5.9201734e+02; maximum gradient component mag 3.6496e+01
Var    Value     Gradient |Var    Value     Gradient |Var    Value     Gradient
  1 -0.42802  2.41042e+01 |  2 -0.42251  3.64961e+01 |  3 -0.40876  2.83236e+01
  4  0.63139 -2.20281e+01 |  5  0.00124  1.24598e+00 |  6  0.00026  2.57939e-01
  7  0.00032  3.19210e-01 |  8  0.00040  3.95828e-01 |  9  0.00050  4.92056e-01
 10  0.00047  8.67581e-01 | 11  0.00053  8.83474e-01 | 12  0.00056  8.40995e-01
 13  0.00060  7.73922e-01 | 14  0.00069  7.65120e-01 | 15  0.00082  7.64903e-01
 16  0.00095  6.96337e-01 | 17  0.00112  6.39037e-01 | 18  0.00316  5.69542e-01
 19  0.00191  5.09925e-01 | 20  0.00227  4.42770e-01 | 21  0.00290  3.76541e-01
 22  0.00426  4.14786e-01 | 23  0.00560  5.76932e-01 | 24  0.00672  4.66285e-01
 25  0.00425  6.12768e-01 | 26  0.00436  5.51202e-01 | 27  0.00418  7.77114e-01
 28  0.00106  7.96940e-01 | 29  0.00477  4.73680e-01 | 30  0.00500  4.28220e-01
 31  0.00531  5.20627e-01 | 32  0.00820  7.05795e-01 | 33  0.01049  1.44456e+00
 34  0.01072 -4.32220e-01 | 35  0.00495 -1.10739e-01 | 36 -0.00049 -7.72076e-02
 37  0.00190  3.12029e-01 | 38 -0.00633  4.08481e-02 | 39  0.00604 -9.44582e-01
 40  0.00517 -8.03740e-01 | 41  0.04442  1.78581e+00 | 42  0.00222  4.42709e-01
 43 -0.00850  7.55669e-01 | 44  0.00844  2.35967e+00 | 45  0.01646 -2.04050e+00
 46  0.00789  1.16974e+00 | 47 -0.00406  7.02930e-01 | 48 -0.01157  1.53759e+00
 49 -0.00463  8.11861e-01 | 50 -0.00405  3.23177e-01 | 51 -0.00403  1.12687e+00
 52  0.00415  1.60522e+00 | 53  0.00995  2.46568e-01 | 54  0.01455  1.18036e+00
 55  0.01130  5.49256e-01 | 56  0.00370  1.24773e+00 | 57 -0.00554 -7.15874e-01
 58 -0.01341  2.08989e+00 | 59  0.00230  1.07353e+00 | 60  0.01466  9.85247e-01
 61  0.00454  1.27575e+00 | 62 -0.00481  1.20010e+00 | 63  0.00557  1.52478e+00
 64  0.00102  3.52518e+00 | 65 -0.00697  2.66527e+00 | 66  0.01984  2.53456e+00
 67 -0.00773  1.71618e+00 | 68  0.01825 -1.99932e+00 | 69 -0.00012  1.35728e+00
 70  0.00072  1.34401e+00 | 71  0.03554  9.30747e-01 | 72 -0.00729  5.98457e-01
 73 -0.00208  1.43743e-01 | 74  0.00347 -1.16009e+00 | 75 -0.00760 -1.33051e+00
 76 -0.00336 -1.48355e+00 | 77 -0.04001 -4.73277e-01 | 78 -0.03090 -9.52426e-01
 79 -0.04103  1.30725e+00 | 80 -0.04283  4.59778e-01 | 81 -0.02828 -6.19905e+00
 82  0.00993 -1.51352e+00 | 83 -0.00955 -2.87839e+00 | 84 -0.03097 -2.17269e+00
 85 -0.02380  8.35217e-01 | 86 -0.00893 -1.65298e+00 | 87  0.01573 -2.58813e+00
 88 -0.03019  1.00311e+00 | 89  0.03489 -3.57392e+00 | 90 -0.00183 -1.66966e+00
 91  0.00838 -2.46274e+00 | 92 -0.00157 -9.99329e-01 | 93  0.02649 -1.17292e+00
 94 -0.04550  1.19956e+00 | 95 -0.01180  9.29585e-01 | 96  0.01299  2.47154e+00
 97 -0.01511 -4.38532e-01 | 98  0.00978  1.50424e-01 | 99 -0.00538 -8.75655e-01
100 -0.00943  2.20414e+00 |101  0.03814  2.90693e+00 |102 -0.01442  2.09535e+00
103  0.00004  8.79688e-01 |104  0.00031  9.68009e-01 |105 -0.01008 -9.74602e-01
106 -0.40711  2.96179e+00 |107 -0.37313  2.13122e+00 |108 -0.24993 -3.23061e+00
108 variables; iteration 60; function evaluation 81; phase 4
Function value 5.9198747e+02; maximum gradient component mag 1.5358e+01
Var    Value     Gradient |Var    Value     Gradient |Var    Value     Gradient
  1 -0.42839  3.47922e-01 |  2 -0.42264  1.53582e+01 |  3 -0.40880  6.93325e+00
  4  0.63166  1.02130e+01 |  5  0.00039  1.03995e-01 |  6  0.00008  2.07940e-02
  7  0.00010  2.55203e-02 |  8  0.00013  3.13518e-02 |  9  0.00016  3.85719e-02
 10  0.00058 -2.74679e-01 | 11  0.00063 -2.66269e-01 | 12  0.00068 -2.57120e-01
 13  0.00075 -2.46545e-01 | 14  0.00084 -2.32699e-01 | 15  0.00096 -2.15972e-01
 16  0.00112 -1.97940e-01 | 17  0.00131 -1.76653e-01 | 18  0.00337 -1.47917e-01
 19  0.00214 -1.24792e-01 | 20  0.00251 -9.57317e-02 | 21  0.00316 -6.44959e-02
 22  0.00446 -1.42243e-02 | 23  0.00568  7.10057e-02 | 24  0.00682  9.88409e-02
 25  0.00423  1.33464e-01 | 26  0.00438  1.28134e-01 | 27  0.00407  1.37220e-01
 28  0.00095  1.20542e-01 | 29  0.00484  1.65491e-01 | 30  0.00508  2.01225e-01
 31  0.00535  2.01112e-01 | 32  0.00812  2.93951e-01 | 33  0.00990  4.23422e-01
 34  0.01131  1.99954e-01 | 35  0.00530  1.54982e-01 | 36 -0.00007  1.96609e-01
 37  0.00204  2.15738e-01 | 38 -0.00601  8.15788e-02 | 39  0.00700  2.56074e-01
 40  0.00619  1.68900e-01 | 41  0.04327  7.82054e-01 | 42  0.00236  2.71115e-01
 43 -0.00856  1.42241e-01 | 44  0.00717  3.44472e-01 | 45  0.01829  3.03828e-01
 46  0.00743  3.63189e-01 | 47 -0.00407  2.57366e-01 | 48 -0.01193  1.82236e-01
 49 -0.00468  2.12557e-01 | 50 -0.00383  1.73699e-01 | 51 -0.00421  1.88476e-01
 52  0.00382  3.05667e-01 | 53  0.01016  2.34077e-01 | 54  0.01432  3.73470e-01
 55  0.01136  1.68967e-01 | 56  0.00336  2.21413e-01 | 57 -0.00483  9.64757e-03
 58 -0.01382  3.15049e-01 | 59  0.00220  2.01211e-01 | 60  0.01453  3.09992e-01
 61  0.00431  2.14869e-01 | 62 -0.00495  1.42160e-01 | 63  0.00527  1.57949e-01
 64 -0.00023  1.63150e-01 | 65 -0.00769  1.75594e-01 | 66  0.01929  4.08032e-01
 67 -0.00813 -6.89923e-02 | 68  0.01869  1.02123e-01 | 69 -0.00036  1.47758e-01
 70  0.00058  1.50704e-01 | 71  0.03544  3.59969e-01 | 72 -0.00730  2.88369e-02
 73 -0.00209  4.98066e-02 | 74  0.00355 -1.46177e-02 | 75 -0.00754 -6.10566e-02
 76 -0.00333  3.58922e-02 | 77 -0.04004 -2.49643e-01 | 78 -0.03085 -2.37691e-01
 79 -0.04110  1.39635e-01 | 80 -0.04288 -1.80609e-01 | 81 -0.02800 -3.28516e-01
 82  0.00992 -9.79578e-03 | 83 -0.00951 -1.98069e-01 | 84 -0.03090 -3.40508e-01
 85 -0.02385 -1.61445e-01 | 86 -0.00887 -3.23849e-01 | 87  0.01577 -1.63919e-01
 88 -0.03033 -2.31828e-01 | 89  0.03494 -1.66509e-01 | 90 -0.00181 -3.20089e-01
 91  0.00844 -3.13252e-01 | 92 -0.00155 -5.20716e-01 | 93  0.02648 -2.98892e-01
 94 -0.04568 -2.83258e-01 | 95 -0.01183 -2.76709e-01 | 96  0.01283 -1.38966e-01
 97 -0.01508 -1.52388e-01 | 98  0.00975 -2.52792e-01 | 99 -0.00536 -3.45875e-01
100 -0.00966 -2.11116e-01 |101  0.03794 -4.92905e-01 |102 -0.01498 -3.11179e-01
103  0.00017 -3.12508e-01 |104  0.00039 -3.11533e-01 |105 -0.01048  6.79530e-01
106 -0.40726 -8.40432e-01 |107 -0.37125  5.26916e-01 |108 -0.24771 -1.10983e+00
Maximum number of function evaluations exceeded

 - final statistics:
108 variables; iteration 72; function evaluation 100
Function value 5.9199e+02; maximum gradient component mag 4.7531e+00
Exit code = 3;  converg criter 1.0000e+00
Var    Value     Gradient |Var    Value     Gradient |Var    Value     Gradient
  1 -0.42845 -4.89621e-01 |  2 -0.42266  4.75308e+00 |  3 -0.40874  2.05129e+00
  4  0.63167  3.73876e+00 |  5  0.00037  3.05224e-02 |  6  0.00009  1.43936e-02
  7  0.00011  1.71193e-02 |  8  0.00013  2.01722e-02 |  9  0.00016  2.34588e-02
 10  0.00059 -1.02373e-01 | 11  0.00063 -9.84817e-02 | 12  0.00069 -9.47601e-02
 13  0.00076 -8.99528e-02 | 14  0.00085 -8.35233e-02 | 15  0.00097 -7.61901e-02
 16  0.00113 -6.61281e-02 | 17  0.00133 -5.36762e-02 | 18  0.00339 -3.57131e-02
 19  0.00217 -1.95357e-02 | 20  0.00255 -1.72423e-03 | 21  0.00320  6.04900e-03
 22  0.00448 -1.13530e-02 | 23  0.00567  8.68750e-03 | 24  0.00682  1.10730e-02
 25  0.00421  1.55759e-02 | 26  0.00440  5.60361e-02 | 27  0.00408  4.04869e-02
 28  0.00095  2.24168e-02 | 29  0.00483  2.66924e-02 | 30  0.00506  3.31129e-02
 31  0.00533  3.65107e-02 | 32  0.00810  1.01688e-01 | 33  0.00980  1.12484e-01
 34  0.01137  8.22751e-02 | 35  0.00535  7.17166e-02 | 36 -0.00007  5.88845e-02
 37  0.00207  1.18602e-01 | 38 -0.00598  2.48661e-02 | 39  0.00700  6.82436e-02
 40  0.00624  5.78422e-02 | 41  0.04322  2.51879e-01 | 42  0.00235  8.80695e-02
 43 -0.00854  7.68962e-02 | 44  0.00714  1.12029e-01 | 45  0.01837  1.33642e-01
 46  0.00740  1.06758e-01 | 47 -0.00409  7.11233e-02 | 48 -0.01191  1.27498e-01
 49 -0.00467  8.26317e-02 | 50 -0.00379  1.06130e-01 | 51 -0.00421  5.07923e-02
 52  0.00379  6.97259e-02 | 53  0.01015  2.00957e-02 | 54  0.01427  9.78176e-02
 55  0.01140  3.90949e-02 | 56  0.00334  5.85747e-02 | 57 -0.00479  1.05113e-02
 58 -0.01392  4.25137e-02 | 59  0.00218  4.61724e-02 | 60  0.01451  8.92544e-02
 61  0.00430  6.46938e-02 | 62 -0.00499 -1.09575e-02 | 63  0.00528  6.43052e-02
 64 -0.00026  2.18103e-03 | 65 -0.00773  3.02658e-02 | 66  0.01927  1.45321e-01
 67 -0.00809 -1.44548e-02 | 68  0.01871  5.95459e-02 | 69 -0.00038  4.06151e-02
 70  0.00058  3.85970e-02 | 71  0.03544  1.26578e-01 | 72 -0.00729  9.85896e-03
 73 -0.00209  2.22034e-02 | 74  0.00356  1.55895e-02 | 75 -0.00754 -6.28225e-03
 76 -0.00333  9.72654e-03 | 77 -0.04003 -4.97575e-02 | 78 -0.03084 -8.37739e-02
 79 -0.04112  7.19231e-03 | 80 -0.04288 -7.84038e-02 | 81 -0.02799 -4.74636e-02
 82  0.00991 -2.00238e-02 | 83 -0.00951 -3.29001e-02 | 84 -0.03090 -1.00719e-01
 85 -0.02385 -5.56679e-02 | 86 -0.00887 -1.19423e-01 | 87  0.01577 -2.29181e-02
 88 -0.03033 -9.94789e-02 | 89  0.03494 -9.34888e-03 | 90 -0.00181 -1.10705e-01
 91  0.00844 -7.97388e-02 | 92 -0.00153 -1.66296e-01 | 93  0.02648 -8.49869e-02
 94 -0.04568 -1.08120e-01 | 95 -0.01183 -9.73040e-02 | 96  0.01282 -1.09825e-01
 97 -0.01509 -7.38863e-02 | 98  0.00974 -1.35690e-01 | 99 -0.00536 -1.03220e-01
100 -0.00968 -1.26381e-01 |101  0.03795 -1.39681e-01 |102 -0.01500 -1.44147e-01
103  0.00017 -1.21460e-01 |104  0.00040 -1.16729e-01 |105 -0.01058  2.46412e-01
106 -0.40730 -3.34599e-01 |107 -0.37104  2.40463e-01 |108 -0.24731 -5.34122e-01

Initial statistics: 111 variables; iteration 0; function evaluation 0; phase 5
Function value 5.9198721e+02; maximum gradient component mag 4.0806e+01
Var    Value     Gradient |Var    Value     Gradient |Var    Value     Gradient
  1 -0.42845 -4.88887e-01 |  2 -0.42266  4.45268e+00 |  3 -0.40874  1.91822e+00
  4 -0.41222 -2.16308e+01 |  5 -0.41222 -1.49767e+01 |  6  0.63167  3.52465e+00
  7  0.00037  2.97021e-02 |  8  0.00009  1.35490e-02 |  9  0.00011  1.61350e-02
 10  0.00013  1.90435e-02 | 11  0.00016  2.21944e-02 | 12  0.00059 -9.72170e-02
 13  0.00063 -9.35614e-02 | 14  0.00069 -9.00955e-02 | 15  0.00076 -8.56328e-02
 16  0.00085 -7.96038e-02 | 17  0.00097 -7.27066e-02 | 18  0.00113 -6.32912e-02
 19  0.00133 -5.15773e-02 | 20  0.00339 -3.45701e-02 | 21  0.00217 -1.90879e-02
 22  0.00255 -1.79017e-03 | 23  0.00320  6.03803e-03 | 24  0.00448 -1.14380e-02
 25  0.00567  7.60963e-03 | 26  0.00682  9.35787e-03 | 27  0.00421  1.41059e-02
 28  0.00440  5.21376e-02 | 29  0.00408  3.74326e-02 | 30  0.00095  2.12987e-02
 31  0.00483  2.38519e-02 | 32  0.00506  2.89685e-02 | 33  0.00533  3.27853e-02
 34  0.00810  9.75479e-02 | 35  0.00980  1.04483e-01 | 36  0.01137  7.73454e-02
 37  0.00535  6.81375e-02 | 38 -0.00007  5.51975e-02 | 39  0.00207  1.09377e-01
 40 -0.00598  2.25705e-02 | 41  0.00700  6.45820e-02 | 42  0.00624  5.36318e-02
 43  0.04322  2.34883e-01 | 44  0.00235  8.06656e-02 | 45 -0.00854  7.34317e-02
 46  0.00714  1.03914e-01 | 47  0.01837  1.25721e-01 | 48  0.00740  9.93739e-02
 49 -0.00409  6.99405e-02 | 50 -0.01191  1.18125e-01 | 51 -0.00467  7.79613e-02
 52 -0.00379  9.99438e-02 | 53 -0.00421  4.80219e-02 | 54  0.00379  6.33529e-02
 55  0.01015  1.85269e-02 | 56  0.01427  9.07196e-02 | 57  0.01140  3.74352e-02
 58  0.00334  5.37668e-02 | 59 -0.00479  9.09342e-03 | 60 -0.01392  3.78148e-02
 61  0.00218  4.20945e-02 | 62  0.01451  8.21710e-02 | 63  0.00430  6.10244e-02
 64 -0.00499 -1.21620e-02 | 65  0.00528  5.96792e-02 | 66 -0.00026  9.15419e-04
 67 -0.00773  2.76938e-02 | 68  0.01927  1.35256e-01 | 69 -0.00809 -1.39588e-02
 70  0.01871  5.61697e-02 | 71 -0.00038  3.71972e-02 | 72  0.00058  3.52985e-02
 73  0.03544  1.18491e-01 | 74 -0.00729  8.71697e-03 | 75 -0.00209  2.04892e-02
 76  0.00356  1.46619e-02 | 77 -0.00754 -6.07428e-03 | 78 -0.00333  8.43508e-03
 79 -0.04003 -4.60802e-02 | 80 -0.03084 -7.97564e-02 | 81 -0.04112  5.19698e-03
 82 -0.04288 -7.50555e-02 | 83 -0.02799 -4.27134e-02 | 84  0.00991 -2.01695e-02
 85 -0.00951 -3.02008e-02 | 86 -0.03090 -9.49405e-02 | 87 -0.02385 -5.28182e-02
 88 -0.00887 -1.13617e-01 | 89  0.01577 -2.07706e-02 | 90 -0.03033 -9.49674e-02
 91  0.03494 -7.42351e-03 | 92 -0.00181 -1.04938e-01 | 93  0.00844 -7.45293e-02
 94 -0.00153 -1.57102e-01 | 95  0.02648 -7.99210e-02 | 96 -0.04568 -1.02625e-01
 97 -0.01183 -9.20759e-02 | 98  0.01282 -1.06152e-01 | 99 -0.01509 -7.04786e-02
100  0.00974 -1.30065e-01 |101 -0.00536 -9.69189e-02 |102 -0.00968 -1.21407e-01
103  0.03795 -1.30945e-01 |104 -0.01500 -1.38210e-01 |105  0.00017 -1.15012e-01
106  0.00040 -1.10628e-01 |107  0.00000  4.08055e+01 |108 -0.01058  2.32135e-01
109 -0.40730 -3.16184e-01 |110 -0.37104  2.30041e-01 |111 -0.24731 -5.11772e-01

Intermediate statistics: 111 variables; iteration 20; function evaluation 25; phase 5
Function value 5.9186204e+02; maximum gradient component mag -1.0507e+02
Var    Value     Gradient |Var    Value     Gradient |Var    Value     Gradient
  1 -0.42970 -1.78542e+01 |  2 -0.42465 -1.03491e+02 |  3 -0.40476 -3.74206e+01
  4 -0.41432 -1.52825e+01 |  5 -0.39643 -9.15492e+00 |  6  0.63214 -1.05070e+02
  7  0.00039 -8.20083e-01 |  8  0.00009 -1.73968e-01 |  9  0.00011 -2.12378e-01
 10  0.00014 -2.59177e-01 | 11  0.00017 -3.16205e-01 | 12  0.00056  1.13802e+00
 13  0.00061  1.05350e+00 | 14  0.00066  9.50938e-01 | 15  0.00074  8.28275e-01
 16  0.00083  6.82452e-01 | 17  0.00095  5.08936e-01 | 18  0.00112  3.05045e-01
 19  0.00132  6.68682e-02 | 20  0.00339 -2.58650e-01 | 21  0.00217 -5.32597e-01
 22  0.00255 -8.91379e-01 | 23  0.00320 -1.30794e+00 | 24  0.00445 -1.81368e+00
 25  0.00554 -2.30441e+00 | 26  0.00657 -2.80477e+00 | 27  0.00421 -2.95031e+00
 28  0.00450 -3.12000e+00 | 29  0.00406 -3.11931e+00 | 30  0.00092 -2.89957e+00
 31  0.00490 -3.43761e+00 | 32  0.00515 -3.80433e+00 | 33  0.00539 -3.62850e+00
 34  0.00809 -3.96139e+00 | 35  0.00960 -4.26177e+00 | 36  0.01109 -4.57262e+00
 37  0.00545 -4.07196e+00 | 38 -0.00007 -3.61896e+00 | 39  0.00207 -3.76094e+00
 40 -0.00596 -3.19741e+00 | 41  0.00728 -4.18208e+00 | 42  0.00656 -4.12841e+00
 43  0.04247 -8.62185e+00 | 44  0.00297 -4.03337e+00 | 45 -0.00859 -3.03877e+00
 46  0.00687 -4.38553e+00 | 47  0.01778 -5.82481e+00 | 48  0.00758 -4.69314e+00
 49 -0.00407 -3.60929e+00 | 50 -0.01197 -2.96980e+00 | 51 -0.00460 -3.50555e+00
 52 -0.00378 -3.52607e+00 | 53 -0.00417 -3.43465e+00 | 54  0.00367 -3.79975e+00
 55  0.01000 -4.23273e+00 | 56  0.01400 -4.40134e+00 | 57  0.01127 -4.18306e+00
 58  0.00326 -3.40564e+00 | 59 -0.00473 -2.75605e+00 | 60 -0.01404 -2.03220e+00
 61  0.00213 -3.03528e+00 | 62  0.01444 -4.02448e+00 | 63  0.00444 -3.15093e+00
 64 -0.00515 -2.45245e+00 | 65  0.00527 -2.85264e+00 | 66 -0.00005 -2.60803e+00
 67 -0.00778 -2.18197e+00 | 68  0.01908 -4.20927e+00 | 69 -0.00799 -2.04651e+00
 70  0.01863 -3.87982e+00 | 71 -0.00050 -2.46547e+00 | 72  0.00050 -2.97607e+00
 73  0.03559 -5.31361e+00 | 74 -0.00730 -2.09910e+00 | 75 -0.00196 -8.28420e-01
 76  0.00413  4.81724e+00 | 77 -0.00718  4.31776e+00 | 78 -0.00353 -4.28322e+00
 79 -0.04001 -5.27168e-01 | 80 -0.03089 -5.67433e-01 | 81 -0.04151 -4.54328e+00
 82 -0.04294 -4.79480e-01 | 83 -0.02851 -8.05978e+00 | 84  0.01001  1.09277e+00
 85 -0.00969 -5.98278e-01 | 86 -0.03111 -1.31333e+00 | 87 -0.02434 -5.07927e+00
 88 -0.00873  2.48455e+00 | 89  0.01569  2.93489e+00 | 90 -0.03065 -5.87573e-01
 91  0.03474 -1.98630e+00 | 92 -0.00161  4.52841e+00 | 93  0.00835  1.99105e+00
 94 -0.00131  5.47956e+00 | 95  0.02616 -2.44072e+00 | 96 -0.04581  9.34057e-01
 97 -0.01233 -5.80497e+00 | 98  0.01318  6.00670e+00 | 99 -0.01526 -8.94254e-01
100  0.01002  4.92769e+00 |101 -0.00510  5.04085e+00 |102 -0.00961  4.44419e-01
103  0.03789 -1.85689e+00 |104 -0.01510  1.02715e+00 |105  0.00015  1.53432e+00
106  0.00036  1.53731e+00 |107 -0.00033 -3.67061e+01 |108 -0.01440 -8.08661e+00
109 -0.40865  1.41240e+01 |110 -0.37065  3.31233e+00 |111 -0.24348 -5.08564e+00
111 variables; iteration 40; function evaluation 46; phase 5
Function value 5.9182432e+02; maximum gradient component mag -1.2393e+02
Var    Value     Gradient |Var    Value     Gradient |Var    Value     Gradient
  1 -0.42966 -1.41235e+01 |  2 -0.42532 -1.23934e+02 |  3 -0.40390 -4.77644e+01
  4 -0.41468 -9.38807e+00 |  5 -0.39152 -6.23447e+00 |  6  0.63252 -1.10926e+02
  7  0.00042 -7.93514e-01 |  8  0.00009 -1.75567e-01 |  9  0.00011 -2.13924e-01
 10  0.00014 -2.60428e-01 | 11  0.00017 -3.16713e-01 | 12  0.00059  2.16134e+00
 13  0.00064  2.07747e+00 | 14  0.00070  1.97657e+00 | 15  0.00078  1.85533e+00
 16  0.00088  1.71015e+00 | 17  0.00100  1.53733e+00 | 18  0.00117  1.33258e+00
 19  0.00138  1.09235e+00 | 20  0.00345  7.63005e-01 | 21  0.00223  4.84841e-01
 22  0.00261  1.22967e-01 | 23  0.00327 -2.95660e-01 | 24  0.00450 -8.29005e-01
 25  0.00555 -1.33476e+00 | 26  0.00665 -1.67697e+00 | 27  0.00446 -1.66913e+00
 28  0.00464 -2.06940e+00 | 29  0.00408 -2.17755e+00 | 30  0.00099 -1.89302e+00
 31  0.00501 -2.41167e+00 | 32  0.00526 -2.79681e+00 | 33  0.00545 -2.68577e+00
 34  0.00816 -2.99208e+00 | 35  0.00954 -3.40370e+00 | 36  0.01116 -3.49975e+00
 37  0.00576 -2.79965e+00 | 38  0.00003 -2.62647e+00 | 39  0.00208 -2.88186e+00
 40 -0.00576 -2.04598e+00 | 41  0.00751 -3.15710e+00 | 42  0.00589 -4.34551e+00
 43  0.04280 -7.31991e+00 | 44  0.00317 -3.02383e+00 | 45 -0.00847 -2.04878e+00
 46  0.00653 -3.96279e+00 | 47  0.01777 -4.85041e+00 | 48  0.00772 -3.75542e+00
 49 -0.00427 -3.10315e+00 | 50 -0.01196 -2.15659e+00 | 51 -0.00460 -2.76427e+00
 52 -0.00375 -2.72149e+00 | 53 -0.00393 -2.31556e+00 | 54  0.00396 -2.54054e+00
 55  0.00984 -3.78483e+00 | 56  0.01390 -3.72974e+00 | 57  0.01129 -3.35315e+00
 58  0.00319 -2.71568e+00 | 59 -0.00496 -2.40941e+00 | 60 -0.01417 -1.50439e+00
 61  0.00213 -2.29983e+00 | 62  0.01438 -3.40789e+00 | 63  0.00445 -2.51615e+00
 64 -0.00520 -1.69302e+00 | 65  0.00502 -2.74938e+00 | 66  0.00002 -1.94274e+00
 67 -0.00742 -9.64428e-01 | 68  0.01869 -4.37202e+00 | 69 -0.00807 -1.70640e+00
 70  0.01873 -2.69087e+00 | 71 -0.00046 -1.32845e+00 | 72  0.00061 -1.73332e+00
 73  0.03545 -6.08086e+00 | 74 -0.00737 -1.73262e+00 | 75 -0.00191  3.02117e-01
 76  0.00378  1.32959e+00 | 77 -0.00747  1.09528e+00 | 78 -0.00334  7.47534e-01
 79 -0.04001  6.54269e-01 | 80 -0.03089  2.08385e-01 | 81 -0.04152 -3.92359e+00
 82 -0.04274  2.60389e+00 | 83 -0.02823 -2.40839e+00 | 84  0.00997 -1.16583e-01
 85 -0.00974 -6.01313e-01 | 86 -0.03129 -2.23884e+00 | 87 -0.02431 -3.43077e+00
 88 -0.00883  1.58112e+00 | 89  0.01557  9.47397e-01 | 90 -0.03075 -3.91528e-01
 91  0.03478  2.29930e-01 | 92 -0.00178  3.34527e+00 | 93  0.00831  1.83086e+00
 94 -0.00149  3.45822e+00 | 95  0.02615 -1.03902e+00 | 96 -0.04589  1.84362e+00
 97 -0.01222 -2.79758e+00 | 98  0.01318  6.11508e+00 | 99 -0.01519  1.15550e+00
100  0.01002  5.61069e+00 |101 -0.00526  3.16416e+00 |102 -0.00929  2.99780e+00
103  0.03812  1.53641e+00 |104 -0.01483  2.53881e+00 |105  0.00019  2.56676e+00
106  0.00038  2.55135e+00 |107 -0.00046 -3.72366e+01 |108 -0.01580 -8.35437e+00
109 -0.40932  1.32327e+01 |110 -0.37251  1.59639e+00 |111 -0.24400 -3.25548e+00
111 variables; iteration 60; function evaluation 75; phase 5
Function value 5.9180427e+02; maximum gradient component mag -2.6039e+01
Var    Value     Gradient |Var    Value     Gradient |Var    Value     Gradient
  1 -0.42984 -3.89701e+00 |  2 -0.42581 -2.60385e+01 |  3 -0.40322 -1.09783e+01
  4 -0.41427 -1.69513e+00 |  5 -0.38744 -9.59894e-01 |  6  0.63271 -2.31630e+01
  7  0.00040 -2.09111e-01 |  8  0.00009 -4.06560e-02 |  9  0.00011 -4.98028e-02
 10  0.00014 -6.10432e-02 | 11  0.00017 -7.49079e-02 | 12  0.00057  4.30966e-01
 13  0.00062  4.10829e-01 | 14  0.00068  3.85995e-01 | 15  0.00076  3.56663e-01
 16  0.00086  3.22431e-01 | 17  0.00098  2.81834e-01 | 18  0.00115  2.35156e-01
 19  0.00136  1.81378e-01 | 20  0.00343  1.08596e-01 | 21  0.00222  4.83790e-02
 22  0.00260 -3.17089e-02 | 23  0.00326 -1.26342e-01 | 24  0.00453 -2.27625e-01
 25  0.00560 -3.01824e-01 | 26  0.00653 -4.80708e-01 | 27  0.00426 -5.20424e-01
 28  0.00466 -4.86952e-01 | 29  0.00418 -3.75782e-01 | 30  0.00104 -3.90971e-01
 31  0.00503 -5.51341e-01 | 32  0.00530 -6.18728e-01 | 33  0.00555 -5.44309e-01
 34  0.00818 -6.40642e-01 | 35  0.00973 -5.74196e-01 | 36  0.01103 -8.74802e-01
 37  0.00552 -7.85323e-01 | 38  0.00001 -6.28037e-01 | 39  0.00213 -5.62392e-01
 40 -0.00587 -5.65113e-01 | 41  0.00741 -8.85516e-01 | 42  0.00711 -3.66551e-01
 43  0.04186 -2.04624e+00 | 44  0.00346 -4.66263e-01 | 45 -0.00855 -4.85512e-01
 46  0.00708 -3.56142e-01 | 47  0.01731 -1.41629e+00 | 48  0.00780 -6.80597e-01
 49 -0.00403 -4.56617e-01 | 50 -0.01194 -4.47698e-01 | 51 -0.00451 -5.20197e-01
 52 -0.00374 -5.58215e-01 | 53 -0.00405 -5.22504e-01 | 54  0.00353 -7.64940e-01
 55  0.00991 -7.55229e-01 | 56  0.01388 -7.47114e-01 | 57  0.01124 -7.02615e-01
 58  0.00331 -3.46839e-01 | 59 -0.00458 -2.30399e-02 | 60 -0.01394  9.91992e-02
 61  0.00213 -3.69539e-01 | 62  0.01445 -5.39949e-01 | 63  0.00461 -3.56775e-01
 64 -0.00519 -1.61627e-01 | 65  0.00540  1.09261e-01 | 66  0.00011 -2.96337e-01
 67 -0.00754  1.64856e-01 | 68  0.01963  1.08394e+00 | 69 -0.00774  3.26639e-01
 70  0.01873 -3.42116e-01 | 71 -0.00044  7.90390e-02 | 72  0.00077  3.67480e-01
 73  0.03553 -1.39516e+00 | 74 -0.00719  5.41672e-01 | 75 -0.00214 -8.09849e-02
 76  0.00358  1.15734e+00 | 77 -0.00762  5.21897e-01 | 78 -0.00356 -1.42600e+00
 79 -0.04011 -1.12775e+00 | 80 -0.03097 -1.91645e-01 | 81 -0.04125  1.14877e-01
 82 -0.04303 -6.75942e-01 | 83 -0.02811 -9.64899e-01 | 84  0.00996  4.23863e-01
 85 -0.00972  1.51202e-01 | 86 -0.03106  6.79612e-01 | 87 -0.02401  8.43133e-01
 88 -0.00893  1.80518e-01 | 89  0.01556  4.01868e-01 | 90 -0.03073 -5.42396e-01
 91  0.03479 -5.79324e-02 | 92 -0.00191  1.38334e+00 | 93  0.00831  3.79211e-01
 94 -0.00162  6.04682e-01 | 95  0.02620 -1.30124e-01 | 96 -0.04592  7.96680e-01
 97 -0.01197 -1.43971e-01 | 98  0.01292  2.39676e-01 | 99 -0.01515 -5.79880e-02
100  0.00963 -7.40923e-01 |101 -0.00533  1.03489e+00 |102 -0.00951 -1.22332e-01
103  0.03811  9.19891e-02 |104 -0.01498  3.77936e-01 |105  0.00015  5.09602e-01
106  0.00037  5.29982e-01 |107 -0.00050 -6.40242e+00 |108 -0.01625 -1.83409e+00
109 -0.40960  2.81199e+00 |110 -0.37036  4.14254e-01 |111 -0.24191 -8.81292e-01
111 variables; iteration 80; function evaluation 110; phase 5
Function value 5.9180186e+02; maximum gradient component mag -3.1822e+00
Var    Value     Gradient |Var    Value     Gradient |Var    Value     Gradient
  1 -0.42995 -2.59555e-01 |  2 -0.42601 -3.18223e+00 |  3 -0.40287 -1.32950e+00
  4 -0.41426 -4.75548e-02 |  5 -0.38651 -5.58582e-02 |  6  0.63281 -2.59227e+00
  7  0.00042 -1.79178e-02 |  8  0.00009 -4.36996e-03 |  9  0.00011 -5.31026e-03
 10  0.00014 -6.44086e-03 | 11  0.00017 -7.79224e-03 | 12  0.00061  7.38505e-02
 13  0.00066  7.17878e-02 | 14  0.00073  6.93230e-02 | 15  0.00080  6.63024e-02
 16  0.00090  6.25786e-02 | 17  0.00103  5.80440e-02 | 18  0.00120  5.24391e-02
 19  0.00141  4.56246e-02 | 20  0.00348  3.61776e-02 | 21  0.00227  2.82663e-02
 22  0.00265  1.89362e-02 | 23  0.00331  8.81347e-03 | 24  0.00458 -7.80162e-05
 25  0.00562 -1.12173e-02 | 26  0.00660 -2.07742e-02 | 27  0.00435 -2.66953e-02
 28  0.00470 -3.32540e-02 | 29  0.00414 -2.77222e-02 | 30  0.00105 -2.78722e-02
 31  0.00507 -3.07894e-02 | 32  0.00533 -4.30501e-02 | 33  0.00555 -4.21377e-02
 34  0.00818 -5.47106e-02 | 35  0.00964 -5.30256e-02 | 36  0.01111 -6.82845e-02
 37  0.00562 -5.83062e-02 | 38  0.00007 -4.38164e-02 | 39  0.00213 -4.63504e-02
 40 -0.00579 -2.71096e-02 | 41  0.00756 -5.59688e-02 | 42  0.00689 -5.37001e-02
 43  0.04217 -1.60152e-01 | 44  0.00337 -4.34151e-02 | 45 -0.00850 -3.59348e-02
 46  0.00681 -5.43350e-02 | 47  0.01762 -8.89064e-02 | 48  0.00776 -7.00165e-02
 49 -0.00406 -4.92287e-02 | 50 -0.01190 -2.50622e-02 | 51 -0.00450 -4.33642e-02
 52 -0.00370 -4.38836e-02 | 53 -0.00400 -3.90009e-02 | 54  0.00365 -4.86362e-02
 55  0.00999 -5.52390e-02 | 56  0.01390 -6.02755e-02 | 57  0.01128 -5.70554e-02
 58  0.00325 -3.78418e-02 | 59 -0.00470 -1.06360e-02 | 60 -0.01405  3.25866e-04
 61  0.00213 -2.72402e-02 | 62  0.01443 -4.98289e-02 | 63  0.00460 -3.32973e-02
 64 -0.00523 -7.07615e-03 | 65  0.00523 -2.28308e-02 | 66  0.00014 -2.87279e-02
 67 -0.00765 -8.25367e-03 | 68  0.01901 -3.46405e-02 | 69 -0.00788  3.81063e-04
 70  0.01866 -4.43595e-02 | 71 -0.00054 -8.31894e-03 | 72  0.00061 -7.84781e-03
 73  0.03558 -8.99693e-02 | 74 -0.00732  7.19828e-04 | 75 -0.00215 -1.31447e-02
 76  0.00346 -1.50085e-02 | 77 -0.00767 -2.38381e-03 | 78 -0.00351 -2.12164e-02
 79 -0.04004  1.93870e-02 | 80 -0.03096  2.08588e-02 | 81 -0.04125  3.64918e-02
 82 -0.04297  2.73970e-02 | 83 -0.02805  2.42095e-02 | 84  0.00992 -1.04224e-02
 85 -0.00974  1.99002e-02 | 86 -0.03112  4.10798e-02 | 87 -0.02405  4.82264e-02
 88 -0.00894  2.77096e-02 | 89  0.01552  2.09014e-02 | 90 -0.03066  4.48645e-02
 91  0.03478  1.10025e-02 | 92 -0.00201  5.09120e-02 | 93  0.00829  4.79777e-02
 94 -0.00165  5.15680e-02 | 95  0.02621  4.47244e-02 | 96 -0.04598  7.56562e-02
 97 -0.01194  7.02760e-02 | 98  0.01294  6.06881e-02 | 99 -0.01510  7.50780e-02
100  0.00973  6.18964e-02 |101 -0.00531  8.66042e-02 |102 -0.00936  7.38471e-02
103  0.03822  8.69824e-02 |104 -0.01487  9.19257e-02 |105  0.00020  8.41036e-02
106  0.00040  8.30800e-02 |107 -0.00054 -7.57872e-01 |108 -0.01659 -1.81749e-01
109 -0.40976  2.58317e-01 |110 -0.37002  5.66117e-03 |111 -0.24115 -1.79970e-02
111 variables; iteration 100; function evaluation 144; phase 5
Function value 5.9180186e+02; maximum gradient component mag -7.2736e-01
Var    Value     Gradient |Var    Value     Gradient |Var    Value     Gradient
  1 -0.42996 -5.82716e-02 |  2 -0.42602 -7.27361e-01 |  3 -0.40286 -3.04446e-01
  4 -0.41426 -9.99973e-03 |  5 -0.38649 -1.24228e-02 |  6  0.63281 -5.91834e-01
  7  0.00042 -6.22709e-03 |  8  0.00009 -1.08156e-03 |  9  0.00011 -1.33862e-03
 10  0.00014 -1.66163e-03 | 11  0.00017 -2.07107e-03 | 12  0.00061  1.60361e-02
 13  0.00066  1.57587e-02 | 14  0.00073  1.54354e-02 | 15  0.00080  1.51315e-02
 16  0.00090  1.48424e-02 | 17  0.00103  1.44468e-02 | 18  0.00120  1.36685e-02
 19  0.00141  1.18949e-02 | 20  0.00348  8.04334e-03 | 21  0.00227  4.68428e-03
 22  0.00265  3.25983e-03 | 23  0.00331  2.04837e-03 | 24  0.00458 -3.71313e-04
 25  0.00563 -1.40414e-03 | 26  0.00660 -5.18937e-03 | 27  0.00435 -6.55823e-03
 28  0.00471 -3.76436e-03 | 29  0.00414 -6.52048e-03 | 30  0.00105 -5.47900e-03
 31  0.00506 -7.30874e-03 | 32  0.00533 -1.02384e-02 | 33  0.00555 -1.02273e-02
 34  0.00818 -1.24716e-02 | 35  0.00963 -1.29507e-02 | 36  0.01112 -1.60976e-02
 37  0.00562 -1.32491e-02 | 38  0.00007 -1.05410e-02 | 39  0.00213 -9.29367e-03
 40 -0.00579 -4.38969e-03 | 41  0.00756 -1.03900e-02 | 42  0.00689 -1.28025e-02
 43  0.04217 -3.65972e-02 | 44  0.00337 -1.01408e-02 | 45 -0.00850 -8.32817e-03
 46  0.00680 -1.16277e-02 | 47  0.01762 -1.99449e-02 | 48  0.00776 -1.73323e-02
 49 -0.00406 -1.00869e-02 | 50 -0.01190 -5.65894e-03 | 51 -0.00449 -7.02674e-03
 52 -0.00370 -1.12747e-02 | 53 -0.00400 -9.37860e-03 | 54  0.00365 -1.13485e-02
 55  0.00999 -1.25058e-02 | 56  0.01390 -1.40034e-02 | 57  0.01128 -1.27578e-02
 58  0.00325 -9.14478e-03 | 59 -0.00471 -3.08648e-03 | 60 -0.01405 -3.92944e-04
 61  0.00213 -7.69443e-03 | 62  0.01443 -8.73379e-03 | 63  0.00460 -8.08219e-03
 64 -0.00523 -1.38256e-03 | 65  0.00523 -5.28154e-03 | 66  0.00014 -6.19038e-03
 67 -0.00765 -8.80017e-04 | 68  0.01900 -8.93539e-03 | 69 -0.00788  4.33243e-05
 70  0.01866 -1.00408e-02 | 71 -0.00054 -1.89548e-03 | 72  0.00061 -1.97144e-03
 73  0.03558 -2.01197e-02 | 74 -0.00732 -1.01569e-04 | 75 -0.00216 -2.97373e-03
 76  0.00346 -4.18433e-03 | 77 -0.00768 -7.95177e-04 | 78 -0.00351 -3.98748e-03
 79 -0.04004  5.25749e-03 | 80 -0.03096  5.12297e-03 | 81 -0.04125  8.57516e-03
 82 -0.04297  6.86200e-03 | 83 -0.02805  6.36897e-03 | 84  0.00992 -2.64968e-03
 85 -0.00974  4.60644e-03 | 86 -0.03112  9.19290e-03 | 87 -0.02405  1.08425e-02
 88 -0.00894  6.33948e-03 | 89  0.01552  4.66432e-03 | 90 -0.03066  1.08499e-02
 91  0.03478  2.59901e-03 | 92 -0.00201  1.10362e-02 | 93  0.00829  1.10315e-02
 94 -0.00165  1.16711e-02 | 95  0.02621  1.05840e-02 | 96 -0.04598  1.72496e-02
 97 -0.01194  1.66400e-02 | 98  0.01294  1.40512e-02 | 99 -0.01510  1.76974e-02
100  0.00973  1.49408e-02 |101 -0.00531  1.96868e-02 |102 -0.00936  1.73368e-02
103  0.03822  2.03989e-02 |104 -0.01487  2.07812e-02 |105  0.00020  1.64740e-02
106  0.00040  1.81277e-02 |107 -0.00054 -1.72121e-01 |108 -0.01661 -4.14799e-02
109 -0.40977  5.88482e-02 |110 -0.37002  1.02903e-03 |111 -0.24113 -3.56554e-03
111 variables; iteration 120; function evaluation 180; phase 5
Function value 5.9180186e+02; maximum gradient component mag -4.1467e-03
Var    Value     Gradient |Var    Value     Gradient |Var    Value     Gradient
  1 -0.42996 -3.24520e-04 |  2 -0.42602 -4.14665e-03 |  3 -0.40286 -1.74128e-03
  4 -0.41426 -5.21728e-05 |  5 -0.38649 -6.43405e-05 |  6  0.63281 -3.36984e-03
  7  0.00042 -5.23784e-05 |  8  0.00009 -6.82199e-06 |  9  0.00011 -7.97371e-06
 10  0.00014 -9.01947e-06 | 11  0.00017 -9.71557e-06 | 12  0.00061  1.04199e-04
 13  0.00066  8.78209e-05 | 14  0.00073  6.69601e-05 | 15  0.00080  4.82467e-05
 16  0.00090  5.47618e-05 | 17  0.00103  1.15071e-04 | 18  0.00120  1.92893e-04
 19  0.00141  1.04921e-04 | 20  0.00348  3.22431e-07 | 21  0.00227  6.89004e-05
 22  0.00265  1.11346e-04 | 23  0.00331 -1.19901e-04 | 24  0.00458 -8.23452e-05
 25  0.00563 -1.65529e-05 | 26  0.00660 -3.13187e-05 | 27  0.00435 -4.67750e-05
 28  0.00471 -4.50990e-05 | 29  0.00414 -6.18680e-05 | 30  0.00105 -5.59958e-05
 31  0.00506 -5.23830e-05 | 32  0.00533 -7.03245e-05 | 33  0.00555 -4.92377e-05
 34  0.00819 -4.80154e-05 | 35  0.00964 -4.87682e-05 | 36  0.01112 -5.89490e-05
 37  0.00562 -2.16120e-05 | 38  0.00007  2.22072e-05 | 39  0.00213 -5.93975e-05
 40 -0.00579 -1.96198e-05 | 41  0.00756 -7.03069e-05 | 42  0.00689 -9.83530e-05
 43  0.04217 -2.52004e-04 | 44  0.00337 -1.29470e-04 | 45 -0.00850 -9.59487e-05
 46  0.00680 -1.84913e-05 | 47  0.01762 -7.17388e-05 | 48  0.00776 -1.33401e-05
 49 -0.00406 -6.82996e-05 | 50 -0.01190 -2.09913e-05 | 51 -0.00450 -4.59610e-05
 52 -0.00370 -6.97826e-05 | 53 -0.00400 -5.49336e-05 | 54  0.00365 -6.88518e-05
 55  0.00999 -7.81038e-05 | 56  0.01390 -3.99685e-05 | 57  0.01128 -6.07947e-05
 58  0.00325 -8.87242e-05 | 59 -0.00471 -1.05521e-05 | 60 -0.01405 -4.33434e-06
 61  0.00213 -4.22639e-05 | 62  0.01443 -5.63311e-05 | 63  0.00460 -4.63563e-05
 64 -0.00523 -1.07172e-05 | 65  0.00523 -3.43192e-05 | 66  0.00014 -3.25030e-05
 67 -0.00765 -4.97755e-06 | 68  0.01900 -5.78122e-05 | 69 -0.00788 -1.47172e-06
 70  0.01866 -5.67208e-05 | 71 -0.00054 -1.10139e-05 | 72  0.00061 -1.28722e-05
 73  0.03558 -1.10600e-04 | 74 -0.00732 -2.56451e-06 | 75 -0.00216 -1.67796e-05
 76  0.00345 -3.02265e-05 | 77 -0.00768 -6.63267e-06 | 78 -0.00351 -1.53759e-05
 79 -0.04004  3.70417e-05 | 80 -0.03096  3.22534e-05 | 81 -0.04125  5.07755e-05
 82 -0.04297  4.40470e-05 | 83 -0.02805  4.34545e-05 | 84  0.00992 -1.75624e-05
 85 -0.00974  2.65790e-05 | 86 -0.03112  5.06337e-05 | 87 -0.02405  6.01486e-05
 88 -0.00894  3.61509e-05 | 89  0.01552  2.56474e-05 | 90 -0.03066  6.68051e-05
 91  0.03478  1.56310e-05 | 92 -0.00201  5.76154e-05 | 93  0.00829  6.33225e-05
 94 -0.00165  6.54566e-05 | 95  0.02621  6.34723e-05 | 96 -0.04598  9.77584e-05
 97 -0.01194  9.97649e-05 | 98  0.01294  8.15778e-05 | 99 -0.01510  1.05512e-04
100  0.00973  9.20795e-05 |101 -0.00531  1.11103e-04 |102 -0.00936  1.02247e-04
103  0.03822  1.20550e-04 |104 -0.01488  1.18155e-04 |105  0.00020  6.19285e-05
106  0.00040  1.23805e-04 |107 -0.00054 -9.69604e-04 |108 -0.01661 -2.34385e-04
109 -0.40977  3.34351e-04 |110 -0.37002  3.00137e-06 |111 -0.24112 -1.44632e-05
  ic > imax  in fminim is answer attained ?
Var    Value     Gradient |Var    Value     Gradient |Var    Value     Gradient
  1 -0.42996 -3.24520e-04 |  2 -0.42602 -4.14665e-03 |  3 -0.40286 -1.74128e-03
  4 -0.41426 -5.21728e-05 |  5 -0.38649 -6.43405e-05 |  6  0.63281 -3.36984e-03
  7  0.00042 -5.23784e-05 |  8  0.00009 -6.82199e-06 |  9  0.00011 -7.97371e-06
 10  0.00014 -9.01947e-06 | 11  0.00017 -9.71557e-06 | 12  0.00061  1.04199e-04
 13  0.00066  8.78209e-05 | 14  0.00073  6.69601e-05 | 15  0.00080  4.82467e-05
 16  0.00090  5.47618e-05 | 17  0.00103  1.15071e-04 | 18  0.00120  1.92893e-04
 19  0.00141  1.04921e-04 | 20  0.00348  3.22431e-07 | 21  0.00227  6.89004e-05
 22  0.00265  1.11346e-04 | 23  0.00331 -1.19901e-04 | 24  0.00458 -8.23452e-05
 25  0.00563 -1.65529e-05 | 26  0.00660 -3.13187e-05 | 27  0.00435 -4.67750e-05
 28  0.00471 -4.50990e-05 | 29  0.00414 -6.18680e-05 | 30  0.00105 -5.59958e-05
 31  0.00506 -5.23830e-05 | 32  0.00533 -7.03245e-05 | 33  0.00555 -4.92377e-05
 34  0.00819 -4.80154e-05 | 35  0.00964 -4.87682e-05 | 36  0.01112 -5.89490e-05
 37  0.00562 -2.16120e-05 | 38  0.00007  2.22072e-05 | 39  0.00213 -5.93975e-05
 40 -0.00579 -1.96198e-05 | 41  0.00756 -7.03069e-05 | 42  0.00689 -9.83530e-05
 43  0.04217 -2.52004e-04 | 44  0.00337 -1.29470e-04 | 45 -0.00850 -9.59487e-05
 46  0.00680 -1.84913e-05 | 47  0.01762 -7.17388e-05 | 48  0.00776 -1.33401e-05
 49 -0.00406 -6.82996e-05 | 50 -0.01190 -2.09913e-05 | 51 -0.00450 -4.59610e-05
 52 -0.00370 -6.97826e-05 | 53 -0.00400 -5.49336e-05 | 54  0.00365 -6.88518e-05
 55  0.00999 -7.81038e-05 | 56  0.01390 -3.99685e-05 | 57  0.01128 -6.07947e-05
 58  0.00325 -8.87242e-05 | 59 -0.00471 -1.05521e-05 | 60 -0.01405 -4.33434e-06
 61  0.00213 -4.22639e-05 | 62  0.01443 -5.63311e-05 | 63  0.00460 -4.63563e-05
 64 -0.00523 -1.07172e-05 | 65  0.00523 -3.43192e-05 | 66  0.00014 -3.25030e-05
 67 -0.00765 -4.97755e-06 | 68  0.01900 -5.78122e-05 | 69 -0.00788 -1.47172e-06
 70  0.01866 -5.67208e-05 | 71 -0.00054 -1.10139e-05 | 72  0.00061 -1.28722e-05
 73  0.03558 -1.10600e-04 | 74 -0.00732 -2.56451e-06 | 75 -0.00216 -1.67796e-05
 76  0.00345 -3.02265e-05 | 77 -0.00768 -6.63267e-06 | 78 -0.00351 -1.53759e-05
 79 -0.04004  3.70417e-05 | 80 -0.03096  3.22534e-05 | 81 -0.04125  5.07755e-05
 82 -0.04297  4.40470e-05 | 83 -0.02805  4.34545e-05 | 84  0.00992 -1.75624e-05
 85 -0.00974  2.65790e-05 | 86 -0.03112  5.06337e-05 | 87 -0.02405  6.01486e-05
 88 -0.00894  3.61509e-05 | 89  0.01552  2.56474e-05 | 90 -0.03066  6.68051e-05
 91  0.03478  1.56310e-05 | 92 -0.00201  5.76154e-05 | 93  0.00829  6.33225e-05
 94 -0.00165  6.54566e-05 | 95  0.02621  6.34723e-05 | 96 -0.04598  9.77584e-05
 97 -0.01194  9.97649e-05 | 98  0.01294  8.15778e-05 | 99 -0.01510  1.05512e-04
100  0.00973  9.20795e-05 |101 -0.00531  1.11103e-04 |102 -0.00936  1.02247e-04
103  0.03822  1.20550e-04 |104 -0.01488  1.18155e-04 |105  0.00020  6.19285e-05
106  0.00040  1.23805e-04 |107 -0.00054 -9.69604e-04 |108 -0.01661 -2.34385e-04
109 -0.40977  3.34351e-04 |110 -0.37002  3.00137e-06 |111 -0.24112 -1.44632e-05
Function minimizer not making progress ... is minimum attained?
Minimprove criterion = 0.0000e+00

 - final statistics:
111 variables; iteration 121; function evaluation 210
Function value 5.9180e+02; maximum gradient component mag -4.1467e-03
Exit code = 1;  converg criter 1.0000e-04
Var    Value     Gradient |Var    Value     Gradient |Var    Value     Gradient
  1 -0.42996 -3.24520e-04 |  2 -0.42602 -4.14665e-03 |  3 -0.40286 -1.74128e-03
  4 -0.41426 -5.21728e-05 |  5 -0.38649 -6.43405e-05 |  6  0.63281 -3.36984e-03
  7  0.00042 -5.23784e-05 |  8  0.00009 -6.82199e-06 |  9  0.00011 -7.97371e-06
 10  0.00014 -9.01947e-06 | 11  0.00017 -9.71557e-06 | 12  0.00061  1.04199e-04
 13  0.00066  8.78209e-05 | 14  0.00073  6.69601e-05 | 15  0.00080  4.82467e-05
 16  0.00090  5.47618e-05 | 17  0.00103  1.15071e-04 | 18  0.00120  1.92893e-04
 19  0.00141  1.04921e-04 | 20  0.00348  3.22431e-07 | 21  0.00227  6.89004e-05
 22  0.00265  1.11346e-04 | 23  0.00331 -1.19901e-04 | 24  0.00458 -8.23452e-05
 25  0.00563 -1.65529e-05 | 26  0.00660 -3.13187e-05 | 27  0.00435 -4.67750e-05
 28  0.00471 -4.50990e-05 | 29  0.00414 -6.18680e-05 | 30  0.00105 -5.59958e-05
 31  0.00506 -5.23830e-05 | 32  0.00533 -7.03245e-05 | 33  0.00555 -4.92377e-05
 34  0.00819 -4.80154e-05 | 35  0.00964 -4.87682e-05 | 36  0.01112 -5.89490e-05
 37  0.00562 -2.16120e-05 | 38  0.00007  2.22072e-05 | 39  0.00213 -5.93975e-05
 40 -0.00579 -1.96198e-05 | 41  0.00756 -7.03069e-05 | 42  0.00689 -9.83530e-05
 43  0.04217 -2.52004e-04 | 44  0.00337 -1.29470e-04 | 45 -0.00850 -9.59487e-05
 46  0.00680 -1.84913e-05 | 47  0.01762 -7.17388e-05 | 48  0.00776 -1.33401e-05
 49 -0.00406 -6.82996e-05 | 50 -0.01190 -2.09913e-05 | 51 -0.00450 -4.59610e-05
 52 -0.00370 -6.97826e-05 | 53 -0.00400 -5.49336e-05 | 54  0.00365 -6.88518e-05
 55  0.00999 -7.81038e-05 | 56  0.01390 -3.99685e-05 | 57  0.01128 -6.07947e-05
 58  0.00325 -8.87242e-05 | 59 -0.00471 -1.05521e-05 | 60 -0.01405 -4.33434e-06
 61  0.00213 -4.22639e-05 | 62  0.01443 -5.63311e-05 | 63  0.00460 -4.63563e-05
 64 -0.00523 -1.07172e-05 | 65  0.00523 -3.43192e-05 | 66  0.00014 -3.25030e-05
 67 -0.00765 -4.97755e-06 | 68  0.01900 -5.78122e-05 | 69 -0.00788 -1.47172e-06
 70  0.01866 -5.67208e-05 | 71 -0.00054 -1.10139e-05 | 72  0.00061 -1.28722e-05
 73  0.03558 -1.10600e-04 | 74 -0.00732 -2.56451e-06 | 75 -0.00216 -1.67796e-05
 76  0.00345 -3.02265e-05 | 77 -0.00768 -6.63267e-06 | 78 -0.00351 -1.53759e-05
 79 -0.04004  3.70417e-05 | 80 -0.03096  3.22534e-05 | 81 -0.04125  5.07755e-05
 82 -0.04297  4.40470e-05 | 83 -0.02805  4.34545e-05 | 84  0.00992 -1.75624e-05
 85 -0.00974  2.65790e-05 | 86 -0.03112  5.06337e-05 | 87 -0.02405  6.01486e-05
 88 -0.00894  3.61509e-05 | 89  0.01552  2.56474e-05 | 90 -0.03066  6.68051e-05
 91  0.03478  1.56310e-05 | 92 -0.00201  5.76154e-05 | 93  0.00829  6.33225e-05
 94 -0.00165  6.54566e-05 | 95  0.02621  6.34723e-05 | 96 -0.04598  9.77584e-05
 97 -0.01194  9.97649e-05 | 98  0.01294  8.15778e-05 | 99 -0.01510  1.05512e-04
100  0.00973  9.20795e-05 |101 -0.00531  1.11103e-04 |102 -0.00936  1.02247e-04
103  0.03822  1.20550e-04 |104 -0.01488  1.18155e-04 |105  0.00020  6.19285e-05
106  0.00040  1.23805e-04 |107 -0.00054 -9.69604e-04 |108 -0.01661 -2.34385e-04
109 -0.40977  3.34351e-04 |110 -0.37002  3.00137e-06 |111 -0.24112 -1.44632e-05

Initial statistics: 112 variables; iteration 0; function evaluation 0; phase 6
Function value 5.9180186e+02; maximum gradient component mag -4.1466e-03
Var    Value     Gradient |Var    Value     Gradient |Var    Value     Gradient
  1 -0.42996 -3.24517e-04 |  2 -0.42602 -4.14660e-03 |  3 -0.40286 -1.74125e-03
  4 -0.41426 -5.21721e-05 |  5 -0.38649 -6.43399e-05 |  6  0.63281 -3.36980e-03
  7  0.00042 -5.23804e-05 |  8  0.00009 -6.82237e-06 |  9  0.00011 -7.97432e-06
 10  0.00014 -9.01990e-06 | 11  0.00017 -9.71483e-06 | 12  0.00061  1.04063e-04
 13  0.00066  8.76720e-05 | 14  0.00073  6.67923e-05 | 15  0.00080  4.80637e-05
 16  0.00090  5.45902e-05 | 17  0.00103  1.14932e-04 | 18  0.00120  1.92720e-04
 19  0.00141  1.04749e-04 | 20  0.00348  1.23443e-07 | 21  0.00227  6.87539e-05
 22  0.00265  1.11187e-04 | 23  0.00331 -1.20053e-04 | 24  0.00458 -8.24972e-05
 25  0.00563 -1.67048e-05 | 26  0.00660 -3.14692e-05 | 27  0.00435 -4.69218e-05
 28  0.00471 -4.52531e-05 | 29  0.00414 -6.20214e-05 | 30  0.00105 -5.61484e-05
 31  0.00506 -5.25459e-05 | 32  0.00533 -7.04862e-05 | 33  0.00555 -4.94020e-05
 34  0.00819 -4.81818e-05 | 35  0.00964 -4.89360e-05 | 36  0.01112 -5.91177e-05
 37  0.00562 -2.17868e-05 | 38  0.00007  2.20492e-05 | 39  0.00213 -5.95583e-05
 40 -0.00579 -1.97809e-05 | 41  0.00756 -7.04632e-05 | 42  0.00689 -9.85127e-05
 43  0.04217 -2.52160e-04 | 44  0.00337 -1.29628e-04 | 45 -0.00850 -9.61076e-05
 46  0.00680 -1.86517e-05 | 47  0.01762 -7.18984e-05 | 48  0.00776 -1.34995e-05
 49 -0.00406 -6.84592e-05 | 50 -0.01190 -2.11515e-05 | 51 -0.00450 -4.61209e-05
 52 -0.00370 -6.99422e-05 | 53 -0.00400 -5.50934e-05 | 54  0.00365 -6.90115e-05
 55  0.00999 -7.82633e-05 | 56  0.01390 -4.01281e-05 | 57  0.01128 -6.09544e-05
 58  0.00325 -8.88834e-05 | 59 -0.00471 -1.07124e-05 | 60 -0.01405 -4.49476e-06
 61  0.00213 -4.24239e-05 | 62  0.01443 -5.64909e-05 | 63  0.00460 -4.65161e-05
 64 -0.00523 -1.08776e-05 | 65  0.00523 -3.44793e-05 | 66  0.00014 -3.26630e-05
 67 -0.00765 -5.13815e-06 | 68  0.01900 -5.79719e-05 | 69 -0.00788 -1.63223e-06
 70  0.01866 -5.68806e-05 | 71 -0.00054 -1.11743e-05 | 72  0.00061 -1.30326e-05
 73  0.03558 -1.10759e-04 | 74 -0.00732 -2.72503e-06 | 75 -0.00216 -1.69400e-05
 76  0.00345 -3.03867e-05 | 77 -0.00768 -6.79316e-06 | 78 -0.00351 -1.55363e-05
 79 -0.04004  3.68810e-05 | 80 -0.03096  3.20926e-05 | 81 -0.04125  5.06146e-05
 82 -0.04297  4.38863e-05 | 83 -0.02805  4.32936e-05 | 84  0.00992 -1.77227e-05
 85 -0.00974  2.64181e-05 | 86 -0.03112  5.04727e-05 | 87 -0.02405  5.99874e-05
 88 -0.00894  3.59900e-05 | 89  0.01552  2.54866e-05 | 90 -0.03066  6.66439e-05
 91  0.03478  1.54705e-05 | 92 -0.00201  5.74542e-05 | 93  0.00829  6.31612e-05
 94 -0.00165  6.52953e-05 | 95  0.02621  6.33111e-05 | 96 -0.04598  9.75971e-05
 97 -0.01194  9.96031e-05 | 98  0.01294  8.14163e-05 | 99 -0.01510  1.05350e-04
100  0.00973  9.19178e-05 |101 -0.00531  1.10941e-04 |102 -0.00936  1.02085e-04
103  0.03822  1.20388e-04 |104 -0.01488  1.17993e-04 |105  0.00020  6.17709e-05
106  0.00040  1.23621e-04 |107  0.00000  0.00000e+00 |108 -0.00054 -9.69593e-04
109 -0.01661 -2.34382e-04 |110 -0.40977  3.34347e-04 |111 -0.37002  3.00118e-06
112 -0.24112 -1.44628e-05 |
  ic > imax  in fminim is answer attained ?
Var    Value     Gradient |Var    Value     Gradient |Var    Value     Gradient
  1 -0.42996 -4.04287e-04 |  2 -0.42602  1.73901e-03 |  3 -0.40286  3.49836e-04
  4 -0.41426  1.86670e-05 |  5 -0.38649  8.42437e-05 |  6  0.63281  1.32449e-03
  7  0.00042 -1.02338e-05 |  8  0.00009  9.03526e-07 |  9  0.00011  1.33206e-06
 10  0.00014  2.08939e-06 | 11  0.00017  3.39233e-06 | 12  0.00061 -3.27641e-05
 13  0.00066 -4.11727e-05 | 14  0.00073 -5.20617e-05 | 15  0.00080 -6.08723e-05
 16  0.00090 -5.19790e-05 | 17  0.00103 -6.09706e-06 | 18  0.00120  5.24633e-05
 19  0.00141  8.65891e-07 | 20  0.00348 -5.90850e-05 | 21  0.00227 -4.39393e-06
 22  0.00265  3.52768e-05 | 23  0.00331 -1.06859e-04 | 24  0.00458 -6.72092e-05
 25  0.00563 -8.70441e-06 | 26  0.00660 -4.78784e-06 | 27  0.00435 -9.87399e-06
 28  0.00471 -9.20305e-07 | 29  0.00414 -1.13523e-05 | 30  0.00105 -1.50523e-05
 31  0.00506  5.18414e-06 | 32  0.00533  4.69903e-06 | 33  0.00555  1.36650e-05
 34  0.00819  2.61378e-05 | 35  0.00964  3.32799e-05 | 36  0.01112  3.31920e-05
 37  0.00562  4.44792e-05 | 38  0.00007  6.12464e-05 | 39  0.00213  1.25394e-05
 40 -0.00579  2.00256e-05 | 41  0.00756  2.04656e-05 | 42  0.00689  5.61938e-07
 43  0.04217  3.31230e-05 | 44  0.00337 -2.68137e-05 | 45 -0.00850 -3.25265e-05
 46  0.00680  6.26117e-05 | 47  0.01762  6.40473e-05 | 48  0.00776  7.23121e-05
 49 -0.00406  3.15876e-06 | 50 -0.01190  1.69146e-05 | 51 -0.00450  1.73596e-05
 52 -0.00370  1.44788e-06 | 53 -0.00400  7.30305e-06 | 54  0.00365  1.32388e-05
 55  0.00999  2.35000e-05 | 56  0.01390  5.25828e-05 | 57  0.01128  2.62407e-05
 58  0.00325 -1.55688e-05 | 59 -0.00471  1.89523e-05 | 60 -0.01405  4.06724e-06
 61  0.00213  9.83568e-06 | 62  0.01443  3.07388e-05 | 63  0.00460  8.92569e-06
 64 -0.00523  1.03931e-05 | 65  0.00523  1.89871e-05 | 66  0.00014  3.38637e-06
 67 -0.00765  4.89159e-06 | 68  0.01900  3.10442e-05 | 69 -0.00788  5.32320e-06
 70  0.01866  3.41615e-05 | 71 -0.00054  1.60264e-05 | 72  0.00061  1.25203e-05
 73  0.03558  6.20856e-05 | 74 -0.00732  6.20020e-06 | 75 -0.00216  1.20804e-05
 76  0.00345  3.28691e-05 | 77 -0.00768  3.14748e-05 | 78 -0.00351  2.79004e-05
 79 -0.04004 -2.95903e-05 | 80 -0.03096  1.45933e-05 | 81 -0.04125 -1.50330e-06
 82 -0.04297 -1.30092e-05 | 83 -0.02805 -3.84538e-06 | 84  0.00992  6.17209e-05
 85 -0.00974  3.59905e-05 | 86 -0.03112  1.71101e-05 | 87 -0.02405  3.63732e-06
 88 -0.00894 -2.58336e-06 | 89  0.01552  2.37262e-05 | 90 -0.03066 -1.16912e-05
 91  0.03478  1.39363e-05 | 92 -0.00201  1.42452e-05 | 93  0.00829 -8.19610e-06
 94 -0.00165 -2.40900e-05 | 95  0.02621 -2.70237e-05 | 96 -0.04598 -1.63210e-05
 97 -0.01194 -5.36421e-05 | 98  0.01294 -5.74575e-05 | 99 -0.01510 -6.23715e-05
100  0.00973 -7.67392e-05 |101 -0.00531 -5.36787e-05 |102 -0.00936 -4.85755e-05
103  0.03822 -7.77213e-05 |104 -0.01488 -3.63421e-05 |105  0.00020 -7.33139e-05
106  0.00040 -3.17561e-05 |107  0.00000  0.00000e+00 |108 -0.00054  2.23818e-05
109 -0.01661  5.95914e-05 |110 -0.40977 -6.52533e-05 |111 -0.37002 -2.15771e-07
112 -0.24112 -2.98464e-05 |
Function minimizer not making progress ... is minimum attained?
Minimprove criterion = 0.0000e+00

 - final statistics:
112 variables; iteration 10; function evaluation 45
Function value 5.9180e+02; maximum gradient component mag 1.7390e-03
Exit code = 1;  converg criter 1.0000e-04
Var    Value     Gradient |Var    Value     Gradient |Var    Value     Gradient
  1 -0.42996 -4.04287e-04 |  2 -0.42602  1.73901e-03 |  3 -0.40286  3.49836e-04
  4 -0.41426  1.86670e-05 |  5 -0.38649  8.42437e-05 |  6  0.63281  1.32449e-03
  7  0.00042 -1.02338e-05 |  8  0.00009  9.03526e-07 |  9  0.00011  1.33206e-06
 10  0.00014  2.08939e-06 | 11  0.00017  3.39233e-06 | 12  0.00061 -3.27641e-05
 13  0.00066 -4.11727e-05 | 14  0.00073 -5.20617e-05 | 15  0.00080 -6.08723e-05
 16  0.00090 -5.19790e-05 | 17  0.00103 -6.09706e-06 | 18  0.00120  5.24633e-05
 19  0.00141  8.65891e-07 | 20  0.00348 -5.90850e-05 | 21  0.00227 -4.39393e-06
 22  0.00265  3.52768e-05 | 23  0.00331 -1.06859e-04 | 24  0.00458 -6.72092e-05
 25  0.00563 -8.70441e-06 | 26  0.00660 -4.78784e-06 | 27  0.00435 -9.87399e-06
 28  0.00471 -9.20305e-07 | 29  0.00414 -1.13523e-05 | 30  0.00105 -1.50523e-05
 31  0.00506  5.18414e-06 | 32  0.00533  4.69903e-06 | 33  0.00555  1.36650e-05
 34  0.00819  2.61378e-05 | 35  0.00964  3.32799e-05 | 36  0.01112  3.31920e-05
 37  0.00562  4.44792e-05 | 38  0.00007  6.12464e-05 | 39  0.00213  1.25394e-05
 40 -0.00579  2.00256e-05 | 41  0.00756  2.04656e-05 | 42  0.00689  5.61938e-07
 43  0.04217  3.31230e-05 | 44  0.00337 -2.68137e-05 | 45 -0.00850 -3.25265e-05
 46  0.00680  6.26117e-05 | 47  0.01762  6.40473e-05 | 48  0.00776  7.23121e-05
 49 -0.00406  3.15876e-06 | 50 -0.01190  1.69146e-05 | 51 -0.00450  1.73596e-05
 52 -0.00370  1.44788e-06 | 53 -0.00400  7.30305e-06 | 54  0.00365  1.32388e-05
 55  0.00999  2.35000e-05 | 56  0.01390  5.25828e-05 | 57  0.01128  2.62407e-05
 58  0.00325 -1.55688e-05 | 59 -0.00471  1.89523e-05 | 60 -0.01405  4.06724e-06
 61  0.00213  9.83568e-06 | 62  0.01443  3.07388e-05 | 63  0.00460  8.92569e-06
 64 -0.00523  1.03931e-05 | 65  0.00523  1.89871e-05 | 66  0.00014  3.38637e-06
 67 -0.00765  4.89159e-06 | 68  0.01900  3.10442e-05 | 69 -0.00788  5.32320e-06
 70  0.01866  3.41615e-05 | 71 -0.00054  1.60264e-05 | 72  0.00061  1.25203e-05
 73  0.03558  6.20856e-05 | 74 -0.00732  6.20020e-06 | 75 -0.00216  1.20804e-05
 76  0.00345  3.28691e-05 | 77 -0.00768  3.14748e-05 | 78 -0.00351  2.79004e-05
 79 -0.04004 -2.95903e-05 | 80 -0.03096  1.45933e-05 | 81 -0.04125 -1.50330e-06
 82 -0.04297 -1.30092e-05 | 83 -0.02805 -3.84538e-06 | 84  0.00992  6.17209e-05
 85 -0.00974  3.59905e-05 | 86 -0.03112  1.71101e-05 | 87 -0.02405  3.63732e-06
 88 -0.00894 -2.58336e-06 | 89  0.01552  2.37262e-05 | 90 -0.03066 -1.16912e-05
 91  0.03478  1.39363e-05 | 92 -0.00201  1.42452e-05 | 93  0.00829 -8.19610e-06
 94 -0.00165 -2.40900e-05 | 95  0.02621 -2.70237e-05 | 96 -0.04598 -1.63210e-05
 97 -0.01194 -5.36421e-05 | 98  0.01294 -5.74575e-05 | 99 -0.01510 -6.23715e-05
100  0.00973 -7.67392e-05 |101 -0.00531 -5.36787e-05 |102 -0.00936 -4.85755e-05
103  0.03822 -7.77213e-05 |104 -0.01488 -3.63421e-05 |105  0.00020 -7.33139e-05
106  0.00040 -3.17561e-05 |107  0.00000  0.00000e+00 |108 -0.00054  2.23818e-05
109 -0.01661  5.95914e-05 |110 -0.40977 -6.52533e-05 |111 -0.37002 -2.15771e-07
112 -0.24112 -2.98464e-05 |
size of file gradfil1.tmp = 0
size of file gradfil2.tmp = 0
size of file varssave.tmp = 0
size of file cmpdiff.tmp = 0
