
Initial statistics: 1 variables; iteration 0; function evaluation 0; phase 1
Function value 7.8631987e+02; maximum gradient component mag -1.6395e+04
Var    Value     Gradient |Var    Value     Gradient |Var    Value     Gradient
  1  0.63197 -1.63952e+04 |

 - final statistics:
1 variables; iteration 6; function evaluation 8
Function value 7.7924e+02; maximum gradient component mag -8.2497e-02
Exit code = 1;  converg criter 1.0000e+01
Var    Value     Gradient |Var    Value     Gradient |Var    Value     Gradient
  1  0.63294 -8.24974e-02 |

Initial statistics: 98 variables; iteration 0; function evaluation 0; phase 2
Function value 7.7924264e+02; maximum gradient component mag -1.6351e+03
Var    Value     Gradient |Var    Value     Gradient |Var    Value     Gradient
  1  0.63294 -8.24974e-02 |  2  0.00000 -3.72844e+00 |  3  0.00000 -3.76183e+00
  4  0.00000 -3.80230e+00 |  5  0.00000 -3.85116e+00 |  6  0.00000 -3.91003e+00
  7  0.00000 -3.98064e+00 |  8  0.00000 -4.06684e+00 |  9  0.00000 -4.16919e+00
 10  0.00000 -4.33667e+00 | 11  0.00000 -4.43482e+00 | 12  0.00000 -4.60404e+00
 13  0.00000 -4.79415e+00 | 14  0.00000 -5.01780e+00 | 15  0.00000 -5.27233e+00
 16  0.00000 -5.56608e+00 | 17  0.00000 -5.87830e+00 | 18  0.00000 -6.23527e+00
 19  0.00000 -6.63299e+00 | 20  0.00000 -7.63825e+00 | 21  0.00000 -7.65551e+00
 22  0.00000 -8.50726e+00 | 23  0.00000 -1.11937e+01 | 24  0.00000 -1.14160e+01
 25  0.00000 -1.50750e+01 | 26  0.00000 -2.22592e+01 | 27  0.00000 -2.15234e+01
 28  0.00000 -4.69028e+00 | 29  0.00000 -4.44852e+00 | 30  0.00000 -1.89375e+00
 31  0.00000 -1.12633e+01 | 32  0.00000 -1.53027e+01 | 33  0.00000 -1.15951e+01
 34  0.00000 -1.19643e+01 | 35  0.00000 -7.24889e+01 | 36  0.00000 -2.40702e+01
 37  0.00000 -1.95546e+01 | 38  0.00000 -1.77190e+01 | 39  0.00000 -2.14263e+01
 40  0.00000  3.64525e-01 | 41  0.00000 -1.81526e+01 | 42  0.00000 -2.62457e+01
 43  0.00000 -3.08659e+01 | 44  0.00000 -5.03396e+01 | 45  0.00000 -1.42676e+01
 46  0.00000 -4.56070e+01 | 47  0.00000 -3.77089e+01 | 48  0.00000 -1.87325e+01
 49  0.00000 -2.22030e+00 | 50  0.00000 -4.98244e+00 | 51  0.00000 -4.00244e+01
 52  0.00000 -4.68249e+01 | 53  0.00000 -2.84811e+01 | 54  0.00000  1.36527e+00
 55  0.00000 -2.16786e+01 | 56  0.00000 -3.07774e+01 | 57  0.00000 -4.33001e+01
 58  0.00000 -6.67259e+01 | 59  0.00000 -6.38854e+01 | 60  0.00000 -3.85754e+01
 61  0.00000 -8.86017e+01 | 62  0.00000  3.51252e+01 | 63  0.00000 -9.44646e+01
 64  0.00000  6.09572e+01 | 65  0.00000 -1.18548e+02 | 66  0.00000 -4.64621e+00
 67  0.00000 -6.01416e+01 | 68  0.00000 -6.36412e+02 | 69  0.00000  4.49591e+02
 70  0.00000  2.84560e+02 | 71  0.00000  3.12692e+02 | 72  0.00000  8.03270e+01
 73  0.00000  9.54784e+02 | 74  0.00000  3.40938e+02 | 75  0.00000 -1.63508e+03
 76  0.00000  6.38967e+02 | 77  0.00000 -8.85547e+02 | 78  0.00000  9.18003e+01
 79  0.00000  3.68181e+02 | 80  0.00000  1.59061e+02 | 81  0.00000  5.89328e+02
 82  0.00000  2.69000e+02 | 83  0.00000  1.60022e+02 | 84  0.00000 -1.03616e+02
 85  0.00000 -2.36539e+02 | 86  0.00000  2.94386e+02 | 87  0.00000  1.68255e+02
 88  0.00000 -3.94244e+02 | 89  0.00000  5.14069e+02 | 90  0.00000 -1.01428e+02
 91  0.00000 -2.68039e+02 | 92  0.00000  4.81779e+02 | 93  0.00000 -6.07265e+02
 94  0.00000  2.09440e+01 | 95  0.00000 -3.22390e+00 | 96  0.00000 -3.57417e+00
 97 -0.03546  1.34417e+02 | 98 -0.31026  2.82466e+01 |

Intermediate statistics: 98 variables; iteration 20; function evaluation 36; phase 2
Function value 6.0534329e+02; maximum gradient component mag 1.6566e+03
Var    Value     Gradient |Var    Value     Gradient |Var    Value     Gradient
  1  0.62545  1.65658e+03 |  2 -0.00097 -5.55269e+01 |  3 -0.00099 -5.54197e+01
  4 -0.00103 -5.52893e+01 |  5 -0.00107 -5.51311e+01 |  6 -0.00112 -5.49395e+01
  7 -0.00118 -5.47078e+01 |  8 -0.00125 -5.44280e+01 |  9 -0.00133 -5.40917e+01
 10 -0.00140 -5.36806e+01 | 11 -0.00155 -5.32076e+01 | 12 -0.00168 -5.26368e+01
 13 -0.00183 -5.19651e+01 | 14 -0.00200 -5.11792e+01 | 15 -0.00219 -5.02696e+01
 16 -0.00238 -4.92284e+01 | 17 -0.00260 -4.80552e+01 | 18 -0.00282 -4.67504e+01
 19 -0.00303 -4.53228e+01 | 20 -0.00290 -4.37559e+01 | 21 -0.00337 -4.21448e+01
 22 -0.00339 -4.03616e+01 | 23 -0.00202 -3.95448e+01 | 24 -0.00252 -3.76421e+01
 25 -0.00126 -3.55561e+01 | 26  0.00194 -3.31344e+01 | 27  0.00066 -3.08657e+01
 28 -0.00717 -2.71902e+01 | 29 -0.00742 -2.41414e+01 | 30 -0.00895 -2.09396e+01
 31 -0.00591 -1.82779e+01 | 32 -0.00440 -1.49933e+01 | 33 -0.00634 -1.13620e+01
 34 -0.00695 -7.79370e+00 | 35  0.01273 -5.70014e+00 | 36 -0.00397 -3.00501e-01
 37 -0.00552  3.90909e+00 | 38 -0.00637  7.79357e+00 | 39 -0.00530  1.17045e+01
 40 -0.01257  1.57258e+01 | 41 -0.00720  1.98696e+01 | 42 -0.00414  2.39367e+01
 43 -0.00320  2.77423e+01 | 44  0.00299  3.19156e+01 | 45 -0.00841  3.45718e+01
 46  0.00226  3.91453e+01 | 47  0.00085  4.22313e+01 | 48 -0.00476  4.44726e+01
 49 -0.00895  4.68685e+01 | 50 -0.00807  4.97731e+01 | 51  0.00374  5.37600e+01
 52  0.00873  5.65222e+01 | 53  0.00395  5.76136e+01 | 54 -0.00356  5.83777e+01
 55  0.00350  6.20240e+01 | 56  0.00896  6.50940e+01 | 57  0.01495  6.81400e+01
 58  0.02144  6.99298e+01 | 59  0.01918  6.82044e+01 | 60  0.01255  6.81228e+01
 61  0.02196  7.03870e+01 | 62 -0.00132  6.98322e+01 | 63  0.02360  7.86916e+01
 64 -0.00343  7.42028e+01 | 65  0.02121  8.02784e+01 | 66  0.00664  7.58727e+01
 67  0.00565  4.79522e+01 | 68  0.02924 -5.74759e+01 | 69 -0.01177  1.37189e+02
 70 -0.01038  9.08621e+01 | 71 -0.00749  1.14183e+02 | 72  0.00142  7.55885e+01
 73 -0.03014  2.43820e+02 | 74 -0.00575  1.33846e+02 | 75  0.04097 -6.12654e+02
 76 -0.04040  1.07001e+02 | 77  0.03208 -1.19191e+02 | 78 -0.00221  2.70530e+01
 79 -0.00671  1.06610e+02 | 80 -0.00429  2.67753e+01 | 81 -0.01612  1.32387e+02
 82 -0.00786  4.26860e+01 | 83 -0.00342  1.98922e+01 | 84  0.00876 -3.02200e+01
 85  0.01040 -8.56804e+01 | 86 -0.01180  2.25882e+01 | 87 -0.00323  1.04550e+00
 88  0.02221 -1.08606e+02 | 89 -0.01719  6.43713e+01 | 90  0.01459 -4.90240e+01
 91  0.01801 -1.06569e+02 | 92 -0.04008  2.09829e+01 | 93  0.03770 -1.59313e+02
 94 -0.01181 -5.42573e+01 | 95 -0.00117 -5.61128e+01 | 96 -0.00083 -5.60163e+01
 97 -0.04930  1.13779e+02 | 98 -0.30800  1.30742e+01 |
98 variables; iteration 40; function evaluation 63; phase 2
Function value 5.9221347e+02; maximum gradient component mag 3.1912e+03
Var    Value     Gradient |Var    Value     Gradient |Var    Value     Gradient
  1  0.62278  3.19116e+03 |  2  0.00174 -9.91411e+01 |  3  0.00140 -9.92987e+01
  4  0.00101 -9.94493e+01 |  5  0.00058 -9.95744e+01 |  6  0.00012 -9.96456e+01
  7 -0.00036 -9.96212e+01 |  8 -0.00084 -9.94407e+01 |  9 -0.00128 -9.90324e+01
 10 -0.00161 -9.82840e+01 | 11 -0.00191 -9.71405e+01 | 12 -0.00201 -9.54412e+01
 13 -0.00194 -9.31081e+01 | 14 -0.00170 -9.01074e+01 | 15 -0.00134 -8.64809e+01
 16 -0.00096 -8.23908e+01 | 17 -0.00071 -7.80756e+01 | 18 -0.00073 -7.38903e+01
 19 -0.00112 -7.01310e+01 | 20 -0.00171 -6.71571e+01 | 21 -0.00299 -6.45291e+01
 22 -0.00429 -6.25092e+01 | 23 -0.00378 -6.19369e+01 | 24 -0.00585 -6.07519e+01
 25 -0.00611 -5.84189e+01 | 26 -0.00448 -5.46313e+01 | 27 -0.00695 -5.27880e+01
 28 -0.01140 -4.15155e+01 | 29 -0.01006 -3.02525e+01 | 30 -0.01048 -2.08628e+01
 31 -0.00700 -1.03387e+01 | 32 -0.00441  2.19437e+00 | 33 -0.00579  1.03275e+01
 34 -0.00670  1.67312e+01 | 35  0.01067  4.07243e+01 | 36 -0.00424  3.46798e+01
 37 -0.00711  3.58508e+01 | 38 -0.00794  4.26498e+01 | 39 -0.00701  5.11147e+01
 40 -0.01534  4.35287e+01 | 41 -0.00985  5.77866e+01 | 42 -0.00560  7.31531e+01
 43 -0.00335  8.62042e+01 | 44  0.00488  1.12682e+02 | 45 -0.00877  8.41848e+01
 46  0.00521  1.21740e+02 | 47  0.00557  1.28761e+02 | 48 -0.00094  1.14970e+02
 49 -0.00544  1.07058e+02 | 50 -0.00465  1.09597e+02 | 51  0.00751  1.31478e+02
 52  0.01153  1.33408e+02 | 53  0.00541  1.14041e+02 | 54 -0.00364  9.14367e+01
 55  0.00579  1.13304e+02 | 56  0.01190  1.22267e+02 | 57  0.02189  1.50924e+02
 58  0.02608  1.47307e+02 | 59  0.02127  1.22430e+02 | 60  0.01387  1.04647e+02
 61  0.02483  1.31107e+02 | 62 -0.00283  7.38870e+01 | 63  0.02609  1.38193e+02
 64 -0.00333  8.22236e+01 | 65  0.02215  1.19247e+02 | 66  0.00387  5.83438e+01
 67  0.00652  8.01827e+01 | 68  0.03512  1.50691e+02 | 69 -0.01799  1.59793e+01
 70 -0.01436  2.49281e+01 | 71 -0.01158  2.41665e+01 | 72 -0.00149  6.53323e+00
 73 -0.04575 -2.89859e+01 | 74 -0.00979  1.36256e+01 | 75  0.06048  1.71728e+02
 76 -0.05151 -1.10530e+01 | 77  0.03852  3.67896e+01 | 78 -0.00230  8.41104e-02
 79 -0.01149 -4.15547e+01 | 80 -0.00613 -3.60082e+01 | 81 -0.02337 -5.20694e+01
 82 -0.01081 -4.64937e+01 | 83 -0.00517 -5.43006e+01 | 84  0.00772 -9.63764e+01
 85  0.01298 -6.50029e+01 | 86 -0.01550 -7.82854e+01 | 87 -0.00293 -4.63535e+01
 88  0.02874 -3.24882e+01 | 89 -0.02484 -1.15571e+02 | 90  0.01694 -9.73321e+01
 91  0.02436 -5.71931e+01 | 92 -0.05241 -1.03049e+02 | 93  0.04308 -1.41158e+02
 94 -0.00751 -9.52616e+01 | 95  0.00189 -1.00212e+02 | 96  0.00361 -9.80083e+01
 97 -0.05099  2.01196e+02 | 98 -0.30969  6.07523e+00 |
98 variables; iteration 60; function evaluation 92; phase 2
Function value 5.9130687e+02; maximum gradient component mag 1.9678e+03
Var    Value     Gradient |Var    Value     Gradient |Var    Value     Gradient
  1  0.62182  1.96783e+03 |  2 -0.00155 -6.51764e+01 |  3 -0.00171 -6.52040e+01
  4 -0.00177 -6.50517e+01 |  5 -0.00171 -6.46570e+01 |  6 -0.00151 -6.39660e+01
  7 -0.00115 -6.29554e+01 |  8 -0.00068 -6.16668e+01 |  9 -0.00018 -6.02088e+01
 10  0.00020 -5.88513e+01 | 11  0.00035 -5.76247e+01 | 12  0.00011 -5.69026e+01
 13 -0.00049 -5.65982e+01 | 14 -0.00129 -5.64308e+01 | 15 -0.00201 -5.59578e+01
 16 -0.00244 -5.47982e+01 | 17 -0.00257 -5.28959e+01 | 18 -0.00256 -5.05519e+01
 19 -0.00265 -4.82135e+01 | 20 -0.00265 -4.61090e+01 | 21 -0.00328 -4.40823e+01
 22 -0.00353 -4.19157e+01 | 23 -0.00239 -4.10667e+01 | 24 -0.00311 -3.87992e+01
 25 -0.00227 -3.64636e+01 | 26  0.00026 -3.38960e+01 | 27 -0.00117 -3.11484e+01
 28 -0.00720 -2.36773e+01 | 29 -0.00799 -2.08580e+01 | 30 -0.01068 -1.98245e+01
 31 -0.00619 -1.16846e+01 | 32 -0.00586 -9.90732e+00 | 33 -0.00942 -1.01537e+01
 34 -0.00987 -5.52120e+00 | 35  0.01113  7.97405e+00 | 36 -0.00603  7.04243e+00
 37 -0.00623  1.55021e+01 | 38 -0.00685  2.08507e+01 | 39 -0.00572  2.61108e+01
 40 -0.01303  2.80472e+01 | 41 -0.00784  3.33605e+01 | 42 -0.00455  3.93638e+01
 43 -0.00317  4.51240e+01 | 44  0.00342  5.33604e+01 | 45 -0.00759  5.26113e+01
 46  0.00420  6.35685e+01 | 47  0.00391  6.86140e+01 | 48 -0.00155  6.86558e+01
 49 -0.00541  7.01156e+01 | 50 -0.00489  7.16283e+01 | 51  0.00773  8.06838e+01
 52  0.01293  8.42355e+01 | 53  0.00808  8.16263e+01 | 54  0.00019  7.72207e+01
 55  0.00686  8.12041e+01 | 56  0.01395  9.09381e+01 | 57  0.01880  9.10447e+01
 58  0.02581  9.75337e+01 | 59  0.02148  8.58264e+01 | 60  0.01488  8.35253e+01
 61  0.02417  8.93941e+01 | 62 -0.00021  7.68427e+01 | 63  0.02404  8.69349e+01
 64 -0.00489  6.59417e+01 | 65  0.02142  8.43246e+01 | 66  0.00554  6.54405e+01
 67  0.00597  6.14460e+01 | 68  0.03489  9.98384e+01 | 69 -0.01785  2.11462e+01
 70 -0.01404  2.99040e+01 | 71 -0.01174  1.96143e+01 | 72 -0.00022  2.37709e+01
 73 -0.04529 -6.11308e+00 | 74 -0.01075  6.72319e+00 | 75  0.06005  9.42260e+01
 76 -0.05433 -6.21153e+00 | 77  0.03907  4.15342e+01 | 78 -0.00360 -9.29674e+00
 79 -0.01162 -2.76248e+01 | 80 -0.00601 -1.97167e+01 | 81 -0.02365 -3.49930e+01
 82 -0.01089 -2.94953e+01 | 83 -0.00538 -3.65616e+01 | 84  0.00934 -4.60150e+01
 85  0.01300 -4.14457e+01 | 86 -0.01538 -4.55210e+01 | 87 -0.00445 -4.57094e+01
 88  0.02649 -5.01852e+01 | 89 -0.02389 -5.83582e+01 | 90  0.01609 -6.59471e+01
 91  0.02191 -6.06130e+01 | 92 -0.05087 -5.47640e+01 | 93  0.04272 -9.32078e+01
 94 -0.01191 -6.38000e+01 | 95 -0.00016 -6.35606e+01 | 96  0.00090 -6.23484e+01
 97 -0.04899  1.32054e+02 | 98 -0.31035  6.38684e+00 |
Maximum number of function evaluations exceeded

 - final statistics:
98 variables; iteration 66; function evaluation 100
Function value 5.9120e+02; maximum gradient component mag 2.4472e+03
Exit code = 3;  converg criter 1.0000e+01
Var    Value     Gradient |Var    Value     Gradient |Var    Value     Gradient
  1  0.62219  2.44716e+03 |  2  0.00144 -7.54826e+01 |  3  0.00136 -7.53234e+01
  4  0.00111 -7.53574e+01 |  5  0.00068 -7.56153e+01 |  6  0.00007 -7.60793e+01
  7 -0.00066 -7.66484e+01 |  8 -0.00137 -7.71046e+01 |  9 -0.00189 -7.71416e+01
 10 -0.00201 -7.64429e+01 | 11 -0.00173 -7.47943e+01 | 12 -0.00115 -7.24542e+01
 13 -0.00071 -7.00364e+01 | 14 -0.00085 -6.83369e+01 | 15 -0.00172 -6.76650e+01
 16 -0.00292 -6.74162e+01 | 17 -0.00372 -6.62616e+01 | 18 -0.00354 -6.30309e+01
 19 -0.00253 -5.78985e+01 | 20 -0.00137 -5.26855e+01 | 21 -0.00149 -4.88483e+01
 22 -0.00253 -4.75236e+01 | 23 -0.00205 -4.77090e+01 | 24 -0.00394 -4.71361e+01
 25 -0.00361 -4.48094e+01 | 26 -0.00026 -3.88539e+01 | 27  0.00193 -2.66980e+01
 28 -0.00857 -3.03133e+01 | 29 -0.00925 -2.62951e+01 | 30 -0.01021 -2.00528e+01
 31 -0.00761 -1.48516e+01 | 32 -0.00521 -6.04460e+00 | 33 -0.00696 -5.33387e-01
 34 -0.00865  1.79512e+00 | 35  0.01128  2.07917e+01 | 36 -0.00633  1.34169e+01
 37 -0.00673  2.23012e+01 | 38 -0.00586  3.41561e+01 | 39 -0.00450  4.23841e+01
 40 -0.01246  3.97454e+01 | 41 -0.00841  4.38076e+01 | 42 -0.00613  4.82207e+01
 43 -0.00368  5.98679e+01 | 44  0.00475  8.02530e+01 | 45 -0.00615  7.43578e+01
 46  0.00469  8.82415e+01 | 47  0.00323  8.83668e+01 | 48 -0.00244  8.42435e+01
 49 -0.00700  8.03168e+01 | 50 -0.00567  8.49275e+01 | 51  0.00656  9.87091e+01
 52  0.01232  1.06774e+02 | 53  0.00887  1.05897e+02 | 54  0.00024  9.30077e+01
 55  0.00856  1.07396e+02 | 56  0.01245  1.04545e+02 | 57  0.01803  1.09105e+02
 58  0.02386  1.12319e+02 | 59  0.02189  1.08573e+02 | 60  0.01455  9.84638e+01
 61  0.02392  1.08648e+02 | 62  0.00051  8.95709e+01 | 63  0.02361  1.03436e+02
 64 -0.00467  7.36219e+01 | 65  0.02067  9.35177e+01 | 66  0.00546  7.40374e+01
 67  0.00573  6.70965e+01 | 68  0.03439  1.08582e+02 | 69 -0.01773  2.47098e+01
 70 -0.01403  3.13237e+01 | 71 -0.01172  2.18970e+01 | 72  0.00000  3.15085e+01
 73 -0.04549 -1.55273e+01 | 74 -0.01099  2.14566e+00 | 75  0.05957  9.59496e+01
 76 -0.05456 -1.76472e+01 | 77  0.03880  4.08974e+01 | 78 -0.00366 -1.49567e+01
 79 -0.01156 -3.20039e+01 | 80 -0.00596 -2.51750e+01 | 81 -0.02379 -4.68352e+01
 82 -0.01091 -3.90872e+01 | 83 -0.00546 -4.71775e+01 | 84  0.00995 -4.24970e+01
 85  0.01296 -5.16908e+01 | 86 -0.01533 -5.66860e+01 | 87 -0.00498 -6.89851e+01
 88  0.02579 -7.63327e+01 | 89 -0.02364 -6.72550e+01 | 90  0.01624 -7.63423e+01
 91  0.02132 -8.79436e+01 | 92 -0.05047 -6.85886e+01 | 93  0.04336 -9.73422e+01
 94 -0.01201 -7.93020e+01 | 95 -0.00029 -7.89803e+01 | 96 -0.00090 -8.03052e+01
 97 -0.04888  1.64744e+02 | 98 -0.31063  6.03293e+00 |

Initial statistics: 100 variables; iteration 0; function evaluation 0; phase 3
Function value 5.9120475e+02; maximum gradient component mag 2.4381e+03
Var    Value     Gradient |Var    Value     Gradient |Var    Value     Gradient
  1  0.62219  2.43811e+03 |  2  0.00144 -7.51950e+01 |  3  0.00135 -7.50464e+01
  4  0.00111 -7.50950e+01 |  5  0.00068 -7.53697e+01 |  6  0.00007 -7.58495e+01
  7 -0.00066 -7.64282e+01 |  8 -0.00137 -7.68826e+01 |  9 -0.00189 -7.69044e+01
 10 -0.00201 -7.61838e+01 | 11 -0.00173 -7.45183e+01 | 12 -0.00115 -7.21901e+01
 13 -0.00071 -6.98189e+01 | 14 -0.00085 -6.81777e+01 | 15 -0.00172 -6.75340e+01
 16 -0.00292 -6.72613e+01 | 17 -0.00372 -6.60593e+01 | 18 -0.00354 -6.28229e+01
 19 -0.00253 -5.77635e+01 | 20 -0.00137 -5.26433e+01 | 21 -0.00149 -4.88417e+01
 22 -0.00253 -4.74611e+01 | 23 -0.00205 -4.76014e+01 | 24 -0.00394 -4.69932e+01
 25 -0.00361 -4.46925e+01 | 26 -0.00026 -3.88470e+01 | 27  0.00193 -2.67321e+01
 28 -0.00857 -3.02662e+01 | 29 -0.00925 -2.63894e+01 | 30 -0.01021 -2.01141e+01
 31 -0.00761 -1.49974e+01 | 32 -0.00521 -6.10351e+00 | 33 -0.00696 -5.69701e-01
 34 -0.00865  1.63767e+00 | 35  0.01128  2.06204e+01 | 36 -0.00633  1.32150e+01
 37 -0.00673  2.22217e+01 | 38 -0.00586  3.39122e+01 | 39 -0.00450  4.19945e+01
 40 -0.01246  3.94717e+01 | 41 -0.00841  4.36008e+01 | 42 -0.00613  4.80441e+01
 43 -0.00368  5.94544e+01 | 44  0.00475  7.96558e+01 | 45 -0.00615  7.40378e+01
 46  0.00469  8.77387e+01 | 47  0.00323  8.80747e+01 | 48 -0.00244  8.38337e+01
 49 -0.00700  7.99855e+01 | 50 -0.00567  8.47378e+01 | 51  0.00656  9.82007e+01
 52  0.01232  1.06243e+02 | 53  0.00887  1.05600e+02 | 54  0.00024  9.27320e+01
 55  0.00856  1.06987e+02 | 56  0.01244  1.04136e+02 | 57  0.01802  1.08697e+02
 58  0.02385  1.11874e+02 | 59  0.02189  1.08260e+02 | 60  0.01455  9.82077e+01
 61  0.02392  1.08306e+02 | 62  0.00051  8.93551e+01 | 63  0.02361  1.03094e+02
 64 -0.00467  7.35476e+01 | 65  0.02066  9.31792e+01 | 66  0.00546  7.38878e+01
 67  0.00573  6.69407e+01 | 68  0.03439  1.08121e+02 | 69 -0.01773  2.47364e+01
 70 -0.01403  3.13451e+01 | 71 -0.01172  2.19209e+01 | 72  0.00000  3.15239e+01
 73 -0.04550 -1.53998e+01 | 74 -0.01099  2.17024e+00 | 75  0.05957  9.54638e+01
 76 -0.05456 -1.74988e+01 | 77  0.03880  4.07303e+01 | 78 -0.00366 -1.48727e+01
 79 -0.01156 -3.18423e+01 | 80 -0.00596 -2.50607e+01 | 81 -0.02379 -4.66845e+01
 82 -0.01091 -3.89412e+01 | 83 -0.00546 -4.70158e+01 | 84  0.00995 -4.22348e+01
 85  0.01296 -5.15113e+01 | 86 -0.01534 -5.64854e+01 | 87 -0.00498 -6.88478e+01
 88  0.02579 -7.62036e+01 | 89 -0.02364 -6.69794e+01 | 90  0.01624 -7.60582e+01
 91  0.02132 -8.77954e+01 | 92 -0.05047 -6.83332e+01 | 93  0.04336 -9.69641e+01
 94 -0.01201 -7.89917e+01 | 95 -0.00029 -7.87147e+01 | 96 -0.00090 -8.00619e+01
 97 -0.04888  1.64121e+02 | 98 -0.41581 -2.27119e+02 | 99 -0.31063  6.02951e+00
100 -0.25275 -4.56630e+01 |

Intermediate statistics: 100 variables; iteration 20; function evaluation 29; phase 3
Function value 5.8740708e+02; maximum gradient component mag 2.0579e+02
Var    Value     Gradient |Var    Value     Gradient |Var    Value     Gradient
  1  0.62377  2.05789e+02 |  2  0.00037 -5.49919e+00 |  3  0.00036 -5.51334e+00
  4  0.00037 -5.49914e+00 |  5  0.00040 -5.45165e+00 |  6  0.00044 -5.37238e+00
  7  0.00050 -5.27433e+00 |  8  0.00055 -5.18681e+00 |  9  0.00057 -5.15189e+00
 10  0.00055 -5.21341e+00 | 11  0.00039 -5.40286e+00 | 12  0.00019 -5.68215e+00
 13 -0.00001 -5.96093e+00 | 14 -0.00014 -6.11750e+00 | 15 -0.00015 -6.09924e+00
 16 -0.00011 -5.99294e+00 | 17 -0.00016 -6.00320e+00 | 18 -0.00041 -6.31950e+00
 19 -0.00084 -6.92798e+00 | 20 -0.00089 -7.52811e+00 | 21 -0.00147 -7.90803e+00
 22 -0.00123 -7.78725e+00 | 23  0.00052 -7.48225e+00 | 24  0.00039 -7.14314e+00
 25  0.00242 -6.86316e+00 | 26  0.00689 -6.83586e+00 | 27  0.00449 -8.52156e+00
 28 -0.00592 -8.34325e+00 | 29 -0.00618 -8.36567e+00 | 30 -0.00867 -9.07351e+00
 31 -0.00386 -8.37722e+00 | 32 -0.00167 -8.66448e+00 | 33 -0.00488 -9.23772e+00
 34 -0.00563 -8.49126e+00 | 35  0.02995  1.99564e+00 | 36 -0.00050 -6.20327e+00
 37 -0.00365 -7.21281e+00 | 38 -0.00533 -8.34174e+00 | 39 -0.00298 -7.37743e+00
 40 -0.01553 -9.82684e+00 | 41 -0.00594 -4.93467e+00 | 42  0.00035 -1.51678e+00
 43  0.00065 -9.87172e-01 | 44  0.01329  4.27166e+00 | 45 -0.01153 -6.10547e+00
 46  0.01109  5.98600e+00 | 47  0.00653  5.62322e+00 | 48 -0.00669  7.57956e-01
 49 -0.01533 -1.95161e+00 | 50 -0.01456 -1.15215e+00 | 51  0.00751  1.24970e+01
 52  0.01824  1.92655e+01 | 53  0.00238  1.11909e+01 | 54 -0.01421  3.22990e+00
 55 -0.00254  7.75112e+00 | 56  0.00469  1.50035e+01 | 57  0.01400  2.12792e+01
 58  0.02544  3.04192e+01 | 59  0.01933  2.64066e+01 | 60  0.00872  1.92275e+01
 61  0.02348  3.23007e+01 | 62 -0.01840  1.77619e+00 | 63  0.02353  3.40346e+01
 64 -0.01745  5.08947e+00 | 65  0.01986  3.29128e+01 | 66  0.00191  2.22704e+01
 67  0.00350  2.57237e+01 | 68  0.03529  7.40262e+01 | 69 -0.01856  1.65932e+01
 70 -0.01604  1.59787e+01 | 71 -0.01191  1.56893e+01 | 72 -0.00046  2.67508e+01
 73 -0.04649  4.04358e+00 | 74 -0.01185  1.56610e+01 | 75  0.05873 -3.54565e+01
 76 -0.06054 -4.86527e+00 | 77  0.03892  1.63176e+01 | 78 -0.00464  3.40763e+00
 79 -0.01148 -2.00756e+00 | 80 -0.00714 -2.61031e+00 | 81 -0.02385 -5.74303e+00
 82 -0.01212 -4.93224e+00 | 83 -0.00567 -1.06052e+01 | 84  0.00884 -8.90364e+00
 85  0.01295 -9.43938e+00 | 86 -0.01654 -5.30038e+00 | 87 -0.00472 -8.78833e+00
 88  0.02535 -1.72437e+01 | 89 -0.02351 -3.24205e+00 | 90  0.01617 -3.85751e+00
 91  0.02238 -7.77812e+00 | 92 -0.05253 -5.50174e+00 | 93  0.04529 -6.34297e+00
 94 -0.01228 -5.10297e+00 | 95  0.00040 -5.04075e+00 | 96  0.00079 -4.87928e+00
 97 -0.05279  3.38117e+00 | 98 -0.41675  2.33115e+00 | 99 -0.28459  7.28792e+00
100 -0.23936 -7.33652e+00 |
100 variables; iteration 40; function evaluation 52; phase 3
Function value 5.8704857e+02; maximum gradient component mag -6.6503e+02
Var    Value     Gradient |Var    Value     Gradient |Var    Value     Gradient
  1  0.62389 -6.65031e+02 |  2  0.00029  2.00413e+01 |  3  0.00028  1.99367e+01
  4  0.00022  1.97589e+01 |  5  0.00012  1.94973e+01 |  6 -0.00002  1.91523e+01
  7 -0.00019  1.87426e+01 |  8 -0.00034  1.83101e+01 |  9 -0.00046  1.79114e+01
 10 -0.00046  1.75954e+01 | 11 -0.00041  1.73857e+01 | 12 -0.00029  1.71969e+01
 13 -0.00020  1.68917e+01 | 14 -0.00024  1.63290e+01 | 15 -0.00042  1.54861e+01
 16 -0.00064  1.44955e+01 | 17 -0.00079  1.35663e+01 | 18 -0.00076  1.28184e+01
 19 -0.00060  1.21687e+01 | 20 -0.00013  1.13387e+01 | 21 -0.00040  1.04314e+01
 22 -0.00030  9.18337e+00 | 23  0.00126  8.50298e+00 | 24  0.00082  7.16653e+00
 25  0.00221  4.82274e+00 | 26  0.00578  1.22778e+00 | 27  0.00801  3.86652e+00
 28 -0.00508  2.08267e+00 | 29 -0.00542  3.88059e-01 | 30 -0.00831 -1.80725e+00
 31 -0.00267 -3.45445e+00 | 32 -0.00031 -6.30575e+00 | 33 -0.00396 -8.09494e+00
 34 -0.00527 -9.86568e+00 | 35  0.03068 -2.35423e+01 | 36  0.00033 -1.41701e+01
 37 -0.00310 -1.60669e+01 | 38 -0.00541 -1.94683e+01 | 39 -0.00289 -2.22255e+01
 40 -0.01443 -1.77346e+01 | 41 -0.00590 -2.23012e+01 | 42  0.00158 -2.42011e+01
 43  0.00050 -2.69513e+01 | 44  0.01522 -3.37885e+01 | 45 -0.01075 -2.51430e+01
 46  0.01268 -3.46911e+01 | 47  0.00615 -3.29461e+01 | 48 -0.00890 -2.93021e+01
 49 -0.01502 -2.31642e+01 | 50 -0.01347 -2.19383e+01 | 51  0.00692 -3.05603e+01
 52  0.02416 -3.36657e+01 | 53 -0.00118 -2.87713e+01 | 54 -0.01432 -1.92602e+01
 55 -0.00405 -2.60797e+01 | 56  0.00365 -2.30384e+01 | 57  0.01320 -2.45274e+01
 58  0.02384 -2.89739e+01 | 59  0.01614 -2.73614e+01 | 60  0.00800 -1.77946e+01
 61  0.02094 -2.57152e+01 | 62 -0.01578 -4.95968e+00 | 63  0.02272 -1.57545e+01
 64 -0.01697 -4.94687e+00 | 65  0.01836 -1.58894e+01 | 66  0.00108 -4.08358e+00
 67  0.00313  1.22208e+00 | 68  0.03247 -3.90579e+01 | 69 -0.01924  7.95552e+00
 70 -0.01666  3.77627e+00 | 71 -0.01275  1.84240e+00 | 72 -0.00159 -4.34744e+00
 73 -0.04716  9.74065e+00 | 74 -0.01208  7.93709e+00 | 75  0.06028 -8.21748e+00
 76 -0.05915  2.01180e+01 | 77  0.03872 -5.44486e+00 | 78 -0.00474  7.98340e+00
 79 -0.01165  1.06885e+01 | 80 -0.00678  1.49802e+01 | 81 -0.02390  1.54035e+01
 82 -0.01165  1.84159e+01 | 83 -0.00537  1.87613e+01 | 84  0.00930  1.55871e+01
 85  0.01312  1.72402e+01 | 86 -0.01653  1.60678e+01 | 87 -0.00480  1.66126e+01
 88  0.02616  2.12279e+01 | 89 -0.02352  2.35553e+01 | 90  0.01601  1.61853e+01
 91  0.02241  2.15469e+01 | 92 -0.05264  1.93470e+01 | 93  0.04518  2.30184e+01
 94 -0.01233  2.04085e+01 | 95 -0.00025  1.99230e+01 | 96 -0.00025  1.95421e+01
 97 -0.05573 -4.20242e+01 | 98 -0.41906  5.51353e+01 | 99 -0.28973 -1.05422e+00
100 -0.24159 -3.01593e+00 |
100 variables; iteration 60; function evaluation 85; phase 3
Function value 5.8691775e+02; maximum gradient component mag -8.7308e+02
Var    Value     Gradient |Var    Value     Gradient |Var    Value     Gradient
  1  0.62429 -8.73082e+02 |  2  0.00033  2.72898e+01 |  3  0.00032  2.71924e+01
  4  0.00032  2.70799e+01 |  5  0.00031  2.69505e+01 |  6  0.00031  2.68018e+01
  7  0.00032  2.66284e+01 |  8  0.00033  2.64196e+01 |  9  0.00033  2.61578e+01
 10  0.00034  2.58177e+01 | 11  0.00027  2.53748e+01 | 12  0.00019  2.48190e+01
 13  0.00009  2.41714e+01 | 14  0.00002  2.34811e+01 | 15  0.00000  2.27821e+01
 16  0.00002  2.20424e+01 | 17 -0.00001  2.11597e+01 | 18 -0.00015  2.00268e+01
 19 -0.00040  1.86517e+01 | 20 -0.00029  1.71602e+01 | 21 -0.00075  1.58345e+01
 22 -0.00052  1.46138e+01 | 23  0.00116  1.39826e+01 | 24  0.00095  1.27821e+01
 25  0.00295  1.09193e+01 | 26  0.00806  8.56895e+00 | 27  0.00536  5.30198e+00
 28 -0.00488  7.07188e+00 | 29 -0.00506  5.36568e+00 | 30 -0.00735  3.89595e+00
 31 -0.00250  6.06323e-01 | 32 -0.00012 -2.67981e+00 | 33 -0.00328 -3.97803e+00
 34 -0.00420 -5.45588e+00 | 35  0.03235 -2.25454e+01 | 36  0.00019 -1.21832e+01
 37 -0.00278 -1.38176e+01 | 38 -0.00392 -1.61728e+01 | 39 -0.00125 -1.94339e+01
 40 -0.01364 -1.53293e+01 | 41 -0.00478 -2.07276e+01 | 42  0.00217 -2.45417e+01
 43  0.00160 -2.73461e+01 | 44  0.01580 -3.76109e+01 | 45 -0.01057 -2.60423e+01
 46  0.01270 -3.91789e+01 | 47  0.00739 -3.63015e+01 | 48 -0.00777 -3.03654e+01
 49 -0.01533 -2.53932e+01 | 50 -0.01478 -2.64278e+01 | 51  0.00402 -3.81009e+01
 52  0.02864 -4.45574e+01 | 53 -0.00305 -3.52784e+01 | 54 -0.01607 -2.48353e+01
 55 -0.00248 -2.94558e+01 | 56  0.00104 -3.24394e+01 | 57  0.00945 -3.66475e+01
 58  0.02398 -4.09647e+01 | 59  0.01603 -3.66673e+01 | 60  0.00698 -2.76701e+01
 61  0.02085 -3.65547e+01 | 62 -0.01826 -1.33150e+01 | 63  0.02046 -3.64342e+01
 64 -0.01720 -8.17173e+00 | 65  0.01746 -3.05303e+01 | 66  0.00002 -1.64244e+01
 67  0.00163 -1.80931e+01 | 68  0.03266 -4.27804e+01 | 69 -0.02002 -3.49915e+00
 70 -0.01702 -1.70058e+00 | 71 -0.01293 -3.16537e+00 | 72 -0.00166 -8.10262e+00
 73 -0.04695  1.45638e+01 | 74 -0.01249  3.27928e+00 | 75  0.06015 -3.01331e+01
 76 -0.06015  1.83609e+01 | 77  0.03876 -1.01564e+01 | 78 -0.00480  8.99907e+00
 79 -0.01160  1.35294e+01 | 80 -0.00727  1.03039e+01 | 81 -0.02400  1.75992e+01
 82 -0.01206  1.68197e+01 | 83 -0.00559  1.87443e+01 | 84  0.00916  1.77990e+01
 85  0.01304  2.00737e+01 | 86 -0.01644  2.38080e+01 | 87 -0.00465  2.59459e+01
 88  0.02593  2.42381e+01 | 89 -0.02401  2.40317e+01 | 90  0.01612  2.63863e+01
 91  0.02230  2.77740e+01 | 92 -0.05247  2.80120e+01 | 93  0.04505  2.90379e+01
 94 -0.01294  2.69428e+01 | 95  0.00011  2.77476e+01 | 96  0.00040  2.77872e+01
 97 -0.05482 -5.83634e+01 | 98 -0.41823  8.16425e+01 | 99 -0.28770 -2.91358e+00
100 -0.24005  4.66569e+00 |
Maximum number of function evaluations exceeded

 - final statistics:
100 variables; iteration 69; function evaluation 100
Function value 5.8679e+02; maximum gradient component mag -1.1375e+03
Exit code = 3;  converg criter 1.0000e+00
Var    Value     Gradient |Var    Value     Gradient |Var    Value     Gradient
  1  0.62459 -1.13750e+03 |  2 -0.00099  3.40093e+01 |  3 -0.00096  3.39547e+01
  4 -0.00085  3.40046e+01 |  5 -0.00065  3.41523e+01 |  6 -0.00039  3.43631e+01
  7 -0.00011  3.45710e+01 |  8  0.00014  3.46866e+01 |  9  0.00031  3.46244e+01
 10  0.00040  3.43275e+01 | 11  0.00029  3.37625e+01 | 12  0.00013  3.29954e+01
 13 -0.00002  3.21566e+01 | 14 -0.00000  3.14640e+01 | 15  0.00024  3.10043e+01
 16  0.00054  3.04982e+01 | 17  0.00052  2.94355e+01 | 18  0.00008  2.76680e+01
 19 -0.00045  2.56929e+01 | 20 -0.00034  2.39612e+01 | 21 -0.00075  2.24848e+01
 22 -0.00050  2.10184e+01 | 23  0.00140  2.05018e+01 | 24  0.00182  1.98033e+01
 25  0.00289  1.64021e+01 | 26  0.00971  1.51820e+01 | 27  0.00552  1.01226e+01
 28 -0.00446  1.23866e+01 | 29 -0.00423  1.08372e+01 | 30 -0.00578  1.00252e+01
 31 -0.00257  3.80554e+00 | 32  0.00001  7.14231e-02 | 33 -0.00268 -9.12308e-01
 34 -0.00213 -1.26578e+00 | 35  0.03114 -2.84223e+01 | 36 -0.00038 -1.26250e+01
 37 -0.00097 -1.24066e+01 | 38 -0.00186 -1.48030e+01 | 39  0.00056 -1.93457e+01
 40 -0.01254 -1.48340e+01 | 41 -0.00388 -2.26821e+01 | 42  0.00209 -2.92787e+01
 43  0.00126 -3.34747e+01 | 44  0.01276 -4.92065e+01 | 45 -0.00913 -2.89903e+01
 46  0.01609 -5.01442e+01 | 47  0.00265 -4.65955e+01 | 48 -0.00499 -3.47852e+01
 49 -0.01456 -2.96142e+01 | 50 -0.01475 -3.23143e+01 | 51  0.00638 -4.86042e+01
 52  0.02710 -6.43925e+01 | 53 -0.00490 -4.56073e+01 | 54 -0.01479 -2.97487e+01
 55 -0.00237 -3.94439e+01 | 56  0.00098 -4.37555e+01 | 57  0.00687 -5.21078e+01
 58  0.01988 -6.27081e+01 | 59  0.01602 -5.25782e+01 | 60  0.00637 -3.96970e+01
 61  0.02007 -5.43840e+01 | 62 -0.01774 -1.68252e+01 | 63  0.02008 -5.31181e+01
 64 -0.01735 -1.32021e+01 | 65  0.01718 -4.58397e+01 | 66  0.00020 -2.24183e+01
 67  0.00183 -2.24762e+01 | 68  0.03291 -5.12978e+01 | 69 -0.01982 -2.69812e+00
 70 -0.01724 -4.86638e+00 | 71 -0.01290 -4.71086e+00 | 72 -0.00171 -9.95486e+00
 73 -0.04714  1.57605e+01 | 74 -0.01281  1.70106e+00 | 75  0.05990 -5.24340e+01
 76 -0.06033  2.34189e+01 | 77  0.03873 -1.37926e+01 | 78 -0.00495  1.09295e+01
 79 -0.01168  1.59593e+01 | 80 -0.00733  1.47811e+01 | 81 -0.02398  2.38864e+01
 82 -0.01221  2.16080e+01 | 83 -0.00565  2.30054e+01 | 84  0.00893  2.07387e+01
 85  0.01300  2.55210e+01 | 86 -0.01668  2.94404e+01 | 87 -0.00473  3.19948e+01
 88  0.02577  2.97391e+01 | 89 -0.02381  3.51038e+01 | 90  0.01598  3.39349e+01
 91  0.02233  3.65774e+01 | 92 -0.05322  3.34080e+01 | 93  0.04518  3.96574e+01
 94 -0.01217  3.71912e+01 | 95  0.00017  3.66696e+01 | 96  0.00079  3.72151e+01
 97 -0.05239 -7.05975e+01 | 98 -0.41736  9.88316e+01 | 99 -0.28537 -1.56312e+00
100 -0.23910  4.51469e+00 |

Initial statistics: 107 variables; iteration 0; function evaluation 0; phase 4
Function value 5.8679470e+02; maximum gradient component mag -1.6805e+03
Var    Value     Gradient |Var    Value     Gradient |Var    Value     Gradient
  1 -0.42263 -2.13740e+02 |  2 -0.42263 -1.68055e+03 |  3 -0.41094 -6.60350e+02
  4  0.62459 -1.13750e+03 |  5  0.00000 -1.18483e+00 |  6  0.00000 -2.62171e-01
  7  0.00000 -3.19910e-01 |  8  0.00000 -3.90161e-01 |  9 -0.00100  3.35910e+01
 10 -0.00097  3.35365e+01 | 11 -0.00085  3.35863e+01 | 12 -0.00066  3.37341e+01
 13 -0.00040  3.39448e+01 | 14 -0.00012  3.41528e+01 | 15  0.00013  3.42683e+01
 16  0.00030  3.42062e+01 | 17  0.00039  3.39092e+01 | 18  0.00028  3.33442e+01
 19  0.00013  3.25771e+01 | 20 -0.00002  3.17383e+01 | 21 -0.00001  3.10458e+01
 22  0.00024  3.05860e+01 | 23  0.00053  3.00799e+01 | 24  0.00051  2.90172e+01
 25  0.00007  2.72498e+01 | 26 -0.00046  2.52746e+01 | 27 -0.00035  2.35429e+01
 28 -0.00076  2.20665e+01 | 29 -0.00050  2.06001e+01 | 30  0.00139  2.00835e+01
 31  0.00181  1.93850e+01 | 32  0.00289  1.59839e+01 | 33  0.00970  1.47638e+01
 34  0.00551  9.70435e+00 | 35 -0.00447  1.19683e+01 | 36 -0.00424  1.04190e+01
 37 -0.00579  9.60695e+00 | 38 -0.00258  3.38728e+00 | 39  0.00001 -3.46845e-01
 40 -0.00268 -1.33057e+00 | 41 -0.00214 -1.68405e+00 | 42  0.03114 -2.88401e+01
 43 -0.00039 -1.30433e+01 | 44 -0.00098 -1.28249e+01 | 45 -0.00187 -1.52212e+01
 46  0.00055 -1.97640e+01 | 47 -0.01255 -1.52522e+01 | 48 -0.00389 -2.31003e+01
 49  0.00208 -2.96970e+01 | 50  0.00126 -3.38929e+01 | 51  0.01275 -4.96247e+01
 52 -0.00914 -2.94085e+01 | 53  0.01608 -5.05623e+01 | 54  0.00264 -4.70138e+01
 55 -0.00500 -3.52034e+01 | 56 -0.01457 -3.00324e+01 | 57 -0.01476 -3.27325e+01
 58  0.00637 -4.90225e+01 | 59  0.02709 -6.48104e+01 | 60 -0.00491 -4.60255e+01
 61 -0.01480 -3.01668e+01 | 62 -0.00238 -3.98622e+01 | 63  0.00098 -4.41738e+01
 64  0.00686 -5.25260e+01 | 65  0.01987 -6.31262e+01 | 66  0.01602 -5.29963e+01
 67  0.00636 -4.01153e+01 | 68  0.02006 -5.48021e+01 | 69 -0.01775 -1.72433e+01
 70  0.02008 -5.35361e+01 | 71 -0.01736 -1.36202e+01 | 72  0.01717 -4.62579e+01
 73  0.00019 -2.28366e+01 | 74  0.00182 -2.28944e+01 | 75  0.03291 -5.17156e+01
 76 -0.01983 -3.11618e+00 | 77 -0.01725 -5.28449e+00 | 78 -0.01291 -5.12904e+00
 79 -0.00172 -1.03731e+01 | 80 -0.04714  1.53434e+01 | 81 -0.01282  1.28288e+00
 82  0.05989 -5.28505e+01 | 83 -0.06034  2.30025e+01 | 84  0.03872 -1.42101e+01
 85 -0.00496  1.05112e+01 | 86 -0.01169  1.55411e+01 | 87 -0.00734  1.43628e+01
 88 -0.02399  2.34684e+01 | 89 -0.01222  2.11898e+01 | 90 -0.00566  2.25871e+01
 91  0.00892  2.03205e+01 | 92  0.01299  2.51029e+01 | 93 -0.01669  2.90223e+01
 94 -0.00474  3.15765e+01 | 95  0.02576  2.93212e+01 | 96 -0.02382  3.46858e+01
 97  0.01597  3.35168e+01 | 98  0.02232  3.61594e+01 | 99 -0.05322  3.29911e+01
100  0.04517  3.92402e+01 |101 -0.01218  3.67730e+01 |102  0.00016  3.62513e+01
103  0.00078  3.67968e+01 |104 -0.05239 -7.05975e+01 |105 -0.41736  9.88316e+01
106 -0.28537 -1.56312e+00 |107 -0.23910  4.51469e+00 |

Intermediate statistics: 107 variables; iteration 20; function evaluation 27; phase 4
Function value 5.8577167e+02; maximum gradient component mag 4.9924e+02
Var    Value     Gradient |Var    Value     Gradient |Var    Value     Gradient
  1 -0.41525  8.03501e+01 |  2 -0.41969  4.99235e+02 |  3 -0.41923  2.68039e+02
  4  0.62669  4.93217e+02 |  5  0.00005  4.33932e-01 |  6  0.00001  9.59698e-02
  7  0.00001  1.17091e-01 |  8  0.00002  1.42786e-01 |  9  0.00017 -1.71662e+01
 10  0.00018 -1.71260e+01 | 11  0.00019 -1.70712e+01 | 12  0.00020 -1.70003e+01
 13  0.00022 -1.69130e+01 | 14  0.00025 -1.68100e+01 | 15  0.00027 -1.66930e+01
 16  0.00029 -1.65635e+01 | 17  0.00034 -1.64204e+01 | 18  0.00032 -1.62637e+01
 19  0.00033 -1.60847e+01 | 20  0.00033 -1.58728e+01 | 21  0.00035 -1.56130e+01
 22  0.00039 -1.52972e+01 | 23  0.00042 -1.49389e+01 | 24  0.00044 -1.45692e+01
 25  0.00044 -1.42002e+01 | 26  0.00044 -1.38076e+01 | 27  0.00084 -1.33404e+01
 28  0.00058 -1.28759e+01 | 29  0.00084 -1.23203e+01 | 30  0.00248 -1.19600e+01
 31  0.00227 -1.13096e+01 | 32  0.00424 -1.05053e+01 | 33  0.00927 -8.66251e+00
 34  0.00785 -8.03152e+00 | 35 -0.00297 -8.86735e+00 | 36 -0.00308 -8.14163e+00
 37 -0.00503 -7.54291e+00 | 38 -0.00038 -5.84506e+00 | 39  0.00226 -4.27887e+00
 40 -0.00060 -3.81995e+00 | 41 -0.00151 -2.94012e+00 | 42  0.03054  8.29589e+00
 43  0.00313  1.01463e+00 | 44  0.00067  1.73944e+00 | 45 -0.00035  2.37092e+00
 46  0.00148  4.75133e+00 | 47 -0.00990  2.05135e+00 | 48 -0.00245  5.73394e+00
 49  0.00244  8.90217e+00 | 50  0.00304  1.01564e+01 | 51  0.01405  1.73853e+01
 52 -0.00635  8.77019e+00 | 53  0.01123  1.99276e+01 | 54  0.00583  1.78373e+01
 55 -0.00505  1.31029e+01 | 56 -0.01260  1.04400e+01 | 57 -0.01149  1.14494e+01
 58  0.00409  1.97539e+01 | 59  0.01135  2.58637e+01 | 60 -0.00080  1.90101e+01
 61 -0.01433  1.25188e+01 | 62 -0.00371  1.68242e+01 | 63 -0.00010  1.96062e+01
 64  0.00717  2.35013e+01 | 65  0.01671  2.88730e+01 | 66  0.01248  2.53073e+01
 67  0.00400  1.89888e+01 | 68  0.01729  2.75972e+01 | 69 -0.01850  8.80332e+00
 70  0.01829  2.79057e+01 | 71 -0.01842  8.89544e+00 | 72  0.01655  3.07237e+01
 73 -0.00068  1.81684e+01 | 74  0.00156  2.06140e+01 | 75  0.03171  3.16471e+01
 76 -0.02040  5.94265e+00 | 77 -0.01856 -4.92675e+00 | 78 -0.01361  3.31943e-01
 79 -0.00315 -8.50488e+00 | 80 -0.04761 -5.30255e+00 | 81 -0.01323 -4.36407e+00
 82  0.06014  6.30184e+01 | 83 -0.06099 -1.10596e+01 | 84  0.03733 -2.60592e+01
 85 -0.00654 -2.17742e+01 | 86 -0.01162  8.18569e-01 | 87 -0.00860 -1.97499e+01
 88 -0.02417 -5.77801e+00 | 89 -0.01291 -1.71853e+01 | 90 -0.00596 -9.92785e+00
 91  0.00858 -1.14174e+01 | 92  0.01256 -1.30206e+01 | 93 -0.01750 -2.00852e+01
 94 -0.00510 -1.45516e+01 | 95  0.02532 -1.51670e+01 | 96 -0.02439 -1.70985e+01
 97  0.01494 -2.51189e+01 | 98  0.02192 -1.24221e+01 | 99 -0.05357 -1.90270e+01
100  0.04533 -2.10830e+00 |101 -0.01296 -1.68934e+01 |102 -0.00006 -1.72135e+01
103  0.00024 -1.72027e+01 |104 -0.04647  2.39324e+01 |105 -0.41441 -3.13690e+01
106 -0.30200  1.78587e+00 |107 -0.25490  2.68817e+00 |
107 variables; iteration 40; function evaluation 51; phase 4
Function value 5.8551735e+02; maximum gradient component mag -2.0559e+02
Var    Value     Gradient |Var    Value     Gradient |Var    Value     Gradient
  1 -0.41520 -2.59071e+01 |  2 -0.41700 -2.05595e+02 |  3 -0.42321 -7.86405e+01
  4  0.62511 -1.52493e+02 |  5  0.00003 -1.56020e-01 |  6  0.00001 -3.46871e-02
  7  0.00001 -4.23151e-02 |  8  0.00001 -5.15908e-02 |  9 -0.00023  4.01327e+00
 10 -0.00022  4.00930e+00 | 11 -0.00020  4.02059e+00 | 12 -0.00016  4.04572e+00
 13 -0.00012  4.07918e+00 | 14 -0.00008  4.11125e+00 | 15 -0.00004  4.12949e+00
 16 -0.00001  4.12294e+00 | 17  0.00003  4.08541e+00 | 18  0.00000  4.01487e+00
 19 -0.00001  3.92196e+00 | 20 -0.00001  3.82323e+00 | 21  0.00000  3.74020e+00
 22  0.00003  3.67462e+00 | 23  0.00007  3.59435e+00 | 24  0.00007  3.46214e+00
 25  0.00006  3.28530e+00 | 26  0.00007  3.10884e+00 | 27  0.00048  2.94850e+00
 28  0.00023  2.80581e+00 | 29  0.00050  2.64408e+00 | 30  0.00214  2.56084e+00
 31  0.00192  2.41726e+00 | 32  0.00381  1.92643e+00 | 33  0.00947  2.62357e+00
 34  0.00767  1.70358e+00 | 35 -0.00314  1.97476e+00 | 36 -0.00318  1.78061e+00
 37 -0.00507  1.65669e+00 | 38 -0.00040  1.15452e+00 | 39  0.00224  7.23234e-01
 40 -0.00074  4.40062e-01 | 41 -0.00137  5.60991e-01 | 42  0.03114 -2.52543e+00
 43  0.00340 -5.81564e-01 | 44  0.00066 -9.22142e-01 | 45 -0.00008 -1.11622e+00
 46  0.00153 -1.66513e+00 | 47 -0.01021 -1.99557e+00 | 48 -0.00256 -2.73897e+00
 49  0.00237 -3.62714e+00 | 50  0.00303 -4.26985e+00 | 51  0.01395 -6.16762e+00
 52 -0.00627 -3.88656e+00 | 53  0.01082 -7.03117e+00 | 54  0.00473 -7.66559e+00
 55 -0.00525 -4.91751e+00 | 56 -0.01316 -4.67258e+00 | 57 -0.01164 -4.64737e+00
 58  0.00528 -6.21672e+00 | 59  0.01147 -8.62213e+00 | 60 -0.00196 -7.89471e+00
 61 -0.01414 -3.19884e+00 | 62 -0.00448 -8.11296e+00 | 63  0.00063 -4.96250e+00
 64  0.00780 -6.38480e+00 | 65  0.01718 -9.30379e+00 | 66  0.01217 -9.65821e+00
 67  0.00520 -3.52069e+00 | 68  0.01819 -6.63037e+00 | 69 -0.01893 -4.44587e+00
 70  0.01808 -1.23457e+01 | 71 -0.01815 -2.83120e+00 | 72  0.01603 -1.05293e+01
 73 -0.00047 -1.75026e+00 | 74  0.00189  2.49544e+00 | 75  0.03219 -4.00100e+00
 76 -0.02048 -1.56145e+00 | 77 -0.01744 -3.15463e-01 | 78 -0.01343 -3.68629e+00
 79 -0.00203 -1.46799e+00 | 80 -0.04742  4.25713e+00 | 81 -0.01277 -7.25727e-01
 82  0.05943 -1.32412e+01 | 83 -0.05997  6.76574e+00 | 84  0.03840 -1.99747e+00
 85 -0.00522  5.59315e-01 | 86 -0.01217 -4.60865e+00 | 87 -0.00771 -1.90963e+00
 88 -0.02388  1.17335e+01 | 89 -0.01183  9.38244e+00 | 90 -0.00570  5.81125e+00
 91  0.00908  5.24199e+00 | 92  0.01290  4.72019e+00 | 93 -0.01662  4.94251e+00
 94 -0.00469  8.78620e+00 | 95  0.02547 -6.53682e-01 | 96 -0.02406  6.05163e+00
 97  0.01524 -3.10329e+00 | 98  0.02163  2.71371e+00 | 99 -0.05237  8.56458e+00
100  0.04444  5.46881e+00 |101 -0.01284  4.67292e+00 |102 -0.00033  4.38815e+00
103  0.00002  4.46664e+00 |104 -0.04219 -9.92433e+00 |105 -0.41292  1.61939e+01
106 -0.30547  2.98597e+00 |107 -0.25724 -9.06654e+00 |
107 variables; iteration 60; function evaluation 79; phase 4
Function value 5.8548548e+02; maximum gradient component mag -2.2286e+02
Var    Value     Gradient |Var    Value     Gradient |Var    Value     Gradient
  1 -0.41496 -2.12941e+01 |  2 -0.41655 -2.22863e+02 |  3 -0.42399 -9.32445e+01
  4  0.62511 -1.77482e+02 |  5  0.00006 -1.28411e-01 |  6  0.00001 -2.87888e-02
  7  0.00001 -3.51128e-02 |  8  0.00002 -4.28051e-02 |  9 -0.00006  5.15794e+00
 10 -0.00005  5.14974e+00 | 11 -0.00004  5.14676e+00 | 12 -0.00002  5.14812e+00
 13  0.00000  5.15112e+00 | 14  0.00003  5.15124e+00 | 15  0.00005  5.14250e+00
 16  0.00007  5.12006e+00 | 17  0.00012  5.08071e+00 | 18  0.00010  5.02359e+00
 19  0.00011  4.95271e+00 | 20  0.00012  4.87488e+00 | 21  0.00014  4.79858e+00
 22  0.00018  4.72352e+00 | 23  0.00022  4.63614e+00 | 24  0.00024  4.52375e+00
 25  0.00027  4.39224e+00 | 26  0.00031  4.25959e+00 | 27  0.00075  4.12417e+00
 28  0.00052  3.99134e+00 | 29  0.00080  3.82695e+00 | 30  0.00239  3.65942e+00
 31  0.00208  3.34813e+00 | 32  0.00413  3.02905e+00 | 33  0.00891  2.47369e+00
 34  0.00827  3.06303e+00 | 35 -0.00311  2.59953e+00 | 36 -0.00316  2.33531e+00
 37 -0.00509  2.13184e+00 | 38 -0.00045  1.51911e+00 | 39  0.00220  1.04599e+00
 40 -0.00068  8.89914e-01 | 41 -0.00156  5.33097e-01 | 42  0.03075 -3.51026e+00
 43  0.00243 -1.93900e+00 | 44  0.00015 -1.65576e+00 | 45 -0.00046 -1.69769e+00
 46  0.00114 -2.33737e+00 | 47 -0.00988 -1.17009e+00 | 48 -0.00252 -2.70301e+00
 49  0.00233 -3.85633e+00 | 50  0.00309 -4.41832e+00 | 51  0.01389 -6.71232e+00
 52 -0.00590 -3.36434e+00 | 53  0.01013 -8.47464e+00 | 54  0.00543 -7.34457e+00
 55 -0.00521 -5.15838e+00 | 56 -0.01286 -4.32426e+00 | 57 -0.01125 -4.12523e+00
 58  0.00465 -7.77214e+00 | 59  0.01140 -9.52953e+00 | 60 -0.00093 -6.85801e+00
 61 -0.01511 -5.23669e+00 | 62 -0.00392 -7.33003e+00 | 63 -0.00010 -6.79353e+00
 64  0.00730 -7.84846e+00 | 65  0.01771 -9.28299e+00 | 66  0.01179 -1.13633e+01
 67  0.00432 -7.29401e+00 | 68  0.01776 -9.30013e+00 | 69 -0.01811 -2.35526e+00
 70  0.01841 -1.12721e+01 | 71 -0.01789 -1.79796e+00 | 72  0.01623 -9.64582e+00
 73 -0.00070 -4.18067e+00 | 74  0.00152 -2.57288e+00 | 75  0.03202 -9.79525e+00
 76 -0.02052 -1.55798e+00 | 77 -0.01747 -6.42863e-01 | 78 -0.01338 -2.39402e+00
 79 -0.00207 -2.36930e+00 | 80 -0.04752  3.57528e+00 | 81 -0.01263  7.42977e-01
 82  0.05951 -1.23851e+01 | 83 -0.06041  4.54803e+00 | 84  0.03842 -3.05939e+00
 85 -0.00524  1.90362e-01 | 86 -0.01198 -4.56235e-01 | 87 -0.00752  2.04571e+00
 88 -0.02419  6.23264e+00 | 89 -0.01217  4.37419e+00 | 90 -0.00583  4.18962e+00
 91  0.00894  3.48848e+00 | 92  0.01281  3.85954e+00 | 93 -0.01665  4.96838e+00
 94 -0.00489  5.73819e+00 | 95  0.02565  3.07416e+00 | 96 -0.02409  6.12703e+00
 97  0.01563  2.93767e+00 | 98  0.02177  5.22550e+00 | 99 -0.05274  7.50968e+00
100  0.04446  6.43849e+00 |101 -0.01300  5.38468e+00 |102 -0.00025  5.39306e+00
103  0.00003  5.38338e+00 |104 -0.04252 -1.12673e+01 |105 -0.41317  1.66013e+01
106 -0.30566  3.09493e-01 |107 -0.25726 -2.14730e+00 |
Maximum number of function evaluations exceeded

 - final statistics:
107 variables; iteration 71; function evaluation 100
Function value 5.8548e+02; maximum gradient component mag -5.9269e+01
Exit code = 3;  converg criter 1.0000e+00
Var    Value     Gradient |Var    Value     Gradient |Var    Value     Gradient
  1 -0.41461 -3.39691e+00 |  2 -0.41617 -5.92689e+01 |  3 -0.42473 -2.50975e+01
  4  0.62516 -4.94158e+01 |  5  0.00003 -5.09537e-02 |  6  0.00001 -1.13333e-02
  7  0.00001 -1.38270e-02 |  8  0.00001 -1.68614e-02 |  9  0.00025  1.60808e+00
 10  0.00026  1.60285e+00 | 11  0.00026  1.59483e+00 | 12  0.00026  1.58381e+00
 13  0.00026  1.56994e+00 | 14  0.00026  1.55377e+00 | 15  0.00026  1.53616e+00
 16  0.00026  1.51789e+00 | 17  0.00029  1.49930e+00 | 18  0.00027  1.48063e+00
 19  0.00028  1.46023e+00 | 20  0.00029  1.43574e+00 | 21  0.00029  1.40301e+00
 22  0.00029  1.35994e+00 | 23  0.00029  1.31066e+00 | 24  0.00029  1.26472e+00
 25  0.00031  1.22671e+00 | 26  0.00033  1.18945e+00 | 27  0.00074  1.14105e+00
 28  0.00048  1.09217e+00 | 29  0.00073  1.03242e+00 | 30  0.00233  9.76476e-01
 31  0.00207  9.01290e-01 | 32  0.00416  8.61145e-01 | 33  0.00895  6.43075e-01
 34  0.00771  6.25392e-01 | 35 -0.00319  6.74839e-01 | 36 -0.00327  5.82465e-01
 37 -0.00520  5.29202e-01 | 38 -0.00056  3.75429e-01 | 39  0.00205  2.37309e-01
 40 -0.00090  9.06286e-02 | 41 -0.00174  2.63111e-02 | 42  0.03041 -1.23310e+00
 43  0.00316 -1.74612e-01 | 44  0.00045 -3.10724e-01 | 45 -0.00037 -3.76698e-01
 46  0.00106 -7.57398e-01 | 47 -0.01000 -3.27149e-01 | 48 -0.00260 -7.51859e-01
 49  0.00223 -1.10434e+00 | 50  0.00306 -1.16404e+00 | 51  0.01365 -1.97497e+00
 52 -0.00628 -1.07275e+00 | 53  0.01065 -2.40688e+00 | 54  0.00582 -1.76830e+00
 55 -0.00529 -1.42905e+00 | 56 -0.01276 -1.02045e+00 | 57 -0.01148 -1.16933e+00
 58  0.00452 -2.25122e+00 | 59  0.01059 -3.69143e+00 | 60 -0.00087 -1.63394e+00
 61 -0.01473 -1.10897e+00 | 62 -0.00356 -1.70489e+00 | 63 -0.00029 -1.94894e+00
 64  0.00704 -2.23308e+00 | 65  0.01692 -2.98141e+00 | 66  0.01265 -2.47682e+00
 67  0.00424 -1.97080e+00 | 68  0.01757 -2.75027e+00 | 69 -0.01841 -8.38492e-01
 70  0.01872 -2.51108e+00 | 71 -0.01823 -8.11286e-01 | 72  0.01635 -2.27556e+00
 73 -0.00081 -1.38951e+00 | 74  0.00130 -1.53868e+00 | 75  0.03195 -3.02777e+00
 76 -0.02053 -3.17569e-01 | 77 -0.01756 -4.17129e-01 | 78 -0.01335 -3.19969e-01
 79 -0.00210 -6.16245e-01 | 80 -0.04766  4.70142e-01 | 81 -0.01270 -3.89114e-02
 82  0.05956 -2.83905e+00 | 83 -0.06063  8.15940e-01 | 84  0.03842 -8.19555e-01
 85 -0.00518  4.77565e-01 | 86 -0.01184  8.03474e-01 | 87 -0.00754  7.08417e-01
 88 -0.02436  6.98834e-01 | 89 -0.01227  7.59144e-01 | 90 -0.00588  9.05326e-01
 91  0.00889  8.25285e-01 | 92  0.01279  9.88449e-01 | 93 -0.01670  1.23784e+00
 94 -0.00495  1.25076e+00 | 95  0.02572  1.37891e+00 | 96 -0.02416  1.41841e+00
 97  0.01577  1.64721e+00 | 98  0.02178  1.56827e+00 | 99 -0.05320  1.41198e+00
100  0.04440  1.57700e+00 |101 -0.01291  1.58455e+00 |102 -0.00007  1.59330e+00
103  0.00022  1.59099e+00 |104 -0.04269 -3.15172e+00 |105 -0.41330  4.30586e+00
106 -0.30587 -2.82522e-01 |107 -0.25757  5.55065e-01 |

Initial statistics: 110 variables; iteration 0; function evaluation 0; phase 5
Function value 5.8547501e+02; maximum gradient component mag -6.3085e+02
Var    Value     Gradient |Var    Value     Gradient |Var    Value     Gradient
  1 -0.41461 -3.39691e+00 |  2 -0.41617 -5.92689e+01 |  3 -0.42473 -2.50975e+01
  4 -0.41222  4.41728e+01 |  5 -0.41222  1.37329e+01 |  6  0.62516 -4.94158e+01
  7  0.00003 -5.09537e-02 |  8  0.00001 -1.13333e-02 |  9  0.00001 -1.38270e-02
 10  0.00001 -1.68614e-02 | 11  0.00025  1.60664e+00 | 12  0.00026  1.60141e+00
 13  0.00026  1.59339e+00 | 14  0.00026  1.58237e+00 | 15  0.00026  1.56850e+00
 16  0.00026  1.55233e+00 | 17  0.00026  1.53472e+00 | 18  0.00026  1.51645e+00
 19  0.00029  1.49786e+00 | 20  0.00027  1.47919e+00 | 21  0.00028  1.45879e+00
 22  0.00029  1.43430e+00 | 23  0.00029  1.40157e+00 | 24  0.00029  1.35850e+00
 25  0.00029  1.30922e+00 | 26  0.00029  1.26328e+00 | 27  0.00031  1.22527e+00
 28  0.00033  1.18801e+00 | 29  0.00074  1.13961e+00 | 30  0.00048  1.09073e+00
 31  0.00073  1.03098e+00 | 32  0.00233  9.75036e-01 | 33  0.00207  8.99850e-01
 34  0.00416  8.59705e-01 | 35  0.00895  6.41635e-01 | 36  0.00771  6.23952e-01
 37 -0.00319  6.73399e-01 | 38 -0.00327  5.81025e-01 | 39 -0.00520  5.27762e-01
 40 -0.00056  3.73989e-01 | 41  0.00205  2.35869e-01 | 42 -0.00090  8.91885e-02
 43 -0.00174  2.48710e-02 | 44  0.03041 -1.23454e+00 | 45  0.00316 -1.76052e-01
 46  0.00045 -3.12164e-01 | 47 -0.00037 -3.78138e-01 | 48  0.00106 -7.58838e-01
 49 -0.01000 -3.28589e-01 | 50 -0.00260 -7.53299e-01 | 51  0.00223 -1.10578e+00
 52  0.00306 -1.16548e+00 | 53  0.01365 -1.97641e+00 | 54 -0.00628 -1.07419e+00
 55  0.01065 -2.40832e+00 | 56  0.00582 -1.76974e+00 | 57 -0.00529 -1.43049e+00
 58 -0.01276 -1.02189e+00 | 59 -0.01148 -1.17077e+00 | 60  0.00452 -2.25266e+00
 61  0.01059 -3.69287e+00 | 62 -0.00087 -1.63538e+00 | 63 -0.01473 -1.11041e+00
 64 -0.00356 -1.70633e+00 | 65 -0.00029 -1.95038e+00 | 66  0.00704 -2.23452e+00
 67  0.01692 -2.98285e+00 | 68  0.01265 -2.47826e+00 | 69  0.00424 -1.97224e+00
 70  0.01757 -2.75171e+00 | 71 -0.01841 -8.39932e-01 | 72  0.01872 -2.51252e+00
 73 -0.01823 -8.12726e-01 | 74  0.01635 -2.27700e+00 | 75 -0.00081 -1.39095e+00
 76  0.00130 -1.54012e+00 | 77  0.03195 -3.02920e+00 | 78 -0.02053 -3.19009e-01
 79 -0.01756 -4.18569e-01 | 80 -0.01335 -3.21409e-01 | 81 -0.00210 -6.17685e-01
 82 -0.04766  4.68706e-01 | 83 -0.01270 -4.03512e-02 | 84  0.05956 -2.84049e+00
 85 -0.06063  8.14506e-01 | 86  0.03842 -8.20993e-01 | 87 -0.00518  4.76125e-01
 88 -0.01184  8.02034e-01 | 89 -0.00754  7.06977e-01 | 90 -0.02436  6.97395e-01
 91 -0.01227  7.57705e-01 | 92 -0.00588  9.03886e-01 | 93  0.00889  8.23845e-01
 94  0.01279  9.87009e-01 | 95 -0.01670  1.23640e+00 | 96 -0.00495  1.24932e+00
 97  0.02572  1.37747e+00 | 98 -0.02416  1.41698e+00 | 99  0.01577  1.64577e+00
100  0.02178  1.56683e+00 |101 -0.05320  1.41055e+00 |102  0.04440  1.57556e+00
103 -0.01291  1.58311e+00 |104 -0.00007  1.59186e+00 |105  0.00022  1.58955e+00
106  0.00000 -6.30850e+02 |107 -0.04269 -3.15172e+00 |108 -0.41330  4.30586e+00
109 -0.30587 -2.82522e-01 |110 -0.25757  5.55065e-01 |

Intermediate statistics: 110 variables; iteration 20; function evaluation 29; phase 5
Function value 5.8443345e+02; maximum gradient component mag -8.1091e+02
Var    Value     Gradient |Var    Value     Gradient |Var    Value     Gradient
  1 -0.41690 -6.24254e+01 |  2 -0.41293 -8.10906e+02 |  3 -0.42682 -3.41021e+02
  4 -0.41598 -1.13053e+01 |  5 -0.43578 -1.41971e+01 |  6  0.62252 -7.35468e+02
  7  0.00002 -6.64097e-01 |  8  0.00001 -1.46956e-01 |  9  0.00001 -1.79305e-01
 10  0.00001 -2.18664e-01 | 11  0.00030  2.26375e+01 | 12  0.00030  2.25781e+01
 13  0.00030  2.25037e+01 | 14  0.00029  2.24119e+01 | 15  0.00029  2.23003e+01
 16  0.00029  2.21667e+01 | 17  0.00029  2.20089e+01 | 18  0.00029  2.18240e+01
 19  0.00032  2.16078e+01 | 20  0.00030  2.13578e+01 | 21  0.00030  2.10651e+01
 22  0.00031  2.07219e+01 | 23  0.00031  2.03194e+01 | 24  0.00030  1.98513e+01
 25  0.00030  1.93215e+01 | 26  0.00029  1.87441e+01 | 27  0.00030  1.81266e+01
 28  0.00032  1.74637e+01 | 29  0.00070  1.67127e+01 | 30  0.00042  1.59826e+01
 31  0.00062  1.51315e+01 | 32  0.00214  1.45944e+01 | 33  0.00180  1.36762e+01
 34  0.00397  1.22858e+01 | 35  0.00932  9.82674e+00 | 36  0.00795  8.66698e+00
 37 -0.00328  1.01943e+01 | 38 -0.00334  8.84600e+00 | 39 -0.00526  7.97530e+00
 40 -0.00058  5.29746e+00 | 41  0.00220  2.93870e+00 | 42 -0.00103  2.38415e+00
 43 -0.00177  7.96421e-01 | 44  0.03065 -1.66578e+01 | 45  0.00358 -4.89089e+00
 46 -0.00007 -5.71172e+00 | 47 -0.00110 -7.25982e+00 | 48  0.00093 -1.05826e+01
 49 -0.01040 -6.26652e+00 | 50 -0.00298 -1.22865e+01 | 51  0.00173 -1.71052e+01
 52  0.00111 -1.99682e+01 | 53  0.01358 -2.98252e+01 | 54 -0.00712 -1.77117e+01
 55  0.01495 -3.08129e+01 | 56  0.00454 -2.99729e+01 | 57 -0.00625 -2.31380e+01
 58 -0.01358 -1.89673e+01 | 59 -0.01261 -2.07452e+01 | 60  0.00225 -3.51464e+01
 61  0.01702 -3.93573e+01 | 62 -0.00278 -3.14686e+01 | 63 -0.01508 -2.01572e+01
 64 -0.00394 -2.82715e+01 | 65 -0.00082 -3.09420e+01 | 66  0.00573 -3.69184e+01
 67  0.01662 -4.55864e+01 | 68  0.01229 -4.05638e+01 | 69  0.00371 -3.17236e+01
 70  0.01654 -4.44260e+01 | 71 -0.01892 -1.59430e+01 | 72  0.01761 -4.57185e+01
 73 -0.01875 -1.48383e+01 | 74  0.01574 -4.18593e+01 | 75 -0.00153 -2.39560e+01
 76  0.00095 -2.32639e+01 | 77  0.03171 -4.62412e+01 | 78 -0.01980 -5.12773e+00
 79 -0.01677 -7.50234e+00 | 80 -0.01266 -1.65384e+00 | 81 -0.00129 -9.01682e+00
 82 -0.04675  8.46954e+00 | 83 -0.01160  1.50190e+00 | 84  0.06114 -1.53362e+01
 85 -0.05801  2.02421e+01 | 86  0.03983 -4.33028e+00 | 87 -0.00378  6.74894e+00
 88 -0.01029  1.77204e+01 | 89 -0.00659  1.25843e+01 | 90 -0.02365  1.65440e+01
 91 -0.01152  1.78424e+01 | 92 -0.00531  1.44055e+01 | 93  0.00937  1.90861e+01
 94  0.01320  1.65177e+01 | 95 -0.01706  1.58336e+01 | 96 -0.00505  1.54163e+01
 97  0.02490  1.31714e+01 | 98 -0.02455  1.67751e+01 | 99  0.01425  1.29210e+01
100  0.02044  1.21678e+01 |101 -0.05453  2.04339e+01 |102  0.04281  1.63112e+01
103 -0.01234  2.41102e+01 |104 -0.00003  2.28676e+01 |105  0.00025  2.28526e+01
106  0.00199 -5.50572e+02 |107 -0.04297 -3.80410e+01 |108 -0.41394  5.15212e+01
109 -0.28505  6.92369e+00 |110 -0.24785 -1.30963e+01 |
110 variables; iteration 40; function evaluation 50; phase 5
Function value 5.8429933e+02; maximum gradient component mag -9.9344e+02
Var    Value     Gradient |Var    Value     Gradient |Var    Value     Gradient
  1 -0.41644 -6.79723e+01 |  2 -0.41203 -9.93439e+02 |  3 -0.42849 -4.29467e+02
  4 -0.41386 -1.15756e+01 |  5 -0.44221 -1.73064e+01 |  6  0.62231 -8.69125e+02
  7  0.00003 -7.73637e-01 |  8  0.00001 -1.71151e-01 |  9  0.00001 -2.08840e-01
 10  0.00001 -2.54708e-01 | 11  0.00030  2.70670e+01 | 12  0.00030  2.69984e+01
 13  0.00031  2.69152e+01 | 14  0.00031  2.68143e+01 | 15  0.00031  2.66925e+01
 16  0.00031  2.65459e+01 | 17  0.00032  2.63700e+01 | 18  0.00032  2.61598e+01
 19  0.00035  2.59087e+01 | 20  0.00033  2.56129e+01 | 21  0.00033  2.52635e+01
 22  0.00033  2.48550e+01 | 23  0.00033  2.43818e+01 | 24  0.00033  2.38400e+01
 25  0.00033  2.32268e+01 | 26  0.00031  2.25428e+01 | 27  0.00030  2.17892e+01
 28  0.00029  2.09727e+01 | 29  0.00065  2.00596e+01 | 30  0.00034  1.91746e+01
 31  0.00051  1.81490e+01 | 32  0.00201  1.75239e+01 | 33  0.00167  1.64713e+01
 34  0.00399  1.49912e+01 | 35  0.00955  1.22101e+01 | 36  0.00806  1.09233e+01
 37 -0.00358  1.21271e+01 | 38 -0.00352  1.06641e+01 | 39 -0.00539  9.63231e+00
 40 -0.00068  6.60339e+00 | 41  0.00207  3.79364e+00 | 42 -0.00131  3.06540e+00
 43 -0.00186  1.39199e+00 | 44  0.03096 -1.89153e+01 | 45  0.00355 -5.28634e+00
 46 -0.00022 -6.00064e+00 | 47 -0.00071 -7.37059e+00 | 48  0.00033 -1.21562e+01
 49 -0.01098 -7.62878e+00 | 50 -0.00310 -1.38360e+01 | 51  0.00184 -1.91583e+01
 52  0.00108 -2.23447e+01 | 53  0.01327 -3.41580e+01 | 54 -0.00640 -1.91282e+01
 55  0.01716 -3.53682e+01 | 56  0.00419 -3.37974e+01 | 57 -0.00637 -2.62098e+01
 58 -0.01328 -2.10165e+01 | 59 -0.01210 -2.32535e+01 | 60  0.00290 -4.01351e+01
 61  0.01481 -4.77562e+01 | 62 -0.00369 -3.67823e+01 | 63 -0.01533 -2.31808e+01
 64 -0.00418 -3.30023e+01 | 65 -0.00135 -3.61567e+01 | 66  0.00513 -4.29678e+01
 67  0.01653 -5.30260e+01 | 68  0.01165 -4.73058e+01 | 69  0.00346 -3.67346e+01
 70  0.01725 -4.81249e+01 | 71 -0.01860 -1.63944e+01 | 72  0.01799 -5.00548e+01
 73 -0.01850 -1.51627e+01 | 74  0.01543 -4.93952e+01 | 75 -0.00128 -2.44303e+01
 76  0.00083 -2.84191e+01 | 77  0.03161 -5.49905e+01 | 78 -0.01958 -4.21829e+00
 79 -0.01658 -7.45101e+00 | 80 -0.01256 -3.63140e+00 | 81 -0.00128 -1.25483e+01
 82 -0.04658  1.01285e+01 | 83 -0.01167 -2.21090e+00 | 84  0.06115 -3.32736e+01
 85 -0.05748  2.47383e+01 | 86  0.04000 -1.05469e+01 | 87 -0.00374  5.38961e+00
 88 -0.01007  1.87876e+01 | 89 -0.00668  1.13167e+01 | 90 -0.02381  1.42561e+01
 91 -0.01170  1.54665e+01 | 92 -0.00533  1.44731e+01 | 93  0.00912  1.52952e+01
 94  0.01316  1.68126e+01 | 95 -0.01684  2.19032e+01 | 96 -0.00504  1.90325e+01
 97  0.02507  2.01991e+01 | 98 -0.02434  2.35530e+01 | 99  0.01455  2.26806e+01
100  0.02054  1.91550e+01 |101 -0.05393  2.84169e+01 |102  0.04280  2.08150e+01
103 -0.01212  2.90331e+01 |104 -0.00004  2.73486e+01 |105  0.00029  2.73766e+01
106  0.00245 -4.48280e+02 |107 -0.03779 -4.86237e+01 |108 -0.41156  7.02329e+01
109 -0.28477  4.16116e+00 |110 -0.24862 -8.80271e+00 |
110 variables; iteration 60; function evaluation 78; phase 5
Function value 5.8411550e+02; maximum gradient component mag -4.1447e+02
Var    Value     Gradient |Var    Value     Gradient |Var    Value     Gradient
  1 -0.41709 -2.88409e+01 |  2 -0.41130 -4.14468e+02 |  3 -0.42919 -1.83250e+02
  4 -0.41320 -4.49627e+00 |  5 -0.44477 -7.05366e+00 |  6  0.62172 -3.30874e+02
  7 -0.00000 -3.14730e-01 |  8 -0.00000 -6.92817e-02 |  9 -0.00000 -8.45636e-02
 10 -0.00000 -1.03171e-01 | 11  0.00009  1.03398e+01 | 12  0.00009  1.03127e+01
 13  0.00009  1.02802e+01 | 14  0.00009  1.02410e+01 | 15  0.00009  1.01935e+01
 16  0.00009  1.01358e+01 | 17  0.00009  1.00658e+01 | 18  0.00008  9.98138e+00
 19  0.00011  9.88044e+00 | 20  0.00007  9.76215e+00 | 21  0.00007  9.62394e+00
 22  0.00005  9.46443e+00 | 23  0.00004  9.28104e+00 | 24  0.00003  9.07213e+00
 25  0.00001  8.83892e+00 | 26 -0.00001  8.58627e+00 | 27 -0.00002  8.31547e+00
 28 -0.00002  8.02188e+00 | 29  0.00033  7.68506e+00 | 30  0.00001  7.34297e+00
 31  0.00013  6.90820e+00 | 32  0.00160  6.63164e+00 | 33  0.00106  6.02492e+00
 34  0.00325  5.45064e+00 | 35  0.00978  5.56365e+00 | 36  0.00854  5.35452e+00
 37 -0.00371  4.98001e+00 | 38 -0.00353  4.65596e+00 | 39 -0.00539  4.39974e+00
 40 -0.00068  3.23830e+00 | 41  0.00221  2.31157e+00 | 42 -0.00148  1.58364e+00
 43 -0.00160  1.65722e+00 | 44  0.03090 -5.65802e+00 | 45  0.00388 -6.79703e-01
 46  0.00005 -1.16838e+00 | 47 -0.00085 -1.68655e+00 | 48  0.00054 -4.11381e+00
 49 -0.01035 -1.14514e+00 | 50 -0.00278 -3.82179e+00 | 51  0.00138 -6.74074e+00
 52  0.00144 -7.67379e+00 | 53  0.01360 -1.15101e+01 | 54 -0.00627 -5.66877e+00
 55  0.01679 -7.83133e+00 | 56  0.00416 -1.28658e+01 | 57 -0.00662 -1.01908e+01
 58 -0.01302 -6.67415e+00 | 59 -0.01221 -7.90110e+00 | 60  0.00519 -1.28353e+01
 61  0.01059 -1.82942e+01 | 62 -0.00085 -1.17420e+01 | 63 -0.01588 -8.90635e+00
 64 -0.00423 -1.16213e+01 | 65 -0.00136 -1.34962e+01 | 66  0.00540 -1.64616e+01
 67  0.01595 -2.04112e+01 | 68  0.01217 -1.74621e+01 | 69  0.00323 -1.44042e+01
 70  0.01624 -2.01728e+01 | 71 -0.01858 -6.39748e+00 | 72  0.01823 -1.83808e+01
 73 -0.01840 -5.66228e+00 | 74  0.01626 -1.72460e+01 | 75 -0.00130 -1.01877e+01
 76  0.00127 -1.00422e+01 | 77  0.03174 -2.32340e+01 | 78 -0.01947 -3.02858e+00
 79 -0.01616 -2.56535e+00 | 80 -0.01254 -5.48727e+00 | 81 -0.00078 -4.24377e+00
 82 -0.04613  4.38196e+00 | 83 -0.01093 -2.94339e-01 | 84  0.06138 -2.49622e+01
 85 -0.05853  3.69493e+00 | 86  0.04041 -8.23098e+00 | 87 -0.00288  4.17612e+00
 88 -0.01011  1.38644e+00 | 89 -0.00617  4.03446e+00 | 90 -0.02345  4.98835e+00
 91 -0.01149  3.94718e+00 | 92 -0.00499  5.39556e+00 | 93  0.00932  3.92483e+00
 94  0.01339  5.37091e+00 | 95 -0.01653  1.02080e+01 | 96 -0.00480  7.66781e+00
 97  0.02517  8.86338e+00 | 98 -0.02401  1.13940e+01 | 99  0.01484  1.28188e+01
100  0.02098  1.25116e+01 |101 -0.05412  1.14347e+01 |102  0.04322  1.20044e+01
103 -0.01335  1.03677e+01 |104 -0.00019  1.04865e+01 |105  0.00010  1.04799e+01
106  0.00336 -7.47549e+01 |107 -0.04219 -2.31647e+01 |108 -0.41333  3.24352e+01
109 -0.27875 -2.22766e+00 |110 -0.24556  3.37034e+00 |
110 variables; iteration 80; function evaluation 109; phase 5
Function value 5.8405760e+02; maximum gradient component mag -2.0964e+02
Var    Value     Gradient |Var    Value     Gradient |Var    Value     Gradient
  1 -0.41697 -1.35085e+01 |  2 -0.40992 -2.09643e+02 |  3 -0.43111 -9.55353e+01
  4 -0.41187 -2.08125e+00 |  5 -0.44919 -3.13503e+00 |  6  0.62120 -1.75051e+02
  7  0.00002 -1.31840e-01 |  8  0.00000 -2.89064e-02 |  9  0.00001 -3.52987e-02
 10  0.00001 -4.30906e-02 | 11  0.00015  5.47343e+00 | 12  0.00015  5.46245e+00
 13  0.00015  5.45068e+00 | 14  0.00016  5.43760e+00 | 15  0.00016  5.42217e+00
 16  0.00017  5.40279e+00 | 17  0.00017  5.37726e+00 | 18  0.00018  5.34339e+00
 19  0.00021  5.29899e+00 | 20  0.00018  5.24257e+00 | 21  0.00017  5.17330e+00
 22  0.00017  5.09215e+00 | 23  0.00016  4.99970e+00 | 24  0.00014  4.89536e+00
 25  0.00013  4.77417e+00 | 26  0.00010  4.63115e+00 | 27  0.00007  4.46717e+00
 28  0.00004  4.28899e+00 | 29  0.00038  4.09124e+00 | 30  0.00005  3.89754e+00
 31  0.00020  3.68243e+00 | 32  0.00171  3.59769e+00 | 33  0.00152  3.68186e+00
 34  0.00322  2.62455e+00 | 35  0.00917  2.19812e+00 | 36  0.00804  2.31712e+00
 37 -0.00364  2.77192e+00 | 38 -0.00368  2.30344e+00 | 39 -0.00562  2.04135e+00
 40 -0.00093  1.41833e+00 | 41  0.00186  7.89001e-01 | 42 -0.00137  9.22072e-01
 43 -0.00220  9.90728e-02 | 44  0.03026 -4.19962e+00 | 45  0.00326 -1.33201e+00
 46 -0.00028 -1.13324e+00 | 47 -0.00134 -1.39723e+00 | 48  0.00071 -2.26566e+00
 49 -0.01119 -1.80149e+00 | 50 -0.00346 -2.90262e+00 | 51  0.00146 -3.82289e+00
 52  0.00135 -4.55999e+00 | 53  0.01316 -7.02169e+00 | 54 -0.00656 -3.82181e+00
 55  0.01128 -8.84828e+00 | 56  0.00579 -6.70335e+00 | 57 -0.00576 -4.89605e+00
 58 -0.01382 -4.64902e+00 | 59 -0.01250 -4.71070e+00 | 60  0.00407 -8.11096e+00
 61  0.01104 -1.06173e+01 | 62 -0.00161 -7.38885e+00 | 63 -0.01547 -4.61972e+00
 64 -0.00441 -6.79629e+00 | 65 -0.00094 -7.29571e+00 | 66  0.00619 -8.55276e+00
 67  0.01669 -1.05763e+01 | 68  0.01263 -8.90803e+00 | 69  0.00346 -8.24843e+00
 70  0.01713 -9.06487e+00 | 71 -0.01829 -3.52987e+00 | 72  0.01848 -1.03735e+01
 73 -0.01800 -2.73412e+00 | 74  0.01661 -9.21586e+00 | 75 -0.00097 -4.56101e+00
 76  0.00147 -5.26373e+00 | 77  0.03194 -1.06228e+01 | 78 -0.01916 -6.72556e-01
 79 -0.01600 -9.00691e-01 | 80 -0.01222 -1.74935e+00 | 81 -0.00071 -2.01377e+00
 82 -0.04592  2.41170e+00 | 83 -0.01082  1.89244e-01 | 84  0.06170 -1.00941e+01
 85 -0.05788  3.86681e+00 | 86  0.04074 -2.63492e+00 | 87 -0.00280  2.34950e+00
 88 -0.00970  2.18649e+00 | 89 -0.00605  3.19253e+00 | 90 -0.02325  2.63777e+00
 91 -0.01139  2.39114e+00 | 92 -0.00476  3.34963e+00 | 93  0.00940  2.50685e+00
 94  0.01362  3.48982e+00 | 95 -0.01661  5.24831e+00 | 96 -0.00459  4.62444e+00
 97  0.02511  4.97591e+00 | 98 -0.02393  5.59688e+00 | 99  0.01457  5.74118e+00
100  0.02096  6.19194e+00 |101 -0.05421  6.65330e+00 |102  0.04327  6.28205e+00
103 -0.01311  5.78748e+00 |104 -0.00017  5.52733e+00 |105  0.00016  5.56236e+00
106  0.00364 -2.97903e+01 |107 -0.03938 -1.14647e+01 |108 -0.41207  1.69134e+01
109 -0.27577 -4.27517e-01 |110 -0.24507  8.92731e-01 |
110 variables; iteration 100; function evaluation 144; phase 5
Function value 5.8405339e+02; maximum gradient component mag -1.2185e+01
Var    Value     Gradient |Var    Value     Gradient |Var    Value     Gradient
  1 -0.41698 -8.59378e-01 |  2 -0.40961 -1.21847e+01 |  3 -0.43147 -5.36312e+00
  4 -0.41145 -1.31237e-01 |  5 -0.45084 -1.91886e-01 |  6  0.62087 -1.11336e+01
  7 -0.00001 -1.77477e-02 |  8 -0.00000 -3.68620e-03 |  9 -0.00000 -4.51439e-03
 10 -0.00000 -5.52904e-03 | 11  0.00014  3.45018e-01 | 12  0.00014  3.43691e-01
 13  0.00013  3.41505e-01 | 14  0.00013  3.38339e-01 | 15  0.00013  3.34180e-01
 16  0.00012  3.29164e-01 | 17  0.00012  3.23603e-01 | 18  0.00011  3.17827e-01
 19  0.00014  3.12137e-01 | 20  0.00010  3.06899e-01 | 21  0.00009  3.01733e-01
 22  0.00007  2.95671e-01 | 23  0.00006  2.87488e-01 | 24  0.00003  2.76543e-01
 25  0.00001  2.65123e-01 | 26 -0.00002  2.57320e-01 | 27 -0.00005  2.54372e-01
 28 -0.00007  2.52326e-01 | 29  0.00028  2.48530e-01 | 30 -0.00004  2.49202e-01
 31  0.00011  2.48180e-01 | 32  0.00159  2.32048e-01 | 33  0.00114  1.53930e-01
 34  0.00338  2.03274e-01 | 35  0.00927  1.64133e-01 | 36  0.00784  1.14359e-01
 37 -0.00396  1.01043e-01 | 38 -0.00386  1.53959e-01 | 39 -0.00582  5.58171e-02
 40 -0.00114  2.20760e-02 | 41  0.00175  5.28579e-02 | 42 -0.00171 -4.18239e-03
 43 -0.00223 -1.45509e-02 | 44  0.03021 -2.68284e-01 | 45  0.00329 -8.20730e-02
 46 -0.00050 -1.13135e-01 | 47 -0.00165 -1.65768e-01 | 48  0.00053 -1.67672e-01
 49 -0.01116 -8.89038e-02 | 50 -0.00352 -1.35540e-01 | 51  0.00124 -2.53935e-01
 52  0.00128 -2.61613e-01 | 53  0.01302 -4.35325e-01 | 54 -0.00681 -2.47618e-01
 55  0.01197 -6.15880e-01 | 56  0.00549 -4.36238e-01 | 57 -0.00605 -3.69179e-01
 58 -0.01368 -2.48819e-01 | 59 -0.01261 -3.05597e-01 | 60  0.00404 -4.89520e-01
 61  0.01156 -6.74722e-01 | 62 -0.00140 -3.76784e-01 | 63 -0.01545 -3.03743e-01
 64 -0.00426 -3.99006e-01 | 65 -0.00075 -4.35034e-01 | 66  0.00642 -4.77979e-01
 67  0.01692 -5.97576e-01 | 68  0.01267 -5.54536e-01 | 69  0.00395 -2.85059e-01
 70  0.01711 -5.83480e-01 | 71 -0.01797 -1.42617e-01 | 72  0.01882 -4.90154e-01
 73 -0.01787 -1.50077e-01 | 74  0.01691 -3.42709e-01 | 75 -0.00084 -2.37422e-01
 76  0.00167 -1.68440e-01 | 77  0.03208 -5.05738e-01 | 78 -0.01906 -1.15297e-01
 79 -0.01588 -1.21669e-01 | 80 -0.01209  4.50836e-02 | 81 -0.00060 -1.65425e-01
 82 -0.04585  9.72196e-02 | 83 -0.01074  1.84809e-03 | 84  0.06180 -4.16650e-01
 85 -0.05784  2.44312e-01 | 86  0.04081 -2.40058e-01 | 87 -0.00277 -6.40676e-02
 88 -0.00960  2.10484e-01 | 89 -0.00601  3.38012e-02 | 90 -0.02313  3.56834e-01
 91 -0.01124  3.38016e-01 | 92 -0.00467  2.72192e-01 | 93  0.00953  3.16404e-01
 94  0.01371  2.80817e-01 | 95 -0.01661  1.53327e-01 | 96 -0.00452  3.69161e-01
 97  0.02514  2.07837e-01 | 98 -0.02390  2.69307e-01 | 99  0.01454  1.68012e-01
100  0.02093  2.33988e-01 |101 -0.05448  1.74707e-01 |102  0.04321  3.09419e-01
103 -0.01327  2.81185e-01 |104 -0.00020  3.07506e-01 |105  0.00013  3.39379e-01
106  0.00367 -3.11276e+00 |107 -0.03975 -6.85160e-01 |108 -0.41228  8.75175e-01
109 -0.27578  2.18217e-02 |110 -0.24516 -9.67006e-02 |
110 variables; iteration 120; function evaluation 186; phase 5
Function value 5.8405335e+02; maximum gradient component mag -8.7686e-03
Var    Value     Gradient |Var    Value     Gradient |Var    Value     Gradient
  1 -0.41697 -5.78422e-04 |  2 -0.40959 -8.76864e-03 |  3 -0.43150 -3.99542e-03
  4 -0.41144 -9.40429e-05 |  5 -0.45091 -1.33733e-04 |  6  0.62088 -7.40939e-03
  7 -0.00001 -1.76021e-05 |  8 -0.00000  6.28394e-06 |  9 -0.00000  4.28062e-06
 10 -0.00000  8.34700e-07 | 11  0.00014  2.38081e-04 | 12  0.00014  2.41650e-04
 13  0.00014  2.36787e-04 | 14  0.00013  2.24746e-04 | 15  0.00013  2.13281e-04
 16  0.00013  2.14846e-04 | 17  0.00013  2.33883e-04 | 18  0.00012  2.56512e-04
 19  0.00015  2.55884e-04 | 20  0.00011  2.19226e-04 | 21  0.00010  1.95591e-04
 22  0.00009  1.97442e-04 | 23  0.00007  1.51800e-04 | 24  0.00005  2.39257e-04
 25  0.00003  2.11592e-04 | 26 -0.00001  1.70283e-04 | 27 -0.00004  1.79768e-04
 28 -0.00006  2.25554e-04 | 29  0.00028  1.77518e-04 | 30 -0.00004  1.46634e-04
 31  0.00010  1.63020e-04 | 32  0.00158  1.40675e-04 | 33  0.00117  1.41171e-04
 34  0.00336  8.16274e-05 | 35  0.00926  8.61998e-05 | 36  0.00785  8.49358e-05
 37 -0.00393  1.24493e-04 | 38 -0.00388  1.14995e-04 | 39 -0.00579  8.80212e-05
 40 -0.00111  5.43865e-05 | 41  0.00173  2.19488e-05 | 42 -0.00169 -2.58448e-05
 43 -0.00223  2.29057e-05 | 44  0.03021 -1.63715e-04 | 45  0.00328 -5.99609e-05
 46 -0.00049 -5.76441e-05 | 47 -0.00162 -4.14863e-05 | 48  0.00052 -9.33997e-05
 49 -0.01117 -2.52710e-05 | 50 -0.00356 -1.54905e-04 | 51  0.00123 -1.63096e-04
 52  0.00126 -1.88217e-04 | 53  0.01300 -2.63504e-04 | 54 -0.00683 -1.69610e-04
 55  0.01204 -3.39099e-04 | 56  0.00547 -3.94974e-04 | 57 -0.00604 -1.78975e-04
 58 -0.01370 -1.84683e-04 | 59 -0.01261 -1.94929e-04 | 60  0.00403 -3.31338e-04
 61  0.01159 -4.31148e-04 | 62 -0.00145 -2.98582e-04 | 63 -0.01545 -1.71789e-04
 64 -0.00426 -2.76485e-04 | 65 -0.00076 -3.12640e-04 | 66  0.00640 -3.65413e-04
 67  0.01689 -4.70608e-04 | 68  0.01266 -3.96004e-04 | 69  0.00391 -3.36045e-04
 70  0.01711 -3.89884e-04 | 71 -0.01798 -1.56760e-04 | 72  0.01880 -4.19406e-04
 73 -0.01788 -1.17555e-04 | 74  0.01689 -3.80896e-04 | 75 -0.00085 -1.95873e-04
 76  0.00165 -1.89644e-04 | 77  0.03207 -4.46098e-04 | 78 -0.01906 -4.06030e-05
 79 -0.01588 -4.92865e-05 | 80 -0.01209 -6.74860e-05 | 81 -0.00060 -7.90578e-05
 82 -0.04585  9.59601e-05 | 83 -0.01074  1.80587e-05 | 84  0.06180 -3.99751e-04
 85 -0.05785  1.49235e-04 | 86  0.04081 -1.12699e-04 | 87 -0.00276  9.05134e-05
 88 -0.00960  8.87706e-05 | 89 -0.00601  1.20734e-04 | 90 -0.02314  1.35816e-04
 91 -0.01126  1.28954e-04 | 92 -0.00468  1.45819e-04 | 93  0.00951  1.29588e-04
 94  0.01371  1.53694e-04 | 95 -0.01660  2.05179e-04 | 96 -0.00452  1.90181e-04
 97  0.02514  1.97175e-04 | 98 -0.02390  2.30040e-04 | 99  0.01455  2.41413e-04
100  0.02094  2.49278e-04 |101 -0.05444  2.62465e-04 |102  0.04322  2.59493e-04
103 -0.01323  2.44278e-04 |104 -0.00017  2.22456e-04 |105  0.00014  2.08157e-04
106  0.00367 -1.34439e-03 |107 -0.03965 -4.92558e-04 |108 -0.41223  7.07092e-04
109 -0.27575 -1.52037e-05 |110 -0.24516  2.62030e-05 |

 - final statistics:
110 variables; iteration 128; function evaluation 197
Function value 5.8405e+02; maximum gradient component mag 1.2205e-05
Exit code = 1;  converg criter 1.0000e-04
Var    Value     Gradient |Var    Value     Gradient |Var    Value     Gradient
  1 -0.41697  9.63033e-07 |  2 -0.40959  1.22051e-05 |  3 -0.43150  5.84332e-06
  4 -0.41144  8.18055e-08 |  5 -0.45091  1.85277e-07 |  6  0.62088  9.91566e-06
  7 -0.00001  3.59764e-06 |  8 -0.00000  3.53729e-06 |  9 -0.00000  1.94883e-06
 10 -0.00000 -1.21517e-07 | 11  0.00014  2.05592e-06 | 12  0.00014  7.90061e-07
 13  0.00014 -2.08437e-06 | 14  0.00013 -2.71865e-06 | 15  0.00013  6.89057e-07
 16  0.00013  3.20540e-06 | 17  0.00013  6.16783e-08 | 18  0.00012 -2.34069e-06
 19  0.00015  1.98602e-06 | 20  0.00011 -5.28725e-06 | 21  0.00010  7.57088e-07
 22  0.00009 -1.53641e-06 | 23  0.00007  1.09525e-07 | 24  0.00005  1.48234e-07
 25  0.00003 -1.51519e-08 | 26 -0.00001  7.92781e-08 | 27 -0.00004  3.47661e-07
 28 -0.00006 -5.90394e-07 | 29  0.00028 -5.30898e-07 | 30 -0.00004 -8.78015e-07
 31  0.00010  3.08054e-07 | 32  0.00158 -1.43833e-08 | 33  0.00117 -2.09278e-07
 34  0.00336 -3.61213e-08 | 35  0.00926 -1.11783e-07 | 36  0.00785 -8.21660e-08
 37 -0.00393 -1.57710e-07 | 38 -0.00388 -5.28782e-08 | 39 -0.00579 -7.54052e-08
 40 -0.00111 -7.92602e-09 | 41  0.00173 -1.38969e-07 | 42 -0.00169 -2.83451e-08
 43 -0.00223 -4.63126e-08 | 44  0.03021  1.09508e-07 | 45  0.00328  2.72568e-09
 46 -0.00049  1.50127e-07 | 47 -0.00162  3.82928e-07 | 48  0.00052 -2.50638e-07
 49 -0.01117 -1.42819e-07 | 50 -0.00356  3.92005e-07 | 51  0.00123  3.30283e-07
 52  0.00126  5.32988e-07 | 53  0.01300  3.71426e-07 | 54 -0.00683  6.04967e-07
 55  0.01204  3.91559e-07 | 56  0.00547  2.62300e-07 | 57 -0.00604  1.36725e-07
 58 -0.01370  4.75585e-07 | 59 -0.01261  4.53214e-07 | 60  0.00403  4.37540e-08
 61  0.01159  5.10835e-07 | 62 -0.00145  2.01146e-07 | 63 -0.01545  1.97718e-07
 64 -0.00426  5.21682e-07 | 65 -0.00076  3.71721e-07 | 66  0.00640  6.80861e-07
 67  0.01689  8.02120e-07 | 68  0.01266  5.36436e-07 | 69  0.00391  4.80169e-07
 70  0.01711  3.84330e-07 | 71 -0.01798  2.34604e-07 | 72  0.01880  2.90790e-07
 73 -0.01788  6.07498e-08 | 74  0.01689  5.87176e-07 | 75 -0.00085  2.51044e-07
 76  0.00165  2.51320e-07 | 77  0.03207  5.89957e-07 | 78 -0.01906  3.85609e-08
 79 -0.01588 -2.65169e-08 | 80 -0.01209  1.19158e-07 | 81 -0.00060  9.31697e-08
 82 -0.04585 -8.14666e-08 | 83 -0.01074 -2.95504e-08 | 84  0.06180  6.29887e-07
 85 -0.05785 -1.34697e-07 | 86  0.04081  1.88336e-07 | 87 -0.00276 -1.70510e-07
 88 -0.00960 -1.21619e-07 | 89 -0.00601 -1.66465e-07 | 90 -0.02314 -6.89245e-08
 91 -0.01126 -1.14818e-07 | 92 -0.00468 -1.59068e-07 | 93  0.00951 -1.18020e-07
 94  0.01371 -1.55493e-07 | 95 -0.01660 -2.46968e-07 | 96 -0.00452 -2.62968e-07
 97  0.02514 -2.65998e-07 | 98 -0.02390 -3.79334e-07 | 99  0.01455 -3.80289e-07
100  0.02094 -3.39406e-07 |101 -0.05444 -4.01242e-07 |102  0.04322 -3.29051e-07
103 -0.01323 -3.54220e-07 |104 -0.00017 -2.35118e-07 |105  0.00014 -1.44936e-06
106  0.00367  1.15094e-06 |107 -0.03965  6.89318e-07 |108 -0.41223 -1.02918e-06
109 -0.27575  4.08541e-08 |110 -0.24516 -1.43828e-07 |

 - final statistics:
111 variables; iteration 0; function evaluation 0
Function value 5.8405e+02; maximum gradient component mag 1.2210e-05
Exit code = 0;  converg criter 1.0000e-04
Var    Value     Gradient |Var    Value     Gradient |Var    Value     Gradient
  1 -0.41697  9.63386e-07 |  2 -0.40959  1.22098e-05 |  3 -0.43150  5.84550e-06
  4 -0.41144  8.18578e-08 |  5 -0.45091  1.85348e-07 |  6  0.62088  9.91968e-06
  7 -0.00001  3.59765e-06 |  8 -0.00000  3.53729e-06 |  9 -0.00000  1.94883e-06
 10 -0.00000 -1.21516e-07 | 11  0.00014  2.05712e-06 | 12  0.00014  7.91264e-07
 13  0.00014 -2.08317e-06 | 14  0.00013 -2.71744e-06 | 15  0.00013  6.90262e-07
 16  0.00013  3.20660e-06 | 17  0.00013  6.28849e-08 | 18  0.00012 -2.33948e-06
 19  0.00015  1.98723e-06 | 20  0.00011 -5.28604e-06 | 21  0.00010  7.58300e-07
 22  0.00009 -1.53520e-06 | 23  0.00007  1.10741e-07 | 24  0.00005  1.49453e-07
 25  0.00003 -1.39293e-08 | 26 -0.00001  8.05040e-08 | 27 -0.00004  3.48891e-07
 28 -0.00006 -5.89161e-07 | 29  0.00028 -5.29660e-07 | 30 -0.00004 -8.76772e-07
 31  0.00010  3.09301e-07 | 32  0.00158 -1.31325e-08 | 33  0.00117 -2.08022e-07
 34  0.00336 -3.48574e-08 | 35  0.00926 -1.10505e-07 | 36  0.00785 -8.08827e-08
 37 -0.00393 -1.56434e-07 | 38 -0.00388 -5.15945e-08 | 39 -0.00579 -7.41166e-08
 40 -0.00111 -6.62235e-09 | 41  0.00173 -1.37652e-07 | 42 -0.00169 -2.70249e-08
 43 -0.00223 -4.49839e-08 | 44  0.03021  1.10936e-07 | 45  0.00328  4.08782e-09
 46 -0.00049  1.51491e-07 | 47 -0.00162  3.84301e-07 | 48  0.00052 -2.49248e-07
 49 -0.01117 -1.41451e-07 | 50 -0.00356  3.93405e-07 | 51  0.00123  3.31709e-07
 52  0.00126  5.34425e-07 | 53  0.01300  3.72923e-07 | 54 -0.00683  6.06393e-07
 55  0.01204  3.93074e-07 | 56  0.00547  2.63794e-07 | 57 -0.00604  1.38178e-07
 58 -0.01370  4.77015e-07 | 59 -0.01261  4.54653e-07 | 60  0.00403  4.52695e-08
 61  0.01159  5.12393e-07 | 62 -0.00145  2.02639e-07 | 63 -0.01545  1.99152e-07
 64 -0.00426  5.23158e-07 | 65 -0.00076  3.73210e-07 | 66  0.00640  6.82378e-07
 67  0.01689  8.03684e-07 | 68  0.01266  5.37969e-07 | 69  0.00391  4.81654e-07
 70  0.01711  3.85872e-07 | 71 -0.01798  2.35998e-07 | 72  0.01880  2.92327e-07
 73 -0.01788  6.21342e-08 | 74  0.01689  5.88682e-07 | 75 -0.00085  2.52466e-07
 76  0.00165  2.52743e-07 | 77  0.03207  5.91499e-07 | 78 -0.01906  3.99082e-08
 79 -0.01588 -2.51679e-08 | 80 -0.01209  1.20507e-07 | 81 -0.00060  9.45371e-08
 82 -0.04585 -8.01956e-08 | 83 -0.01074 -2.82317e-08 | 84  0.06180  6.31401e-07
 85 -0.05785 -1.33457e-07 | 86  0.04081  1.89718e-07 | 87 -0.00276 -1.69222e-07
 88 -0.00960 -1.20348e-07 | 89 -0.00601 -1.65196e-07 | 90 -0.02314 -6.76796e-08
 91 -0.01126 -1.13567e-07 | 92 -0.00468 -1.57822e-07 | 93  0.00951 -1.16769e-07
 94  0.01371 -1.54251e-07 | 95 -0.01660 -2.45745e-07 | 96 -0.00452 -2.61750e-07
 97  0.02514 -2.64773e-07 | 98 -0.02390 -3.78129e-07 | 99  0.01455 -3.79078e-07
100  0.02094 -3.38204e-07 |101 -0.05444 -4.00045e-07 |102  0.04322 -3.27859e-07
103 -0.01323 -3.53019e-07 |104 -0.00017 -2.33916e-07 |105  0.00014 -1.44815e-06
106  0.00000  0.00000e+00 |107  0.00367  1.15171e-06 |108 -0.03965  6.89580e-07
109 -0.41223 -1.02955e-06 |110 -0.27575  4.08611e-08 |111 -0.24516 -1.43834e-07
size of file gradfil1.tmp = 0
size of file gradfil2.tmp = 0
size of file varssave.tmp = 0
size of file cmpdiff.tmp = 0
