
Initial statistics: 1 variables; iteration 0; function evaluation 0; phase 1
Function value 7.7323434e+02; maximum gradient component mag -1.0378e+03
Var    Value     Gradient |Var    Value     Gradient |Var    Value     Gradient
  1  0.63197 -1.03776e+03 |

 - final statistics:
1 variables; iteration 3; function evaluation 4
Function value 7.7309e+02; maximum gradient component mag -1.0991e-01
Exit code = 1;  converg criter 1.0000e+01
Var    Value     Gradient |Var    Value     Gradient |Var    Value     Gradient
  1  0.63225 -1.09914e-01 |

Initial statistics: 98 variables; iteration 0; function evaluation 0; phase 2
Function value 7.7309190e+02; maximum gradient component mag -1.4916e+03
Var    Value     Gradient |Var    Value     Gradient |Var    Value     Gradient
  1  0.63225 -1.09914e-01 |  2  0.00000 -4.93547e+00 |  3  0.00000 -4.99264e+00
  4  0.00000 -5.06213e+00 |  5  0.00000 -5.14647e+00 |  6  0.00000 -5.24868e+00
  7  0.00000 -5.37227e+00 |  8  0.00000 -5.52331e+00 |  9  0.00000 -5.70480e+00
 10  0.00000 -5.92328e+00 | 11  0.00000 -6.18535e+00 | 12  0.00000 -6.49883e+00
 13  0.00000 -6.86880e+00 | 14  0.00000 -7.30788e+00 | 15  0.00000 -8.25531e+00
 16  0.00000 -8.42508e+00 | 17  0.00000 -9.29359e+00 | 18  0.00000 -9.94642e+00
 19  0.00000 -1.14166e+01 | 20  0.00000 -1.19777e+01 | 21  0.00000 -1.50784e+01
 22  0.00000 -1.48922e+01 | 23  0.00000 -1.62688e+01 | 24  0.00000 -1.93226e+01
 25  0.00000 -2.42775e+01 | 26  0.00000 -3.74045e+01 | 27  0.00000 -3.12554e+01
 28  0.00000 -1.75731e+01 | 29  0.00000 -1.65829e+01 | 30  0.00000 -1.92964e+01
 31  0.00000 -3.11616e+01 | 32  0.00000 -4.26428e+01 | 33  0.00000 -3.43267e+01
 34  0.00000 -4.10803e+01 | 35  0.00000 -9.74732e+01 | 36  0.00000 -6.35463e+01
 37  0.00000 -5.97668e+01 | 38  0.00000 -6.56471e+01 | 39  0.00000 -6.73646e+01
 40  0.00000 -5.00863e+01 | 41  0.00000 -8.00341e+01 | 42  0.00000 -8.99566e+01
 43  0.00000 -1.01830e+02 | 44  0.00000 -1.29600e+02 | 45  0.00000 -9.95496e+01
 46  0.00000 -1.35896e+02 | 47  0.00000 -1.39062e+02 | 48  0.00000 -1.20889e+02
 49  0.00000 -1.12330e+02 | 50  0.00000 -1.17992e+02 | 51  0.00000 -1.79014e+02
 52  0.00000 -1.81856e+02 | 53  0.00000 -1.66887e+02 | 54  0.00000 -1.43035e+02
 55  0.00000 -1.62958e+02 | 56  0.00000 -1.84525e+02 | 57  0.00000 -1.78209e+02
 58  0.00000 -2.45850e+02 | 59  0.00000 -2.84579e+02 | 60  0.00000 -2.64780e+02
 61  0.00000 -2.85095e+02 | 62  0.00000 -1.18881e+02 | 63  0.00000 -2.97002e+02
 64  0.00000 -1.34592e+02 | 65  0.00000 -5.08600e+02 | 66  0.00000 -4.94757e+02
 67  0.00000 -3.19997e+02 | 68  0.00000 -5.13915e+02 | 69  0.00000  7.38924e+02
 70  0.00000  4.02989e+02 | 71  0.00000  2.07371e+02 | 72  0.00000  9.80875e+00
 73  0.00000  9.65832e+02 | 74  0.00000  3.71819e+02 | 75  0.00000 -1.49160e+03
 76  0.00000  4.94933e+02 | 77  0.00000 -4.22218e+02 | 78  0.00000  4.31531e+02
 79  0.00000  6.78920e+02 | 80  0.00000  3.37050e+02 | 81  0.00000  8.72671e+02
 82  0.00000  7.17490e+02 | 83  0.00000  4.65920e+02 | 84  0.00000  2.52400e+02
 85  0.00000  2.38907e+02 | 86  0.00000  5.74154e+02 | 87  0.00000  4.50172e+02
 88  0.00000  4.68033e+01 | 89  0.00000  7.40281e+02 | 90  0.00000  2.89017e+02
 91  0.00000 -3.03209e+02 | 92  0.00000  5.10263e+02 | 93  0.00000 -8.67172e+02
 94  0.00000 -1.32786e+01 | 95  0.00000 -4.30051e+00 | 96  0.00000 -4.67459e+00
 97 -0.03546  2.01062e+01 | 98 -0.31026  2.04857e+01 |

Intermediate statistics: 98 variables; iteration 20; function evaluation 34; phase 2
Function value 5.8238309e+02; maximum gradient component mag 2.7450e+03
Var    Value     Gradient |Var    Value     Gradient |Var    Value     Gradient
  1  0.62007  2.74501e+03 |  2 -0.00284 -7.67015e+01 |  3 -0.00285 -7.66881e+01
  4 -0.00286 -7.66718e+01 |  5 -0.00287 -7.66520e+01 |  6 -0.00288 -7.66280e+01
  7 -0.00289 -7.65989e+01 |  8 -0.00291 -7.65632e+01 |  9 -0.00293 -7.65202e+01
 10 -0.00296 -7.64682e+01 | 11 -0.00299 -7.64056e+01 | 12 -0.00302 -7.63303e+01
 13 -0.00306 -7.62410e+01 | 14 -0.00311 -7.61342e+01 | 15 -0.00281 -7.58810e+01
 16 -0.00323 -7.58595e+01 | 17 -0.00316 -7.56366e+01 | 18 -0.00335 -7.54788e+01
 19 -0.00298 -7.50935e+01 | 20 -0.00345 -7.49681e+01 | 21 -0.00199 -7.41568e+01
 22 -0.00332 -7.42678e+01 | 23 -0.00291 -7.39804e+01 | 24 -0.00206 -7.33639e+01
 25  0.00006 -7.23118e+01 | 26  0.00966 -6.81267e+01 | 27  0.00172 -7.07530e+01
 28 -0.00851 -7.23033e+01 | 29 -0.01018 -7.15521e+01 | 30 -0.00990 -7.04647e+01
 31 -0.00494 -6.85445e+01 | 32  0.00025 -6.60294e+01 | 33 -0.00777 -6.68473e+01
 34 -0.00688 -6.54502e+01 | 35  0.01977 -5.96631e+01 | 36  0.00113 -6.04686e+01
 37 -0.00471 -6.01397e+01 | 38 -0.00391 -5.80787e+01 | 39 -0.00604 -5.65859e+01
 40 -0.01610 -5.64423e+01 | 41 -0.00517 -5.18030e+01 | 42 -0.00391 -4.91762e+01
 43 -0.00282 -4.67664e+01 | 44  0.00659 -4.26581e+01 | 45 -0.00976 -4.31194e+01
 46  0.00598 -3.59810e+01 | 47  0.00342 -3.32964e+01 | 48 -0.00819 -3.24248e+01
 49 -0.01400 -3.02842e+01 | 50 -0.01393 -2.63538e+01 | 51  0.00927 -1.77426e+01
 52  0.00834 -1.39241e+01 | 53 -0.00049 -1.07133e+01 | 54 -0.01044 -7.28780e+00
 55 -0.00367  1.86335e+00 | 56  0.00464  9.75686e+00 | 57  0.00092  1.61009e+01
 58  0.02094  3.24660e+01 | 59  0.02520  3.53753e+01 | 60  0.01739  3.90897e+01
 61  0.02265  4.82885e+01 | 62 -0.00752  6.25468e+01 | 63  0.02368  7.44711e+01
 64 -0.00402  7.67843e+01 | 65  0.03254  3.90857e+01 | 66  0.02704  4.16441e+01
 67  0.01220  7.03751e+01 | 68  0.02152  4.94143e+01 | 69 -0.01915  2.82585e+02
 70 -0.01151  2.14393e+02 | 71 -0.00018  1.82518e+02 | 72  0.00780  1.50974e+02
 73 -0.02241  3.43070e+02 | 74 -0.00309  2.10162e+02 | 75  0.04161 -3.30160e+02
 76 -0.01370  2.21915e+02 | 77  0.02150 -3.83617e+01 | 78 -0.00813  1.92848e+02
 79 -0.00743  2.83872e+02 | 80  0.00067  1.81447e+02 | 81 -0.01289  3.07422e+02
 82 -0.01283  2.47982e+02 | 83 -0.00237  1.86491e+02 | 84  0.00512  1.42649e+02
 85  0.00391  1.15126e+02 | 86 -0.01060  1.78786e+02 | 87 -0.00594  1.15159e+02
 88  0.00932  2.45037e+01 | 89 -0.01860  1.60167e+02 | 90 -0.00153  5.89073e+01
 91  0.01568 -1.60232e+02 | 92 -0.03509  3.98158e+01 | 93  0.03728 -3.32722e+02
 94  0.00605 -7.45575e+01 | 95 -0.00299 -7.68037e+01 | 96 -0.00281 -7.67625e+01
 97 -0.02538  1.85472e+02 | 98 -0.31046  2.67761e+01 |
98 variables; iteration 40; function evaluation 62; phase 2
Function value 5.5766930e+02; maximum gradient component mag 2.7039e+03
Var    Value     Gradient |Var    Value     Gradient |Var    Value     Gradient
  1  0.62179  2.70385e+03 |  2  0.00039 -7.11772e+01 |  3  0.00034 -7.12130e+01
  4  0.00028 -7.12558e+01 |  5  0.00020 -7.13063e+01 |  6  0.00012 -7.13656e+01
  7  0.00001 -7.14345e+01 |  8 -0.00011 -7.15101e+01 |  9 -0.00025 -7.15958e+01
 10 -0.00041 -7.16889e+01 | 11 -0.00060 -7.17863e+01 | 12 -0.00080 -7.18827e+01
 13 -0.00103 -7.19736e+01 | 14 -0.00128 -7.20425e+01 | 15 -0.00101 -7.16827e+01
 16 -0.00178 -7.20509e+01 | 17 -0.00184 -7.18175e+01 | 18 -0.00221 -7.17141e+01
 19 -0.00184 -7.10643e+01 | 20 -0.00241 -7.08380e+01 | 21 -0.00088 -6.95308e+01
 22 -0.00221 -6.93495e+01 | 23 -0.00196 -6.91189e+01 | 24 -0.00143 -6.85863e+01
 25 -0.00010 -6.82078e+01 | 26  0.01087 -6.05842e+01 | 27  0.00148 -6.55712e+01
 28 -0.00209 -5.50114e+01 | 29 -0.00456 -5.48710e+01 | 30 -0.00519 -5.45872e+01
 31 -0.00031 -5.15230e+01 | 32  0.00192 -5.27399e+01 | 33 -0.00325 -4.82327e+01
 34 -0.00376 -4.86773e+01 | 35  0.01584 -5.28331e+01 | 36  0.00092 -4.63397e+01
 37 -0.00407 -4.42477e+01 | 38 -0.00233 -3.82415e+01 | 39 -0.00277 -3.17918e+01
 40 -0.00925 -2.30948e+01 | 41 -0.00140 -2.15139e+01 | 42  0.00045 -1.50773e+01
 43  0.00162 -1.02603e+01 | 44  0.00899 -4.85401e+00 | 45 -0.00414 -1.93192e+00
 46  0.00932  1.03467e+01 | 47  0.00717  1.52675e+01 | 48 -0.00235  1.74482e+01
 49 -0.00706  2.19609e+01 | 50 -0.00549  3.34627e+01 | 51  0.00879  3.32487e+01
 52  0.00707  3.80720e+01 | 53  0.00317  5.34310e+01 | 54 -0.00231  6.82637e+01
 55 -0.00189  6.01686e+01 | 56  0.00177  6.41460e+01 | 57  0.00014  7.76811e+01
 58  0.01792  1.05284e+02 | 59  0.01738  8.39999e+01 | 60  0.01352  9.77267e+01
 61  0.01847  1.14117e+02 | 62 -0.00892  1.17184e+02 | 63  0.01898  1.33591e+02
 64 -0.00884  1.11191e+02 | 65  0.03158  1.45574e+02 | 66  0.02710  1.53877e+02
 67  0.01099  1.42588e+02 | 68  0.02428  2.05740e+02 | 69 -0.03467  3.95143e+01
 70 -0.01949  1.03182e+02 | 71 -0.00529  8.06550e+01 | 72  0.00604  1.07145e+02
 73 -0.03907  5.26513e+01 | 74 -0.00781  8.56118e+01 | 75  0.05872  3.82600e+02
 76 -0.02649  5.56093e+01 | 77  0.02989  1.55293e+02 | 78 -0.01406  7.99410e+01
 79 -0.01792  3.16822e+00 | 80 -0.00263  5.20023e+01 | 81 -0.02465  7.46320e+00
 82 -0.02299  2.23046e+01 | 83 -0.00856 -1.74378e+01 | 84  0.00275  1.03614e+01
 85  0.00074 -2.55165e+01 | 86 -0.02183 -4.27707e+01 | 87 -0.01209 -4.42592e+01
 88  0.00843 -6.65019e+01 | 89 -0.03198 -7.46227e+01 | 90 -0.00515 -6.15533e+01
 91  0.02322 -2.74744e+01 | 92 -0.05365 -9.06686e+01 | 93  0.05252 -3.09649e+01
 94  0.00558 -7.59470e+01 | 95  0.00014 -7.15143e+01 | 96  0.00063 -7.10046e+01
 97 -0.02647  1.53159e+02 | 98 -0.31455  8.16448e+00 |
98 variables; iteration 60; function evaluation 91; phase 2
Function value 5.5418750e+02; maximum gradient component mag 3.5754e+02
Var    Value     Gradient |Var    Value     Gradient |Var    Value     Gradient
  1  0.62311  3.57540e+02 |  2  0.00007 -9.46483e+00 |  3  0.00002 -9.54576e+00
  4 -0.00005 -9.64066e+00 |  5 -0.00012 -9.75090e+00 |  6 -0.00021 -9.87728e+00
  7 -0.00031 -1.00198e+01 |  8 -0.00041 -1.01728e+01 |  9 -0.00052 -1.03375e+01
 10 -0.00064 -1.05054e+01 | 11 -0.00075 -1.06658e+01 | 12 -0.00085 -1.08033e+01
 13 -0.00093 -1.08998e+01 | 14 -0.00096 -1.09251e+01 | 15 -0.00058 -1.07324e+01
 16 -0.00083 -1.06510e+01 | 17 -0.00052 -1.03075e+01 | 18 -0.00031 -9.80816e+00
 19  0.00032 -9.34544e+00 | 20  0.00054 -8.49719e+00 | 21  0.00162 -8.73580e+00
 22  0.00147 -7.41304e+00 | 23  0.00137 -8.18908e+00 | 24  0.00087 -1.03101e+01
 25  0.00191 -1.17395e+01 | 26  0.00866 -1.32610e+01 | 27  0.00234 -1.37363e+01
 28 -0.00529 -1.07576e+01 | 29 -0.00189 -1.59824e+00 | 30 -0.00223 -2.36468e+00
 31 -0.00182 -9.95762e+00 | 32  0.00300 -9.86881e+00 | 33 -0.00058 -3.15274e+00
 34 -0.00081 -4.84916e+00 | 35  0.02432 -1.00153e+01 | 36  0.00658 -5.54357e+00
 37  0.00333 -1.10320e+00 | 38 -0.00005 -7.89074e+00 | 39 -0.00007 -3.98594e+00
 40 -0.00739  3.25045e+00 | 41  0.00110 -1.88573e+00 | 42  0.00300 -2.96130e-01
 43  0.00384 -8.49491e-01 | 44  0.01280 -4.29328e+00 | 45 -0.00338  1.02336e+00
 46  0.01153 -1.11625e+00 | 47  0.00927  2.08684e+00 | 48 -0.00279  6.11489e+00
 49 -0.00799  1.01278e+01 | 50 -0.01089  4.59338e+00 | 51  0.01021 -2.99842e+00
 52  0.00874  1.04651e+00 | 53  0.00162  1.23358e+01 | 54 -0.00808  2.11186e+01
 55 -0.00489  1.41752e+01 | 56  0.00104  1.57668e+01 | 57 -0.00385  2.18792e+01
 58  0.01511  1.32435e+01 | 59  0.01972  6.40807e+00 | 60  0.01435  2.18323e+01
 61  0.01827  1.68782e+01 | 62 -0.02386  2.24140e+01 | 63  0.01681  1.38761e+01
 64 -0.01789  2.32105e+01 | 65  0.03316  1.60172e+01 | 66  0.02670  1.67581e+01
 67  0.00972  3.36909e+01 | 68  0.02156  1.45541e+01 | 69 -0.03535  1.67231e+01
 70 -0.02303  1.84862e+01 | 71 -0.00541  2.30245e+01 | 72  0.00584  1.77399e+01
 73 -0.04174  1.01211e+01 | 74 -0.00812  2.25256e+01 | 75  0.05627  1.19807e+01
 76 -0.02883  7.99503e+00 | 77  0.02944  1.39313e+01 | 78 -0.01780  1.00564e+00
 79 -0.01646  1.61735e+01 | 80 -0.00467 -2.01092e+01 | 81 -0.02532 -2.20737e-01
 82 -0.02472 -8.06074e-01 | 83 -0.00808 -5.76728e-01 | 84  0.00261 -3.42225e+00
 85  0.00119 -1.75919e+00 | 86 -0.02202 -1.48441e+01 | 87 -0.01241 -5.88661e+00
 88  0.00967 -3.27165e+00 | 89 -0.03184 -1.01406e+01 | 90 -0.00584 -6.07804e+00
 91  0.02034 -7.52894e+00 | 92 -0.05085 -9.13157e+00 | 93  0.04836 -1.16274e+01
 94  0.00539 -1.31168e+01 | 95 -0.00024 -9.71178e+00 | 96  0.00034 -9.06300e+00
 97 -0.02518  1.73075e+01 | 98 -0.31214  7.02414e+00 |
Maximum number of function evaluations exceeded

 - final statistics:
98 variables; iteration 66; function evaluation 100
Function value 5.5394e+02; maximum gradient component mag 3.1477e+02
Exit code = 3;  converg criter 1.0000e+01
Var    Value     Gradient |Var    Value     Gradient |Var    Value     Gradient
  1  0.62328  3.14772e+02 |  2  0.00026 -8.05966e+00 |  3  0.00022 -8.11828e+00
  4  0.00017 -8.18777e+00 |  5  0.00012 -8.26960e+00 |  6  0.00005 -8.36505e+00
  7 -0.00003 -8.47511e+00 |  8 -0.00011 -8.59666e+00 |  9 -0.00021 -8.73237e+00
 10 -0.00031 -8.87791e+00 | 11 -0.00042 -9.02761e+00 | 12 -0.00053 -9.17199e+00
 13 -0.00063 -9.30157e+00 | 14 -0.00070 -9.39132e+00 | 15 -0.00036 -9.27041e+00
 16 -0.00072 -9.35210e+00 | 17 -0.00049 -9.14430e+00 | 18 -0.00040 -8.82736e+00
 19  0.00021 -8.41770e+00 | 20  0.00031 -7.75933e+00 | 21  0.00156 -7.76342e+00
 22  0.00113 -6.87471e+00 | 23  0.00099 -7.66418e+00 | 24  0.00120 -8.68640e+00
 25  0.00193 -1.04799e+01 | 26  0.00910 -1.13623e+01 | 27  0.00462 -9.31834e+00
 28 -0.00413 -7.82953e+00 | 29 -0.00292 -2.39987e+00 | 30 -0.00361 -3.91431e+00
 31 -0.00169 -8.92622e+00 | 32  0.00291 -9.28064e+00 | 33 -0.00013 -1.64554e+00
 34 -0.00095 -4.29653e+00 | 35  0.02522 -7.80290e+00 | 36  0.00616 -5.53490e+00
 37  0.00292 -1.16061e+00 | 38  0.00098 -5.32000e+00 | 39  0.00179  2.56002e-01
 40 -0.00813  2.21652e+00 | 41  0.00027 -3.11715e+00 | 42  0.00248 -9.33693e-01
 43  0.00413  1.79849e-01 | 44  0.01463 -5.42470e-01 | 45 -0.00351  8.44047e-01
 46  0.01190 -4.11102e-01 | 47  0.00979  2.95316e+00 | 48 -0.00342  4.96209e+00
 49 -0.00914  7.64684e+00 | 50 -0.01119  3.92422e+00 | 51  0.01186 -3.04791e-01
 52  0.01029  3.40621e+00 | 53  0.00007  8.79039e+00 | 54 -0.00936  1.77599e+01
 55 -0.00587  1.09719e+01 | 56  0.00189  1.66849e+01 | 57 -0.00678  1.46987e+01
 58  0.01519  1.21343e+01 | 59  0.02073  8.40208e+00 | 60  0.01381  1.83652e+01
 61  0.01837  1.52398e+01 | 62 -0.02554  1.67011e+01 | 63  0.01700  1.28248e+01
 64 -0.01903  1.79303e+01 | 65  0.03348  1.69406e+01 | 66  0.02685  1.64111e+01
 67  0.00921  2.62668e+01 | 68  0.02157  1.29697e+01 | 69 -0.03571  1.21353e+01
 70 -0.02342  1.29614e+01 | 71 -0.00568  1.75564e+01 | 72  0.00574  1.43871e+01
 73 -0.04209  6.15114e+00 | 74 -0.00845  1.67877e+01 | 75  0.05633  1.24053e+01
 76 -0.02900  6.39418e+00 | 77  0.02936  1.16667e+01 | 78 -0.01781  1.01990e+00
 79 -0.01686  1.06163e+01 | 80 -0.00421 -1.18275e+01 | 81 -0.02545 -7.26917e-01
 82 -0.02480 -8.93244e-01 | 83 -0.00816 -2.72813e-01 | 84  0.00259 -2.48626e+00
 85  0.00110 -1.40811e+00 | 86 -0.02179 -1.05273e+01 | 87 -0.01247 -4.84387e+00
 88  0.00960 -2.64461e+00 | 89 -0.03189 -8.67710e+00 | 90 -0.00596 -5.79694e+00
 91  0.02021 -7.36188e+00 | 92 -0.05084 -7.75574e+00 | 93  0.04827 -1.03611e+01
 94  0.00586 -1.09677e+01 | 95  0.00004 -8.17166e+00 | 96  0.00046 -7.77586e+00
 97 -0.02488  1.66209e+01 | 98 -0.31275  5.40627e+00 |

Initial statistics: 100 variables; iteration 0; function evaluation 0; phase 3
Function value 5.5393973e+02; maximum gradient component mag 3.1443e+02
Var    Value     Gradient |Var    Value     Gradient |Var    Value     Gradient
  1  0.62328  3.14432e+02 |  2  0.00026 -8.00664e+00 |  3  0.00022 -8.06652e+00
  4  0.00017 -8.13754e+00 |  5  0.00012 -8.22121e+00 |  6  0.00005 -8.31887e+00
  7 -0.00003 -8.43154e+00 |  8 -0.00011 -8.55610e+00 |  9 -0.00021 -8.69532e+00
 10 -0.00031 -8.84488e+00 | 11 -0.00042 -8.99906e+00 | 12 -0.00053 -9.14828e+00
 13 -0.00063 -9.28302e+00 | 14 -0.00070 -9.37772e+00 | 15 -0.00036 -9.25266e+00
 16 -0.00072 -9.34574e+00 | 17 -0.00049 -9.13609e+00 | 18 -0.00040 -8.81924e+00
 19  0.00021 -8.39869e+00 | 20  0.00031 -7.73743e+00 | 21  0.00156 -7.72333e+00
 22  0.00113 -6.84562e+00 | 23  0.00100 -7.66056e+00 | 24  0.00120 -8.68491e+00
 25  0.00193 -1.05428e+01 | 26  0.00910 -1.14184e+01 | 27  0.00462 -9.17730e+00
 28 -0.00413 -7.76661e+00 | 29 -0.00292 -2.46973e+00 | 30 -0.00361 -3.91780e+00
 31 -0.00169 -8.88951e+00 | 32  0.00291 -9.19310e+00 | 33 -0.00013 -1.59686e+00
 34 -0.00095 -4.28863e+00 | 35  0.02522 -7.77516e+00 | 36  0.00616 -5.49936e+00
 37  0.00292 -1.07322e+00 | 38  0.00098 -5.29728e+00 | 39  0.00179  1.47202e-01
 40 -0.00813  2.11164e+00 | 41  0.00027 -3.00291e+00 | 42  0.00248 -8.67780e-01
 43  0.00413  1.80177e-01 | 44  0.01463 -5.66411e-01 | 45 -0.00351  1.00086e+00
 46  0.01190 -3.81748e-01 | 47  0.00979  3.03464e+00 | 48 -0.00342  4.93739e+00
 49 -0.00914  7.64898e+00 | 50 -0.01119  3.93846e+00 | 51  0.01186 -2.79226e-01
 52  0.01029  3.39045e+00 | 53  0.00007  8.87383e+00 | 54 -0.00936  1.77248e+01
 55 -0.00587  1.09604e+01 | 56  0.00189  1.67364e+01 | 57 -0.00678  1.46440e+01
 58  0.01519  1.21566e+01 | 59  0.02073  8.44447e+00 | 60  0.01381  1.83595e+01
 61  0.01837  1.52505e+01 | 62 -0.02554  1.66742e+01 | 63  0.01700  1.28406e+01
 64 -0.01903  1.79003e+01 | 65  0.03348  1.69596e+01 | 66  0.02685  1.64184e+01
 67  0.00922  2.62330e+01 | 68  0.02157  1.29774e+01 | 69 -0.03571  1.21212e+01
 70 -0.02342  1.29357e+01 | 71 -0.00568  1.75301e+01 | 72  0.00574  1.43700e+01
 73 -0.04209  6.14693e+00 | 74 -0.00845  1.67608e+01 | 75  0.05633  1.24276e+01
 76 -0.02900  6.39803e+00 | 77  0.02936  1.16713e+01 | 78 -0.01781  1.03574e+00
 79 -0.01686  1.05983e+01 | 80 -0.00421 -1.17605e+01 | 81 -0.02545 -7.06365e-01
 82 -0.02480 -8.71898e-01 | 83 -0.00816 -2.57040e-01 | 84  0.00259 -2.45393e+00
 85  0.00110 -1.38876e+00 | 86 -0.02179 -1.04821e+01 | 87 -0.01247 -4.81489e+00
 88  0.00960 -2.62282e+00 | 89 -0.03189 -8.64218e+00 | 90 -0.00596 -5.77686e+00
 91  0.02021 -7.34582e+00 | 92 -0.05084 -7.72688e+00 | 93  0.04827 -1.03435e+01
 94  0.00586 -1.09397e+01 | 95  0.00004 -8.12213e+00 | 96  0.00046 -7.71695e+00
 97 -0.02488  1.66241e+01 | 98 -0.41581 -5.74896e+01 | 99 -0.31275  5.38812e+00
100 -0.25275  3.22457e+01 |

Intermediate statistics: 100 variables; iteration 20; function evaluation 23; phase 3
Function value 5.5343765e+02; maximum gradient component mag 1.7342e+02
Var    Value     Gradient |Var    Value     Gradient |Var    Value     Gradient
  1  0.62314  1.73421e+02 |  2  0.00020 -5.01821e+00 |  3  0.00016 -5.06985e+00
  4  0.00012 -5.13115e+00 |  5  0.00008 -5.20345e+00 |  6  0.00002 -5.28795e+00
  7 -0.00004 -5.38565e+00 |  8 -0.00011 -5.49405e+00 |  9 -0.00019 -5.61565e+00
 10 -0.00028 -5.74702e+00 | 11 -0.00037 -5.88364e+00 | 12 -0.00045 -6.01780e+00
 13 -0.00053 -6.14186e+00 | 14 -0.00059 -6.23491e+00 | 15 -0.00026 -6.14874e+00
 16 -0.00060 -6.24518e+00 | 17 -0.00039 -6.09452e+00 | 18 -0.00032 -5.85785e+00
 19  0.00025 -5.53992e+00 | 20  0.00029 -5.02349e+00 | 21  0.00155 -5.05103e+00
 22  0.00104 -4.35366e+00 | 23  0.00101 -5.03934e+00 | 24  0.00135 -5.92244e+00
 25  0.00230 -7.53576e+00 | 26  0.00958 -8.42769e+00 | 27  0.00492 -6.48760e+00
 28 -0.00404 -5.40677e+00 | 29 -0.00357 -1.54143e+00 | 30 -0.00383 -2.61244e+00
 31 -0.00139 -6.58531e+00 | 32  0.00327 -7.14374e+00 | 33 -0.00069 -1.15410e+00
 34 -0.00116 -3.41418e+00 | 35  0.02645 -6.14736e+00 | 36  0.00637 -4.47440e+00
 37  0.00265 -1.10436e+00 | 38  0.00122 -4.80438e+00 | 39  0.00137 -8.29217e-01
 40 -0.00881  2.73644e-01 | 41  0.00043 -3.39973e+00 | 42  0.00246 -2.20268e+00
 43  0.00416 -1.47738e+00 | 44  0.01509 -2.80006e+00 | 45 -0.00318 -9.68038e-01
 46  0.01242 -3.05106e+00 | 47  0.00997 -6.32559e-01 | 48 -0.00387  9.53675e-01
 49 -0.01025  2.39305e+00 | 50 -0.01113  2.64904e-01 | 51  0.01323 -3.90634e+00
 52  0.01111 -1.76968e+00 | 53 -0.00031  2.48717e+00 | 54 -0.01193  7.24598e+00
 55 -0.00654  2.71142e+00 | 56  0.00031  6.23056e+00 | 57 -0.00825  5.32230e+00
 58  0.01561  3.25206e+00 | 59  0.02249  2.89267e+00 | 60  0.01327  5.02192e+00
 61  0.01894  4.65370e+00 | 62 -0.02805  4.72446e+00 | 63  0.01843  6.39035e+00
 64 -0.02177  1.18628e+00 | 65  0.03367 -2.15648e+00 | 66  0.02697  1.78253e+00
 67  0.00987  2.14016e+01 | 68  0.02226  1.29126e+01 | 69 -0.03572  1.43536e+01
 70 -0.02275  1.40284e+01 | 71 -0.00700 -1.00911e+01 | 72  0.00552 -4.32710e+00
 73 -0.04219  1.06053e+01 | 74 -0.00758  1.85354e+01 | 75  0.05492 -5.75866e+01
 76 -0.02878  2.34276e+00 | 77  0.03012  4.25036e+01 | 78 -0.01738  4.02455e+00
 79 -0.01687  1.92863e+01 | 80 -0.00398 -1.15064e+01 | 81 -0.02566  6.04775e+00
 82 -0.02431  3.98772e+00 | 83 -0.00828  1.10131e+01 | 84  0.00342  1.19905e+01
 85  0.00123  1.65358e+01 | 86 -0.02149 -5.11175e+00 | 87 -0.01290  1.18010e+00
 88  0.01038  1.35529e+01 | 89 -0.03243 -4.15029e+00 | 90 -0.00508  6.27398e+00
 91  0.01968 -2.80638e+00 | 92 -0.05053 -3.40466e+00 | 93  0.04718 -1.09218e+01
 94  0.00715 -5.18369e+00 | 95 -0.00007 -5.10309e+00 | 96  0.00036 -4.76892e+00
 97 -0.01457 -8.89204e-01 | 98 -0.40977 -1.00678e+01 | 99 -0.34003 -1.40758e+01
100 -0.26380  4.56677e+01 |
100 variables; iteration 40; function evaluation 50; phase 3
Function value 5.5306701e+02; maximum gradient component mag 1.1159e+02
Var    Value     Gradient |Var    Value     Gradient |Var    Value     Gradient
  1  0.62286  1.11590e+02 |  2  0.00005 -3.10982e+00 |  3  0.00004 -3.12732e+00
  4  0.00002 -3.14800e+00 |  5  0.00001 -3.17223e+00 |  6 -0.00001 -3.20033e+00
  7 -0.00003 -3.23247e+00 |  8 -0.00006 -3.26731e+00 |  9 -0.00008 -3.30562e+00
 10 -0.00011 -3.34562e+00 | 11 -0.00013 -3.38508e+00 | 12 -0.00016 -3.42036e+00
 13 -0.00018 -3.44782e+00 | 14 -0.00018 -3.45834e+00 | 15  0.00014 -3.38935e+00
 16 -0.00014 -3.39228e+00 | 17  0.00004 -3.28580e+00 | 18  0.00004 -3.13749e+00
 19  0.00053 -2.94209e+00 | 20  0.00043 -2.64855e+00 | 21  0.00176 -2.54401e+00
 22  0.00110 -2.06401e+00 | 23  0.00143 -2.18164e+00 | 24  0.00229 -2.24725e+00
 25  0.00372 -3.09521e+00 | 26  0.01076 -4.26812e+00 | 27  0.00699 -1.00354e+00
 28 -0.00345 -2.23610e+00 | 29 -0.00562 -2.97044e+00 | 30 -0.00496 -2.76004e+00
 31  0.00007 -2.12935e+00 | 32  0.00498 -2.30975e+00 | 33 -0.00248 -1.99627e+00
 34 -0.00180 -2.43730e+00 | 35  0.02799 -1.97091e+00 | 36  0.00678 -1.75156e+00
 37  0.00169 -5.26865e-01 | 38  0.00205 -1.55254e+00 | 39 -0.00011 -1.46102e+00
 40 -0.01001 -6.90041e-01 | 41  0.00103 -5.91422e-01 | 42  0.00240 -5.16720e-01
 43  0.00377 -2.43439e-01 | 44  0.01568 -9.01063e-03 | 45 -0.00326 -1.28995e-01
 46  0.01266 -1.10580e+00 | 47  0.01085  2.24672e+00 | 48 -0.00518  1.29812e-01
 49 -0.01160  1.25083e+00 | 50 -0.01144  5.30880e-01 | 51  0.01639  2.83707e+00
 52  0.01301  2.77732e+00 | 53 -0.00132  1.96437e+00 | 54 -0.01348  5.08498e+00
 55 -0.00697  1.62796e+00 | 56 -0.00057  5.04462e+00 | 57 -0.00940  3.82726e+00
 58  0.01567  3.41715e+00 | 59  0.02162  5.40826e-01 | 60  0.01422  8.36876e+00
 61  0.02021  9.40407e+00 | 62 -0.03082 -2.06866e+00 | 63  0.01872  6.53395e+00
 64 -0.02212  1.28952e+00 | 65  0.03463  5.63611e+00 | 66  0.02715  3.58846e+00
 67  0.00872  5.36459e+00 | 68  0.02208  6.69640e+00 | 69 -0.03649  4.99799e+00
 70 -0.02307  8.94162e+00 | 71 -0.00659  6.79447e-01 | 72  0.00573 -2.89450e+00
 73 -0.04311 -1.26582e+00 | 74 -0.00804  8.26756e+00 | 75  0.05622 -4.91214e+00
 76 -0.02917 -3.82437e-01 | 77  0.02927  1.19652e+01 | 78 -0.01735  1.44276e+00
 79 -0.01804 -1.71232e+00 | 80 -0.00308  5.12097e-01 | 81 -0.02562  6.78406e+00
 82 -0.02456 -8.21144e-01 | 83 -0.00870  2.15888e-01 | 84  0.00319  2.98629e+00
 85  0.00063  1.81760e+00 | 86 -0.02097 -2.43601e-01 | 87 -0.01293  1.99881e+00
 88  0.00981 -3.87978e-01 | 89 -0.03281 -7.52671e+00 | 90 -0.00549 -6.48182e-01
 91  0.01979  3.55442e+00 | 92 -0.05008 -2.30462e-01 | 93  0.04738 -3.46487e+00
 94  0.00801 -3.28707e+00 | 95 -0.00025 -3.18238e+00 | 96  0.00010 -3.02443e+00
 97 -0.00428  2.77792e+00 | 98 -0.40532 -4.22466e+00 | 99 -0.34944  3.26538e-02
100 -0.27073  1.58499e+00 |
100 variables; iteration 60; function evaluation 82; phase 3
Function value 5.5302624e+02; maximum gradient component mag 4.2232e+00
Var    Value     Gradient |Var    Value     Gradient |Var    Value     Gradient
  1  0.62275  4.22317e+00 |  2  0.00010 -9.18275e-02 |  3  0.00010 -9.32118e-02
  4  0.00010 -9.48543e-02 |  5  0.00010 -9.67909e-02 |  6  0.00010 -9.90540e-02
  7  0.00010 -1.01670e-01 |  8  0.00010 -1.04547e-01 |  9  0.00010 -1.07774e-01
 10  0.00010 -1.11242e-01 | 11  0.00010 -1.14825e-01 | 12  0.00011 -1.18296e-01
 13  0.00011 -1.21488e-01 | 14  0.00012 -1.23759e-01 | 15  0.00041 -1.21145e-01
 16  0.00013 -1.23214e-01 | 17  0.00026 -1.18460e-01 | 18  0.00019 -1.11057e-01
 19  0.00058 -1.01096e-01 | 20  0.00031 -8.59330e-02 | 21  0.00160 -8.40342e-02
 22  0.00065 -7.04456e-02 | 23  0.00105 -8.78347e-02 | 24  0.00197 -1.03078e-01
 25  0.00401 -9.84832e-02 | 26  0.01195 -1.54308e-01 | 27  0.00595 -6.39952e-02
 28 -0.00367 -1.64532e-01 | 29 -0.00530 -2.83820e-02 | 30 -0.00470 -5.22488e-02
 31  0.00003 -4.01647e-02 | 32  0.00512 -8.56564e-02 | 33 -0.00260 -1.71917e-01
 34 -0.00152 -2.57690e-02 | 35  0.02851 -7.26973e-02 | 36  0.00694 -3.50563e-02
 37  0.00110  2.85129e-02 | 38  0.00218 -3.83126e-02 | 39  0.00001 -7.56129e-02
 40 -0.01025 -3.75907e-03 | 41  0.00094 -1.87212e-02 | 42  0.00236 -5.49107e-02
 43  0.00371  7.62656e-03 | 44  0.01596  4.09182e-02 | 45 -0.00321  2.24154e-02
 46  0.01418  4.23583e-02 | 47  0.00994  4.49082e-02 | 48 -0.00502 -4.87587e-03
 49 -0.01208  1.93950e-02 | 50 -0.01139 -8.88836e-02 | 51  0.01643  9.57662e-02
 52  0.01305  9.33191e-02 | 53 -0.00127  1.26959e-01 | 54 -0.01530  1.65316e-01
 55 -0.00674  1.06626e-01 | 56 -0.00167  1.57551e-01 | 57 -0.01027  1.32017e-01
 58  0.01600  1.23834e-01 | 59  0.02308  1.10167e-01 | 60  0.01331  1.74743e-01
 61  0.01958  2.81207e-01 | 62 -0.02971  3.99108e-03 | 63  0.01866  2.23297e-01
 64 -0.02201  9.08364e-02 | 65  0.03494  2.83852e-01 | 66  0.02747  2.30111e-01
 67  0.00868  2.16972e-01 | 68  0.02210  2.74278e-01 | 69 -0.03675  1.02032e-01
 70 -0.02361  1.49359e-01 | 71 -0.00653  6.78104e-02 | 72  0.00611  7.55049e-02
 73 -0.04298 -3.97858e-02 | 74 -0.00847  1.74922e-01 | 75  0.05657  2.50433e-01
 76 -0.02912  2.49082e-02 | 77  0.02908  3.01776e-01 | 78 -0.01738  3.76004e-02
 79 -0.01792 -1.89778e-02 | 80 -0.00302  4.44904e-02 | 81 -0.02599  7.10090e-02
 82 -0.02446  9.03661e-03 | 83 -0.00869 -4.43140e-03 | 84  0.00309  4.50545e-02
 85  0.00056 -2.77086e-03 | 86 -0.02101  9.06209e-03 | 87 -0.01309 -2.96458e-02
 88  0.00979 -5.49004e-02 | 89 -0.03250 -2.01695e-01 | 90 -0.00570 -6.99354e-02
 91  0.01946 -3.86000e-02 | 92 -0.05068 -5.88188e-03 | 93  0.04717 -1.35693e-01
 94  0.00815 -1.31650e-01 | 95 -0.00016 -9.95569e-02 | 96  0.00010 -8.51390e-02
 97 -0.00207  1.73617e-01 | 98 -0.40458 -1.67026e-01 | 99 -0.35069  1.92499e-02
100 -0.27132  1.66675e-03 |

 - final statistics:
100 variables; iteration 67; function evaluation 96
Function value 5.5303e+02; maximum gradient component mag 9.3714e-01
Exit code = 1;  converg criter 1.0000e+00
Var    Value     Gradient |Var    Value     Gradient |Var    Value     Gradient
  1  0.62274  9.37135e-01 |  2  0.00009 -2.05004e-02 |  3  0.00009 -2.07730e-02
  4  0.00009 -2.10969e-02 |  5  0.00009 -2.14795e-02 |  6  0.00009 -2.19275e-02
  7  0.00009 -2.24468e-02 |  8  0.00010 -2.30191e-02 |  9  0.00010 -2.36643e-02
 10  0.00010 -2.43626e-02 | 11  0.00011 -2.50907e-02 | 12  0.00011 -2.58074e-02
 13  0.00012 -2.64759e-02 | 14  0.00012 -2.69779e-02 | 15  0.00041 -2.65173e-02
 16  0.00014 -2.70261e-02 | 17  0.00027 -2.61846e-02 | 18  0.00019 -2.48224e-02
 19  0.00057 -2.29071e-02 | 20  0.00030 -1.96439e-02 | 21  0.00159 -1.90932e-02
 22  0.00064 -1.39355e-02 | 23  0.00105 -1.75021e-02 | 24  0.00197 -2.77813e-02
 25  0.00401 -2.20148e-02 | 26  0.01199 -2.88201e-02 | 27  0.00594 -1.45376e-02
 28 -0.00364 -2.99851e-02 | 29 -0.00533 -1.29375e-02 | 30 -0.00471 -1.44896e-02
 31  0.00000 -1.29071e-02 | 32  0.00512 -1.95771e-02 | 33 -0.00255 -3.20345e-02
 34 -0.00154 -7.94666e-03 | 35  0.02853 -2.01693e-02 | 36  0.00694 -1.13980e-02
 37  0.00105 -4.31739e-03 | 38  0.00218 -7.67278e-03 | 39  0.00003 -1.03077e-02
 40 -0.01027 -3.98291e-03 | 41  0.00094 -3.97638e-04 | 42  0.00238 -7.21879e-03
 43  0.00370 -1.06434e-03 | 44  0.01595  1.63869e-03 | 45 -0.00322  2.30881e-03
 46  0.01418  7.87400e-03 | 47  0.00995  1.05278e-02 | 48 -0.00500  3.61736e-03
 49 -0.01208 -4.47448e-04 | 50 -0.01135 -1.49354e-02 | 51  0.01644  3.06539e-02
 52  0.01305  6.38578e-03 | 53 -0.00128  4.14928e-02 | 54 -0.01535  2.99247e-02
 55 -0.00675  2.32304e-02 | 56 -0.00169  3.36820e-02 | 57 -0.01029  2.91160e-02
 58  0.01602  3.05536e-02 | 59  0.02311  3.02594e-02 | 60  0.01332  4.02216e-02
 61  0.01957  5.93122e-02 | 62 -0.02969  5.52022e-03 | 63  0.01867  4.94265e-02
 64 -0.02201  2.12602e-02 | 65  0.03494  6.68741e-02 | 66  0.02748  5.58280e-02
 67  0.00869  4.87065e-02 | 68  0.02211  6.14420e-02 | 69 -0.03675  1.78467e-02
 70 -0.02361  2.78165e-02 | 71 -0.00652  1.82908e-02 | 72  0.00611  2.37098e-02
 73 -0.04297 -5.80788e-03 | 74 -0.00847  3.35301e-02 | 75  0.05658  7.39338e-02
 76 -0.02912  7.24440e-03 | 77  0.02908  6.06349e-02 | 78 -0.01737  8.56258e-03
 79 -0.01791 -9.44346e-04 | 80 -0.00302  1.07695e-02 | 81 -0.02599  9.79370e-03
 82 -0.02445  1.71169e-03 | 83 -0.00868 -4.19020e-04 | 84  0.00309  8.12825e-03
 85  0.00056 -1.73970e-03 | 86 -0.02101 -2.04496e-03 | 87 -0.01309 -9.42582e-03
 88  0.00979 -1.26966e-02 | 89 -0.03250 -3.77176e-02 | 90 -0.00570 -1.78244e-02
 91  0.01946 -1.44585e-02 | 92 -0.05070 -7.52693e-03 | 93  0.04717 -2.99925e-02
 94  0.00816 -2.04779e-02 | 95 -0.00017 -2.24432e-02 | 96  0.00009 -1.91893e-02
 97 -0.00205  4.40160e-02 | 98 -0.40458 -4.72852e-02 | 99 -0.35070  5.17405e-03
100 -0.27133 -2.60713e-03 |

Initial statistics: 107 variables; iteration 0; function evaluation 0; phase 4
Function value 5.5302621e+02; maximum gradient component mag -1.2258e+02
Var    Value     Gradient |Var    Value     Gradient |Var    Value     Gradient
  1 -0.42263 -9.29789e+01 |  2 -0.42263 -1.12852e+02 |  3 -0.41094 -1.22578e+02
  4  0.62274  9.37135e-01 |  5  0.00000 -1.68771e-02 |  6  0.00000 -3.73164e-03
  7  0.00000 -4.54366e-03 |  8  0.00000 -5.51450e-03 |  9  0.00009 -2.03264e-02
 10  0.00009 -2.05989e-02 | 11  0.00009 -2.09229e-02 | 12  0.00009 -2.13054e-02
 13  0.00009 -2.17535e-02 | 14  0.00009 -2.22728e-02 | 15  0.00010 -2.28451e-02
 16  0.00010 -2.34903e-02 | 17  0.00010 -2.41885e-02 | 18  0.00011 -2.49167e-02
 19  0.00011 -2.56334e-02 | 20  0.00012 -2.63019e-02 | 21  0.00012 -2.68039e-02
 22  0.00041 -2.63433e-02 | 23  0.00014 -2.68521e-02 | 24  0.00027 -2.60106e-02
 25  0.00019 -2.46484e-02 | 26  0.00057 -2.27330e-02 | 27  0.00030 -1.94699e-02
 28  0.00159 -1.89192e-02 | 29  0.00064 -1.37615e-02 | 30  0.00105 -1.73281e-02
 31  0.00197 -2.76073e-02 | 32  0.00401 -2.18408e-02 | 33  0.01199 -2.86462e-02
 34  0.00594 -1.43636e-02 | 35 -0.00364 -2.98110e-02 | 36 -0.00533 -1.27635e-02
 37 -0.00471 -1.43156e-02 | 38  0.00000 -1.27331e-02 | 39  0.00512 -1.94031e-02
 40 -0.00255 -3.18605e-02 | 41 -0.00154 -7.77265e-03 | 42  0.02853 -1.99955e-02
 43  0.00694 -1.12240e-02 | 44  0.00105 -4.14338e-03 | 45  0.00218 -7.49877e-03
 46  0.00003 -1.01337e-02 | 47 -0.01027 -3.80892e-03 | 48  0.00094 -2.23625e-04
 49  0.00238 -7.04478e-03 | 50  0.00370 -8.90328e-04 | 51  0.01595  1.81265e-03
 52 -0.00322  2.48282e-03 | 53  0.01418  8.04797e-03 | 54  0.00995  1.07018e-02
 55 -0.00500  3.79137e-03 | 56 -0.01208 -2.73467e-04 | 57 -0.01135 -1.47614e-02
 58  0.01644  3.08278e-02 | 59  0.01305  6.55975e-03 | 60 -0.00128  4.16669e-02
 61 -0.01535  3.00986e-02 | 62 -0.00675  2.34044e-02 | 63 -0.00169  3.38560e-02
 64 -0.01029  2.92900e-02 | 65  0.01602  3.07276e-02 | 66  0.02311  3.04333e-02
 67  0.01332  4.03956e-02 | 68  0.01957  5.94861e-02 | 69 -0.02969  5.69405e-03
 70  0.01867  4.96004e-02 | 71 -0.02201  2.14341e-02 | 72  0.03494  6.70479e-02
 73  0.02748  5.60018e-02 | 74  0.00869  4.88805e-02 | 75  0.02211  6.16159e-02
 76 -0.03675  1.80204e-02 | 77 -0.02361  2.79904e-02 | 78 -0.00652  1.84648e-02
 79  0.00611  2.38838e-02 | 80 -0.04297 -5.63427e-03 | 81 -0.00847  3.37041e-02
 82  0.05658  7.41071e-02 | 83 -0.02912  7.41823e-03 | 84  0.02908  6.08087e-02
 85 -0.01737  8.73653e-03 | 86 -0.01791 -7.70403e-04 | 87 -0.00302  1.09435e-02
 88 -0.02599  9.96757e-03 | 89 -0.02445  1.88557e-03 | 90 -0.00868 -2.45024e-04
 91  0.00309  8.30226e-03 | 92  0.00056 -1.56569e-03 | 93 -0.02101 -1.87105e-03
 94 -0.01309 -9.25184e-03 | 95  0.00979 -1.25226e-02 | 96 -0.03250 -3.75438e-02
 97 -0.00570 -1.76504e-02 | 98  0.01946 -1.42846e-02 | 99 -0.05070 -7.35347e-03
100  0.04717 -2.98190e-02 |101  0.00816 -2.03039e-02 |102 -0.00017 -2.22692e-02
103  0.00009 -1.90153e-02 |104 -0.00205  4.40160e-02 |105 -0.40458 -4.72851e-02
106 -0.35070  5.17405e-03 |107 -0.27133 -2.60713e-03 |

Intermediate statistics: 107 variables; iteration 20; function evaluation 24; phase 4
Function value 5.5283654e+02; maximum gradient component mag -1.3233e+02
Var    Value     Gradient |Var    Value     Gradient |Var    Value     Gradient
  1 -0.42249 -1.80777e+01 |  2 -0.42534 -1.32332e+02 |  3 -0.40495 -4.96643e+01
  4  0.62316 -4.59803e+01 |  5 -0.00000 -5.52823e-02 |  6 -0.00000 -1.22301e-02
  7 -0.00000 -1.49215e-02 |  8 -0.00000 -1.81866e-02 |  9  0.00008  8.65424e-01
 10  0.00008  8.61780e-01 | 11  0.00008  8.57347e-01 | 12  0.00008  8.51956e-01
 13  0.00008  8.45408e-01 | 14  0.00008  8.37465e-01 | 15  0.00008  8.28013e-01
 16  0.00008  8.16548e-01 | 17  0.00009  8.02784e-01 | 18  0.00009  7.86311e-01
 19  0.00010  7.66713e-01 | 20  0.00010  7.44129e-01 | 21  0.00011  7.17568e-01
 22  0.00040  6.86850e-01 | 23  0.00013  6.52148e-01 | 24  0.00025  6.12908e-01
 25  0.00017  5.71001e-01 | 26  0.00056  5.23683e-01 | 27  0.00028  4.79332e-01
 28  0.00158  4.20732e-01 | 29  0.00063  3.82553e-01 | 30  0.00104  3.66573e-01
 31  0.00197  3.19195e-01 | 32  0.00404  3.39950e-01 | 33  0.01205  3.15834e-01
 34  0.00594  1.09408e-02 | 35 -0.00362 -5.08879e-02 | 36 -0.00530  1.10008e-01
 37 -0.00477 -1.15612e-01 | 38  0.00004 -1.57060e-01 | 39  0.00518 -4.70399e-01
 40 -0.00250 -5.54582e-01 | 41 -0.00147 -4.16822e-01 | 42  0.02841 -1.57012e+00
 43  0.00704 -8.12052e-01 | 44  0.00112 -1.12375e+00 | 45  0.00230 -1.01195e+00
 46  0.00008 -2.03290e+00 | 47 -0.01035 -1.39806e+00 | 48  0.00100 -1.90954e+00
 49  0.00248 -2.27937e+00 | 50  0.00386 -2.37697e+00 | 51  0.01608 -4.25736e+00
 52 -0.00334 -2.72228e+00 | 53  0.01438 -3.58351e+00 | 54  0.01008 -4.36655e+00
 55 -0.00490 -3.65230e+00 | 56 -0.01198 -3.43794e+00 | 57 -0.01147 -3.65544e+00
 58  0.01659 -5.89587e+00 | 59  0.01325 -6.22879e+00 | 60 -0.00117 -5.41475e+00
 61 -0.01519 -4.39846e+00 | 62 -0.00688 -5.08134e+00 | 63 -0.00162 -5.55319e+00
 64 -0.01021 -4.97374e+00 | 65  0.01596 -8.33450e+00 | 66  0.02314 -9.79072e+00
 67  0.01337 -7.81126e+00 | 68  0.01978 -8.76386e+00 | 69 -0.02981 -3.79845e+00
 70  0.01856 -8.17343e+00 | 71 -0.02215 -4.53954e+00 | 72  0.03416 -1.67761e+01
 73  0.02708 -1.29833e+01 | 74  0.00843 -7.06585e+00 | 75  0.02267  3.47231e+00
 76 -0.03693  9.39949e-01 | 77 -0.02357 -9.62187e-01 | 78 -0.00715  3.48948e-01
 79  0.00691  7.13908e+00 | 80 -0.04327  2.55458e+00 | 81 -0.00820  2.28816e+00
 82  0.05671  2.12515e+01 | 83 -0.02900  2.31981e+00 | 84  0.02901  1.58794e+01
 85 -0.01680  6.33734e+00 | 86 -0.01820  6.54876e+00 | 87 -0.00255  9.79676e+00
 88 -0.02644  3.21310e+00 | 89 -0.02412  4.54440e+00 | 90 -0.00883  8.67528e+00
 91  0.00322  6.48869e+00 | 92  0.00018  3.42815e+00 | 93 -0.02083  3.15977e+00
 94 -0.01344  4.60922e+00 | 95  0.01001  6.91866e+00 | 96 -0.03269  3.30045e+00
 97 -0.00589  9.68856e-01 | 98  0.01896  1.16350e+00 | 99 -0.05022  1.47951e+00
100  0.04612 -1.41854e+00 |101  0.00814  1.15827e+00 |102 -0.00015  9.18118e-01
103  0.00007  8.81978e-01 |104 -0.00633 -2.62347e+00 |105 -0.40608  8.54272e+00
106 -0.37038  1.66398e+00 |107 -0.27930 -3.68643e+00 |
107 variables; iteration 40; function evaluation 50; phase 4
Function value 5.5279803e+02; maximum gradient component mag 1.7357e+01
Var    Value     Gradient |Var    Value     Gradient |Var    Value     Gradient
  1 -0.42233  1.64465e+00 |  2 -0.42482  1.73573e+01 |  3 -0.40541  7.29813e+00
  4  0.62298  1.63256e+01 |  5  0.00003  1.45481e-02 |  6  0.00001  3.22375e-03
  7  0.00001  3.93038e-03 |  8  0.00001  4.78347e-03 |  9  0.00009 -4.69707e-01
 10  0.00009 -4.69020e-01 | 11  0.00009 -4.68186e-01 | 12  0.00009 -4.67172e-01
 13  0.00010 -4.65942e-01 | 14  0.00010 -4.64452e-01 | 15  0.00011 -4.62722e-01
 16  0.00011 -4.60620e-01 | 17  0.00012 -4.58118e-01 | 18  0.00013 -4.55152e-01
 19  0.00014 -4.51673e-01 | 20  0.00015 -4.47797e-01 | 21  0.00016 -4.43339e-01
 22  0.00046 -4.38593e-01 | 23  0.00020 -4.33026e-01 | 24  0.00033 -4.27417e-01
 25  0.00026 -4.22046e-01 | 26  0.00066 -4.16718e-01 | 27  0.00038 -4.13407e-01
 28  0.00168 -4.08939e-01 | 29  0.00072 -4.11255e-01 | 30  0.00113 -4.17239e-01
 31  0.00203 -4.25201e-01 | 32  0.00401 -4.37618e-01 | 33  0.01201 -3.72752e-01
 34  0.00615 -4.06110e-01 | 35 -0.00338 -3.10054e-01 | 36 -0.00530 -4.31253e-01
 37 -0.00468 -3.41661e-01 | 38  0.00003 -4.09993e-01 | 39  0.00528 -3.52911e-01
 40 -0.00230 -2.93266e-01 | 41 -0.00155 -4.12967e-01 | 42  0.02845 -1.04054e-01
 43  0.00697 -2.84141e-01 | 44  0.00127 -2.55248e-01 | 45  0.00197 -4.99523e-01
 46  0.00067 -4.68181e-02 | 47 -0.01030 -2.28614e-01 | 48  0.00095 -2.89045e-01
 49  0.00245 -3.14584e-01 | 50  0.00360 -2.94852e-01 | 51  0.01657 -3.59415e-03
 52 -0.00342 -1.84496e-01 | 53  0.01435  3.90553e-01 | 54  0.01015 -3.84746e-01
 55 -0.00460  3.86865e-02 | 56 -0.01180 -1.40862e-01 | 57 -0.01142 -6.98175e-02
 58  0.01623 -5.42393e-02 | 59  0.01318 -5.58768e-02 | 60 -0.00080  1.96007e-01
 61 -0.01511 -2.69385e-01 | 62 -0.00695 -1.35150e-02 | 63 -0.00167  2.28071e-01
 64 -0.01020  2.42801e-01 | 65  0.01615  8.32232e-01 | 66  0.02301 -4.47083e-01
 67  0.01306 -6.15305e-01 | 68  0.01955 -3.02129e-01 | 69 -0.03003 -8.16119e-01
 70  0.01832  4.57749e-01 | 71 -0.02191  8.06977e-01 | 72  0.03438 -1.03109e+00
 73  0.02731 -3.99136e-03 | 74  0.00865  1.36862e+00 | 75  0.02239  1.23473e+00
 76 -0.03699  8.59475e-01 | 77 -0.02362 -1.16565e+00 | 78 -0.00731 -1.48167e+00
 79  0.00657 -7.27741e-01 | 80 -0.04335  1.74577e+00 | 81 -0.00819  1.44848e+00
 82  0.05629  3.92140e+00 | 83 -0.02877  1.45398e+00 | 84  0.02863  2.28335e+00
 85 -0.01681  1.01117e+00 | 86 -0.01848 -5.64339e-01 | 87 -0.00264  2.65706e+00
 88 -0.02656 -2.74308e-01 | 89 -0.02413 -2.00537e-02 | 90 -0.00916 -6.47513e-01
 91  0.00316  1.38761e-02 | 92  0.00009 -6.89847e-01 | 93 -0.02069  9.06064e-01
 94 -0.01350  2.30508e+00 | 95  0.00994  1.03964e+00 | 96 -0.03289 -7.39057e-01
 97 -0.00562  1.33234e+00 | 98  0.01894 -9.95978e-02 | 99 -0.05011 -4.23905e-01
100  0.04611 -1.73637e-01 |101  0.00816 -1.26437e-01 |102 -0.00017 -4.88783e-01
103  0.00008 -4.72834e-01 |104 -0.00914  8.04628e-01 |105 -0.40747 -1.83922e-01
106 -0.37407 -4.80501e-02 |107 -0.28073  3.18617e-01 |
107 variables; iteration 60; function evaluation 82; phase 4
Function value 5.5279595e+02; maximum gradient component mag 1.4623e+00
Var    Value     Gradient |Var    Value     Gradient |Var    Value     Gradient
  1 -0.42232  1.64478e-01 |  2 -0.42481  1.46231e+00 |  3 -0.40541  6.27976e-01
  4  0.62291  1.28260e+00 |  5  0.00002  6.54179e-03 |  6  0.00000  1.44564e-03
  7  0.00001  1.76246e-03 |  8  0.00001  2.14428e-03 |  9  0.00009 -3.84100e-02
 10  0.00009 -3.81531e-02 | 11  0.00010 -3.78409e-02 | 12  0.00010 -3.74612e-02
 13  0.00010 -3.69999e-02 | 14  0.00010 -3.64399e-02 | 15  0.00011 -3.58042e-02
 16  0.00011 -3.50257e-02 | 17  0.00012 -3.41025e-02 | 18  0.00013 -3.30108e-02
 19  0.00014 -3.17385e-02 | 20  0.00015 -3.03557e-02 | 21  0.00016 -2.87863e-02
 22  0.00046 -2.72272e-02 | 23  0.00019 -2.53358e-02 | 24  0.00033 -2.36392e-02
 25  0.00026 -2.22563e-02 | 26  0.00065 -2.12074e-02 | 27  0.00037 -2.14237e-02
 28  0.00167 -2.17653e-02 | 29  0.00071 -2.58708e-02 | 30  0.00112 -3.18773e-02
 31  0.00202 -3.97540e-02 | 32  0.00406  1.66182e-02 | 33  0.01201  1.23975e-02
 34  0.00611 -1.05294e-01 | 35 -0.00344 -4.71101e-02 | 36 -0.00527 -7.75349e-03
 37 -0.00472 -4.65052e-02 | 38  0.00003 -6.27793e-02 | 39  0.00527 -4.39301e-02
 40 -0.00234 -2.37163e-02 | 41 -0.00150 -6.82493e-03 | 42  0.02832 -7.81700e-02
 43  0.00699 -5.25603e-03 | 44  0.00124 -3.17488e-02 | 45  0.00202 -1.49913e-01
 46  0.00055 -5.09844e-03 | 47 -0.01036 -4.34963e-02 | 48  0.00101  2.51408e-02
 49  0.00251 -3.16546e-02 | 50  0.00362 -9.59097e-02 | 51  0.01650 -3.53852e-02
 52 -0.00343 -3.94415e-02 | 53  0.01401 -3.39328e-02 | 54  0.01037 -7.39659e-02
 55 -0.00473 -7.28615e-02 | 56 -0.01181 -1.93316e-02 | 57 -0.01142  9.82879e-02
 58  0.01635  5.04945e-02 | 59  0.01323 -7.51984e-02 | 60 -0.00091 -7.87798e-03
 61 -0.01498  3.97904e-02 | 62 -0.00694  1.86367e-02 | 63 -0.00170  5.28131e-02
 64 -0.01028  3.38092e-02 | 65  0.01592  3.19110e-02 | 66  0.02327  3.96775e-02
 67  0.01327  1.25767e-01 | 68  0.01967 -1.61513e-02 | 69 -0.02981 -1.26935e-01
 70  0.01831  3.01637e-02 | 71 -0.02206  2.19583e-01 | 72  0.03454 -4.53041e-02
 73  0.02737  2.93954e-02 | 74  0.00859  1.18159e-01 | 75  0.02241  9.88418e-02
 76 -0.03703  7.06703e-02 | 77 -0.02349 -6.90212e-02 | 78 -0.00722 -9.38562e-02
 79  0.00666 -3.26415e-02 | 80 -0.04343  1.19576e-01 | 81 -0.00822  1.23736e-01
 82  0.05628  2.67393e-01 | 83 -0.02885  9.80391e-02 | 84  0.02862  1.57556e-01
 85 -0.01681  1.73043e-02 | 86 -0.01841 -2.97492e-02 | 87 -0.00271  1.71679e-01
 88 -0.02651 -1.52219e-02 | 89 -0.02406  3.96360e-02 | 90 -0.00910 -4.10060e-02
 91  0.00322 -7.21413e-03 | 92  0.00015 -4.39983e-02 | 93 -0.02072  5.23709e-02
 94 -0.01359  1.48230e-01 | 95  0.00992  6.42014e-02 | 96 -0.03286 -4.34850e-02
 97 -0.00573  8.92965e-02 | 98  0.01891 -9.44068e-03 | 99 -0.05011 -1.16804e-02
100  0.04604 -1.76824e-02 |101  0.00799 -2.60027e-02 |102 -0.00015 -4.81556e-02
103  0.00008 -3.95754e-02 |104 -0.00947  6.30903e-02 |105 -0.40766 -2.96647e-02
106 -0.37441 -4.15232e-03 |107 -0.28089  3.07214e-02 |

 - final statistics:
107 variables; iteration 61; function evaluation 84
Function value 5.5280e+02; maximum gradient component mag 6.2790e-01
Exit code = 1;  converg criter 1.0000e+00
Var    Value     Gradient |Var    Value     Gradient |Var    Value     Gradient
  1 -0.42232  7.05869e-02 |  2 -0.42481  6.27898e-01 |  3 -0.40541  2.70102e-01
  4  0.62291  5.50561e-01 |  5  0.00002  8.05934e-04 |  6  0.00000  1.79398e-04
  7  0.00000  2.18630e-04 |  8  0.00001  2.65833e-04 |  9  0.00009 -1.46999e-02
 10  0.00010 -1.46657e-02 | 11  0.00010 -1.46244e-02 | 12  0.00010 -1.45744e-02
 13  0.00010 -1.45139e-02 | 14  0.00010 -1.44410e-02 | 15  0.00011 -1.43571e-02
 16  0.00011 -1.42558e-02 | 17  0.00012 -1.41364e-02 | 18  0.00013 -1.39965e-02
 19  0.00014 -1.38348e-02 | 20  0.00015 -1.36633e-02 | 21  0.00016 -1.34706e-02
 22  0.00045 -1.32826e-02 | 23  0.00019 -1.30611e-02 | 24  0.00032 -1.28710e-02
 25  0.00025 -1.27301e-02 | 26  0.00064 -1.26490e-02 | 27  0.00037 -1.27419e-02
 28  0.00167 -1.29010e-02 | 29  0.00071 -1.35532e-02 | 30  0.00112 -1.44743e-02
 31  0.00203 -1.72058e-02 | 32  0.00404  8.00524e-03 | 33  0.01199  3.71321e-03
 34  0.00614 -4.12893e-02 | 35 -0.00344 -1.71237e-02 | 36 -0.00528  1.08607e-03
 37 -0.00472 -3.28769e-02 | 38  0.00004 -2.73243e-02 | 39  0.00527 -2.43009e-02
 40 -0.00234 -5.52600e-03 | 41 -0.00150  6.32150e-03 | 42  0.02835 -2.52446e-02
 43  0.00696 -2.02906e-02 | 44  0.00124 -1.93300e-02 | 45  0.00207 -6.34513e-02
 46  0.00054  6.75987e-03 | 47 -0.01035 -1.55343e-02 | 48  0.00100  1.81330e-02
 49  0.00251 -7.10645e-03 | 50  0.00365 -3.00752e-02 | 51  0.01651 -1.45075e-02
 52 -0.00342 -6.75075e-03 | 53  0.01402 -1.27355e-02 | 54  0.01039 -2.87682e-02
 55 -0.00471 -3.13347e-02 | 56 -0.01181 -7.12799e-03 | 57 -0.01144  5.24523e-02
 58  0.01634  2.46098e-02 | 59  0.01325 -4.80834e-02 | 60 -0.00092 -9.12514e-03
 61 -0.01500 -1.31122e-04 | 62 -0.00695  5.84447e-03 | 63 -0.00172  2.64665e-02
 64 -0.01028  1.59449e-02 | 65  0.01592  1.59766e-02 | 66  0.02327  1.68003e-02
 67  0.01326  5.34086e-02 | 68  0.01968 -6.69522e-03 | 69 -0.02979 -5.33792e-02
 70  0.01831  1.36678e-02 | 71 -0.02209  9.36078e-02 | 72  0.03455 -1.86841e-02
 73  0.02738  1.31093e-02 | 74  0.00859  5.09927e-02 | 75  0.02241  4.21966e-02
 76 -0.03703  3.04638e-02 | 77 -0.02349 -2.96489e-02 | 78 -0.00721 -4.04476e-02
 79  0.00667 -1.42977e-02 | 80 -0.04344  5.15250e-02 | 81 -0.00822  5.27895e-02
 82  0.05628  1.14543e-01 | 83 -0.02885  4.19837e-02 | 84  0.02862  6.71338e-02
 85 -0.01681  7.36072e-03 | 86 -0.01841 -1.29918e-02 | 87 -0.00271  7.35529e-02
 88 -0.02651 -6.62827e-03 | 89 -0.02406  1.70093e-02 | 90 -0.00910 -1.78141e-02
 91  0.00322 -3.61943e-03 | 92  0.00015 -1.90166e-02 | 93 -0.02072  2.23722e-02
 94 -0.01360  6.37716e-02 | 95  0.00992  2.71302e-02 | 96 -0.03286 -1.86460e-02
 97 -0.00573  3.80297e-02 | 98  0.01891 -4.08520e-03 | 99 -0.05012 -5.72035e-03
100  0.04603 -7.95045e-03 |101  0.00798 -2.58859e-02 |102 -0.00015 -1.61699e-02
103  0.00009 -1.48563e-02 |104 -0.00948  2.56992e-02 |105 -0.40766 -1.31108e-02
106 -0.37443 -3.37833e-04 |107 -0.28090  1.03608e-02 |

Initial statistics: 110 variables; iteration 0; function evaluation 0; phase 5
Function value 5.5279592e+02; maximum gradient component mag 6.6708e+02
Var    Value     Gradient |Var    Value     Gradient |Var    Value     Gradient
  1 -0.42232  7.05869e-02 |  2 -0.42481  6.27898e-01 |  3 -0.40541  2.70102e-01
  4 -0.41222  5.10174e+01 |  5 -0.41222  4.33974e+01 |  6  0.62291  5.50561e-01
  7  0.00002  8.05934e-04 |  8  0.00000  1.79398e-04 |  9  0.00000  2.18630e-04
 10  0.00001  2.65833e-04 | 11  0.00009 -1.41964e-02 | 12  0.00010 -1.41622e-02
 13  0.00010 -1.41209e-02 | 14  0.00010 -1.40709e-02 | 15  0.00010 -1.40104e-02
 16  0.00010 -1.39375e-02 | 17  0.00011 -1.38536e-02 | 18  0.00011 -1.37523e-02
 19  0.00012 -1.36330e-02 | 20  0.00013 -1.34930e-02 | 21  0.00014 -1.33313e-02
 22  0.00015 -1.31598e-02 | 23  0.00016 -1.29671e-02 | 24  0.00045 -1.27791e-02
 25  0.00019 -1.25576e-02 | 26  0.00032 -1.23675e-02 | 27  0.00025 -1.22266e-02
 28  0.00064 -1.21455e-02 | 29  0.00037 -1.22384e-02 | 30  0.00167 -1.23975e-02
 31  0.00071 -1.30497e-02 | 32  0.00112 -1.39708e-02 | 33  0.00203 -1.67023e-02
 34  0.00404  8.50873e-03 | 35  0.01199  4.21661e-03 | 36  0.00614 -4.07859e-02
 37 -0.00344 -1.66202e-02 | 38 -0.00528  1.58954e-03 | 39 -0.00472 -3.23734e-02
 40  0.00004 -2.68208e-02 | 41  0.00527 -2.37974e-02 | 42 -0.00234 -5.02251e-03
 43 -0.00150  6.82499e-03 | 44  0.02835 -2.47416e-02 | 45  0.00696 -1.97871e-02
 46  0.00124 -1.88265e-02 | 47  0.00207 -6.29478e-02 | 48  0.00054  7.26337e-03
 49 -0.01035 -1.50308e-02 | 50  0.00100  1.86365e-02 | 51  0.00251 -6.60296e-03
 52  0.00365 -2.95717e-02 | 53  0.01651 -1.40041e-02 | 54 -0.00342 -6.24726e-03
 55  0.01402 -1.22321e-02 | 56  0.01039 -2.82648e-02 | 57 -0.00471 -3.08312e-02
 58 -0.01181 -6.62458e-03 | 59 -0.01144  5.29557e-02 | 60  0.01634  2.51131e-02
 61  0.01325 -4.75800e-02 | 62 -0.00092 -8.62165e-03 | 63 -0.01500  3.72232e-04
 64 -0.00695  6.34794e-03 | 65 -0.00172  2.69700e-02 | 66 -0.01028  1.64484e-02
 67  0.01592  1.64800e-02 | 68  0.02327  1.73035e-02 | 69  0.01326  5.39120e-02
 70  0.01968 -6.19197e-03 | 71 -0.02979 -5.28762e-02 | 72  0.01831  1.41711e-02
 73 -0.02209  9.41110e-02 | 74  0.03455 -1.81814e-02 | 75  0.02738  1.36123e-02
 76  0.00859  5.14962e-02 | 77  0.02241  4.26998e-02 | 78 -0.03703  3.09665e-02
 79 -0.02349 -2.91457e-02 | 80 -0.00721 -3.99442e-02 | 81  0.00667 -1.37942e-02
 82 -0.04344  5.20273e-02 | 83 -0.00822  5.32930e-02 | 84  0.05628  1.15044e-01
 85 -0.02885  4.24867e-02 | 86  0.02862  6.76368e-02 | 87 -0.01681  7.86404e-03
 88 -0.01841 -1.24885e-02 | 89 -0.00271  7.40564e-02 | 90 -0.02651 -6.12521e-03
 91 -0.02406  1.75125e-02 | 92 -0.00910 -1.73106e-02 | 93  0.00322 -3.11594e-03
 94  0.00015 -1.85131e-02 | 95 -0.02072  2.28754e-02 | 96 -0.01360  6.42750e-02
 97  0.00992  2.76336e-02 | 98 -0.03286 -1.81432e-02 | 99 -0.00573  3.85331e-02
100  0.01891 -3.58193e-03 |101 -0.05012 -5.21841e-03 |102  0.04603 -7.44827e-03
103  0.00798 -2.53824e-02 |104 -0.00015 -1.56664e-02 |105  0.00009 -1.43529e-02
106  0.00000  6.67084e+02 |107 -0.00948  2.56992e-02 |108 -0.40766 -1.31108e-02
109 -0.37443 -3.37833e-04 |110 -0.28090  1.03608e-02 |

Intermediate statistics: 110 variables; iteration 20; function evaluation 23; phase 5
Function value 5.5107100e+02; maximum gradient component mag -2.9747e+02
Var    Value     Gradient |Var    Value     Gradient |Var    Value     Gradient
  1 -0.41598 -2.07732e+00 |  2 -0.42225 -2.97471e+02 |  3 -0.41280 -1.65610e+02
  4 -0.42990 -2.91887e+00 |  5 -0.43436  6.53587e+00 |  6  0.62445 -1.82399e+02
  7  0.00001 -4.33805e-02 |  8  0.00000 -9.59302e-03 |  9  0.00000 -1.17105e-02
 10  0.00000 -1.42912e-02 | 11 -0.00013  2.09217e+00 | 12 -0.00013  2.08827e+00
 13 -0.00013  2.08353e+00 | 14 -0.00013  2.07777e+00 | 15 -0.00013  2.07078e+00
 16 -0.00013  2.06232e+00 | 17 -0.00013  2.05205e+00 | 18 -0.00013  2.03962e+00
 19 -0.00013  2.02464e+00 | 20 -0.00013  2.00663e+00 | 21 -0.00012  1.98503e+00
 22 -0.00012  1.95904e+00 | 23 -0.00012  1.92830e+00 | 24  0.00016  1.89086e+00
 25 -0.00012  1.84897e+00 | 26 -0.00000  1.79805e+00 | 27 -0.00010  1.73933e+00
 28  0.00026  1.66708e+00 | 29 -0.00005  1.58537e+00 | 30  0.00118  1.46800e+00
 31  0.00013  1.33623e+00 | 32  0.00041  1.20045e+00 | 33  0.00117  9.33187e-01
 34  0.00335  7.67321e-01 | 35  0.01230  1.16601e+00 | 36  0.00644  2.45494e+00
 37 -0.00361  2.17261e+00 | 38 -0.00574  9.35800e-01 | 39 -0.00497  1.27770e+00
 40 -0.00033  6.77444e-01 | 41  0.00520  7.09031e-01 | 42 -0.00254  1.34801e+00
 43 -0.00201 -2.14087e-01 | 44  0.02856 -5.73031e-02 | 45  0.00739  1.23280e+00
 46  0.00106  1.75561e+00 | 47  0.00122 -4.36492e-01 | 48  0.00059  1.13097e+00
 49 -0.01062  5.70899e-01 | 50  0.00054 -9.02022e-01 | 51  0.00218 -1.06189e+00
 52  0.00267 -2.00898e+00 | 53  0.01637 -2.45717e+00 | 54 -0.00364 -2.05369e+00
 55  0.01554 -1.64515e+00 | 56  0.01109  8.80537e-02 | 57 -0.00466 -9.69070e-01
 58 -0.01203 -1.63414e+00 | 59 -0.01141 -1.52715e+00 | 60  0.01594 -5.74156e+00
 61  0.01387 -4.20983e+00 | 62 -0.00057 -2.13021e+00 | 63 -0.01475 -1.18706e+00
 64 -0.00684 -3.26094e+00 | 65 -0.00185 -3.62790e+00 | 66 -0.01052 -3.56201e+00
 67  0.01586 -7.81782e+00 | 68  0.02343 -9.34561e+00 | 69  0.01302 -5.95481e+00
 70  0.01963 -8.89852e+00 | 71 -0.02995 -3.26853e+00 | 72  0.01806 -1.21715e+01
 73 -0.02225 -4.20651e+00 | 74  0.03542 -8.37312e+00 | 75  0.02830 -5.97530e+00
 76  0.00961 -1.52823e+00 | 77  0.02378  1.56050e+01 | 78 -0.03649 -8.53205e-01
 79 -0.02255 -1.90352e+00 | 80 -0.00693 -1.37260e+01 | 81  0.00750  3.84245e+00
 82 -0.04393 -1.44691e+01 | 83 -0.00805 -3.49515e+00 | 84  0.05648 -2.92897e+00
 85 -0.03126 -2.82556e+01 | 86  0.02711 -4.61167e+01 | 87 -0.01614  1.77530e+00
 88 -0.01990 -3.21151e+01 | 89 -0.00364 -2.08043e+01 | 90 -0.02827 -3.10014e+01
 91 -0.02391 -9.77347e+00 | 92 -0.00946 -8.34320e+00 | 93  0.00207 -2.98420e+01
 94 -0.00033 -1.28880e+01 | 95 -0.02127 -8.98487e+00 | 96 -0.01322  3.10936e+00
 97  0.01117  7.58558e+00 | 98 -0.03223  5.62998e+00 | 99 -0.00263  2.46702e+01
100  0.02006  2.57086e+00 |101 -0.04883  1.39975e+00 |102  0.04772  1.80571e+00
103  0.00835  4.37431e+00 |104 -0.00038  2.08097e+00 |105 -0.00014  2.10993e+00
106 -0.00201  1.40428e+02 |107 -0.00791 -8.61930e+00 |108 -0.40728  8.31919e+00
109 -0.43727 -2.64324e+01 |110 -0.30918  6.20774e+01 |
110 variables; iteration 40; function evaluation 47; phase 5
Function value 5.5063682e+02; maximum gradient component mag -1.1825e+02
Var    Value     Gradient |Var    Value     Gradient |Var    Value     Gradient
  1 -0.41463 -4.79106e-01 |  2 -0.42184 -1.18246e+02 |  3 -0.41353 -4.86534e+01
  4 -0.42579 -9.62495e-01 |  5 -0.44896 -1.23898e+00 |  6  0.62548 -9.48563e+01
  7  0.00003  9.92614e-04 |  8  0.00001  2.13157e-04 |  9  0.00001  2.60797e-04
 10  0.00001  3.20867e-04 | 11  0.00011  2.20779e+00 | 12  0.00012  2.20785e+00
 13  0.00012  2.20792e+00 | 14  0.00012  2.20801e+00 | 15  0.00013  2.20813e+00
 16  0.00013  2.20828e+00 | 17  0.00014  2.20845e+00 | 18  0.00014  2.20870e+00
 19  0.00015  2.20904e+00 | 20  0.00016  2.20949e+00 | 21  0.00018  2.21009e+00
 22  0.00019  2.21106e+00 | 23  0.00021  2.21225e+00 | 24  0.00051  2.21388e+00
 25  0.00025  2.21597e+00 | 26  0.00039  2.21885e+00 | 27  0.00032  2.22263e+00
 28  0.00072  2.22812e+00 | 29  0.00044  2.23595e+00 | 30  0.00172  2.24891e+00
 31  0.00072  2.26578e+00 | 32  0.00105  2.27194e+00 | 33  0.00190  2.20172e+00
 34  0.00397  1.72673e+00 | 35  0.01287  1.71788e+00 | 36  0.00613  2.13966e+00
 37 -0.00393  1.79759e+00 | 38 -0.00525  1.86043e+00 | 39 -0.00480  1.77659e+00
 40  0.00018  1.74496e+00 | 41  0.00562  1.57626e+00 | 42 -0.00275  1.41788e+00
 43 -0.00108  1.66646e+00 | 44  0.02890  1.36180e+00 | 45  0.00684  1.33541e+00
 46 -0.00036  8.93054e-01 | 47  0.00161  1.49426e+00 | 48 -0.00006  1.21323e+00
 49 -0.01092  1.28481e+00 | 50  0.00076  9.20598e-01 | 51  0.00243  8.55697e-01
 52  0.00328  7.99025e-01 | 53  0.01696  3.85630e-01 | 54 -0.00255  1.15353e+00
 55  0.01475 -5.96854e-01 | 56  0.00927  2.99855e-01 | 57 -0.00492  6.91748e-01
 58 -0.01210  3.60398e-01 | 59 -0.01175  2.93938e-01 | 60  0.01630 -1.21381e+00
 61  0.01454  4.93647e-01 | 62 -0.00135 -2.25345e-01 | 63 -0.01499  9.10314e-01
 64 -0.00678  3.13094e-01 | 65 -0.00209  1.55929e-01 | 66 -0.01042  3.68952e-01
 67  0.01714  7.75079e-01 | 68  0.02392 -2.03445e+00 | 69  0.01246 -3.08788e+00
 70  0.01934 -4.11743e+00 | 71 -0.02928  1.82132e+00 | 72  0.01761 -7.40380e+00
 73 -0.02253 -1.40120e+00 | 74  0.03459 -7.75173e+00 | 75  0.02742 -8.25141e+00
 76  0.00894 -5.47232e+00 | 77  0.02240 -6.73263e+00 | 78 -0.03661  6.49942e-01
 79 -0.02334 -8.96319e+00 | 80 -0.00679 -3.02545e+00 | 81  0.00682 -2.43131e+00
 82 -0.04404 -1.17012e+01 | 83 -0.00890 -7.53518e+00 | 84  0.05564 -8.02569e+00
 85 -0.02975 -9.06665e+00 | 86  0.02766 -9.53931e+00 | 87 -0.01743 -5.66678e+00
 88 -0.01907 -7.39541e+00 | 89 -0.00326  1.35494e-01 | 90 -0.02699 -1.12075e-01
 91 -0.02444 -7.56460e+00 | 92 -0.00961 -9.52991e-01 | 93  0.00255 -7.02651e+00
 94 -0.00043 -4.14013e+00 | 95 -0.02042  9.06562e+00 | 96 -0.01342  2.08222e+00
 97  0.01034 -4.18642e+00 | 98 -0.03288 -4.15451e+00 | 99 -0.00437  3.68975e+00
100  0.01982 -9.94641e-01 |101 -0.04805  3.32384e+00 |102  0.04793  2.08287e+00
103  0.00815  2.03955e+00 |104 -0.00012  2.20739e+00 |105  0.00010  2.20757e+00
106 -0.00254 -1.38638e+01 |107 -0.01016 -5.83884e+00 |108 -0.40786  7.32265e+00
109 -0.44727  2.98039e+00 |110 -0.31829 -5.77877e+00 |
110 variables; iteration 60; function evaluation 76; phase 5
Function value 5.5059935e+02; maximum gradient component mag -1.3090e+01
Var    Value     Gradient |Var    Value     Gradient |Var    Value     Gradient
  1 -0.41524  1.02197e+00 |  2 -0.42188 -1.30895e+01 |  3 -0.41305 -4.90193e+00
  4 -0.42573 -6.10298e-02 |  5 -0.44962 -2.19572e-01 |  6  0.62540 -1.16606e+01
  7  0.00002 -1.06550e-03 |  8  0.00000 -2.30265e-04 |  9  0.00001 -2.81612e-04
 10  0.00001 -3.44524e-04 | 11  0.00008  3.04200e-01 | 12  0.00008  3.04115e-01
 13  0.00008  3.04010e-01 | 14  0.00009  3.03881e-01 | 15  0.00009  3.03722e-01
 16  0.00009  3.03527e-01 | 17  0.00010  3.03297e-01 | 18  0.00010  3.03010e-01
 19  0.00011  3.02658e-01 | 20  0.00012  3.02230e-01 | 21  0.00013  3.01707e-01
 22  0.00014  3.01017e-01 | 23  0.00015  3.00199e-01 | 24  0.00044  2.99172e-01
 25  0.00018  2.97985e-01 | 26  0.00031  2.96500e-01 | 27  0.00023  2.94722e-01
 28  0.00061  2.92492e-01 | 29  0.00032  2.89993e-01 | 30  0.00158  2.86580e-01
 31  0.00055  2.84003e-01 | 32  0.00087  2.86008e-01 | 33  0.00176  3.04062e-01
 34  0.00413  3.06042e-01 | 35  0.01302  2.90311e-01 | 36  0.00604  3.34325e-01
 37 -0.00394  1.43557e-01 | 38 -0.00523  2.91205e-01 | 39 -0.00482  1.80190e-01
 40  0.00016  2.07303e-01 | 41  0.00566  1.82811e-01 | 42 -0.00267  1.07012e-01
 43 -0.00110  2.35758e-01 | 44  0.02871 -3.21173e-02 | 45  0.00686  9.59290e-02
 46 -0.00002  1.63485e-01 | 47  0.00144  1.10068e-01 | 48 -0.00001  1.04215e-01
 49 -0.01091  1.76564e-01 | 50  0.00080  6.62928e-02 | 51  0.00245  4.63713e-02
 52  0.00319 -1.70243e-02 | 53  0.01693 -9.53030e-02 | 54 -0.00293 -1.89477e-01
 55  0.01529 -1.57007e-01 | 56  0.00916 -1.78852e-01 | 57 -0.00505 -5.47653e-02
 58 -0.01197  4.32354e-02 | 59 -0.01174 -1.25629e-01 | 60  0.01664 -2.60448e-01
 61  0.01380 -1.07466e-01 | 62 -0.00135 -2.33710e-01 | 63 -0.01533  1.37757e-02
 64 -0.00712 -2.95207e-01 | 65 -0.00245 -2.54634e-01 | 66 -0.01073 -2.05702e-01
 67  0.01608 -6.00211e-01 | 68  0.02387 -5.17039e-01 | 69  0.01270 -4.28708e-01
 70  0.01969 -3.63033e-01 | 71 -0.03001 -1.52548e-01 | 72  0.01842 -2.32794e-01
 73 -0.02243 -2.62368e-01 | 74  0.03476 -1.06341e+00 | 75  0.02773 -6.97297e-01
 76  0.00915 -4.19955e-01 | 77  0.02255 -6.52966e-01 | 78 -0.03669 -1.29511e-01
 79 -0.02278 -5.21276e-02 | 80 -0.00677 -3.17549e-01 | 81  0.00670 -5.19358e-01
 82 -0.04323  1.25242e-01 | 83 -0.00876 -2.96634e-01 | 84  0.05544 -1.49315e+00
 85 -0.02907 -2.96528e-01 | 86  0.02766 -8.20560e-01 | 87 -0.01719  9.13191e-04
 88 -0.01880 -2.12496e-01 | 89 -0.00352 -2.62479e-01 | 90 -0.02708  5.46922e-02
 91 -0.02398 -8.37466e-02 | 92 -0.00964 -1.02583e-01 | 93  0.00274 -1.83316e-01
 94 -0.00025 -5.38433e-02 | 95 -0.02111 -1.48693e-01 | 96 -0.01344  7.34254e-02
 97  0.01062  8.86402e-02 | 98 -0.03236  1.85738e-01 | 99 -0.00447  1.29538e-01
100  0.02014  2.72925e-01 |101 -0.04809  3.48265e-01 |102  0.04822  3.51267e-01
103  0.00824  3.48254e-01 |104 -0.00016  3.02363e-01 |105  0.00007  3.04579e-01
106 -0.00267 -5.64881e+00 |107 -0.01022 -7.92564e-01 |108 -0.40776  1.15256e+00
109 -0.44886  1.66461e-01 |110 -0.31817 -2.43108e-02 |
110 variables; iteration 80; function evaluation 112; phase 5
Function value 5.5059904e+02; maximum gradient component mag 2.2511e+00
Var    Value     Gradient |Var    Value     Gradient |Var    Value     Gradient
  1 -0.41528  7.69606e-01 |  2 -0.42193  2.25111e+00 |  3 -0.41295  1.05912e+00
  4 -0.42592  4.13950e-02 |  5 -0.44934  2.96991e-02 |  6  0.62544  1.38573e+00
  7  0.00002  1.78918e-03 |  8  0.00000  4.08178e-04 |  9  0.00001  4.97466e-04
 10  0.00001  6.05804e-04 | 11  0.00008 -4.12804e-02 | 12  0.00008 -4.11049e-02
 13  0.00008 -4.08929e-02 | 14  0.00009 -4.06379e-02 | 15  0.00009 -4.03322e-02
 16  0.00009 -3.99673e-02 | 17  0.00010 -3.95101e-02 | 18  0.00010 -3.89752e-02
 19  0.00011 -3.83396e-02 | 20  0.00012 -3.75902e-02 | 21  0.00013 -3.67121e-02
 22  0.00014 -3.57623e-02 | 23  0.00015 -3.46488e-02 | 24  0.00044 -3.33714e-02
 25  0.00018 -3.20365e-02 | 26  0.00031 -3.05811e-02 | 27  0.00024 -2.92084e-02
 28  0.00062 -2.80474e-02 | 29  0.00033 -2.77094e-02 | 30  0.00159 -2.88399e-02
 31  0.00055 -3.23915e-02 | 32  0.00087 -3.50333e-02 | 33  0.00173 -4.64986e-02
 34  0.00409 -5.45330e-02 | 35  0.01300 -2.81368e-02 | 36  0.00600 -2.60534e-02
 37 -0.00389 -6.42661e-02 | 38 -0.00526 -3.25313e-02 | 39 -0.00477 -1.16879e-02
 40  0.00017 -3.27825e-02 | 41  0.00568 -1.85826e-02 | 42 -0.00258  9.79454e-03
 43 -0.00113 -3.54823e-02 | 44  0.02879  8.37044e-03 | 45  0.00688 -2.83608e-02
 46 -0.00004 -5.21510e-02 | 47  0.00144 -4.40858e-02 | 48  0.00002 -5.54750e-03
 49 -0.01090  2.20985e-02 | 50  0.00081 -3.73892e-03 | 51  0.00247  1.59199e-02
 52  0.00321 -1.80147e-02 | 53  0.01696  2.35852e-02 | 54 -0.00283  7.68602e-03
 55  0.01530  2.71626e-02 | 56  0.00922  3.18795e-02 | 57 -0.00504  1.11171e-02
 58 -0.01200  2.40404e-03 | 59 -0.01171 -2.41598e-02 | 60  0.01663  2.36353e-02
 61  0.01367  2.97853e-02 | 62 -0.00132  1.20308e-02 | 63 -0.01539  2.38223e-02
 64 -0.00708  2.40997e-02 | 65 -0.00245  3.16352e-02 | 66 -0.01074 -7.53161e-03
 67  0.01612  5.52570e-02 | 68  0.02384  7.83054e-02 | 69  0.01269  6.63007e-02
 70  0.01964  8.56615e-02 | 71 -0.02999  1.26552e-02 | 72  0.01835  1.02498e-01
 73 -0.02241  1.77448e-02 | 74  0.03476  1.04597e-01 | 75  0.02771  1.08621e-01
 76  0.00913  7.41105e-02 | 77  0.02254  1.08280e-01 | 78 -0.03670 -1.36823e-02
 79 -0.02279  3.52554e-02 | 80 -0.00679  1.40469e-02 | 81  0.00670  6.93205e-02
 82 -0.04326  1.72764e-02 | 83 -0.00877  5.66940e-02 | 84  0.05543  1.34927e-01
 85 -0.02905  2.71763e-02 | 86  0.02765  5.31552e-02 | 87 -0.01721  5.15936e-02
 88 -0.01881  5.82415e-03 | 89 -0.00353  4.77606e-02 | 90 -0.02710 -2.84798e-03
 91 -0.02399  1.36665e-02 | 92 -0.00966 -9.02623e-03 | 93  0.00274  3.29256e-02
 94 -0.00027 -1.96275e-02 | 95 -0.02110 -1.11722e-02 | 96 -0.01345 -3.38491e-02
 97  0.01061  9.12175e-03 | 98 -0.03237 -4.62613e-02 | 99 -0.00446 -7.93679e-03
100  0.02013 -7.67850e-02 |101 -0.04809 -1.20673e-02 |102  0.04822 -9.56608e-02
103  0.00823 -1.58281e-02 |104 -0.00016 -4.39582e-02 |105  0.00007 -4.20987e-02
106 -0.00268  2.87658e-01 |107 -0.01029  9.88976e-02 |108 -0.40779 -1.27776e-01
109 -0.45025 -2.53466e-02 |110 -0.31875  1.89651e-01 |
110 variables; iteration 100; function evaluation 149; phase 5
Function value 5.5059901e+02; maximum gradient component mag 1.5631e-01
Var    Value     Gradient |Var    Value     Gradient |Var    Value     Gradient
  1 -0.41529  5.38885e-03 |  2 -0.42194  1.56308e-01 |  3 -0.41291  6.24677e-02
  4 -0.42601  1.34525e-03 |  5 -0.44925  2.60175e-03 |  6  0.62544  1.27409e-01
  7  0.00002  1.83429e-05 |  8  0.00000  6.60051e-06 |  9  0.00001  7.84392e-06
 10  0.00001  9.24856e-06 | 11  0.00008 -3.50271e-03 | 12  0.00008 -3.49793e-03
 13  0.00009 -3.49260e-03 | 14  0.00009 -3.48682e-03 | 15  0.00009 -3.48076e-03
 16  0.00009 -3.47474e-03 | 17  0.00010 -3.46877e-03 | 18  0.00010 -3.46480e-03
 19  0.00011 -3.46404e-03 | 20  0.00012 -3.46864e-03 | 21  0.00013 -3.48156e-03
 22  0.00014 -3.49758e-03 | 23  0.00015 -3.52467e-03 | 24  0.00044 -3.55998e-03
 25  0.00018 -3.59517e-03 | 26  0.00031 -3.61576e-03 | 27  0.00023 -3.57750e-03
 28  0.00061 -3.38446e-03 | 29  0.00032 -2.95406e-03 | 30  0.00158 -2.48699e-03
 31  0.00055 -3.57904e-03 | 32  0.00087 -3.51059e-03 | 33  0.00174 -3.57921e-03
 34  0.00411 -2.43983e-03 | 35  0.01299 -2.87911e-03 | 36  0.00600 -2.67559e-03
 37 -0.00387 -9.27620e-04 | 38 -0.00526 -3.12862e-03 | 39 -0.00478 -2.69485e-03
 40  0.00017 -1.86221e-03 | 41  0.00567 -2.24519e-03 | 42 -0.00260 -2.90954e-03
 43 -0.00112 -2.31894e-03 | 44  0.02878 -1.12800e-03 | 45  0.00689 -7.70259e-05
 46 -0.00002 -1.60287e-03 | 47  0.00146 -2.57368e-03 | 48  0.00001 -2.12114e-04
 49 -0.01092 -2.17205e-03 | 50  0.00081  1.56855e-04 | 51  0.00245 -1.76910e-03
 52  0.00322  1.13070e-03 | 53  0.01695  5.73495e-04 | 54 -0.00283  3.99789e-04
 55  0.01529  6.83565e-04 | 56  0.00921  6.99002e-04 | 57 -0.00504 -6.48110e-04
 58 -0.01200 -1.86777e-03 | 59 -0.01170  2.08010e-03 | 60  0.01663  3.90749e-03
 61  0.01368  2.63799e-03 | 62 -0.00131  2.82658e-03 | 63 -0.01539 -1.01717e-04
 64 -0.00708  2.46599e-03 | 65 -0.00245  4.21813e-03 | 66 -0.01073  3.89428e-03
 67  0.01612  5.75582e-03 | 68  0.02384  5.76771e-03 | 69  0.01268  4.35163e-03
 70  0.01964  4.64054e-03 | 71 -0.02999  1.40657e-03 | 72  0.01835  4.08910e-03
 73 -0.02241  2.60184e-03 | 74  0.03476  1.15121e-02 | 75  0.02771  8.18062e-03
 76  0.00913  5.37700e-03 | 77  0.02254  7.77669e-03 | 78 -0.03670  1.12076e-03
 79 -0.02279  1.13198e-03 | 80 -0.00679  2.94711e-03 | 81  0.00670  6.03284e-03
 82 -0.04326 -1.00190e-03 | 83 -0.00877  3.89329e-03 | 84  0.05543  1.55750e-02
 85 -0.02905  3.33290e-03 | 86  0.02764  8.04549e-03 | 87 -0.01721  5.37776e-04
 88 -0.01881  1.95152e-03 | 89 -0.00353  3.11324e-03 | 90 -0.02710 -4.10400e-04
 91 -0.02398  1.30713e-03 | 92 -0.00966  7.62314e-04 | 93  0.00274  2.24188e-03
 94 -0.00027  1.61551e-04 | 95 -0.02110  1.23749e-03 | 96 -0.01345 -1.29080e-03
 97  0.01061 -5.54890e-04 | 98 -0.03237 -2.41164e-03 | 99 -0.00446 -8.39773e-04
100  0.02013 -3.68587e-03 |101 -0.04809 -3.15138e-03 |102  0.04822 -4.67765e-03
103  0.00822 -2.84397e-03 |104 -0.00015 -3.03957e-03 |105  0.00008 -3.52956e-03
106 -0.00268  5.17824e-02 |107 -0.01033  8.98524e-03 |108 -0.40780 -1.26381e-02
109 -0.45104 -1.09314e-03 |110 -0.31911  2.07643e-03 |

Initial statistics: 111 variables; iteration 0; function evaluation 0; phase 6
Function value 5.5059901e+02; maximum gradient component mag -3.8883e-03
Var    Value     Gradient |Var    Value     Gradient |Var    Value     Gradient
  1 -0.41529 -7.95409e-04 |  2 -0.42194 -3.88832e-03 |  3 -0.41291 -1.69442e-03
  4 -0.42601 -6.13439e-05 |  5 -0.44925 -5.75969e-05 |  6  0.62544 -2.77308e-03
  7  0.00002 -7.60384e-07 |  8  0.00000  6.20975e-07 |  9  0.00001  6.84250e-07
 10  0.00001  7.27495e-07 | 11  0.00008  5.78316e-05 | 12  0.00008  5.84733e-05
 13  0.00009  5.90854e-05 | 14  0.00009  5.95975e-05 | 15  0.00009  5.99192e-05
 16  0.00009  5.99344e-05 | 17  0.00010  5.93353e-05 | 18  0.00010  5.79217e-05
 19  0.00011  5.53838e-05 | 20  0.00012  5.15121e-05 | 21  0.00013  4.62563e-05
 22  0.00014  4.17089e-05 | 23  0.00015  3.67231e-05 | 24  0.00044  3.33346e-05
 25  0.00018  3.34924e-05 | 26  0.00031  3.87233e-05 | 27  0.00023  4.78129e-05
 28  0.00061  4.91886e-05 | 29  0.00032  3.48970e-05 | 30  0.00158  1.49728e-04
 31  0.00055  1.22812e-04 | 32  0.00087 -4.53217e-05 | 33  0.00174  7.29476e-05
 34  0.00411  1.05027e-04 | 35  0.01299  1.01600e-04 | 36  0.00600  1.21103e-04
 37 -0.00387  1.33261e-04 | 38 -0.00526  1.80739e-04 | 39 -0.00478  7.62027e-06
 40  0.00017  6.37095e-05 | 41  0.00567  5.41553e-05 | 42 -0.00260 -1.85773e-05
 43 -0.00112 -4.86403e-05 | 44  0.02878  7.18277e-05 | 45  0.00689  1.40352e-05
 46 -0.00002 -1.01020e-05 | 47  0.00146  2.44538e-05 | 48  0.00001  5.65952e-05
 49 -0.01092  2.82401e-05 | 50  0.00081  1.48323e-04 | 51  0.00245  4.16121e-06
 52  0.00322  5.30469e-05 | 53  0.01695 -4.28526e-06 | 54 -0.00283 -5.22326e-05
 55  0.01529 -4.32241e-05 | 56  0.00921 -5.54393e-05 | 57 -0.00504 -7.69609e-05
 58 -0.01199 -9.81327e-05 | 59 -0.01170 -3.46551e-05 | 60  0.01663 -8.77730e-05
 61  0.01368 -7.17799e-05 | 62 -0.00131 -4.52474e-05 | 63 -0.01539 -8.04267e-05
 64 -0.00708 -8.63655e-05 | 65 -0.00245  5.87937e-05 | 66 -0.01073  5.16557e-05
 67  0.01612 -1.39241e-04 | 68  0.02384 -1.29955e-04 | 69  0.01268 -1.06209e-04
 70  0.01964 -1.23991e-04 | 71 -0.02999 -2.72116e-05 | 72  0.01835 -1.30187e-04
 73 -0.02241 -4.65544e-05 | 74  0.03476 -2.32229e-04 | 75  0.02771 -1.92268e-04
 76  0.00913 -1.25639e-04 | 77  0.02254 -1.84337e-04 | 78 -0.03670 -1.40964e-06
 79 -0.02279 -4.13208e-05 | 80 -0.00679 -4.50156e-05 | 81  0.00670 -1.31520e-04
 82 -0.04326  3.07398e-06 | 83 -0.00877 -9.60810e-05 | 84  0.05543 -3.04953e-04
 85 -0.02905 -6.17881e-05 | 86  0.02764 -1.44770e-04 | 87 -0.01721 -4.95782e-05
 88 -0.01881 -2.68880e-05 | 89 -0.00353 -7.97889e-05 | 90 -0.02710  1.41351e-05
 91 -0.02398 -2.74792e-05 | 92 -0.00966 -5.48056e-07 | 93  0.00274 -5.82461e-05
 94 -0.00027  1.72532e-05 | 95 -0.02110 -6.65047e-06 | 96 -0.01345  4.59619e-05
 97  0.01061 -3.37323e-06 | 98 -0.03237  7.30640e-05 | 99 -0.00446  2.02940e-05
100  0.02013  1.18681e-04 |101 -0.04809  5.66623e-05 |102  0.04822  1.47896e-04
103  0.00822  1.41949e-04 |104 -0.00015  1.21161e-04 |105  0.00008  5.29592e-05
106  0.00000  0.00000e+00 |107 -0.00268 -8.67880e-04 |108 -0.01033 -1.92255e-04
109 -0.40780  2.62838e-04 |110 -0.45104  7.85711e-05 |111 -0.31911 -2.64431e-04
  ic > imax  in fminim is answer attained ?
Var    Value     Gradient |Var    Value     Gradient |Var    Value     Gradient
  1 -0.41529 -1.62654e-04 |  2 -0.42194  5.30084e-04 |  3 -0.41291  2.92676e-04
  4 -0.42601  1.21452e-05 |  5 -0.44925  3.20101e-06 |  6  0.62544  5.64177e-04
  7  0.00002 -2.56640e-07 |  8  0.00000  3.26708e-07 |  9  0.00001  3.62961e-07
 10  0.00001  3.90683e-07 | 11  0.00008 -2.00120e-05 | 12  0.00008 -1.96901e-05
 13  0.00009 -1.93804e-05 | 14  0.00009 -1.91168e-05 | 15  0.00009 -1.89426e-05
 16  0.00009 -1.89136e-05 | 17  0.00010 -1.91783e-05 | 18  0.00010 -1.98334e-05
 19  0.00011 -2.10282e-05 | 20  0.00012 -2.28633e-05 | 21  0.00013 -2.53615e-05
 22  0.00014 -2.75049e-05 | 23  0.00015 -2.98490e-05 | 24  0.00044 -3.14008e-05
 25  0.00018 -3.12201e-05 | 26  0.00031 -2.85558e-05 | 27  0.00023 -2.40025e-05
 28  0.00061 -2.31629e-05 | 29  0.00032 -2.99013e-05 | 30  0.00158  2.59793e-05
 31  0.00055  1.31669e-05 | 32  0.00087 -6.77381e-05 | 33  0.00174 -1.00561e-05
 34  0.00411  6.11992e-06 | 35  0.01299  5.76803e-06 | 36  0.00600  1.42436e-05
 37 -0.00387  2.18917e-05 | 38 -0.00526  4.79659e-05 | 39 -0.00478 -4.27213e-05
 40  0.00017 -1.16618e-05 | 41  0.00567 -1.55487e-05 | 42 -0.00260 -5.32749e-05
 43 -0.00112 -6.82131e-05 | 44  0.02878  2.18991e-06 | 45  0.00689 -3.14806e-05
 46 -0.00002 -4.39555e-05 | 47  0.00146 -2.35084e-05 | 48  0.00001 -7.17778e-06
 49 -0.01092 -2.24905e-05 | 50  0.00081  4.40358e-05 | 51  0.00245 -2.61583e-05
 52  0.00322 -1.16792e-06 | 53  0.01695 -2.51064e-05 | 54 -0.00283 -6.14861e-05
 55  0.01529 -4.23981e-05 | 56  0.00921 -5.02203e-05 | 57 -0.00504 -6.74310e-05
 58 -0.01199 -8.32412e-05 | 59 -0.01170 -4.15547e-05 | 60  0.01663 -5.24906e-05
 61  0.01368 -4.50383e-05 | 62 -0.00131 -3.78478e-05 | 63 -0.01539 -6.47883e-05
 64 -0.00708 -6.15099e-05 | 65 -0.00245  3.18849e-05 | 66 -0.01073  2.26684e-05
 67  0.01612 -6.31078e-05 | 68  0.02384 -4.19152e-05 | 69  0.01268 -4.00028e-05
 70  0.01964 -3.29587e-05 | 71 -0.02999 -2.98028e-05 | 72  0.01835 -2.68903e-05
 73 -0.02241 -3.22252e-05 | 74  0.03476 -6.69384e-05 | 75  0.02771 -1.69986e-05
 76  0.00913  7.64683e-06 | 77  0.02254 -7.89032e-06 | 78 -0.03670  4.01810e-05
 79 -0.02279  5.71971e-05 | 80 -0.00679  9.05143e-05 | 81  0.00670  8.13741e-05
 82 -0.04326  5.33308e-05 | 83 -0.00877  7.09208e-05 | 84  0.05543  3.47352e-04
 85 -0.02905  1.91053e-05 | 86  0.02764  3.02538e-04 | 87 -0.01721  1.09329e-04
 88 -0.01881  8.85027e-05 | 89 -0.00353  1.24020e-04 | 90 -0.02710  1.18370e-04
 91 -0.02398  7.17088e-05 | 92 -0.00966  1.15617e-04 | 93  0.00274  1.32736e-04
 94 -0.00027  1.21637e-04 | 95 -0.02110 -8.70975e-06 | 96 -0.01345  1.77445e-05
 97  0.01061  6.28787e-05 | 98 -0.03237 -2.86839e-05 | 99 -0.00446 -4.59210e-05
100  0.02013  9.68477e-06 |101 -0.04809 -3.30242e-05 |102  0.04822 -1.31902e-05
103  0.00822  2.78627e-05 |104 -0.00015  1.07413e-05 |105  0.00008 -2.24256e-05
106  0.00000  0.00000e+00 |107 -0.00268  9.36091e-05 |108 -0.01033  5.21789e-05
109 -0.40780 -7.38344e-05 |110 -0.45104  1.91709e-05 |111 -0.31911 -1.23669e-04
Function minimizer not making progress ... is minimum attained?
Minimprove criterion = 0.0000e+00

 - final statistics:
111 variables; iteration 14; function evaluation 47
Function value 5.5060e+02; maximum gradient component mag 5.6418e-04
Exit code = 1;  converg criter 1.0000e-04
Var    Value     Gradient |Var    Value     Gradient |Var    Value     Gradient
  1 -0.41529 -1.62654e-04 |  2 -0.42194  5.30084e-04 |  3 -0.41291  2.92676e-04
  4 -0.42601  1.21452e-05 |  5 -0.44925  3.20101e-06 |  6  0.62544  5.64177e-04
  7  0.00002 -2.56640e-07 |  8  0.00000  3.26708e-07 |  9  0.00001  3.62961e-07
 10  0.00001  3.90683e-07 | 11  0.00008 -2.00120e-05 | 12  0.00008 -1.96901e-05
 13  0.00009 -1.93804e-05 | 14  0.00009 -1.91168e-05 | 15  0.00009 -1.89426e-05
 16  0.00009 -1.89136e-05 | 17  0.00010 -1.91783e-05 | 18  0.00010 -1.98334e-05
 19  0.00011 -2.10282e-05 | 20  0.00012 -2.28633e-05 | 21  0.00013 -2.53615e-05
 22  0.00014 -2.75049e-05 | 23  0.00015 -2.98490e-05 | 24  0.00044 -3.14008e-05
 25  0.00018 -3.12201e-05 | 26  0.00031 -2.85558e-05 | 27  0.00023 -2.40025e-05
 28  0.00061 -2.31629e-05 | 29  0.00032 -2.99013e-05 | 30  0.00158  2.59793e-05
 31  0.00055  1.31669e-05 | 32  0.00087 -6.77381e-05 | 33  0.00174 -1.00561e-05
 34  0.00411  6.11992e-06 | 35  0.01299  5.76803e-06 | 36  0.00600  1.42436e-05
 37 -0.00387  2.18917e-05 | 38 -0.00526  4.79659e-05 | 39 -0.00478 -4.27213e-05
 40  0.00017 -1.16618e-05 | 41  0.00567 -1.55487e-05 | 42 -0.00260 -5.32749e-05
 43 -0.00112 -6.82131e-05 | 44  0.02878  2.18991e-06 | 45  0.00689 -3.14806e-05
 46 -0.00002 -4.39555e-05 | 47  0.00146 -2.35084e-05 | 48  0.00001 -7.17778e-06
 49 -0.01092 -2.24905e-05 | 50  0.00081  4.40358e-05 | 51  0.00245 -2.61583e-05
 52  0.00322 -1.16792e-06 | 53  0.01695 -2.51064e-05 | 54 -0.00283 -6.14861e-05
 55  0.01529 -4.23981e-05 | 56  0.00921 -5.02203e-05 | 57 -0.00504 -6.74310e-05
 58 -0.01199 -8.32412e-05 | 59 -0.01170 -4.15547e-05 | 60  0.01663 -5.24906e-05
 61  0.01368 -4.50383e-05 | 62 -0.00131 -3.78478e-05 | 63 -0.01539 -6.47883e-05
 64 -0.00708 -6.15099e-05 | 65 -0.00245  3.18849e-05 | 66 -0.01073  2.26684e-05
 67  0.01612 -6.31078e-05 | 68  0.02384 -4.19152e-05 | 69  0.01268 -4.00028e-05
 70  0.01964 -3.29587e-05 | 71 -0.02999 -2.98028e-05 | 72  0.01835 -2.68903e-05
 73 -0.02241 -3.22252e-05 | 74  0.03476 -6.69384e-05 | 75  0.02771 -1.69986e-05
 76  0.00913  7.64683e-06 | 77  0.02254 -7.89032e-06 | 78 -0.03670  4.01810e-05
 79 -0.02279  5.71971e-05 | 80 -0.00679  9.05143e-05 | 81  0.00670  8.13741e-05
 82 -0.04326  5.33308e-05 | 83 -0.00877  7.09208e-05 | 84  0.05543  3.47352e-04
 85 -0.02905  1.91053e-05 | 86  0.02764  3.02538e-04 | 87 -0.01721  1.09329e-04
 88 -0.01881  8.85027e-05 | 89 -0.00353  1.24020e-04 | 90 -0.02710  1.18370e-04
 91 -0.02398  7.17088e-05 | 92 -0.00966  1.15617e-04 | 93  0.00274  1.32736e-04
 94 -0.00027  1.21637e-04 | 95 -0.02110 -8.70975e-06 | 96 -0.01345  1.77445e-05
 97  0.01061  6.28787e-05 | 98 -0.03237 -2.86839e-05 | 99 -0.00446 -4.59210e-05
100  0.02013  9.68477e-06 |101 -0.04809 -3.30242e-05 |102  0.04822 -1.31902e-05
103  0.00822  2.78627e-05 |104 -0.00015  1.07413e-05 |105  0.00008 -2.24256e-05
106  0.00000  0.00000e+00 |107 -0.00268  9.36091e-05 |108 -0.01033  5.21789e-05
109 -0.40780 -7.38344e-05 |110 -0.45104  1.91709e-05 |111 -0.31911 -1.23669e-04
size of file gradfil1.tmp = 0
size of file gradfil2.tmp = 0
size of file varssave.tmp = 0
size of file cmpdiff.tmp = 0
