
Initial statistics: 1 variables; iteration 0; function evaluation 0; phase 1
Function value 2.4983972e+06; maximum gradient component mag -4.6505e+08
Var    Value     Gradient |Var    Value     Gradient |Var    Value     Gradient
  1  0.63197 -4.65052e+08 |

 - final statistics:
1 variables; iteration 8; function evaluation 20
Function value 7.3712e+02; maximum gradient component mag -2.8635e-01
Exit code = 1;  converg criter 1.0000e+01
Var    Value     Gradient |Var    Value     Gradient |Var    Value     Gradient
  1  0.64038 -2.86347e-01 |

Initial statistics: 98 variables; iteration 0; function evaluation 0; phase 2
Function value 7.3711538e+02; maximum gradient component mag -9.4046e+02
Var    Value     Gradient |Var    Value     Gradient |Var    Value     Gradient
  1  0.64038 -2.86347e-01 |  2  0.00000  7.94081e+00 |  3  0.00000  8.79579e+00
  4  0.00000  9.84194e+00 |  5  0.00000  1.11183e+01 |  6  0.00000  1.26675e+01
  7  0.00000  1.45338e+01 |  8  0.00000  1.69259e+01 |  9  0.00000  1.89407e+01
 10  0.00000  2.26209e+01 | 11  0.00000  2.60127e+01 | 12  0.00000  2.96831e+01
 13  0.00000  3.32249e+01 | 14  0.00000  3.54492e+01 | 15  0.00000  4.29664e+01
 16  0.00000  4.87008e+01 | 17  0.00000  4.78329e+01 | 18  0.00000  5.45301e+01
 19  0.00000  2.95996e+01 | 20  0.00000  4.90659e+01 | 21  0.00000  5.37135e+01
 22  0.00000  5.49897e+01 | 23  0.00000  5.31392e+01 | 24  0.00000  5.40448e+01
 25  0.00000  5.39184e+01 | 26  0.00000  6.07761e+01 | 27  0.00000  6.21780e+01
 28  0.00000  4.64143e+01 | 29  0.00000  3.81862e+01 | 30  0.00000  8.28290e+01
 31  0.00000  7.11178e+01 | 32  0.00000  7.09640e+01 | 33  0.00000  6.45475e+01
 34  0.00000  1.91786e+01 | 35  0.00000  8.48722e+01 | 36  0.00000  6.69869e+01
 37  0.00000  6.18289e+01 | 38  0.00000  7.73707e+01 | 39  0.00000  8.56139e+01
 40  0.00000  7.75295e+01 | 41  0.00000  7.62648e+01 | 42  0.00000  7.02771e+01
 43  0.00000  5.03812e+01 | 44  0.00000  6.66197e+01 | 45  0.00000  1.00707e+02
 46  0.00000  7.98938e+01 | 47  0.00000  6.46477e+01 | 48  0.00000  5.57336e+01
 49  0.00000  3.28559e+01 | 50  0.00000  8.66806e+01 | 51  0.00000  5.45713e+01
 52  0.00000  7.00330e+01 | 53  0.00000  4.33534e+01 | 54  0.00000  2.62695e+01
 55  0.00000  1.18330e+02 | 56  0.00000  4.46885e+01 | 57  0.00000  6.35611e+01
 58  0.00000  7.97485e+01 | 59  0.00000  7.30171e+01 | 60  0.00000 -1.90329e+01
 61  0.00000  1.93342e+02 | 62  0.00000  4.61012e+01 | 63  0.00000  1.49570e+02
 64  0.00000 -3.87018e+01 | 65  0.00000 -7.47839e+01 | 66  0.00000 -3.69495e+02
 67  0.00000  4.30515e+02 | 68  0.00000  3.93754e+02 | 69  0.00000 -4.13676e+02
 70  0.00000  5.30265e+02 | 71  0.00000 -6.62513e+02 | 72  0.00000 -3.57199e+02
 73  0.00000  1.23348e+02 | 74  0.00000  1.39444e+01 | 75  0.00000 -2.38969e+02
 76  0.00000 -2.76066e+02 | 77  0.00000 -9.09651e+02 | 78  0.00000 -2.43144e+02
 79  0.00000 -1.97355e+02 | 80  0.00000 -7.27785e+02 | 81  0.00000 -1.18566e+02
 82  0.00000 -1.81772e+02 | 83  0.00000  6.86082e+01 | 84  0.00000  1.87937e+02
 85  0.00000  3.05410e+02 | 86  0.00000 -9.61672e+01 | 87  0.00000 -1.23396e+02
 88  0.00000 -4.84535e+01 | 89  0.00000 -9.40456e+02 | 90  0.00000 -1.50862e+02
 91  0.00000  1.81894e+02 | 92  0.00000  2.18689e+02 | 93  0.00000  2.97095e+02
 94  0.00000  2.05965e+01 | 95  0.00000  4.53408e+00 | 96  0.00000  4.15468e+00
 97 -0.03546  1.22375e+02 | 98 -0.31026 -3.98166e+01 |

Intermediate statistics: 98 variables; iteration 20; function evaluation 30; phase 2
Function value 6.3509894e+02; maximum gradient component mag -6.2439e+02
Var    Value     Gradient |Var    Value     Gradient |Var    Value     Gradient
  1  0.64216 -6.24386e+02 |  2  0.00236  3.08392e+01 |  3  0.00302  3.20744e+01
  4  0.00375  3.34830e+01 |  5  0.00453  3.50724e+01 |  6  0.00537  3.68487e+01
  7  0.00625  3.88261e+01 |  8  0.00671  4.04734e+01 |  9  0.00907  4.45800e+01
 10  0.00862  4.55768e+01 | 11  0.00984  4.87755e+01 | 12  0.01129  5.24667e+01
 13  0.01344  5.70842e+01 | 14  0.01739  6.35565e+01 | 15  0.01386  6.23672e+01
 16  0.01283  6.39030e+01 | 17  0.01636  6.78183e+01 | 18  0.01116  6.39446e+01
 19  0.02586  6.68505e+01 | 20  0.01210  6.14400e+01 | 21  0.01151  6.35321e+01
 22  0.01218  6.42655e+01 | 23  0.01014  6.03113e+01 | 24  0.00886  5.85590e+01
 25  0.00802  5.67558e+01 | 26  0.00272  5.34231e+01 | 27  0.00134  5.20896e+01
 28  0.00763  4.88259e+01 | 29  0.00869  4.32207e+01 | 30 -0.00092  6.64383e+01
 31 -0.00311  5.34147e+01 | 32 -0.00279  5.31390e+01 | 33 -0.00299  4.75709e+01
 34  0.01473  3.83172e+01 | 35 -0.00365  6.44867e+01 | 36 -0.00368  5.16219e+01
 37 -0.00046  5.21303e+01 | 38 -0.00331  6.06308e+01 | 39 -0.00472  6.39320e+01
 40 -0.00261  6.12181e+01 | 41 -0.00238  6.56086e+01 | 42 -0.00103  6.29469e+01
 43  0.00886  6.53744e+01 | 44  0.00153  6.55146e+01 | 45 -0.01153  6.04100e+01
 46 -0.00282  7.21286e+01 | 47  0.00404  7.23173e+01 | 48  0.00537  6.97644e+01
 49  0.01266  6.67590e+01 | 50 -0.00905  5.87283e+01 | 51  0.00198  6.63996e+01
 52 -0.00230  7.19081e+01 | 53  0.00418  6.37129e+01 | 54  0.00620  5.43968e+01
 55 -0.02681  4.69581e+01 | 56 -0.00684  4.00806e+01 | 57 -0.01493  3.63662e+01
 58 -0.02185  3.15215e+01 | 59 -0.01119  5.20405e+01 | 60  0.00472  3.16374e+01
 61 -0.03434  6.34955e+01 | 62 -0.00547  3.58686e+01 | 63 -0.02159  5.07489e+01
 64  0.00598  4.11148e+01 | 65  0.00248  6.57070e+00 | 66  0.02589 -7.25830e+01
 67 -0.04143  8.55706e+01 | 68 -0.01843  1.26879e+02 | 69  0.01001 -1.93586e+02
 70 -0.04667  5.60431e+01 | 71  0.01230 -3.83274e+02 | 72  0.00843 -1.61235e+02
 73 -0.00865 -5.61679e+01 | 74 -0.00778 -7.51370e+01 | 75  0.00247 -2.12034e+02
 76  0.00362 -1.88865e+02 | 77  0.02372 -4.37858e+02 | 78 -0.00110 -1.95633e+02
 79 -0.00677 -3.13201e+02 | 80  0.02263 -3.46330e+02 | 81 -0.00426 -1.93057e+02
 82 -0.00704 -2.15874e+02 | 83 -0.01263 -1.74335e+02 | 84 -0.01988 -3.82945e+01
 85 -0.01413  5.20252e+01 | 86 -0.00182 -1.01515e+02 | 87 -0.00171 -1.69172e+02
 88 -0.00580 -8.88756e+01 | 89  0.02969 -2.52501e+02 | 90 -0.00205 -7.07132e+01
 91 -0.00802  5.17468e+01 | 92 -0.02884  2.81463e+01 | 93 -0.02037  1.05822e+02
 94 -0.01224  2.17181e+01 | 95 -0.00409  2.08196e+01 | 96 -0.00149  2.41484e+01
 97 -0.05363 -3.37194e+01 | 98 -0.26537  9.84178e+01 |
98 variables; iteration 40; function evaluation 58; phase 2
Function value 6.1909255e+02; maximum gradient component mag 6.8266e+02
Var    Value     Gradient |Var    Value     Gradient |Var    Value     Gradient
  1  0.64168  6.82661e+02 |  2  0.00055 -1.97322e+01 |  3  0.00073 -1.91763e+01
  4  0.00095 -1.84894e+01 |  5  0.00120 -1.76427e+01 |  6  0.00151 -1.66045e+01
  7  0.00186 -1.53435e+01 |  8  0.00223 -1.37260e+01 |  9  0.00288 -1.22397e+01
 10  0.00319 -9.86490e+00 | 11  0.00377 -7.55678e+00 | 12  0.00442 -5.03758e+00
 13  0.00528 -2.44993e+00 | 14  0.00681 -6.76172e-02 | 15  0.00607  3.66284e+00
 16  0.00579  6.59057e+00 | 17  0.00838  8.81242e+00 | 18  0.00651  1.11846e+01
 19  0.02050  1.33076e+01 | 20  0.00932  1.21140e+01 | 21  0.00889  1.40548e+01
 22  0.01100  1.70914e+01 | 23  0.01097  1.64205e+01 | 24  0.01183  1.84434e+01
 25  0.01300  2.03620e+01 | 26  0.01018  2.16705e+01 | 27  0.00972  2.24890e+01
 28  0.01784  2.43998e+01 | 29  0.02215  2.64243e+01 | 30  0.00032  2.17539e+01
 31  0.00503  2.39403e+01 | 32  0.00547  2.45493e+01 | 33  0.00753  2.54282e+01
 34  0.02990  3.17721e+01 | 35 -0.00179  2.32892e+01 | 36  0.00417  2.54508e+01
 37  0.00697  2.65746e+01 | 38 -0.00051  2.47655e+01 | 39 -0.00324  2.50110e+01
 40  0.00003  2.62383e+01 | 41 -0.00351  2.37106e+01 | 42 -0.00126  2.43222e+01
 43  0.00716  2.54482e+01 | 44 -0.00050  2.39946e+01 | 45 -0.00970  2.80593e+01
 46 -0.00958  2.07992e+01 | 47 -0.00392  2.08422e+01 | 48 -0.00217  1.94076e+01
 49  0.00586  1.91650e+01 | 50 -0.01095  2.22178e+01 | 51 -0.00588  1.60234e+01
 52 -0.01351  1.26048e+01 | 53 -0.00352  1.43738e+01 | 54  0.00316  1.73375e+01
 55 -0.02603  1.61627e+01 | 56 -0.00562  1.48234e+01 | 57 -0.01203  1.36006e+01
 58 -0.01761  1.12702e+01 | 59 -0.01784 -2.50909e+00 | 60  0.00368  9.40352e-01
 61 -0.04427 -9.03289e+00 | 62 -0.00788 -5.21329e+00 | 63 -0.02386  8.03063e+00
 64  0.00247 -7.65864e+00 | 65  0.00077 -2.50796e+01 | 66  0.03015 -2.52293e+01
 67 -0.05114 -1.09086e+01 | 68 -0.02603  4.10900e+00 | 69  0.01392 -1.09331e+01
 70 -0.04909  3.17758e+01 | 71  0.02256  2.22618e+01 | 72  0.01140 -1.56064e+01
 73 -0.01034 -2.17525e+01 | 74 -0.00846 -2.99594e+01 | 75  0.00580 -2.64437e+01
 76  0.00807 -2.97570e+01 | 77  0.03240 -2.16957e+01 | 78  0.00388 -3.08511e+01
 79  0.00443 -7.08155e+00 | 80  0.02753 -7.17313e+01 | 81 -0.00018 -1.62092e+01
 82  0.00011 -1.89895e+01 | 83 -0.00866 -2.87273e+01 | 84 -0.02297 -3.59043e+01
 85 -0.02193 -5.45769e+01 | 86 -0.00015 -4.68468e+01 | 87  0.00274 -4.22861e+01
 88 -0.00060 -2.25069e+01 | 89  0.03676 -3.77613e+01 | 90  0.00515 -7.58280e+00
 91 -0.00853 -1.99437e+01 | 92 -0.02725 -2.49224e+01 | 93 -0.02307  2.30676e+00
 94 -0.01081 -2.28934e+01 | 95 -0.00041 -2.15754e+01 | 96 -0.00032 -2.21264e+01
 97 -0.05464  5.51216e+01 | 98 -0.28321 -2.07400e+01 |
98 variables; iteration 60; function evaluation 92; phase 2
Function value 6.1784655e+02; maximum gradient component mag 7.4418e+02
Var    Value     Gradient |Var    Value     Gradient |Var    Value     Gradient
  1  0.64272  7.44178e+02 |  2  0.00167 -2.09977e+01 |  3  0.00193 -2.03348e+01
  4  0.00225 -1.94919e+01 |  5  0.00266 -1.84206e+01 |  6  0.00317 -1.70816e+01
  7  0.00376 -1.54692e+01 |  8  0.00419 -1.37680e+01 |  9  0.00528 -1.15901e+01
 10  0.00513 -9.98289e+00 | 11  0.00548 -8.08317e+00 | 12  0.00593 -5.94505e+00
 13  0.00697 -3.09100e+00 | 14  0.00967  1.32310e+00 | 15  0.00846  4.23185e+00
 16  0.00829  7.38952e+00 | 17  0.01066  9.23811e+00 | 18  0.00852  1.11024e+01
 19  0.02137  1.09523e+01 | 20  0.01073  1.10363e+01 | 21  0.01011  1.28125e+01
 22  0.01148  1.45937e+01 | 23  0.01077  1.28074e+01 | 24  0.01028  1.24127e+01
 25  0.01040  1.23959e+01 | 26  0.00763  1.38443e+01 | 27  0.00745  1.51545e+01
 28  0.01423  1.39248e+01 | 29  0.01670  1.18364e+01 | 30 -0.00009  1.87171e+01
 31  0.00288  1.70915e+01 | 32  0.00276  1.63092e+01 | 33  0.00442  1.54690e+01
 34  0.02164  8.21051e+00 | 35 -0.00396  1.56652e+01 | 36  0.00075  1.47200e+01
 37  0.00382  1.59013e+01 | 38 -0.00188  1.82276e+01 | 39 -0.00487  1.77610e+01
 40 -0.00285  1.54369e+01 | 41 -0.00458  1.69622e+01 | 42 -0.00239  1.65463e+01
 43  0.00289  9.46143e+00 | 44 -0.00237  1.34978e+01 | 45 -0.01260  1.56572e+01
 46 -0.01031  1.32058e+01 | 47 -0.00559  9.67205e+00 | 48 -0.00329  8.84194e+00
 49  0.00401  5.47052e+00 | 50 -0.01438  5.42862e+00 | 51 -0.00647  5.66515e+00
 52 -0.01102  9.44721e+00 | 53 -0.00361  2.51993e+00 | 54 -0.00091 -6.42753e+00
 55 -0.02565  8.85223e+00 | 56 -0.00731 -2.83773e+00 | 57 -0.01227 -6.11454e-01
 58 -0.01715 -6.47554e-01 | 59 -0.01360 -4.58525e-01 | 60  0.00393 -1.30485e+01
 61 -0.03506  1.56579e+01 | 62 -0.00496 -6.28039e+00 | 63 -0.02173  4.76970e+00
 64  0.00535 -4.93388e+00 | 65  0.00524 -2.24963e+00 | 66  0.03153 -1.96198e+01
 67 -0.04576  1.75530e+01 | 68 -0.02583  3.37631e+00 | 69  0.01453 -5.94861e+00
 70 -0.05301  1.32839e+00 | 71  0.02152 -4.57526e+00 | 72  0.01131 -5.66759e+00
 73 -0.00954  2.53156e+00 | 74 -0.00682  7.20543e+00 | 75  0.00627 -4.50359e+00
 76  0.00865 -6.89838e-01 | 77  0.03229 -3.77567e+00 | 78  0.00468  8.97485e-01
 79  0.00383 -5.51813e+00 | 80  0.02901 -7.75581e+00 | 81 -0.00040 -9.70884e+00
 82 -0.00028 -8.33340e+00 | 83 -0.00802 -8.48262e+00 | 84 -0.02144 -4.66361e+00
 85 -0.01943 -6.86638e+00 | 86  0.00096 -1.17078e+01 | 87  0.00389 -1.76709e+01
 88 -0.00132 -1.86624e+01 | 89  0.03725 -2.00543e+01 | 90  0.00304 -2.84692e+01
 91 -0.00868 -2.63719e+01 | 92 -0.02727 -2.39030e+01 | 93 -0.02482 -2.59468e+01
 94 -0.01045 -2.56426e+01 | 95 -0.00019 -2.41429e+01 | 96  0.00045 -2.38661e+01
 97 -0.05567  5.09702e+01 | 98 -0.27647  1.87777e+00 |
Maximum number of function evaluations exceeded

 - final statistics:
98 variables; iteration 65; function evaluation 100
Function value 6.1749e+02; maximum gradient component mag 1.2678e+03
Exit code = 3;  converg criter 1.0000e+01
Var    Value     Gradient |Var    Value     Gradient |Var    Value     Gradient
  1  0.64256  1.26779e+03 |  2  0.00193 -3.75379e+01 |  3  0.00229 -3.65314e+01
  4  0.00287 -3.50705e+01 |  5  0.00365 -3.31394e+01 |  6  0.00453 -3.08649e+01
  7  0.00528 -2.85687e+01 |  8  0.00521 -2.72269e+01 |  9  0.00543 -2.59111e+01
 10  0.00413 -2.56841e+01 | 11  0.00345 -2.49005e+01 | 12  0.00369 -2.24096e+01
 13  0.00562 -1.70880e+01 | 14  0.00977 -8.84302e+00 | 15  0.00885 -4.56116e+00
 16  0.00824 -1.36220e+00 | 17  0.00937 -9.38970e-01 | 18  0.00813  3.01782e+00
 19  0.02019  3.77285e+00 | 20  0.00955  1.99461e+00 | 21  0.00838  3.35783e+00
 22  0.00830  3.48616e+00 | 23  0.00762  1.47757e+00 | 24  0.00823  3.91525e+00
 25  0.01084  9.91146e+00 | 26  0.00932  1.42782e+01 | 27  0.00868  1.53361e+01
 28  0.01382  1.27698e+01 | 29  0.01408  7.17482e+00 | 30 -0.00012  1.69076e+01
 31  0.00222  1.52927e+01 | 32  0.00218  1.55855e+01 | 33  0.00421  1.70268e+01
 34  0.01938  1.16627e+01 | 35 -0.00466  1.56603e+01 | 36  0.00062  1.86088e+01
 37  0.00260  1.92553e+01 | 38 -0.00197  2.37136e+01 | 39 -0.00509  2.30822e+01
 40 -0.00289  2.32082e+01 | 41 -0.00410  2.62069e+01 | 42 -0.00199  2.74164e+01
 43  0.00316  2.35270e+01 | 44 -0.00238  2.51781e+01 | 45 -0.01515  1.56135e+01
 46 -0.01057  2.18414e+01 | 47 -0.00630  1.95013e+01 | 48 -0.00350  2.15944e+01
 49  0.00405  2.31724e+01 | 50 -0.01531  1.14968e+01 | 51 -0.00565  2.07146e+01
 52 -0.00952  2.42451e+01 | 53 -0.00340  1.73528e+01 | 54 -0.00084  9.37520e+00
 55 -0.02474  1.66964e+01 | 56 -0.00726  9.49020e+00 | 57 -0.01028  1.47712e+01
 58 -0.01563  1.07296e+01 | 59 -0.01596 -2.77167e+00 | 60  0.00516  8.77398e+00
 61 -0.03251  2.57023e+01 | 62 -0.00380  8.27497e+00 | 63 -0.02051  1.21892e+01
 64  0.00656  1.42616e+01 | 65  0.00663  2.00877e+01 | 66  0.03292  2.44262e+01
 67 -0.04522  1.54730e+01 | 68 -0.02549  4.10708e+00 | 69  0.01472  8.12488e+00
 70 -0.05203  1.46628e+00 | 71  0.02121 -9.03778e-01 | 72  0.01197  1.53934e+01
 73 -0.00914  9.97691e+00 | 74 -0.00676  9.31692e+00 | 75  0.00661  6.37436e+00
 76  0.00861  3.21558e+00 | 77  0.03215  2.04863e+00 | 78  0.00462 -2.61793e-01
 79  0.00409 -1.87777e+00 | 80  0.02936  5.83039e+00 | 81  0.00011 -5.06862e+00
 82 -0.00006 -9.85218e+00 | 83 -0.00742 -6.13329e+00 | 84 -0.02109 -1.04971e+01
 85 -0.01887 -1.09611e+01 | 86  0.00075 -2.55089e+01 | 87  0.00440 -2.05064e+01
 88 -0.00131 -3.14031e+01 | 89  0.03736 -3.38241e+01 | 90  0.00327 -4.30702e+01
 91 -0.00828 -4.12463e+01 | 92 -0.02636 -3.63797e+01 | 93 -0.02438 -4.44439e+01
 94 -0.01005 -4.28879e+01 | 95 -0.00254 -4.55632e+01 | 96  0.00279 -3.80290e+01
 97 -0.05582  8.22974e+01 | 98 -0.27627  3.34964e+00 |

Initial statistics: 100 variables; iteration 0; function evaluation 0; phase 3
Function value 6.1748823e+02; maximum gradient component mag 1.2678e+03
Var    Value     Gradient |Var    Value     Gradient |Var    Value     Gradient
  1  0.64256  1.26779e+03 |  2  0.00193 -3.75661e+01 |  3  0.00229 -3.65595e+01
  4  0.00287 -3.50986e+01 |  5  0.00365 -3.31675e+01 |  6  0.00453 -3.08931e+01
  7  0.00528 -2.85968e+01 |  8  0.00521 -2.72551e+01 |  9  0.00543 -2.59393e+01
 10  0.00413 -2.57122e+01 | 11  0.00345 -2.49286e+01 | 12  0.00369 -2.24378e+01
 13  0.00562 -1.71161e+01 | 14  0.00977 -8.87117e+00 | 15  0.00885 -4.58932e+00
 16  0.00824 -1.39036e+00 | 17  0.00937 -9.67126e-01 | 18  0.00813  2.98966e+00
 19  0.02019  3.74470e+00 | 20  0.00955  1.96645e+00 | 21  0.00838  3.32967e+00
 22  0.00830  3.45801e+00 | 23  0.00762  1.44941e+00 | 24  0.00823  3.88709e+00
 25  0.01084  9.88331e+00 | 26  0.00932  1.42501e+01 | 27  0.00868  1.53079e+01
 28  0.01381  1.27417e+01 | 29  0.01408  7.14666e+00 | 30 -0.00012  1.68795e+01
 31  0.00222  1.52645e+01 | 32  0.00218  1.55574e+01 | 33  0.00421  1.69987e+01
 34  0.01938  1.16345e+01 | 35 -0.00466  1.56322e+01 | 36  0.00062  1.85806e+01
 37  0.00260  1.92272e+01 | 38 -0.00197  2.36855e+01 | 39 -0.00509  2.30540e+01
 40 -0.00290  2.31801e+01 | 41 -0.00410  2.61787e+01 | 42 -0.00199  2.73882e+01
 43  0.00316  2.34988e+01 | 44 -0.00238  2.51500e+01 | 45 -0.01515  1.55854e+01
 46 -0.01057  2.18133e+01 | 47 -0.00630  1.94732e+01 | 48 -0.00350  2.15662e+01
 49  0.00404  2.31442e+01 | 50 -0.01531  1.14686e+01 | 51 -0.00565  2.06865e+01
 52 -0.00952  2.42170e+01 | 53 -0.00341  1.73247e+01 | 54 -0.00084  9.34704e+00
 55 -0.02475  1.66682e+01 | 56 -0.00726  9.46204e+00 | 57 -0.01028  1.47431e+01
 58 -0.01563  1.07014e+01 | 59 -0.01596 -2.79982e+00 | 60  0.00516  8.74582e+00
 61 -0.03251  2.56742e+01 | 62 -0.00380  8.24681e+00 | 63 -0.02051  1.21611e+01
 64  0.00656  1.42335e+01 | 65  0.00663  2.00595e+01 | 66  0.03292  2.43981e+01
 67 -0.04522  1.54449e+01 | 68 -0.02549  4.07894e+00 | 69  0.01472  8.09673e+00
 70 -0.05203  1.43822e+00 | 71  0.02121 -9.31921e-01 | 72  0.01197  1.53653e+01
 73 -0.00914  9.94875e+00 | 74 -0.00676  9.28876e+00 | 75  0.00661  6.34620e+00
 76  0.00861  3.18742e+00 | 77  0.03215  2.02051e+00 | 78  0.00462 -2.89951e-01
 79  0.00408 -1.90593e+00 | 80  0.02936  5.80226e+00 | 81  0.00011 -5.09678e+00
 82 -0.00006 -9.88034e+00 | 83 -0.00742 -6.16145e+00 | 84 -0.02109 -1.05253e+01
 85 -0.01887 -1.09892e+01 | 86  0.00075 -2.55371e+01 | 87  0.00440 -2.05345e+01
 88 -0.00131 -3.14313e+01 | 89  0.03736 -3.38522e+01 | 90  0.00327 -4.30983e+01
 91 -0.00828 -4.12745e+01 | 92 -0.02636 -3.64079e+01 | 93 -0.02438 -4.44721e+01
 94 -0.01005 -4.29160e+01 | 95 -0.00254 -4.55913e+01 | 96  0.00279 -3.80572e+01
 97 -0.05582  8.22974e+01 | 98 -0.41581 -2.11058e+02 | 99 -0.27627  3.34964e+00
100 -0.25275 -1.45596e+02 |

Intermediate statistics: 100 variables; iteration 20; function evaluation 25; phase 3
Function value 6.1139651e+02; maximum gradient component mag 3.4167e+02
Var    Value     Gradient |Var    Value     Gradient |Var    Value     Gradient
  1  0.63745  3.41672e+02 |  2  0.00086 -1.83487e+01 |  3  0.00101 -1.78727e+01
  4  0.00117 -1.72940e+01 |  5  0.00136 -1.65989e+01 |  6  0.00155 -1.57769e+01
  7  0.00174 -1.48209e+01 |  8  0.00181 -1.37438e+01 |  9  0.00240 -1.24359e+01
 10  0.00217 -1.10530e+01 | 11  0.00242 -9.40222e+00 | 12  0.00278 -7.53267e+00
 13  0.00345 -5.44706e+00 | 14  0.00511 -3.06252e+00 | 15  0.00315 -1.66108e+00
 16  0.00218 -2.16921e-01 | 17  0.00510  2.26152e+00 | 18  0.00186  1.94617e+00
 19  0.01899  9.20969e+00 | 20  0.00532  3.04766e+00 | 21  0.00383  3.50734e+00
 22  0.00594  6.05488e+00 | 23  0.00590  5.20910e+00 | 24  0.00642  6.11369e+00
 25  0.00726  6.79265e+00 | 26  0.00295  5.03257e+00 | 27  0.00228  4.96449e+00
 28  0.01320  1.09891e+01 | 29  0.01950  1.57047e+01 | 30 -0.00779  8.49574e-01
 31 -0.00247  3.44375e+00 | 32 -0.00156  4.14714e+00 | 33  0.00088  5.55156e+00
 34  0.03353  2.97028e+01 | 35 -0.00837  1.29345e+00 | 36 -0.00056  5.39546e+00
 37  0.00476  9.58364e+00 | 38 -0.00490  3.78008e+00 | 39 -0.00838  2.16366e+00
 40 -0.00296  4.77104e+00 | 41 -0.00651  2.09825e+00 | 42 -0.00308  3.94065e+00
 43  0.01160  1.44492e+01 | 44 -0.00111  4.34214e+00 | 45 -0.01455 -3.21253e+00
 46 -0.01121 -3.29610e+00 | 47 -0.00059  3.00966e+00 | 48  0.00190  2.94452e+00
 49  0.01476  1.09330e+01 | 50 -0.01145 -6.19074e+00 | 51 -0.00165 -3.95461e+00
 52 -0.01222 -1.09895e+01 | 53  0.00313 -1.47748e+00 | 54  0.01290  6.69483e+00
 55 -0.02925 -1.79393e+01 | 56  0.00087 -4.44539e+00 | 57 -0.00876 -1.10879e+01
 58 -0.01584 -1.43916e+01 | 59 -0.01194 -1.32186e+01 | 60  0.01046 -9.99970e+00
 61 -0.04020 -1.74010e+01 | 62 -0.00212 -1.51020e+01 | 63 -0.02198 -1.47965e+01
 64  0.00732 -1.52663e+01 | 65  0.00669 -1.61845e+01 | 66  0.03411 -2.03630e+01
 67 -0.04903 -1.15920e+01 | 68 -0.02733 -2.64222e+01 | 69  0.01788 -1.51500e+01
 70 -0.05565 -1.72518e+01 | 71  0.02580 -2.00308e+00 | 72  0.01077 -2.81499e+01
 73 -0.00696 -2.85863e+01 | 74 -0.00904 -2.97871e+01 | 75  0.00987 -1.37302e+01
 76  0.00688 -3.27952e+01 | 77  0.03370 -7.84058e+01 | 78  0.00280 -3.94747e+01
 79  0.00675 -2.62862e+01 | 80  0.02823 -4.12360e+01 | 81  0.00204 -3.67287e+01
 82 -0.00202 -4.32683e+01 | 83 -0.00611 -4.19505e+01 | 84 -0.02322 -3.07705e+01
 85 -0.01685 -2.36834e+01 | 86 -0.00065 -3.76675e+01 | 87  0.00667 -3.71036e+01
 88 -0.00256 -3.21584e+01 | 89  0.04024 -3.81151e+01 | 90  0.00344 -2.55164e+01
 91 -0.00327 -8.63120e+00 | 92 -0.02635 -1.65190e+01 | 93 -0.01720 -7.95117e+00
 94 -0.01255 -2.09234e+01 | 95 -0.00090 -2.08625e+01 | 96  0.00014 -2.04180e+01
 97 -0.01719  4.67784e+01 | 98 -0.39742 -9.37928e+01 | 99 -0.19528  2.16735e+00
100 -0.21219 -1.34827e+00 |
100 variables; iteration 40; function evaluation 50; phase 3
Function value 6.1049283e+02; maximum gradient component mag -1.1237e+03
Var    Value     Gradient |Var    Value     Gradient |Var    Value     Gradient
  1  0.63619 -1.12365e+03 |  2  0.00061  3.60164e+01 |  3  0.00068  3.55240e+01
  4  0.00071  3.48799e+01 |  5  0.00070  3.40668e+01 |  6  0.00067  3.30954e+01
  7  0.00067  3.20183e+01 |  8  0.00072  3.10372e+01 |  9  0.00134  2.98988e+01
 10  0.00132  2.89095e+01 | 11  0.00175  2.76133e+01 | 12  0.00207  2.58220e+01
 13  0.00235  2.33335e+01 | 14  0.00334  2.00735e+01 | 15  0.00117  1.82605e+01
 16  0.00020  1.66152e+01 | 17  0.00336  1.43739e+01 | 18 -0.00021  1.37925e+01
 19  0.01718  6.86538e+00 | 20  0.00358  1.23916e+01 | 21  0.00218  1.13797e+01
 22  0.00496  8.93743e+00 | 23  0.00521  9.72144e+00 | 24  0.00588  7.99786e+00
 25  0.00638  5.41885e+00 | 26  0.00148  5.08843e+00 | 27  0.00064  3.73325e+00
 28  0.01152 -3.01015e+00 | 29  0.01895 -7.26787e+00 | 30 -0.00843  4.78872e+00
 31 -0.00354  2.54899e-01 | 32 -0.00293 -2.30055e+00 | 33 -0.00232 -6.69041e+00
 34  0.03794 -2.66164e+01 | 35 -0.00942 -3.76612e+00 | 36 -0.00205 -1.13038e+01
 37  0.00399 -1.71347e+01 | 38 -0.00590 -1.41774e+01 | 39 -0.00902 -1.37244e+01
 40 -0.00280 -1.84936e+01 | 41 -0.00705 -1.93264e+01 | 42 -0.00509 -2.43910e+01
 43  0.01584 -3.49254e+01 | 44 -0.00280 -2.85926e+01 | 45 -0.01363 -1.65983e+01
 46 -0.01131 -2.29572e+01 | 47 -0.00013 -3.15018e+01 | 48  0.00062 -3.52332e+01
 49  0.01764 -4.58575e+01 | 50 -0.01007 -2.20451e+01 | 51 -0.00027 -3.32941e+01
 52 -0.01238 -2.82794e+01 | 53  0.00371 -3.77978e+01 | 54  0.01677 -4.28984e+01
 55 -0.02601 -1.06685e+01 | 56  0.00448 -3.17987e+01 | 57 -0.00582 -2.62900e+01
 58 -0.01204 -1.90703e+01 | 59 -0.00955 -2.20754e+01 | 60  0.01450 -3.77800e+01
 61 -0.03904  2.93725e-01 | 62  0.00229 -1.95615e+01 | 63 -0.02232 -1.45191e+01
 64  0.00953 -3.07107e+01 | 65  0.00964 -2.00162e+01 | 66  0.03564 -6.95539e+01
 67 -0.04858  1.58482e+01 | 68 -0.02538  5.88476e+00 | 69  0.01904 -1.62370e+01
 70 -0.05675  7.59388e+00 | 71  0.02611 -1.91193e+01 | 72  0.01218 -8.08724e+00
 73 -0.00667 -6.95507e+00 | 74 -0.00780  4.47800e+00 | 75  0.00980 -6.23551e+00
 76  0.00791 -3.76928e+00 | 77  0.03579 -1.78295e+01 | 78  0.00410  4.37449e+00
 79  0.00717  5.03591e+00 | 80  0.02869 -1.89129e+01 | 81  0.00290  1.18085e+01
 82 -0.00020  1.85267e+01 | 83 -0.00537  9.61486e+00 | 84 -0.02219  2.40866e+01
 85 -0.01613  3.15790e+01 | 86  0.00068  2.37548e+01 | 87  0.00787  3.10771e+01
 88 -0.00189  2.48169e+01 | 89  0.04095  2.68169e+01 | 90  0.00344  2.76252e+01
 91 -0.00401  3.76165e+01 | 92 -0.02575  4.72207e+01 | 93 -0.01956  2.94660e+01
 94 -0.01218  3.92474e+01 | 95 -0.00025  3.89622e+01 | 96 -0.00035  3.75424e+01
 97 -0.02298 -8.58504e+01 | 98 -0.39804  1.29886e+02 | 99 -0.20048  1.19017e+00
100 -0.21538 -6.81202e+00 |
100 variables; iteration 60; function evaluation 77; phase 3
Function value 6.1022211e+02; maximum gradient component mag -9.0171e+02
Var    Value     Gradient |Var    Value     Gradient |Var    Value     Gradient
  1  0.63604 -9.01707e+02 |  2  0.00076  3.06302e+01 |  3  0.00073  3.00721e+01
  4  0.00063  2.93207e+01 |  5  0.00049  2.84337e+01 |  6  0.00043  2.75451e+01
  7  0.00054  2.67994e+01 |  8  0.00074  2.62163e+01 |  9  0.00139  2.53630e+01
 10  0.00093  2.40019e+01 | 11  0.00068  2.20968e+01 | 12  0.00075  2.03383e+01
 13  0.00179  1.92525e+01 | 14  0.00428  1.83254e+01 | 15  0.00256  1.73321e+01
 16  0.00145  1.57950e+01 | 17  0.00316  1.21980e+01 | 18  0.00033  1.24780e+01
 19  0.01597  4.83817e+00 | 20  0.00353  1.04557e+01 | 21  0.00214  9.65929e+00
 22  0.00418  7.05001e+00 | 23  0.00433  7.62765e+00 | 24  0.00500  6.18903e+00
 25  0.00583  4.21129e+00 | 26  0.00171  4.49342e+00 | 27  0.00092  3.31852e+00
 28  0.01129 -2.79913e+00 | 29  0.01799 -6.57012e+00 | 30 -0.01087  6.42007e-01
 31 -0.00348 -1.07377e-01 | 32 -0.00320 -2.64951e+00 | 33 -0.00126 -5.52248e+00
 34  0.03469 -2.27484e+01 | 35 -0.00953 -3.88320e+00 | 36 -0.00174 -1.00539e+01
 37  0.00328 -1.54011e+01 | 38 -0.00616 -1.27719e+01 | 39 -0.00976 -1.28452e+01
 40 -0.00443 -1.77481e+01 | 41 -0.00747 -1.74241e+01 | 42 -0.00446 -2.06556e+01
 43  0.01623 -2.72031e+01 | 44 -0.00225 -2.35602e+01 | 45 -0.01465 -1.53847e+01
 46 -0.01236 -2.09197e+01 | 47  0.00141 -2.50473e+01 | 48  0.00312 -2.79853e+01
 49  0.01654 -3.72699e+01 | 50 -0.00917 -1.69834e+01 | 51  0.00328 -2.41170e+01
 52 -0.01037 -2.22008e+01 | 53  0.00719 -2.85544e+01 | 54  0.01601 -3.37967e+01
 55 -0.02617 -9.78903e+00 | 56  0.00634 -2.37548e+01 | 57 -0.00500 -2.11419e+01
 58 -0.01346 -1.77252e+01 | 59 -0.00862 -1.66176e+01 | 60  0.01364 -3.48565e+01
 61 -0.03985 -3.28951e+00 | 62  0.00102 -2.07703e+01 | 63 -0.02032 -5.94493e+00
 64  0.00973 -2.47620e+01 | 65  0.00814 -2.65386e+01 | 66  0.03698 -4.28221e+01
 67 -0.05034  5.27817e+00 | 68 -0.02573  1.18324e+00 | 69  0.01833 -2.48830e+01
 70 -0.05501  1.74819e+01 | 71  0.02540 -2.73957e+01 | 72  0.01167 -1.24785e+01
 73 -0.00606  1.03988e+01 | 74 -0.00765  9.47022e+00 | 75  0.00983  1.46536e+00
 76  0.00826  5.60423e+00 | 77  0.03630  9.36164e+00 | 78  0.00458  1.52818e+01
 79  0.00720  1.11216e+01 | 80  0.02972  1.17433e+01 | 81  0.00296  1.65077e+01
 82 -0.00019  2.13552e+01 | 83 -0.00429  3.32928e+01 | 84 -0.02232  2.24946e+01
 85 -0.01656  2.30733e+01 | 86  0.00104  2.89708e+01 | 87  0.00766  2.61734e+01
 88 -0.00138  2.79913e+01 | 89  0.04117  3.14327e+01 | 90  0.00444  3.52181e+01
 91 -0.00393  2.97885e+01 | 92 -0.02722  2.64669e+01 | 93 -0.01800  3.82594e+01
 94 -0.01319  3.11033e+01 | 95  0.00084  3.46694e+01 | 96 -0.00062  3.11359e+01
 97 -0.01801 -5.79195e+01 | 98 -0.39669  8.69605e+01 | 99 -0.20033 -8.43543e+00
100 -0.21339  1.43328e+01 |
Maximum number of function evaluations exceeded

 - final statistics:
100 variables; iteration 74; function evaluation 100
Function value 6.0982e+02; maximum gradient component mag -7.1802e+02
Exit code = 3;  converg criter 1.0000e+00
Var    Value     Gradient |Var    Value     Gradient |Var    Value     Gradient
  1  0.63629 -7.18018e+02 |  2  0.00002  2.01710e+01 |  3  0.00031  2.01520e+01
  4  0.00069  2.01753e+01 |  5  0.00114  2.02193e+01 |  6  0.00172  2.03531e+01
  7  0.00247  2.06190e+01 |  8  0.00254  1.99526e+01 |  9  0.00268  1.84760e+01
 10  0.00049  1.48252e+01 | 11 -0.00087  1.15347e+01 | 12 -0.00010  1.09747e+01
 13  0.00205  1.16419e+01 | 14  0.00320  9.27910e+00 | 15  0.00050  7.20660e+00
 16 -0.00072  5.72318e+00 | 17  0.00220  3.98089e+00 | 18 -0.00206  2.42586e+00
 19  0.01538 -2.11334e+00 | 20  0.00098  3.87258e-01 | 21  0.00023  6.38760e-01
 22  0.00189 -1.89339e+00 | 23  0.00220 -1.17612e+00 | 24  0.00300 -2.17602e+00
 25  0.00296 -4.78098e+00 | 26 -0.00155 -4.98994e+00 | 27 -0.00195 -5.43349e+00
 28  0.01035 -8.12094e+00 | 29  0.01691 -1.07836e+01 | 30 -0.00877 -1.20832e+00
 31 -0.00541 -6.57393e+00 | 32 -0.00414 -7.44156e+00 | 33 -0.00052 -8.19730e+00
 34  0.02811 -2.64944e+01 | 35 -0.01086 -8.32311e+00 | 36 -0.00033 -1.02793e+01
 37  0.00502 -1.40210e+01 | 38 -0.00519 -1.24171e+01 | 39 -0.00921 -1.24266e+01
 40 -0.00061 -1.12901e+01 | 41 -0.00551 -1.46667e+01 | 42  0.00022 -1.48771e+01
 43  0.01223 -2.46319e+01 | 44 -0.00087 -2.02824e+01 | 45 -0.01273 -1.14090e+01
 46 -0.00917 -1.61805e+01 | 47  0.00118 -2.15509e+01 | 48  0.00502 -2.22088e+01
 49  0.01749 -2.89302e+01 | 50 -0.00754 -1.27906e+01 | 51  0.00361 -1.99608e+01
 52 -0.00861 -1.89827e+01 | 53  0.00662 -2.48852e+01 | 54  0.01410 -2.99011e+01
 55 -0.02801 -1.41770e+01 | 56  0.00458 -2.19848e+01 | 57 -0.00401 -1.76696e+01
 58 -0.01024 -1.17814e+01 | 59 -0.00852 -1.49173e+01 | 60  0.01401 -2.78276e+01
 61 -0.03798 -1.24148e+00 | 62  0.00117 -1.81396e+01 | 63 -0.01887 -1.51780e+00
 64  0.01032 -1.81345e+01 | 65  0.00923 -1.58390e+01 | 66  0.03698 -3.32451e+01
 67 -0.04905  7.56927e+00 | 68 -0.02540  2.67738e+00 | 69  0.01848 -1.98267e+01
 70 -0.05520  1.11619e+01 | 71  0.02562 -1.82940e+01 | 72  0.01175 -8.18413e+00
 73 -0.00633  1.84469e+00 | 74 -0.00780  5.93139e+00 | 75  0.00992  1.81964e+00
 76  0.00785 -9.86948e-01 | 77  0.03567 -9.49414e+00 | 78  0.00416  5.85918e+00
 79  0.00732  9.53996e+00 | 80  0.02938  3.83445e+00 | 81  0.00299  1.14173e+01
 82 -0.00067  8.91366e+00 | 83 -0.00505  1.11517e+01 | 84 -0.02237  1.49540e+01
 85 -0.01650  1.66976e+01 | 86  0.00052  1.47043e+01 | 87  0.00757  1.64075e+01
 88 -0.00177  1.57409e+01 | 89  0.04096  1.72321e+01 | 90  0.00420  2.38513e+01
 91 -0.00387  2.15096e+01 | 92 -0.02654  2.29269e+01 | 93 -0.01812  2.55517e+01
 94 -0.00913  2.98842e+01 | 95 -0.00010  2.36009e+01 | 96 -0.00010  2.23642e+01
 97 -0.01766 -4.48715e+01 | 98 -0.39681  6.38989e+01 | 99 -0.19810 -4.21520e+00
100 -0.21278  9.65797e+00 |

Initial statistics: 108 variables; iteration 0; function evaluation 0; phase 4
Function value 6.0982003e+02; maximum gradient component mag -7.1802e+02
Var    Value     Gradient |Var    Value     Gradient |Var    Value     Gradient
  1 -0.42263  7.17507e+01 |  2 -0.42263 -4.66617e+02 |  3 -0.41094 -8.41950e+01
  4  0.63629 -7.18018e+02 |  5  0.00000 -5.22434e+00 |  6  0.00000 -1.13630e+00
  7  0.00000 -1.37270e+00 |  8  0.00000 -1.65407e+00 |  9  0.00000 -1.98721e+00
 10  0.00004  2.13164e+01 | 11  0.00034  2.12974e+01 | 12  0.00071  2.13207e+01
 13  0.00116  2.13647e+01 | 14  0.00174  2.14985e+01 | 15  0.00249  2.17644e+01
 16  0.00256  2.10980e+01 | 17  0.00270  1.96213e+01 | 18  0.00052  1.59706e+01
 19 -0.00085  1.26801e+01 | 20 -0.00008  1.21201e+01 | 21  0.00207  1.27873e+01
 22  0.00323  1.04245e+01 | 23  0.00052  8.35199e+00 | 24 -0.00070  6.86858e+00
 25  0.00222  5.12628e+00 | 26 -0.00204  3.57125e+00 | 27  0.01540 -9.68281e-01
 28  0.00100  1.53265e+00 | 29  0.00025  1.78415e+00 | 30  0.00191 -7.48005e-01
 31  0.00223 -3.07358e-02 | 32  0.00302 -1.03064e+00 | 33  0.00298 -3.63560e+00
 34 -0.00153 -3.84455e+00 | 35 -0.00192 -4.28810e+00 | 36  0.01037 -6.97570e+00
 37  0.01693 -9.63857e+00 | 38 -0.00875 -6.30347e-02 | 39 -0.00539 -5.42858e+00
 40 -0.00411 -6.29620e+00 | 41 -0.00050 -7.05191e+00 | 42  0.02813 -2.53501e+01
 43 -0.01084 -7.17789e+00 | 44 -0.00031 -9.13394e+00 | 45  0.00504 -1.28757e+01
 46 -0.00516 -1.12718e+01 | 47 -0.00919 -1.12814e+01 | 48 -0.00059 -1.01447e+01
 49 -0.00549 -1.35213e+01 | 50  0.00024 -1.37317e+01 | 51  0.01225 -2.34867e+01
 52 -0.00085 -1.91370e+01 | 53 -0.01270 -1.02638e+01 | 54 -0.00915 -1.50352e+01
 55  0.00120 -2.04055e+01 | 56  0.00504 -2.10634e+01 | 57  0.01751 -2.77852e+01
 58 -0.00751 -1.16453e+01 | 59  0.00364 -1.88154e+01 | 60 -0.00859 -1.78374e+01
 61  0.00664 -2.37399e+01 | 62  0.01412 -2.87560e+01 | 63 -0.02799 -1.30327e+01
 64  0.00461 -2.08395e+01 | 65 -0.00399 -1.65242e+01 | 66 -0.01022 -1.06361e+01
 67 -0.00850 -1.37720e+01 | 68  0.01404 -2.66825e+01 | 69 -0.03795 -9.81283e-02
 70  0.00120 -1.69942e+01 | 71 -0.01885 -3.72912e-01 | 72  0.01034 -1.69892e+01
 73  0.00925 -1.46938e+01 | 74  0.03700 -3.21015e+01 | 75 -0.04903  8.71129e+00
 76 -0.02538  3.82187e+00 | 77  0.01850 -1.86818e+01 | 78 -0.05518  1.23030e+01
 79  0.02564 -1.71495e+01 | 80  0.01177 -7.03893e+00 | 81 -0.00631  2.99003e+00
 82 -0.00777  7.07670e+00 | 83  0.00994  2.96489e+00 | 84  0.00787  1.58359e-01
 85  0.03569 -8.35053e+00 | 86  0.00418  7.00455e+00 | 87  0.00734  1.06853e+01
 88  0.02941  4.97861e+00 | 89  0.00301  1.25627e+01 | 90 -0.00065  1.00591e+01
 91 -0.00503  1.22971e+01 | 92 -0.02235  1.60987e+01 | 93 -0.01648  1.78426e+01
 94  0.00054  1.58497e+01 | 95  0.00759  1.75528e+01 | 96 -0.00175  1.68863e+01
 97  0.04098  1.83750e+01 | 98  0.00423  2.49967e+01 | 99 -0.00385  2.26549e+01
100 -0.02652  2.40713e+01 |101 -0.01810  2.66966e+01 |102 -0.00911  3.10295e+01
103 -0.00007  2.47462e+01 |104 -0.00008  2.35096e+01 |105 -0.01766 -4.48715e+01
106 -0.39681  6.38989e+01 |107 -0.19810 -4.21520e+00 |108 -0.21278  9.65797e+00

Intermediate statistics: 108 variables; iteration 20; function evaluation 23; phase 4
Function value 6.0901456e+02; maximum gradient component mag -5.2458e+02
Var    Value     Gradient |Var    Value     Gradient |Var    Value     Gradient
  1 -0.41514  1.49355e+02 |  2 -0.42106 -4.48446e+02 |  3 -0.42054 -1.12630e+02
  4  0.63809 -5.24582e+02 |  5  0.00102 -3.18244e+00 |  6  0.00020 -7.06101e-01
  7  0.00024 -8.59347e-01 |  8  0.00028 -1.04472e+00 |  9  0.00032 -1.26850e+00
 10  0.00035  1.60516e+01 | 11  0.00041  1.57604e+01 | 12  0.00048  1.54082e+01
 13  0.00054  1.49791e+01 | 14  0.00058  1.44598e+01 | 15  0.00060  1.38301e+01
 16  0.00046  1.30412e+01 | 17  0.00078  1.20602e+01 | 18  0.00028  1.10279e+01
 19  0.00027  9.88792e+00 | 20  0.00030  8.56848e+00 | 21  0.00049  6.92771e+00
 22  0.00170  5.12453e+00 | 23 -0.00049  4.08153e+00 | 24 -0.00174  2.91748e+00
 25  0.00069  1.00600e+00 | 26 -0.00192  1.35478e+00 | 27  0.01391 -3.96736e+00
 28  0.00109  9.01955e-03 | 29 -0.00015 -4.28737e-01 | 30  0.00158 -2.39334e+00
 31  0.00175 -1.94676e+00 | 32  0.00221 -2.99552e+00 | 33  0.00350 -3.69494e+00
 34 -0.00001 -2.80524e+00 | 35 -0.00014 -3.07055e+00 | 36  0.01006 -7.86256e+00
 37  0.01223 -1.22793e+01 | 38 -0.00969 -2.29502e+00 | 39 -0.00416 -3.89233e+00
 40 -0.00303 -4.88656e+00 | 41  0.00007 -6.52848e+00 | 42  0.02654 -2.17740e+01
 43 -0.00906 -4.44113e+00 | 44 -0.00146 -8.70119e+00 | 45  0.00278 -1.23418e+01
 46 -0.00496 -8.66993e+00 | 47 -0.00721 -7.26836e+00 | 48 -0.00395 -1.20415e+01
 49 -0.00446 -9.64040e+00 | 50 -0.00096 -1.24474e+01 | 51  0.01158 -1.90070e+01
 52 -0.00144 -1.35583e+01 | 53 -0.01245 -7.58766e+00 | 54 -0.00648 -8.52285e+00
 55  0.00359 -1.31239e+01 | 56  0.00683 -1.46739e+01 | 57  0.01352 -2.26811e+01
 58 -0.00749 -8.55441e+00 | 59  0.00368 -1.30440e+01 | 60 -0.00321 -7.71950e+00
 61  0.01167 -1.38594e+01 | 62  0.01168 -2.01059e+01 | 63 -0.02157 -7.14804e-01
 64  0.00688 -1.19903e+01 | 65 -0.00106 -8.28938e+00 | 66 -0.01107 -6.32694e+00
 67 -0.00726 -6.42798e+00 | 68  0.01495 -1.65642e+01 | 69 -0.03680  2.85747e+00
 70  0.00226 -8.23799e+00 | 71 -0.01917 -1.12318e+00 | 72  0.01105 -9.89550e+00
 73  0.01030 -8.90252e+00 | 74  0.03724 -1.62670e+01 | 75 -0.04998  7.62237e+00
 76 -0.02519  5.21967e+00 | 77  0.01828 -2.66218e+01 | 78 -0.05494  9.74616e+00
 79  0.02553 -2.22332e+01 | 80  0.01159  1.46895e+00 | 81 -0.00613  4.10222e+00
 82 -0.00786  7.70322e+00 | 83  0.01007  2.57182e+00 | 84  0.00795 -4.41197e+00
 85  0.03543 -1.69133e+01 | 86  0.00411  6.21675e+00 | 87  0.00767  1.16077e+01
 88  0.02994  1.40957e+01 | 89  0.00326  2.00953e+01 | 90 -0.00060  1.27886e+01
 91 -0.00486  1.71587e+01 | 92 -0.02244  1.54811e+01 | 93 -0.01619  1.61273e+01
 94  0.00059  1.16911e+01 | 95  0.00753  9.42120e+00 | 96 -0.00187  1.40578e+01
 97  0.04143  3.41528e+01 | 98  0.00358  2.11444e+01 | 99 -0.00442  2.20680e+01
100 -0.02735  1.85393e+01 |101 -0.01907  1.65288e+01 |102 -0.01196  2.02710e+01
103 -0.00087  1.76974e+01 |104 -0.00003  1.75720e+01 |105 -0.00321 -3.69148e+01
106 -0.39113  6.75486e+01 |107 -0.22454 -1.15639e+01 |108 -0.23191  2.20855e+01
108 variables; iteration 40; function evaluation 47; phase 4
Function value 6.0867319e+02; maximum gradient component mag -7.8962e+02
Var    Value     Gradient |Var    Value     Gradient |Var    Value     Gradient
  1 -0.41763 -6.71785e+01 |  2 -0.42056 -7.89623e+02 |  3 -0.42194 -3.46926e+02
  4  0.63836 -6.18867e+02 |  5  0.00074 -4.58211e+00 |  6  0.00018 -9.55456e-01
  7  0.00021 -1.16654e+00 |  8  0.00024 -1.42314e+00 |  9  0.00027 -1.73437e+00
 10  0.00025  1.79525e+01 | 11  0.00030  1.75372e+01 | 12  0.00036  1.70566e+01
 13  0.00043  1.65016e+01 | 14  0.00051  1.58736e+01 | 15  0.00063  1.51731e+01
 16  0.00051  1.41988e+01 | 17  0.00083  1.29207e+01 | 18  0.00001  1.11534e+01
 19 -0.00034  9.18858e+00 | 20 -0.00023  7.60780e+00 | 21  0.00039  6.13429e+00
 22  0.00151  3.71293e+00 | 23 -0.00089  2.11843e+00 | 24 -0.00220  6.18340e-01
 25  0.00022 -1.78636e+00 | 26 -0.00249 -1.62950e+00 | 27  0.01325 -8.54938e+00
 28  0.00108 -2.05296e+00 | 29 -0.00048 -3.47926e+00 | 30  0.00105 -6.04400e+00
 31  0.00133 -5.28269e+00 | 32  0.00188 -6.42897e+00 | 33  0.00277 -7.77515e+00
 34 -0.00083 -6.76187e+00 | 35 -0.00086 -7.01496e+00 | 36  0.00966 -1.26140e+01
 37  0.01158 -1.69074e+01 | 38 -0.00984 -4.63210e+00 | 39 -0.00429 -6.84014e+00
 40 -0.00323 -7.94670e+00 | 41 -0.00005 -1.00006e+01 | 42  0.02567 -2.85364e+01
 43 -0.00872 -5.73727e+00 | 44 -0.00150 -1.18662e+01 | 45  0.00247 -1.59946e+01
 46 -0.00483 -1.10395e+01 | 47 -0.00682 -9.46287e+00 | 48 -0.00514 -1.58315e+01
 49 -0.00442 -1.23348e+01 | 50 -0.00111 -1.55284e+01 | 51  0.01167 -2.26610e+01
 52 -0.00084 -1.42906e+01 | 53 -0.01314 -9.58542e+00 | 54 -0.00538 -9.09077e+00
 55  0.00358 -1.53798e+01 | 56  0.00726 -1.65761e+01 | 57  0.01340 -2.43042e+01
 58 -0.00785 -9.56004e+00 | 59  0.00456 -1.33306e+01 | 60 -0.00288 -7.99967e+00
 61  0.01306 -1.36530e+01 | 62  0.01307 -1.75591e+01 | 63 -0.02248 -1.92970e+00
 64  0.00721 -1.28573e+01 | 65 -0.00100 -8.91141e+00 | 66 -0.01083 -5.51728e+00
 67 -0.00555 -1.63820e+00 | 68  0.01588 -1.23148e+01 | 69 -0.03579  7.48545e+00
 70  0.00353 -3.27493e+00 | 71 -0.01834  4.59504e+00 | 72  0.01175 -5.76088e+00
 73  0.01053 -7.42006e+00 | 74  0.03696 -2.19399e+01 | 75 -0.05095  5.77414e+00
 76 -0.02567  2.36409e+00 | 77  0.01937 -3.77708e+00 | 78 -0.05480  1.37053e+01
 79  0.02658 -5.39063e+00 | 80  0.01080 -4.45479e+00 | 81 -0.00572  4.14482e+00
 82 -0.00833  4.92642e+00 | 83  0.01077  1.17257e+01 | 84  0.00863  8.90599e+00
 85  0.03627  8.08175e-01 | 86  0.00400  1.03548e+01 | 87  0.00757  4.66428e-01
 88  0.02910 -1.49137e+00 | 89  0.00286  9.23169e+00 | 90 -0.00100  1.07752e+01
 91 -0.00478  1.57344e+01 | 92 -0.02292  1.39896e+01 | 93 -0.01593  1.53403e+01
 94  0.00057  1.50925e+01 | 95  0.00779  9.47692e+00 | 96 -0.00182  1.84890e+01
 97  0.04093  1.12876e+01 | 98  0.00324  2.14914e+01 | 99 -0.00453  1.90459e+01
100 -0.02739  2.13582e+01 |101 -0.01857  1.79179e+01 |102 -0.01211  2.08469e+01
103 -0.00097  2.00248e+01 |104 -0.00004  2.00786e+01 |105 -0.00559 -4.57355e+01
106 -0.39212  7.39771e+01 |107 -0.21278  2.73071e+00 |108 -0.22725 -1.58293e+00
108 variables; iteration 60; function evaluation 75; phase 4
Function value 6.0862250e+02; maximum gradient component mag -3.5419e+02
Var    Value     Gradient |Var    Value     Gradient |Var    Value     Gradient
  1 -0.41746 -2.74233e+01 |  2 -0.42059 -3.54194e+02 |  3 -0.42179 -1.49568e+02
  4  0.63827 -2.78548e+02 |  5  0.00085 -1.81385e+00 |  6  0.00016 -4.16717e-01
  7  0.00018 -5.07444e-01 |  8  0.00021 -6.16877e-01 |  9  0.00024 -7.48238e-01
 10  0.00031  8.22333e+00 | 11  0.00036  8.08090e+00 | 12  0.00042  7.91415e+00
 13  0.00047  7.70885e+00 | 14  0.00049  7.44833e+00 | 15  0.00047  7.09406e+00
 16  0.00027  6.60430e+00 | 17  0.00051  5.96846e+00 | 18  0.00008  5.54107e+00
 19  0.00029  5.31274e+00 | 20  0.00024  4.52089e+00 | 21 -0.00018  2.71498e+00
 22  0.00101  1.74878e+00 | 23 -0.00091  1.62223e+00 | 24 -0.00212  1.05914e+00
 25  0.00028 -5.73262e-02 | 26 -0.00230  3.09235e-01 | 27  0.01346 -2.86186e+00
 28  0.00030 -8.59144e-01 | 29 -0.00079 -1.10218e+00 | 30  0.00110 -1.90184e+00
 31  0.00142 -1.51675e+00 | 32  0.00209 -1.86684e+00 | 33  0.00300 -2.55866e+00
 34 -0.00028 -1.64472e+00 | 35 -0.00053 -1.93753e+00 | 36  0.00978 -4.62390e+00
 37  0.01234 -7.30535e+00 | 38 -0.01006 -1.89262e+00 | 39 -0.00496 -3.19925e+00
 40 -0.00389 -3.80577e+00 | 41  0.00002 -3.65598e+00 | 42  0.02609 -1.27744e+01
 43 -0.01007 -3.59492e+00 | 44 -0.00132 -5.01113e+00 | 45  0.00284 -7.35144e+00
 46 -0.00525 -5.33311e+00 | 47 -0.00778 -4.80791e+00 | 48 -0.00328 -5.88103e+00
 49 -0.00476 -5.87965e+00 | 50 -0.00058 -6.95590e+00 | 51  0.01153 -1.10013e+01
 52 -0.00127 -7.53804e+00 | 53 -0.01291 -5.08592e+00 | 54 -0.00688 -5.60847e+00
 55  0.00371 -7.40679e+00 | 56  0.00646 -8.62453e+00 | 57  0.01568 -1.06346e+01
 58 -0.00744 -5.21891e+00 | 59  0.00425 -7.46339e+00 | 60 -0.00295 -4.03910e+00
 61  0.01160 -7.23606e+00 | 62  0.01399 -8.60684e+00 | 63 -0.02152 -2.92994e-01
 64  0.00802 -5.43723e+00 | 65 -0.00042 -4.10849e+00 | 66 -0.01044 -3.51650e+00
 67 -0.00682 -3.46328e+00 | 68  0.01615 -4.67929e+00 | 69 -0.03645  1.89728e+00
 70  0.00234 -6.23491e+00 | 71 -0.01895 -1.68845e-01 | 72  0.01141 -4.89896e+00
 73  0.01056 -4.36756e+00 | 74  0.03711 -1.03921e+01 | 75 -0.05018  3.89837e+00
 76 -0.02530  2.15964e+00 | 77  0.01928 -3.10050e+00 | 78 -0.05494  5.15967e+00
 79  0.02647 -3.04951e+00 | 80  0.01116  1.79150e-01 | 81 -0.00569  3.35731e+00
 82 -0.00814  2.76733e+00 | 83  0.01037  1.87444e+00 | 84  0.00844  1.69378e+00
 85  0.03618  8.53845e-01 | 86  0.00385  2.44922e+00 | 87  0.00787  4.57724e+00
 88  0.02943  2.68431e+00 | 89  0.00289  5.36924e+00 | 90 -0.00083  5.92275e+00
 91 -0.00497  5.42998e+00 | 92 -0.02274  6.70061e+00 | 93 -0.01592  8.00213e+00
 94  0.00064  6.63251e+00 | 95  0.00808  8.61186e+00 | 96 -0.00188  7.63458e+00
 97  0.04106  7.62647e+00 | 98  0.00307  7.71345e+00 | 99 -0.00454  8.49238e+00
100 -0.02743  9.10950e+00 |101 -0.01834  1.03229e+01 |102 -0.01252  8.81272e+00
103 -0.00085  9.14250e+00 |104  0.00003  9.11606e+00 |105 -0.00526 -1.91531e+01
106 -0.39203  2.98869e+01 |107 -0.21597 -7.84184e-01 |108 -0.22849  5.29358e-01
Maximum number of function evaluations exceeded

 - final statistics:
108 variables; iteration 75; function evaluation 100
Function value 6.0860e+02; maximum gradient component mag -2.2519e+02
Exit code = 3;  converg criter 1.0000e+00
Var    Value     Gradient |Var    Value     Gradient |Var    Value     Gradient
  1 -0.41718 -1.38227e+01 |  2 -0.42018 -2.25194e+02 |  3 -0.42252 -9.64289e+01
  4  0.63803 -1.83573e+02 |  5  0.00081 -1.25775e+00 |  6  0.00017 -2.67592e-01
  7  0.00020 -3.21956e-01 |  8  0.00023 -3.87247e-01 |  9  0.00027 -4.66321e-01
 10  0.00034  5.43176e+00 | 11  0.00034  5.27454e+00 | 12  0.00032  5.06483e+00
 13  0.00027  4.80386e+00 | 14  0.00020  4.49811e+00 | 15  0.00012  4.17919e+00
 16 -0.00004  3.90689e+00 | 17  0.00033  3.63863e+00 | 18 -0.00026  3.16970e+00
 19 -0.00056  2.39982e+00 | 20 -0.00054  1.96810e+00 | 21 -0.00004  1.78346e+00
 22  0.00103  9.56607e-01 | 23 -0.00125  4.90923e-01 | 24 -0.00256 -1.18849e-02
 25 -0.00011 -7.34019e-01 | 26 -0.00308 -9.70421e-01 | 27  0.01286 -2.95195e+00
 28  0.00007 -1.13386e+00 | 29 -0.00125 -1.59604e+00 | 30  0.00081 -1.82230e+00
 31  0.00089 -1.86698e+00 | 32  0.00093 -2.93305e+00 | 33  0.00290 -1.97902e+00
 34 -0.00110 -2.19194e+00 | 35 -0.00117 -2.13741e+00 | 36  0.00900 -4.14972e+00
 37  0.01245 -5.32522e+00 | 38 -0.01040 -1.91917e+00 | 39 -0.00490 -2.24406e+00
 40 -0.00382 -2.68013e+00 | 41 -0.00109 -3.85207e+00 | 42  0.02632 -8.51436e+00
 43 -0.00973 -1.96791e+00 | 44 -0.00174 -3.98995e+00 | 45  0.00320 -4.75866e+00
 46 -0.00525 -3.71906e+00 | 47 -0.00782 -3.24619e+00 | 48 -0.00293 -3.17059e+00
 49 -0.00458 -3.72413e+00 | 50 -0.00062 -4.73753e+00 | 51  0.01221 -6.61780e+00
 52 -0.00093 -4.61191e+00 | 53 -0.01206 -1.96514e+00 | 54 -0.00654 -3.31374e+00
 55  0.00391 -4.60593e+00 | 56  0.00751 -4.56395e+00 | 57  0.01597 -6.69630e+00
 58 -0.00606 -1.12086e+00 | 59  0.00540 -3.37388e+00 | 60 -0.00281 -2.32416e+00
 61  0.01140 -4.79317e+00 | 62  0.01451 -5.00534e+00 | 63 -0.02181 -7.81335e-01
 64  0.00765 -4.01751e+00 | 65 -0.00017 -2.19751e+00 | 66 -0.00906 -4.57947e-02
 67 -0.00635 -1.45368e+00 | 68  0.01559 -5.83715e+00 | 69 -0.03625  1.42639e+00
 70  0.00333 -1.12853e+00 | 71 -0.01863  6.43905e-01 | 72  0.01170 -2.45682e+00
 73  0.01087 -1.75766e+00 | 74  0.03731 -6.16380e+00 | 75 -0.04985  3.63265e+00
 76 -0.02511  2.49353e+00 | 77  0.01935 -2.02278e+00 | 78 -0.05486  3.48768e+00
 79  0.02651 -1.89384e+00 | 80  0.01120  3.91741e-01 | 81 -0.00571  1.80071e+00
 82 -0.00806  2.48237e+00 | 83  0.01035  5.13218e-01 | 84  0.00851  1.67623e+00
 85  0.03618  1.77758e-01 | 86  0.00399  2.79830e+00 | 87  0.00794  4.15459e+00
 88  0.02949  2.34099e+00 | 89  0.00293  3.63296e+00 | 90 -0.00079  3.78751e+00
 91 -0.00491  3.81817e+00 | 92 -0.02268  4.54022e+00 | 93 -0.01590  5.20595e+00
 94  0.00070  4.48598e+00 | 95  0.00812  5.93726e+00 | 96 -0.00184  4.82942e+00
 97  0.04112  5.76932e+00 | 98  0.00313  5.04254e+00 | 99 -0.00441  6.93685e+00
100 -0.02746  5.60065e+00 |101 -0.01842  6.09232e+00 |102 -0.01304  4.67514e+00
103 -0.00079  6.10602e+00 |104  0.00002  5.97371e+00 |105 -0.00483 -1.34847e+01
106 -0.39182  2.18857e+01 |107 -0.21690 -9.58628e-01 |108 -0.22906  8.72152e-01

Initial statistics: 111 variables; iteration 0; function evaluation 0; phase 5
Function value 6.0859758e+02; maximum gradient component mag -2.2519e+02
Var    Value     Gradient |Var    Value     Gradient |Var    Value     Gradient
  1 -0.41718 -1.38227e+01 |  2 -0.42018 -2.25194e+02 |  3 -0.42252 -9.64289e+01
  4 -0.41222  5.87885e+01 |  5 -0.41222  1.66482e+01 |  6  0.63803 -1.83573e+02
  7  0.00081 -1.25775e+00 |  8  0.00017 -2.67592e-01 |  9  0.00020 -3.21956e-01
 10  0.00023 -3.87247e-01 | 11  0.00027 -4.66321e-01 | 12  0.00034  5.42155e+00
 13  0.00034  5.26433e+00 | 14  0.00032  5.05463e+00 | 15  0.00027  4.79366e+00
 16  0.00020  4.48790e+00 | 17  0.00012  4.16899e+00 | 18 -0.00004  3.89669e+00
 19  0.00033  3.62842e+00 | 20 -0.00026  3.15950e+00 | 21 -0.00056  2.38961e+00
 22 -0.00054  1.95790e+00 | 23 -0.00004  1.77325e+00 | 24  0.00103  9.46403e-01
 25 -0.00125  4.80719e-01 | 26 -0.00256 -2.20888e-02 | 27 -0.00011 -7.44222e-01
 28 -0.00308 -9.80625e-01 | 29  0.01286 -2.96215e+00 | 30  0.00007 -1.14406e+00
 31 -0.00125 -1.60625e+00 | 32  0.00081 -1.83251e+00 | 33  0.00089 -1.87718e+00
 34  0.00093 -2.94325e+00 | 35  0.00290 -1.98923e+00 | 36 -0.00110 -2.20214e+00
 37 -0.00117 -2.14761e+00 | 38  0.00900 -4.15992e+00 | 39  0.01245 -5.33542e+00
 40 -0.01040 -1.92937e+00 | 41 -0.00490 -2.25427e+00 | 42 -0.00382 -2.69033e+00
 43 -0.00109 -3.86228e+00 | 44  0.02632 -8.52456e+00 | 45 -0.00973 -1.97811e+00
 46 -0.00174 -4.00016e+00 | 47  0.00320 -4.76887e+00 | 48 -0.00526 -3.72926e+00
 49 -0.00782 -3.25639e+00 | 50 -0.00293 -3.18079e+00 | 51 -0.00458 -3.73433e+00
 52 -0.00062 -4.74773e+00 | 53  0.01221 -6.62800e+00 | 54 -0.00093 -4.62212e+00
 55 -0.01206 -1.97534e+00 | 56 -0.00654 -3.32395e+00 | 57  0.00391 -4.61614e+00
 58  0.00751 -4.57415e+00 | 59  0.01597 -6.70650e+00 | 60 -0.00606 -1.13106e+00
 61  0.00540 -3.38408e+00 | 62 -0.00281 -2.33437e+00 | 63  0.01140 -4.80337e+00
 64  0.01451 -5.01554e+00 | 65 -0.02181 -7.91533e-01 | 66  0.00765 -4.02771e+00
 67 -0.00017 -2.20772e+00 | 68 -0.00906 -5.59976e-02 | 69 -0.00635 -1.46388e+00
 70  0.01559 -5.84735e+00 | 71 -0.03625  1.41621e+00 | 72  0.00333 -1.13874e+00
 73 -0.01863  6.33705e-01 | 74  0.01170 -2.46702e+00 | 75  0.01087 -1.76786e+00
 76  0.03731 -6.17398e+00 | 77 -0.04985  3.62248e+00 | 78 -0.02511  2.48334e+00
 79  0.01935 -2.03298e+00 | 80 -0.05486  3.47751e+00 | 81  0.02651 -1.90403e+00
 82  0.01120  3.81538e-01 | 83 -0.00571  1.79051e+00 | 84 -0.00806  2.47217e+00
 85  0.01035  5.03015e-01 | 86  0.00851  1.66603e+00 | 87  0.03618  1.67571e-01
 88  0.00399  2.78809e+00 | 89  0.00794  4.14438e+00 | 90  0.02949  2.33080e+00
 91  0.00293  3.62276e+00 | 92 -0.00079  3.77731e+00 | 93 -0.00491  3.80797e+00
 94 -0.02268  4.53002e+00 | 95 -0.01590  5.19575e+00 | 96  0.00070  4.47578e+00
 97  0.00812  5.92706e+00 | 98 -0.00184  4.81922e+00 | 99  0.04112  5.75913e+00
100  0.00313  5.03234e+00 |101 -0.00441  6.92664e+00 |102 -0.02746  5.59046e+00
103 -0.01842  6.08212e+00 |104 -0.01304  4.66494e+00 |105 -0.00079  6.09582e+00
106  0.00002  5.96350e+00 |107  0.00000 -7.23103e+01 |108 -0.00483 -1.34847e+01
109 -0.39182  2.18857e+01 |110 -0.21690 -9.58628e-01 |111 -0.22906  8.72152e-01

Intermediate statistics: 111 variables; iteration 20; function evaluation 25; phase 5
Function value 6.0804830e+02; maximum gradient component mag -2.5057e+02
Var    Value     Gradient |Var    Value     Gradient |Var    Value     Gradient
  1 -0.41549 -4.57843e+00 |  2 -0.41756 -2.50570e+02 |  3 -0.42678 -1.23117e+02
  4 -0.42218  1.70012e+01 |  5 -0.42672  2.51920e+00 |  6  0.63732 -2.13598e+02
  7  0.00072 -1.51985e+00 |  8  0.00014 -3.31122e-01 |  9  0.00017 -4.02707e-01
 10  0.00019 -4.89363e-01 | 11  0.00021 -5.94209e-01 | 12  0.00028  7.27124e+00
 13  0.00028  7.11154e+00 | 14  0.00027  6.91656e+00 | 15  0.00024  6.68228e+00
 16  0.00019  6.40530e+00 | 17  0.00011  6.08625e+00 | 18 -0.00010  5.73346e+00
 19  0.00017  5.31571e+00 | 20 -0.00040  4.84441e+00 | 21 -0.00055  4.25999e+00
 22 -0.00059  3.67662e+00 | 23 -0.00034  3.07008e+00 | 24  0.00079  2.27307e+00
 25 -0.00148  1.81106e+00 | 26 -0.00280  1.33574e+00 | 27 -0.00043  5.67734e-01
 28 -0.00349  4.96874e-01 | 29  0.01316 -1.55646e+00 | 30 -0.00039  2.05677e-01
 31 -0.00137 -8.33518e-02 | 32  0.00038 -7.79533e-01 | 33  0.00070 -5.44345e-01
 34  0.00125 -9.67655e-01 | 35  0.00232 -1.21363e+00 | 36 -0.00145 -9.32381e-01
 37 -0.00165 -1.04937e+00 | 38  0.00860 -2.90732e+00 | 39  0.01300 -3.46399e+00
 40 -0.01048 -2.44649e-01 | 41 -0.00521 -9.65924e-01 | 42 -0.00414 -1.27768e+00
 43 -0.00115 -1.99340e+00 | 44  0.02710 -7.02765e+00 | 45 -0.01016 -7.35385e-01
 46 -0.00161 -2.17791e+00 | 47  0.00332 -3.12812e+00 | 48 -0.00523 -1.92740e+00
 49 -0.00770 -1.67468e+00 | 50 -0.00333 -2.26064e+00 | 51 -0.00483 -2.19736e+00
 52 -0.00074 -2.91135e+00 | 53  0.01286 -4.96774e+00 | 54 -0.00094 -2.39270e+00
 55 -0.01225 -6.03976e-01 | 56 -0.00632 -1.39792e+00 | 57  0.00435 -2.74260e+00
 58  0.00703 -3.08551e+00 | 59  0.01682 -4.04572e+00 | 60 -0.00645 -2.66516e-01
 61  0.00497 -1.88490e+00 | 62 -0.00315 -6.29655e-01 | 63  0.01163 -2.70380e+00
 64  0.01498 -2.47231e+00 | 65 -0.02149  1.81106e+00 | 66  0.00802 -1.54523e+00
 67  0.00080 -5.06202e-02 | 68 -0.00879  1.51460e+00 | 69 -0.00672  9.03346e-02
 70  0.01563 -3.60587e+00 | 71 -0.03578  3.92789e+00 | 72  0.00327  1.71008e-01
 73 -0.01868  2.14012e+00 | 74  0.01108 -3.74521e+00 | 75  0.01070 -1.86613e+00
 76  0.03811  2.84172e+00 | 77 -0.04962  5.70477e+00 | 78 -0.02458  7.73768e+00
 79  0.01955 -4.63605e+00 | 80 -0.05428  6.48493e+00 | 81  0.02655 -1.26850e+01
 82  0.01113  2.16898e+00 | 83 -0.00512  3.93849e+00 | 84 -0.00814  4.06992e+00
 85  0.01060 -1.17184e+00 | 86  0.00826 -5.78578e-01 | 87  0.03622 -9.26070e+00
 88  0.00380  1.01650e+00 | 89  0.00810  5.19623e-01 | 90  0.02931 -2.29469e+00
 91  0.00329  2.43769e+00 | 92 -0.00080  2.14866e+00 | 93 -0.00469  3.75920e+00
 94 -0.02231  8.31341e+00 | 95 -0.01598 -7.92380e-01 | 96  0.00030 -7.20770e-01
 97  0.00824  1.61464e+00 | 98 -0.00170  7.93964e+00 | 99  0.04125  6.12368e+00
100  0.00344  8.34687e+00 |101 -0.00429  5.79633e+00 |102 -0.02678  1.20059e+01
103 -0.01865  1.98550e-01 |104 -0.01287  8.06429e+00 |105 -0.00085  7.99275e+00
106  0.00005  7.98872e+00 |107  0.00013 -1.38561e+02 |108 -0.00336 -1.43331e+01
109 -0.39141  2.29555e+01 |110 -0.20665  4.68560e+00 |111 -0.22514  3.38817e+00
111 variables; iteration 40; function evaluation 45; phase 5
Function value 6.0799735e+02; maximum gradient component mag -2.3802e+02
Var    Value     Gradient |Var    Value     Gradient |Var    Value     Gradient
  1 -0.41542 -9.22303e+00 |  2 -0.41733 -2.38017e+02 |  3 -0.42700 -1.10867e+02
  4 -0.42332  7.37628e+00 |  5 -0.42982 -9.46767e-01 |  6  0.63721 -1.98987e+02
  7  0.00069 -1.58732e+00 |  8  0.00013 -3.50500e-01 |  9  0.00015 -4.27715e-01
 10  0.00017 -5.21386e-01 | 11  0.00019 -6.34694e-01 | 12  0.00025  6.27185e+00
 13  0.00025  6.11208e+00 | 14  0.00024  5.92283e+00 | 15  0.00022  5.69804e+00
 16  0.00017  5.43084e+00 | 17  0.00009  5.11186e+00 | 18 -0.00014  4.73370e+00
 19  0.00010  4.26987e+00 | 20 -0.00046  3.80143e+00 | 21 -0.00057  3.27816e+00
 22 -0.00064  2.65277e+00 | 23 -0.00046  1.93070e+00 | 24  0.00068  1.14259e+00
 25 -0.00160  6.72257e-01 | 26 -0.00292  1.90175e-01 | 27 -0.00058 -6.03767e-01
 28 -0.00363 -5.94021e-01 | 29  0.01325 -2.46641e+00 | 30 -0.00064 -1.09314e+00
 31 -0.00146 -1.17060e+00 | 32  0.00026 -1.91632e+00 | 33  0.00058 -1.67242e+00
 34  0.00112 -2.12682e+00 | 35  0.00217 -2.37126e+00 | 36 -0.00160 -2.08042e+00
 37 -0.00182 -2.21099e+00 | 38  0.00858 -3.81238e+00 | 39  0.01301 -4.45308e+00
 40 -0.01054 -1.22081e+00 | 41 -0.00535 -2.06715e+00 | 42 -0.00427 -2.34312e+00
 43 -0.00124 -2.94543e+00 | 44  0.02712 -8.03117e+00 | 45 -0.01031 -1.83331e+00
 46 -0.00165 -3.10892e+00 | 47  0.00326 -4.11145e+00 | 48 -0.00532 -2.90980e+00
 49 -0.00762 -2.39282e+00 | 50 -0.00334 -3.09866e+00 | 51 -0.00493 -3.10661e+00
 52 -0.00057 -3.39392e+00 | 53  0.01292 -5.78670e+00 | 54 -0.00108 -3.39029e+00
 55 -0.01214 -1.15377e+00 | 56 -0.00617 -1.94851e+00 | 57  0.00430 -3.63307e+00
 58  0.00715 -3.59676e+00 | 59  0.01674 -5.01309e+00 | 60 -0.00634 -7.89676e-01
 61  0.00499 -2.45374e+00 | 62 -0.00289 -8.92758e-01 | 63  0.01139 -3.66114e+00
 64  0.01510 -3.09642e+00 | 65 -0.02142  1.22570e+00 | 66  0.00800 -2.18631e+00
 67  0.00111 -4.18801e-01 | 68 -0.00870  8.58497e-01 | 69 -0.00651  2.42304e-01
 70  0.01576 -3.43523e+00 | 71 -0.03606  2.13714e+00 | 72  0.00342  3.35151e-01
 73 -0.01876  1.27919e+00 | 74  0.01161  1.84697e-01 | 75  0.01021 -6.34712e+00
 76  0.03808  1.60139e+00 | 77 -0.04932  6.24072e+00 | 78 -0.02478  4.63753e+00
 79  0.01953 -2.69033e+00 | 80 -0.05401  7.39720e+00 | 81  0.02662 -7.66963e+00
 82  0.01099 -3.30506e-01 | 83 -0.00523  2.72100e+00 | 84 -0.00811  4.01318e+00
 85  0.01054 -4.87924e-01 | 86  0.00851  2.99365e+00 | 87  0.03630 -4.87096e+00
 88  0.00395  2.83115e+00 | 89  0.00815  2.58902e+00 | 90  0.02930 -2.60254e+00
 91  0.00320  1.58182e+00 | 92 -0.00052  5.80298e+00 | 93 -0.00484  1.92265e+00
 94 -0.02223  8.04779e+00 | 95 -0.01577  3.91352e+00 | 96  0.00025 -2.00352e+00
 97  0.00830  3.96094e+00 | 98 -0.00176  6.16437e+00 | 99  0.04117  5.82192e+00
100  0.00344  6.88514e+00 |101 -0.00422  7.25519e+00 |102 -0.02694  9.41138e+00
103 -0.01837  3.73176e+00 |104 -0.01283  6.96951e+00 |105 -0.00087  7.01853e+00
106  0.00005  7.04653e+00 |107  0.00028 -9.71144e+01 |108 -0.00290 -1.36941e+01
109 -0.39120  2.28143e+01 |110 -0.20824  2.19984e+00 |111 -0.22610  9.56191e-01
111 variables; iteration 60; function evaluation 78; phase 5
Function value 6.0797112e+02; maximum gradient component mag -3.0086e+01
Var    Value     Gradient |Var    Value     Gradient |Var    Value     Gradient
  1 -0.41553 -2.12502e+00 |  2 -0.41733 -3.00859e+01 |  3 -0.42679 -1.31114e+01
  4 -0.42514 -4.67209e-01 |  5 -0.43052 -5.81301e-01 |  6  0.63709 -2.41308e+01
  7  0.00069 -1.86553e-01 |  8  0.00014 -4.08086e-02 |  9  0.00015 -4.93140e-02
 10  0.00017 -5.95126e-02 | 11  0.00019 -7.17635e-02 | 12  0.00024  6.90441e-01
 13  0.00024  6.69884e-01 | 14  0.00023  6.43793e-01 | 15  0.00019  6.11902e-01
 16  0.00014  5.74356e-01 | 17  0.00005  5.33049e-01 | 18 -0.00016  4.91960e-01
 19  0.00009  4.44618e-01 | 20 -0.00048  3.82381e-01 | 21 -0.00062  2.96645e-01
 22 -0.00068  2.24397e-01 | 23 -0.00046  1.60032e-01 | 24  0.00067  5.11450e-02
 25 -0.00161 -1.12349e-02 | 26 -0.00292 -7.18769e-02 | 27 -0.00056 -1.64269e-01
 28 -0.00361 -1.75039e-01 | 29  0.01307 -4.02499e-01 | 30 -0.00054 -2.26770e-01
 31 -0.00148 -2.57221e-01 | 32  0.00025 -3.37445e-01 | 33  0.00058 -3.20924e-01
 34  0.00118 -3.79432e-01 | 35  0.00218 -3.79102e-01 | 36 -0.00156 -3.52357e-01
 37 -0.00175 -3.57326e-01 | 38  0.00850 -6.51397e-01 | 39  0.01293 -6.62443e-01
 40 -0.01053 -2.36580e-01 | 41 -0.00531 -3.69971e-01 | 42 -0.00421 -4.02382e-01
 43 -0.00115 -4.67246e-01 | 44  0.02703 -1.14063e+00 | 45 -0.01023 -3.36653e-01
 46 -0.00161 -5.02632e-01 | 47  0.00331 -6.34175e-01 | 48 -0.00525 -4.79138e-01
 49 -0.00768 -4.28371e-01 | 50 -0.00340 -4.92857e-01 | 51 -0.00485 -5.10306e-01
 52 -0.00069 -5.74728e-01 | 53  0.01286 -9.21448e-01 | 54 -0.00097 -5.38075e-01
 55 -0.01234 -4.07027e-01 | 56 -0.00629 -4.32524e-01 | 57  0.00443 -5.81273e-01
 58  0.00700 -7.24154e-01 | 59  0.01679 -8.67765e-01 | 60 -0.00646 -1.80315e-01
 61  0.00494 -4.79630e-01 | 62 -0.00310 -2.78930e-01 | 63  0.01171 -6.03456e-01
 64  0.01500 -5.22889e-01 | 65 -0.02140  8.00922e-02 | 66  0.00809 -4.57905e-01
 67  0.00090 -3.31162e-01 | 68 -0.00878 -5.28430e-02 | 69 -0.00653 -9.94665e-02
 70  0.01591 -5.16388e-01 | 71 -0.03579  2.44151e-01 | 72  0.00325 -2.29478e-01
 73 -0.01863  8.10687e-02 | 74  0.01138 -2.14906e-01 | 75  0.01084 -1.60103e-01
 76  0.03766 -7.51764e-01 | 77 -0.04957  4.05530e-01 | 78 -0.02495  2.33774e-01
 79  0.01949 -2.10615e-01 | 80 -0.05438  4.48452e-01 | 81  0.02676 -1.44464e-01
 82  0.01105  5.97633e-02 | 83 -0.00526  1.97745e-01 | 84 -0.00815  5.49686e-01
 85  0.01061  2.48581e-01 | 86  0.00849  3.24028e-01 | 87  0.03645  1.17811e-01
 88  0.00399  3.23429e-01 | 89  0.00813  3.76536e-01 | 90  0.02950  2.69568e-01
 91  0.00330  4.68830e-01 | 92 -0.00062  3.70430e-01 | 93 -0.00474  5.71020e-01
 94 -0.02243  5.42871e-01 | 95 -0.01578  6.32006e-01 | 96  0.00065  6.99315e-01
 97  0.00830  6.51517e-01 | 98 -0.00181  6.83571e-01 | 99  0.04106  6.49195e-01
100  0.00336  5.46231e-01 |101 -0.00435  8.24363e-01 |102 -0.02730  7.36594e-01
103 -0.01824  8.97081e-01 |104 -0.01277  7.97388e-01 |105 -0.00088  7.80376e-01
106  0.00003  7.76958e-01 |107  0.00050 -6.52202e+00 |108 -0.00310 -1.78913e+00
109 -0.39122  2.95250e+00 |110 -0.20780 -1.33904e-01 |111 -0.22593  1.37351e-01
111 variables; iteration 80; function evaluation 113; phase 5
Function value 6.0797103e+02; maximum gradient component mag 1.8474e+00
Var    Value     Gradient |Var    Value     Gradient |Var    Value     Gradient
  1 -0.41552  1.29293e-01 |  2 -0.41728  1.84736e+00 |  3 -0.42686  8.14288e-01
  4 -0.42508  2.81447e-02 |  5 -0.43064  3.37008e-02 |  6  0.63707  1.49592e+00
  7  0.00068  1.90138e-02 |  8  0.00013  3.97719e-03 |  9  0.00015  5.07163e-03
 10  0.00017  6.45727e-03 | 11  0.00019  8.17643e-03 | 12  0.00023 -4.02392e-02
 13  0.00023 -3.93094e-02 | 14  0.00022 -3.90029e-02 | 15  0.00019 -3.90259e-02
 16  0.00013 -3.88326e-02 | 17  0.00005 -3.69898e-02 | 18 -0.00017 -3.13545e-02
 19  0.00008 -2.35375e-02 | 20 -0.00050 -2.13570e-02 | 21 -0.00063 -2.39573e-02
 22 -0.00069 -1.66863e-02 | 23 -0.00048 -3.89647e-03 | 24  0.00065 -1.36501e-03
 25 -0.00163  9.84699e-04 | 26 -0.00294  6.40958e-03 | 27 -0.00058  9.53084e-03
 28 -0.00362  1.37751e-02 | 29  0.01301  2.76949e-02 | 30 -0.00055  1.45613e-02
 31 -0.00149  2.08363e-02 | 32  0.00022  2.20143e-02 | 33  0.00057  1.60059e-02
 34  0.00118  2.99415e-02 | 35  0.00215  3.18737e-02 | 36 -0.00158  2.21622e-02
 37 -0.00178  1.30259e-02 | 38  0.00852  3.24912e-02 | 39  0.01289  4.60218e-02
 40 -0.01055  2.23240e-02 | 41 -0.00531  2.35163e-02 | 42 -0.00422  2.69198e-02
 43 -0.00116  2.53742e-02 | 44  0.02700  7.33963e-02 | 45 -0.01023  1.67560e-02
 46 -0.00162  3.18783e-02 | 47  0.00330  3.87526e-02 | 48 -0.00526  2.91581e-02
 49 -0.00769  3.41325e-02 | 50 -0.00343  1.70333e-02 | 51 -0.00485  2.51305e-02
 52 -0.00069  4.09989e-02 | 53  0.01289  5.35301e-02 | 54 -0.00097  3.91592e-02
 55 -0.01230  1.81540e-02 | 56 -0.00628  1.90903e-02 | 57  0.00443  3.57034e-02
 58  0.00708  3.92049e-02 | 59  0.01684  4.93391e-02 | 60 -0.00649  1.89282e-02
 61  0.00497  3.42113e-02 | 62 -0.00310  1.90846e-02 | 63  0.01177  3.81761e-02
 64  0.01498  3.64766e-02 | 65 -0.02142  4.94783e-05 | 66  0.00813  1.79226e-02
 67  0.00096  1.05154e-02 | 68 -0.00878  1.77596e-02 | 69 -0.00651  6.18676e-03
 70  0.01593  3.25589e-02 | 71 -0.03578 -1.44282e-02 | 72  0.00328  1.33078e-02
 73 -0.01861 -4.72644e-03 | 74  0.01139  1.37685e-02 | 75  0.01085  8.79952e-03
 76  0.03768  4.48498e-02 | 77 -0.04956 -2.59534e-02 | 78 -0.02494 -1.76331e-02
 79  0.01950  1.05470e-02 | 80 -0.05437 -2.95602e-02 | 81  0.02677  7.38136e-03
 82  0.01105 -3.00658e-03 | 83 -0.00525 -1.33014e-02 | 84 -0.00817 -3.37310e-02
 85  0.01061 -1.56059e-02 | 86  0.00849 -2.05831e-02 | 87  0.03645 -7.29976e-03
 88  0.00399 -1.96681e-02 | 89  0.00814 -2.45412e-02 | 90  0.02950 -1.57013e-02
 91  0.00331 -2.87704e-02 | 92 -0.00061 -2.31183e-02 | 93 -0.00473 -3.46848e-02
 94 -0.02243 -3.53608e-02 | 95 -0.01578 -4.00757e-02 | 96  0.00064 -4.32090e-02
 97  0.00830 -4.21082e-02 | 98 -0.00181 -4.30054e-02 | 99  0.04106 -4.18473e-02
100  0.00337 -3.50980e-02 |101 -0.00435 -5.20185e-02 |102 -0.02729 -4.69988e-02
103 -0.01824 -5.43900e-02 |104 -0.01277 -4.01771e-02 |105 -0.00088 -4.90233e-02
106  0.00003 -5.04668e-02 |107  0.00051  3.74687e-01 |108 -0.00306  1.11953e-01
109 -0.39121 -1.83602e-01 |110 -0.20773  6.64216e-03 |111 -0.22593 -7.60590e-03
111 variables; iteration 100; function evaluation 148; phase 5
Function value 6.0797103e+02; maximum gradient component mag 2.0475e-02
Var    Value     Gradient |Var    Value     Gradient |Var    Value     Gradient
  1 -0.41552  1.43478e-03 |  2 -0.41728  2.04751e-02 |  3 -0.42686  9.02163e-03
  4 -0.42508  3.11617e-04 |  5 -0.43064  3.76370e-04 |  6  0.63707  1.65753e-02
  7  0.00068  2.53827e-04 |  8  0.00013  5.86144e-05 |  9  0.00015  7.87520e-05
 10  0.00017  1.04355e-04 | 11  0.00018  1.35520e-04 | 12  0.00023 -4.33390e-04
 13  0.00023 -4.28992e-04 | 14  0.00022 -4.43968e-04 | 15  0.00019 -4.73895e-04
 16  0.00013 -5.02627e-04 | 17  0.00005 -4.77962e-04 | 18 -0.00017 -3.61895e-04
 19  0.00008 -3.29398e-04 | 20 -0.00050 -2.61558e-04 | 21 -0.00063 -1.93495e-04
 22 -0.00069 -1.52478e-04 | 23 -0.00049 -4.00570e-05 | 24  0.00065  1.18039e-05
 25 -0.00163  1.02927e-04 | 26 -0.00294  1.37877e-04 | 27 -0.00058  3.72305e-05
 28 -0.00362  2.03014e-04 | 29  0.01302  3.32121e-04 | 30 -0.00055  1.36536e-04
 31 -0.00150  1.17013e-04 | 32  0.00022  1.29996e-04 | 33  0.00057  2.63360e-04
 34  0.00118  2.67046e-04 | 35  0.00215  3.52191e-04 | 36 -0.00158  2.37902e-04
 37 -0.00178  2.41089e-05 | 38  0.00852  3.24626e-04 | 39  0.01289  5.15827e-04
 40 -0.01055  1.46139e-04 | 41 -0.00531  4.45570e-04 | 42 -0.00422  4.81115e-04
 43 -0.00115  4.08902e-04 | 44  0.02700  8.03511e-04 | 45 -0.01023  3.52191e-04
 46 -0.00162  3.86194e-04 | 47  0.00330  4.67702e-04 | 48 -0.00526  3.00772e-04
 49 -0.00770  5.02077e-04 | 50 -0.00342  2.13712e-04 | 51 -0.00485  1.04171e-04
 52 -0.00070  3.35037e-04 | 53  0.01289  5.17189e-04 | 54 -0.00098  4.49892e-04
 55 -0.01230  1.72195e-04 | 56 -0.00627  2.07878e-04 | 57  0.00443  3.25364e-04
 58  0.00708  3.87174e-04 | 59  0.01684  5.42179e-04 | 60 -0.00649  1.93186e-04
 61  0.00497  3.55333e-04 | 62 -0.00310  3.58541e-04 | 63  0.01177  4.62878e-04
 64  0.01497  3.75333e-04 | 65 -0.02142  6.40334e-06 | 66  0.00813  1.47283e-04
 67  0.00097  2.37035e-04 | 68 -0.00878  1.59052e-04 | 69 -0.00652  7.04875e-05
 70  0.01593  3.64221e-04 | 71 -0.03578 -1.58684e-04 | 72  0.00328  1.48838e-04
 73 -0.01861 -4.92719e-05 | 74  0.01139  1.51064e-04 | 75  0.01085  9.67068e-05
 76  0.03768  4.98718e-04 | 77 -0.04956 -2.87317e-04 | 78 -0.02494 -1.93447e-04
 79  0.01950  1.18662e-04 | 80 -0.05437 -3.26146e-04 | 81  0.02677  8.20211e-05
 82  0.01105 -3.36371e-05 | 83 -0.00525 -1.45139e-04 | 84 -0.00817 -3.79025e-04
 85  0.01061 -1.72818e-04 | 86  0.00849 -2.29901e-04 | 87  0.03645 -8.19343e-05
 88  0.00399 -2.17484e-04 | 89  0.00814 -2.70710e-04 | 90  0.02950 -1.74895e-04
 91  0.00331 -3.18575e-04 | 92 -0.00061 -2.52891e-04 | 93 -0.00473 -3.83988e-04
 94 -0.02243 -3.89266e-04 | 95 -0.01578 -4.42075e-04 | 96  0.00064 -4.79858e-04
 97  0.00830 -4.64935e-04 | 98 -0.00181 -4.76574e-04 | 99  0.04106 -4.61799e-04
100  0.00337 -3.84421e-04 |101 -0.00435 -5.75773e-04 |102 -0.02729 -5.19297e-04
103 -0.01824 -6.03380e-04 |104 -0.01277 -4.54358e-04 |105 -0.00088 -5.49542e-04
106  0.00003 -5.87336e-04 |107  0.00051  4.15637e-03 |108 -0.00306  1.23905e-03
109 -0.39121 -2.03276e-03 |110 -0.20773  7.78291e-05 |111 -0.22593 -8.66548e-05
  ic > imax  in fminim is answer attained ?
Var    Value     Gradient |Var    Value     Gradient |Var    Value     Gradient
  1 -0.41552  3.25250e-04 |  2 -0.41728  4.65049e-03 |  3 -0.42686  2.04949e-03
  4 -0.42508  7.00456e-05 |  5 -0.43064  8.54107e-05 |  6  0.63707  3.76542e-03
  7  0.00068  5.94701e-05 |  8  0.00013  1.11536e-05 |  9  0.00015  1.65574e-05
 10  0.00017  2.41723e-05 | 11  0.00018  3.41675e-05 | 12  0.00023 -9.82445e-05
 13  0.00023 -9.74110e-05 | 14  0.00022 -1.03744e-04 | 15  0.00019 -1.12896e-04
 16  0.00013 -1.14500e-04 | 17  0.00005 -9.73360e-05 | 18 -0.00017 -7.57983e-05
 19  0.00008 -6.79166e-05 | 20 -0.00050 -5.58066e-05 | 21 -0.00063 -4.52844e-05
 22 -0.00069 -3.12493e-05 | 23 -0.00049 -1.46975e-05 | 24  0.00065  6.63982e-06
 25 -0.00163  5.43858e-06 | 26 -0.00294  3.55932e-05 | 27 -0.00058 -8.35110e-06
 28 -0.00362  4.15564e-05 | 29  0.01302  8.67819e-05 | 30 -0.00055  5.93582e-05
 31 -0.00150  2.48064e-05 | 32  0.00022  2.49373e-05 | 33  0.00057  6.38004e-05
 34  0.00118  6.34241e-05 | 35  0.00215  8.81588e-05 | 36 -0.00158  6.04351e-05
 37 -0.00178  6.12175e-06 | 38  0.00852  6.64384e-05 | 39  0.01289  1.02832e-04
 40 -0.01055  2.89025e-05 | 41 -0.00531  9.44954e-05 | 42 -0.00422  1.01519e-04
 43 -0.00115  7.90447e-05 | 44  0.02700  1.85425e-04 | 45 -0.01023  7.57035e-05
 46 -0.00162  9.01655e-05 | 47  0.00330  1.09414e-04 | 48 -0.00526  7.19125e-05
 49 -0.00770  1.14240e-04 | 50 -0.00342  5.07549e-05 | 51 -0.00485  2.80137e-05
 52 -0.00070  7.60209e-05 | 53  0.01289  1.23443e-04 | 54 -0.00098  1.02389e-04
 55 -0.01230  4.16166e-05 | 56 -0.00627  6.12398e-05 | 57  0.00443  5.96371e-05
 58  0.00708  7.57332e-05 | 59  0.01684  1.28095e-04 | 60 -0.00649  4.22301e-05
 61  0.00497  7.96609e-05 | 62 -0.00310  8.44099e-05 | 63  0.01177  1.06856e-04
 64  0.01497  8.38391e-05 | 65 -0.02142  1.34819e-06 | 66  0.00813  3.43633e-05
 67  0.00097  5.39477e-05 | 68 -0.00878  3.53257e-05 | 69 -0.00652  1.65124e-05
 70  0.01593  8.24258e-05 | 71 -0.03578 -3.62017e-05 | 72  0.00328  3.36205e-05
 73 -0.01861 -1.15392e-05 | 74  0.01139  3.45012e-05 | 75  0.01085  2.20431e-05
 76  0.03768  1.12817e-04 | 77 -0.04956 -6.54145e-05 | 78 -0.02494 -4.43905e-05
 79  0.01950  2.65021e-05 | 80 -0.05437 -7.45181e-05 | 81  0.02677  1.84482e-05
 82  0.01105 -7.75521e-06 | 83 -0.00525 -3.35078e-05 | 84 -0.00817 -8.52100e-05
 85  0.01061 -3.94145e-05 | 86  0.00849 -5.20760e-05 | 87  0.03645 -1.87602e-05
 88  0.00399 -4.97996e-05 | 89  0.00814 -6.18337e-05 | 90  0.02950 -3.99232e-05
 91  0.00331 -7.26348e-05 | 92 -0.00061 -5.82490e-05 | 93 -0.00473 -8.73925e-05
 94 -0.02243 -8.90127e-05 | 95 -0.01578 -1.00717e-04 | 96  0.00064 -1.08862e-04
 97  0.00830 -1.05847e-04 | 98 -0.00181 -1.08423e-04 | 99  0.04106 -1.05292e-04
100  0.00337 -8.83550e-05 |101 -0.00435 -1.30770e-04 |102 -0.02729 -1.18454e-04
103 -0.01824 -1.36903e-04 |104 -0.01277 -1.03697e-04 |105 -0.00088 -1.25484e-04
106  0.00003 -1.30002e-04 |107  0.00051  9.44063e-04 |108 -0.00306  2.80736e-04
109 -0.39121 -4.62177e-04 |110 -0.20773  1.71432e-05 |111 -0.22593 -1.92515e-05
Function minimizer not making progress ... is minimum attained?
Minimprove criterion = 0.0000e+00

 - final statistics:
111 variables; iteration 104; function evaluation 184
Function value 6.0797e+02; maximum gradient component mag 4.6505e-03
Exit code = 1;  converg criter 1.0000e-04
Var    Value     Gradient |Var    Value     Gradient |Var    Value     Gradient
  1 -0.41552  3.25250e-04 |  2 -0.41728  4.65049e-03 |  3 -0.42686  2.04949e-03
  4 -0.42508  7.00456e-05 |  5 -0.43064  8.54107e-05 |  6  0.63707  3.76542e-03
  7  0.00068  5.94701e-05 |  8  0.00013  1.11536e-05 |  9  0.00015  1.65574e-05
 10  0.00017  2.41723e-05 | 11  0.00018  3.41675e-05 | 12  0.00023 -9.82445e-05
 13  0.00023 -9.74110e-05 | 14  0.00022 -1.03744e-04 | 15  0.00019 -1.12896e-04
 16  0.00013 -1.14500e-04 | 17  0.00005 -9.73360e-05 | 18 -0.00017 -7.57983e-05
 19  0.00008 -6.79166e-05 | 20 -0.00050 -5.58066e-05 | 21 -0.00063 -4.52844e-05
 22 -0.00069 -3.12493e-05 | 23 -0.00049 -1.46975e-05 | 24  0.00065  6.63982e-06
 25 -0.00163  5.43858e-06 | 26 -0.00294  3.55932e-05 | 27 -0.00058 -8.35110e-06
 28 -0.00362  4.15564e-05 | 29  0.01302  8.67819e-05 | 30 -0.00055  5.93582e-05
 31 -0.00150  2.48064e-05 | 32  0.00022  2.49373e-05 | 33  0.00057  6.38004e-05
 34  0.00118  6.34241e-05 | 35  0.00215  8.81588e-05 | 36 -0.00158  6.04351e-05
 37 -0.00178  6.12175e-06 | 38  0.00852  6.64384e-05 | 39  0.01289  1.02832e-04
 40 -0.01055  2.89025e-05 | 41 -0.00531  9.44954e-05 | 42 -0.00422  1.01519e-04
 43 -0.00115  7.90447e-05 | 44  0.02700  1.85425e-04 | 45 -0.01023  7.57035e-05
 46 -0.00162  9.01655e-05 | 47  0.00330  1.09414e-04 | 48 -0.00526  7.19125e-05
 49 -0.00770  1.14240e-04 | 50 -0.00342  5.07549e-05 | 51 -0.00485  2.80137e-05
 52 -0.00070  7.60209e-05 | 53  0.01289  1.23443e-04 | 54 -0.00098  1.02389e-04
 55 -0.01230  4.16166e-05 | 56 -0.00627  6.12398e-05 | 57  0.00443  5.96371e-05
 58  0.00708  7.57332e-05 | 59  0.01684  1.28095e-04 | 60 -0.00649  4.22301e-05
 61  0.00497  7.96609e-05 | 62 -0.00310  8.44099e-05 | 63  0.01177  1.06856e-04
 64  0.01497  8.38391e-05 | 65 -0.02142  1.34819e-06 | 66  0.00813  3.43633e-05
 67  0.00097  5.39477e-05 | 68 -0.00878  3.53257e-05 | 69 -0.00652  1.65124e-05
 70  0.01593  8.24258e-05 | 71 -0.03578 -3.62017e-05 | 72  0.00328  3.36205e-05
 73 -0.01861 -1.15392e-05 | 74  0.01139  3.45012e-05 | 75  0.01085  2.20431e-05
 76  0.03768  1.12817e-04 | 77 -0.04956 -6.54145e-05 | 78 -0.02494 -4.43905e-05
 79  0.01950  2.65021e-05 | 80 -0.05437 -7.45181e-05 | 81  0.02677  1.84482e-05
 82  0.01105 -7.75521e-06 | 83 -0.00525 -3.35078e-05 | 84 -0.00817 -8.52100e-05
 85  0.01061 -3.94145e-05 | 86  0.00849 -5.20760e-05 | 87  0.03645 -1.87602e-05
 88  0.00399 -4.97996e-05 | 89  0.00814 -6.18337e-05 | 90  0.02950 -3.99232e-05
 91  0.00331 -7.26348e-05 | 92 -0.00061 -5.82490e-05 | 93 -0.00473 -8.73925e-05
 94 -0.02243 -8.90127e-05 | 95 -0.01578 -1.00717e-04 | 96  0.00064 -1.08862e-04
 97  0.00830 -1.05847e-04 | 98 -0.00181 -1.08423e-04 | 99  0.04106 -1.05292e-04
100  0.00337 -8.83550e-05 |101 -0.00435 -1.30770e-04 |102 -0.02729 -1.18454e-04
103 -0.01824 -1.36903e-04 |104 -0.01277 -1.03697e-04 |105 -0.00088 -1.25484e-04
106  0.00003 -1.30002e-04 |107  0.00051  9.44063e-04 |108 -0.00306  2.80736e-04
109 -0.39121 -4.62177e-04 |110 -0.20773  1.71432e-05 |111 -0.22593 -1.92515e-05

Initial statistics: 112 variables; iteration 0; function evaluation 0; phase 6
Function value 6.0797103e+02; maximum gradient component mag 4.6505e-03
Var    Value     Gradient |Var    Value     Gradient |Var    Value     Gradient
  1 -0.41552  3.25250e-04 |  2 -0.41728  4.65049e-03 |  3 -0.42686  2.04949e-03
  4 -0.42508  7.00457e-05 |  5 -0.43064  8.54107e-05 |  6  0.63707  3.76542e-03
  7  0.00068  5.94701e-05 |  8  0.00013  1.11536e-05 |  9  0.00015  1.65574e-05
 10  0.00017  2.41723e-05 | 11  0.00018  3.41675e-05 | 12  0.00023 -9.91786e-05
 13  0.00023 -9.83451e-05 | 14  0.00022 -1.04678e-04 | 15  0.00019 -1.13830e-04
 16  0.00013 -1.15434e-04 | 17  0.00005 -9.82701e-05 | 18 -0.00017 -7.67324e-05
 19  0.00008 -6.88508e-05 | 20 -0.00050 -5.67408e-05 | 21 -0.00063 -4.62185e-05
 22 -0.00069 -3.21834e-05 | 23 -0.00049 -1.56316e-05 | 24  0.00065  5.70572e-06
 25 -0.00163  4.50449e-06 | 26 -0.00294  3.46591e-05 | 27 -0.00058 -9.28518e-06
 28 -0.00362  4.06224e-05 | 29  0.01302  8.58481e-05 | 30 -0.00055  5.84241e-05
 31 -0.00150  2.38724e-05 | 32  0.00022  2.40033e-05 | 33  0.00057  6.28663e-05
 34  0.00118  6.24901e-05 | 35  0.00215  8.72248e-05 | 36 -0.00158  5.95010e-05
 37 -0.00178  5.18769e-06 | 38  0.00852  6.55044e-05 | 39  0.01289  1.01898e-04
 40 -0.01055  2.79685e-05 | 41 -0.00531  9.35613e-05 | 42 -0.00422  1.00585e-04
 43 -0.00115  7.81106e-05 | 44  0.02700  1.84492e-04 | 45 -0.01023  7.47695e-05
 46 -0.00162  8.92314e-05 | 47  0.00330  1.08480e-04 | 48 -0.00526  7.09785e-05
 49 -0.00770  1.13306e-04 | 50 -0.00342  4.98209e-05 | 51 -0.00485  2.70797e-05
 52 -0.00070  7.50868e-05 | 53  0.01289  1.22509e-04 | 54 -0.00098  1.01455e-04
 55 -0.01230  4.06827e-05 | 56 -0.00627  6.03058e-05 | 57  0.00443  5.87031e-05
 58  0.00708  7.47992e-05 | 59  0.01684  1.27162e-04 | 60 -0.00649  4.12961e-05
 61  0.00497  7.87269e-05 | 62 -0.00310  8.34758e-05 | 63  0.01177  1.05922e-04
 64  0.01497  8.29053e-05 | 65 -0.02142  4.14618e-07 | 66  0.00813  3.34294e-05
 67  0.00097  5.30137e-05 | 68 -0.00878  3.43917e-05 | 69 -0.00652  1.55784e-05
 70  0.01593  8.14921e-05 | 71 -0.03578 -3.71344e-05 | 72  0.00328  3.26864e-05
 73 -0.01861 -1.24729e-05 | 74  0.01139  3.35673e-05 | 75  0.01085  2.11091e-05
 76  0.03768  1.11885e-04 | 77 -0.04956 -6.63458e-05 | 78 -0.02494 -4.53239e-05
 79  0.01950  2.55685e-05 | 80 -0.05437 -7.54488e-05 | 81  0.02677  1.75150e-05
 82  0.01105 -8.68917e-06 | 83 -0.00525 -3.44419e-05 | 84 -0.00817 -8.61440e-05
 85  0.01061 -4.03485e-05 | 86  0.00849 -5.30100e-05 | 87  0.03645 -1.96928e-05
 88  0.00399 -5.07337e-05 | 89  0.00814 -6.27677e-05 | 90  0.02950 -4.08563e-05
 91  0.00331 -7.35689e-05 | 92 -0.00061 -5.91831e-05 | 93 -0.00473 -8.83266e-05
 94 -0.02243 -8.99463e-05 | 95 -0.01578 -1.01651e-04 | 96  0.00064 -1.09796e-04
 97  0.00830 -1.06782e-04 | 98 -0.00181 -1.09358e-04 | 99  0.04106 -1.06224e-04
100  0.00337 -8.92892e-05 |101 -0.00435 -1.31704e-04 |102 -0.02729 -1.19387e-04
103 -0.01824 -1.37837e-04 |104 -0.01277 -1.04631e-04 |105 -0.00088 -1.26418e-04
106  0.00003 -1.30936e-04 |107  0.00000  0.00000e+00 |108  0.00051  9.44063e-04
109 -0.00306  2.80736e-04 |110 -0.39121 -4.62177e-04 |111 -0.20773  1.71432e-05
112 -0.22593 -1.92515e-05 |
  ic > imax  in fminim is answer attained ?
Var    Value     Gradient |Var    Value     Gradient |Var    Value     Gradient
  1 -0.41552  3.25250e-04 |  2 -0.41728  4.65049e-03 |  3 -0.42686  2.04949e-03
  4 -0.42508  7.00457e-05 |  5 -0.43064  8.54107e-05 |  6  0.63707  3.76542e-03
  7  0.00068  5.94701e-05 |  8  0.00013  1.11536e-05 |  9  0.00015  1.65574e-05
 10  0.00017  2.41723e-05 | 11  0.00018  3.41675e-05 | 12  0.00023 -9.91786e-05
 13  0.00023 -9.83451e-05 | 14  0.00022 -1.04678e-04 | 15  0.00019 -1.13830e-04
 16  0.00013 -1.15434e-04 | 17  0.00005 -9.82701e-05 | 18 -0.00017 -7.67324e-05
 19  0.00008 -6.88508e-05 | 20 -0.00050 -5.67408e-05 | 21 -0.00063 -4.62185e-05
 22 -0.00069 -3.21834e-05 | 23 -0.00049 -1.56316e-05 | 24  0.00065  5.70572e-06
 25 -0.00163  4.50449e-06 | 26 -0.00294  3.46591e-05 | 27 -0.00058 -9.28518e-06
 28 -0.00362  4.06224e-05 | 29  0.01302  8.58481e-05 | 30 -0.00055  5.84241e-05
 31 -0.00150  2.38724e-05 | 32  0.00022  2.40033e-05 | 33  0.00057  6.28663e-05
 34  0.00118  6.24901e-05 | 35  0.00215  8.72248e-05 | 36 -0.00158  5.95010e-05
 37 -0.00178  5.18769e-06 | 38  0.00852  6.55044e-05 | 39  0.01289  1.01898e-04
 40 -0.01055  2.79685e-05 | 41 -0.00531  9.35613e-05 | 42 -0.00422  1.00585e-04
 43 -0.00115  7.81106e-05 | 44  0.02700  1.84492e-04 | 45 -0.01023  7.47695e-05
 46 -0.00162  8.92314e-05 | 47  0.00330  1.08480e-04 | 48 -0.00526  7.09785e-05
 49 -0.00770  1.13306e-04 | 50 -0.00342  4.98209e-05 | 51 -0.00485  2.70797e-05
 52 -0.00070  7.50868e-05 | 53  0.01289  1.22509e-04 | 54 -0.00098  1.01455e-04
 55 -0.01230  4.06827e-05 | 56 -0.00627  6.03058e-05 | 57  0.00443  5.87031e-05
 58  0.00708  7.47992e-05 | 59  0.01684  1.27162e-04 | 60 -0.00649  4.12961e-05
 61  0.00497  7.87269e-05 | 62 -0.00310  8.34758e-05 | 63  0.01177  1.05922e-04
 64  0.01497  8.29053e-05 | 65 -0.02142  4.14618e-07 | 66  0.00813  3.34294e-05
 67  0.00097  5.30137e-05 | 68 -0.00878  3.43917e-05 | 69 -0.00652  1.55784e-05
 70  0.01593  8.14921e-05 | 71 -0.03578 -3.71344e-05 | 72  0.00328  3.26864e-05
 73 -0.01861 -1.24729e-05 | 74  0.01139  3.35673e-05 | 75  0.01085  2.11091e-05
 76  0.03768  1.11885e-04 | 77 -0.04956 -6.63458e-05 | 78 -0.02494 -4.53239e-05
 79  0.01950  2.55685e-05 | 80 -0.05437 -7.54488e-05 | 81  0.02677  1.75150e-05
 82  0.01105 -8.68917e-06 | 83 -0.00525 -3.44419e-05 | 84 -0.00817 -8.61440e-05
 85  0.01061 -4.03485e-05 | 86  0.00849 -5.30100e-05 | 87  0.03645 -1.96928e-05
 88  0.00399 -5.07337e-05 | 89  0.00814 -6.27677e-05 | 90  0.02950 -4.08563e-05
 91  0.00331 -7.35689e-05 | 92 -0.00061 -5.91831e-05 | 93 -0.00473 -8.83266e-05
 94 -0.02243 -8.99463e-05 | 95 -0.01578 -1.01651e-04 | 96  0.00064 -1.09796e-04
 97  0.00830 -1.06782e-04 | 98 -0.00181 -1.09358e-04 | 99  0.04106 -1.06224e-04
100  0.00337 -8.92892e-05 |101 -0.00435 -1.31704e-04 |102 -0.02729 -1.19387e-04
103 -0.01824 -1.37837e-04 |104 -0.01277 -1.04631e-04 |105 -0.00088 -1.26418e-04
106  0.00003 -1.30936e-04 |107  0.00000  0.00000e+00 |108  0.00051  9.44063e-04
109 -0.00306  2.80736e-04 |110 -0.39121 -4.62177e-04 |111 -0.20773  1.71432e-05
112 -0.22593 -1.92515e-05 |
Function minimizer not making progress ... is minimum attained?
Minimprove criterion = 0.0000e+00

 - final statistics:
112 variables; iteration 1; function evaluation 30
Function value 6.0797e+02; maximum gradient component mag 4.6505e-03
Exit code = 1;  converg criter 1.0000e-04
Var    Value     Gradient |Var    Value     Gradient |Var    Value     Gradient
  1 -0.41552  3.25250e-04 |  2 -0.41728  4.65049e-03 |  3 -0.42686  2.04949e-03
  4 -0.42508  7.00457e-05 |  5 -0.43064  8.54107e-05 |  6  0.63707  3.76542e-03
  7  0.00068  5.94701e-05 |  8  0.00013  1.11536e-05 |  9  0.00015  1.65574e-05
 10  0.00017  2.41723e-05 | 11  0.00018  3.41675e-05 | 12  0.00023 -9.91786e-05
 13  0.00023 -9.83451e-05 | 14  0.00022 -1.04678e-04 | 15  0.00019 -1.13830e-04
 16  0.00013 -1.15434e-04 | 17  0.00005 -9.82701e-05 | 18 -0.00017 -7.67324e-05
 19  0.00008 -6.88508e-05 | 20 -0.00050 -5.67408e-05 | 21 -0.00063 -4.62185e-05
 22 -0.00069 -3.21834e-05 | 23 -0.00049 -1.56316e-05 | 24  0.00065  5.70572e-06
 25 -0.00163  4.50449e-06 | 26 -0.00294  3.46591e-05 | 27 -0.00058 -9.28518e-06
 28 -0.00362  4.06224e-05 | 29  0.01302  8.58481e-05 | 30 -0.00055  5.84241e-05
 31 -0.00150  2.38724e-05 | 32  0.00022  2.40033e-05 | 33  0.00057  6.28663e-05
 34  0.00118  6.24901e-05 | 35  0.00215  8.72248e-05 | 36 -0.00158  5.95010e-05
 37 -0.00178  5.18769e-06 | 38  0.00852  6.55044e-05 | 39  0.01289  1.01898e-04
 40 -0.01055  2.79685e-05 | 41 -0.00531  9.35613e-05 | 42 -0.00422  1.00585e-04
 43 -0.00115  7.81106e-05 | 44  0.02700  1.84492e-04 | 45 -0.01023  7.47695e-05
 46 -0.00162  8.92314e-05 | 47  0.00330  1.08480e-04 | 48 -0.00526  7.09785e-05
 49 -0.00770  1.13306e-04 | 50 -0.00342  4.98209e-05 | 51 -0.00485  2.70797e-05
 52 -0.00070  7.50868e-05 | 53  0.01289  1.22509e-04 | 54 -0.00098  1.01455e-04
 55 -0.01230  4.06827e-05 | 56 -0.00627  6.03058e-05 | 57  0.00443  5.87031e-05
 58  0.00708  7.47992e-05 | 59  0.01684  1.27162e-04 | 60 -0.00649  4.12961e-05
 61  0.00497  7.87269e-05 | 62 -0.00310  8.34758e-05 | 63  0.01177  1.05922e-04
 64  0.01497  8.29053e-05 | 65 -0.02142  4.14618e-07 | 66  0.00813  3.34294e-05
 67  0.00097  5.30137e-05 | 68 -0.00878  3.43917e-05 | 69 -0.00652  1.55784e-05
 70  0.01593  8.14921e-05 | 71 -0.03578 -3.71344e-05 | 72  0.00328  3.26864e-05
 73 -0.01861 -1.24729e-05 | 74  0.01139  3.35673e-05 | 75  0.01085  2.11091e-05
 76  0.03768  1.11885e-04 | 77 -0.04956 -6.63458e-05 | 78 -0.02494 -4.53239e-05
 79  0.01950  2.55685e-05 | 80 -0.05437 -7.54488e-05 | 81  0.02677  1.75150e-05
 82  0.01105 -8.68917e-06 | 83 -0.00525 -3.44419e-05 | 84 -0.00817 -8.61440e-05
 85  0.01061 -4.03485e-05 | 86  0.00849 -5.30100e-05 | 87  0.03645 -1.96928e-05
 88  0.00399 -5.07337e-05 | 89  0.00814 -6.27677e-05 | 90  0.02950 -4.08563e-05
 91  0.00331 -7.35689e-05 | 92 -0.00061 -5.91831e-05 | 93 -0.00473 -8.83266e-05
 94 -0.02243 -8.99463e-05 | 95 -0.01578 -1.01651e-04 | 96  0.00064 -1.09796e-04
 97  0.00830 -1.06782e-04 | 98 -0.00181 -1.09358e-04 | 99  0.04106 -1.06224e-04
100  0.00337 -8.92892e-05 |101 -0.00435 -1.31704e-04 |102 -0.02729 -1.19387e-04
103 -0.01824 -1.37837e-04 |104 -0.01277 -1.04631e-04 |105 -0.00088 -1.26418e-04
106  0.00003 -1.30936e-04 |107  0.00000  0.00000e+00 |108  0.00051  9.44063e-04
109 -0.00306  2.80736e-04 |110 -0.39121 -4.62177e-04 |111 -0.20773  1.71432e-05
112 -0.22593 -1.92515e-05 |
size of file gradfil1.tmp = 0
size of file gradfil2.tmp = 0
size of file varssave.tmp = 0
size of file cmpdiff.tmp = 0
