
Initial statistics: 1 variables; iteration 0; function evaluation 0; phase 1
Function value 2.3115256e+06; maximum gradient component mag -1.0371e+09
Var    Value     Gradient |Var    Value     Gradient |Var    Value     Gradient
  1  0.63197 -1.03707e+09 |

 - final statistics:
1 variables; iteration 8; function evaluation 22
Function value 9.0913e+02; maximum gradient component mag 1.9400e+00
Exit code = 1;  converg criter 1.0000e+01
Var    Value     Gradient |Var    Value     Gradient |Var    Value     Gradient
  1  0.64767  1.93997e+00 |

Initial statistics: 98 variables; iteration 0; function evaluation 0; phase 2
Function value 9.0912793e+02; maximum gradient component mag -3.1060e+03
Var    Value     Gradient |Var    Value     Gradient |Var    Value     Gradient
  1  0.64767  1.93997e+00 |  2  0.00000  6.82500e+00 |  3  0.00000  7.71026e+00
  4  0.00000  8.77278e+00 |  5  0.00000  1.00432e+01 |  6  0.00000  9.93993e+00
  7  0.00000  1.33439e+01 |  8  0.00000  1.54455e+01 |  9  0.00000  1.78946e+01
 10  0.00000  2.07226e+01 | 11  0.00000  2.35045e+01 | 12  0.00000  2.76137e+01
 13  0.00000  2.50438e+01 | 14  0.00000  3.53309e+01 | 15  0.00000  3.89778e+01
 16  0.00000  3.94408e+01 | 17  0.00000  3.16358e+01 | 18  0.00000  4.36384e+01
 19  0.00000  5.96948e+01 | 20  0.00000  5.33915e+01 | 21  0.00000  4.77452e+01
 22  0.00000  5.52860e+01 | 23  0.00000  5.04990e+01 | 24  0.00000  5.61772e+01
 25  0.00000  5.82901e+01 | 26  0.00000  6.02003e+01 | 27  0.00000  5.76795e+01
 28  0.00000  6.58112e+01 | 29  0.00000  5.43408e+01 | 30  0.00000  1.33138e+01
 31  0.00000  5.20569e+01 | 32  0.00000  4.25148e+01 | 33  0.00000  5.86745e+01
 34  0.00000  7.11938e+01 | 35  0.00000  6.74098e+01 | 36  0.00000  6.92081e+01
 37  0.00000  6.59536e+01 | 38  0.00000  5.96642e+01 | 39  0.00000  4.03715e+01
 40  0.00000  4.14088e+01 | 41  0.00000  6.55264e+01 | 42  0.00000  6.48509e+01
 43  0.00000  7.41438e+01 | 44  0.00000  6.17246e+01 | 45  0.00000  2.76514e+01
 46  0.00000  5.89044e+01 | 47  0.00000  5.84748e+01 | 48  0.00000  6.09188e+01
 49  0.00000  6.84078e+01 | 50  0.00000  6.29446e+01 | 51  0.00000  6.84318e+01
 52  0.00000  5.22749e+01 | 53  0.00000  6.55299e+01 | 54  0.00000  9.00288e+01
 55  0.00000  1.02020e+02 | 56  0.00000  1.00215e+02 | 57  0.00000  7.79884e+01
 58  0.00000  7.34424e+01 | 59  0.00000 -8.27986e-01 | 60  0.00000  1.88369e+01
 61  0.00000  1.20744e+02 | 62  0.00000  6.65576e+01 | 63  0.00000  1.68621e+02
 64  0.00000 -7.70678e+01 | 65  0.00000 -1.34256e+02 | 66  0.00000 -3.42574e+02
 67  0.00000 -3.21234e+01 | 68  0.00000  2.23165e+02 | 69  0.00000  6.13071e+02
 70  0.00000  2.80928e+02 | 71  0.00000  2.50789e+02 | 72  0.00000  3.64392e+02
 73  0.00000 -3.10602e+03 | 74  0.00000  9.28230e+01 | 75  0.00000  4.15120e+02
 76  0.00000 -1.13685e+03 | 77  0.00000 -3.20350e+02 | 78  0.00000 -9.49665e+02
 79  0.00000  1.82941e+02 | 80  0.00000  1.40442e+02 | 81  0.00000  6.50055e+02
 82  0.00000 -2.93477e+02 | 83  0.00000  5.50861e+02 | 84  0.00000 -9.29592e+02
 85  0.00000  1.10784e+00 | 86  0.00000  9.12562e-01 | 87  0.00000  6.13991e+02
 88  0.00000  1.48306e+01 | 89  0.00000 -1.24537e+02 | 90  0.00000 -4.70616e+02
 91  0.00000  1.59455e+02 | 92  0.00000  1.92024e+02 | 93  0.00000 -7.59238e+00
 94  0.00000 -1.20482e+01 | 95  0.00000  3.02310e+00 | 96  0.00000  2.66025e+00
 97 -0.03546 -3.69008e+01 | 98 -0.31026 -6.14512e+01 |

Intermediate statistics: 98 variables; iteration 20; function evaluation 35; phase 2
Function value 5.9852063e+02; maximum gradient component mag 4.9471e+03
Var    Value     Gradient |Var    Value     Gradient |Var    Value     Gradient
  1  0.64019  4.94707e+03 |  2  0.00277 -1.49998e+02 |  3  0.00331 -1.47373e+02
  4  0.00393 -1.44248e+02 |  5  0.00461 -1.40548e+02 |  6  0.00499 -1.38475e+02
  7  0.00613 -1.31139e+02 |  8  0.00692 -1.25304e+02 |  9  0.00769 -1.18662e+02
 10  0.00840 -1.11203e+02 | 11  0.00884 -1.03773e+02 | 12  0.00950 -9.39316e+01
 13  0.00774 -9.62207e+01 | 14  0.00996 -7.52387e+01 | 15  0.01021 -6.55721e+01
 16  0.01028 -5.96446e+01 | 17  0.00844 -6.79852e+01 | 18  0.01056 -4.56673e+01
 19  0.00752 -3.68138e+01 | 20  0.00696 -4.38654e+01 | 21  0.00693 -4.37404e+01
 22  0.00552 -3.24205e+01 | 23  0.00451 -4.07527e+01 | 24  0.00352 -3.41289e+01
 25  0.00244 -3.17010e+01 | 26  0.00122 -3.04571e+01 | 27  0.00060 -3.19993e+01
 28 -0.00206 -3.08006e+01 | 29  0.00180 -2.35728e+01 | 30  0.01794  5.93643e+00
 31  0.00268 -1.55969e+01 | 32  0.00420 -1.28057e+01 | 33  0.00021 -8.01447e+00
 34 -0.00853 -2.85110e+01 | 35 -0.00838 -3.29484e+01 | 36 -0.00282 -5.62925e-01
 37 -0.00083  1.08948e+01 | 38  0.00114  1.72654e+01 | 39  0.00729  3.18182e+01
 40  0.00771  3.67095e+01 | 41  0.00304  4.23290e+01 | 42  0.00427  5.60171e+01
 43 -0.00033  4.80744e+01 | 44  0.00241  5.65213e+01 | 45  0.00780  5.62244e+01
 46  0.00420  7.60590e+01 | 47  0.00486  9.37024e+01 | 48  0.00163  8.92817e+01
 49 -0.00203  8.69889e+01 | 50 -0.00025  9.82938e+01 | 51 -0.00625  8.34009e+01
 52 -0.01193  5.01210e+01 | 53 -0.01573  4.80321e+01 | 54 -0.01933  5.47718e+01
 55 -0.01982  5.97308e+01 | 56 -0.03062  5.24998e+00 | 57 -0.02556  9.61599e+00
 58 -0.01778  5.50771e+01 | 59  0.01119  1.96581e+02 | 60  0.01165  2.35226e+02
 61 -0.00782  1.35774e+02 | 62 -0.00741  8.06513e+01 | 63 -0.00704  1.86124e+02
 64  0.00135  3.84126e+01 | 65  0.02333  3.20246e+02 | 66  0.03051  3.09943e+02
 67 -0.00411  7.50636e+01 | 68 -0.01928  7.15331e-01 | 69 -0.02903  1.10468e+02
 70 -0.01784  5.84725e+01 | 71 -0.01321  7.36040e+01 | 72 -0.04295 -6.75565e+01
 73  0.08941  9.92327e+02 | 74 -0.02053  2.98628e+01 | 75 -0.03151 -3.68208e+01
 76  0.04601  9.57286e+01 | 77  0.00838  9.43364e+01 | 78  0.04329  3.05297e+02
 79 -0.01435  4.39056e+01 | 80 -0.01302  7.92970e+01 | 81 -0.04125 -6.11198e+01
 82 -0.00482 -3.00340e+02 | 83 -0.03575 -2.15383e+01 | 84  0.03839  6.81085e+01
 85 -0.00878 -1.63736e+02 | 86 -0.00612 -1.23377e+02 | 87 -0.03509 -1.02604e+02
 88  0.00006 -9.82424e+01 | 89 -0.00243 -2.40867e+02 | 90  0.02287 -2.42390e+02
 91 -0.00442 -1.01251e+02 | 92 -0.01849 -1.52299e+02 | 93 -0.00186 -2.09845e+02
 94 -0.00112 -1.83952e+02 | 95 -0.00037 -1.62657e+02 | 96 -0.00024 -1.62595e+02
 97 -0.00203  4.82592e+02 | 98 -0.32195 -9.82656e+00 |
98 variables; iteration 40; function evaluation 63; phase 2
Function value 5.8202977e+02; maximum gradient component mag 1.6978e+03
Var    Value     Gradient |Var    Value     Gradient |Var    Value     Gradient
  1  0.64275  1.69777e+03 |  2  0.00780 -3.99099e+01 |  3  0.00755 -3.95641e+01
  4  0.00709 -3.93957e+01 |  5  0.00639 -3.94724e+01 |  6  0.00526 -4.17137e+01
  7  0.00420 -4.04149e+01 |  8  0.00284 -4.10263e+01 |  9  0.00159 -4.12594e+01
 10  0.00075 -4.05404e+01 | 11  0.00099 -3.80897e+01 | 12  0.00133 -3.41793e+01
 13  0.00769 -2.54222e+01 | 14  0.00477 -2.13988e+01 | 15  0.00658 -1.45844e+01
 16  0.00942 -8.35213e+00 | 17  0.01616 -2.22926e+00 | 18  0.01212  1.74408e+00
 19  0.00492  1.05131e+00 | 20  0.00798  2.01611e+00 | 21  0.01283  7.45525e+00
 22  0.01102  1.18629e+01 | 23  0.01206  1.03827e+01 | 24  0.01001  1.22153e+01
 25  0.00917  1.34262e+01 | 26  0.00795  1.36458e+01 | 27  0.00849  1.39001e+01
 28  0.00297  9.42539e+00 | 29  0.00629  8.96023e+00 | 30  0.02232  1.43625e+01
 31  0.00334  4.57887e+00 | 32  0.00553  3.61384e+00 | 33 -0.00430 -3.87862e+00
 34 -0.00946 -6.35087e+00 | 35 -0.00585 -7.49372e-01 | 36 -0.00881 -4.64029e-01
 37 -0.00604  6.05340e+00 | 38 -0.00161  1.33049e+01 | 39  0.00785  2.44816e+01
 40  0.00793  2.81612e+01 | 41 -0.00200  2.35097e+01 | 42 -0.00248  2.40673e+01
 43 -0.00835  1.57083e+01 | 44 -0.00618  1.13076e+01 | 45  0.00618  2.08927e+01
 46 -0.00586  1.48181e+01 | 47 -0.00690  1.49659e+01 | 48 -0.00857  1.25413e+01
 49 -0.01203  9.68913e+00 | 50 -0.00502  2.83711e+01 | 51 -0.01118  1.75540e+01
 52 -0.00395  2.56642e+01 | 53 -0.01160  1.40981e+01 | 54 -0.02009  7.07085e+00
 55 -0.01786  2.07583e+01 | 56 -0.02133  8.32250e+00 | 57 -0.01540  3.37789e+00
 58 -0.01057  2.10578e+01 | 59  0.01150  3.95809e+01 | 60  0.00423  3.34609e+01
 61 -0.01337  2.97047e+01 | 62  0.00061  3.69579e+01 | 63 -0.02412  1.98728e+01
 64  0.01532  2.08475e+01 | 65  0.01620  5.13859e+01 | 66  0.02943  6.21670e+01
 67  0.00121  6.39800e+01 | 68 -0.01419  3.49794e+01 | 69 -0.03572 -5.43412e+00
 70 -0.01869  1.67283e+01 | 71 -0.01577  1.06811e+01 | 72 -0.03758  9.35628e+00
 73  0.08098  5.79472e+00 | 74 -0.02329  4.33972e+00 | 75 -0.03300 -5.17992e+00
 76  0.05189  1.18548e+02 | 77  0.00476 -6.09388e+00 | 78  0.03993  6.83599e+01
 79 -0.01963 -2.55351e+01 | 80 -0.01817  1.94979e+01 | 81 -0.04372 -1.24468e+01
 82  0.00888 -3.11017e+00 | 83 -0.04077 -2.63247e+01 | 84  0.03874  3.22797e+01
 85 -0.00405 -2.07085e+01 | 86 -0.00419 -3.77290e+01 | 87 -0.03577 -3.37702e+01
 88  0.00001 -3.40941e+01 | 89  0.00290 -4.65241e+01 | 90  0.02793 -6.88708e+01
 91 -0.00891 -9.44598e+01 | 92 -0.01753 -5.46945e+01 | 93  0.00508 -1.95542e+01
 94  0.01188 -4.91132e+01 | 95  0.00678 -4.47165e+01 | 96  0.00684 -4.49398e+01
 97 -0.02828  1.17061e+02 | 98 -0.30897  1.55641e+01 |
98 variables; iteration 60; function evaluation 92; phase 2
Function value 5.7889148e+02; maximum gradient component mag 1.5708e+03
Var    Value     Gradient |Var    Value     Gradient |Var    Value     Gradient
  1  0.63765  1.57078e+03 |  2 -0.00340 -5.11712e+01 |  3 -0.00265 -4.90807e+01
  4 -0.00187 -4.67556e+01 |  5 -0.00118 -4.43341e+01 |  6  0.00097 -4.07777e+01
  7  0.00000 -3.89458e+01 |  8  0.00108 -3.48846e+01 |  9  0.00305 -2.87487e+01
 10  0.00563 -2.08814e+01 | 11  0.00753 -1.40116e+01 | 12  0.00661 -1.11116e+01
 13  0.00708 -1.20709e+01 | 14  0.00269 -1.03801e+01 | 15  0.00365 -4.03880e+00
 16  0.00715  5.17576e+00 | 17  0.01499  1.62013e+01 | 18  0.01153  2.13589e+01
 19  0.00365  1.76903e+01 | 20  0.00674  1.93321e+01 | 21  0.01121  2.58404e+01
 22  0.00874  2.91184e+01 | 23  0.00900  2.52326e+01 | 24  0.00562  2.33883e+01
 25  0.00347  2.09510e+01 | 26  0.00201  1.99106e+01 | 27  0.00342  2.18905e+01
 28  0.00205  2.70741e+01 | 29  0.00675  3.05921e+01 | 30  0.01792  2.43571e+01
 31  0.00736  3.31247e+01 | 32  0.00852  2.92579e+01 | 33  0.00049  2.48672e+01
 34 -0.00467  2.23602e+01 | 35 -0.00117  2.95042e+01 | 36 -0.00908  1.32261e+01
 37 -0.00598  2.13794e+01 | 38  0.00133  3.78728e+01 | 39  0.00213  2.13012e+01
 40 -0.00555  1.73869e-01 | 41 -0.00513  2.68160e+01 | 42 -0.00759  2.01042e+01
 43 -0.01418  8.94890e+00 | 44 -0.00327  3.13057e+01 | 45  0.00652  3.34803e+01
 46 -0.00752  1.53374e+01 | 47 -0.00532  2.31123e+01 | 48 -0.00316  3.22604e+01
 49 -0.00477  3.46424e+01 | 50 -0.01223  1.33584e+00 | 51 -0.00319  3.72755e+01
 52 -0.00143  2.60767e+01 | 53 -0.00260  3.47906e+01 | 54 -0.01080  2.97998e+01
 55 -0.00902  4.30516e+01 | 56 -0.00756  4.28767e+01 | 57 -0.00721  1.98093e+01
 58 -0.00120  4.11207e+01 | 59  0.01338  2.78972e+01 | 60  0.00737  2.81121e+01
 61 -0.00867  3.72980e+01 | 62  0.00322  3.40178e+01 | 63 -0.02040  2.78448e+01
 64  0.02163  4.72674e+01 | 65  0.01731  3.67062e+01 | 66  0.03158  4.92118e+01
 67  0.00147  3.31831e+01 | 68 -0.01380  6.66986e+00 | 69 -0.03330  2.64640e+00
 70 -0.01540  3.06795e+01 | 71 -0.01392  2.21210e+00 | 72 -0.03705 -6.16485e+00
 73  0.08423  2.22931e+01 | 74 -0.02405 -2.70180e+01 | 75 -0.03175 -1.87311e+01
 76  0.05079 -6.50846e+00 | 77  0.00656 -1.92953e+01 | 78  0.03917 -2.74145e+01
 79 -0.01789 -3.20482e+01 | 80 -0.02128 -5.52373e+01 | 81 -0.04582 -6.04368e+01
 82  0.00991 -3.62747e+01 | 83 -0.04055 -4.24332e+01 | 84  0.03905 -3.68804e+01
 85 -0.00386 -4.87365e+01 | 86 -0.00264 -4.40155e+01 | 87 -0.03586 -4.79927e+01
 88 -0.00007 -5.96239e+01 | 89  0.00345 -4.78550e+01 | 90  0.02990 -4.47393e+01
 91 -0.00611 -4.75633e+01 | 92 -0.02099 -7.20090e+01 | 93 -0.00012 -7.22236e+01
 94  0.00645 -5.31731e+01 | 95 -0.00460 -5.68194e+01 | 96 -0.00386 -5.59658e+01
 97 -0.02832  1.07069e+02 | 98 -0.31297  7.90955e+00 |
Maximum number of function evaluations exceeded

 - final statistics:
98 variables; iteration 65; function evaluation 100
Function value 5.7839e+02; maximum gradient component mag 1.4492e+03
Exit code = 3;  converg criter 1.0000e+01
Var    Value     Gradient |Var    Value     Gradient |Var    Value     Gradient
  1  0.63703  1.44925e+03 |  2 -0.00494 -5.02490e+01 |  3 -0.00217 -4.47828e+01
  4 -0.00055 -4.04665e+01 |  5 -0.00047 -3.82471e+01 |  6  0.00000 -3.76998e+01
  7 -0.00197 -3.76124e+01 |  8 -0.00030 -3.39362e+01 |  9  0.00351 -2.53945e+01
 10  0.00671 -1.54363e+01 | 11  0.00728 -9.60680e+00 | 12  0.00514 -9.20547e+00
 13  0.00589 -1.13837e+01 | 14  0.00191 -9.13273e+00 | 15  0.00322 -1.58327e+00
 16  0.00667  7.82432e+00 | 17  0.01441  1.81982e+01 | 18  0.01122  2.40904e+01
 19  0.00331  2.04112e+01 | 20  0.00643  2.18530e+01 | 21  0.01060  2.74714e+01
 22  0.00799  3.03086e+01 | 23  0.00802  2.58300e+01 | 24  0.00448  2.35180e+01
 25  0.00224  2.07050e+01 | 26  0.00105  1.99597e+01 | 27  0.00304  2.27193e+01
 28  0.00234  2.92691e+01 | 29  0.00682  3.20871e+01 | 30  0.01777  2.43995e+01
 31  0.00814  3.54723e+01 | 32  0.00796  2.84820e+01 | 33 -0.00009  2.42435e+01
 34 -0.00422  2.39020e+01 | 35 -0.00149  2.87318e+01 | 36 -0.00893  1.37082e+01
 37 -0.00551  2.23817e+01 | 38  0.00158  3.80814e+01 | 39  0.00240  2.06682e+01
 40 -0.00507 -2.63184e-02 | 41 -0.00506  2.61335e+01 | 42 -0.00813  1.79686e+01
 43 -0.01374  8.98234e+00 | 44 -0.00401  2.72428e+01 | 45  0.00600  2.89344e+01
 46 -0.00609  1.70472e+01 | 47 -0.00416  2.35951e+01 | 48 -0.00293  2.94973e+01
 49 -0.00537  2.89710e+01 | 50 -0.01179  2.12271e-01 | 51 -0.00266  3.50181e+01
 52 -0.00081  2.29253e+01 | 53 -0.00197  3.17080e+01 | 54 -0.01046  2.64720e+01
 55 -0.00804  4.24693e+01 | 56 -0.00741  3.83111e+01 | 57 -0.00469  2.22662e+01
 58 -0.00059  3.65216e+01 | 59  0.01370  2.23842e+01 | 60  0.00766  2.34096e+01
 61 -0.00774  3.58992e+01 | 62  0.00354  3.02071e+01 | 63 -0.02035  2.59030e+01
 64  0.02212  4.14284e+01 | 65  0.01755  3.09336e+01 | 66  0.03188  4.16326e+01
 67  0.00181  3.03472e+01 | 68 -0.01396  2.91377e+00 | 69 -0.03333  1.29683e+00
 70 -0.01470  3.31193e+01 | 71 -0.01372  1.43439e+00 | 72 -0.03702 -5.79733e+00
 73  0.08451  8.85417e+00 | 74 -0.02403 -2.68107e+01 | 75 -0.03162 -1.77271e+01
 76  0.05100 -1.17170e+01 | 77  0.00670 -2.02947e+01 | 78  0.03931 -3.12146e+01
 79 -0.01781 -3.16927e+01 | 80 -0.02150 -5.60664e+01 | 81 -0.04632 -6.18435e+01
 82  0.01001 -3.68100e+01 | 83 -0.04017 -3.84423e+01 | 84  0.03934 -3.61503e+01
 85 -0.00373 -4.72969e+01 | 86 -0.00252 -4.20048e+01 | 87 -0.03565 -4.44894e+01
 88 -0.00020 -5.82485e+01 | 89  0.00358 -4.43297e+01 | 90  0.02971 -4.31154e+01
 91 -0.00629 -4.51228e+01 | 92 -0.02151 -6.96195e+01 | 93 -0.00015 -6.76423e+01
 94  0.00670 -4.94183e+01 | 95 -0.00698 -5.57765e+01 | 96 -0.00168 -4.89135e+01
 97 -0.02777  1.00770e+02 | 98 -0.31181  9.75969e+00 |

Initial statistics: 100 variables; iteration 0; function evaluation 0; phase 3
Function value 5.7839234e+02; maximum gradient component mag 1.2585e+03
Var    Value     Gradient |Var    Value     Gradient |Var    Value     Gradient
  1  0.63703  1.25852e+03 |  2 -0.00495 -4.38568e+01 |  3 -0.00217 -3.85952e+01
  4 -0.00055 -3.49702e+01 |  5 -0.00048 -3.36453e+01 |  6  0.00000 -3.30295e+01
  7 -0.00198 -3.30651e+01 |  8 -0.00030 -2.82234e+01 |  9  0.00351 -1.91277e+01
 10  0.00670 -1.04101e+01 | 11  0.00727 -6.34437e+00 | 12  0.00514 -6.13741e+00
 13  0.00589 -7.03097e+00 | 14  0.00191 -4.71131e+00 | 15  0.00321  1.85179e+00
 16  0.00666  1.03408e+01 | 17  0.01441  2.01744e+01 | 18  0.01122  2.58614e+01
 19  0.00331  2.25750e+01 | 20  0.00642  2.38786e+01 | 21  0.01060  2.88221e+01
 22  0.00799  3.13835e+01 | 23  0.00801  2.69315e+01 | 24  0.00447  2.46063e+01
 25  0.00224  2.17706e+01 | 26  0.00105  2.11437e+01 | 27  0.00303  2.40184e+01
 28  0.00234  3.07777e+01 | 29  0.00682  3.28080e+01 | 30  0.01777  2.38979e+01
 31  0.00813  3.59485e+01 | 32  0.00796  2.78859e+01 | 33 -0.00009  2.40850e+01
 34 -0.00423  2.46738e+01 | 35 -0.00149  2.85938e+01 | 36 -0.00893  1.39764e+01
 37 -0.00551  2.19967e+01 | 38  0.00158  3.60536e+01 | 39  0.00239  1.89675e+01
 40 -0.00507 -6.06412e-01 | 41 -0.00506  2.40088e+01 | 42 -0.00813  1.57271e+01
 43 -0.01374  8.12134e+00 | 44 -0.00402  2.43778e+01 | 45  0.00599  2.40245e+01
 46 -0.00610  1.44996e+01 | 47 -0.00417  2.03786e+01 | 48 -0.00293  2.58744e+01
 49 -0.00538  2.57954e+01 | 50 -0.01179 -2.71642e+00 | 51 -0.00266  3.02527e+01
 52 -0.00081  1.83477e+01 | 53 -0.00197  2.72422e+01 | 54 -0.01046  2.36008e+01
 55 -0.00804  3.84024e+01 | 56 -0.00741  3.46579e+01 | 57 -0.00469  1.89825e+01
 58 -0.00059  3.27389e+01 | 59  0.01369  1.33846e+01 | 60  0.00765  1.58372e+01
 61 -0.00775  3.30430e+01 | 62  0.00353  2.38255e+01 | 63 -0.02036  2.31518e+01
 64  0.02212  3.21383e+01 | 65  0.01755  2.21341e+01 | 66  0.03188  2.97748e+01
 67  0.00181  2.61880e+01 | 68 -0.01397 -2.30477e+00 | 69 -0.03333 -4.38494e-01
 70 -0.01471  3.55871e+01 | 71 -0.01373  1.21639e-01 | 72 -0.03703 -5.35195e+00
 73  0.08451 -1.23561e+01 | 74 -0.02404 -2.66564e+01 | 75 -0.03163 -1.63779e+01
 76  0.05099 -2.00231e+01 | 77  0.00669 -2.18638e+01 | 78  0.03930 -3.72026e+01
 79 -0.01781 -3.09213e+01 | 80 -0.02151 -5.68809e+01 | 81 -0.04632 -6.28935e+01
 82  0.01001 -3.76274e+01 | 83 -0.04017 -3.29291e+01 | 84  0.03933 -3.59835e+01
 85 -0.00374 -4.50455e+01 | 86 -0.00252 -3.89810e+01 | 87 -0.03566 -3.94353e+01
 88 -0.00021 -5.58175e+01 | 89  0.00358 -3.90310e+01 | 90  0.02971 -4.06584e+01
 91 -0.00629 -4.09896e+01 | 92 -0.02152 -6.56709e+01 | 93 -0.00016 -6.09481e+01
 94  0.00670 -4.28155e+01 | 95 -0.00698 -5.04089e+01 | 96 -0.00169 -4.25066e+01
 97 -0.02777  9.05605e+01 | 98 -0.41581 -1.40062e+02 | 99 -0.31181  1.04525e+01
100 -0.25275 -4.30095e+01 |

Intermediate statistics: 100 variables; iteration 20; function evaluation 24; phase 3
Function value 5.7524484e+02; maximum gradient component mag -7.0963e+02
Var    Value     Gradient |Var    Value     Gradient |Var    Value     Gradient
  1  0.63521 -7.09634e+02 |  2 -0.00159  2.14196e+01 |  3 -0.00085  2.23720e+01
  4 -0.00043  2.28045e+01 |  5 -0.00042  2.25630e+01 |  6  0.00046  2.19823e+01
  7 -0.00083  2.12685e+01 |  8 -0.00041  2.14676e+01 |  9  0.00054  2.23695e+01
 10  0.00129  2.28934e+01 | 11  0.00160  2.22129e+01 | 12  0.00078  2.07720e+01
 13  0.00411  1.82869e+01 | 14  0.00010  1.78008e+01 | 15  0.00056  1.72031e+01
 16  0.00292  1.64504e+01 | 17  0.01067  1.43305e+01 | 18  0.00445  1.57985e+01
 19 -0.00385  1.73803e+01 | 20  0.00036  1.63565e+01 | 21  0.00501  1.40108e+01
 22  0.00209  1.35827e+01 | 23  0.00369  1.30519e+01 | 24  0.00085  1.28575e+01
 25 -0.00000  1.20726e+01 | 26 -0.00077  1.16493e+01 | 27  0.00108  1.08607e+01
 28 -0.00311  1.26162e+01 | 29  0.00206  1.01888e+01 | 30  0.02369  2.92291e-02
 31  0.00312  9.06840e+00 | 32  0.00844  5.86558e+00 | 33 -0.00179  7.80219e+00
 34 -0.00789  8.48651e+00 | 35 -0.00466  6.50561e+00 | 36 -0.00706  6.05208e+00
 37 -0.00518  5.18976e+00 | 38 -0.00135  3.39984e+00 | 39  0.00679 -3.97801e+00
 40  0.00627 -5.58056e+00 | 41 -0.00399  1.26640e+00 | 42 -0.00351 -2.18463e-01
 43 -0.00873 -2.97837e-01 | 44 -0.00335 -3.61887e+00 | 45  0.01195 -1.34186e+01
 46  0.00010 -5.75520e+00 | 47  0.00096 -6.40299e+00 | 48 -0.00025 -7.45462e+00
 49 -0.00481 -7.17932e+00 | 50 -0.00208 -1.19990e+01 | 51 -0.00344 -9.11753e+00
 52  0.00969 -1.37119e+01 | 53  0.00001 -1.16081e+01 | 54 -0.01072 -6.51321e+00
 55 -0.01209 -4.97320e+00 | 56 -0.01076 -4.85565e+00 | 57  0.00001 -1.19962e+01
 58 -0.00383 -1.31919e+01 | 59  0.02120 -3.75282e+01 | 60  0.00957 -3.46136e+01
 61 -0.01035 -6.19570e+00 | 62  0.00453 -2.00339e+01 | 63 -0.02309  1.98277e+00
 64  0.02198 -4.82792e+01 | 65  0.01780 -4.84436e+01 | 66  0.02983 -9.14086e+01
 67  0.00107 -1.98437e+01 | 68 -0.01482 -1.83692e+01 | 69 -0.03328  3.96669e+00
 70 -0.01507  3.36539e+01 | 71 -0.01261  1.05363e+01 | 72 -0.03754  1.78027e+01
 73  0.08570 -1.61680e+02 | 74 -0.02443 -5.75075e+00 | 75 -0.03047  1.50377e+01
 76  0.05117 -6.39152e+01 | 77  0.00849  3.97979e+00 | 78  0.04037 -2.83398e+01
 79 -0.01597  1.44780e+01 | 80 -0.02082 -1.08687e+01 | 81 -0.04498 -1.25289e+01
 82  0.01006 -8.92528e+00 | 83 -0.03897  1.77000e+01 | 84  0.03979 -3.81350e+00
 85 -0.00292 -5.79017e+00 | 86 -0.00268  6.02882e+00 | 87 -0.03432  1.86061e+01
 88 -0.00039 -4.63895e+00 | 89  0.00515  2.33185e+01 | 90  0.02994  1.74303e+01
 91 -0.00444  2.66759e+01 | 92 -0.02084  2.04880e+00 | 93  0.00251  1.09645e+01
 94  0.00728  2.34242e+01 | 95 -0.00234  2.14825e+01 | 96 -0.00068  2.36195e+01
 97 -0.00617 -4.46142e+01 | 98 -0.40496  6.44101e+01 | 99 -0.28667  1.55675e+01
100 -0.24357 -4.30511e+01 |
100 variables; iteration 40; function evaluation 46; phase 3
Function value 5.7433464e+02; maximum gradient component mag -8.4739e+02
Var    Value     Gradient |Var    Value     Gradient |Var    Value     Gradient
  1  0.63466 -8.47394e+02 |  2 -0.00024  2.57475e+01 |  3 -0.00021  2.53826e+01
  4 -0.00018  2.49101e+01 |  5 -0.00016  2.43442e+01 |  6  0.00094  2.36211e+01
  7 -0.00004  2.29294e+01 |  8 -0.00003  2.19235e+01 |  9 -0.00015  2.05524e+01
 10 -0.00035  1.89082e+01 | 11 -0.00012  1.72390e+01 | 12 -0.00030  1.57748e+01
 13  0.00434  1.35361e+01 | 14  0.00036  1.24746e+01 | 15  0.00049  1.02288e+01
 16  0.00233  7.33606e+00 | 17  0.00990  2.43209e+00 | 18  0.00242  3.20064e+00
 19 -0.00656  5.03447e+00 | 20 -0.00172  3.74053e+00 | 21  0.00330  3.43900e-01
 22  0.00005 -5.02527e-01 | 23  0.00228 -1.01722e-01 | 24 -0.00041  2.32989e-01
 25 -0.00076  5.99473e-02 | 26 -0.00150 -1.27915e-01 | 27  0.00008 -1.46498e+00
 28 -0.00632 -1.26414e+00 | 29 -0.00072 -3.47269e+00 | 30  0.02868 -9.88229e+00
 31  0.00001 -4.48608e+00 | 32  0.00667 -6.96327e+00 | 33 -0.00347 -2.88922e+00
 34 -0.01031 -1.89803e+00 | 35 -0.00659 -4.08251e+00 | 36 -0.00750 -2.13372e+00
 37 -0.00700 -4.67004e+00 | 38 -0.00494 -8.67084e+00 | 39  0.00797 -9.80713e+00
 40  0.01138 -6.57213e+00 | 41 -0.00602 -7.43747e+00 | 42 -0.00431 -7.17825e+00
 43 -0.00798 -4.05974e+00 | 44 -0.00443 -9.41667e+00 | 45  0.01433 -1.60404e+01
 46  0.00103 -9.82041e+00 | 47  0.00056 -1.15251e+01 | 48 -0.00080 -1.22802e+01
 49 -0.00539 -1.08186e+01 | 50  0.00231 -7.28855e+00 | 51 -0.00480 -1.32285e+01
 52  0.01193 -1.54514e+01 | 53 -0.00016 -1.40735e+01 | 54 -0.01135 -8.63520e+00
 55 -0.01388 -9.73006e+00 | 56 -0.01311 -1.01945e+01 | 57  0.00197 -1.13488e+01
 58 -0.00443 -1.30768e+01 | 59  0.02667 -2.39199e+01 | 60  0.01355 -2.10960e+01
 61 -0.01156 -1.00179e+01 | 62  0.00577 -1.76455e+01 | 63 -0.02501 -2.98962e+00
 64  0.02554 -2.99516e+01 | 65  0.02092 -2.49588e+01 | 66  0.03295 -5.66568e+01
 67  0.00170 -1.29611e+01 | 68 -0.01384 -8.80884e+00 | 69 -0.03332  1.39654e+00
 70 -0.01715  5.98984e+00 | 71 -0.01171  2.95301e+01 | 72 -0.03888  1.07914e+01
 73  0.08698 -8.03635e+01 | 74 -0.02342  9.03769e+00 | 75 -0.03163  5.39744e+00
 76  0.05094 -6.34680e+01 | 77  0.00621 -3.20676e+01 | 78  0.04021 -2.94772e+01
 79 -0.01604  1.97787e+01 | 80 -0.01943  1.14385e+01 | 81 -0.04329  1.31747e+01
 82  0.00995 -6.16207e+00 | 83 -0.03911  1.86880e+01 | 84  0.03908 -2.15602e+01
 85 -0.00262  4.96793e+00 | 86 -0.00233  1.46952e+01 | 87 -0.03419  2.49766e+01
 88  0.00115  1.95047e+01 | 89  0.00484  1.61355e+01 | 90  0.03074  2.54045e+01
 91 -0.00497  1.43119e+01 | 92 -0.01696  2.93497e+01 | 93  0.00491  3.51597e+01
 94  0.00739  2.64607e+01 | 95 -0.00072  2.73717e+01 | 96 -0.00032  2.75774e+01
 97  0.00195 -3.85923e+01 | 98 -0.40292  4.27221e+01 | 99 -0.29017  4.64200e+00
100 -0.24325 -2.00979e+01 |
100 variables; iteration 60; function evaluation 75; phase 3
Function value 5.7401696e+02; maximum gradient component mag -7.3591e+02
Var    Value     Gradient |Var    Value     Gradient |Var    Value     Gradient
  1  0.63511 -7.35905e+02 |  2 -0.00017  2.22714e+01 |  3 -0.00019  2.18298e+01
  4 -0.00021  2.13024e+01 |  5 -0.00017  2.07700e+01 |  6  0.00100  2.01658e+01
  7  0.00014  1.96646e+01 |  8  0.00005  1.85356e+01 |  9 -0.00042  1.66875e+01
 10 -0.00088  1.47012e+01 | 11 -0.00054  1.32338e+01 | 12 -0.00046  1.21672e+01
 13  0.00428  1.01275e+01 | 14  0.00028  9.05965e+00 | 15  0.00042  6.85180e+00
 16  0.00300  4.86644e+00 | 17  0.00909 -1.54096e+00 | 18  0.00283  4.29947e-01
 19 -0.00641  1.98779e+00 | 20 -0.00179  7.04657e-01 | 21  0.00281 -3.19963e+00
 22 -0.00085 -4.55659e+00 | 23  0.00206 -3.39375e+00 | 24 -0.00050 -2.93088e+00
 25 -0.00062 -2.81750e+00 | 26 -0.00184 -3.55802e+00 | 27 -0.00049 -5.16275e+00
 28 -0.00593 -3.83119e+00 | 29  0.00004 -5.62101e+00 | 30  0.02688 -1.42026e+01
 31 -0.00187 -9.48077e+00 | 32  0.00679 -9.79220e+00 | 33 -0.00280 -4.94382e+00
 34 -0.01096 -5.69692e+00 | 35 -0.00826 -8.83584e+00 | 36 -0.00807 -5.38459e+00
 37 -0.00712 -7.41084e+00 | 38 -0.00399 -1.00091e+01 | 39  0.00768 -1.24145e+01
 40  0.01047 -8.97264e+00 | 41 -0.00624 -9.72717e+00 | 42 -0.00241 -7.08059e+00
 43 -0.00704 -4.86047e+00 | 44 -0.00421 -1.12017e+01 | 45  0.01269 -1.91079e+01
 46  0.00004 -1.23114e+01 | 47  0.00259 -1.11847e+01 | 48 -0.00104 -1.39509e+01
 49 -0.00453 -1.12612e+01 | 50  0.00210 -7.80530e+00 | 51 -0.00427 -1.36684e+01
 52  0.01167 -1.61628e+01 | 53  0.00073 -1.39914e+01 | 54 -0.01116 -9.78611e+00
 55 -0.01498 -1.23384e+01 | 56 -0.01368 -1.22430e+01 | 57  0.00174 -1.26987e+01
 58 -0.00450 -1.43747e+01 | 59  0.02677 -2.30952e+01 | 60  0.01413 -1.77927e+01
 61 -0.01194 -1.07644e+01 | 62  0.00662 -1.50347e+01 | 63 -0.02474 -2.83227e+00
 64  0.02614 -2.53876e+01 | 65  0.02105 -2.02487e+01 | 66  0.03479 -3.18585e+01
 67  0.00145 -1.18395e+01 | 68 -0.01335 -2.13110e+00 | 69 -0.03298  5.51696e+00
 70 -0.01811 -2.83170e+00 | 71 -0.01324  4.32722e+00 | 72 -0.03943  7.01645e+00
 73  0.08681 -6.20359e+01 | 74 -0.02373  7.59254e+00 | 75 -0.03128  1.08103e+01
 76  0.05189 -2.14520e+01 | 77  0.00773  4.72341e-01 | 78  0.04041 -9.98764e+00
 79 -0.01668  1.14512e+01 | 80 -0.01930  1.56451e+01 | 81 -0.04294  1.75948e+01
 82  0.01028  7.67329e+00 | 83 -0.03921  1.67172e+01 | 84  0.03947  1.27158e+00
 85 -0.00213  1.52459e+01 | 86 -0.00235  1.62412e+01 | 87 -0.03449  1.79337e+01
 88  0.00130  2.10602e+01 | 89  0.00533  2.07884e+01 | 90  0.03060  2.09818e+01
 91 -0.00400  2.31971e+01 | 92 -0.01685  2.63759e+01 | 93  0.00510  2.92083e+01
 94  0.00738  2.41952e+01 | 95 -0.00065  2.38472e+01 | 96 -0.00034  2.39205e+01
 97 -0.00602 -4.67053e+01 | 98 -0.40531  6.23397e+01 | 99 -0.28434 -2.13413e+00
100 -0.23930  2.20516e+00 |
Maximum number of function evaluations exceeded

 - final statistics:
100 variables; iteration 75; function evaluation 100
Function value 5.7378e+02; maximum gradient component mag -4.7883e+02
Exit code = 3;  converg criter 1.0000e+00
Var    Value     Gradient |Var    Value     Gradient |Var    Value     Gradient
  1  0.63535 -4.78830e+02 |  2  0.00014  1.50109e+01 |  3 -0.00027  1.41068e+01
  4 -0.00069  1.31391e+01 |  5 -0.00044  1.31149e+01 |  6  0.00112  1.33539e+01
  7  0.00025  1.30830e+01 |  8 -0.00065  1.10646e+01 |  9 -0.00080  1.00481e+01
 10 -0.00104  8.78368e+00 | 11 -0.00145  6.73525e+00 | 12 -0.00118  6.49160e+00
 13  0.00331  5.05035e+00 | 14 -0.00079  4.18577e+00 | 15 -0.00123  1.86974e+00
 16 -0.00019 -1.16121e+00 | 17  0.00985 -1.59236e+00 | 18  0.00051 -3.49453e+00
 19 -0.00763 -1.50310e+00 | 20 -0.00328 -2.51018e+00 | 21  0.00248 -3.83504e+00
 22 -0.00105 -5.00188e+00 | 23  0.00158 -4.08814e+00 | 24 -0.00091 -3.62209e+00
 25 -0.00157 -4.03042e+00 | 26 -0.00195 -3.74461e+00 | 27  0.00052 -3.62052e+00
 28 -0.00684 -5.57862e+00 | 29 -0.00218 -8.43617e+00 | 30  0.02459 -1.21102e+01
 31  0.00099 -5.91282e+00 | 32  0.00765 -7.64078e+00 | 33 -0.00487 -7.59173e+00
 34 -0.00873 -2.74175e+00 | 35 -0.00558 -3.67061e+00 | 36 -0.00648 -3.03062e+00
 37 -0.00655 -6.46570e+00 | 38 -0.00299 -8.05824e+00 | 39  0.00791 -1.00228e+01
 40  0.00903 -8.12599e+00 | 41 -0.00444 -7.29654e+00 | 42 -0.00437 -9.17508e+00
 43 -0.00761 -5.75993e+00 | 44 -0.00408 -1.03585e+01 | 45  0.01327 -1.36489e+01
 46  0.00116 -9.25783e+00 | 47  0.00242 -9.41396e+00 | 48  0.00135 -9.65192e+00
 49 -0.00552 -1.16290e+01 | 50  0.00090 -7.65574e+00 | 51 -0.00267 -1.06701e+01
 52  0.01062 -1.38203e+01 | 53  0.00092 -1.20751e+01 | 54 -0.01038 -8.20031e+00
 55 -0.01320 -8.59971e+00 | 56 -0.01263 -1.06571e+01 | 57  0.00131 -1.15485e+01
 58 -0.00291 -1.09260e+01 | 59  0.02695 -1.62280e+01 | 60  0.01452 -1.23917e+01
 61 -0.01048 -6.30986e+00 | 62  0.00709 -1.10195e+01 | 63 -0.02382 -1.64058e+00
 64  0.02672 -1.63554e+01 | 65  0.02126 -1.29461e+01 | 66  0.03604 -8.50013e+00
 67  0.00150 -8.13095e+00 | 68 -0.01287  3.95140e+00 | 69 -0.03278  5.56581e+00
 70 -0.01855 -7.19664e+00 | 71 -0.01425 -1.39840e+01 | 72 -0.03947  4.30492e+00
 73  0.08672 -3.57833e+01 | 74 -0.02362  7.14019e+00 | 75 -0.03098  1.14978e+01
 76  0.05244  8.97539e+00 | 77  0.00877  2.13879e+01 | 78  0.04050  3.74616e+00
 79 -0.01701  3.80006e+00 | 80 -0.01953  1.10525e+01 | 81 -0.04245  1.90510e+01
 82  0.01042  1.33605e+01 | 83 -0.03929  1.04067e+01 | 84  0.03978  1.66718e+01
 85 -0.00179  1.74976e+01 | 86 -0.00242  1.23276e+01 | 87 -0.03410  1.50749e+01
 88  0.00115  1.45817e+01 | 89  0.00566  1.86752e+01 | 90  0.03035  1.19228e+01
 91 -0.00347  2.22914e+01 | 92 -0.01706  1.71869e+01 | 93  0.00493  1.58470e+01
 94  0.00708  1.62675e+01 | 95 -0.00124  1.45903e+01 | 96 -0.00094  1.46489e+01
 97 -0.00953 -4.02407e+01 | 98 -0.40626  5.85767e+01 | 99 -0.28020 -6.32001e+00
100 -0.23635  1.65554e+01 |

Initial statistics: 108 variables; iteration 0; function evaluation 0; phase 4
Function value 5.7377988e+02; maximum gradient component mag -7.2802e+02
Var    Value     Gradient |Var    Value     Gradient |Var    Value     Gradient
  1 -0.42263  5.43577e+01 |  2 -0.42263 -7.28017e+02 |  3 -0.41094 -2.17103e+02
  4  0.63535 -4.78830e+02 |  5  0.00000 -2.65555e+00 |  6  0.00000 -5.88167e-01
  7  0.00000 -7.17421e-01 |  8  0.00000 -8.74474e-01 |  9  0.00000 -1.06503e+00
 10  0.00014  1.49136e+01 | 11 -0.00027  1.40095e+01 | 12 -0.00069  1.30419e+01
 13 -0.00044  1.30176e+01 | 14  0.00112  1.32566e+01 | 15  0.00025  1.29858e+01
 16 -0.00065  1.09673e+01 | 17 -0.00080  9.95086e+00 | 18 -0.00105  8.68640e+00
 19 -0.00145  6.63797e+00 | 20 -0.00118  6.39432e+00 | 21  0.00331  4.95307e+00
 22 -0.00079  4.08849e+00 | 23 -0.00123  1.77246e+00 | 24 -0.00019 -1.25849e+00
 25  0.00984 -1.68962e+00 | 26  0.00051 -3.59181e+00 | 27 -0.00764 -1.60037e+00
 28 -0.00329 -2.60746e+00 | 29  0.00248 -3.93232e+00 | 30 -0.00106 -5.09916e+00
 31  0.00158 -4.18542e+00 | 32 -0.00091 -3.71937e+00 | 33 -0.00157 -4.12770e+00
 34 -0.00195 -3.84189e+00 | 35  0.00052 -3.71780e+00 | 36 -0.00684 -5.67589e+00
 37 -0.00218 -8.53345e+00 | 38  0.02459 -1.22074e+01 | 39  0.00098 -6.01010e+00
 40  0.00765 -7.73805e+00 | 41 -0.00487 -7.68901e+00 | 42 -0.00874 -2.83903e+00
 43 -0.00558 -3.76789e+00 | 44 -0.00649 -3.12790e+00 | 45 -0.00655 -6.56298e+00
 46 -0.00300 -8.15551e+00 | 47  0.00791 -1.01200e+01 | 48  0.00902 -8.22326e+00
 49 -0.00445 -7.39382e+00 | 50 -0.00437 -9.27235e+00 | 51 -0.00761 -5.85720e+00
 52 -0.00408 -1.04558e+01 | 53  0.01327 -1.37462e+01 | 54  0.00116 -9.35511e+00
 55  0.00242 -9.51124e+00 | 56  0.00135 -9.74920e+00 | 57 -0.00552 -1.17263e+01
 58  0.00090 -7.75302e+00 | 59 -0.00267 -1.07674e+01 | 60  0.01062 -1.39176e+01
 61  0.00091 -1.21724e+01 | 62 -0.01038 -8.29757e+00 | 63 -0.01320 -8.69697e+00
 64 -0.01263 -1.07544e+01 | 65  0.00131 -1.16458e+01 | 66 -0.00291 -1.10232e+01
 67  0.02695 -1.63252e+01 | 68  0.01451 -1.24890e+01 | 69 -0.01048 -6.40713e+00
 70  0.00709 -1.11168e+01 | 71 -0.02382 -1.73779e+00 | 72  0.02672 -1.64526e+01
 73  0.02126 -1.30433e+01 | 74  0.03604 -8.59725e+00 | 75  0.00150 -8.22823e+00
 76 -0.01287  3.85414e+00 | 77 -0.03279  5.46866e+00 | 78 -0.01855 -7.29388e+00
 79 -0.01425 -1.40813e+01 | 80 -0.03947  4.20783e+00 | 81  0.08672 -3.58797e+01
 82 -0.02362  7.04298e+00 | 83 -0.03099  1.14007e+01 | 84  0.05244  8.87844e+00
 85  0.00877  2.12906e+01 | 86  0.04050  3.64908e+00 | 87 -0.01701  3.70282e+00
 88 -0.01953  1.09553e+01 | 89 -0.04245  1.89539e+01 | 90  0.01042  1.32633e+01
 91 -0.03929  1.03096e+01 | 92  0.03978  1.65747e+01 | 93 -0.00179  1.74003e+01
 94 -0.00242  1.22303e+01 | 95 -0.03411  1.49778e+01 | 96  0.00115  1.44844e+01
 97  0.00566  1.85779e+01 | 98  0.03035  1.18256e+01 | 99 -0.00347  2.21941e+01
100 -0.01706  1.70897e+01 |101  0.00493  1.57497e+01 |102  0.00708  1.61702e+01
103 -0.00124  1.44931e+01 |104 -0.00094  1.45516e+01 |105 -0.00953 -4.02407e+01
106 -0.40626  5.85767e+01 |107 -0.28020 -6.32001e+00 |108 -0.23635  1.65554e+01

Intermediate statistics: 108 variables; iteration 20; function evaluation 24; phase 4
Function value 5.7317830e+02; maximum gradient component mag -1.0343e+03
Var    Value     Gradient |Var    Value     Gradient |Var    Value     Gradient
  1 -0.42200  2.90364e+01 |  2 -0.41898 -1.03429e+03 |  3 -0.41744 -4.19630e+02
  4  0.63442 -8.52193e+02 |  5 -0.00034 -7.31831e+00 |  6 -0.00007 -1.61210e+00
  7 -0.00008 -1.96503e+00 |  8 -0.00010 -2.39331e+00 |  9 -0.00012 -2.91222e+00
 10 -0.00047  2.47118e+01 | 11 -0.00050  2.39661e+01 | 12 -0.00053  2.30823e+01
 13 -0.00059  2.19828e+01 | 14  0.00035  2.05024e+01 | 15 -0.00080  1.90475e+01
 16 -0.00079  1.73760e+01 | 17 -0.00087  1.53014e+01 | 18 -0.00095  1.29402e+01
 19 -0.00064  1.03451e+01 | 20 -0.00134  7.14963e+00 | 21  0.00232  1.93108e+00
 22 -0.00185  2.40298e-02 | 23 -0.00159 -3.25446e+00 | 24  0.00096 -6.95755e+00
 25  0.00534 -1.72187e+01 | 26  0.00165 -1.22328e+01 | 27 -0.00730 -8.14044e+00
 28 -0.00275 -1.07405e+01 | 29  0.00084 -1.72522e+01 | 30 -0.00156 -1.73060e+01
 31 -0.00029 -1.75088e+01 | 32 -0.00298 -1.67129e+01 | 33 -0.00333 -1.67600e+01
 34 -0.00416 -1.66512e+01 | 35 -0.00295 -1.82616e+01 | 36 -0.00527 -1.18847e+01
 37  0.00130 -1.39380e+01 | 38  0.01900 -3.68423e+01 | 39  0.00095 -1.51619e+01
 40  0.00608 -1.97988e+01 | 41 -0.00212 -1.07003e+01 | 42 -0.01019 -8.83662e+00
 43 -0.00660 -1.07464e+01 | 44 -0.00839 -9.82468e+00 | 45 -0.00568 -9.22658e+00
 46 -0.00194 -1.09632e+01 | 47  0.00757 -1.78579e+01 | 48  0.00536 -1.90326e+01
 49 -0.00337 -8.91714e+00 | 50 -0.00171 -8.74772e+00 | 51 -0.00798 -6.88860e+00
 52 -0.00190 -8.20096e+00 | 53  0.01289 -1.96412e+01 | 54  0.00154 -1.04416e+01
 55  0.00218 -1.12058e+01 | 56  0.00080 -1.05187e+01 | 57 -0.00284 -6.22755e+00
 58 -0.00025 -1.02151e+01 | 59 -0.00034 -7.41943e+00 | 60  0.00981 -1.60566e+01
 61  0.00229 -9.45213e+00 | 62 -0.00932 -2.99242e+00 | 63 -0.01081 -1.10540e+00
 64 -0.00849 -7.85232e-01 | 65  0.00243 -7.32227e+00 | 66 -0.00036 -4.34648e+00
 67  0.02469 -2.35862e+01 | 68  0.01480 -1.19952e+01 | 69 -0.00876  2.01108e+00
 70  0.00723 -6.89524e+00 | 71 -0.02262  7.26842e+00 | 72  0.02742 -1.58851e+01
 73  0.02169 -1.45454e+01 | 74  0.03572 -1.98333e+01 | 75  0.00211 -2.26977e+00
 76 -0.01320  4.04923e+00 | 77 -0.03226  1.45254e+01 | 78 -0.01780  1.14880e+01
 79 -0.01241  2.10271e+01 | 80 -0.03940  1.72913e+01 | 81  0.08707 -3.47086e+01
 82 -0.02373  1.75368e+01 | 83 -0.03045  2.09654e+01 | 84  0.05137 -1.43059e+01
 85  0.00787  5.43609e+00 | 86  0.04020  2.70117e+00 | 87 -0.01616  2.16022e+01
 88 -0.01976  1.87804e+01 | 89 -0.04251  2.24418e+01 | 90  0.00983  1.27742e+01
 91 -0.03869  2.33574e+01 | 92  0.03919  1.10700e+01 | 93 -0.00192  1.93652e+01
 94 -0.00250  2.27634e+01 | 95 -0.03371  2.55517e+01 | 96  0.00092  2.53908e+01
 97  0.00571  2.21638e+01 | 98  0.03060  3.22269e+01 | 99 -0.00345  2.76512e+01
100 -0.01732  2.84233e+01 |101  0.00591  3.21152e+01 |102  0.00745  3.05192e+01
103 -0.00064  2.82222e+01 |104 -0.00034  2.82107e+01 |105  0.00475 -6.44964e+01
106 -0.40055  9.86740e+01 |107 -0.27203 -1.48354e+01 |108 -0.23287  3.68103e+01
108 variables; iteration 40; function evaluation 47; phase 4
Function value 5.7302840e+02; maximum gradient component mag -7.3578e+02
Var    Value     Gradient |Var    Value     Gradient |Var    Value     Gradient
  1 -0.42291 -3.34994e+01 |  2 -0.41898 -7.35784e+02 |  3 -0.41736 -3.01997e+02
  4  0.63463 -5.77334e+02 |  5 -0.00035 -4.76184e+00 |  6 -0.00009 -1.07262e+00
  7 -0.00011 -1.30577e+00 |  8 -0.00013 -1.58792e+00 |  9 -0.00015 -1.92868e+00
 10 -0.00052  1.63184e+01 | 11 -0.00059  1.57700e+01 | 12 -0.00066  1.51380e+01
 13 -0.00068  1.44795e+01 | 14  0.00035  1.36191e+01 | 15 -0.00075  1.27249e+01
 16 -0.00082  1.15621e+01 | 17 -0.00088  1.02461e+01 | 18 -0.00095  8.72209e+00
 19 -0.00078  6.91720e+00 | 20 -0.00132  4.91454e+00 | 21  0.00251  1.54215e+00
 22 -0.00175  1.16474e-01 | 23 -0.00200 -2.61587e+00 | 24 -0.00042 -5.92570e+00
 25  0.00244 -1.57426e+01 | 26  0.00211 -7.36143e+00 | 27 -0.00813 -6.26324e+00
 28 -0.00256 -6.54150e+00 | 29  0.00063 -1.20546e+01 | 30 -0.00220 -1.22315e+01
 31 -0.00042 -1.21957e+01 | 32 -0.00298 -1.15767e+01 | 33 -0.00347 -1.17175e+01
 34 -0.00400 -1.14567e+01 | 35 -0.00218 -1.21968e+01 | 36 -0.00559 -7.97467e+00
 37 -0.00133 -1.17383e+01 | 38  0.02091 -2.46059e+01 | 39 -0.00023 -1.18394e+01
 40  0.00470 -1.55963e+01 | 41 -0.00264 -7.58837e+00 | 42 -0.01056 -7.11337e+00
 43 -0.00739 -9.01583e+00 | 44 -0.00835 -7.63477e+00 | 45 -0.00502 -5.79070e+00
 46 -0.00116 -6.85307e+00 | 47  0.00623 -1.45831e+01 | 48  0.00635 -1.33592e+01
 49 -0.00328 -6.79787e+00 | 50 -0.00318 -8.28822e+00 | 51 -0.00781 -5.53154e+00
 52 -0.00192 -6.00091e+00 | 53  0.01365 -1.27745e+01 | 54  0.00055 -9.57698e+00
 55  0.00191 -9.28061e+00 | 56  0.00129 -7.94166e+00 | 57 -0.00286 -4.60730e+00
 58  0.00234 -3.09547e+00 | 59 -0.00121 -6.64640e+00 | 60  0.01076 -1.12134e+01
 61  0.00296 -6.28391e+00 | 62 -0.00871 -1.82263e+00 | 63 -0.01006  2.00109e-01
 64 -0.00805 -4.19837e-01 | 65  0.00286 -5.35354e+00 | 66 -0.00043 -3.54723e+00
 67  0.02609 -1.45993e+01 | 68  0.01515 -7.67753e+00 | 69 -0.00892  4.75788e-02
 70  0.00840 -1.74210e+00 | 71 -0.02260  4.50344e+00 | 72  0.02749 -1.08019e+01
 73  0.02205 -8.07383e+00 | 74  0.03544 -1.58678e+01 | 75  0.00194 -3.30409e+00
 76 -0.01355 -1.41998e+00 | 77 -0.03249  6.69748e+00 | 78 -0.01752  1.29090e+01
 79 -0.01302  5.68154e+00 | 80 -0.03921  1.28693e+01 | 81  0.08677 -3.41320e+01
 82 -0.02358  1.37000e+01 | 83 -0.03094  8.62014e+00 | 84  0.05156 -7.01200e+00
 85  0.00822  7.19733e+00 | 86  0.04003 -9.68324e-01 | 87 -0.01644  1.07009e+01
 88 -0.01971  1.40670e+01 | 89 -0.04256  1.33199e+01 | 90  0.00982  9.27102e+00
 91 -0.03867  1.49672e+01 | 92  0.03911  6.36004e+00 | 93 -0.00180  1.38567e+01
 94 -0.00288  9.85823e+00 | 95 -0.03447  6.23944e+00 | 96  0.00189  3.08354e+01
 97  0.00620  1.90021e+01 | 98  0.03049  1.88225e+01 | 99 -0.00303  2.01451e+01
100 -0.01649  2.33764e+01 |101  0.00661  2.41380e+01 |102  0.00763  1.93297e+01
103 -0.00078  1.84125e+01 |104 -0.00047  1.84326e+01 |105  0.00466 -4.05144e+01
106 -0.40095  5.73281e+01 |107 -0.26911 -1.57542e+00 |108 -0.23330  4.14466e+00
108 variables; iteration 60; function evaluation 75; phase 4
Function value 5.7289310e+02; maximum gradient component mag -9.0373e+02
Var    Value     Gradient |Var    Value     Gradient |Var    Value     Gradient
  1 -0.42343 -7.93622e+01 |  2 -0.41847 -9.03731e+02 |  3 -0.41811 -3.86564e+02
  4  0.63430 -7.21590e+02 |  5 -0.00070 -7.32017e+00 |  6 -0.00011 -1.56789e+00
  7 -0.00014 -1.91746e+00 |  8 -0.00018 -2.34393e+00 |  9 -0.00023 -2.86326e+00
 10 -0.00053  1.94282e+01 | 11 -0.00066  1.85826e+01 | 12 -0.00079  1.76071e+01
 13 -0.00090  1.65175e+01 | 14  0.00000  1.50996e+01 | 15 -0.00118  1.37025e+01
 16 -0.00133  1.19505e+01 | 17 -0.00146  9.97175e+00 | 18 -0.00160  7.72003e+00
 19 -0.00152  5.05743e+00 | 20 -0.00204  2.32294e+00 | 21  0.00182 -2.26446e+00
 22 -0.00239 -4.05511e+00 | 23 -0.00275 -7.74667e+00 | 24 -0.00099 -1.18302e+01
 25  0.00566 -1.96292e+01 | 26 -0.00132 -1.74426e+01 | 27 -0.00886 -1.25292e+01
 28 -0.00373 -1.42047e+01 | 29  0.00048 -1.96719e+01 | 30 -0.00368 -2.10898e+01
 31 -0.00033 -1.93404e+01 | 32 -0.00308 -1.85690e+01 | 33 -0.00355 -1.85886e+01
 34 -0.00425 -1.82562e+01 | 35 -0.00252 -1.91116e+01 | 36 -0.00702 -1.51719e+01
 37 -0.00234 -1.86333e+01 | 38  0.02083 -3.37990e+01 | 39  0.00009 -1.65813e+01
 40  0.00693 -1.91537e+01 | 41 -0.00455 -1.37439e+01 | 42 -0.01050 -9.79654e+00
 43 -0.00665 -1.06257e+01 | 44 -0.00788 -9.70138e+00 | 45 -0.00564 -9.18897e+00
 46 -0.00226 -1.07952e+01 | 47  0.00836 -1.50129e+01 | 48  0.00702 -1.44929e+01
 49 -0.00285 -7.78511e+00 | 50 -0.00232 -8.55388e+00 | 51 -0.00703 -5.09094e+00
 52 -0.00245 -7.52453e+00 | 53  0.01374 -1.42914e+01 | 54  0.00213 -7.99723e+00
 55  0.00380 -7.35362e+00 | 56  0.00270 -6.08362e+00 | 57 -0.00233 -3.24444e+00
 58  0.00115 -5.38084e+00 | 59  0.00064 -4.07770e+00 | 60  0.01143 -1.06453e+01
 61  0.00395 -4.64320e+00 | 62 -0.00970 -2.44499e+00 | 63 -0.01012  1.00706e+00
 64 -0.00885 -7.42470e-01 | 65  0.00378 -3.18509e+00 | 66  0.00103  1.65285e-01
 67  0.02640 -1.36930e+01 | 68  0.01541 -6.45608e+00 | 69 -0.00796  3.90303e+00
 70  0.00784 -2.82139e+00 | 71 -0.02287  5.43855e+00 | 72  0.02790 -9.65292e+00
 73  0.02237 -6.39354e+00 | 74  0.03560 -1.53936e+01 | 75  0.00240  2.87588e+00
 76 -0.01311  6.43835e+00 | 77 -0.03207  1.27097e+01 | 78 -0.01822  6.25516e+00
 79 -0.01296  7.30370e+00 | 80 -0.03951  1.41976e+01 | 81  0.08682 -3.40648e+01
 82 -0.02396  1.36975e+01 | 83 -0.03062  1.42486e+01 | 84  0.05168 -1.34845e+00
 85  0.00841  1.17580e+01 | 86  0.04006  2.40932e+00 | 87 -0.01639  1.31492e+01
 88 -0.01977  1.67210e+01 | 89 -0.04244  1.65117e+01 | 90  0.00987  1.37618e+01
 91 -0.03841  2.01864e+01 | 92  0.03919  1.16031e+01 | 93 -0.00165  1.81363e+01
 94 -0.00252  1.99098e+01 | 95 -0.03342  2.07946e+01 | 96  0.00055  1.68009e+01
 97  0.00618  2.14022e+01 | 98  0.03006  1.92298e+01 | 99 -0.00315  2.34499e+01
100 -0.01748  2.16753e+01 |101  0.00621  2.38556e+01 |102  0.00691  2.17536e+01
103 -0.00074  2.26006e+01 |104 -0.00040  2.26674e+01 |105  0.00657 -4.82146e+01
106 -0.40037  6.62229e+01 |107 -0.26549  4.77077e-01 |108 -0.23173 -2.76218e+00
Maximum number of function evaluations exceeded

 - final statistics:
108 variables; iteration 77; function evaluation 100
Function value 5.7281e+02; maximum gradient component mag 3.7567e+01
Exit code = 3;  converg criter 1.0000e+00
Var    Value     Gradient |Var    Value     Gradient |Var    Value     Gradient
  1 -0.42278  5.57916e-01 |  2 -0.41773  3.75675e+01 |  3 -0.41947  1.27993e+01
  4  0.63418  2.66924e+01 |  5 -0.00086  8.88456e-01 |  6 -0.00023  1.36564e-01
  7 -0.00028  1.69379e-01 |  8 -0.00033  2.14097e-01 |  9 -0.00039  2.76805e-01
 10 -0.00091 -5.26662e-01 | 11 -0.00093 -3.31174e-01 | 12 -0.00099 -1.63499e-01
 13 -0.00106  3.47353e-02 | 14 -0.00014  2.33034e-01 | 15 -0.00149  1.46695e-01
 16 -0.00203 -2.10553e-01 | 17 -0.00244 -2.99166e-01 | 18 -0.00263  4.02582e-02
 19 -0.00271  1.95240e-01 | 20 -0.00331  5.34924e-01 | 21  0.00071  1.54623e+00
 22 -0.00340  1.86762e+00 | 23 -0.00439  7.51342e-01 | 24 -0.00123  3.60293e+00
 25  0.00682  5.60209e+00 | 26 -0.00201  2.00651e+00 | 27 -0.00928  2.92547e+00
 28 -0.00631  4.16578e-01 | 29 -0.00063  3.31843e+00 | 30 -0.00253  5.02555e+00
 31 -0.00228  1.82526e+00 | 32 -0.00370  3.48296e+00 | 33 -0.00415  3.34930e+00
 34 -0.00522  2.19544e+00 | 35 -0.00253  3.42287e+00 | 36 -0.00755  2.13039e+00
 37 -0.00242  1.36644e+00 | 38  0.02155  4.82661e+00 | 39  0.00019  2.50573e+00
 40  0.00691  3.20805e+00 | 41 -0.00441  6.07320e-01 | 42 -0.01062  2.01734e-01
 43 -0.00668  7.10826e-01 | 44 -0.00742  8.79926e-01 | 45 -0.00661 -9.88612e-01
 46 -0.00217 -1.09125e-01 | 47  0.00777  1.85982e-01 | 48  0.00929  3.51454e+00
 49 -0.00320 -8.47408e-01 | 50 -0.00184 -7.77907e-01 | 51 -0.00720 -1.23879e+00
 52 -0.00189 -8.28057e-01 | 53  0.01395 -9.44859e-01 | 54  0.00338  5.39178e-02
 55  0.00469 -2.30292e-02 | 56  0.00337 -5.87177e-02 | 57 -0.00246 -1.07456e+00
 58  0.00119 -2.17086e+00 | 59  0.00116 -6.88456e-01 | 60  0.01207 -2.98891e+00
 61  0.00489  1.20166e-01 | 62 -0.00719  1.27091e-01 | 63 -0.00965 -1.26337e+00
 64 -0.00735 -1.18640e+00 | 65  0.00428 -1.82809e+00 | 66  0.00126 -5.94662e-01
 67  0.02723 -2.59466e+00 | 68  0.01579 -2.67121e+00 | 69 -0.00750 -6.13490e-01
 70  0.00838 -1.82955e+00 | 71 -0.02212 -2.35461e+00 | 72  0.02827 -1.64328e+00
 73  0.02282 -6.70074e-01 | 74  0.03605 -1.87051e+00 | 75  0.00242 -2.38669e+00
 76 -0.01292 -9.61115e-01 | 77 -0.03193  5.22824e-01 | 78 -0.01816 -3.58128e+00
 79 -0.01280 -1.37423e+00 | 80 -0.03956 -1.09149e+00 | 81  0.08693  1.70384e+00
 82 -0.02402 -1.23143e+00 | 83 -0.03047 -8.61798e-01 | 84  0.05156 -9.35914e-01
 85  0.00831 -1.79053e+00 | 86  0.03999 -1.96825e+00 | 87 -0.01618 -3.78579e-02
 88 -0.02003 -2.99077e+00 | 89 -0.04239 -2.61142e+00 | 90  0.00982 -6.03036e-01
 91 -0.03841 -3.50433e-02 | 92  0.03913 -5.17499e-01 | 93 -0.00168 -1.30095e+00
 94 -0.00247  1.95393e+00 | 95 -0.03320  1.48365e+00 | 96  0.00043 -5.00441e+00
 97  0.00619 -8.21674e-01 | 98  0.03008 -8.44458e-01 | 99 -0.00314 -4.57251e-02
100 -0.01751 -1.65490e+00 |101  0.00616 -1.81402e+00 |102  0.00736 -5.28518e-01
103 -0.00049 -4.47787e-01 |104 -0.00019 -4.73793e-01 |105  0.00995  2.62454e+00
106 -0.39897 -5.60022e+00 |107 -0.26687 -5.19084e-01 |108 -0.23283  1.66257e+00

Initial statistics: 111 variables; iteration 0; function evaluation 0; phase 5
Function value 5.7280659e+02; maximum gradient component mag 1.3020e+02
Var    Value     Gradient |Var    Value     Gradient |Var    Value     Gradient
  1 -0.42278  5.57916e-01 |  2 -0.41773  3.75675e+01 |  3 -0.41947  1.27993e+01
  4 -0.41222  3.28756e+01 |  5 -0.41222  1.19359e+01 |  6  0.63418  2.66924e+01
  7 -0.00086  8.88456e-01 |  8 -0.00023  1.36564e-01 |  9 -0.00028  1.69379e-01
 10 -0.00033  2.14097e-01 | 11 -0.00039  2.76805e-01 | 12 -0.00091 -5.19407e-01
 13 -0.00093 -3.23918e-01 | 14 -0.00099 -1.56244e-01 | 15 -0.00106  4.19908e-02
 16 -0.00014  2.40290e-01 | 17 -0.00149  1.53951e-01 | 18 -0.00203 -2.03298e-01
 19 -0.00244 -2.91910e-01 | 20 -0.00263  4.75136e-02 | 21 -0.00271  2.02495e-01
 22 -0.00331  5.42179e-01 | 23  0.00071  1.55349e+00 | 24 -0.00340  1.87488e+00
 25 -0.00439  7.58598e-01 | 26 -0.00123  3.61019e+00 | 27  0.00682  5.60935e+00
 28 -0.00201  2.01377e+00 | 29 -0.00928  2.93272e+00 | 30 -0.00631  4.23833e-01
 31 -0.00063  3.32568e+00 | 32 -0.00253  5.03281e+00 | 33 -0.00228  1.83252e+00
 34 -0.00370  3.49021e+00 | 35 -0.00415  3.35656e+00 | 36 -0.00522  2.20270e+00
 37 -0.00253  3.43013e+00 | 38 -0.00755  2.13765e+00 | 39 -0.00242  1.37370e+00
 40  0.02155  4.83386e+00 | 41  0.00019  2.51299e+00 | 42  0.00691  3.21531e+00
 43 -0.00441  6.14576e-01 | 44 -0.01062  2.08988e-01 | 45 -0.00668  7.18081e-01
 46 -0.00742  8.87181e-01 | 47 -0.00661 -9.81356e-01 | 48 -0.00217 -1.01869e-01
 49  0.00777  1.93237e-01 | 50  0.00929  3.52179e+00 | 51 -0.00320 -8.40153e-01
 52 -0.00184 -7.70652e-01 | 53 -0.00720 -1.23153e+00 | 54 -0.00189 -8.20801e-01
 55  0.01395 -9.37606e-01 | 56  0.00338  6.11732e-02 | 57  0.00469 -1.57739e-02
 58  0.00337 -5.14623e-02 | 59 -0.00246 -1.06731e+00 | 60  0.00119 -2.16360e+00
 61  0.00116 -6.81200e-01 | 62  0.01207 -2.98166e+00 | 63  0.00489  1.27422e-01
 64 -0.00718  1.34346e-01 | 65 -0.00965 -1.25611e+00 | 66 -0.00735 -1.17914e+00
 67  0.00428 -1.82084e+00 | 68  0.00126 -5.87406e-01 | 69  0.02723 -2.58741e+00
 70  0.01579 -2.66395e+00 | 71 -0.00750 -6.06235e-01 | 72  0.00838 -1.82230e+00
 73 -0.02212 -2.34736e+00 | 74  0.02827 -1.63603e+00 | 75  0.02282 -6.62823e-01
 76  0.03605 -1.86326e+00 | 77  0.00242 -2.37944e+00 | 78 -0.01292 -9.53860e-01
 79 -0.03193  5.30071e-01 | 80 -0.01816 -3.57403e+00 | 81 -0.01280 -1.36698e+00
 82 -0.03956 -1.08425e+00 | 83  0.08693  1.71103e+00 | 84 -0.02402 -1.22418e+00
 85 -0.03047 -8.54551e-01 | 86  0.05156 -9.28683e-01 | 87  0.00831 -1.78327e+00
 88  0.03999 -1.96101e+00 | 89 -0.01618 -3.06048e-02 | 90 -0.02003 -2.98352e+00
 91 -0.04239 -2.60418e+00 | 92  0.00982 -5.95782e-01 | 93 -0.03841 -2.78010e-02
 94  0.03913 -5.10257e-01 | 95 -0.00168 -1.29369e+00 | 96 -0.00247  1.96119e+00
 97 -0.03320  1.49090e+00 | 98  0.00043 -4.99716e+00 | 99  0.00619 -8.14419e-01
100  0.03008 -8.37210e-01 |101 -0.00314 -3.84697e-02 |102 -0.01751 -1.64765e+00
103  0.00616 -1.80676e+00 |104  0.00736 -5.21263e-01 |105 -0.00049 -4.40531e-01
106 -0.00019 -4.66537e-01 |107  0.00000  1.30196e+02 |108  0.00995  2.62454e+00
109 -0.39897 -5.60022e+00 |110 -0.26687 -5.19084e-01 |111 -0.23283  1.66257e+00

Intermediate statistics: 111 variables; iteration 20; function evaluation 24; phase 5
Function value 5.7259813e+02; maximum gradient component mag -1.1476e+02
Var    Value     Gradient |Var    Value     Gradient |Var    Value     Gradient
  1 -0.42152 -1.81056e+01 |  2 -0.41764 -1.14756e+02 |  3 -0.42063 -5.94768e+01
  4 -0.42070  9.35177e+00 |  5 -0.40774  5.78080e+00 |  6  0.63480 -1.03291e+02
  7 -0.00106 -1.11995e+00 |  8 -0.00024 -2.54058e-01 |  9 -0.00029 -3.09045e-01
 10 -0.00035 -3.75259e-01 | 11 -0.00043 -4.54666e-01 | 12 -0.00086  3.11933e+00
 13 -0.00097  3.01131e+00 | 14 -0.00109  2.87818e+00 | 15 -0.00123  2.71942e+00
 16 -0.00037  2.50967e+00 | 17 -0.00161  2.28868e+00 | 18 -0.00186  1.99608e+00
 19 -0.00212  1.67593e+00 | 20 -0.00242  1.33191e+00 | 21 -0.00248  9.22295e-01
 22 -0.00316  5.04191e-01 | 23  0.00046 -1.77463e-01 | 24 -0.00376 -4.32745e-01
 25 -0.00393 -9.46875e-01 | 26 -0.00220 -1.40999e+00 | 27  0.00493 -2.40429e+00
 28 -0.00204 -2.23542e+00 | 29 -0.00996 -1.54725e+00 | 30 -0.00555 -2.06872e+00
 31 -0.00123 -2.66853e+00 | 32 -0.00414 -2.65532e+00 | 33 -0.00203 -2.58059e+00
 34 -0.00446 -2.40062e+00 | 35 -0.00484 -2.37973e+00 | 36 -0.00529 -2.30526e+00
 37 -0.00327 -2.33628e+00 | 38 -0.00779 -1.83837e+00 | 39 -0.00212 -2.13702e+00
 40  0.02062 -4.21790e+00 | 41 -0.00011 -1.78936e+00 | 42  0.00613 -2.23838e+00
 43 -0.00416 -1.44585e+00 | 44 -0.01031 -8.56999e-01 | 45 -0.00672 -1.20960e+00
 46 -0.00743 -8.83263e-01 | 47 -0.00560 -8.81390e-01 | 48 -0.00165 -8.76378e-01
 49  0.00883 -1.16206e+00 | 50  0.00745 -1.52393e+00 | 51 -0.00227 -4.69314e-01
 52 -0.00106 -4.77257e-01 | 53 -0.00651 -2.45621e-01 | 54 -0.00134 -3.00690e-01
 55  0.01440 -1.66087e+00 | 56  0.00358 -3.10029e-01 | 57  0.00494 -1.71050e-01
 58  0.00334 -2.27794e-01 | 59 -0.00219  5.53251e-02 | 60  0.00193 -4.83024e-01
 61  0.00131 -2.02659e-02 | 62  0.01384 -5.82220e-01 | 63  0.00443 -5.88725e-02
 64 -0.00736  8.71153e-01 | 65 -0.00934  6.01311e-01 | 66 -0.00697  6.67855e-01
 67  0.00489  1.07317e-01 | 68  0.00129  5.35231e-01 | 69  0.02777 -1.41282e+00
 70  0.01591 -1.60453e+00 | 71 -0.00718  1.28901e+00 | 72  0.00835 -5.19230e-01
 73 -0.02155  1.38834e+00 | 74  0.02839 -1.44351e+00 | 75  0.02279 -8.37213e-01
 76  0.03596 -3.34036e+00 | 77  0.00227 -1.28747e+00 | 78 -0.01288  1.80787e+00
 79 -0.03203  3.38052e+00 | 80 -0.01821 -1.16675e+00 | 81 -0.01297 -8.21846e-01
 82 -0.03935  1.92303e+00 | 83  0.08693  2.58183e+00 | 84 -0.02414  1.63641e+00
 85 -0.03046  2.51171e+00 | 86  0.05160  3.09893e+00 | 87  0.00816 -2.88509e-01
 88  0.04005  5.58989e+00 | 89 -0.01640  2.71326e+00 | 90 -0.02018  7.11367e-02
 91 -0.04245 -5.81940e-01 | 92  0.00957 -1.57528e+00 | 93 -0.03840  3.44534e+00
 94  0.03920  6.01481e+00 | 95 -0.00192 -6.34793e-01 | 96 -0.00249  5.76455e+00
 97 -0.03318  5.70567e+00 | 98  0.00042 -9.55345e-01 | 99  0.00608 -4.62371e-01
100  0.03008  2.66116e+00 |101 -0.00311  5.51377e+00 |102 -0.01694  5.48266e+00
103  0.00631  3.43449e+00 |104  0.00736  3.53112e+00 |105 -0.00066  3.68252e+00
106 -0.00034  3.69084e+00 |107 -0.00035  6.22074e+01 |108  0.01340 -3.53976e+00
109 -0.39783  1.52782e+00 |110 -0.26949 -2.55489e-02 |111 -0.23440 -1.86390e+00
111 variables; iteration 40; function evaluation 46; phase 5
Function value 5.7258065e+02; maximum gradient component mag 5.9852e+01
Var    Value     Gradient |Var    Value     Gradient |Var    Value     Gradient
  1 -0.42112 -1.30057e+01 |  2 -0.41786 -5.13687e+01 |  3 -0.42046 -3.10660e+01
  4 -0.42114  8.09297e+00 |  5 -0.40748  5.82623e+00 |  6  0.63510 -4.96756e+01
  7 -0.00106 -4.46876e-01 |  8 -0.00023 -9.49384e-02 |  9 -0.00028 -1.15744e-01
 10 -0.00034 -1.41111e-01 | 11 -0.00042 -1.72135e-01 | 12 -0.00085  1.70715e+00
 13 -0.00096  1.65894e+00 | 14 -0.00108  1.60211e+00 | 15 -0.00123  1.53267e+00
 16 -0.00038  1.44341e+00 | 17 -0.00159  1.37414e+00 | 18 -0.00179  1.31112e+00
 19 -0.00203  1.21944e+00 | 20 -0.00233  1.07241e+00 | 21 -0.00237  9.23323e-01
 22 -0.00306  7.39926e-01 | 23  0.00048  3.47256e-01 | 24 -0.00377  1.87000e-01
 25 -0.00377  2.19878e-01 | 26 -0.00236 -4.18693e-01 | 27  0.00493 -5.54021e-01
 28 -0.00211 -6.98414e-01 | 29 -0.00999 -3.27400e-01 | 30 -0.00558 -5.53390e-01
 31 -0.00129 -8.41981e-01 | 32 -0.00441 -1.16580e+00 | 33 -0.00191 -5.29880e-01
 34 -0.00458 -8.22926e-01 | 35 -0.00496 -8.22114e-01 | 36 -0.00526 -5.77061e-01
 37 -0.00340 -8.54579e-01 | 38 -0.00784 -5.69882e-01 | 39 -0.00199 -3.93663e-01
 40  0.02074 -1.07711e+00 | 41 -0.00008 -3.20322e-01 | 42  0.00620 -4.91637e-01
 43 -0.00402 -1.77709e-01 | 44 -0.01064 -8.08967e-01 | 45 -0.00699 -7.79504e-01
 46 -0.00745 -2.61210e-01 | 47 -0.00558 -2.58913e-01 | 48 -0.00169 -2.95895e-01
 49  0.00943  8.79338e-01 | 50  0.00754 -2.18342e-01 | 51 -0.00192  5.81517e-01
 52 -0.00072  5.38968e-01 | 53 -0.00651 -1.17008e-01 | 54 -0.00160 -6.84695e-01
 55  0.01424 -1.09425e+00 | 56  0.00374  2.17056e-01 | 57  0.00486 -4.79766e-02
 58  0.00340 -3.86240e-02 | 59 -0.00236 -3.88973e-01 | 60  0.00149 -1.23381e+00
 61  0.00197  8.56535e-01 | 62  0.01287 -1.73263e+00 | 63  0.00442 -1.97853e-01
 64 -0.00725  6.87245e-01 | 65 -0.00949  1.10124e-01 | 66 -0.00717 -1.34014e-01
 67  0.00453 -8.90426e-01 | 68  0.00137  2.61791e-01 | 69  0.02793 -7.17117e-01
 70  0.01598 -1.15750e+00 | 71 -0.00721  9.19254e-01 | 72  0.00856 -2.90033e-01
 73 -0.02147  9.63106e-01 | 74  0.02854 -4.68480e-01 | 75  0.02283 -3.33142e-01
 76  0.03598 -3.44597e+00 | 77  0.00235 -1.38115e+00 | 78 -0.01273  1.43079e+00
 79 -0.03212  2.54994e+00 | 80 -0.01806 -1.91952e+00 | 81 -0.01305 -1.53480e+00
 82 -0.03909  1.61987e+00 | 83  0.08687  3.14477e+00 | 84 -0.02416 -2.09962e-01
 85 -0.03059  1.66745e+00 | 86  0.05164  2.39854e+00 | 87  0.00805 -5.78732e-01
 88  0.04006  4.02757e+00 | 89 -0.01658  9.32099e-01 | 90 -0.02009 -9.99939e-01
 91 -0.04252 -1.25535e+00 | 92  0.00971 -1.86279e+00 | 93 -0.03852  2.04418e+00
 94  0.03927  4.20474e+00 | 95 -0.00202 -1.85454e+00 | 96 -0.00247  3.02613e+00
 97 -0.03331  4.19883e+00 | 98  0.00067 -7.41230e-01 | 99  0.00600 -1.55060e+00
100  0.03019  6.45606e-01 |101 -0.00332  2.29374e+00 |102 -0.01682  3.44420e+00
103  0.00610  1.97965e+00 |104  0.00741  1.79276e+00 |105 -0.00067  1.90159e+00
106 -0.00036  1.90772e+00 |107 -0.00056  5.98516e+01 |108  0.01032 -1.16723e+00
109 -0.39903 -2.90697e+00 |110 -0.27520 -4.51069e-01 |111 -0.23707 -2.17579e+00
111 variables; iteration 60; function evaluation 74; phase 5
Function value 5.7253227e+02; maximum gradient component mag -5.6250e+01
Var    Value     Gradient |Var    Value     Gradient |Var    Value     Gradient
  1 -0.42088 -5.12300e+00 |  2 -0.41807 -5.62505e+01 |  3 -0.42035 -2.54065e+01
  4 -0.42306  9.58587e-01 |  5 -0.40946  2.67134e-01 |  6  0.63556 -4.81352e+01
  7 -0.00092 -2.65812e-01 |  8 -0.00023 -9.49463e-02 |  9 -0.00027 -1.13436e-01
 10 -0.00033 -1.32614e-01 | 11 -0.00039 -1.50428e-01 | 12 -0.00102  1.16711e+00
 13 -0.00106  1.20495e+00 | 14 -0.00115  1.20655e+00 | 15 -0.00125  1.20321e+00
 16 -0.00036  1.16009e+00 | 17 -0.00165  9.71849e-01 | 18 -0.00202  6.35733e-01
 19 -0.00232  4.30568e-01 | 20 -0.00255  3.84598e-01 | 21 -0.00258  2.41140e-01
 22 -0.00321  1.42363e-01 | 23  0.00047 -3.62200e-02 | 24 -0.00378 -2.00945e-01
 25 -0.00406 -6.24430e-01 | 26 -0.00227 -7.32454e-01 | 27  0.00449 -1.78137e+00
 28 -0.00243 -1.59714e+00 | 29 -0.01022 -1.10537e+00 | 30 -0.00546 -7.92275e-01
 31 -0.00144 -1.50861e+00 | 32 -0.00418 -1.25735e+00 | 33 -0.00223 -1.48985e+00
 34 -0.00465 -1.38466e+00 | 35 -0.00512 -1.51162e+00 | 36 -0.00542 -1.27004e+00
 37 -0.00373 -1.81259e+00 | 38 -0.00798 -1.15229e+00 | 39 -0.00199 -7.72194e-01
 40  0.02037 -2.31144e+00 | 41 -0.00058 -1.56390e+00 | 42  0.00593 -1.38136e+00
 43 -0.00399 -4.38409e-01 | 44 -0.01051 -8.75190e-01 | 45 -0.00670 -5.65015e-01
 46 -0.00759 -7.30215e-01 | 47 -0.00569 -6.84431e-01 | 48 -0.00106  4.05226e-01
 49  0.00858 -1.01966e+00 | 50  0.00759 -5.38418e-01 | 51 -0.00235 -4.60084e-01
 52 -0.00095 -1.75723e-01 | 53 -0.00644 -1.90400e-01 | 54 -0.00132 -3.32553e-01
 55  0.01460 -5.64771e-01 | 56  0.00356 -2.70392e-01 | 57  0.00517  1.74515e-01
 58  0.00341 -8.02183e-02 | 59 -0.00200  1.95345e-01 | 60  0.00127 -2.06091e+00
 61  0.00120 -4.37863e-01 | 62  0.01403 -2.65307e-01 | 63  0.00433 -4.18025e-01
 64 -0.00732  3.26330e-01 | 65 -0.00932  1.19867e-01 | 66 -0.00701  3.82839e-02
 67  0.00490 -2.53485e-01 | 68  0.00140  2.38018e-01 | 69  0.02822  7.46325e-02
 70  0.01640  1.48451e-01 | 71 -0.00736 -1.00532e-01 | 72  0.00886  6.79105e-01
 73 -0.02150  1.85854e-01 | 74  0.02849 -7.96046e-01 | 75  0.02290  5.79043e-01
 76  0.03602 -1.54160e+00 | 77  0.00252  9.81162e-01 | 78 -0.01262  2.20236e+00
 79 -0.03208  8.49325e-01 | 80 -0.01797 -6.45113e-01 | 81 -0.01282  6.88154e-01
 82 -0.03905  1.83672e+00 | 83  0.08679 -5.88631e-01 | 84 -0.02419 -3.39224e-02
 85 -0.03040  2.18898e+00 | 86  0.05144  2.40030e-01 | 87  0.00816  3.72037e-01
 88  0.03980  8.73087e-01 | 89 -0.01661 -3.42353e-01 | 90 -0.02009 -1.48307e-01
 91 -0.04224  5.58212e-01 | 92  0.00974  2.07325e-01 | 93 -0.03837  1.73697e+00
 94  0.03908  1.47579e+00 | 95 -0.00184  2.98875e-01 | 96 -0.00242  4.06783e+00
 97 -0.03325  2.56129e+00 | 98  0.00075 -2.62181e-01 | 99  0.00638  1.15228e+00
100  0.03029  6.98969e-01 |101 -0.00308  1.45390e+00 |102 -0.01667  2.30640e+00
103  0.00652  1.43355e+00 |104  0.00736  1.57698e+00 |105 -0.00071  1.58411e+00
106 -0.00038  1.60729e+00 |107 -0.00092  4.96212e+00 |108  0.01252 -2.84837e+00
109 -0.39786  3.46146e+00 |110 -0.27339  2.24318e-01 |111 -0.23600 -1.03684e+00
111 variables; iteration 80; function evaluation 108; phase 5
Function value 5.7252677e+02; maximum gradient component mag -4.8742e+00
Var    Value     Gradient |Var    Value     Gradient |Var    Value     Gradient
  1 -0.42085 -3.31731e-01 |  2 -0.41815 -4.87424e+00 |  3 -0.42027 -2.12264e+00
  4 -0.42352 -4.45704e-02 |  5 -0.40979 -7.49025e-02 |  6  0.63573 -4.05274e+00
  7 -0.00112 -4.57254e-02 |  8 -0.00025 -1.44740e-02 |  9 -0.00031 -1.75947e-02
 10 -0.00037 -2.14872e-02 | 11 -0.00045 -2.62482e-02 | 12 -0.00092  1.16102e-01
 13 -0.00104  1.02818e-01 | 14 -0.00117  9.34065e-02 | 15 -0.00133  8.59363e-02
 16 -0.00048  7.98069e-02 | 17 -0.00172  7.21487e-02 | 18 -0.00196  5.82517e-02
 19 -0.00224  4.67607e-02 | 20 -0.00255  3.54018e-02 | 21 -0.00262  1.81772e-02
 22 -0.00333 -4.46315e-03 | 23  0.00024 -3.44842e-02 | 24 -0.00398 -4.01319e-02
 25 -0.00416 -7.55181e-02 | 26 -0.00250 -9.64254e-02 | 27  0.00460 -1.43657e-01
 28 -0.00234 -1.30705e-01 | 29 -0.01023 -1.00600e-01 | 30 -0.00576 -1.27120e-01
 31 -0.00153 -1.39068e-01 | 32 -0.00444 -1.47870e-01 | 33 -0.00231 -1.43000e-01
 34 -0.00474 -1.24907e-01 | 35 -0.00512 -1.26823e-01 | 36 -0.00554 -1.20919e-01
 37 -0.00354 -1.28606e-01 | 38 -0.00800 -1.02564e-01 | 39 -0.00230 -9.87935e-02
 40  0.02031 -2.23182e-01 | 41 -0.00033 -1.01287e-01 | 42  0.00595 -1.13739e-01
 43 -0.00426 -9.91147e-02 | 44 -0.01036 -5.44578e-02 | 45 -0.00675 -5.96595e-02
 46 -0.00750 -6.78257e-02 | 47 -0.00558 -5.86432e-02 | 48 -0.00162 -2.92023e-02
 49  0.00870 -8.39348e-02 | 50  0.00744 -7.81669e-02 | 51 -0.00226 -3.80342e-02
 52 -0.00104 -4.52101e-02 | 53 -0.00641 -3.16001e-02 | 54 -0.00125 -1.16068e-02
 55  0.01458 -5.42329e-02 | 56  0.00362 -2.92554e-02 | 57  0.00499 -1.15585e-02
 58  0.00345 -1.93039e-02 | 59 -0.00206 -6.40694e-03 | 60  0.00218 -2.68541e-02
 61  0.00147  3.31278e-03 | 62  0.01396 -2.24528e-02 | 63  0.00456 -2.10469e-02
 64 -0.00734  1.58851e-02 | 65 -0.00921 -1.03686e-02 | 66 -0.00686  3.02969e-02
 67  0.00505 -3.30015e-02 | 68  0.00143  2.09936e-02 | 69  0.02811 -3.47921e-02
 70  0.01638 -3.97869e-03 | 71 -0.00714  2.89680e-02 | 72  0.00873  2.00492e-02
 73 -0.02131  5.19093e-02 | 74  0.02856 -2.70701e-02 | 75  0.02280  4.87146e-04
 76  0.03610 -4.68337e-02 | 77  0.00247  3.97746e-02 | 78 -0.01272  7.33660e-02
 79 -0.03206  7.47117e-02 | 80 -0.01787  4.93664e-02 | 81 -0.01280  6.70938e-02
 82 -0.03914  1.00021e-01 | 83  0.08675 -1.22732e-01 | 84 -0.02410  7.38127e-02
 85 -0.03049  1.06161e-01 | 86  0.05140  2.65254e-03 | 87  0.00817  6.45905e-02
 88  0.03974  3.39553e-02 | 89 -0.01653  7.54863e-02 | 90 -0.02002  7.75708e-02
 91 -0.04216  9.92758e-02 | 92  0.00976  7.41296e-02 | 93 -0.03837  1.12168e-01
 94  0.03903  7.15175e-02 | 95 -0.00179  9.28685e-02 | 96 -0.00260  1.37404e-01
 97 -0.03331  1.31541e-01 | 98  0.00087  9.30042e-02 | 99  0.00644  1.16767e-01
100  0.03037  1.05825e-01 |101 -0.00301  1.22692e-01 |102 -0.01667  1.34753e-01
103  0.00664  1.26348e-01 |104  0.00735  1.26968e-01 |105 -0.00072  1.27774e-01
106 -0.00040  1.23826e-01 |107 -0.00104 -7.39267e-01 |108  0.01294 -2.80094e-01
109 -0.39763  4.04063e-01 |110 -0.27331  5.83549e-04 |111 -0.23576 -1.13788e-02
  ic > imax  in fminim is answer attained ?
Var    Value     Gradient |Var    Value     Gradient |Var    Value     Gradient
  1 -0.42086 -4.89581e-04 |  2 -0.41816 -8.15999e-03 |  3 -0.42026 -3.48944e-03
  4 -0.42353 -1.22886e-04 |  5 -0.40978 -1.74631e-04 |  6  0.63573 -6.67786e-03
  7 -0.00113 -8.08961e-05 |  8 -0.00025 -3.00385e-05 |  9 -0.00031 -3.60387e-05
 10 -0.00037 -4.17150e-05 | 11 -0.00045 -4.51033e-05 | 12 -0.00093  1.78674e-04
 13 -0.00104  1.63626e-04 | 14 -0.00118  1.63494e-04 | 15 -0.00133  1.62630e-04
 16 -0.00048  1.34261e-04 | 17 -0.00172  1.04252e-04 | 18 -0.00196  1.03644e-04
 19 -0.00224  7.21799e-05 | 20 -0.00255  3.45915e-05 | 21 -0.00263  1.97591e-05
 22 -0.00333 -1.53982e-05 | 23  0.00024 -9.34876e-05 | 24 -0.00399 -1.02789e-04
 25 -0.00416 -1.33767e-04 | 26 -0.00250 -1.72271e-04 | 27  0.00460 -2.70700e-04
 28 -0.00234 -2.29335e-04 | 29 -0.01023 -1.67615e-04 | 30 -0.00576 -2.23196e-04
 31 -0.00154 -2.65465e-04 | 32 -0.00445 -3.06175e-04 | 33 -0.00231 -2.37245e-04
 34 -0.00475 -2.40862e-04 | 35 -0.00512 -2.39531e-04 | 36 -0.00554 -2.34150e-04
 37 -0.00354 -2.24454e-04 | 38 -0.00801 -1.88609e-04 | 39 -0.00232 -2.59074e-04
 40  0.02032 -3.78871e-04 | 41 -0.00034 -2.15987e-04 | 42  0.00594 -2.39890e-04
 43 -0.00425 -1.22081e-04 | 44 -0.01036 -1.21514e-04 | 45 -0.00675 -1.20463e-04
 46 -0.00749 -1.18623e-04 | 47 -0.00558 -5.84301e-05 | 48 -0.00163 -1.38646e-04
 49  0.00871 -1.71295e-04 | 50  0.00745 -1.31240e-04 | 51 -0.00226 -7.32254e-05
 52 -0.00103 -5.64583e-05 | 53 -0.00640  3.71293e-05 | 54 -0.00125 -6.28937e-05
 55  0.01458 -1.02050e-04 | 56  0.00363 -6.08555e-05 | 57  0.00498 -6.52698e-05
 58  0.00345 -3.17220e-05 | 59 -0.00206 -7.33813e-06 | 60  0.00219  2.55186e-05
 61  0.00147 -2.37285e-05 | 62  0.01396 -6.75906e-05 | 63  0.00457 -1.77016e-05
 64 -0.00733  3.00525e-05 | 65 -0.00920  7.85994e-05 | 66 -0.00687  4.15950e-05
 67  0.00507  4.12053e-05 | 68  0.00143  3.30709e-05 | 69  0.02811 -6.63930e-05
 70  0.01638 -3.55806e-06 | 71 -0.00714  7.59500e-05 | 72  0.00873  1.63892e-05
 73 -0.02131  1.06251e-04 | 74  0.02856 -2.03682e-05 | 75  0.02280 -2.22125e-05
 76  0.03610 -2.47882e-05 | 77  0.00247  4.41994e-05 | 78 -0.01272  5.82416e-05
 79 -0.03206  1.32069e-04 | 80 -0.01787  1.48363e-04 | 81 -0.01280  1.24035e-04
 82 -0.03915  1.34391e-04 | 83  0.08675 -2.01468e-04 | 84 -0.02410  1.71727e-04
 85 -0.03049  1.35194e-04 | 86  0.05140  2.13405e-05 | 87  0.00817  1.38633e-04
 88  0.03974  5.84715e-05 | 89 -0.01653  1.94728e-04 | 90 -0.02002  1.90926e-04
 91 -0.04216  1.99384e-04 | 92  0.00976  1.68813e-04 | 93 -0.03837  1.71216e-04
 94  0.03903  1.10530e-04 | 95 -0.00179  2.01677e-04 | 96 -0.00260  1.10405e-04
 97 -0.03331  1.70510e-04 | 98  0.00087  2.26469e-04 | 99  0.00644  2.07167e-04
100  0.03037  2.08828e-04 |101 -0.00300  2.05074e-04 |102 -0.01667  1.86541e-04
103  0.00664  2.12906e-04 |104  0.00735  2.03725e-04 |105 -0.00072  2.11519e-04
106 -0.00039  2.17805e-04 |107 -0.00104 -1.96171e-03 |108  0.01295 -4.87943e-04
109 -0.39762  7.40788e-04 |110 -0.27332 -1.58399e-05 |111 -0.23576  4.19395e-05
Function minimizer not making progress ... is minimum attained?
Minimprove criterion = 0.0000e+00

 - final statistics:
111 variables; iteration 95; function evaluation 166
Function value 5.7253e+02; maximum gradient component mag -8.1600e-03
Exit code = 1;  converg criter 1.0000e-04
Var    Value     Gradient |Var    Value     Gradient |Var    Value     Gradient
  1 -0.42086 -4.89581e-04 |  2 -0.41816 -8.15999e-03 |  3 -0.42026 -3.48944e-03
  4 -0.42353 -1.22886e-04 |  5 -0.40978 -1.74631e-04 |  6  0.63573 -6.67786e-03
  7 -0.00113 -8.08961e-05 |  8 -0.00025 -3.00385e-05 |  9 -0.00031 -3.60387e-05
 10 -0.00037 -4.17150e-05 | 11 -0.00045 -4.51033e-05 | 12 -0.00093  1.78674e-04
 13 -0.00104  1.63626e-04 | 14 -0.00118  1.63494e-04 | 15 -0.00133  1.62630e-04
 16 -0.00048  1.34261e-04 | 17 -0.00172  1.04252e-04 | 18 -0.00196  1.03644e-04
 19 -0.00224  7.21799e-05 | 20 -0.00255  3.45915e-05 | 21 -0.00263  1.97591e-05
 22 -0.00333 -1.53982e-05 | 23  0.00024 -9.34876e-05 | 24 -0.00399 -1.02789e-04
 25 -0.00416 -1.33767e-04 | 26 -0.00250 -1.72271e-04 | 27  0.00460 -2.70700e-04
 28 -0.00234 -2.29335e-04 | 29 -0.01023 -1.67615e-04 | 30 -0.00576 -2.23196e-04
 31 -0.00154 -2.65465e-04 | 32 -0.00445 -3.06175e-04 | 33 -0.00231 -2.37245e-04
 34 -0.00475 -2.40862e-04 | 35 -0.00512 -2.39531e-04 | 36 -0.00554 -2.34150e-04
 37 -0.00354 -2.24454e-04 | 38 -0.00801 -1.88609e-04 | 39 -0.00232 -2.59074e-04
 40  0.02032 -3.78871e-04 | 41 -0.00034 -2.15987e-04 | 42  0.00594 -2.39890e-04
 43 -0.00425 -1.22081e-04 | 44 -0.01036 -1.21514e-04 | 45 -0.00675 -1.20463e-04
 46 -0.00749 -1.18623e-04 | 47 -0.00558 -5.84301e-05 | 48 -0.00163 -1.38646e-04
 49  0.00871 -1.71295e-04 | 50  0.00745 -1.31240e-04 | 51 -0.00226 -7.32254e-05
 52 -0.00103 -5.64583e-05 | 53 -0.00640  3.71293e-05 | 54 -0.00125 -6.28937e-05
 55  0.01458 -1.02050e-04 | 56  0.00363 -6.08555e-05 | 57  0.00498 -6.52698e-05
 58  0.00345 -3.17220e-05 | 59 -0.00206 -7.33813e-06 | 60  0.00219  2.55186e-05
 61  0.00147 -2.37285e-05 | 62  0.01396 -6.75906e-05 | 63  0.00457 -1.77016e-05
 64 -0.00733  3.00525e-05 | 65 -0.00920  7.85994e-05 | 66 -0.00687  4.15950e-05
 67  0.00507  4.12053e-05 | 68  0.00143  3.30709e-05 | 69  0.02811 -6.63930e-05
 70  0.01638 -3.55806e-06 | 71 -0.00714  7.59500e-05 | 72  0.00873  1.63892e-05
 73 -0.02131  1.06251e-04 | 74  0.02856 -2.03682e-05 | 75  0.02280 -2.22125e-05
 76  0.03610 -2.47882e-05 | 77  0.00247  4.41994e-05 | 78 -0.01272  5.82416e-05
 79 -0.03206  1.32069e-04 | 80 -0.01787  1.48363e-04 | 81 -0.01280  1.24035e-04
 82 -0.03915  1.34391e-04 | 83  0.08675 -2.01468e-04 | 84 -0.02410  1.71727e-04
 85 -0.03049  1.35194e-04 | 86  0.05140  2.13405e-05 | 87  0.00817  1.38633e-04
 88  0.03974  5.84715e-05 | 89 -0.01653  1.94728e-04 | 90 -0.02002  1.90926e-04
 91 -0.04216  1.99384e-04 | 92  0.00976  1.68813e-04 | 93 -0.03837  1.71216e-04
 94  0.03903  1.10530e-04 | 95 -0.00179  2.01677e-04 | 96 -0.00260  1.10405e-04
 97 -0.03331  1.70510e-04 | 98  0.00087  2.26469e-04 | 99  0.00644  2.07167e-04
100  0.03037  2.08828e-04 |101 -0.00300  2.05074e-04 |102 -0.01667  1.86541e-04
103  0.00664  2.12906e-04 |104  0.00735  2.03725e-04 |105 -0.00072  2.11519e-04
106 -0.00039  2.17805e-04 |107 -0.00104 -1.96171e-03 |108  0.01295 -4.87943e-04
109 -0.39762  7.40788e-04 |110 -0.27332 -1.58399e-05 |111 -0.23576  4.19395e-05

Initial statistics: 112 variables; iteration 0; function evaluation 0; phase 6
Function value 5.7252676e+02; maximum gradient component mag -8.1600e-03
Var    Value     Gradient |Var    Value     Gradient |Var    Value     Gradient
  1 -0.42086 -4.89581e-04 |  2 -0.41816 -8.15998e-03 |  3 -0.42026 -3.48943e-03
  4 -0.42353 -1.22886e-04 |  5 -0.40978 -1.74631e-04 |  6  0.63573 -6.67785e-03
  7 -0.00113 -8.08961e-05 |  8 -0.00025 -3.00385e-05 |  9 -0.00031 -3.60386e-05
 10 -0.00037 -4.17150e-05 | 11 -0.00045 -4.51033e-05 | 12 -0.00093  1.80154e-04
 13 -0.00104  1.65106e-04 | 14 -0.00118  1.64975e-04 | 15 -0.00133  1.64111e-04
 16 -0.00048  1.35741e-04 | 17 -0.00172  1.05733e-04 | 18 -0.00196  1.05125e-04
 19 -0.00224  7.36606e-05 | 20 -0.00255  3.60722e-05 | 21 -0.00263  2.12399e-05
 22 -0.00333 -1.39174e-05 | 23  0.00024 -9.20068e-05 | 24 -0.00399 -1.01308e-04
 25 -0.00416 -1.32286e-04 | 26 -0.00250 -1.70790e-04 | 27  0.00460 -2.69219e-04
 28 -0.00234 -2.27854e-04 | 29 -0.01023 -1.66134e-04 | 30 -0.00576 -2.21715e-04
 31 -0.00154 -2.63984e-04 | 32 -0.00445 -3.04694e-04 | 33 -0.00231 -2.35764e-04
 34 -0.00475 -2.39381e-04 | 35 -0.00512 -2.38050e-04 | 36 -0.00554 -2.32669e-04
 37 -0.00354 -2.22973e-04 | 38 -0.00801 -1.87128e-04 | 39 -0.00232 -2.57593e-04
 40  0.02032 -3.77390e-04 | 41 -0.00034 -2.14506e-04 | 42  0.00594 -2.38410e-04
 43 -0.00425 -1.20600e-04 | 44 -0.01036 -1.20033e-04 | 45 -0.00675 -1.18982e-04
 46 -0.00749 -1.17142e-04 | 47 -0.00558 -5.69493e-05 | 48 -0.00163 -1.37165e-04
 49  0.00871 -1.69815e-04 | 50  0.00745 -1.29759e-04 | 51 -0.00226 -7.17446e-05
 52 -0.00103 -5.49775e-05 | 53 -0.00640  3.86100e-05 | 54 -0.00125 -6.14129e-05
 55  0.01458 -1.00569e-04 | 56  0.00363 -5.93748e-05 | 57  0.00498 -6.37891e-05
 58  0.00345 -3.02412e-05 | 59 -0.00206 -5.85736e-06 | 60  0.00219  2.69994e-05
 61  0.00147 -2.22477e-05 | 62  0.01396 -6.61101e-05 | 63  0.00457 -1.62209e-05
 64 -0.00733  3.15331e-05 | 65 -0.00920  8.00800e-05 | 66 -0.00687  4.30756e-05
 67  0.00507  4.26860e-05 | 68  0.00143  3.45516e-05 | 69  0.02811 -6.49137e-05
 70  0.01638 -2.07777e-06 | 71 -0.00714  7.74306e-05 | 72  0.00873  1.78698e-05
 73 -0.02131  1.07731e-04 | 74  0.02856 -1.88889e-05 | 75  0.02280 -2.07327e-05
 76  0.03610 -2.33098e-05 | 77  0.00247  4.56801e-05 | 78 -0.01272  5.97221e-05
 79 -0.03206  1.33548e-04 | 80 -0.01787  1.49843e-04 | 81 -0.01280  1.25516e-04
 82 -0.03915  1.35869e-04 | 83  0.08675 -2.00001e-04 | 84 -0.02410  1.73206e-04
 85 -0.03049  1.36673e-04 | 86  0.05140  2.28164e-05 | 87  0.00817  1.40113e-04
 88  0.03974  5.99493e-05 | 89 -0.01653  1.96208e-04 | 90 -0.02002  1.92406e-04
 91 -0.04216  2.00861e-04 | 92  0.00976  1.70293e-04 | 93 -0.03837  1.72694e-04
 94  0.03903  1.12008e-04 | 95 -0.00179  2.03157e-04 | 96 -0.00260  1.11886e-04
 97 -0.03331  1.71988e-04 | 98  0.00087  2.27950e-04 | 99  0.00644  2.08647e-04
100  0.03037  2.10307e-04 |101 -0.00300  2.06555e-04 |102 -0.01667  1.88021e-04
103  0.00664  2.14386e-04 |104  0.00735  2.05205e-04 |105 -0.00072  2.13000e-04
106 -0.00039  2.19286e-04 |107  0.00000  0.00000e+00 |108 -0.00104 -1.96171e-03
109  0.01295 -4.87943e-04 |110 -0.39762  7.40788e-04 |111 -0.27332 -1.58398e-05
112 -0.23576  4.19395e-05 |
  ic > imax  in fminim is answer attained ?
Var    Value     Gradient |Var    Value     Gradient |Var    Value     Gradient
  1 -0.42086  9.92793e-05 |  2 -0.41816  7.30332e-04 |  3 -0.42026  3.34403e-04
  4 -0.42353 -2.53778e-05 |  5 -0.40978 -1.98274e-05 |  6  0.63573  5.80580e-04
  7 -0.00113  1.27077e-05 |  8 -0.00025 -9.06506e-06 |  9 -0.00031 -1.05117e-05
 10 -0.00037 -1.06812e-05 | 11 -0.00045 -7.42482e-06 | 12 -0.00093 -3.06261e-06
 13 -0.00104 -8.57369e-06 | 14 -0.00118  2.69329e-06 | 15 -0.00133  1.53911e-05
 16 -0.00048  4.62803e-06 | 17 -0.00172 -8.09064e-06 | 18 -0.00196  1.32677e-05
 19 -0.00224  7.13481e-06 | 20 -0.00255 -1.62696e-06 | 21 -0.00263  1.67693e-05
 22 -0.00333  1.58425e-05 | 23  0.00024 -5.41049e-06 | 24 -0.00399  5.95889e-06
 25 -0.00416  1.46636e-05 | 26 -0.00250  2.46107e-05 | 27  0.00460  1.15216e-05
 28 -0.00234  2.09444e-05 | 29 -0.01023  3.26758e-05 | 30 -0.00576  7.19348e-06
 31 -0.00154  2.29830e-05 | 32 -0.00445 -1.66649e-05 | 33 -0.00231  4.40541e-05
 34 -0.00475  2.69248e-05 | 35 -0.00512  2.57521e-05 | 36 -0.00554  2.22195e-05
 37 -0.00354  3.57171e-05 | 38 -0.00801  2.30641e-05 | 39 -0.00232 -2.47229e-05
 40  0.02032  2.62487e-05 | 41 -0.00034 -4.27727e-06 | 42  0.00594 -1.60943e-07
 43 -0.00425  3.68964e-05 | 44 -0.01036 -8.23957e-06 | 45 -0.00675  1.37149e-06
 46 -0.00749 -1.28037e-05 | 47 -0.00558  4.38241e-05 | 48 -0.00163 -2.94968e-05
 49  0.00871 -1.79531e-05 | 50  0.00745 -6.09787e-07 | 51 -0.00226 -3.58902e-06
 52 -0.00103  9.95253e-06 | 53 -0.00640  6.99810e-05 | 54 -0.00125 -1.87691e-05
 55  0.01458  5.38305e-06 | 56  0.00363 -1.65440e-05 | 57  0.00498 -2.35864e-05
 58  0.00345 -3.29025e-06 | 59 -0.00206 -6.59354e-06 | 60  0.00219  3.58187e-05
 61  0.00147 -2.10020e-05 | 62  0.01396 -2.11791e-05 | 63  0.00457 -1.40708e-05
 64 -0.00733 -1.01009e-05 | 65 -0.00920  2.86183e-05 | 66 -0.00687 -6.26783e-06
 67  0.00507  2.25738e-05 | 68  0.00143 -4.28840e-06 | 69  0.02811 -1.42184e-05
 70  0.01638 -5.26418e-06 | 71 -0.00714  1.81154e-06 | 72  0.00873 -1.75490e-05
 73 -0.02131 -2.58716e-06 | 74  0.02856  7.72507e-06 | 75  0.02280 -1.95514e-05
 76  0.03610  2.83801e-05 | 77  0.00247 -2.10791e-05 | 78 -0.01272 -4.63370e-05
 79 -0.03206 -1.16336e-05 | 80 -0.01787  2.45687e-05 | 81 -0.01280 -4.57488e-06
 82 -0.03915 -2.67626e-05 | 83  0.08675 -4.43559e-06 | 84 -0.02410  1.31769e-05
 85 -0.03049 -3.59552e-05 | 86  0.05140 -2.19824e-06 | 87  0.00817  5.62148e-06
 88  0.03974 -1.48995e-05 | 89 -0.01653  2.39826e-05 | 90 -0.02002  1.59691e-05
 91 -0.04216  3.61914e-06 | 92  0.00976  1.25950e-05 | 93 -0.03837 -2.88803e-05
 94  0.03903 -2.29857e-05 | 95 -0.00179  1.21173e-05 | 96 -0.00260 -8.30756e-05
 97 -0.03331 -4.30754e-05 | 98  0.00087  2.13153e-05 | 99  0.00644 -8.85218e-06
100  0.03037 -3.32171e-06 |101 -0.00300 -2.31299e-05 |102 -0.01667 -4.14154e-05
103  0.00664 -2.36839e-05 |104  0.00735 -2.38875e-05 |105 -0.00072 -1.56226e-05
106 -0.00039 -9.32788e-06 |107  0.00000  0.00000e+00 |108 -0.00104 -2.47312e-04
109  0.01295  3.14176e-05 |110 -0.39762 -3.73416e-05 |111 -0.27332 -3.52974e-06
112 -0.23576  2.68584e-05 |
Function minimizer not making progress ... is minimum attained?
Minimprove criterion = 0.0000e+00

 - final statistics:
112 variables; iteration 2; function evaluation 33
Function value 5.7253e+02; maximum gradient component mag 7.3033e-04
Exit code = 1;  converg criter 1.0000e-04
Var    Value     Gradient |Var    Value     Gradient |Var    Value     Gradient
  1 -0.42086  9.92793e-05 |  2 -0.41816  7.30332e-04 |  3 -0.42026  3.34403e-04
  4 -0.42353 -2.53778e-05 |  5 -0.40978 -1.98274e-05 |  6  0.63573  5.80580e-04
  7 -0.00113  1.27077e-05 |  8 -0.00025 -9.06506e-06 |  9 -0.00031 -1.05117e-05
 10 -0.00037 -1.06812e-05 | 11 -0.00045 -7.42482e-06 | 12 -0.00093 -3.06261e-06
 13 -0.00104 -8.57369e-06 | 14 -0.00118  2.69329e-06 | 15 -0.00133  1.53911e-05
 16 -0.00048  4.62803e-06 | 17 -0.00172 -8.09064e-06 | 18 -0.00196  1.32677e-05
 19 -0.00224  7.13481e-06 | 20 -0.00255 -1.62696e-06 | 21 -0.00263  1.67693e-05
 22 -0.00333  1.58425e-05 | 23  0.00024 -5.41049e-06 | 24 -0.00399  5.95889e-06
 25 -0.00416  1.46636e-05 | 26 -0.00250  2.46107e-05 | 27  0.00460  1.15216e-05
 28 -0.00234  2.09444e-05 | 29 -0.01023  3.26758e-05 | 30 -0.00576  7.19348e-06
 31 -0.00154  2.29830e-05 | 32 -0.00445 -1.66649e-05 | 33 -0.00231  4.40541e-05
 34 -0.00475  2.69248e-05 | 35 -0.00512  2.57521e-05 | 36 -0.00554  2.22195e-05
 37 -0.00354  3.57171e-05 | 38 -0.00801  2.30641e-05 | 39 -0.00232 -2.47229e-05
 40  0.02032  2.62487e-05 | 41 -0.00034 -4.27727e-06 | 42  0.00594 -1.60943e-07
 43 -0.00425  3.68964e-05 | 44 -0.01036 -8.23957e-06 | 45 -0.00675  1.37149e-06
 46 -0.00749 -1.28037e-05 | 47 -0.00558  4.38241e-05 | 48 -0.00163 -2.94968e-05
 49  0.00871 -1.79531e-05 | 50  0.00745 -6.09787e-07 | 51 -0.00226 -3.58902e-06
 52 -0.00103  9.95253e-06 | 53 -0.00640  6.99810e-05 | 54 -0.00125 -1.87691e-05
 55  0.01458  5.38305e-06 | 56  0.00363 -1.65440e-05 | 57  0.00498 -2.35864e-05
 58  0.00345 -3.29025e-06 | 59 -0.00206 -6.59354e-06 | 60  0.00219  3.58187e-05
 61  0.00147 -2.10020e-05 | 62  0.01396 -2.11791e-05 | 63  0.00457 -1.40708e-05
 64 -0.00733 -1.01009e-05 | 65 -0.00920  2.86183e-05 | 66 -0.00687 -6.26783e-06
 67  0.00507  2.25738e-05 | 68  0.00143 -4.28840e-06 | 69  0.02811 -1.42184e-05
 70  0.01638 -5.26418e-06 | 71 -0.00714  1.81154e-06 | 72  0.00873 -1.75490e-05
 73 -0.02131 -2.58716e-06 | 74  0.02856  7.72507e-06 | 75  0.02280 -1.95514e-05
 76  0.03610  2.83801e-05 | 77  0.00247 -2.10791e-05 | 78 -0.01272 -4.63370e-05
 79 -0.03206 -1.16336e-05 | 80 -0.01787  2.45687e-05 | 81 -0.01280 -4.57488e-06
 82 -0.03915 -2.67626e-05 | 83  0.08675 -4.43559e-06 | 84 -0.02410  1.31769e-05
 85 -0.03049 -3.59552e-05 | 86  0.05140 -2.19824e-06 | 87  0.00817  5.62148e-06
 88  0.03974 -1.48995e-05 | 89 -0.01653  2.39826e-05 | 90 -0.02002  1.59691e-05
 91 -0.04216  3.61914e-06 | 92  0.00976  1.25950e-05 | 93 -0.03837 -2.88803e-05
 94  0.03903 -2.29857e-05 | 95 -0.00179  1.21173e-05 | 96 -0.00260 -8.30756e-05
 97 -0.03331 -4.30754e-05 | 98  0.00087  2.13153e-05 | 99  0.00644 -8.85218e-06
100  0.03037 -3.32171e-06 |101 -0.00300 -2.31299e-05 |102 -0.01667 -4.14154e-05
103  0.00664 -2.36839e-05 |104  0.00735 -2.38875e-05 |105 -0.00072 -1.56226e-05
106 -0.00039 -9.32788e-06 |107  0.00000  0.00000e+00 |108 -0.00104 -2.47312e-04
109  0.01295  3.14176e-05 |110 -0.39762 -3.73416e-05 |111 -0.27332 -3.52974e-06
112 -0.23576  2.68584e-05 |
size of file gradfil1.tmp = 0
size of file gradfil2.tmp = 0
size of file varssave.tmp = 0
size of file cmpdiff.tmp = 0
