
Initial statistics: 1 variables; iteration 0; function evaluation 0; phase 1
Function value 6.0928043e+06; maximum gradient component mag -1.2155e+07
Var    Value     Gradient |Var    Value     Gradient |Var    Value     Gradient
  1  0.63197 -1.21553e+07 |

 - final statistics:
1 variables; iteration 5; function evaluation 38
Function value 1.0357e+03; maximum gradient component mag -7.0751e-01
Exit code = 1;  converg criter 1.0000e+01
Var    Value     Gradient |Var    Value     Gradient |Var    Value     Gradient
  1  1.21794 -7.07515e-01 |

Initial statistics: 98 variables; iteration 0; function evaluation 0; phase 2
Function value 1.0357485e+03; maximum gradient component mag 1.4923e+03
Var    Value     Gradient |Var    Value     Gradient |Var    Value     Gradient
  1  0.78206  7.07515e-01 |  2  0.00000 -1.63916e+01 |  3  0.00000 -1.64238e+01
  4  0.00000 -1.64673e+01 |  5  0.00000 -1.65261e+01 |  6  0.00000 -1.66051e+01
  7  0.00000 -1.67112e+01 |  8  0.00000 -1.68521e+01 |  9  0.00000 -1.72138e+01
 10  0.00000 -1.72970e+01 | 11  0.00000 -1.76222e+01 | 12  0.00000 -1.80544e+01
 13  0.00000 -1.86091e+01 | 14  0.00000 -1.93291e+01 | 15  0.00000 -2.02332e+01
 16  0.00000 -2.13651e+01 | 17  0.00000 -2.27538e+01 | 18  0.00000 -2.42009e+01
 19  0.00000 -2.71217e+01 | 20  0.00000 -2.84668e+01 | 21  0.00000 -3.20456e+01
 22  0.00000 -3.58687e+01 | 23  0.00000 -3.64198e+01 | 24  0.00000 -4.14511e+01
 25  0.00000 -4.57757e+01 | 26  0.00000 -5.21840e+01 | 27  0.00000 -5.41315e+01
 28  0.00000 -5.92483e+01 | 29  0.00000 -4.12602e+01 | 30  0.00000 -5.48870e+01
 31  0.00000 -6.76240e+01 | 32  0.00000 -7.38892e+01 | 33  0.00000 -7.58765e+01
 34  0.00000 -8.77324e+01 | 35  0.00000 -1.02815e+02 | 36  0.00000 -9.90401e+01
 37  0.00000 -1.18423e+02 | 38  0.00000 -1.51343e+02 | 39  0.00000 -1.54245e+02
 40  0.00000 -1.17725e+02 | 41  0.00000 -1.67169e+02 | 42  0.00000 -1.81935e+02
 43  0.00000 -1.82760e+02 | 44  0.00000 -2.04642e+02 | 45  0.00000 -2.18349e+02
 46  0.00000 -2.55161e+02 | 47  0.00000 -2.82558e+02 | 48  0.00000 -3.08860e+02
 49  0.00000 -3.35333e+02 | 50  0.00000 -3.22103e+02 | 51  0.00000 -3.97982e+02
 52  0.00000 -4.45213e+02 | 53  0.00000 -4.81644e+02 | 54  0.00000 -5.26811e+02
 55  0.00000 -5.20739e+02 | 56  0.00000 -7.52607e+02 | 57  0.00000 -6.45998e+02
 58  0.00000 -6.80352e+02 | 59  0.00000 -6.25332e+02 | 60  0.00000 -7.73173e+02
 61  0.00000 -6.50159e+02 | 62  0.00000 -6.65292e+02 | 63  0.00000 -7.94387e+02
 64  0.00000 -6.06209e+02 | 65  0.00000 -4.53302e+02 | 66  0.00000 -7.05155e+02
 67  0.00000 -4.91402e+02 | 68  0.00000  3.40991e+02 | 69  0.00000 -7.78178e+01
 70  0.00000  3.76332e+01 | 71  0.00000  4.04731e+02 | 72  0.00000  3.10107e+02
 73  0.00000  9.10511e+02 | 74  0.00000  9.87230e+01 | 75  0.00000  1.19765e+03
 76  0.00000  6.21732e+02 | 77  0.00000  4.82465e+02 | 78  0.00000  7.45313e+02
 79  0.00000  1.17613e+03 | 80  0.00000  7.24811e+02 | 81  0.00000  1.41181e+03
 82  0.00000  7.87020e+02 | 83  0.00000  9.19759e+02 | 84  0.00000  2.12501e+02
 85  0.00000  1.49227e+03 | 86  0.00000  1.01376e+02 | 87  0.00000  9.43834e+02
 88  0.00000  1.07537e+02 | 89  0.00000  6.43971e+02 | 90  0.00000  4.28260e+02
 91  0.00000  7.51354e+02 | 92  0.00000  3.51911e+02 | 93  0.00000 -5.58245e+02
 94  0.00000  1.05819e+01 | 95  0.00000 -1.57596e+01 | 96  0.00000 -1.63017e+01
 97 -0.03546 -2.56961e-01 | 98 -0.31026 -3.81773e+02 |

Intermediate statistics: 98 variables; iteration 20; function evaluation 32; phase 2
Function value 7.9216334e+02; maximum gradient component mag 2.0037e+03
Var    Value     Gradient |Var    Value     Gradient |Var    Value     Gradient
  1  0.70846  2.00372e+03 |  2 -0.02113 -1.20244e+02 |  3 -0.02111 -1.20243e+02
  4 -0.02108 -1.20242e+02 |  5 -0.02105 -1.20240e+02 |  6 -0.02100 -1.20237e+02
  7 -0.02093 -1.20233e+02 |  8 -0.02085 -1.20229e+02 |  9 -0.02054 -1.20106e+02
 10 -0.02057 -1.20210e+02 | 11 -0.02037 -1.20201e+02 | 12 -0.02011 -1.20185e+02
 13 -0.01977 -1.20167e+02 | 14 -0.01932 -1.20137e+02 | 15 -0.01876 -1.20101e+02
 16 -0.01805 -1.20048e+02 | 17 -0.01718 -1.19974e+02 | 18 -0.01639 -1.20022e+02
 19 -0.01400 -1.19234e+02 | 20 -0.01368 -1.19667e+02 | 21 -0.01080 -1.18726e+02
 22 -0.00777 -1.17821e+02 | 23 -0.00909 -1.18539e+02 | 24 -0.00495 -1.17196e+02
 25 -0.00203 -1.16629e+02 | 26  0.00366 -1.14969e+02 | 27  0.00187 -1.16654e+02
 28  0.00416 -1.16545e+02 | 29 -0.02308 -1.32078e+02 | 30 -0.01195 -1.27424e+02
 31  0.00004 -1.23315e+02 | 32  0.00108 -1.23759e+02 | 33 -0.00658 -1.27709e+02
 34 -0.00203 -1.25942e+02 | 35  0.00404 -1.23312e+02 | 36 -0.01003 -1.31899e+02
 37  0.00055 -1.25625e+02 | 38  0.05164 -1.16262e+02 | 39  0.01712 -1.17850e+02
 40 -0.03699 -1.51705e+02 | 41  0.00973 -1.30689e+02 | 42  0.00823 -1.32039e+02
 43 -0.01953 -1.43808e+02 | 44 -0.01345 -1.42349e+02 | 45 -0.02012 -1.47157e+02
 46 -0.00175 -1.40295e+02 | 47 -0.00022 -1.38428e+02 | 48 -0.00568 -1.38460e+02
 49 -0.00930 -1.38054e+02 | 50 -0.05009 -1.62042e+02 | 51 -0.00767 -1.34894e+02
 52  0.01559 -1.22431e+02 | 53  0.01135 -1.15941e+02 | 54  0.01959 -1.01216e+02
 55 -0.01841 -1.17066e+02 | 56  0.14426 -1.74612e+01 | 57  0.03636 -5.74643e+01
 58  0.05505 -3.56368e+01 | 59  0.01076 -5.94543e+01 | 60  0.05851 -1.66527e+01
 61  0.02688 -1.88074e+01 | 62  0.02570 -1.62017e+00 | 63  0.04974  3.39759e+01
 64  0.01439  2.88822e+01 | 65 -0.00171  2.65055e+01 | 66  0.03488  1.51812e+02
 67  0.01750  1.02778e+02 | 68 -0.02359  1.35074e+02 | 69  0.01590 -9.89802e+00
 70  0.00948  1.88158e+02 | 71  0.01390  2.74325e+02 | 72  0.00815  2.81634e+02
 73  0.00887  5.16902e+02 | 74  0.01508  1.08369e+02 | 75  0.00682  6.40771e+02
 76  0.00838  3.81988e+02 | 77  0.01659  1.77788e+02 | 78  0.00079  3.17601e+02
 79  0.00523  5.28293e+02 | 80 -0.00156  2.13562e+02 | 81  0.00133  6.67068e+02
 82 -0.00240  2.34466e+02 | 83  0.00817  3.98889e+02 | 84  0.00308 -1.91927e+02
 85 -0.00083  7.48617e+02 | 86  0.00790 -1.72513e+02 | 87  0.00528  4.47178e+02
 88  0.00768 -5.96776e+01 | 89  0.00102  1.72749e+02 | 90 -0.02090 -6.12340e+01
 91 -0.01621  1.06655e+02 | 92 -0.03237 -1.00515e+02 | 93  0.02231 -3.27984e+02
 94 -0.03394 -1.41595e+02 | 95 -0.02177 -1.20874e+02 | 96 -0.02119 -1.20248e+02
 97 -0.01995  1.96520e+02 | 98 -0.19935  3.63180e+01 |
98 variables; iteration 40; function evaluation 57; phase 2
Function value 7.4808974e+02; maximum gradient component mag 2.2453e+03
Var    Value     Gradient |Var    Value     Gradient |Var    Value     Gradient
  1  0.73388  2.24527e+03 |  2 -0.00660 -9.78612e+01 |  3 -0.00662 -9.79050e+01
  4 -0.00664 -9.79642e+01 |  5 -0.00667 -9.80439e+01 |  6 -0.00671 -9.81511e+01
  7 -0.00677 -9.82948e+01 |  8 -0.00684 -9.84854e+01 |  9 -0.00699 -9.90011e+01
 10 -0.00707 -9.90878e+01 | 11 -0.00724 -9.95270e+01 | 12 -0.00746 -1.00112e+02
 13 -0.00776 -1.00862e+02 | 14 -0.00814 -1.01836e+02 | 15 -0.00862 -1.03053e+02
 16 -0.00922 -1.04560e+02 | 17 -0.00993 -1.06369e+02 | 18 -0.01065 -1.08097e+02
 19 -0.01192 -1.11942e+02 | 20 -0.01244 -1.12927e+02 | 21 -0.01363 -1.16956e+02
 22 -0.01462 -1.20670e+02 | 23 -0.01415 -1.19335e+02 | 24 -0.01526 -1.23891e+02
 25 -0.01560 -1.26358e+02 | 26 -0.01407 -1.28155e+02 | 27 -0.01541 -1.28784e+02
 28 -0.01475 -1.29549e+02 | 29 -0.00296 -8.84294e+01 | 30 -0.00268 -9.59366e+01
 31 -0.00431 -1.08313e+02 | 32 -0.00139 -1.04971e+02 | 33 -0.00443 -1.04117e+02
 34  0.00369 -9.33167e+01 | 35  0.01394 -7.73947e+01 | 36  0.00708 -8.33781e+01
 37  0.01523 -8.39087e+01 | 38 -0.03936 -1.70007e+02 | 39  0.03043 -7.35123e+01
 40  0.00919 -4.69532e+01 | 41  0.02814 -5.67904e+01 | 42  0.02190 -6.25854e+01
 43  0.00440 -7.24951e+01 | 44  0.00907 -6.70374e+01 | 45 -0.00347 -8.50616e+01
 46  0.01212 -6.61604e+01 | 47  0.01317 -6.41032e+01 | 48  0.00449 -7.49539e+01
 49  0.00376 -7.35851e+01 | 50 -0.01973 -8.30311e+01 | 51 -0.00366 -8.30751e+01
 52  0.01722 -5.74445e+01 | 53 -0.00064 -8.55023e+01 | 54  0.00029 -9.69193e+01
 55 -0.02583 -1.11903e+02 | 56  0.13185  2.10352e+02 | 57  0.03565 -2.71501e-01
 58  0.03744 -4.78156e+00 | 59 -0.02014 -9.47978e+01 | 60  0.05529  9.55042e+01
 61  0.01567  1.74046e+01 | 62  0.01861  6.17316e+01 | 63  0.04393  1.43004e+02
 64 -0.00663 -2.23382e+00 | 65 -0.00596  9.10120e+01 | 66  0.03309  3.20807e+02
 67  0.01545  2.37911e+02 | 68 -0.01987  2.84431e+02 | 69  0.01404  1.98911e+02
 70  0.00458  2.45935e+02 | 71  0.00458  2.76356e+02 | 72  0.00372  3.45664e+02
 73 -0.01353  1.86087e+02 | 74  0.01019  1.36902e+02 | 75 -0.01264  3.72518e+02
 76  0.00323  3.60172e+02 | 77  0.00766  1.47488e+02 | 78 -0.00324  3.16446e+02
 79 -0.00421  4.82856e+02 | 80 -0.00338  2.67062e+02 | 81 -0.01962  3.08805e+02
 82 -0.00616  2.20879e+02 | 83 -0.00663  2.00315e+02 | 84  0.00393 -1.14768e+02
 85 -0.01468  5.84722e+02 | 86  0.00970 -8.07884e+01 | 87 -0.00785  2.86387e+02
 88  0.00884  7.62560e+00 | 89 -0.00797  1.39866e+02 | 90 -0.02082 -1.59479e+01
 91 -0.03926 -1.55176e+02 | 92 -0.03504 -1.35608e+02 | 93  0.02376 -1.07173e+02
 94 -0.02709 -1.24534e+02 | 95 -0.00662 -9.73500e+01 | 96 -0.00656 -9.77383e+01
 97 -0.03052  1.51273e+02 | 98 -0.22734 -1.40429e+01 |
98 variables; iteration 60; function evaluation 85; phase 2
Function value 7.0681369e+02; maximum gradient component mag 2.4680e+02
Var    Value     Gradient |Var    Value     Gradient |Var    Value     Gradient
  1  0.75579  2.46800e+02 |  2 -0.00378 -1.62061e+01 |  3 -0.00373 -1.61489e+01
  4 -0.00367 -1.60719e+01 |  5 -0.00359 -1.59685e+01 |  6 -0.00348 -1.58305e+01
  7 -0.00333 -1.56478e+01 |  8 -0.00314 -1.54049e+01 |  9 -0.00289 -1.52670e+01
 10 -0.00257 -1.46951e+01 | 11 -0.00216 -1.41904e+01 | 12 -0.00166 -1.35929e+01
 13 -0.00107 -1.29102e+01 | 14 -0.00043 -1.22256e+01 | 15  0.00018 -1.16468e+01
 16  0.00066 -1.13886e+01 | 17  0.00084 -1.16874e+01 | 18  0.00094 -1.20218e+01
 19  0.00000 -1.52017e+01 | 20 -0.00055 -1.60688e+01 | 21 -0.00101 -1.88719e+01
 22  0.00052 -1.88425e+01 | 23 -0.00535 -2.66151e+01 | 24  0.00258 -1.85126e+01
 25  0.00189 -2.14958e+01 | 26 -0.00080 -2.87874e+01 | 27 -0.00278 -3.01894e+01
 28  0.00403 -2.26380e+01 | 29 -0.00098 -8.06863e+00 | 30 -0.00078 -1.71227e+01
 31  0.00540 -1.65832e+01 | 32 -0.01425 -4.42702e+01 | 33  0.00962 -7.70387e+00
 34  0.00151 -2.29439e+01 | 35  0.00963 -1.60220e+01 | 36 -0.00426 -2.77900e+01
 37  0.00282 -2.90687e+01 | 38 -0.01202 -6.74398e+01 | 39  0.00865 -3.68634e+01
 40 -0.00349 -3.45338e+00 | 41  0.01255 -1.87556e+01 | 42  0.00780 -2.43090e+01
 43  0.00434 -1.31732e+01 | 44  0.00194 -1.99836e+01 | 45  0.01157  5.59646e+00
 46  0.00252 -2.51070e+01 | 47  0.01758 -8.36323e+00 | 48  0.01656 -7.59046e+00
 49  0.00684 -2.13511e+01 | 50 -0.01516 -2.16265e+01 | 51  0.01433 -1.16127e+01
 52  0.01599 -2.44631e+01 | 53  0.00829 -3.15934e+01 | 54  0.01415 -3.27573e+01
 55  0.01067  6.12753e+00 | 56  0.11177 -5.73080e+01 | 57  0.01133 -3.67810e+01
 58  0.03371 -2.96023e+01 | 59 -0.01117 -4.53624e+01 | 60  0.05158 -3.69720e+00
 61  0.00550 -4.13352e+01 | 62  0.00855 -1.98575e+01 | 63  0.03844 -1.67121e+01
 64 -0.00866 -3.88946e+01 | 65 -0.02358 -4.67205e+01 | 66  0.01720 -2.07720e+01
 67  0.00660  2.15023e+01 | 68 -0.03321  1.24467e+02 | 69  0.00820  8.53397e+01
 70 -0.00372  4.47358e+01 | 71 -0.00579  4.01911e+01 | 72 -0.00760  6.02024e+01
 73 -0.02190  6.07073e+01 | 74  0.01042  4.25367e+01 | 75 -0.02727  9.15865e+01
 76 -0.00469  1.00720e+02 | 77  0.00639  1.03287e+02 | 78 -0.01204  1.02808e+02
 79 -0.01991  1.51065e+02 | 80 -0.00827  1.23483e+02 | 81 -0.03350  9.70471e+01
 82 -0.01415  4.50338e+01 | 83 -0.01645  7.49817e+01 | 84  0.01285  9.21630e+01
 85 -0.04210  1.46823e+02 | 86  0.01406  4.80379e+00 | 87 -0.02196  9.47335e+01
 88  0.01117  8.18031e+01 | 89 -0.02107  4.09950e+00 | 90 -0.02296  3.37931e+01
 91 -0.04561 -8.60620e+01 | 92 -0.03580 -4.90298e+01 | 93  0.01675 -2.55147e+01
 94 -0.00573  2.78898e-01 | 95 -0.00520 -1.77299e+01 | 96 -0.00390 -1.63664e+01
 97 -0.03576 -8.85179e+00 | 98 -0.24086 -2.57876e+01 |
Maximum number of function evaluations exceeded

 - final statistics:
98 variables; iteration 68; function evaluation 100
Function value 7.0043e+02; maximum gradient component mag -2.5320e+02
Exit code = 3;  converg criter 1.0000e+01
Var    Value     Gradient |Var    Value     Gradient |Var    Value     Gradient
  1  0.76363 -2.53197e+02 |  2 -0.00029  1.27234e+01 |  3 -0.00029  1.27180e+01
  4 -0.00028  1.27108e+01 |  5 -0.00028  1.27015e+01 |  6 -0.00027  1.26897e+01
  7 -0.00025  1.26749e+01 |  8 -0.00024  1.26570e+01 |  9 -0.00009  1.26572e+01
 10 -0.00017  1.26163e+01 | 11 -0.00011  1.25977e+01 | 12 -0.00003  1.25892e+01
 13  0.00009  1.25985e+01 | 14  0.00027  1.26391e+01 | 15  0.00052  1.27175e+01
 16  0.00084  1.28299e+01 | 17  0.00123  1.29475e+01 | 18  0.00155  1.30802e+01
 19  0.00254  1.29123e+01 | 20  0.00256  1.30578e+01 | 21  0.00349  1.24544e+01
 22  0.00414  1.13986e+01 | 23  0.00509  1.33295e+01 | 24  0.00540  1.11081e+01
 25  0.00628  1.03449e+01 | 26  0.00917  1.10797e+01 | 27  0.00591  7.80793e+00
 28  0.00812  9.69977e+00 | 29 -0.00776  5.89881e+00 | 30 -0.00281  4.28929e+00
 31  0.00259  5.09931e+00 | 32  0.00408  6.01134e+00 | 33 -0.00018  4.54090e+00
 34  0.00250  3.66640e+00 | 35  0.00688  4.03457e+00 | 36  0.00346  9.03113e+00
 37  0.00889  6.38453e+00 | 38  0.00880 -1.63950e+01 | 39  0.01535  7.08880e-01
 40 -0.01382 -8.10630e-02 | 41  0.00398 -6.72589e+00 | 42  0.00254 -8.61049e+00
 43  0.00228  6.92279e+00 | 44  0.00152  1.99230e+00 | 45  0.00228  8.94727e+00
 46  0.00483 -2.94604e+00 | 47  0.00385 -6.81402e+00 | 48  0.00950  1.38240e+00
 49  0.00762  2.35764e-01 | 50 -0.01128  7.50667e+00 | 51  0.00640 -3.49050e+00
 52  0.01329 -8.56999e+00 | 53  0.01486 -5.33602e+00 | 54  0.01884 -6.59522e+00
 55  0.00025  6.05987e+00 | 56  0.11192 -6.77052e+01 | 57  0.01640 -1.55484e+01
 58  0.02680 -2.54775e+01 | 59  0.00010 -9.62660e+00 | 60  0.04950 -1.10948e+01
 61  0.00739 -2.66579e+01 | 62  0.00332 -2.84083e+01 | 63  0.03684 -2.88693e+01
 64 -0.00538 -1.74892e+01 | 65 -0.02524 -4.47666e+01 | 66  0.01328 -6.59304e+01
 67  0.00336 -2.67654e+01 | 68 -0.04356  2.68129e+01 | 69  0.00493  1.46395e+01
 70 -0.00693 -1.98472e+01 | 71 -0.00858 -1.80344e+01 | 72 -0.01036 -7.58829e+00
 73 -0.02481  9.49757e+00 | 74  0.01141  1.34248e+01 | 75 -0.03214 -1.46638e+00
 76 -0.00803 -3.41930e-01 | 77  0.00493  3.15801e+01 | 78 -0.01585  1.13481e+01
 79 -0.02684  8.87482e+00 | 80 -0.01253  8.31133e+00 | 81 -0.03910  9.66170e+00
 82 -0.01376  2.74090e+01 | 83 -0.01919  2.54250e+01 | 84  0.01145  2.86963e+01
 85 -0.05318  8.30064e+00 | 86  0.01714  5.48453e+01 | 87 -0.02810 -3.73199e+00
 88  0.00945  2.60582e+01 | 89 -0.02202  9.40308e+00 | 90 -0.02427  2.51916e+01
 91 -0.04300 -1.09046e+01 | 92 -0.03125  8.11289e+00 | 93  0.01728  5.57162e+00
 94 -0.00820  1.77079e+01 | 95 -0.00051  1.30309e+01 | 96 -0.00030  1.27392e+01
 97 -0.03195 -2.03955e+01 | 98 -0.24324 -1.74392e+01 |

Initial statistics: 100 variables; iteration 0; function evaluation 0; phase 3
Function value 7.0041778e+02; maximum gradient component mag -2.5680e+02
Var    Value     Gradient |Var    Value     Gradient |Var    Value     Gradient
  1  0.76363 -2.56805e+02 |  2 -0.00035  9.58382e+00 |  3 -0.00035  9.57820e+00
  4 -0.00034  9.57080e+00 |  5 -0.00033  9.56118e+00 |  6 -0.00033  9.54889e+00
  7 -0.00031  9.53357e+00 |  8 -0.00030  9.51493e+00 |  9 -0.00014  9.51431e+00
 10 -0.00023  9.47263e+00 | 11 -0.00017  9.45325e+00 | 12 -0.00009  9.44427e+00
 13  0.00003  9.45396e+00 | 14  0.00021  9.49639e+00 | 15  0.00046  9.57875e+00
 16  0.00078  9.69681e+00 | 17  0.00117  9.81964e+00 | 18  0.00149  9.95740e+00
 19  0.00248  9.77841e+00 | 20  0.00250  9.91842e+00 | 21  0.00343  9.30560e+00
 22  0.00408  8.24515e+00 | 23  0.00503  1.02106e+01 | 24  0.00534  7.86736e+00
 25  0.00622  7.36961e+00 | 26  0.00911  7.80347e+00 | 27  0.00585  4.91122e+00
 28  0.00806  6.57876e+00 | 29 -0.00782  2.97118e+00 | 30 -0.00287  1.29878e+00
 31  0.00253  2.15445e+00 | 32  0.00402  3.40544e+00 | 33 -0.00024  1.44817e+00
 34  0.00244  5.26854e-01 | 35  0.00683  7.98411e-01 | 36  0.00340  5.77670e+00
 37  0.00883  3.17084e+00 | 38  0.00874 -1.87020e+01 | 39  0.01529 -2.52527e+00
 40 -0.01388 -2.90924e+00 | 41  0.00392 -9.48758e+00 | 42  0.00248 -1.12488e+01
 43  0.00222  3.73708e+00 | 44  0.00147 -1.33096e+00 | 45  0.00222  5.58073e+00
 46  0.00477 -6.10688e+00 | 47  0.00380 -9.72669e+00 | 48  0.00944 -1.98865e+00
 49  0.00756 -2.87905e+00 | 50 -0.01134  4.47832e+00 | 51  0.00634 -6.61371e+00
 52  0.01323 -1.14208e+01 | 53  0.01480 -7.98067e+00 | 54  0.01878 -9.52790e+00
 55  0.00019  2.73188e+00 | 56  0.11186 -6.99996e+01 | 57  0.01634 -1.83547e+01
 58  0.02674 -2.84107e+01 | 59  0.00004 -1.25131e+01 | 60  0.04944 -1.43328e+01
 61  0.00733 -2.92863e+01 | 62  0.00326 -3.13740e+01 | 63  0.03678 -3.19538e+01
 64 -0.00544 -2.03415e+01 | 65 -0.02530 -4.71808e+01 | 66  0.01323 -6.82761e+01
 67  0.00330 -2.99566e+01 | 68 -0.04362  2.20781e+01 | 69  0.00487  1.08267e+01
 70 -0.00699 -2.31753e+01 | 71 -0.00864 -2.14334e+01 | 72 -0.01042 -1.10272e+01
 73 -0.02487  5.44135e+00 | 74  0.01135  9.55182e+00 | 75 -0.03220 -5.42715e+00
 76 -0.00809 -4.28014e+00 | 77  0.00487  2.67174e+01 | 78 -0.01591  7.17581e+00
 79 -0.02690  4.30249e+00 | 80 -0.01259  3.84189e+00 | 81 -0.03916  5.40377e+00
 82 -0.01381  2.33158e+01 | 83 -0.01925  2.11501e+01 | 84  0.01139  2.37311e+01
 85 -0.05324  3.86881e+00 | 86  0.01708  4.97675e+01 | 87 -0.02816 -7.40328e+00
 88  0.00939  2.17153e+01 | 89 -0.02208  6.32883e+00 | 90 -0.02433  2.14530e+01
 91 -0.04306 -1.34294e+01 | 92 -0.03131  4.99142e+00 | 93  0.01722  3.28344e+00
 94 -0.00826  1.44989e+01 | 95 -0.00056  9.89448e+00 | 96 -0.00036  9.60020e+00
 97 -0.03195 -2.07298e+01 | 98 -0.41581 -1.11682e+01 | 99 -0.24324 -1.72839e+01
100 -0.25275 -2.15658e+02 |

Intermediate statistics: 100 variables; iteration 20; function evaluation 24; phase 3
Function value 6.8962377e+02; maximum gradient component mag 1.5510e+02
Var    Value     Gradient |Var    Value     Gradient |Var    Value     Gradient
  1  0.76447 -5.73575e+01 |  2  0.00026  1.85664e+01 |  3  0.00026  1.85611e+01
  4  0.00027  1.85542e+01 |  5  0.00027  1.85452e+01 |  6  0.00028  1.85335e+01
  7  0.00029  1.85189e+01 |  8  0.00031  1.85008e+01 |  9  0.00045  1.84966e+01
 10  0.00037  1.84576e+01 | 11  0.00041  1.84353e+01 | 12  0.00049  1.84195e+01
 13  0.00059  1.84166e+01 | 14  0.00075  1.84374e+01 | 15  0.00096  1.84870e+01
 16  0.00124  1.85614e+01 | 17  0.00157  1.86344e+01 | 18  0.00183  1.87144e+01
 19  0.00277  1.85286e+01 | 20  0.00272  1.86009e+01 | 21  0.00366  1.80544e+01
 22  0.00436  1.71440e+01 | 23  0.00499  1.86890e+01 | 24  0.00551  1.67442e+01
 25  0.00633  1.62721e+01 | 26  0.00894  1.65050e+01 | 27  0.00600  1.41758e+01
 28  0.00768  1.53930e+01 | 29 -0.00767  1.25090e+01 | 30 -0.00126  1.08940e+01
 31  0.00245  1.10992e+01 | 32  0.00344  1.23563e+01 | 33 -0.00060  1.08455e+01
 34  0.00176  9.95317e+00 | 35  0.00901  9.97380e+00 | 36  0.00227  1.32465e+01
 37  0.00686  1.10786e+01 | 38  0.01177 -4.91715e+00 | 39  0.01298  6.02448e+00
 40 -0.01136  7.27487e+00 | 41  0.00400  3.68350e-01 | 42  0.00255 -2.63928e-01
 43  0.00006  1.18474e+01 | 44  0.00011  8.56173e+00 | 45  0.00522  1.55313e+01
 46  0.00400  2.99748e+00 | 47  0.00343  1.35524e+00 | 48  0.00747  7.51435e+00
 49  0.00606  7.69291e+00 | 50 -0.00849  1.52061e+01 | 51  0.00549  3.19320e+00
 52  0.01244  6.69488e-01 | 53  0.01289  3.39978e+00 | 54  0.01721  3.31978e+00
 55  0.00253  1.46952e+01 | 56  0.10531 -4.88125e+01 | 57  0.01671 -3.91611e+00
 58  0.02547 -1.20942e+01 | 59 -0.00227  2.15426e+00 | 60  0.05220  2.66547e+01
 61  0.00603 -1.61520e+01 | 62 -0.00072 -1.75157e+01 | 63  0.03670  4.15015e+00
 64 -0.00736  4.00616e+00 | 65 -0.02812 -3.65869e+01 | 66  0.00861 -4.70570e+01
 67  0.00165  2.44086e+01 | 68 -0.04742  4.06028e+01 | 69  0.01282  1.55102e+02
 70 -0.01265 -5.94617e-01 | 71 -0.00107  5.69205e+01 | 72 -0.01497  2.54407e+01
 73 -0.01558  9.75173e+01 | 74  0.00646  6.01093e+01 | 75 -0.02437  5.48194e+01
 76 -0.01623  1.02367e+01 | 77  0.01120  1.22656e+02 | 78 -0.02346  1.07738e+01
 79 -0.01862  6.85379e+01 | 80 -0.02104 -2.70544e+01 | 81 -0.03144  5.50297e+01
 82 -0.02044  2.16680e+01 | 83 -0.01036  9.36992e+01 | 84  0.00456 -9.24544e+00
 85 -0.04531  2.62486e+01 | 86  0.01078  3.39709e+01 | 87 -0.02047  2.09099e+01
 88  0.00296 -1.86917e+00 | 89 -0.01236  4.73756e+01 | 90 -0.02736  1.60706e+01
 91 -0.03151 -2.18596e+01 | 92 -0.03320 -1.46614e+01 | 93  0.04019  8.37859e+01
 94 -0.01104  2.18205e+01 | 95 -0.00041  1.85298e+01 | 96  0.00025  1.85816e+01
 97  0.03228  4.17995e+01 | 98 -0.39115 -1.39344e+02 | 99 -0.02007 -3.56126e+01
100 -0.17648  4.74127e+00 |
100 variables; iteration 40; function evaluation 49; phase 3
Function value 6.8566889e+02; maximum gradient component mag -1.8188e+02
Var    Value     Gradient |Var    Value     Gradient |Var    Value     Gradient
  1  0.77699 -1.81881e+02 |  2  0.00053  5.49898e+00 |  3  0.00054  5.49632e+00
  4  0.00054  5.49288e+00 |  5  0.00055  5.48847e+00 |  6  0.00056  5.48298e+00
  7  0.00057  5.47638e+00 |  8  0.00059  5.46882e+00 |  9  0.00074  5.47459e+00
 10  0.00066  5.45546e+00 | 11  0.00071  5.45328e+00 | 12  0.00079  5.46048e+00
 13  0.00089  5.48237e+00 | 14  0.00104  5.52684e+00 | 15  0.00124  5.59606e+00
 16  0.00149  5.68326e+00 | 17  0.00179  5.76460e+00 | 18  0.00201  5.85544e+00
 19  0.00296  5.76169e+00 | 20  0.00283  5.81402e+00 | 21  0.00387  5.52979e+00
 22  0.00486  5.15750e+00 | 23  0.00473  5.67155e+00 | 24  0.00614  5.14517e+00
 25  0.00701  4.90649e+00 | 26  0.00886  4.33751e+00 | 27  0.00785  4.77350e+00
 28  0.00832  4.51761e+00 | 29 -0.00638  2.39784e+00 | 30  0.00100  3.38791e+00
 31  0.00423  2.85077e+00 | 32  0.00448  2.99156e+00 | 33  0.00180  3.45335e+00
 34  0.00462  3.64652e+00 | 35  0.01159  4.98538e+00 | 36  0.00384  6.24155e+00
 37  0.00727  3.01722e+00 | 38  0.02097 -1.70636e+00 | 39  0.01428  5.95277e-01
 40 -0.00976  3.11061e-01 | 41  0.00917  5.28023e-01 | 42  0.00975  2.39701e+00
 43  0.00244  7.60897e+00 | 44  0.00260  3.09495e+00 | 45  0.00105 -1.03393e+00
 46  0.00599 -4.34764e-01 | 47  0.00992  3.41554e+00 | 48  0.00781  1.77598e+00
 49  0.00848  3.92909e+00 | 50 -0.01144  1.12373e+00 | 51  0.00718  3.88977e-01
 52  0.01429 -1.61857e+00 | 53  0.01477  1.04978e+00 | 54  0.01868 -2.92309e-01
 55 -0.00067  1.52285e+00 | 56  0.09923 -3.36797e+01 | 57  0.02144 -8.67509e-01
 58  0.02726 -7.66806e+00 | 59  0.00303  9.08290e+00 | 60  0.03907 -2.50898e+01
 61  0.01198  7.06398e+00 | 62 -0.00431 -2.91764e+01 | 63  0.03033 -2.19973e+01
 64 -0.01887 -4.13600e+01 | 65 -0.01803  2.78209e+01 | 66  0.00686 -3.30660e+01
 67 -0.00416 -2.07301e+01 | 68 -0.05248 -3.95772e+00 | 69  0.00487 -1.78194e+01
 70 -0.01470 -2.51286e+01 | 71 -0.00500  5.58529e-01 | 72 -0.01878 -3.26734e+01
 73 -0.02100  7.25970e+00 | 74  0.00206 -3.79157e+01 | 75 -0.02799  4.24684e+00
 76 -0.01803 -2.93752e+01 | 77  0.00539 -2.84485e+01 | 78 -0.02515 -3.27503e+01
 79 -0.02217  6.84641e+00 | 80 -0.02157 -4.83027e+01 | 81 -0.03524 -7.97185e+00
 82 -0.02245 -2.17655e+01 | 83 -0.01420  1.81694e+01 | 84  0.00230 -6.38115e+01
 85 -0.04853 -1.22915e+01 | 86  0.00767 -3.52786e+01 | 87 -0.02303 -9.17061e+00
 88  0.00087 -4.01335e+01 | 89 -0.01454  2.25997e+01 | 90 -0.02912 -1.06701e+01
 91 -0.03179 -1.00235e+01 | 92 -0.03084  3.23718e+00 | 93  0.03776  4.47182e+01
 94 -0.01452  5.82401e+00 | 95 -0.00049  5.03247e+00 | 96  0.00052  5.50686e+00
 97  0.02217 -3.06596e+00 | 98 -0.39261 -2.60028e+01 | 99  0.01908 -3.46993e+01
100 -0.16057  2.43525e+01 |
100 variables; iteration 60; function evaluation 82; phase 3
Function value 6.7707996e+02; maximum gradient component mag -1.5258e+02
Var    Value     Gradient |Var    Value     Gradient |Var    Value     Gradient
  1  0.78287 -1.52580e+02 |  2 -0.00240 -2.89722e+00 |  3 -0.00238 -2.86707e+00
  4 -0.00234 -2.82729e+00 |  5 -0.00230 -2.77526e+00 |  6 -0.00225 -2.70827e+00
  7 -0.00217 -2.62362e+00 |  8 -0.00209 -2.51912e+00 |  9 -0.00193 -2.48771e+00
 10 -0.00185 -2.26571e+00 | 11 -0.00172 -2.12959e+00 | 12 -0.00158 -2.02053e+00
 13 -0.00147 -1.96515e+00 | 14 -0.00138 -2.00013e+00 | 15 -0.00132 -2.11289e+00
 16 -0.00122 -2.20981e+00 | 17 -0.00091 -2.06448e+00 | 18 -0.00065 -1.86156e+00
 19  0.00134 -2.96685e-01 | 20  0.00189  8.53305e-01 | 21  0.00455  3.08399e+00
 22  0.00634  4.00422e+00 | 23  0.00839  7.77952e+00 | 24  0.00923  6.54413e+00
 25  0.01058  7.14768e+00 | 26  0.01133  5.34358e+00 | 27  0.01413  1.13152e+01
 28  0.01395  1.05898e+01 | 29 -0.01004 -7.13732e+00 | 30  0.00515  7.53346e+00
 31  0.01067  1.05587e+01 | 32  0.01180  1.16487e+01 | 33 -0.00027 -2.08025e+00
 34  0.00868  7.48212e+00 | 35  0.01433  7.14183e+00 | 36 -0.00711 -1.26605e+01
 37  0.01200  8.70328e+00 | 38  0.03384  1.50227e+01 | 39  0.01948  8.47729e+00
 40 -0.00198  1.03124e+01 | 41  0.02126  1.58190e+01 | 42 -0.00789 -2.34139e+01
 43 -0.00217 -3.26979e+00 | 44 -0.00351 -9.21201e+00 | 45  0.02416  4.59155e+01
 46  0.01249  1.23661e+01 | 47  0.01225  1.04768e+01 | 48  0.01711  1.77209e+01
 49 -0.00071 -1.17755e+01 | 50 -0.00180  1.91831e+01 | 51  0.00650  3.70725e+00
 52  0.01941  1.05622e+01 | 53  0.01238  3.00712e+00 | 54  0.01537 -1.65979e+00
 55 -0.00023  5.04332e+00 | 56  0.10345  1.52251e+01 | 57  0.01174 -6.25256e+00
 58  0.02269 -5.24273e+00 | 59 -0.00545 -2.99380e+00 | 60  0.03357 -2.81105e+01
 61  0.00083 -1.53602e+01 | 62  0.00788  3.42961e+01 | 63  0.01749 -4.94125e+01
 64 -0.00646  4.02883e+01 | 65 -0.03306 -2.62187e+01 | 66  0.00282 -1.14294e+01
 67 -0.00913 -3.47376e+01 | 68 -0.05161 -1.78540e+00 | 69  0.00214 -7.85135e+01
 70 -0.01430 -2.01352e+01 | 71 -0.00706 -3.39621e+01 | 72 -0.01485  2.07880e+01
 73 -0.02403 -5.03090e+01 | 74  0.00268 -2.42415e+01 | 75 -0.03287 -6.49297e+01
 76 -0.01447  3.86407e+01 | 77  0.00261 -7.84485e+01 | 78 -0.02734 -6.36075e+01
 79 -0.02704 -7.44843e+01 | 80 -0.02022 -2.57059e+01 | 81 -0.03662 -2.65393e+01
 82 -0.02265 -2.56408e+01 | 83 -0.01754 -5.36177e+01 | 84  0.00545  5.35989e+00
 85 -0.04820 -1.08164e+01 | 86  0.00889 -7.99570e+00 | 87 -0.02339 -2.29737e+01
 88  0.00499  1.74690e+01 | 89 -0.01680 -6.25809e+01 | 90 -0.02379 -3.61834e+00
 91 -0.02600  2.12092e+00 | 92 -0.02710 -1.63449e+01 | 93  0.04304 -2.20441e+01
 94 -0.02411 -1.46321e+01 | 95  0.00190  5.03499e+00 | 96 -0.00247 -2.98492e+00
 97  0.02229 -3.80231e+01 | 98 -0.39024  9.43589e+01 | 99  0.53542 -9.73113e+00
100  0.02733 -8.39223e+00 |
Maximum number of function evaluations exceeded

 - final statistics:
100 variables; iteration 72; function evaluation 100
Function value 6.7170e+02; maximum gradient component mag 5.7776e+01
Exit code = 3;  converg criter 1.0000e+00
Var    Value     Gradient |Var    Value     Gradient |Var    Value     Gradient
  1  0.78237 -4.54497e+01 |  2 -0.00000  9.49302e-01 |  3  0.00001  9.54311e-01
  4  0.00002  9.60825e-01 |  5  0.00003  9.69140e-01 |  6  0.00005  9.79507e-01
  7  0.00008  9.91955e-01 |  8  0.00011  1.00587e+00 |  9  0.00024  9.87187e-01
 10  0.00019  1.02746e+00 | 11  0.00024  1.02668e+00 | 12  0.00029  1.00247e+00
 13  0.00034  9.40726e-01 | 14  0.00038  8.22908e-01 | 15  0.00041  6.48624e-01
 16  0.00046  4.54019e-01 | 17  0.00062  3.40865e-01 | 18  0.00067  2.19193e-01
 19  0.00196  6.81459e-01 | 20  0.00199  1.00589e+00 | 21  0.00366  1.71160e+00
 22  0.00498  1.86433e+00 | 23  0.00493  2.55664e+00 | 24  0.00630  2.01418e+00
 25  0.00798  2.97543e+00 | 26  0.00882  1.06394e+00 | 27  0.00749  1.05444e+00
 28  0.00741  2.28807e-02 | 29 -0.00393  3.37813e+00 | 30  0.00274  3.20558e+00
 31  0.00661  4.17029e+00 | 32  0.00719  4.78483e+00 | 33  0.00153  8.93923e-01
 34  0.00546  2.32192e+00 | 35  0.00529 -1.01853e+01 | 36  0.00182  1.08131e+00
 37  0.00936  4.27380e+00 | 38  0.02867  7.56363e+00 | 39  0.01900  6.87086e+00
 40 -0.00882 -1.79971e+00 | 41  0.00905 -1.02913e+00 | 42  0.00703 -3.29974e+00
 43 -0.00093 -2.57101e-01 | 44  0.00539  6.75959e+00 | 45  0.01303  2.11346e+01
 46  0.01106  8.60193e+00 | 47  0.00918  4.24098e+00 | 48  0.00837  3.32216e+00
 49  0.00199 -7.60667e+00 | 50 -0.01655 -1.02222e+01 | 51  0.00694  2.24069e+00
 52  0.01698  4.04358e+00 | 53  0.01130 -9.51765e-01 | 54  0.01853  2.33917e+00
 55  0.00098  5.88071e+00 | 56  0.10080 -7.34777e-01 | 57  0.01363 -5.99792e+00
 58  0.02305 -7.26683e+00 | 59 -0.00592 -4.25666e+00 | 60  0.03711 -1.16493e+01
 61  0.00206 -1.18358e+01 | 62  0.00113  9.03320e+00 | 63  0.02201 -2.39256e+01
 64 -0.01297  1.21527e+01 | 65 -0.03289 -2.26983e+01 | 66  0.00197 -1.31086e+01
 67 -0.00796 -1.71961e+01 | 68 -0.05125  8.58354e-01 | 69  0.00474 -1.96904e+01
 70 -0.01315  5.86620e+00 | 71 -0.00574 -1.32632e+01 | 72 -0.01580  1.46793e+01
 73 -0.02222 -1.77889e+01 | 74  0.00266  1.09968e+00 | 75 -0.03091 -2.84220e+01
 76 -0.01581  4.43497e+01 | 77  0.00441 -9.68269e+00 | 78 -0.02665 -2.76100e+01
 79 -0.02453 -1.80872e+01 | 80 -0.01993  5.67327e+00 | 81 -0.03549 -3.81622e+00
 82 -0.02264 -2.85379e+00 | 83 -0.01611 -1.78035e+01 | 84  0.00509  2.70582e+01
 85 -0.04710  4.13010e+00 | 86  0.00904  1.58406e+01 | 87 -0.02129  5.27619e+00
 88  0.00540  2.38281e+01 | 89 -0.01266 -1.75518e+01 | 90 -0.02138  2.62567e+00
 91 -0.02136  1.49476e+01 | 92 -0.02124 -5.18113e-01 | 93  0.05060 -4.08365e+00
 94 -0.01623 -2.19316e+00 | 95  0.00055  3.02336e+00 | 96 -0.00003  9.34358e-01
 97  0.03116 -1.76405e+01 | 98 -0.38739  5.77761e+01 | 99  0.83089 -3.52382e+00
100  0.13051 -1.31607e+00 |

Initial statistics: 107 variables; iteration 0; function evaluation 0; phase 4
Function value 6.7169886e+02; maximum gradient component mag -9.4014e+02
Var    Value     Gradient |Var    Value     Gradient |Var    Value     Gradient
  1 -0.42263  6.74425e+02 |  2 -0.42263 -9.40139e+02 |  3 -0.41094 -1.10612e+02
  4  0.78237 -4.54497e+01 |  5  0.00000 -2.42781e-02 |  6  0.00000 -8.81333e-03
  7  0.00000 -1.19922e-02 |  8  0.00000 -1.63029e-02 |  9  0.00000  1.15765e+00
 10  0.00001  1.16266e+00 | 11  0.00002  1.16917e+00 | 12  0.00004  1.17749e+00
 13  0.00006  1.18786e+00 | 14  0.00008  1.20030e+00 | 15  0.00011  1.21422e+00
 16  0.00024  1.19554e+00 | 17  0.00020  1.23581e+00 | 18  0.00025  1.23503e+00
 19  0.00030  1.21082e+00 | 20  0.00034  1.14908e+00 | 21  0.00038  1.03126e+00
 22  0.00041  8.56974e-01 | 23  0.00047  6.62368e-01 | 24  0.00062  5.49214e-01
 25  0.00068  4.27542e-01 | 26  0.00197  8.89808e-01 | 27  0.00200  1.21424e+00
 28  0.00367  1.91994e+00 | 29  0.00498  2.07267e+00 | 30  0.00494  2.76498e+00
 31  0.00630  2.22252e+00 | 32  0.00799  3.18377e+00 | 33  0.00883  1.27227e+00
 34  0.00749  1.26278e+00 | 35  0.00741  2.31216e-01 | 36 -0.00393  3.58647e+00
 37  0.00274  3.41393e+00 | 38  0.00662  4.37863e+00 | 39  0.00719  4.99316e+00
 40  0.00154  1.10227e+00 | 41  0.00547  2.53026e+00 | 42  0.00529 -9.97697e+00
 43  0.00182  1.28966e+00 | 44  0.00937  4.48213e+00 | 45  0.02868  7.77176e+00
 46  0.01900  7.07911e+00 | 47 -0.00881 -1.59139e+00 | 48  0.00905 -8.20799e-01
 49  0.00704 -3.09140e+00 | 50 -0.00092 -4.87518e-02 | 51  0.00539  6.96793e+00
 52  0.01303  2.13429e+01 | 53  0.01107  8.81025e+00 | 54  0.00918  4.44931e+00
 55  0.00837  3.53049e+00 | 56  0.00199 -7.39832e+00 | 57 -0.01655 -1.00140e+01
 58  0.00694  2.44903e+00 | 59  0.01699  4.25185e+00 | 60  0.01131 -7.43449e-01
 61  0.01854  2.54743e+00 | 62  0.00099  6.08906e+00 | 63  0.10080 -5.29033e-01
 64  0.01364 -5.78962e+00 | 65  0.02306 -7.05861e+00 | 66 -0.00592 -4.04832e+00
 67  0.03711 -1.14413e+01 | 68  0.00206 -1.16274e+01 | 69  0.00114  9.24155e+00
 70  0.02202 -2.37174e+01 | 71 -0.01297  1.23610e+01 | 72 -0.03289 -2.24902e+01
 73  0.00198 -1.29002e+01 | 74 -0.00795 -1.69877e+01 | 75 -0.05124  1.06603e+00
 76  0.00474 -1.94821e+01 | 77 -0.01315  6.07450e+00 | 78 -0.00573 -1.30549e+01
 79 -0.01579  1.48876e+01 | 80 -0.02222 -1.75806e+01 | 81  0.00267  1.30803e+00
 82 -0.03090 -2.82139e+01 | 83 -0.01581  4.45580e+01 | 84  0.00441 -9.47434e+00
 85 -0.02664 -2.74018e+01 | 86 -0.02452 -1.78790e+01 | 87 -0.01993  5.88152e+00
 88 -0.03548 -3.60820e+00 | 89 -0.02263 -2.64557e+00 | 90 -0.01611 -1.75952e+01
 91  0.00509  2.72666e+01 | 92 -0.04709  4.33788e+00 | 93  0.00905  1.60489e+01
 94 -0.02129  5.48442e+00 | 95  0.00541  2.40364e+01 | 96 -0.01266 -1.73435e+01
 97 -0.02138  2.83390e+00 | 98 -0.02136  1.51559e+01 | 99 -0.02124 -3.09879e-01
100  0.05060 -3.87596e+00 |101 -0.01623 -1.98488e+00 |102  0.00055  3.23171e+00
103 -0.00002  1.14271e+00 |104  0.03116 -1.76405e+01 |105 -0.38739  5.77761e+01
106  0.83089 -3.52382e+00 |107  0.13051 -1.31607e+00 |

Intermediate statistics: 107 variables; iteration 20; function evaluation 26; phase 4
Function value 6.6513427e+02; maximum gradient component mag -1.2823e+03
Var    Value     Gradient |Var    Value     Gradient |Var    Value     Gradient
  1 -0.42491  4.28078e+02 |  2 -0.41124 -1.28228e+03 |  3 -0.42446 -5.06671e+02
  4  0.77479 -5.08357e+02 |  5  0.00001 -2.46821e-03 |  6  0.00001 -8.96063e-04
  7  0.00001 -1.22008e-03 |  8  0.00001 -1.66053e-03 |  9  0.00093  2.68767e+01
 10  0.00093  2.68749e+01 | 11  0.00094  2.68725e+01 | 12  0.00095  2.68693e+01
 13  0.00096  2.68650e+01 | 14  0.00097  2.68594e+01 | 15  0.00099  2.68520e+01
 16  0.00112  2.68449e+01 | 17  0.00104  2.68306e+01 | 18  0.00108  2.68156e+01
 19  0.00113  2.67976e+01 | 20  0.00120  2.67763e+01 | 21  0.00129  2.67514e+01
 22  0.00141  2.67210e+01 | 23  0.00155  2.66803e+01 | 24  0.00172  2.66189e+01
 25  0.00178  2.65423e+01 | 26  0.00263  2.63946e+01 | 27  0.00230  2.62475e+01
 28  0.00331  2.60389e+01 | 29  0.00438  2.58655e+01 | 30  0.00386  2.57631e+01
 31  0.00570  2.57188e+01 | 32  0.00677  2.55678e+01 | 33  0.00919  2.56409e+01
 34  0.00809  2.56904e+01 | 35  0.00918  2.59708e+01 | 36 -0.00521  2.51337e+01
 37  0.00100  2.46196e+01 | 38  0.00476  2.47170e+01 | 39  0.00514  2.42465e+01
 40  0.00297  2.47837e+01 | 41  0.00513  2.40623e+01 | 42  0.01155  2.55428e+01
 43  0.00141  2.38388e+01 | 44  0.00568  2.18432e+01 | 45  0.02084  1.87448e+01
 46  0.01690  2.19225e+01 | 47 -0.00783  2.31053e+01 | 48  0.01192  2.22255e+01
 49  0.01161  2.14839e+01 | 50  0.00075  2.11492e+01 | 51  0.00262  1.81525e+01
 52  0.00071  1.41356e+01 | 53  0.00576  1.53157e+01 | 54  0.00769  1.39755e+01
 55  0.00686  1.26936e+01 | 56  0.00778  1.39957e+01 | 57 -0.01107  1.67918e+01
 58  0.00428  8.94056e+00 | 59  0.00930  2.05360e+00 | 60  0.01331  5.27182e+00
 61  0.01542 -9.07842e-02 | 62 -0.00497  4.03436e+00 | 63  0.08182 -8.75145e+01
 64  0.02181 -5.18595e+00 | 65  0.02930 -1.64326e+01 | 66 -0.00362 -3.25621e+00
 67  0.03670 -4.42240e+01 | 68  0.00438 -1.77038e+01 | 69 -0.00572 -3.30718e+01
 70  0.02461 -5.98020e+01 | 71 -0.01565 -2.77381e+01 | 72 -0.02891 -1.79021e+01
 73  0.00256 -5.82099e+01 | 74 -0.00597 -3.86165e+01 | 75 -0.05103 -1.08343e+01
 76  0.00489 -6.24588e+01 | 77 -0.01253 -2.94454e+01 | 78 -0.00485 -4.21879e+01
 79 -0.01484 -2.09916e+01 | 80 -0.02224 -4.66957e+01 | 81  0.00403 -3.39086e+01
 82 -0.03029 -4.17814e+01 | 83 -0.01858 -4.38921e+01 | 84  0.00213 -1.27824e+02
 85 -0.02435 -3.54761e+01 | 86 -0.02422 -4.67295e+01 | 87 -0.01841 -2.60370e+01
 88 -0.03637 -4.39079e+01 | 89 -0.02246 -4.03761e+01 | 90 -0.01774 -8.29220e+01
 91  0.00502 -4.60498e+01 | 92 -0.04793 -1.01615e+01 | 93  0.00868 -4.81194e+01
 94 -0.02233 -2.57426e+01 | 95  0.00515 -2.20745e+01 | 96 -0.01023  1.48626e+01
 97 -0.01864  2.74673e+01 | 98 -0.02151  1.71518e+01 | 99 -0.01699  3.84367e+01
100  0.05249  3.48833e+01 |101 -0.00665  3.97030e+01 |102  0.00024  2.69040e+01
103  0.00092  2.68817e+01 |104  0.01350 -9.02619e+01 |105 -0.39270  1.76286e+02
106  0.83324 -1.53127e+00 |107  0.14689 -1.00381e+00 |
107 variables; iteration 40; function evaluation 50; phase 4
Function value 6.6399345e+02; maximum gradient component mag -1.0244e+03
Var    Value     Gradient |Var    Value     Gradient |Var    Value     Gradient
  1 -0.42665  2.98041e+02 |  2 -0.41034 -1.02437e+03 |  3 -0.42502 -3.99592e+02
  4  0.77299 -4.09495e+02 |  5  0.00002  4.96732e-03 |  6  0.00001  1.80599e-03
  7  0.00001  2.45374e-03 |  8  0.00001  3.32732e-03 |  9  0.00153  2.25772e+01
 10  0.00153  2.25716e+01 | 11  0.00153  2.25643e+01 | 12  0.00154  2.25546e+01
 13  0.00154  2.25421e+01 | 14  0.00154  2.25261e+01 | 15  0.00155  2.25061e+01
 16  0.00169  2.25012e+01 | 17  0.00159  2.24567e+01 | 18  0.00161  2.24292e+01
 19  0.00166  2.24061e+01 | 20  0.00173  2.23927e+01 | 21  0.00183  2.23956e+01
 22  0.00197  2.24099e+01 | 23  0.00213  2.24094e+01 | 24  0.00228  2.23329e+01
 25  0.00231  2.22307e+01 | 26  0.00294  2.17779e+01 | 27  0.00244  2.13973e+01
 28  0.00318  2.08298e+01 | 29  0.00415  2.05513e+01 | 30  0.00354  2.03240e+01
 31  0.00537  2.02903e+01 | 32  0.00663  2.04372e+01 | 33  0.00859  1.99355e+01
 34  0.00791  2.06342e+01 | 35  0.00942  2.16354e+01 | 36 -0.00594  1.92675e+01
 37  0.00141  1.98726e+01 | 38  0.00408  1.88944e+01 | 39  0.00470  1.91405e+01
 40  0.00360  2.13463e+01 | 41  0.00472  1.92133e+01 | 42  0.01179  2.01514e+01
 43  0.00070  1.81219e+01 | 44  0.00325  1.46047e+01 | 45  0.02544  2.00605e+01
 46  0.01130  1.07557e+01 | 47 -0.00634  2.01326e+01 | 48  0.00997  1.51659e+01
 49  0.00924  1.46119e+01 | 50  0.00152  1.87411e+01 | 51  0.00169  1.37696e+01
 52  0.00260  1.25242e+01 | 53  0.00718  1.40054e+01 | 54  0.00476  8.05353e+00
 55  0.00796  1.24815e+01 | 56  0.00949  1.58542e+01 | 57 -0.01089  1.30044e+01
 58  0.00342  6.05994e+00 | 59  0.00112 -7.08407e+00 | 60  0.01892  1.15803e+01
 61  0.01204 -3.01304e+00 | 62 -0.00391  4.12918e+00 | 63  0.08489 -6.89602e+01
 64  0.02315  2.59905e-01 | 65  0.02215 -2.04813e+01 | 66 -0.00426 -3.32406e+00
 67  0.03416 -4.54751e+01 | 68  0.00648 -6.10385e+00 | 69 -0.00166 -1.39934e+01
 70  0.02401 -5.12336e+01 | 71 -0.01665 -2.61270e+01 | 72 -0.02719 -6.12097e+00
 73  0.00272 -4.12711e+01 | 74 -0.00417 -4.19454e+00 | 75 -0.05064 -3.08564e+00
 76  0.00482 -5.68778e+01 | 77 -0.01257 -2.01432e+01 | 78 -0.00568 -5.39458e+01
 79 -0.01615 -3.20342e+01 | 80 -0.02200 -3.53305e+01 | 81  0.00345 -2.78977e+01
 82 -0.03006 -3.20613e+01 | 83 -0.01836 -2.87915e+01 | 84  0.00270 -9.86511e+01
 85 -0.02419 -2.28725e+01 | 86 -0.02379 -3.47124e+01 | 87 -0.01752 -8.77773e-01
 88 -0.03544 -2.83277e+01 | 89 -0.02358 -5.20098e+01 | 90 -0.01636 -5.04045e+01
 91  0.00460 -4.35129e+01 | 92 -0.04810 -1.42087e+01 | 93  0.00863 -3.97492e+01
 94 -0.02288 -3.73740e+01 | 95  0.00491 -2.16806e+01 | 96 -0.01076  1.05686e+00
 97 -0.01891  2.36675e+01 | 98 -0.02285 -1.19092e+01 | 99 -0.01851  1.91528e+01
100  0.05283  3.33048e+01 |101 -0.00445  3.66670e+01 |102 -0.00004  2.13937e+01
103  0.00153  2.25933e+01 |104  0.03496 -5.93111e+01 |105 -0.38571  1.30862e+02
106  0.86925 -7.41396e-01 |107  0.43710  4.93970e-04 |
107 variables; iteration 60; function evaluation 82; phase 4
Function value 6.6158461e+02; maximum gradient component mag -1.3609e+02
Var    Value     Gradient |Var    Value     Gradient |Var    Value     Gradient
  1 -0.43150 -2.01457e+01 |  2 -0.40567 -1.36094e+02 |  3 -0.42864 -5.90281e+01
  4  0.76868 -3.53579e+01 |  5  0.00001 -4.83831e-03 |  6  0.00000 -1.75737e-03
  7  0.00000 -2.38817e-03 |  8  0.00001 -3.24098e-03 |  9  0.00098  2.21519e+00
 10  0.00098  2.21316e+00 | 11  0.00099  2.21045e+00 | 12  0.00099  2.20685e+00
 13  0.00100  2.20209e+00 | 14  0.00101  2.19587e+00 | 15  0.00102  2.18787e+00
 16  0.00116  2.18269e+00 | 17  0.00107  2.16592e+00 | 18  0.00110  2.15168e+00
 19  0.00114  2.13630e+00 | 20  0.00119  2.12082e+00 | 21  0.00127  2.10644e+00
 22  0.00137  2.09099e+00 | 23  0.00148  2.06515e+00 | 24  0.00161  2.00868e+00
 25  0.00162  1.94138e+00 | 26  0.00238  1.76719e+00 | 27  0.00197  1.61926e+00
 28  0.00292  1.47097e+00 | 29  0.00394  1.39728e+00 | 30  0.00352  1.48373e+00
 31  0.00513  1.17799e+00 | 32  0.00620  1.02411e+00 | 33  0.00873  1.35345e+00
 34  0.00739  1.07333e+00 | 35  0.00871  1.67079e+00 | 36 -0.00527  1.93873e+00
 37  0.00134  2.13435e+00 | 38  0.00421  8.64450e-01 | 39  0.00516  1.72987e+00
 40  0.00260  1.60508e+00 | 41  0.00508  1.90553e+00 | 42  0.01022  1.24605e+00
 43  0.00102  1.47212e+00 | 44  0.00659  3.23852e+00 | 45  0.02312  3.81538e+00
 46  0.01716  3.28375e+00 | 47 -0.00806  1.47376e+00 | 48  0.01016 -1.36419e-01
 49  0.00970  3.31920e-01 | 50  0.00014  1.66506e+00 | 51  0.00247  1.05410e+00
 52  0.00307  1.97508e+00 | 53  0.00553  1.53015e-01 | 54  0.00897  3.63680e+00
 55  0.00548 -4.75771e-01 | 56  0.00587  1.00203e+00 | 57 -0.01283  9.74731e-01
 58  0.00400  8.13182e-01 | 59  0.01091  5.90982e-01 | 60  0.01053  3.72051e-02
 61  0.01417 -1.23779e+00 | 62 -0.00546 -1.31706e+00 | 63  0.08969 -1.03568e+01
 64  0.01480 -2.88125e+00 | 65  0.02590 -2.88798e+00 | 66 -0.00504 -1.52410e+00
 67  0.03591 -5.96183e+00 | 68  0.00233 -5.07441e+00 | 69 -0.00292 -3.22278e+00
 70  0.02377 -8.16288e+00 | 71 -0.01482 -4.90800e+00 | 72 -0.02916 -4.34277e+00
 73  0.00299 -7.66773e+00 | 74 -0.00631 -6.83547e+00 | 75 -0.05066 -2.34220e+00
 76  0.00492 -5.60690e+00 | 77 -0.01310 -6.10737e+00 | 78 -0.00512 -4.73755e+00
 79 -0.01572 -5.18459e+00 | 80 -0.02168 -3.30727e+00 | 81  0.00250 -9.52173e+00
 82 -0.02969 -2.78640e+00 | 83 -0.01846 -4.42499e+00 | 84  0.00406 -2.19016e+00
 85 -0.02453 -4.23944e+00 | 86 -0.02330 -1.75854e+00 | 87 -0.01863 -3.78332e+00
 88 -0.03480  1.13936e+00 | 89 -0.02148 -5.31765e-01 | 90 -0.01523  1.34732e+00
 91  0.00567 -1.69311e+00 | 92 -0.04681  1.94141e+00 | 93  0.00996 -7.55985e-01
 94 -0.02042  4.18996e+00 | 95  0.00641  9.96423e-01 | 96 -0.00953  2.68178e+00
 97 -0.01836  8.75182e-01 | 98 -0.01991  4.86058e+00 | 99 -0.01675  2.79022e+00
100  0.05396  5.27620e+00 |101 -0.00811  2.78879e+00 |102  0.00006  1.75463e+00
103  0.00097  2.22098e+00 |104  0.02054 -3.39930e+00 |105 -0.39183  3.60172e+00
106  0.98813  1.53202e-01 |107  0.40491 -2.32051e-03 |
Maximum number of function evaluations exceeded

 - final statistics:
107 variables; iteration 72; function evaluation 100
Function value 6.6153e+02; maximum gradient component mag -1.9376e+01
Exit code = 3;  converg criter 1.0000e+00
Var    Value     Gradient |Var    Value     Gradient |Var    Value     Gradient
  1 -0.43126  7.38110e-01 |  2 -0.40437 -1.93757e+01 |  3 -0.43030 -7.98979e+00
  4  0.76603 -8.58056e+00 |  5  0.00001  4.53852e-04 |  6  0.00000  1.63357e-04
  7  0.00001  2.22015e-04 |  8  0.00001  3.01541e-04 |  9  0.00056  4.56637e-01
 10  0.00057  4.56447e-01 | 11  0.00057  4.56195e-01 | 12  0.00058  4.55863e-01
 13  0.00059  4.55433e-01 | 14  0.00060  4.54883e-01 | 15  0.00062  4.54179e-01
 16  0.00076  4.53561e-01 | 17  0.00068  4.52300e-01 | 18  0.00071  4.51113e-01
 19  0.00077  4.49791e-01 | 20  0.00083  4.48278e-01 | 21  0.00091  4.46484e-01
 22  0.00101  4.44121e-01 | 23  0.00114  4.41064e-01 | 24  0.00130  4.38301e-01
 25  0.00134  4.33717e-01 | 26  0.00221  4.36994e-01 | 27  0.00189  4.41864e-01
 28  0.00293  4.51596e-01 | 29  0.00400  4.55945e-01 | 30  0.00350  4.33371e-01
 31  0.00536  4.70658e-01 | 32  0.00651  4.34855e-01 | 33  0.00891  5.74155e-01
 34  0.00762  3.49432e-01 | 35  0.00860  4.36291e-01 | 36 -0.00558  3.88609e-01
 37  0.00095  3.53506e-01 | 38  0.00463  4.74602e-01 | 39  0.00496  3.89342e-01
 40  0.00257  4.55996e-01 | 41  0.00476  3.69620e-01 | 42  0.01034  3.35591e-01
 43  0.00095  4.24184e-01 | 44  0.00517  2.05988e-01 | 45  0.02127  2.82687e-01
 46  0.01589  2.54012e-01 | 47 -0.00827  3.58937e-01 | 48  0.01121  3.87684e-01
 49  0.01020  2.74928e-01 | 50 -0.00034  1.87046e-01 | 51  0.00239  2.99724e-01
 52  0.00262  2.35736e-01 | 53  0.00601  3.41917e-01 | 54  0.00674  3.39414e-02
 55  0.00619  3.33477e-01 | 56  0.00533  1.52151e-01 | 57 -0.01315  7.23790e-02
 58  0.00350  1.74724e-01 | 59  0.01026  2.75640e-02 | 60  0.01033  6.92964e-02
 61  0.01442  3.98462e-02 | 62 -0.00499 -2.09161e-02 | 63  0.09069 -1.19465e+00
 64  0.01551 -7.10996e-02 | 65  0.02620 -1.88264e-01 | 66 -0.00486 -1.68894e-01
 67  0.03639 -7.30901e-01 | 68  0.00317 -3.18212e-01 | 69 -0.00271 -3.70244e-01
 70  0.02439 -1.01291e+00 | 71 -0.01411 -4.71632e-01 | 72 -0.02845 -3.65625e-01
 73  0.00354 -9.23232e-01 | 74 -0.00569 -5.11637e-01 | 75 -0.05020 -2.29029e-01
 76  0.00530 -1.09342e+00 | 77 -0.01264 -8.49346e-01 | 78 -0.00471 -8.55237e-01
 79 -0.01526 -7.92957e-01 | 80 -0.02130 -5.35897e-01 | 81  0.00299 -1.22188e+00
 82 -0.02931 -4.75010e-01 | 83 -0.01812 -1.36322e+00 | 84  0.00432 -1.55574e+00
 85 -0.02407 -4.65982e-01 | 86 -0.02294 -8.79601e-01 | 87 -0.01815 -6.95692e-01
 88 -0.03453 -5.86869e-01 | 89 -0.02118 -3.06057e-01 | 90 -0.01497 -7.79339e-01
 91  0.00603 -8.65084e-01 | 92 -0.04657 -3.37477e-01 | 93  0.01027 -7.34369e-01
 94 -0.02026 -1.64726e-01 | 95  0.00666 -3.37891e-01 | 96 -0.00926  1.76739e-01
 97 -0.01812  1.54807e-01 | 98 -0.01988  4.82124e-01 | 99 -0.01686  4.48438e-01
100  0.05385  1.94458e-01 |101 -0.00881  5.00114e-01 |102 -0.00008  4.49312e-01
103  0.00055  4.57187e-01 |104  0.02323 -1.07615e+00 |105 -0.39088  1.74389e+00
106  0.96632  5.86909e-02 |107  0.43158 -2.35045e-04 |

Initial statistics: 110 variables; iteration 0; function evaluation 0; phase 5
Function value 6.6152750e+02; maximum gradient component mag 1.1806e+03
Var    Value     Gradient |Var    Value     Gradient |Var    Value     Gradient
  1 -0.43126  7.38110e-01 |  2 -0.40437 -1.93757e+01 |  3 -0.43030 -7.98979e+00
  4 -0.41222  2.45352e+00 |  5 -0.41222  4.50443e+01 |  6  0.76603 -8.58056e+00
  7  0.00001  4.53852e-04 |  8  0.00000  1.63357e-04 |  9  0.00001  2.22015e-04
 10  0.00001  3.01541e-04 | 11  0.00056  4.52131e-01 | 12  0.00057  4.51941e-01
 13  0.00057  4.51689e-01 | 14  0.00058  4.51357e-01 | 15  0.00059  4.50927e-01
 16  0.00060  4.50377e-01 | 17  0.00062  4.49672e-01 | 18  0.00076  4.49055e-01
 19  0.00068  4.47793e-01 | 20  0.00071  4.46607e-01 | 21  0.00077  4.45285e-01
 22  0.00083  4.43772e-01 | 23  0.00091  4.41978e-01 | 24  0.00101  4.39615e-01
 25  0.00114  4.36558e-01 | 26  0.00130  4.33795e-01 | 27  0.00134  4.29211e-01
 28  0.00221  4.32488e-01 | 29  0.00189  4.37358e-01 | 30  0.00293  4.47090e-01
 31  0.00400  4.51439e-01 | 32  0.00350  4.28865e-01 | 33  0.00536  4.66152e-01
 34  0.00651  4.30349e-01 | 35  0.00891  5.69649e-01 | 36  0.00762  3.44926e-01
 37  0.00860  4.31786e-01 | 38 -0.00558  3.84103e-01 | 39  0.00095  3.49000e-01
 40  0.00463  4.70096e-01 | 41  0.00496  3.84836e-01 | 42  0.00257  4.51490e-01
 43  0.00476  3.65114e-01 | 44  0.01034  3.31086e-01 | 45  0.00095  4.19677e-01
 46  0.00517  2.01482e-01 | 47  0.02127  2.78184e-01 | 48  0.01589  2.49508e-01
 49 -0.00827  3.54431e-01 | 50  0.01121  3.83179e-01 | 51  0.01020  2.70422e-01
 52 -0.00034  1.82539e-01 | 53  0.00239  2.95218e-01 | 54  0.00262  2.31230e-01
 55  0.00601  3.37411e-01 | 56  0.00674  2.94354e-02 | 57  0.00619  3.28971e-01
 58  0.00533  1.47645e-01 | 59 -0.01315  6.78737e-02 | 60  0.00350  1.70217e-01
 61  0.01026  2.30584e-02 | 62  0.01033  6.47908e-02 | 63  0.01442  3.53412e-02
 64 -0.00499 -2.54222e-02 | 65  0.09069 -1.19911e+00 | 66  0.01551 -7.56044e-02
 67  0.02620 -1.92767e-01 | 68 -0.00486 -1.73400e-01 | 69  0.03639 -7.35400e-01
 70  0.00317 -3.22718e-01 | 71 -0.00271 -3.74750e-01 | 72  0.02439 -1.01741e+00
 73 -0.01411 -4.76137e-01 | 74 -0.02845 -3.70126e-01 | 75  0.00354 -9.27738e-01
 76 -0.00569 -5.16143e-01 | 77 -0.05020 -2.33521e-01 | 78  0.00530 -1.09793e+00
 79 -0.01264 -8.53851e-01 | 80 -0.00471 -8.59743e-01 | 81 -0.01526 -7.97462e-01
 82 -0.02130 -5.40401e-01 | 83  0.00299 -1.22639e+00 | 84 -0.02932 -4.79511e-01
 85 -0.01812 -1.36772e+00 | 86  0.00432 -1.56024e+00 | 87 -0.02407 -4.70485e-01
 88 -0.02294 -8.84105e-01 | 89 -0.01815 -7.00196e-01 | 90 -0.03453 -5.91369e-01
 91 -0.02118 -3.10561e-01 | 92 -0.01497 -7.83844e-01 | 93  0.00603 -8.69590e-01
 94 -0.04657 -3.41971e-01 | 95  0.01027 -7.38875e-01 | 96 -0.02026 -1.69230e-01
 97  0.00666 -3.42397e-01 | 98 -0.00926  1.72234e-01 | 99 -0.01812  1.50303e-01
100 -0.01988  4.77620e-01 |101 -0.01686  4.43934e-01 |102  0.05385  1.89968e-01
103 -0.00881  4.95609e-01 |104 -0.00008  4.44805e-01 |105  0.00055  4.52681e-01
106  0.00000  1.18061e+03 |107  0.02323 -1.07615e+00 |108 -0.39088  1.74389e+00
109  0.96632  5.86909e-02 |110  0.43158 -2.35045e-04 |

Intermediate statistics: 110 variables; iteration 20; function evaluation 24; phase 5
Function value 6.5763139e+02; maximum gradient component mag 1.0474e+03
Var    Value     Gradient |Var    Value     Gradient |Var    Value     Gradient
  1 -0.43265  2.22603e+01 |  2 -0.40474 -1.21272e+02 |  3 -0.42917  2.41808e+01
  4 -0.38848  1.01861e+01 |  5 -0.51066  3.64295e+00 |  6  0.77210  7.57693e+01
  7  0.00001 -2.75182e-03 |  8  0.00000 -1.00253e-03 |  9  0.00001 -1.36954e-03
 10  0.00001 -1.87222e-03 | 11  0.00031 -1.51213e+00 | 12  0.00032 -1.51340e+00
 13  0.00032 -1.51513e+00 | 14  0.00033 -1.51748e+00 | 15  0.00034 -1.52066e+00
 16  0.00035 -1.52496e+00 | 17  0.00036 -1.53087e+00 | 18  0.00049 -1.53851e+00
 19  0.00041 -1.54951e+00 | 20  0.00043 -1.56389e+00 | 21  0.00047 -1.58313e+00
 22  0.00052 -1.60883e+00 | 23  0.00058 -1.64338e+00 | 24  0.00065 -1.68980e+00
 25  0.00074 -1.75144e+00 | 26  0.00085 -1.83037e+00 | 27  0.00083 -1.93099e+00
 28  0.00162 -2.04689e+00 | 29  0.00125 -2.16483e+00 | 30  0.00229 -2.28078e+00
 31  0.00346 -2.35883e+00 | 32  0.00316 -2.28889e+00 | 33  0.00502 -2.16114e+00
 34  0.00588 -2.15525e+00 | 35  0.00860 -1.81286e+00 | 36  0.00769 -1.77659e+00
 37  0.00897 -1.30978e+00 | 38 -0.00613 -2.27707e+00 | 39  0.00059 -2.30959e+00
 40  0.00421 -1.81941e+00 | 41  0.00466 -1.81454e+00 | 42  0.00104 -1.72452e+00
 43  0.00312 -2.51407e+00 | 44  0.00938 -1.93196e+00 | 45 -0.00052 -2.60876e+00
 46  0.00303 -4.07368e+00 | 47  0.02131 -3.26122e+00 | 48  0.01737 -8.57345e-01
 49 -0.00777 -1.14028e+00 | 50  0.01172  1.41774e-01 | 51  0.01198  1.86653e-01
 52 -0.00034 -6.13281e-01 | 53  0.00132 -1.34762e+00 | 54  0.00183  7.76995e-02
 55  0.00569 -3.40316e-01 | 56  0.00722 -7.89945e-01 | 57  0.00715 -1.14586e-01
 58  0.00574 -5.90140e-01 | 59 -0.01289 -9.77634e-01 | 60  0.00281 -1.04624e+00
 61  0.01138 -1.03203e+00 | 62  0.01018 -4.94601e-01 | 63  0.01420 -8.08489e-01
 64 -0.00589 -1.19004e+00 | 65  0.08810  6.03385e+00 | 66  0.01653  2.55628e+00
 67  0.02874  6.88998e+00 | 68 -0.00455  3.41292e+00 | 69  0.03795  1.61035e+01
 70  0.00298  6.21380e+00 | 71 -0.00351  7.68241e+00 | 72  0.02773  3.66620e+01
 73 -0.01051  2.67276e+01 | 74 -0.02595  1.89952e+01 | 75  0.00289  1.47468e+00
 76 -0.00509 -2.30618e+00 | 77 -0.04759  2.87839e+01 | 78  0.00452 -2.94251e+01
 79 -0.01264  3.09333e+00 | 80 -0.00468  4.71925e-01 | 81 -0.01593  7.85705e+00
 82 -0.02161 -1.36629e+00 | 83  0.00102 -2.60177e+01 | 84 -0.02938  1.66737e+00
 85 -0.01900  4.70627e-02 | 86  0.00566  6.54176e+01 | 87 -0.02475  9.51806e-01
 88 -0.02319 -1.02353e+01 | 89 -0.01900 -2.01274e-01 | 90 -0.03547 -5.73990e+00
 91 -0.02243 -6.69761e-01 | 92 -0.01439  2.05297e+01 | 93  0.00488  4.07547e+00
 94 -0.04692  8.06521e+00 | 95  0.01022  2.74782e+01 | 96 -0.02042  2.64957e+00
 97  0.00736  1.70157e+01 | 98 -0.00716  1.97464e+01 | 99 -0.01497  2.96144e+01
100 -0.01412  4.86596e+01 |101 -0.01732 -2.40093e+01 |102  0.05933  3.07861e+01
103 -0.01064 -4.90760e+00 |104 -0.00042 -1.54695e+00 |105  0.00030 -1.50864e+00
106 -0.00214  1.04745e+03 |107  0.02644 -1.43246e+01 |108 -0.38772  4.94100e+01
109  0.95873  6.00225e-01 |110  0.43159 -6.90221e-04 |
110 variables; iteration 40; function evaluation 55; phase 5
Function value 6.5114083e+02; maximum gradient component mag -1.3690e+03
Var    Value     Gradient |Var    Value     Gradient |Var    Value     Gradient
  1 -0.43406  2.64418e+02 |  2 -0.39905 -1.36901e+03 |  3 -0.43472 -8.14517e+02
  4 -0.37137  6.51772e+01 |  5 -0.57443 -3.03252e+00 |  6  0.78226 -3.84576e+02
  7  0.00007  8.66109e-02 |  8  0.00003  3.14266e-02 |  9  0.00003  4.27741e-02
 10  0.00005  5.81766e-02 | 11 -0.00365  9.74151e+00 | 12 -0.00363  9.76510e+00
 13 -0.00360  9.79698e+00 | 14 -0.00356  9.83997e+00 | 15 -0.00352  9.89779e+00
 16 -0.00345  9.97529e+00 | 17 -0.00337  1.00802e+01 | 18 -0.00314  1.02162e+01
 19 -0.00310  1.04047e+01 | 20 -0.00290  1.06496e+01 | 21 -0.00264  1.09720e+01
 22 -0.00230  1.13946e+01 | 23 -0.00186  1.19484e+01 | 24 -0.00130  1.26707e+01
 25 -0.00057  1.35990e+01 | 26  0.00032  1.47486e+01 | 27  0.00124  1.61183e+01
 28  0.00309  1.76677e+01 | 29  0.00374  1.91434e+01 | 30  0.00583  2.06292e+01
 31  0.00807  2.19701e+01 | 32  0.00722  2.09061e+01 | 33  0.00933  2.12483e+01
 34  0.01035  2.16578e+01 | 35  0.01225  2.00145e+01 | 36  0.00887  1.57433e+01
 37  0.00572  8.50012e+00 | 38 -0.00316  1.79783e+01 | 39 -0.00087  1.33584e+01
 40  0.01025  2.43469e+01 | 41  0.00815  1.81822e+01 | 42 -0.00052  1.08861e+01
 43  0.00657  1.69037e+01 | 44  0.00701  1.29060e+01 | 45  0.00763  2.91722e+01
 46  0.03077  5.05880e+01 | 47  0.01143 -3.46000e+00 | 48  0.01906  6.25352e+00
 49 -0.00866  1.17254e+01 | 50  0.01099  8.58551e+00 | 51  0.00145 -9.95169e+00
 52 -0.00810 -7.10666e+00 | 53  0.00081  2.72541e+00 | 54 -0.00569  3.97409e-01
 55  0.00892  1.19456e+01 | 56  0.00707 -1.56509e+00 | 57  0.00182 -1.01763e+01
 58  0.00808 -2.77792e+00 | 59 -0.01857 -3.77462e+00 | 60  0.01366  1.36431e+01
 61  0.01269 -1.07415e+01 | 62  0.01702 -8.04229e+00 | 63  0.01352 -2.27895e+01
 64 -0.00844 -1.10873e+01 | 65  0.09581 -7.76545e+01 | 66  0.01799 -2.49593e+01
 67  0.03634 -3.87992e+01 | 68 -0.00071 -2.87391e+01 | 69  0.02663 -1.25872e+02
 70  0.00599 -4.09333e+01 | 71  0.00010 -5.27820e+01 | 72  0.02126 -1.49112e+02
 73 -0.01510 -1.00153e+02 | 74 -0.02063 -4.68768e+01 | 75  0.00682 -1.45768e+02
 76  0.00068 -1.08854e+02 | 77 -0.05765 -1.17047e+02 | 78  0.00691 -1.05856e+00
 79 -0.01118 -6.73386e+01 | 80 -0.00485 -3.10707e+01 | 81 -0.01690 -7.64337e+01
 82 -0.02050  3.78659e+01 | 83  0.00296 -6.45433e+01 | 84 -0.03150 -1.54140e+01
 85 -0.01652 -2.47887e+01 | 86  0.00160 -3.57492e+01 | 87 -0.02506 -5.00189e+01
 88 -0.02293  2.91030e+01 | 89 -0.01873 -3.08514e+01 | 90 -0.03734  1.72360e+01
 91 -0.02058  1.87171e+01 | 92 -0.01736  2.40521e+01 | 93  0.00514 -4.64323e+00
 94 -0.04587  8.90782e+01 | 95  0.00864 -1.85858e+01 | 96 -0.02175  6.00038e+01
 97  0.00791  4.30445e+01 | 98 -0.00940  7.41468e+01 | 99 -0.01482  7.00323e+01
100 -0.01908  9.57990e+01 |101 -0.01392  4.57348e+01 |102  0.05548  1.86979e+02
103 -0.01100  2.09649e+01 |104 -0.00123  1.39864e+01 |105 -0.00370  9.67553e+00
106 -0.00890  1.04933e+03 |107 -0.08631 -1.91812e+02 |108 -0.42986  2.87034e+02
109  0.12221 -3.15265e+01 |110  0.43405  2.89819e-03 |
110 variables; iteration 60; function evaluation 85; phase 5
Function value 6.4532380e+02; maximum gradient component mag -1.4049e+03
Var    Value     Gradient |Var    Value     Gradient |Var    Value     Gradient
  1 -0.43309  1.35894e+02 |  2 -0.39439 -1.40489e+03 |  3 -0.44164 -9.10916e+02
  4 -0.37056  3.42992e+01 |  5 -0.59922 -8.95721e+00 |  6  0.78293 -5.44877e+02
  7  0.00005  5.86298e-02 |  8  0.00002  2.13254e-02 |  9  0.00003  2.90386e-02
 10  0.00003  3.95163e-02 | 11 -0.00268  1.80131e+01 | 12 -0.00266  1.80342e+01
 13 -0.00264  1.80627e+01 | 14 -0.00261  1.81010e+01 | 15 -0.00256  1.81524e+01
 16 -0.00250  1.82211e+01 | 17 -0.00243  1.83136e+01 | 18 -0.00222  1.84331e+01
 19 -0.00219  1.85967e+01 | 20 -0.00202  1.88073e+01 | 21 -0.00179  1.90804e+01
 22 -0.00151  1.94325e+01 | 23 -0.00114  1.98835e+01 | 24 -0.00068  2.04566e+01
 25 -0.00011  2.11721e+01 | 26  0.00057  2.20314e+01 | 27  0.00125  2.30839e+01
 28  0.00278  2.42116e+01 | 29  0.00309  2.52645e+01 | 30  0.00481  2.62684e+01
 31  0.00671  2.71017e+01 | 32  0.00628  2.64311e+01 | 33  0.00809  2.62733e+01
 34  0.00870  2.64252e+01 | 35  0.01116  2.54579e+01 | 36  0.00896  2.30523e+01
 37  0.00804  1.91958e+01 | 38 -0.00099  2.90121e+01 | 39  0.00055  2.23530e+01
 40  0.00823  2.73694e+01 | 41  0.00879  2.66276e+01 | 42  0.00310  2.45908e+01
 43  0.00455  2.10528e+01 | 44  0.00043  6.55635e+00 | 45  0.01102  3.99991e+01
 46  0.02152  4.49931e+01 | 47  0.01133  1.79235e+00 | 48  0.01510  7.61880e+00
 49 -0.00605  2.22199e+01 | 50  0.00433  4.73958e+00 | 51  0.00802  3.12400e+00
 52 -0.01097 -4.84289e+00 | 53  0.00131  1.02826e+01 | 54 -0.01060 -2.69797e+00
 55  0.00526  8.90723e+00 | 56  0.00583  1.45007e+00 | 57 -0.00131 -9.35764e+00
 58  0.00525 -9.46203e-01 | 59 -0.01954  6.92591e-01 | 60  0.00585  5.24383e+00
 61  0.00928 -8.95873e+00 | 62  0.02978  8.04545e+00 | 63  0.01160 -1.91735e+01
 64 -0.00647 -2.58366e+00 | 65  0.09131 -9.55039e+01 | 66  0.01791 -2.49685e+01
 67  0.03732 -4.22071e+01 | 68 -0.00537 -3.36781e+01 | 69  0.03014 -1.16281e+02
 70  0.01124 -2.74409e+01 | 71  0.01019 -2.69406e+01 | 72  0.01912 -1.70254e+02
 73 -0.01683 -1.17895e+02 | 74 -0.02251 -6.82177e+01 | 75  0.00796 -1.58145e+02
 76  0.00149 -1.19654e+02 | 77 -0.05178 -7.51634e+01 | 78  0.00858 -4.32684e+00
 79 -0.01042 -7.58666e+01 | 80 -0.00428 -6.15551e+01 | 81 -0.01751 -1.01179e+02
 82 -0.02084  5.39009e+00 | 83  0.00437 -5.02377e+01 | 84 -0.03136 -3.23962e+01
 85 -0.01675 -3.90667e+01 | 86  0.00031 -1.01474e+02 | 87 -0.02440 -5.16296e+01
 88 -0.02114  3.75237e+01 | 89 -0.01802 -3.26604e+01 | 90 -0.03686  2.60298e+00
 91 -0.02153 -1.16535e+01 | 92 -0.01722 -1.52235e+00 | 93  0.00493 -2.79132e+01
 94 -0.04603  7.60454e+01 | 95  0.00784 -5.27623e+01 | 96 -0.02130  5.44396e+01
 97  0.00709  2.15111e+01 | 98 -0.01121  1.94019e+01 | 99 -0.01766  2.88659e+01
100 -0.02148  4.46584e+01 |101 -0.01153  6.81339e+01 |102  0.05570  1.53839e+02
103 -0.00670  3.34108e+01 |104 -0.00128  2.06729e+01 |105 -0.00273  1.79539e+01
106 -0.01150 -1.08855e+02 |107 -0.05505 -1.03181e+02 |108 -0.41974  1.34351e+02
109  0.15415 -7.38626e+00 |110  0.43610  2.69461e-03 |
110 variables; iteration 80; function evaluation 116; phase 5
Function value 6.3171380e+02; maximum gradient component mag -1.3186e+03
Var    Value     Gradient |Var    Value     Gradient |Var    Value     Gradient
  1 -0.44114 -1.09073e+02 |  2 -0.39979 -1.05431e+03 |  3 -0.42624 -5.60129e+02
  4 -0.37151 -2.80569e+01 |  5 -0.59371 -2.22048e+01 |  6  0.78828 -6.03309e+02
  7  0.00003  3.47499e-02 |  8  0.00001  1.28313e-02 |  9  0.00002  1.74617e-02
 10  0.00002  2.37201e-02 | 11 -0.00229  2.47209e+01 | 12 -0.00227  2.47490e+01
 13 -0.00224  2.47867e+01 | 14 -0.00220  2.48372e+01 | 15 -0.00215  2.49045e+01
 16 -0.00208  2.49934e+01 | 17 -0.00199  2.51101e+01 | 18 -0.00175  2.52632e+01
 19 -0.00171  2.54563e+01 | 20 -0.00152  2.56999e+01 | 21 -0.00128  2.59970e+01
 22 -0.00100  2.63481e+01 | 23 -0.00068  2.67345e+01 | 24 -0.00034  2.71218e+01
 25 -0.00003  2.74527e+01 | 26  0.00022  2.76611e+01 | 27  0.00045  2.80198e+01
 28  0.00131  2.81324e+01 | 29  0.00095  2.81750e+01 | 30  0.00197  2.81687e+01
 31  0.00341  2.84321e+01 | 32  0.00185  2.62563e+01 | 33  0.00483  2.79249e+01
 34  0.00584  2.88407e+01 | 35  0.01181  3.33097e+01 | 36  0.00924  3.07747e+01
 37  0.01324  3.33227e+01 | 38 -0.00721  2.54131e+01 | 39  0.00088  2.97299e+01
 40  0.00213  2.48161e+01 | 41  0.00317  2.58295e+01 | 42  0.00323  3.10325e+01
 43 -0.00249  1.71561e+01 | 44  0.00450  2.03320e+01 | 45  0.00880  4.26975e+01
 46 -0.00041  2.12594e+01 | 47  0.01923  2.26324e+01 | 48  0.01512  1.59399e+01
 49 -0.00117  3.98823e+01 | 50  0.01006  2.15314e+01 | 51  0.00825  1.46571e+01
 52 -0.00441  1.39191e+01 | 53 -0.00301  1.43346e+01 | 54 -0.00447  1.47723e+01
 55  0.00274  1.53603e+01 | 56  0.00105  7.12630e+00 | 57  0.00685  1.40658e+01
 58  0.00257  7.33497e+00 | 59 -0.01638  1.37550e+01 | 60 -0.00670  4.44065e-01
 61  0.03626  3.15564e+01 | 62  0.00836  3.44653e+00 | 63  0.00980 -9.11239e+00
 64 -0.00769  5.29231e+00 | 65  0.08385 -7.36448e+01 | 66  0.02807 -2.42592e+00
 67  0.02810 -3.29231e+01 | 68  0.00273 -7.31927e+00 | 69  0.04128 -5.36700e+01
 70  0.01324 -7.26959e+00 | 71  0.00970 -6.75949e+00 | 72  0.03043 -8.81916e+01
 73 -0.00144 -4.85719e+01 | 74 -0.01833 -3.90465e+01 | 75  0.01680 -8.46336e+01
 76  0.00870 -7.30526e+01 | 77 -0.04122 -8.22546e+00 | 78  0.00856 -5.86526e+01
 79 -0.00469 -3.87123e+01 | 80 -0.00253 -4.80973e+01 | 81 -0.01299 -8.08549e+01
 82 -0.02131 -1.54868e+01 | 83  0.00580 -7.74730e+01 | 84 -0.03658 -1.22243e+02
 85 -0.01812 -1.09109e+02 | 86  0.00024 -1.17298e+02 | 87 -0.02058 -3.36856e+01
 88 -0.02273 -4.33084e+00 | 89 -0.01748 -8.32320e+01 | 90 -0.03774 -2.09726e+01
 91 -0.01997 -1.84169e+01 | 92 -0.01905 -3.99253e+01 | 93  0.00612 -5.71384e+01
 94 -0.05160 -3.69544e-01 | 95  0.00967 -5.17997e+01 | 96 -0.02384  1.04810e+01
 97  0.00651 -1.88675e+01 | 98 -0.01156  2.66142e+01 | 99 -0.01982 -2.86089e+00
100 -0.02561  4.46443e+01 |101 -0.01702  6.34358e+01 |102  0.03773 -3.62105e+01
103 -0.01097  2.71666e+01 |104 -0.00286  2.44714e+01 |105 -0.00235  2.46413e+01
106 -0.01839 -1.31863e+03 |107 -0.02897 -1.53239e+01 |108 -0.40983  1.17277e+01
109  0.01570  1.03963e+01 |110  0.43450  2.51301e-03 |
110 variables; iteration 100; function evaluation 155; phase 5
Function value 6.2335560e+02; maximum gradient component mag -2.1271e+02
Var    Value     Gradient |Var    Value     Gradient |Var    Value     Gradient
  1 -0.44328  2.38522e+01 |  2 -0.41104 -2.12712e+02 |  3 -0.40848 -8.97461e+01
  4 -0.38451  2.72660e+00 |  5 -0.51654 -1.38755e+00 |  6  0.82034 -1.34220e+02
  7 -0.00005 -8.84814e-02 |  8 -0.00002 -3.14622e-02 |  9 -0.00002 -4.30862e-02
 10 -0.00003 -5.90247e-02 | 11  0.00178  1.04499e+01 | 12  0.00174  1.03857e+01
 13  0.00169  1.02967e+01 | 14  0.00161  1.01722e+01 | 15  0.00151  9.99889e+00
 16  0.00137  9.75858e+00 | 17  0.00117  9.43049e+00 | 18  0.00101  8.98511e+00
 19  0.00057  8.43335e+00 | 20  0.00019  7.78360e+00 | 21 -0.00019  7.13842e+00
 22 -0.00044  6.66597e+00 | 23 -0.00038  6.63449e+00 | 24  0.00002  7.10797e+00
 25  0.00047  7.61228e+00 | 26  0.00027  7.07847e+00 | 27 -0.00008  6.48722e+00
 28 -0.00065  4.30754e+00 | 29 -0.00192  2.85607e+00 | 30  0.00175  6.75192e+00
 31 -0.00192 -4.39764e-01 | 32 -0.00263 -8.08394e-01 | 33 -0.00057 -1.54958e-01
 34  0.00403  5.49368e+00 | 35  0.00955  1.01371e+01 | 36  0.01140  1.39434e+01
 37  0.01111  1.10487e+01 | 38 -0.00479  9.56955e+00 | 39 -0.00648 -1.60650e+00
 40  0.00783  1.50431e+01 | 41  0.00019  1.82923e+00 | 42 -0.00156  2.88990e+00
 43  0.00014  2.03133e+00 | 44  0.00651  6.09977e+00 | 45 -0.00646 -8.64167e-01
 46  0.00092  2.97777e+00 | 47  0.01801  4.99563e+00 | 48  0.02182  9.83856e+00
 49 -0.01768 -4.99907e+00 | 50  0.00573  1.38141e+00 | 51  0.01017  4.15703e+00
 52 -0.00016  6.05203e+00 | 53  0.00036  4.70155e+00 | 54 -0.00256  3.05657e+00
 55  0.00857  1.39411e+01 | 56  0.00961  8.09846e+00 | 57  0.00541  1.53079e+00
 58  0.00704  2.36334e+00 | 59 -0.01328  6.26154e+00 | 60  0.00603  9.25702e+00
 61  0.00510 -7.16614e+00 | 62  0.01202 -3.17415e-01 | 63  0.01789  6.03764e-01
 64 -0.00494  2.58665e+00 | 65  0.09105 -2.09401e+01 | 66  0.01651 -6.48843e+00
 67  0.03636 -3.28775e+00 | 68  0.00195 -2.26036e+00 | 69  0.04462 -9.33705e+00
 70  0.00751 -1.13524e+01 | 71  0.00381 -1.14619e+01 | 72  0.03618 -8.84431e+00
 73  0.00095 -3.87427e+00 | 74 -0.01577 -1.34957e+00 | 75  0.02005 -3.64284e+00
 76  0.00972 -1.13472e+01 | 77 -0.04000  2.51628e+00 | 78  0.00622 -3.89658e+01
 79 -0.00419 -1.15172e+01 | 80 -0.00656 -3.50648e+01 | 81 -0.00880  3.19059e+00
 82 -0.02597 -3.57578e+01 | 83  0.00748 -1.30293e+01 | 84 -0.03204  1.74596e+01
 85 -0.01193  1.88699e+01 | 86  0.00041 -1.99182e+01 | 87 -0.02015 -6.43513e+00
 88 -0.02925 -3.82635e+01 | 89 -0.01427  1.16635e+01 | 90 -0.04104 -1.59852e+01
 91 -0.02027 -4.69023e+00 | 92 -0.02209 -1.71998e+01 | 93  0.00660  1.19251e+00
 94 -0.05535 -1.29742e+01 | 95  0.01116  1.32131e+01 | 96 -0.02835 -1.83716e+01
 97  0.00833  1.34502e+01 | 98 -0.01688 -1.74206e+01 | 99 -0.01650  1.75923e+01
100 -0.03089 -1.10384e+01 |101 -0.01929 -3.14173e+00 |102  0.03764  2.65690e+01
103 -0.01168  5.94250e+00 |104 -0.00380  2.33532e+00 |105  0.00188  1.06200e+01
106 -0.02393  1.10217e+01 |107 -0.07027 -4.62757e+01 |108 -0.42551  8.48175e+01
109 -0.10763 -3.21204e+00 |110  0.39246  2.27642e-03 |
110 variables; iteration 120; function evaluation 193; phase 5
Function value 6.1905047e+02; maximum gradient component mag -2.9001e+02
Var    Value     Gradient |Var    Value     Gradient |Var    Value     Gradient
  1 -0.44152 -2.36940e+01 |  2 -0.41512 -1.80632e+02 |  3 -0.40574 -9.73264e+01
  4 -0.39304 -6.65516e-01 |  5 -0.49420 -1.47047e+00 |  6  0.87947 -6.49714e+01
  7 -0.00058 -9.09293e-01 |  8 -0.00020 -3.11121e-01 |  9 -0.00027 -4.31523e-01
 10 -0.00038 -5.97708e-01 | 11 -0.00091  3.56271e+00 | 12 -0.00163  2.45034e+00
 13 -0.00251  1.08492e+00 | 14 -0.00343 -3.32444e-01 | 15 -0.00402 -1.25827e+00
 16 -0.00371 -7.98743e-01 | 17 -0.00206  1.72004e+00 | 18  0.00038  5.27742e+00
 19  0.00007  4.93205e+00 | 20 -0.00378 -1.03075e+00 | 21 -0.00220  1.33045e+00
 22  0.00730  1.58478e+01 | 23 -0.00636 -5.24852e+00 | 24  0.00373  1.00977e+01
 25 -0.00098  2.71353e+00 | 26  0.00101  5.53773e+00 | 27 -0.00297 -5.77850e-01
 28  0.00137  4.74968e+00 | 29  0.00145  5.35007e+00 | 30  0.00156  3.91887e+00
 31  0.00427  6.32589e+00 | 32  0.00413  6.85027e+00 | 33  0.00565  6.67498e+00
 34  0.00537  5.00184e+00 | 35  0.00506  1.07593e+00 | 36  0.00254 -1.48532e+00
 37  0.00583  6.37711e-01 | 38 -0.00902  2.03668e-01 | 39  0.00060  9.32608e+00
 40 -0.00239 -2.77748e+00 | 41  0.00374  5.36340e+00 | 42 -0.00046  3.54295e+00
 43  0.00365  6.30683e+00 | 44  0.00560  2.98535e+00 | 45 -0.00311  2.24905e+00
 46  0.00417  5.58141e+00 | 47  0.01737  9.93865e-01 | 48  0.01650  1.81117e+00
 49 -0.01055  6.66105e+00 | 50  0.00775  4.02870e+00 | 51  0.00965  4.57971e+00
 52 -0.00138  4.53839e+00 | 53  0.00125  5.43011e+00 | 54 -0.00167  4.38451e+00
 55 -0.00079 -2.61782e+00 | 56  0.00487  1.07475e+00 | 57  0.00738  5.30319e+00
 58  0.00656  3.27613e+00 | 59 -0.01569  2.33803e+00 | 60  0.00103  1.27179e+00
 61  0.01036  6.88086e-01 | 62  0.01161  2.25463e+00 | 63  0.01783  2.71022e+00
 64 -0.00620  9.51350e-01 | 65  0.09506 -3.61563e+00 | 66  0.01918  4.99501e-01
 67  0.03360 -1.00476e+00 | 68  0.00151 -1.06604e+00 | 69  0.04502 -3.45237e+00
 70  0.00989 -1.96193e+00 | 71  0.00649 -3.35945e+00 | 72  0.03667 -7.15758e+00
 73  0.00053 -3.31404e+00 | 74 -0.01558 -3.59208e+00 | 75  0.02028 -1.21973e+01
 76  0.01063 -8.03809e+00 | 77 -0.03993 -7.08302e+00 | 78  0.00902 -3.24829e+00
 79 -0.00360 -1.46112e+01 | 80 -0.00430 -3.78985e+00 | 81 -0.00962 -1.39660e+01
 82 -0.02332 -5.20390e-01 | 83  0.00729 -2.01505e+01 | 84 -0.03251 -1.13750e+00
 85 -0.01384 -1.46690e+01 | 86  0.00115 -7.19301e+00 | 87 -0.02086 -1.40541e+01
 88 -0.02725  3.99338e-01 | 89 -0.01627 -1.38642e+01 | 90 -0.03991  5.83255e-01
 91 -0.02055 -1.31149e+01 | 92 -0.02095  1.55649e+00 | 93  0.00545 -1.65303e+01
 94 -0.05378  6.24897e+00 | 95  0.01020 -1.74008e+01 | 96 -0.02646  5.54081e+00
 97  0.00798 -1.30115e+01 | 98 -0.01469  6.24003e+00 | 99 -0.01654 -4.60921e+00
100 -0.02735  6.81218e+00 |101 -0.01649 -1.47338e+00 |102  0.04047  1.21323e+01
103 -0.00987  4.98841e+00 |104 -0.00151  2.99045e+00 |105  0.00110  6.67701e+00
106 -0.03260 -2.90010e+02 |107 -0.07676  2.30171e+00 |108 -0.43093 -7.73571e+00
109 -0.12770 -2.78714e+00 |110  0.26797  2.24166e-03 |
110 variables; iteration 140; function evaluation 224; phase 5
Function value 6.1752614e+02; maximum gradient component mag -3.2570e+02
Var    Value     Gradient |Var    Value     Gradient |Var    Value     Gradient
  1 -0.44179 -1.01075e+01 |  2 -0.41843 -8.88431e+01 |  3 -0.40062 -1.78018e+01
  4 -0.40008 -4.43191e+00 |  5 -0.48020 -2.54880e+00 |  6  0.95317 -1.93159e+01
  7  0.00271  4.16712e+00 |  8 -0.00141 -2.18142e+00 |  9  0.00245  3.77483e+00
 10  0.00528  8.13771e+00 | 11 -0.00225  2.50835e-01 | 12 -0.00158  1.27517e+00
 13  0.00063  4.67512e+00 | 14  0.00056  4.56457e+00 | 15 -0.00184  8.47555e-01
 16  0.00124  5.57892e+00 | 17 -0.00033  3.14250e+00 | 18 -0.00079  2.23870e+00
 19 -0.00046  2.86988e+00 | 20 -0.00027  3.11819e+00 | 21 -0.00111  1.75785e+00
 22 -0.00126  1.45795e+00 | 23  0.00018  3.55620e+00 | 24 -0.00077  1.96392e+00
 25 -0.00043  2.31374e+00 | 26  0.00007  2.85197e+00 | 27  0.00069  3.74357e+00
 28  0.00079  2.57440e+00 | 29  0.00023  2.19692e+00 | 30  0.00148  2.49209e+00
 31  0.00233  2.14159e+00 | 32  0.00154  1.77566e+00 | 33  0.00294  1.55708e+00
 34  0.00403  2.02778e+00 | 35  0.00714  3.24889e+00 | 36  0.00676  3.98879e+00
 37  0.00789  3.35903e+00 | 38 -0.00636  3.57250e+00 | 39 -0.00376  6.56772e-01
 40  0.00256  4.65943e+00 | 41  0.00210  2.07853e+00 | 42 -0.00039  2.46218e+00
 43  0.00187  1.57429e+00 | 44  0.00559  2.23504e+00 | 45 -0.00231  3.48564e+00
 46  0.00255  1.96002e+00 | 47  0.01943  2.97574e+00 | 48  0.01710  2.20860e+00
 49 -0.01296  1.75593e+00 | 50  0.00598  2.16958e+00 | 51  0.00795  1.61402e+00
 52 -0.00275  1.49749e+00 | 53 -0.00049  1.00150e+00 | 54 -0.00311  1.33474e+00
 55  0.00251  3.88032e+00 | 56  0.00588  2.01986e+00 | 57  0.00493  6.14730e-01
 58  0.00623  1.10422e+00 | 59 -0.01604  1.31626e+00 | 60  0.00085  1.89601e+00
 61  0.01199  2.07291e+00 | 62  0.01123  9.40099e-01 | 63  0.01714 -4.65484e-01
 64 -0.00554  9.50117e-01 | 65  0.09174 -6.16833e+00 | 66  0.02078  1.73308e+00
 67  0.03278 -1.93258e+00 | 68  0.00230 -6.30389e-02 | 69  0.04443 -5.59345e+00
 70  0.00957 -1.42248e+00 | 71  0.00695 -2.03717e+00 | 72  0.03632 -9.13387e+00
 73 -0.00003 -4.43866e+00 | 74 -0.01563 -3.05566e+00 | 75  0.02053 -7.11005e+00
 76  0.01056 -7.08085e+00 | 77 -0.03898 -5.70859e-01 | 78  0.00849 -1.06135e+01
 79 -0.00278 -3.41222e+00 | 80 -0.00510 -8.35646e+00 | 81 -0.00896 -3.46768e+00
 82 -0.02413 -5.66119e+00 | 83  0.00782 -5.19960e+00 | 84 -0.03355 -6.90689e+00
 85 -0.01338 -3.52720e+00 | 86  0.00035 -1.10198e+01 | 87 -0.02034 -1.79545e+00
 88 -0.02854 -6.19360e+00 | 89 -0.01613 -2.72610e+00 | 90 -0.04093 -4.92714e+00
 91 -0.02010 -2.99139e-01 | 92 -0.02203 -6.08499e+00 | 93  0.00560 -2.15605e+00
 94 -0.05513 -3.79283e+00 | 95  0.01070 -8.76181e-02 | 96 -0.02744 -3.71458e+00
 97  0.00882  1.07864e+00 | 98 -0.01551 -3.01841e+00 | 99 -0.01537  2.70732e+00
100 -0.02769 -4.27795e-01 |101 -0.01489  4.90422e+00 |102  0.03990 -4.60879e+00
103 -0.01095  2.26309e+00 |104 -0.00041  3.24450e+00 |105  0.00096  5.22261e+00
106 -0.03771 -3.25704e+02 |107 -0.12566 -2.48960e+01 |108 -0.45902  4.54453e+01
109 -0.16267  4.11609e+00 |110 -0.09574  3.34339e-01 |
110 variables; iteration 160; function evaluation 251; phase 5
Function value 6.1674727e+02; maximum gradient component mag -9.2124e+00
Var    Value     Gradient |Var    Value     Gradient |Var    Value     Gradient
  1 -0.44091 -9.21243e+00 |  2 -0.41720  9.01156e+00 |  3 -0.40428  6.20803e+00
  4 -0.40268 -2.09916e+00 |  5 -0.48508 -1.54458e-01 |  6  1.00969  1.20612e+00
  7 -0.00013 -2.21326e-01 |  8  0.00002  2.60771e-02 |  9  0.00001  4.97774e-03
 10 -0.00002 -3.79615e-02 | 11 -0.00049  8.99709e-02 | 12 -0.00063 -1.29456e-01
 13 -0.00074 -3.10493e-01 | 14 -0.00054 -1.54606e-02 | 15 -0.00058 -9.32766e-02
 16 -0.00069 -2.80497e-01 | 17 -0.00064 -2.10298e-01 | 18 -0.00049 -1.86633e-01
 19 -0.00054 -1.33062e-01 | 20 -0.00047 -7.20776e-02 | 21 -0.00043 -6.92902e-02
 22 -0.00040 -1.16843e-01 | 23 -0.00040 -2.17195e-01 | 24 -0.00024 -1.07620e-01
 25 -0.00004  2.04527e-02 | 26 -0.00002 -1.67570e-01 | 27 -0.00004 -2.50845e-01
 28  0.00084 -2.13930e-01 | 29  0.00058 -1.47295e-01 | 30  0.00163 -1.65340e-01
 31  0.00275 -1.33435e-01 | 32  0.00224 -1.22305e-01 | 33  0.00378 -1.62091e-01
 34  0.00457 -1.59214e-01 | 35  0.00687 -1.79357e-01 | 36  0.00599 -1.92273e-01
 37  0.00752 -1.69455e-01 | 38 -0.00680 -1.57306e-01 | 39 -0.00258 -1.34977e-01
 40  0.00111 -2.16623e-01 | 41  0.00265 -1.83862e-01 | 42 -0.00033 -1.67511e-01
 43  0.00272 -1.76935e-01 | 44  0.00546 -2.37776e-01 | 45 -0.00316 -1.34639e-01
 46  0.00312 -2.70636e-01 | 47  0.01968 -3.53617e-01 | 48  0.01711 -2.91637e-01
 49 -0.01247 -2.55903e-01 | 50  0.00575 -2.19595e-01 | 51  0.00865 -3.36683e-01
 52 -0.00225 -3.27339e-01 | 53  0.00063 -2.84655e-01 | 54 -0.00303 -3.68968e-01
 55  0.00099 -3.11339e-01 | 56  0.00615 -4.19812e-01 | 57  0.00596 -4.44007e-01
 58  0.00676 -4.66701e-01 | 59 -0.01598 -3.53624e-01 | 60  0.00019 -4.15041e-01
 61  0.01194 -5.86721e-01 | 62  0.01143 -7.23480e-01 | 63  0.01835 -6.02670e-01
 64 -0.00555 -5.50854e-01 | 65  0.09111 -1.29211e+00 | 66  0.01967 -8.91357e-01
 67  0.03328 -8.85329e-01 | 68  0.00205 -6.97347e-01 | 69  0.04455 -7.54323e-01
 70  0.00892 -5.84095e-01 | 71  0.00659 -6.59259e-01 | 72  0.03670 -1.04077e+00
 73 -0.00016 -3.81503e-01 | 74 -0.01553 -3.93764e-01 | 75  0.02034 -2.18357e-01
 76  0.01062  1.17480e-02 | 77 -0.03929  2.99521e-01 | 78  0.00855 -3.23118e-01
 79 -0.00294  5.21251e-01 | 80 -0.00519  5.08564e-02 | 81 -0.00927  8.51498e-01
 82 -0.02421  2.90005e-01 | 83  0.00766  1.64486e+00 | 84 -0.03346  5.56317e-01
 85 -0.01343  1.61021e+00 | 86  0.00029  1.56413e+00 | 87 -0.02047  1.49911e+00
 88 -0.02851  9.59430e-01 | 89 -0.01624  2.03375e+00 | 90 -0.04099  7.31087e-01
 91 -0.02004  1.80915e+00 | 92 -0.02204  1.10906e+00 | 93  0.00549  2.40457e+00
 94 -0.05523  2.94275e-01 | 95  0.01071  2.16242e+00 | 96 -0.02747  3.51927e-01
 97  0.00885  1.52735e+00 | 98 -0.01558  1.16089e-01 | 99 -0.01561  6.61268e-01
100 -0.02772 -4.91910e-01 |101 -0.01522  1.51383e-01 |102  0.03981 -1.21689e+00
103 -0.01096 -2.77394e-01 |104 -0.00063 -1.11791e-01 |105 -0.00066 -1.64082e-01
106 -0.03818  2.89293e-02 |107 -0.17706 -6.09431e+00 |108 -0.50684  5.47162e+00
109 -0.19188  2.19284e+00 |110 -0.15788 -2.12839e+00 |

 - final statistics:
110 variables; iteration 179; function evaluation 270
Function value 6.1673e+02; maximum gradient component mag 1.5480e-05
Exit code = 1;  converg criter 1.0000e-04
Var    Value     Gradient |Var    Value     Gradient |Var    Value     Gradient
  1 -0.44081 -1.16379e-05 |  2 -0.41724  1.54797e-05 |  3 -0.40428  7.26257e-06
  4 -0.40267 -7.92493e-06 |  5 -0.48484 -3.59883e-06 |  6  0.99997  3.28127e-07
  7  0.00001 -4.26991e-06 |  8  0.00000  6.66021e-08 |  9  0.00001 -7.22864e-07
 10  0.00001 -1.37787e-06 | 11 -0.00058  2.15248e-06 | 12 -0.00058 -1.08688e-06
 13 -0.00057 -3.34498e-06 | 14 -0.00057  2.28153e-06 | 15 -0.00056  2.46362e-06
 16 -0.00055 -4.49961e-06 | 17 -0.00054 -5.90531e-07 | 18 -0.00041 -1.45174e-06
 19 -0.00049 -6.67679e-07 | 20 -0.00046  6.52873e-07 | 21 -0.00042  2.45263e-07
 22 -0.00037 -3.74820e-07 | 23 -0.00030 -2.60038e-07 | 24 -0.00021  4.63828e-08
 25 -0.00010  2.06254e-06 | 26  0.00005 -1.37827e-07 | 27  0.00008 -7.73418e-07
 28  0.00094 -6.43905e-07 | 29  0.00064 -1.69908e-07 | 30  0.00170 -4.91505e-07
 31  0.00280  6.86707e-07 | 32  0.00228  6.90392e-07 | 33  0.00384 -9.68379e-07
 34  0.00463  2.91247e-07 | 35  0.00694 -5.02888e-07 | 36  0.00607 -8.22735e-07
 37  0.00757 -1.87475e-07 | 38 -0.00675 -5.14484e-07 | 39 -0.00255  1.20398e-06
 40  0.00122 -1.65901e-06 | 41  0.00271 -3.51418e-07 | 42 -0.00029  1.31371e-07
 43  0.00277 -2.84330e-07 | 44  0.00554 -1.13621e-06 | 45 -0.00309 -5.15241e-07
 46  0.00323 -2.81042e-07 | 47  0.01984 -1.64711e-06 | 48  0.01718 -1.76523e-06
 49 -0.01238  1.11774e-06 | 50  0.00584 -2.19479e-06 | 51  0.00876 -1.14026e-06
 52 -0.00215 -5.83841e-07 | 53  0.00071 -4.54025e-07 | 54 -0.00291 -7.89644e-07
 55  0.00113 -5.58509e-07 | 56  0.00627 -2.81518e-08 | 57  0.00609  2.51924e-07
 58  0.00688 -9.21018e-07 | 59 -0.01589 -9.98485e-10 | 60  0.00034 -4.30558e-07
 61  0.01209  1.35035e-06 | 62  0.01164 -1.60100e-06 | 63  0.01843 -2.06717e-06
 64 -0.00543 -4.48334e-07 | 65  0.09123  5.82161e-06 | 66  0.01986 -1.08791e-06
 67  0.03329 -1.55291e-06 | 68  0.00211  3.18674e-07 | 69  0.04449  3.17174e-06
 70  0.00891  1.39738e-06 | 71  0.00657 -1.22971e-06 | 72  0.03663 -6.29306e-06
 73 -0.00028 -1.54412e-06 | 74 -0.01562 -1.13840e-06 | 75  0.02024 -6.24207e-06
 76  0.01051  6.98312e-07 | 77 -0.03939 -1.04034e-06 | 78  0.00841  5.97513e-06
 79 -0.00304 -1.86242e-06 | 80 -0.00535  5.77928e-06 | 81 -0.00938 -1.72929e-06
 82 -0.02438  6.39181e-06 | 83  0.00754 -1.71662e-06 | 84 -0.03364 -2.77732e-07
 85 -0.01355 -1.55734e-06 | 86  0.00010  6.67455e-07 | 87 -0.02059 -2.05575e-06
 88 -0.02872  4.12913e-06 | 89 -0.01639 -3.21268e-06 | 90 -0.04119  1.68499e-06
 91 -0.02018 -7.44751e-07 | 92 -0.02225  4.83045e-06 | 93  0.00534 -4.00931e-07
 94 -0.05543  1.79237e-06 | 95  0.01057 -1.40829e-06 | 96 -0.02767  4.24426e-06
 97  0.00872 -4.27173e-06 | 98 -0.01579  3.74216e-06 | 99 -0.01574 -3.74702e-06
100 -0.02793  3.47789e-06 |101 -0.01532 -9.80038e-07 |102  0.03957  9.44352e-07
103 -0.01092 -8.91029e-07 |104 -0.00060  2.80105e-07 |105 -0.00059 -1.59866e-06
106 -0.03812  1.25593e-05 |107 -0.17669  1.05641e-05 |108 -0.50680 -9.88914e-06
109 -0.19418 -5.47652e-06 |110 -0.15768  2.33177e-06 |
Warning: the following parameters had issues
  SR_parm[1] is within 0.1% of upper bound: 4.00000e+00 < 2.00000e+01 < 2.00000e+01


 - final statistics:
111 variables; iteration 0; function evaluation 0
Function value 6.1673e+02; maximum gradient component mag 1.5480e-05
Exit code = 0;  converg criter 1.0000e-04
Var    Value     Gradient |Var    Value     Gradient |Var    Value     Gradient
  1 -0.44081 -1.16378e-05 |  2 -0.41724  1.54797e-05 |  3 -0.40428  7.26260e-06
  4 -0.40267 -7.92493e-06 |  5 -0.48484 -3.59883e-06 |  6  0.99997  3.27376e-07
  7  0.00001 -4.26991e-06 |  8  0.00000  6.66021e-08 |  9  0.00001 -7.22864e-07
 10  0.00001 -1.37787e-06 | 11 -0.00058  2.27754e-06 | 12 -0.00058 -9.61828e-07
 13 -0.00057 -3.21993e-06 | 14 -0.00057  2.40658e-06 | 15 -0.00056  2.58867e-06
 16 -0.00055 -4.37455e-06 | 17 -0.00054 -4.65478e-07 | 18 -0.00041 -1.32668e-06
 19 -0.00049 -5.42626e-07 | 20 -0.00046  7.77926e-07 | 21 -0.00042  3.70316e-07
 22 -0.00037 -2.49767e-07 | 23 -0.00030 -1.34985e-07 | 24 -0.00021  1.71436e-07
 25 -0.00010  2.18759e-06 | 26  0.00005 -1.27736e-08 | 27  0.00008 -6.48366e-07
 28  0.00094 -5.18852e-07 | 29  0.00064 -4.48551e-08 | 30  0.00170 -3.66452e-07
 31  0.00280  8.11759e-07 | 32  0.00228  8.15444e-07 | 33  0.00384 -8.43328e-07
 34  0.00463  4.16297e-07 | 35  0.00694 -3.77842e-07 | 36  0.00607 -6.97687e-07
 37  0.00757 -6.24313e-08 | 38 -0.00675 -3.89439e-07 | 39 -0.00255  1.32903e-06
 40  0.00122 -1.53396e-06 | 41  0.00271 -2.26367e-07 | 42 -0.00029  2.56424e-07
 43  0.00277 -1.59278e-07 | 44  0.00554 -1.01116e-06 | 45 -0.00309 -3.90190e-07
 46  0.00323 -1.55991e-07 | 47  0.01984 -1.52212e-06 | 48  0.01718 -1.64023e-06
 49 -0.01238  1.24277e-06 | 50  0.00584 -2.06974e-06 | 51  0.00876 -1.01522e-06
 52 -0.00215 -4.58789e-07 | 53  0.00071 -3.28972e-07 | 54 -0.00291 -6.64593e-07
 55  0.00113 -4.33456e-07 | 56  0.00627  9.68950e-08 | 57  0.00609  3.76971e-07
 58  0.00688 -7.95972e-07 | 59 -0.01589  1.24015e-07 | 60  0.00034 -3.05505e-07
 61  0.01209  1.47538e-06 | 62  0.01164 -1.47597e-06 | 63  0.01843 -1.94217e-06
 64 -0.00543 -3.23286e-07 | 65  0.09123  5.94538e-06 | 66  0.01986 -9.62918e-07
 67  0.03329 -1.42803e-06 | 68  0.00211  4.43725e-07 | 69  0.04449  3.29649e-06
 70  0.00891  1.52242e-06 | 71  0.00657 -1.10467e-06 | 72  0.03663 -6.16822e-06
 73 -0.00028 -1.41907e-06 | 74 -0.01562 -1.01339e-06 | 75  0.02024 -6.11708e-06
 76  0.01051  8.23344e-07 | 77 -0.03939 -9.15530e-07 | 78  0.00841  6.10017e-06
 79 -0.00304 -1.73737e-06 | 80 -0.00535  5.90433e-06 | 81 -0.00938 -1.60425e-06
 82 -0.02438  6.51677e-06 | 83  0.00754 -1.59158e-06 | 84 -0.03364 -1.52855e-07
 85 -0.01355 -1.43232e-06 | 86  0.00010  7.92505e-07 | 87 -0.02059 -1.93076e-06
 88 -0.02872  4.25405e-06 | 89 -0.01639 -3.08767e-06 | 90 -0.04119  1.80978e-06
 91 -0.02018 -6.19762e-07 | 92 -0.02225  4.95542e-06 | 93  0.00534 -2.75884e-07
 94 -0.05543  1.91695e-06 | 95  0.01057 -1.28326e-06 | 96 -0.02767  4.36919e-06
 97  0.00872 -4.14669e-06 | 98 -0.01579  3.86718e-06 | 99 -0.01574 -3.62201e-06
100 -0.02793  3.60282e-06 |101 -0.01532 -8.55021e-07 |102  0.03957  1.06916e-06
103 -0.01092 -7.65995e-07 |104 -0.00060  4.05158e-07 |105 -0.00059 -1.47360e-06
106  0.00000  0.00000e+00 |107 -0.03812  1.25592e-05 |108 -0.17669  1.05641e-05
109 -0.50680 -9.88914e-06 |110 -0.19418 -5.47652e-06 |111 -0.15768  2.33177e-06
size of file gradfil1.tmp = 0
size of file gradfil2.tmp = 0
size of file varssave.tmp = 0
size of file cmpdiff.tmp = 0
