
Initial statistics: 1 variables; iteration 0; function evaluation 0; phase 1
Function value 6.4389735e+06; maximum gradient component mag -4.3955e+07
Var    Value     Gradient |Var    Value     Gradient |Var    Value     Gradient
  1  0.63197 -4.39551e+07 |
  ic > imax  in fminim is answer attained ?
Var    Value     Gradient |Var    Value     Gradient |Var    Value     Gradient
  1  0.65801  1.39951e+04 |
Function minimizer not making progress ... is minimum attained?
Minimprove criterion = 0.0000e+00

 - final statistics:
1 variables; iteration 3; function evaluation 40
Function value 8.0774e+02; maximum gradient component mag 1.3995e+04
Exit code = 1;  converg criter 1.0000e+01
Var    Value     Gradient |Var    Value     Gradient |Var    Value     Gradient
  1  0.65801  1.39951e+04 |

Initial statistics: 98 variables; iteration 0; function evaluation 0; phase 2
Function value 8.0773299e+02; maximum gradient component mag 3.2622e+04
Var    Value     Gradient |Var    Value     Gradient |Var    Value     Gradient
  1  0.65801  3.26221e+04 |  2  0.00000 -9.65226e+02 |  3  0.00000 -9.33390e+02
  4  0.00000 -8.95133e+02 |  5  0.00000 -8.49327e+02 |  6  0.00000 -7.94733e+02
  7  0.00000 -7.30043e+02 |  8  0.00000 -6.54022e+02 |  9  0.00000 -5.65082e+02
 10  0.00000 -4.62634e+02 | 11  0.00000 -3.46131e+02 | 12  0.00000 -2.16070e+02
 13  0.00000 -7.43840e+01 | 14  0.00000  7.49004e+01 | 15  0.00000  2.18312e+02
 16  0.00000  3.66034e+02 | 17  0.00000  4.86609e+02 | 18  0.00000  5.64636e+02
 19  0.00000  5.79943e+02 | 20  0.00000  6.06956e+02 | 21  0.00000  6.88286e+02
 22  0.00000  7.92639e+02 | 23  0.00000  7.23642e+02 | 24  0.00000  7.75629e+02
 25  0.00000  8.14762e+02 | 26  0.00000  8.38064e+02 | 27  0.00000  8.50873e+02
 28  0.00000  8.56337e+02 | 29  0.00000  8.51065e+02 | 30  0.00000  8.35156e+02
 31  0.00000  8.45733e+02 | 32  0.00000  8.47606e+02 | 33  0.00000  8.45872e+02
 34  0.00000  8.11127e+02 | 35  0.00000  7.63173e+02 | 36  0.00000  8.00848e+02
 37  0.00000  7.76248e+02 | 38  0.00000  7.25361e+02 | 39  0.00000  7.19960e+02
 40  0.00000  6.74220e+02 | 41  0.00000  5.79751e+02 | 42  0.00000  5.66926e+02
 43  0.00000  5.30843e+02 | 44  0.00000  5.25623e+02 | 45  0.00000  4.64385e+02
 46  0.00000  4.41966e+02 | 47  0.00000  4.01260e+02 | 48  0.00000  3.57106e+02
 49  0.00000  2.66352e+02 | 50  0.00000  3.14995e+02 | 51  0.00000  2.48303e+02
 52  0.00000  1.98374e+02 | 53  0.00000  1.43821e+02 | 54  0.00000  1.41768e+02
 55  0.00000  1.78587e+02 | 56  0.00000  1.02707e+02 | 57  0.00000  6.25525e+01
 58  0.00000  8.53512e+01 | 59  0.00000  1.18406e+02 | 60  0.00000  3.43803e+01
 61  0.00000  6.46097e+01 | 62  0.00000 -1.81933e+01 | 63  0.00000 -1.47314e+01
 64  0.00000 -6.91958e+01 | 65  0.00000 -1.55491e+01 | 66  0.00000 -2.55934e+02
 67  0.00000  1.52500e+00 | 68  0.00000  4.50539e+02 | 69  0.00000  2.09116e+02
 70  0.00000  3.19408e+02 | 71  0.00000 -3.80456e+02 | 72  0.00000 -8.44282e+01
 73  0.00000  2.90486e+02 | 74  0.00000 -5.71932e+02 | 75  0.00000 -7.51057e+02
 76  0.00000 -1.01854e+03 | 77  0.00000 -7.64169e+02 | 78  0.00000  2.05543e+02
 79  0.00000 -8.62628e+02 | 80  0.00000  7.84715e+00 | 81  0.00000 -4.01438e+02
 82  0.00000 -6.96446e+01 | 83  0.00000 -9.05425e+02 | 84  0.00000 -3.33968e+02
 85  0.00000 -7.06896e+02 | 86  0.00000 -5.14199e+02 | 87  0.00000 -1.56826e+02
 88  0.00000 -7.02015e+02 | 89  0.00000 -1.44182e+03 | 90  0.00000 -9.26455e+02
 91  0.00000 -1.95029e+03 | 92  0.00000 -1.09807e+03 | 93  0.00000 -1.20951e+03
 94  0.00000 -1.10812e+03 | 95  0.00000 -1.11428e+03 | 96  0.00000 -1.11459e+03
 97 -0.03546  2.19726e+03 | 98 -0.31026  6.10919e+01 |

Intermediate statistics: 98 variables; iteration 20; function evaluation 51; phase 2
Function value 6.0050325e+02; maximum gradient component mag 9.1587e+03
Var    Value     Gradient |Var    Value     Gradient |Var    Value     Gradient
  1  0.65160  9.15872e+03 |  2 -0.00314 -2.37313e+02 |  3 -0.00389 -2.25011e+02
  4 -0.00455 -2.09931e+02 |  5 -0.00508 -1.91492e+02 |  6 -0.00548 -1.69071e+02
  7 -0.00573 -1.42047e+02 |  8 -0.00584 -1.09811e+02 |  9 -0.00601 -7.23985e+01
 10 -0.00615 -2.94146e+01 | 11 -0.00635  1.86615e+01 | 12 -0.00667  7.10282e+01
 13 -0.00708  1.26423e+02 | 14 -0.00752  1.83178e+02 | 15 -0.00578  2.54012e+02
 16 -0.00801  2.91124e+02 | 17 -0.00827  3.31395e+02 | 18 -0.00664  3.70726e+02
 19 -0.00085  4.27234e+02 | 20 -0.00831  3.47614e+02 | 21 -0.00453  4.06286e+02
 22 -0.00334  4.39145e+02 | 23 -0.00201  4.09800e+02 | 24 -0.00102  4.20845e+02
 25 -0.00010  4.23320e+02 | 26  0.00115  4.20578e+02 | 27  0.00226  4.10168e+02
 28  0.00236  3.85178e+02 | 29  0.00328  3.63744e+02 | 30  0.00663  3.60513e+02
 31  0.00548  3.26028e+02 | 32  0.00536  2.99430e+02 | 33  0.00393  2.62833e+02
 34  0.00905  2.70474e+02 | 35  0.01626  2.92277e+02 | 36  0.00463  1.97677e+02
 37  0.00454  1.76460e+02 | 38  0.00958  1.83927e+02 | 39 -0.00107  1.01090e+02
 40  0.00213  9.73362e+01 | 41  0.02309  1.99329e+02 | 42  0.01109  1.04516e+02
 43  0.00674  6.51598e+01 | 44 -0.00658 -2.64213e+00 | 45 -0.00026  8.01858e+00
 46 -0.00472 -1.74395e+01 | 47 -0.00431 -2.91569e+01 | 48 -0.00302 -3.76815e+01
 49  0.01502  7.44349e+00 | 50 -0.01104 -8.70193e+01 | 51  0.00403 -5.68538e+01
 52  0.01237 -4.18263e+01 | 53  0.01862 -3.69719e+01 | 54  0.00889 -7.17977e+01
 55 -0.01039 -1.19606e+02 | 56  0.00475 -9.85714e+01 | 57  0.00714 -1.09675e+02
 58 -0.00679 -1.39511e+02 | 59 -0.01523 -1.42786e+02 | 60  0.00591 -9.19592e+01
 61  0.00262 -8.11069e+01 | 62  0.00861 -1.22583e+02 | 63  0.00588 -1.24134e+02
 64  0.00966 -1.40931e+02 | 65  0.00125 -1.25330e+02 | 66  0.01723 -1.40115e+02
 67  0.00205 -3.40971e+01 | 68 -0.01993  5.02224e+01 | 69 -0.00979 -5.96590e+01
 70 -0.01432  6.94652e+01 | 71  0.00316 -2.02584e+02 | 72 -0.00426 -9.82441e+01
 73 -0.01258  9.05649e+01 | 74  0.01089 -3.01484e+02 | 75  0.01129 -3.32491e+02
 76  0.02293 -4.03121e+02 | 77  0.01217 -3.27361e+02 | 78 -0.02638  2.84711e+01
 79  0.00911 -3.54381e+02 | 80 -0.01914  1.89799e+01 | 81 -0.01013 -2.67061e+02
 82 -0.02181 -2.23281e+01 | 83  0.00024 -3.90588e+02 | 84 -0.01593 -9.10725e+01
 85 -0.00372 -1.89793e+02 | 86 -0.00960 -9.77868e+01 | 87 -0.02296 -7.73111e+00
 88 -0.00745 -2.01049e+02 | 89  0.01434 -4.26991e+02 | 90 -0.00380 -2.73981e+02
 91  0.02980 -5.86883e+02 | 92  0.01213 -1.85662e+02 | 93  0.00823 -3.39662e+02
 94  0.00324 -2.93152e+02 | 95  0.00419 -2.93553e+02 | 96  0.00486 -2.92798e+02
 97 -0.02922  6.45710e+02 | 98 -0.28064  5.85159e+01 |
98 variables; iteration 40; function evaluation 77; phase 2
Function value 5.7570676e+02; maximum gradient component mag 5.4702e+03
Var    Value     Gradient |Var    Value     Gradient |Var    Value     Gradient
  1  0.64921  5.47019e+03 |  2 -0.01140 -1.56438e+02 |  3 -0.00929 -1.43920e+02
  4 -0.00641 -1.27272e+02 |  5 -0.00377 -1.08159e+02 |  6 -0.00235 -8.89938e+01
  7 -0.00245 -7.12303e+01 |  8 -0.00345 -5.36473e+01 |  9 -0.00459 -3.36101e+01
 10 -0.00506 -8.09981e+00 | 11 -0.00511  2.26665e+01 | 12 -0.00520  5.65866e+01
 13 -0.00557  9.16367e+01 | 14 -0.00611  1.26743e+02 | 15 -0.00257  1.83172e+02
 16 -0.00679  1.93433e+02 | 17 -0.00748  2.16024e+02 | 18 -0.00540  2.44247e+02
 19  0.00827  3.51592e+02 | 20 -0.00885  2.20605e+02 | 21 -0.00178  2.84361e+02
 22 -0.00186  2.98352e+02 | 23 -0.00112  2.77706e+02 | 24 -0.00055  2.84808e+02
 25 -0.00038  2.84230e+02 | 26  0.00011  2.80460e+02 | 27  0.00017  2.69601e+02
 28 -0.00140  2.45166e+02 | 29 -0.00201  2.22611e+02 | 30  0.00008  2.09719e+02
 31 -0.00007  2.01126e+02 | 32  0.00023  1.88407e+02 | 33 -0.00141  1.63256e+02
 34  0.00329  1.55130e+02 | 35  0.00946  1.44509e+02 | 36  0.00061  1.11752e+02
 37  0.00148  9.58508e+01 | 38  0.01093  1.12043e+02 | 39 -0.00345  3.96128e+01
 40  0.00158  3.67303e+01 | 41  0.03986  1.71544e+02 | 42  0.02101  6.63210e+01
 43  0.01606  3.72459e+01 | 44 -0.00141 -1.30089e+01 | 45  0.00539 -9.62181e+00
 46  0.00270 -1.60582e+01 | 47  0.00421 -1.94861e+01 | 48  0.00389 -3.02643e+01
 49  0.02300 -1.21919e+01 | 50 -0.00770 -6.36643e+01 | 51  0.01146 -4.09525e+01
 52  0.02210 -2.74573e+01 | 53  0.02739 -3.08329e+01 | 54  0.01398 -5.28632e+01
 55 -0.00309 -5.84200e+01 | 56  0.01029 -5.93543e+01 | 57  0.01337 -6.45339e+01
 58 -0.00269 -7.75179e+01 | 59 -0.01586 -8.66320e+01 | 60  0.00530 -6.17814e+01
 61 -0.00243 -6.28184e+01 | 62  0.00958 -6.71981e+01 | 63  0.00462 -7.14927e+01
 64  0.00991 -7.33230e+01 | 65 -0.00309 -8.31396e+01 | 66  0.01646 -8.06987e+01
 67 -0.00535 -5.65813e+01 | 68 -0.03447 -4.97400e+01 | 69 -0.01172 -1.14802e+01
 70 -0.02526 -8.24170e+00 | 71 -0.00057 -2.09186e+02 | 72 -0.00918 -1.17677e+02
 73 -0.02282 -1.52318e+01 | 74  0.01951 -1.07932e+02 | 75  0.01339 -2.48174e+02
 76  0.03229 -1.88572e+02 | 77  0.01890 -1.58683e+02 | 78 -0.04257 -7.06226e+01
 79  0.01473 -1.85482e+02 | 80 -0.03095 -6.23813e+01 | 81 -0.00416 -7.54849e+01
 82 -0.03133 -5.92976e+01 | 83  0.00514 -1.86936e+02 | 84 -0.02322 -9.44076e+01
 85 -0.00410 -1.01015e+02 | 86 -0.01748 -1.30484e+02 | 87 -0.03112 -3.89935e+01
 88 -0.00822 -1.25572e+02 | 89  0.01831 -2.34628e+02 | 90 -0.00417 -1.83172e+02
 91  0.03875 -2.77126e+02 | 92  0.00425 -1.54907e+02 | 93  0.01195 -1.71088e+02
 94  0.00438 -1.66167e+02 | 95 -0.00832 -1.88024e+02 | 96 -0.01005 -1.90905e+02
 97 -0.02780  3.75264e+02 | 98 -0.28337  5.16040e+00 |
Maximum number of function evaluations exceeded

 - final statistics:
98 variables; iteration 56; function evaluation 100
Function value 5.7205e+02; maximum gradient component mag 6.4956e+03
Exit code = 3;  converg criter 1.0000e+01
Var    Value     Gradient |Var    Value     Gradient |Var    Value     Gradient
  1  0.64978  6.49555e+03 |  2  0.00805 -1.33020e+02 |  3 -0.00093 -1.43534e+02
  4 -0.00384 -1.37644e+02 |  5 -0.00447 -1.23573e+02 |  6 -0.00741 -1.14263e+02
  7 -0.00942 -1.00041e+02 |  8 -0.00327 -5.15691e+01 |  9 -0.00205 -1.48208e+01
 10 -0.00360  1.35513e+01 | 11 -0.00435  4.94711e+01 | 12 -0.00691  7.74924e+01
 13 -0.00781  1.17206e+02 | 14 -0.00677  1.72221e+02 | 15 -0.00293  2.45937e+02
 16 -0.00773  2.53532e+02 | 17 -0.00864  2.79501e+02 | 18 -0.00656  3.14560e+02
 19  0.00403  4.10716e+02 | 20 -0.01316  2.53409e+02 | 21 -0.00197  3.71944e+02
 22 -0.00178  3.90728e+02 | 23 -0.00267  3.45663e+02 | 24 -0.00202  3.52711e+02
 25 -0.00171  3.50571e+02 | 26 -0.00065  3.48694e+02 | 27 -0.00029  3.34800e+02
 28 -0.00243  2.95160e+02 | 29 -0.00342  2.60676e+02 | 30  0.00178  2.71147e+02
 31  0.00009  2.38759e+02 | 32 -0.00001  2.13867e+02 | 33 -0.00287  1.69347e+02
 34  0.00669  1.96703e+02 | 35  0.01693  2.20118e+02 | 36  0.00084  1.13569e+02
 37  0.00332  1.04668e+02 | 38  0.01556  1.42399e+02 | 39 -0.00220  3.59861e+01
 40  0.00223  3.00770e+01 | 41  0.04537  2.22644e+02 | 42  0.01745  4.44381e+01
 43  0.01322  1.64784e+01 | 44 -0.00653 -4.83860e+01 | 45  0.00303 -3.23537e+01
 46 -0.00003 -4.25773e+01 | 47  0.00274 -4.29788e+01 | 48  0.00401 -4.94326e+01
 49  0.02671 -1.14273e+01 | 50 -0.00219 -6.74284e+01 | 51  0.01465 -5.18157e+01
 52  0.01908 -5.92583e+01 | 53  0.02802 -4.79150e+01 | 54  0.01284 -7.93446e+01
 55 -0.00858 -1.03613e+02 | 56  0.00973 -8.49364e+01 | 57  0.01758 -7.27134e+01
 58 -0.00362 -1.06998e+02 | 59 -0.01706 -1.19542e+02 | 60  0.00601 -8.39595e+01
 61 -0.00137 -8.49075e+01 | 62  0.00553 -1.17969e+02 | 63  0.00759 -7.57579e+01
 64  0.01276 -7.24079e+01 | 65 -0.00529 -1.23546e+02 | 66  0.01720 -8.71163e+01
 67 -0.00768 -1.04384e+02 | 68 -0.03764 -1.10507e+02 | 69 -0.01469 -1.01111e+02
 70 -0.03269 -1.31536e+02 | 71  0.00175 -1.46275e+02 | 72 -0.00909 -1.30488e+02
 73 -0.02648 -1.04613e+02 | 74  0.02198 -8.74463e+01 | 75  0.01781 -1.61797e+02
 76  0.03603 -1.15321e+02 | 77  0.02100 -1.40909e+02 | 78 -0.04267 -9.83035e+01
 79  0.01705 -1.52465e+02 | 80 -0.03945 -1.83805e+02 | 81 -0.00523 -1.34842e+02
 82 -0.03540 -1.31331e+02 | 83  0.00644 -1.67139e+02 | 84 -0.02770 -1.71351e+02
 85 -0.00587 -1.59850e+02 | 86 -0.01840 -1.66000e+02 | 87 -0.03883 -1.90168e+02
 88 -0.00893 -1.71506e+02 | 89  0.02054 -2.09120e+02 | 90 -0.00472 -2.22465e+02
 91  0.04146 -2.43874e+02 | 92  0.00245 -2.01445e+02 | 93  0.01034 -2.30191e+02
 94 -0.00218 -2.12012e+02 | 95  0.00173 -2.05561e+02 | 96  0.00213 -2.05194e+02
 97 -0.02718  4.50009e+02 | 98 -0.28003  1.13965e+01 |

Initial statistics: 100 variables; iteration 0; function evaluation 0; phase 3
Function value 5.7204630e+02; maximum gradient component mag 6.4956e+03
Var    Value     Gradient |Var    Value     Gradient |Var    Value     Gradient
  1  0.64978  6.49555e+03 |  2  0.00806 -1.32814e+02 |  3 -0.00092 -1.43328e+02
  4 -0.00384 -1.37438e+02 |  5 -0.00447 -1.23367e+02 |  6 -0.00741 -1.14058e+02
  7 -0.00941 -9.98349e+01 |  8 -0.00326 -5.13634e+01 |  9 -0.00204 -1.46151e+01
 10 -0.00359  1.37570e+01 | 11 -0.00434  4.96768e+01 | 12 -0.00691  7.76981e+01
 13 -0.00780  1.17411e+02 | 14 -0.00677  1.72427e+02 | 15 -0.00293  2.46143e+02
 16 -0.00772  2.53738e+02 | 17 -0.00864  2.79707e+02 | 18 -0.00656  3.14766e+02
 19  0.00403  4.10922e+02 | 20 -0.01316  2.53614e+02 | 21 -0.00197  3.72150e+02
 22 -0.00178  3.90934e+02 | 23 -0.00266  3.45868e+02 | 24 -0.00202  3.52916e+02
 25 -0.00171  3.50776e+02 | 26 -0.00064  3.48899e+02 | 27 -0.00028  3.35006e+02
 28 -0.00242  2.95365e+02 | 29 -0.00342  2.60882e+02 | 30  0.00178  2.71352e+02
 31  0.00009  2.38965e+02 | 32 -0.00000  2.14073e+02 | 33 -0.00287  1.69553e+02
 34  0.00670  1.96909e+02 | 35  0.01694  2.20324e+02 | 36  0.00085  1.13775e+02
 37  0.00332  1.04874e+02 | 38  0.01556  1.42605e+02 | 39 -0.00219  3.61919e+01
 40  0.00223  3.02827e+01 | 41  0.04538  2.22849e+02 | 42  0.01745  4.46438e+01
 43  0.01322  1.66841e+01 | 44 -0.00653 -4.81803e+01 | 45  0.00304 -3.21480e+01
 46 -0.00003 -4.23716e+01 | 47  0.00275 -4.27730e+01 | 48  0.00401 -4.92269e+01
 49  0.02671 -1.12217e+01 | 50 -0.00218 -6.72227e+01 | 51  0.01465 -5.16100e+01
 52  0.01909 -5.90527e+01 | 53  0.02802 -4.77095e+01 | 54  0.01284 -7.91389e+01
 55 -0.00857 -1.03407e+02 | 56  0.00973 -8.47307e+01 | 57  0.01759 -7.25078e+01
 58 -0.00362 -1.06792e+02 | 59 -0.01706 -1.19336e+02 | 60  0.00602 -8.37538e+01
 61 -0.00136 -8.47018e+01 | 62  0.00554 -1.17764e+02 | 63  0.00760 -7.55522e+01
 64  0.01277 -7.22022e+01 | 65 -0.00529 -1.23340e+02 | 66  0.01720 -8.69106e+01
 67 -0.00767 -1.04179e+02 | 68 -0.03763 -1.10302e+02 | 69 -0.01469 -1.00905e+02
 70 -0.03268 -1.31331e+02 | 71  0.00176 -1.46070e+02 | 72 -0.00909 -1.30282e+02
 73 -0.02647 -1.04407e+02 | 74  0.02198 -8.72407e+01 | 75  0.01781 -1.61592e+02
 76  0.03603 -1.15116e+02 | 77  0.02101 -1.40703e+02 | 78 -0.04266 -9.80983e+01
 79  0.01705 -1.52260e+02 | 80 -0.03945 -1.83600e+02 | 81 -0.00522 -1.34636e+02
 82 -0.03539 -1.31126e+02 | 83  0.00644 -1.66934e+02 | 84 -0.02770 -1.71146e+02
 85 -0.00587 -1.59645e+02 | 86 -0.01839 -1.65794e+02 | 87 -0.03882 -1.89963e+02
 88 -0.00893 -1.71301e+02 | 89  0.02054 -2.08915e+02 | 90 -0.00472 -2.22259e+02
 91  0.04146 -2.43668e+02 | 92  0.00246 -2.01239e+02 | 93  0.01034 -2.29985e+02
 94 -0.00218 -2.11806e+02 | 95  0.00173 -2.05355e+02 | 96  0.00214 -2.04988e+02
 97 -0.02718  4.50009e+02 | 98 -0.41581 -6.42110e+02 | 99 -0.28003  1.13965e+01
100 -0.25275 -1.00228e+01 |

Intermediate statistics: 100 variables; iteration 20; function evaluation 27; phase 3
Function value 5.6829331e+02; maximum gradient component mag -6.1132e+02
Var    Value     Gradient |Var    Value     Gradient |Var    Value     Gradient
  1  0.64627 -6.11318e+02 |  2 -0.00394  1.93116e+00 |  3 -0.00104  4.20438e+00
  4 -0.00037  2.92400e+00 |  5 -0.00060 -2.24570e-02 |  6  0.00013 -2.24545e+00
  7  0.00050 -5.55871e+00 |  8 -0.00302 -1.40881e+01 |  9 -0.00465 -2.05693e+01
 10 -0.00474 -2.60673e+01 | 11 -0.00531 -3.26289e+01 | 12 -0.00477 -3.87664e+01
 13 -0.00527 -4.61380e+01 | 14 -0.00700 -5.43446e+01 | 15 -0.00353 -6.64077e+01
 16 -0.00755 -6.81312e+01 | 17 -0.00826 -7.24433e+01 | 18 -0.00475 -7.92700e+01
 19  0.00909 -9.81926e+01 | 20 -0.01042 -6.92287e+01 | 21 -0.00629 -8.24024e+01
 22 -0.00514 -8.44305e+01 | 23 -0.00346 -7.89195e+01 | 24 -0.00303 -7.85057e+01
 25 -0.00305 -7.62110e+01 | 26 -0.00231 -7.35338e+01 | 27 -0.00174 -6.91470e+01
 28 -0.00357 -6.08443e+01 | 29 -0.00193 -5.46656e+01 | 30  0.00787 -5.56570e+01
 31  0.00013 -4.37401e+01 | 32 -0.00173 -3.58612e+01 | 33 -0.00430 -2.69847e+01
 34  0.00857 -2.71943e+01 | 35  0.03190 -3.29429e+01 | 36  0.00297 -1.23649e+01
 37  0.00452 -8.53449e+00 | 38  0.01689 -8.84293e+00 | 39 -0.00213  2.31739e+00
 40  0.00656  5.74067e+00 | 41  0.05389 -5.75409e+00 | 42  0.03045  8.24770e+00
 43  0.02139  1.25665e+01 | 44 -0.00121  1.60998e+01 | 45  0.01214  1.76010e+01
 46  0.00094  1.69562e+01 | 47  0.00021  1.77937e+01 | 48  0.00011  1.88136e+01
 49  0.03023  2.19906e+01 | 50 -0.01188  1.62588e+01 | 51  0.00653  2.01520e+01
 52  0.01784  2.26917e+01 | 53  0.02909  2.45888e+01 | 54  0.00990  2.31874e+01
 55 -0.01597  1.82457e+01 | 56  0.00431  2.16978e+01 | 57  0.01210  2.26520e+01
 58 -0.01055  2.00927e+01 | 59 -0.02550  1.78376e+01 | 60  0.00040  2.03007e+01
 61 -0.01220  1.40111e+01 | 62  0.00558  2.53180e+01 | 63 -0.00069  1.63487e+01
 64  0.00560  1.76129e+01 | 65 -0.00662  2.29553e+01 | 66  0.01560  2.97923e+01
 67 -0.00982  2.86064e+01 | 68 -0.04250  2.52028e+01 | 69 -0.01471  5.82241e+01
 70 -0.03412  3.54693e+01 | 71  0.00352  4.84403e+01 | 72 -0.00880  4.54006e+01
 73 -0.02794  4.39913e+01 | 74  0.02301  7.29133e+01 | 75  0.02109  6.52558e+01
 76  0.03808  7.91247e+01 | 77  0.02278  4.02645e+01 | 78 -0.05294  1.84253e+01
 79  0.01818  3.44545e+01 | 80 -0.03812  3.57318e+01 | 81 -0.00379  7.45845e+01
 82 -0.03898  3.47954e+01 | 83  0.00754  3.72339e+01 | 84 -0.02791  3.33714e+01
 85 -0.00480  5.34313e+01 | 86 -0.01860  3.77125e+01 | 87 -0.03773  2.83882e+01
 88 -0.00870  3.80882e+01 | 89  0.02200  8.02114e+00 | 90 -0.00043  3.08575e+01
 91  0.04500  9.86233e+00 | 92  0.00416  2.18200e+01 | 93  0.01545  2.30815e+01
 94  0.00138  1.83276e+01 | 95  0.00035  1.71277e+01 | 96  0.00057  1.70440e+01
 97  0.00973 -3.04027e+01 | 98 -0.39942  3.17436e+01 | 99 -0.27701  1.72029e+00
100 -0.25214 -5.26293e+00 |
100 variables; iteration 40; function evaluation 50; phase 3
Function value 5.6741792e+02; maximum gradient component mag -9.5375e+02
Var    Value     Gradient |Var    Value     Gradient |Var    Value     Gradient
  1  0.64530 -9.53751e+02 |  2 -0.00336  1.52540e+01 |  3 -0.00130  1.62778e+01
  4 -0.00104  1.43872e+01 |  5 -0.00134  1.12855e+01 |  6 -0.00147  7.92237e+00
  7 -0.00195  3.55488e+00 |  8 -0.00267 -1.77762e+00 |  9 -0.00322 -7.27564e+00
 10 -0.00356 -1.33295e+01 | 11 -0.00401 -2.00988e+01 | 12 -0.00446 -2.73805e+01
 13 -0.00488 -3.49740e+01 | 14 -0.00568 -4.29132e+01 | 15 -0.00251 -5.57096e+01
 16 -0.00639 -5.75063e+01 | 17 -0.00691 -6.20004e+01 | 18 -0.00065 -6.90360e+01
 19  0.00801 -8.91137e+01 | 20 -0.00850 -5.85715e+01 | 21 -0.00559 -7.25223e+01
 22 -0.00627 -7.51001e+01 | 23  0.00012 -6.94414e+01 | 24 -0.00025 -6.92736e+01
 25 -0.00150 -6.71649e+01 | 26 -0.00157 -6.48335e+01 | 27 -0.00111 -6.07770e+01
 28 -0.00235 -5.24101e+01 | 29  0.00036 -4.61426e+01 | 30  0.00971 -4.85944e+01
 31 -0.00050 -3.69414e+01 | 32 -0.00244 -2.94341e+01 | 33 -0.00437 -2.03073e+01
 34  0.00804 -2.26606e+01 | 35  0.03297 -3.05309e+01 | 36  0.00130 -7.81371e+00
 37  0.00343 -3.74870e+00 | 38  0.01573 -5.66262e+00 | 39 -0.00145  9.47593e+00
 40  0.00325  5.66616e+00 | 41  0.05032 -1.05502e+01 | 42  0.02581  6.38530e+00
 43  0.01683  1.12161e+01 | 44 -0.00360  1.93922e+01 | 45  0.01055  2.13665e+01
 46 -0.00045  2.23258e+01 | 47 -0.00019  2.44967e+01 | 48  0.00062  2.70065e+01
 49  0.03006  2.62358e+01 | 50 -0.00692  3.51117e+01 | 51  0.00732  2.97252e+01
 52  0.01619  2.76927e+01 | 53  0.02900  3.06730e+01 | 54  0.01154  3.41512e+01
 55 -0.01383  3.27918e+01 | 56  0.00589  3.38481e+01 | 57  0.01400  3.45140e+01
 58 -0.01046  2.93429e+01 | 59 -0.02483  2.81682e+01 | 60 -0.00038  2.35796e+01
 61 -0.00928  3.36826e+01 | 62  0.00644  3.59743e+01 | 63 -0.00061  2.43585e+01
 64  0.00793  3.79947e+01 | 65 -0.00535  3.88137e+01 | 66  0.01639  4.09127e+01
 67 -0.00949  3.39614e+01 | 68 -0.04244  2.60150e+01 | 69 -0.01576  1.90749e+01
 70 -0.03501  1.98511e+01 | 71  0.00335  1.72607e+01 | 72 -0.00981  1.56446e+01
 73 -0.02913  1.43816e+01 | 74  0.02159  1.16157e+01 | 75  0.01996  2.01287e+00
 76  0.03673 -2.85580e+00 | 77  0.02286  5.68247e+00 | 78 -0.05321  1.35255e+01
 79  0.01814 -6.19904e+00 | 80 -0.03849  2.22629e+01 | 81 -0.00577  2.57388e+00
 82 -0.04033  1.13718e+01 | 83  0.00706 -1.23059e+00 | 84 -0.02883  1.40935e+01
 85 -0.00585  1.61567e+01 | 86 -0.01982  1.28085e+01 | 87 -0.03815  2.46957e+01
 88 -0.00946  2.27758e+01 | 89  0.02294  2.60352e+01 | 90  0.00015  3.88825e+01
 91  0.04604  3.55446e+01 | 92  0.00406  3.11319e+01 | 93  0.01559  3.71292e+01
 94 -0.00061  2.82149e+01 | 95 -0.00047  2.86728e+01 | 96 -0.00031  2.84791e+01
 97  0.00713 -7.45502e+01 | 98 -0.39928  1.07809e+02 | 99 -0.27412  6.61380e+00
100 -0.25063 -6.99691e+00 |
100 variables; iteration 60; function evaluation 79; phase 3
Function value 5.6670485e+02; maximum gradient component mag -5.6089e+02
Var    Value     Gradient |Var    Value     Gradient |Var    Value     Gradient
  1  0.64446 -5.60895e+02 |  2  0.00198  1.48457e+01 |  3 -0.00042  1.02824e+01
  4 -0.00116  7.95622e+00 |  5 -0.00142  6.09225e+00 |  6 -0.00205  3.45068e+00
  7 -0.00291  1.91881e-01 |  8 -0.00201 -1.16075e+00 |  9 -0.00142 -3.12463e+00
 10 -0.00164 -6.63897e+00 | 11 -0.00149 -1.00828e+01 | 12 -0.00425 -1.70390e+01
 13 -0.00435 -2.10781e+01 | 14 -0.00286 -2.36405e+01 | 15  0.00153 -3.05779e+01
 16 -0.00217 -3.12196e+01 | 17 -0.00201 -3.32454e+01 | 18 -0.00030 -3.90136e+01
 19  0.00702 -5.40220e+01 | 20 -0.01119 -3.70384e+01 | 21 -0.01042 -4.88274e+01
 22 -0.01424 -5.29222e+01 | 23  0.00728 -3.54926e+01 | 24  0.00644 -3.58359e+01
 25  0.00213 -3.67642e+01 | 26 -0.00071 -3.75240e+01 | 27 -0.00050 -3.51158e+01
 28 -0.00131 -2.92531e+01 | 29  0.00791 -1.77643e+01 | 30  0.00821 -2.70498e+01
 31 -0.00211 -2.25363e+01 | 32 -0.00388 -1.83229e+01 | 33 -0.00498 -1.16921e+01
 34  0.00659 -1.31879e+01 | 35  0.03428 -9.99090e+00 | 36 -0.00095 -5.27380e+00
 37  0.00020 -3.54232e+00 | 38  0.01165 -5.29510e+00 | 39 -0.00501  3.74823e+00
 40  0.00531  8.41777e+00 | 41  0.05079 -4.18702e-01 | 42  0.02332  5.63494e+00
 43  0.01579  8.43819e+00 | 44 -0.00520  1.15930e+01 | 45  0.01176  1.98330e+01
 46 -0.00116  1.59636e+01 | 47 -0.00195  1.60490e+01 | 48 -0.00134  1.72082e+01
 49  0.02663  1.50141e+01 | 50 -0.00958  2.16602e+01 | 51  0.00651  2.11069e+01
 52  0.01540  1.95100e+01 | 53  0.02561  1.81039e+01 | 54  0.00860  1.98505e+01
 55 -0.01480  2.10858e+01 | 56  0.00322  1.92371e+01 | 57  0.01021  1.81974e+01
 58 -0.00785  2.57911e+01 | 59 -0.01951  3.36130e+01 | 60  0.00064  1.90573e+01
 61 -0.01010  2.02978e+01 | 62  0.00446  1.84901e+01 | 63  0.00310  3.32714e+01
 64  0.00530  1.53433e+01 | 65 -0.00772  1.14963e+01 | 66  0.01534  1.77361e+01
 67 -0.01059  1.03203e+01 | 68 -0.04293  9.14613e+00 | 69 -0.01652  1.79010e+00
 70 -0.03388  1.89459e+01 | 71  0.00283 -2.77420e-01 | 72 -0.00906  1.08090e+01
 73 -0.02905  8.40059e+00 | 74  0.02208  2.18760e+00 | 75  0.01991 -8.55808e+00
 76  0.03720 -1.33964e+01 | 77  0.02339  9.96161e+00 | 78 -0.05132  1.36244e+01
 79  0.01885  2.90445e+00 | 80 -0.03893  2.50737e+00 | 81 -0.00564 -5.65780e+00
 82 -0.03947  4.75170e+00 | 83  0.00748  1.60711e+00 | 84 -0.02795  9.41099e+00
 85 -0.00624 -2.86622e+00 | 86 -0.01916  6.17199e+00 | 87 -0.03820  1.51800e+01
 88 -0.00956  6.65884e+00 | 89  0.02285  2.14421e+01 | 90 -0.00165  8.69435e+00
 91  0.04494  1.71761e+01 | 92  0.00316  1.53430e+01 | 93  0.01333  1.32811e+01
 94 -0.00026  1.67003e+01 | 95  0.00084  1.86826e+01 | 96  0.00123  1.88292e+01
 97  0.00614 -4.52676e+01 | 98 -0.39952  6.28438e+01 | 99 -0.28489  9.78544e-02
100 -0.25540 -1.20257e+01 |
Maximum number of function evaluations exceeded

 - final statistics:
100 variables; iteration 73; function evaluation 100
Function value 5.6649e+02; maximum gradient component mag -2.8313e+02
Exit code = 3;  converg criter 1.0000e+00
Var    Value     Gradient |Var    Value     Gradient |Var    Value     Gradient
  1  0.64427 -2.83126e+02 |  2  0.00084  6.26606e+00 |  3 -0.00020  4.06877e+00
  4 -0.00076  2.47546e+00 |  5 -0.00097  1.25337e+00 |  6 -0.00172 -9.07088e-01
  7 -0.00210 -2.73026e+00 |  8 -0.00093 -2.68438e+00 |  9 -0.00084 -4.17994e+00
 10 -0.00088 -6.20042e+00 | 11 -0.00041 -7.75503e+00 | 12 -0.00365 -1.42055e+01
 13 -0.00405 -1.69718e+01 | 14 -0.00191 -1.66723e+01 | 15  0.00092 -2.24954e+01
 16 -0.00272 -2.24173e+01 | 17 -0.00335 -2.39098e+01 | 18  0.00427 -2.19633e+01
 19  0.00578 -4.02168e+01 | 20 -0.01073 -2.78586e+01 | 21 -0.01017 -3.89189e+01
 22 -0.01391 -4.33998e+01 | 23  0.01207 -1.62572e+01 | 24  0.01192 -1.63175e+01
 25  0.00078 -2.54289e+01 | 26 -0.00278 -2.86541e+01 | 27 -0.00090 -2.53533e+01
 28 -0.00442 -2.38567e+01 | 29  0.00762 -7.35300e+00 | 30  0.00910 -1.61446e+01
 31 -0.00459 -1.94514e+01 | 32 -0.00534 -1.53307e+01 | 33 -0.00532 -8.43463e+00
 34  0.00467 -1.08164e+01 | 35  0.03347 -1.71418e-02 | 36 -0.00142 -3.88433e+00
 37  0.00052 -1.47346e+00 | 38  0.01255 -1.15624e+00 | 39 -0.00536  2.50773e+00
 40  0.00512  7.78912e+00 | 41  0.05328  1.04221e+01 | 42  0.01962  3.25039e+00
 43  0.01621  8.77471e+00 | 44 -0.00623  7.00677e+00 | 45  0.01072  1.59940e+01
 46 -0.00159  1.24421e+01 | 47 -0.00206  1.28093e+01 | 48 -0.00137  1.37685e+01
 49  0.02579  1.24493e+01 | 50 -0.00946  1.71344e+01 | 51  0.00378  1.31610e+01
 52  0.01544  1.66465e+01 | 53  0.02414  1.34679e+01 | 54  0.00758  1.41200e+01
 55 -0.01503  1.53906e+01 | 56  0.00329  1.52693e+01 | 57  0.00981  1.37560e+01
 58 -0.00920  1.75956e+01 | 59 -0.02077  2.44740e+01 | 60  0.00094  1.62491e+01
 61 -0.01028  1.46403e+01 | 62  0.00434  1.36922e+01 | 63  0.00242  2.52053e+01
 64  0.00543  1.13576e+01 | 65 -0.00746  8.10550e+00 | 66  0.01525  1.33510e+01
 67 -0.01044  6.88636e+00 | 68 -0.04267  5.78553e+00 | 69 -0.01617  3.13340e+00
 70 -0.03411  1.12541e+01 | 71  0.00306  1.57734e+00 | 72 -0.00903  8.11260e+00
 73 -0.02884  5.24819e+00 | 74  0.02221  4.77364e+00 | 75  0.02023 -2.81537e+00
 76  0.03742 -5.47212e+00 | 77  0.02345  9.15621e+00 | 78 -0.05117  8.70982e+00
 79  0.01897  4.24955e+00 | 80 -0.03828  3.88583e+00 | 81 -0.00536 -4.29331e+00
 82 -0.03899  4.38593e+00 | 83  0.00772  2.02007e+00 | 84 -0.02774  6.48991e+00
 85 -0.00594 -3.77796e+00 | 86 -0.01899  2.60595e+00 | 87 -0.03804  8.03104e+00
 88 -0.00952  9.41328e-01 | 89  0.02288  1.22552e+01 | 90 -0.00159  1.62600e+00
 91  0.04505  8.03186e+00 | 92  0.00329  7.11550e+00 | 93  0.01367  5.01930e+00
 94  0.00109  1.03449e+01 | 95  0.00131  1.05060e+01 | 96  0.00168  1.06009e+01
 97  0.00696 -2.27014e+01 | 98 -0.39931  2.87542e+01 | 99 -0.28294 -6.17424e-01
100 -0.25433 -6.65810e+00 |

Initial statistics: 108 variables; iteration 0; function evaluation 0; phase 4
Function value 5.6648606e+02; maximum gradient component mag -2.8313e+02
Var    Value     Gradient |Var    Value     Gradient |Var    Value     Gradient
  1 -0.42263 -6.86865e+01 |  2 -0.42263 -1.30321e+01 |  3 -0.41094 -6.12633e+01
  4  0.64427 -2.83126e+02 |  5  0.00000 -6.18136e+00 |  6  0.00000 -1.36775e+00
  7  0.00000 -1.83255e+00 |  8  0.00000 -2.03086e+00 |  9  0.00000 -2.55287e+00
 10  0.00084  6.28644e+00 | 11 -0.00020  4.08915e+00 | 12 -0.00076  2.49583e+00
 13 -0.00097  1.27374e+00 | 14 -0.00172 -8.86712e-01 | 15 -0.00210 -2.70989e+00
 16 -0.00093 -2.66401e+00 | 17 -0.00084 -4.15957e+00 | 18 -0.00088 -6.18004e+00
 19 -0.00041 -7.73465e+00 | 20 -0.00365 -1.41851e+01 | 21 -0.00405 -1.69514e+01
 22 -0.00191 -1.66520e+01 | 23  0.00092 -2.24750e+01 | 24 -0.00272 -2.23969e+01
 25 -0.00335 -2.38895e+01 | 26  0.00427 -2.19430e+01 | 27  0.00578 -4.01965e+01
 28 -0.01073 -2.78382e+01 | 29 -0.01017 -3.88986e+01 | 30 -0.01391 -4.33794e+01
 31  0.01207 -1.62368e+01 | 32  0.01192 -1.62972e+01 | 33  0.00078 -2.54085e+01
 34 -0.00278 -2.86338e+01 | 35 -0.00090 -2.53330e+01 | 36 -0.00442 -2.38363e+01
 37  0.00762 -7.33262e+00 | 38  0.00910 -1.61242e+01 | 39 -0.00459 -1.94311e+01
 40 -0.00534 -1.53103e+01 | 41 -0.00532 -8.41425e+00 | 42  0.00467 -1.07961e+01
 43  0.03347  3.20685e-03 | 44 -0.00142 -3.86396e+00 | 45  0.00052 -1.45309e+00
 46  0.01255 -1.13587e+00 | 47 -0.00536  2.52811e+00 | 48  0.00512  7.80950e+00
 49  0.05328  1.04424e+01 | 50  0.01962  3.27075e+00 | 51  0.01621  8.79508e+00
 52 -0.00623  7.02714e+00 | 53  0.01072  1.60144e+01 | 54 -0.00159  1.24624e+01
 55 -0.00206  1.28297e+01 | 56 -0.00137  1.37889e+01 | 57  0.02579  1.24697e+01
 58 -0.00946  1.71547e+01 | 59  0.00378  1.31813e+01 | 60  0.01544  1.66669e+01
 61  0.02414  1.34883e+01 | 62  0.00758  1.41403e+01 | 63 -0.01503  1.54109e+01
 64  0.00329  1.52896e+01 | 65  0.00981  1.37764e+01 | 66 -0.00920  1.76160e+01
 67 -0.02077  2.44944e+01 | 68  0.00094  1.62695e+01 | 69 -0.01028  1.46607e+01
 70  0.00434  1.37126e+01 | 71  0.00242  2.52257e+01 | 72  0.00543  1.13779e+01
 73 -0.00746  8.12588e+00 | 74  0.01525  1.33714e+01 | 75 -0.01044  6.90673e+00
 76 -0.04267  5.80586e+00 | 77 -0.01617  3.15377e+00 | 78 -0.03411  1.12744e+01
 79  0.00306  1.59772e+00 | 80 -0.00903  8.13298e+00 | 81 -0.02884  5.26854e+00
 82  0.02221  4.79401e+00 | 83  0.02023 -2.79500e+00 | 84  0.03742 -5.45178e+00
 85  0.02345  9.17658e+00 | 86 -0.05117  8.73013e+00 | 87  0.01897  4.26992e+00
 88 -0.03828  3.90617e+00 | 89 -0.00536 -4.27293e+00 | 90 -0.03899  4.40627e+00
 91  0.00772  2.04045e+00 | 92 -0.02774  6.51027e+00 | 93 -0.00594 -3.75758e+00
 94 -0.01899  2.62632e+00 | 95 -0.03804  8.05138e+00 | 96 -0.00951  9.61703e-01
 97  0.02288  1.22756e+01 | 98 -0.00159  1.64638e+00 | 99  0.04505  8.05218e+00
100  0.00329  7.13587e+00 |101  0.01368  5.03968e+00 |102  0.00109  1.03652e+01
103  0.00131  1.05263e+01 |104  0.00168  1.06213e+01 |105  0.00696 -2.27014e+01
106 -0.39931  2.87542e+01 |107 -0.28294 -6.17424e-01 |108 -0.25433 -6.65810e+00

Intermediate statistics: 108 variables; iteration 20; function evaluation 29; phase 4
Function value 5.6454620e+02; maximum gradient component mag 4.3296e+02
Var    Value     Gradient |Var    Value     Gradient |Var    Value     Gradient
  1 -0.42165 -2.09927e+01 |  2 -0.42406  4.32961e+02 |  3 -0.40949  1.53974e+02
  4  0.64490  1.35956e+02 |  5 -0.00033 -1.92880e+00 |  6 -0.00009 -4.52024e-01
  7 -0.00000 -5.50565e-01 |  8 -0.00013 -6.64636e-01 |  9 -0.00010 -8.04681e-01
 10  0.00019 -5.08011e+00 | 11  0.00015 -5.28701e+00 | 12  0.00012 -5.52461e+00
 13  0.00008 -5.79833e+00 | 14  0.00004 -6.12553e+00 | 15  0.00000 -6.49789e+00
 16  0.00006 -6.89161e+00 | 17 -0.00006 -7.34448e+00 | 18 -0.00012 -7.84965e+00
 19 -0.00018 -8.36156e+00 | 20 -0.00043 -9.09911e+00 | 21 -0.00064 -9.69461e+00
 22 -0.00069 -1.00015e+01 | 23  0.00343 -1.09293e+01 | 24 -0.00081 -1.09537e+01
 25 -0.00142 -1.11462e+01 | 26  0.00256 -1.04661e+01 | 27  0.01348 -1.41967e+01
 28 -0.00537 -1.16216e+01 | 29  0.00139 -1.31903e+01 | 30  0.00120 -1.35978e+01
 31  0.00454 -8.69992e+00 | 32  0.00448 -8.61916e+00 | 33  0.00216 -1.08021e+01
 34  0.00182 -1.12308e+01 | 35  0.00183 -1.04480e+01 | 36 -0.00113 -1.00915e+01
 37  0.00153 -5.72308e+00 | 38  0.00813 -7.25663e+00 | 39 -0.00131 -8.48880e+00
 40 -0.00350 -7.60645e+00 | 41 -0.00581 -5.78915e+00 | 42  0.00569 -5.02985e+00
 43  0.02795  5.59561e-02 | 44 -0.00219 -4.01328e+00 | 45 -0.00070 -2.98522e+00
 46  0.01093 -1.90066e+00 | 47 -0.00622 -1.98526e+00 | 48  0.00349  1.00667e+00
 49  0.04527  6.62412e+00 | 50  0.01870  3.54562e-01 | 51  0.01164  1.82848e-01
 52 -0.00775 -6.29758e-01 | 53  0.00765  4.85054e+00 | 54 -0.00435  2.34283e+00
 55 -0.00457  2.77351e+00 | 56 -0.00351  3.93252e+00 | 57  0.02483  7.59583e+00
 58 -0.01166  4.55659e+00 | 59  0.00235  4.52220e+00 | 60  0.01212  6.19732e+00
 61  0.02352  8.29116e+00 | 62  0.00583  5.06986e+00 | 63 -0.01621  4.47276e+00
 64  0.00202  6.41797e+00 | 65  0.00866  5.86246e+00 | 66 -0.01173  4.28082e+00
 67 -0.02413  6.83733e+00 | 68  0.00089  1.02435e+01 | 69 -0.01045  7.26749e+00
 70  0.00468  9.97825e+00 | 71  0.00161  1.44116e+01 | 72  0.00517  5.43034e+00
 73 -0.00699  5.24268e+00 | 74  0.01547  1.53276e+01 | 75 -0.01036  4.68521e+00
 76 -0.04259  9.19428e-01 | 77 -0.01571  1.39893e+01 | 78 -0.03391  9.66355e+00
 79  0.00377  2.69857e+01 | 80 -0.00873  1.47994e+01 | 81 -0.02810  1.51163e+01
 82  0.02280  2.53689e+01 | 83  0.02110  2.86323e+01 | 84  0.03823  3.05900e+01
 85  0.02421  4.11836e+01 | 86 -0.05167  1.05573e+00 | 87  0.01961  3.55477e+01
 88 -0.03792  5.24924e+00 | 89 -0.00485  1.03366e+01 | 90 -0.03867  4.39791e+00
 91  0.00839  2.57938e+01 | 92 -0.02793  3.08169e+00 | 93 -0.00561  3.30319e+00
 94 -0.01904 -2.29379e+00 | 95 -0.03798  8.07695e-01 | 96 -0.00923 -2.13958e+00
 97  0.02308  1.21632e+01 | 98 -0.00173 -7.29521e+00 | 99  0.04501 -2.54907e-01
100  0.00278 -8.43103e+00 |101  0.01350 -8.63465e+00 |102 -0.00021 -4.79149e+00
103  0.00004 -4.11118e+00 |104  0.00036 -4.11030e+00 |105  0.01219  1.04850e+01
106 -0.39682 -1.22689e+01 |107 -0.28879 -3.22870e+00 |108 -0.25789 -1.21040e+01
108 variables; iteration 40; function evaluation 52; phase 4
Function value 5.6394500e+02; maximum gradient component mag 7.4414e+02
Var    Value     Gradient |Var    Value     Gradient |Var    Value     Gradient
  1 -0.41871  4.46529e+01 |  2 -0.42597  7.44135e+02 |  3 -0.41014  2.92890e+02
  4  0.64640  5.38927e+02 |  5 -0.00074  1.97192e+00 |  6 -0.00019  4.03577e-01
  7 -0.00009  5.46548e-01 |  8 -0.00027  6.09715e-01 |  9 -0.00025  7.76109e-01
 10 -0.00036 -1.76041e+01 | 11 -0.00011 -1.68912e+01 | 12 -0.00001 -1.63506e+01
 13 -0.00002 -1.59081e+01 | 14  0.00013 -1.51254e+01 | 15  0.00017 -1.44122e+01
 16 -0.00017 -1.43000e+01 | 17 -0.00039 -1.36084e+01 | 18 -0.00047 -1.26558e+01
 19 -0.00074 -1.17905e+01 | 20  0.00003 -8.94590e+00 | 21 -0.00009 -7.35354e+00
 22 -0.00090 -6.83210e+00 | 23  0.00375 -3.38070e+00 | 24 -0.00065 -3.01636e+00
 25 -0.00120 -1.68488e+00 | 26  0.00142 -1.06037e+00 | 27  0.01670  9.09145e+00
 28 -0.00313  1.40335e+00 | 29  0.00559  7.15594e+00 | 30  0.00642  9.81679e+00
 31  0.00176  4.62884e-01 | 32  0.00193  1.52501e+00 | 33  0.00342  5.61195e+00
 34  0.00451  7.77990e+00 | 35  0.00415  7.81363e+00 | 36  0.00144  7.31669e+00
 37 -0.00130  1.14484e+00 | 38  0.00841  8.04322e+00 | 39  0.00160  8.10135e+00
 40 -0.00099  6.94440e+00 | 41 -0.00457  4.51473e+00 | 42  0.00768  9.56911e+00
 43  0.02488  1.25374e+01 | 44 -0.00071  5.96854e+00 | 45  0.00062  6.08949e+00
 46  0.01198  1.00349e+01 | 47 -0.00567  2.58811e+00 | 48  0.00338  4.49876e+00
 49  0.04343  2.52061e+01 | 50  0.01940  1.16459e+01 | 51  0.01141  8.17215e+00
 52 -0.00746  2.36307e+00 | 53  0.00634  5.42582e+00 | 54 -0.00487  3.37899e+00
 55 -0.00510  3.31811e+00 | 56 -0.00392  4.13398e+00 | 57  0.02495  1.74973e+01
 58 -0.01243  6.19118e-01 | 59  0.00202  6.09855e+00 | 60  0.01085  9.06661e+00
 61  0.02371  1.68580e+01 | 62  0.00521  8.06980e+00 | 63 -0.01675  2.68541e-01
 64  0.00160  7.81178e+00 | 65  0.00817  1.05760e+01 | 66 -0.01358  5.14670e-01
 67 -0.02715 -4.89586e+00 | 68  0.00010  7.75134e+00 | 69 -0.01186  9.73312e-01
 70  0.00495  1.45751e+01 | 71 -0.00000  5.26257e+00 | 72  0.00361  2.81055e+00
 73 -0.00691  6.99869e+00 | 74  0.01517  2.18939e+01 | 75 -0.01110  3.08592e+00
 76 -0.04319 -8.41160e+00 | 77 -0.01469  2.78593e+01 | 78 -0.03431  1.56818e+00
 79  0.00325 -7.55420e+00 | 80 -0.00954 -1.43847e+00 | 81 -0.02704  1.37324e+01
 82  0.02331  3.52906e+01 | 83  0.02133  1.16088e+01 | 84  0.03773  1.54145e+01
 85  0.02408  2.56465e+01 | 86 -0.05318 -1.90800e+01 | 87  0.01903 -1.11665e+00
 88 -0.03824 -9.41266e+00 | 89 -0.00385  1.46735e+01 | 90 -0.03925 -1.19779e+01
 91  0.00801 -1.00949e+01 | 92 -0.02966 -2.53655e+01 | 93 -0.00495  2.97992e+00
 94 -0.02022 -2.70103e+01 | 95 -0.03748 -9.05924e+00 | 96 -0.00831 -3.35767e+00
 97  0.02280 -1.94602e+01 | 98 -0.00276 -2.59741e+01 | 99  0.04573 -7.23938e-01
100  0.00095 -3.12636e+01 |101  0.01424 -1.72424e+01 |102 -0.00098 -1.89810e+01
103 -0.00055 -1.88475e+01 |104 -0.00023 -1.89174e+01 |105  0.02037  3.94281e+01
106 -0.39331 -4.68621e+01 |107 -0.28523 -2.36491e+00 |108 -0.25825  2.63802e+00
108 variables; iteration 60; function evaluation 79; phase 4
Function value 5.6369550e+02; maximum gradient component mag -6.5540e+02
Var    Value     Gradient |Var    Value     Gradient |Var    Value     Gradient
  1 -0.41886 -3.32869e+01 |  2 -0.42755 -6.55404e+02 |  3 -0.40750 -2.68365e+02
  4  0.64716 -5.00905e+02 |  5  0.00157 -4.47614e+00 |  6  0.00003 -1.43563e+00
  7  0.00020 -1.67388e+00 |  8  0.00016 -1.96929e+00 |  9  0.00032 -2.29759e+00
 10  0.00065  1.29617e+01 | 11  0.00043  1.19217e+01 | 12  0.00022  1.07777e+01
 13  0.00019  9.72374e+00 | 14 -0.00038  7.70762e+00 | 15 -0.00060  5.96842e+00
 16  0.00076  6.09603e+00 | 17  0.00076  4.29435e+00 | 18  0.00036  1.57032e+00
 19 -0.00049 -1.91625e+00 | 20  0.00055 -3.16382e+00 | 21  0.00073 -5.65016e+00
 22 -0.00143 -1.09346e+01 | 23  0.00411 -1.42744e+01 | 24 -0.00029 -1.51809e+01
 25 -0.00072 -1.68621e+01 | 26  0.00225 -2.04079e+01 | 27  0.01674 -2.65000e+01
 28 -0.00232 -1.43277e+01 | 29  0.00470 -2.07374e+01 | 30  0.00995 -1.85796e+01
 31  0.00053 -2.46820e+01 | 32  0.00002 -2.55932e+01 | 33  0.00357 -2.18631e+01
 34  0.00571 -2.01180e+01 | 35  0.00444 -2.03376e+01 | 36  0.00027 -1.91048e+01
 37 -0.00075 -2.01726e+01 | 38  0.00914 -2.07783e+01 | 39  0.00076 -1.52579e+01
 40 -0.00051 -1.15811e+01 | 41 -0.00326 -8.78750e+00 | 42  0.00822 -1.35967e+01
 43  0.02530 -2.62076e+01 | 44 -0.00001 -7.33982e+00 | 45  0.00090 -7.42539e+00
 46  0.01322 -9.91558e+00 | 47 -0.00433 -2.17085e+00 | 48  0.00257 -7.82958e+00
 49  0.04036 -2.60619e+01 | 50  0.01993 -9.76327e+00 | 51  0.01202 -5.61086e+00
 52 -0.00865 -1.89351e+00 | 53  0.00643 -4.92807e+00 | 54 -0.00525 -1.34450e+00
 55 -0.00488  9.14743e-02 | 56 -0.00402  3.48033e-02 | 57  0.02397 -8.77957e+00
 58 -0.01312  2.19179e+00 | 59  0.00261  1.65511e+00 | 60  0.01076 -1.70585e+00
 61  0.02278 -5.10605e+00 | 62  0.00517  9.21194e-01 | 63 -0.01612  7.02114e+00
 64  0.00207  3.18197e+00 | 65  0.00811  6.87914e-01 | 66 -0.01450  1.31765e+00
 67 -0.02651  4.91931e+00 | 68 -0.00046  1.92357e+00 | 69 -0.01188  4.15822e+00
 70  0.00414  4.63016e+00 | 71 -0.00123 -9.91816e-01 | 72  0.00422  2.84012e+00
 73 -0.00762  6.29567e+00 | 74  0.01423  1.54775e+00 | 75 -0.01116  9.16406e+00
 76 -0.04316  7.88413e+00 | 77 -0.01585  1.59456e+01 | 78 -0.03461  1.00775e+01
 79  0.00338  5.29649e+00 | 80 -0.00934  9.01451e+00 | 81 -0.02815  1.66377e+01
 82  0.02275  1.64614e+01 | 83  0.02093  9.71915e+00 | 84  0.03786  7.70135e+00
 85  0.02335  1.48438e+01 | 86 -0.05217  1.21704e+01 | 87  0.01893  1.07548e+01
 88 -0.03805  1.40964e+01 | 89 -0.00461  1.92168e+01 | 90 -0.03922  1.05785e+01
 91  0.00782  1.07470e+01 | 92 -0.02875  1.00569e+01 | 93 -0.00565  1.71548e+01
 94 -0.01934  1.17873e+01 | 95 -0.03800  1.76036e+01 | 96 -0.00896  1.53528e+01
 97  0.02250  1.25070e+01 | 98 -0.00255  7.59006e+00 | 99  0.04481  2.03450e+01
100  0.00235  1.55560e+01 |101  0.01321  1.35980e+01 |102 -0.00183  1.33996e+01
103 -0.00042  1.51015e+01 |104 -0.00106  1.36214e+01 |105  0.01074 -3.76408e+01
106 -0.39756  5.72605e+01 |107 -0.28855 -7.52547e+00 |108 -0.25870  1.41070e+01
Maximum number of function evaluations exceeded

 - final statistics:
108 variables; iteration 74; function evaluation 100
Function value 5.6364e+02; maximum gradient component mag -5.0560e+02
Exit code = 3;  converg criter 1.0000e+00
Var    Value     Gradient |Var    Value     Gradient |Var    Value     Gradient
  1 -0.41912 -2.95309e+01 |  2 -0.42754 -5.05605e+02 |  3 -0.40732 -2.07614e+02
  4  0.64731 -3.96895e+02 |  5  0.00036 -4.95584e+00 |  6 -0.00005 -1.29295e+00
  7  0.00004 -1.57711e+00 |  8 -0.00010 -1.94391e+00 |  9 -0.00006 -2.35775e+00
 10  0.00007  9.54293e+00 | 11  0.00025  9.23575e+00 | 12  0.00034  8.68599e+00
 13  0.00038  7.91706e+00 | 14  0.00032  6.84486e+00 | 15  0.00020  5.51296e+00
 16  0.00076  4.82678e+00 | 17  0.00067  3.25448e+00 | 18  0.00035  1.06493e+00
 19 -0.00001 -1.34442e+00 | 20  0.00068 -2.49283e+00 | 21  0.00043 -4.93605e+00
 22  0.00030 -7.27704e+00 | 23  0.00454 -1.11822e+01 | 24 -0.00014 -1.22640e+01
 25 -0.00080 -1.38402e+01 | 26  0.00095 -1.81543e+01 | 27  0.01687 -2.08989e+01
 28 -0.00245 -1.12176e+01 | 29  0.00650 -1.45668e+01 | 30  0.01047 -1.27068e+01
 31 -0.00040 -2.17350e+01 | 32 -0.00032 -2.19846e+01 | 33  0.00364 -1.73626e+01
 34  0.00472 -1.64058e+01 | 35  0.00511 -1.51398e+01 | 36  0.00135 -1.39799e+01
 37 -0.00135 -1.73151e+01 | 38  0.00856 -1.69681e+01 | 39  0.00160 -1.08273e+01
 40 -0.00089 -8.90978e+00 | 41 -0.00434 -7.59111e+00 | 42  0.00843 -9.76884e+00
 43  0.02494 -2.13150e+01 | 44 -0.00093 -6.15929e+00 | 45  0.00045 -5.69491e+00
 46  0.01266 -7.40934e+00 | 47 -0.00504 -1.73594e+00 | 48  0.00342 -4.42494e+00
 49  0.04019 -2.03435e+01 | 50  0.02022 -6.33635e+00 | 51  0.01122 -4.23501e+00
 52 -0.00828 -5.03597e-01 | 53  0.00655 -2.68674e+00 | 54 -0.00512 -1.02099e-01
 55 -0.00527  5.21509e-01 | 56 -0.00402  1.11746e+00 | 57  0.02490 -3.96833e+00
 58 -0.01234  3.92911e+00 | 59  0.00201  2.08397e+00 | 60  0.01066 -4.80819e-03
 61  0.02280 -2.23565e+00 | 62  0.00524  2.24621e+00 | 63 -0.01710  4.89895e+00
 64  0.00089  2.02840e+00 | 65  0.00744  7.59757e-01 | 66 -0.01409  2.23491e+00
 67 -0.02613  5.61150e+00 | 68 -0.00062  2.42111e+00 | 69 -0.01189  4.39181e+00
 70  0.00336  2.47884e+00 | 71 -0.00077  2.15737e+00 | 72  0.00394  2.60366e+00
 73 -0.00795  4.56710e+00 | 74  0.01404  1.13528e+00 | 75 -0.01149  5.81746e+00
 76 -0.04305  7.84124e+00 | 77 -0.01622  7.48057e+00 | 78 -0.03467  7.79483e+00
 79  0.00340  5.36644e+00 | 80 -0.00942  6.71490e+00 | 81 -0.02844  9.55442e+00
 82  0.02233  6.45401e+00 | 83  0.02081  6.07699e+00 | 84  0.03776  4.44155e+00
 85  0.02312  7.00235e+00 | 86 -0.05204  1.02945e+01 | 87  0.01887  7.40044e+00
 88 -0.03814  1.05773e+01 | 89 -0.00490  1.05438e+01 | 90 -0.03900  1.02562e+01
 91  0.00781  8.97630e+00 | 92 -0.02852  1.02483e+01 | 93 -0.00579  1.10839e+01
 94 -0.01920  1.10969e+01 | 95 -0.03813  1.22870e+01 | 96 -0.00904  1.14324e+01
 97  0.02257  1.11778e+01 | 98 -0.00193  1.08924e+01 | 99  0.04479  1.30763e+01
100  0.00255  1.29314e+01 |101  0.01356  1.24844e+01 |102 -0.00044  1.25854e+01
103  0.00000  1.25868e+01 |104  0.00051  1.28810e+01 |105  0.01011 -2.93906e+01
106 -0.39782  4.41418e+01 |107 -0.28750 -1.96437e+00 |108 -0.25859  3.66149e+00

Initial statistics: 111 variables; iteration 0; function evaluation 0; phase 5
Function value 5.6363761e+02; maximum gradient component mag -5.0560e+02
Var    Value     Gradient |Var    Value     Gradient |Var    Value     Gradient
  1 -0.41912 -2.95309e+01 |  2 -0.42754 -5.05605e+02 |  3 -0.40732 -2.07614e+02
  4 -0.41222  2.13441e+01 |  5 -0.41222  9.53786e+00 |  6  0.64731 -3.96895e+02
  7  0.00036 -4.95584e+00 |  8 -0.00005 -1.29295e+00 |  9  0.00004 -1.57711e+00
 10 -0.00010 -1.94391e+00 | 11 -0.00006 -2.35775e+00 | 12  0.00007  9.61077e+00
 13  0.00025  9.30359e+00 | 14  0.00034  8.75383e+00 | 15  0.00038  7.98490e+00
 16  0.00032  6.91270e+00 | 17  0.00021  5.58080e+00 | 18  0.00076  4.89462e+00
 19  0.00067  3.32232e+00 | 20  0.00036  1.13277e+00 | 21 -0.00000 -1.27658e+00
 22  0.00068 -2.42499e+00 | 23  0.00043 -4.86821e+00 | 24  0.00030 -7.20920e+00
 25  0.00455 -1.11143e+01 | 26 -0.00014 -1.21962e+01 | 27 -0.00080 -1.37723e+01
 28  0.00095 -1.80864e+01 | 29  0.01687 -2.08311e+01 | 30 -0.00245 -1.11497e+01
 31  0.00650 -1.44990e+01 | 32  0.01047 -1.26390e+01 | 33 -0.00040 -2.16672e+01
 34 -0.00032 -2.19168e+01 | 35  0.00364 -1.72948e+01 | 36  0.00472 -1.63379e+01
 37  0.00511 -1.50720e+01 | 38  0.00135 -1.39120e+01 | 39 -0.00135 -1.72473e+01
 40  0.00856 -1.69002e+01 | 41  0.00160 -1.07595e+01 | 42 -0.00089 -8.84194e+00
 43 -0.00434 -7.52327e+00 | 44  0.00843 -9.70101e+00 | 45  0.02494 -2.12472e+01
 46 -0.00093 -6.09145e+00 | 47  0.00045 -5.62707e+00 | 48  0.01266 -7.34151e+00
 49 -0.00504 -1.66810e+00 | 50  0.00342 -4.35710e+00 | 51  0.04019 -2.02758e+01
 52  0.02022 -6.26854e+00 | 53  0.01122 -4.16718e+00 | 54 -0.00828 -4.35761e-01
 55  0.00656 -2.61890e+00 | 56 -0.00512 -3.42594e-02 | 57 -0.00526  5.89349e-01
 58 -0.00402  1.18530e+00 | 59  0.02490 -3.90054e+00 | 60 -0.01234  3.99694e+00
 61  0.00201  2.15181e+00 | 62  0.01066  6.30240e-02 | 63  0.02280 -2.16785e+00
 64  0.00524  2.31405e+00 | 65 -0.01710  4.96677e+00 | 66  0.00089  2.09624e+00
 67  0.00744  8.27594e-01 | 68 -0.01409  2.30274e+00 | 69 -0.02613  5.67928e+00
 70 -0.00062  2.48895e+00 | 71 -0.01189  4.45964e+00 | 72  0.00336  2.54669e+00
 73 -0.00077  2.22521e+00 | 74  0.00394  2.67150e+00 | 75 -0.00795  4.63494e+00
 76  0.01404  1.20311e+00 | 77 -0.01149  5.88529e+00 | 78 -0.04305  7.90893e+00
 79 -0.01622  7.54839e+00 | 80 -0.03467  7.86257e+00 | 81  0.00340  5.43428e+00
 82 -0.00942  6.78273e+00 | 83 -0.02844  9.62220e+00 | 84  0.02233  6.52180e+00
 85  0.02081  6.14479e+00 | 86  0.03776  4.50927e+00 | 87  0.02312  7.07014e+00
 88 -0.05204  1.03621e+01 | 89  0.01887  7.46825e+00 | 90 -0.03814  1.06450e+01
 91 -0.00490  1.06116e+01 | 92 -0.03900  1.03239e+01 | 93  0.00782  9.04414e+00
 94 -0.02852  1.03160e+01 | 95 -0.00579  1.11518e+01 | 96 -0.01920  1.11647e+01
 97 -0.03813  1.23547e+01 | 98 -0.00904  1.15002e+01 | 99  0.02257  1.12456e+01
100 -0.00193  1.09603e+01 |101  0.04479  1.31440e+01 |102  0.00255  1.29993e+01
103  0.01356  1.25522e+01 |104 -0.00044  1.26533e+01 |105  0.00000  1.26546e+01
106  0.00051  1.29489e+01 |107  0.00000 -4.71155e+02 |108  0.01011 -2.93906e+01
109 -0.39782  4.41418e+01 |110 -0.28750 -1.96437e+00 |111 -0.25859  3.66149e+00

Intermediate statistics: 111 variables; iteration 20; function evaluation 26; phase 5
Function value 5.6245224e+02; maximum gradient component mag -4.7830e+02
Var    Value     Gradient |Var    Value     Gradient |Var    Value     Gradient
  1 -0.42137 -2.13375e+00 |  2 -0.42090 -4.31910e+02 |  3 -0.41451 -1.77390e+02
  4 -0.40601  2.67996e+00 |  5 -0.45857 -7.74012e-01 |  6  0.64298 -4.78303e+02
  7  0.00045 -4.16213e+00 |  8  0.00010 -9.14367e-01 |  9  0.00023 -1.11559e+00
 10  0.00015 -1.35463e+00 | 11  0.00024 -1.64783e+00 | 12  0.00071  1.35472e+01
 13  0.00076  1.31116e+01 | 14  0.00083  1.25919e+01 | 15  0.00090  1.19735e+01
 16  0.00101  1.12478e+01 | 17  0.00114  1.03982e+01 | 18  0.00130  9.29898e+00
 19  0.00135  8.11423e+00 | 20  0.00153  6.81218e+00 | 21  0.00171  5.36365e+00
 22  0.00158  3.43393e+00 | 23  0.00158  1.63361e+00 | 24  0.00157 -2.80568e-01
 25  0.00622 -3.42133e+00 | 26  0.00222 -3.80375e+00 | 27  0.00129 -5.03061e+00
 28  0.00542 -6.15146e+00 | 29  0.01776 -1.35052e+01 | 30 -0.00304 -6.07107e+00
 31  0.00392 -1.06461e+01 | 32  0.00131 -1.48236e+01 | 33  0.00814 -6.63215e+00
 34  0.00797 -7.17950e+00 | 35  0.00442 -1.00929e+01 | 36  0.00389 -1.08488e+01
 37  0.00357 -1.11045e+01 | 38  0.00107 -9.11424e+00 | 39  0.00273 -6.86698e+00
 40  0.01020 -1.08057e+01 | 41  0.00033 -8.03545e+00 | 42 -0.00264 -6.69054e+00
 43 -0.00558 -4.83026e+00 | 44  0.00582 -8.89260e+00 | 45  0.02820 -1.38959e+01
 46 -0.00228 -4.04375e+00 | 47 -0.00134 -4.03033e+00 | 48  0.01075 -7.63320e+00
 49 -0.00660 -1.28927e+00 | 50  0.00311 -2.77580e+00 | 51  0.04389 -1.58384e+01
 52  0.01697 -7.92850e+00 | 53  0.01086 -4.58340e+00 | 54 -0.00885  7.45832e-01
 55  0.00569 -3.20514e+00 | 56 -0.00605  2.94072e-01 | 57 -0.00654  3.10977e-01
 58 -0.00636  4.26411e-02 | 59  0.02348 -8.52539e+00 | 60 -0.01326  2.38822e+00
 61  0.00085 -5.70624e-01 | 62  0.00847 -3.20706e+00 | 63  0.01884 -7.51670e+00
 64  0.00322 -1.99541e+00 | 65 -0.01920  3.02064e+00 | 66 -0.00080 -1.32551e+00
 67  0.00680 -4.03947e+00 | 68 -0.01385  1.69445e+00 | 69 -0.02731  3.77939e+00
 70 -0.00042 -9.63084e-02 | 71 -0.01249  1.90593e+00 | 72  0.00202 -1.06241e+00
 73 -0.00098 -2.07040e-01 | 74  0.00388 -1.77187e+00 | 75 -0.00874  6.16522e-01
 76  0.01387 -9.40078e+00 | 77 -0.01184 -4.85448e+00 | 78 -0.04369  5.20289e+00
 79 -0.01575 -3.61852e+00 | 80 -0.03540  1.12648e+00 | 81  0.00398 -2.04633e+00
 82 -0.00979 -3.28652e+00 | 83 -0.02736  2.39790e+00 | 84  0.02164 -1.57467e+01
 85  0.02152 -7.17867e+00 | 86  0.03746 -2.46475e+01 | 87  0.02405 -2.54663e+01
 88 -0.05118  4.68512e+00 | 89  0.01959 -4.61607e+00 | 90 -0.03866  4.83577e+00
 91 -0.00433 -2.44298e+00 | 92 -0.03919  5.04215e+00 | 93  0.00870  3.33338e+00
 94 -0.02822  4.72969e+00 | 95 -0.00550  6.26651e-01 | 96 -0.01953  5.80077e+00
 97 -0.03752  1.32853e+01 | 98 -0.00980  1.25697e+01 | 99  0.02293  5.85968e+00
100 -0.00232  1.14148e+01 |101  0.04541  2.32337e+01 |102  0.00232  1.85067e+01
103  0.01467  1.98125e+01 |104 -0.00071  1.54499e+01 |105  0.00012  1.55569e+01
106  0.00047  1.55493e+01 |107  0.00292 -2.58654e+02 |108  0.01567 -4.26250e+01
109 -0.39528  7.04368e+01 |110 -0.25690  8.36165e+00 |111 -0.24713 -8.20493e+00
111 variables; iteration 40; function evaluation 47; phase 5
Function value 5.6239864e+02; maximum gradient component mag -4.8979e+02
Var    Value     Gradient |Var    Value     Gradient |Var    Value     Gradient
  1 -0.42072 -6.44668e+00 |  2 -0.42066 -4.80292e+02 |  3 -0.41540 -1.94589e+02
  4 -0.40497  1.24269e+00 |  5 -0.46281 -3.36256e+00 |  6  0.64300 -4.89792e+02
  7  0.00055 -4.20633e+00 |  8  0.00010 -9.56189e-01 |  9  0.00023 -1.16738e+00
 10  0.00015 -1.42312e+00 | 11  0.00023 -1.73201e+00 | 12  0.00072  1.37853e+01
 13  0.00080  1.33777e+01 | 14  0.00088  1.28622e+01 | 15  0.00097  1.22284e+01
 16  0.00106  1.14501e+01 | 17  0.00117  1.05180e+01 | 18  0.00143  9.52487e+00
 19  0.00148  8.27615e+00 | 20  0.00157  6.79698e+00 | 21  0.00165  5.15754e+00
 22  0.00169  3.38164e+00 | 23  0.00165  1.44631e+00 | 24  0.00165 -5.49528e-01
 25  0.00635 -3.79402e+00 | 26  0.00233 -4.22829e+00 | 27  0.00126 -5.62521e+00
 28  0.00540 -6.87594e+00 | 29  0.01780 -1.44152e+01 | 30 -0.00275 -6.37800e+00
 31  0.00395 -1.13800e+01 | 32  0.00123 -1.57046e+01 | 33  0.00842 -7.22337e+00
 34  0.00809 -7.96087e+00 | 35  0.00428 -1.10745e+01 | 36  0.00379 -1.17874e+01
 37  0.00356 -1.20053e+01 | 38  0.00101 -9.98291e+00 | 39  0.00260 -7.87138e+00
 40  0.01045 -1.16896e+01 | 41  0.00043 -8.72663e+00 | 42 -0.00264 -7.36795e+00
 43 -0.00579 -5.73700e+00 | 44  0.00517 -1.06427e+01 | 45  0.02852 -1.50727e+01
 46 -0.00246 -4.96741e+00 | 47 -0.00158 -5.05529e+00 | 48  0.01070 -8.70556e+00
 49 -0.00684 -2.16039e+00 | 50  0.00334 -3.45114e+00 | 51  0.04321 -1.81323e+01
 52  0.01764 -8.24887e+00 | 53  0.01065 -5.39457e+00 | 54 -0.00899  3.17903e-01
 55  0.00593 -3.61704e+00 | 56 -0.00607 -2.46782e-01 | 57 -0.00654 -1.71503e-01
 58 -0.00638 -4.18921e-01 | 59  0.02375 -9.00737e+00 | 60 -0.01301  2.09180e+00
 61  0.00126 -6.49280e-01 | 62  0.00837 -3.77071e+00 | 63  0.01874 -8.25232e+00
 64  0.00344 -1.79351e+00 | 65 -0.01926  2.39695e+00 | 66 -0.00075 -1.91289e+00
 67  0.00663 -5.10177e+00 | 68 -0.01472 -4.21263e-01 | 69 -0.02763  2.79619e+00
 70 -0.00016  1.68262e-01 | 71 -0.01204  3.15274e+00 | 72  0.00225 -2.46812e-01
 73 -0.00121 -2.63131e+00 | 74  0.00375 -2.54063e+00 | 75 -0.00874  1.74518e-01
 76  0.01387 -9.69651e+00 | 77 -0.01171 -2.92646e+00 | 78 -0.04384  4.24265e+00
 79 -0.01577 -2.25251e+00 | 80 -0.03536  1.98770e+00 | 81  0.00395 -5.75437e-01
 82 -0.00986 -3.19364e+00 | 83 -0.02746  2.34485e+00 | 84  0.02174 -1.28838e+01
 85  0.02142 -7.30285e+00 | 86  0.03762 -2.04971e+01 | 87  0.02424 -1.80635e+01
 88 -0.05069  8.81724e+00 | 89  0.01960 -1.65760e+00 | 90 -0.03848  7.33887e+00
 91 -0.00437 -9.40862e-01 | 92 -0.03892  8.21819e+00 | 93  0.00869  5.42373e+00
 94 -0.02813  7.01858e+00 | 95 -0.00561  1.27046e+00 | 96 -0.01983  2.52300e+00
 97 -0.03766  1.32373e+01 | 98 -0.00980  1.29853e+01 | 99  0.02285  7.28588e+00
100 -0.00245  1.17604e+01 |101  0.04517  2.24033e+01 |102  0.00201  1.77365e+01
103  0.01431  1.92716e+01 |104 -0.00073  1.57284e+01 |105  0.00013  1.59083e+01
106  0.00053  1.59496e+01 |107  0.00299 -2.34537e+02 |108  0.01938 -4.11141e+01
109 -0.39396  7.11639e+01 |110 -0.26082  5.55001e+00 |111 -0.24938 -6.91955e+00
111 variables; iteration 60; function evaluation 75; phase 5
Function value 5.6227718e+02; maximum gradient component mag -5.1722e+02
Var    Value     Gradient |Var    Value     Gradient |Var    Value     Gradient
  1 -0.42139 -3.11057e+01 |  2 -0.42110 -5.17220e+02 |  3 -0.41464 -2.08924e+02
  4 -0.40536 -5.69306e+00 |  5 -0.46637 -8.95169e+00 |  6  0.64318 -4.07484e+02
  7  0.00052 -3.85022e+00 |  8  0.00009 -8.78070e-01 |  9  0.00022 -1.06792e+00
 10  0.00014 -1.29976e+00 | 11  0.00024 -1.57126e+00 | 12  0.00069  1.14481e+01
 13  0.00078  1.10902e+01 | 14  0.00086  1.06169e+01 | 15  0.00094  1.00371e+01
 16  0.00105  9.36381e+00 | 17  0.00122  8.60506e+00 | 18  0.00134  7.50388e+00
 19  0.00142  6.42195e+00 | 20  0.00167  5.30536e+00 | 21  0.00188  3.99504e+00
 22  0.00174  2.15354e+00 | 23  0.00175  4.66972e-01 | 24  0.00176 -1.32191e+00
 25  0.00655 -4.16154e+00 | 26  0.00252 -4.55602e+00 | 27  0.00137 -5.91245e+00
 28  0.00535 -7.14327e+00 | 29  0.01817 -1.37802e+01 | 30 -0.00263 -6.58259e+00
 31  0.00453 -1.09243e+01 | 32  0.00310 -1.38252e+01 | 33  0.00805 -7.52638e+00
 34  0.00717 -8.77023e+00 | 35  0.00422 -1.11112e+01 | 36  0.00420 -1.13280e+01
 37  0.00396 -1.16060e+01 | 38  0.00128 -9.79873e+00 | 39  0.00256 -8.04886e+00
 40  0.01026 -1.17671e+01 | 41  0.00089 -8.50112e+00 | 42 -0.00247 -7.52429e+00
 43 -0.00540 -5.70564e+00 | 44  0.00660 -9.06581e+00 | 45  0.02767 -1.55372e+01
 46 -0.00228 -5.46701e+00 | 47 -0.00136 -5.48169e+00 | 48  0.01113 -8.69448e+00
 49 -0.00657 -2.78910e+00 | 50  0.00264 -5.48845e+00 | 51  0.04276 -1.85073e+01
 52  0.01709 -9.36180e+00 | 53  0.01062 -6.08807e+00 | 54 -0.00924 -1.02695e+00
 55  0.00465 -6.79027e+00 | 56 -0.00636 -2.04759e+00 | 57 -0.00680 -1.84756e+00
 58 -0.00651 -1.79021e+00 | 59  0.02402 -9.13194e+00 | 60 -0.01320  5.72036e-01
 61  0.00063 -2.91348e+00 | 62  0.00784 -5.36775e+00 | 63  0.01834 -9.26325e+00
 64  0.00339 -2.54010e+00 | 65 -0.01942  1.28591e+00 | 66 -0.00066 -2.53662e+00
 67  0.00730 -3.97901e+00 | 68 -0.01395  7.13184e-01 | 69 -0.02768  1.52036e+00
 70 -0.00078 -3.01723e+00 | 71 -0.01288 -7.50769e-01 | 72  0.00188 -2.33274e+00
 73 -0.00116 -2.22590e+00 | 74  0.00375 -2.05169e+00 | 75 -0.00911 -1.11126e+00
 76  0.01406 -5.69094e+00 | 77 -0.01170  2.93921e-02 | 78 -0.04389  4.26741e+00
 79 -0.01578  2.96885e+00 | 80 -0.03515  5.49734e+00 | 81  0.00370 -2.06068e-01
 82 -0.00963  2.63926e+00 | 83 -0.02747  4.71027e+00 | 84  0.02225  1.18912e-01
 85  0.02158  7.61337e-01 | 86  0.03825 -2.45985e+00 | 87  0.02487  2.24239e+00
 88 -0.05027  1.13594e+01 | 89  0.01955  2.74533e+00 | 90 -0.03830  9.64312e+00
 91 -0.00419  7.66873e+00 | 92 -0.03882  9.22557e+00 | 93  0.00856  6.76503e+00
 94 -0.02792  9.58750e+00 | 95 -0.00546  9.89357e+00 | 96 -0.01931  1.10475e+01
 97 -0.03772  1.32189e+01 | 98 -0.00993  1.13943e+01 | 99  0.02277  1.20992e+01
100 -0.00259  1.25339e+01 |101  0.04442  1.25976e+01 |102  0.00141  1.43848e+01
103  0.01329  1.22426e+01 |104 -0.00065  1.33348e+01 |105  0.00018  1.34572e+01
106  0.00060  1.35746e+01 |107  0.00347 -1.13193e+02 |108  0.01652 -3.07800e+01
109 -0.39552  4.58897e+01 |110 -0.25954 -5.55028e-01 |111 -0.24830  6.02953e-01
111 variables; iteration 80; function evaluation 110; phase 5
Function value 5.6223711e+02; maximum gradient component mag -1.6994e+02
Var    Value     Gradient |Var    Value     Gradient |Var    Value     Gradient
  1 -0.42106 -1.23453e+01 |  2 -0.42022 -1.69940e+02 |  3 -0.41628 -7.05993e+01
  4 -0.40460 -1.89036e+00 |  5 -0.46962 -2.80823e+00 |  6  0.64293 -1.29445e+02
  7  0.00062 -1.17671e+00 |  8  0.00012 -2.79223e-01 |  9  0.00025 -3.46593e-01
 10  0.00017 -4.36668e-01 | 11  0.00026 -5.36524e-01 | 12  0.00070  3.64906e+00
 13  0.00083  3.61365e+00 | 14  0.00093  3.49132e+00 | 15  0.00102  3.29697e+00
 16  0.00114  3.09887e+00 | 17  0.00141  3.02955e+00 | 18  0.00137  2.31576e+00
 19  0.00159  2.17098e+00 | 20  0.00205  2.20797e+00 | 21  0.00210  1.64558e+00
 22  0.00233  1.37217e+00 | 23  0.00228  7.56677e-01 | 24  0.00226  1.08181e-01
 25  0.00666 -1.25719e+00 | 26  0.00248 -1.46690e+00 | 27  0.00165 -1.64365e+00
 28  0.00464 -2.79973e+00 | 29  0.01899 -3.89616e+00 | 30 -0.00205 -1.99272e+00
 31  0.00613 -2.72681e+00 | 32  0.00632 -3.07108e+00 | 33  0.00569 -3.37602e+00
 34  0.00583 -3.14479e+00 | 35  0.00495 -3.27205e+00 | 36  0.00490 -3.33804e+00
 37  0.00497 -3.22190e+00 | 38  0.00190 -2.63796e+00 | 39  0.00156 -3.21199e+00
 40  0.01022 -3.87090e+00 | 41  0.00061 -3.18739e+00 | 42 -0.00209 -2.10517e+00
 43 -0.00568 -2.17540e+00 | 44  0.00657 -2.93050e+00 | 45  0.02685 -5.45106e+00
 46 -0.00259 -2.11676e+00 | 47 -0.00166 -2.21407e+00 | 48  0.01049 -3.70609e+00
 49 -0.00676 -1.08789e+00 | 50  0.00292 -1.97262e+00 | 51  0.04121 -6.77612e+00
 52  0.01749 -3.11443e+00 | 53  0.01013 -2.35769e+00 | 54 -0.00963 -6.60425e-01
 55  0.00537 -1.86076e+00 | 56 -0.00641 -5.02395e-01 | 57 -0.00728 -1.11306e+00
 58 -0.00676 -8.63970e-01 | 59  0.02255 -4.64348e+00 | 60 -0.01369 -5.93499e-01
 61  0.00049 -1.29201e+00 | 62  0.00773 -2.25167e+00 | 63  0.01866 -3.31401e+00
 64  0.00236 -1.94519e+00 | 65 -0.01952 -9.31375e-02 | 66 -0.00078 -1.21418e+00
 67  0.00685 -1.96031e+00 | 68 -0.01453 -8.47150e-01 | 69 -0.02719  1.08605e+00
 70 -0.00078 -1.51226e+00 | 71 -0.01248  1.69720e-01 | 72  0.00158 -2.03321e+00
 73 -0.00091 -1.18011e+00 | 74  0.00355 -1.98180e+00 | 75 -0.00877  2.07411e-01
 76  0.01413 -2.37904e+00 | 77 -0.01155  5.27446e-01 | 78 -0.04367  2.72529e+00
 79 -0.01571  1.03093e+00 | 80 -0.03519  1.81111e+00 | 81  0.00381  5.03909e-01
 82 -0.00957  2.11957e+00 | 83 -0.02713  3.38923e+00 | 84  0.02223  7.87667e-01
 85  0.02174  1.47533e+00 | 86  0.03833  8.73425e-01 | 87  0.02504  2.01505e+00
 88 -0.05051  2.59739e+00 | 89  0.01969  2.09691e+00 | 90 -0.03835  3.34620e+00
 91 -0.00411  3.21085e+00 | 92 -0.03872  4.11402e+00 | 93  0.00868  3.01509e+00
 94 -0.02784  4.29975e+00 | 95 -0.00539  3.80734e+00 | 96 -0.01941  3.60924e+00
 97 -0.03783  2.70844e+00 | 98 -0.01002  3.52137e+00 | 99  0.02278  3.89092e+00
100 -0.00273  4.24679e+00 |101  0.04441  3.74950e+00 |102  0.00104  3.67770e+00
103  0.01343  4.63162e+00 |104 -0.00079  4.08532e+00 |105  0.00003  4.22069e+00
106  0.00042  4.26299e+00 |107  0.00373 -2.49830e+01 |108  0.01962 -9.09229e+00
109 -0.39438  1.44742e+01 |110 -0.25864 -6.19733e-01 |111 -0.24853  6.71589e-01
111 variables; iteration 100; function evaluation 148; phase 5
Function value 5.6223416e+02; maximum gradient component mag -3.1166e+00
Var    Value     Gradient |Var    Value     Gradient |Var    Value     Gradient
  1 -0.42095 -1.71559e-01 |  2 -0.42003 -3.11656e+00 |  3 -0.41660 -1.30189e+00
  4 -0.40447 -2.67948e-02 |  5 -0.47017 -4.79269e-02 |  6  0.64287 -2.60523e+00
  7  0.00064 -1.97692e-02 |  8  0.00014 -3.65966e-03 |  9  0.00028 -4.15349e-03
 10  0.00021 -4.31384e-03 | 11  0.00031 -5.46215e-03 | 12  0.00072  7.54973e-02
 13  0.00079  6.95384e-02 | 14  0.00087  6.70738e-02 | 15  0.00098  6.50512e-02
 16  0.00110  5.92184e-02 | 17  0.00125  5.30084e-02 | 18  0.00150  5.11701e-02
 19  0.00159  4.35391e-02 | 20  0.00176  2.81013e-02 | 21  0.00190  2.35500e-02
 22  0.00197  1.29519e-02 | 23  0.00199  5.91077e-03 | 24  0.00203 -8.28604e-03
 25  0.00675 -6.78944e-03 | 26  0.00258 -3.45710e-02 | 27  0.00164 -3.31616e-02
 28  0.00502 -3.10146e-02 | 29  0.01893 -6.68497e-02 | 30 -0.00185 -2.16491e-02
 31  0.00606 -4.05062e-02 | 32  0.00617 -3.69681e-02 | 33  0.00599 -6.98304e-02
 34  0.00581 -8.03364e-02 | 35  0.00500 -5.99796e-02 | 36  0.00495 -5.30913e-02
 37  0.00490 -5.63261e-02 | 38  0.00168 -6.04229e-02 | 39  0.00173 -6.26229e-02
 40  0.01017 -6.50985e-02 | 41  0.00089 -3.71830e-02 | 42 -0.00228 -3.67252e-02
 43 -0.00556 -1.80510e-02 | 44  0.00643 -4.84938e-02 | 45  0.02662 -1.13942e-01
 46 -0.00252 -1.26378e-02 | 47 -0.00154 -2.43378e-02 | 48  0.01085 -2.58697e-02
 49 -0.00684 -1.43570e-02 | 50  0.00290 -2.08100e-02 | 51  0.04108 -1.37314e-01
 52  0.01732 -4.56280e-02 | 53  0.01004 -3.59705e-02 | 54 -0.00970 -4.67752e-03
 55  0.00518 -3.28464e-02 | 56 -0.00677 -1.64432e-02 | 57 -0.00723 -1.72565e-02
 58 -0.00688 -6.49747e-03 | 59  0.02283 -5.23814e-02 | 60 -0.01360  1.09310e-02
 61  0.00041 -1.48857e-02 | 62  0.00785 -2.31119e-02 | 63  0.01868 -4.60672e-02
 64  0.00255 -1.16565e-02 | 65 -0.01945  1.43497e-02 | 66 -0.00084 -1.31140e-02
 67  0.00682 -3.31319e-02 | 68 -0.01424  1.06358e-02 | 69 -0.02736  8.41501e-03
 70 -0.00069 -1.35321e-02 | 71 -0.01257 -6.87981e-03 | 72  0.00179 -9.22515e-03
 73 -0.00084 -1.12687e-02 | 74  0.00374 -7.09788e-03 | 75 -0.00879 -9.28621e-03
 76  0.01423 -1.72762e-02 | 77 -0.01154  2.20410e-03 | 78 -0.04371  1.00149e-02
 79 -0.01568  7.22576e-03 | 80 -0.03517  3.13802e-02 | 81  0.00383 -1.12428e-02
 82 -0.00961 -4.73563e-04 | 83 -0.02718  1.91136e-02 | 84  0.02223 -2.83744e-02
 85  0.02172 -2.13733e-02 | 86  0.03831 -4.91481e-02 | 87  0.02503 -2.84810e-02
 88 -0.05038  7.91287e-02 | 89  0.01970 -4.70468e-04 | 90 -0.03833  5.46137e-02
 91 -0.00411  2.21246e-02 | 92 -0.03877  4.35396e-02 | 93  0.00869  2.98477e-02
 94 -0.02787  4.16988e-02 | 95 -0.00539  4.09855e-02 | 96 -0.01938  5.97724e-02
 97 -0.03773  1.01659e-01 | 98 -0.00998  6.68476e-02 | 99  0.02280  5.40407e-02
100 -0.00272  6.49923e-02 |101  0.04445  8.28645e-02 |102  0.00112  8.79459e-02
103  0.01343  7.15223e-02 |104 -0.00071  9.13510e-02 |105  0.00004  8.83852e-02
106  0.00040  8.75838e-02 |107  0.00373 -8.73939e-01 |108  0.01912 -2.11693e-01
109 -0.39458  3.12249e-01 |110 -0.25874  5.18391e-03 |111 -0.24870  3.14409e-03
111 variables; iteration 120; function evaluation 190; phase 5
Function value 5.6223416e+02; maximum gradient component mag -4.2644e-03
Var    Value     Gradient |Var    Value     Gradient |Var    Value     Gradient
  1 -0.42095 -3.40715e-04 |  2 -0.42002 -4.26438e-03 |  3 -0.41661 -1.85560e-03
  4 -0.40447 -6.12116e-05 |  5 -0.47019 -4.78730e-05 |  6  0.64287 -3.42891e-03
  7  0.00064 -7.76099e-05 |  8  0.00014  1.20775e-05 |  9  0.00028  6.16754e-06
 10  0.00021 -3.36168e-06 | 11  0.00031 -8.01395e-06 | 12  0.00072  8.48314e-05
 13  0.00079  7.77892e-05 | 14  0.00087  7.74842e-05 | 15  0.00098  7.88710e-05
 16  0.00110  5.47477e-05 | 17  0.00126  5.26988e-05 | 18  0.00150  3.57137e-05
 19  0.00159  3.24753e-05 | 20  0.00176  2.31347e-05 | 21  0.00190 -2.17314e-05
 22  0.00198 -2.47070e-05 | 23  0.00199 -4.64730e-05 | 24  0.00203 -7.35388e-05
 25  0.00674 -9.39647e-05 | 26  0.00259 -1.07158e-04 | 27  0.00165 -1.44857e-04
 28  0.00501 -1.61228e-04 | 29  0.01893 -2.07863e-04 | 30 -0.00185 -1.45396e-04
 31  0.00606 -1.65958e-04 | 32  0.00616 -1.66829e-04 | 33  0.00600 -1.97173e-04
 34  0.00582 -1.98543e-04 | 35  0.00500 -1.79731e-04 | 36  0.00494 -1.84836e-04
 37  0.00490 -1.79223e-04 | 38  0.00169 -1.59986e-04 | 39  0.00174 -1.40795e-04
 40  0.01017 -1.78968e-04 | 41  0.00089 -1.59124e-04 | 42 -0.00229 -1.28350e-04
 43 -0.00557 -1.09889e-04 | 44  0.00643 -1.41289e-04 | 45  0.02663 -2.17273e-04
 46 -0.00254 -8.90665e-05 | 47 -0.00154 -4.92420e-05 | 48  0.01083 -1.31654e-04
 49 -0.00684 -5.04750e-05 | 50  0.00290 -6.77966e-05 | 51  0.04109 -2.09182e-04
 52  0.01731 -1.07480e-04 | 53  0.01004 -7.43262e-05 | 54 -0.00971 -2.01468e-05
 55  0.00518 -4.97406e-05 | 56 -0.00677 -2.36050e-05 | 57 -0.00723 -1.92017e-05
 58 -0.00688 -1.42623e-05 | 59  0.02282 -9.01273e-05 | 60 -0.01360  1.88036e-06
 61  0.00041 -1.59178e-05 | 62  0.00785 -2.88299e-05 | 63  0.01868 -4.59824e-05
 64  0.00254 -1.31938e-05 | 65 -0.01945  2.47159e-05 | 66 -0.00084 -4.34220e-06
 67  0.00682 -1.66359e-05 | 68 -0.01425  1.62307e-05 | 69 -0.02736  5.38188e-05
 70 -0.00069  1.90887e-05 | 71 -0.01257  4.50645e-05 | 72  0.00179  8.58374e-06
 73 -0.00084  3.16897e-05 | 74  0.00374  2.71175e-05 | 75 -0.00879  6.29943e-05
 76  0.01423 -1.48367e-05 | 77 -0.01153  4.74034e-05 | 78 -0.04371  1.26000e-04
 79 -0.01568  1.26980e-04 | 80 -0.03517  9.99076e-05 | 81  0.00383  7.00851e-05
 82 -0.00961  1.06986e-04 | 83 -0.02718  1.01517e-04 | 84  0.02223  1.22924e-04
 85  0.02172  1.07752e-04 | 86  0.03831  1.29785e-04 | 87  0.02503  1.88040e-04
 88 -0.05038  7.88653e-05 | 89  0.01970  9.29212e-05 | 90 -0.03833  1.04848e-04
 91 -0.00411  1.55838e-04 | 92 -0.03877  1.22648e-04 | 93  0.00869  1.04776e-04
 94 -0.02787  1.33116e-04 | 95 -0.00539  1.55666e-04 | 96 -0.01938  1.39993e-04
 97 -0.03773  8.85857e-05 | 98 -0.00998  1.23090e-04 | 99  0.02280  2.01481e-04
100 -0.00272  1.30399e-04 |101  0.04445  9.86953e-05 |102  0.00112  1.11906e-04
103  0.01344  1.55130e-04 |104 -0.00071  9.41465e-05 |105  0.00004  1.16159e-04
106  0.00040  1.12541e-04 |107  0.00373 -5.14119e-05 |108  0.01914 -2.13650e-04
109 -0.39457  3.02928e-04 |110 -0.25874 -6.55826e-06 |111 -0.24870 -4.08722e-05

Initial statistics: 112 variables; iteration 0; function evaluation 0; phase 6
Function value 5.6223416e+02; maximum gradient component mag -5.4944e-04
Var    Value     Gradient |Var    Value     Gradient |Var    Value     Gradient
  1 -0.42095 -4.32059e-05 |  2 -0.42002 -5.49436e-04 |  3 -0.41661 -2.39221e-04
  4 -0.40447 -7.72801e-06 |  5 -0.47019 -6.00667e-06 |  6  0.64287 -4.44489e-04
  7  0.00064 -1.39795e-05 |  8  0.00014  9.34401e-06 |  9  0.00028  4.56247e-06
 10  0.00021 -1.67114e-06 | 11  0.00031 -4.83846e-07 | 12  0.00072  1.49743e-05
 13  0.00079  6.52934e-06 | 14  0.00087  8.47689e-06 | 15  0.00098  6.81593e-06
 16  0.00110  1.33279e-05 | 17  0.00126  7.66720e-06 | 18  0.00150  9.45610e-06
 19  0.00159  1.51852e-06 | 20  0.00176  8.33978e-06 | 21  0.00190 -8.22734e-06
 22  0.00198  1.65427e-06 | 23  0.00199 -6.03888e-06 | 24  0.00203 -1.30535e-05
 25  0.00674 -1.23379e-05 | 26  0.00259 -1.45834e-05 | 27  0.00165 -1.23089e-05
 28  0.00501 -2.08152e-05 | 29  0.01893 -2.87011e-05 | 30 -0.00185 -1.85080e-05
 31  0.00606 -2.11888e-05 | 32  0.00616 -2.08457e-05 | 33  0.00600 -2.64297e-05
 34  0.00582 -2.68006e-05 | 35  0.00500 -2.37423e-05 | 36  0.00494 -2.47477e-05
 37  0.00490 -2.37011e-05 | 38  0.00169 -1.89056e-05 | 39  0.00174 -1.68131e-05
 40  0.01017 -2.32002e-05 | 41  0.00089 -1.90565e-05 | 42 -0.00229 -1.59206e-05
 43 -0.00557 -1.54260e-05 | 44  0.00643 -1.74520e-05 | 45  0.02663 -2.85361e-05
 46 -0.00254 -1.23372e-05 | 47 -0.00154 -4.89273e-06 | 48  0.01083 -1.40227e-05
 49 -0.00684 -6.59909e-06 | 50  0.00290 -8.08922e-06 | 51  0.04109 -2.53951e-05
 52  0.01731 -1.42006e-05 | 53  0.01004 -1.07268e-05 | 54 -0.00971 -2.11579e-06
 55  0.00518 -6.14447e-06 | 56 -0.00677 -2.93024e-06 | 57 -0.00723 -3.13842e-06
 58 -0.00688 -1.15026e-06 | 59  0.02282 -1.13989e-05 | 60 -0.01360  4.88637e-07
 61  0.00041 -7.45689e-07 | 62  0.00785 -3.66362e-06 | 63  0.01868 -4.67268e-06
 64  0.00254 -1.59100e-06 | 65 -0.01945  3.58945e-06 | 66 -0.00084  1.24211e-07
 67  0.00682 -1.87975e-06 | 68 -0.01425  2.56268e-06 | 69 -0.02736  7.24967e-06
 70 -0.00069  2.93778e-06 | 71 -0.01257  6.04956e-06 | 72  0.00179  1.61126e-06
 73 -0.00084  4.49405e-06 | 74  0.00374  4.25413e-06 | 75 -0.00879  8.35412e-06
 76  0.01423 -1.45925e-06 | 77 -0.01153  6.21394e-06 | 78 -0.04371  1.61471e-05
 79 -0.01568  1.66818e-05 | 80 -0.03517  1.31675e-05 | 81  0.00383  9.20701e-06
 82 -0.00961  1.37946e-05 | 83 -0.02718  1.28107e-05 | 84  0.02223  1.60418e-05
 85  0.02172  1.37797e-05 | 86  0.03831  1.64210e-05 | 87  0.02503  2.41712e-05
 88 -0.05038  1.07279e-05 | 89  0.01970  1.18176e-05 | 90 -0.03833  1.37006e-05
 91 -0.00411  2.02601e-05 | 92 -0.03877  1.58806e-05 | 93  0.00869  1.35577e-05
 94 -0.02787  1.72790e-05 | 95 -0.00539  2.01885e-05 | 96 -0.01938  1.84085e-05
 97 -0.03773  1.21508e-05 | 98 -0.00998  1.61302e-05 | 99  0.02280  2.63974e-05
100 -0.00272  1.71864e-05 |101  0.04445  1.32980e-05 |102  0.00112  1.49796e-05
103  0.01344  2.02418e-05 |104 -0.00071  1.25482e-05 |105  0.00004  2.02830e-05
106  0.00040  2.03152e-05 |107  0.00000  0.00000e+00 |108  0.00373 -8.41024e-06
109  0.01914 -2.79078e-05 |110 -0.39457  3.95191e-05 |111 -0.25874 -6.39896e-07
112 -0.24870 -5.49515e-06 |
  ic > imax  in fminim is answer attained ?
Var    Value     Gradient |Var    Value     Gradient |Var    Value     Gradient
  1 -0.42095 -4.32059e-05 |  2 -0.42002 -5.49436e-04 |  3 -0.41661 -2.39221e-04
  4 -0.40447 -7.72801e-06 |  5 -0.47019 -6.00667e-06 |  6  0.64287 -4.44489e-04
  7  0.00064 -1.39795e-05 |  8  0.00014  9.34401e-06 |  9  0.00028  4.56247e-06
 10  0.00021 -1.67114e-06 | 11  0.00031 -4.83846e-07 | 12  0.00072  1.49743e-05
 13  0.00079  6.52934e-06 | 14  0.00087  8.47689e-06 | 15  0.00098  6.81593e-06
 16  0.00110  1.33279e-05 | 17  0.00126  7.66720e-06 | 18  0.00150  9.45610e-06
 19  0.00159  1.51852e-06 | 20  0.00176  8.33978e-06 | 21  0.00190 -8.22734e-06
 22  0.00198  1.65427e-06 | 23  0.00199 -6.03888e-06 | 24  0.00203 -1.30535e-05
 25  0.00674 -1.23379e-05 | 26  0.00259 -1.45834e-05 | 27  0.00165 -1.23089e-05
 28  0.00501 -2.08152e-05 | 29  0.01893 -2.87011e-05 | 30 -0.00185 -1.85080e-05
 31  0.00606 -2.11888e-05 | 32  0.00616 -2.08457e-05 | 33  0.00600 -2.64297e-05
 34  0.00582 -2.68006e-05 | 35  0.00500 -2.37423e-05 | 36  0.00494 -2.47477e-05
 37  0.00490 -2.37011e-05 | 38  0.00169 -1.89056e-05 | 39  0.00174 -1.68131e-05
 40  0.01017 -2.32002e-05 | 41  0.00089 -1.90565e-05 | 42 -0.00229 -1.59206e-05
 43 -0.00557 -1.54260e-05 | 44  0.00643 -1.74520e-05 | 45  0.02663 -2.85361e-05
 46 -0.00254 -1.23372e-05 | 47 -0.00154 -4.89273e-06 | 48  0.01083 -1.40227e-05
 49 -0.00684 -6.59909e-06 | 50  0.00290 -8.08922e-06 | 51  0.04109 -2.53951e-05
 52  0.01731 -1.42006e-05 | 53  0.01004 -1.07268e-05 | 54 -0.00971 -2.11579e-06
 55  0.00518 -6.14447e-06 | 56 -0.00677 -2.93024e-06 | 57 -0.00723 -3.13842e-06
 58 -0.00688 -1.15026e-06 | 59  0.02282 -1.13989e-05 | 60 -0.01360  4.88637e-07
 61  0.00041 -7.45689e-07 | 62  0.00785 -3.66362e-06 | 63  0.01868 -4.67268e-06
 64  0.00254 -1.59100e-06 | 65 -0.01945  3.58945e-06 | 66 -0.00084  1.24211e-07
 67  0.00682 -1.87975e-06 | 68 -0.01425  2.56268e-06 | 69 -0.02736  7.24967e-06
 70 -0.00069  2.93778e-06 | 71 -0.01257  6.04956e-06 | 72  0.00179  1.61126e-06
 73 -0.00084  4.49405e-06 | 74  0.00374  4.25413e-06 | 75 -0.00879  8.35412e-06
 76  0.01423 -1.45925e-06 | 77 -0.01153  6.21394e-06 | 78 -0.04371  1.61471e-05
 79 -0.01568  1.66818e-05 | 80 -0.03517  1.31675e-05 | 81  0.00383  9.20701e-06
 82 -0.00961  1.37946e-05 | 83 -0.02718  1.28107e-05 | 84  0.02223  1.60418e-05
 85  0.02172  1.37797e-05 | 86  0.03831  1.64210e-05 | 87  0.02503  2.41712e-05
 88 -0.05038  1.07279e-05 | 89  0.01970  1.18176e-05 | 90 -0.03833  1.37006e-05
 91 -0.00411  2.02601e-05 | 92 -0.03877  1.58806e-05 | 93  0.00869  1.35577e-05
 94 -0.02787  1.72790e-05 | 95 -0.00539  2.01885e-05 | 96 -0.01938  1.84085e-05
 97 -0.03773  1.21508e-05 | 98 -0.00998  1.61302e-05 | 99  0.02280  2.63974e-05
100 -0.00272  1.71864e-05 |101  0.04445  1.32980e-05 |102  0.00112  1.49796e-05
103  0.01344  2.02418e-05 |104 -0.00071  1.25482e-05 |105  0.00004  2.02830e-05
106  0.00040  2.03152e-05 |107  0.00000  0.00000e+00 |108  0.00373 -8.41024e-06
109  0.01914 -2.79078e-05 |110 -0.39457  3.95191e-05 |111 -0.25874 -6.39896e-07
112 -0.24870 -5.49515e-06 |
Function minimizer not making progress ... is minimum attained?
Minimprove criterion = 0.0000e+00

 - final statistics:
112 variables; iteration 1; function evaluation 30
Function value 5.6223e+02; maximum gradient component mag -5.4944e-04
Exit code = 1;  converg criter 1.0000e-04
Var    Value     Gradient |Var    Value     Gradient |Var    Value     Gradient
  1 -0.42095 -4.32059e-05 |  2 -0.42002 -5.49436e-04 |  3 -0.41661 -2.39221e-04
  4 -0.40447 -7.72801e-06 |  5 -0.47019 -6.00667e-06 |  6  0.64287 -4.44489e-04
  7  0.00064 -1.39795e-05 |  8  0.00014  9.34401e-06 |  9  0.00028  4.56247e-06
 10  0.00021 -1.67114e-06 | 11  0.00031 -4.83846e-07 | 12  0.00072  1.49743e-05
 13  0.00079  6.52934e-06 | 14  0.00087  8.47689e-06 | 15  0.00098  6.81593e-06
 16  0.00110  1.33279e-05 | 17  0.00126  7.66720e-06 | 18  0.00150  9.45610e-06
 19  0.00159  1.51852e-06 | 20  0.00176  8.33978e-06 | 21  0.00190 -8.22734e-06
 22  0.00198  1.65427e-06 | 23  0.00199 -6.03888e-06 | 24  0.00203 -1.30535e-05
 25  0.00674 -1.23379e-05 | 26  0.00259 -1.45834e-05 | 27  0.00165 -1.23089e-05
 28  0.00501 -2.08152e-05 | 29  0.01893 -2.87011e-05 | 30 -0.00185 -1.85080e-05
 31  0.00606 -2.11888e-05 | 32  0.00616 -2.08457e-05 | 33  0.00600 -2.64297e-05
 34  0.00582 -2.68006e-05 | 35  0.00500 -2.37423e-05 | 36  0.00494 -2.47477e-05
 37  0.00490 -2.37011e-05 | 38  0.00169 -1.89056e-05 | 39  0.00174 -1.68131e-05
 40  0.01017 -2.32002e-05 | 41  0.00089 -1.90565e-05 | 42 -0.00229 -1.59206e-05
 43 -0.00557 -1.54260e-05 | 44  0.00643 -1.74520e-05 | 45  0.02663 -2.85361e-05
 46 -0.00254 -1.23372e-05 | 47 -0.00154 -4.89273e-06 | 48  0.01083 -1.40227e-05
 49 -0.00684 -6.59909e-06 | 50  0.00290 -8.08922e-06 | 51  0.04109 -2.53951e-05
 52  0.01731 -1.42006e-05 | 53  0.01004 -1.07268e-05 | 54 -0.00971 -2.11579e-06
 55  0.00518 -6.14447e-06 | 56 -0.00677 -2.93024e-06 | 57 -0.00723 -3.13842e-06
 58 -0.00688 -1.15026e-06 | 59  0.02282 -1.13989e-05 | 60 -0.01360  4.88637e-07
 61  0.00041 -7.45689e-07 | 62  0.00785 -3.66362e-06 | 63  0.01868 -4.67268e-06
 64  0.00254 -1.59100e-06 | 65 -0.01945  3.58945e-06 | 66 -0.00084  1.24211e-07
 67  0.00682 -1.87975e-06 | 68 -0.01425  2.56268e-06 | 69 -0.02736  7.24967e-06
 70 -0.00069  2.93778e-06 | 71 -0.01257  6.04956e-06 | 72  0.00179  1.61126e-06
 73 -0.00084  4.49405e-06 | 74  0.00374  4.25413e-06 | 75 -0.00879  8.35412e-06
 76  0.01423 -1.45925e-06 | 77 -0.01153  6.21394e-06 | 78 -0.04371  1.61471e-05
 79 -0.01568  1.66818e-05 | 80 -0.03517  1.31675e-05 | 81  0.00383  9.20701e-06
 82 -0.00961  1.37946e-05 | 83 -0.02718  1.28107e-05 | 84  0.02223  1.60418e-05
 85  0.02172  1.37797e-05 | 86  0.03831  1.64210e-05 | 87  0.02503  2.41712e-05
 88 -0.05038  1.07279e-05 | 89  0.01970  1.18176e-05 | 90 -0.03833  1.37006e-05
 91 -0.00411  2.02601e-05 | 92 -0.03877  1.58806e-05 | 93  0.00869  1.35577e-05
 94 -0.02787  1.72790e-05 | 95 -0.00539  2.01885e-05 | 96 -0.01938  1.84085e-05
 97 -0.03773  1.21508e-05 | 98 -0.00998  1.61302e-05 | 99  0.02280  2.63974e-05
100 -0.00272  1.71864e-05 |101  0.04445  1.32980e-05 |102  0.00112  1.49796e-05
103  0.01344  2.02418e-05 |104 -0.00071  1.25482e-05 |105  0.00004  2.02830e-05
106  0.00040  2.03152e-05 |107  0.00000  0.00000e+00 |108  0.00373 -8.41024e-06
109  0.01914 -2.79078e-05 |110 -0.39457  3.95191e-05 |111 -0.25874 -6.39896e-07
112 -0.24870 -5.49515e-06 |
size of file gradfil1.tmp = 0
size of file gradfil2.tmp = 0
size of file varssave.tmp = 0
size of file cmpdiff.tmp = 0
