
Initial statistics: 1 variables; iteration 0; function evaluation 0; phase 1
Function value 6.0719820e+06; maximum gradient component mag -2.6507e+07
Var    Value     Gradient |Var    Value     Gradient |Var    Value     Gradient
  1  0.63197 -2.65073e+07 |

 - final statistics:
1 variables; iteration 7; function evaluation 27
Function value 8.9692e+02; maximum gradient component mag -3.7913e-01
Exit code = 1;  converg criter 1.0000e+01
Var    Value     Gradient |Var    Value     Gradient |Var    Value     Gradient
  1  1.21716 -3.79131e-01 |

Initial statistics: 98 variables; iteration 0; function evaluation 0; phase 2
Function value 8.9691756e+02; maximum gradient component mag 1.5300e+03
Var    Value     Gradient |Var    Value     Gradient |Var    Value     Gradient
  1  0.78284  3.79131e-01 |  2  0.00000 -6.52517e+00 |  3  0.00000 -6.56059e+00
  4  0.00000 -6.60823e+00 |  5  0.00000 -6.67225e+00 |  6  0.00000 -6.75810e+00
  7  0.00000 -6.87298e+00 |  8  0.00000 -6.93552e+00 |  9  0.00000 -7.10763e+00
 10  0.00000 -7.33498e+00 | 11  0.00000 -7.63393e+00 | 12  0.00000 -8.02455e+00
 13  0.00000 -8.36035e+00 | 14  0.00000 -8.94891e+00 | 15  0.00000 -9.69068e+00
 16  0.00000 -1.06119e+01 | 17  0.00000 -1.21246e+01 | 18  0.00000 -1.33443e+01
 19  0.00000 -1.46383e+01 | 20  0.00000 -2.32039e+01 | 21  0.00000 -1.89658e+01
 22  0.00000 -2.08888e+01 | 23  0.00000 -2.29788e+01 | 24  0.00000 -2.46564e+01
 25  0.00000 -2.59449e+01 | 26  0.00000 -2.73660e+01 | 27  0.00000 -3.52765e+01
 28  0.00000 -3.10574e+01 | 29  0.00000 -2.06445e+01 | 30  0.00000 -2.54824e+01
 31  0.00000 -4.65952e+01 | 32  0.00000 -5.08306e+01 | 33  0.00000 -5.25966e+01
 34  0.00000 -9.20162e+01 | 35  0.00000 -7.69514e+01 | 36  0.00000 -7.25416e+01
 37  0.00000 -8.19399e+01 | 38  0.00000 -9.03271e+01 | 39  0.00000 -8.66141e+01
 40  0.00000 -9.70174e+01 | 41  0.00000 -1.02052e+02 | 42  0.00000 -1.24604e+02
 43  0.00000 -1.38639e+02 | 44  0.00000 -9.30442e+01 | 45  0.00000 -9.18895e+01
 46  0.00000 -1.44644e+02 | 47  0.00000 -1.63053e+02 | 48  0.00000 -1.95019e+02
 49  0.00000 -1.96483e+02 | 50  0.00000 -1.59597e+02 | 51  0.00000 -2.08735e+02
 52  0.00000 -2.26409e+02 | 53  0.00000 -2.33150e+02 | 54  0.00000 -2.49723e+02
 55  0.00000 -2.79970e+02 | 56  0.00000 -2.70654e+02 | 57  0.00000 -3.01319e+02
 58  0.00000 -3.01592e+02 | 59  0.00000 -3.45776e+02 | 60  0.00000 -3.45061e+02
 61  0.00000 -3.68179e+02 | 62  0.00000 -4.56535e+02 | 63  0.00000 -2.41773e+02
 64  0.00000 -3.19581e+02 | 65  0.00000 -3.15793e+02 | 66  0.00000 -7.62530e+00
 67  0.00000  1.08120e+01 | 68  0.00000  1.23580e+02 | 69  0.00000 -1.30851e+02
 70  0.00000 -2.05855e+02 | 71  0.00000  1.71361e+02 | 72  0.00000  4.85794e+02
 73  0.00000 -8.18181e+01 | 74  0.00000 -3.89768e+02 | 75  0.00000  7.34944e+02
 76  0.00000  3.05877e+01 | 77  0.00000  8.88876e+02 | 78  0.00000  6.08979e+02
 79  0.00000  2.54660e+02 | 80  0.00000  2.13794e+02 | 81  0.00000  5.90281e+02
 82  0.00000  1.62028e+02 | 83  0.00000  5.06224e+02 | 84  0.00000 -5.81286e+02
 85  0.00000  1.53002e+03 | 86  0.00000  5.65878e+02 | 87  0.00000  2.14024e+02
 88  0.00000  3.60594e+02 | 89  0.00000 -2.44057e+02 | 90  0.00000  7.66338e+02
 91  0.00000 -9.12002e+01 | 92  0.00000  1.68389e+02 | 93  0.00000  3.94427e+02
 94  0.00000  1.51114e+01 | 95  0.00000 -5.89223e+00 | 96  0.00000 -6.42374e+00
 97 -0.03546 -2.71752e+02 | 98 -0.31026 -3.95208e+02 |

Intermediate statistics: 98 variables; iteration 20; function evaluation 30; phase 2
Function value 6.9429081e+02; maximum gradient component mag 5.1424e+02
Var    Value     Gradient |Var    Value     Gradient |Var    Value     Gradient
  1  0.77373  5.14240e+02 |  2  0.00161 -2.15645e+01 |  3  0.00162 -2.15706e+01
  4  0.00164 -2.15788e+01 |  5  0.00165 -2.15898e+01 |  6  0.00168 -2.16044e+01
  7  0.00171 -2.16239e+01 |  8  0.00169 -2.16552e+01 |  9  0.00172 -2.16912e+01
 10  0.00177 -2.17385e+01 | 11  0.00183 -2.18003e+01 | 12  0.00192 -2.18802e+01
 13  0.00191 -2.19933e+01 | 14  0.00201 -2.21270e+01 | 15  0.00214 -2.22943e+01
 16  0.00230 -2.24998e+01 | 17  0.00279 -2.27208e+01 | 18  0.00296 -2.30191e+01
 19  0.00308 -2.33711e+01 | 20  0.00846 -2.32116e+01 | 21  0.00430 -2.41035e+01
 22  0.00455 -2.45870e+01 | 23  0.00543 -2.47929e+01 | 24  0.00521 -2.54488e+01
 25  0.00443 -2.62751e+01 | 26  0.00349 -2.72317e+01 | 27  0.00743 -2.76732e+01
 28  0.00144 -2.95239e+01 | 29 -0.00735 -3.13856e+01 | 30 -0.00512 -3.16280e+01
 31  0.00715 -3.15815e+01 | 32  0.00507 -3.40950e+01 | 33  0.00019 -3.69767e+01
 34  0.02834 -3.44978e+01 | 35  0.01265 -3.76458e+01 | 36  0.00568 -4.03095e+01
 37  0.00492 -4.36710e+01 | 38  0.00673 -4.55038e+01 | 39 -0.00334 -4.97401e+01
 40  0.00295 -4.94025e+01 | 41 -0.00107 -5.26691e+01 | 42  0.00867 -5.42274e+01
 43  0.01298 -5.59793e+01 | 44 -0.02942 -6.70156e+01 | 45 -0.02839 -6.70884e+01
 46  0.00170 -6.38936e+01 | 47  0.00051 -6.87030e+01 | 48  0.03574 -6.40825e+01
 49  0.00243 -7.46451e+01 | 50 -0.02490 -8.38715e+01 | 51  0.01109 -7.64136e+01
 52  0.00907 -8.18667e+01 | 53 -0.00878 -9.07291e+01 | 54 -0.00277 -9.22938e+01
 55  0.01930 -8.36168e+01 | 56 -0.01189 -9.75728e+01 | 57  0.02840 -8.92383e+01
 58 -0.00569 -1.01066e+02 | 59  0.02297 -8.71788e+01 | 60  0.01666 -8.44801e+01
 61  0.02445 -6.79365e+01 | 62  0.05559 -1.01918e+01 | 63 -0.03501 -1.23898e+02
 64 -0.00409 -9.82113e+01 | 65  0.00015 -8.19107e+01 | 66 -0.04012 -7.50599e+01
 67 -0.01703  1.40305e+01 | 68 -0.01902  5.23398e+01 | 69  0.00492  1.20742e+01
 70  0.00209  2.64320e+00 | 71  0.00071  5.10121e+01 | 72 -0.02519  1.56446e+02
 73  0.01374  1.69747e+02 | 74  0.01732  5.41363e+01 | 75 -0.01491  2.32260e+02
 76  0.00233  1.19214e+02 | 77 -0.01960  1.94540e+02 | 78 -0.02173  1.93421e+02
 79  0.00656  2.66137e+02 | 80 -0.00193  1.73725e+02 | 81 -0.00581  2.02794e+02
 82  0.00202  1.69190e+02 | 83 -0.00592  1.76228e+02 | 84  0.03591  3.37025e+02
 85 -0.04785  3.37821e+02 | 86 -0.02005  1.45164e+02 | 87  0.00623  1.34195e+02
 88 -0.01574  1.03977e+02 | 89  0.01806  9.12911e+01 | 90 -0.04874  1.96289e+02
 91  0.00553 -2.92796e+01 | 92 -0.02419  1.02305e+01 | 93 -0.01829  5.85959e+01
 94  0.00044 -2.10359e+01 | 95  0.00142 -2.14805e+01 | 96  0.00159 -2.15469e+01
 97 -0.00981 -2.39680e+01 | 98 -0.20061  3.75923e+01 |
98 variables; iteration 40; function evaluation 55; phase 2
Function value 6.7656679e+02; maximum gradient component mag -5.6265e+02
Var    Value     Gradient |Var    Value     Gradient |Var    Value     Gradient
  1  0.77492 -5.62646e+02 |  2  0.00061  2.60840e+01 |  3  0.00062  2.60830e+01
  4  0.00064  2.60817e+01 |  5  0.00066  2.60799e+01 |  6  0.00069  2.60775e+01
  7  0.00073  2.60743e+01 |  8  0.00072  2.60624e+01 |  9  0.00077  2.60542e+01
 10  0.00083  2.60435e+01 | 11  0.00092  2.60295e+01 | 12  0.00103  2.60113e+01
 13  0.00106  2.59745e+01 | 14  0.00121  2.59413e+01 | 15  0.00140  2.58995e+01
 16  0.00164  2.58473e+01 | 17  0.00221  2.57924e+01 | 18  0.00248  2.57013e+01
 19  0.00272  2.55969e+01 | 20  0.00749  2.49635e+01 | 21  0.00409  2.52350e+01
 22  0.00447  2.50355e+01 | 23  0.00514  2.46267e+01 | 24  0.00520  2.44867e+01
 25  0.00490  2.44936e+01 | 26  0.00439  2.43488e+01 | 27  0.00722  2.26595e+01
 28  0.00316  2.37089e+01 | 29 -0.00843  1.74732e+01 | 30 -0.00638  1.66819e+01
 31  0.00624  1.81610e+01 | 32  0.00553  1.81533e+01 | 33  0.00567  2.20937e+01
 34  0.02154  9.75077e+00 | 35  0.01475  1.77682e+01 | 36  0.01008  1.77496e+01
 37  0.01012  1.62957e+01 | 38  0.01084  1.40806e+01 | 39  0.00512  1.58258e+01
 40  0.00868  1.23476e+01 | 41  0.01060  1.60941e+01 | 42  0.01433  8.34480e+00
 43  0.01836  6.46794e+00 | 44 -0.02049 -1.90152e+00 | 45 -0.01863 -1.78137e+00
 46  0.00519 -6.65524e+00 | 47  0.00536 -1.08894e+01 | 48  0.01592 -2.39711e+01
 49  0.00139 -2.64633e+01 | 50 -0.01645 -1.82906e+01 | 51  0.03598 -8.46978e+00
 52  0.02574 -1.68928e+01 | 53 -0.00711 -3.59004e+01 | 54  0.01906 -2.45854e+01
 55  0.01980 -4.70715e+01 | 56 -0.01656 -5.62968e+01 | 57  0.03788 -4.71620e+01
 58  0.01382 -4.37703e+01 | 59  0.00665 -1.02490e+02 | 60  0.00693 -1.10250e+02
 61  0.02089 -9.36458e+01 | 62  0.04290 -1.14991e+02 | 63 -0.02337 -7.84852e+01
 64 -0.00269 -1.01570e+02 | 65  0.00027 -1.05402e+02 | 66 -0.03401 -4.26857e+01
 67 -0.02100 -6.53645e+01 | 68 -0.02421 -7.52248e+01 | 69  0.00284 -9.31767e+01
 70  0.00298 -9.79749e+01 | 71  0.00161  2.00828e+00 | 72 -0.03475 -1.26449e+01
 73  0.00794 -8.34932e+01 | 74  0.02179 -6.94107e+01 | 75 -0.02407  2.36834e+01
 76  0.00395 -3.49909e+01 | 77 -0.02230  7.56800e+01 | 78 -0.02636  1.63717e+01
 79  0.00134 -8.99326e-01 | 80 -0.00257 -1.09743e+01 | 81 -0.00954  4.28807e+01
 82  0.00252  1.62629e+01 | 83 -0.00832  6.49139e+01 | 84  0.03183 -4.40868e+01
 85 -0.07018  1.13941e+02 | 86 -0.01969  7.47992e+01 | 87  0.00263  4.24860e+01
 88 -0.01582  6.13374e+01 | 89  0.01306 -5.64968e+00 | 90 -0.06475  9.90535e+01
 91 -0.00222 -3.04537e+01 | 92 -0.02858  5.93682e+01 | 93 -0.03360  5.49791e+01
 94  0.00184  3.56817e+01 | 95  0.00043  2.61682e+01 | 96  0.00058  2.60868e+01
 97 -0.00277 -8.75538e+01 | 98 -0.21923 -5.93524e+01 |
98 variables; iteration 60; function evaluation 84; phase 2
Function value 6.7072674e+02; maximum gradient component mag -2.8562e+02
Var    Value     Gradient |Var    Value     Gradient |Var    Value     Gradient
  1  0.77640 -2.85620e+02 |  2  0.00108  1.35561e+01 |  3  0.00109  1.35525e+01
  4  0.00110  1.35478e+01 |  5  0.00112  1.35414e+01 |  6  0.00114  1.35329e+01
  7  0.00117  1.35218e+01 |  8  0.00116  1.35103e+01 |  9  0.00120  1.34920e+01
 10  0.00125  1.34682e+01 | 11  0.00131  1.34377e+01 | 12  0.00140  1.33989e+01
 13  0.00141  1.33544e+01 | 14  0.00153  1.32955e+01 | 15  0.00168  1.32243e+01
 16  0.00187  1.31395e+01 | 17  0.00235  1.30195e+01 | 18  0.00257  1.29054e+01
 19  0.00275  1.27827e+01 | 20  0.00734  1.20096e+01 | 21  0.00395  1.23656e+01
 22  0.00425  1.21630e+01 | 23  0.00502  1.19639e+01 | 24  0.00495  1.17718e+01
 25  0.00438  1.15234e+01 | 26  0.00356  1.10668e+01 | 27  0.00677  1.01428e+01
 28  0.00183  1.00160e+01 | 29 -0.00375  1.36681e+01 | 30 -0.00206  1.23391e+01
 31  0.00828  1.05149e+01 | 32  0.00731  1.06443e+01 | 33  0.00191  7.14717e+00
 34  0.02628  8.43155e+00 | 35  0.01334  6.27856e+00 | 36  0.00717  5.32660e+00
 37  0.00754  5.40523e+00 | 38  0.01147  8.41325e+00 | 39  0.00565  1.04427e+01
 40  0.00815  5.47440e+00 | 41  0.00267  4.03931e-01 | 42  0.01514  5.94566e+00
 43  0.01377  9.07354e-02 | 44 -0.01095  1.03758e+01 | 45 -0.01520  4.53181e-01
 46  0.00535 -4.29936e+00 | 47  0.00925 -1.39809e+00 | 48  0.03258  5.78363e+00
 49  0.01208 -4.46558e+00 | 50 -0.00645 -4.11067e+00 | 51  0.01284 -8.93606e+00
 52  0.01014 -1.15919e+01 | 53  0.01328 -2.66202e+00 | 54  0.00515 -1.68164e+01
 55  0.02766 -3.02404e+00 | 56  0.02035  1.61454e-01 | 57  0.01408 -2.12622e+01
 58  0.00706 -2.09643e+01 | 59  0.02767 -4.94856e+00 | 60  0.02243 -1.04477e+01
 61  0.02142 -3.00290e+01 | 62  0.03285 -4.98576e+01 | 63 -0.01369 -1.01667e+01
 64  0.00120 -1.63859e+01 | 65  0.00229 -1.84374e+01 | 66 -0.03738 -2.60517e+01
 67 -0.02297 -4.22453e+01 | 68 -0.02418 -3.54854e+01 | 69  0.00330 -2.95827e+01
 70  0.00266 -4.36315e+01 | 71 -0.00203 -4.50708e+01 | 72 -0.03956 -4.63303e+01
 73  0.00884 -2.05927e+01 | 74  0.02181 -2.04256e+01 | 75 -0.02813 -2.64451e+01
 76  0.00389 -1.53805e+01 | 77 -0.02812 -2.75362e+01 | 78 -0.02931 -2.49900e+01
 79  0.00077 -1.05695e+01 | 80 -0.00129  7.81299e+00 | 81 -0.01082  5.41414e+00
 82  0.00303  1.75327e+01 | 83 -0.01175 -1.82011e+01 | 84  0.03403 -9.25902e-01
 85 -0.08487 -1.95654e+01 | 86 -0.02403 -3.56220e+00 | 87  0.00228  1.50096e+01
 88 -0.01899  2.78558e+00 | 89  0.01434  1.44091e+01 | 90 -0.07929 -1.01991e+01
 91  0.00070  4.97639e+01 | 92 -0.03252  2.10000e+01 | 93 -0.03708  1.09300e+01
 94 -0.01062 -3.15736e+00 | 95  0.00092  1.36207e+01 | 96  0.00105  1.35663e+01
 97  0.00343 -1.88630e+01 | 98 -0.21788 -1.44113e+01 |
Maximum number of function evaluations exceeded

 - final statistics:
98 variables; iteration 71; function evaluation 100
Function value 6.7009e+02; maximum gradient component mag -2.7873e+02
Exit code = 3;  converg criter 1.0000e+01
Var    Value     Gradient |Var    Value     Gradient |Var    Value     Gradient
  1  0.77855 -2.78730e+02 |  2  0.00076  1.33119e+01 |  3  0.00077  1.33049e+01
  4  0.00078  1.32958e+01 |  5  0.00079  1.32839e+01 |  6  0.00081  1.32688e+01
  7  0.00084  1.32501e+01 |  8  0.00079  1.31947e+01 |  9  0.00082  1.31538e+01
 10  0.00085  1.31043e+01 | 11  0.00090  1.30477e+01 | 12  0.00097  1.29887e+01
 13  0.00092  1.28424e+01 | 14  0.00102  1.27636e+01 | 15  0.00118  1.27151e+01
 16  0.00142  1.27280e+01 | 17  0.00213  1.29788e+01 | 18  0.00247  1.30757e+01
 19  0.00278  1.31684e+01 | 20  0.00796  1.32966e+01 | 21  0.00415  1.30467e+01
 22  0.00441  1.27953e+01 | 23  0.00534  1.28518e+01 | 24  0.00513  1.24758e+01
 25  0.00435  1.19263e+01 | 26  0.00274  1.02148e+01 | 27  0.00567  8.75340e+00
 28 -0.00109  5.74256e+00 | 29 -0.00626  1.00981e+01 | 30  0.00231  2.06043e+01
 31  0.00983  1.37647e+01 | 32  0.00742  1.17552e+01 | 33  0.00417  1.13163e+01
 34  0.02670  1.05449e+01 | 35  0.01522  1.05326e+01 | 36  0.00691  6.43458e+00
 37  0.01266  1.36345e+01 | 38  0.01167  1.02960e+01 | 39  0.00489  1.05263e+01
 40  0.00407 -7.98491e-01 | 41  0.00132 -3.68029e-01 | 42  0.01345  6.30399e+00
 43  0.02119  1.17735e+01 | 44 -0.01440  5.01929e+00 | 45 -0.01209  7.13956e+00
 46  0.00672 -5.68110e-01 | 47  0.01395  5.79639e+00 | 48  0.02812  2.82343e+00
 49  0.01511 -2.29780e-01 | 50 -0.00102  6.30136e+00 | 51  0.01171 -8.11201e+00
 52  0.01075 -9.12413e+00 | 53  0.00741 -7.14231e+00 | 54  0.01269 -4.49198e+00
 55  0.02443 -7.28509e+00 | 56  0.01523 -3.41847e+00 | 57  0.01391 -1.87991e+01
 58  0.01199 -1.02097e+01 | 59  0.02292 -1.55089e+01 | 60  0.02092 -1.33350e+01
 61  0.02142 -2.59824e+01 | 62  0.03325 -4.34375e+01 | 63 -0.01525 -1.32685e+01
 64 -0.00041 -2.17213e+01 | 65  0.00079 -2.50503e+01 | 66 -0.03655 -1.71825e+01
 67 -0.02252 -2.98356e+01 | 68 -0.02406 -2.55585e+01 | 69  0.00284 -3.05975e+01
 70  0.00245 -3.78849e+01 | 71 -0.00208 -3.57994e+01 | 72 -0.03823 -2.80036e+01
 73  0.00836 -2.64558e+01 | 74  0.02070 -3.53009e+01 | 75 -0.02788 -1.92295e+01
 76  0.00304 -2.41500e+01 | 77 -0.02798 -1.96054e+01 | 78 -0.02907 -1.73624e+01
 79  0.00034 -1.63600e+01 | 80 -0.00251 -8.57450e+00 | 81 -0.01152 -4.79082e+00
 82  0.00172 -3.34313e+00 | 83 -0.01175 -1.32533e+01 | 84  0.03338 -1.42482e+01
 85 -0.08337 -7.33817e+00 | 86 -0.02428 -3.28983e+00 | 87  0.00163  4.72819e+00
 88 -0.01931  2.27054e+00 | 89  0.01366  6.00217e+00 | 90 -0.07810 -4.87248e-01
 91 -0.00059  2.62965e+01 | 92 -0.03334  1.63234e+01 | 93 -0.03727  1.48168e+01
 94 -0.00326  1.16914e+01 | 95  0.00042  1.30989e+01 | 96  0.00074  1.33329e+01
 97  0.00284 -2.41180e+01 | 98 -0.21737 -1.12519e+01 |

Initial statistics: 100 variables; iteration 0; function evaluation 0; phase 3
Function value 6.7008669e+02; maximum gradient component mag -2.7819e+02
Var    Value     Gradient |Var    Value     Gradient |Var    Value     Gradient
  1  0.77855 -2.78194e+02 |  2  0.00076  1.36121e+01 |  3  0.00077  1.36054e+01
  4  0.00078  1.35966e+01 |  5  0.00080  1.35852e+01 |  6  0.00082  1.35707e+01
  7  0.00084  1.35527e+01 |  8  0.00080  1.34999e+01 |  9  0.00082  1.34607e+01
 10  0.00086  1.34132e+01 | 11  0.00091  1.33586e+01 | 12  0.00098  1.33014e+01
 13  0.00092  1.31615e+01 | 14  0.00102  1.30844e+01 | 15  0.00118  1.30348e+01
 16  0.00143  1.30418e+01 | 17  0.00214  1.32715e+01 | 18  0.00248  1.33556e+01
 19  0.00278  1.34353e+01 | 20  0.00797  1.35534e+01 | 21  0.00416  1.33054e+01
 22  0.00442  1.30580e+01 | 23  0.00534  1.31018e+01 | 24  0.00514  1.27315e+01
 25  0.00436  1.21882e+01 | 26  0.00274  1.05284e+01 | 27  0.00568  9.11858e+00
 28 -0.00109  6.21003e+00 | 29 -0.00625  1.02761e+01 | 30  0.00232  2.09885e+01
 31  0.00984  1.38968e+01 | 32  0.00743  1.19631e+01 | 33  0.00418  1.15959e+01
 34  0.02670  1.06385e+01 | 35  0.01523  1.08020e+01 | 36  0.00692  6.66443e+00
 37  0.01267  1.40898e+01 | 38  0.01167  1.05598e+01 | 39  0.00489  1.07904e+01
 40  0.00408 -4.94138e-01 | 41  0.00133  1.09842e-01 | 42  0.01345  6.57670e+00
 43  0.02119  1.19629e+01 | 44 -0.01439  5.26742e+00 | 45 -0.01208  7.37542e+00
 46  0.00672 -4.22578e-01 | 47  0.01396  6.01979e+00 | 48  0.02812  3.16242e+00
 49  0.01512  2.32096e-01 | 50 -0.00102  6.61293e+00 | 51  0.01171 -7.78554e+00
 52  0.01075 -8.77441e+00 | 53  0.00741 -6.88688e+00 | 54  0.01269 -4.23503e+00
 55  0.02444 -7.01818e+00 | 56  0.01523 -3.19636e+00 | 57  0.01391 -1.84655e+01
 58  0.01200 -9.95061e+00 | 59  0.02293 -1.51831e+01 | 60  0.02092 -1.30696e+01
 61  0.02142 -2.56601e+01 | 62  0.03326 -4.31365e+01 | 63 -0.01525 -1.29341e+01
 64 -0.00040 -2.14459e+01 | 65  0.00079 -2.47531e+01 | 66 -0.03655 -1.68506e+01
 67 -0.02251 -2.94441e+01 | 68 -0.02405 -2.51893e+01 | 69  0.00285 -3.02677e+01
 70  0.00246 -3.75186e+01 | 71 -0.00207 -3.54275e+01 | 72 -0.03823 -2.75997e+01
 73  0.00836 -2.61592e+01 | 74  0.02071 -3.49988e+01 | 75 -0.02787 -1.88843e+01
 76  0.00305 -2.38439e+01 | 77 -0.02797 -1.92557e+01 | 78 -0.02906 -1.70291e+01
 79  0.00035 -1.60675e+01 | 80 -0.00250 -8.31934e+00 | 81 -0.01151 -4.53095e+00
 82  0.00173 -3.11941e+00 | 83 -0.01175 -1.29114e+01 | 84  0.03338 -1.39796e+01
 85 -0.08337 -6.99909e+00 | 86 -0.02428 -2.98024e+00 | 87  0.00163  4.96827e+00
 88 -0.01931  2.55597e+00 | 89  0.01367  6.26018e+00 | 90 -0.07810 -1.57190e-01
 91 -0.00059  2.64614e+01 | 92 -0.03333  1.65581e+01 | 93 -0.03726  1.50762e+01
 94 -0.00325  1.19923e+01 | 95  0.00043  1.34133e+01 | 96  0.00074  1.36323e+01
 97  0.00284 -2.40875e+01 | 98 -0.41581 -1.26650e+01 | 99 -0.21737 -1.12003e+01
100 -0.25275 -1.62832e+02 |

Intermediate statistics: 100 variables; iteration 20; function evaluation 23; phase 3
Function value 6.6676949e+02; maximum gradient component mag -1.3886e+02
Var    Value     Gradient |Var    Value     Gradient |Var    Value     Gradient
  1  0.77847 -1.38859e+02 |  2  0.00077  6.21494e+00 |  3  0.00078  6.21028e+00
  4  0.00079  6.20418e+00 |  5  0.00080  6.19626e+00 |  6  0.00083  6.18614e+00
  7  0.00086  6.17352e+00 |  8  0.00082  6.13816e+00 |  9  0.00085  6.11116e+00
 10  0.00089  6.07830e+00 | 11  0.00095  6.04026e+00 | 12  0.00103  5.99974e+00
 13  0.00100  5.90496e+00 | 14  0.00111  5.84963e+00 | 15  0.00127  5.81063e+00
 16  0.00150  5.80612e+00 | 17  0.00214  5.94092e+00 | 18  0.00243  5.98002e+00
 19  0.00269  6.01312e+00 | 20  0.00780  6.05740e+00 | 21  0.00403  5.88718e+00
 22  0.00431  5.70715e+00 | 23  0.00519  5.71130e+00 | 24  0.00503  5.44595e+00
 25  0.00431  5.05746e+00 | 26  0.00300  3.93353e+00 | 27  0.00607  2.89596e+00
 28 -0.00010  9.65342e-01 | 29 -0.00618  3.61104e+00 | 30  0.00163  1.16164e+01
 31  0.00887  5.95566e+00 | 32  0.00694  4.69553e+00 | 33  0.00368  4.38974e+00
 34  0.02571  3.42098e+00 | 35  0.01668  4.40720e+00 | 36  0.00752  1.37086e+00
 37  0.01087  5.58859e+00 | 38  0.01087  3.52584e+00 | 39  0.00401  3.65236e+00
 40  0.00664 -4.04297e+00 | 41  0.00293 -3.13644e+00 | 42  0.01312  7.69970e-01
 43  0.01834  3.48131e+00 | 44 -0.01449 -2.45982e-01 | 45 -0.01037  2.18388e+00
 46  0.00759 -3.53064e+00 | 47  0.01184 -4.63100e-01 | 48  0.02527 -2.83519e+00
 49  0.01436 -3.85382e+00 | 50 -0.00022  1.58506e+00 | 51  0.01270 -8.45222e+00
 52  0.01186 -9.13323e+00 | 53  0.00739 -8.33577e+00 | 54  0.01103 -6.86045e+00
 55  0.02596 -6.69476e+00 | 56  0.01135 -6.79635e+00 | 57  0.01463 -1.59088e+01
 58  0.00974 -1.09701e+01 | 59  0.02152 -1.09603e+01 | 60  0.02246 -2.44602e+00
 61  0.02232 -1.51112e+01 | 62  0.03249 -2.72676e+01 | 63 -0.01477 -7.63770e+00
 64 -0.00115 -1.01550e+01 | 65  0.00095 -9.26078e+00 | 66 -0.03798 -1.37740e+01
 67 -0.02360 -2.37843e+01 | 68 -0.02624 -2.34823e+01 | 69  0.00481 -1.76319e+01
 70  0.00020 -2.09297e+01 | 71  0.00095 -3.32693e+00 | 72 -0.04129 -2.99946e+01
 73  0.00971 -3.98269e+01 | 74  0.01766 -3.09795e+01 | 75 -0.02402  3.33484e+00
 76  0.00029 -1.49317e+01 | 77 -0.02485  3.69289e+00 | 78 -0.03240 -1.86192e+01
 79  0.00257 -2.16049e+00 | 80 -0.00533 -2.03608e+00 | 81 -0.00846  1.45015e+01
 82 -0.00088  3.03238e+00 | 83 -0.00816  1.25906e+01 | 84  0.03169  2.63515e+01
 85 -0.08046 -8.55339e+00 | 86 -0.02842 -1.48946e+01 | 87  0.00450  1.92291e+01
 88 -0.02299 -6.45825e+00 | 89  0.01738  4.20331e+01 | 90 -0.08038 -1.16371e+01
 91  0.00438  2.69008e+01 | 92 -0.03264  8.65589e+00 | 93 -0.02702  2.59140e+01
 94 -0.00670  3.57260e+00 | 95  0.00032  6.05252e+00 | 96  0.00074  6.22885e+00
 97  0.03396 -9.50283e+00 | 98 -0.40151  7.09180e-01 | 99 -0.14803 -4.01277e-01
100 -0.22561 -6.14069e+01 |
100 variables; iteration 40; function evaluation 46; phase 3
Function value 6.6605313e+02; maximum gradient component mag -2.2893e+01
Var    Value     Gradient |Var    Value     Gradient |Var    Value     Gradient
  1  0.78188 -2.28935e+01 |  2  0.00084  1.36019e+00 |  3  0.00085  1.36144e+00
  4  0.00087  1.36305e+00 |  5  0.00089  1.36510e+00 |  6  0.00092  1.36763e+00
  7  0.00095  1.37063e+00 |  8  0.00095  1.38378e+00 |  9  0.00100  1.39160e+00
 10  0.00107  1.40076e+00 | 11  0.00115  1.41056e+00 | 12  0.00126  1.41923e+00
 13  0.00131  1.45194e+00 | 14  0.00145  1.46180e+00 | 15  0.00162  1.45912e+00
 16  0.00183  1.43316e+00 | 17  0.00229  1.32469e+00 | 18  0.00250  1.25963e+00
 19  0.00267  1.19016e+00 | 20  0.00763  1.08369e+00 | 21  0.00399  1.13590e+00
 22  0.00438  1.16567e+00 | 23  0.00519  1.09820e+00 | 24  0.00519  1.14630e+00
 25  0.00472  1.20432e+00 | 26  0.00429  1.50662e+00 | 27  0.00795  1.58210e+00
 28  0.00339  2.18255e+00 | 29 -0.00511  1.00364e+00 | 30 -0.00084  3.03702e+00
 31  0.00799  7.51249e-01 | 32  0.00729  1.36223e+00 | 33  0.00410  1.27040e+00
 34  0.02630  1.24640e+00 | 35  0.01671  1.40432e+00 | 36  0.01039  2.37765e+00
 37  0.00941  7.30120e-01 | 38  0.01137  1.57807e+00 | 39  0.00448  1.67019e+00
 40  0.00925 -1.53768e+00 | 41  0.00895  3.80150e+00 | 42  0.01301 -6.95096e-01
 43  0.01626 -2.45689e-01 | 44 -0.01323 -3.98145e-01 | 45 -0.01066 -3.22493e-01
 46  0.00918 -1.32633e+00 | 47  0.01190  3.97760e-01 | 48  0.02621  8.94182e-01
 49  0.01444 -1.94283e+00 | 50 -0.00135  2.60105e-01 | 51  0.01603 -6.66381e-01
 52  0.01478 -1.24756e+00 | 53  0.01085  5.60138e-01 | 54  0.01061 -2.59845e+00
 55  0.02457 -1.60027e+00 | 56  0.00998 -1.26238e+00 | 57  0.01769 -1.64155e+00
 58  0.00898 -2.60302e+00 | 59  0.01862 -8.16132e+00 | 60  0.01733 -9.44492e+00
 61  0.02014 -7.20631e+00 | 62  0.03238 -2.70175e+00 | 63 -0.01399  7.29892e+00
 64 -0.00269 -1.15909e+00 | 65 -0.00003  4.86316e+00 | 66 -0.03770 -1.64007e-01
 67 -0.02384 -6.88653e+00 | 68 -0.02619 -4.19932e+00 | 69  0.00446  6.64378e+00
 70 -0.00065 -5.81315e+00 | 71 -0.00004  3.40753e+00 | 72 -0.03976 -2.19923e+00
 73  0.01032  8.62717e+00 | 74  0.01734 -1.54142e-01 | 75 -0.02559 -6.23403e+00
 76 -0.00028 -1.62711e+00 | 77 -0.02580  1.15330e+00 | 78 -0.03224 -5.35029e+00
 79  0.00196  6.79967e-01 | 80 -0.00672 -1.05109e+01 | 81 -0.00962  2.03979e+00
 82 -0.00194 -3.61916e+00 | 83 -0.00897  4.04251e+00 | 84  0.02968 -1.17973e+01
 85 -0.07840  6.81649e+00 | 86 -0.02846 -1.00415e+01 | 87  0.00343  4.32044e+00
 88 -0.02301 -1.55671e+00 | 89  0.01550  2.30662e+00 | 90 -0.07888 -2.45627e+00
 91  0.00294  9.60983e+00 | 92 -0.03457 -4.37809e+00 | 93 -0.02947  4.47549e+00
 94 -0.00759  1.26915e+00 | 95  0.00051  1.41671e+00 | 96  0.00080  1.35638e+00
 97  0.03319 -4.75596e+00 | 98 -0.40127  4.36152e+00 | 99 -0.13151 -1.22207e+01
100 -0.21668  1.13452e+01 |
100 variables; iteration 60; function evaluation 76; phase 3
Function value 6.6595248e+02; maximum gradient component mag 2.6847e+00
Var    Value     Gradient |Var    Value     Gradient |Var    Value     Gradient
  1  0.78186 -1.93999e+00 |  2  0.00079  2.01325e-01 |  3  0.00080  2.01397e-01
  4  0.00081  2.01446e-01 |  5  0.00083  2.01427e-01 |  6  0.00086  2.01256e-01
  7  0.00090  2.00779e-01 |  8  0.00089  2.04039e-01 |  9  0.00093  2.03768e-01
 10  0.00099  2.02494e-01 | 11  0.00107  1.99354e-01 | 12  0.00117  1.93130e-01
 13  0.00119  1.91132e-01 | 14  0.00132  1.76815e-01 | 15  0.00148  1.55629e-01
 16  0.00168  1.29676e-01 | 17  0.00219  1.07515e-01 | 18  0.00244  9.68624e-02
 19  0.00265  9.44653e-02 | 20  0.00769  9.59359e-02 | 21  0.00399  7.22819e-02
 22  0.00435  4.89318e-02 | 23  0.00520  5.03603e-02 | 24  0.00516  3.78064e-02
 25  0.00465  4.16240e-02 | 26  0.00407  1.36836e-01 | 27  0.00780  3.12132e-01
 28  0.00303  6.04151e-01 | 29 -0.00475  6.38318e-01 | 30 -0.00171  4.99801e-01
 31  0.00838  3.24211e-01 | 32  0.00713  1.27544e-01 | 33  0.00383 -1.53013e-01
 34  0.02589 -3.22796e-01 | 35  0.01682  5.79959e-01 | 36  0.00968  4.33441e-01
 37  0.00938 -2.54904e-01 | 38  0.01101  1.32683e-01 | 39  0.00420  3.58590e-01
 40  0.01058  1.45658e-01 | 41  0.00658 -3.51327e-01 | 42  0.01436  5.74270e-01
 43  0.01661 -1.75188e-02 | 44 -0.01256  2.03184e-01 | 45 -0.01045 -6.71555e-01
 46  0.00996 -5.03870e-01 | 47  0.01182  1.46523e-01 | 48  0.02547  2.81099e-01
 49  0.01572  4.74875e-02 | 50 -0.00166 -5.93820e-01 | 51  0.01589 -4.38561e-01
 52  0.01519 -2.36638e-01 | 53  0.01014  1.30192e-01 | 54  0.01156 -3.03950e-01
 55  0.02491  2.01599e-01 | 56  0.00975 -6.11859e-01 | 57  0.01762 -2.47969e-01
 58  0.00949 -1.40599e-01 | 59  0.02009 -1.02659e+00 | 60  0.01869 -1.43998e+00
 61  0.02119  4.35285e-01 | 62  0.03211  4.29933e-01 | 63 -0.01620 -3.35460e-01
 64 -0.00292  1.34925e-01 | 65 -0.00100  3.39743e-01 | 66 -0.03802  2.02909e-02
 67 -0.02365 -5.43460e-01 | 68 -0.02625 -4.84165e-01 | 69  0.00427  9.01720e-01
 70 -0.00070 -6.67650e-01 | 71 -0.00012  5.28718e-01 | 72 -0.03982 -2.79369e-01
 73  0.01016  1.27352e+00 | 74  0.01704 -2.99306e-01 | 75 -0.02505 -3.43780e-01
 76 -0.00052 -5.78777e-01 | 77 -0.02575  9.88214e-02 | 78 -0.03214 -6.78289e-01
 79  0.00204  4.84221e-01 | 80 -0.00648 -1.17132e+00 | 81 -0.00955  3.44948e-01
 82 -0.00206 -7.09251e-01 | 83 -0.00900  2.23740e-01 | 84  0.02974 -1.94350e+00
 85 -0.07900  4.02105e-01 | 86 -0.02802 -9.30346e-01 | 87  0.00346  4.68863e-01
 88 -0.02318 -5.14091e-01 | 89  0.01560  8.52297e-02 | 90 -0.07850 -8.96425e-02
 91  0.00300  1.12178e+00 | 92 -0.03406 -4.73443e-01 | 93 -0.02895  6.77755e-01
 94 -0.00784  5.56430e-01 | 95  0.00044  2.29473e-01 | 96  0.00076  2.00941e-01
 97  0.03434 -6.55108e-01 | 98 -0.40076  7.52455e-01 | 99 -0.12138 -2.36664e+00
100 -0.21287  2.68472e+00 |

 - final statistics:
100 variables; iteration 64; function evaluation 84
Function value 6.6595e+02; maximum gradient component mag 9.3432e-01
Exit code = 1;  converg criter 1.0000e+00
Var    Value     Gradient |Var    Value     Gradient |Var    Value     Gradient
  1  0.78177 -5.35893e-02 |  2  0.00074  3.41685e-02 |  3  0.00075  3.42393e-02
  4  0.00077  3.43190e-02 |  5  0.00079  3.43990e-02 |  6  0.00082  3.44582e-02
  7  0.00085  3.44540e-02 |  8  0.00084  3.58494e-02 |  9  0.00089  3.60886e-02
 10  0.00095  3.60984e-02 | 11  0.00103  3.55968e-02 | 12  0.00113  3.41386e-02
 13  0.00115  3.46141e-02 | 14  0.00129  3.06256e-02 | 15  0.00146  2.39271e-02
 16  0.00167  1.47855e-02 | 17  0.00219  5.14468e-03 | 18  0.00244  4.48934e-04
 19  0.00265 -7.27127e-04 | 20  0.00769  1.41285e-03 | 21  0.00401 -7.27607e-03
 22  0.00437 -1.51445e-02 | 23  0.00522 -1.59873e-02 | 24  0.00518 -1.91290e-02
 25  0.00467 -1.79653e-02 | 26  0.00405  5.28950e-03 | 27  0.00770  5.77625e-02
 28  0.00278  1.35361e-01 | 29 -0.00505  4.33151e-02 | 30 -0.00192  4.38129e-02
 31  0.00825  2.53341e-02 | 32  0.00710 -2.34094e-02 | 33  0.00397 -1.89699e-02
 34  0.02613 -2.08639e-02 | 35  0.01654 -3.10475e-03 | 36  0.00949  7.18306e-02
 37  0.00958 -7.82706e-02 | 38  0.01098 -1.65320e-03 | 39  0.00406  5.36845e-02
 40  0.01050 -8.21661e-02 | 41  0.00676 -1.73472e-01 | 42  0.01405  1.01925e-01
 43  0.01674  6.10359e-02 | 44 -0.01253  2.00023e-01 | 45 -0.01015 -1.20964e-01
 46  0.01033  6.88259e-03 | 47  0.01171  1.36500e-02 | 48  0.02530  6.65011e-02
 49  0.01573  4.04312e-02 | 50 -0.00147 -2.20165e-01 | 51  0.01611 -7.16256e-02
 52  0.01525 -5.00371e-02 | 53  0.01005  9.40770e-02 | 54  0.01167 -1.98229e-02
 55  0.02479  4.34475e-02 | 56  0.01005 -2.95642e-02 | 57  0.01768  9.79596e-03
 58  0.00949 -5.16288e-03 | 59  0.02031 -8.37378e-02 | 60  0.01898 -1.25908e-01
 61  0.02109  1.28067e-01 | 62  0.03199  8.74247e-02 | 63 -0.01617 -1.09044e-01
 64 -0.00298  3.99302e-03 | 65 -0.00106  1.91068e-03 | 66 -0.03805 -1.50021e-02
 67 -0.02363 -5.86768e-02 | 68 -0.02625 -9.44883e-02 | 69  0.00428  2.30232e-01
 70 -0.00070 -1.21108e-01 | 71 -0.00009  1.68064e-01 | 72 -0.03982 -7.78995e-02
 73  0.01017  3.32811e-01 | 74  0.01702 -1.11469e-01 | 75 -0.02497  6.78394e-02
 76 -0.00053 -1.72583e-01 | 77 -0.02571  2.42160e-02 | 78 -0.03213 -1.62926e-01
 79  0.00207  2.21363e-01 | 80 -0.00645 -2.08769e-01 | 81 -0.00951  1.33481e-01
 82 -0.00206 -1.94771e-01 | 83 -0.00896  3.87499e-02 | 84  0.02976 -4.35547e-01
 85 -0.07900 -2.10414e-03 | 86 -0.02799 -1.42597e-01 | 87  0.00349  1.27055e-01
 88 -0.02319 -1.72330e-01 | 89  0.01565  3.36697e-02 | 90 -0.07850 -2.90840e-02
 91  0.00304  2.33980e-01 | 92 -0.03400 -1.08555e-01 | 93 -0.02885  1.66621e-01
 94 -0.00811  9.38032e-03 | 95  0.00038  4.56486e-02 | 96  0.00071  3.39093e-02
 97  0.03453 -1.26938e-01 | 98 -0.40068  2.29080e-01 | 99 -0.11952 -7.25658e-01
100 -0.21220  9.34319e-01 |

Initial statistics: 107 variables; iteration 0; function evaluation 0; phase 4
Function value 6.6594913e+02; maximum gradient component mag -1.4801e+03
Var    Value     Gradient |Var    Value     Gradient |Var    Value     Gradient
  1 -0.42263  6.92812e+02 |  2 -0.42263 -1.48006e+03 |  3 -0.41094 -2.82181e+02
  4  0.78177 -5.35893e-02 |  5  0.00000 -5.51491e-02 |  6  0.00000 -1.94681e-02
  7  0.00000 -2.63199e-02 |  8  0.00000 -3.55718e-02 |  9  0.00074  3.17047e-02
 10  0.00075  3.17755e-02 | 11  0.00077  3.18552e-02 | 12  0.00079  3.19352e-02
 13  0.00082  3.19944e-02 | 14  0.00085  3.19902e-02 | 15  0.00084  3.33856e-02
 16  0.00089  3.36248e-02 | 17  0.00095  3.36346e-02 | 18  0.00103  3.31330e-02
 19  0.00113  3.16748e-02 | 20  0.00115  3.21503e-02 | 21  0.00129  2.81618e-02
 22  0.00146  2.14633e-02 | 23  0.00167  1.23217e-02 | 24  0.00219  2.68089e-03
 25  0.00244 -2.01485e-03 | 26  0.00265 -3.19091e-03 | 27  0.00769 -1.05077e-03
 28  0.00401 -9.73982e-03 | 29  0.00437 -1.76082e-02 | 30  0.00522 -1.84510e-02
 31  0.00518 -2.15927e-02 | 32  0.00467 -2.04291e-02 | 33  0.00405  2.82575e-03
 34  0.00770  5.52989e-02 | 35  0.00278  1.32897e-01 | 36 -0.00505  4.08514e-02
 37 -0.00192  4.13491e-02 | 38  0.00825  2.28705e-02 | 39  0.00710 -2.58731e-02
 40  0.00397 -2.14336e-02 | 41  0.02613 -2.33256e-02 | 42  0.01654 -5.56772e-03
 43  0.00949  6.93671e-02 | 44  0.00958 -8.07342e-02 | 45  0.01098 -4.11664e-03
 46  0.00406  5.12207e-02 | 47  0.01050 -8.46296e-02 | 48  0.00676 -1.75935e-01
 49  0.01405  9.94615e-02 | 50  0.01674  5.85729e-02 | 51 -0.01253  1.97560e-01
 52 -0.01015 -1.23427e-01 | 53  0.01033  4.41912e-03 | 54  0.01171  1.11867e-02
 55  0.02530  6.40393e-02 | 56  0.01573  3.79682e-02 | 57 -0.00147 -2.22629e-01
 58  0.01611 -7.40886e-02 | 59  0.01525 -5.25002e-02 | 60  0.01005  9.16135e-02
 61  0.01167 -2.22863e-02 | 62  0.02479  4.09856e-02 | 63  0.01005 -3.20277e-02
 64  0.01768  7.33311e-03 | 65  0.00949 -7.62641e-03 | 66  0.02031 -8.62003e-02
 67  0.01898 -1.28371e-01 | 68  0.02109  1.25605e-01 | 69  0.03199  8.49640e-02
 70 -0.01617 -1.11507e-01 | 71 -0.00298  1.52925e-03 | 72 -0.00106 -5.53114e-04
 73 -0.03805 -1.74615e-02 | 74 -0.02363 -6.11389e-02 | 75 -0.02625 -9.69500e-02
 76  0.00428  2.27768e-01 | 77 -0.00070 -1.23572e-01 | 78 -0.00009  1.65600e-01
 79 -0.03982 -8.03585e-02 | 80  0.01017  3.30348e-01 | 81  0.01702 -1.13932e-01
 82 -0.02497  6.53775e-02 | 83 -0.00053 -1.75047e-01 | 84 -0.02571  2.17542e-02
 85 -0.03213 -1.65387e-01 | 86  0.00207  2.18899e-01 | 87 -0.00645 -2.11233e-01
 88 -0.00951  1.31018e-01 | 89 -0.00206 -1.97235e-01 | 90 -0.00896  3.62863e-02
 91  0.02976 -4.38008e-01 | 92 -0.07900 -4.54900e-03 | 93 -0.02799 -1.45058e-01
 94  0.00349  1.24591e-01 | 95 -0.02319 -1.74792e-01 | 96  0.01565  3.12066e-02
 97 -0.07850 -3.15291e-02 | 98  0.00304  2.31516e-01 | 99 -0.03400 -1.11015e-01
100 -0.02885  1.64160e-01 |101 -0.00811  6.91672e-03 |102  0.00038  4.31848e-02
103  0.00071  3.14455e-02 |104  0.03453 -1.26938e-01 |105 -0.40068  2.29080e-01
106 -0.11952 -7.25658e-01 |107 -0.21220  9.34319e-01 |

Intermediate statistics: 107 variables; iteration 20; function evaluation 27; phase 4
Function value 6.4623936e+02; maximum gradient component mag -1.0628e+03
Var    Value     Gradient |Var    Value     Gradient |Var    Value     Gradient
  1 -0.44739 -1.76093e+02 |  2 -0.40742 -1.06278e+03 |  3 -0.41406 -4.93656e+02
  4  0.76047 -4.57250e+02 |  5  0.00001 -2.47701e-02 |  6  0.00000 -8.74246e-03
  7  0.00001 -1.18174e-02 |  8  0.00001 -1.59674e-02 |  9  0.00148  1.64073e+01
 10  0.00149  1.64081e+01 | 11  0.00150  1.64092e+01 | 12  0.00152  1.64108e+01
 13  0.00154  1.64128e+01 | 14  0.00158  1.64156e+01 | 15  0.00156  1.64200e+01
 16  0.00160  1.64250e+01 | 17  0.00165  1.64316e+01 | 18  0.00172  1.64403e+01
 19  0.00180  1.64514e+01 | 20  0.00181  1.64668e+01 | 21  0.00191  1.64850e+01
 22  0.00205  1.65075e+01 | 23  0.00223  1.65356e+01 | 24  0.00270  1.65716e+01
 25  0.00289  1.66166e+01 | 26  0.00303  1.66684e+01 | 27  0.00796  1.67476e+01
 28  0.00423  1.67623e+01 | 29  0.00453  1.67561e+01 | 30  0.00542  1.66121e+01
 31  0.00554  1.62733e+01 | 32  0.00524  1.58681e+01 | 33  0.00438  1.61284e+01
 34  0.00762  1.64616e+01 | 35  0.00365  1.50887e+01 | 36 -0.00491  1.61552e+01
 37 -0.00262  1.64418e+01 | 38  0.00788  1.61788e+01 | 39  0.00665  1.60408e+01
 40  0.00312  1.64202e+01 | 41  0.02562  1.41859e+01 | 42  0.01597  1.34129e+01
 43  0.00944  1.38773e+01 | 44  0.00889  1.41514e+01 | 45  0.01033  1.32339e+01
 46  0.00495  1.08469e+01 | 47  0.00988  1.07623e+01 | 48  0.00580  1.23050e+01
 49  0.01106  1.26107e+01 | 50  0.01758  6.60751e+00 | 51 -0.01269  1.09492e+01
 52 -0.01222  1.13911e+01 | 53  0.00854  8.37744e+00 | 54  0.01005  7.06572e+00
 55  0.02084  5.12765e+00 | 56  0.01555  6.72222e-01 | 57 -0.00440  6.27214e+00
 58  0.01239  1.74087e+00 | 59  0.01318 -1.32898e+00 | 60  0.00668 -6.34905e-01
 61  0.00949 -5.38276e+00 | 62  0.01915 -1.06632e+01 | 63  0.00619 -7.37849e+00
 64  0.01300 -1.40575e+01 | 65  0.00742 -1.88192e+01 | 66  0.01540 -2.47995e+01
 67  0.01546 -2.60065e+01 | 68  0.01700 -3.24716e+01 | 69  0.03072 -4.75813e+01
 70 -0.01508 -1.58027e+01 | 71 -0.00198 -3.27133e+01 | 72  0.00229 -3.13560e+01
 73 -0.03695 -1.76910e+01 | 74 -0.02382 -2.31573e+01 | 75 -0.02572 -2.46463e+01
 76  0.00332 -4.00384e+01 | 77 -0.00057 -7.69003e+01 | 78 -0.00117 -6.64808e+01
 79 -0.03517 -7.13103e+00 | 80  0.00836 -5.75517e+01 | 81  0.01800 -7.54428e+01
 82 -0.02571 -5.29738e+01 | 83  0.00291 -6.94433e+01 | 84 -0.02661 -4.51058e+01
 85 -0.02993 -2.84128e+01 | 86 -0.00073 -9.23517e+01 | 87 -0.00549 -6.57044e+01
 88 -0.01057 -3.86018e+01 | 89 -0.00163 -6.92635e+01 | 90 -0.01163 -5.37204e+01
 91  0.03159 -1.02752e+02 | 92 -0.07731  1.50815e+00 | 93 -0.02629 -1.77247e+01
 94  0.00093 -8.68589e+01 | 95 -0.01723 -1.54324e+01 | 96  0.01689 -4.26761e+01
 97 -0.07424  8.99744e+00 | 98  0.00417  1.03605e+01 | 99 -0.02762  3.02778e+01
100 -0.02841  1.43404e+01 |101 -0.00382  1.05937e+01 |102  0.00117  1.65476e+01
103  0.00145  1.64049e+01 |104  0.01970 -6.87688e+01 |105 -0.40244  1.23639e+02
106 -0.03749  3.04951e+00 |107 -0.16322 -1.87714e+01 |
107 variables; iteration 40; function evaluation 48; phase 4
Function value 6.4538740e+02; maximum gradient component mag -5.1007e+02
Var    Value     Gradient |Var    Value     Gradient |Var    Value     Gradient
  1 -0.44607 -6.33503e+01 |  2 -0.40564 -5.10071e+02 |  3 -0.41677 -2.24354e+02
  4  0.75656 -2.23616e+02 |  5  0.00002 -1.24261e-02 |  6  0.00001 -4.39562e-03
  7  0.00001 -5.93949e-03 |  8  0.00001 -8.02141e-03 |  9  0.00107  9.31806e+00
 10  0.00108  9.31849e+00 | 11  0.00109  9.31907e+00 | 12  0.00111  9.31984e+00
 13  0.00113  9.32086e+00 | 14  0.00116  9.32221e+00 | 15  0.00115  9.32421e+00
 16  0.00118  9.32658e+00 | 17  0.00123  9.32961e+00 | 18  0.00129  9.33342e+00
 19  0.00137  9.33811e+00 | 20  0.00136  9.34479e+00 | 21  0.00146  9.35192e+00
 22  0.00158  9.36015e+00 | 23  0.00174  9.36950e+00 | 24  0.00218  9.38028e+00
 25  0.00234  9.39235e+00 | 26  0.00244  9.40404e+00 | 27  0.00730  9.41547e+00
 28  0.00355  9.41231e+00 | 29  0.00383  9.39468e+00 | 30  0.00478  9.34465e+00
 31  0.00506  9.23034e+00 | 32  0.00495  9.08106e+00 | 33  0.00387  9.10317e+00
 34  0.00681  9.11040e+00 | 35  0.00343  8.59572e+00 | 36 -0.00545  9.29093e+00
 37 -0.00296  9.69475e+00 | 38  0.00722  9.22227e+00 | 39  0.00594  9.19045e+00
 40  0.00218  9.33887e+00 | 41  0.02487  7.90920e+00 | 42  0.01548  6.63639e+00
 43  0.00915  7.80445e+00 | 44  0.00810  7.78044e+00 | 45  0.00965  7.26878e+00
 46  0.00511  6.14159e+00 | 47  0.00966  5.25130e+00 | 48  0.00497  6.51174e+00
 49  0.00994  7.41939e+00 | 50  0.01786  3.79649e+00 | 51 -0.01294  6.74821e+00
 52 -0.01255  6.62955e+00 | 53  0.00790  4.78057e+00 | 54  0.00887  3.63324e+00
 55  0.02023  4.41849e+00 | 56  0.01570  1.27543e+00 | 57 -0.00380  6.01815e+00
 58  0.01212  2.50807e+00 | 59  0.01283  4.86873e-01 | 60  0.00641  1.55030e+00
 61  0.01029  5.33455e-02 | 62  0.02139  3.77392e-01 | 63  0.00663 -1.08231e+00
 64  0.01419 -3.14345e+00 | 65  0.01043 -3.70818e+00 | 66  0.02014  2.51702e+00
 67  0.01538 -1.43908e+01 | 68  0.01852 -1.20701e+01 | 69  0.03275 -1.32648e+01
 70 -0.01602 -1.09688e+01 | 71 -0.00293 -2.34924e+01 | 72  0.00249 -1.39792e+01
 73 -0.03364  1.06362e+01 | 74 -0.02410 -1.66467e+01 | 75 -0.02538 -1.43985e+01
 76  0.00358 -2.23907e+01 | 77  0.00091 -3.32020e+01 | 78  0.00004 -2.80318e+01
 79 -0.03563 -4.37258e+00 | 80  0.00881 -2.96106e+01 | 81  0.01809 -4.28101e+01
 82 -0.02399 -1.92852e+01 | 83  0.00349 -3.58386e+01 | 84 -0.02546 -1.87475e+01
 85 -0.02965 -1.37450e+01 | 86  0.00071 -3.99228e+01 | 87 -0.00442 -2.64537e+01
 88 -0.01010 -1.98694e+01 | 89 -0.00044 -3.00655e+01 | 90 -0.01050 -2.39734e+01
 91  0.03250 -4.95224e+01 | 92 -0.07693 -1.66159e-01 | 93 -0.02539 -3.74450e+00
 94  0.00354 -2.83679e+01 | 95 -0.01746 -1.33820e+01 | 96  0.01805 -1.71510e+01
 97 -0.07588 -6.31142e+00 | 98  0.00456  2.95981e+00 | 99 -0.02834  1.34727e+01
100 -0.02811  2.31798e+00 |101 -0.00369  4.89931e+00 |102  0.00073  9.36930e+00
103  0.00104  9.31681e+00 |104  0.02562 -2.74843e+01 |105 -0.40143  5.23629e+01
106 -0.02089 -3.71682e-01 |107 -0.15461 -8.36695e+00 |
107 variables; iteration 60; function evaluation 80; phase 4
Function value 6.4473922e+02; maximum gradient component mag 2.6471e+02
Var    Value     Gradient |Var    Value     Gradient |Var    Value     Gradient
  1 -0.44577  2.71602e+01 |  2 -0.40186  2.64710e+02 |  3 -0.42122  1.41891e+02
  4  0.75249  9.26398e+01 |  5  0.00003  3.07725e-03 |  6  0.00001  1.15015e-03
  7  0.00001  1.53812e-03 |  8  0.00002  2.04837e-03 |  9  0.00057 -2.98273e+00
 10  0.00057 -2.98383e+00 | 11  0.00059 -2.98527e+00 | 12  0.00060 -2.98718e+00
 13  0.00062 -2.98965e+00 | 14  0.00065 -2.99281e+00 | 15  0.00062 -2.99599e+00
 16  0.00065 -3.00096e+00 | 17  0.00069 -3.00707e+00 | 18  0.00074 -3.01432e+00
 19  0.00080 -3.02248e+00 | 20  0.00078 -3.03359e+00 | 21  0.00085 -3.04413e+00
 22  0.00095 -3.05376e+00 | 23  0.00107 -3.06031e+00 | 24  0.00149 -3.06056e+00
 25  0.00162 -3.05111e+00 | 26  0.00170 -3.03123e+00 | 27  0.00653 -2.98517e+00
 28  0.00276 -2.99392e+00 | 29  0.00299 -3.03725e+00 | 30  0.00388 -3.16779e+00
 31  0.00422 -3.21297e+00 | 32  0.00432 -3.15227e+00 | 33  0.00316 -3.13683e+00
 34  0.00612 -2.81249e+00 | 35  0.00293 -3.25496e+00 | 36 -0.00656 -3.33072e+00
 37 -0.00400 -2.58494e+00 | 38  0.00599 -3.18558e+00 | 39  0.00451 -3.36660e+00
 40  0.00044 -3.48589e+00 | 41  0.02346 -3.68946e+00 | 42  0.01574 -2.61813e+00
 43  0.00886 -2.64399e+00 | 44  0.00752 -2.43540e+00 | 45  0.00995 -1.25398e+00
 46  0.00695 -2.16007e-01 | 47  0.01009 -2.78306e+00 | 48  0.00539 -1.28099e+00
 49  0.00982  4.60135e-02 | 50  0.01697 -4.66894e+00 | 51 -0.01370 -2.80828e+00
 52 -0.01203  5.90989e-01 | 53  0.00761 -1.27102e+00 | 54  0.01123  2.20387e+00
 55  0.01907  5.93148e-01 | 56  0.01652 -2.81375e-01 | 57 -0.00540 -1.27655e+00
 58  0.01068 -6.73609e-01 | 59  0.01556  4.11841e+00 | 60  0.00667  2.21805e+00
 61  0.01073  2.70919e+00 | 62  0.01871 -2.70209e-01 | 63  0.00668  2.16050e+00
 64  0.01498  5.06328e+00 | 65  0.01101  4.00509e+00 | 66  0.01713  4.70639e+00
 67  0.01695  6.32280e+00 | 68  0.01912  8.75445e+00 | 69  0.03183  1.06902e+01
 70 -0.01396  6.96403e+00 | 71  0.00017  1.14141e+01 | 72  0.00302  1.03013e+01
 73 -0.03614  2.00017e+00 | 74 -0.02343  6.59454e+00 | 75 -0.02481  3.76929e+00
 76  0.00395  1.01386e+01 | 77  0.00190  1.13726e+01 | 78  0.00088  1.24135e+01
 79 -0.03593  3.57000e-01 | 80  0.00923  1.31637e+01 | 81  0.01850  1.26668e+01
 82 -0.02309  7.54151e+00 | 83  0.00442  1.09330e+01 | 84 -0.02458  7.95112e+00
 85 -0.02940  3.66273e+00 | 86  0.00191  1.81301e+01 | 87 -0.00405  7.57170e+00
 88 -0.00948  8.73873e+00 | 89  0.00029  7.69242e+00 | 90 -0.00937  1.28434e+01
 91  0.03330  1.29101e+01 | 92 -0.07630 -3.34820e+00 | 93 -0.02528 -4.26854e-01
 94  0.00540  1.43340e+01 | 95 -0.01635 -4.22946e+00 | 96  0.01960  3.68253e+00
 97 -0.07242  2.45285e-01 | 98  0.00650 -1.63604e+00 | 99 -0.02698 -7.73992e+00
100 -0.02453 -2.07990e+00 |101 -0.00287 -5.28183e+00 |102  0.00029 -2.92523e+00
103  0.00054 -2.97952e+00 |104  0.02422  1.33251e+01 |105 -0.40305 -2.17757e+01
106  0.04998  6.22949e-01 |107 -0.12038 -1.29244e+01 |
Maximum number of function evaluations exceeded

 - final statistics:
107 variables; iteration 73; function evaluation 100
Function value 6.4440e+02; maximum gradient component mag 5.0129e+02
Exit code = 3;  converg criter 1.0000e+00
Var    Value     Gradient |Var    Value     Gradient |Var    Value     Gradient
  1 -0.44539  3.25154e+01 |  2 -0.39986  5.01287e+02 |  3 -0.42433  2.46196e+02
  4  0.75134  1.89056e+02 |  5  0.00006  4.41327e-02 |  6  0.00002  1.56480e-02
  7  0.00003  2.11337e-02 |  8  0.00004  2.85212e-02 |  9  0.00078 -7.08762e+00
 10  0.00078 -7.09217e+00 | 11  0.00079 -7.09820e+00 | 12  0.00080 -7.10615e+00
 13  0.00082 -7.11656e+00 | 14  0.00083 -7.13003e+00 | 15  0.00080 -7.14464e+00
 16  0.00082 -7.16647e+00 | 17  0.00084 -7.19404e+00 | 18  0.00087 -7.22828e+00
 19  0.00091 -7.27009e+00 | 20  0.00086 -7.32633e+00 | 21  0.00089 -7.38962e+00
 22  0.00094 -7.46416e+00 | 23  0.00101 -7.55136e+00 | 24  0.00135 -7.65309e+00
 25  0.00140 -7.75470e+00 | 26  0.00142 -7.80497e+00 | 27  0.00635 -7.59477e+00
 28  0.00286 -7.17954e+00 | 29  0.00341 -6.74724e+00 | 30  0.00326 -8.42417e+00
 31  0.00286 -9.58124e+00 | 32  0.00427 -7.64578e+00 | 33  0.00227 -8.83251e+00
 34  0.00718 -5.59452e+00 | 35  0.00140 -9.91562e+00 | 36 -0.00709 -8.44951e+00
 37 -0.00266 -4.35817e+00 | 38  0.00468 -9.35039e+00 | 39  0.00314 -9.58346e+00
 40 -0.00006 -8.23946e+00 | 41  0.02478 -5.43851e+00 | 42  0.01531 -7.02963e+00
 43  0.00663 -9.78366e+00 | 44  0.00671 -7.43478e+00 | 45  0.00938 -5.92280e+00
 46  0.00547 -6.36148e+00 | 47  0.01013 -6.05959e+00 | 48  0.00511 -4.99945e+00
 49  0.01152 -9.75650e-02 | 50  0.01805 -5.17250e+00 | 51 -0.01358 -5.62151e+00
 52 -0.01464 -8.12209e+00 | 53  0.00639 -5.81065e+00 | 54  0.01146  1.15937e-01
 55  0.01847 -1.81937e+00 | 56  0.01749  1.95702e-01 | 57 -0.00541 -3.33040e+00
 58  0.01012 -2.80547e+00 | 59  0.01385  8.80103e-01 | 60  0.00466 -1.81508e+00
 61  0.01044  2.34538e+00 | 62  0.01848  8.58666e-01 | 63  0.00469 -8.76499e-01
 64  0.01598  8.51556e+00 | 65  0.01016  4.22635e+00 | 66  0.01764  1.09367e+01
 67  0.01736  1.37163e+01 | 68  0.01880  1.43835e+01 | 69  0.03206  2.29649e+01
 70 -0.01412  1.07467e+01 | 71  0.00024  1.97613e+01 | 72  0.00279  1.99911e+01
 73 -0.03663  5.67410e+00 | 74 -0.02398  1.45440e+01 | 75 -0.02447  1.03217e+01
 76  0.00435  2.33776e+01 | 77  0.00222  2.52217e+01 | 78  0.00123  2.32335e+01
 79 -0.03555  5.73317e+00 | 80  0.00972  2.89070e+01 | 81  0.01875  3.34115e+01
 82 -0.02287  1.19936e+01 | 83  0.00462  2.41490e+01 | 84 -0.02430  1.29321e+01
 85 -0.02917  1.00780e+01 | 86  0.00221  2.71814e+01 | 87 -0.00394  1.65511e+01
 88 -0.00913  1.59510e+01 | 89  0.00044  1.62433e+01 | 90 -0.00901  1.72876e+01
 91  0.03344  2.61006e+01 | 92 -0.07608 -6.15699e+00 | 93 -0.02491  1.18512e+00
 94  0.00593  1.26712e+01 | 95 -0.01582 -3.18145e+00 | 96  0.02042  2.52355e+00
 97 -0.07108 -1.83888e+00 | 98  0.00818 -7.58441e+00 | 99 -0.02457 -1.23731e+01
100 -0.02142 -9.75681e+00 |101 -0.00369 -1.14002e+01 |102  0.00064 -6.82854e+00
103  0.00076 -7.07432e+00 |104  0.02419  2.34233e+01 |105 -0.40320 -3.70055e+01
106  0.14983  7.47107e+00 |107 -0.07152 -1.97834e+01 |

Initial statistics: 110 variables; iteration 0; function evaluation 0; phase 5
Function value 6.4440288e+02; maximum gradient component mag 2.6743e+03
Var    Value     Gradient |Var    Value     Gradient |Var    Value     Gradient
  1 -0.44539  3.25154e+01 |  2 -0.39986  5.01287e+02 |  3 -0.42433  2.46196e+02
  4 -0.41222 -4.27664e+01 |  5 -0.41222  5.41890e+01 |  6  0.75134  1.89056e+02
  7  0.00006  4.41327e-02 |  8  0.00002  1.56480e-02 |  9  0.00003  2.11337e-02
 10  0.00004  2.85212e-02 | 11  0.00076 -8.11106e+00 | 12  0.00076 -8.11561e+00
 13  0.00077 -8.12163e+00 | 14  0.00078 -8.12958e+00 | 15  0.00080 -8.13999e+00
 16  0.00082 -8.15347e+00 | 17  0.00078 -8.16807e+00 | 18  0.00080 -8.18991e+00
 19  0.00082 -8.21748e+00 | 20  0.00085 -8.25171e+00 | 21  0.00089 -8.29352e+00
 22  0.00084 -8.34976e+00 | 23  0.00087 -8.41306e+00 | 24  0.00092 -8.48760e+00
 25  0.00099 -8.57479e+00 | 26  0.00133 -8.67652e+00 | 27  0.00138 -8.77814e+00
 28  0.00140 -8.82840e+00 | 29  0.00633 -8.61816e+00 | 30  0.00284 -8.20296e+00
 31  0.00339 -7.77066e+00 | 32  0.00324 -9.44759e+00 | 33  0.00284 -1.06047e+01
 34  0.00425 -8.66919e+00 | 35  0.00225 -9.85594e+00 | 36  0.00716 -6.61789e+00
 37  0.00138 -1.09391e+01 | 38 -0.00711 -9.47288e+00 | 39 -0.00268 -5.38160e+00
 40  0.00466 -1.03738e+01 | 41  0.00312 -1.06069e+01 | 42 -0.00008 -9.26290e+00
 43  0.02476 -6.46118e+00 | 44  0.01529 -8.05278e+00 | 45  0.00661 -1.08070e+01
 46  0.00669 -8.45816e+00 | 47  0.00936 -6.94613e+00 | 48  0.00545 -7.38488e+00
 49  0.01011 -7.08290e+00 | 50  0.00509 -6.02286e+00 | 51  0.01150 -1.12083e+00
 52  0.01803 -6.19553e+00 | 53 -0.01360 -6.64471e+00 | 54 -0.01466 -9.14525e+00
 55  0.00637 -6.83403e+00 | 56  0.01144 -9.07333e-01 | 57  0.01845 -2.84237e+00
 58  0.01747 -8.27348e-01 | 59 -0.00543 -4.35380e+00 | 60  0.01010 -3.82878e+00
 61  0.01383 -1.43091e-01 | 62  0.00464 -2.83848e+00 | 63  0.01042  1.32208e+00
 64  0.01846 -1.64338e-01 | 65  0.00467 -1.89991e+00 | 66  0.01596  7.49246e+00
 67  0.01014  3.20304e+00 | 68  0.01762  9.91369e+00 | 69  0.01734  1.26933e+01
 70  0.01878  1.33605e+01 | 71  0.03204  2.19428e+01 | 72 -0.01414  9.72353e+00
 73  0.00022  1.87379e+01 | 74  0.00277  1.89676e+01 | 75 -0.03665  4.65235e+00
 76 -0.02400  1.35213e+01 | 77 -0.02449  9.29902e+00 | 78  0.00433  2.23541e+01
 79  0.00220  2.41982e+01 | 80  0.00121  2.22100e+01 | 81 -0.03557  4.71132e+00
 82  0.00970  2.78837e+01 | 83  0.01873  3.23885e+01 | 84 -0.02289  1.09709e+01
 85  0.00460  2.31256e+01 | 86 -0.02432  1.19094e+01 | 87 -0.02918  9.05567e+00
 88  0.00219  2.61580e+01 | 89 -0.00396  1.55277e+01 | 90 -0.00915  1.49276e+01
 91  0.00042  1.52198e+01 | 92 -0.00903  1.62643e+01 | 93  0.03342  2.50786e+01
 94 -0.07610 -7.17310e+00 | 95 -0.02493  1.62465e-01 | 96  0.00591  1.16478e+01
 97 -0.01584 -4.20456e+00 | 98  0.02040  1.50065e+00 | 99 -0.07110 -2.85593e+00
100  0.00816 -8.60777e+00 |101 -0.02459 -1.33957e+01 |102 -0.02144 -1.07797e+01
103 -0.00371 -1.24236e+01 |104  0.00062 -7.85197e+00 |105  0.00074 -8.09776e+00
106  0.00000  2.67431e+03 |107  0.02419  2.34233e+01 |108 -0.40320 -3.70055e+01
109  0.14983  7.47107e+00 |110 -0.07152 -1.97834e+01 |

Intermediate statistics: 110 variables; iteration 20; function evaluation 27; phase 5
Function value 6.2406248e+02; maximum gradient component mag -2.0498e+03
Var    Value     Gradient |Var    Value     Gradient |Var    Value     Gradient
  1 -0.44603 -4.32410e+01 |  2 -0.40505 -2.04982e+03 |  3 -0.41936 -9.84715e+02
  4 -0.37356 -5.10071e+00 |  5 -0.53627 -2.35319e+01 |  6  0.77228 -8.54546e+02
  7  0.00008  5.92238e-02 |  8  0.00003  2.10249e-02 |  9  0.00004  2.83845e-02
 10  0.00005  3.82857e-02 | 11  0.00031  3.94596e+01 | 12  0.00032  3.94479e+01
 13  0.00032  3.94323e+01 | 14  0.00033  3.94116e+01 | 15  0.00034  3.93842e+01
 16  0.00035  3.93483e+01 | 17  0.00031  3.93058e+01 | 18  0.00032  3.92453e+01
 19  0.00033  3.91675e+01 | 20  0.00034  3.90682e+01 | 21  0.00036  3.89428e+01
 22  0.00027  3.87768e+01 | 23  0.00027  3.85773e+01 | 24  0.00027  3.83322e+01
 25  0.00027  3.80331e+01 | 26  0.00051  3.76674e+01 | 27  0.00042  3.72609e+01
 28  0.00029  3.68950e+01 | 29  0.00511  3.67894e+01 | 30  0.00174  3.72630e+01
 31  0.00267  3.77514e+01 | 32  0.00240  3.52623e+01 | 33  0.00193  3.37955e+01
 34  0.00319  3.70087e+01 | 35 -0.00066  3.39848e+01 | 36  0.00709  3.83462e+01
 37  0.00068  3.39391e+01 | 38 -0.00877  3.37716e+01 | 39 -0.00326  3.91857e+01
 40  0.00300  3.09081e+01 | 41  0.00092  2.94995e+01 | 42 -0.00198  3.00694e+01
 43  0.02687  3.34448e+01 | 44  0.01508  3.48900e+01 | 45  0.00466  2.91850e+01
 46  0.00666  3.02184e+01 | 47  0.01000  3.14973e+01 | 48  0.00601  3.42602e+01
 49  0.00694  3.11441e+01 | 50  0.00136  2.94819e+01 | 51  0.01098  3.07007e+01
 52  0.02281  2.94041e+01 | 53 -0.01442  2.94016e+01 | 54 -0.01714  2.14764e+01
 55  0.00715  2.08870e+01 | 56  0.01277  2.32933e+01 | 57  0.01631  1.18971e+01
 58  0.02366  2.02887e+01 | 59 -0.00759  1.63843e+01 | 60  0.01094  8.43577e+00
 61  0.01912  6.79763e+00 | 62  0.00361  3.11591e+00 | 63  0.01419  2.63835e+00
 64  0.01477 -1.77207e+01 | 65  0.00005 -1.04539e+01 | 66  0.01557 -1.77654e+01
 67  0.01595 -1.47600e+01 | 68  0.01623 -3.56383e+01 | 69  0.01950 -3.87540e+01
 70  0.02050 -5.12470e+01 | 71  0.03843 -7.97569e+01 | 72 -0.00941 -2.18115e+01
 73  0.00695 -4.04283e+01 | 74  0.00906 -4.14379e+01 | 75 -0.03313 -2.64038e+01
 76 -0.01734 -4.01296e+01 | 77 -0.01614 -2.30913e+01 | 78  0.00830 -6.85621e+01
 79  0.00335 -1.29143e+02 | 80  0.00425 -6.92852e+01 | 81 -0.03342 -3.01819e+01
 82  0.01047 -9.52719e+01 | 83  0.01936 -1.50450e+02 | 84 -0.02290 -5.40665e+01
 85  0.00090 -1.58467e+02 | 86 -0.02565 -5.02697e+01 | 87 -0.02994 -6.19933e+01
 88  0.00077 -1.05019e+02 | 89 -0.00610 -1.09875e+02 | 90 -0.00950 -2.96935e+01
 91 -0.00145 -9.55465e+01 | 92 -0.01068 -3.86296e+01 | 93  0.03149 -1.48947e+02
 94 -0.07600  2.33402e+01 | 95 -0.02488 -2.60909e+01 | 96  0.00441 -3.60349e+01
 97 -0.01858 -3.89128e+01 | 98  0.01862 -2.20500e+01 | 99 -0.07508  3.41043e+00
100  0.00861  4.25604e+01 |101 -0.02941 -2.68944e+01 |102 -0.02341  5.00092e+01
103 -0.00747  3.71502e+01 |104  0.00030  3.99812e+01 |105  0.00030  3.94934e+01
106 -0.01039 -8.14415e+02 |107  0.00469 -1.17127e+02 |108 -0.40654  1.87141e+02
109  0.03209  1.76315e-01 |110  0.02507  8.81142e-01 |
110 variables; iteration 40; function evaluation 47; phase 5
Function value 6.2196910e+02; maximum gradient component mag -1.9442e+03
Var    Value     Gradient |Var    Value     Gradient |Var    Value     Gradient
  1 -0.44812 -4.00546e+01 |  2 -0.40348 -1.94422e+03 |  3 -0.41951 -9.34009e+02
  4 -0.36639 -8.21220e+00 |  5 -0.56389 -3.30344e+01 |  6  0.77251 -8.36444e+02
  7  0.00003 -1.54474e-02 |  8  0.00001 -5.38141e-03 |  9  0.00001 -7.29436e-03
 10  0.00002 -9.88804e-03 | 11 -0.00068  3.72950e+01 | 12 -0.00067  3.72905e+01
 13 -0.00066  3.72845e+01 | 14 -0.00064  3.72765e+01 | 15 -0.00062  3.72659e+01
 16 -0.00060  3.72520e+01 | 17 -0.00062  3.72346e+01 | 18 -0.00059  3.72109e+01
 19 -0.00055  3.71802e+01 | 20 -0.00050  3.71410e+01 | 21 -0.00043  3.70918e+01
 22 -0.00045  3.70301e+01 | 23 -0.00037  3.69557e+01 | 24 -0.00027  3.68687e+01
 25 -0.00015  3.67717e+01 | 26  0.00024  3.66676e+01 | 27  0.00032  3.65630e+01
 28  0.00030  3.64332e+01 | 29  0.00486  3.60604e+01 | 30  0.00080  3.55672e+01
 31  0.00081  3.46745e+01 | 32  0.00311  3.56868e+01 | 33  0.00443  3.65417e+01
 34  0.00168  3.43840e+01 | 35  0.00054  3.57215e+01 | 36  0.00262  3.15092e+01
 37  0.00173  3.47487e+01 | 38 -0.00982  3.19737e+01 | 39 -0.00492  3.64548e+01
 40  0.00445  3.30062e+01 | 41  0.00289  3.25816e+01 | 42 -0.00050  3.21937e+01
 43  0.02365  2.80668e+01 | 44  0.01441  3.33404e+01 | 45  0.00880  3.45917e+01
 46  0.00734  3.06829e+01 | 47  0.00834  2.87090e+01 | 48  0.00431  3.10045e+01
 49  0.00605  3.00229e+01 | 50  0.00177  3.05036e+01 | 51  0.00659  2.54684e+01
 52  0.02254  2.78746e+01 | 53 -0.01482  2.92019e+01 | 54 -0.01722  2.19754e+01
 55  0.00808  2.20838e+01 | 56  0.01078  2.15863e+01 | 57  0.01461  1.07551e+01
 58  0.01955  1.49937e+01 | 59 -0.00935  1.56836e+01 | 60  0.00764  7.93070e+00
 61  0.02753  1.43343e+01 | 62  0.00453  6.37178e+00 | 63  0.01326  3.54537e+00
 64  0.01651 -1.13181e+01 | 65  0.00170 -5.02554e+00 | 66  0.02054 -9.74168e+00
 67  0.01281 -1.57470e+01 | 68  0.02012 -2.29755e+01 | 69  0.01686 -4.52720e+01
 70  0.02022 -5.03294e+01 | 71  0.04146 -6.62196e+01 | 72 -0.00675 -1.65484e+01
 73  0.00414 -5.88559e+01 | 74  0.00992 -4.66244e+01 | 75 -0.03186 -2.43926e+01
 76 -0.01321 -1.20306e+01 | 77 -0.01636 -4.55900e+01 | 78  0.00791 -7.15347e+01
 79  0.00409 -1.36376e+02 | 80  0.00335 -8.45806e+01 | 81 -0.03166 -2.57181e+01
 82  0.00933 -1.01478e+02 | 83  0.01960 -1.64376e+02 | 84 -0.02345 -5.49844e+01
 85  0.00233 -1.53182e+02 | 86 -0.02732 -6.79371e+01 | 87 -0.02923 -6.73271e+01
 88  0.00023 -9.75819e+01 | 89 -0.00548 -1.11844e+02 | 90 -0.01128 -4.65013e+01
 91 -0.00067 -9.47055e+01 | 92 -0.01150 -2.95691e+01 | 93  0.03245 -1.39355e+02
 94 -0.07687  1.85158e+01 | 95 -0.02432 -3.39166e+01 | 96  0.00444 -1.87326e+01
 97 -0.01639 -3.48191e+01 | 98  0.01921 -7.31275e+00 | 99 -0.07080  1.83839e+01
100  0.00942  5.70925e+01 |101 -0.02350  1.19277e+01 |102 -0.02161  7.74335e+01
103 -0.00846  3.29715e+01 |104 -0.00087  3.74822e+01 |105 -0.00070  3.73079e+01
106 -0.01179 -8.44213e+02 |107  0.00279 -1.07837e+02 |108 -0.40741  1.71034e+02
109 -0.03954 -2.26729e+01 |110 -0.02877  5.71219e+00 |
110 variables; iteration 60; function evaluation 73; phase 5
Function value 6.1797203e+02; maximum gradient component mag -1.1414e+03
Var    Value     Gradient |Var    Value     Gradient |Var    Value     Gradient
  1 -0.45261 -1.44626e+02 |  2 -0.39970 -1.00619e+03 |  3 -0.42081 -5.43445e+02
  4 -0.36159 -1.57485e+01 |  5 -0.57215 -1.61009e+01 |  6  0.77628 -6.25153e+02
  7  0.00006  4.53134e-02 |  8  0.00002  1.59974e-02 |  9  0.00003  2.16202e-02
 10  0.00004  2.92094e-02 | 11 -0.00031  2.91429e+01 | 12 -0.00030  2.91392e+01
 13 -0.00029  2.91342e+01 | 14 -0.00028  2.91276e+01 | 15 -0.00026  2.91188e+01
 16 -0.00023  2.91071e+01 | 17 -0.00026  2.90919e+01 | 18 -0.00023  2.90715e+01
 19 -0.00020  2.90447e+01 | 20 -0.00015  2.90097e+01 | 21 -0.00010  2.89639e+01
 22 -0.00014  2.89001e+01 | 23 -0.00008  2.88203e+01 | 24 -0.00002  2.87155e+01
 25  0.00004  2.85773e+01 | 26  0.00035  2.83950e+01 | 27  0.00031  2.81837e+01
 28  0.00019  2.80125e+01 | 29  0.00496  2.81203e+01 | 30  0.00142  2.85566e+01
 31  0.00197  2.86281e+01 | 32  0.00292  2.76136e+01 | 33  0.00441  2.83675e+01
 34  0.00239  2.69701e+01 | 35  0.00000  2.71120e+01 | 36  0.00674  3.05334e+01
 37  0.00310  2.89681e+01 | 38 -0.00608  3.07158e+01 | 39 -0.00677  2.58731e+01
 40  0.00392  2.51394e+01 | 41  0.00166  2.40571e+01 | 42 -0.00056  2.60584e+01
 43  0.02671  2.71639e+01 | 44  0.01246  2.28397e+01 | 45  0.00903  2.81204e+01
 46  0.00649  2.32468e+01 | 47  0.00737  2.07505e+01 | 48  0.00521  2.45467e+01
 49  0.00492  2.10906e+01 | 50 -0.00114  1.99843e+01 | 51  0.00443  1.75172e+01
 52  0.01906  1.62684e+01 | 53 -0.01677  1.95134e+01 | 54 -0.01630  1.90491e+01
 55  0.00728  1.59847e+01 | 56  0.00557  1.12732e+01 | 57  0.01867  1.25315e+01
 58  0.01418  3.75861e+00 | 59 -0.00725  1.55257e+01 | 60  0.01059  7.55680e+00
 61  0.01690  3.93447e+00 | 62  0.00648  6.22794e+00 | 63  0.00993 -2.30615e+00
 64  0.02161 -1.09581e-01 | 65  0.00186 -5.55181e+00 | 66  0.01054 -1.54424e+01
 67  0.01973 -5.66290e+00 | 68  0.01615 -2.60004e+01 | 69  0.01999 -2.60529e+01
 70  0.02395 -2.69722e+01 | 71  0.03796 -6.20092e+01 | 72 -0.00822 -1.92472e+01
 73  0.00867 -3.33540e+01 | 74  0.00782 -5.60728e+01 | 75 -0.03038 -1.73162e+01
 76 -0.01598 -3.18022e+01 | 77 -0.01653 -3.92305e+01 | 78  0.00653 -7.84584e+01
 79  0.00705 -6.06269e+01 | 80  0.00276 -7.52614e+01 | 81 -0.03225 -2.60406e+01
 82  0.00807 -8.96261e+01 | 83  0.02000 -1.08094e+02 | 84 -0.02378 -4.15467e+01
 85  0.00500 -7.65383e+01 | 86 -0.02654 -3.70050e+01 | 87 -0.02788 -2.78598e+01
 88 -0.00034 -7.08813e+01 | 89 -0.00394 -4.74785e+01 | 90 -0.01298 -5.08733e+01
 91 -0.00073 -5.61422e+01 | 92 -0.01353 -3.90005e+01 | 93  0.03203 -9.99048e+01
 94 -0.07748  9.61585e+00 | 95 -0.02363 -1.16273e+01 | 96  0.00356 -2.53351e+01
 97 -0.01332  1.05891e+00 | 98  0.01930 -1.84909e+01 | 99 -0.06821  2.33559e+01
100  0.00905  1.51563e+01 |101 -0.01987  2.42999e+01 |102 -0.02308  2.31880e+01
103 -0.00405  2.73971e+01 |104 -0.00051  2.92225e+01 |105 -0.00033  2.91535e+01
106 -0.01462 -1.14142e+03 |107 -0.00124 -5.52710e+01 |108 -0.41057  8.14846e+01
109 -0.03756  1.37678e+00 |110  0.10465  1.02226e-01 |
110 variables; iteration 80; function evaluation 109; phase 5
Function value 6.1086709e+02; maximum gradient component mag -3.2417e+02
Var    Value     Gradient |Var    Value     Gradient |Var    Value     Gradient
  1 -0.44946 -2.13672e+01 |  2 -0.41110 -1.79976e+02 |  3 -0.40808 -8.72811e+01
  4 -0.38411 -5.35786e+00 |  5 -0.49845 -3.24211e+00 |  6  0.82745 -1.05961e+02
  7  0.00002 -1.99195e-02 |  8  0.00001 -7.00505e-03 |  9  0.00001 -9.46161e-03
 10  0.00001 -1.27831e-02 | 11 -0.00130  3.92225e+00 | 12 -0.00129  3.92082e+00
 13 -0.00128  3.91890e+00 | 14 -0.00127  3.91635e+00 | 15 -0.00125  3.91296e+00
 16 -0.00122  3.90847e+00 | 17 -0.00124  3.90100e+00 | 18 -0.00121  3.89274e+00
 19 -0.00117  3.88203e+00 | 20 -0.00112  3.86835e+00 | 21 -0.00105  3.85145e+00
 22 -0.00107  3.83161e+00 | 23 -0.00099  3.81007e+00 | 24 -0.00088  3.79246e+00
 25 -0.00073  3.79272e+00 | 26 -0.00026  3.84018e+00 | 27 -0.00004  3.96916e+00
 28  0.00015  4.14715e+00 | 29  0.00484  3.95491e+00 | 30  0.00046  3.01667e+00
 31  0.00065  2.75999e+00 | 32  0.00224  3.50199e+00 | 33  0.00053  6.95565e-01
 34  0.00357  6.32677e+00 | 35  0.00113  5.08192e+00 | 36  0.00230  9.06267e-01
 37  0.00301  6.83061e+00 | 38 -0.01156 -1.86755e+00 | 39 -0.00891 -1.14113e-02
 40  0.00319  1.45262e+00 | 41  0.00179  1.46460e+00 | 42  0.00036  4.87496e+00
 43  0.02466  4.99123e+00 | 44  0.01518  1.00707e+01 | 45  0.00514  2.85186e+00
 46  0.00600  4.12075e+00 | 47  0.00911  6.10068e+00 | 48 -0.00000 -4.25772e-01
 49  0.00802  1.09310e+01 | 50  0.00214  5.84318e+00 | 51  0.00621  1.98341e+00
 52  0.01773  3.04877e+00 | 53 -0.01598  1.73399e+00 | 54 -0.01756 -3.57069e-01
 55  0.01154  8.60645e+00 | 56  0.00303 -5.25436e+00 | 57  0.01245 -7.59669e+00
 58  0.01878  2.25712e+00 | 59 -0.00288  1.10474e+01 | 60  0.01103 -8.45232e-01
 61  0.01389 -9.89728e-01 | 62  0.00778  1.57413e+00 | 63  0.00955 -5.43556e+00
 64  0.01899 -2.98128e+00 | 65  0.00525 -4.92467e+00 | 66  0.01493 -7.93939e+00
 67  0.01439 -5.19708e+00 | 68  0.02285 -4.46970e+00 | 69  0.02104 -1.23559e+01
 70  0.02472 -9.91959e+00 | 71  0.04105 -1.73209e+01 | 72 -0.00874 -7.94055e+00
 73  0.00640 -1.80622e+01 | 74  0.00946 -1.33114e+01 | 75 -0.02860 -7.41469e+00
 76 -0.01384 -1.20508e+01 | 77 -0.01374 -9.38938e+00 | 78  0.00820 -1.55911e+01
 79  0.00906 -1.36973e+01 | 80  0.00276 -1.13167e+01 | 81 -0.03171 -6.07175e+00
 82  0.00907 -1.14120e+01 | 83  0.02134 -1.27596e+01 | 84 -0.02549 -3.07268e+00
 85  0.00540 -9.94167e-02 | 86 -0.02739 -3.92748e+00 | 87 -0.02786 -1.38585e+00
 88 -0.00054  1.38665e-01 | 89 -0.00463 -8.90287e+00 | 90 -0.01376 -1.62230e+00
 91 -0.00017  6.93594e+00 | 92 -0.01402  2.30732e+00 | 93  0.03230  2.03819e+00
 94 -0.08036  2.99557e+00 | 95 -0.02289  2.71436e+00 | 96  0.00356  3.80064e+00
 97 -0.01319  5.11995e+00 | 98  0.01987  5.22515e+00 | 99 -0.06654  4.89172e+00
100  0.01099  2.20225e+00 |101 -0.01506  8.42091e+00 |102 -0.02025  4.05908e+00
103 -0.00243  5.07005e+00 |104 -0.00152  3.83300e+00 |105 -0.00133  3.92642e+00
106 -0.02440 -3.24168e+02 |107 -0.02119 -3.09511e+00 |108 -0.42011 -6.80041e+00
109 -0.10028 -8.53987e-01 |110  0.40248  2.40681e-03 |
110 variables; iteration 100; function evaluation 148; phase 5
Function value 6.0963810e+02; maximum gradient component mag -7.1684e+01
Var    Value     Gradient |Var    Value     Gradient |Var    Value     Gradient
  1 -0.44799  3.63353e+00 |  2 -0.41565 -7.16838e+01 |  3 -0.40371 -2.72315e+01
  4 -0.39246  4.80041e-01 |  5 -0.47419 -5.23317e-01 |  6  0.87132 -2.10027e+01
  7  0.00005  3.26617e-02 |  8  0.00002  8.67741e-03 |  9  0.00002  1.25216e-02
 10  0.00003  1.83197e-02 | 11  0.00072  2.34798e+00 | 12  0.00073  2.34575e+00
 13  0.00074  2.34058e+00 | 14  0.00075  2.32992e+00 | 15  0.00075  2.30941e+00
 16  0.00076  2.27232e+00 | 17  0.00072  2.24101e+00 | 18  0.00071  2.16545e+00
 19  0.00067  2.04842e+00 | 20  0.00063  1.88539e+00 | 21  0.00059  1.70156e+00
 22  0.00043  1.48282e+00 | 23  0.00045  1.37019e+00 | 24  0.00066  1.51154e+00
 25  0.00102  1.84117e+00 | 26  0.00135  1.67337e+00 | 27  0.00087  7.36236e-01
 28  0.00162  1.76008e+00 | 29  0.00642  1.72752e+00 | 30  0.00221  1.05514e+00
 31  0.00135 -6.53899e-01 | 32  0.00305  4.55078e-01 | 33  0.00419  2.06728e+00
 34  0.00339  2.05692e+00 | 35  0.00070 -3.95212e-02 | 36  0.00606  2.14941e+00
 37  0.00080 -3.30533e-01 | 38 -0.00573  3.64168e+00 | 39 -0.00438  3.42537e+00
 40  0.00497  8.49890e-01 | 41  0.00525  3.33573e+00 | 42 -0.00073 -5.38375e-01
 43  0.02474  2.27769e+00 | 44  0.01103 -1.17574e-01 | 45  0.00625  1.87108e+00
 46  0.00632  2.11400e+00 | 47  0.00684  8.53894e-01 | 48  0.00194  1.16239e+00
 49  0.00337 -1.10233e+00 | 50  0.00054  2.21788e-01 | 51  0.00667 -5.80518e-01
 52  0.01563 -3.17525e-01 | 53 -0.01543 -2.95525e-02 | 54 -0.01536  1.21461e+00
 55  0.00552  4.79910e-01 | 56  0.00867  3.06301e+00 | 57  0.02054  4.38723e+00
 58  0.01551  2.48247e-01 | 59 -0.00802 -1.26124e+00 | 60  0.01044 -3.93063e-01
 61  0.01335  1.38551e+00 | 62  0.00511 -4.22380e-01 | 63  0.01122  1.36849e+00
 64  0.01862  6.28397e-01 | 65  0.00626  9.32684e-01 | 66  0.01696  2.18552e+00
 67  0.01205 -7.11618e-01 | 68  0.02114 -1.37606e+00 | 69  0.02202  2.17929e+00
 70  0.02355 -7.10203e-01 | 71  0.03908 -2.14937e+00 | 72 -0.00989  6.69644e-01
 73  0.00625  2.74122e+00 | 74  0.00752 -2.43450e+00 | 75 -0.02950 -8.50372e-01
 76 -0.01422  1.30691e-01 | 77 -0.01452 -1.93503e+00 | 78  0.00741 -1.43518e+00
 79  0.00799 -3.86611e+00 | 80  0.00109 -2.89576e+00 | 81 -0.03305 -1.20651e+00
 82  0.00787 -3.32308e+00 | 83  0.01964 -7.58634e+00 | 84 -0.02777 -3.01984e+00
 85  0.00265 -1.07781e+01 | 86 -0.02912 -1.28941e+00 | 87 -0.02964 -3.31682e+00
 88 -0.00256 -5.84105e+00 | 89 -0.00596 -1.13959e+00 | 90 -0.01562 -2.07908e+00
 91 -0.00282 -1.07035e+01 | 92 -0.01585 -2.69393e+00 | 93  0.02987 -1.06918e+01
 94 -0.08259  2.92960e-01 | 95 -0.02447 -2.57761e+00 | 96  0.00187 -2.27510e+00
 97 -0.01531 -4.18060e+00 | 98  0.01830 -2.32919e+00 | 99 -0.06725  9.30925e-02
100  0.01046  2.42301e+00 |101 -0.01555 -1.26234e+00 |102 -0.02043  2.50560e+00
103 -0.00222  1.87349e+00 |104 -0.00000  1.52299e+00 |105  0.00069  2.34634e+00
106 -0.02859 -6.82688e+01 |107 -0.01765 -3.59153e+00 |108 -0.41725  8.16655e+00
109 -0.11849 -1.09748e+00 |110  0.66838  5.47634e-03 |
110 variables; iteration 120; function evaluation 185; phase 5
Function value 6.0949096e+02; maximum gradient component mag -9.7588e+00
Var    Value     Gradient |Var    Value     Gradient |Var    Value     Gradient
  1 -0.44775 -8.29363e-01 |  2 -0.41683 -2.43584e+00 |  3 -0.40243 -1.50997e+00
  4 -0.39499 -6.30623e-02 |  5 -0.46784 -5.41093e-02 |  6  0.89588 -1.15001e+00
  7  0.00003  2.69352e-03 |  8  0.00001 -5.23001e-03 |  9  0.00001 -5.15107e-03
 10  0.00002 -3.77240e-03 | 11  0.00018  8.39618e-03 | 12  0.00019  1.26939e-02
 13  0.00021  1.11765e-02 | 14  0.00022  1.21297e-03 | 15  0.00023 -1.66360e-02
 16  0.00024 -3.61019e-02 | 17  0.00022 -4.88857e-02 | 18  0.00024 -6.55673e-02
 19  0.00029 -5.33010e-02 | 20  0.00039  1.82402e-02 | 21  0.00051  7.84283e-02
 22  0.00053  1.34357e-01 | 23  0.00063  1.50677e-01 | 24  0.00063 -2.65752e-02
 25  0.00086  9.33421e-02 | 26  0.00122 -1.48525e-02 | 27  0.00147  1.66732e-01
 28  0.00158  2.15471e-01 | 29  0.00633  1.16360e-01 | 30  0.00255  9.97972e-02
 31  0.00280  5.51947e-02 | 32  0.00374  8.53914e-02 | 33  0.00366 -2.33331e-02
 34  0.00290  5.30028e-03 | 35  0.00175  1.16625e-01 | 36  0.00550  2.96325e-02
 37  0.00189  1.54225e-01 | 38 -0.00706 -6.77329e-02 | 39 -0.00562 -7.25484e-02
 40  0.00536  9.51932e-02 | 41  0.00393 -5.45457e-02 | 42  0.00061  1.61123e-01
 43  0.02398  3.43409e-05 | 44  0.01161  1.33629e-01 | 45  0.00575 -3.45925e-03
 46  0.00562 -1.79995e-03 | 47  0.00701  6.92681e-02 | 48  0.00185  2.91112e-02
 49  0.00447  1.87233e-01 | 50  0.00119  9.58889e-02 | 51  0.00780  1.33890e-01
 52  0.01608  8.93760e-02 | 53 -0.01463  1.08783e-01 | 54 -0.01530  1.57205e-02
 55  0.00586  7.74997e-02 | 56  0.00716 -6.71662e-02 | 57  0.01816 -2.12945e-01
 58  0.01593  3.54020e-02 | 59 -0.00700  1.57704e-01 | 60  0.01122  1.03888e-01
 61  0.01227 -7.27242e-02 | 62  0.00582  6.37002e-02 | 63  0.01058 -9.40609e-02
 64  0.01836 -7.58672e-02 | 65  0.00603 -7.52535e-02 | 66  0.01560 -2.44403e-01
 67  0.01234 -4.16314e-02 | 68  0.02170 -5.29748e-02 | 69  0.02139 -3.50173e-01
 70  0.02364 -1.94497e-01 | 71  0.03935 -2.84818e-01 | 72 -0.01015 -2.23054e-01
 73  0.00569 -5.34126e-01 | 74  0.00777 -2.30045e-01 | 75 -0.02914 -1.06958e-01
 76 -0.01404 -2.91814e-01 | 77 -0.01409 -1.44313e-01 | 78  0.00752 -3.75241e-01
 79  0.00832 -2.24023e-01 | 80  0.00103 -2.18423e-01 | 81 -0.03296 -1.02973e-01
 82  0.00786 -2.32598e-01 | 83  0.01980 -9.16473e-02 | 84 -0.02800  2.26285e-02
 85  0.00291  3.35564e-01 | 86 -0.02930 -8.72598e-02 | 87 -0.02954  5.26509e-02
 88 -0.00257  1.14947e-01 | 89 -0.00617 -2.31445e-01 | 90 -0.01585 -3.62649e-02
 91 -0.00251  5.13799e-01 | 92 -0.01595  6.30599e-02 | 93  0.02995  3.44013e-01
 94 -0.08285  5.04960e-02 | 95 -0.02421  1.39765e-01 | 96  0.00198  1.00007e-01
 97 -0.01487  2.96287e-01 | 98  0.01860  1.53178e-01 | 99 -0.06656  1.20405e-01
100  0.01100 -3.31465e-02 |101 -0.01429  2.77697e-01 |102 -0.01976  4.45054e-02
103 -0.00211  1.98010e-02 |104  0.00002  1.72070e-02 |105  0.00012 -4.17261e-02
106 -0.03113 -9.75884e+00 |107 -0.02148  3.19681e-02 |108 -0.41907 -2.27578e-01
109 -0.12782  4.21333e-02 |110  0.87067  1.52463e-02 |
110 variables; iteration 140; function evaluation 215; phase 5
Function value 6.0949036e+02; maximum gradient component mag -3.0853e-01
Var    Value     Gradient |Var    Value     Gradient |Var    Value     Gradient
  1 -0.44772 -1.95071e-01 |  2 -0.41692 -2.81192e-01 |  3 -0.40233 -2.74471e-01
  4 -0.39516 -2.73929e-02 |  5 -0.46738 -9.66757e-03 |  6  0.89701 -1.43178e-01
  7  0.00006  4.94210e-02 |  8 -0.00000 -1.61218e-02 |  9  0.00009  1.23166e-01
 10 -0.00005 -1.13147e-01 | 11  0.00027  4.88921e-02 | 12  0.00023 -3.17269e-02
 13  0.00021 -8.06490e-02 | 14  0.00021 -1.12115e-01 | 15  0.00032  2.78336e-02
 16  0.00036  4.04554e-02 | 17  0.00030 -2.32753e-02 | 18  0.00035  6.54724e-03
 19  0.00039  9.58006e-03 | 20  0.00046  1.83818e-02 | 21  0.00054  2.87410e-02
 22  0.00053  3.67776e-02 | 23  0.00062  3.05087e-02 | 24  0.00072  9.46389e-03
 25  0.00088  2.80342e-02 | 26  0.00131  2.28296e-02 | 27  0.00145  4.21996e-02
 28  0.00152  3.46881e-02 | 29  0.00633  1.89408e-02 | 30  0.00256  1.26604e-02
 31  0.00284  2.05030e-02 | 32  0.00375  1.54762e-02 | 33  0.00373 -1.66239e-03
 34  0.00295 -1.14295e-02 | 35  0.00174  1.66368e-02 | 36  0.00555  1.60050e-02
 37  0.00187  3.80840e-02 | 38 -0.00699 -4.23551e-02 | 39 -0.00554 -1.70546e-02
 40  0.00536  1.57602e-02 | 41  0.00402  1.37838e-02 | 42  0.00058  3.73451e-02
 43  0.02403  1.50215e-02 | 44  0.01160  5.40874e-02 | 45  0.00580  2.20608e-02
 46  0.00568  2.85194e-02 | 47  0.00702  3.86822e-02 | 48  0.00189  4.09128e-02
 49  0.00446  8.41250e-02 | 50  0.00121  6.00023e-02 | 51  0.00779  5.53403e-02
 52  0.01609  9.44940e-02 | 53 -0.01464  3.41278e-02 | 54 -0.01526  3.64123e-02
 55  0.00585  7.29620e-02 | 56  0.00721  1.12144e-02 | 57  0.01828 -9.47842e-03
 58  0.01593  9.21755e-02 | 59 -0.00701  1.18624e-01 | 60  0.01117  8.67510e-02
 61  0.01231  6.77841e-02 | 62  0.00579  8.39020e-02 | 63  0.01061  7.04856e-02
 64  0.01837  9.55822e-02 | 65  0.00603  6.82071e-02 | 66  0.01564  3.89708e-02
 67  0.01228  8.86315e-02 | 68  0.02166  1.07082e-01 | 69  0.02139  2.82333e-02
 70  0.02360  8.43997e-02 | 71  0.03928  1.27379e-01 | 72 -0.01018  4.29820e-02
 73  0.00566 -3.15299e-03 | 74  0.00770  9.65549e-02 | 75 -0.02919  5.01170e-02
 76 -0.01408  1.28638e-02 | 77 -0.01414  3.36655e-02 | 78  0.00747 -5.14542e-02
 79  0.00827 -2.46456e-02 | 80  0.00097 -6.46332e-02 | 81 -0.03301 -4.00799e-02
 82  0.00781 -1.44120e-01 | 83  0.01974 -1.26144e-01 | 84 -0.02806 -5.93200e-02
 85  0.00283 -4.23275e-02 | 86 -0.02936 -1.31815e-01 | 87 -0.02960 -1.01434e-01
 88 -0.00264 -1.77315e-01 | 89 -0.00622 -2.53290e-01 | 90 -0.01591 -2.03646e-01
 91 -0.00259 -6.12461e-02 | 92 -0.01601 -1.75740e-01 | 93  0.02988 -2.51393e-01
 94 -0.08291 -5.26850e-02 | 95 -0.02427 -9.48810e-02 | 96  0.00192 -1.50147e-01
 97 -0.01494 -3.05350e-02 | 98  0.01854 -1.00880e-01 | 99 -0.06660  7.99325e-03
100  0.01096 -2.74759e-02 |101 -0.01433  8.25978e-02 |102 -0.01979  7.44034e-02
103 -0.00208  7.50393e-03 |104  0.00007  5.06791e-03 |105  0.00021 -5.64506e-03
106 -0.03118 -3.08527e-01 |107 -0.02154  2.29244e-02 |108 -0.41908 -1.36581e-01
109 -0.12807  9.02501e-04 |110  0.86336  1.44096e-02 |
110 variables; iteration 160; function evaluation 273; phase 5
Function value 6.0693795e+02; maximum gradient component mag 1.5872e+02
Var    Value     Gradient |Var    Value     Gradient |Var    Value     Gradient
  1 -0.43946  2.22052e+00 |  2 -0.41114  1.39180e+02 |  3 -0.41792  1.06469e+02
  4 -0.38331 -1.83761e+00 |  5 -0.50233  1.22679e+00 |  6  0.89183  2.08536e+01
  7 -0.00169 -2.65836e+00 |  8  0.00123  1.88241e+00 |  9  0.00124  1.88719e+00
 10 -0.00275 -4.26314e+00 | 11  0.00133 -4.16997e-01 | 12  0.00533  5.73395e+00
 13 -0.00788 -1.46436e+01 | 14 -0.00063 -3.49601e+00 | 15  0.00083 -1.29383e+00
 16  0.00671  7.71536e+00 | 17 -0.00119 -4.41513e+00 | 18  0.00187  2.41865e-01
 19  0.00204  4.30045e-01 | 20  0.00122 -9.23905e-01 | 21  0.00033 -2.41068e+00
 22 -0.00021 -3.22530e+00 | 23  0.00034 -2.53362e+00 | 24  0.00185 -3.90227e-01
 25  0.00032 -2.95911e+00 | 26  0.00110 -2.41323e+00 | 27 -0.00041 -4.89771e+00
 28 -0.00002 -4.39220e+00 | 29  0.00574 -2.94329e+00 | 30  0.00212 -2.77736e+00
 31  0.00172 -3.94093e+00 | 32  0.00299 -3.62335e+00 | 33  0.00430 -1.70738e+00
 34  0.00382 -6.91109e-01 | 35 -0.00021 -4.77152e+00 | 36  0.00462 -4.17271e+00
 37 -0.00009 -4.60460e+00 | 38 -0.00380  3.81700e+00 | 39 -0.00334  6.40723e-01
 40  0.00439 -3.67016e+00 | 41  0.00436 -1.62874e+00 | 42 -0.00280 -8.03735e+00
 43  0.02486 -1.93807e+00 | 44  0.00863 -8.50208e+00 | 45  0.00541 -2.90873e+00
 46  0.00534 -3.55344e+00 | 47  0.00614 -4.47300e+00 | 48 -0.00121 -6.29216e+00
 49  0.00038 -1.06970e+01 | 50 -0.00272 -8.55479e+00 | 51  0.00652 -7.39277e+00
 52  0.00953 -1.26543e+01 | 53 -0.01686 -4.91557e+00 | 54 -0.01569 -5.01338e+00
 55  0.00210 -9.33892e+00 | 56  0.00822 -1.82870e+00 | 57  0.02300  1.26720e+00
 58  0.00893 -1.19824e+01 | 59 -0.01210 -1.49731e+01 | 60  0.00913 -9.09784e+00
 61  0.00948 -9.54432e+00 | 62  0.00317 -9.21979e+00 | 63  0.00775 -8.16312e+00
 64  0.01645 -1.07317e+01 | 65  0.00266 -1.01493e+01 | 66  0.02219  2.96939e+00
 67  0.00864 -1.09228e+01 | 68  0.02009 -9.40016e+00 | 69  0.02375  1.05500e+00
 70  0.02436 -6.26807e+00 | 71  0.03979 -8.72669e+00 | 72 -0.00820 -3.96697e-01
 73  0.00887  7.55623e+00 | 74  0.00850 -2.92019e+00 | 75 -0.02843 -3.74950e-01
 76 -0.01180  9.07191e+00 | 77 -0.01274  8.20702e+00 | 78  0.00929 -2.52357e-01
 79  0.00946  1.69814e+01 | 80  0.00274  9.00048e-01 | 81 -0.03220  1.15276e+01
 82  0.00989  7.66067e+00 | 83  0.02122  2.84931e+01 | 84 -0.02645 -1.28186e+00
 85  0.00316  1.67223e+01 | 86 -0.02739  8.17241e+00 | 87 -0.02803  1.99557e+01
 88 -0.00046  1.15774e+01 | 89 -0.00410  4.00794e+01 | 90 -0.01358  1.37077e+01
 91 -0.00164  1.61778e+01 | 92 -0.01343  9.91078e+00 | 93  0.03119  4.34095e+01
 94 -0.08142  8.46721e-01 | 95 -0.02223  1.96657e+01 | 96  0.00436  7.24733e+00
 97 -0.01474  1.15901e+01 | 98  0.01994  1.32686e+00 | 99 -0.06611  1.76035e+00
100  0.01263 -1.19641e+01 |101 -0.01487 -5.10727e+00 |102 -0.01912 -2.33352e+01
103 -0.00129 -3.73282e+00 |104  0.00011 -1.94900e+00 |105  0.00163  8.11957e-02
106 -0.03144  1.58724e+02 |107  0.00268  2.40754e+00 |108 -0.40915  6.16014e+00
109 -0.21589  2.98589e+01 |110 -0.22271 -1.27716e+01 |
110 variables; iteration 180; function evaluation 293; phase 5
Function value 6.0509862e+02; maximum gradient component mag 1.2780e-03
Var    Value     Gradient |Var    Value     Gradient |Var    Value     Gradient
  1 -0.42789  2.26033e-04 |  2 -0.40611  6.26597e-04 |  3 -0.43316  3.86195e-04
  4 -0.37121  2.90581e-05 |  5 -0.53386 -4.48401e-06 |  6  0.93859  7.72969e-05
  7  0.00003 -1.59262e-06 |  8  0.00001  3.54731e-08 |  9  0.00001  5.22361e-07
 10  0.00002 -2.61489e-06 | 11  0.00024 -1.35061e-05 | 12  0.00025 -1.14595e-05
 13  0.00026 -1.61086e-05 | 14  0.00027 -1.22215e-05 | 15  0.00030 -1.28807e-05
 16  0.00033 -1.06015e-05 | 17  0.00031 -1.54000e-05 | 18  0.00034 -1.30550e-05
 19  0.00039 -1.38330e-05 | 20  0.00045 -1.38126e-05 | 21  0.00053 -1.47173e-05
 22  0.00052 -1.61045e-05 | 23  0.00060 -1.50529e-05 | 24  0.00071 -1.39947e-05
 25  0.00084 -1.53191e-05 | 26  0.00125 -1.53085e-05 | 27  0.00134 -1.67296e-05
 28  0.00136 -1.69005e-05 | 29  0.00613 -1.59947e-05 | 30  0.00243 -1.55633e-05
 31  0.00295 -1.80600e-05 | 32  0.00416 -1.66056e-05 | 33  0.00402 -1.32551e-05
 34  0.00240 -1.74454e-05 | 35  0.00112 -1.74438e-05 | 36  0.00590 -2.13895e-05
 37  0.00053 -1.84169e-05 | 38 -0.00754 -1.17325e-05 | 39 -0.00489 -8.58094e-06
 40  0.00514 -1.52064e-05 | 41  0.00381 -1.56417e-05 | 42  0.00131 -2.14506e-05
 43  0.02445 -1.73784e-05 | 44  0.01182 -1.92142e-05 | 45  0.00537 -1.62038e-05
 46  0.00622 -1.61819e-05 | 47  0.00750 -1.86554e-05 | 48  0.00006 -1.34739e-05
 49  0.00406 -2.35523e-05 | 50  0.00040 -1.58306e-05 | 51  0.00976 -2.18318e-05
 52  0.01352 -7.39239e-06 | 53 -0.01583 -1.41113e-05 | 54 -0.01350 -1.46557e-05
 55  0.00617 -1.63134e-05 | 56  0.00679  4.49364e-06 | 57  0.02041 -1.59636e-05
 58  0.01240 -2.60281e-06 | 59 -0.00609 -2.18337e-05 | 60  0.01246 -3.82324e-05
 61  0.01146  5.02537e-05 | 62  0.00604 -2.68320e-05 | 63  0.00838 -1.86557e-06
 64  0.01899 -7.50770e-06 | 65  0.00521  4.34857e-05 | 66  0.01676 -1.40172e-05
 67  0.00979  9.68401e-06 | 68  0.02058 -4.60060e-06 | 69  0.02165  1.11258e-05
 70  0.02402  1.03825e-05 | 71  0.03957  5.35819e-05 | 72 -0.00944  1.24241e-05
 73  0.00669  5.26882e-05 | 74  0.00760  5.31831e-05 | 75 -0.02903  1.94850e-05
 76 -0.01226  2.97208e-05 | 77 -0.01279  5.25807e-05 | 78  0.00798  4.89312e-05
 79  0.00882  7.00396e-05 | 80  0.00107  5.04965e-05 | 81 -0.03365  3.26143e-05
 82  0.00836  3.30938e-05 | 83  0.02041  9.71367e-05 | 84 -0.02842  2.95107e-05
 85  0.00190  7.19251e-05 | 86 -0.02946  1.14160e-05 | 87 -0.02918  2.27140e-05
 88 -0.00220  1.56207e-05 | 89 -0.00612  3.58531e-05 | 90 -0.01609 -6.60427e-06
 91 -0.00240  4.79487e-05 | 92 -0.01543 -1.72491e-05 | 93  0.02955  5.15957e-05
 94 -0.08411 -1.25381e-05 | 95 -0.02248  5.01192e-06 | 96  0.00264 -2.78977e-05
 97 -0.01566  4.57882e-06 | 98  0.01793 -3.16742e-05 | 99 -0.06624 -5.01365e-06
100  0.01105 -3.96802e-05 |101 -0.01488  5.92022e-06 |102 -0.02091 -3.44925e-05
103 -0.00004 -8.30972e-06 |104  0.00002 -1.35504e-05 |105  0.00021 -1.22523e-05
106 -0.03390  1.27804e-03 |107  0.00439 -4.23050e-07 |108 -0.41013  8.79569e-07
109 -0.28759  2.98932e-05 |110 -0.26566 -4.41449e-06 |

 - final statistics:
110 variables; iteration 182; function evaluation 295
Function value 6.0510e+02; maximum gradient component mag 1.0426e-05
Exit code = 1;  converg criter 1.0000e-04
Var    Value     Gradient |Var    Value     Gradient |Var    Value     Gradient
  1 -0.42789 -2.50712e-06 |  2 -0.40611  2.12316e-06 |  3 -0.43316  1.64225e-06
  4 -0.37121  3.35520e-07 |  5 -0.53386  3.70210e-07 |  6  0.93859  6.88434e-07
  7  0.00003  4.00828e-08 |  8  0.00001 -4.45417e-09 |  9  0.00001 -2.91150e-09
 10  0.00002  8.22595e-08 | 11  0.00024 -1.57842e-07 | 12  0.00025 -2.24031e-07
 13  0.00026 -5.13804e-08 | 14  0.00027 -1.72458e-07 | 15  0.00030 -1.76646e-07
 16  0.00033 -2.33019e-07 | 17  0.00031 -8.25849e-08 | 18  0.00034 -1.63427e-07
 19  0.00039 -1.47735e-07 | 20  0.00045 -1.43236e-07 | 21  0.00053 -1.55927e-07
 22  0.00052 -1.10183e-07 | 23  0.00060 -1.39180e-07 | 24  0.00071 -1.70473e-07
 25  0.00084 -1.49515e-07 | 26  0.00125 -1.80510e-07 | 27  0.00134 -1.47165e-07
 28  0.00136 -1.57907e-07 | 29  0.00613 -1.66018e-07 | 30  0.00243 -1.47603e-07
 31  0.00295 -1.58704e-07 | 32  0.00416 -2.10304e-07 | 33  0.00402 -1.92368e-07
 34  0.00240 -2.60623e-07 | 35  0.00112 -2.31128e-07 | 36  0.00590 -9.65569e-08
 37  0.00053 -1.68144e-07 | 38 -0.00754  3.05111e-08 | 39 -0.00489 -2.09300e-07
 40  0.00514 -9.60576e-08 | 41  0.00381 -1.46280e-07 | 42  0.00131 -1.73390e-07
 43  0.02445 -1.43099e-07 | 44  0.01182 -3.96433e-07 | 45  0.00537 -2.04413e-07
 46  0.00622 -2.61366e-07 | 47  0.00750 -3.60972e-07 | 48  0.00006 -1.43954e-07
 49  0.00406 -2.18375e-07 | 50  0.00040 -1.71673e-07 | 51  0.00976 -2.89768e-07
 52  0.01352 -6.72089e-08 | 53 -0.01583 -1.17245e-07 | 54 -0.01350 -8.86980e-08
 55  0.00617 -2.08612e-07 | 56  0.00679 -7.06310e-08 | 57  0.02041  6.13664e-08
 58  0.01240  1.13141e-08 | 59 -0.00609  4.65925e-08 | 60  0.01246 -1.39068e-07
 61  0.01146  5.51960e-07 | 62  0.00604  1.66326e-07 | 63  0.00838  1.96429e-07
 64  0.01899  9.27435e-07 | 65  0.00521 -2.48636e-07 | 66  0.01676  4.30694e-07
 67  0.00979  4.65138e-07 | 68  0.02058  8.11283e-07 | 69  0.02165  3.49783e-07
 70  0.02402  2.05447e-06 | 71  0.03957  1.36709e-06 | 72 -0.00944  1.11134e-06
 73  0.00669 -1.29564e-08 | 74  0.00760  1.44760e-06 | 75 -0.02903  2.91556e-07
 76 -0.01226  7.79386e-07 | 77 -0.01279  5.47921e-07 | 78  0.00798  1.77984e-06
 79  0.00882  1.02022e-06 | 80  0.00107  1.90599e-06 | 81 -0.03365  7.74888e-07
 82  0.00836  1.65515e-06 | 83  0.02041  7.81425e-07 | 84 -0.02842  6.40274e-07
 85  0.00190 -3.86325e-07 | 86 -0.02946  3.05850e-07 | 87 -0.02918  1.53323e-07
 88 -0.00220  1.32515e-07 | 89 -0.00612 -2.55349e-07 | 90 -0.01609 -1.63934e-07
 91 -0.00240 -1.45783e-06 | 92 -0.01543 -8.67545e-07 | 93  0.02955 -2.47271e-06
 94 -0.08411 -3.64294e-07 | 95 -0.02248 -1.49058e-06 | 96  0.00264 -1.49897e-06
 97 -0.01566 -1.34833e-06 | 98  0.01793 -1.42134e-06 | 99 -0.06624 -5.47225e-07
100  0.01105 -3.50832e-07 |101 -0.01488 -2.63093e-07 |102 -0.02091  7.33609e-07
103 -0.00004 -3.74615e-07 |104  0.00002 -1.79389e-07 |105  0.00021 -1.75469e-07
106 -0.03390  1.04260e-05 |107  0.00439  2.54535e-06 |108 -0.41013 -4.27840e-06
109 -0.28759  9.68688e-07 |110 -0.26566 -2.05010e-06 |
Warning: the following parameters had issues
  SR_parm[1] is within 1% of upper bound: 4.00000e+00 < 1.99628e+01 < 2.00000e+01


 - final statistics:
111 variables; iteration 0; function evaluation 0
Function value 6.0510e+02; maximum gradient component mag 1.0426e-05
Exit code = 0;  converg criter 1.0000e-04
Var    Value     Gradient |Var    Value     Gradient |Var    Value     Gradient
  1 -0.42789 -2.50712e-06 |  2 -0.40611  2.12311e-06 |  3 -0.43316  1.64223e-06
  4 -0.37121  3.35521e-07 |  5 -0.53386  3.70210e-07 |  6  0.93859  6.88422e-07
  7  0.00003  4.00828e-08 |  8  0.00001 -4.45417e-09 |  9  0.00001 -2.91150e-09
 10  0.00002  8.22595e-08 | 11  0.00024 -1.55203e-07 | 12  0.00025 -2.21392e-07
 13  0.00026 -4.87408e-08 | 14  0.00027 -1.69819e-07 | 15  0.00030 -1.74007e-07
 16  0.00033 -2.30379e-07 | 17  0.00031 -7.99454e-08 | 18  0.00034 -1.60788e-07
 19  0.00039 -1.45095e-07 | 20  0.00045 -1.40596e-07 | 21  0.00053 -1.53287e-07
 22  0.00052 -1.07544e-07 | 23  0.00060 -1.36540e-07 | 24  0.00071 -1.67833e-07
 25  0.00084 -1.46875e-07 | 26  0.00125 -1.77870e-07 | 27  0.00134 -1.44525e-07
 28  0.00136 -1.55268e-07 | 29  0.00613 -1.63379e-07 | 30  0.00243 -1.44963e-07
 31  0.00295 -1.56065e-07 | 32  0.00416 -2.07665e-07 | 33  0.00402 -1.89729e-07
 34  0.00240 -2.57983e-07 | 35  0.00112 -2.28489e-07 | 36  0.00590 -9.39173e-08
 37  0.00053 -1.65504e-07 | 38 -0.00754  3.31504e-08 | 39 -0.00489 -2.06661e-07
 40  0.00514 -9.34182e-08 | 41  0.00381 -1.43641e-07 | 42  0.00131 -1.70751e-07
 43  0.02445 -1.40461e-07 | 44  0.01182 -3.93794e-07 | 45  0.00537 -2.01774e-07
 46  0.00622 -2.58727e-07 | 47  0.00750 -3.58333e-07 | 48  0.00006 -1.41315e-07
 49  0.00406 -2.15736e-07 | 50  0.00040 -1.69034e-07 | 51  0.00976 -2.87129e-07
 52  0.01352 -6.45704e-08 | 53 -0.01583 -1.14606e-07 | 54 -0.01350 -8.60593e-08
 55  0.00617 -2.05973e-07 | 56  0.00679 -6.79922e-08 | 57  0.02041  6.40039e-08
 58  0.01240  1.39523e-08 | 59 -0.00609  4.92313e-08 | 60  0.01246 -1.36430e-07
 61  0.01146  5.54598e-07 | 62  0.00604  1.68964e-07 | 63  0.00838  1.99067e-07
 64  0.01899  9.30071e-07 | 65  0.00521 -2.45998e-07 | 66  0.01676  4.33330e-07
 67  0.00979  4.67774e-07 | 68  0.02058  8.13918e-07 | 69  0.02165  3.52417e-07
 70  0.02402  2.05710e-06 | 71  0.03957  1.36971e-06 | 72 -0.00944  1.11397e-06
 73  0.00669 -1.03231e-08 | 74  0.00760  1.45023e-06 | 75 -0.02903  2.94189e-07
 76 -0.01226  7.82020e-07 | 77 -0.01279  5.50555e-07 | 78  0.00798  1.78248e-06
 79  0.00882  1.02285e-06 | 80  0.00107  1.90863e-06 | 81 -0.03365  7.77520e-07
 82  0.00836  1.65778e-06 | 83  0.02041  7.84054e-07 | 84 -0.02842  6.42905e-07
 85  0.00190 -3.83696e-07 | 86 -0.02946  3.08482e-07 | 87 -0.02918  1.55955e-07
 88 -0.00220  1.35149e-07 | 89 -0.00612 -2.52716e-07 | 90 -0.01609 -1.61300e-07
 91 -0.00240 -1.45519e-06 | 92 -0.01543 -8.64910e-07 | 93  0.02955 -2.47009e-06
 94 -0.08411 -3.61679e-07 | 95 -0.02248 -1.48795e-06 | 96  0.00264 -1.49633e-06
 97 -0.01566 -1.34570e-06 | 98  0.01793 -1.41871e-06 | 99 -0.06624 -5.44601e-07
100  0.01105 -3.48195e-07 |101 -0.01488 -2.60454e-07 |102 -0.02091  7.36247e-07
103 -0.00004 -3.71975e-07 |104  0.00002 -1.76749e-07 |105  0.00021 -1.72829e-07
106  0.00000  0.00000e+00 |107 -0.03390  1.04258e-05 |108  0.00439  2.54535e-06
109 -0.41013 -4.27840e-06 |110 -0.28759  9.68689e-07 |111 -0.26566 -2.05010e-06
size of file gradfil1.tmp = 0
size of file gradfil2.tmp = 0
size of file varssave.tmp = 0
size of file cmpdiff.tmp = 0
