
Initial statistics: 1 variables; iteration 0; function evaluation 0; phase 1
Function value 6.9546090e+02; maximum gradient component mag 1.0743e+04
Var    Value     Gradient |Var    Value     Gradient |Var    Value     Gradient
  1  0.63197  1.07431e+04 |

 - final statistics:
1 variables; iteration 5; function evaluation 8
Function value 6.8276e+02; maximum gradient component mag 9.1729e-01
Exit code = 1;  converg criter 1.0000e+01
Var    Value     Gradient |Var    Value     Gradient |Var    Value     Gradient
  1  0.63003  9.17287e-01 |

Initial statistics: 98 variables; iteration 0; function evaluation 0; phase 2
Function value 6.8275846e+02; maximum gradient component mag -1.4449e+03
Var    Value     Gradient |Var    Value     Gradient |Var    Value     Gradient
  1  0.63003  9.17287e-01 |  2  0.00000  7.88609e+00 |  3  0.00000  8.86586e+00
  4  0.00000  1.00237e+01 |  5  0.00000  1.14637e+01 |  6  0.00000  1.31579e+01
  7  0.00000  1.51744e+01 |  8  0.00000  1.75604e+01 |  9  0.00000  2.03462e+01
 10  0.00000  2.36226e+01 | 11  0.00000  2.74008e+01 | 12  0.00000  3.12451e+01
 13  0.00000  3.48518e+01 | 14  0.00000  4.11180e+01 | 15  0.00000  4.34855e+01
 16  0.00000  4.94055e+01 | 17  0.00000  4.48035e+01 | 18  0.00000  5.18473e+01
 19  0.00000  5.40907e+01 | 20  0.00000  5.96984e+01 | 21  0.00000  4.10089e+01
 22  0.00000  6.15931e+01 | 23  0.00000  5.98436e+01 | 24  0.00000  6.14413e+01
 25  0.00000  6.21469e+01 | 26  0.00000  5.30182e+01 | 27  0.00000  5.06469e+01
 28  0.00000  5.37497e+01 | 29  0.00000  8.17437e+01 | 30  0.00000  8.90285e+01
 31  0.00000  7.52058e+01 | 32  0.00000  6.75977e+01 | 33  0.00000  7.52527e+01
 34  0.00000  6.51201e+01 | 35  0.00000  5.57441e+01 | 36  0.00000  2.35801e+01
 37  0.00000  5.83438e+01 | 38  0.00000  5.28745e+01 | 39  0.00000  5.56054e+01
 40  0.00000  2.49133e+01 | 41  0.00000  5.34755e+01 | 42  0.00000  5.55611e+01
 43  0.00000  7.21306e+01 | 44  0.00000  4.73902e+01 | 45  0.00000 -1.13962e+01
 46  0.00000  9.81472e+00 | 47  0.00000  4.10111e+01 | 48  0.00000  5.62694e+01
 49  0.00000  8.55402e+01 | 50  0.00000  7.53900e+01 | 51  0.00000  6.54124e+01
 52  0.00000  5.70663e+01 | 53  0.00000  1.45234e+01 | 54  0.00000 -2.74718e+01
 55  0.00000  7.05245e+01 | 56  0.00000  1.82761e+00 | 57  0.00000  5.02663e+01
 58  0.00000  5.18816e+01 | 59  0.00000  7.23985e+01 | 60  0.00000  8.26052e+01
 61  0.00000 -2.17575e+01 | 62  0.00000 -7.04443e+01 | 63  0.00000 -4.68900e+01
 64  0.00000  8.63769e+00 | 65  0.00000 -4.80703e+01 | 66  0.00000  1.56719e+02
 67  0.00000  4.96428e+01 | 68  0.00000 -6.06488e+01 | 69  0.00000  4.01772e+02
 70  0.00000  3.52554e+01 | 71  0.00000  9.60887e+01 | 72  0.00000 -3.92782e+01
 73  0.00000 -1.82859e+02 | 74  0.00000 -1.01969e+03 | 75  0.00000 -8.78560e+01
 76  0.00000 -1.44487e+03 | 77  0.00000  1.39293e+02 | 78  0.00000 -2.64138e+02
 79  0.00000 -3.43162e+02 | 80  0.00000 -2.12367e+02 | 81  0.00000 -1.18230e+02
 82  0.00000  2.97157e+02 | 83  0.00000  1.45467e+02 | 84  0.00000 -1.27483e+01
 85  0.00000 -6.59533e+01 | 86  0.00000 -1.27610e+02 | 87  0.00000 -2.83457e+01
 88  0.00000  3.51861e+02 | 89  0.00000 -2.76238e+02 | 90  0.00000 -2.03655e+01
 91  0.00000  4.63231e+01 | 92  0.00000  1.61814e+02 | 93  0.00000 -9.85369e+01
 94  0.00000  3.42996e+01 | 95  0.00000  3.68939e+00 | 96  0.00000  3.31147e+00
 97 -0.03546  6.60047e+01 | 98 -0.31026  7.92396e+00 |

Intermediate statistics: 98 variables; iteration 20; function evaluation 30; phase 2
Function value 5.8466715e+02; maximum gradient component mag -4.1532e+02
Var    Value     Gradient |Var    Value     Gradient |Var    Value     Gradient
  1  0.62815  5.40490e+01 |  2  0.00290  9.15782e+00 |  3  0.00345  1.06373e+01
  4  0.00410  1.23796e+01 |  5  0.00481  1.44341e+01 |  6  0.00561  1.68156e+01
  7  0.00648  1.95534e+01 |  8  0.00740  2.26608e+01 |  9  0.00834  2.61229e+01
 10  0.00923  2.99399e+01 | 11  0.01004  3.40459e+01 | 12  0.01077  3.80470e+01
 13  0.01142  4.16893e+01 | 14  0.01144  4.67991e+01 | 15  0.01217  4.95289e+01
 16  0.01183  5.38517e+01 | 17  0.01459  5.45066e+01 | 18  0.01281  5.76041e+01
 19  0.01161  5.77467e+01 | 20  0.00806  5.58224e+01 | 21  0.01723  5.81546e+01
 22  0.00805  5.86770e+01 | 23  0.00672  5.54969e+01 | 24  0.00607  5.65618e+01
 25  0.00577  5.79337e+01 | 26  0.01032  6.12572e+01 | 27  0.01148  6.39667e+01
 28  0.00942  6.53150e+01 | 29 -0.00617  5.43005e+01 | 30 -0.01106  4.90333e+01
 31 -0.00587  5.40726e+01 | 32 -0.00341  5.46609e+01 | 33 -0.00867  4.95840e+01
 34 -0.00386  5.24924e+01 | 35  0.00035  5.67124e+01 | 36  0.01562  6.97311e+01
 37 -0.00629  4.77722e+01 | 38 -0.00331  4.99545e+01 | 39 -0.00493  4.94501e+01
 40  0.01094  6.69333e+01 | 41 -0.00492  5.32087e+01 | 42 -0.00489  5.62035e+01
 43 -0.01360  4.82824e+01 | 44 -0.00452  5.36982e+01 | 45  0.02128  7.26966e+01
 46  0.01684  8.10533e+01 | 47 -0.00008  6.79900e+01 | 48 -0.01006  5.44795e+01
 49 -0.02419  3.89711e+01 | 50 -0.01629  4.87412e+01 | 51 -0.01728  4.77383e+01
 52 -0.01421  4.99256e+01 | 53  0.00099  5.32202e+01 | 54  0.01208  4.50665e+01
 55 -0.02120  3.59349e+01 | 56  0.00526  5.06650e+01 | 57 -0.01843  2.91471e+01
 58 -0.00414  6.73601e+01 | 59 -0.00549  7.62774e+01 | 60 -0.01464  4.40203e+01
 61  0.00913  6.30551e+01 | 62  0.02255  9.76639e+01 | 63  0.00835  4.67773e+01
 64 -0.00967 -3.12023e+00 | 65  0.00431  3.56371e+01 | 66 -0.02050  3.94351e+01
 67 -0.01304 -4.00408e+01 | 68 -0.00797 -1.05354e+02 | 69 -0.02471  3.13809e+01
 70 -0.01339 -9.71495e+01 | 71 -0.01577 -8.62936e+01 | 72 -0.00948 -1.22347e+02
 73 -0.01089 -2.27143e+02 | 74  0.03718 -3.56735e+02 | 75 -0.01530 -2.28834e+02
 76  0.05734 -4.15321e+02 | 77 -0.01534 -1.06605e+02 | 78  0.00592 -1.94205e+02
 79  0.00615 -2.49078e+02 | 80 -0.00156 -2.12170e+02 | 81 -0.00032 -1.53902e+02
 82 -0.03369 -8.42030e+01 | 83 -0.01080 -5.80879e+01 | 84 -0.00619 -1.14871e+02
 85 -0.00535 -1.44663e+02 | 86  0.00177 -1.16185e+02 | 87 -0.00087 -5.92742e+01
 88 -0.02442  1.42623e+01 | 89  0.00626 -1.06926e+02 | 90 -0.00323 -4.84125e+01
 91 -0.00230  3.73857e+01 | 92 -0.01653  1.07596e+01 | 93  0.00116 -1.00011e+01
 94  0.00264  4.66113e+01 | 95 -0.00046  1.66773e+00 | 96 -0.00001  1.90529e+00
 97 -0.04028  1.54964e+01 | 98 -0.33212 -2.14387e+01 |
98 variables; iteration 40; function evaluation 55; phase 2
Function value 5.7396380e+02; maximum gradient component mag -8.8759e+01
Var    Value     Gradient |Var    Value     Gradient |Var    Value     Gradient
  1  0.62674 -7.37154e+01 |  2  0.00074  5.49670e+00 |  3  0.00129  6.50443e+00
  4  0.00189  7.60477e+00 |  5  0.00251  8.83335e+00 |  6  0.00314  1.01159e+01
  7  0.00375  1.14352e+01 |  8  0.00430  1.27505e+01 |  9  0.00477  1.40106e+01
 10  0.00510  1.52161e+01 | 11  0.00529  1.63521e+01 | 12  0.00557  1.73553e+01
 13  0.00621  1.84641e+01 | 14  0.00559  1.99827e+01 | 15  0.00738  2.16297e+01
 16  0.00683  2.31832e+01 | 17  0.01210  2.46571e+01 | 18  0.00969  2.56651e+01
 19  0.00886  2.57771e+01 | 20  0.00650  2.72613e+01 | 21  0.01726  2.51338e+01
 22  0.00830  2.68392e+01 | 23  0.00772  2.57110e+01 | 24  0.00772  2.60158e+01
 25  0.00777  2.59561e+01 | 26  0.01250  2.46046e+01 | 27  0.01341  2.38195e+01
 28  0.01052  2.30188e+01 | 29 -0.00049  2.91448e+01 | 30 -0.00416  2.84516e+01
 31 -0.00016  2.62584e+01 | 32  0.00207  2.35146e+01 | 33 -0.00212  2.32701e+01
 34  0.00129  1.99988e+01 | 35  0.00462  1.93601e+01 | 36  0.01564  1.14487e+01
 37 -0.00082  1.56875e+01 | 38  0.00011  1.17108e+01 | 39 -0.00213  1.04876e+01
 40  0.01181  1.05982e+01 | 41 -0.00493  8.81982e+00 | 42 -0.00713  6.77315e+00
 43 -0.01341  8.73190e+00 | 44 -0.00603  3.01394e+00 | 45  0.01969 -4.25820e+00
 46  0.00843 -3.10184e+00 | 47 -0.00835 -1.50011e+00 | 48 -0.01194  2.70648e+00
 49 -0.02254  3.81690e+00 | 50 -0.01468  8.11652e+00 | 51 -0.01659  3.78508e+00
 52 -0.01358  1.79577e+00 | 53  0.00146 -8.41116e+00 | 54  0.01690 -2.00818e+01
 55 -0.01805 -4.89254e-01 | 56  0.00602 -1.28278e+01 | 57 -0.01499 -9.74455e+00
 58 -0.01075 -9.72101e+00 | 59 -0.01938 -2.07253e+01 | 60 -0.00852  2.05369e+01
 61  0.00166 -3.30694e+01 | 62  0.01184 -3.86159e+01 | 63 -0.00004 -6.03814e+01
 64 -0.00259 -1.30574e+01 | 65  0.00084 -4.73237e+01 | 66 -0.02629 -2.93494e+01
 67 -0.00888 -6.24453e+00 | 68 -0.00322 -1.92852e+01 | 69 -0.02902 -2.08583e+01
 70 -0.00724  1.07648e+01 | 71 -0.01415 -2.48646e+01 | 72 -0.00502 -2.83805e+01
 73 -0.00196 -1.24615e+01 | 74  0.04527 -5.63796e+01 | 75 -0.00227  1.50195e+01
 76  0.06198 -8.87587e+01 | 77 -0.01203 -9.31998e+00 | 78  0.00999 -3.21100e+01
 79  0.01176 -3.21848e+01 | 80  0.00430 -2.09877e+01 | 81  0.00102 -4.59095e+01
 82 -0.03129 -6.37754e+00 | 83 -0.01261 -4.17651e+01 | 84 -0.00341 -5.55509e+00
 85 -0.00146 -1.47628e+01 | 86  0.00492 -1.45929e+00 | 87 -0.00014 -2.86458e+01
 88 -0.03147 -3.87454e+01 | 89  0.01016 -7.16838e+00 | 90 -0.00086 -3.01141e+00
 91 -0.00344 -5.08083e+00 | 92 -0.01355  2.81809e+01 | 93  0.00499  1.13009e+01
 94 -0.02649 -1.27364e+01 | 95 -0.00270 -1.48062e-02 | 96 -0.00257 -3.31921e-01
 97 -0.04770 -3.44624e+01 | 98 -0.32354 -4.58761e+00 |
98 variables; iteration 60; function evaluation 83; phase 2
Function value 5.7284955e+02; maximum gradient component mag 4.2829e+02
Var    Value     Gradient |Var    Value     Gradient |Var    Value     Gradient
  1  0.62674  4.28289e+02 |  2  0.00057 -1.01458e+01 |  3  0.00064 -9.68178e+00
  4  0.00076 -9.08169e+00 |  5  0.00093 -8.26437e+00 |  6  0.00139 -6.90848e+00
  7  0.00220 -4.85362e+00 |  8  0.00334 -2.08794e+00 |  9  0.00460  1.07585e+00
 10  0.00556  4.01780e+00 | 11  0.00584  6.11916e+00 | 12  0.00550  6.96300e+00
 13  0.00521  7.45094e+00 | 14  0.00450  9.72020e+00 | 15  0.00613  1.23158e+01
 16  0.00610  1.56936e+01 | 17  0.01077  1.77879e+01 | 18  0.00896  2.01689e+01
 19  0.00856  2.12697e+01 | 20  0.00529  2.04724e+01 | 21  0.01649  2.22499e+01
 22  0.00860  2.53222e+01 | 23  0.00846  2.46744e+01 | 24  0.00888  2.65110e+01
 25  0.00927  2.78573e+01 | 26  0.01333  2.71815e+01 | 27  0.01392  2.68363e+01
 28  0.01191  2.75930e+01 | 29 -0.00108  2.71948e+01 | 30 -0.00408  2.74896e+01
 31 -0.00090  2.49219e+01 | 32  0.00155  2.38055e+01 | 33 -0.00220  2.38032e+01
 34  0.00115  2.15270e+01 | 35  0.00215  1.61729e+01 | 36  0.01482  1.59671e+01
 37 -0.00222  1.46674e+01 | 38 -0.00004  1.39531e+01 | 39 -0.00168  1.39190e+01
 40  0.01162  1.74542e+01 | 41 -0.00514  1.02634e+01 | 42 -0.00722  8.49511e+00
 43 -0.01377  8.55287e+00 | 44 -0.00536  7.68809e+00 | 45  0.01941  8.26822e+00
 46  0.00670  1.43481e+00 | 47 -0.00807  2.52379e+00 | 48 -0.01369  2.03526e+00
 49 -0.02161  6.99647e+00 | 50 -0.01664  6.29327e+00 | 51 -0.01803  2.94885e+00
 52 -0.01472  2.86518e+00 | 53 -0.00147 -6.03720e+00 | 54  0.01612 -6.53666e+00
 55 -0.01793  2.37729e+00 | 56  0.00389 -8.10711e+00 | 57 -0.01400 -4.23616e+00
 58 -0.00933  2.00978e-01 | 59 -0.01553 -6.95942e+00 | 60 -0.01464  1.09578e+00
 61  0.00436 -1.42011e+01 | 62  0.01368 -1.72869e+01 | 63  0.00586 -2.16285e+01
 64 -0.00307 -9.82635e+00 | 65  0.00229 -2.78115e+01 | 66 -0.02311 -8.33612e+00
 67 -0.00929 -6.64781e+00 | 68 -0.00292 -9.66471e+00 | 69 -0.02806 -1.02446e+01
 70 -0.00899 -1.13847e+01 | 71 -0.01348 -1.02499e+01 | 72 -0.00439 -1.12771e+01
 73 -0.00187 -6.30097e+00 | 74  0.04519 -3.04639e+01 | 75 -0.00319  5.34662e-01
 76  0.06202 -5.34800e+01 | 77 -0.01182 -7.52609e+00 | 78  0.01038 -1.97275e+01
 79  0.01199 -2.31228e+01 | 80  0.00442 -1.49296e+01 | 81  0.00210 -2.40024e+01
 82 -0.03151 -1.26730e+01 | 83 -0.01141 -2.53221e+01 | 84 -0.00371 -1.10092e+01
 85 -0.00118 -1.68218e+01 | 86  0.00453 -1.19169e+01 | 87  0.00050 -2.30642e+01
 88 -0.02895 -2.35372e+01 | 89  0.01045 -1.71352e+01 | 90 -0.00107 -1.80258e+01
 91 -0.00294 -1.75063e+01 | 92 -0.01581 -8.09913e+00 | 93  0.00490 -1.10689e+01
 94 -0.01837 -1.43769e+01 | 95 -0.00028 -1.25980e+01 | 96 -0.00290 -1.71238e+01
 97 -0.04456  1.92546e+01 | 98 -0.31961  5.80982e+00 |
Maximum number of function evaluations exceeded

 - final statistics:
98 variables; iteration 71; function evaluation 100
Function value 5.7233e+02; maximum gradient component mag 9.3787e+02
Exit code = 3;  converg criter 1.0000e+01
Var    Value     Gradient |Var    Value     Gradient |Var    Value     Gradient
  1  0.62698  9.37866e+02 |  2  0.00070 -2.56126e+01 |  3  0.00193 -2.30707e+01
  4  0.00302 -2.06267e+01 |  5  0.00337 -1.91632e+01 |  6  0.00215 -2.01056e+01
  7  0.00019 -2.21205e+01 |  8 -0.00032 -2.15568e+01 |  9  0.00228 -1.54696e+01
 10  0.00536 -8.06609e+00 | 11  0.00422 -7.59676e+00 | 12  0.00180 -9.61130e+00
 13  0.00471 -2.25749e+00 | 14  0.00705  6.92600e+00 | 15  0.00865  1.10537e+01
 16  0.00674  1.18144e+01 | 17  0.00966  1.22133e+01 | 18  0.00842  1.60852e+01
 19  0.00781  1.70254e+01 | 20  0.00655  2.01525e+01 | 21  0.01811  2.64299e+01
 22  0.00851  2.50689e+01 | 23  0.00826  2.39098e+01 | 24  0.00827  2.58298e+01
 25  0.00741  2.53367e+01 | 26  0.01203  2.77836e+01 | 27  0.01178  2.64058e+01
 28  0.00964  2.68947e+01 | 29 -0.00158  2.76435e+01 | 30 -0.00438  2.81366e+01
 31 -0.00197  2.48259e+01 | 32  0.00071  2.54971e+01 | 33 -0.00340  2.37727e+01
 34  0.00044  2.39826e+01 | 35 -0.00067  1.31046e+01 | 36  0.01081  1.43519e+01
 37 -0.00136  1.99946e+01 | 38 -0.00169  1.45203e+01 | 39 -0.00138  1.88315e+01
 40  0.00670  1.20777e+01 | 41 -0.00455  1.46297e+01 | 42 -0.00553  1.52741e+01
 43 -0.01283  1.21441e+01 | 44 -0.00579  9.32566e+00 | 45  0.01350  3.16727e+00
 46  0.00579  6.18244e+00 | 47 -0.00543  1.15157e+01 | 48 -0.01230  7.48319e+00
 49 -0.02485 -1.50839e+00 | 50 -0.01821  3.27185e+00 | 51 -0.01982 -1.43476e+00
 52 -0.01460  4.10865e+00 | 53  0.00036  2.72269e+00 | 54  0.01343 -3.54358e+00
 55 -0.01727  3.44520e+00 | 56  0.00560  5.72401e-01 | 57 -0.01127  1.70437e+00
 58 -0.00915  1.37176e+00 | 59 -0.01188  3.79604e+00 | 60 -0.01614 -6.35151e+00
 61  0.00682 -2.36491e-01 | 62  0.01595 -9.12001e-01 | 63  0.00962  2.09664e+00
 64 -0.00210 -4.97702e+00 | 65  0.00521 -1.19521e+00 | 66 -0.02072  5.10477e+00
 67 -0.00882 -2.57362e+00 | 68 -0.00237 -1.06249e+00 | 69 -0.02730 -2.03580e+00
 70 -0.00906 -1.00106e+01 | 71 -0.01314 -8.88905e-01 | 72 -0.00409 -1.19635e+00
 73 -0.00195 -1.68912e+00 | 74  0.04515 -4.41449e+00 | 75 -0.00396 -8.80810e+00
 76  0.06240 -5.52857e+00 | 77 -0.01198 -9.31715e+00 | 78  0.01083 -6.39955e+00
 79  0.01223 -1.04901e+01 | 80  0.00451 -9.40296e+00 | 81  0.00263 -9.71665e+00
 82 -0.03120 -1.44837e+01 | 83 -0.01066 -1.38569e+01 | 84 -0.00408 -1.81727e+01
 85 -0.00111 -1.96647e+01 | 86  0.00421 -2.16135e+01 | 87  0.00087 -2.10616e+01
 88 -0.02710 -1.55252e+01 | 89  0.01066 -2.53126e+01 | 90 -0.00079 -2.80062e+01
 91 -0.00256 -2.90397e+01 | 92 -0.01674 -3.32484e+01 | 93  0.00471 -3.32490e+01
 94 -0.01593 -2.66977e+01 | 95  0.00051 -2.81397e+01 | 96 -0.00012 -2.95783e+01
 97 -0.04200  6.86606e+01 | 98 -0.32121  9.87599e-01 |

Initial statistics: 100 variables; iteration 0; function evaluation 0; phase 3
Function value 5.7233247e+02; maximum gradient component mag 9.3787e+02
Var    Value     Gradient |Var    Value     Gradient |Var    Value     Gradient
  1  0.62698  9.37866e+02 |  2  0.00070 -2.56224e+01 |  3  0.00193 -2.30805e+01
  4  0.00302 -2.06365e+01 |  5  0.00337 -1.91730e+01 |  6  0.00215 -2.01154e+01
  7  0.00019 -2.21303e+01 |  8 -0.00032 -2.15666e+01 |  9  0.00228 -1.54794e+01
 10  0.00536 -8.07589e+00 | 11  0.00422 -7.60655e+00 | 12  0.00180 -9.62109e+00
 13  0.00471 -2.26729e+00 | 14  0.00704  6.91621e+00 | 15  0.00865  1.10439e+01
 16  0.00674  1.18046e+01 | 17  0.00966  1.22035e+01 | 18  0.00842  1.60754e+01
 19  0.00781  1.70156e+01 | 20  0.00655  2.01427e+01 | 21  0.01811  2.64201e+01
 22  0.00851  2.50591e+01 | 23  0.00826  2.39001e+01 | 24  0.00827  2.58200e+01
 25  0.00741  2.53269e+01 | 26  0.01203  2.77738e+01 | 27  0.01178  2.63960e+01
 28  0.00964  2.68849e+01 | 29 -0.00158  2.76337e+01 | 30 -0.00438  2.81268e+01
 31 -0.00197  2.48161e+01 | 32  0.00071  2.54873e+01 | 33 -0.00340  2.37629e+01
 34  0.00044  2.39728e+01 | 35 -0.00067  1.30948e+01 | 36  0.01081  1.43421e+01
 37 -0.00136  1.99848e+01 | 38 -0.00169  1.45105e+01 | 39 -0.00138  1.88217e+01
 40  0.00670  1.20679e+01 | 41 -0.00455  1.46199e+01 | 42 -0.00553  1.52644e+01
 43 -0.01283  1.21343e+01 | 44 -0.00579  9.31586e+00 | 45  0.01350  3.15748e+00
 46  0.00579  6.17265e+00 | 47 -0.00543  1.15059e+01 | 48 -0.01230  7.47340e+00
 49 -0.02485 -1.51817e+00 | 50 -0.01821  3.26207e+00 | 51 -0.01982 -1.44455e+00
 52 -0.01460  4.09886e+00 | 53  0.00036  2.71289e+00 | 54  0.01343 -3.55337e+00
 55 -0.01727  3.43542e+00 | 56  0.00560  5.62609e-01 | 57 -0.01127  1.69458e+00
 58 -0.00915  1.36197e+00 | 59 -0.01188  3.78625e+00 | 60 -0.01614 -6.36130e+00
 61  0.00682 -2.46283e-01 | 62  0.01595 -9.21790e-01 | 63  0.00962  2.08685e+00
 64 -0.00210 -4.98681e+00 | 65  0.00521 -1.20501e+00 | 66 -0.02072  5.09498e+00
 67 -0.00882 -2.58341e+00 | 68 -0.00237 -1.07228e+00 | 69 -0.02730 -2.04559e+00
 70 -0.00907 -1.00204e+01 | 71 -0.01314 -8.98695e-01 | 72 -0.00409 -1.20614e+00
 73 -0.00195 -1.69891e+00 | 74  0.04515 -4.42426e+00 | 75 -0.00396 -8.81790e+00
 76  0.06240 -5.53831e+00 | 77 -0.01198 -9.32694e+00 | 78  0.01083 -6.40934e+00
 79  0.01223 -1.04999e+01 | 80  0.00451 -9.41276e+00 | 81  0.00263 -9.72644e+00
 82 -0.03120 -1.44935e+01 | 83 -0.01066 -1.38667e+01 | 84 -0.00408 -1.81825e+01
 85 -0.00111 -1.96745e+01 | 86  0.00421 -2.16233e+01 | 87  0.00087 -2.10714e+01
 88 -0.02710 -1.55350e+01 | 89  0.01066 -2.53224e+01 | 90 -0.00079 -2.80160e+01
 91 -0.00256 -2.90494e+01 | 92 -0.01674 -3.32582e+01 | 93  0.00471 -3.32588e+01
 94 -0.01593 -2.67075e+01 | 95  0.00051 -2.81495e+01 | 96 -0.00012 -2.95881e+01
 97 -0.04200  6.86606e+01 | 98 -0.41581 -9.21247e+01 | 99 -0.32121  9.87599e-01
100 -0.25275  9.06882e+01 |

Intermediate statistics: 100 variables; iteration 20; function evaluation 26; phase 3
Function value 5.6851927e+02; maximum gradient component mag -8.8719e+01
Var    Value     Gradient |Var    Value     Gradient |Var    Value     Gradient
  1  0.62469 -7.55221e+01 |  2  0.00036  4.61799e+00 |  3  0.00060  5.10859e+00
  4  0.00084  5.60016e+00 |  5  0.00096  5.97217e+00 |  6  0.00087  6.04426e+00
  7  0.00069  6.02772e+00 |  8  0.00074  6.42223e+00 |  9  0.00124  7.56551e+00
 10  0.00174  8.85442e+00 | 11  0.00168  9.38996e+00 | 12  0.00173  9.79469e+00
 13  0.00273  1.12007e+01 | 14  0.00216  1.25292e+01 | 15  0.00384  1.36605e+01
 16  0.00290  1.43037e+01 | 17  0.00850  1.58031e+01 | 18  0.00561  1.58947e+01
 19  0.00478  1.58893e+01 | 20  0.00124  1.51509e+01 | 21  0.01575  1.86448e+01
 22  0.00458  1.68343e+01 | 23  0.00429  1.62493e+01 | 24  0.00437  1.64351e+01
 25  0.00469  1.66117e+01 | 26  0.01140  1.80597e+01 | 27  0.01320  1.85553e+01
 28  0.01032  1.78173e+01 | 29 -0.00677  1.36733e+01 | 30 -0.01063  1.24242e+01
 31 -0.00454  1.35021e+01 | 32 -0.00081  1.30605e+01 | 33 -0.00618  1.10770e+01
 34 -0.00148  1.03778e+01 | 35  0.00234  1.12196e+01 | 36  0.02178  1.50202e+01
 37 -0.00179  7.89522e+00 | 38  0.00113  7.19084e+00 | 39 -0.00183  5.37862e+00
 40  0.01329  7.38753e+00 | 41 -0.00354  4.59983e+00 | 42 -0.00538  3.04384e+00
 43 -0.01425  1.45365e+00 | 44 -0.00563  4.45474e-01 | 45  0.02624  4.90149e+00
 46  0.01504  2.01254e+00 | 47 -0.00517 -1.17351e+00 | 48 -0.01188 -2.10199e+00
 49 -0.02356 -2.35415e+00 | 50 -0.01850 -4.96264e+00 | 51 -0.01700 -2.61778e+00
 52 -0.01399 -4.64512e+00 | 53  0.00546 -5.93104e+00 | 54  0.02807 -3.10364e+00
 55 -0.01907 -7.35731e+00 | 56  0.01353 -5.37783e+00 | 57 -0.01051 -5.99987e+00
 58 -0.00786 -7.90234e+00 | 59 -0.01297 -9.95069e+00 | 60 -0.01516 -1.04399e+01
 61  0.00761 -1.72995e+01 | 62  0.01757 -2.01052e+01 | 63  0.00855 -2.51489e+01
 64 -0.00264 -2.12673e+01 | 65  0.00348 -3.87277e+01 | 66 -0.02344 -1.95905e+01
 67 -0.00934 -2.31882e+01 | 68 -0.00028  1.13614e+01 | 69 -0.02849 -1.86954e-01
 70 -0.00720 -4.23730e+00 | 71 -0.01387  3.73910e+00 | 72 -0.00191  1.21313e+01
 73 -0.00302 -8.45826e+00 | 74  0.04472 -8.87191e+01 | 75 -0.00398  1.35607e+01
 76  0.06718  5.86822e+01 | 77 -0.01235  1.24411e+00 | 78  0.01268 -1.54116e+00
 79  0.00943 -7.33521e+01 | 80  0.00533 -2.07885e+01 | 81  0.00067 -3.64895e+01
 82 -0.02990 -1.35946e+00 | 83 -0.01226 -1.83631e+01 | 84 -0.00333 -1.96999e+01
 85 -0.00270 -2.52913e+01 | 86  0.00469 -2.61582e+01 | 87 -0.00058 -1.64231e+01
 88 -0.02592  6.88437e+00 | 89  0.00933 -9.85773e+00 | 90  0.00053 -1.52475e+00
 91 -0.00349  1.29349e+01 | 92 -0.01499  5.83399e+00 | 93  0.00325  1.63609e+01
 94 -0.01434  7.10212e+00 | 95 -0.00020  3.79134e+00 | 96 -0.00006  3.47480e+00
 97 -0.04345 -3.24193e+01 | 98 -0.41451  6.90588e+01 | 99 -0.41751 -3.39842e+01
100 -0.29779  6.96311e+01 |
100 variables; iteration 40; function evaluation 51; phase 3
Function value 5.6764136e+02; maximum gradient component mag -1.1096e+03
Var    Value     Gradient |Var    Value     Gradient |Var    Value     Gradient
  1  0.62390 -1.10963e+03 |  2  0.00016  3.25012e+01 |  3 -0.00044  3.08833e+01
  4 -0.00089  2.93162e+01 |  5 -0.00091  2.82623e+01 |  6  0.00005  2.84005e+01
  7  0.00147  2.89114e+01 |  8  0.00205  2.79431e+01 |  9  0.00088  2.42984e+01
 10 -0.00053  2.01779e+01 | 11  0.00043  1.89073e+01 | 12  0.00239  1.81325e+01
 13  0.00220  1.38025e+01 | 14 -0.00003  9.45904e+00 | 15  0.00190  5.90485e+00
 16  0.00155  3.92244e+00 | 17  0.00910 -6.85338e-02 | 18  0.00486 -1.39730e+00
 19  0.00375 -1.96618e+00 | 20 -0.00033 -5.05503e-01 | 21  0.01596 -1.09174e+01
 22  0.00358 -7.28671e+00 | 23  0.00306 -6.25905e+00 | 24  0.00304 -8.18471e+00
 25  0.00396 -9.56193e+00 | 26  0.01196 -1.53322e+01 | 27  0.01637 -1.72039e+01
 28  0.00837 -1.83493e+01 | 29 -0.00800 -7.69221e+00 | 30 -0.01218 -6.67452e+00
 31 -0.00585 -1.06764e+01 | 32 -0.00241 -1.40528e+01 | 33 -0.00779 -1.05429e+01
 34 -0.00199 -1.24304e+01 | 35  0.00462 -9.81885e+00 | 36  0.02272 -2.82524e+01
 37 -0.00372 -1.29297e+01 | 38  0.00090 -1.38454e+01 | 39 -0.00313 -1.35700e+01
 40  0.01601 -1.89477e+01 | 41 -0.00477 -1.25223e+01 | 42 -0.00699 -1.22930e+01
 43 -0.01512 -6.56239e+00 | 44 -0.00480 -9.19242e+00 | 45  0.02943 -2.88111e+01
 46  0.01614 -2.48189e+01 | 47 -0.00733 -1.44611e+01 | 48 -0.01125 -8.55664e+00
 49 -0.02320 -2.24604e+00 | 50 -0.01911 -8.48736e+00 | 51 -0.01656 -6.23700e+00
 52 -0.01347 -8.45077e+00 | 53  0.00684 -1.99010e+01 | 54  0.03104 -3.37649e+01
 55 -0.01966 -7.09506e+00 | 56  0.01434 -2.52681e+01 | 57 -0.01005 -9.40881e+00
 58 -0.00857 -1.44597e+01 | 59 -0.01177 -8.61324e+00 | 60 -0.01239 -2.84770e-01
 61  0.00935 -2.25615e+01 | 62  0.02125 -2.57166e+01 | 63  0.00996 -2.90863e+01
 64  0.00182 -3.54733e+00 | 65  0.00585 -2.90732e+01 | 66 -0.02342 -1.33216e+01
 67 -0.00826 -1.38848e+01 | 68 -0.00074 -3.43456e+00 | 69 -0.02856  6.81634e+00
 70 -0.00685  1.52871e+00 | 71 -0.01434  3.22707e+00 | 72 -0.00265  3.50747e+00
 73 -0.00312  3.63310e+00 | 74  0.04679 -4.95767e+01 | 75 -0.00447  1.61243e+01
 76  0.06497 -4.15101e+01 | 77 -0.01242  1.93740e+01 | 78  0.01301  1.24379e+01
 79  0.01088 -2.38925e+01 | 80  0.00602  5.05574e+00 | 81  0.00234  1.61311e+01
 82 -0.03019  1.94233e+01 | 83 -0.01182  1.08287e+01 | 84 -0.00265  1.03457e+01
 85 -0.00055  4.63113e+01 | 86  0.00601  2.10216e+01 | 87 -0.00050  9.46596e+00
 88 -0.02706  2.42634e+01 | 89  0.00955  2.77884e+01 | 90 -0.00000  2.48569e+01
 91 -0.00429  3.60687e+01 | 92 -0.01676  2.53596e+01 | 93  0.00168  3.56201e+01
 94 -0.01516  3.54472e+01 | 95 -0.00074  3.50465e+01 | 96 -0.00007  3.56653e+01
 97 -0.04760 -7.73514e+01 | 98 -0.41860  1.02633e+02 | 99 -0.41558  2.50949e+00
100 -0.30082 -1.34767e+01 |
100 variables; iteration 60; function evaluation 80; phase 3
Function value 5.6735904e+02; maximum gradient component mag -8.2524e+02
Var    Value     Gradient |Var    Value     Gradient |Var    Value     Gradient
  1  0.62433 -8.25239e+02 |  2  0.00033  2.43116e+01 |  3  0.00066  2.42577e+01
  4  0.00100  2.40707e+01 |  5  0.00108  2.34080e+01 |  6  0.00080  2.20486e+01
  7  0.00078  2.09163e+01 |  8  0.00132  2.03893e+01 |  9  0.00097  1.83872e+01
 10 -0.00028  1.50015e+01 | 11  0.00052  1.42676e+01 | 12  0.00203  1.38358e+01
 13  0.00228  1.09077e+01 | 14  0.00098  8.37055e+00 | 15  0.00236  5.22438e+00
 16  0.00186  3.82060e+00 | 17  0.00838  6.20040e-01 | 18  0.00477 -2.40985e-01
 19  0.00386 -5.97795e-01 | 20 -0.00115 -1.12118e+00 | 21  0.01626 -6.59743e+00
 22  0.00329 -5.10502e+00 | 23  0.00384 -3.49296e+00 | 24  0.00371 -5.15882e+00
 25  0.00336 -7.23471e+00 | 26  0.01162 -1.07842e+01 | 27  0.01568 -1.15614e+01
 28  0.00854 -1.37643e+01 | 29 -0.00925 -7.68839e+00 | 30 -0.01260 -6.40217e+00
 31 -0.00605 -8.98126e+00 | 32 -0.00216 -1.12561e+01 | 33 -0.00797 -9.37615e+00
 34 -0.00298 -1.17152e+01 | 35  0.00120 -1.17897e+01 | 36  0.02502 -2.01844e+01
 37 -0.00344 -1.18798e+01 | 38 -0.00045 -1.37873e+01 | 39 -0.00304 -1.29270e+01
 40  0.01373 -1.84509e+01 | 41 -0.00500 -1.27870e+01 | 42 -0.00652 -1.20332e+01
 43 -0.01540 -8.27538e+00 | 44 -0.00692 -1.28516e+01 | 45  0.02549 -2.90769e+01
 46  0.01585 -2.29405e+01 | 47 -0.00741 -1.57188e+01 | 48 -0.01181 -1.04674e+01
 49 -0.02378 -5.28903e+00 | 50 -0.01757 -7.06964e+00 | 51 -0.01572 -6.61853e+00
 52 -0.01348 -9.68424e+00 | 53  0.00684 -1.83656e+01 | 54  0.03013 -2.83941e+01
 55 -0.01945 -8.97546e+00 | 56  0.01504 -2.18427e+01 | 57 -0.01001 -1.03047e+01
 58 -0.00742 -1.27942e+01 | 59 -0.01191 -9.96478e+00 | 60 -0.01359 -5.37451e+00
 61  0.01039 -1.74576e+01 | 62  0.02080 -2.38962e+01 | 63  0.01222 -1.74784e+01
 64  0.00056 -9.57049e+00 | 65  0.00752 -1.37096e+01 | 66 -0.02150 -1.67625e+00
 67 -0.00769 -6.74250e+00 | 68 -0.00118 -8.67104e+00 | 69 -0.02849  4.28007e+00
 70 -0.00727 -2.29100e+00 | 71 -0.01447  8.53816e-01 | 72 -0.00299  1.57404e+00
 73 -0.00336  1.73328e+00 | 74  0.04734 -1.94002e+01 | 75 -0.00527  1.78390e+00
 76  0.06469 -3.24498e+01 | 77 -0.01279  1.18234e+01 | 78  0.01229  4.01014e+00
 79  0.01209  7.86630e+00 | 80  0.00607  1.01385e+01 | 81  0.00208  1.10347e+01
 82 -0.03030  1.60979e+01 | 83 -0.01150  1.59338e+01 | 84 -0.00229  1.68055e+01
 85 -0.00167  1.78607e+01 | 86  0.00586  1.59580e+01 | 87  0.00023  2.03631e+01
 88 -0.02679  2.11649e+01 | 89  0.00976  2.30914e+01 | 90  0.00062  2.41742e+01
 91 -0.00407  2.58670e+01 | 92 -0.01533  2.61658e+01 | 93  0.00240  2.71037e+01
 94 -0.01560  2.49168e+01 | 95 -0.00040  2.62483e+01 | 96 -0.00005  2.63627e+01
 97 -0.04363 -5.12209e+01 | 98 -0.41704  7.13183e+01 | 99 -0.40975  2.79895e+00
100 -0.29809 -8.00006e+00 |
Maximum number of function evaluations exceeded

 - final statistics:
100 variables; iteration 71; function evaluation 100
Function value 5.6716e+02; maximum gradient component mag -5.8613e+02
Exit code = 3;  converg criter 1.0000e+00
Var    Value     Gradient |Var    Value     Gradient |Var    Value     Gradient
  1  0.62475 -5.86129e+02 |  2  0.00034  1.71424e+01 |  3  0.00003  1.63272e+01
  4 -0.00010  1.55730e+01 |  5  0.00039  1.56939e+01 |  6  0.00112  1.61139e+01
  7  0.00044  1.43183e+01 |  8 -0.00008  1.25882e+01 |  9  0.00144  1.36988e+01
 10  0.00143  1.23763e+01 | 11  0.00132  1.09502e+01 | 12  0.00097  8.59323e+00
 13  0.00265  8.34481e+00 | 14  0.00142  6.41789e+00 | 15  0.00332  4.74338e+00
 16  0.00216  3.06580e+00 | 17  0.00962  2.11643e+00 | 18  0.00549  5.99751e-01
 19  0.00437  1.35485e-02 | 20 -0.00058 -1.13944e+00 | 21  0.01483 -6.09568e+00
 22  0.00295 -4.80444e+00 | 23  0.00146 -5.61520e+00 | 24  0.00044 -7.94938e+00
 25  0.00093 -8.79309e+00 | 26  0.00988 -1.01049e+01 | 27  0.01003 -1.31190e+01
 28  0.00941 -1.07113e+01 | 29 -0.00783 -5.04233e+00 | 30 -0.01349 -7.21954e+00
 31 -0.00609 -7.78686e+00 | 32 -0.00200 -9.15920e+00 | 33 -0.00828 -8.72700e+00
 34 -0.00345 -1.05749e+01 | 35  0.00059 -1.01154e+01 | 36  0.02522 -1.32214e+01
 37 -0.00303 -9.96466e+00 | 38  0.00070 -1.04379e+01 | 39 -0.00305 -1.13089e+01
 40  0.01150 -1.75852e+01 | 41 -0.00329 -9.45597e+00 | 42 -0.00665 -1.13038e+01
 43 -0.01450 -7.01901e+00 | 44 -0.00678 -1.14544e+01 | 45  0.02529 -2.18093e+01
 46  0.01721 -1.63026e+01 | 47 -0.00487 -1.12638e+01 | 48 -0.01182 -9.75492e+00
 49 -0.02449 -7.17869e+00 | 50 -0.01800 -7.81165e+00 | 51 -0.01621 -7.30657e+00
 52 -0.01357 -9.86677e+00 | 53  0.00472 -1.89555e+01 | 54  0.02746 -2.57967e+01
 55 -0.01725 -5.23956e+00 | 56  0.01647 -1.57096e+01 | 57 -0.00827 -7.13480e+00
 58 -0.00501 -6.82459e+00 | 59 -0.01109 -7.66169e+00 | 60 -0.01348 -5.49585e+00
 61  0.01107 -1.22208e+01 | 62  0.02126 -1.77770e+01 | 63  0.01331 -9.50601e+00
 64  0.00035 -9.74187e+00 | 65  0.00858 -2.22614e+00 | 66 -0.02049  4.86204e+00
 67 -0.00714  7.24398e-01 | 68 -0.00131 -8.74953e+00 | 69 -0.02852  1.61705e+00
 70 -0.00732 -9.04968e-01 | 71 -0.01438  2.78391e+00 | 72 -0.00357 -5.30288e+00
 73 -0.00343  2.01932e+00 | 74  0.04754 -2.90478e+00 | 75 -0.00502  5.59336e+00
 76  0.06456 -2.13063e+01 | 77 -0.01316  4.71113e+00 | 78  0.01193  2.31690e-01
 79  0.01253  2.06253e+01 | 80  0.00561  4.49037e+00 | 81  0.00193  7.98132e+00
 82 -0.03031  1.32576e+01 | 83 -0.01142  1.62453e+01 | 84 -0.00233  1.53504e+01
 85 -0.00224  2.64421e+00 | 86  0.00591  1.39532e+01 | 87  0.00052  2.27363e+01
 88 -0.02666  1.68976e+01 | 89  0.00988  1.88145e+01 | 90  0.00074  1.85186e+01
 91 -0.00394  1.83837e+01 | 92 -0.01470  2.26474e+01 | 93  0.00286  2.16220e+01
 94 -0.01504  1.81267e+01 | 95  0.00005  1.92492e+01 | 96 -0.00011  1.83971e+01
 97 -0.04388 -3.54879e+01 | 98 -0.41737  4.76170e+01 | 99 -0.40678  1.66221e+00
100 -0.29657 -2.27037e+00 |

Initial statistics: 108 variables; iteration 0; function evaluation 0; phase 4
Function value 5.6715938e+02; maximum gradient component mag -5.9119e+02
Var    Value     Gradient |Var    Value     Gradient |Var    Value     Gradient
  1 -0.42263  1.77884e+02 |  2 -0.42263 -4.94057e+02 |  3 -0.41094 -1.35356e+02
  4  0.62475 -5.91195e+02 |  5  0.00000 -4.11761e+00 |  6  0.00000 -9.09076e-01
  7  0.00000 -1.10674e+00 |  8  0.00000 -1.34593e+00 |  9  0.00000 -1.63477e+00
 10  0.00034  1.74529e+01 | 11  0.00003  1.65746e+01 | 12 -0.00010  1.58488e+01
 13  0.00039  1.60079e+01 | 14  0.00112  1.63796e+01 | 15  0.00045  1.45550e+01
 16 -0.00008  1.28308e+01 | 17  0.00144  1.38926e+01 | 18  0.00144  1.26463e+01
 19  0.00132  1.11318e+01 | 20  0.00097  8.77636e+00 | 21  0.00265  8.42179e+00
 22  0.00143  6.50531e+00 | 23  0.00333  4.76576e+00 | 24  0.00217  3.07008e+00
 25  0.00963  2.19550e+00 | 26  0.00550  6.40299e-01 | 27  0.00437  4.69661e-02
 28 -0.00058 -1.04899e+00 | 29  0.01483 -6.13761e+00 | 30  0.00296 -4.69947e+00
 31  0.00147 -5.58548e+00 | 32  0.00044 -7.96805e+00 | 33  0.00094 -8.90573e+00
 34  0.00988 -1.01735e+01 | 35  0.01003 -1.31822e+01 | 36  0.00941 -1.07798e+01
 37 -0.00783 -5.10122e+00 | 38 -0.01349 -7.20994e+00 | 39 -0.00609 -7.74648e+00
 40 -0.00200 -9.14801e+00 | 41 -0.00828 -8.68844e+00 | 42 -0.00344 -1.05405e+01
 43  0.00059 -1.01136e+01 | 44  0.02523 -1.34261e+01 | 45 -0.00303 -9.89513e+00
 46  0.00071 -1.04011e+01 | 47 -0.00305 -1.12341e+01 | 48  0.01150 -1.74962e+01
 49 -0.00329 -9.36777e+00 | 50 -0.00665 -1.12111e+01 | 51 -0.01449 -6.93150e+00
 52 -0.00677 -1.13697e+01 | 53  0.02529 -2.18921e+01 | 54  0.01721 -1.62742e+01
 55 -0.00486 -1.12080e+01 | 56 -0.01182 -9.61825e+00 | 57 -0.02449 -7.13279e+00
 58 -0.01800 -7.67096e+00 | 59 -0.01620 -7.24757e+00 | 60 -0.01357 -9.72579e+00
 61  0.00473 -1.89099e+01 | 62  0.02746 -2.57714e+01 | 63 -0.01725 -5.09135e+00
 64  0.01647 -1.56938e+01 | 65 -0.00826 -6.94597e+00 | 66 -0.00500 -6.69379e+00
 67 -0.01109 -7.48916e+00 | 68 -0.01348 -5.31921e+00 | 69  0.01107 -1.21313e+01
 70  0.02126 -1.77086e+01 | 71  0.01331 -9.42971e+00 | 72  0.00036 -9.60703e+00
 73  0.00858 -2.08523e+00 | 74 -0.02049  5.01987e+00 | 75 -0.00714  8.93320e-01
 76 -0.00131 -8.58806e+00 | 77 -0.02852  1.83678e+00 | 78 -0.00732 -7.27474e-01
 79 -0.01438  2.99491e+00 | 80 -0.00357 -5.09959e+00 | 81 -0.00343  2.22624e+00
 82  0.04754 -2.81544e+00 | 83 -0.00502  5.80169e+00 | 84  0.06456 -2.11950e+01
 85 -0.01316  4.94149e+00 | 86  0.01193  4.41150e-01 | 87  0.01253  2.08194e+01
 88  0.00561  4.71994e+00 | 89  0.00193  8.22115e+00 | 90 -0.03031  1.35205e+01
 91 -0.01142  1.64938e+01 | 92 -0.00233  1.55957e+01 | 93 -0.00224  2.91452e+00
 94  0.00591  1.42121e+01 | 95  0.00053  2.29915e+01 | 96 -0.02666  1.71734e+01
 97  0.00988  1.90901e+01 | 98  0.00074  1.88243e+01 | 99 -0.00394  1.86778e+01
100 -0.01470  2.29320e+01 |101  0.00286  2.19326e+01 |102 -0.01503  1.84054e+01
103  0.00005  1.94285e+01 |104 -0.00011  1.87537e+01 |105 -0.04388 -3.57994e+01
106 -0.41737  4.80710e+01 |107 -0.40678  1.65613e+00 |108 -0.29657 -2.26415e+00

Intermediate statistics: 108 variables; iteration 20; function evaluation 26; phase 4
Function value 5.6626935e+02; maximum gradient component mag -3.2991e+02
Var    Value     Gradient |Var    Value     Gradient |Var    Value     Gradient
  1 -0.42879  1.25491e+02 |  2 -0.42403 -2.68510e+02 |  3 -0.40590 -5.77181e+01
  4  0.62501 -3.29907e+02 |  5  0.00030 -1.99626e+00 |  6  0.00006 -4.44769e-01
  7  0.00007 -5.41361e-01 |  8  0.00009 -6.58199e-01 |  9  0.00011 -7.99240e-01
 10  0.00014  1.21126e+01 | 11  0.00013  1.18505e+01 | 12  0.00016  1.15807e+01
 13  0.00023  1.13684e+01 | 14  0.00033  1.11133e+01 | 15  0.00031  1.06100e+01
 16  0.00032  1.00809e+01 | 17  0.00043  9.61501e+00 | 18  0.00043  8.93703e+00
 19  0.00038  8.17069e+00 | 20  0.00060  7.33332e+00 | 21  0.00110  6.21509e+00
 22  0.00010  5.34767e+00 | 23  0.00152  4.00904e+00 | 24  0.00053  3.19794e+00
 25  0.00533  5.27740e-01 | 26  0.00274  9.54511e-01 | 27  0.00190  4.96894e-01
 28 -0.00099  2.12228e+00 | 29  0.01233 -2.64548e+00 | 30  0.00167 -8.74223e-01
 31  0.00188 -2.85966e-02 | 32  0.00230 -2.21479e-01 | 33  0.00252 -9.68609e-01
 34  0.00785 -4.45075e+00 | 35  0.01014 -4.68558e+00 | 36  0.00658 -5.84156e+00
 37 -0.00911 -1.46523e+00 | 38 -0.01184  6.59423e-01 | 39 -0.00622 -1.85001e+00
 40 -0.00255 -3.07348e+00 | 41 -0.00696 -8.96045e-01 | 42 -0.00192 -1.36640e+00
 43  0.00090 -2.98956e+00 | 44  0.01525 -1.40701e+01 | 45 -0.00144 -1.93311e+00
 46  0.00125 -2.79873e+00 | 47 -0.00094 -1.65534e+00 | 48  0.01229 -5.74630e+00
 49 -0.00247 -2.10497e+00 | 50 -0.00351 -1.13940e+00 | 51 -0.01253  5.59927e-01
 52 -0.00311 -5.86792e-02 | 53  0.02207 -1.36976e+01 | 54  0.01567 -8.36973e+00
 55 -0.00229 -2.18116e+00 | 56 -0.00913 -3.87227e-01 | 57 -0.02112  2.61452e+00
 58 -0.01625  9.18331e-01 | 59 -0.01409  4.91512e-01 | 60 -0.01030  3.82368e-01
 61  0.00973 -2.74272e+00 | 62  0.02867 -1.03176e+01 | 63 -0.01550  1.60485e+00
 64  0.01718 -5.52133e+00 | 65 -0.00629  6.15139e-01 | 66 -0.00414  1.90387e-01
 67 -0.00858  2.95187e+00 | 68 -0.01213  2.51887e+00 | 69  0.01137 -3.53290e+00
 70  0.02206 -4.61424e+00 | 71  0.01308 -2.00230e+00 | 72  0.00126  2.90847e-01
 73  0.00710 -6.41893e+00 | 74 -0.02109  1.89121e+00 | 75 -0.00823 -4.76792e+00
 76 -0.00096  1.69559e+00 | 77 -0.02866  2.85988e+00 | 78 -0.00766 -1.18209e+00
 79 -0.01476 -1.34009e+00 | 80 -0.00361 -2.47427e+00 | 81 -0.00356  3.44978e+00
 82  0.04732  3.12964e+00 | 83 -0.00514  5.45051e+00 | 84  0.06468 -3.53528e+00
 85 -0.01328  3.61239e+00 | 86  0.01232  7.67323e+00 | 87  0.01203  1.08696e+01
 88  0.00565  5.97822e+00 | 89  0.00188  9.74917e+00 | 90 -0.03015  1.22062e+01
 91 -0.01178  7.87369e+00 | 92 -0.00259  9.05640e+00 | 93 -0.00227  1.69134e+00
 94  0.00545  6.15544e+00 | 95  0.00021  1.37312e+01 | 96 -0.02664  1.25973e+01
 97  0.00974  1.41796e+01 | 98  0.00068  1.31712e+01 | 99 -0.00404  1.03354e+01
100 -0.01502  1.41964e+01 |101  0.00260  1.30638e+01 |102 -0.01447  1.40220e+01
103 -0.00026  1.30948e+01 |104 -0.00005  1.29922e+01 |105 -0.04591 -1.73387e+01
106 -0.41768  2.50197e+01 |107 -0.39170 -1.18166e+01 |108 -0.27978  3.30320e+01
108 variables; iteration 40; function evaluation 51; phase 4
Function value 5.6606583e+02; maximum gradient component mag -7.7283e+02
Var    Value     Gradient |Var    Value     Gradient |Var    Value     Gradient
  1 -0.43056 -4.68034e+01 |  2 -0.42352 -7.72834e+02 |  3 -0.40714 -3.20647e+02
  4  0.62520 -6.38216e+02 |  5  0.00032 -5.11700e+00 |  6  0.00008 -1.11630e+00
  7  0.00009 -1.36165e+00 |  8  0.00011 -1.65981e+00 |  9  0.00013 -2.02169e+00
 10  0.00003  1.76700e+01 | 11  0.00010  1.72006e+01 | 12  0.00016  1.65877e+01
 13  0.00012  1.57273e+01 | 14  0.00007  1.46859e+01 | 15  0.00018  1.37094e+01
 16  0.00026  1.24996e+01 | 17  0.00012  1.07731e+01 | 18  0.00011  9.03921e+00
 19  0.00005  7.08148e+00 | 20  0.00028  4.90693e+00 | 21  0.00069  2.15883e+00
 22 -0.00033 -6.05414e-02 | 23  0.00106 -3.24916e+00 | 24  0.00004 -5.30275e+00
 25  0.00489 -1.03505e+01 | 26  0.00232 -1.01291e+01 | 27  0.00136 -1.04788e+01
 28 -0.00139 -8.02519e+00 | 29  0.01191 -1.79472e+01 | 30  0.00127 -1.39692e+01
 31  0.00143 -1.26032e+01 | 32  0.00181 -1.35866e+01 | 33  0.00211 -1.48634e+01
 34  0.00767 -2.03672e+01 | 35  0.01003 -2.17515e+01 | 36  0.00646 -2.15621e+01
 37 -0.00910 -1.20791e+01 | 38 -0.01240 -1.00332e+01 | 39 -0.00619 -1.31987e+01
 40 -0.00244 -1.49275e+01 | 41 -0.00706 -1.11454e+01 | 42 -0.00255 -1.32439e+01
 43  0.00064 -1.43421e+01 | 44  0.01595 -2.77825e+01 | 45 -0.00129 -1.07501e+01
 46  0.00150 -1.16401e+01 | 47 -0.00117 -9.90224e+00 | 48  0.01151 -1.76788e+01
 49 -0.00219 -8.65524e+00 | 50 -0.00320 -6.88627e+00 | 51 -0.01239 -3.15929e+00
 52 -0.00289 -5.76659e+00 | 53  0.02282 -2.18742e+01 | 54  0.01634 -1.61470e+01
 55 -0.00197 -6.10605e+00 | 56 -0.00926 -3.66749e+00 | 57 -0.02155  5.42703e-01
 58 -0.01572  5.16090e-01 | 59 -0.01391 -1.06558e+00 | 60 -0.00999 -1.07961e+00
 61  0.01010 -7.12097e+00 | 62  0.02906 -1.73145e+01 | 63 -0.01506  2.52286e+00
 64  0.01747 -9.96988e+00 | 65 -0.00625 -7.45471e-02 | 66 -0.00332  8.17241e-01
 67 -0.00931  2.90061e-01 | 68 -0.01369 -2.84149e+00 | 69  0.01178 -3.98537e+00
 70  0.02309 -4.41395e+00 | 71  0.01289 -5.59480e+00 | 72  0.00071 -3.66164e+00
 73  0.00751 -5.24785e+00 | 74 -0.02049  7.65931e+00 | 75 -0.00775 -9.28079e-01
 76 -0.00130 -2.76040e+00 | 77 -0.02824  1.37264e+01 | 78 -0.00740  1.86972e+00
 79 -0.01492  8.00879e-02 | 80 -0.00323  4.12247e+00 | 81 -0.00297  1.76004e+01
 82  0.04703 -7.27337e+00 | 83 -0.00505  1.18583e+01 | 84  0.06464 -7.55691e+00
 85 -0.01312  1.32189e+01 | 86  0.01225  1.08182e+01 | 87  0.01156  5.30621e+00
 88  0.00552  5.15160e+00 | 89  0.00152  9.73906e+00 | 90 -0.03089  1.02361e+01
 91 -0.01154  1.94536e+01 | 92 -0.00234  1.77293e+01 | 93 -0.00206  1.52590e+01
 94  0.00578  1.66569e+01 | 95 -0.00015  1.34396e+01 | 96 -0.02652  2.11733e+01
 97  0.00966  1.80543e+01 | 98  0.00054  1.77100e+01 | 99 -0.00407  1.98490e+01
100 -0.01502  2.13608e+01 |101  0.00252  2.10055e+01 |102 -0.01434  2.05318e+01
103 -0.00041  2.01154e+01 |104 -0.00005  2.02303e+01 |105 -0.04541 -4.20084e+01
106 -0.41701  6.04397e+01 |107 -0.38794 -4.33115e+00 |108 -0.27761  7.13453e+00
108 variables; iteration 60; function evaluation 78; phase 4
Function value 5.6601657e+02; maximum gradient component mag -9.4221e+02
Var    Value     Gradient |Var    Value     Gradient |Var    Value     Gradient
  1 -0.43024 -6.72775e+01 |  2 -0.42323 -9.42207e+02 |  3 -0.40800 -3.97068e+02
  4  0.62534 -7.64540e+02 |  5  0.00023 -6.75283e+00 |  6  0.00008 -1.44414e+00
  7  0.00009 -1.76407e+00 |  8  0.00011 -2.15409e+00 |  9  0.00013 -2.62925e+00
 10  0.00001  2.03810e+01 | 11  0.00007  1.97454e+01 | 12  0.00011  1.89126e+01
 13  0.00006  1.78311e+01 | 14  0.00006  1.65916e+01 | 15  0.00008  1.51816e+01
 16  0.00007  1.34719e+01 | 17  0.00014  1.15982e+01 | 18  0.00011  9.35304e+00
 19  0.00004  6.80898e+00 | 20  0.00026  3.98788e+00 | 21  0.00061  4.50205e-01
 22 -0.00041 -2.40014e+00 | 23  0.00092 -6.50247e+00 | 24 -0.00009 -9.10187e+00
 25  0.00476 -1.52977e+01 | 26  0.00204 -1.52980e+01 | 27  0.00135 -1.53276e+01
 28 -0.00179 -1.29428e+01 | 29  0.01100 -2.55891e+01 | 30  0.00073 -2.02947e+01
 31  0.00140 -1.82246e+01 | 32  0.00236 -1.90766e+01 | 33  0.00256 -2.07393e+01
 34  0.00747 -2.78549e+01 | 35  0.00925 -3.01939e+01 | 36  0.00566 -2.94602e+01
 37 -0.00944 -1.73553e+01 | 38 -0.01259 -1.46566e+01 | 39 -0.00647 -1.86418e+01
 40 -0.00272 -2.06406e+01 | 41 -0.00745 -1.60494e+01 | 42 -0.00247 -1.77666e+01
 43  0.00046 -1.90435e+01 | 44  0.01654 -3.36974e+01 | 45 -0.00130 -1.44913e+01
 46  0.00152 -1.53301e+01 | 47 -0.00106 -1.28671e+01 | 48  0.01151 -2.18266e+01
 49 -0.00226 -1.13427e+01 | 50 -0.00330 -9.27036e+00 | 51 -0.01216 -4.07589e+00
 52 -0.00297 -7.60183e+00 | 53  0.02351 -2.43136e+01 | 54  0.01669 -1.86642e+01
 55 -0.00147 -6.64663e+00 | 56 -0.00904 -3.88201e+00 | 57 -0.02126  1.19300e+00
 58 -0.01663 -1.31071e+00 | 59 -0.01378 -9.91146e-01 | 60 -0.00979 -9.71279e-01
 61  0.01003 -8.41851e+00 | 62  0.02944 -1.90268e+01 | 63 -0.01508  3.20126e+00
 64  0.01790 -1.06443e+01 | 65 -0.00596  6.00270e-01 | 66 -0.00397 -4.79266e-01
 67 -0.00883  2.24743e+00 | 68 -0.01208  3.61574e+00 | 69  0.01166 -4.63026e+00
 70  0.02225 -9.36874e+00 | 71  0.01318 -4.22642e+00 | 72  0.00150  1.30125e+00
 73  0.00795 -1.73818e+00 | 74 -0.02081  7.27704e+00 | 75 -0.00733  4.65201e+00
 76 -0.00108  2.74346e+00 | 77 -0.02853  1.05047e+01 | 78 -0.00714  7.56406e+00
 79 -0.01447  1.14270e+01 | 80 -0.00326  6.95274e+00 | 81 -0.00343  9.97155e+00
 82  0.04708 -3.86571e+00 | 83 -0.00496  1.66219e+01 | 84  0.06456 -7.05345e+00
 85 -0.01337  1.28012e+01 | 86  0.01198  9.66518e+00 | 87  0.01165  1.12199e+01
 88  0.00593  1.53675e+01 | 89  0.00154  1.45785e+01 | 90 -0.03038  1.92488e+01
 91 -0.01170  1.86909e+01 | 92 -0.00267  1.59559e+01 | 93 -0.00202  1.95767e+01
 94  0.00573  1.96116e+01 | 95  0.00001  2.03537e+01 | 96 -0.02696  2.06823e+01
 97  0.00970  2.22934e+01 | 98  0.00050  2.13082e+01 | 99 -0.00404  2.43983e+01
100 -0.01528  2.30068e+01 |101  0.00256  2.52608e+01 |102 -0.01445  2.36435e+01
103 -0.00045  2.35316e+01 |104 -0.00004  2.37189e+01 |105 -0.04579 -4.99697e+01
106 -0.41732  6.84749e+01 |107 -0.38569 -1.41785e+00 |108 -0.27764  1.86878e+00
Maximum number of function evaluations exceeded

 - final statistics:
108 variables; iteration 73; function evaluation 100
Function value 5.6596e+02; maximum gradient component mag -2.1215e+02
Exit code = 3;  converg criter 1.0000e+00
Var    Value     Gradient |Var    Value     Gradient |Var    Value     Gradient
  1 -0.43039 -2.06142e+01 |  2 -0.42321 -2.12147e+02 |  3 -0.40775 -8.87701e+01
  4  0.62531 -1.70548e+02 |  5  0.00010 -1.34192e+00 |  6 -0.00001 -3.43927e-01
  7 -0.00001 -4.12847e-01 |  8 -0.00000 -4.93969e-01 |  9  0.00000 -5.89065e-01
 10 -0.00005  4.54724e+00 | 11 -0.00008  4.34360e+00 | 12 -0.00006  4.17527e+00
 13 -0.00004  4.03587e+00 | 14 -0.00004  3.79771e+00 | 15 -0.00005  3.49929e+00
 16 -0.00008  3.15071e+00 | 17 -0.00016  2.67867e+00 | 18 -0.00024  2.20673e+00
 19 -0.00038  1.65863e+00 | 20 -0.00044  8.23854e-01 | 21  0.00035  6.15264e-01
 22 -0.00080 -5.71884e-02 | 23  0.00038 -1.18587e+00 | 24 -0.00093 -2.08591e+00
 25  0.00521 -2.04691e+00 | 26  0.00166 -3.03686e+00 | 27  0.00053 -3.53777e+00
 28 -0.00275 -3.09499e+00 | 29  0.01064 -5.97372e+00 | 30 -0.00001 -4.75867e+00
 31  0.00019 -4.07919e+00 | 32  0.00087 -3.60939e+00 | 33  0.00128 -3.85076e+00
 34  0.00777 -4.98676e+00 | 35  0.00963 -5.32817e+00 | 36  0.00623 -6.31248e+00
 37 -0.01020 -4.63852e+00 | 38 -0.01296 -2.86076e+00 | 39 -0.00739 -5.01878e+00
 40 -0.00347 -5.45040e+00 | 41 -0.00786 -3.72039e+00 | 42 -0.00286 -3.92148e+00
 43  0.00020 -4.43525e+00 | 44  0.01874 -7.92108e+00 | 45 -0.00197 -4.16863e+00
 46  0.00204 -2.98234e+00 | 47 -0.00095 -3.04268e+00 | 48  0.01309 -3.73711e+00
 49 -0.00168 -2.93190e+00 | 50 -0.00306 -2.59874e+00 | 51 -0.01191 -1.23486e+00
 52 -0.00292 -2.12603e+00 | 53  0.02411 -6.74780e+00 | 54  0.01709 -6.20498e+00
 55 -0.00082 -1.65381e+00 | 56 -0.00850 -1.55351e+00 | 57 -0.02167 -1.74890e+00
 58 -0.01559 -8.46496e-03 | 59 -0.01323 -1.09332e+00 | 60 -0.00951 -1.20223e+00
 61  0.01019 -3.19557e+00 | 62  0.03004 -6.12988e+00 | 63 -0.01523 -1.04912e+00
 64  0.01851 -4.36791e+00 | 65 -0.00583 -1.55444e+00 | 66 -0.00351 -1.39399e+00
 67 -0.00829  5.27060e-01 | 68 -0.01101  2.97729e+00 | 69  0.01169 -3.51424e+00
 70  0.02250 -4.49752e+00 | 71  0.01357 -1.63623e+00 | 72  0.00216  2.05782e+00
 73  0.00832  2.10735e-01 | 74 -0.02086 -4.83274e-01 | 75 -0.00706  3.20564e+00
 76 -0.00080  3.39825e+00 | 77 -0.02846  1.65627e+00 | 78 -0.00714  1.99887e+00
 79 -0.01441  4.64257e+00 | 80 -0.00270  1.02964e+01 | 81 -0.00372 -3.43852e+00
 82  0.04698 -1.39815e+00 | 83 -0.00585 -7.88495e+00 | 84  0.06453 -2.04370e+00
 85 -0.01277  1.01849e+01 | 86  0.01218  4.89625e+00 | 87  0.01186  6.92127e+00
 88  0.00586  4.97204e+00 | 89  0.00167  6.01604e+00 | 90 -0.03010  8.06944e+00
 91 -0.01192  8.32877e-01 | 92 -0.00260  4.29202e+00 | 93 -0.00207  4.32659e+00
 94  0.00538  2.22201e-01 | 95  0.00001  5.19586e+00 | 96 -0.02701  3.48656e+00
 97  0.00958  3.73687e+00 | 98  0.00086  8.89084e+00 | 99 -0.00407  5.01687e+00
100 -0.01521  5.04341e+00 |101  0.00239  2.81014e+00 |102 -0.01466  4.57340e+00
103 -0.00025  5.37230e+00 |104 -0.00018  5.06222e+00 |105 -0.04621 -9.32096e+00
106 -0.41779  1.06559e+01 |107 -0.38455  1.96169e+00 |108 -0.27724 -3.05071e+00

Initial statistics: 111 variables; iteration 0; function evaluation 0; phase 5
Function value 5.6596347e+02; maximum gradient component mag 2.4377e+02
Var    Value     Gradient |Var    Value     Gradient |Var    Value     Gradient
  1 -0.43039 -2.06142e+01 |  2 -0.42321 -2.12147e+02 |  3 -0.40775 -8.87701e+01
  4 -0.41222  9.48958e+00 |  5 -0.41222  5.19878e+00 |  6  0.62531 -1.70548e+02
  7  0.00010 -1.34192e+00 |  8 -0.00001 -3.43927e-01 |  9 -0.00001 -4.12847e-01
 10 -0.00000 -4.93969e-01 | 11  0.00000 -5.89065e-01 | 12 -0.00004  4.66440e+00
 13 -0.00008  4.46076e+00 | 14 -0.00006  4.29243e+00 | 15 -0.00003  4.15303e+00
 16 -0.00003  3.91487e+00 | 17 -0.00005  3.61645e+00 | 18 -0.00008  3.26787e+00
 19 -0.00015  2.79583e+00 | 20 -0.00024  2.32389e+00 | 21 -0.00038  1.77579e+00
 22 -0.00044  9.41014e-01 | 23  0.00035  7.32424e-01 | 24 -0.00080  5.99714e-02
 25  0.00038 -1.06871e+00 | 26 -0.00093 -1.96875e+00 | 27  0.00521 -1.92975e+00
 28  0.00166 -2.91970e+00 | 29  0.00053 -3.42061e+00 | 30 -0.00275 -2.97783e+00
 31  0.01064 -5.85658e+00 | 32 -0.00001 -4.64151e+00 | 33  0.00019 -3.96203e+00
 34  0.00088 -3.49223e+00 | 35  0.00128 -3.73360e+00 | 36  0.00777 -4.86960e+00
 37  0.00964 -5.21103e+00 | 38  0.00623 -6.19533e+00 | 39 -0.01020 -4.52138e+00
 40 -0.01296 -2.74362e+00 | 41 -0.00739 -4.90162e+00 | 42 -0.00347 -5.33325e+00
 43 -0.00785 -3.60324e+00 | 44 -0.00286 -3.80433e+00 | 45  0.00021 -4.31809e+00
 46  0.01875 -7.80397e+00 | 47 -0.00197 -4.05147e+00 | 48  0.00204 -2.86518e+00
 49 -0.00095 -2.92552e+00 | 50  0.01310 -3.61997e+00 | 51 -0.00168 -2.81474e+00
 52 -0.00305 -2.48158e+00 | 53 -0.01190 -1.11772e+00 | 54 -0.00291 -2.00887e+00
 55  0.02411 -6.63072e+00 | 56  0.01709 -6.08786e+00 | 57 -0.00082 -1.53665e+00
 58 -0.00849 -1.43636e+00 | 59 -0.02167 -1.63181e+00 | 60 -0.01559  1.08660e-01
 61 -0.01323 -9.76185e-01 | 62 -0.00951 -1.08508e+00 | 63  0.01019 -3.07843e+00
 64  0.03005 -6.01285e+00 | 65 -0.01522 -9.31997e-01 | 66  0.01851 -4.25079e+00
 67 -0.00582 -1.43728e+00 | 68 -0.00351 -1.27683e+00 | 69 -0.00828  6.44211e-01
 70 -0.01101  3.09443e+00 | 71  0.01169 -3.39710e+00 | 72  0.02250 -4.38043e+00
 73  0.01357 -1.51910e+00 | 74  0.00217  2.17497e+00 | 75  0.00832  3.27885e-01
 76 -0.02085 -3.66177e-01 | 77 -0.00706  3.32279e+00 | 78 -0.00080  3.51541e+00
 79 -0.02846  1.77331e+00 | 80 -0.00714  2.11602e+00 | 81 -0.01440  4.75970e+00
 82 -0.00270  1.04135e+01 | 83 -0.00372 -3.32136e+00 | 84  0.04698 -1.28131e+00
 85 -0.00585 -7.76780e+00 | 86  0.06453 -1.92714e+00 | 87 -0.01277  1.03020e+01
 88  0.01218  5.01339e+00 | 89  0.01187  7.03841e+00 | 90  0.00586  5.08919e+00
 91  0.00168  6.13319e+00 | 92 -0.03010  8.18647e+00 | 93 -0.01192  9.50017e-01
 94 -0.00260  4.40918e+00 | 95 -0.00207  4.44375e+00 | 96  0.00538  3.39357e-01
 97  0.00001  5.31302e+00 | 98 -0.02701  3.60361e+00 | 99  0.00958  3.85402e+00
100  0.00086  9.00799e+00 |101 -0.00407  5.13403e+00 |102 -0.01521  5.16053e+00
103  0.00239  2.92730e+00 |104 -0.01465  4.69053e+00 |105 -0.00025  5.48946e+00
106 -0.00017  5.17938e+00 |107  0.00000  2.43772e+02 |108 -0.04621 -9.32096e+00
109 -0.41779  1.06559e+01 |110 -0.38455  1.96169e+00 |111 -0.27724 -3.05071e+00

Intermediate statistics: 111 variables; iteration 20; function evaluation 26; phase 5
Function value 5.6572295e+02; maximum gradient component mag -2.8150e+02
Var    Value     Gradient |Var    Value     Gradient |Var    Value     Gradient
  1 -0.42770  1.09405e+01 |  2 -0.42358 -2.81501e+02 |  3 -0.40894 -1.10119e+02
  4 -0.41819 -2.14396e+00 |  5 -0.41434 -4.86935e+00 |  6  0.62702 -1.81313e+02
  7 -0.00008 -2.14563e+00 |  8 -0.00002 -4.83594e-01 |  9 -0.00003 -5.87982e-01
 10 -0.00003 -7.14064e-01 | 11 -0.00004 -8.66087e-01 | 12 -0.00014  4.97996e+00
 13 -0.00016  4.74657e+00 | 14 -0.00016  4.48067e+00 | 15 -0.00019  4.17462e+00
 16 -0.00022  3.79612e+00 | 17 -0.00027  3.34515e+00 | 18 -0.00033  2.81598e+00
 19 -0.00042  2.18926e+00 | 20 -0.00055  1.48327e+00 | 21 -0.00074  6.85082e-01
 22 -0.00073 -2.52233e-01 | 23 -0.00029 -1.21467e+00 | 24 -0.00145 -2.11598e+00
 25 -0.00015 -3.37036e+00 | 26 -0.00127 -4.19908e+00 | 27  0.00393 -5.84554e+00
 28  0.00108 -5.97177e+00 | 29  0.00004 -6.03433e+00 | 30 -0.00312 -5.40034e+00
 31  0.01040 -8.91314e+00 | 32 -0.00025 -7.39608e+00 | 33 -0.00028 -6.93070e+00
 34 -0.00015 -7.33374e+00 | 35  0.00019 -7.73233e+00 | 36  0.00650 -9.46101e+00
 37  0.00825 -1.01424e+01 | 38  0.00575 -9.48849e+00 | 39 -0.01029 -6.28245e+00
 40 -0.01359 -5.34636e+00 | 41 -0.00735 -6.63447e+00 | 42 -0.00337 -7.10972e+00
 43 -0.00813 -5.59001e+00 | 44 -0.00309 -6.00357e+00 | 45 -0.00004 -5.95342e+00
 46  0.01891 -9.67123e+00 | 47 -0.00164 -4.84369e+00 | 48  0.00161 -4.80557e+00
 49 -0.00109 -3.94897e+00 | 50  0.01259 -5.57165e+00 | 51 -0.00157 -3.37120e+00
 52 -0.00290 -2.85954e+00 | 53 -0.01193 -1.29382e+00 | 54 -0.00254 -2.10507e+00
 55  0.02454 -5.65079e+00 | 56  0.01807 -4.80335e+00 | 57 -0.00102 -1.60253e+00
 58 -0.00826 -7.59972e-01 | 59 -0.02088  3.09721e-01 | 60 -0.01554  5.60590e-01
 61 -0.01282  1.56007e-02 | 62 -0.00894 -9.10346e-02 | 63  0.01100 -1.85321e+00
 64  0.03098 -4.09139e+00 | 65 -0.01439  1.08520e+00 | 66  0.01923 -2.14812e+00
 67 -0.00534  6.20859e-01 | 68 -0.00289  7.40024e-01 | 69 -0.00803  1.48077e+00
 70 -0.01130  1.82237e+00 | 71  0.01241  3.04735e-01 | 72  0.02312 -9.90329e-01
 73  0.01374 -1.01682e-03 | 74  0.00148  4.78194e-01 | 75  0.00838  1.70143e+00
 76 -0.02050  3.86153e+00 | 77 -0.00686  4.23771e+00 | 78 -0.00077  4.82013e+00
 79 -0.02818  6.91873e+00 | 80 -0.00685  4.77172e+00 | 81 -0.01446  5.43495e+00
 82 -0.00309  4.47750e+00 | 83 -0.00323  7.88108e+00 | 84  0.04650 -7.14027e+00
 85 -0.00538  4.55825e+00 | 86  0.06394 -4.03314e+00 | 87 -0.01340  6.16739e+00
 88  0.01164  3.49052e+00 | 89  0.01151  7.27377e+00 | 90  0.00575  5.13809e+00
 91  0.00154  7.81681e+00 | 92 -0.03058  5.87417e+00 | 93 -0.01148  1.11419e+01
 94 -0.00263  7.27249e+00 | 95 -0.00187  1.10483e+01 | 96  0.00585  6.71778e+00
 97  0.00034  1.01216e+01 | 98 -0.02643  8.83560e+00 | 99  0.01065  1.82425e+01
100  0.00164  1.20476e+01 |101 -0.00307  1.19824e+01 |102 -0.01337  1.22185e+01
103  0.00432  1.41279e+01 |104 -0.01434  6.06656e+00 |105 -0.00034  6.04610e+00
106 -0.00011  5.98907e+00 |107 -0.00096  1.88841e+02 |108 -0.04591 -1.23090e+01
109 -0.41760  1.53413e+01 |110 -0.40093 -5.71659e+00 |111 -0.28573  1.12901e+01
111 variables; iteration 40; function evaluation 47; phase 5
Function value 5.6563402e+02; maximum gradient component mag -2.8798e+02
Var    Value     Gradient |Var    Value     Gradient |Var    Value     Gradient
  1 -0.42806 -1.18053e+01 |  2 -0.42384 -2.87981e+02 |  3 -0.40844 -1.16959e+02
  4 -0.41843 -2.76266e+00 |  5 -0.41285 -4.82041e+00 |  6  0.62722 -2.25453e+02
  7 -0.00012 -2.39701e+00 |  8 -0.00002 -5.17639e-01 |  9 -0.00002 -6.32134e-01
 10 -0.00003 -7.71587e-01 | 11 -0.00004 -9.41261e-01 | 12 -0.00010  6.04027e+00
 13 -0.00010  5.81114e+00 | 14 -0.00011  5.51393e+00 | 15 -0.00017  5.13945e+00
 16 -0.00021  4.71415e+00 | 17 -0.00026  4.21582e+00 | 18 -0.00033  3.62961e+00
 19 -0.00040  2.97202e+00 | 20 -0.00054  2.19264e+00 | 21 -0.00073  1.31935e+00
 22 -0.00064  4.17477e-01 | 23 -0.00041 -9.31033e-01 | 24 -0.00154 -1.87765e+00
 25 -0.00012 -3.06910e+00 | 26 -0.00111 -3.78419e+00 | 27  0.00357 -6.30126e+00
 28  0.00113 -5.86147e+00 | 29  0.00016 -5.83685e+00 | 30 -0.00309 -5.26850e+00
 31  0.01059 -8.88400e+00 | 32 -0.00018 -7.40359e+00 | 33 -0.00030 -7.02635e+00
 34 -0.00040 -7.75717e+00 | 35 -0.00013 -8.29380e+00 | 36  0.00622 -1.01325e+01
 37  0.00862 -1.01370e+01 | 38  0.00478 -1.09777e+01 | 39 -0.01052 -6.61343e+00
 40 -0.01369 -5.37896e+00 | 41 -0.00724 -6.46161e+00 | 42 -0.00332 -7.05212e+00
 43 -0.00820 -5.61173e+00 | 44 -0.00319 -6.08964e+00 | 45 -0.00024 -6.23604e+00
 46  0.01895 -9.77805e+00 | 47 -0.00145 -4.43178e+00 | 48  0.00128 -5.09545e+00
 49 -0.00106 -3.67593e+00 | 50  0.01304 -4.54076e+00 | 51 -0.00149 -2.89216e+00
 52 -0.00280 -2.34252e+00 | 53 -0.01193 -8.75762e-01 | 54 -0.00226 -1.22330e+00
 55  0.02473 -5.03111e+00 | 56  0.01856 -3.67664e+00 | 57 -0.00118 -1.25321e+00
 58 -0.00782  6.32397e-01 | 59 -0.02075  1.15809e+00 | 60 -0.01638 -8.30057e-01
 61 -0.01293  3.74046e-01 | 62 -0.00911  1.42058e-01 | 63  0.01115 -1.23591e+00
 64  0.03138 -3.08640e+00 | 65 -0.01401  2.53230e+00 | 66  0.01974 -6.56417e-01
 67 -0.00487  2.11649e+00 | 68 -0.00271  1.47375e+00 | 69 -0.00853  4.18019e-01
 70 -0.01057  4.32921e+00 | 71  0.01179 -2.51300e+00 | 72  0.02342  4.11836e-01
 73  0.01411  2.34991e+00 | 74  0.00135 -3.82203e-02 | 75  0.00764 -4.77580e+00
 76 -0.02007  6.13183e+00 | 77 -0.00761 -5.04947e+00 | 78 -0.00052  6.57422e+00
 79 -0.02821  4.76498e+00 | 80 -0.00687  3.17071e+00 | 81 -0.01472 -1.96021e+00
 82 -0.00303  4.39780e+00 | 83 -0.00340  2.37675e+00 | 84  0.04677 -1.08048e+00
 85 -0.00539  3.55819e+00 | 86  0.06404 -1.25846e+00 | 87 -0.01369  1.74352e+00
 88  0.01166  3.87526e+00 | 89  0.01159  6.37970e+00 | 90  0.00566  2.99883e+00
 91  0.00170  8.29064e+00 | 92 -0.03052  6.47187e+00 | 93 -0.01139  9.39208e+00
 94 -0.00273  4.73345e+00 | 95 -0.00180  8.65401e+00 | 96  0.00567  2.94391e+00
 97  0.00039  8.50628e+00 | 98 -0.02656  7.25888e+00 | 99  0.01052  1.00562e+01
100  0.00140  7.40395e+00 |101 -0.00291  1.16115e+01 |102 -0.01375  8.50859e+00
103  0.00410  8.05813e+00 |104 -0.01473  6.20576e+00 |105 -0.00032  7.18149e+00
106 -0.00001  7.23262e+00 |107 -0.00164  7.41419e+00 |108 -0.04632 -1.44649e+01
109 -0.41764  1.94818e+01 |110 -0.40172 -1.58822e+00 |111 -0.28589  2.75327e+00
111 variables; iteration 60; function evaluation 74; phase 5
Function value 5.6561628e+02; maximum gradient component mag -2.0845e+02
Var    Value     Gradient |Var    Value     Gradient |Var    Value     Gradient
  1 -0.42822 -1.30234e+01 |  2 -0.42380 -2.08449e+02 |  3 -0.40843 -8.55752e+01
  4 -0.41802 -1.17500e+00 |  5 -0.41330 -3.49035e+00 |  6  0.62730 -1.70573e+02
  7 -0.00010 -1.75829e+00 |  8 -0.00002 -3.87262e-01 |  9 -0.00003 -4.72020e-01
 10 -0.00003 -5.74867e-01 | 11 -0.00004 -6.99486e-01 | 12 -0.00013  4.47229e+00
 13 -0.00014  4.29256e+00 | 14 -0.00015  4.07422e+00 | 15 -0.00019  3.81144e+00
 16 -0.00023  3.50008e+00 | 17 -0.00028  3.13189e+00 | 18 -0.00035  2.69918e+00
 19 -0.00043  2.19723e+00 | 20 -0.00057  1.61931e+00 | 21 -0.00077  9.67332e-01
 22 -0.00074  2.26324e-01 | 23 -0.00036 -6.17276e-01 | 24 -0.00152 -1.34497e+00
 25 -0.00021 -2.34979e+00 | 26 -0.00132 -3.01096e+00 | 27  0.00382 -4.41190e+00
 28  0.00108 -4.38520e+00 | 29 -0.00004 -4.55614e+00 | 30 -0.00319 -4.02645e+00
 31  0.01045 -6.68605e+00 | 32 -0.00003 -5.24498e+00 | 33 -0.00020 -5.06995e+00
 34 -0.00035 -5.76678e+00 | 35 -0.00001 -6.10372e+00 | 36  0.00540 -8.68913e+00
 37  0.00812 -7.92404e+00 | 38  0.00625 -6.57090e+00 | 39 -0.01038 -4.83618e+00
 40 -0.01379 -4.19272e+00 | 41 -0.00738 -5.02555e+00 | 42 -0.00339 -5.39896e+00
 43 -0.00821 -4.25819e+00 | 44 -0.00328 -4.78573e+00 | 45 -0.00041 -5.07350e+00
 46  0.01878 -7.61155e+00 | 47 -0.00167 -3.62966e+00 | 48  0.00147 -3.71107e+00
 49 -0.00125 -3.08923e+00 | 50  0.01245 -4.21728e+00 | 51 -0.00160 -2.38010e+00
 52 -0.00288 -1.93624e+00 | 53 -0.01201 -8.46335e-01 | 54 -0.00245 -1.21644e+00
 55  0.02439 -4.24519e+00 | 56  0.01813 -3.43085e+00 | 57 -0.00111 -1.09184e+00
 58 -0.00829 -3.23125e-01 | 59 -0.02043  1.45969e+00 | 60 -0.01515  1.89529e+00
 61 -0.01294  1.52014e-01 | 62 -0.00891  2.94996e-01 | 63  0.01133 -5.29476e-01
 64  0.03181 -1.19959e+00 | 65 -0.01398  2.13090e+00 | 66  0.01998  2.74105e-01
 67 -0.00473  2.11380e+00 | 68 -0.00276  1.13877e+00 | 69 -0.00798  1.34335e+00
 70 -0.01132  1.19602e+00 | 71  0.01239  2.61043e-03 | 72  0.02325 -2.81991e-01
 73  0.01364 -5.87926e-01 | 74  0.00151  2.10859e-01 | 75  0.00835  5.72270e-01
 76 -0.02075  8.92228e-01 | 77 -0.00695  1.04412e+00 | 78 -0.00068  2.49149e+00
 79 -0.02816  2.83099e+00 | 80 -0.00687  1.54960e+00 | 81 -0.01433  3.57023e+00
 82 -0.00313  2.00212e+00 | 83 -0.00328  3.21223e+00 | 84  0.04676 -4.16627e-01
 85 -0.00538  2.58179e+00 | 86  0.06399 -1.07012e+00 | 87 -0.01352  3.19338e+00
 88  0.01158  2.46988e+00 | 89  0.01149  2.89920e+00 | 90  0.00577  3.91383e+00
 91  0.00156  3.65188e+00 | 92 -0.03053  4.69952e+00 | 93 -0.01155  4.09722e+00
 94 -0.00263  4.41187e+00 | 95 -0.00189  4.52115e+00 | 96  0.00580  3.33862e+00
 97  0.00033  4.66738e+00 | 98 -0.02658  4.99099e+00 | 99  0.01044  5.08591e+00
100  0.00140  4.88577e+00 |101 -0.00307  5.63357e+00 |102 -0.01382  5.34729e+00
103  0.00416  5.86437e+00 |104 -0.01465  4.49114e+00 |105 -0.00033  5.33465e+00
106 -0.00007  5.32467e+00 |107 -0.00184 -2.91123e+01 |108 -0.04727 -1.17798e+01
109 -0.41805  1.45437e+01 |110 -0.40148 -6.75149e-01 |111 -0.28570  8.89939e-01
111 variables; iteration 80; function evaluation 111; phase 5
Function value 5.6561040e+02; maximum gradient component mag -4.7299e+00
Var    Value     Gradient |Var    Value     Gradient |Var    Value     Gradient
  1 -0.42804 -3.10517e-01 |  2 -0.42380 -4.72994e+00 |  3 -0.40861 -1.95680e+00
  4 -0.41841 -5.79524e-02 |  5 -0.41278 -8.14122e-02 |  6  0.62738 -3.91892e+00
  7 -0.00013 -4.15651e-02 |  8 -0.00003 -9.15822e-03 |  9 -0.00004 -1.11524e-02
 10 -0.00005 -1.35683e-02 | 11 -0.00006 -1.64912e-02 | 12 -0.00016  1.01504e-01
 13 -0.00018  9.72233e-02 | 14 -0.00019  9.22150e-02 | 15 -0.00023  8.62862e-02
 16 -0.00027  7.90861e-02 | 17 -0.00033  7.05364e-02 | 18 -0.00040  6.04931e-02
 19 -0.00049  4.89594e-02 | 20 -0.00064  3.57144e-02 | 21 -0.00084  2.09086e-02
 22 -0.00083  4.97270e-03 | 23 -0.00045 -1.60373e-02 | 24 -0.00161 -3.28568e-02
 25 -0.00030 -5.66486e-02 | 26 -0.00142 -7.29495e-02 | 27  0.00370 -1.09508e-01
 28  0.00091 -1.08539e-01 | 29 -0.00012 -1.08207e-01 | 30 -0.00323 -9.09834e-02
 31  0.01022 -1.64923e-01 | 32 -0.00041 -1.32812e-01 | 33 -0.00044 -1.22099e-01
 34 -0.00033 -1.25418e-01 | 35  0.00001 -1.38161e-01 | 36  0.00634 -1.67065e-01
 37  0.00812 -1.87288e-01 | 38  0.00551 -1.79550e-01 | 39 -0.01030 -1.06333e-01
 40 -0.01373 -9.61191e-02 | 41 -0.00731 -1.12799e-01 | 42 -0.00332 -1.22322e-01
 43 -0.00813 -9.56860e-02 | 44 -0.00310 -1.00317e-01 | 45 -0.00009 -1.06005e-01
 46  0.01899 -1.65936e-01 | 47 -0.00151 -7.67319e-02 | 48  0.00164 -8.31239e-02
 49 -0.00107 -6.76633e-02 | 50  0.01245 -1.02790e-01 | 51 -0.00144 -5.21396e-02
 52 -0.00274 -4.17274e-02 | 53 -0.01182 -2.00268e-02 | 54 -0.00236 -3.15377e-02
 55  0.02444 -1.02766e-01 | 56  0.01834 -7.35503e-02 | 57 -0.00096 -2.27342e-02
 58 -0.00818 -1.53459e-03 | 59 -0.02067  1.87796e-02 | 60 -0.01560  1.18388e-02
 61 -0.01265  8.27836e-03 | 62 -0.00871  1.79896e-02 | 63  0.01127 -2.05281e-02
 64  0.03114 -6.95512e-02 | 65 -0.01421  3.11725e-02 | 66  0.01941 -3.73363e-02
 67 -0.00522  1.15019e-02 | 68 -0.00282  1.62357e-02 | 69 -0.00800  2.70342e-02
 70 -0.01118  3.62762e-02 | 71  0.01246  5.69326e-03 | 72  0.02321 -1.41088e-02
 73  0.01384  1.62512e-02 | 74  0.00168  3.60159e-02 | 75  0.00839  1.64109e-02
 76 -0.02054  6.37856e-02 | 77 -0.00686  4.39843e-02 | 78 -0.00073  2.61883e-02
 79 -0.02812  6.99320e-02 | 80 -0.00683  5.42729e-02 | 81 -0.01436  5.75279e-02
 82 -0.00310  5.92097e-02 | 83 -0.00327  6.28832e-02 | 84  0.04678  1.56904e-02
 85 -0.00533  8.08212e-02 | 86  0.06398 -5.07800e-03 | 87 -0.01348  8.85663e-02
 88  0.01158  7.33244e-02 | 89  0.01151  7.47784e-02 | 90  0.00573  7.30057e-02
 91  0.00157  8.42112e-02 | 92 -0.03059  9.99494e-02 | 93 -0.01153  9.82703e-02
 94 -0.00267  9.05904e-02 | 95 -0.00188  9.75067e-02 | 96  0.00585  1.03445e-01
 97  0.00035  1.04708e-01 | 98 -0.02660  1.06833e-01 | 99  0.01048  1.08916e-01
100  0.00142  1.12434e-01 |101 -0.00305  1.14906e-01 |102 -0.01380  1.18227e-01
103  0.00420  1.16562e-01 |104 -0.01419  1.24412e-01 |105 -0.00036  1.20715e-01
106 -0.00008  1.20547e-01 |107 -0.00190 -7.94464e-01 |108 -0.04621 -2.44959e-01
109 -0.41753  3.47299e-01 |110 -0.40129  3.11079e-03 |111 -0.28586 -4.85959e-03
111 variables; iteration 100; function evaluation 150; phase 5
Function value 5.6561040e+02; maximum gradient component mag 2.2044e-02
Var    Value     Gradient |Var    Value     Gradient |Var    Value     Gradient
  1 -0.42804  1.44589e-03 |  2 -0.42380  2.20441e-02 |  3 -0.40861  9.11753e-03
  4 -0.41842  2.69344e-04 |  5 -0.41277  3.78707e-04 |  6  0.62739  1.82525e-02
  7 -0.00013  1.80288e-04 |  8 -0.00003  4.70114e-05 |  9 -0.00004  5.68334e-05
 10 -0.00005  6.85629e-05 | 11 -0.00006  8.25250e-05 | 12 -0.00016 -4.44108e-04
 13 -0.00018 -4.22048e-04 | 14 -0.00019 -3.96183e-04 | 15 -0.00023 -3.65903e-04
 16 -0.00027 -3.34792e-04 | 17 -0.00033 -3.03713e-04 | 18 -0.00041 -2.73488e-04
 19 -0.00050 -2.44058e-04 | 20 -0.00064 -2.02605e-04 | 21 -0.00084 -1.21966e-04
 22 -0.00083  1.03957e-04 | 23 -0.00045  8.82944e-05 | 24 -0.00161  1.27070e-04
 25 -0.00030  1.24478e-04 | 26 -0.00142  3.77623e-04 | 27  0.00370  5.31702e-04
 28  0.00091  5.19495e-04 | 29 -0.00012  5.02661e-04 | 30 -0.00324  4.58379e-04
 31  0.01022  7.72056e-04 | 32 -0.00041  5.51802e-04 | 33 -0.00044  5.25283e-04
 34 -0.00034  5.59187e-04 | 35  0.00001  6.36212e-04 | 36  0.00633  8.02367e-04
 37  0.00812  9.21720e-04 | 38  0.00551  8.98991e-04 | 39 -0.01030  4.31575e-04
 40 -0.01373  4.98295e-04 | 41 -0.00732  6.21134e-04 | 42 -0.00332  5.84362e-04
 43 -0.00813  4.04641e-04 | 44 -0.00310  4.74352e-04 | 45 -0.00009  5.27108e-04
 46  0.01899  7.57124e-04 | 47 -0.00151  4.28972e-04 | 48  0.00164  3.49970e-04
 49 -0.00107  1.94114e-04 | 50  0.01245  4.65845e-04 | 51 -0.00144  1.84435e-04
 52 -0.00273  1.22794e-04 | 53 -0.01182  2.31137e-04 | 54 -0.00236  1.17402e-04
 55  0.02444  5.05297e-04 | 56  0.01834  3.57298e-04 | 57 -0.00096  9.05132e-05
 58 -0.00818 -5.59999e-07 | 59 -0.02067 -1.06390e-04 | 60 -0.01560 -6.60911e-05
 61 -0.01265 -2.56555e-05 | 62 -0.00871 -5.07346e-05 | 63  0.01127  6.21633e-05
 64  0.03114  3.18593e-04 | 65 -0.01421 -1.47046e-04 | 66  0.01941  1.37596e-04
 67 -0.00522 -2.81299e-05 | 68 -0.00282 -9.03921e-05 | 69 -0.00800 -1.31755e-04
 70 -0.01118 -1.72859e-04 | 71  0.01246 -3.32111e-05 | 72  0.02321  5.65879e-05
 73  0.01384 -7.74712e-05 | 74  0.00168 -1.67711e-04 | 75  0.00839 -8.17007e-05
 76 -0.02055 -2.92993e-04 | 77 -0.00686 -2.06508e-04 | 78 -0.00073 -1.31881e-04
 79 -0.02813 -3.27879e-04 | 80 -0.00683 -2.52209e-04 | 81 -0.01436 -2.75050e-04
 82 -0.00310 -2.76687e-04 | 83 -0.00327 -2.96911e-04 | 84  0.04678 -7.14270e-05
 85 -0.00533 -3.72093e-04 | 86  0.06398  2.39502e-05 | 87 -0.01349 -4.10275e-04
 88  0.01158 -3.39445e-04 | 89  0.01151 -3.47497e-04 | 90  0.00573 -3.43839e-04
 91  0.00157 -3.92259e-04 | 92 -0.03059 -4.68458e-04 | 93 -0.01153 -4.57310e-04
 94 -0.00267 -4.24714e-04 | 95 -0.00188 -4.55805e-04 | 96  0.00585 -4.76977e-04
 97  0.00035 -4.88926e-04 | 98 -0.02660 -4.98301e-04 | 99  0.01048 -5.09230e-04
100  0.00142 -5.22033e-04 |101 -0.00305 -5.38734e-04 |102 -0.01380 -5.52971e-04
103  0.00420 -5.48561e-04 |104 -0.01419 -5.82218e-04 |105 -0.00035 -6.42178e-04
106 -0.00008 -5.54009e-04 |107 -0.00190  3.61860e-03 |108 -0.04622  1.14167e-03
109 -0.41754 -1.61207e-03 |110 -0.40130 -1.37254e-05 |111 -0.28586  2.23203e-05
  ic > imax  in fminim is answer attained ?
Var    Value     Gradient |Var    Value     Gradient |Var    Value     Gradient
  1 -0.42804  1.73881e-04 |  2 -0.42380  2.64893e-03 |  3 -0.40861  1.09570e-03
  4 -0.41842  3.21233e-05 |  5 -0.41277  4.55004e-05 |  6  0.62739  2.19225e-03
  7 -0.00013  2.26185e-05 |  8 -0.00003  5.58074e-06 |  9 -0.00004  6.76634e-06
 10 -0.00005  8.18796e-06 | 11 -0.00006  9.88746e-06 | 12 -0.00016 -5.46718e-05
 13 -0.00018 -5.18480e-05 | 14 -0.00019 -4.87324e-05 | 15 -0.00023 -4.51784e-05
 16 -0.00027 -4.12694e-05 | 17 -0.00033 -3.71846e-05 | 18 -0.00041 -3.29746e-05
 19 -0.00050 -2.86742e-05 | 20 -0.00064 -2.31105e-05 | 21 -0.00084 -1.42787e-05
 22 -0.00083  8.77039e-06 | 23 -0.00045  9.81044e-06 | 24 -0.00161  1.70082e-05
 25 -0.00030  1.75291e-05 | 26 -0.00142  4.35924e-05 | 27  0.00370  6.50097e-05
 28  0.00091  6.44658e-05 | 29 -0.00012  6.41512e-05 | 30 -0.00324  5.47351e-05
 31  0.01022  9.37637e-05 | 32 -0.00041  6.79584e-05 | 33 -0.00044  6.38462e-05
 34 -0.00034  6.67376e-05 | 35  0.00001  7.74876e-05 | 36  0.00633  9.59888e-05
 37  0.00812  1.09550e-04 | 38  0.00551  1.06416e-04 | 39 -0.01030  5.47167e-05
 40 -0.01373  5.89275e-05 | 41 -0.00732  7.47688e-05 | 42 -0.00332  6.70465e-05
 43 -0.00813  4.77690e-05 | 44 -0.00310  5.51657e-05 | 45 -0.00009  6.37587e-05
 46  0.01899  9.16166e-05 | 47 -0.00151  4.93187e-05 | 48  0.00164  3.91496e-05
 49 -0.00107  2.54269e-05 | 50  0.01245  5.42355e-05 | 51 -0.00144  2.87031e-05
 52 -0.00273  1.96738e-05 | 53 -0.01182  2.41473e-05 | 54 -0.00236  1.23422e-05
 55  0.02444  6.11892e-05 | 56  0.01834  4.36099e-05 | 57 -0.00096  1.42083e-05
 58 -0.00818 -1.65956e-06 | 59 -0.02067 -1.31875e-05 | 60 -0.01560 -8.12033e-06
 61 -0.01265 -1.14572e-06 | 62 -0.00871 -8.02809e-06 | 63  0.01127  5.58456e-06
 64  0.03114  3.78579e-05 | 65 -0.01421 -1.81611e-05 | 66  0.01941  1.59815e-05
 67 -0.00522 -3.35733e-06 | 68 -0.00282 -1.14610e-05 | 69 -0.00800 -1.59838e-05
 70 -0.01118 -2.09625e-05 | 71  0.01246 -4.22662e-06 | 72  0.02321  6.45871e-06
 73  0.01384 -9.23890e-06 | 74  0.00168 -2.00059e-05 | 75  0.00839 -1.00360e-05
 76 -0.02055 -3.48935e-05 | 77 -0.00686 -2.48614e-05 | 78 -0.00073 -1.62865e-05
 79 -0.02813 -3.94504e-05 | 80 -0.00683 -3.02254e-05 | 81 -0.01436 -3.34131e-05
 82 -0.00310 -3.31276e-05 | 83 -0.00327 -3.58438e-05 | 84  0.04678 -8.49668e-06
 85 -0.00533 -4.45638e-05 | 86  0.06398  2.97708e-06 | 87 -0.01349 -4.91130e-05
 88  0.01158 -4.05806e-05 | 89  0.01151 -4.16824e-05 | 90  0.00573 -4.14250e-05
 91  0.00157 -4.70440e-05 | 92 -0.03059 -5.63257e-05 | 93 -0.01153 -5.48780e-05
 94 -0.00267 -5.10462e-05 | 95 -0.00188 -5.48015e-05 | 96  0.00585 -5.69770e-05
 97  0.00035 -5.87716e-05 | 98 -0.02660 -5.99185e-05 | 99  0.01048 -6.12000e-05
100  0.00142 -6.27245e-05 |101 -0.00305 -6.48854e-05 |102 -0.01380 -6.65596e-05
103  0.00420 -6.60973e-05 |104 -0.01419 -6.95191e-05 |105 -0.00035 -7.53329e-05
106 -0.00008 -6.68413e-05 |107 -0.00190  4.30795e-04 |108 -0.04622  1.37566e-04
109 -0.41754 -1.93268e-04 |110 -0.40130 -1.64942e-06 |111 -0.28586  2.77092e-06
Function minimizer not making progress ... is minimum attained?
Minimprove criterion = 0.0000e+00

 - final statistics:
111 variables; iteration 107; function evaluation 190
Function value 5.6561e+02; maximum gradient component mag 2.6489e-03
Exit code = 1;  converg criter 1.0000e-04
Var    Value     Gradient |Var    Value     Gradient |Var    Value     Gradient
  1 -0.42804  1.73881e-04 |  2 -0.42380  2.64893e-03 |  3 -0.40861  1.09570e-03
  4 -0.41842  3.21233e-05 |  5 -0.41277  4.55004e-05 |  6  0.62739  2.19225e-03
  7 -0.00013  2.26185e-05 |  8 -0.00003  5.58074e-06 |  9 -0.00004  6.76634e-06
 10 -0.00005  8.18796e-06 | 11 -0.00006  9.88746e-06 | 12 -0.00016 -5.46718e-05
 13 -0.00018 -5.18480e-05 | 14 -0.00019 -4.87324e-05 | 15 -0.00023 -4.51784e-05
 16 -0.00027 -4.12694e-05 | 17 -0.00033 -3.71846e-05 | 18 -0.00041 -3.29746e-05
 19 -0.00050 -2.86742e-05 | 20 -0.00064 -2.31105e-05 | 21 -0.00084 -1.42787e-05
 22 -0.00083  8.77039e-06 | 23 -0.00045  9.81044e-06 | 24 -0.00161  1.70082e-05
 25 -0.00030  1.75291e-05 | 26 -0.00142  4.35924e-05 | 27  0.00370  6.50097e-05
 28  0.00091  6.44658e-05 | 29 -0.00012  6.41512e-05 | 30 -0.00324  5.47351e-05
 31  0.01022  9.37637e-05 | 32 -0.00041  6.79584e-05 | 33 -0.00044  6.38462e-05
 34 -0.00034  6.67376e-05 | 35  0.00001  7.74876e-05 | 36  0.00633  9.59888e-05
 37  0.00812  1.09550e-04 | 38  0.00551  1.06416e-04 | 39 -0.01030  5.47167e-05
 40 -0.01373  5.89275e-05 | 41 -0.00732  7.47688e-05 | 42 -0.00332  6.70465e-05
 43 -0.00813  4.77690e-05 | 44 -0.00310  5.51657e-05 | 45 -0.00009  6.37587e-05
 46  0.01899  9.16166e-05 | 47 -0.00151  4.93187e-05 | 48  0.00164  3.91496e-05
 49 -0.00107  2.54269e-05 | 50  0.01245  5.42355e-05 | 51 -0.00144  2.87031e-05
 52 -0.00273  1.96738e-05 | 53 -0.01182  2.41473e-05 | 54 -0.00236  1.23422e-05
 55  0.02444  6.11892e-05 | 56  0.01834  4.36099e-05 | 57 -0.00096  1.42083e-05
 58 -0.00818 -1.65956e-06 | 59 -0.02067 -1.31875e-05 | 60 -0.01560 -8.12033e-06
 61 -0.01265 -1.14572e-06 | 62 -0.00871 -8.02809e-06 | 63  0.01127  5.58456e-06
 64  0.03114  3.78579e-05 | 65 -0.01421 -1.81611e-05 | 66  0.01941  1.59815e-05
 67 -0.00522 -3.35733e-06 | 68 -0.00282 -1.14610e-05 | 69 -0.00800 -1.59838e-05
 70 -0.01118 -2.09625e-05 | 71  0.01246 -4.22662e-06 | 72  0.02321  6.45871e-06
 73  0.01384 -9.23890e-06 | 74  0.00168 -2.00059e-05 | 75  0.00839 -1.00360e-05
 76 -0.02055 -3.48935e-05 | 77 -0.00686 -2.48614e-05 | 78 -0.00073 -1.62865e-05
 79 -0.02813 -3.94504e-05 | 80 -0.00683 -3.02254e-05 | 81 -0.01436 -3.34131e-05
 82 -0.00310 -3.31276e-05 | 83 -0.00327 -3.58438e-05 | 84  0.04678 -8.49668e-06
 85 -0.00533 -4.45638e-05 | 86  0.06398  2.97708e-06 | 87 -0.01349 -4.91130e-05
 88  0.01158 -4.05806e-05 | 89  0.01151 -4.16824e-05 | 90  0.00573 -4.14250e-05
 91  0.00157 -4.70440e-05 | 92 -0.03059 -5.63257e-05 | 93 -0.01153 -5.48780e-05
 94 -0.00267 -5.10462e-05 | 95 -0.00188 -5.48015e-05 | 96  0.00585 -5.69770e-05
 97  0.00035 -5.87716e-05 | 98 -0.02660 -5.99185e-05 | 99  0.01048 -6.12000e-05
100  0.00142 -6.27245e-05 |101 -0.00305 -6.48854e-05 |102 -0.01380 -6.65596e-05
103  0.00420 -6.60973e-05 |104 -0.01419 -6.95191e-05 |105 -0.00035 -7.53329e-05
106 -0.00008 -6.68413e-05 |107 -0.00190  4.30795e-04 |108 -0.04622  1.37566e-04
109 -0.41754 -1.93268e-04 |110 -0.40130 -1.64942e-06 |111 -0.28586  2.77092e-06

Initial statistics: 112 variables; iteration 0; function evaluation 0; phase 6
Function value 5.6561040e+02; maximum gradient component mag 2.6489e-03
Var    Value     Gradient |Var    Value     Gradient |Var    Value     Gradient
  1 -0.42804  1.73880e-04 |  2 -0.42380  2.64891e-03 |  3 -0.40861  1.09569e-03
  4 -0.41842  3.21232e-05 |  5 -0.41277  4.55002e-05 |  6  0.62739  2.19224e-03
  7 -0.00013  2.26184e-05 |  8 -0.00003  5.58072e-06 |  9 -0.00004  6.76631e-06
 10 -0.00005  8.18793e-06 | 11 -0.00006  9.88742e-06 | 12 -0.00016 -5.47874e-05
 13 -0.00018 -5.19636e-05 | 14 -0.00019 -4.88480e-05 | 15 -0.00023 -4.52941e-05
 16 -0.00027 -4.13851e-05 | 17 -0.00033 -3.73003e-05 | 18 -0.00041 -3.30903e-05
 19 -0.00050 -2.87900e-05 | 20 -0.00064 -2.32263e-05 | 21 -0.00084 -1.43945e-05
 22 -0.00083  8.65451e-06 | 23 -0.00045  9.69451e-06 | 24 -0.00161  1.68922e-05
 25 -0.00030  1.74131e-05 | 26 -0.00142  4.34763e-05 | 27  0.00370  6.48935e-05
 28  0.00091  6.43496e-05 | 29 -0.00012  6.40351e-05 | 30 -0.00324  5.46190e-05
 31  0.01022  9.36474e-05 | 32 -0.00041  6.78422e-05 | 33 -0.00044  6.37300e-05
 34 -0.00034  6.66214e-05 | 35  0.00001  7.73714e-05 | 36  0.00633  9.58725e-05
 37  0.00812  1.09433e-04 | 38  0.00551  1.06300e-04 | 39 -0.01030  5.46005e-05
 40 -0.01373  5.88114e-05 | 41 -0.00732  7.46526e-05 | 42 -0.00332  6.69303e-05
 43 -0.00813  4.76529e-05 | 44 -0.00310  5.50496e-05 | 45 -0.00009  6.36426e-05
 46  0.01899  9.15003e-05 | 47 -0.00151  4.92027e-05 | 48  0.00164  3.90335e-05
 49 -0.00107  2.53108e-05 | 50  0.01245  5.41194e-05 | 51 -0.00144  2.85870e-05
 52 -0.00273  1.95578e-05 | 53 -0.01182  2.40314e-05 | 54 -0.00236  1.22262e-05
 55  0.02444  6.10732e-05 | 56  0.01834  4.34939e-05 | 57 -0.00096  1.40923e-05
 58 -0.00818 -1.77544e-06 | 59 -0.02067 -1.33033e-05 | 60 -0.01560 -8.23614e-06
 61 -0.01265 -1.26154e-06 | 62 -0.00871 -8.14393e-06 | 63  0.01127  5.46865e-06
 64  0.03114  3.77420e-05 | 65 -0.01421 -1.82768e-05 | 66  0.01941  1.58657e-05
 67 -0.00522 -3.47315e-06 | 68 -0.00282 -1.15768e-05 | 69 -0.00800 -1.60996e-05
 70 -0.01118 -2.10782e-05 | 71  0.01246 -4.34248e-06 | 72  0.02321  6.34286e-06
 73  0.01384 -9.35474e-06 | 74  0.00168 -2.01218e-05 | 75  0.00839 -1.01518e-05
 76 -0.02055 -3.50092e-05 | 77 -0.00686 -2.49772e-05 | 78 -0.00073 -1.64023e-05
 79 -0.02813 -3.95660e-05 | 80 -0.00683 -3.03411e-05 | 81 -0.01436 -3.35288e-05
 82 -0.00310 -3.32433e-05 | 83 -0.00327 -3.59595e-05 | 84  0.04678 -8.61223e-06
 85 -0.00533 -4.46795e-05 | 86  0.06398  2.86175e-06 | 87 -0.01349 -4.92286e-05
 88  0.01158 -4.06963e-05 | 89  0.01151 -4.17981e-05 | 90  0.00573 -4.15407e-05
 91  0.00157 -4.71597e-05 | 92 -0.03059 -5.64412e-05 | 93 -0.01153 -5.49936e-05
 94 -0.00267 -5.11619e-05 | 95 -0.00188 -5.49171e-05 | 96  0.00585 -5.70926e-05
 97  0.00035 -5.88872e-05 | 98 -0.02660 -6.00340e-05 | 99  0.01048 -6.13155e-05
100  0.00142 -6.28401e-05 |101 -0.00305 -6.50010e-05 |102 -0.01380 -6.66752e-05
103  0.00420 -6.62129e-05 |104 -0.01419 -6.96346e-05 |105 -0.00035 -7.54485e-05
106 -0.00008 -6.69569e-05 |107  0.00000  0.00000e+00 |108 -0.00190  4.30793e-04
109 -0.04622  1.37565e-04 |110 -0.41754 -1.93267e-04 |111 -0.40130 -1.64943e-06
112 -0.28586  2.77093e-06 |
  ic > imax  in fminim is answer attained ?
Var    Value     Gradient |Var    Value     Gradient |Var    Value     Gradient
  1 -0.42804  1.73880e-04 |  2 -0.42380  2.64891e-03 |  3 -0.40861  1.09569e-03
  4 -0.41842  3.21232e-05 |  5 -0.41277  4.55002e-05 |  6  0.62739  2.19224e-03
  7 -0.00013  2.26184e-05 |  8 -0.00003  5.58072e-06 |  9 -0.00004  6.76631e-06
 10 -0.00005  8.18793e-06 | 11 -0.00006  9.88742e-06 | 12 -0.00016 -5.47874e-05
 13 -0.00018 -5.19636e-05 | 14 -0.00019 -4.88480e-05 | 15 -0.00023 -4.52941e-05
 16 -0.00027 -4.13851e-05 | 17 -0.00033 -3.73003e-05 | 18 -0.00041 -3.30903e-05
 19 -0.00050 -2.87900e-05 | 20 -0.00064 -2.32263e-05 | 21 -0.00084 -1.43945e-05
 22 -0.00083  8.65451e-06 | 23 -0.00045  9.69451e-06 | 24 -0.00161  1.68922e-05
 25 -0.00030  1.74131e-05 | 26 -0.00142  4.34763e-05 | 27  0.00370  6.48935e-05
 28  0.00091  6.43496e-05 | 29 -0.00012  6.40351e-05 | 30 -0.00324  5.46190e-05
 31  0.01022  9.36474e-05 | 32 -0.00041  6.78422e-05 | 33 -0.00044  6.37300e-05
 34 -0.00034  6.66214e-05 | 35  0.00001  7.73714e-05 | 36  0.00633  9.58725e-05
 37  0.00812  1.09433e-04 | 38  0.00551  1.06300e-04 | 39 -0.01030  5.46005e-05
 40 -0.01373  5.88114e-05 | 41 -0.00732  7.46526e-05 | 42 -0.00332  6.69303e-05
 43 -0.00813  4.76529e-05 | 44 -0.00310  5.50496e-05 | 45 -0.00009  6.36426e-05
 46  0.01899  9.15003e-05 | 47 -0.00151  4.92027e-05 | 48  0.00164  3.90335e-05
 49 -0.00107  2.53108e-05 | 50  0.01245  5.41194e-05 | 51 -0.00144  2.85870e-05
 52 -0.00273  1.95578e-05 | 53 -0.01182  2.40314e-05 | 54 -0.00236  1.22262e-05
 55  0.02444  6.10732e-05 | 56  0.01834  4.34939e-05 | 57 -0.00096  1.40923e-05
 58 -0.00818 -1.77544e-06 | 59 -0.02067 -1.33033e-05 | 60 -0.01560 -8.23614e-06
 61 -0.01265 -1.26154e-06 | 62 -0.00871 -8.14393e-06 | 63  0.01127  5.46865e-06
 64  0.03114  3.77420e-05 | 65 -0.01421 -1.82768e-05 | 66  0.01941  1.58657e-05
 67 -0.00522 -3.47315e-06 | 68 -0.00282 -1.15768e-05 | 69 -0.00800 -1.60996e-05
 70 -0.01118 -2.10782e-05 | 71  0.01246 -4.34248e-06 | 72  0.02321  6.34286e-06
 73  0.01384 -9.35474e-06 | 74  0.00168 -2.01218e-05 | 75  0.00839 -1.01518e-05
 76 -0.02055 -3.50092e-05 | 77 -0.00686 -2.49772e-05 | 78 -0.00073 -1.64023e-05
 79 -0.02813 -3.95660e-05 | 80 -0.00683 -3.03411e-05 | 81 -0.01436 -3.35288e-05
 82 -0.00310 -3.32433e-05 | 83 -0.00327 -3.59595e-05 | 84  0.04678 -8.61223e-06
 85 -0.00533 -4.46795e-05 | 86  0.06398  2.86175e-06 | 87 -0.01349 -4.92286e-05
 88  0.01158 -4.06963e-05 | 89  0.01151 -4.17981e-05 | 90  0.00573 -4.15407e-05
 91  0.00157 -4.71597e-05 | 92 -0.03059 -5.64412e-05 | 93 -0.01153 -5.49936e-05
 94 -0.00267 -5.11619e-05 | 95 -0.00188 -5.49171e-05 | 96  0.00585 -5.70926e-05
 97  0.00035 -5.88872e-05 | 98 -0.02660 -6.00340e-05 | 99  0.01048 -6.13155e-05
100  0.00142 -6.28401e-05 |101 -0.00305 -6.50010e-05 |102 -0.01380 -6.66752e-05
103  0.00420 -6.62129e-05 |104 -0.01419 -6.96346e-05 |105 -0.00035 -7.54485e-05
106 -0.00008 -6.69569e-05 |107  0.00000  0.00000e+00 |108 -0.00190  4.30793e-04
109 -0.04622  1.37565e-04 |110 -0.41754 -1.93267e-04 |111 -0.40130 -1.64943e-06
112 -0.28586  2.77093e-06 |
Function minimizer not making progress ... is minimum attained?
Minimprove criterion = 0.0000e+00

 - final statistics:
112 variables; iteration 1; function evaluation 30
Function value 5.6561e+02; maximum gradient component mag 2.6489e-03
Exit code = 1;  converg criter 1.0000e-04
Var    Value     Gradient |Var    Value     Gradient |Var    Value     Gradient
  1 -0.42804  1.73880e-04 |  2 -0.42380  2.64891e-03 |  3 -0.40861  1.09569e-03
  4 -0.41842  3.21232e-05 |  5 -0.41277  4.55002e-05 |  6  0.62739  2.19224e-03
  7 -0.00013  2.26184e-05 |  8 -0.00003  5.58072e-06 |  9 -0.00004  6.76631e-06
 10 -0.00005  8.18793e-06 | 11 -0.00006  9.88742e-06 | 12 -0.00016 -5.47874e-05
 13 -0.00018 -5.19636e-05 | 14 -0.00019 -4.88480e-05 | 15 -0.00023 -4.52941e-05
 16 -0.00027 -4.13851e-05 | 17 -0.00033 -3.73003e-05 | 18 -0.00041 -3.30903e-05
 19 -0.00050 -2.87900e-05 | 20 -0.00064 -2.32263e-05 | 21 -0.00084 -1.43945e-05
 22 -0.00083  8.65451e-06 | 23 -0.00045  9.69451e-06 | 24 -0.00161  1.68922e-05
 25 -0.00030  1.74131e-05 | 26 -0.00142  4.34763e-05 | 27  0.00370  6.48935e-05
 28  0.00091  6.43496e-05 | 29 -0.00012  6.40351e-05 | 30 -0.00324  5.46190e-05
 31  0.01022  9.36474e-05 | 32 -0.00041  6.78422e-05 | 33 -0.00044  6.37300e-05
 34 -0.00034  6.66214e-05 | 35  0.00001  7.73714e-05 | 36  0.00633  9.58725e-05
 37  0.00812  1.09433e-04 | 38  0.00551  1.06300e-04 | 39 -0.01030  5.46005e-05
 40 -0.01373  5.88114e-05 | 41 -0.00732  7.46526e-05 | 42 -0.00332  6.69303e-05
 43 -0.00813  4.76529e-05 | 44 -0.00310  5.50496e-05 | 45 -0.00009  6.36426e-05
 46  0.01899  9.15003e-05 | 47 -0.00151  4.92027e-05 | 48  0.00164  3.90335e-05
 49 -0.00107  2.53108e-05 | 50  0.01245  5.41194e-05 | 51 -0.00144  2.85870e-05
 52 -0.00273  1.95578e-05 | 53 -0.01182  2.40314e-05 | 54 -0.00236  1.22262e-05
 55  0.02444  6.10732e-05 | 56  0.01834  4.34939e-05 | 57 -0.00096  1.40923e-05
 58 -0.00818 -1.77544e-06 | 59 -0.02067 -1.33033e-05 | 60 -0.01560 -8.23614e-06
 61 -0.01265 -1.26154e-06 | 62 -0.00871 -8.14393e-06 | 63  0.01127  5.46865e-06
 64  0.03114  3.77420e-05 | 65 -0.01421 -1.82768e-05 | 66  0.01941  1.58657e-05
 67 -0.00522 -3.47315e-06 | 68 -0.00282 -1.15768e-05 | 69 -0.00800 -1.60996e-05
 70 -0.01118 -2.10782e-05 | 71  0.01246 -4.34248e-06 | 72  0.02321  6.34286e-06
 73  0.01384 -9.35474e-06 | 74  0.00168 -2.01218e-05 | 75  0.00839 -1.01518e-05
 76 -0.02055 -3.50092e-05 | 77 -0.00686 -2.49772e-05 | 78 -0.00073 -1.64023e-05
 79 -0.02813 -3.95660e-05 | 80 -0.00683 -3.03411e-05 | 81 -0.01436 -3.35288e-05
 82 -0.00310 -3.32433e-05 | 83 -0.00327 -3.59595e-05 | 84  0.04678 -8.61223e-06
 85 -0.00533 -4.46795e-05 | 86  0.06398  2.86175e-06 | 87 -0.01349 -4.92286e-05
 88  0.01158 -4.06963e-05 | 89  0.01151 -4.17981e-05 | 90  0.00573 -4.15407e-05
 91  0.00157 -4.71597e-05 | 92 -0.03059 -5.64412e-05 | 93 -0.01153 -5.49936e-05
 94 -0.00267 -5.11619e-05 | 95 -0.00188 -5.49171e-05 | 96  0.00585 -5.70926e-05
 97  0.00035 -5.88872e-05 | 98 -0.02660 -6.00340e-05 | 99  0.01048 -6.13155e-05
100  0.00142 -6.28401e-05 |101 -0.00305 -6.50010e-05 |102 -0.01380 -6.66752e-05
103  0.00420 -6.62129e-05 |104 -0.01419 -6.96346e-05 |105 -0.00035 -7.54485e-05
106 -0.00008 -6.69569e-05 |107  0.00000  0.00000e+00 |108 -0.00190  4.30793e-04
109 -0.04622  1.37565e-04 |110 -0.41754 -1.93267e-04 |111 -0.40130 -1.64943e-06
112 -0.28586  2.77093e-06 |
size of file gradfil1.tmp = 0
size of file gradfil2.tmp = 0
size of file varssave.tmp = 0
size of file cmpdiff.tmp = 0
