
Initial statistics: 1 variables; iteration 0; function evaluation 0; phase 1
Function value 8.6941870e+02; maximum gradient component mag 1.2949e+04
Var    Value     Gradient |Var    Value     Gradient |Var    Value     Gradient
  1  0.63197  1.29486e+04 |

 - final statistics:
1 variables; iteration 6; function evaluation 29
Function value 7.7332e+02; maximum gradient component mag 3.8505e-01
Exit code = 1;  converg criter 1.0000e+01
Var    Value     Gradient |Var    Value     Gradient |Var    Value     Gradient
  1  0.62382  3.85054e-01 |

Initial statistics: 98 variables; iteration 0; function evaluation 0; phase 2
Function value 7.7332273e+02; maximum gradient component mag 1.1120e+03
Var    Value     Gradient |Var    Value     Gradient |Var    Value     Gradient
  1  0.62382  3.85054e-01 |  2  0.00000 -4.16520e+01 |  3  0.00000 -4.88643e+01
  4  0.00000 -5.75288e+01 |  5  0.00000 -6.79008e+01 |  6  0.00000 -8.04621e+01
  7  0.00000 -9.49081e+01 |  8  0.00000 -1.12150e+02 |  9  0.00000 -1.32271e+02
 10  0.00000 -1.55502e+02 | 11  0.00000 -1.81958e+02 | 12  0.00000 -2.11518e+02
 13  0.00000 -2.43668e+02 | 14  0.00000 -2.77214e+02 | 15  0.00000 -3.08949e+02
 16  0.00000 -3.38942e+02 | 17  0.00000 -3.58239e+02 | 18  0.00000 -3.62652e+02
 19  0.00000 -3.66353e+02 | 20  0.00000 -3.41541e+02 | 21  0.00000 -3.70340e+02
 22  0.00000 -3.90272e+02 | 23  0.00000 -3.72339e+02 | 24  0.00000 -3.88303e+02
 25  0.00000 -3.82229e+02 | 26  0.00000 -3.76072e+02 | 27  0.00000 -3.68749e+02
 28  0.00000 -3.48959e+02 | 29  0.00000 -3.24983e+02 | 30  0.00000 -3.16112e+02
 31  0.00000 -2.98867e+02 | 32  0.00000 -2.74972e+02 | 33  0.00000 -2.55059e+02
 34  0.00000 -2.15699e+02 | 35  0.00000 -1.86949e+02 | 36  0.00000 -1.84731e+02
 37  0.00000 -1.70329e+02 | 38  0.00000 -1.56258e+02 | 39  0.00000 -1.45571e+02
 40  0.00000 -1.33256e+02 | 41  0.00000 -9.95094e+01 | 42  0.00000 -9.31126e+01
 43  0.00000 -7.95715e+01 | 44  0.00000 -6.42496e+01 | 45  0.00000 -8.63418e+01
 46  0.00000 -8.74072e+01 | 47  0.00000 -9.63671e+01 | 48  0.00000 -9.49359e+01
 49  0.00000 -9.45867e+01 | 50  0.00000 -4.10009e+01 | 51  0.00000 -6.65717e+01
 52  0.00000 -8.44144e+01 | 53  0.00000 -7.67850e+01 | 54  0.00000 -1.08557e+02
 55  0.00000 -1.18652e+02 | 56  0.00000 -1.23895e+02 | 57  0.00000 -1.45871e+02
 58  0.00000 -9.95482e+01 | 59  0.00000 -9.43492e+01 | 60  0.00000 -1.66424e+02
 61  0.00000 -3.57322e+01 | 62  0.00000 -5.23410e+01 | 63  0.00000 -2.60051e+02
 64  0.00000  3.92562e+01 | 65  0.00000  1.54577e+02 | 66  0.00000 -1.64648e+02
 67  0.00000  1.92438e+02 | 68  0.00000  9.32739e+02 | 69  0.00000 -1.24191e+02
 70  0.00000  3.45088e+02 | 71  0.00000  5.14181e+02 | 72  0.00000  6.25776e+02
 73  0.00000  9.39815e+02 | 74  0.00000  3.35833e+02 | 75  0.00000  1.11197e+03
 76  0.00000  7.95639e+02 | 77  0.00000  2.68756e+02 | 78  0.00000  6.95696e+02
 79  0.00000  1.00980e+03 | 80  0.00000  5.66946e+02 | 81  0.00000  1.10146e+03
 82  0.00000  8.24740e+02 | 83  0.00000  1.78053e+02 | 84  0.00000 -3.03872e+01
 85  0.00000  8.90855e+02 | 86  0.00000  6.88751e+01 | 87  0.00000  4.67813e+02
 88  0.00000 -7.49794e+01 | 89  0.00000  2.54096e+02 | 90  0.00000  3.00353e+02
 91  0.00000  4.20578e+02 | 92  0.00000 -4.97289e+00 | 93  0.00000 -9.23708e+02
 94  0.00000  1.53746e+01 | 95  0.00000 -7.45172e+00 | 96  0.00000 -7.77407e+00
 97 -0.03546 -1.75370e+02 | 98 -0.31026 -7.53583e+01 |

Intermediate statistics: 98 variables; iteration 20; function evaluation 39; phase 2
Function value 6.8694368e+02; maximum gradient component mag 1.4535e+04
Var    Value     Gradient |Var    Value     Gradient |Var    Value     Gradient
  1  0.62358  1.45351e+04 |  2 -0.00098 -3.17630e+02 |  3 -0.00103 -3.03951e+02
  4 -0.00107 -2.87507e+02 |  5 -0.00109 -2.67784e+02 |  6 -0.00047 -2.42099e+02
  7 -0.00099 -2.15951e+02 |  8 -0.00077 -1.82174e+02 |  9 -0.00033 -1.41651e+02
 10  0.00047 -9.26466e+01 | 11  0.00185 -3.26384e+01 | 12  0.00401  4.16900e+01
 13  0.00707  1.33683e+02 | 14  0.01059  2.41265e+02 | 15  0.01053  3.14795e+02
 16  0.01239  4.07036e+02 | 17  0.00688  3.89773e+02 | 18 -0.00301  2.99889e+02
 19  0.00307  3.79738e+02 | 20 -0.01030  2.17309e+02 | 21  0.00294  4.07069e+02
 22  0.00561  4.92158e+02 | 23  0.00204  4.19010e+02 | 24  0.01212  5.95155e+02
 25  0.00213  4.70436e+02 | 26 -0.00227  4.22444e+02 | 27 -0.00257  4.24177e+02
 28 -0.01054  3.19540e+02 | 29 -0.01445  2.65968e+02 | 30 -0.00552  3.50602e+02
 31 -0.00585  3.17407e+02 | 32 -0.01223  2.12245e+02 | 33 -0.00737  2.26634e+02
 34 -0.01478  1.20979e+02 | 35 -0.01255  1.03375e+02 | 36 -0.00557  1.03474e+02
 37 -0.00300  6.71884e+01 | 38 -0.00116  2.65827e+01 | 39 -0.00069 -2.10665e+01
 40  0.00083 -5.04069e+01 | 41 -0.00938 -1.29815e+02 | 42 -0.01068 -1.66419e+02
 43 -0.01260 -1.94620e+02 | 44 -0.01407 -2.11524e+02 | 45 -0.00604 -2.12435e+02
 46  0.00162 -2.09969e+02 | 47  0.02757 -1.21242e+02 | 48  0.01096 -2.06396e+02
 49  0.01084 -2.10672e+02 | 50 -0.00133 -2.11316e+02 | 51  0.01060 -1.87642e+02
 52  0.01900 -1.66509e+02 | 53  0.00993 -1.93940e+02 | 54  0.01004 -2.18212e+02
 55  0.02069 -1.63494e+02 | 56  0.01532 -1.96712e+02 | 57  0.02191 -1.76215e+02
 58  0.00915 -1.87636e+02 | 59  0.00066 -2.21389e+02 | 60  0.01141 -2.28028e+02
 61 -0.01196 -2.48708e+02 | 62 -0.02203 -2.97717e+02 | 63  0.02362 -1.65106e+02
 64 -0.00353 -1.08370e+02 | 65 -0.01980 -1.72104e+02 | 66  0.01798 -1.33362e+01
 67 -0.01563 -2.24455e+02 | 68 -0.01563  3.95589e+02 | 69  0.00790 -1.40562e+02
 70 -0.00538 -3.76615e+00 | 71 -0.01007 -1.01303e+02 | 72 -0.00389  2.36810e+02
 73 -0.01274  2.10905e+02 | 74 -0.00020  1.22254e+00 | 75 -0.00616  5.47783e+02
 76 -0.00244  3.85662e+02 | 77  0.00253 -2.48638e+01 | 78 -0.00317  2.62647e+02
 79 -0.01117  2.77468e+02 | 80 -0.00671  1.87712e+01 | 81 -0.00673  5.04956e+02
 82 -0.00284  3.87142e+02 | 83  0.00267 -1.27548e+02 | 84 -0.00217 -4.49212e+02
 85 -0.00984  2.41921e+02 | 86  0.00683 -1.70546e+02 | 87  0.00278  1.39540e+02
 88  0.00158 -4.20826e+02 | 89  0.00083 -1.44198e+02 | 90 -0.00665 -1.84263e+02
 91 -0.00069 -1.13475e+01 | 92  0.00757 -3.19465e+02 | 93  0.01482 -1.16512e+03
 94 -0.00170 -3.68076e+02 | 95 -0.00097 -3.82259e+02 | 96 -0.00066 -3.82049e+02
 97 -0.03169  8.12087e+02 | 98 -0.27242  6.22118e+01 |
98 variables; iteration 40; function evaluation 67; phase 2
Function value 5.7101572e+02; maximum gradient component mag 1.8277e+03
Var    Value     Gradient |Var    Value     Gradient |Var    Value     Gradient
  1  0.61704  1.82769e+03 |  2  0.00183 -3.98541e+01 |  3  0.00363 -3.59142e+01
  4  0.00516 -3.21238e+01 |  5  0.00592 -2.93325e+01 |  6  0.00523 -2.89214e+01
  7  0.00450 -2.78987e+01 |  8  0.00355 -2.72064e+01 |  9  0.00334 -2.49357e+01
 10  0.00322 -2.22283e+01 | 11  0.00235 -2.07653e+01 | 12  0.00261 -1.70581e+01
 13  0.00686 -5.26021e+00 | 14  0.01091  6.70078e+00 | 15  0.01258  1.52608e+01
 16  0.01571  2.59822e+01 | 17  0.00869  1.60805e+01 | 18 -0.00253 -1.05158e+00
 19  0.00586  1.48580e+01 | 20 -0.00307  5.44131e+00 | 21  0.00468  1.39475e+01
 22  0.00622  1.82593e+01 | 23  0.00305  1.09849e+01 | 24  0.01091  2.27467e+01
 25  0.00323  1.35304e+01 | 26 -0.00160  5.38206e+00 | 27 -0.00038  8.59413e+00
 28 -0.00762 -2.27485e+00 | 29 -0.00394  1.35303e+01 | 30  0.00100  1.49882e+01
 31 -0.00331 -1.94952e-01 | 32 -0.01052 -1.60209e+01 | 33 -0.00563 -9.48371e+00
 34 -0.00242  1.40776e+01 | 35  0.00618  4.40908e+01 | 36 -0.00029  2.25337e+00
 37  0.00055 -2.33876e+00 | 38  0.00032 -8.74220e+00 | 39 -0.00019 -1.66285e+01
 40  0.00078 -1.75957e+01 | 41 -0.00043 -3.97958e-01 | 42 -0.00072 -3.38054e+00
 43 -0.00339 -4.04190e+00 | 44 -0.00947 -9.62584e+00 | 45 -0.00521 -2.46881e+01
 46  0.00178 -1.42215e+01 | 47  0.00652 -1.37342e+01 | 48  0.00478 -1.39793e+01
 49  0.00580 -8.31693e+00 | 50 -0.01190 -5.37580e+00 | 51  0.00229  7.85523e+00
 52  0.00765  5.24562e+00 | 53  0.00633  1.51115e+01 | 54  0.01853  1.95374e+01
 55  0.01372  1.44047e+00 | 56  0.02724  3.05853e+01 | 57  0.02459  6.79857e+00
 58  0.01712  3.70422e+01 | 59  0.01404  3.81773e+01 | 60  0.02496  2.26930e+01
 61  0.00034  2.70612e+01 | 62 -0.00120  2.15361e+01 | 63  0.02608 -2.56274e+01
 64 -0.00811  4.41500e+01 | 65 -0.01687  4.86963e+01 | 66  0.01918  7.10200e+01
 67 -0.01106 -3.58817e+01 | 68 -0.04583  1.04445e+02 | 69  0.01565  7.90151e+01
 70 -0.00190  1.09885e+02 | 71 -0.00393  8.43632e+01 | 72 -0.01230  7.98981e+01
 73 -0.02264  3.79726e+01 | 74  0.00378  3.85497e+01 | 75 -0.03216 -1.47880e+01
 76 -0.02034 -1.13430e+00 | 77  0.00434  4.60358e+00 | 78 -0.01750 -1.54299e+01
 79 -0.02462  6.89276e+01 | 80 -0.01317 -8.76706e+01 | 81 -0.03453 -2.61391e+01
 82 -0.02634 -5.08930e+00 | 83  0.00302  4.47167e+01 | 84  0.00828 -1.52898e+02
 85 -0.03048  6.69564e+01 | 86  0.00615 -9.33359e+01 | 87 -0.01489  1.81623e+01
 88  0.00726 -1.38916e+02 | 89 -0.00971 -2.25336e+01 | 90 -0.00275  1.31926e+02
 91 -0.01949  3.35741e+01 | 92  0.00316 -1.39885e+02 | 93  0.05463 -1.21705e+02
 94 -0.01574 -6.08035e+01 | 95 -0.00201 -5.03529e+01 | 96 -0.00527 -5.56036e+01
 97 -0.02613  3.69715e+01 | 98 -0.28679 -2.52278e+01 |
98 variables; iteration 60; function evaluation 98; phase 2
Function value 5.6433723e+02; maximum gradient component mag 1.3053e+03
Var    Value     Gradient |Var    Value     Gradient |Var    Value     Gradient
  1  0.61509  1.30533e+03 |  2 -0.00223 -3.45868e+01 |  3 -0.00620 -4.03217e+01
  4 -0.00551 -3.85294e+01 |  5 -0.00036 -2.93722e+01 |  6  0.00463 -2.03360e+01
  7  0.00544 -1.75033e+01 |  8  0.00319 -1.98095e+01 |  9  0.00109 -2.18120e+01
 10 -0.00269 -2.67023e+01 | 11 -0.00459 -2.84333e+01 | 12  0.00112 -1.68106e+01
 13  0.00616 -6.18106e+00 | 14  0.00650 -4.10308e+00 | 15  0.01330  1.15806e+01
 16  0.00511 -3.08050e+00 | 17  0.00811  7.90696e+00 | 18 -0.00057 -1.25857e+00
 19  0.00737  1.12620e+01 | 20  0.00001  7.61960e+00 | 21  0.00728  1.09851e+01
 22  0.00047 -3.88803e+00 | 23  0.00752  1.15203e+01 | 24  0.01896  2.75615e+01
 25  0.00202  6.81438e-01 | 26  0.00549  1.14754e+01 | 27  0.00284  6.25554e+00
 28  0.00057  8.90309e+00 | 29  0.00145  1.83699e+01 | 30 -0.00045  2.20304e+00
 31  0.00128  2.99975e+00 | 32 -0.00609 -9.87193e+00 | 33 -0.00802 -1.74441e+01
 34  0.00184  2.21665e+01 | 35  0.01045  5.16431e+01 | 36 -0.00578 -1.05442e+01
 37  0.00104  1.10077e+00 | 38  0.00072 -3.90873e+00 | 39 -0.00218 -1.54960e+01
 40  0.00123 -1.19544e+01 | 41 -0.00723 -9.20609e+00 | 42 -0.00472 -4.16156e+00
 43 -0.00657 -2.67209e+00 | 44 -0.01402 -1.10442e+01 | 45 -0.00472 -1.48412e+01
 46  0.00971  1.03145e+01 | 47  0.01036  4.25327e+00 | 48  0.01022  7.23084e+00
 49 -0.00090 -1.79773e+01 | 50 -0.00621  1.75091e+01 | 51  0.00086  1.24429e+01
 52  0.00791  1.52758e+01 | 53  0.00114  1.24266e+01 | 54  0.01832  2.75873e+01
 55  0.01766  2.15201e+01 | 56  0.02461  3.03903e+01 | 57  0.02962  2.95201e+01
 58  0.01275  3.15753e+01 | 59  0.01011  2.98466e+01 | 60  0.02390  1.97439e+01
 61  0.00266  4.23948e+01 | 62 -0.00296  2.29164e+01 | 63  0.03371  3.62840e+01
 64 -0.01120  3.18698e+01 | 65 -0.01914  3.47883e+01 | 66  0.01816  5.20735e+01
 67 -0.00700  1.32265e+01 | 68 -0.05280  4.08980e+01 | 69  0.01604  4.74587e+01
 70 -0.00642  1.36324e+01 | 71 -0.00459  4.31161e+01 | 72 -0.01459  2.73883e+01
 73 -0.02333  1.13526e+01 | 74  0.00440  3.22506e+01 | 75 -0.03081 -2.12830e+00
 76 -0.02073 -1.31709e+01 | 77  0.00533  9.75474e+00 | 78 -0.01657 -6.53514e+00
 79 -0.02738  1.24265e+01 | 80 -0.00772  1.34976e+01 | 81 -0.03377 -2.03881e+01
 82 -0.02953 -4.59125e+01 | 83  0.00107 -1.06335e+01 | 84  0.01438 -1.75814e+01
 85 -0.03599 -1.73051e+01 | 86  0.00826 -5.23063e+01 | 87 -0.01779 -3.30836e+01
 88  0.01135 -5.42565e+01 | 89 -0.00930 -1.71695e+01 | 90 -0.01610 -2.95402e+01
 91 -0.02566 -3.89761e+01 | 92  0.01736 -2.14335e+01 | 93  0.06064 -6.26535e+01
 94  0.00668 -1.01114e+01 | 95 -0.00307 -3.86448e+01 | 96  0.00322 -2.90930e+01
 97 -0.01614  6.92921e+01 | 98 -0.27988  8.29356e+00 |
Maximum number of function evaluations exceeded

 - final statistics:
98 variables; iteration 62; function evaluation 100
Function value 5.6305e+02; maximum gradient component mag 3.4786e+02
Exit code = 3;  converg criter 1.0000e+01
Var    Value     Gradient |Var    Value     Gradient |Var    Value     Gradient
  1  0.61490  3.47862e+02 |  2  0.00145 -9.69547e+00 |  3  0.00141 -1.01677e+01
  4  0.00087 -1.14585e+01 |  5 -0.00013 -1.35568e+01 |  6 -0.00071 -1.53199e+01
  7 -0.00059 -1.58071e+01 |  8  0.00060 -1.51523e+01 |  9  0.00169 -1.49124e+01
 10  0.00278 -1.50539e+01 | 11  0.00293 -1.69528e+01 | 12  0.00451 -1.74508e+01
 13  0.00601 -1.86982e+01 | 14  0.00722 -2.07822e+01 | 15  0.01090 -1.88479e+01
 16  0.00759 -2.60542e+01 | 17  0.00827 -2.38007e+01 | 18  0.00071 -2.62089e+01
 19  0.00662 -2.30357e+01 | 20 -0.00150 -2.04643e+01 | 21  0.00653 -2.46224e+01
 22  0.00238 -3.32008e+01 | 23  0.00564 -2.64489e+01 | 24  0.01876 -2.20984e+01
 25  0.00277 -3.16663e+01 | 26  0.00432 -2.66615e+01 | 27  0.00514 -2.50505e+01
 28 -0.00116 -2.47292e+01 | 29 -0.00158 -1.69594e+01 | 30 -0.00133 -2.66978e+01
 31  0.00113 -2.38989e+01 | 32 -0.00887 -3.21274e+01 | 33 -0.00160 -2.18820e+01
 34  0.00281  5.97040e+00 | 35  0.00360  1.50080e+01 | 36 -0.00357 -1.53601e+01
 37 -0.00361 -1.56308e+01 | 38 -0.00055 -1.22464e+01 | 39 -0.00074 -1.51691e+01
 40  0.00336 -8.39359e+00 | 41 -0.00555 -3.12865e+00 | 42 -0.00761 -6.06980e+00
 43 -0.01075 -5.55043e+00 | 44 -0.00861  1.02297e+01 | 45 -0.00177  1.19570e+00
 46  0.00873  1.29669e+01 | 47  0.01001  8.63174e+00 | 48  0.00856  1.01389e+01
 49  0.00373  2.29287e+00 | 50 -0.01017  1.76011e+01 | 51 -0.00285  1.27401e+01
 52  0.00545  1.61496e+01 | 53  0.00139  2.10914e+01 | 54  0.01967  3.40315e+01
 55  0.01299  1.15225e+01 | 56  0.02738  3.57732e+01 | 57  0.03304  3.42761e+01
 58  0.01234  3.21929e+01 | 59  0.00865  2.76904e+01 | 60  0.02760  3.54736e+01
 61  0.00042  3.65516e+01 | 62 -0.00157  3.34597e+01 | 63  0.03654  4.70381e+01
 64 -0.01298  2.74324e+01 | 65 -0.02149  2.52262e+01 | 66  0.01813  4.34039e+01
 67 -0.00597  2.79574e+01 | 68 -0.05635  2.33513e+01 | 69  0.01593  4.19115e+01
 70 -0.00571  2.90215e+01 | 71 -0.00550  2.61620e+01 | 72 -0.01525  2.18066e+01
 73 -0.02387  1.26418e+01 | 74  0.00419  2.88147e+01 | 75 -0.03127  5.24168e+00
 76 -0.02003  7.47993e+00 | 77  0.00543  2.28868e+01 | 78 -0.01626  1.04192e+01
 79 -0.02864  6.66850e+00 | 80 -0.00827  1.46985e+01 | 81 -0.03445 -1.03395e+01
 82 -0.02779 -3.95461e+00 | 83  0.00088  6.63421e+00 | 84  0.01525  1.83286e+01
 85 -0.03715 -1.11303e+01 | 86  0.01006  1.44488e+00 | 87 -0.01793 -1.33560e+01
 88  0.01296 -5.18015e+00 | 89 -0.01008 -1.26384e+01 | 90 -0.01628 -1.28501e+01
 91 -0.02529 -1.53811e+01 | 92  0.01705 -1.04932e+01 | 93  0.06290 -2.78536e+00
 94 -0.00575 -8.80588e+00 | 95  0.00060 -8.99350e+00 | 96  0.00104 -8.46035e+00
 97 -0.01474  1.89316e+01 | 98 -0.28103  4.67865e+00 |

Initial statistics: 100 variables; iteration 0; function evaluation 0; phase 3
Function value 5.6305399e+02; maximum gradient component mag 3.4786e+02
Var    Value     Gradient |Var    Value     Gradient |Var    Value     Gradient
  1  0.61490  3.47862e+02 |  2  0.00145 -9.57422e+00 |  3  0.00141 -1.00464e+01
  4  0.00088 -1.13373e+01 |  5 -0.00013 -1.34356e+01 |  6 -0.00070 -1.51986e+01
  7 -0.00058 -1.56859e+01 |  8  0.00060 -1.50310e+01 |  9  0.00169 -1.47912e+01
 10  0.00278 -1.49327e+01 | 11  0.00293 -1.68315e+01 | 12  0.00451 -1.73295e+01
 13  0.00601 -1.85769e+01 | 14  0.00722 -2.06609e+01 | 15  0.01090 -1.87267e+01
 16  0.00759 -2.59330e+01 | 17  0.00827 -2.36795e+01 | 18  0.00071 -2.60876e+01
 19  0.00662 -2.29144e+01 | 20 -0.00149 -2.03430e+01 | 21  0.00653 -2.45011e+01
 22  0.00239 -3.30796e+01 | 23  0.00564 -2.63277e+01 | 24  0.01876 -2.19772e+01
 25  0.00277 -3.15451e+01 | 26  0.00432 -2.65403e+01 | 27  0.00514 -2.49293e+01
 28 -0.00116 -2.46080e+01 | 29 -0.00157 -1.68381e+01 | 30 -0.00133 -2.65765e+01
 31  0.00114 -2.37777e+01 | 32 -0.00887 -3.20061e+01 | 33 -0.00160 -2.17607e+01
 34  0.00281  6.09164e+00 | 35  0.00360  1.51292e+01 | 36 -0.00357 -1.52389e+01
 37 -0.00361 -1.55096e+01 | 38 -0.00055 -1.21251e+01 | 39 -0.00073 -1.50479e+01
 40  0.00336 -8.27235e+00 | 41 -0.00555 -3.00741e+00 | 42 -0.00761 -5.94857e+00
 43 -0.01075 -5.42920e+00 | 44 -0.00861  1.03510e+01 | 45 -0.00176  1.31694e+00
 46  0.00873  1.30882e+01 | 47  0.01001  8.75296e+00 | 48  0.00856  1.02602e+01
 49  0.00373  2.41410e+00 | 50 -0.01017  1.77224e+01 | 51 -0.00285  1.28614e+01
 52  0.00545  1.62708e+01 | 53  0.00139  2.12126e+01 | 54  0.01967  3.41527e+01
 55  0.01300  1.16437e+01 | 56  0.02738  3.58943e+01 | 57  0.03304  3.43972e+01
 58  0.01234  3.23141e+01 | 59  0.00865  2.78116e+01 | 60  0.02760  3.55948e+01
 61  0.00042  3.66728e+01 | 62 -0.00156  3.35809e+01 | 63  0.03654  4.71591e+01
 64 -0.01298  2.75536e+01 | 65 -0.02148  2.53474e+01 | 66  0.01813  4.35251e+01
 67 -0.00597  2.80786e+01 | 68 -0.05635  2.34721e+01 | 69  0.01593  4.20327e+01
 70 -0.00571  2.91428e+01 | 71 -0.00550  2.62832e+01 | 72 -0.01524  2.19278e+01
 73 -0.02386  1.27630e+01 | 74  0.00420  2.89360e+01 | 75 -0.03127  5.36278e+00
 76 -0.02003  7.60112e+00 | 77  0.00543  2.30081e+01 | 78 -0.01626  1.05404e+01
 79 -0.02864  6.78962e+00 | 80 -0.00827  1.48197e+01 | 81 -0.03444 -1.02184e+01
 82 -0.02778 -3.83348e+00 | 83  0.00088  6.75545e+00 | 84  0.01525  1.84498e+01
 85 -0.03714 -1.10092e+01 | 86  0.01006  1.56611e+00 | 87 -0.01793 -1.32348e+01
 88  0.01297 -5.05893e+00 | 89 -0.01008 -1.25171e+01 | 90 -0.01627 -1.27289e+01
 91 -0.02529 -1.52599e+01 | 92  0.01706 -1.03720e+01 | 93  0.06290 -2.66471e+00
 94 -0.00575 -8.68464e+00 | 95  0.00060 -8.87226e+00 | 96  0.00104 -8.33910e+00
 97 -0.01474  1.89316e+01 | 98 -0.41581  9.82901e+00 | 99 -0.28103  4.67865e+00
100 -0.25275 -6.27417e+01 |

Intermediate statistics: 100 variables; iteration 20; function evaluation 21; phase 3
Function value 5.6143710e+02; maximum gradient component mag 1.1568e+03
Var    Value     Gradient |Var    Value     Gradient |Var    Value     Gradient
  1  0.61497  1.15677e+03 |  2  0.00009 -3.15153e+01 |  3  0.00015 -3.10021e+01
  4  0.00028 -3.03019e+01 |  5  0.00048 -2.93934e+01 |  6  0.00081 -2.83705e+01
  7  0.00084 -2.73481e+01 |  8  0.00096 -2.62641e+01 |  9  0.00120 -2.49203e+01
 10  0.00159 -2.32839e+01 | 11  0.00232 -2.11289e+01 | 12  0.00322 -1.88247e+01
 13  0.00452 -1.60524e+01 | 14  0.00617 -1.28213e+01 | 15  0.00667 -1.03093e+01
 16  0.00875 -6.31398e+00 | 17  0.00680 -5.53145e+00 | 18  0.00194 -6.31731e+00
 19  0.00462 -5.50481e+00 | 20 -0.00394 -9.73353e+00 | 21  0.00580 -3.48299e+00
 22  0.00874  6.56828e-01 | 23  0.00668 -1.96356e+00 | 24  0.01388  2.93190e+00
 25  0.00843  1.59300e+00 | 26  0.00614  6.85066e-01 | 27  0.00607  1.11120e+00
 28  0.00101 -1.25391e+00 | 29 -0.00376 -4.02107e+00 | 30  0.00328  1.20770e+00
 31  0.00458  4.91064e-01 | 32  0.00179 -8.11384e-01 | 33  0.00251 -1.27683e+00
 34 -0.00742 -7.65875e+00 | 35 -0.00822 -6.54782e+00 | 36  0.00052 -4.16104e+00
 37  0.00129 -5.76502e+00 | 38  0.00296 -5.87397e+00 | 39  0.00583 -4.30251e+00
 40  0.00827  4.01610e-01 | 41 -0.00570 -1.00469e+01 | 42 -0.00586 -1.06511e+01
 43 -0.00798 -1.03996e+01 | 44 -0.01074 -7.95269e+00 | 45  0.00380  5.26058e+00
 46  0.00475 -2.43060e+00 | 47  0.00753 -2.83234e+00 | 48  0.00579 -2.48984e+00
 49  0.00720  2.55635e+00 | 50 -0.01314 -1.63990e+00 | 51 -0.00666 -4.00993e+00
 52  0.00054 -7.00145e-01 | 53 -0.00506 -1.34958e+00 | 54  0.01267  1.26579e+01
 55  0.01460  1.55268e+01 | 56  0.02066  1.98053e+01 | 57  0.03016  2.95987e+01
 58  0.00751  1.52392e+01 | 59  0.00763  2.05334e+01 | 60  0.02923  5.60321e+01
 61 -0.00160  2.72927e+01 | 62 -0.00243  2.78137e+01 | 63  0.03927  9.23201e+01
 64 -0.01226  2.86117e+01 | 65 -0.02091  2.63536e+01 | 66  0.01907  6.99458e+01
 67 -0.00566  3.74216e+01 | 68 -0.05620  1.42378e+01 | 69  0.01744  6.90237e+01
 70 -0.00600  3.05243e+01 | 71 -0.00475  1.75162e+01 | 72 -0.01568  1.40822e+01
 73 -0.02320 -4.91227e+00 | 74  0.00358  2.08700e+01 | 75 -0.03068 -1.54610e+01
 76 -0.02103 -1.10348e+01 | 77  0.00617  1.13802e+01 | 78 -0.01715 -9.62658e+00
 79 -0.02780 -1.38726e+01 | 80 -0.00906 -7.69298e+00 | 81 -0.03388 -3.61389e+01
 82 -0.02867 -2.82059e+01 | 83  0.00164 -1.92921e+01 | 84  0.01471 -3.88410e+00
 85 -0.03604 -3.39140e+01 | 86  0.00964 -1.98351e+01 | 87 -0.01680 -3.71046e+01
 88  0.01260 -2.77539e+01 | 89 -0.00877 -3.72371e+01 | 90 -0.01652 -3.67157e+01
 91 -0.02322 -3.81757e+01 | 92  0.01675 -3.63888e+01 | 93  0.06576 -2.04909e+01
 94 -0.00732 -3.47116e+01 | 95 -0.00009 -3.37123e+01 | 96 -0.00007 -3.37897e+01
 97 -0.03392  4.29887e+01 | 98 -0.42464 -4.52209e+01 | 99 -0.24647  3.90065e+01
100 -0.24006 -7.70138e+01 |
100 variables; iteration 40; function evaluation 47; phase 3
Function value 5.6030582e+02; maximum gradient component mag -5.8348e+02
Var    Value     Gradient |Var    Value     Gradient |Var    Value     Gradient
  1  0.61458 -5.83481e+02 |  2  0.00163  1.09237e+01 |  3  0.00167  1.00819e+01
  4  0.00155  8.79869e+00 |  5  0.00130  7.12651e+00 |  6  0.00140  5.47418e+00
  7  0.00162  4.06839e+00 |  8  0.00225  2.62467e+00 |  9  0.00286  6.47903e-01
 10  0.00351 -1.87568e+00 | 11  0.00420 -5.05762e+00 | 12  0.00524 -8.64728e+00
 13  0.00652 -1.28421e+01 | 14  0.00805 -1.74754e+01 | 15  0.00775 -2.25029e+01
 16  0.01115 -2.55621e+01 | 17  0.00787 -2.83342e+01 | 18  0.00445 -2.51654e+01
 19  0.00527 -2.89644e+01 | 20 -0.00308 -2.27838e+01 | 21  0.00614 -3.04305e+01
 22  0.01408 -3.10722e+01 | 23  0.00692 -3.13943e+01 | 24  0.00748 -4.20834e+01
 25  0.01167 -3.20122e+01 | 26  0.00606 -3.28467e+01 | 27  0.00534 -3.30016e+01
 28  0.00141 -2.77399e+01 | 29 -0.00490 -2.57015e+01 | 30  0.00477 -2.40018e+01
 31  0.00323 -2.60407e+01 | 32  0.00418 -1.81271e+01 | 33  0.00200 -1.95489e+01
 34 -0.01011 -1.77000e+01 | 35 -0.00900 -1.17501e+01 | 36  0.00101 -9.83685e+00
 37  0.00197 -7.69202e+00 | 38  0.00324 -6.01631e+00 | 39  0.00744 -2.10026e+00
 40  0.00759 -2.68503e+00 | 41 -0.00655 -5.95941e-01 | 42 -0.00561  1.97559e+00
 43 -0.00687  5.38101e+00 | 44 -0.01066  6.90456e+00 | 45  0.00110  2.88169e+00
 46  0.00292  1.46216e+00 | 47  0.00814  3.11652e+00 | 48  0.00536  2.49815e+00
 49  0.00679  4.31336e+00 | 50 -0.01450  7.54975e+00 | 51 -0.00737  4.06538e+00
 52 -0.00011  2.34743e+00 | 53 -0.00605  3.43139e+00 | 54  0.01185  3.37391e+00
 55  0.01498  4.63498e+00 | 56  0.01991  1.12857e+00 | 57  0.02845 -3.13051e+00
 58  0.00549  1.58618e+00 | 59  0.00472  1.10729e+00 | 60  0.02863  1.36122e+01
 61 -0.00164  1.78697e+01 | 62 -0.00315  1.43215e+01 | 63  0.03744  8.65499e+00
 64 -0.01462  8.83857e+00 | 65 -0.02362  6.48139e+00 | 66  0.01796  5.98137e+00
 67 -0.00689  2.98266e+00 | 68 -0.05769  1.97341e+01 | 69  0.01646  1.03626e+01
 70 -0.00640  7.95649e+00 | 71 -0.00520  2.84654e+00 | 72 -0.01567  1.07364e+01
 73 -0.02351  1.28514e+00 | 74  0.00372  7.04113e+00 | 75 -0.03052  5.82033e+00
 76 -0.02035  6.31594e+00 | 77  0.00648  2.12577e+01 | 78 -0.01720  1.06806e+00
 79 -0.02814  5.19558e+00 | 80 -0.00903  5.34800e+00 | 81 -0.03337  6.38574e+00
 82 -0.02770  1.25146e+01 | 83  0.00185  1.56470e+01 | 84  0.01545  3.24402e+01
 85 -0.03587  8.03645e+00 | 86  0.00941  4.68513e+00 | 87 -0.01659  9.66860e+00
 88  0.01265  1.08393e+01 | 89 -0.00851  1.54634e+01 | 90 -0.01787 -6.17293e+00
 91 -0.02345  1.21660e+01 | 92  0.01691  1.51575e+01 | 93  0.06442  1.55531e+01
 94 -0.00703  1.26282e+01 | 95  0.00088  1.41142e+01 | 96  0.00112  1.43873e+01
 97 -0.02852 -4.25873e+01 | 98 -0.42294  5.69251e+01 | 99 -0.24971  9.96455e+00
100 -0.23899 -2.28202e+01 |
100 variables; iteration 60; function evaluation 72; phase 3
Function value 5.6007884e+02; maximum gradient component mag -6.9143e+02
Var    Value     Gradient |Var    Value     Gradient |Var    Value     Gradient
  1  0.61427 -6.91435e+02 |  2  0.00068  1.41294e+01 |  3  0.00065  1.31827e+01
  4  0.00066  1.21225e+01 |  5  0.00088  1.11221e+01 |  6  0.00139  1.00573e+01
  7  0.00149  8.49139e+00 |  8  0.00142  6.11113e+00 |  9  0.00162  3.65017e+00
 10  0.00232  1.26104e+00 | 11  0.00361 -1.14207e+00 | 12  0.00450 -4.85462e+00
 13  0.00548 -9.27217e+00 | 14  0.00749 -1.33672e+01 | 15  0.00634 -1.90057e+01
 16  0.01208 -2.01668e+01 | 17  0.00764 -2.36976e+01 | 18  0.00442 -2.02857e+01
 19  0.00582 -2.34612e+01 | 20 -0.00374 -1.84778e+01 | 21  0.00670 -2.49257e+01
 22  0.01613 -2.46722e+01 | 23  0.00862 -2.49821e+01 | 24  0.00750 -3.67481e+01
 25  0.01414 -2.51473e+01 | 26  0.00820 -2.60292e+01 | 27  0.00663 -2.67751e+01
 28  0.00278 -2.14897e+01 | 29 -0.00505 -2.12008e+01 | 30  0.00474 -1.96121e+01
 31  0.00563 -1.94470e+01 | 32  0.00476 -1.32737e+01 | 33  0.00308 -1.43801e+01
 34 -0.00992 -1.40960e+01 | 35 -0.01152 -1.33303e+01 | 36 -0.00023 -8.64376e+00
 37  0.00175 -5.24399e+00 | 38  0.00257 -4.43870e+00 | 39  0.00603 -2.03593e+00
 40  0.00711 -1.81941e+00 | 41 -0.00599  2.64227e+00 | 42 -0.00596  3.69890e+00
 43 -0.00864  4.50028e+00 | 44 -0.01097  8.26695e+00 | 45  0.00171  5.47458e+00
 46  0.00440  5.01120e+00 | 47  0.00808  4.40928e+00 | 48  0.00608  4.54246e+00
 49  0.00581  2.76343e+00 | 50 -0.01399  9.78536e+00 | 51 -0.00605  7.22613e+00
 52  0.00186  5.97412e+00 | 53 -0.00422  6.88935e+00 | 54  0.01172  2.05263e+00
 55  0.01437  1.03463e+00 | 56  0.01986 -1.15965e+00 | 57  0.02971 -4.23215e+00
 58  0.00626  2.30416e+00 | 59  0.00662  3.41572e+00 | 60  0.02657 -4.53166e+00
 61 -0.00472  2.54681e+00 | 62 -0.00538  2.10578e+00 | 63  0.03648 -1.22167e+01
 64 -0.01488  3.67127e+00 | 65 -0.02322  5.94535e+00 | 66  0.01779 -6.35585e+00
 67 -0.00640  2.57511e+00 | 68 -0.05877  1.03922e+01 | 69  0.01634 -2.06962e-01
 70 -0.00616  5.08721e+00 | 71 -0.00489  7.09363e+00 | 72 -0.01560  7.58529e+00
 73 -0.02299  1.10149e+01 | 74  0.00394  5.74470e+00 | 75 -0.03021  1.23004e+01
 76 -0.01985  1.12237e+01 | 77  0.00606  7.57436e+00 | 78 -0.01625  1.29665e+01
 79 -0.02777  1.41417e+01 | 80 -0.00854  1.25817e+01 | 81 -0.03298  1.53702e+01
 82 -0.02758  1.43942e+01 | 83  0.00178  1.36557e+01 | 84  0.01461  1.03029e+01
 85 -0.03564  1.64490e+01 | 86  0.00999  1.57520e+01 | 87 -0.01641  1.74458e+01
 88  0.01296  1.59990e+01 | 89 -0.00868  1.71155e+01 | 90 -0.01573  1.97965e+01
 91 -0.02341  1.77025e+01 | 92  0.01671  1.72158e+01 | 93  0.06405  1.68589e+01
 94 -0.00674  1.80484e+01 | 95  0.00044  1.80402e+01 | 96  0.00054  1.80865e+01
 97 -0.02858 -4.33038e+01 | 98 -0.42330  5.50168e+01 | 99 -0.25174 -2.96304e+00
100 -0.23824  3.98656e+00 |
Maximum number of function evaluations exceeded

 - final statistics:
100 variables; iteration 77; function evaluation 100
Function value 5.5997e+02; maximum gradient component mag -6.2588e+02
Exit code = 3;  converg criter 1.0000e+00
Var    Value     Gradient |Var    Value     Gradient |Var    Value     Gradient
  1  0.61422 -6.25879e+02 |  2 -0.00053  1.12597e+01 |  3 -0.00010  1.10907e+01
  4  0.00068  1.12689e+01 |  5  0.00145  1.12079e+01 |  6  0.00200  1.03497e+01
  7  0.00214  9.03179e+00 |  8  0.00204  6.83469e+00 |  9  0.00198  4.23217e+00
 10  0.00270  2.20651e+00 | 11  0.00348 -4.66328e-01 | 12  0.00412 -3.93295e+00
 13  0.00593 -7.07398e+00 | 14  0.00880 -9.86021e+00 | 15  0.00419 -1.82798e+01
 16  0.01076 -1.77273e+01 | 17  0.00937 -1.87532e+01 | 18  0.00540 -1.59484e+01
 19  0.00588 -1.99143e+01 | 20 -0.00226 -1.41514e+01 | 21  0.00867 -1.95873e+01
 22  0.01213 -2.23657e+01 | 23  0.00815 -2.13372e+01 | 24  0.01097 -3.01919e+01
 25  0.01421 -2.03499e+01 | 26  0.00734 -2.24868e+01 | 27  0.00713 -2.22686e+01
 28  0.00323 -1.74232e+01 | 29 -0.00381 -1.69358e+01 | 30  0.00268 -1.88136e+01
 31  0.00546 -1.63963e+01 | 32  0.00500 -1.00687e+01 | 33  0.00387 -1.08227e+01
 34 -0.00883 -1.08619e+01 | 35 -0.00906 -7.94912e+00 | 36  0.00101 -5.18241e+00
 37  0.00275 -2.25098e+00 | 38  0.00279 -3.00312e+00 | 39  0.00405 -4.16079e+00
 40  0.00694 -1.81546e+00 | 41 -0.00669  1.75108e+00 | 42 -0.00638  3.02294e+00
 43 -0.00892  3.60428e+00 | 44 -0.01373  2.35397e+00 | 45  0.00120  3.59503e+00
 46  0.00326  2.73209e+00 | 47  0.00762  3.22048e+00 | 48  0.00670  5.06672e+00
 49  0.00845  7.39857e+00 | 50 -0.01635  3.69485e+00 | 51 -0.00579  6.83466e+00
 52  0.00118  4.19520e+00 | 53 -0.00561  3.65585e+00 | 54  0.01035 -1.21118e+00
 55  0.01523  2.51455e+00 | 56  0.01935 -1.99061e+00 | 57  0.03097 -1.68657e+00
 58  0.00824  5.50550e+00 | 59  0.00615  2.05293e+00 | 60  0.02597 -8.73415e+00
 61 -0.00520 -5.70669e-01 | 62 -0.00618 -1.86825e+00 | 63  0.03612 -1.60826e+01
 64 -0.01474  2.85015e+00 | 65 -0.02349  3.04124e+00 | 66  0.01789 -6.29707e+00
 67 -0.00630  2.33783e+00 | 68 -0.05893  7.55582e+00 | 69  0.01631 -2.44936e+00
 70 -0.00598  6.13898e+00 | 71 -0.00484  6.81490e+00 | 72 -0.01552  7.13364e+00
 73 -0.02290  1.10446e+01 | 74  0.00400  5.16965e+00 | 75 -0.03011  1.22709e+01
 76 -0.01976  1.07658e+01 | 77  0.00603  4.77726e+00 | 78 -0.01626  1.08068e+01
 79 -0.02782  1.15377e+01 | 80 -0.00844  1.23584e+01 | 81 -0.03300  1.31267e+01
 82 -0.02763  1.16887e+01 | 83  0.00178  1.16385e+01 | 84  0.01455  6.58956e+00
 85 -0.03550  1.68715e+01 | 86  0.01003  1.46082e+01 | 87 -0.01658  1.28478e+01
 88  0.01315  1.70043e+01 | 89 -0.00872  1.48417e+01 | 90 -0.01555  1.98750e+01
 91 -0.02332  1.73648e+01 | 92  0.01676  1.62421e+01 | 93  0.06400  1.47002e+01
 94 -0.00683  1.66353e+01 | 95 -0.00012  1.57088e+01 | 96 -0.00006  1.57111e+01
 97 -0.02883 -4.04797e+01 | 98 -0.42326  5.29531e+01 | 99 -0.25166 -5.63618e+00
100 -0.23773  1.12266e+01 |

Initial statistics: 108 variables; iteration 0; function evaluation 0; phase 4
Function value 5.5996641e+02; maximum gradient component mag -1.1598e+03
Var    Value     Gradient |Var    Value     Gradient |Var    Value     Gradient
  1 -0.42263 -1.74932e+02 |  2 -0.42263 -1.15981e+03 |  3 -0.41094 -5.88771e+02
  4  0.61422 -6.26435e+02 |  5  0.00000 -7.58177e+00 |  6  0.00000 -1.67832e+00
  7  0.00000 -2.04672e+00 |  8  0.00000 -2.49415e+00 |  9  0.00000 -3.03702e+00
 10 -0.00054  1.08795e+01 | 11 -0.00011  1.07232e+01 | 12  0.00067  1.09025e+01
 13  0.00144  1.08395e+01 | 14  0.00199  9.98813e+00 | 15  0.00213  8.64828e+00
 16  0.00203  6.43136e+00 | 17  0.00197  3.86441e+00 | 18  0.00269  1.80104e+00
 19  0.00347 -8.49327e-01 | 20  0.00411 -4.40083e+00 | 21  0.00592 -7.46417e+00
 22  0.00880 -1.02415e+01 | 23  0.00418 -1.86708e+01 | 24  0.01075 -1.81306e+01
 25  0.00936 -1.91040e+01 | 26  0.00539 -1.63364e+01 | 27  0.00587 -2.02862e+01
 28 -0.00227 -1.45228e+01 | 29  0.00866 -1.99771e+01 | 30  0.01212 -2.27718e+01
 31  0.00814 -2.17487e+01 | 32  0.01096 -3.05845e+01 | 33  0.01420 -2.07599e+01
 34  0.00733 -2.28778e+01 | 35  0.00712 -2.27224e+01 | 36  0.00322 -1.78357e+01
 37 -0.00381 -1.73228e+01 | 38  0.00268 -1.91221e+01 | 39  0.00545 -1.67623e+01
 40  0.00499 -1.04572e+01 | 41  0.00386 -1.12309e+01 | 42 -0.00884 -1.12472e+01
 43 -0.00907 -8.33915e+00 | 44  0.00100 -5.55063e+00 | 45  0.00274 -2.68976e+00
 46  0.00278 -3.40841e+00 | 47  0.00404 -4.53592e+00 | 48  0.00694 -2.23012e+00
 49 -0.00669  1.36174e+00 | 50 -0.00639  2.63984e+00 | 51 -0.00893  3.21302e+00
 52 -0.01374  1.95186e+00 | 53  0.00119  3.18957e+00 | 54  0.00325  2.33935e+00
 55  0.00761  2.81833e+00 | 56  0.00670  4.69288e+00 | 57  0.00844  7.00009e+00
 58 -0.01636  3.29900e+00 | 59 -0.00580  6.44507e+00 | 60  0.00117  3.78535e+00
 61 -0.00562  3.27711e+00 | 62  0.01034 -1.54671e+00 | 63  0.01522  2.13818e+00
 64  0.01934 -2.46836e+00 | 65  0.03097 -2.16945e+00 | 66  0.00824  5.17298e+00
 67  0.00614  1.62010e+00 | 68  0.02596 -9.16550e+00 | 69 -0.00521 -9.86281e-01
 70 -0.00619 -2.28091e+00 | 71  0.03611 -1.65258e+01 | 72 -0.01475  2.44619e+00
 73 -0.02350  2.62800e+00 | 74  0.01789 -6.71512e+00 | 75 -0.00631  1.93143e+00
 76 -0.05893  7.16397e+00 | 77  0.01630 -2.86873e+00 | 78 -0.00599  5.73753e+00
 79 -0.00485  6.41000e+00 | 80 -0.01552  6.73484e+00 | 81 -0.02290  1.06472e+01
 82  0.00399  4.76343e+00 | 83 -0.03012  1.18759e+01 | 84 -0.01977  1.03712e+01
 85  0.00602  4.37463e+00 | 86 -0.01626  1.04092e+01 | 87 -0.02783  1.11435e+01
 88 -0.00845  1.19646e+01 | 89 -0.03301  1.27363e+01 | 90 -0.02763  1.12995e+01
 91  0.00177  1.12478e+01 | 92  0.01455  6.19703e+00 | 93 -0.03551  1.64868e+01
 94  0.01003  1.42186e+01 | 95 -0.01659  1.24594e+01 | 96  0.01314  1.66205e+01
 97 -0.00873  1.44574e+01 | 98 -0.01556  1.94953e+01 | 99 -0.02333  1.69855e+01
100  0.01675  1.58626e+01 |101  0.06400  1.43193e+01 |102 -0.00684  1.61687e+01
103 -0.00013  1.52850e+01 |104 -0.00007  1.52744e+01 |105 -0.02883 -4.05177e+01
106 -0.42326  5.29949e+01 |107 -0.25166 -5.64017e+00 |108 -0.23773  1.12308e+01

Intermediate statistics: 108 variables; iteration 20; function evaluation 25; phase 4
Function value 5.5925716e+02; maximum gradient component mag -1.0536e+03
Var    Value     Gradient |Var    Value     Gradient |Var    Value     Gradient
  1 -0.42892 -2.75915e+02 |  2 -0.42369 -1.05362e+03 |  3 -0.40213 -4.95039e+02
  4  0.61202 -7.53767e+02 |  5  0.00082 -5.09192e+00 |  6  0.00017 -1.12351e+00
  7  0.00021 -1.36927e+00 |  8  0.00026 -1.66731e+00 |  9  0.00032 -2.02825e+00
 10  0.00065  1.66308e+01 | 11  0.00078  1.61648e+01 | 12  0.00097  1.56294e+01
 13  0.00118  1.49508e+01 | 14  0.00153  1.40573e+01 | 15  0.00165  1.29865e+01
 16  0.00196  1.16703e+01 | 17  0.00238  1.01358e+01 | 18  0.00299  8.37200e+00
 19  0.00381  6.30203e+00 | 20  0.00495  3.92646e+00 | 21  0.00642  1.14263e+00
 22  0.00805 -2.15539e+00 | 23  0.01059 -3.70705e+00 | 24  0.01147 -7.96373e+00
 25  0.00980 -9.12429e+00 | 26  0.00422 -8.15666e+00 | 27  0.00823 -8.74128e+00
 28 -0.00158 -4.81788e+00 | 29  0.00802 -1.06938e+01 | 30  0.00995 -1.39285e+01
 31  0.00921 -1.10472e+01 | 32  0.01998 -1.36595e+01 | 33  0.00828 -1.52804e+01
 34  0.00844 -1.24897e+01 | 35  0.00846 -1.24917e+01 | 36  0.00298 -1.01706e+01
 37 -0.00167 -7.13870e+00 | 38  0.00422 -9.42145e+00 | 39  0.00549 -9.76888e+00
 40  0.00146 -7.91029e+00 | 41  0.00304 -6.73492e+00 | 42 -0.00561 -1.97915e+00
 43 -0.00699 -5.33979e-01 | 44 -0.00021 -2.66896e+00 | 45  0.00021 -1.37294e+00
 46  0.00167 -5.49693e-01 | 47  0.00547 -3.49949e-01 | 48  0.00695 -1.58139e-01
 49 -0.00666  3.49644e+00 | 50 -0.00673  4.15502e+00 | 51 -0.00886  4.94674e+00
 52 -0.01185  5.92945e+00 | 53  0.00102  2.91591e+00 | 54  0.00229  1.58235e+00
 55  0.00603  7.41801e-01 | 56  0.00583  6.85462e-01 | 57  0.00606 -2.17917e-01
 58 -0.01520  5.64106e+00 | 59 -0.00791  2.18700e+00 | 60 -0.00027 -6.39552e-02
 61 -0.00650  1.30394e+00 | 62  0.01084 -4.57606e+00 | 63  0.01284 -6.62904e+00
 64  0.01829 -1.00358e+01 | 65  0.02750 -1.59697e+01 | 66  0.00434 -6.09996e+00
 67  0.00692 -6.29926e+00 | 68  0.02583 -1.53648e+01 | 69 -0.00493 -3.07901e+00
 70 -0.00621 -4.74887e+00 | 71  0.03724 -2.42063e+01 | 72 -0.01447 -2.63237e+00
 73 -0.02311  1.11565e+00 | 74  0.01827 -1.48019e+01 | 75 -0.00539 -3.87562e-01
 76 -0.05839  7.22072e+00 | 77  0.01460 -4.36971e+01 | 78 -0.00542 -1.15649e+01
 79 -0.00553 -1.25144e+01 | 80 -0.01518 -6.51540e+00 | 81 -0.02361  7.36637e-01
 82  0.00399 -1.61791e+01 | 83 -0.03100  3.02966e+00 | 84 -0.01936 -9.28684e-01
 85  0.00538 -5.56290e+00 | 86 -0.01582  1.61379e+00 | 87 -0.02841  3.33919e+00
 88 -0.00767  1.50036e+00 | 89 -0.03376  8.92998e+00 | 90 -0.02826  2.94281e+00
 91  0.00103  1.13088e+01 | 92  0.01551  6.82363e+00 | 93 -0.03623  1.47173e+01
 94  0.01046  1.02473e+01 | 95 -0.01703  1.28305e+01 | 96  0.01350  1.17382e+01
 97 -0.00874  1.55616e+01 | 98 -0.01573  1.35155e+01 | 99 -0.02386  2.24519e+01
100  0.01820  1.83731e+01 |101  0.06313  1.55858e+01 |102 -0.00695  1.73702e+01
103  0.00023  1.91577e+01 |104  0.00028  1.91630e+01 |105 -0.04329 -3.28073e+01
106 -0.43098  2.65587e+01 |107 -0.25464  7.11707e+00 |108 -0.23396 -4.03406e+01
108 variables; iteration 40; function evaluation 48; phase 4
Function value 5.5883094e+02; maximum gradient component mag -4.4899e+02
Var    Value     Gradient |Var    Value     Gradient |Var    Value     Gradient
  1 -0.42686 -4.85290e+01 |  2 -0.42409 -4.48995e+02 |  3 -0.40134 -1.97867e+02
  4  0.61221 -3.61479e+02 |  5  0.00110 -2.37186e+00 |  6  0.00026 -4.88137e-01
  7  0.00032 -5.95914e-01 |  8  0.00039 -7.27305e-01 |  9  0.00047 -8.87624e-01
 10  0.00110  8.47170e+00 | 11  0.00111  8.06150e+00 | 12  0.00111  7.52609e+00
 13  0.00119  7.00600e+00 | 14  0.00156  6.56177e+00 | 15  0.00177  6.11388e+00
 16  0.00220  5.56474e+00 | 17  0.00267  4.78962e+00 | 18  0.00337  3.98848e+00
 19  0.00428  2.99219e+00 | 20  0.00517  1.41866e+00 | 21  0.00684  1.79631e-01
 22  0.00899 -1.09900e+00 | 23  0.00914 -3.72716e+00 | 24  0.01139 -5.15506e+00
 25  0.01033 -5.06767e+00 | 26  0.00611 -3.08593e+00 | 27  0.00755 -6.03928e+00
 28 -0.00147 -3.29361e+00 | 29  0.00877 -5.78843e+00 | 30  0.01036 -8.28148e+00
 31  0.00965 -6.03054e+00 | 32  0.02150 -4.45054e+00 | 33  0.00873 -9.72884e+00
 34  0.00856 -7.12042e+00 | 35  0.00829 -7.40886e+00 | 36  0.00338 -5.83985e+00
 37 -0.00320 -6.67390e+00 | 38  0.00267 -8.16738e+00 | 39  0.00506 -6.55955e+00
 40  0.00360 -2.78774e+00 | 41  0.00238 -5.38571e+00 | 42 -0.00558 -1.86013e+00
 43 -0.00616  8.78751e-02 | 44 -0.00089 -3.15278e+00 | 45  0.00010 -1.67762e+00
 46  0.00114 -1.75341e+00 | 47  0.00511 -1.44761e+00 | 48  0.00696 -1.10259e+00
 49 -0.00707  6.92130e-01 | 50 -0.00721  8.10045e-01 | 51 -0.00897  1.84207e+00
 52 -0.01121  3.69099e+00 | 53  0.00093  2.12702e-01 | 54  0.00170 -2.56321e-01
 55  0.00577 -2.99648e-01 | 56  0.00517 -9.15295e-01 | 57  0.00657  4.64435e-01
 58 -0.01632  9.76406e-02 | 59 -0.00886 -5.37464e-01 | 60 -0.00109 -1.49960e+00
 61 -0.00662  4.92474e-01 | 62  0.01160 -4.99117e-01 | 63  0.01433 -2.23604e-01
 64  0.01835 -4.31264e+00 | 65  0.02695 -9.02944e+00 | 66  0.00284 -6.14319e+00
 67  0.00605 -5.63821e+00 | 68  0.02520 -9.03669e+00 | 69 -0.00499 -5.44225e-01
 70 -0.00557  9.46487e-01 | 71  0.03689 -1.03959e+01 | 72 -0.01464 -6.24553e-01
 73 -0.02209  7.86191e+00 | 74  0.01748 -1.21329e+01 | 75 -0.00581 -2.35654e+00
 76 -0.05887  1.60383e+00 | 77  0.01536 -9.40695e+00 | 78 -0.00564 -5.03792e+00
 79 -0.00523 -3.11026e+00 | 80 -0.01537 -2.43410e+00 | 81 -0.02347  8.82793e-01
 82  0.00395 -4.81062e+00 | 83 -0.03052  8.65578e+00 | 84 -0.01936  3.81271e+00
 85  0.00544 -6.72003e-01 | 86 -0.01590  3.72457e+00 | 87 -0.02801  5.99245e+00
 88 -0.00790 -5.98371e-01 | 89 -0.03370  4.73927e+00 | 90 -0.02805  7.51889e+00
 91  0.00103  5.15638e+00 | 92  0.01512  1.12453e+00 | 93 -0.03599  8.59087e+00
 94  0.01037  9.82676e+00 | 95 -0.01694  3.86460e+00 | 96  0.01303  2.17465e+00
 97 -0.00835  1.01780e+01 | 98 -0.01613  3.78301e+00 | 99 -0.02384  8.87954e+00
100  0.01766  6.96287e+00 |101  0.06336  8.13028e+00 |102 -0.00708  8.97793e+00
103  0.00037  9.42124e+00 |104  0.00043  9.43720e+00 |105 -0.04371 -2.15684e+01
106 -0.43040  2.37926e+01 |107 -0.24787  1.15615e+00 |108 -0.22963 -2.86989e+00
108 variables; iteration 60; function evaluation 74; phase 4
Function value 5.5871909e+02; maximum gradient component mag -1.9111e+02
Var    Value     Gradient |Var    Value     Gradient |Var    Value     Gradient
  1 -0.42702 -7.57489e-01 |  2 -0.42486 -1.91110e+02 |  3 -0.39951 -7.44723e+01
  4  0.61251 -1.62154e+02 |  5  0.00100 -1.27969e+00 |  6  0.00022 -2.82596e-01
  7  0.00027 -3.44697e-01 |  8  0.00033 -4.20177e-01 |  9  0.00040 -5.11829e-01
 10  0.00072  3.44428e+00 | 11  0.00085  3.33387e+00 | 12  0.00102  3.22614e+00
 13  0.00124  3.08689e+00 | 14  0.00160  2.87155e+00 | 15  0.00174  2.58780e+00
 16  0.00209  2.23656e+00 | 17  0.00259  1.89172e+00 | 18  0.00321  1.42363e+00
 19  0.00410  9.40778e-01 | 20  0.00542  5.65904e-01 | 21  0.00688 -2.33627e-01
 22  0.00853 -1.29364e+00 | 23  0.01038 -1.15095e+00 | 24  0.01179 -2.79230e+00
 25  0.01028 -2.94147e+00 | 26  0.00574 -1.59039e+00 | 27  0.00827 -2.93239e+00
 28 -0.00100 -1.55823e+00 | 29  0.00904 -2.91938e+00 | 30  0.01154 -3.71465e+00
 31  0.00946 -3.41826e+00 | 32  0.01689 -4.91235e+00 | 33  0.01129 -3.44166e+00
 34  0.00873 -3.57247e+00 | 35  0.00855 -3.69869e+00 | 36  0.00316 -3.44589e+00
 37 -0.00111 -1.55376e+00 | 38  0.00473 -2.33493e+00 | 39  0.00547 -3.05151e+00
 40  0.00176 -2.84678e+00 | 41  0.00335 -1.87691e+00 | 42 -0.00530 -5.18237e-01
 43 -0.00674 -8.01714e-01 | 44 -0.00022 -1.12419e+00 | 45  0.00010 -8.90669e-01
 46  0.00155 -4.69451e-01 | 47  0.00540 -3.71446e-01 | 48  0.00719 -5.14615e-01
 49 -0.00684  5.80991e-01 | 50 -0.00692  6.76608e-01 | 51 -0.00895  9.12232e-01
 52 -0.01170  1.25534e+00 | 53  0.00121 -2.51565e-01 | 54  0.00207  3.41668e-01
 55  0.00544 -2.62427e-01 | 56  0.00567  1.17898e-01 | 57  0.00612 -2.09899e-01
 58 -0.01495  1.63528e+00 | 59 -0.00819  5.89635e-01 | 60 -0.00070 -1.13501e-02
 61 -0.00709 -1.02675e-01 | 62  0.00998 -1.80595e+00 | 63  0.01239 -2.63731e+00
 64  0.01744 -2.63792e+00 | 65  0.02704 -3.84259e+00 | 66  0.00442 -6.53954e-01
 67  0.00654 -1.53732e+00 | 68  0.02531 -3.83349e+00 | 69 -0.00550 -1.24349e+00
 70 -0.00694 -1.65746e+00 | 71  0.03616 -7.59939e+00 | 72 -0.01498 -1.19251e+00
 73 -0.02373 -1.21208e+00 | 74  0.01760 -4.56441e+00 | 75 -0.00600 -2.26695e+00
 76 -0.05862  2.00515e+00 | 77  0.01527 -8.98654e-01 | 78 -0.00547 -3.72879e-01
 79 -0.00532  9.21356e-02 | 80 -0.01523  5.86072e-01 | 81 -0.02357  1.27220e+00
 82  0.00407 -6.10657e-02 | 83 -0.03104  1.27714e+00 | 84 -0.01945  9.93792e-01
 85  0.00526  1.45844e-01 | 86 -0.01596  1.49842e+00 | 87 -0.02834  1.62526e+00
 88 -0.00768  1.68429e+00 | 89 -0.03385  2.51633e+00 | 90 -0.02830  2.47518e+00
 91  0.00078  1.85778e+00 | 92  0.01521  1.64854e+00 | 93 -0.03626  3.26750e+00
 94  0.01009  1.91955e+00 | 95 -0.01694  3.64961e+00 | 96  0.01329  3.83574e+00
 97 -0.00863  3.13712e+00 | 98 -0.01558  4.85993e+00 | 99 -0.02394  4.51825e+00
100  0.01814  4.89352e+00 |101  0.06336  4.90473e+00 |102 -0.00695  4.32789e+00
103  0.00021  4.12127e+00 |104  0.00026  4.11814e+00 |105 -0.04448 -1.08614e+01
106 -0.43061  1.39429e+01 |107 -0.25055 -1.78055e+00 |108 -0.22944  3.70873e+00
Maximum number of function evaluations exceeded

 - final statistics:
108 variables; iteration 74; function evaluation 100
Function value 5.5870e+02; maximum gradient component mag -3.2274e+01
Exit code = 3;  converg criter 1.0000e+00
Var    Value     Gradient |Var    Value     Gradient |Var    Value     Gradient
  1 -0.42724 -1.22913e+00 |  2 -0.42509 -3.22736e+01 |  3 -0.39912 -1.20971e+01
  4  0.61275 -2.62103e+01 |  5  0.00109 -2.48852e-01 |  6  0.00024 -5.02158e-02
  7  0.00030 -6.11387e-02 |  8  0.00036 -7.45334e-02 |  9  0.00044 -9.11058e-02
 10  0.00083  6.21867e-01 | 11  0.00093  5.60158e-01 | 12  0.00106  4.94036e-01
 13  0.00125  4.50840e-01 | 14  0.00163  4.21065e-01 | 15  0.00180  3.77820e-01
 16  0.00218  3.11625e-01 | 17  0.00270  2.67667e-01 | 18  0.00336  1.91896e-01
 19  0.00428  1.41661e-01 | 20  0.00550  7.44696e-02 | 21  0.00714  4.49349e-02
 22  0.00901 -1.63012e-01 | 23  0.01015 -3.24919e-01 | 24  0.01236 -3.65176e-01
 25  0.01067 -5.09522e-01 | 26  0.00542 -3.24985e-01 | 27  0.00861 -5.07014e-01
 28 -0.00081 -1.77441e-01 | 29  0.00930 -4.06895e-01 | 30  0.01203 -3.52210e-01
 31  0.00999 -3.46610e-01 | 32  0.01762 -6.91691e-01 | 33  0.01107 -8.43197e-01
 34  0.00906 -4.24587e-01 | 35  0.00879 -6.30671e-01 | 36  0.00361 -6.02382e-01
 37 -0.00129 -1.61968e-01 | 38  0.00489 -2.48615e-02 | 39  0.00585 -3.15966e-01
 40  0.00246 -7.17622e-02 | 41  0.00352  8.61363e-03 | 42 -0.00555 -3.59651e-01
 43 -0.00633  1.36996e-01 | 44 -0.00002 -2.34483e-02 | 45  0.00016 -1.18770e-01
 46  0.00144 -1.10568e-01 | 47  0.00546  2.33629e-01 | 48  0.00720 -3.88433e-01
 49 -0.00691  2.07136e-01 | 50 -0.00697  2.79935e-01 | 51 -0.00890  3.99453e-01
 52 -0.01166  3.67752e-01 | 53  0.00165 -3.05534e-02 | 54  0.00184  4.99876e-02
 55  0.00530  2.60592e-03 | 56  0.00534  1.15759e-01 | 57  0.00595 -1.51802e-01
 58 -0.01533  4.54714e-02 | 59 -0.00855  6.77787e-02 | 60 -0.00121 -1.32058e-01
 61 -0.00719  1.86150e-01 | 62  0.01010  1.56635e-01 | 63  0.01237 -7.80810e-01
 64  0.01704 -6.39147e-01 | 65  0.02643 -1.15412e+00 | 66  0.00377 -2.63330e-01
 67  0.00602 -8.97920e-01 | 68  0.02500 -8.60963e-01 | 69 -0.00571 -3.69354e-01
 70 -0.00709 -4.18034e-01 | 71  0.03598 -1.42378e+00 | 72 -0.01504  2.17873e-01
 73 -0.02377 -2.55277e-01 | 74  0.01744 -8.65689e-01 | 75 -0.00608 -3.92500e-01
 76 -0.05873  2.82250e-01 | 77  0.01515 -3.09666e-01 | 78 -0.00558 -9.12523e-02
 79 -0.00541  9.60534e-05 | 80 -0.01532 -2.76258e-02 | 81 -0.02364  2.25849e-01
 82  0.00398 -9.48313e-02 | 83 -0.03108  1.63023e-01 | 84 -0.01951  8.67963e-02
 85  0.00521  9.38207e-02 | 86 -0.01603  2.58538e-01 | 87 -0.02836  4.45046e-01
 88 -0.00776  2.23937e-01 | 89 -0.03389  4.84879e-01 | 90 -0.02835  3.56913e-01
 91  0.00074  4.12605e-01 | 92  0.01515  2.91150e-01 | 93 -0.03631  5.48131e-01
 94  0.01005  2.88296e-01 | 95 -0.01700  7.11580e-01 | 96  0.01318  5.18285e-01
 97 -0.00867  4.66688e-01 | 98 -0.01572  7.41840e-01 | 99 -0.02402  8.09778e-01
100  0.01800  8.02822e-01 |101  0.06326  7.06725e-01 |102 -0.00705  6.41907e-01
103  0.00023  7.16172e-01 |104  0.00028  7.19172e-01 |105 -0.04458 -1.54809e+00
106 -0.43071  2.01331e+00 |107 -0.25010 -4.07426e-01 |108 -0.22916  6.26509e-01

Initial statistics: 111 variables; iteration 0; function evaluation 0; phase 5
Function value 5.5869814e+02; maximum gradient component mag -1.7354e+02
Var    Value     Gradient |Var    Value     Gradient |Var    Value     Gradient
  1 -0.42724 -1.22737e+00 |  2 -0.42509 -3.21996e+01 |  3 -0.39912 -1.20693e+01
  4 -0.41222 -2.70573e+01 |  5 -0.41222  1.63958e+01 |  6  0.61275 -2.61503e+01
  7  0.00109 -2.48239e-01 |  8  0.00024 -5.01367e-02 |  9  0.00030 -6.10401e-02
 10  0.00036 -7.44057e-02 | 11  0.00044 -9.09323e-02 | 12  0.00083  6.18255e-01
 13  0.00093  5.57729e-01 | 14  0.00106  4.92599e-01 | 15  0.00125  4.49588e-01
 16  0.00163  4.19649e-01 | 17  0.00180  3.76536e-01 | 18  0.00218  3.10200e-01
 19  0.00270  2.64960e-01 | 20  0.00336  1.88429e-01 | 21  0.00428  1.37286e-01
 22  0.00550  6.89873e-02 | 23  0.00714  3.91470e-02 | 24  0.00901 -1.63197e-01
 25  0.01015 -3.24339e-01 | 26  0.01236 -3.68810e-01 | 27  0.01067 -5.02560e-01
 28  0.00542 -3.24163e-01 | 29  0.00861 -5.09010e-01 | 30 -0.00081 -1.81918e-01
 31  0.00930 -4.06843e-01 | 32  0.01203 -3.40936e-01 | 33  0.00999 -3.52636e-01
 34  0.01762 -6.89196e-01 | 35  0.01107 -8.44694e-01 | 36  0.00906 -4.21875e-01
 37  0.00879 -6.27049e-01 | 38  0.00361 -5.95456e-01 | 39 -0.00129 -1.57672e-01
 40  0.00489 -2.09495e-02 | 41  0.00585 -3.14333e-01 | 42  0.00246 -7.23223e-02
 43  0.00352  7.23641e-03 | 44 -0.00555 -3.58372e-01 | 45 -0.00633  1.32678e-01
 46 -0.00002 -3.15692e-02 | 47  0.00016 -1.15060e-01 | 48  0.00144 -1.03789e-01
 49  0.00546  2.28647e-01 | 50  0.00720 -3.83034e-01 | 51 -0.00691  2.02968e-01
 52 -0.00697  2.76915e-01 | 53 -0.00890  4.00996e-01 | 54 -0.01166  3.68529e-01
 55  0.00165 -2.88694e-02 | 56  0.00184  4.94424e-02 | 57  0.00530 -4.76203e-04
 58  0.00534  1.10574e-01 | 59  0.00595 -1.47736e-01 | 60 -0.01533  4.57360e-02
 61 -0.00855  6.69793e-02 | 62 -0.00121 -1.32357e-01 | 63 -0.00719  1.82678e-01
 64  0.01010  1.58493e-01 | 65  0.01237 -7.77452e-01 | 66  0.01704 -6.33555e-01
 67  0.02643 -1.15896e+00 | 68  0.00377 -2.60649e-01 | 69  0.00602 -8.95846e-01
 70  0.02500 -8.58690e-01 | 71 -0.00571 -3.68561e-01 | 72 -0.00709 -4.16830e-01
 73  0.03598 -1.42000e+00 | 74 -0.01504  2.17478e-01 | 75 -0.02377 -2.54455e-01
 76  0.01744 -8.63465e-01 | 77 -0.00608 -3.91333e-01 | 78 -0.05873  2.81614e-01
 79  0.01515 -3.08751e-01 | 80 -0.00558 -9.09289e-02 | 81 -0.00541  1.35868e-04
 82 -0.01532 -2.74489e-02 | 83 -0.02364  2.25357e-01 | 84  0.00398 -9.44882e-02
 85 -0.03108  1.62836e-01 | 86 -0.01951  8.67544e-02 | 87  0.00521  9.36589e-02
 88 -0.01603  2.57929e-01 | 89 -0.02836  4.43859e-01 | 90 -0.00776  2.23294e-01
 91 -0.03389  4.83723e-01 | 92 -0.02835  3.56141e-01 | 93  0.00074  4.11688e-01
 94  0.01515  2.90255e-01 | 95 -0.03631  5.46811e-01 | 96  0.01005  2.87573e-01
 97 -0.01700  7.09613e-01 | 98  0.01318  5.17011e-01 | 99 -0.00867  4.65366e-01
100 -0.01572  7.40070e-01 |101 -0.02402  8.07798e-01 |102  0.01800  8.00784e-01
103  0.06326  7.04857e-01 |104 -0.00705  6.39727e-01 |105  0.00023  7.12309e-01
106  0.00028  7.15214e-01 |107  0.00000 -1.73537e+02 |108 -0.04458 -1.54455e+00
109 -0.43071  2.00843e+00 |110 -0.25010 -4.06547e-01 |111 -0.22916  6.25203e-01

Intermediate statistics: 111 variables; iteration 20; function evaluation 22; phase 5
Function value 5.5794139e+02; maximum gradient component mag -3.7239e+02
Var    Value     Gradient |Var    Value     Gradient |Var    Value     Gradient
  1 -0.42612 -3.40305e+01 |  2 -0.41784 -3.72392e+02 |  3 -0.41065 -1.85242e+02
  4 -0.40070 -4.60801e+01 |  5 -0.46818 -8.38888e+00 |  6  0.60938 -3.03989e+02
  7  0.00094 -1.60552e+00 |  8  0.00021 -3.42557e-01 |  9  0.00026 -4.17615e-01
 10  0.00032 -5.09046e-01 | 11  0.00039 -6.20599e-01 | 12  0.00084  7.08605e+00
 13  0.00091  6.85313e+00 | 14  0.00099  6.58726e+00 | 15  0.00115  6.33442e+00
 16  0.00150  6.06997e+00 | 17  0.00165  5.74687e+00 | 18  0.00198  5.33447e+00
 19  0.00248  4.91419e+00 | 20  0.00314  4.38744e+00 | 21  0.00411  3.86141e+00
 22  0.00550  3.26389e+00 | 23  0.00750  2.69366e+00 | 24  0.00977  1.75473e+00
 25  0.01105  7.95775e-01 | 26  0.01270 -2.55507e-01 | 27  0.01074 -7.94482e-01
 28  0.00530 -2.49178e-01 | 29  0.00879 -7.35100e-01 | 30 -0.00073  7.58115e-01
 31  0.00931 -9.74968e-01 | 32  0.01222 -1.57083e+00 | 33  0.01007 -1.18928e+00
 34  0.01726 -3.11451e+00 | 35  0.01028 -2.90588e+00 | 36  0.00883 -1.93234e+00
 37  0.00902 -2.10509e+00 | 38  0.00364 -1.49138e+00 | 39 -0.00093 -1.15680e-02
 40  0.00637  7.19761e-02 | 41  0.00602 -1.28996e+00 | 42  0.00183 -6.74686e-01
 43  0.00448  2.53243e-01 | 44 -0.00619  1.18369e-02 | 45 -0.00577  1.91665e+00
 46 -0.00010  5.29621e-01 | 47 -0.00028  3.81110e-01 | 48  0.00126  5.34340e-01
 49  0.00538  9.63608e-01 | 50  0.00681 -2.03472e-01 | 51 -0.00743  1.56244e+00
 52 -0.00768  1.73262e+00 | 53 -0.00878  2.69961e+00 | 54 -0.01207  2.78655e+00
 55  0.00130  1.51636e+00 | 56  0.00167  6.96113e-01 | 57  0.00653  6.25697e-01
 58  0.00521  3.71407e-02 | 59  0.00634 -4.23896e-02 | 60 -0.01541  1.86224e+00
 61 -0.00836  6.53978e-01 | 62 -0.00115 -7.67862e-01 | 63 -0.00767  1.07578e-01
 64  0.01180 -8.81139e-01 | 65  0.01266 -3.91972e+00 | 66  0.01703 -5.59558e+00
 67  0.02618 -8.88353e+00 | 68  0.00487 -2.94303e+00 | 69  0.00559 -5.41277e+00
 70  0.02482 -8.50263e+00 | 71 -0.00542 -2.66424e+00 | 72 -0.00628 -3.81965e+00
 73  0.03535 -2.12682e+01 | 74 -0.01486 -4.19585e+00 | 75 -0.02439 -5.02231e+00
 76  0.01685 -1.85776e+01 | 77 -0.00653 -1.09509e+01 | 78 -0.05890  3.56170e+00
 79  0.01452 -2.76625e+01 | 80 -0.00558 -8.87113e+00 | 81 -0.00552 -5.85665e+00
 82 -0.01568 -3.16019e+00 | 83 -0.02361 -4.04147e-01 | 84  0.00323 -1.70458e+01
 85 -0.03095 -2.87054e+00 | 86 -0.01916  4.73360e+00 | 87  0.00495 -6.07914e+00
 88 -0.01563  3.15855e+00 | 89 -0.02754  8.24907e-01 | 90 -0.00819 -6.11684e+00
 91 -0.03356  1.08322e+01 | 92 -0.02831  4.79114e+00 | 93  0.00157  1.99130e+01
 94  0.01444 -8.43244e+00 | 95 -0.03673 -4.65371e+00 | 96  0.01030  7.04259e+00
 97 -0.01696  5.82984e+00 | 98  0.01293  1.04617e+01 | 99 -0.00871 -5.77976e-01
100 -0.01658  7.26243e+00 |101 -0.02527 -1.02424e+01 |102  0.01886  2.75683e+01
103  0.06332  7.46833e+00 |104 -0.00704  7.94810e+00 |105  0.00029  7.81432e+00
106  0.00035  7.81869e+00 |107  0.00150 -2.41993e+02 |108 -0.03923 -1.78579e+01
109 -0.42817  2.27531e+01 |110 -0.24338 -5.25473e+00 |111 -0.23115  1.10811e+01
111 variables; iteration 40; function evaluation 44; phase 5
Function value 5.5754003e+02; maximum gradient component mag -3.0020e+02
Var    Value     Gradient |Var    Value     Gradient |Var    Value     Gradient
  1 -0.42776 -2.01293e+01 |  2 -0.41738 -3.00197e+02 |  3 -0.40962 -1.27640e+02
  4 -0.38798 -1.38919e+01 |  5 -0.48150 -5.43224e+00 |  6  0.60808 -2.50796e+02
  7  0.00111 -9.80632e-01 |  8  0.00024 -2.15598e-01 |  9  0.00030 -2.62727e-01
 10  0.00036 -3.19909e-01 | 11  0.00044 -3.89209e-01 | 12  0.00084  5.94631e+00
 13  0.00096  5.83546e+00 | 14  0.00111  5.70583e+00 | 15  0.00129  5.55715e+00
 16  0.00166  5.37990e+00 | 17  0.00183  5.17272e+00 | 18  0.00221  4.92479e+00
 19  0.00272  4.62831e+00 | 20  0.00340  4.27403e+00 | 21  0.00434  3.83097e+00
 22  0.00565  3.27707e+00 | 23  0.00746  2.62171e+00 | 24  0.00987  1.99889e+00
 25  0.01136  1.43035e+00 | 26  0.01302  6.11196e-01 | 27  0.01131  4.80294e-01
 28  0.00577  8.57814e-01 | 29  0.00923  4.30779e-01 | 30 -0.00043  1.43167e+00
 31  0.00970  2.20371e-01 | 32  0.01264 -1.39535e-01 | 33  0.01048  1.06171e-01
 34  0.01775 -1.38761e+00 | 35  0.01107 -9.87868e-01 | 36  0.00931 -4.33393e-01
 37  0.00952 -6.31343e-01 | 38  0.00422 -2.20718e-01 | 39 -0.00095  2.76622e-01
 40  0.00608 -4.57990e-02 | 41  0.00653 -2.32093e-01 | 42  0.00238  4.25023e-01
 43  0.00404 -1.83911e-01 | 44 -0.00601 -5.38130e-02 | 45 -0.00626  4.11816e-01
 46 -0.00020  2.79341e-01 | 47 -0.00024  3.91158e-01 | 48  0.00111  2.52226e-01
 49  0.00501 -2.19345e-02 | 50  0.00720 -9.61011e-02 | 51 -0.00751  8.93205e-01
 52 -0.00790  9.12830e-01 | 53 -0.00913  1.58212e+00 | 54 -0.01264  1.03953e+00
 55  0.00077 -4.55357e-01 | 56  0.00132 -3.40151e-01 | 57  0.00543 -1.60922e+00
 58  0.00497 -1.58515e+00 | 59  0.00545 -2.24523e+00 | 60 -0.01516  1.44169e+00
 61 -0.00886 -8.05233e-01 | 62 -0.00173 -2.34734e+00 | 63 -0.00851 -1.91609e+00
 64  0.01045 -3.66468e+00 | 65  0.01340 -2.46863e+00 | 66  0.01642 -6.64135e+00
 67  0.02587 -9.10039e+00 | 68  0.00479 -2.45012e+00 | 69  0.00617 -4.23828e+00
 70  0.02367 -1.19024e+01 | 71 -0.00548 -2.19506e+00 | 72 -0.00486  2.28049e+00
 73  0.03581 -1.52721e+01 | 74 -0.01458 -1.66150e+00 | 75 -0.02301  4.01733e+00
 76  0.01716 -1.04598e+01 | 77 -0.00615 -5.87428e+00 | 78 -0.05944  1.94463e+00
 79  0.01474 -1.48503e+01 | 80 -0.00545 -5.06006e+00 | 81 -0.00566 -8.97280e+00
 82 -0.01589 -5.00308e+00 | 83 -0.02387 -4.88987e+00 | 84  0.00331 -1.30037e+01
 85 -0.03053  5.01933e+00 | 86 -0.01936  8.75246e-01 | 87  0.00481 -7.04390e+00
 88 -0.01544  5.92294e+00 | 89 -0.02763 -1.80669e+00 | 90 -0.00759  2.00604e+00
 91 -0.03392  5.20867e+00 | 92 -0.02860  4.07198e+00 | 93  0.00108  8.02620e+00
 94  0.01465 -6.09174e+00 | 95 -0.03643 -1.18764e+00 | 96  0.00981 -3.12929e+00
 97 -0.01704  3.65274e+00 | 98  0.01244  2.10487e+00 | 99 -0.00847  3.35852e+00
100 -0.01698  4.95013e+00 |101 -0.02473  7.45865e-02 |102  0.01703  1.14095e+01
103  0.06240  4.90293e+00 |104 -0.00698  6.61580e+00 |105  0.00025  6.43094e+00
106  0.00031  6.43309e+00 |107  0.00212 -1.53381e+02 |108 -0.03931 -1.35009e+01
109 -0.42841  1.64336e+01 |110 -0.24437 -2.72061e+00 |111 -0.23236  4.08153e+00
111 variables; iteration 60; function evaluation 75; phase 5
Function value 5.5748274e+02; maximum gradient component mag -5.2340e+01
Var    Value     Gradient |Var    Value     Gradient |Var    Value     Gradient
  1 -0.42804 -3.78512e+00 |  2 -0.41715 -5.23405e+01 |  3 -0.40980 -2.14865e+01
  4 -0.38450 -2.28917e+00 |  5 -0.48531 -1.34213e+00 |  6  0.60794 -3.78035e+01
  7  0.00108 -1.13467e-01 |  8  0.00024 -2.48084e-02 |  9  0.00029 -3.02680e-02
 10  0.00035 -3.68637e-02 | 11  0.00043 -4.47957e-02 | 12  0.00077  8.66746e-01
 13  0.00089  8.64908e-01 | 14  0.00105  8.60537e-01 | 15  0.00123  8.44863e-01
 16  0.00159  8.18635e-01 | 17  0.00174  7.88077e-01 | 18  0.00211  7.49588e-01
 19  0.00258  6.90487e-01 | 20  0.00323  6.14115e-01 | 21  0.00416  5.39617e-01
 22  0.00554  5.44908e-01 | 23  0.00760  7.26448e-01 | 24  0.00987  5.05709e-01
 25  0.01117  2.59973e-01 | 26  0.01321  5.31204e-01 | 27  0.01120  2.19901e-01
 28  0.00553  1.70984e-01 | 29  0.00919  3.37515e-01 | 30 -0.00050  4.24220e-01
 31  0.00952  1.59186e-01 | 32  0.01185 -3.49498e-01 | 33  0.00993 -1.75221e-01
 34  0.01785  1.35721e-01 | 35  0.01179  8.72304e-01 | 36  0.00889 -1.05920e-01
 37  0.00932  9.26820e-02 | 38  0.00429  4.11705e-01 | 39 -0.00100  2.75732e-01
 40  0.00586  2.88612e-01 | 41  0.00632  1.50131e-01 | 42  0.00204  1.95965e-01
 43  0.00399  1.48121e-01 | 44 -0.00570  2.90798e-02 | 45 -0.00613  1.86959e-01
 46 -0.00015  1.25510e-01 | 47 -0.00015  1.43697e-01 | 48  0.00118 -8.59590e-03
 49  0.00509  3.40610e-02 | 50  0.00778  1.25746e+00 | 51 -0.00724  3.34136e-01
 52 -0.00768  2.91061e-01 | 53 -0.00921  3.96677e-01 | 54 -0.01259 -5.36380e-03
 55  0.00096 -1.35314e-02 | 56  0.00137 -6.13140e-02 | 57  0.00607  6.45574e-02
 58  0.00518 -3.43908e-01 | 59  0.00574 -4.70718e-01 | 60 -0.01518  7.46933e-01
 61 -0.00860 -5.46412e-02 | 62 -0.00128 -3.30994e-01 | 63 -0.00807 -3.94615e-01
 64  0.01049 -5.02638e-01 | 65  0.01297 -1.74035e-02 | 66  0.01699 -1.13318e+00
 67  0.02657 -1.44064e+00 | 68  0.00433 -2.31505e-01 | 69  0.00598 -1.35073e+00
 70  0.02412 -3.11236e+00 | 71 -0.00559 -2.69578e-01 | 72 -0.00646 -1.32917e-01
 73  0.03607 -2.97697e+00 | 74 -0.01496 -1.26872e+00 | 75 -0.02392 -2.10786e-01
 76  0.01710 -3.29886e+00 | 77 -0.00624 -2.72301e+00 | 78 -0.05955  7.80266e-01
 79  0.01491 -3.13961e+00 | 80 -0.00543  3.99934e-01 | 81 -0.00543 -1.61751e+00
 82 -0.01584 -4.60308e-01 | 83 -0.02363 -5.08682e-01 | 84  0.00352 -2.02058e+00
 85 -0.03076 -2.80012e-01 | 86 -0.01951  4.09718e-01 | 87  0.00493 -1.85920e+00
 88 -0.01573  3.33353e+00 | 89 -0.02745 -1.10951e+00 | 90 -0.00775  7.63325e-01
 91 -0.03403  6.79405e-01 | 92 -0.02879  9.51864e-01 | 93  0.00087  1.93683e-01
 94  0.01486 -8.01337e-01 | 95 -0.03601  4.93741e-02 | 96  0.00999 -5.99392e-01
 97 -0.01676  2.15407e+00 | 98  0.01248 -3.53262e-01 | 99 -0.00810  2.03656e+00
100 -0.01694  2.86270e-01 |101 -0.02414 -1.14226e+00 |102  0.01647  2.28957e-02
103  0.06277  2.36908e+00 |104 -0.00705  9.97174e-01 |105  0.00018  9.28154e-01
106  0.00024  9.29149e-01 |107  0.00220 -4.20887e+01 |108 -0.03903 -1.97486e+00
109 -0.42827  2.41412e+00 |110 -0.24293  1.16502e-02 |111 -0.23237  3.37100e-01
111 variables; iteration 80; function evaluation 108; phase 5
Function value 5.5747662e+02; maximum gradient component mag -5.9626e+00
Var    Value     Gradient |Var    Value     Gradient |Var    Value     Gradient
  1 -0.42820 -3.73356e-01 |  2 -0.41688 -5.96259e+00 |  3 -0.41000 -2.34871e+00
  4 -0.38355  2.71290e-02 |  5 -0.48659 -8.51803e-02 |  6  0.60764 -4.76803e+00
  7  0.00107 -1.72046e-02 |  8  0.00023 -4.25760e-03 |  9  0.00029 -5.16657e-03
 10  0.00035 -6.25716e-03 | 11  0.00043 -7.55901e-03 | 12  0.00079  1.14741e-01
 13  0.00091  1.12445e-01 | 14  0.00105  1.09870e-01 | 15  0.00124  1.07215e-01
 16  0.00159  1.04214e-01 | 17  0.00175  1.00827e-01 | 18  0.00212  9.70305e-02
 19  0.00261  9.08144e-02 | 20  0.00328  8.17300e-02 | 21  0.00422  7.15698e-02
 22  0.00556  6.57130e-02 | 23  0.00742  4.81800e-02 | 24  0.00982  4.62009e-02
 25  0.01127  4.34818e-02 | 26  0.01303  1.43096e-02 | 27  0.01121 -1.22138e-03
 28  0.00559  1.65869e-02 | 29  0.00911  1.21233e-02 | 30 -0.00056  3.22736e-02
 31  0.00953 -1.03201e-02 | 32  0.01223  2.51005e-02 | 33  0.01019  1.22789e-03
 34  0.01776 -2.30353e-02 | 35  0.01118 -1.92532e-02 | 36  0.00903 -2.18893e-02
 37  0.00931 -6.01064e-04 | 38  0.00410 -5.19864e-03 | 39 -0.00107  1.06427e-02
 40  0.00574 -1.67955e-03 | 41  0.00632 -7.75599e-03 | 42  0.00202  1.50261e-02
 43  0.00398  1.12635e-03 | 44 -0.00559  2.13579e-02 | 45 -0.00611  4.80835e-02
 46 -0.00011  1.81943e-02 | 47 -0.00012  1.96576e-02 | 48  0.00128  1.95956e-02
 49  0.00516  3.54013e-02 | 50  0.00723 -2.45376e-02 | 51 -0.00722  4.58970e-02
 52 -0.00767  3.54554e-02 | 53 -0.00929  2.25983e-02 | 54 -0.01251  1.73569e-02
 55  0.00090  4.34932e-03 | 56  0.00142  8.58556e-03 | 57  0.00598 -1.84620e-02
 58  0.00536 -9.08213e-03 | 59  0.00583 -5.88013e-02 | 60 -0.01550 -7.86784e-03
 61 -0.00859 -3.61624e-02 | 62 -0.00120 -5.65437e-02 | 63 -0.00793  2.77253e-03
 64  0.01045 -7.87724e-02 | 65  0.01269 -1.33318e-01 | 66  0.01721 -1.09497e-01
 67  0.02679 -1.31420e-01 | 68  0.00414 -9.17694e-02 | 69  0.00625 -9.74206e-02
 70  0.02444 -1.61771e-01 | 71 -0.00569 -9.18985e-02 | 72 -0.00662 -1.18224e-01
 73  0.03620 -3.00312e-01 | 74 -0.01479 -7.41437e-02 | 75 -0.02395 -6.91322e-02
 76  0.01722 -2.03077e-01 | 77 -0.00609 -8.83635e-02 | 78 -0.05967 -1.68545e-02
 79  0.01495 -1.57348e-01 | 80 -0.00550 -1.37305e-01 | 81 -0.00538 -7.60765e-02
 82 -0.01584 -7.09192e-02 | 83 -0.02362 -9.41616e-03 | 84  0.00357 -9.33936e-02
 85 -0.03074 -1.99065e-02 | 86 -0.01954 -6.50399e-02 | 87  0.00499 -6.93117e-02
 88 -0.01595 -1.28482e-01 | 89 -0.02734  4.90902e-02 | 90 -0.00777 -5.89090e-02
 91 -0.03405  3.35302e-02 | 92 -0.02887  7.25767e-03 | 93  0.00085 -2.76344e-02
 94  0.01490  1.06600e-02 | 95 -0.03598  1.01470e-01 | 96  0.01002  5.96278e-02
 97 -0.01685  5.60300e-02 | 98  0.01250  8.29772e-02 | 99 -0.00817  9.31922e-02
100 -0.01694  1.15102e-01 |101 -0.02404  1.78239e-01 |102  0.01647  1.08288e-01
103  0.06263  1.07220e-01 |104 -0.00706  1.17121e-01 |105  0.00021  1.23480e-01
106  0.00026  1.23542e-01 |107  0.00235 -2.89667e+00 |108 -0.03900 -2.59365e-01
109 -0.42829  3.03248e-01 |110 -0.24241 -2.68727e-02 |111 -0.23225  2.42190e-02
111 variables; iteration 100; function evaluation 145; phase 5
Function value 5.5747661e+02; maximum gradient component mag -3.0186e-03
Var    Value     Gradient |Var    Value     Gradient |Var    Value     Gradient
  1 -0.42820 -2.18454e-04 |  2 -0.41687 -3.01861e-03 |  3 -0.41002 -1.19895e-03
  4 -0.38357  5.28521e-05 |  5 -0.48663 -2.14830e-05 |  6  0.60763 -2.53444e-03
  7  0.00107  2.10003e-04 |  8  0.00023  9.29163e-05 |  9  0.00029  1.17614e-04
 10  0.00035  1.48086e-04 | 11  0.00043  1.84577e-04 | 12  0.00079 -5.07633e-05
 13  0.00091 -1.72868e-05 | 14  0.00105  4.89505e-05 | 15  0.00123  6.48515e-05
 16  0.00159  8.13237e-06 | 17  0.00175 -9.02345e-05 | 18  0.00212 -2.15543e-04
 19  0.00261 -2.15339e-05 | 20  0.00328  1.77453e-04 | 21  0.00422  2.39937e-04
 22  0.00555 -6.75391e-05 | 23  0.00742 -2.33055e-05 | 24  0.00981  1.80993e-05
 25  0.01126  1.06245e-04 | 26  0.01303  1.55153e-04 | 27  0.01121  2.70711e-04
 28  0.00559 -2.75643e-05 | 29  0.00911 -2.39868e-04 | 30 -0.00056  2.66038e-04
 31  0.00954 -1.12529e-04 | 32  0.01220 -1.35364e-04 | 33  0.01019 -9.72080e-05
 34  0.01776 -1.49856e-04 | 35  0.01118 -1.58832e-04 | 36  0.00904 -4.04219e-05
 37  0.00930  1.93246e-05 | 38  0.00410  2.05469e-04 | 39 -0.00107  1.75921e-04
 40  0.00574 -8.47821e-06 | 41  0.00632 -1.44757e-04 | 42  0.00202  7.32817e-05
 43  0.00398  1.35830e-04 | 44 -0.00559  1.83896e-04 | 45 -0.00613  3.51060e-05
 46 -0.00011  4.85744e-05 | 47 -0.00012 -1.64610e-04 | 48  0.00128  8.73269e-05
 49  0.00515 -1.27055e-04 | 50  0.00724  9.96181e-08 | 51 -0.00723 -2.48259e-04
 52 -0.00768  1.47816e-04 | 53 -0.00929 -3.09506e-05 | 54 -0.01251  4.36296e-05
 55  0.00089 -1.25348e-05 | 56  0.00142  9.81914e-05 | 57  0.00598  1.90148e-05
 58  0.00536  2.68815e-04 | 59  0.00584 -6.04541e-05 | 60 -0.01550  2.53174e-05
 61 -0.00857 -6.37412e-06 | 62 -0.00118 -1.22507e-04 | 63 -0.00794 -7.99087e-05
 64  0.01046  8.16428e-06 | 65  0.01271 -4.02963e-05 | 66  0.01721 -7.97414e-05
 67  0.02678 -3.01539e-05 | 68  0.00415 -3.68622e-05 | 69  0.00626 -2.01812e-05
 70  0.02443 -5.21925e-05 | 71 -0.00568 -2.59281e-05 | 72 -0.00661 -4.42622e-05
 73  0.03621 -1.19623e-04 | 74 -0.01478 -1.51220e-05 | 75 -0.02394 -1.62866e-05
 76  0.01722 -6.72403e-05 | 77 -0.00609 -1.03275e-05 | 78 -0.05967 -3.71523e-06
 79  0.01495 -4.09757e-05 | 80 -0.00549 -6.14179e-05 | 81 -0.00538 -1.23523e-05
 82 -0.01584 -1.39977e-05 | 83 -0.02362  1.82128e-05 | 84  0.00357 -1.83645e-05
 85 -0.03074 -1.66180e-06 | 86 -0.01953 -2.86683e-05 | 87  0.00499 -1.52496e-05
 88 -0.01594 -9.79011e-05 | 89 -0.02734  4.82540e-05 | 90 -0.00777 -3.46461e-05
 91 -0.03405  3.04450e-05 | 92 -0.02886  5.87237e-06 | 93  0.00085 -1.62782e-05
 94  0.01490  1.90745e-05 | 95 -0.03598  7.00982e-05 | 96  0.01002  4.92213e-05
 97 -0.01685  2.47418e-05 | 98  0.01250  5.73070e-05 | 99 -0.00817  4.89694e-05
100 -0.01695  6.92717e-05 |101 -0.02404  1.16251e-04 |102  0.01647  5.57366e-05
103  0.06264  3.84682e-05 |104 -0.00706 -4.58749e-04 |105  0.00021  1.28523e-04
106  0.00026  1.07522e-04 |107  0.00235 -1.21020e-03 |108 -0.03899 -1.39397e-04
109 -0.42828  1.63379e-04 |110 -0.24237 -1.90624e-05 |111 -0.23224  2.90682e-06

Initial statistics: 112 variables; iteration 0; function evaluation 0; phase 6
Function value 5.5747661e+02; maximum gradient component mag -3.7300e-04
Var    Value     Gradient |Var    Value     Gradient |Var    Value     Gradient
  1 -0.42820 -2.71231e-05 |  2 -0.41687 -3.73005e-04 |  3 -0.41002 -1.46399e-04
  4 -0.38357  7.72630e-06 |  5 -0.48663 -2.35484e-06 |  6  0.60763 -3.12218e-04
  7  0.00107  2.32397e-05 |  8  0.00023  4.27975e-06 |  9  0.00029  5.75776e-06
 10  0.00035  7.76771e-06 | 11  0.00043  1.04802e-05 | 12  0.00079 -1.03336e-06
 13  0.00091  1.94145e-07 | 14  0.00105  4.78452e-06 | 15  0.00123  6.37188e-06
 16  0.00159  7.17659e-07 | 17  0.00175 -1.22817e-05 | 18  0.00212 -3.69023e-05
 19  0.00261 -1.86684e-05 | 20  0.00328  3.36611e-05 | 21  0.00422  2.55941e-05
 22  0.00555 -1.00071e-05 | 23  0.00742  1.97446e-06 | 24  0.00981 -4.46261e-07
 25  0.01126  1.20370e-05 | 26  0.01303  1.98461e-05 | 27  0.01121  4.38966e-05
 28  0.00559  6.39506e-06 | 29  0.00911 -2.92080e-05 | 30 -0.00056  3.13246e-05
 31  0.00954 -8.92196e-06 | 32  0.01220 -1.68623e-05 | 33  0.01019 -1.28904e-05
 34  0.01776 -2.12626e-05 | 35  0.01118 -2.57993e-05 | 36  0.00904 -2.08768e-05
 37  0.00930  1.16424e-06 | 38  0.00410  2.95263e-05 | 39 -0.00107  2.01407e-05
 40  0.00574 -4.83366e-06 | 41  0.00632 -1.69572e-05 | 42  0.00202  2.59733e-05
 43  0.00398  3.18389e-05 | 44 -0.00559  3.07631e-05 | 45 -0.00613  1.09870e-05
 46 -0.00011 -8.18717e-06 | 47 -0.00012 -9.22966e-06 | 48  0.00128  1.46532e-05
 49  0.00515 -9.98989e-06 | 50  0.00724  7.65555e-06 | 51 -0.00723 -7.02375e-05
 52 -0.00768 -3.00108e-06 | 53 -0.00929 -4.69695e-06 | 54 -0.01251 -2.02484e-06
 55  0.00089 -7.03711e-06 | 56  0.00142  6.10392e-06 | 57  0.00598  7.72940e-06
 58  0.00536  4.15223e-05 | 59  0.00584 -8.62985e-06 | 60 -0.01550  3.12201e-06
 61 -0.00857  1.43375e-05 | 62 -0.00118 -2.94382e-05 | 63 -0.00794  1.31529e-05
 64  0.01046 -5.93933e-06 | 65  0.01271 -3.88782e-06 | 66  0.01721 -9.34576e-06
 67  0.02678 -2.58085e-06 | 68  0.00415 -5.89257e-06 | 69  0.00626 -1.97975e-06
 70  0.02443 -6.28589e-06 | 71 -0.00568 -3.32559e-06 | 72 -0.00661 -5.72353e-06
 73  0.03621 -1.48078e-05 | 74 -0.01478 -1.76119e-06 | 75 -0.02394 -2.03564e-06
 76  0.01722 -8.03077e-06 | 77 -0.00609 -8.65247e-07 | 78 -0.05967 -7.15004e-07
 79  0.01495 -4.58056e-06 | 80 -0.00549 -7.99793e-06 | 81 -0.00538 -1.23066e-06
 82 -0.01584 -1.82596e-06 | 83 -0.02362  2.60317e-06 | 84  0.00357 -1.99160e-06
 85 -0.03074  4.53127e-08 | 86 -0.01953 -3.63492e-06 | 87  0.00499 -1.30866e-06
 88 -0.01594 -1.30846e-05 | 89 -0.02734  6.58839e-06 | 90 -0.00777 -4.38604e-06
 91 -0.03405  3.97030e-06 | 92 -0.02886  6.07564e-07 | 93  0.00085 -2.16070e-06
 94  0.01490  2.69239e-06 | 95 -0.03598  9.05762e-06 | 96  0.01002  6.42830e-06
 97 -0.01685  2.96440e-06 | 98  0.01250  7.47451e-06 | 99 -0.00817  5.94102e-06
100 -0.01695  8.75048e-06 |101 -0.02404  1.49845e-05 |102  0.01647  6.99834e-06
103  0.06264  4.67914e-06 |104 -0.00706 -4.80293e-05 |105  0.00021  1.22389e-05
106  0.00026  1.13315e-05 |107  0.00000  0.00000e+00 |108  0.00235 -1.54812e-04
109 -0.03899 -1.70384e-05 |110 -0.42828  2.02177e-05 |111 -0.24237 -2.38561e-06
112 -0.23224  4.53913e-07 |
  ic > imax  in fminim is answer attained ?
Var    Value     Gradient |Var    Value     Gradient |Var    Value     Gradient
  1 -0.42820 -2.71231e-05 |  2 -0.41687 -3.73005e-04 |  3 -0.41002 -1.46399e-04
  4 -0.38357  7.72630e-06 |  5 -0.48663 -2.35484e-06 |  6  0.60763 -3.12218e-04
  7  0.00107  2.32397e-05 |  8  0.00023  4.27975e-06 |  9  0.00029  5.75776e-06
 10  0.00035  7.76771e-06 | 11  0.00043  1.04802e-05 | 12  0.00079 -1.03336e-06
 13  0.00091  1.94145e-07 | 14  0.00105  4.78452e-06 | 15  0.00123  6.37188e-06
 16  0.00159  7.17659e-07 | 17  0.00175 -1.22817e-05 | 18  0.00212 -3.69023e-05
 19  0.00261 -1.86684e-05 | 20  0.00328  3.36611e-05 | 21  0.00422  2.55941e-05
 22  0.00555 -1.00071e-05 | 23  0.00742  1.97446e-06 | 24  0.00981 -4.46261e-07
 25  0.01126  1.20370e-05 | 26  0.01303  1.98461e-05 | 27  0.01121  4.38966e-05
 28  0.00559  6.39506e-06 | 29  0.00911 -2.92080e-05 | 30 -0.00056  3.13246e-05
 31  0.00954 -8.92196e-06 | 32  0.01220 -1.68623e-05 | 33  0.01019 -1.28904e-05
 34  0.01776 -2.12626e-05 | 35  0.01118 -2.57993e-05 | 36  0.00904 -2.08768e-05
 37  0.00930  1.16424e-06 | 38  0.00410  2.95263e-05 | 39 -0.00107  2.01407e-05
 40  0.00574 -4.83366e-06 | 41  0.00632 -1.69572e-05 | 42  0.00202  2.59733e-05
 43  0.00398  3.18389e-05 | 44 -0.00559  3.07631e-05 | 45 -0.00613  1.09870e-05
 46 -0.00011 -8.18717e-06 | 47 -0.00012 -9.22966e-06 | 48  0.00128  1.46532e-05
 49  0.00515 -9.98989e-06 | 50  0.00724  7.65555e-06 | 51 -0.00723 -7.02375e-05
 52 -0.00768 -3.00108e-06 | 53 -0.00929 -4.69695e-06 | 54 -0.01251 -2.02484e-06
 55  0.00089 -7.03711e-06 | 56  0.00142  6.10392e-06 | 57  0.00598  7.72940e-06
 58  0.00536  4.15223e-05 | 59  0.00584 -8.62985e-06 | 60 -0.01550  3.12201e-06
 61 -0.00857  1.43375e-05 | 62 -0.00118 -2.94382e-05 | 63 -0.00794  1.31529e-05
 64  0.01046 -5.93933e-06 | 65  0.01271 -3.88782e-06 | 66  0.01721 -9.34576e-06
 67  0.02678 -2.58085e-06 | 68  0.00415 -5.89257e-06 | 69  0.00626 -1.97975e-06
 70  0.02443 -6.28589e-06 | 71 -0.00568 -3.32559e-06 | 72 -0.00661 -5.72353e-06
 73  0.03621 -1.48078e-05 | 74 -0.01478 -1.76119e-06 | 75 -0.02394 -2.03564e-06
 76  0.01722 -8.03077e-06 | 77 -0.00609 -8.65247e-07 | 78 -0.05967 -7.15004e-07
 79  0.01495 -4.58056e-06 | 80 -0.00549 -7.99793e-06 | 81 -0.00538 -1.23066e-06
 82 -0.01584 -1.82596e-06 | 83 -0.02362  2.60317e-06 | 84  0.00357 -1.99160e-06
 85 -0.03074  4.53127e-08 | 86 -0.01953 -3.63492e-06 | 87  0.00499 -1.30866e-06
 88 -0.01594 -1.30846e-05 | 89 -0.02734  6.58839e-06 | 90 -0.00777 -4.38604e-06
 91 -0.03405  3.97030e-06 | 92 -0.02886  6.07564e-07 | 93  0.00085 -2.16070e-06
 94  0.01490  2.69239e-06 | 95 -0.03598  9.05762e-06 | 96  0.01002  6.42830e-06
 97 -0.01685  2.96440e-06 | 98  0.01250  7.47451e-06 | 99 -0.00817  5.94102e-06
100 -0.01695  8.75048e-06 |101 -0.02404  1.49845e-05 |102  0.01647  6.99834e-06
103  0.06264  4.67914e-06 |104 -0.00706 -4.80293e-05 |105  0.00021  1.22389e-05
106  0.00026  1.13315e-05 |107  0.00000  0.00000e+00 |108  0.00235 -1.54812e-04
109 -0.03899 -1.70384e-05 |110 -0.42828  2.02177e-05 |111 -0.24237 -2.38561e-06
112 -0.23224  4.53913e-07 |
Function minimizer not making progress ... is minimum attained?
Minimprove criterion = 0.0000e+00

 - final statistics:
112 variables; iteration 1; function evaluation 30
Function value 5.5748e+02; maximum gradient component mag -3.7300e-04
Exit code = 1;  converg criter 1.0000e-04
Var    Value     Gradient |Var    Value     Gradient |Var    Value     Gradient
  1 -0.42820 -2.71231e-05 |  2 -0.41687 -3.73005e-04 |  3 -0.41002 -1.46399e-04
  4 -0.38357  7.72630e-06 |  5 -0.48663 -2.35484e-06 |  6  0.60763 -3.12218e-04
  7  0.00107  2.32397e-05 |  8  0.00023  4.27975e-06 |  9  0.00029  5.75776e-06
 10  0.00035  7.76771e-06 | 11  0.00043  1.04802e-05 | 12  0.00079 -1.03336e-06
 13  0.00091  1.94145e-07 | 14  0.00105  4.78452e-06 | 15  0.00123  6.37188e-06
 16  0.00159  7.17659e-07 | 17  0.00175 -1.22817e-05 | 18  0.00212 -3.69023e-05
 19  0.00261 -1.86684e-05 | 20  0.00328  3.36611e-05 | 21  0.00422  2.55941e-05
 22  0.00555 -1.00071e-05 | 23  0.00742  1.97446e-06 | 24  0.00981 -4.46261e-07
 25  0.01126  1.20370e-05 | 26  0.01303  1.98461e-05 | 27  0.01121  4.38966e-05
 28  0.00559  6.39506e-06 | 29  0.00911 -2.92080e-05 | 30 -0.00056  3.13246e-05
 31  0.00954 -8.92196e-06 | 32  0.01220 -1.68623e-05 | 33  0.01019 -1.28904e-05
 34  0.01776 -2.12626e-05 | 35  0.01118 -2.57993e-05 | 36  0.00904 -2.08768e-05
 37  0.00930  1.16424e-06 | 38  0.00410  2.95263e-05 | 39 -0.00107  2.01407e-05
 40  0.00574 -4.83366e-06 | 41  0.00632 -1.69572e-05 | 42  0.00202  2.59733e-05
 43  0.00398  3.18389e-05 | 44 -0.00559  3.07631e-05 | 45 -0.00613  1.09870e-05
 46 -0.00011 -8.18717e-06 | 47 -0.00012 -9.22966e-06 | 48  0.00128  1.46532e-05
 49  0.00515 -9.98989e-06 | 50  0.00724  7.65555e-06 | 51 -0.00723 -7.02375e-05
 52 -0.00768 -3.00108e-06 | 53 -0.00929 -4.69695e-06 | 54 -0.01251 -2.02484e-06
 55  0.00089 -7.03711e-06 | 56  0.00142  6.10392e-06 | 57  0.00598  7.72940e-06
 58  0.00536  4.15223e-05 | 59  0.00584 -8.62985e-06 | 60 -0.01550  3.12201e-06
 61 -0.00857  1.43375e-05 | 62 -0.00118 -2.94382e-05 | 63 -0.00794  1.31529e-05
 64  0.01046 -5.93933e-06 | 65  0.01271 -3.88782e-06 | 66  0.01721 -9.34576e-06
 67  0.02678 -2.58085e-06 | 68  0.00415 -5.89257e-06 | 69  0.00626 -1.97975e-06
 70  0.02443 -6.28589e-06 | 71 -0.00568 -3.32559e-06 | 72 -0.00661 -5.72353e-06
 73  0.03621 -1.48078e-05 | 74 -0.01478 -1.76119e-06 | 75 -0.02394 -2.03564e-06
 76  0.01722 -8.03077e-06 | 77 -0.00609 -8.65247e-07 | 78 -0.05967 -7.15004e-07
 79  0.01495 -4.58056e-06 | 80 -0.00549 -7.99793e-06 | 81 -0.00538 -1.23066e-06
 82 -0.01584 -1.82596e-06 | 83 -0.02362  2.60317e-06 | 84  0.00357 -1.99160e-06
 85 -0.03074  4.53127e-08 | 86 -0.01953 -3.63492e-06 | 87  0.00499 -1.30866e-06
 88 -0.01594 -1.30846e-05 | 89 -0.02734  6.58839e-06 | 90 -0.00777 -4.38604e-06
 91 -0.03405  3.97030e-06 | 92 -0.02886  6.07564e-07 | 93  0.00085 -2.16070e-06
 94  0.01490  2.69239e-06 | 95 -0.03598  9.05762e-06 | 96  0.01002  6.42830e-06
 97 -0.01685  2.96440e-06 | 98  0.01250  7.47451e-06 | 99 -0.00817  5.94102e-06
100 -0.01695  8.75048e-06 |101 -0.02404  1.49845e-05 |102  0.01647  6.99834e-06
103  0.06264  4.67914e-06 |104 -0.00706 -4.80293e-05 |105  0.00021  1.22389e-05
106  0.00026  1.13315e-05 |107  0.00000  0.00000e+00 |108  0.00235 -1.54812e-04
109 -0.03899 -1.70384e-05 |110 -0.42828  2.02177e-05 |111 -0.24237 -2.38561e-06
112 -0.23224  4.53913e-07 |
size of file gradfil1.tmp = 0
size of file gradfil2.tmp = 0
size of file varssave.tmp = 0
size of file cmpdiff.tmp = 0
