
Initial statistics: 1 variables; iteration 0; function evaluation 0; phase 1
Function value 8.3035886e+06; maximum gradient component mag -3.8390e+06
Var    Value     Gradient |Var    Value     Gradient |Var    Value     Gradient
  1  0.63197 -3.83898e+06 |

 - final statistics:
1 variables; iteration 5; function evaluation 14
Function value 7.8383e+02; maximum gradient component mag 2.6258e+00
Exit code = 1;  converg criter 1.0000e+01
Var    Value     Gradient |Var    Value     Gradient |Var    Value     Gradient
  1  0.75500  2.62577e+00 |

Initial statistics: 98 variables; iteration 0; function evaluation 0; phase 2
Function value 7.8383295e+02; maximum gradient component mag -1.0374e+03
Var    Value     Gradient |Var    Value     Gradient |Var    Value     Gradient
  1  0.75500  2.62577e+00 |  2  0.00000 -2.18569e+00 |  3  0.00000 -2.38143e+00
  4  0.00000 -2.63950e+00 |  5  0.00000 -2.98044e+00 |  6  0.00000 -3.42524e+00
  7  0.00000 -3.99375e+00 |  8  0.00000 -4.58379e+00 |  9  0.00000 -1.10714e+01
 10  0.00000 -6.60251e+00 | 11  0.00000 -7.97161e+00 | 12  0.00000 -9.48031e+00
 13  0.00000 -1.37867e+01 | 14  0.00000 -1.09385e+01 | 15  0.00000 -1.02023e+01
 16  0.00000 -9.72443e+00 | 17  0.00000 -1.25585e+01 | 18  0.00000 -2.28521e+01
 19  0.00000 -1.31829e+01 | 20  0.00000 -1.35895e+01 | 21  0.00000 -1.79696e+01
 22  0.00000 -2.38227e+01 | 23  0.00000 -2.39381e+01 | 24  0.00000 -2.60644e+01
 25  0.00000 -2.10243e+01 | 26  0.00000 -1.84686e+01 | 27  0.00000 -1.26166e+01
 28  0.00000 -1.19775e+01 | 29  0.00000 -2.44834e+01 | 30  0.00000  2.77534e+00
 31  0.00000 -1.04262e+01 | 32  0.00000 -1.85331e+01 | 33  0.00000 -1.39687e+01
 34  0.00000 -5.67298e+01 | 35  0.00000  3.88424e+00 | 36  0.00000 -1.18468e+01
 37  0.00000 -1.91246e+01 | 38  0.00000 -1.33774e+01 | 39  0.00000  2.88918e+00
 40  0.00000 -3.57852e+01 | 41  0.00000 -5.67821e+01 | 42  0.00000 -3.64812e+01
 43  0.00000 -2.37362e+01 | 44  0.00000 -5.03015e+00 | 45  0.00000  2.46741e+00
 46  0.00000 -9.41325e+01 | 47  0.00000 -3.29844e+01 | 48  0.00000 -2.13644e+01
 49  0.00000 -1.76698e+01 | 50  0.00000 -8.41061e+00 | 51  0.00000 -3.82497e+01
 52  0.00000 -5.11919e+01 | 53  0.00000 -4.26774e+01 | 54  0.00000 -5.71470e+01
 55  0.00000 -5.08966e+01 | 56  0.00000 -7.01574e+01 | 57  0.00000 -5.15892e+01
 58  0.00000 -5.03756e+01 | 59  0.00000 -6.33156e+01 | 60  0.00000 -1.12547e+02
 61  0.00000 -1.06680e+02 | 62  0.00000 -7.91942e+00 | 63  0.00000 -1.61559e+02
 64  0.00000 -7.38869e+01 | 65  0.00000  1.12152e+02 | 66  0.00000  7.96764e+01
 67  0.00000 -2.20599e+02 | 68  0.00000 -3.92461e+02 | 69  0.00000 -6.61880e+02
 70  0.00000 -5.28539e+02 | 71  0.00000  3.83453e+02 | 72  0.00000 -5.02627e+02
 73  0.00000  1.59522e+02 | 74  0.00000  1.11723e+02 | 75  0.00000  2.93287e+02
 76  0.00000  1.37202e+02 | 77  0.00000  2.51096e+02 | 78  0.00000 -6.97407e+01
 79  0.00000  1.88808e+02 | 80  0.00000  6.22444e+02 | 81  0.00000  4.16632e+02
 82  0.00000  4.03758e+02 | 83  0.00000  6.31450e+01 | 84  0.00000  4.82837e+02
 85  0.00000  8.94751e+02 | 86  0.00000 -2.95907e+01 | 87  0.00000  1.67124e+02
 88  0.00000 -5.29056e+02 | 89  0.00000 -1.03741e+03 | 90  0.00000  1.76048e+02
 91  0.00000  4.86941e+02 | 92  0.00000 -1.34052e+02 | 93  0.00000  3.95360e+02
 94  0.00000  2.97193e+01 | 95  0.00000 -1.04350e+00 | 96  0.00000 -1.59962e+00
 97 -0.03546 -3.55637e+01 | 98 -0.31026 -2.73108e+02 |

Intermediate statistics: 98 variables; iteration 20; function evaluation 37; phase 2
Function value 6.4847664e+02; maximum gradient component mag 7.1280e+02
Var    Value     Gradient |Var    Value     Gradient |Var    Value     Gradient
  1  0.74173  7.12801e+02 |  2 -0.00205 -3.34827e+01 |  3 -0.00194 -3.33876e+01
  4 -0.00181 -3.32616e+01 |  5 -0.00162 -3.30939e+01 |  6 -0.00139 -3.28734e+01
  7 -0.00109 -3.25894e+01 |  8 -0.00085 -3.23054e+01 |  9  0.00541 -2.85745e+01
 10  0.00015 -3.12794e+01 | 11  0.00082 -3.05652e+01 | 12  0.00146 -2.97738e+01
 13  0.00483 -2.73611e+01 | 14  0.00051 -2.92132e+01 | 15 -0.00148 -2.95603e+01
 16 -0.00308 -2.95618e+01 | 17 -0.00233 -2.88687e+01 | 18  0.00590 -2.43169e+01
 19 -0.00313 -2.81943e+01 | 20 -0.00190 -2.69104e+01 | 21  0.00024 -2.58833e+01
 22  0.00453 -2.30255e+01 | 23  0.00482 -2.31023e+01 | 24  0.00589 -2.25079e+01
 25  0.00016 -2.54877e+01 | 26 -0.00224 -2.62083e+01 | 27 -0.00628 -2.68970e+01
 28 -0.00732 -2.72567e+01 | 29 -0.00073 -2.67287e+01 | 30 -0.01217 -2.24233e+01
 31 -0.00725 -2.51725e+01 | 32 -0.00213 -2.37446e+01 | 33 -0.00758 -2.65702e+01
 34  0.01065 -3.13307e+01 | 35 -0.01247 -1.83757e+01 | 36 -0.00733 -2.28990e+01
 37 -0.00426 -2.31668e+01 | 38 -0.00723 -2.15197e+01 | 39 -0.01350 -1.62705e+01
 40 -0.00168 -2.29484e+01 | 41  0.01063 -2.40079e+01 | 42  0.00127 -2.01943e+01
 43 -0.00436 -1.53211e+01 | 44 -0.01089 -7.63614e+00 | 45 -0.01366 -3.34492e+00
 46  0.02019 -2.46465e+01 | 47 -0.00176 -7.62382e+00 | 48 -0.00549 -8.07362e-01
 49 -0.00705  3.52839e+00 | 50 -0.01029  9.03898e+00 | 51  0.00044  7.68921e+00
 52  0.00555  8.88460e+00 | 53  0.00231  1.67465e+01 | 54  0.00609  2.01321e+01
 55  0.00374  2.83378e+01 | 56  0.01125  3.26204e+01 | 57  0.00566  4.35164e+01
 58  0.00539  5.28607e+01 | 59  0.00697  6.05153e+01 | 60  0.01304  5.88627e+01
 61  0.01276  7.26517e+01 | 62 -0.00200  1.10258e+02 | 63  0.01701  7.91094e+01
 64  0.00813  1.16877e+02 | 65 -0.00658  1.83227e+02 | 66 -0.00165  1.80897e+02
 67  0.01594  1.05447e+02 | 68  0.01860  5.76133e+01 | 69  0.03388  1.96946e+02
 70  0.02479  7.77043e+01 | 71 -0.00995  7.91863e+01 | 72  0.02283 -2.99440e+00
 73 -0.00088  1.47130e+01 | 74 -0.00354  7.88694e+01 | 75 -0.00542  1.52689e+01
 76 -0.00420  3.44052e+01 | 77 -0.00420 -1.38784e+01 | 78  0.00346 -7.20270e+01
 79 -0.00211 -5.73791e+01 | 80 -0.02857  1.15064e+02 | 81 -0.01181 -2.81565e+01
 82 -0.01909  2.40944e+01 | 83  0.00024 -2.00760e+01 | 84 -0.02146  8.54911e+01
 85 -0.03218  1.19663e+02 | 86  0.00263 -1.32000e+02 | 87 -0.00188 -3.56489e+01
 88  0.02496 -3.30326e+02 | 89  0.04623 -1.55080e+02 | 90 -0.01095  3.47061e+01
 91 -0.01289  7.84656e+01 | 92  0.00521 -8.26885e+01 | 93 -0.01320  1.02201e+02
 94 -0.00608 -2.29203e+01 | 95 -0.00282 -3.39725e+01 | 96 -0.00236 -3.37650e+01
 97 -0.03066  4.41428e+01 | 98 -0.24490 -2.73378e+01 |
98 variables; iteration 40; function evaluation 63; phase 2
Function value 6.3901971e+02; maximum gradient component mag 7.3195e+02
Var    Value     Gradient |Var    Value     Gradient |Var    Value     Gradient
  1  0.75221  7.31949e+02 |  2 -0.00009 -3.24999e+01 |  3 -0.00006 -3.25559e+01
  4 -0.00003 -3.26334e+01 |  5  0.00000 -3.27469e+01 |  6  0.00004 -3.29082e+01
  7  0.00007 -3.31242e+01 |  8  0.00022 -3.30885e+01 |  9 -0.00518 -4.72496e+01
 10  0.00024 -3.39167e+01 | 11  0.00012 -3.46462e+01 | 12  0.00003 -3.52728e+01
 13 -0.00325 -4.32495e+01 | 14  0.00276 -2.99321e+01 | 15  0.00342 -2.64465e+01
 16  0.00253 -2.55420e+01 | 17  0.00501 -2.27708e+01 | 18  0.00195 -3.63491e+01
 19  0.00304 -2.42086e+01 | 20  0.00083 -2.84270e+01 | 21  0.00434 -2.58672e+01
 22  0.00125 -3.48217e+01 | 23  0.00125 -3.52336e+01 | 24  0.00209 -3.53389e+01
 25  0.00934 -1.85899e+01 | 26  0.00625 -1.98953e+01 | 27  0.00172 -2.10694e+01
 28  0.00105 -2.07975e+01 | 29  0.00866 -1.90642e+01 | 30 -0.00835 -2.57610e+01
 31 -0.00015 -2.14211e+01 | 32  0.00375 -2.22870e+01 | 33  0.00088 -1.96847e+01
 34  0.02937 -5.65864e+00 | 35 -0.00883 -2.44668e+01 | 36 -0.00238 -2.21579e+01
 37 -0.00065 -2.39938e+01 | 38 -0.00368 -2.30065e+01 | 39 -0.01298 -2.56576e+01
 40  0.00963 -1.11865e+01 | 41  0.02332 -8.07140e+00 | 42  0.00196 -2.35841e+01
 43 -0.00381 -2.15802e+01 | 44 -0.01074 -1.83767e+01 | 45 -0.00783 -3.81767e+00
 46  0.03444 -3.89989e-01 | 47 -0.00297 -1.39178e+01 | 48 -0.00616 -8.31318e+00
 49 -0.00344  3.73627e+00 | 50 -0.00620  8.71984e+00 | 51 -0.00206 -9.64459e-01
 52  0.00116 -3.59128e-01 | 53 -0.00660 -1.97195e+00 | 54  0.00123  8.78076e+00
 55 -0.00127  1.48536e+01 | 56  0.01230  4.45524e+01 | 57  0.00544  5.28519e+01
 58  0.00528  6.38616e+01 | 59  0.00070  4.67460e+01 | 60  0.01488  8.30551e+01
 61  0.00957  7.21455e+01 | 62 -0.01747  5.96099e+01 | 63  0.01219  7.70107e+01
 64  0.00308  1.14652e+02 | 65 -0.01681  1.34030e+02 | 66 -0.01881  6.41094e+01
 67  0.00838  4.56824e+01 | 68  0.01690  1.06294e+02 | 69  0.02814  1.37174e+02
 70  0.01893  1.20454e+01 | 71 -0.01442  5.84448e+01 | 72  0.02323  6.48518e+01
 73 -0.00318  2.51674e+01 | 74 -0.00772  5.03485e+01 | 75 -0.00826  1.36047e+01
 76 -0.00699  2.93848e+01 | 77 -0.00560  2.29901e+01 | 78  0.00346 -1.86412e+01
 79 -0.00310 -1.16857e+01 | 80 -0.03601  6.20159e+01 | 81 -0.01408 -3.50398e+00
 82 -0.02164  4.06357e+01 | 83 -0.00255  7.91786e+00 | 84 -0.02907  2.76067e+01
 85 -0.03878  7.36506e+01 | 86  0.00264 -8.16962e+01 | 87 -0.00359  2.35082e+00
 88  0.03330 -1.26932e+02 | 89  0.04751 -6.08275e+01 | 90 -0.02118 -4.67610e+01
 91 -0.01720  4.42338e+01 | 92  0.00637 -3.75532e+01 | 93 -0.01985  4.01328e+01
 94 -0.00921 -2.91735e+01 | 95 -0.00067 -3.25446e+01 | 96 -0.00018 -3.23428e+01
 97 -0.03275  4.08187e+01 | 98 -0.24819 -3.09022e+01 |
98 variables; iteration 60; function evaluation 95; phase 2
Function value 6.3448691e+02; maximum gradient component mag 5.2084e+02
Var    Value     Gradient |Var    Value     Gradient |Var    Value     Gradient
  1  0.75115  5.20843e+02 |  2  0.00166 -2.12559e+01 |  3  0.00167 -2.13551e+01
  4  0.00168 -2.14772e+01 |  5  0.00171 -2.16249e+01 |  6  0.00176 -2.17975e+01
  7  0.00183 -2.19908e+01 |  8  0.00189 -2.21465e+01 |  9  0.00325 -2.61493e+01
 10  0.00220 -2.26942e+01 | 11  0.00228 -2.32315e+01 | 12  0.00212 -2.40971e+01
 13  0.00216 -2.72710e+01 | 14  0.00184 -2.36504e+01 | 15  0.00022 -2.39906e+01
 16 -0.00024 -2.27667e+01 | 17  0.00033 -2.31690e+01 | 18  0.00403 -2.66604e+01
 19  0.00215 -1.90152e+01 | 20  0.00088 -2.17263e+01 | 21  0.00192 -2.33800e+01
 22  0.00223 -2.73522e+01 | 23  0.00494 -2.38852e+01 | 24  0.00161 -3.00577e+01
 25  0.00335 -2.18790e+01 | 26  0.00127 -2.20485e+01 | 27  0.00200 -1.45768e+01
 28  0.00175 -1.35756e+01 | 29  0.00628 -1.74948e+01 | 30 -0.01046 -2.31776e+01
 31 -0.00035 -1.60814e+01 | 32  0.00182 -1.99212e+01 | 33  0.00302 -1.05404e+01
 34  0.02684 -6.93244e+00 | 35 -0.01081 -2.25163e+01 | 36 -0.00043 -1.40564e+01
 37  0.00447 -1.09961e+01 | 38 -0.00117 -1.41022e+01 | 39 -0.01150 -1.82218e+01
 40  0.00752 -1.40474e+01 | 41  0.02707 -8.14839e-01 | 42  0.00923 -8.84898e+00
 43  0.00096 -1.00884e+01 | 44 -0.01069 -1.67042e+01 | 45 -0.01576 -2.25830e+01
 46  0.04384  1.20739e+01 | 47  0.00460 -7.57044e-01 | 48 -0.00475 -7.86617e+00
 49 -0.00662 -8.57276e+00 | 50 -0.01236 -1.34432e+01 | 51  0.00213  3.58568e-01
 52  0.00770  3.95173e+00 | 53  0.00090  5.75191e+00 | 54  0.00250 -2.20450e-01
 55 -0.00247 -3.67479e+00 | 56  0.00622  7.67741e+00 | 57 -0.00365  9.81930e+00
 58 -0.00473  1.33441e+01 | 59 -0.00217  1.60775e+01 | 60  0.00985  2.99671e+01
 61  0.00921  3.89755e+01 | 62 -0.02578  9.32865e+00 | 63  0.01521  5.38183e+01
 64  0.00075  5.81621e+01 | 65 -0.02644  4.50168e+01 | 66 -0.01921  3.02478e+01
 67  0.01059  3.50043e+01 | 68  0.01776  8.08035e+01 | 69  0.02706  6.19106e+01
 70  0.02270  5.28456e+01 | 71 -0.01461  4.08568e+01 | 72  0.02486  7.16075e+01
 73 -0.00176  4.16587e+01 | 74 -0.00762  4.42562e+01 | 75 -0.00747  2.45506e+01
 76 -0.00607  4.07606e+01 | 77 -0.00527  3.07266e+01 | 78  0.00690  4.79756e+01
 79 -0.00146  2.59502e+01 | 80 -0.04099  1.67825e+01 | 81 -0.01364  1.78179e+01
 82 -0.02435  2.39323e+01 | 83 -0.00339  1.95059e+01 | 84 -0.03372 -1.27414e+01
 85 -0.04510  1.84197e+00 | 86  0.00688  9.30813e+00 | 87 -0.00434  3.77905e+00
 88  0.03954  1.23762e+01 | 89  0.04923 -2.11567e+00 | 90 -0.01971 -1.83556e+01
 91 -0.02303 -3.38977e+01 | 92  0.00742 -5.30666e+00 | 93 -0.02525 -1.14901e+01
 94 -0.01204 -2.63220e+01 | 95  0.00183 -2.01032e+01 | 96  0.00166 -2.09215e+01
 97 -0.03096  3.71946e+01 | 98 -0.24800 -3.88121e+00 |
Maximum number of function evaluations exceeded

 - final statistics:
98 variables; iteration 64; function evaluation 100
Function value 6.3410e+02; maximum gradient component mag 4.0561e+02
Exit code = 3;  converg criter 1.0000e+01
Var    Value     Gradient |Var    Value     Gradient |Var    Value     Gradient
  1  0.75126  4.05612e+02 |  2  0.00168 -1.60994e+01 |  3  0.00176 -1.60961e+01
  4  0.00186 -1.60883e+01 |  5  0.00199 -1.60765e+01 |  6  0.00216 -1.60635e+01
  7  0.00237 -1.60584e+01 |  8  0.00260 -1.59661e+01 |  9  0.00247 -2.22167e+01
 10  0.00303 -1.63672e+01 | 11  0.00297 -1.71319e+01 | 12  0.00263 -1.82909e+01
 13  0.00242 -2.18712e+01 | 14  0.00291 -1.70712e+01 | 15  0.00169 -1.68048e+01
 16 -0.00093 -1.89670e+01 | 17  0.00167 -1.62861e+01 | 18  0.00391 -2.20608e+01
 19  0.00198 -1.45631e+01 | 20  0.00099 -1.68692e+01 | 21  0.00332 -1.65929e+01
 22  0.00339 -2.10186e+01 | 23  0.00294 -2.20167e+01 | 24  0.00453 -2.12286e+01
 25  0.00487 -1.50370e+01 | 26  0.00074 -1.83724e+01 | 27  0.00180 -1.04964e+01
 28  0.00093 -1.06941e+01 | 29  0.00529 -1.51550e+01 | 30 -0.00892 -1.58434e+01
 31 -0.00044 -1.19504e+01 | 32  0.00230 -1.48604e+01 | 33  0.00191 -8.10676e+00
 34  0.02722 -2.45823e+00 | 35 -0.01344 -2.36050e+01 | 36 -0.00171 -1.24131e+01
 37  0.00160 -1.22309e+01 | 38 -0.00341 -1.45407e+01 | 39 -0.01315 -1.75036e+01
 40  0.01013 -4.17757e+00 | 41  0.02687  1.33604e+00 | 42  0.00727 -8.89960e+00
 43  0.00345 -2.31536e+00 | 44 -0.00975 -1.12200e+01 | 45 -0.01409 -1.55311e+01
 46  0.04079  5.44940e+00 | 47  0.00309 -1.48785e+00 | 48 -0.00299 -1.96695e+00
 49 -0.00614 -4.99706e+00 | 50 -0.01038 -6.30419e+00 | 51  0.00287  3.10176e+00
 52  0.01151  1.15601e+01 | 53 -0.00016  4.25224e+00 | 54  0.00301  3.66677e-01
 55 -0.00083  3.02530e-01 | 56  0.00501  3.28218e+00 | 57 -0.00056  1.55362e+01
 58 -0.00641  7.80770e+00 | 59 -0.00289  1.10093e+01 | 60  0.01031  2.71927e+01
 61  0.00888  3.18726e+01 | 62 -0.02603  7.06131e+00 | 63  0.01451  4.07836e+01
 64 -0.00019  4.56783e+01 | 65 -0.02838  3.12855e+01 | 66 -0.02001  2.08428e+01
 67  0.01088  3.12639e+01 | 68  0.01697  5.68553e+01 | 69  0.02682  4.35091e+01
 70  0.02284  4.50636e+01 | 71 -0.01502  2.89055e+01 | 72  0.02457  5.17682e+01
 73 -0.00192  3.05440e+01 | 74 -0.00799  3.29572e+01 | 75 -0.00744  1.88678e+01
 76 -0.00643  2.90405e+01 | 77 -0.00551  1.87016e+01 | 78  0.00714  4.36058e+01
 79 -0.00132  2.12463e+01 | 80 -0.04149  1.09307e+01 | 81 -0.01356  1.49544e+01
 82 -0.02485  1.63104e+01 | 83 -0.00354  1.30904e+01 | 84 -0.03377 -1.13057e+01
 85 -0.04573 -5.28163e+00 | 86  0.00671  6.34016e+00 | 87 -0.00467 -1.55306e+00
 88  0.03941  7.43699e+00 | 89  0.04930 -1.03866e+00 | 90 -0.01971 -1.36318e+01
 91 -0.02275 -2.51975e+01 | 92  0.00699 -2.98005e+00 | 93 -0.02578 -1.14402e+01
 94 -0.01160 -2.04415e+01 | 95  0.00102 -1.62386e+01 | 96  0.00147 -1.60864e+01
 97 -0.03056  3.30950e+01 | 98 -0.24681  1.09724e+00 |

Initial statistics: 100 variables; iteration 0; function evaluation 0; phase 3
Function value 6.3409971e+02; maximum gradient component mag 4.0561e+02
Var    Value     Gradient |Var    Value     Gradient |Var    Value     Gradient
  1  0.75126  4.05612e+02 |  2  0.00168 -1.60271e+01 |  3  0.00176 -1.60238e+01
  4  0.00186 -1.60160e+01 |  5  0.00199 -1.60042e+01 |  6  0.00217 -1.59912e+01
  7  0.00237 -1.59861e+01 |  8  0.00260 -1.58938e+01 |  9  0.00248 -2.21444e+01
 10  0.00303 -1.62949e+01 | 11  0.00297 -1.70597e+01 | 12  0.00263 -1.82186e+01
 13  0.00242 -2.17989e+01 | 14  0.00291 -1.69989e+01 | 15  0.00169 -1.67326e+01
 16 -0.00093 -1.88947e+01 | 17  0.00167 -1.62138e+01 | 18  0.00391 -2.19886e+01
 19  0.00198 -1.44908e+01 | 20  0.00099 -1.67969e+01 | 21  0.00332 -1.65206e+01
 22  0.00339 -2.09464e+01 | 23  0.00295 -2.19444e+01 | 24  0.00453 -2.11563e+01
 25  0.00487 -1.49647e+01 | 26  0.00074 -1.83001e+01 | 27  0.00180 -1.04241e+01
 28  0.00093 -1.06218e+01 | 29  0.00530 -1.50827e+01 | 30 -0.00891 -1.57711e+01
 31 -0.00044 -1.18781e+01 | 32  0.00230 -1.47881e+01 | 33  0.00191 -8.03448e+00
 34  0.02722 -2.38602e+00 | 35 -0.01344 -2.35327e+01 | 36 -0.00170 -1.23408e+01
 37  0.00160 -1.21586e+01 | 38 -0.00341 -1.44684e+01 | 39 -0.01315 -1.74313e+01
 40  0.01013 -4.10529e+00 | 41  0.02688  1.40826e+00 | 42  0.00727 -8.82733e+00
 43  0.00346 -2.24308e+00 | 44 -0.00975 -1.11478e+01 | 45 -0.01409 -1.54589e+01
 46  0.04079  5.52154e+00 | 47  0.00309 -1.41557e+00 | 48 -0.00299 -1.89467e+00
 49 -0.00614 -4.92478e+00 | 50 -0.01038 -6.23192e+00 | 51  0.00287  3.17404e+00
 52  0.01151  1.16324e+01 | 53 -0.00015  4.32452e+00 | 54  0.00301  4.38958e-01
 55 -0.00082  3.74811e-01 | 56  0.00501  3.35445e+00 | 57 -0.00056  1.56085e+01
 58 -0.00641  7.87998e+00 | 59 -0.00289  1.10815e+01 | 60  0.01031  2.72650e+01
 61  0.00888  3.19448e+01 | 62 -0.02603  7.13354e+00 | 63  0.01451  4.08558e+01
 64 -0.00019  4.57506e+01 | 65 -0.02838  3.13577e+01 | 66 -0.02001  2.09150e+01
 67  0.01088  3.13362e+01 | 68  0.01697  5.69276e+01 | 69  0.02682  4.35813e+01
 70  0.02284  4.51358e+01 | 71 -0.01502  2.89777e+01 | 72  0.02457  5.18404e+01
 73 -0.00192  3.06163e+01 | 74 -0.00799  3.30295e+01 | 75 -0.00743  1.89400e+01
 76 -0.00643  2.91128e+01 | 77 -0.00551  1.87739e+01 | 78  0.00714  4.36781e+01
 79 -0.00132  2.13186e+01 | 80 -0.04149  1.10028e+01 | 81 -0.01356  1.50267e+01
 82 -0.02485  1.63827e+01 | 83 -0.00354  1.31626e+01 | 84 -0.03377 -1.12335e+01
 85 -0.04573 -5.20954e+00 | 86  0.00671  6.41244e+00 | 87 -0.00466 -1.48078e+00
 88  0.03942  7.50914e+00 | 89  0.04930 -9.66595e-01 | 90 -0.01971 -1.35596e+01
 91 -0.02275 -2.51253e+01 | 92  0.00700 -2.90777e+00 | 93 -0.02578 -1.13680e+01
 94 -0.01160 -2.03692e+01 | 95  0.00102 -1.61663e+01 | 96  0.00147 -1.60141e+01
 97 -0.03056  3.30950e+01 | 98 -0.41581 -1.27239e+02 | 99 -0.24681  1.09724e+00
100 -0.25275 -2.23479e+02 |

Intermediate statistics: 100 variables; iteration 20; function evaluation 23; phase 3
Function value 6.2971788e+02; maximum gradient component mag 3.2946e+02
Var    Value     Gradient |Var    Value     Gradient |Var    Value     Gradient
  1  0.74943  3.29465e+02 |  2  0.00132 -1.39316e+01 |  3  0.00139 -1.39330e+01
  4  0.00148 -1.39317e+01 |  5  0.00161 -1.39285e+01 |  6  0.00177 -1.39269e+01
  7  0.00197 -1.39361e+01 |  8  0.00218 -1.38671e+01 |  9  0.00229 -1.97581e+01
 10  0.00258 -1.42956e+01 | 11  0.00252 -1.50399e+01 | 12  0.00220 -1.61448e+01
 13  0.00214 -1.94881e+01 | 14  0.00233 -1.50908e+01 | 15  0.00106 -1.48775e+01
 16 -0.00156 -1.69909e+01 | 17  0.00082 -1.45825e+01 | 18  0.00323 -1.99960e+01
 19  0.00095 -1.29857e+01 | 20  0.00186 -1.44731e+01 | 21  0.00265 -1.50007e+01
 22  0.00289 -1.89224e+01 | 23  0.00264 -1.97499e+01 | 24  0.00413 -1.90829e+01
 25  0.00401 -1.35147e+01 | 26 -0.00002 -1.65936e+01 | 27  0.00087 -8.85610e+00
 28 -0.00013 -9.03848e+00 | 29  0.00403 -1.35945e+01 | 30 -0.00812 -1.34528e+01
 31 -0.00123 -1.03861e+01 | 32  0.00129 -1.32046e+01 | 33  0.00096 -6.17818e+00
 34  0.02631  4.32544e-01 | 35 -0.01261 -2.26891e+01 | 36 -0.00241 -1.10728e+01
 37  0.00043 -1.10138e+01 | 38 -0.00472 -1.35602e+01 | 39 -0.01486 -1.71059e+01
 40  0.01308  7.62967e-01 | 41  0.02643  2.88952e+00 | 42  0.00667 -6.89604e+00
 43  0.00275 -3.96430e-01 | 44 -0.01131 -1.07020e+01 | 45 -0.01284 -1.56426e+01
 46  0.04050  5.50877e+00 | 47  0.00225 -5.91916e-01 | 48 -0.00380 -1.11979e+00
 49 -0.00767 -5.36332e+00 | 50 -0.00873 -6.40275e+00 | 51  0.00276  3.41651e+00
 52  0.01121  1.20879e+01 | 53 -0.00055  4.63022e+00 | 54  0.00105 -2.91079e+00
 55 -0.00015 -4.01728e+00 | 56  0.00357 -1.35481e+00 | 57 -0.00086  1.42474e+01
 58 -0.00784  4.00062e+00 | 59 -0.00628  1.25695e+00 | 60  0.01159  2.39359e+01
 61  0.01181  3.39213e+01 | 62 -0.02888 -1.95608e+00 | 63  0.01375  2.30239e+01
 64  0.00177  5.75287e+01 | 65 -0.02312  5.46443e+01 | 66 -0.02356  2.28955e+00
 67  0.00730 -1.93426e+01 | 68  0.01395  2.90932e+01 | 69  0.02742 -2.36349e+01
 70  0.02147  4.52979e+01 | 71 -0.01197  2.41633e+01 | 72  0.02369  7.21380e+01
 73  0.00007  4.54962e+00 | 74 -0.01189  6.56359e+00 | 75 -0.00419  1.87707e+01
 76 -0.01039  7.27726e+00 | 77 -0.00195  2.45967e+01 | 78  0.00402  3.51094e+01
 79  0.00137  2.03684e+01 | 80 -0.04542 -1.92820e+00 | 81 -0.01047  1.35877e+01
 82 -0.02865  2.58865e+00 | 83 -0.00074  6.90625e+00 | 84 -0.03745 -3.52371e+01
 85 -0.03980  2.20000e+01 | 86  0.00448  1.23447e+01 | 87 -0.00037 -1.92845e+00
 88  0.03765  2.64642e+01 | 89  0.05182 -4.52075e+01 | 90 -0.02201 -3.41398e+01
 91 -0.01360  1.00101e+01 | 92  0.01148  2.83338e+01 | 93 -0.00754  7.44923e+01
 94 -0.01301 -2.00174e+01 | 95  0.00016 -1.43793e+01 | 96  0.00112 -1.39059e+01
 97  0.03332  6.96566e+01 | 98 -0.39005 -1.45930e+02 | 99 -0.16844  3.16701e+00
100 -0.22290 -1.06128e+02 |
100 variables; iteration 40; function evaluation 49; phase 3
Function value 6.2668979e+02; maximum gradient component mag -1.2443e+02
Var    Value     Gradient |Var    Value     Gradient |Var    Value     Gradient
  1  0.74782 -1.24430e+02 |  2  0.00097  6.44961e+00 |  3  0.00105  6.45377e+00
  4  0.00116  6.45969e+00 |  5  0.00131  6.46812e+00 |  6  0.00150  6.48008e+00
  7  0.00175  6.49643e+00 |  8  0.00197  6.52397e+00 |  9  0.00557  5.81288e+00
 10  0.00278  6.53756e+00 | 11  0.00324  6.41784e+00 | 12  0.00359  6.12177e+00
 13  0.00533  5.20735e+00 | 14  0.00338  6.18578e+00 | 15  0.00203  6.00472e+00
 16  0.00096  6.01639e+00 | 17  0.00213  6.29345e+00 | 18  0.00780  5.25370e+00
 19  0.00110  5.56457e+00 | 20  0.00257  5.20946e+00 | 21  0.00439  6.10967e+00
 22  0.00641  3.92465e+00 | 23  0.00640  3.43567e+00 | 24  0.00796  3.92235e+00
 25  0.00558  6.16069e+00 | 26  0.00313  5.35422e+00 | 27 -0.00191  3.37801e+00
 28 -0.00254  3.41725e+00 | 29  0.00573  4.83565e+00 | 30 -0.00701  5.50243e+00
 31 -0.00270  3.76480e+00 | 32  0.00247  4.14151e+00 | 33 -0.00244  3.21985e+00
 34  0.02301  5.37482e+00 | 35 -0.00703  4.87481e+00 | 36 -0.00288  3.79338e+00
 37  0.00063  3.47969e+00 | 38 -0.00276  3.87737e+00 | 39 -0.01119  4.31357e+00
 40  0.01069  6.91826e+00 | 41  0.01982  9.10915e-01 | 42  0.00715  3.37070e+00
 43 -0.00177  1.90596e+00 | 44 -0.01047  2.56122e+00 | 45 -0.01103  1.32797e+00
 46  0.03765 -6.01160e-01 | 47 -0.00096  5.14817e-01 | 48 -0.00639  6.83824e-01
 49 -0.00785  3.00382e-01 | 50 -0.00878  6.11265e-01 | 51  0.00047  1.40177e-01
 52  0.00615 -1.94051e+00 | 53 -0.00114 -6.93698e-01 | 54  0.00297 -5.65895e+00
 55  0.00362 -1.38067e+00 | 56  0.00652 -7.74965e+00 | 57 -0.00475 -5.37021e+00
 58 -0.00762 -8.16877e+00 | 59 -0.00300 -6.76070e+00 | 60  0.00747 -2.20039e+01
 61  0.00895 -9.44432e+00 | 62 -0.02511 -2.82435e+00 | 63  0.01677 -8.95455e+00
 64 -0.00358 -1.00377e+01 | 65 -0.02945  4.13992e-01 | 66 -0.02076 -5.89859e+00
 67  0.01050 -2.57128e+01 | 68  0.01465 -1.39192e+01 | 69  0.03220  7.11365e+00
 70  0.01966 -4.27356e+01 | 71 -0.00984  1.15723e+01 | 72  0.02131 -2.68261e+01
 73  0.00269  8.69143e+00 | 74 -0.01248 -1.56538e+01 | 75 -0.00504 -4.53734e+01
 76 -0.01013 -5.13695e+00 | 77 -0.00224 -3.32684e+01 | 78  0.00103 -4.39729e+01
 79  0.00229 -7.68680e+00 | 80 -0.04612 -7.59311e+00 | 81 -0.00731  4.50654e+01
 82 -0.02809  1.10942e+01 | 83  0.00149  2.19109e+01 | 84 -0.03524 -9.83503e-01
 85 -0.03998  6.37435e-01 | 86  0.00324 -4.17400e+00 | 87  0.00169  1.86285e+01
 88  0.03477 -8.67709e+00 | 89  0.05388  3.14126e+01 | 90 -0.02085  1.24407e+01
 91 -0.01675 -1.99372e+01 | 92  0.00405 -5.24302e+00 | 93 -0.01613  9.65574e+00
 94 -0.01458  6.11186e+00 | 95 -0.00015  6.36942e+00 | 96  0.00071  6.43834e+00
 97  0.02260 -2.39594e+01 | 98 -0.39086  4.14081e+01 | 99 -0.11648 -1.19334e+01
100 -0.20023 -9.92783e+00 |
100 variables; iteration 60; function evaluation 81; phase 3
Function value 6.2566059e+02; maximum gradient component mag 3.0117e+01
Var    Value     Gradient |Var    Value     Gradient |Var    Value     Gradient
  1  0.74609  2.43302e+01 |  2 -0.00013 -1.84417e+00 |  3 -0.00007 -1.88210e+00
  4  0.00000 -1.93156e+00 |  5  0.00010 -1.99289e+00 |  6  0.00024 -2.06443e+00
  7  0.00041 -2.14129e+00 |  8  0.00053 -2.25821e+00 |  9  0.00560 -7.55123e-01
 10  0.00123 -2.38852e+00 | 11  0.00176 -2.37076e+00 | 12  0.00256 -1.96950e+00
 13  0.00620 -7.92952e-02 | 14  0.00226 -1.97076e+00 | 15  0.00073 -2.39858e+00
 16 -0.00053 -2.63441e+00 | 17 -0.00006 -3.35540e+00 | 18  0.00731 -1.78478e+00
 19 -0.00044 -3.00973e+00 | 20  0.00220 -1.67467e+00 | 21  0.00335 -1.71582e+00
 22  0.00579 -3.08319e+00 | 23  0.00531 -4.18961e+00 | 24  0.00890 -8.67820e-01
 25  0.00515 -4.35155e-01 | 26  0.00225 -1.83134e+00 | 27  0.00034  1.25992e+00
 28  0.00032  2.44855e+00 | 29  0.00451 -2.52921e+00 | 30 -0.00562  2.38662e+00
 31 -0.00303 -2.16351e+00 | 32  0.00343  6.30624e-01 | 33 -0.00186 -8.18600e-01
 34  0.02153 -1.38939e+00 | 35 -0.00891 -4.11091e+00 | 36 -0.00319 -1.83091e+00
 37  0.00004 -2.23530e+00 | 38 -0.00591 -6.04004e+00 | 39 -0.01468 -6.60577e+00
 40  0.01131  5.07309e+00 | 41  0.01994 -2.30316e+00 | 42  0.00524 -3.30779e+00
 43 -0.00458 -6.81889e+00 | 44 -0.01355 -6.58638e+00 | 45 -0.00612  9.23869e+00
 46  0.03933  4.12549e+00 | 47  0.00100  2.38576e+00 | 48 -0.00629 -4.22427e-01
 49 -0.00778 -5.93913e-01 | 50 -0.01179 -7.51611e+00 | 51  0.00048  2.56070e-01
 52  0.00544 -1.57571e+00 | 53 -0.00303 -2.06501e+00 | 54  0.00696  6.20443e+00
 55  0.00397  2.80215e+00 | 56  0.01092  6.64354e+00 | 57 -0.00354  2.28066e+00
 58 -0.00387  4.86588e+00 | 59 -0.00437 -3.35639e+00 | 60  0.01302  9.49717e+00
 61  0.00893  1.05930e+00 | 62 -0.02407  5.52317e+00 | 63  0.01544  8.96573e-01
 64 -0.00407  2.04855e-01 | 65 -0.03160 -2.95273e+00 | 66 -0.02170  9.98948e-01
 67  0.01092  1.06454e+01 | 68  0.01382 -4.92996e+00 | 69  0.03221  4.01239e+00
 70  0.02077  7.17263e+00 | 71 -0.00997 -2.16429e+00 | 72  0.02101 -4.45161e+00
 73  0.00262 -3.98836e+00 | 74 -0.01113  1.73495e+01 | 75 -0.00059  3.01168e+01
 76 -0.01167 -8.42338e+00 | 77  0.00132  2.50618e+01 | 78  0.00255  1.18296e+01
 79  0.00365  9.42830e+00 | 80 -0.04591  1.36547e+00 | 81 -0.00908 -2.11093e+01
 82 -0.02995 -5.75099e+00 | 83  0.00161 -2.88498e+00 | 84 -0.03601 -1.23952e+01
 85 -0.03743  9.94971e+00 | 86  0.00256 -9.82599e+00 | 87  0.00280  4.86710e-01
 88  0.03419 -9.43365e+00 | 89  0.05454 -4.56886e+00 | 90 -0.02156 -8.53144e+00
 91 -0.01107  1.61265e+01 | 92  0.00601 -4.04064e+00 | 93 -0.01101  7.88330e+00
 94 -0.01708 -2.56334e+00 | 95 -0.00112 -1.82406e+00 | 96 -0.00030 -1.73559e+00
 97  0.02904  4.34521e+00 | 98 -0.38926 -1.12289e+01 | 99 -0.02149 -1.59727e+01
100 -0.16237  5.29366e+00 |
Maximum number of function evaluations exceeded

 - final statistics:
100 variables; iteration 71; function evaluation 100
Function value 6.2365e+02; maximum gradient component mag 1.0484e+02
Exit code = 3;  converg criter 1.0000e+00
Var    Value     Gradient |Var    Value     Gradient |Var    Value     Gradient
  1  0.74197  1.04835e+02 |  2 -0.00260 -9.19186e+00 |  3 -0.00281 -9.63709e+00
  4 -0.00308 -1.02038e+01 |  5 -0.00337 -1.08604e+01 |  6 -0.00362 -1.15178e+01
  7 -0.00372 -1.20098e+01 |  8 -0.00401 -1.27384e+01 |  9  0.00713 -2.09600e+00
 10 -0.00293 -1.22545e+01 | 11 -0.00253 -1.24246e+01 | 12  0.00027 -9.06193e+00
 13  0.01132  3.62370e+00 | 14  0.00430 -2.73211e+00 | 15 -0.00203 -1.02944e+01
 16 -0.00682 -1.60287e+01 | 17 -0.00418 -1.34153e+01 | 18  0.00470 -9.64780e+00
 19 -0.00367 -1.17008e+01 | 20 -0.00425 -1.60322e+01 | 21  0.00841  1.66125e+00
 22 -0.00836 -2.66302e+01 | 23  0.00583 -7.29844e+00 | 24  0.00863 -5.01862e+00
 25  0.01488  9.68992e+00 | 26  0.00685  1.74483e+00 | 27  0.01455  2.09337e+01
 28  0.00828  1.22702e+01 | 29  0.00415 -6.30229e+00 | 30 -0.00411  1.31255e+00
 31 -0.01430 -2.33664e+01 | 32  0.01241  1.17472e+01 | 33 -0.01065 -1.76386e+01
 34  0.02148 -3.84887e+00 | 35 -0.01483 -1.84675e+01 | 36 -0.00724 -1.18998e+01
 37 -0.00401 -1.21686e+01 | 38 -0.00571 -9.50302e+00 | 39 -0.02028 -2.05061e+01
 40  0.02398  3.13642e+01 | 41  0.01656 -1.06101e+01 | 42 -0.00792 -2.60337e+01
 43 -0.00794 -1.62296e+01 | 44 -0.01986 -2.01900e+01 | 45  0.01055  4.92891e+01
 46  0.03919  8.52179e+00 | 47  0.00416  9.85331e+00 | 48 -0.00390  5.84494e+00
 49 -0.01221 -8.24513e+00 | 50 -0.02460 -3.52328e+01 | 51  0.00092  2.41618e+00
 52  0.00234 -4.91828e+00 | 53 -0.00390 -1.11073e+00 | 54  0.01864  3.86458e+01
 55  0.00886  1.91523e+01 | 56  0.00720  5.77755e+00 | 57  0.00248  2.17945e+01
 58  0.00474  3.19666e+01 | 59 -0.01315 -2.19526e+01 | 60  0.01704  3.50175e+01
 61  0.00806  8.29404e+00 | 62 -0.01708  3.46920e+01 | 63  0.01483  1.44296e+01
 64 -0.00479  1.13511e+01 | 65 -0.03257  2.71519e+00 | 66 -0.02332  1.02938e+01
 67  0.01007  3.78289e+01 | 68  0.01394 -1.31774e+01 | 69  0.03378  3.35768e+01
 70  0.02180  1.76359e+01 | 71 -0.00839  4.93493e+00 | 72  0.02110 -1.00910e+01
 73  0.00379  4.68323e-02 | 74 -0.00848  4.60657e+01 | 75  0.00369  9.35091e+01
 76 -0.01310 -3.68498e+01 | 77  0.00539  8.38779e+01 | 78  0.00258  7.66836e+00
 79  0.00602  3.73404e+01 | 80 -0.04603 -1.23196e+01 | 81 -0.00831 -4.93706e+01
 82 -0.03093 -3.27699e+01 | 83  0.00378  1.82373e-01 | 84 -0.03668 -5.23605e+01
 85 -0.03216  4.31106e+01 | 86  0.00216 -5.10159e+01 | 87  0.00634  1.40093e+01
 88  0.03315 -5.00911e+01 | 89  0.05695 -9.38196e+00 | 90 -0.02035 -3.93458e+01
 91 -0.00294  5.27675e+01 | 92  0.01070 -4.03316e+01 | 93  0.00098  3.98073e+01
 94 -0.02628 -2.52019e+01 | 95 -0.00330 -8.85645e+00 | 96 -0.00203 -7.93119e+00
 97  0.03485  2.42975e+01 | 98 -0.38795 -6.24987e+01 | 99  0.26074 -1.98910e+01
100 -0.04949 -9.93450e+00 |

Initial statistics: 108 variables; iteration 0; function evaluation 0; phase 4
Function value 6.2364773e+02; maximum gradient component mag -1.6264e+03
Var    Value     Gradient |Var    Value     Gradient |Var    Value     Gradient
  1 -0.42263  4.24025e+02 |  2 -0.42263 -1.62645e+03 |  3 -0.41094 -4.84373e+02
  4  0.74197  1.04835e+02 |  5  0.00000 -3.52357e-01 |  6  0.00000 -1.23094e-01
  7  0.00000 -1.65208e-01 |  8  0.00000 -2.21299e-01 |  9  0.00000 -2.95764e-01
 10 -0.00260 -8.96537e+00 | 11 -0.00281 -9.41061e+00 | 12 -0.00307 -9.97735e+00
 13 -0.00336 -1.06339e+01 | 14 -0.00361 -1.12913e+01 | 15 -0.00371 -1.17833e+01
 16 -0.00400 -1.25119e+01 | 17  0.00714 -1.86952e+00 | 18 -0.00292 -1.20280e+01
 19 -0.00253 -1.21982e+01 | 20  0.00027 -8.83544e+00 | 21  0.01133  3.85016e+00
 22  0.00430 -2.50563e+00 | 23 -0.00202 -1.00680e+01 | 24 -0.00681 -1.58022e+01
 25 -0.00417 -1.31888e+01 | 26  0.00470 -9.42132e+00 | 27 -0.00367 -1.14743e+01
 28 -0.00425 -1.58057e+01 | 29  0.00842  1.88772e+00 | 30 -0.00836 -2.64037e+01
 31  0.00584 -7.07196e+00 | 32  0.00864 -4.79215e+00 | 33  0.01489  9.91635e+00
 34  0.00685  1.97131e+00 | 35  0.01455  2.11602e+01 | 36  0.00828  1.24967e+01
 37  0.00416 -6.07580e+00 | 38 -0.00411  1.53904e+00 | 39 -0.01429 -2.31399e+01
 40  0.01242  1.19736e+01 | 41 -0.01064 -1.74121e+01 | 42  0.02149 -3.62251e+00
 43 -0.01482 -1.82411e+01 | 44 -0.00724 -1.16733e+01 | 45 -0.00401 -1.19422e+01
 46 -0.00570 -9.27654e+00 | 47 -0.02028 -2.02797e+01 | 48  0.02398  3.15905e+01
 49  0.01657 -1.03837e+01 | 50 -0.00792 -2.58072e+01 | 51 -0.00793 -1.60031e+01
 52 -0.01985 -1.99636e+01 | 53  0.01056  4.95156e+01 | 54  0.03920  8.74785e+00
 55  0.00416  1.00798e+01 | 56 -0.00390  6.07143e+00 | 57 -0.01220 -8.01868e+00
 58 -0.02460 -3.50065e+01 | 59  0.00092  2.64267e+00 | 60  0.00234 -4.69179e+00
 61 -0.00389 -8.84246e-01 | 62  0.01864  3.88721e+01 | 63  0.00886  1.93787e+01
 64  0.00720  6.00402e+00 | 65  0.00249  2.20210e+01 | 66  0.00474  3.21931e+01
 67 -0.01315 -2.17262e+01 | 68  0.01704  3.52439e+01 | 69  0.00807  8.52051e+00
 70 -0.01708  3.49185e+01 | 71  0.01483  1.46560e+01 | 72 -0.00479  1.15775e+01
 73 -0.03256  2.94139e+00 | 74 -0.02331  1.05202e+01 | 75  0.01007  3.80554e+01
 76  0.01394 -1.29509e+01 | 77  0.03378  3.38030e+01 | 78  0.02180  1.78622e+01
 79 -0.00838  5.16141e+00 | 80  0.02111 -9.86464e+00 | 81  0.00379  2.73319e-01
 82 -0.00847  4.62922e+01 | 83  0.00370  9.37356e+01 | 84 -0.01310 -3.66233e+01
 85  0.00540  8.41044e+01 | 86  0.00258  7.89484e+00 | 87  0.00602  3.75669e+01
 88 -0.04603 -1.20937e+01 | 89 -0.00830 -4.91441e+01 | 90 -0.03093 -3.25437e+01
 91  0.00379  4.08860e-01 | 92 -0.03668 -5.21344e+01 | 93 -0.03216  4.33368e+01
 94  0.00216 -5.07894e+01 | 95  0.00634  1.42358e+01 | 96  0.03315 -4.98649e+01
 97  0.05696 -9.15637e+00 | 98 -0.02034 -3.91194e+01 | 99 -0.00294  5.29940e+01
100  0.01070 -4.01051e+01 |101  0.00098  4.00338e+01 |102 -0.02628 -2.49757e+01
103 -0.00330 -8.62996e+00 |104 -0.00203 -7.70470e+00 |105  0.03485  2.42975e+01
106 -0.38795 -6.24987e+01 |107  0.26074 -1.98910e+01 |108 -0.04949 -9.93450e+00

Intermediate statistics: 108 variables; iteration 20; function evaluation 24; phase 4
Function value 6.0760034e+02; maximum gradient component mag 8.3590e+02
Var    Value     Gradient |Var    Value     Gradient |Var    Value     Gradient
  1 -0.43181  2.75294e+02 |  2 -0.41432  4.17001e+02 |  3 -0.41168  3.73154e+02
  4  0.73294  8.35899e+02 |  5  0.00007 -6.56815e-02 |  6  0.00003 -2.25808e-02
  7  0.00003 -3.01051e-02 |  8  0.00005 -4.00153e-02 |  9  0.00006 -5.29965e-02
 10 -0.00146 -3.65549e+01 | 11 -0.00154 -3.67291e+01 | 12 -0.00162 -3.69496e+01
 13 -0.00171 -3.71979e+01 | 14 -0.00177 -3.74274e+01 | 15 -0.00173 -3.75523e+01
 16 -0.00181 -3.77589e+01 | 17  0.00561 -3.23188e+01 | 18 -0.00097 -3.70884e+01
 19 -0.00054 -3.68552e+01 | 20  0.00115 -3.47697e+01 | 21  0.00795 -2.77223e+01
 22  0.00337 -3.05059e+01 | 23 -0.00038 -3.37938e+01 | 24 -0.00366 -3.61008e+01
 25 -0.00255 -3.41976e+01 | 26  0.00505 -3.12710e+01 | 27 -0.00124 -3.27324e+01
 28 -0.00256 -3.46579e+01 | 29  0.00469 -2.47791e+01 | 30 -0.00201 -3.93109e+01
 31  0.00538 -2.90316e+01 | 32  0.00787 -2.73864e+01 | 33  0.00970 -1.94711e+01
 34  0.00430 -2.41774e+01 | 35  0.00498 -1.55259e+01 | 36  0.00142 -1.95246e+01
 37  0.00497 -2.63949e+01 | 38 -0.00812 -2.50141e+01 | 39 -0.00923 -3.60630e+01
 40  0.00592 -1.80718e+01 | 41 -0.00663 -3.32956e+01 | 42  0.02085 -2.12845e+01
 43 -0.01024 -2.82443e+01 | 44 -0.00534 -2.77342e+01 | 45 -0.00151 -2.62043e+01
 46 -0.00286 -2.31206e+01 | 47 -0.01298 -2.58538e+01 | 48  0.00370 -2.39702e+01
 49  0.01724 -1.93941e+01 | 50 -0.00000 -3.07636e+01 | 51 -0.00191 -2.07304e+01
 52 -0.01265 -2.34530e+01 | 53 -0.01714 -2.79288e+01 | 54  0.03235 -9.87120e+00
 55 -0.00111 -1.69139e+01 | 56 -0.00906 -1.89921e+01 | 57 -0.01047 -1.77336e+01
 58 -0.01109 -9.25729e+00 | 59 -0.00335 -9.42018e+00 | 60  0.00240 -6.80370e+00
 61 -0.00366 -7.82483e+00 | 62  0.00114 -4.19006e+00 | 63 -0.00226 -2.43806e+00
 64  0.00294  5.46760e-02 | 65 -0.00818 -3.13227e+00 | 66 -0.00580  2.23188e+00
 67 -0.00064  2.23245e+01 | 68  0.01198  4.15757e+01 | 69  0.00998  4.21949e+01
 70 -0.02523  5.21891e+00 | 71  0.02003  8.84042e+01 | 72  0.00371  7.04027e+01
 73 -0.02746  3.45491e+01 | 74 -0.01639  6.13754e+01 | 75  0.00834  4.31705e+01
 76  0.01630  6.85456e+01 | 77  0.03244  9.17519e+01 | 78  0.02846  1.94506e+02
 79 -0.00907  4.01389e+01 | 80  0.02570  1.54508e+02 | 81  0.00486  9.23990e+01
 82 -0.00698  9.32588e+01 | 83  0.00143  1.22345e+02 | 84 -0.00861  6.18286e+01
 85  0.00256  1.01819e+02 | 86  0.00750  1.36492e+02 | 87  0.00594  9.76004e+01
 88 -0.04438  4.17194e+00 | 89 -0.00810  7.18225e+00 | 90 -0.02776  1.27679e+01
 91  0.00364  5.26240e+01 | 92 -0.03214 -2.28416e+00 | 93 -0.03788 -2.04694e+01
 94  0.00561  1.68797e+01 | 95  0.00208 -3.43194e+01 | 96  0.03659 -7.93268e-01
 97  0.05859  6.33014e+01 | 98 -0.01514 -4.87765e+01 | 99 -0.00775 -3.38802e+01
100  0.01791 -2.18478e+01 |101 -0.00006 -1.81665e+00 |102 -0.01385 -3.67823e+01
103 -0.00195 -3.63880e+01 |104 -0.00127 -3.60688e+01 |105 -0.01308  4.26020e+01
106 -0.40426 -7.67133e+01 |107  0.24697 -1.35559e+01 |108  0.22117 -3.48092e-02
108 variables; iteration 40; function evaluation 46; phase 4
Function value 6.0650478e+02; maximum gradient component mag 8.2423e+02
Var    Value     Gradient |Var    Value     Gradient |Var    Value     Gradient
  1 -0.43044  1.85795e+02 |  2 -0.41220  4.80409e+02 |  3 -0.41746  3.87163e+02
  4  0.73211  8.24229e+02 |  5  0.00007 -3.25141e-02 |  6  0.00003 -1.07031e-02
  7  0.00003 -1.44321e-02 |  8  0.00005 -1.94882e-02 |  9  0.00006 -2.63762e-02
 10 -0.00143 -3.60260e+01 | 11 -0.00150 -3.61830e+01 | 12 -0.00158 -3.63866e+01
 13 -0.00168 -3.66241e+01 | 14 -0.00175 -3.68570e+01 | 15 -0.00176 -3.70085e+01
 16 -0.00189 -3.72584e+01 | 17  0.00556 -3.16852e+01 | 18 -0.00126 -3.67833e+01
 19 -0.00101 -3.67467e+01 | 20  0.00064 -3.45949e+01 | 21  0.00817 -2.62557e+01
 22  0.00271 -3.02236e+01 | 23 -0.00128 -3.37175e+01 | 24 -0.00395 -3.49211e+01
 25 -0.00291 -3.30509e+01 | 26  0.00479 -2.97559e+01 | 27 -0.00203 -3.14342e+01
 28 -0.00145 -3.19017e+01 | 29  0.00396 -2.39933e+01 | 30 -0.00592 -4.31807e+01
 31  0.00458 -2.80752e+01 | 32  0.00712 -2.62169e+01 | 33  0.00996 -1.64648e+01
 34  0.00307 -2.35055e+01 | 35  0.00090 -1.98314e+01 | 36 -0.00186 -2.24943e+01
 37  0.00362 -2.51890e+01 | 38 -0.00978 -2.67920e+01 | 39 -0.00747 -3.07727e+01
 40  0.00330 -1.95988e+01 | 41 -0.00543 -2.81879e+01 | 42  0.01899 -2.05749e+01
 43 -0.01180 -3.05814e+01 | 44 -0.00487 -2.48692e+01 | 45 -0.00146 -2.34927e+01
 46 -0.00377 -2.18325e+01 | 47 -0.01518 -2.71327e+01 | 48  0.00554 -1.90386e+01
 49  0.01767 -1.57481e+01 | 50  0.00238 -2.37029e+01 | 51 -0.00222 -1.81552e+01
 52 -0.01420 -2.34269e+01 | 53 -0.01416 -2.14861e+01 | 54  0.03306 -4.72485e+00
 55 -0.00055 -1.21967e+01 | 56 -0.00866 -1.49983e+01 | 57 -0.01135 -1.60140e+01
 58 -0.00947 -5.55347e+00 | 59 -0.00198 -3.79104e+00 | 60  0.00430  1.35369e+00
 61 -0.00194  5.48648e-01 | 62  0.00103  4.62828e-01 | 63  0.00050  5.68404e+00
 64  0.00395  6.93821e+00 | 65 -0.00759  2.94389e+00 | 66 -0.00746  4.08204e+00
 67 -0.00242  2.30370e+01 | 68  0.01052  3.68429e+01 | 69  0.00955  4.14310e+01
 70 -0.02275  1.98271e+01 | 71  0.01997  9.10802e+01 | 72  0.00447  8.59501e+01
 73 -0.02632  4.36777e+01 | 74 -0.01977  4.69001e+01 | 75  0.00735  3.51894e+01
 76  0.01566  5.93673e+01 | 77  0.03318  8.75662e+01 | 78  0.02938  2.25739e+02
 79 -0.00781  4.28172e+01 | 80  0.02522  1.48360e+02 | 81  0.00412  5.32045e+01
 82 -0.00744  8.89829e+01 | 83  0.00277  1.31881e+02 | 84 -0.00952  5.14540e+01
 85  0.00252  7.27066e+01 | 86  0.00598  1.11641e+02 | 87  0.00712  1.07675e+02
 88 -0.04469  1.89210e+00 | 89 -0.00626  2.12282e+01 | 90 -0.02761  1.86762e+01
 91  0.00444  3.83682e+01 | 92 -0.03212 -6.11827e+00 | 93 -0.03693 -3.68432e+01
 94  0.00557  9.15755e+00 | 95  0.00384 -3.72124e+01 | 96  0.03655  4.63415e+00
 97  0.05996  5.56284e+01 | 98 -0.01796 -8.06618e+01 | 99 -0.00389 -2.70367e+01
100  0.01848 -4.45658e+01 |101  0.00521  2.92416e+00 |102 -0.01358 -3.76105e+01
103 -0.00212 -3.59460e+01 |104 -0.00126 -3.56078e+01 |105  0.02849  7.60413e+01
106 -0.38909 -1.16015e+02 |107  0.36493 -4.39742e+00 |108  0.30749 -1.07153e-02
108 variables; iteration 60; function evaluation 75; phase 4
Function value 5.9978704e+02; maximum gradient component mag -3.6186e+02
Var    Value     Gradient |Var    Value     Gradient |Var    Value     Gradient
  1 -0.43339 -4.43646e+01 |  2 -0.39963 -3.61855e+02 |  3 -0.42915 -1.74947e+02
  4  0.72478 -1.85077e+02 |  5  0.00013 -7.18883e-03 |  6  0.00005 -2.69045e-03
  7  0.00006 -3.62389e-03 |  8  0.00008 -4.87577e-03 |  9  0.00011 -6.53764e-03
 10 -0.00014  7.12550e+00 | 11 -0.00009  7.11650e+00 | 12 -0.00003  7.10411e+00
 13  0.00006  7.08736e+00 | 14  0.00018  7.06496e+00 | 15  0.00033  7.03522e+00
 16  0.00043  6.99490e+00 | 17  0.00444  7.05812e+00 | 18  0.00100  6.86133e+00
 19  0.00143  6.74339e+00 | 20  0.00206  6.71656e+00 | 21  0.00493  6.97178e+00
 22  0.00277  6.92523e+00 | 23  0.00149  6.77481e+00 | 24 -0.00037  6.87266e+00
 25 -0.00071  6.61652e+00 | 26  0.00569  6.58808e+00 | 27  0.00085  6.69627e+00
 28  0.00013  6.07931e+00 | 29  0.00111  5.68035e+00 | 30  0.00523  7.07826e+00
 31  0.00471  5.29124e+00 | 32  0.00839  7.24916e+00 | 33  0.00500  6.46342e+00
 34  0.00219  5.86683e+00 | 35 -0.00210  6.68033e+00 | 36 -0.00357  6.41528e+00
 37  0.00434  5.28716e+00 | 38 -0.00984  5.80418e+00 | 39 -0.00514  5.04352e+00
 40  0.00023  5.14991e+00 | 41 -0.00326  5.00124e+00 | 42  0.01905  3.83930e+00
 43 -0.00886  5.62884e+00 | 44 -0.00435  4.70416e+00 | 45 -0.00064  5.24714e+00
 46 -0.00343  5.00570e+00 | 47 -0.01256  5.95989e+00 | 48  0.00430  3.50725e+00
 49  0.01716  3.52733e+00 | 50  0.00635  3.40753e+00 | 51 -0.00118  4.40352e+00
 52 -0.01165  4.16341e+00 | 53 -0.01342  3.78193e+00 | 54  0.03622  5.94564e-01
 55  0.00080  3.58332e+00 | 56 -0.00750  2.99858e+00 | 57 -0.00892  2.36578e+00
 58 -0.01206  1.32364e+00 | 59 -0.00414 -3.32734e-01 | 60  0.00309 -2.80382e-01
 61 -0.00215 -1.06360e+00 | 62  0.00222 -2.96644e+00 | 63 -0.00123 -4.88423e+00
 64  0.00637 -2.14606e+00 | 65 -0.00755 -3.79285e+00 | 66 -0.00497 -6.28197e+00
 67 -0.00496 -5.96025e+00 | 68  0.00827 -1.27132e+01 | 69  0.00699 -1.13865e+01
 70 -0.02614 -5.81408e+00 | 71  0.01308 -2.02193e+01 | 72 -0.00087 -1.13384e+01
 73 -0.03154 -9.08996e+00 | 74 -0.02253 -9.33229e+00 | 75  0.00820 -1.90393e+01
 76  0.01514 -1.93589e+01 | 77  0.03266 -2.72818e+01 | 78  0.02397 -2.06322e+01
 79 -0.00898 -9.47995e+00 | 80  0.02260 -1.97009e+01 | 81  0.00335 -1.29711e+01
 82 -0.01015 -1.03539e+01 | 83 -0.00187 -1.29171e+01 | 84 -0.01012 -9.10822e+00
 85  0.00058 -1.18579e+01 | 86  0.00378 -1.33074e+01 | 87  0.00463 -1.22184e+01
 88 -0.04398 -1.24774e+00 | 89 -0.00659 -6.50374e+00 | 90 -0.02787 -2.11306e+00
 91  0.00351 -6.67383e+00 | 92 -0.03129  1.34269e+00 | 93 -0.03656  1.96344e+00
 94  0.00516 -2.31367e+00 | 95  0.00388  4.78970e-01 | 96  0.03652 -3.56937e+00
 97  0.05783 -2.03538e+00 | 98 -0.01049  6.81472e+00 | 99 -0.00564  8.06532e+00
100  0.01918  9.25786e+00 |101 -0.00014  7.08212e+00 |102 -0.01123  7.26686e+00
103 -0.00080  7.23084e+00 |104 -0.00029  7.14942e+00 |105  0.00775 -1.37188e+01
106 -0.39638  2.17835e+01 |107  0.32888 -6.37639e-01 |108  0.36287 -1.39771e-03
Maximum number of function evaluations exceeded

 - final statistics:
108 variables; iteration 75; function evaluation 100
Function value 5.9966e+02; maximum gradient component mag 1.0334e+01
Exit code = 3;  converg criter 1.0000e+00
Var    Value     Gradient |Var    Value     Gradient |Var    Value     Gradient
  1 -0.43280  8.89903e-01 |  2 -0.39724  1.03344e+01 |  3 -0.43256  6.64529e+00
  4  0.72362  7.39671e+00 |  5  0.00011 -4.72229e-03 |  6  0.00004 -1.73192e-03
  7  0.00005 -2.34674e-03 |  8  0.00007 -3.17921e-03 |  9  0.00009 -4.29829e-03
 10  0.00018 -3.01598e-01 | 11  0.00023 -3.05029e-01 | 12  0.00028 -3.10379e-01
 13  0.00036 -3.18448e-01 | 14  0.00046 -3.29854e-01 | 15  0.00059 -3.44079e-01
 16  0.00067 -3.61858e-01 | 17  0.00461 -3.09607e-01 | 18  0.00121 -3.59108e-01
 19  0.00170 -2.87505e-01 | 20  0.00233 -1.82466e-01 | 21  0.00481 -3.52757e-01
 22  0.00261 -3.59055e-01 | 23  0.00130 -3.75227e-01 | 24 -0.00075 -3.37427e-01
 25 -0.00104 -2.82340e-01 | 26  0.00527 -1.58867e-01 | 27  0.00041 -1.20248e-01
 28  0.00010 -7.99480e-02 | 29  0.00141  2.30759e-01 | 30  0.00384 -5.14662e-01
 31  0.00430 -9.99695e-01 | 32  0.00728  1.10961e-01 | 33  0.00406 -5.73895e-01
 34  0.00193 -1.13109e-01 | 35 -0.00296 -2.48431e-01 | 36 -0.00439 -4.10766e-01
 37  0.00420  4.18107e-02 | 38 -0.01016 -2.54405e-01 | 39 -0.00490  1.60320e-01
 40  0.00010 -1.08960e-01 | 41 -0.00311  1.19488e-01 | 42  0.01908  2.48418e-01
 43 -0.00926 -2.39896e-01 | 44 -0.00432 -1.39216e-01 | 45 -0.00105  1.46917e-02
 46 -0.00395 -4.60046e-01 | 47 -0.01330 -1.22092e-01 | 48  0.00407 -3.28270e-01
 49  0.01634 -2.15447e-01 | 50  0.00645  1.96909e-01 | 51 -0.00204 -5.62974e-01
 52 -0.01237 -8.63766e-01 | 53 -0.01350  3.25729e-01 | 54  0.03477 -2.12372e-01
 55 -0.00022 -2.16393e-01 | 56 -0.00826 -3.56883e-01 | 57 -0.00893  1.14893e+00
 58 -0.01224  9.15747e-02 | 59 -0.00422 -3.16972e-01 | 60  0.00202 -4.22374e-01
 61 -0.00205  3.67032e-01 | 62  0.00213 -3.46798e-02 | 63 -0.00041  4.02158e-01
 64  0.00491  1.89769e-01 | 65 -0.00733  1.63094e-01 | 66 -0.00398  3.75408e-01
 67 -0.00486  3.38606e-01 | 68  0.00901  4.59529e-01 | 69  0.00731  3.90813e-01
 70 -0.02547  7.91890e-02 | 71  0.01434  1.02864e+00 | 72 -0.00086 -2.35125e-01
 73 -0.03024  4.16338e-01 | 74 -0.02186  8.02736e-01 | 75  0.00877  1.28412e+00
 76  0.01551  1.20162e+00 | 77  0.03311  1.37954e+00 | 78  0.02414  2.43083e-01
 79 -0.00861  9.39154e-01 | 80  0.02269  7.99158e-01 | 81  0.00362  9.62242e-01
 82 -0.00997 -1.60097e-01 | 83 -0.00157  1.30778e-01 | 84 -0.01003  3.19508e-01
 85  0.00085  4.16470e-01 | 86  0.00393  6.09773e-01 | 87  0.00490  4.24446e-01
 88 -0.04384 -3.22170e-01 | 89 -0.00627  4.98781e-01 | 90 -0.02776 -2.01358e-01
 91  0.00382  9.97896e-02 | 92 -0.03116 -2.10019e-01 | 93 -0.03622 -1.20676e-01
 94  0.00538  1.85544e-01 | 95  0.00423  3.19859e-02 | 96  0.03670  8.86699e-02
 97  0.05820 -1.44867e-01 | 98 -0.01033 -7.55538e-01 | 99 -0.00519 -4.82920e-01
100  0.01945 -5.62489e-01 |101  0.00061 -3.02256e-02 |102 -0.01106 -2.34763e-01
103 -0.00052 -2.97309e-01 |104  0.00006 -2.95155e-01 |105  0.00986  5.24686e-01
106 -0.39561 -9.74854e-01 |107  0.33739  5.63560e-02 |108  0.39282  3.02443e-04

Initial statistics: 111 variables; iteration 0; function evaluation 0; phase 5
Function value 5.9965914e+02; maximum gradient component mag 1.6156e+03
Var    Value     Gradient |Var    Value     Gradient |Var    Value     Gradient
  1 -0.43280  8.89903e-01 |  2 -0.39724  1.03344e+01 |  3 -0.43256  6.64529e+00
  4 -0.41222  5.05923e+01 |  5 -0.41222  2.00088e+01 |  6  0.72362  7.39671e+00
  7  0.00011 -4.72229e-03 |  8  0.00004 -1.73192e-03 |  9  0.00005 -2.34674e-03
 10  0.00007 -3.17921e-03 | 11  0.00009 -4.29829e-03 | 12  0.00018 -3.02394e-01
 13  0.00023 -3.05825e-01 | 14  0.00028 -3.11175e-01 | 15  0.00036 -3.19244e-01
 16  0.00046 -3.30650e-01 | 17  0.00059 -3.44875e-01 | 18  0.00067 -3.62654e-01
 19  0.00461 -3.10403e-01 | 20  0.00121 -3.59904e-01 | 21  0.00170 -2.88301e-01
 22  0.00233 -1.83262e-01 | 23  0.00481 -3.53552e-01 | 24  0.00261 -3.59851e-01
 25  0.00130 -3.76023e-01 | 26 -0.00075 -3.38223e-01 | 27 -0.00104 -2.83136e-01
 28  0.00527 -1.59663e-01 | 29  0.00041 -1.21044e-01 | 30  0.00010 -8.07440e-02
 31  0.00141  2.29963e-01 | 32  0.00384 -5.15458e-01 | 33  0.00430 -1.00049e+00
 34  0.00728  1.10165e-01 | 35  0.00406 -5.74691e-01 | 36  0.00193 -1.13905e-01
 37 -0.00296 -2.49227e-01 | 38 -0.00439 -4.11562e-01 | 39  0.00420  4.10147e-02
 40 -0.01016 -2.55201e-01 | 41 -0.00490  1.59524e-01 | 42  0.00010 -1.09756e-01
 43 -0.00311  1.18692e-01 | 44  0.01908  2.47623e-01 | 45 -0.00926 -2.40692e-01
 46 -0.00432 -1.40012e-01 | 47 -0.00105  1.38957e-02 | 48 -0.00395 -4.60842e-01
 49 -0.01330 -1.22888e-01 | 50  0.00407 -3.29066e-01 | 51  0.01634 -2.16243e-01
 52  0.00645  1.96113e-01 | 53 -0.00204 -5.63770e-01 | 54 -0.01237 -8.64562e-01
 55 -0.01350  3.24933e-01 | 56  0.03477 -2.13166e-01 | 57 -0.00022 -2.17189e-01
 58 -0.00826 -3.57679e-01 | 59 -0.00893  1.14813e+00 | 60 -0.01224  9.07789e-02
 61 -0.00422 -3.17768e-01 | 62  0.00202 -4.23170e-01 | 63 -0.00205  3.66236e-01
 64  0.00213 -3.54758e-02 | 65 -0.00041  4.01362e-01 | 66  0.00491  1.88973e-01
 67 -0.00733  1.62299e-01 | 68 -0.00398  3.74612e-01 | 69 -0.00486  3.37810e-01
 70  0.00901  4.58733e-01 | 71  0.00731  3.90017e-01 | 72 -0.02547  7.83937e-02
 73  0.01434  1.02785e+00 | 74 -0.00086 -2.35921e-01 | 75 -0.03024  4.15543e-01
 76 -0.02186  8.01940e-01 | 77  0.00877  1.28333e+00 | 78  0.01551  1.20083e+00
 79  0.03311  1.37875e+00 | 80  0.02414  2.42288e-01 | 81 -0.00861  9.38359e-01
 82  0.02269  7.98362e-01 | 83  0.00362  9.61446e-01 | 84 -0.00997 -1.60893e-01
 85 -0.00157  1.29982e-01 | 86 -0.01003  3.18712e-01 | 87  0.00085  4.15674e-01
 88  0.00393  6.08977e-01 | 89  0.00490  4.23650e-01 | 90 -0.04384 -3.22964e-01
 91 -0.00627  4.97985e-01 | 92 -0.02776 -2.02154e-01 | 93  0.00382  9.89936e-02
 94 -0.03116 -2.10814e-01 | 95 -0.03622 -1.21470e-01 | 96  0.00538  1.84748e-01
 97  0.00423  3.11899e-02 | 98  0.03670  8.78752e-02 | 99  0.05820 -1.45660e-01
100 -0.01033 -7.56334e-01 |101 -0.00519 -4.83716e-01 |102  0.01945 -5.63285e-01
103  0.00061 -3.10216e-02 |104 -0.01106 -2.35558e-01 |105 -0.00052 -2.98105e-01
106  0.00006 -2.95951e-01 |107  0.00000  1.61560e+03 |108  0.00986  5.24686e-01
109 -0.39561 -9.74854e-01 |110  0.33739  5.63560e-02 |111  0.39282  3.02443e-04

Intermediate statistics: 111 variables; iteration 20; function evaluation 28; phase 5
Function value 5.8517495e+02; maximum gradient component mag -2.6847e+03
Var    Value     Gradient |Var    Value     Gradient |Var    Value     Gradient
  1 -0.42891  1.93756e+01 |  2 -0.40214 -2.20790e+03 |  3 -0.42876 -1.21129e+03
  4 -0.42992 -1.64134e+01 |  5 -0.41864 -3.51945e+01 |  6  0.74772 -1.26333e+03
  7  0.00006 -3.36432e-01 |  8  0.00002 -1.18045e-01 |  9  0.00003 -1.58634e-01
 10  0.00004 -2.12782e-01 | 11  0.00005 -2.84807e-01 | 12 -0.00185  5.49208e+01
 13 -0.00183  5.47965e+01 | 14 -0.00179  5.46321e+01 | 15 -0.00175  5.44155e+01
 16 -0.00168  5.41329e+01 | 17 -0.00160  5.37688e+01 | 18 -0.00158  5.33017e+01
 19  0.00230  5.26770e+01 | 20 -0.00119  5.20185e+01 | 21 -0.00079  5.12225e+01
 22 -0.00022  5.03279e+01 | 23  0.00219  4.88956e+01 | 24  0.00030  4.85208e+01
 25 -0.00064  4.80418e+01 | 26 -0.00300  4.63530e+01 | 27 -0.00409  4.35794e+01
 28  0.00081  3.88205e+01 | 29 -0.00064  4.53661e+01 | 30 -0.00306  4.19575e+01
 31 -0.00172  4.10267e+01 | 32  0.00023  3.74121e+01 | 33  0.00063  3.69301e+01
 34  0.00398  3.72479e+01 | 35  0.00171  3.83801e+01 | 36 -0.00009  3.91393e+01
 37 -0.00587  3.76600e+01 | 38 -0.00770  3.63382e+01 | 39  0.00096  3.30840e+01
 40 -0.01310  3.77819e+01 | 41 -0.00843  3.54416e+01 | 42 -0.00381  3.20201e+01
 43 -0.00525  3.54869e+01 | 44  0.01275  1.66234e+01 | 45 -0.01016  3.90981e+01
 46 -0.00715  3.28696e+01 | 47 -0.00431  2.88251e+01 | 48 -0.00629  2.96242e+01
 49 -0.01505  3.31194e+01 | 50  0.00006  2.02832e+01 | 51  0.01155  1.21707e+01
 52  0.00357  1.82901e+01 | 53 -0.00391  2.15005e+01 | 54 -0.01391  2.46788e+01
 55 -0.01602  2.31067e+01 | 56  0.03095 -1.76538e+01 | 57 -0.00125  1.10438e+01
 58 -0.01026  1.11602e+01 | 59 -0.01086  8.17413e+00 | 60 -0.01428  7.17623e+00
 61 -0.00772 -5.18456e+00 | 62  0.00097 -1.68608e+01 | 63 -0.00506 -1.54659e+01
 64  0.00053 -2.76326e+01 | 65 -0.00271 -2.83285e+01 | 66  0.00175 -4.24370e+01
 67 -0.00861 -3.36155e+01 | 68 -0.00533 -4.41251e+01 | 69 -0.00558 -5.05095e+01
 70  0.01199 -7.80095e+01 | 71  0.01029 -8.26984e+01 | 72 -0.02435 -3.61972e+01
 73  0.02370 -1.16810e+02 | 74  0.01161 -7.96516e+01 | 75 -0.02262 -3.78914e+01
 76 -0.01133 -5.15981e+01 | 77  0.01905 -1.32751e+02 | 78  0.02252 -1.49948e+02
 79  0.03815 -1.65619e+02 | 80  0.02689 -1.69501e+02 | 81 -0.00566 -5.20507e+01
 82  0.02736 -1.27274e+02 | 83  0.00641 -7.77265e+01 | 84 -0.00506 -4.35336e+01
 85  0.00131 -5.58922e+01 | 86 -0.00508 -3.94005e+01 | 87  0.00428 -4.04502e+01
 88  0.00773 -6.51571e+01 | 89  0.00776 -4.38284e+01 | 90 -0.03978  7.29228e+00
 91 -0.00374 -2.81807e+01 | 92 -0.02247  1.63898e+00 | 93  0.00825 -3.22635e-01
 94 -0.02683  1.17741e+01 | 95 -0.03361  1.84983e+01 | 96  0.01233  2.75542e+01
 97  0.00843  2.97271e+01 | 98  0.04278  9.72123e+00 | 99  0.06204 -1.04461e+01
100 -0.00445  6.11156e+01 |101 -0.00270  3.76904e+01 |102  0.02496  6.74451e+01
103  0.00091  5.24069e+01 |104 -0.01605  5.09296e+01 |105 -0.00263  5.50244e+01
106 -0.00192  5.52899e+01 |107 -0.01659 -2.68470e+03 |108 -0.00619 -1.26354e+02
109 -0.39847  2.18195e+02 |110  0.05158  8.17250e+00 |111  0.39282  2.02585e-03
111 variables; iteration 40; function evaluation 50; phase 5
Function value 5.8446363e+02; maximum gradient component mag -2.5378e+03
Var    Value     Gradient |Var    Value     Gradient |Var    Value     Gradient
  1 -0.43051  2.06412e+00 |  2 -0.40078 -2.12778e+03 |  3 -0.42914 -1.17229e+03
  4 -0.42100 -2.04490e+01 |  5 -0.45052 -4.40614e+01 |  6  0.74748 -1.21619e+03
  7  0.00011 -2.61831e-01 |  8  0.00004 -9.22931e-02 |  9  0.00005 -1.24332e-01
 10  0.00007 -1.67263e-01 | 11  0.00009 -2.24680e-01 | 12 -0.00154  5.28082e+01
 13 -0.00151  5.27073e+01 | 14 -0.00146  5.25740e+01 | 15 -0.00139  5.23983e+01
 16 -0.00130  5.21679e+01 | 17 -0.00118  5.18673e+01 | 18 -0.00112  5.14795e+01
 19  0.00272  5.08108e+01 | 20 -0.00066  5.03177e+01 | 21 -0.00029  4.94506e+01
 22  0.00018  4.83420e+01 | 23  0.00269  4.70138e+01 | 24  0.00005  4.57475e+01
 25 -0.00181  4.42944e+01 | 26 -0.00392  4.30260e+01 | 27 -0.00420  4.15502e+01
 28  0.00331  3.94894e+01 | 29 -0.00323  3.95959e+01 | 30 -0.00334  3.95369e+01
 31 -0.00247  3.78990e+01 | 32  0.00084  3.58736e+01 | 33  0.00176  3.58512e+01
 34  0.00371  3.45543e+01 | 35  0.00052  3.50550e+01 | 36 -0.00260  3.41838e+01
 37 -0.00627  3.51751e+01 | 38 -0.00755  3.49024e+01 | 39  0.00130  3.16416e+01
 40 -0.01350  3.57078e+01 | 41 -0.00856  3.36131e+01 | 42 -0.00246  3.16049e+01
 43 -0.00733  3.12912e+01 | 44  0.01674  2.07419e+01 | 45 -0.01174  3.47703e+01
 46 -0.00821  2.99913e+01 | 47 -0.00422  2.72549e+01 | 48 -0.00629  2.79400e+01
 49 -0.01577  3.05457e+01 | 50  0.00037  2.04544e+01 | 51  0.01124  1.09760e+01
 52  0.00595  1.93574e+01 | 53 -0.00488  1.91898e+01 | 54 -0.01381  2.35133e+01
 55 -0.01603  2.18510e+01 | 56  0.02775 -2.09391e+01 | 57 -0.00046  1.05857e+01
 58 -0.01132  9.18494e+00 | 59 -0.01153  6.40328e+00 | 60 -0.01529  5.80701e+00
 61 -0.01041 -7.26264e+00 | 62  0.00397 -1.54262e+01 | 63 -0.00440 -1.41186e+01
 64  0.00121 -2.65344e+01 | 65 -0.00438 -2.84914e+01 | 66  0.00333 -3.81461e+01
 67 -0.00491 -3.09727e+01 | 68 -0.00777 -4.44557e+01 | 69 -0.00348 -4.59440e+01
 70  0.01095 -7.71361e+01 | 71  0.00952 -7.94817e+01 | 72 -0.02134 -3.15060e+01
 73  0.02355 -1.13758e+02 | 74  0.00904 -8.39594e+01 | 75 -0.02282 -3.86668e+01
 76 -0.01021 -4.51469e+01 | 77  0.01933 -1.25183e+02 | 78  0.02293 -1.38653e+02
 79  0.03787 -1.57541e+02 | 80  0.02694 -1.66150e+02 | 81 -0.00569 -4.66666e+01
 82  0.02723 -1.26972e+02 | 83  0.00590 -8.10550e+01 | 84 -0.00478 -4.34737e+01
 85  0.00140 -4.51899e+01 | 86 -0.00422 -2.92337e+01 | 87  0.00465 -2.63802e+01
 88  0.00759 -6.89650e+01 | 89  0.00735 -4.59905e+01 | 90 -0.03942  8.36571e+00
 91 -0.00352 -1.09550e+01 | 92 -0.02241  1.13612e+00 | 93  0.00689 -2.75306e+01
 94 -0.02721  3.85772e+00 | 95 -0.03384  2.30313e+01 | 96  0.01233  2.65296e+01
 97  0.00768  2.61088e+01 | 98  0.04290  1.00849e+01 | 99  0.06170 -5.70598e+00
100 -0.00534  4.44984e+01 |101 -0.00340  3.58434e+01 |102  0.02422  5.95404e+01
103 -0.00047  5.00212e+01 |104 -0.01187  5.70732e+01 |105 -0.00215  5.31514e+01
106 -0.00166  5.31074e+01 |107 -0.01666 -2.53781e+03 |108 -0.01298 -1.23247e+02
109 -0.40093  2.09790e+02 |110  0.02604  5.34398e+00 |111  0.39260  2.14753e-03
111 variables; iteration 60; function evaluation 82; phase 5
Function value 5.7786736e+02; maximum gradient component mag -6.4786e+02
Var    Value     Gradient |Var    Value     Gradient |Var    Value     Gradient
  1 -0.44015 -2.75322e+02 |  2 -0.40740 -6.47857e+02 |  3 -0.41305 -3.94266e+02
  4 -0.42010 -8.01644e+00 |  5 -0.41294 -3.27529e+00 |  6  0.75442 -4.04349e+02
  7  0.00013 -2.19327e-02 |  8  0.00005 -5.79253e-04 |  9  0.00007 -2.84429e-03
 10  0.00009 -7.47060e-03 | 11  0.00011 -1.63760e-02 | 12  0.00047  1.56521e+01
 13  0.00051  1.56259e+01 | 14  0.00055  1.55752e+01 | 15  0.00059  1.54810e+01
 16  0.00062  1.53128e+01 | 17  0.00060  1.50276e+01 | 18  0.00046  1.46089e+01
 19  0.00409  1.40954e+01 | 20  0.00018  1.32221e+01 | 21  0.00034  1.27429e+01
 22  0.00095  1.27724e+01 | 23  0.00312  1.21367e+01 | 24  0.00090  1.20992e+01
 25  0.00008  1.26302e+01 | 26 -0.00318  1.04340e+01 | 27 -0.00677  5.07430e+00
 28  0.00208  8.59478e+00 | 29 -0.00583  3.10656e+00 | 30 -0.00200  1.16392e+01
 31 -0.00454  4.81930e+00 | 32  0.00140  8.66445e+00 | 33 -0.00422 -1.85517e-01
 34  0.00751  1.30620e+01 | 35  0.00074  7.71753e+00 | 36 -0.00599  7.76666e-01
 37 -0.00965  1.80563e+00 | 38 -0.01036  2.43586e+00 | 39 -0.00154  1.31213e+00
 40 -0.01304  8.49349e+00 | 41 -0.01413 -2.87752e+00 | 42 -0.00764 -1.52829e+00
 43 -0.01208 -3.37236e+00 | 44  0.01998  1.08849e+01 | 45 -0.01567  8.23050e-01
 46 -0.01082  4.89246e-01 | 47 -0.00705  2.88231e-01 | 48 -0.01039 -1.48849e+00
 49 -0.01106  1.43791e+01 | 50 -0.00045  1.22187e+00 | 51  0.01183 -7.77777e-01
 52  0.00316  2.11679e+00 | 53 -0.00556  1.42234e+00 | 54 -0.00598  1.89463e+01
 55 -0.01936 -2.27358e+00 | 56  0.03155 -7.15984e+00 | 57 -0.01024 -1.09832e+01
 58 -0.00331  1.28151e+01 | 59 -0.00862  4.90135e+00 | 60 -0.01978 -1.12560e+01
 61 -0.00395  5.74663e-01 | 62  0.00029 -6.39577e+00 | 63 -0.00290 -5.45897e+00
 64  0.00214 -8.47480e+00 | 65  0.00281  2.95805e+00 | 66  0.01402  5.87236e+00
 67  0.00036  3.59781e+00 | 68 -0.00667 -1.77659e+01 | 69 -0.00789 -2.83645e+01
 70  0.01337 -1.78992e+01 | 71  0.01194 -1.71413e+01 | 72 -0.02187 -1.13945e+01
 73  0.02000 -3.29267e+01 | 74  0.00661 -2.68490e+01 | 75 -0.02253 -8.79695e+00
 76 -0.01312 -2.23371e+01 | 77  0.02185 -1.63568e+01 | 78  0.02565 -2.30097e+01
 79  0.03541 -4.98228e+01 | 80  0.03287 -5.49280e+00 | 81 -0.00701  6.42222e+00
 82  0.02881 -5.90435e+01 | 83  0.00442 -2.54298e+01 | 84 -0.00320 -2.03978e+01
 85 -0.00148 -2.61157e+01 | 86 -0.00284 -1.41709e+01 | 87 -0.00085 -5.53223e+01
 88  0.01102 -2.32968e+01 | 89  0.00463 -3.98037e+01 | 90 -0.03859 -1.30663e+01
 91 -0.00712 -2.93891e+01 | 92 -0.01986 -4.73816e+00 | 93  0.00497 -1.18368e+01
 94 -0.02422  7.21759e+00 | 95 -0.03716  4.97363e+00 | 96  0.01081 -4.08856e+01
 97  0.00299 -3.03955e+00 | 98  0.04454 -1.95218e+01 | 99  0.05982 -9.92637e-01
100 -0.00585 -3.71139e+00 |101 -0.00638  2.97852e+01 |102  0.02304 -4.34131e+00
103 -0.00656  1.76005e+01 |104 -0.01013  1.37565e+01 |105  0.00022  1.61459e+01
106  0.00032  1.56677e+01 |107 -0.01811 -4.37616e+02 |108 -0.02731 -2.15836e+01
109 -0.40838  3.32279e+01 |110 -0.10664 -6.31439e+00 |111  0.38589  2.20683e-03
111 variables; iteration 80; function evaluation 114; phase 5
Function value 5.6940103e+02; maximum gradient component mag -3.4122e+02
Var    Value     Gradient |Var    Value     Gradient |Var    Value     Gradient
  1 -0.43459  8.06625e+01 |  2 -0.41692 -1.43467e+02 |  3 -0.40296 -4.82729e+01
  4 -0.44220 -8.00549e+00 |  5 -0.37925 -8.03668e+00 |  6  0.80823 -1.45102e+02
  7  0.00017  9.17118e-02 |  8  0.00007  4.32993e-02 |  9  0.00009  5.34574e-02
 10  0.00011  6.32213e-02 | 11  0.00014  6.92709e-02 | 12 -0.00123  6.79825e+00
 13 -0.00106  6.99317e+00 | 14 -0.00087  7.19612e+00 | 15 -0.00069  7.35337e+00
 16 -0.00059  7.34699e+00 | 17 -0.00070  6.96396e+00 | 18 -0.00116  6.14924e+00
 19  0.00183  4.80383e+00 | 20 -0.00318  2.41060e+00 | 21 -0.00305  2.14600e+00
 22 -0.00159  3.85221e+00 | 23  0.00205  5.99836e+00 | 24 -0.00096  5.23922e+00
 25 -0.00007  8.69090e+00 | 26 -0.00463  4.47664e+00 | 27  0.00075  1.33807e+01
 28  0.00108  4.91064e+00 | 29 -0.00745 -1.63949e+00 | 30 -0.00656  1.38016e+00
 31 -0.00551  1.03328e+00 | 32 -0.00373 -6.90059e-01 | 33 -0.00077  2.91510e+00
 34  0.00348  6.85366e+00 | 35  0.00252  9.82496e+00 | 36 -0.00300  4.04158e+00
 37 -0.01054 -1.83700e+00 | 38 -0.00536  8.38956e+00 | 39  0.00431  1.01957e+01
 40 -0.01608 -1.36739e+00 | 41 -0.00624  8.11852e+00 | 42 -0.00311  5.14719e+00
 43 -0.00670  3.78753e+00 | 44  0.01121 -8.28120e+00 | 45 -0.01862 -8.83319e+00
 46 -0.00836  3.07854e+00 | 47 -0.00583  1.27311e+00 | 48 -0.00472  6.79942e+00
 49 -0.01333  6.17505e+00 | 50  0.00551  9.54070e+00 | 51  0.01926  1.20879e+01
 52 -0.00341 -5.60194e+00 | 53 -0.00402  3.16217e+00 | 54 -0.01384  8.98573e-01
 55 -0.01161  1.09698e+01 | 56  0.03074 -7.89574e-01 | 57  0.00047  7.71431e+00
 58 -0.00660  7.13894e+00 | 59 -0.01161 -2.09943e+00 | 60 -0.00834  1.21836e+01
 61 -0.00615  1.82429e-01 | 62  0.00435  6.40618e+00 | 63 -0.00044  5.70630e+00
 64 -0.00275 -1.19495e+01 | 65 -0.00107 -8.33217e-01 | 66 -0.00622 -2.25441e+01
 67 -0.01156 -9.17497e+00 | 68 -0.00194  1.28092e+00 | 69  0.00141  6.75427e+00
 70  0.01276 -3.14888e+00 | 71  0.01150 -2.51630e+00 | 72 -0.02296 -5.17142e+00
 73  0.02057 -5.62313e+00 | 74  0.00577 -5.36767e+00 | 75 -0.02360  3.61265e-01
 76 -0.01213 -1.93726e+00 | 77  0.02035 -1.64840e+01 | 78  0.02558 -1.54859e+01
 79  0.03582 -1.56839e+01 | 80  0.03040 -2.53786e+01 | 81 -0.00907 -1.50100e+01
 82  0.03036 -2.11334e+00 | 83  0.00475 -5.96833e+00 | 84 -0.00334 -6.50191e+00
 85 -0.00054 -3.63774e+00 | 86 -0.00338 -8.90822e+00 | 87  0.00162  6.54511e+00
 88  0.01030 -8.79156e+00 | 89  0.00555 -2.24690e+00 | 90 -0.03761  3.72524e+00
 91 -0.00573 -7.26521e-02 | 92 -0.02007 -3.41220e+00 | 93  0.00557 -7.31698e+00
 94 -0.02469 -5.14320e+00 | 95 -0.03600  2.54658e+00 | 96  0.01450  1.32410e+01
 97  0.00490  6.75256e-01 | 98  0.04600  2.01072e+00 | 99  0.06097 -4.75782e+00
100 -0.00320  1.10539e+01 |101 -0.00569 -4.35027e-01 |102  0.02817  1.22388e+01
103 -0.00301  5.80786e+00 |104 -0.01157  5.83091e+00 |105 -0.00272  5.16229e+00
106 -0.00184  6.05447e+00 |107 -0.02824 -3.41217e+02 |108 -0.04390  5.48540e+00
109 -0.41563 -1.84570e+01 |110 -0.12822  2.80161e+00 |111  0.35322  1.97402e-03
111 variables; iteration 100; function evaluation 151; phase 5
Function value 5.6498929e+02; maximum gradient component mag -1.6118e+02
Var    Value     Gradient |Var    Value     Gradient |Var    Value     Gradient
  1 -0.43566 -3.24959e+01 |  2 -0.42418 -1.14614e+02 |  3 -0.39348 -6.16033e+01
  4 -0.44952  4.24373e+00 |  5 -0.35080  1.34412e+00 |  6  0.89616 -3.58898e+01
  7  0.00029  2.80076e-01 |  8  0.00011  1.11869e-01 |  9  0.00015  1.45278e-01
 10  0.00019  1.85374e-01 | 11  0.00024  2.30066e-01 | 12 -0.00128  1.06278e+00
 13 -0.00109  1.29023e+00 | 14 -0.00090  1.49024e+00 | 15 -0.00078  1.55803e+00
 16 -0.00082  1.34476e+00 | 17 -0.00101  8.51760e-01 | 18 -0.00119  4.73811e-01
 19  0.00317  1.25542e+00 | 20  0.00016  1.92345e+00 | 21 -0.00163 -1.19845e+00
 22  0.00041  1.49691e+00 | 23  0.00287  2.02491e+00 | 24 -0.00027  1.12875e+00
 25 -0.00154  1.13447e+00 | 26 -0.00404 -1.07842e-01 | 27 -0.00074  5.47475e+00
 28  0.00258  2.96353e+00 | 29 -0.00083  4.33281e+00 | 30 -0.00234  3.71376e+00
 31 -0.00156  2.60304e+00 | 32  0.00108  2.06464e+00 | 33  0.00131  1.80672e+00
 34  0.00382  3.58669e+00 | 35  0.00091  3.52347e+00 | 36 -0.00239  4.44628e-01
 37 -0.00433  3.41469e+00 | 38 -0.00594  1.53003e+00 | 39  0.00411  4.18846e+00
 40 -0.00987  3.46448e+00 | 41 -0.00670  1.82776e+00 | 42 -0.00139  2.94832e+00
 43 -0.00431  2.18341e+00 | 44  0.02045  3.99560e+00 | 45 -0.00982  1.49006e+00
 46 -0.00768  3.27974e-02 | 47 -0.00323  2.08132e+00 | 48 -0.00641  3.98228e-01
 49 -0.01270  2.01058e+00 | 50  0.00373 -1.08052e+00 | 51  0.01404  8.28792e-01
 52  0.00305  1.95567e+00 | 53 -0.00116  5.69254e+00 | 54 -0.00899  5.44362e+00
 55 -0.01374 -3.14100e-03 | 56  0.03159  1.64722e+00 | 57 -0.00358 -1.54622e-01
 58 -0.00863  1.22455e+00 | 59 -0.00988 -1.34408e+00 | 60 -0.01354 -2.91986e+00
 61 -0.00434  2.44545e+00 | 62  0.00140  2.70350e+00 | 63 -0.00503 -5.71309e-01
 64  0.00043 -2.97510e+00 | 65 -0.00221 -1.19415e+00 | 66  0.00568  5.73622e+00
 67 -0.00723  3.99542e+00 | 68 -0.00883 -3.84809e+00 | 69 -0.00416 -4.00833e+00
 70  0.01024 -3.14531e+00 | 71  0.00774 -3.28934e+00 | 72 -0.02374  4.72660e-01
 73  0.01637 -5.49156e+00 | 74  0.00169 -4.16835e+00 | 75 -0.02702 -2.83854e+00
 76 -0.01516 -3.94358e+00 | 77  0.01894 -5.59683e+00 | 78  0.02446 -7.44027e+00
 79  0.03318 -7.83060e+00 | 80  0.02945 -5.57535e+00 | 81 -0.01089  9.31927e-01
 82  0.02823 -1.30361e+01 | 83  0.00195 -5.20415e+00 | 84 -0.00469 -3.81873e+00
 85 -0.00330 -4.94140e+00 | 86 -0.00437 -3.12234e+00 | 87 -0.00196 -9.06044e+00
 88  0.00897 -6.41793e+00 | 89  0.00268 -6.38567e+00 | 90 -0.03905 -3.41925e+00
 91 -0.00824 -4.39383e+00 | 92 -0.02046 -1.86105e+00 | 93  0.00370 -1.88971e+00
 94 -0.02470  9.24182e-01 | 95 -0.03774 -4.40799e-01 | 96  0.01321 -8.67317e+00
 97  0.00309 -1.13952e+00 | 98  0.04561 -4.93226e+00 | 99  0.05958 -1.37260e+00
100 -0.00511 -2.22716e+00 |101 -0.00670  3.76757e+00 |102  0.02814 -7.84186e-01
103 -0.00441  3.22386e+00 |104 -0.01030  2.59388e+00 |105 -0.00255 -2.08713e-01
106 -0.00200  1.34776e-01 |107 -0.03695 -1.61184e+02 |108 -0.04985 -8.92084e+00
109 -0.41623  1.80951e+01 |110 -0.18535 -2.71395e+00 |111  0.25250  1.79624e-03
111 variables; iteration 120; function evaluation 189; phase 5
Function value 5.6424487e+02; maximum gradient component mag -1.8670e+02
Var    Value     Gradient |Var    Value     Gradient |Var    Value     Gradient
  1 -0.43515 -3.99425e+00 |  2 -0.42608 -6.62591e+01 |  3 -0.39084 -2.21248e+01
  4 -0.45365 -4.08961e-01 |  5 -0.34487 -1.39639e+00 |  6  0.94508 -1.68604e+01
  7 -0.00024 -5.44262e-01 |  8 -0.00007 -1.68469e-01 |  9 -0.00010 -2.37433e-01
 10 -0.00014 -3.30496e-01 | 11 -0.00019 -4.44753e-01 | 12 -0.00075  1.77359e+00
 13 -0.00112  1.13842e+00 | 14 -0.00136  6.83259e-01 | 15 -0.00114  9.08502e-01
 16 -0.00050  1.73153e+00 | 17 -0.00051  1.52115e+00 | 18 -0.00065  1.20133e+00
 19  0.00379  2.10792e+00 | 20 -0.00078  4.09912e-01 | 21  0.00139  3.31924e+00
 22 -0.00010  7.07870e-01 | 23  0.00281  1.94166e+00 | 24 -0.00004  1.52229e+00
 25 -0.00169  9.38896e-01 | 26 -0.00267  2.07444e+00 | 27 -0.00280  2.15915e+00
 28  0.00215  2.35729e+00 | 29 -0.00231  2.01210e+00 | 30 -0.00435  3.32583e-01
 31 -0.00197  1.98065e+00 | 32  0.00107  2.04816e+00 | 33  0.00151  2.15379e+00
 34  0.00302  2.52982e+00 | 35  0.00056  3.13925e+00 | 36 -0.00221  8.25537e-01
 37 -0.00586  8.78197e-01 | 38 -0.00632  7.99100e-01 | 39  0.00265  1.62132e+00
 40 -0.01100  1.31003e+00 | 41 -0.00675  1.67172e+00 | 42 -0.00258  1.01472e+00
 43 -0.00466  1.47044e+00 | 44  0.01915  1.43899e+00 | 45 -0.01043  2.63198e-01
 46 -0.00526  4.08957e+00 | 47 -0.00334  1.86077e+00 | 48 -0.00514  2.50294e+00
 49 -0.01267  1.66255e+00 | 50  0.00549  2.30345e+00 | 51  0.01540  3.16798e+00
 52  0.00270  1.68206e+00 | 53 -0.00364  1.37700e+00 | 54 -0.01062  2.01929e+00
 55 -0.01279  2.14412e+00 | 56  0.03204  2.90315e+00 | 57 -0.00222  2.32040e+00
 58 -0.00849  1.55321e+00 | 59 -0.00793  2.51452e+00 | 60 -0.01101  2.57004e+00
 61 -0.00501  1.49625e+00 | 62  0.00062  2.42416e+00 | 63 -0.00360  2.87754e+00
 64  0.00211  1.69837e+00 | 65 -0.00108  2.25615e+00 | 66  0.00231  3.34464e-02
 67 -0.00970  9.43714e-01 | 68 -0.00715  1.58295e+00 | 69 -0.00282  2.02845e+00
 70  0.01042  4.87913e-01 | 71  0.00787  1.80087e-02 | 72 -0.02452  4.53365e-01
 73  0.01634 -8.50339e-01 | 74  0.00144 -5.74097e-01 | 75 -0.02716 -2.70440e-01
 76 -0.01526 -9.85594e-01 | 77  0.01869 -4.00512e+00 | 78  0.02442 -5.28320e+00
 79  0.03303 -6.19114e+00 | 80  0.02914 -7.31626e+00 | 81 -0.01132 -2.73058e+00
 82  0.02829 -8.48154e+00 | 83  0.00179 -5.22246e+00 | 84 -0.00491 -4.78842e+00
 85 -0.00341 -5.37333e+00 | 86 -0.00466 -5.52460e+00 | 87 -0.00196 -6.05160e+00
 88  0.00875 -7.70124e+00 | 89  0.00254 -6.56590e+00 | 90 -0.03904 -2.55473e+00
 91 -0.00831 -4.98340e+00 | 92 -0.02059 -3.74022e+00 | 93  0.00360 -5.30766e+00
 94 -0.02483 -2.41582e+00 | 95 -0.03766 -8.35807e-01 | 96  0.01363 -4.48283e+00
 97  0.00324 -1.85914e+00 | 98  0.04578 -5.02579e+00 | 99  0.05966 -4.11722e+00
100 -0.00472 -1.81421e-01 |101 -0.00659  1.19612e+00 |102  0.02887  8.22575e-01
103 -0.00393  2.37269e+00 |104 -0.01062  1.60843e+00 |105 -0.00181  7.98466e-01
106  0.00012  3.30729e+00 |107 -0.03989 -1.86699e+02 |108 -0.05322 -7.94267e-01
109 -0.41814  7.59918e-01 |110 -0.19111 -2.90630e-01 |111  0.15485  3.87208e-03
111 variables; iteration 140; function evaluation 234; phase 5
Function value 5.6386783e+02; maximum gradient component mag -6.6182e+01
Var    Value     Gradient |Var    Value     Gradient |Var    Value     Gradient
  1 -0.43366 -6.39621e+01 |  2 -0.42545  5.25327e-01 |  3 -0.39334  9.07733e+00
  4 -0.45201 -9.40071e+00 |  5 -0.34711 -5.23641e-01 |  6  1.00884  1.62860e+00
  7 -0.00035 -7.06276e-01 |  8 -0.00122 -1.93392e+00 |  9 -0.00099 -1.61059e+00
 10 -0.00034 -6.39622e-01 | 11 -0.00016 -3.93258e-01 | 12 -0.00091  2.14311e-01
 13 -0.00017  1.27789e+00 | 14 -0.00033  9.46340e-01 | 15 -0.00110 -3.58932e-01
 16 -0.00011  1.01027e+00 | 17 -0.00107 -6.55934e-01 | 18 -0.00018  5.99054e-01
 19  0.00356  4.35799e-01 | 20  0.00010  4.36778e-01 | 21  0.00011  7.11339e-02
 22  0.00079  7.18872e-01 | 23  0.00295  8.45619e-01 | 24  0.00040  9.10939e-01
 25 -0.00136  1.91021e-01 | 26 -0.00283  5.38844e-01 | 27 -0.00287  6.70849e-01
 28  0.00207  7.57321e-01 | 29 -0.00251  5.38905e-01 | 30 -0.00319  1.02820e+00
 31 -0.00275 -5.72156e-01 | 32  0.00081  3.44348e-01 | 33  0.00105  1.22934e-01
 34  0.00230  1.44483e-01 | 35 -0.00068  1.90627e-02 | 36 -0.00211 -1.85353e-01
 37 -0.00514  8.36895e-01 | 38 -0.00615 -2.37900e-01 | 39  0.00264  3.68290e-01
 40 -0.01078  2.64114e-01 | 41 -0.00676  3.17587e-01 | 42 -0.00263 -4.12325e-01
 43 -0.00428  8.59983e-01 | 44  0.01945  6.01084e-01 | 45 -0.00968  4.35296e-01
 46 -0.00741 -8.27038e-01 | 47 -0.00330  6.98865e-01 | 48 -0.00607 -1.99713e-01
 49 -0.01278  4.18644e-01 | 50  0.00486 -4.60486e-01 | 51  0.01384 -8.09650e-01
 52  0.00264  3.37620e-01 | 53 -0.00339  7.56740e-01 | 54 -0.01094  4.13362e-01
 55 -0.01339 -4.76201e-01 | 56  0.03082 -5.36095e-01 | 57 -0.00331 -5.62858e-01
 58 -0.00890 -3.01079e-01 | 59 -0.00896 -5.05286e-01 | 60 -0.01217 -1.09925e+00
 61 -0.00500  2.22121e-01 | 62 -0.00069 -1.23470e+00 | 63 -0.00500 -6.98288e-01
 64  0.00139 -7.87335e-01 | 65 -0.00195 -8.50689e-01 | 66  0.00294  2.74408e-01
 67 -0.00899  8.79889e-01 | 68 -0.00807 -1.35337e+00 | 69 -0.00371 -1.66995e+00
 70  0.01027 -1.21414e+00 | 71  0.00783 -1.25761e+00 | 72 -0.02440 -2.37623e-01
 73  0.01661 -1.66059e+00 | 74  0.00153 -1.34567e+00 | 75 -0.02682 -6.35938e-01
 76 -0.01489 -5.82580e-01 | 77  0.01930  2.53850e-01 | 78  0.02500  1.63626e+00
 79  0.03340 -3.23118e+00 | 80  0.02963  1.12548e+00 | 81 -0.01093 -8.10724e-01
 82  0.02883  6.56060e-01 | 83  0.00221 -1.15490e+00 | 84 -0.00439  1.48952e+00
 85 -0.00296 -9.95236e-01 | 86 -0.00401  2.20676e+00 | 87 -0.00152 -1.57055e+00
 88  0.00932  2.30713e+00 | 89  0.00296 -7.92913e-01 | 90 -0.03849  1.20161e+00
 91 -0.00783 -1.16548e+00 | 92 -0.01997  1.97991e+00 | 93  0.00409 -6.33553e-01
 94 -0.02427  1.89488e+00 | 95 -0.03718 -1.17326e+00 | 96  0.01425  7.89016e-01
 97  0.00373 -1.61512e+00 | 98  0.04640  9.82853e-01 | 99  0.06013 -1.44621e+00
100 -0.00442  1.52992e-01 |101 -0.00609 -1.41929e+00 |102  0.02931 -7.52051e-01
103 -0.00375 -3.28701e+00 |104 -0.01032 -4.08409e-01 |105 -0.00195 -7.13492e-01
106 -0.00173 -8.61379e-01 |107 -0.04116 -6.61819e+01 |108 -0.04863 -2.25576e+00
109 -0.41585  5.09604e+00 |110 -0.21743  6.75478e+00 |111 -0.16477 -4.77108e+00
111 variables; iteration 160; function evaluation 255; phase 5
Function value 5.6368006e+02; maximum gradient component mag -1.5985e-03
Var    Value     Gradient |Var    Value     Gradient |Var    Value     Gradient
  1 -0.42956  3.80175e-04 |  2 -0.42285 -7.41841e-04 |  3 -0.40056 -2.69214e-04
  4 -0.44571  1.22329e-04 |  5 -0.35871  3.46060e-06 |  6  1.00003  6.48306e-05
  7  0.00011  3.51726e-06 |  8  0.00004 -7.95382e-06 |  9  0.00005 -4.78093e-07
 10  0.00007  1.01618e-05 | 11  0.00010  7.35757e-06 | 12 -0.00085 -6.52396e-06
 13 -0.00081 -5.76092e-06 | 14 -0.00075  6.43190e-06 | 15 -0.00067 -4.75900e-06
 16 -0.00057 -4.62582e-06 | 17 -0.00045  3.12801e-05 | 18 -0.00038  1.18974e-05
 19  0.00348  1.69323e-05 | 20  0.00002 -4.77125e-07 | 21  0.00028  5.06966e-05
 22  0.00053 -2.23323e-05 | 23  0.00261  2.68091e-05 | 24 -0.00003  9.15734e-06
 25 -0.00140  1.79271e-05 | 26 -0.00311  8.91383e-06 | 27 -0.00312  5.67293e-05
 28  0.00201  5.89667e-05 | 29 -0.00293  4.94127e-05 | 30 -0.00351 -9.08757e-06
 31 -0.00218  3.88428e-05 | 32  0.00083  3.53407e-05 | 33  0.00123  3.27566e-05
 34  0.00242  5.99456e-05 | 35 -0.00062  7.62013e-05 | 36 -0.00200  2.36421e-05
 37 -0.00555  1.35103e-05 | 38 -0.00588  1.92599e-05 | 39  0.00247  3.78792e-05
 40 -0.01073  2.10127e-05 | 41 -0.00675  6.86947e-06 | 42 -0.00212  2.44787e-05
 43 -0.00477  2.81912e-05 | 44  0.01941  4.21655e-05 | 45 -0.00978 -2.83099e-05
 46 -0.00680  6.04570e-05 | 47 -0.00358  3.92429e-05 | 48 -0.00592  4.20106e-05
 49 -0.01305  2.21859e-05 | 50  0.00536  2.09639e-05 | 51  0.01460  5.61097e-05
 52  0.00252  2.78729e-05 | 53 -0.00383  3.83998e-05 | 54 -0.01121  4.62528e-05
 55 -0.01291  2.01158e-05 | 56  0.03118  5.78110e-05 | 57 -0.00315  3.22454e-05
 58 -0.00877  1.60076e-05 | 59 -0.00877  2.76983e-05 | 60 -0.01154  1.98768e-05
 61 -0.00508  2.67988e-05 | 62  0.00019  5.28188e-05 | 63 -0.00498  5.97782e-05
 64  0.00153  8.26834e-06 | 65 -0.00156  3.46945e-05 | 66  0.00255  3.68609e-05
 67 -0.00941  3.89192e-05 | 68 -0.00772  1.98926e-05 | 69 -0.00348  5.55810e-05
 70  0.01042  2.73122e-05 | 71  0.00807 -7.11267e-05 | 72 -0.02460  7.45680e-06
 73  0.01707 -1.78148e-05 | 74  0.00151  1.60075e-04 | 75 -0.02655 -4.73785e-05
 76 -0.01477  1.05310e-05 | 77  0.01946 -2.86851e-05 | 78  0.02503 -7.27088e-05
 79  0.03329 -6.60075e-05 | 80  0.02940 -8.68337e-05 | 81 -0.01112 -8.01497e-06
 82  0.02884 -1.47025e-04 | 83  0.00206 -8.03122e-05 | 84 -0.00446 -7.80185e-05
 85 -0.00311 -9.34915e-05 | 86 -0.00397 -9.16185e-05 | 87 -0.00166 -1.30629e-04
 88  0.00916 -1.35493e-04 | 89  0.00262 -1.20299e-04 | 90 -0.03853 -6.31105e-05
 91 -0.00808 -1.02787e-04 | 92 -0.02007 -7.27867e-05 | 93  0.00380 -8.73811e-05
 94 -0.02448 -4.10978e-05 | 95 -0.03738 -2.48980e-05 | 96  0.01435 -1.24355e-04
 97  0.00358 -4.81886e-05 | 98  0.04648 -9.14067e-05 | 99  0.05987 -6.33128e-05
100 -0.00464 -3.11828e-05 |101 -0.00628  3.23764e-05 |102  0.02907  2.51935e-06
103 -0.00425  5.84894e-05 |104 -0.01018  2.71248e-05 |105 -0.00133 -3.29302e-06
106 -0.00098  3.00595e-05 |107 -0.04106 -1.59849e-03 |108 -0.03910 -4.05448e-05
109 -0.41199  1.06608e-04 |110 -0.25554 -9.93521e-05 |111 -0.20997  8.44236e-05
  ic > imax  in fminim is answer attained ?
Var    Value     Gradient |Var    Value     Gradient |Var    Value     Gradient
  1 -0.42956 -2.05156e-05 |  2 -0.42285 -6.76944e-05 |  3 -0.40056 -2.74417e-05
  4 -0.44571 -5.55395e-06 |  5 -0.35871  1.80840e-07 |  6  1.00003  1.26208e-06
  7  0.00011  1.68034e-06 |  8  0.00004  2.12569e-06 |  9  0.00005  2.10940e-06
 10  0.00007  1.56464e-06 | 11  0.00010  1.45173e-06 | 12 -0.00085  1.93685e-06
 13 -0.00081  9.39222e-07 | 14 -0.00075  2.32238e-06 | 15 -0.00067  3.24918e-06
 16 -0.00057  6.85391e-07 | 17 -0.00045  3.14828e-06 | 18 -0.00038  2.78204e-07
 19  0.00348  3.49915e-06 | 20  0.00002  3.08937e-06 | 21  0.00028  2.78139e-07
 22  0.00053  4.39871e-06 | 23  0.00261  3.29462e-06 | 24 -0.00003  3.38996e-06
 25 -0.00140  2.83854e-06 | 26 -0.00311  4.56042e-06 | 27 -0.00312  2.16412e-06
 28  0.00201  2.33470e-06 | 29 -0.00293  2.18736e-06 | 30 -0.00351  5.53215e-06
 31 -0.00218  8.20567e-07 | 32  0.00083  2.98808e-06 | 33  0.00123  2.75012e-06
 34  0.00242  1.57068e-06 | 35 -0.00062  2.20712e-07 | 36 -0.00200  1.46151e-06
 37 -0.00555  5.07363e-06 | 38 -0.00588  1.78643e-06 | 39  0.00247  2.56911e-06
 40 -0.01073  2.60473e-06 | 41 -0.00675  3.88268e-06 | 42 -0.00212  9.34594e-07
 43 -0.00477  3.76922e-06 | 44  0.01941  3.53172e-06 | 45 -0.00978  4.54179e-06
 46 -0.00680 -8.44612e-07 | 47 -0.00358  3.18862e-06 | 48 -0.00592  9.37614e-07
 49 -0.01305  2.71638e-06 | 50  0.00536  1.19255e-06 | 51  0.01460 -1.60412e-06
 52  0.00252  1.84922e-06 | 53 -0.00383  3.01812e-06 | 54 -0.01121  7.38599e-07
 55 -0.01291 -6.35148e-08 | 56  0.03118 -1.38537e-06 | 57 -0.00315 -1.80843e-07
 58 -0.00877  7.17608e-08 | 59 -0.00877 -8.55590e-07 | 60 -0.01154 -2.34432e-06
 61 -0.00508  9.96042e-07 | 62  0.00019 -3.65843e-06 | 63 -0.00498 -2.55580e-06
 64  0.00153 -1.18837e-06 | 65 -0.00156 -2.97725e-06 | 66  0.00255  1.80122e-06
 67 -0.00941 -3.63304e-07 | 68 -0.00772 -2.59970e-06 | 69 -0.00348 -5.82390e-06
 70  0.01042 -1.02006e-05 | 71  0.00807 -7.70048e-06 | 72 -0.02460 -2.49702e-06
 73  0.01707  2.13239e-06 | 74  0.00151 -7.82263e-06 | 75 -0.02655 -6.97127e-06
 76 -0.01477 -4.98481e-06 | 77  0.01946 -8.76023e-06 | 78  0.02503 -7.72767e-06
 79  0.03329 -1.01941e-05 | 80  0.02940 -7.47978e-06 | 81 -0.01112 -4.53413e-06
 82  0.02884 -7.22585e-06 | 83  0.00206 -3.53605e-06 | 84 -0.00446 -3.50182e-06
 85 -0.00311 -1.40808e-06 | 86 -0.00397 -2.37053e-06 | 87 -0.00166 -1.73553e-06
 88  0.00916 -2.85048e-06 | 89  0.00262 -2.12174e-06 | 90 -0.03853 -3.56013e-07
 91 -0.00808  4.49723e-07 | 92 -0.02007 -2.79891e-07 | 93  0.00380  3.52801e-07
 94 -0.02448 -1.51902e-08 | 95 -0.03738  1.20977e-06 | 96  0.01435  4.64943e-07
 97  0.00358  2.42145e-06 | 98  0.04648 -1.17308e-06 | 99  0.05987  5.80618e-07
100 -0.00464  1.64317e-06 |101 -0.00628  2.21273e-06 |102  0.02907  1.59184e-06
103 -0.00425  1.19468e-06 |104 -0.01018  1.56184e-06 |105 -0.00133 -1.44225e-07
106 -0.00098  2.72604e-06 |107 -0.04106 -1.73624e-04 |108 -0.03910  8.58580e-09
109 -0.41199 -2.05117e-06 |110 -0.25554  2.25253e-06 |111 -0.20997 -3.95174e-06
Function minimizer not making progress ... is minimum attained?
Minimprove criterion = 0.0000e+00

 - final statistics:
111 variables; iteration 164; function evaluation 288
Function value 5.6368e+02; maximum gradient component mag -1.7362e-04
Exit code = 1;  converg criter 1.0000e-04
Var    Value     Gradient |Var    Value     Gradient |Var    Value     Gradient
  1 -0.42956 -2.05156e-05 |  2 -0.42285 -6.76944e-05 |  3 -0.40056 -2.74417e-05
  4 -0.44571 -5.55395e-06 |  5 -0.35871  1.80840e-07 |  6  1.00003  1.26208e-06
  7  0.00011  1.68034e-06 |  8  0.00004  2.12569e-06 |  9  0.00005  2.10940e-06
 10  0.00007  1.56464e-06 | 11  0.00010  1.45173e-06 | 12 -0.00085  1.93685e-06
 13 -0.00081  9.39222e-07 | 14 -0.00075  2.32238e-06 | 15 -0.00067  3.24918e-06
 16 -0.00057  6.85391e-07 | 17 -0.00045  3.14828e-06 | 18 -0.00038  2.78204e-07
 19  0.00348  3.49915e-06 | 20  0.00002  3.08937e-06 | 21  0.00028  2.78139e-07
 22  0.00053  4.39871e-06 | 23  0.00261  3.29462e-06 | 24 -0.00003  3.38996e-06
 25 -0.00140  2.83854e-06 | 26 -0.00311  4.56042e-06 | 27 -0.00312  2.16412e-06
 28  0.00201  2.33470e-06 | 29 -0.00293  2.18736e-06 | 30 -0.00351  5.53215e-06
 31 -0.00218  8.20567e-07 | 32  0.00083  2.98808e-06 | 33  0.00123  2.75012e-06
 34  0.00242  1.57068e-06 | 35 -0.00062  2.20712e-07 | 36 -0.00200  1.46151e-06
 37 -0.00555  5.07363e-06 | 38 -0.00588  1.78643e-06 | 39  0.00247  2.56911e-06
 40 -0.01073  2.60473e-06 | 41 -0.00675  3.88268e-06 | 42 -0.00212  9.34594e-07
 43 -0.00477  3.76922e-06 | 44  0.01941  3.53172e-06 | 45 -0.00978  4.54179e-06
 46 -0.00680 -8.44612e-07 | 47 -0.00358  3.18862e-06 | 48 -0.00592  9.37614e-07
 49 -0.01305  2.71638e-06 | 50  0.00536  1.19255e-06 | 51  0.01460 -1.60412e-06
 52  0.00252  1.84922e-06 | 53 -0.00383  3.01812e-06 | 54 -0.01121  7.38599e-07
 55 -0.01291 -6.35148e-08 | 56  0.03118 -1.38537e-06 | 57 -0.00315 -1.80843e-07
 58 -0.00877  7.17608e-08 | 59 -0.00877 -8.55590e-07 | 60 -0.01154 -2.34432e-06
 61 -0.00508  9.96042e-07 | 62  0.00019 -3.65843e-06 | 63 -0.00498 -2.55580e-06
 64  0.00153 -1.18837e-06 | 65 -0.00156 -2.97725e-06 | 66  0.00255  1.80122e-06
 67 -0.00941 -3.63304e-07 | 68 -0.00772 -2.59970e-06 | 69 -0.00348 -5.82390e-06
 70  0.01042 -1.02006e-05 | 71  0.00807 -7.70048e-06 | 72 -0.02460 -2.49702e-06
 73  0.01707  2.13239e-06 | 74  0.00151 -7.82263e-06 | 75 -0.02655 -6.97127e-06
 76 -0.01477 -4.98481e-06 | 77  0.01946 -8.76023e-06 | 78  0.02503 -7.72767e-06
 79  0.03329 -1.01941e-05 | 80  0.02940 -7.47978e-06 | 81 -0.01112 -4.53413e-06
 82  0.02884 -7.22585e-06 | 83  0.00206 -3.53605e-06 | 84 -0.00446 -3.50182e-06
 85 -0.00311 -1.40808e-06 | 86 -0.00397 -2.37053e-06 | 87 -0.00166 -1.73553e-06
 88  0.00916 -2.85048e-06 | 89  0.00262 -2.12174e-06 | 90 -0.03853 -3.56013e-07
 91 -0.00808  4.49723e-07 | 92 -0.02007 -2.79891e-07 | 93  0.00380  3.52801e-07
 94 -0.02448 -1.51902e-08 | 95 -0.03738  1.20977e-06 | 96  0.01435  4.64943e-07
 97  0.00358  2.42145e-06 | 98  0.04648 -1.17308e-06 | 99  0.05987  5.80618e-07
100 -0.00464  1.64317e-06 |101 -0.00628  2.21273e-06 |102  0.02907  1.59184e-06
103 -0.00425  1.19468e-06 |104 -0.01018  1.56184e-06 |105 -0.00133 -1.44225e-07
106 -0.00098  2.72604e-06 |107 -0.04106 -1.73624e-04 |108 -0.03910  8.58580e-09
109 -0.41199 -2.05117e-06 |110 -0.25554  2.25253e-06 |111 -0.20997 -3.95174e-06

Initial statistics: 112 variables; iteration 0; function evaluation 0; phase 6
Function value 5.6368006e+02; maximum gradient component mag -1.7362e-04
Var    Value     Gradient |Var    Value     Gradient |Var    Value     Gradient
  1 -0.42956 -2.05155e-05 |  2 -0.42285 -6.76944e-05 |  3 -0.40056 -2.74416e-05
  4 -0.44571 -5.55395e-06 |  5 -0.35871  1.80842e-07 |  6  0.99997 -1.26299e-06
  7  0.00011  1.68034e-06 |  8  0.00004  2.12569e-06 |  9  0.00005  2.10940e-06
 10  0.00007  1.56464e-06 | 11  0.00010  1.45173e-06 | 12 -0.00085  2.02525e-06
 13 -0.00081  1.02763e-06 | 14 -0.00075  2.41079e-06 | 15 -0.00067  3.33759e-06
 16 -0.00057  7.73799e-07 | 17 -0.00045  3.23668e-06 | 18 -0.00038  3.66612e-07
 19  0.00348  3.58755e-06 | 20  0.00002  3.17777e-06 | 21  0.00028  3.66547e-07
 22  0.00053  4.48711e-06 | 23  0.00261  3.38303e-06 | 24 -0.00003  3.47836e-06
 25 -0.00140  2.92695e-06 | 26 -0.00311  4.64883e-06 | 27 -0.00312  2.25253e-06
 28  0.00201  2.42311e-06 | 29 -0.00293  2.27576e-06 | 30 -0.00351  5.62056e-06
 31 -0.00218  9.08974e-07 | 32  0.00083  3.07648e-06 | 33  0.00123  2.83853e-06
 34  0.00242  1.65909e-06 | 35 -0.00062  3.09120e-07 | 36 -0.00200  1.54992e-06
 37 -0.00555  5.16203e-06 | 38 -0.00588  1.87483e-06 | 39  0.00247  2.65751e-06
 40 -0.01073  2.69313e-06 | 41 -0.00675  3.97109e-06 | 42 -0.00212  1.02300e-06
 43 -0.00477  3.85762e-06 | 44  0.01941  3.62008e-06 | 45 -0.00978  4.63019e-06
 46 -0.00680 -7.56209e-07 | 47 -0.00358  3.27703e-06 | 48 -0.00592  1.02602e-06
 49 -0.01305  2.80476e-06 | 50  0.00536  1.28095e-06 | 51  0.01460 -1.51573e-06
 52  0.00252  1.93763e-06 | 53 -0.00383  3.10652e-06 | 54 -0.01121  8.26993e-07
 55 -0.01291  2.48748e-08 | 56  0.03118 -1.29707e-06 | 57 -0.00315 -9.24359e-08
 58 -0.00877  1.60160e-07 | 59 -0.00877 -7.67190e-07 | 60 -0.01154 -2.25593e-06
 61 -0.00508  1.08445e-06 | 62  0.00019 -3.57002e-06 | 63 -0.00498 -2.46739e-06
 64  0.00153 -1.09996e-06 | 65 -0.00156 -2.88884e-06 | 66  0.00255  1.88963e-06
 67 -0.00941 -2.74906e-07 | 68 -0.00772 -2.51130e-06 | 69 -0.00348 -5.73549e-06
 70  0.01042 -1.01123e-05 | 71  0.00807 -7.61208e-06 | 72 -0.02460 -2.40868e-06
 73  0.01707  2.22077e-06 | 74  0.00151 -7.73422e-06 | 75 -0.02655 -6.88294e-06
 76 -0.01477 -4.89643e-06 | 77  0.01946 -8.67186e-06 | 78  0.02503 -7.63933e-06
 79  0.03329 -1.01058e-05 | 80  0.02940 -7.39146e-06 | 81 -0.01112 -4.44573e-06
 82  0.02884 -7.13753e-06 | 83  0.00206 -3.44764e-06 | 84 -0.00446 -3.41342e-06
 85 -0.00311 -1.31967e-06 | 86 -0.00397 -2.28212e-06 | 87 -0.00166 -1.64712e-06
 88  0.00916 -2.76208e-06 | 89  0.00262 -2.03334e-06 | 90 -0.03853 -2.67766e-07
 91 -0.00808  5.38124e-07 | 92 -0.02007 -1.91525e-07 | 93  0.00380  4.41208e-07
 94 -0.02448  7.31527e-08 | 95 -0.03738  1.29803e-06 | 96  0.01435  5.53330e-07
 97  0.00358  2.50986e-06 | 98  0.04648 -1.08490e-06 | 99  0.05987  6.68634e-07
100 -0.00464  1.73158e-06 |101 -0.00628  2.30114e-06 |102  0.02907  1.68015e-06
103 -0.00425  1.28308e-06 |104 -0.01018  1.65024e-06 |105 -0.00133 -5.58170e-08
106 -0.00098  2.81445e-06 |107  0.00000  0.00000e+00 |108 -0.04106 -1.73624e-04
109 -0.03910  8.58571e-09 |110 -0.41199 -2.05117e-06 |111 -0.25554  2.25253e-06
112 -0.20997 -3.95174e-06 |
  ic > imax  in fminim is answer attained ?
Var    Value     Gradient |Var    Value     Gradient |Var    Value     Gradient
  1 -0.42956 -2.05155e-05 |  2 -0.42285 -6.76944e-05 |  3 -0.40056 -2.74416e-05
  4 -0.44571 -5.55395e-06 |  5 -0.35871  1.80842e-07 |  6  0.99997 -1.26299e-06
  7  0.00011  1.68034e-06 |  8  0.00004  2.12569e-06 |  9  0.00005  2.10940e-06
 10  0.00007  1.56464e-06 | 11  0.00010  1.45173e-06 | 12 -0.00085  2.02525e-06
 13 -0.00081  1.02763e-06 | 14 -0.00075  2.41079e-06 | 15 -0.00067  3.33759e-06
 16 -0.00057  7.73799e-07 | 17 -0.00045  3.23668e-06 | 18 -0.00038  3.66612e-07
 19  0.00348  3.58755e-06 | 20  0.00002  3.17777e-06 | 21  0.00028  3.66547e-07
 22  0.00053  4.48711e-06 | 23  0.00261  3.38303e-06 | 24 -0.00003  3.47836e-06
 25 -0.00140  2.92695e-06 | 26 -0.00311  4.64883e-06 | 27 -0.00312  2.25253e-06
 28  0.00201  2.42311e-06 | 29 -0.00293  2.27576e-06 | 30 -0.00351  5.62056e-06
 31 -0.00218  9.08974e-07 | 32  0.00083  3.07648e-06 | 33  0.00123  2.83853e-06
 34  0.00242  1.65909e-06 | 35 -0.00062  3.09120e-07 | 36 -0.00200  1.54992e-06
 37 -0.00555  5.16203e-06 | 38 -0.00588  1.87483e-06 | 39  0.00247  2.65751e-06
 40 -0.01073  2.69313e-06 | 41 -0.00675  3.97109e-06 | 42 -0.00212  1.02300e-06
 43 -0.00477  3.85762e-06 | 44  0.01941  3.62008e-06 | 45 -0.00978  4.63019e-06
 46 -0.00680 -7.56209e-07 | 47 -0.00358  3.27703e-06 | 48 -0.00592  1.02602e-06
 49 -0.01305  2.80476e-06 | 50  0.00536  1.28095e-06 | 51  0.01460 -1.51573e-06
 52  0.00252  1.93763e-06 | 53 -0.00383  3.10652e-06 | 54 -0.01121  8.26993e-07
 55 -0.01291  2.48748e-08 | 56  0.03118 -1.29707e-06 | 57 -0.00315 -9.24359e-08
 58 -0.00877  1.60160e-07 | 59 -0.00877 -7.67190e-07 | 60 -0.01154 -2.25593e-06
 61 -0.00508  1.08445e-06 | 62  0.00019 -3.57002e-06 | 63 -0.00498 -2.46739e-06
 64  0.00153 -1.09996e-06 | 65 -0.00156 -2.88884e-06 | 66  0.00255  1.88963e-06
 67 -0.00941 -2.74906e-07 | 68 -0.00772 -2.51130e-06 | 69 -0.00348 -5.73549e-06
 70  0.01042 -1.01123e-05 | 71  0.00807 -7.61208e-06 | 72 -0.02460 -2.40868e-06
 73  0.01707  2.22077e-06 | 74  0.00151 -7.73422e-06 | 75 -0.02655 -6.88294e-06
 76 -0.01477 -4.89643e-06 | 77  0.01946 -8.67186e-06 | 78  0.02503 -7.63933e-06
 79  0.03329 -1.01058e-05 | 80  0.02940 -7.39146e-06 | 81 -0.01112 -4.44573e-06
 82  0.02884 -7.13753e-06 | 83  0.00206 -3.44764e-06 | 84 -0.00446 -3.41342e-06
 85 -0.00311 -1.31967e-06 | 86 -0.00397 -2.28212e-06 | 87 -0.00166 -1.64712e-06
 88  0.00916 -2.76208e-06 | 89  0.00262 -2.03334e-06 | 90 -0.03853 -2.67766e-07
 91 -0.00808  5.38124e-07 | 92 -0.02007 -1.91525e-07 | 93  0.00380  4.41208e-07
 94 -0.02448  7.31527e-08 | 95 -0.03738  1.29803e-06 | 96  0.01435  5.53330e-07
 97  0.00358  2.50986e-06 | 98  0.04648 -1.08490e-06 | 99  0.05987  6.68634e-07
100 -0.00464  1.73158e-06 |101 -0.00628  2.30114e-06 |102  0.02907  1.68015e-06
103 -0.00425  1.28308e-06 |104 -0.01018  1.65024e-06 |105 -0.00133 -5.58170e-08
106 -0.00098  2.81445e-06 |107  0.00000  0.00000e+00 |108 -0.04106 -1.73624e-04
109 -0.03910  8.58571e-09 |110 -0.41199 -2.05117e-06 |111 -0.25554  2.25253e-06
112 -0.20997 -3.95174e-06 |
Function minimizer not making progress ... is minimum attained?
Minimprove criterion = 0.0000e+00
Warning: the following parameters had issues
  SR_parm[1] is within 0.1% of upper bound: 4.0000e+00 < 2.0000e+01 < 2.0000e+01


 - final statistics:
112 variables; iteration 1; function evaluation 30
Function value 5.6368e+02; maximum gradient component mag -1.7362e-04
Exit code = 1;  converg criter 1.0000e-04
Var    Value     Gradient |Var    Value     Gradient |Var    Value     Gradient
  1 -0.42956 -2.05155e-05 |  2 -0.42285 -6.76944e-05 |  3 -0.40056 -2.74416e-05
  4 -0.44571 -5.55395e-06 |  5 -0.35871  1.80842e-07 |  6  0.99997 -1.26299e-06
  7  0.00011  1.68034e-06 |  8  0.00004  2.12569e-06 |  9  0.00005  2.10940e-06
 10  0.00007  1.56464e-06 | 11  0.00010  1.45173e-06 | 12 -0.00085  2.02525e-06
 13 -0.00081  1.02763e-06 | 14 -0.00075  2.41079e-06 | 15 -0.00067  3.33759e-06
 16 -0.00057  7.73799e-07 | 17 -0.00045  3.23668e-06 | 18 -0.00038  3.66612e-07
 19  0.00348  3.58755e-06 | 20  0.00002  3.17777e-06 | 21  0.00028  3.66547e-07
 22  0.00053  4.48711e-06 | 23  0.00261  3.38303e-06 | 24 -0.00003  3.47836e-06
 25 -0.00140  2.92695e-06 | 26 -0.00311  4.64883e-06 | 27 -0.00312  2.25253e-06
 28  0.00201  2.42311e-06 | 29 -0.00293  2.27576e-06 | 30 -0.00351  5.62056e-06
 31 -0.00218  9.08974e-07 | 32  0.00083  3.07648e-06 | 33  0.00123  2.83853e-06
 34  0.00242  1.65909e-06 | 35 -0.00062  3.09120e-07 | 36 -0.00200  1.54992e-06
 37 -0.00555  5.16203e-06 | 38 -0.00588  1.87483e-06 | 39  0.00247  2.65751e-06
 40 -0.01073  2.69313e-06 | 41 -0.00675  3.97109e-06 | 42 -0.00212  1.02300e-06
 43 -0.00477  3.85762e-06 | 44  0.01941  3.62008e-06 | 45 -0.00978  4.63019e-06
 46 -0.00680 -7.56209e-07 | 47 -0.00358  3.27703e-06 | 48 -0.00592  1.02602e-06
 49 -0.01305  2.80476e-06 | 50  0.00536  1.28095e-06 | 51  0.01460 -1.51573e-06
 52  0.00252  1.93763e-06 | 53 -0.00383  3.10652e-06 | 54 -0.01121  8.26993e-07
 55 -0.01291  2.48748e-08 | 56  0.03118 -1.29707e-06 | 57 -0.00315 -9.24359e-08
 58 -0.00877  1.60160e-07 | 59 -0.00877 -7.67190e-07 | 60 -0.01154 -2.25593e-06
 61 -0.00508  1.08445e-06 | 62  0.00019 -3.57002e-06 | 63 -0.00498 -2.46739e-06
 64  0.00153 -1.09996e-06 | 65 -0.00156 -2.88884e-06 | 66  0.00255  1.88963e-06
 67 -0.00941 -2.74906e-07 | 68 -0.00772 -2.51130e-06 | 69 -0.00348 -5.73549e-06
 70  0.01042 -1.01123e-05 | 71  0.00807 -7.61208e-06 | 72 -0.02460 -2.40868e-06
 73  0.01707  2.22077e-06 | 74  0.00151 -7.73422e-06 | 75 -0.02655 -6.88294e-06
 76 -0.01477 -4.89643e-06 | 77  0.01946 -8.67186e-06 | 78  0.02503 -7.63933e-06
 79  0.03329 -1.01058e-05 | 80  0.02940 -7.39146e-06 | 81 -0.01112 -4.44573e-06
 82  0.02884 -7.13753e-06 | 83  0.00206 -3.44764e-06 | 84 -0.00446 -3.41342e-06
 85 -0.00311 -1.31967e-06 | 86 -0.00397 -2.28212e-06 | 87 -0.00166 -1.64712e-06
 88  0.00916 -2.76208e-06 | 89  0.00262 -2.03334e-06 | 90 -0.03853 -2.67766e-07
 91 -0.00808  5.38124e-07 | 92 -0.02007 -1.91525e-07 | 93  0.00380  4.41208e-07
 94 -0.02448  7.31527e-08 | 95 -0.03738  1.29803e-06 | 96  0.01435  5.53330e-07
 97  0.00358  2.50986e-06 | 98  0.04648 -1.08490e-06 | 99  0.05987  6.68634e-07
100 -0.00464  1.73158e-06 |101 -0.00628  2.30114e-06 |102  0.02907  1.68015e-06
103 -0.00425  1.28308e-06 |104 -0.01018  1.65024e-06 |105 -0.00133 -5.58170e-08
106 -0.00098  2.81445e-06 |107  0.00000  0.00000e+00 |108 -0.04106 -1.73624e-04
109 -0.03910  8.58571e-09 |110 -0.41199 -2.05117e-06 |111 -0.25554  2.25253e-06
112 -0.20997 -3.95174e-06 |
size of file gradfil1.tmp = 0
size of file gradfil2.tmp = 0
size of file varssave.tmp = 0
size of file cmpdiff.tmp = 0
