
Initial statistics: 1 variables; iteration 0; function evaluation 0; phase 1
Function value 7.9484581e+02; maximum gradient component mag 1.3014e+04
Var    Value     Gradient |Var    Value     Gradient |Var    Value     Gradient
  1  0.63197  1.30137e+04 |

 - final statistics:
1 variables; iteration 4; function evaluation 7
Function value 7.7998e+02; maximum gradient component mag 6.3485e+00
Exit code = 1;  converg criter 1.0000e+01
Var    Value     Gradient |Var    Value     Gradient |Var    Value     Gradient
  1  0.63002  6.34850e+00 |

Initial statistics: 98 variables; iteration 0; function evaluation 0; phase 2
Function value 7.7997683e+02; maximum gradient component mag -1.6289e+03
Var    Value     Gradient |Var    Value     Gradient |Var    Value     Gradient
  1  0.63002  6.34850e+00 |  2  0.00000 -3.99502e+00 |  3  0.00000 -4.02905e+00
  4  0.00000 -4.07028e+00 |  5  0.00000 -4.12008e+00 |  6  0.00000 -4.18007e+00
  7  0.00000 -4.25204e+00 |  8  0.00000 -4.33988e+00 |  9  0.00000 -4.44420e+00
 10  0.00000 -4.61402e+00 | 11  0.00000 -4.71495e+00 | 12  0.00000 -4.88746e+00
 13  0.00000 -5.08143e+00 | 14  0.00000 -5.30956e+00 | 15  0.00000 -5.56925e+00
 16  0.00000 -5.86886e+00 | 17  0.00000 -6.18764e+00 | 18  0.00000 -6.55186e+00
 19  0.00000 -6.95747e+00 | 20  0.00000 -7.97118e+00 | 21  0.00000 -7.99742e+00
 22  0.00000 -8.85897e+00 | 23  0.00000 -1.15494e+01 | 24  0.00000 -1.17827e+01
 25  0.00000 -1.54538e+01 | 26  0.00000 -2.26510e+01 | 27  0.00000 -2.19291e+01
 28  0.00000 -5.11183e+00 | 29  0.00000 -4.88720e+00 | 30  0.00000 -2.35075e+00
 31  0.00000 -1.17384e+01 | 32  0.00000 -1.57981e+01 | 33  0.00000 -1.21131e+01
 34  0.00000 -1.25069e+01 | 35  0.00000 -7.30568e+01 | 36  0.00000 -2.46582e+01
 37  0.00000 -2.01686e+01 | 38  0.00000 -1.83630e+01 | 39  0.00000 -2.21007e+01
 40  0.00000 -3.44980e-01 | 41  0.00000 -1.88860e+01 | 42  0.00000 -2.70093e+01
 43  0.00000 -3.16647e+01 | 44  0.00000 -5.11734e+01 | 45  0.00000 -1.51410e+01
 46  0.00000 -4.64908e+01 | 47  0.00000 -3.86182e+01 | 48  0.00000 -1.96797e+01
 49  0.00000 -3.20812e+00 | 50  0.00000 -6.01378e+00 | 51  0.00000 -4.10560e+01
 52  0.00000 -4.78730e+01 | 53  0.00000 -2.95595e+01 | 54  0.00000  2.46739e-01
 55  0.00000 -2.28429e+01 | 56  0.00000 -3.19318e+01 | 57  0.00000 -4.44767e+01
 58  0.00000 -6.79372e+01 | 59  0.00000 -6.51528e+01 | 60  0.00000 -3.99412e+01
 61  0.00000 -8.99820e+01 | 62  0.00000  3.37830e+01 | 63  0.00000 -9.58455e+01
 64  0.00000  5.96619e+01 | 65  0.00000 -1.19759e+02 | 66  0.00000 -5.55644e+00
 67  0.00000 -6.06874e+01 | 68  0.00000 -6.36290e+02 | 69  0.00000  4.49892e+02
 70  0.00000  2.87521e+02 | 71  0.00000  3.15506e+02 | 72  0.00000  8.57521e+01
 73  0.00000  9.59330e+02 | 74  0.00000  3.47963e+02 | 75  0.00000 -1.62891e+03
 76  0.00000  6.47184e+02 | 77  0.00000 -8.79310e+02 | 78  0.00000  9.98415e+01
 79  0.00000  3.72829e+02 | 80  0.00000  1.65651e+02 | 81  0.00000  5.91157e+02
 82  0.00000  2.73099e+02 | 83  0.00000  1.60201e+02 | 84  0.00000 -1.00692e+02
 85  0.00000 -2.37635e+02 | 86  0.00000  2.95236e+02 | 87  0.00000  1.64700e+02
 88  0.00000 -3.95298e+02 | 89  0.00000  5.08792e+02 | 90  0.00000 -1.04038e+02
 91  0.00000 -2.74211e+02 | 92  0.00000  4.78505e+02 | 93  0.00000 -6.12570e+02
 94  0.00000  2.04798e+01 | 95  0.00000 -3.49025e+00 | 96  0.00000 -3.83786e+00
 97 -0.03546  1.37764e+02 | 98 -0.31026  3.35121e+01 |

Intermediate statistics: 98 variables; iteration 20; function evaluation 34; phase 2
Function value 6.0952254e+02; maximum gradient component mag 2.7878e+03
Var    Value     Gradient |Var    Value     Gradient |Var    Value     Gradient
  1  0.61969  2.78782e+03 |  2 -0.00521 -9.53690e+01 |  3 -0.00523 -9.51090e+01
  4 -0.00525 -9.47928e+01 |  5 -0.00527 -9.44089e+01 |  6 -0.00530 -9.39433e+01
  7 -0.00533 -9.33797e+01 |  8 -0.00537 -9.26968e+01 |  9 -0.00540 -9.18746e+01
 10 -0.00539 -9.08406e+01 | 11 -0.00549 -8.97046e+01 | 12 -0.00552 -8.82967e+01
 13 -0.00556 -8.66351e+01 | 14 -0.00559 -8.46798e+01 | 15 -0.00560 -8.24044e+01
 16 -0.00558 -7.97848e+01 | 17 -0.00554 -7.68162e+01 | 18 -0.00545 -7.34994e+01
 19 -0.00532 -6.98612e+01 | 20 -0.00494 -6.61053e+01 | 21 -0.00489 -6.18329e+01
 22 -0.00459 -5.75368e+01 | 23 -0.00340 -5.64811e+01 | 24 -0.00339 -5.16521e+01
 25 -0.00276 -4.84645e+01 | 26 -0.00128 -4.64962e+01 | 27 -0.00140 -3.98094e+01
 28 -0.00321 -2.11820e+01 | 29 -0.00370 -1.57029e+01 | 30 -0.00468 -8.58029e+00
 31 -0.00277 -4.72853e+00 | 32 -0.00202  2.92529e-01 | 33 -0.00333  7.81900e+00
 34 -0.00367  1.54586e+01 | 35  0.01717  4.69455e+01 | 36 -0.00049  3.41152e+01
 37 -0.00207  4.03019e+01 | 38 -0.00346  4.53086e+01 | 39 -0.00280  5.28299e+01
 40 -0.01017  5.24710e+01 | 41 -0.00493  6.58009e+01 | 42 -0.00240  7.42875e+01
 43 -0.00227  7.82631e+01 | 44  0.00236  8.61658e+01 | 45 -0.00674  8.65480e+01
 46  0.00133  9.64917e+01 | 47 -0.00092  9.42758e+01 | 48 -0.00551  9.32625e+01
 49 -0.00832  9.63424e+01 | 50 -0.00668  1.03562e+02 | 51  0.00197  1.07099e+02
 52  0.00658  1.11846e+02 | 53  0.00450  1.14974e+02 | 54  0.00110  1.22250e+02
 55  0.00816  1.34421e+02 | 56  0.01554  1.52001e+02 | 57  0.02053  1.55227e+02
 58  0.02086  1.29476e+02 | 59  0.01485  9.76733e+01 | 60  0.01173  1.05499e+02
 61  0.02061  1.15784e+02 | 62  0.00139  1.10955e+02 | 63  0.02657  1.55555e+02
 64 -0.00118  1.09290e+02 | 65  0.02316  1.43560e+02 | 66  0.01245  1.63508e+02
 67  0.00620  6.40481e+01 | 68  0.02792 -7.86066e+01 | 69 -0.00943  1.62695e+02
 70 -0.00729  1.27392e+02 | 71 -0.00660  9.87139e+01 | 72 -0.00117  1.00291e+00
 73 -0.02870  2.28524e+02 | 74 -0.00763  8.41739e+01 | 75  0.04696 -3.79026e+02
 76 -0.03450  1.41910e+02 | 77  0.02186 -4.98241e+02 | 78 -0.00350 -3.91769e+01
 79 -0.00755  5.09939e+01 | 80 -0.00570 -3.99110e+01 | 81 -0.01525  1.04620e+02
 82 -0.00825 -9.38743e+00 | 83 -0.00423 -5.48675e+01 | 84  0.00703 -1.16608e+02
 85  0.00895 -1.80319e+02 | 86 -0.01106 -1.80926e+01 | 87 -0.00217 -3.36754e+01
 88  0.02148 -1.87564e+02 | 89 -0.01449  5.32304e+01 | 90  0.01534 -9.51486e+01
 91  0.01952 -1.42863e+02 | 92 -0.03861 -1.38847e+01 | 93  0.04143 -1.57253e+02
 94 -0.00604 -7.71757e+01 | 95 -0.00578 -9.71302e+01 | 96 -0.00513 -9.65529e+01
 97 -0.05362  1.47086e+02 | 98 -0.30737  2.38773e+01 |
98 variables; iteration 40; function evaluation 61; phase 2
Function value 5.9307752e+02; maximum gradient component mag 3.3786e+03
Var    Value     Gradient |Var    Value     Gradient |Var    Value     Gradient
  1  0.62005  3.37862e+03 |  2  0.00207 -1.03298e+02 |  3  0.00179 -1.03332e+02
  4  0.00148 -1.03351e+02 |  5  0.00111 -1.03344e+02 |  6  0.00071 -1.03291e+02
  7  0.00026 -1.03168e+02 |  8 -0.00021 -1.02934e+02 |  9 -0.00070 -1.02546e+02
 10 -0.00113 -1.01899e+02 | 11 -0.00164 -1.01048e+02 | 12 -0.00205 -9.97875e+01
 13 -0.00238 -9.80851e+01 | 14 -0.00262 -9.58783e+01 | 15 -0.00278 -9.31460e+01
 16 -0.00288 -8.99161e+01 | 17 -0.00297 -8.62739e+01 | 18 -0.00310 -8.23421e+01
 19 -0.00330 -7.82497e+01 | 20 -0.00313 -7.36687e+01 | 21 -0.00389 -6.99001e+01
 22 -0.00416 -6.54708e+01 | 23 -0.00233 -6.18285e+01 | 24 -0.00382 -5.90751e+01
 25 -0.00327 -5.43637e+01 | 26 -0.00121 -4.88592e+01 | 27 -0.00494 -4.98521e+01
 28 -0.00888 -3.69314e+01 | 29 -0.00822 -2.69384e+01 | 30 -0.00877 -1.74419e+01
 31 -0.00792 -1.47209e+01 | 32 -0.00702 -7.38280e+00 | 33 -0.00767  3.23592e+00
 34 -0.00764  1.31135e+01 | 35  0.00884  3.38310e+01 | 36 -0.00465  3.34074e+01
 37 -0.00576  4.17471e+01 | 38 -0.00653  4.93678e+01 | 39 -0.00566  5.82924e+01
 40 -0.01204  5.90551e+01 | 41 -0.00674  7.37192e+01 | 42 -0.00374  8.51026e+01
 43 -0.00241  9.44830e+01 | 44  0.00319  1.09366e+02 | 45 -0.00623  1.01634e+02
 46  0.00336  1.20113e+02 | 47  0.00257  1.22541e+02 | 48 -0.00202  1.18158e+02
 49 -0.00531  1.16343e+02 | 50 -0.00403  1.21543e+02 | 51  0.00546  1.30808e+02
 52  0.00901  1.31225e+02 | 53  0.00568  1.25124e+02 | 54  0.00027  1.18952e+02
 55  0.00847  1.37821e+02 | 56  0.01468  1.48417e+02 | 57  0.02098  1.60289e+02
 58  0.02500  1.56701e+02 | 59  0.02018  1.30894e+02 | 60  0.01445  1.22349e+02
 61  0.02300  1.34786e+02 | 62  0.00101  1.06972e+02 | 63  0.02477  1.47937e+02
 64 -0.00596  7.67607e+01 | 65  0.01914  1.08527e+02 | 66  0.00691  1.10285e+02
 67  0.00416  6.23470e+01 | 68  0.03148  7.05271e+01 | 69 -0.01782  2.83536e+01
 70 -0.01540  1.50645e+01 | 71 -0.01177  2.98334e+01 | 72  0.00039  5.07364e+01
 73 -0.04295  1.15310e+01 | 74 -0.01099  6.94635e+00 | 75  0.05792  8.74332e+01
 76 -0.04736  2.09449e+01 | 77  0.03748  2.15841e+01 | 78 -0.00409 -2.51074e+01
 79 -0.01061 -1.78141e+01 | 80 -0.00655 -4.07122e+01 | 81 -0.02326 -5.05993e+01
 82 -0.01094 -5.11346e+01 | 83 -0.00484 -4.69292e+01 | 84  0.00939 -6.43022e+01
 85  0.01262 -7.51976e+01 | 86 -0.01320 -5.13510e+01 | 87 -0.00446 -8.38336e+01
 88  0.02650 -8.39529e+01 | 89 -0.02277 -8.55499e+01 | 90  0.01532 -1.16230e+02
 91  0.02139 -1.12903e+02 | 92 -0.04691 -7.77499e+01 | 93  0.04116 -1.69514e+02
 94 -0.01411 -1.12211e+02 | 95  0.00204 -1.04747e+02 | 96  0.00350 -1.02927e+02
 97 -0.04907  2.26647e+02 | 98 -0.31371  2.77511e+00 |
98 variables; iteration 60; function evaluation 90; phase 2
Function value 5.9217422e+02; maximum gradient component mag 2.9131e+03
Var    Value     Gradient |Var    Value     Gradient |Var    Value     Gradient
  1  0.61901  2.91314e+03 |  2 -0.00185 -9.45288e+01 |  3 -0.00204 -9.45065e+01
  4 -0.00210 -9.42050e+01 |  5 -0.00197 -9.35336e+01 |  6 -0.00163 -9.24183e+01
  7 -0.00108 -9.08345e+01 |  8 -0.00037 -8.88527e+01 |  9  0.00035 -8.66485e+01
 10  0.00090 -8.45617e+01 | 11  0.00104 -8.27969e+01 | 12  0.00065 -8.17056e+01
 13 -0.00024 -8.12163e+01 | 14 -0.00142 -8.09620e+01 | 15 -0.00256 -8.03872e+01
 16 -0.00338 -7.89789e+01 | 17 -0.00381 -7.65489e+01 | 18 -0.00395 -7.32935e+01
 19 -0.00402 -6.96390e+01 | 20 -0.00377 -6.56499e+01 | 21 -0.00428 -6.20555e+01
 22 -0.00432 -5.79097e+01 | 23 -0.00234 -5.44038e+01 | 24 -0.00338 -5.12588e+01
 25 -0.00218 -4.59165e+01 | 26  0.00103 -3.87415e+01 | 27 -0.00264 -3.98255e+01
 28 -0.00788 -3.05323e+01 | 29 -0.00952 -2.83537e+01 | 30 -0.01266 -2.77001e+01
 31 -0.00692 -1.16869e+01 | 32 -0.00643 -6.94995e+00 | 33 -0.00975 -6.00090e+00
 34 -0.00841  6.77126e+00 | 35  0.01013  2.85503e+01 | 36 -0.00336  3.07993e+01
 37 -0.00434  3.89707e+01 | 38 -0.00607  4.20085e+01 | 39 -0.00618  4.54782e+01
 40 -0.01275  4.67351e+01 | 41 -0.00758  5.77558e+01 | 42 -0.00405  6.91452e+01
 43 -0.00241  7.86778e+01 | 44  0.00392  9.36148e+01 | 45 -0.00588  8.81916e+01
 46  0.00413  1.03156e+02 | 47  0.00318  1.05074e+02 | 48 -0.00181  1.01187e+02
 49 -0.00560  9.86728e+01 | 50 -0.00481  1.00938e+02 | 51  0.00611  1.12730e+02
 52  0.01170  1.21780e+02 | 53  0.00781  1.16038e+02 | 54  0.00153  1.09615e+02
 55  0.01018  1.28982e+02 | 56  0.01247  1.17908e+02 | 57  0.01835  1.25540e+02
 58  0.02492  1.33990e+02 | 59  0.02050  1.14912e+02 | 60  0.01566  1.16044e+02
 61  0.02369  1.20406e+02 | 62 -0.00004  9.12319e+01 | 63  0.02421  1.21257e+02
 64 -0.00381  8.20249e+01 | 65  0.02101  1.08039e+02 | 66  0.00603  8.50769e+01
 67  0.00594  7.37536e+01 | 68  0.03412  1.14038e+02 | 69 -0.01716  3.02636e+01
 70 -0.01419  2.88928e+01 | 71 -0.01150  2.30604e+01 | 72 -0.00016  3.19216e+01
 73 -0.04479 -1.40047e+01 | 74 -0.01163 -4.28546e+00 | 75  0.05945  1.20641e+02
 76 -0.05271 -1.08325e+01 | 77  0.03844  3.80636e+01 | 78 -0.00416 -2.36438e+01
 79 -0.01130 -3.33638e+01 | 80 -0.00613 -3.15555e+01 | 81 -0.02339 -5.05109e+01
 82 -0.01072 -4.29481e+01 | 83 -0.00504 -5.14026e+01 | 84  0.00980 -5.29939e+01
 85  0.01325 -5.96197e+01 | 86 -0.01483 -6.33033e+01 | 87 -0.00439 -7.79478e+01
 88  0.02640 -8.16634e+01 | 89 -0.02307 -8.15742e+01 | 90  0.01625 -9.71939e+01
 91  0.02223 -9.80400e+01 | 92 -0.04939 -7.98591e+01 | 93  0.04419 -1.15341e+02
 94 -0.01261 -9.52137e+01 | 95 -0.00046 -9.34521e+01 | 96  0.00168 -9.05518e+01
 97 -0.04842  1.99933e+02 | 98 -0.30907  1.50444e+01 |
Maximum number of function evaluations exceeded

 - final statistics:
98 variables; iteration 67; function evaluation 100
Function value 5.9195e+02; maximum gradient component mag 2.7885e+03
Exit code = 3;  converg criter 1.0000e+01
Var    Value     Gradient |Var    Value     Gradient |Var    Value     Gradient
  1  0.61893  2.78848e+03 |  2  0.00026 -8.72583e+01 |  3 -0.00003 -8.73817e+01
  4 -0.00044 -8.76206e+01 |  5 -0.00094 -8.79218e+01 |  6 -0.00145 -8.81575e+01
  7 -0.00184 -8.81086e+01 |  8 -0.00194 -8.74885e+01 |  9 -0.00161 -8.60385e+01
 10 -0.00087 -8.37726e+01 | 11  0.00004 -8.08622e+01 | 12  0.00058 -7.82785e+01
 13  0.00027 -7.68221e+01 | 14 -0.00101 -7.67981e+01 | 15 -0.00280 -7.75005e+01
 16 -0.00423 -7.74300e+01 | 17 -0.00464 -7.52416e+01 | 18 -0.00405 -7.08223e+01
 19 -0.00323 -6.55201e+01 | 20 -0.00248 -6.05838e+01 | 21 -0.00307 -5.72525e+01
 22 -0.00341 -5.39358e+01 | 23 -0.00370 -5.57233e+01 | 24 -0.00287 -4.85085e+01
 25 -0.00154 -4.30979e+01 | 26  0.00146 -3.68086e+01 | 27 -0.00119 -3.55336e+01
 28 -0.00910 -3.31667e+01 | 29 -0.00877 -2.58616e+01 | 30 -0.01201 -2.55331e+01
 31 -0.00597 -9.19096e+00 | 32 -0.00512 -3.55460e+00 | 33 -0.00963 -6.23265e+00
 34 -0.00778  7.72441e+00 | 35  0.01031  2.61752e+01 | 36 -0.00260  3.18331e+01
 37 -0.00579  3.19396e+01 | 38 -0.00751  3.44815e+01 | 39 -0.00597  4.40168e+01
 40 -0.01246  4.64085e+01 | 41 -0.00690  5.85052e+01 | 42 -0.00440  6.49414e+01
 43 -0.00351  7.07241e+01 | 44  0.00378  8.90929e+01 | 45 -0.00652  8.27257e+01
 46  0.00397  9.84535e+01 | 47  0.00334  1.01724e+02 | 48 -0.00220  9.60576e+01
 49 -0.00586  9.45937e+01 | 50 -0.00438  1.00179e+02 | 51  0.00625  1.09455e+02
 52  0.01214  1.19301e+02 | 53  0.00849  1.15468e+02 | 54  0.00195  1.08860e+02
 55  0.00916  1.19897e+02 | 56  0.01261  1.15150e+02 | 57  0.01847  1.22304e+02
 58  0.02463  1.28551e+02 | 59  0.02150  1.17020e+02 | 60  0.01547  1.12171e+02
 61  0.02402  1.19417e+02 | 62 -0.00017  8.96172e+01 | 63  0.02391  1.15592e+02
 64 -0.00368  8.22629e+01 | 65  0.02089  1.03817e+02 | 66  0.00571  8.01759e+01
 67  0.00605  7.41329e+01 | 68  0.03461  1.22701e+02 | 69 -0.01744  2.58020e+01
 70 -0.01404  3.04527e+01 | 71 -0.01156  2.15348e+01 | 72 -0.00024  2.88388e+01
 73 -0.04532 -1.91632e+01 | 74 -0.01154 -3.65799e+00 | 75  0.05952  1.15474e+02
 76 -0.05405 -1.82945e+01 | 77  0.03863  4.28328e+01 | 78 -0.00399 -2.05335e+01
 79 -0.01164 -3.88376e+01 | 80 -0.00617 -3.23164e+01 | 81 -0.02361 -5.24825e+01
 82 -0.01090 -4.49301e+01 | 83 -0.00521 -5.26611e+01 | 84  0.00972 -5.37584e+01
 85  0.01323 -5.73519e+01 | 86 -0.01525 -6.59732e+01 | 87 -0.00449 -7.54377e+01
 88  0.02633 -8.01922e+01 | 89 -0.02331 -7.96460e+01 | 90  0.01633 -9.18192e+01
 91  0.02207 -9.49676e+01 | 92 -0.05049 -8.08807e+01 | 93  0.04399 -1.10020e+02
 94 -0.01211 -8.99064e+01 | 95 -0.00013 -8.88756e+01 | 96 -0.00055 -8.98577e+01
 97 -0.04885  1.87989e+02 | 98 -0.31053  1.12332e+01 |

Initial statistics: 100 variables; iteration 0; function evaluation 0; phase 3
Function value 5.9194850e+02; maximum gradient component mag 2.7840e+03
Var    Value     Gradient |Var    Value     Gradient |Var    Value     Gradient
  1  0.61893  2.78399e+03 |  2  0.00026 -8.70730e+01 |  3 -0.00003 -8.72154e+01
  4 -0.00044 -8.74801e+01 |  5 -0.00094 -8.78103e+01 |  6 -0.00145 -8.80709e+01
  7 -0.00184 -8.80337e+01 |  8 -0.00194 -8.74040e+01 |  9 -0.00161 -8.59235e+01
 10 -0.00087 -8.36225e+01 | 11  0.00004 -8.06979e+01 | 12  0.00058 -7.81462e+01
 13  0.00027 -7.67553e+01 | 14 -0.00102 -7.67810e+01 | 15 -0.00280 -7.74686e+01
 16 -0.00423 -7.73178e+01 | 17 -0.00464 -7.50453e+01 | 18 -0.00405 -7.06183e+01
 19 -0.00323 -6.53946e+01 | 20 -0.00248 -6.05630e+01 | 21 -0.00307 -5.72542e+01
 22 -0.00341 -5.39355e+01 | 23 -0.00370 -5.55503e+01 | 24 -0.00288 -4.84965e+01
 25 -0.00154 -4.31128e+01 | 26  0.00146 -3.68226e+01 | 27 -0.00119 -3.54619e+01
 28 -0.00910 -3.32115e+01 | 29 -0.00877 -2.58719e+01 | 30 -0.01201 -2.55562e+01
 31 -0.00597 -9.19177e+00 | 32 -0.00512 -3.56573e+00 | 33 -0.00963 -6.30527e+00
 34 -0.00778  7.80731e+00 | 35  0.01031  2.61073e+01 | 36 -0.00260  3.16897e+01
 37 -0.00579  3.17166e+01 | 38 -0.00751  3.44790e+01 | 39 -0.00597  4.39469e+01
 40 -0.01246  4.62629e+01 | 41 -0.00690  5.82449e+01 | 42 -0.00440  6.48647e+01
 43 -0.00351  7.07540e+01 | 44  0.00378  8.87681e+01 | 45 -0.00652  8.24043e+01
 46  0.00397  9.83005e+01 | 47  0.00334  1.01633e+02 | 48 -0.00220  9.58753e+01
 49 -0.00586  9.43845e+01 | 50 -0.00438  1.00084e+02 | 51  0.00625  1.09203e+02
 52  0.01214  1.19092e+02 | 53  0.00849  1.15399e+02 | 54  0.00195  1.08688e+02
 55  0.00916  1.19725e+02 | 56  0.01261  1.15044e+02 | 57  0.01847  1.22124e+02
 58  0.02463  1.28195e+02 | 59  0.02150  1.16961e+02 | 60  0.01547  1.12005e+02
 61  0.02402  1.19291e+02 | 62 -0.00017  8.96363e+01 | 63  0.02391  1.15409e+02
 64 -0.00368  8.22260e+01 | 65  0.02089  1.03681e+02 | 66  0.00571  8.00601e+01
 67  0.00605  7.41048e+01 | 68  0.03461  1.22680e+02 | 69 -0.01744  2.57407e+01
 70 -0.01404  3.04621e+01 | 71 -0.01156  2.15096e+01 | 72 -0.00024  2.87933e+01
 73 -0.04532 -1.91795e+01 | 74 -0.01154 -3.63675e+00 | 75  0.05952  1.15261e+02
 76 -0.05405 -1.83388e+01 | 77  0.03863  4.28697e+01 | 78 -0.00399 -2.04733e+01
 79 -0.01164 -3.88718e+01 | 80 -0.00617 -3.22914e+01 | 81 -0.02361 -5.24584e+01
 82 -0.01090 -4.49068e+01 | 83 -0.00521 -5.26222e+01 | 84  0.00972 -5.37242e+01
 85  0.01323 -5.72713e+01 | 86 -0.01525 -6.59298e+01 | 87 -0.00449 -7.53376e+01
 88  0.02633 -8.01188e+01 | 89 -0.02331 -7.95360e+01 | 90  0.01633 -9.16770e+01
 91  0.02207 -9.48470e+01 | 92 -0.05049 -8.08070e+01 | 93  0.04399 -1.09871e+02
 94 -0.01211 -8.97477e+01 | 95 -0.00013 -8.87116e+01 | 96 -0.00055 -8.97699e+01
 97 -0.04885  1.87680e+02 | 98 -0.41581 -2.60714e+02 | 99 -0.31053  1.11708e+01
100 -0.25275 -5.24082e+01 |

Intermediate statistics: 100 variables; iteration 20; function evaluation 30; phase 3
Function value 5.8781441e+02; maximum gradient component mag 3.2446e+02
Var    Value     Gradient |Var    Value     Gradient |Var    Value     Gradient
  1  0.62110  3.24460e+02 |  2  0.00055 -6.22370e+00 |  3  0.00056 -6.18350e+00
  4  0.00059 -6.12278e+00 |  5  0.00062 -6.04710e+00 |  6  0.00065 -5.97158e+00
  7  0.00066 -5.92313e+00 |  8  0.00063 -5.93750e+00 |  9  0.00053 -6.04709e+00
 10  0.00039 -6.24837e+00 | 11  0.00014 -6.51765e+00 | 12 -0.00005 -6.72126e+00
 13 -0.00013 -6.74602e+00 | 14 -0.00008 -6.54413e+00 | 15  0.00005 -6.20784e+00
 16  0.00012 -5.94129e+00 | 17  0.00000 -5.93140e+00 | 18 -0.00029 -6.19711e+00
 19 -0.00065 -6.55423e+00 | 20 -0.00058 -6.80501e+00 | 21 -0.00102 -6.83165e+00
 22 -0.00093 -6.76758e+00 | 23  0.00098 -6.10861e+00 | 24  0.00021 -6.55854e+00
 25  0.00197 -6.40505e+00 | 26  0.00648 -5.87280e+00 | 27  0.00552 -5.22894e+00
 28 -0.00563 -6.32314e+00 | 29 -0.00619 -6.62255e+00 | 30 -0.00796 -5.87733e+00
 31 -0.00421 -6.49102e+00 | 32 -0.00150 -5.51929e+00 | 33 -0.00374 -4.31081e+00
 34 -0.00569 -5.41099e+00 | 35  0.03050  1.00464e+01 | 36 -0.00154 -3.59233e+00
 37 -0.00362 -2.76775e+00 | 38 -0.00426 -1.70447e+00 | 39 -0.00200 -1.81963e-01
 40 -0.01528 -5.06245e+00 | 41 -0.00627  1.31344e-03 | 42 -0.00014  4.10629e+00
 43  0.00093  6.43839e+00 | 44  0.01394  1.45788e+01 | 45 -0.01108  7.74405e-01
 46  0.01151  1.62665e+01 | 47  0.00686  1.51647e+01 | 48 -0.00646  8.27130e+00
 49 -0.01564  3.34382e+00 | 50 -0.01508  3.73298e+00 | 51  0.00780  2.25969e+01
 52  0.01825  3.06828e+01 | 53  0.00277  2.04716e+01 | 54 -0.01488  7.81696e+00
 55 -0.00283  1.42839e+01 | 56  0.00461  2.32168e+01 | 57  0.01375  3.01349e+01
 58  0.02505  4.04968e+01 | 59  0.01949  3.63935e+01 | 60  0.00836  2.54431e+01
 61  0.02344  4.21358e+01 | 62 -0.01849  6.17383e+00 | 63  0.02352  4.34786e+01
 64 -0.01800  7.56236e+00 | 65  0.02014  4.39477e+01 | 66  0.00168  2.61903e+01
 67  0.00306  2.54321e+01 | 68  0.03531  8.13087e+01 | 69 -0.01870  1.88211e+01
 70 -0.01628  1.51958e+01 | 71 -0.01203  1.83733e+01 | 72 -0.00026  3.43184e+01
 73 -0.04724 -2.38161e+00 | 74 -0.01181  2.06881e+01 | 75  0.05833 -3.11836e+01
 76 -0.06086 -5.32466e+00 | 77  0.03813  3.51490e+00 | 78 -0.00483  3.79207e+00
 79 -0.01176 -1.93469e+00 | 80 -0.00727 -3.52293e+00 | 81 -0.02400 -6.62131e+00
 82 -0.01218 -6.44948e+00 | 83 -0.00579 -1.20853e+01 | 84  0.00875 -1.17223e+01
 85  0.01277 -1.40618e+01 | 86 -0.01650 -8.24384e+00 | 87 -0.00458 -8.68816e+00
 88  0.02580 -1.64424e+01 | 89 -0.02341 -6.01967e+00 | 90  0.01701 -5.46198e-01
 91  0.02306 -3.71201e+00 | 92 -0.05207 -6.90409e+00 | 93  0.04585 -5.54290e+00
 94 -0.01209 -5.61964e+00 | 95  0.00039 -6.09891e+00 | 96  0.00074 -5.99789e+00
 97 -0.05390  6.51364e+00 | 98 -0.41691  1.48867e-01 | 99 -0.29026  1.01094e+00
100 -0.24026  4.58715e+00 |
100 variables; iteration 40; function evaluation 53; phase 3
Function value 5.8751949e+02; maximum gradient component mag -4.8253e+02
Var    Value     Gradient |Var    Value     Gradient |Var    Value     Gradient
  1  0.62070 -4.82533e+02 |  2 -0.00030  1.35802e+01 |  3 -0.00040  1.33746e+01
  4 -0.00053  1.30976e+01 |  5 -0.00069  1.27646e+01 |  6 -0.00085  1.24155e+01
  7 -0.00097  1.21177e+01 |  8 -0.00098  1.19520e+01 |  9 -0.00085  1.19770e+01
 10 -0.00057  1.21493e+01 | 11 -0.00028  1.23780e+01 | 12 -0.00010  1.23528e+01
 13 -0.00019  1.18793e+01 | 14 -0.00054  1.09559e+01 | 15 -0.00099  9.83448e+00
 16 -0.00129  8.87499e+00 | 17 -0.00132  8.28253e+00 | 18 -0.00113  7.94352e+00
 19 -0.00093  7.56092e+00 | 20 -0.00047  6.93382e+00 | 21 -0.00078  6.18351e+00
 22 -0.00058  5.32174e+00 | 23  0.00084  4.61884e+00 | 24  0.00097  4.34683e+00
 25  0.00332  3.61986e+00 | 26  0.00770  1.41942e+00 | 27  0.00627  8.81127e-02
 28 -0.00489  2.74605e-01 | 29 -0.00589 -2.07801e+00 | 30 -0.00724 -1.79932e+00
 31 -0.00334 -5.15602e+00 | 32 -0.00015 -6.27594e+00 | 33 -0.00193 -5.45649e+00
 34 -0.00583 -1.04516e+01 | 35  0.03112 -1.78452e+01 | 36 -0.00156 -1.47005e+01
 37 -0.00369 -1.49624e+01 | 38 -0.00394 -1.53866e+01 | 39 -0.00152 -1.73198e+01
 40 -0.01381 -1.50401e+01 | 41 -0.00685 -2.02216e+01 | 42  0.00017 -2.09108e+01
 43  0.00046 -2.18540e+01 | 44  0.01564 -2.48262e+01 | 45 -0.01002 -2.01189e+01
 46  0.01247 -2.61036e+01 | 47  0.00521 -2.59637e+01 | 48 -0.00850 -2.36545e+01
 49 -0.01524 -1.91251e+01 | 50 -0.01378 -1.79070e+01 | 51  0.00813 -2.08663e+01
 52  0.02175 -2.19179e+01 | 53  0.00117 -1.92090e+01 | 54 -0.01426 -1.45396e+01
 55 -0.00393 -1.98853e+01 | 56  0.00440 -1.47134e+01 | 57  0.01326 -1.55786e+01
 58  0.02218 -2.00878e+01 | 59  0.01744 -1.59742e+01 | 60  0.00826 -9.71463e+00
 61  0.02213 -1.17680e+01 | 62 -0.01539 -9.53181e-01 | 63  0.02331 -4.02936e+00
 64 -0.01711 -3.10924e+00 | 65  0.01921 -2.47241e+00 | 66  0.00171  4.51692e+00
 67  0.00326  5.63509e+00 | 68  0.03307 -1.93729e+01 | 69 -0.01927  5.43816e+00
 70 -0.01656  5.34652e+00 | 71 -0.01236  8.22524e+00 | 72 -0.00155 -2.51657e-01
 73 -0.04683  1.11345e+01 | 74 -0.01263  5.54477e+00 | 75  0.05981 -7.17287e+00
 76 -0.05913  1.87235e+01 | 77  0.03854  8.06259e-01 | 78 -0.00480  9.72397e+00
 79 -0.01184  5.72001e+00 | 80 -0.00725  6.79068e+00 | 81 -0.02372  1.43148e+01
 82 -0.01211  8.46698e+00 | 83 -0.00529  1.50488e+01 | 84  0.00926  1.09278e+01
 85  0.01336  1.55646e+01 | 86 -0.01618  1.39553e+01 | 87 -0.00398  2.17643e+01
 88  0.02626  1.22952e+01 | 89 -0.02331  1.56653e+01 | 90  0.01674  1.66321e+01
 91  0.02275  1.27573e+01 | 92 -0.05213  1.46249e+01 | 93  0.04529  8.30809e+00
 94 -0.01216  1.48840e+01 | 95 -0.00057  1.38148e+01 | 96 -0.00062  1.33580e+01
 97 -0.05318 -2.78889e+01 | 98 -0.41770  3.86046e+01 | 99 -0.29124  2.79183e+00
100 -0.24208 -7.85496e+00 |
100 variables; iteration 60; function evaluation 82; phase 3
Function value 5.8736773e+02; maximum gradient component mag -6.1056e+02
Var    Value     Gradient |Var    Value     Gradient |Var    Value     Gradient
  1  0.62138 -6.10563e+02 |  2  0.00040  1.84289e+01 |  3  0.00036  1.82987e+01
  4  0.00030  1.81279e+01 |  5  0.00022  1.79188e+01 |  6  0.00015  1.76833e+01
  7  0.00008  1.74453e+01 |  8  0.00005  1.72372e+01 |  9  0.00008  1.70868e+01
 10  0.00020  1.69804e+01 | 11  0.00029  1.68846e+01 | 12  0.00035  1.66458e+01
 13  0.00027  1.61457e+01 | 14  0.00004  1.53462e+01 | 15 -0.00029  1.43624e+01
 16 -0.00054  1.34107e+01 | 17 -0.00064  1.26477e+01 | 18 -0.00060  1.20178e+01
 19 -0.00056  1.13132e+01 | 20 -0.00025  1.03748e+01 | 21 -0.00066  9.38053e+00
 22 -0.00058  8.24986e+00 | 23  0.00112  7.85374e+00 | 24  0.00055  6.49748e+00
 25  0.00247  5.04250e+00 | 26  0.00731  3.19250e+00 | 27  0.00591  1.77266e+00
 28 -0.00484  2.66215e+00 | 29 -0.00497  1.49573e+00 | 30 -0.00718  4.35858e-01
 31 -0.00299 -2.82805e+00 | 32 -0.00008 -4.64397e+00 | 33 -0.00215 -4.32130e+00
 34 -0.00487 -7.74822e+00 | 35  0.03226 -1.70468e+01 | 36 -0.00114 -1.32294e+01
 37 -0.00323 -1.36466e+01 | 38 -0.00319 -1.39401e+01 | 39 -0.00064 -1.61211e+01
 40 -0.01524 -1.69094e+01 | 41 -0.00615 -1.94721e+01 | 42  0.00024 -2.16051e+01
 43  0.00351 -2.00714e+01 | 44  0.01508 -2.81253e+01 | 45 -0.00965 -2.07563e+01
 46  0.01243 -2.91808e+01 | 47  0.00517 -2.86271e+01 | 48 -0.00756 -2.42457e+01
 49 -0.01497 -2.02026e+01 | 50 -0.01485 -2.13898e+01 | 51  0.00554 -2.67917e+01
 52  0.02644 -2.60360e+01 | 53 -0.00132 -2.52695e+01 | 54 -0.01564 -1.90258e+01
 55 -0.00358 -2.28576e+01 | 56  0.00208 -2.19263e+01 | 57  0.01146 -2.30325e+01
 58  0.02330 -2.54004e+01 | 59  0.01702 -2.22694e+01 | 60  0.00734 -1.71232e+01
 61  0.02099 -2.23621e+01 | 62 -0.01721 -7.57503e+00 | 63  0.02117 -2.02004e+01
 64 -0.01727 -5.45626e+00 | 65  0.01785 -1.69737e+01 | 66  0.00037 -8.16793e+00
 67  0.00214 -7.68964e+00 | 68  0.03276 -2.84832e+01 | 69 -0.01979  5.47548e-01
 70 -0.01700 -1.75473e-01 | 71 -0.01287  7.49815e-02 | 72 -0.00173 -4.74860e+00
 73 -0.04721  9.19749e+00 | 74 -0.01291  1.50259e+00 | 75  0.05975 -1.64363e+01
 76 -0.06027  1.38528e+01 | 77  0.03842 -4.62113e+00 | 78 -0.00503  7.06851e+00
 79 -0.01185  9.12172e+00 | 80 -0.00724  9.32662e+00 | 81 -0.02401  1.32506e+01
 82 -0.01207  1.20867e+01 | 83 -0.00553  1.46069e+01 | 84  0.00913  1.22842e+01
 85  0.01308  1.45987e+01 | 86 -0.01605  1.97643e+01 | 87 -0.00449  1.78432e+01
 88  0.02620  1.64615e+01 | 89 -0.02346  1.92261e+01 | 90  0.01635  1.55541e+01
 91  0.02263  1.74489e+01 | 92 -0.05197  1.94474e+01 | 93  0.04542  1.77638e+01
 94 -0.01352  1.64226e+01 | 95  0.00014  1.87125e+01 | 96  0.00031  1.85794e+01
 97 -0.05600 -3.94236e+01 | 98 -0.41883  5.39410e+01 | 99 -0.29134 -4.57816e-01
100 -0.24158 -1.12613e+00 |
Maximum number of function evaluations exceeded

 - final statistics:
100 variables; iteration 72; function evaluation 100
Function value 5.8730e+02; maximum gradient component mag -8.7595e+02
Exit code = 3;  converg criter 1.0000e+00
Var    Value     Gradient |Var    Value     Gradient |Var    Value     Gradient
  1  0.62172 -8.75949e+02 |  2  0.00084  2.78587e+01 |  3  0.00075  2.76416e+01
  4  0.00063  2.73459e+01 |  5  0.00047  2.69793e+01 |  6  0.00030  2.65740e+01
  7  0.00016  2.61895e+01 |  8  0.00011  2.58920e+01 |  9  0.00016  2.57044e+01
 10  0.00027  2.55282e+01 | 11  0.00027  2.52080e+01 | 12  0.00013  2.45720e+01
 13 -0.00008  2.37611e+01 | 14 -0.00014  2.30905e+01 | 15  0.00002  2.26766e+01
 16  0.00021  2.22016e+01 | 17  0.00016  2.13111e+01 | 18 -0.00005  2.00913e+01
 19 -0.00024  1.88269e+01 | 20 -0.00004  1.74830e+01 | 21 -0.00048  1.62015e+01
 22 -0.00041  1.47765e+01 | 23  0.00157  1.45570e+01 | 24  0.00075  1.25665e+01
 25  0.00229  1.01910e+01 | 26  0.00789  8.50481e+00 | 27  0.00587  6.04458e+00
 28 -0.00493  7.12707e+00 | 29 -0.00527  5.21984e+00 | 30 -0.00705  4.49204e+00
 31 -0.00311  1.12762e-01 | 32 -0.00012 -2.39458e+00 | 33 -0.00254 -2.78880e+00
 34 -0.00405 -4.96958e+00 | 35  0.03214 -2.20388e+01 | 36 -0.00092 -1.28689e+01
 37 -0.00309 -1.37151e+01 | 38 -0.00321 -1.48633e+01 | 39 -0.00061 -1.80683e+01
 40 -0.01407 -1.55263e+01 | 41 -0.00409 -1.95088e+01 | 42  0.00102 -2.48229e+01
 43  0.00182 -2.64280e+01 | 44  0.01649 -3.60782e+01 | 45 -0.01009 -2.48577e+01
 46  0.01504 -3.74268e+01 | 47  0.00521 -3.63844e+01 | 48 -0.00810 -3.03586e+01
 49 -0.01516 -2.49952e+01 | 50 -0.01411 -2.53549e+01 | 51  0.00493 -3.73431e+01
 52  0.02666 -4.39612e+01 | 53 -0.00192 -3.43649e+01 | 54 -0.01640 -2.51964e+01
 55 -0.00271 -2.98351e+01 | 56  0.00125 -3.23709e+01 | 57  0.00864 -3.76064e+01
 58  0.02315 -4.20361e+01 | 59  0.01652 -3.63519e+01 | 60  0.00678 -2.84019e+01
 61  0.02049 -3.81786e+01 | 62 -0.01821 -1.36866e+01 | 63  0.02025 -3.79684e+01
 64 -0.01732 -9.16086e+00 | 65  0.01724 -3.28681e+01 | 66 -0.00011 -1.78351e+01
 67  0.00170 -1.79017e+01 | 68  0.03263 -4.41453e+01 | 69 -0.02002 -2.63017e+00
 70 -0.01719 -3.31474e+00 | 71 -0.01309 -4.67029e+00 | 72 -0.00182 -8.80123e+00
 73 -0.04726  1.27152e+01 | 74 -0.01292  2.02629e+00 | 75  0.05969 -3.34162e+01
 76 -0.06065  1.71320e+01 | 77  0.03834 -1.14086e+01 | 78 -0.00517  7.60758e+00
 79 -0.01186  1.33296e+01 | 80 -0.00727  1.29775e+01 | 81 -0.02412  1.73834e+01
 82 -0.01213  1.68526e+01 | 83 -0.00567  1.82503e+01 | 84  0.00907  1.71879e+01
 85  0.01297  1.89852e+01 | 86 -0.01657  2.11125e+01 | 87 -0.00470  2.28317e+01
 88  0.02616  2.37297e+01 | 89 -0.02366  2.57651e+01 | 90  0.01639  2.45356e+01
 91  0.02269  2.76320e+01 | 92 -0.05221  2.69169e+01 | 93  0.04563  3.10172e+01
 94 -0.01221  2.79131e+01 | 95  0.00042  2.79913e+01 | 96  0.00066  2.79705e+01
 97 -0.05595 -5.75509e+01 | 98 -0.41875  7.98268e+01 | 99 -0.29094 -2.80256e+00
100 -0.24105  4.16118e+00 |

Initial statistics: 107 variables; iteration 0; function evaluation 0; phase 4
Function value 5.8730051e+02; maximum gradient component mag -1.3424e+03
Var    Value     Gradient |Var    Value     Gradient |Var    Value     Gradient
  1 -0.42263 -2.11335e+02 |  2 -0.42263 -1.34242e+03 |  3 -0.41094 -5.30159e+02
  4  0.62172 -8.75949e+02 |  5  0.00000 -9.54924e-01 |  6  0.00000 -2.11295e-01
  7  0.00000 -2.57823e-01 |  8  0.00000 -3.14425e-01 |  9  0.00084  2.80311e+01
 10  0.00076  2.78141e+01 | 11  0.00063  2.75184e+01 | 12  0.00047  2.71517e+01
 13  0.00030  2.67465e+01 | 14  0.00017  2.63620e+01 | 15  0.00011  2.60645e+01
 16  0.00016  2.58768e+01 | 17  0.00028  2.57006e+01 | 18  0.00028  2.53805e+01
 19  0.00014  2.47444e+01 | 20 -0.00008  2.39336e+01 | 21 -0.00014  2.32629e+01
 22  0.00002  2.28490e+01 | 23  0.00021  2.23740e+01 | 24  0.00016  2.14835e+01
 25 -0.00005  2.02637e+01 | 26 -0.00024  1.89993e+01 | 27 -0.00003  1.76554e+01
 28 -0.00048  1.63739e+01 | 29 -0.00040  1.49489e+01 | 30  0.00158  1.47294e+01
 31  0.00076  1.27389e+01 | 32  0.00230  1.03634e+01 | 33  0.00789  8.67724e+00
 34  0.00588  6.21702e+00 | 35 -0.00493  7.29951e+00 | 36 -0.00527  5.39227e+00
 37 -0.00705  4.66446e+00 | 38 -0.00310  2.85199e-01 | 39 -0.00012 -2.22214e+00
 40 -0.00254 -2.61636e+00 | 41 -0.00404 -4.79714e+00 | 42  0.03214 -2.18666e+01
 43 -0.00091 -1.26964e+01 | 44 -0.00309 -1.35427e+01 | 45 -0.00321 -1.46909e+01
 46 -0.00061 -1.78958e+01 | 47 -0.01406 -1.53540e+01 | 48 -0.00409 -1.93364e+01
 49  0.00102 -2.46505e+01 | 50  0.00182 -2.62556e+01 | 51  0.01650 -3.59058e+01
 52 -0.01009 -2.46852e+01 | 53  0.01505 -3.72544e+01 | 54  0.00521 -3.62120e+01
 55 -0.00809 -3.01861e+01 | 56 -0.01516 -2.48228e+01 | 57 -0.01411 -2.51825e+01
 58  0.00494 -3.71707e+01 | 59  0.02666 -4.37889e+01 | 60 -0.00192 -3.41924e+01
 61 -0.01640 -2.50241e+01 | 62 -0.00271 -2.96626e+01 | 63  0.00125 -3.21984e+01
 64  0.00865 -3.74340e+01 | 65  0.02315 -4.18638e+01 | 66  0.01652 -3.61795e+01
 67  0.00679 -2.82294e+01 | 68  0.02049 -3.80062e+01 | 69 -0.01821 -1.35142e+01
 70  0.02026 -3.77960e+01 | 71 -0.01732 -8.98848e+00 | 72  0.01724 -3.26958e+01
 73 -0.00010 -1.76627e+01 | 74  0.00170 -1.77293e+01 | 75  0.03264 -4.39731e+01
 76 -0.02001 -2.45782e+00 | 77 -0.01718 -3.14236e+00 | 78 -0.01309 -4.49789e+00
 79 -0.00182 -8.62879e+00 | 80 -0.04726  1.28872e+01 | 81 -0.01291  2.19870e+00
 82  0.05969 -3.32445e+01 | 83 -0.06065  1.73037e+01 | 84  0.03835 -1.12365e+01
 85 -0.00517  7.78001e+00 | 86 -0.01186  1.35020e+01 | 87 -0.00727  1.31500e+01
 88 -0.02412  1.75558e+01 | 89 -0.01213  1.70250e+01 | 90 -0.00566  1.84228e+01
 91  0.00907  1.73603e+01 | 92  0.01298  1.91576e+01 | 93 -0.01657  2.12849e+01
 94 -0.00469  2.30041e+01 | 95  0.02616  2.39020e+01 | 96 -0.02366  2.59374e+01
 97  0.01640  2.47079e+01 | 98  0.02269  2.78043e+01 | 99 -0.05221  2.70887e+01
100  0.04564  3.11891e+01 |101 -0.01221  2.80855e+01 |102  0.00042  2.81637e+01
103  0.00066  2.81429e+01 |104 -0.05595 -5.75509e+01 |105 -0.41875  7.98268e+01
106 -0.29094 -2.80256e+00 |107 -0.24105  4.16118e+00 |

Intermediate statistics: 107 variables; iteration 20; function evaluation 25; phase 4
Function value 5.8642747e+02; maximum gradient component mag 9.3632e+02
Var    Value     Gradient |Var    Value     Gradient |Var    Value     Gradient
  1 -0.41458  1.33423e+02 |  2 -0.41972  9.36317e+02 |  3 -0.41937  4.74954e+02
  4  0.62377  8.85477e+02 |  5  0.00003  6.20569e-01 |  6  0.00001  1.37262e-01
  7  0.00001  1.67491e-01 |  8  0.00001  2.04282e-01 |  9  0.00035 -2.88769e+01
 10  0.00034 -2.88464e+01 | 11  0.00032 -2.88155e+01 | 12  0.00030 -2.87798e+01
 13  0.00027 -2.87300e+01 | 14  0.00025 -2.86513e+01 | 15  0.00025 -2.85268e+01
 16  0.00026 -2.83468e+01 | 17  0.00031 -2.81228e+01 | 18  0.00029 -2.78795e+01
 19  0.00028 -2.76404e+01 | 20  0.00024 -2.73742e+01 | 21  0.00024 -2.70162e+01
 22  0.00028 -2.65389e+01 | 23  0.00032 -2.59992e+01 | 24  0.00031 -2.54677e+01
 25  0.00028 -2.49319e+01 | 26  0.00026 -2.43434e+01 | 27  0.00062 -2.36726e+01
 28  0.00033 -2.30200e+01 | 29  0.00054 -2.22502e+01 | 30  0.00221 -2.16480e+01
 31  0.00185 -2.09381e+01 | 32  0.00379 -1.97485e+01 | 33  0.00871 -1.73351e+01
 34  0.00732 -1.63157e+01 | 35 -0.00350 -1.75023e+01 | 36 -0.00363 -1.64178e+01
 37 -0.00556 -1.55057e+01 | 38 -0.00104 -1.30909e+01 | 39  0.00162 -1.07737e+01
 40 -0.00118 -1.00102e+01 | 41 -0.00218 -8.86980e+00 | 42  0.02972  7.64361e+00
 43  0.00222 -3.43458e+00 | 44 -0.00025 -2.55997e+00 | 45 -0.00105 -9.88060e-01
 46  0.00078  2.37180e+00 | 47 -0.01058 -1.48033e+00 | 48 -0.00304  4.34743e+00
 49  0.00188  8.95944e+00 | 50  0.00237  1.06539e+01 | 51  0.01314  2.05563e+01
 52 -0.00689  8.78696e+00 | 53  0.01068  2.48002e+01 | 54  0.00555  2.21611e+01
 55 -0.00530  1.53462e+01 | 56 -0.01282  1.15309e+01 | 57 -0.01180  1.29146e+01
 58  0.00405  2.61089e+01 | 59  0.01151  3.46715e+01 | 60 -0.00079  2.39143e+01
 61 -0.01409  1.47681e+01 | 62 -0.00332  2.21979e+01 | 63  0.00027  2.55327e+01
 64  0.00757  3.08823e+01 | 65  0.01687  3.81810e+01 | 66  0.01292  3.39678e+01
 67  0.00447  2.56058e+01 | 68  0.01786  3.90019e+01 | 69 -0.01791  1.03741e+01
 70  0.01923  4.15637e+01 | 71 -0.01781  1.07483e+01 | 72  0.01688  3.98612e+01
 73 -0.00037  2.30276e+01 | 74  0.00183  2.77491e+01 | 75  0.03239  6.55811e+01
 76 -0.02042  1.15996e+01 | 77 -0.01787  1.05178e+01 | 78 -0.01321  2.15738e+01
 79 -0.00245  1.86071e+01 | 80 -0.04754 -1.90605e+00 | 81 -0.01270  1.17237e+01
 82  0.06122  1.66777e+02 | 83 -0.06118 -1.40574e+01 | 84  0.03916  7.43959e+01
 85 -0.00583  2.59445e+00 | 86 -0.01162  8.20550e+00 | 87 -0.00791  4.76451e-01
 88 -0.02415 -4.23049e+00 | 89 -0.01218 -2.00048e+00 | 90 -0.00554  1.26580e+00
 91  0.00921  5.80518e+00 | 92  0.01302 -9.13577e-01 | 93 -0.01693 -1.90483e+01
 94 -0.00491 -2.12392e+01 | 95  0.02615 -6.65749e+00 | 96 -0.02417 -2.79289e+01
 97  0.01581 -2.59958e+01 | 98  0.02205 -3.07549e+01 | 99 -0.05292 -2.96133e+01
100  0.04551 -2.09828e+01 |101 -0.01281 -2.85115e+01 |102  0.00002 -2.91510e+01
103  0.00031 -2.91766e+01 |104 -0.04609  4.78866e+01 |105 -0.41360 -5.98703e+01
106 -0.30827 -4.28623e+00 |107 -0.25725  1.51331e+01 |
107 variables; iteration 40; function evaluation 50; phase 4
Function value 5.8597721e+02; maximum gradient component mag -6.6204e+02
Var    Value     Gradient |Var    Value     Gradient |Var    Value     Gradient
  1 -0.41390 -6.46433e+01 |  2 -0.41691 -6.62037e+02 |  3 -0.42431 -2.90940e+02
  4  0.62309 -5.42049e+02 |  5  0.00003 -4.63095e-01 |  6  0.00001 -1.02178e-01
  7  0.00001 -1.24705e-01 |  8  0.00001 -1.52131e-01 |  9  0.00051  1.74927e+01
 10  0.00051  1.74442e+01 | 11  0.00050  1.73839e+01 | 12  0.00050  1.73104e+01
 13  0.00049  1.72236e+01 | 14  0.00049  1.71239e+01 | 15  0.00049  1.70120e+01
 16  0.00050  1.68857e+01 | 17  0.00054  1.67365e+01 | 18  0.00051  1.65548e+01
 19  0.00051  1.63279e+01 | 20  0.00050  1.60596e+01 | 21  0.00050  1.57597e+01
 22  0.00050  1.54282e+01 | 23  0.00050  1.50484e+01 | 24  0.00049  1.46094e+01
 25  0.00047  1.41185e+01 | 26  0.00046  1.35883e+01 | 27  0.00083  1.29965e+01
 28  0.00054  1.24224e+01 | 29  0.00075  1.17581e+01 | 30  0.00233  1.13282e+01
 31  0.00206  1.06336e+01 | 32  0.00407  9.59897e+00 | 33  0.00879  8.05821e+00
 34  0.00741  7.33364e+00 | 35 -0.00326  8.16059e+00 | 36 -0.00322  7.41104e+00
 37 -0.00523  6.71034e+00 | 38 -0.00055  4.99029e+00 | 39  0.00191  3.24402e+00
 40 -0.00108  2.60541e+00 | 41 -0.00162  2.05600e+00 | 42  0.02986 -1.09534e+01
 43  0.00375 -9.17438e-01 | 44  0.00109 -1.49853e+00 | 45 -0.00006 -3.25107e+00
 46  0.00080 -5.94688e+00 | 47 -0.00966 -2.67240e+00 | 48 -0.00284 -7.48948e+00
 49  0.00212 -1.06626e+01 | 50  0.00336 -1.19807e+01 | 51  0.01351 -1.93839e+01
 52 -0.00607 -1.03887e+01 | 53  0.01005 -2.12600e+01 | 54  0.00608 -1.84782e+01
 55 -0.00516 -1.41015e+01 | 56 -0.01290 -1.17566e+01 | 57 -0.01129 -1.27657e+01
 58  0.00469 -2.24666e+01 | 59  0.01112 -2.77268e+01 | 60 -0.00157 -2.05112e+01
 61 -0.01524 -1.35410e+01 | 62 -0.00208 -1.58547e+01 | 63 -0.00022 -2.00333e+01
 64  0.00708 -2.41463e+01 | 65  0.01670 -3.10075e+01 | 66  0.01194 -2.79907e+01
 67  0.00384 -2.21047e+01 | 68  0.01764 -2.87910e+01 | 69 -0.01813 -7.88865e+00
 70  0.01865 -2.86832e+01 | 71 -0.01848 -8.79505e+00 | 72  0.01564 -2.95703e+01
 73 -0.00016 -8.62867e+00 | 74  0.00129 -1.45245e+01 | 75  0.03182 -3.50187e+01
 76 -0.02064 -3.40945e+00 | 77 -0.01762 -3.57346e+00 | 78 -0.01357 -6.20476e+00
 79 -0.00249 -1.13950e+01 | 80 -0.04803  4.51777e+00 | 81 -0.01331 -4.97658e+00
 82  0.05880 -4.54434e+01 | 83 -0.06045  1.34952e+01 | 84  0.03775 -1.92769e+01
 85 -0.00579 -7.92424e-01 | 86 -0.01240  1.66304e+00 | 87 -0.00797  2.39106e+00
 88 -0.02467  7.57475e+00 | 89 -0.01230  8.80640e+00 | 90 -0.00610  8.19609e+00
 91  0.00867  4.94467e+00 | 92  0.01256  7.66571e+00 | 93 -0.01685  1.11244e+01
 94 -0.00501  1.35042e+01 | 95  0.02578  1.02719e+01 | 96 -0.02408  1.71292e+01
 97  0.01620  1.75842e+01 | 98  0.02191  1.51102e+01 | 99 -0.05291  1.65289e+01
100  0.04489  2.19069e+01 |101 -0.01295  1.67308e+01 |102  0.00018  1.76460e+01
103  0.00049  1.76710e+01 |104 -0.04220 -3.55112e+01 |105 -0.41302  5.09231e+01
106 -0.31242  3.83631e+00 |107 -0.26128 -1.44520e+01 |
107 variables; iteration 60; function evaluation 79; phase 4
Function value 5.8594139e+02; maximum gradient component mag -1.0922e+02
Var    Value     Gradient |Var    Value     Gradient |Var    Value     Gradient
  1 -0.41408 -5.61910e+00 |  2 -0.41679 -1.09222e+02 |  3 -0.42421 -4.36979e+01
  4  0.62274 -8.87807e+01 |  5  0.00003 -9.85632e-02 |  6  0.00001 -2.19195e-02
  7  0.00001 -2.67472e-02 |  8  0.00001 -3.26251e-02 |  9  0.00022  2.71916e+00
 10  0.00022  2.71160e+00 | 11  0.00022  2.70328e+00 | 12  0.00023  2.69368e+00
 13  0.00023  2.68167e+00 | 14  0.00024  2.66527e+00 | 15  0.00024  2.64197e+00
 16  0.00024  2.60994e+00 | 17  0.00027  2.57014e+00 | 18  0.00025  2.52614e+00
 19  0.00025  2.48240e+00 | 20  0.00026  2.43518e+00 | 21  0.00026  2.37289e+00
 22  0.00026  2.28904e+00 | 23  0.00025  2.19431e+00 | 24  0.00025  2.10534e+00
 25  0.00027  2.02184e+00 | 26  0.00029  1.93344e+00 | 27  0.00069  1.83645e+00
 28  0.00044  1.74490e+00 | 29  0.00070  1.64076e+00 | 30  0.00231  1.55070e+00
 31  0.00208  1.45390e+00 | 32  0.00414  1.28247e+00 | 33  0.00906  1.17062e+00
 34  0.00758  8.52362e-01 | 35 -0.00316  1.09709e+00 | 36 -0.00316  1.02990e+00
 37 -0.00513  8.73758e-01 | 38 -0.00044  6.31670e-01 | 39  0.00219  4.04959e-01
 40 -0.00070  3.00868e-01 | 41 -0.00150  1.95223e-01 | 42  0.03041 -2.46607e+00
 43  0.00295 -8.63267e-01 | 44  0.00022 -1.13730e+00 | 45 -0.00046 -1.19796e+00
 46  0.00112 -1.41225e+00 | 47 -0.00992 -7.89533e-01 | 48 -0.00250 -1.56338e+00
 49  0.00242 -2.08061e+00 | 50  0.00331 -2.26269e+00 | 51  0.01369 -3.92132e+00
 52 -0.00614 -2.10161e+00 | 53  0.01099 -3.86314e+00 | 54  0.00559 -3.79688e+00
 55 -0.00491 -2.32503e+00 | 56 -0.01255 -2.01672e+00 | 57 -0.01141 -2.63332e+00
 58  0.00472 -4.29788e+00 | 59  0.00992 -7.22081e+00 | 60 -0.00094 -3.75555e+00
 61 -0.01448 -2.03937e+00 | 62 -0.00377 -4.11756e+00 | 63 -0.00018 -3.75957e+00
 64  0.00712 -4.55614e+00 | 65  0.01679 -6.13517e+00 | 66  0.01279 -4.54116e+00
 67  0.00446 -3.24655e+00 | 68  0.01776 -4.73922e+00 | 69 -0.01836 -1.59894e+00
 70  0.01864 -5.43701e+00 | 71 -0.01813 -1.05877e+00 | 72  0.01636 -3.90149e+00
 73 -0.00092 -3.31961e+00 | 74  0.00143 -1.44117e+00 | 75  0.03196 -5.19327e+00
 76 -0.02062 -4.27821e-01 | 77 -0.01768 -7.94253e-01 | 78 -0.01347 -8.40696e-02
 79 -0.00225 -5.42856e-01 | 80 -0.04786  1.28653e+00 | 81 -0.01299  5.26492e-01
 82  0.05920 -2.13633e+00 | 83 -0.06106  1.49080e+00 | 84  0.03804 -6.24246e-02
 85 -0.00551  1.36615e+00 | 86 -0.01211  1.87971e+00 | 87 -0.00775  1.76485e+00
 88 -0.02446  2.33624e+00 | 89 -0.01237  1.19018e+00 | 90 -0.00596  2.25328e+00
 91  0.00884  1.95869e+00 | 92  0.01273  2.36370e+00 | 93 -0.01662  2.86099e+00
 94 -0.00487  2.82335e+00 | 95  0.02591  2.37664e+00 | 96 -0.02403  2.64920e+00
 97  0.01603  2.08508e+00 | 98  0.02204  2.69235e+00 | 99 -0.05282  2.86467e+00
100  0.04471  2.48312e+00 |101 -0.01280  2.91789e+00 |102 -0.00007  2.78497e+00
103  0.00021  2.77151e+00 |104 -0.04348 -5.70415e+00 |105 -0.41359  7.92372e+00
106 -0.31082 -5.22797e-01 |107 -0.25972  7.57213e-01 |
Maximum number of function evaluations exceeded

 - final statistics:
107 variables; iteration 71; function evaluation 100
Function value 5.8594e+02; maximum gradient component mag -5.0943e+01
Exit code = 3;  converg criter 1.0000e+00
Var    Value     Gradient |Var    Value     Gradient |Var    Value     Gradient
  1 -0.41393 -3.62200e+00 |  2 -0.41655 -5.09429e+01 |  3 -0.42469 -2.24224e+01
  4  0.62273 -4.35855e+01 |  5  0.00004 -3.72080e-02 |  6  0.00001 -8.23821e-03
  7  0.00001 -1.00457e-02 |  8  0.00001 -1.22406e-02 |  9  0.00019  1.31829e+00
 10  0.00020  1.32109e+00 | 11  0.00021  1.32555e+00 | 12  0.00022  1.33114e+00
 13  0.00023  1.33645e+00 | 14  0.00024  1.33917e+00 | 15  0.00025  1.33689e+00
 16  0.00026  1.32875e+00 | 17  0.00030  1.31776e+00 | 18  0.00028  1.30852e+00
 19  0.00030  1.30512e+00 | 20  0.00032  1.30213e+00 | 21  0.00034  1.29008e+00
 22  0.00035  1.26561e+00 | 23  0.00037  1.23625e+00 | 24  0.00038  1.20977e+00
 25  0.00040  1.18311e+00 | 26  0.00043  1.14841e+00 | 27  0.00083  1.10152e+00
 28  0.00057  1.04865e+00 | 29  0.00081  9.73039e-01 | 30  0.00238  8.68618e-01
 31  0.00214  8.11619e-01 | 32  0.00410  5.87480e-01 | 33  0.00898  5.57258e-01
 34  0.00761  4.70639e-01 | 35 -0.00306  7.78267e-01 | 36 -0.00324  4.78404e-01
 37 -0.00520  3.95968e-01 | 38 -0.00059  2.17165e-01 | 39  0.00196  2.83029e-02
 40 -0.00073  2.87548e-01 | 41 -0.00174 -6.25679e-02 | 42  0.03051 -9.65460e-01
 43  0.00323  5.21859e-02 | 44  0.00039 -3.00840e-01 | 45 -0.00035 -3.62429e-01
 46  0.00108 -5.84442e-01 | 47 -0.01000 -3.39370e-01 | 48 -0.00250 -5.58800e-01
 49  0.00220 -1.11918e+00 | 50  0.00300 -1.28235e+00 | 51  0.01367 -1.78795e+00
 52 -0.00607 -6.71391e-01 | 53  0.01054 -2.24348e+00 | 54  0.00566 -1.61888e+00
 55 -0.00526 -1.20933e+00 | 56 -0.01253 -4.77534e-01 | 57 -0.01131 -7.66208e-01
 58  0.00461 -1.84363e+00 | 59  0.01078 -3.00988e+00 | 60 -0.00083 -1.23786e+00
 61 -0.01478 -1.07405e+00 | 62 -0.00337 -1.14025e+00 | 63 -0.00015 -1.40119e+00
 64  0.00704 -1.95474e+00 | 65  0.01701 -2.42770e+00 | 66  0.01255 -2.25561e+00
 67  0.00426 -1.76019e+00 | 68  0.01759 -2.45574e+00 | 69 -0.01839 -5.87261e-01
 70  0.01873 -2.02624e+00 | 71 -0.01829 -6.83711e-01 | 72  0.01626 -2.14654e+00
 73 -0.00081 -9.11939e-01 | 74  0.00130 -1.49272e+00 | 75  0.03195 -2.37988e+00
 76 -0.02063 -3.62081e-01 | 77 -0.01766 -2.02675e-01 | 78 -0.01348 -5.26206e-01
 79 -0.00229 -6.28845e-01 | 80 -0.04787  3.98623e-01 | 81 -0.01303 -1.49343e-01
 82  0.05914 -3.19105e+00 | 83 -0.06100  9.06758e-01 | 84  0.03800 -1.30282e+00
 85 -0.00555  1.91237e-01 | 86 -0.01213  2.75865e-01 | 87 -0.00779  4.43483e-01
 88 -0.02448  5.89314e-01 | 89 -0.01232  9.84152e-01 | 90 -0.00596  6.66552e-01
 91  0.00883  7.01816e-01 | 92  0.01273  6.89138e-01 | 93 -0.01666  9.57144e-01
 94 -0.00487  9.82568e-01 | 95  0.02592  1.15531e+00 | 96 -0.02401  1.29711e+00
 97  0.01609  1.48759e+00 | 98  0.02207  1.35532e+00 | 99 -0.05284  1.33945e+00
100  0.04478  1.44201e+00 |101 -0.01291  1.30540e+00 |102 -0.00011  1.34461e+00
103  0.00018  1.33722e+00 |104 -0.04297 -2.86046e+00 |105 -0.41336  4.05001e+00
106 -0.31070 -1.06884e-01 |107 -0.25987  2.51897e-01 |

Initial statistics: 110 variables; iteration 0; function evaluation 0; phase 5
Function value 5.8593807e+02; maximum gradient component mag -7.4763e+02
Var    Value     Gradient |Var    Value     Gradient |Var    Value     Gradient
  1 -0.41393 -3.62200e+00 |  2 -0.41655 -5.09429e+01 |  3 -0.42469 -2.24224e+01
  4 -0.41222  4.62944e+01 |  5 -0.41222  1.31228e+01 |  6  0.62273 -4.35855e+01
  7  0.00004 -3.72080e-02 |  8  0.00001 -8.23821e-03 |  9  0.00001 -1.00457e-02
 10  0.00001 -1.22406e-02 | 11  0.00019  1.31618e+00 | 12  0.00020  1.31898e+00
 13  0.00021  1.32344e+00 | 14  0.00022  1.32903e+00 | 15  0.00023  1.33434e+00
 16  0.00024  1.33707e+00 | 17  0.00025  1.33478e+00 | 18  0.00026  1.32664e+00
 19  0.00030  1.31566e+00 | 20  0.00028  1.30641e+00 | 21  0.00030  1.30301e+00
 22  0.00032  1.30002e+00 | 23  0.00034  1.28797e+00 | 24  0.00035  1.26350e+00
 25  0.00037  1.23415e+00 | 26  0.00038  1.20766e+00 | 27  0.00040  1.18100e+00
 28  0.00043  1.14630e+00 | 29  0.00083  1.09942e+00 | 30  0.00057  1.04654e+00
 31  0.00081  9.70930e-01 | 32  0.00238  8.66509e-01 | 33  0.00214  8.09511e-01
 34  0.00410  5.85372e-01 | 35  0.00898  5.55150e-01 | 36  0.00761  4.68530e-01
 37 -0.00306  7.76159e-01 | 38 -0.00324  4.76295e-01 | 39 -0.00520  3.93860e-01
 40 -0.00059  2.15057e-01 | 41  0.00196  2.61943e-02 | 42 -0.00073  2.85440e-01
 43 -0.00174 -6.46765e-02 | 44  0.03051 -9.67566e-01 | 45  0.00323  5.00773e-02
 46  0.00039 -3.02949e-01 | 47 -0.00035 -3.64538e-01 | 48  0.00108 -5.86551e-01
 49 -0.01000 -3.41478e-01 | 50 -0.00250 -5.60909e-01 | 51  0.00220 -1.12129e+00
 52  0.00300 -1.28446e+00 | 53  0.01367 -1.79006e+00 | 54 -0.00607 -6.73500e-01
 55  0.01054 -2.24559e+00 | 56  0.00566 -1.62099e+00 | 57 -0.00526 -1.21144e+00
 58 -0.01253 -4.79642e-01 | 59 -0.01131 -7.68316e-01 | 60  0.00461 -1.84574e+00
 61  0.01078 -3.01199e+00 | 62 -0.00083 -1.23997e+00 | 63 -0.01478 -1.07616e+00
 64 -0.00337 -1.14236e+00 | 65 -0.00015 -1.40330e+00 | 66  0.00704 -1.95685e+00
 67  0.01701 -2.42981e+00 | 68  0.01255 -2.25772e+00 | 69  0.00426 -1.76230e+00
 70  0.01759 -2.45785e+00 | 71 -0.01839 -5.89369e-01 | 72  0.01873 -2.02835e+00
 73 -0.01829 -6.85819e-01 | 74  0.01626 -2.14865e+00 | 75 -0.00081 -9.14048e-01
 76  0.00130 -1.49483e+00 | 77  0.03195 -2.38199e+00 | 78 -0.02063 -3.64189e-01
 79 -0.01766 -2.04782e-01 | 80 -0.01348 -5.28314e-01 | 81 -0.00229 -6.30954e-01
 82 -0.04787  3.96520e-01 | 83 -0.01303 -1.51451e-01 | 84  0.05914 -3.19315e+00
 85 -0.06100  9.04659e-01 | 86  0.03800 -1.30492e+00 | 87 -0.00555  1.89128e-01
 88 -0.01213  2.73757e-01 | 89 -0.00779  4.41374e-01 | 90 -0.02448  5.87207e-01
 91 -0.01232  9.82043e-01 | 92 -0.00596  6.64443e-01 | 93  0.00883  6.99707e-01
 94  0.01273  6.87030e-01 | 95 -0.01666  9.55036e-01 | 96 -0.00487  9.80460e-01
 97  0.02592  1.15320e+00 | 98 -0.02401  1.29500e+00 | 99  0.01609  1.48548e+00
100  0.02207  1.35321e+00 |101 -0.05284  1.33735e+00 |102  0.04478  1.43990e+00
103 -0.01291  1.30330e+00 |104 -0.00011  1.34250e+00 |105  0.00018  1.33511e+00
106  0.00000 -7.47630e+02 |107 -0.04297 -2.86046e+00 |108 -0.41336  4.05001e+00
109 -0.31070 -1.06884e-01 |110 -0.25987  2.51897e-01 |

Intermediate statistics: 110 variables; iteration 20; function evaluation 26; phase 5
Function value 5.8448751e+02; maximum gradient component mag -6.6494e+02
Var    Value     Gradient |Var    Value     Gradient |Var    Value     Gradient
  1 -0.41769 -4.95101e+01 |  2 -0.41202 -6.64944e+02 |  3 -0.42727 -2.80326e+02
  4 -0.41563 -9.23526e+00 |  5 -0.43826 -1.06606e+01 |  6  0.61859 -6.42686e+02
  7  0.00003 -5.85824e-01 |  8  0.00001 -1.29572e-01 |  9  0.00001 -1.58085e-01
 10  0.00001 -1.92766e-01 | 11  0.00027  1.85867e+01 | 12  0.00027  1.85435e+01
 13  0.00028  1.84926e+01 | 14  0.00030  1.84311e+01 | 15  0.00031  1.83550e+01
 16  0.00032  1.82583e+01 | 17  0.00033  1.81349e+01 | 18  0.00034  1.79802e+01
 19  0.00038  1.77939e+01 | 20  0.00036  1.75795e+01 | 21  0.00037  1.73362e+01
 22  0.00039  1.70520e+01 | 23  0.00040  1.67126e+01 | 24  0.00041  1.63106e+01
 25  0.00041  1.58537e+01 | 26  0.00041  1.53522e+01 | 27  0.00042  1.48033e+01
 28  0.00043  1.42009e+01 | 29  0.00080  1.35144e+01 | 30  0.00049  1.28366e+01
 31  0.00065  1.20303e+01 | 32  0.00212  1.14740e+01 | 33  0.00175  1.06404e+01
 34  0.00377  9.20619e+00 | 35  0.00934  7.07285e+00 | 36  0.00784  5.67564e+00
 37 -0.00333  7.40040e+00 | 38 -0.00347  6.12130e+00 | 39 -0.00546  5.22030e+00
 40 -0.00080  2.76743e+00 | 41  0.00201  6.32299e-01 | 42 -0.00122  1.97613e-01
 43 -0.00198 -1.26363e+00 | 44  0.03039 -1.71068e+01 | 45  0.00347 -6.55884e+00
 46 -0.00046 -7.54318e+00 | 47 -0.00177 -9.02846e+00 | 48  0.00084 -1.16673e+01
 49 -0.01091 -7.94566e+00 | 50 -0.00355 -1.34519e+01 | 51  0.00120 -1.77199e+01
 52 -0.00011 -2.08836e+01 | 53  0.01312 -2.89821e+01 | 54 -0.00796 -1.83276e+01
 55  0.01664 -2.78563e+01 | 56  0.00555 -2.80450e+01 | 57 -0.00686 -2.32052e+01
 58 -0.01408 -1.93509e+01 | 59 -0.01308 -2.06830e+01 | 60  0.00162 -3.36688e+01
 61  0.01847 -3.53405e+01 | 62 -0.00305 -3.02872e+01 | 63 -0.01536 -2.00679e+01
 64 -0.00416 -2.70752e+01 | 65 -0.00129 -2.99700e+01 | 66  0.00519 -3.54624e+01
 67  0.01581 -4.36235e+01 | 68  0.01234 -3.82671e+01 | 69  0.00383 -2.91350e+01
 70  0.01671 -4.02884e+01 | 71 -0.01885 -1.59661e+01 | 72  0.01791 -4.15487e+01
 73 -0.01868 -1.49565e+01 | 74  0.01646 -3.48289e+01 | 75 -0.00100 -1.94489e+01
 76  0.00110 -2.07641e+01 | 77  0.03195 -3.92335e+01 | 78 -0.01946 -1.01697e+00
 79 -0.01630 -3.66052e+00 | 80 -0.01276 -3.21624e+00 | 81 -0.00056  2.58548e+00
 82 -0.04647  9.92692e+00 | 83 -0.01102  8.20537e+00 | 84  0.06109 -1.55135e+01
 85 -0.05648  2.52903e+01 | 86  0.04051  1.90172e+01 | 87 -0.00277  1.83704e+01
 88 -0.01027  1.40879e+01 | 89 -0.00585  2.02760e+01 | 90 -0.02371  1.18424e+01
 91 -0.01122  2.02110e+01 | 92 -0.00521  1.43957e+01 | 93  0.00957  2.17474e+01
 94  0.01293  7.33926e+00 | 95 -0.01715  1.18279e+01 | 96 -0.00542  7.14949e+00
 97  0.02483  1.28691e+01 | 98 -0.02515  7.24878e+00 | 99  0.01377  7.60732e+00
100  0.01958 -7.62277e-01 |101 -0.05470  1.79530e+01 |102  0.04127 -3.57174e+00
103 -0.01210  2.09738e+01 |104 -0.00001  1.88442e+01 |105  0.00026  1.88277e+01
106  0.00296 -5.55470e+02 |107 -0.04386 -2.76182e+01 |108 -0.41457  3.58576e+01
109 -0.28277  4.76132e+00 |110 -0.24553 -3.34835e+00 |
110 variables; iteration 40; function evaluation 47; phase 5
Function value 5.8439049e+02; maximum gradient component mag -8.6763e+02
Var    Value     Gradient |Var    Value     Gradient |Var    Value     Gradient
  1 -0.41675 -5.10291e+01 |  2 -0.41146 -8.67632e+02 |  3 -0.42875 -3.68632e+02
  4 -0.41329 -1.01783e+01 |  5 -0.44543 -1.55432e+01 |  6  0.61850 -7.96963e+02
  7  0.00002 -7.37352e-01 |  8  0.00000 -1.63064e-01 |  9  0.00001 -1.98965e-01
 10  0.00001 -2.42651e-01 | 11  0.00033  2.38376e+01 | 12  0.00034  2.37768e+01
 13  0.00034  2.37035e+01 | 14  0.00035  2.36148e+01 | 15  0.00036  2.35066e+01
 16  0.00036  2.33737e+01 | 17  0.00037  2.32108e+01 | 18  0.00037  2.30126e+01
 19  0.00040  2.27751e+01 | 20  0.00038  2.24967e+01 | 21  0.00038  2.21709e+01
 22  0.00038  2.17885e+01 | 23  0.00038  2.13409e+01 | 24  0.00037  2.08230e+01
 25  0.00035  2.02352e+01 | 26  0.00033  1.95799e+01 | 27  0.00031  1.88570e+01
 28  0.00029  1.80703e+01 | 29  0.00063  1.71853e+01 | 30  0.00029  1.63221e+01
 31  0.00042  1.53163e+01 | 32  0.00188  1.46923e+01 | 33  0.00145  1.36168e+01
 34  0.00370  1.21475e+01 | 35  0.00963  9.82729e+00 | 36  0.00805  8.42279e+00
 37 -0.00384  9.37935e+00 | 38 -0.00373  8.08703e+00 | 39 -0.00558  7.09587e+00
 40 -0.00092  4.22339e+00 | 41  0.00196  1.68864e+00 | 42 -0.00187  4.87160e-01
 43 -0.00221 -8.07211e-01 | 44  0.03065 -2.00407e+01 | 45  0.00329 -7.19552e+00
 46 -0.00081 -8.07928e+00 | 47 -0.00192 -9.79107e+00 | 48  0.00065 -1.29060e+01
 49 -0.01122 -9.07103e+00 | 50 -0.00389 -1.54843e+01 | 51  0.00095 -2.03926e+01
 52  0.00097 -2.24327e+01 | 53  0.01322 -3.34340e+01 | 54 -0.00660 -1.95172e+01
 55  0.01682 -3.44226e+01 | 56  0.00408 -3.32891e+01 | 57 -0.00590 -2.53102e+01
 58 -0.01463 -2.23676e+01 | 59 -0.01284 -2.35321e+01 | 60  0.00186 -3.87661e+01
 61  0.01842 -4.36494e+01 | 62 -0.00267 -3.42558e+01 | 63 -0.01527 -2.25349e+01
 64 -0.00337 -3.06287e+01 | 65 -0.00097 -3.42384e+01 | 66  0.00530 -4.08242e+01
 67  0.01582 -5.08985e+01 | 68  0.01211 -4.45099e+01 | 69  0.00381 -3.42918e+01
 70  0.01690 -4.68898e+01 | 71 -0.01846 -1.62645e+01 | 72  0.01835 -4.68182e+01
 73 -0.01987 -2.00173e+01 | 74  0.01577 -4.65825e+01 | 75 -0.00107 -2.25567e+01
 76  0.00085 -2.75879e+01 | 77  0.03186 -4.73747e+01 | 78 -0.01926  9.44051e-02
 79 -0.01641 -6.89476e+00 | 80 -0.01231  2.39301e+00 | 81 -0.00056 -2.19558e-01
 82 -0.04632  1.21234e+01 | 83 -0.01081  8.86770e+00 | 84  0.06108 -3.04176e+01
 85 -0.05626  2.94972e+01 | 86  0.04043  8.46532e+00 | 87 -0.00296  1.60770e+01
 88 -0.01030  1.23749e+01 | 89 -0.00632  1.44676e+01 | 90 -0.02382  1.20246e+01
 91 -0.01151  1.65142e+01 | 92 -0.00515  1.69639e+01 | 93  0.00933  1.84937e+01
 94  0.01297  1.03256e+01 | 95 -0.01692  1.85097e+01 | 96 -0.00541  1.04190e+01
 97  0.02495  1.76002e+01 | 98 -0.02471  1.72923e+01 | 99  0.01411  1.66914e+01
100  0.01973  5.60844e+00 |101 -0.05409  2.59393e+01 |102  0.04164  5.80002e+00
103 -0.01173  2.67803e+01 |104 -0.00001  2.41062e+01 |105  0.00033  2.41358e+01
106  0.00319 -4.92606e+02 |107 -0.03565 -3.78956e+01 |108 -0.41075  5.60505e+01
109 -0.28529  3.09804e+00 |110 -0.24807 -2.61103e+00 |
110 variables; iteration 60; function evaluation 72; phase 5
Function value 5.8416174e+02; maximum gradient component mag -9.0167e+02
Var    Value     Gradient |Var    Value     Gradient |Var    Value     Gradient
  1 -0.41704 -5.93151e+01 |  2 -0.41170 -9.01672e+02 |  3 -0.42861 -3.99821e+02
  4 -0.41376 -1.04737e+01 |  5 -0.44364 -1.51542e+01 |  6  0.61895 -7.55231e+02
  7  0.00003 -6.60302e-01 |  8  0.00001 -1.46810e-01 |  9  0.00001 -1.79043e-01
 10  0.00001 -2.18229e-01 | 11  0.00011  2.34889e+01 | 12  0.00012  2.34396e+01
 13  0.00013  2.33802e+01 | 14  0.00014  2.33078e+01 | 15  0.00015  2.32186e+01
 16  0.00016  2.31079e+01 | 17  0.00017  2.29711e+01 | 18  0.00018  2.28044e+01
 19  0.00023  2.26046e+01 | 20  0.00021  2.23692e+01 | 21  0.00023  2.20887e+01
 22  0.00023  2.17537e+01 | 23  0.00024  2.13584e+01 | 24  0.00023  2.09024e+01
 25  0.00023  2.03787e+01 | 26  0.00020  1.97744e+01 | 27  0.00016  1.90843e+01
 28  0.00010  1.83226e+01 | 29  0.00040  1.74642e+01 | 30  0.00003  1.66313e+01
 31  0.00015  1.57002e+01 | 32  0.00173  1.52952e+01 | 33  0.00133  1.43807e+01
 34  0.00451  1.43292e+01 | 35  0.01046  1.23294e+01 | 36  0.00896  1.11956e+01
 37 -0.00397  1.04835e+01 | 38 -0.00329  1.01381e+01 | 39 -0.00510  9.46591e+00
 40 -0.00017  7.08191e+00 | 41  0.00226  4.16037e+00 | 42 -0.00195  2.44205e+00
 43 -0.00185  1.84933e+00 | 44  0.03090 -1.52050e+01 | 45  0.00390 -3.42743e+00
 46 -0.00022 -4.48249e+00 | 47 -0.00128 -6.10237e+00 | 48  0.00092 -9.20845e+00
 49 -0.01063 -5.15383e+00 | 50 -0.00215 -9.86287e+00 | 51  0.00186 -1.55049e+01
 52  0.00170 -1.77738e+01 | 53  0.01415 -2.77569e+01 | 54 -0.00620 -1.53423e+01
 55  0.01421 -2.99902e+01 | 56  0.00597 -2.77197e+01 | 57 -0.00791 -2.37253e+01
 58 -0.01456 -1.90927e+01 | 59 -0.01220 -1.88478e+01 | 60  0.00226 -3.41278e+01
 61  0.01556 -3.90685e+01 | 62 -0.00286 -3.03814e+01 | 63 -0.01486 -1.84328e+01
 64 -0.00495 -2.84297e+01 | 65 -0.00231 -3.11641e+01 | 66  0.00572 -3.55637e+01
 67  0.01661 -4.40769e+01 | 68  0.01210 -3.90106e+01 | 69  0.00313 -3.13819e+01
 70  0.01555 -4.51035e+01 | 71 -0.01802 -1.21812e+01 | 72  0.01867 -3.84863e+01
 73 -0.01893 -1.34664e+01 | 74  0.01616 -3.71704e+01 | 75 -0.00158 -2.26689e+01
 76  0.00118 -2.12081e+01 | 77  0.03175 -4.65530e+01 | 78 -0.01959 -5.83241e+00
 79 -0.01614 -4.45172e+00 | 80 -0.01240 -3.50965e+00 | 81 -0.00093 -1.06876e+01
 82 -0.04629  9.20989e+00 | 83 -0.01093  1.26897e+00 | 84  0.06122 -4.71129e+01
 85 -0.05899  9.93359e+00 | 86  0.04011 -1.94486e+01 | 87 -0.00282  1.01451e+01
 88 -0.01020  8.37515e+00 | 89 -0.00647  5.64941e+00 | 90 -0.02379  9.20173e+00
 91 -0.01112  1.80686e+01 | 92 -0.00520  1.13836e+01 | 93  0.00936  1.26211e+01
 94  0.01331  1.40939e+01 | 95 -0.01681  1.76614e+01 | 96 -0.00497  1.73559e+01
 97  0.02509  1.80433e+01 | 98 -0.02397  2.61579e+01 | 99  0.01467  2.26057e+01
100  0.02084  2.45114e+01 |101 -0.05465  2.19841e+01 |102  0.04311  2.69128e+01
103 -0.01256  2.52822e+01 |104 -0.00020  2.37490e+01 |105  0.00009  2.37401e+01
106  0.00389 -1.83732e+02 |107 -0.04309 -5.02434e+01 |108 -0.41367  7.07464e+01
109 -0.28054 -3.27429e+00 |110 -0.24608  4.65483e+00 |
110 variables; iteration 80; function evaluation 111; phase 5
Function value 5.8405946e+02; maximum gradient component mag -2.0720e+02
Var    Value     Gradient |Var    Value     Gradient |Var    Value     Gradient
  1 -0.41695 -1.54843e+01 |  2 -0.40991 -2.07199e+02 |  3 -0.43115 -9.53849e+01
  4 -0.41182 -2.24299e+00 |  5 -0.44938 -3.23475e+00 |  6  0.61810 -1.73242e+02
  7  0.00001 -1.51847e-01 |  8  0.00000 -3.30801e-02 |  9  0.00000 -4.03938e-02
 10  0.00000 -4.93066e-02 | 11  0.00011  5.37526e+00 | 12  0.00011  5.36265e+00
 13  0.00011  5.34720e+00 | 14  0.00011  5.32839e+00 | 15  0.00012  5.30564e+00
 16  0.00012  5.27815e+00 | 17  0.00012  5.24484e+00 | 18  0.00011  5.20408e+00
 19  0.00014  5.15461e+00 | 20  0.00011  5.09704e+00 | 21  0.00011  5.03324e+00
 22  0.00011  4.96319e+00 | 23  0.00010  4.88311e+00 | 24  0.00010  4.78842e+00
 25  0.00009  4.68283e+00 | 26  0.00008  4.57298e+00 | 27  0.00008  4.45296e+00
 28  0.00007  4.30778e+00 | 29  0.00041  4.11936e+00 | 30  0.00007  3.91001e+00
 31  0.00018  3.64394e+00 | 32  0.00162  3.44801e+00 | 33  0.00119  3.18814e+00
 34  0.00337  2.82546e+00 | 35  0.00922  2.27463e+00 | 36  0.00790  2.14581e+00
 37 -0.00380  2.51260e+00 | 38 -0.00381  2.11956e+00 | 39 -0.00570  1.93547e+00
 40 -0.00095  1.42588e+00 | 41  0.00190  8.85423e-01 | 42 -0.00152  7.49567e-01
 43 -0.00196  5.60942e-01 | 44  0.03030 -3.95762e+00 | 45  0.00342 -1.00111e+00
 46 -0.00033 -1.09299e+00 | 47 -0.00152 -1.59133e+00 | 48  0.00063 -2.28534e+00
 49 -0.01092 -1.17055e+00 | 50 -0.00338 -2.64356e+00 | 51  0.00131 -3.89189e+00
 52  0.00130 -4.47278e+00 | 53  0.01316 -6.78069e+00 | 54 -0.00659 -3.71669e+00
 55  0.01136 -8.53970e+00 | 56  0.00562 -6.65933e+00 | 57 -0.00530 -3.91317e+00
 58 -0.01340 -3.68371e+00 | 59 -0.01247 -4.50275e+00 | 60  0.00446 -7.31251e+00
 61  0.01056 -1.08365e+01 | 62 -0.00115 -6.42955e+00 | 63 -0.01577 -4.95694e+00
 64 -0.00435 -6.42775e+00 | 65 -0.00076 -6.70781e+00 | 66  0.00660 -7.59609e+00
 67  0.01645 -1.07815e+01 | 68  0.01253 -8.96905e+00 | 69  0.00379 -6.86904e+00
 70  0.01717 -8.65291e+00 | 71 -0.01835 -3.64477e+00 | 72  0.01829 -1.12467e+01
 73 -0.01785 -2.12616e+00 | 74  0.01667 -8.56052e+00 | 75 -0.00097 -4.38934e+00
 76  0.00155 -4.41447e+00 | 77  0.03195 -1.03269e+01 | 78 -0.01917 -1.18202e+00
 79 -0.01606 -2.07027e+00 | 80 -0.01228 -3.27018e+00 | 81 -0.00064 -1.14337e+00
 82 -0.04593  2.14963e+00 | 83 -0.01086 -4.97464e-01 | 84  0.06172 -8.95202e+00
 85 -0.05790  3.69835e+00 | 86  0.04074 -3.11350e+00 | 87 -0.00295 -1.65560e-01
 88 -0.00963  3.42101e+00 | 89 -0.00596  4.62295e+00 | 90 -0.02308  5.40314e+00
 91 -0.01148  5.89525e-01 | 92 -0.00476  2.97814e+00 | 93  0.00945  3.18271e+00
 94  0.01363  3.32639e+00 | 95 -0.01655  5.73101e+00 | 96 -0.00456  4.91873e+00
 97  0.02510  4.10258e+00 | 98 -0.02398  4.59420e+00 | 99  0.01464  6.36576e+00
100  0.02097  6.00365e+00 |101 -0.05422  6.43004e+00 |102  0.04330  6.21498e+00
103 -0.01340  5.15412e+00 |104 -0.00023  5.39376e+00 |105  0.00011  5.42906e+00
106  0.00429 -3.62963e+01 |107 -0.03942 -1.13211e+01 |108 -0.41209  1.65588e+01
109 -0.27597 -2.91109e-01 |110 -0.24518  3.98420e-01 |
110 variables; iteration 100; function evaluation 148; phase 5
Function value 5.8405360e+02; maximum gradient component mag -3.6765e+01
Var    Value     Gradient |Var    Value     Gradient |Var    Value     Gradient
  1 -0.41699 -2.23089e+00 |  2 -0.40966 -3.67654e+01 |  3 -0.43138 -1.62880e+01
  4 -0.41152 -3.52537e-01 |  5 -0.45053 -5.32020e-01 |  6  0.61787 -3.26675e+01
  7 -0.00000 -3.05997e-02 |  8 -0.00000 -6.58031e-03 |  9 -0.00000 -8.04245e-03
 10 -0.00000 -9.82813e-03 | 11  0.00014  1.00093e+00 | 12  0.00014  9.96805e-01
 13  0.00014  9.91429e-01 | 14  0.00013  9.84801e-01 | 15  0.00013  9.77146e-01
 16  0.00013  9.68870e-01 | 17  0.00012  9.60311e-01 | 18  0.00012  9.51151e-01
 19  0.00014  9.40113e-01 | 20  0.00010  9.26191e-01 | 21  0.00009  9.09459e-01
 22  0.00008  8.92311e-01 | 23  0.00006  8.76441e-01 | 24  0.00005  8.61554e-01
 25  0.00004  8.49360e-01 | 26  0.00002  8.45485e-01 | 27  0.00001  8.50117e-01
 28  0.00001  8.50000e-01 | 29  0.00036  8.21474e-01 | 30  0.00000  7.40594e-01
 31  0.00004  5.45220e-01 | 32  0.00149  4.69334e-01 | 33  0.00120  6.13247e-01
 34  0.00335  4.77981e-01 | 35  0.00921  3.26384e-01 | 36  0.00788  3.88860e-01
 37 -0.00394  3.77014e-01 | 38 -0.00383  4.26704e-01 | 39 -0.00576  3.51666e-01
 40 -0.00117  7.41470e-02 | 41  0.00171  3.08553e-02 | 42 -0.00168  5.93856e-02
 43 -0.00229 -1.25265e-01 | 44  0.03018 -8.88854e-01 | 45  0.00331 -2.53491e-01
 46 -0.00041 -1.93990e-01 | 47 -0.00160 -3.46829e-01 | 48  0.00059 -4.11450e-01
 49 -0.01118 -3.78106e-01 | 50 -0.00356 -6.22984e-01 | 51  0.00126 -7.79204e-01
 52  0.00134 -7.75206e-01 | 53  0.01300 -1.39571e+00 | 54 -0.00675 -6.63473e-01
 55  0.01193 -1.67071e+00 | 56  0.00554 -1.27941e+00 | 57 -0.00605 -1.05969e+00
 58 -0.01366 -7.77204e-01 | 59 -0.01256 -8.45352e-01 | 60  0.00409 -1.48372e+00
 61  0.01125 -2.40348e+00 | 62 -0.00142 -1.33617e+00 | 63 -0.01546 -9.07163e-01
 64 -0.00426 -1.20258e+00 | 65 -0.00074 -1.29450e+00 | 66  0.00642 -1.49584e+00
 67  0.01692 -1.84327e+00 | 68  0.01267 -1.66018e+00 | 69  0.00388 -1.37882e+00
 70  0.01709 -1.80211e+00 | 71 -0.01796 -4.69594e-01 | 72  0.01882 -1.54882e+00
 73 -0.01791 -5.98288e-01 | 74  0.01688 -1.46316e+00 | 75 -0.00085 -7.94802e-01
 76  0.00164 -8.76282e-01 | 77  0.03207 -1.76614e+00 | 78 -0.01907 -1.54766e-01
 79 -0.01588 -6.92278e-02 | 80 -0.01209  4.56701e-02 | 81 -0.00062 -5.75775e-01
 82 -0.04585  5.13659e-01 | 83 -0.01075  1.15333e-01 | 84  0.06179 -1.54120e+00
 85 -0.05783  7.75297e-01 | 86  0.04080 -3.72078e-01 | 87 -0.00276  5.38599e-01
 88 -0.00962  3.51675e-01 | 89 -0.00604  2.42667e-02 | 90 -0.02316  4.08409e-01
 91 -0.01123  1.06405e+00 | 92 -0.00468  8.21471e-01 | 93  0.00951  6.20994e-01
 94  0.01370  7.64233e-01 | 95 -0.01662  6.95948e-01 | 96 -0.00453  9.32540e-01
 97  0.02513  8.85399e-01 | 98 -0.02391  9.89495e-01 | 99  0.01453  7.38826e-01
100  0.02093  9.08577e-01 |101 -0.05446  9.18515e-01 |102  0.04320  9.65285e-01
103 -0.01323  1.01136e+00 |104 -0.00017  1.00527e+00 |105  0.00014  1.00954e+00
106  0.00435 -7.36272e+00 |107 -0.03986 -2.01454e+00 |108 -0.41234  2.68567e+00
109 -0.27577 -1.47385e-02 |110 -0.24512 -1.11095e-02 |
110 variables; iteration 120; function evaluation 187; phase 5
Function value 5.8405335e+02; maximum gradient component mag 1.1604e-01
Var    Value     Gradient |Var    Value     Gradient |Var    Value     Gradient
  1 -0.41697  6.62188e-03 |  2 -0.40959  1.16044e-01 |  3 -0.43150  5.12866e-02
  4 -0.41144  1.16418e-03 |  5 -0.45091  1.60765e-03 |  6  0.61784  1.04833e-01
  7 -0.00001  6.94794e-04 |  8 -0.00000  1.02109e-03 |  9 -0.00000  1.14137e-03
 10 -0.00000  1.22899e-03 | 11  0.00014 -2.54819e-03 | 12  0.00014 -2.57347e-03
 13  0.00014 -3.00115e-03 | 14  0.00013 -3.70451e-03 | 15  0.00013 -4.10062e-03
 16  0.00013 -3.33587e-03 | 17  0.00013 -2.06759e-03 | 18  0.00012 -1.24687e-03
 19  0.00015 -1.92584e-03 | 20  0.00011 -3.22260e-03 | 21  0.00010 -4.56663e-03
 22  0.00009 -3.45046e-03 | 23  0.00007 -6.41784e-04 | 24  0.00005 -5.58466e-03
 25  0.00003 -1.17722e-03 | 26 -0.00001 -3.21924e-03 | 27 -0.00004 -2.05804e-03
 28 -0.00006 -3.31093e-03 | 29  0.00028 -3.29676e-03 | 30 -0.00004 -2.29549e-03
 31  0.00010 -1.90004e-03 | 32  0.00158 -1.03373e-03 | 33  0.00117 -1.99385e-03
 34  0.00336 -1.51832e-03 | 35  0.00926 -8.08867e-04 | 36  0.00785 -1.26005e-03
 37 -0.00393 -1.13049e-03 | 38 -0.00388 -1.47900e-03 | 39 -0.00579 -1.17259e-03
 40 -0.00111 -1.94176e-04 | 41  0.00173  1.42325e-04 | 42 -0.00169 -2.46906e-04
 43 -0.00223  6.19554e-04 | 44  0.03021  3.03679e-03 | 45  0.00328  8.84743e-04
 46 -0.00050  6.64155e-04 | 47 -0.00162  1.09593e-03 | 48  0.00052  1.24485e-03
 49 -0.01117  1.33850e-03 | 50 -0.00356  2.12054e-03 | 51  0.00123  2.35857e-03
 52  0.00126  2.65399e-03 | 53  0.01300  4.09388e-03 | 54 -0.00683  1.73288e-03
 55  0.01204  5.92314e-03 | 56  0.00547  4.86353e-03 | 57 -0.00604  3.08393e-03
 58 -0.01370  2.38696e-03 | 59 -0.01261  2.66358e-03 | 60  0.00403  4.90502e-03
 61  0.01159  8.06862e-03 | 62 -0.00145  4.52216e-03 | 63 -0.01545  3.08426e-03
 64 -0.00426  3.94845e-03 | 65 -0.00076  4.01097e-03 | 66  0.00640  4.79555e-03
 67  0.01689  5.81222e-03 | 68  0.01266  5.11105e-03 | 69  0.00391  4.61047e-03
 70  0.01711  5.57849e-03 | 71 -0.01798  1.46365e-03 | 72  0.01880  5.03767e-03
 73 -0.01788  1.97884e-03 | 74  0.01689  4.87645e-03 | 75 -0.00085  2.54521e-03
 76  0.00165  2.91277e-03 | 77  0.03207  5.60290e-03 | 78 -0.01906  2.87687e-04
 79 -0.01588  2.39056e-04 | 80 -0.01209 -1.69267e-04 | 81 -0.00060  1.89042e-03
 82 -0.04585 -1.73578e-03 | 83 -0.01074 -2.46797e-04 | 84  0.06180  4.57431e-03
 85 -0.05785 -2.78071e-03 | 86  0.04081  8.19516e-04 | 87 -0.00276 -1.80197e-03
 88 -0.00960 -1.31378e-03 | 89 -0.00601 -3.57091e-06 | 90 -0.02314 -1.45491e-03
 91 -0.01126 -3.45237e-03 | 92 -0.00468 -2.74848e-03 | 93  0.00951 -2.04589e-03
 94  0.01371 -2.53023e-03 | 95 -0.01660 -2.56827e-03 | 96 -0.00452 -3.10212e-03
 97  0.02514 -2.85242e-03 | 98 -0.02390 -3.07520e-03 | 99  0.01455 -2.34181e-03
100  0.02094 -2.72053e-03 |101 -0.05444 -3.05533e-03 |102  0.04322 -3.07272e-03
103 -0.01323 -3.15899e-03 |104 -0.00017 -3.77309e-03 |105  0.00014 -3.35690e-03
106  0.00435  2.32752e-02 |107 -0.03965  6.30611e-03 |108 -0.41223 -8.26486e-03
109 -0.27575 -4.58257e-06 |110 -0.24516  1.97646e-04 |

 - final statistics:
110 variables; iteration 130; function evaluation 201
Function value 5.8405e+02; maximum gradient component mag -7.8373e-05
Exit code = 1;  converg criter 1.0000e-04
Var    Value     Gradient |Var    Value     Gradient |Var    Value     Gradient
  1 -0.41697 -6.00828e-06 |  2 -0.40959 -7.83727e-05 |  3 -0.43150 -3.55195e-05
  4 -0.41144 -7.29093e-07 |  5 -0.45091 -1.22032e-06 |  6  0.61784 -6.67774e-05
  7 -0.00001  9.36045e-07 |  8 -0.00000 -3.34052e-06 |  9 -0.00000 -1.89480e-06
 10 -0.00000  1.93114e-07 | 11  0.00014  2.03089e-06 | 12  0.00014  3.38718e-06
 13  0.00014  2.10800e-06 | 14  0.00013 -1.25274e-06 | 15  0.00013 -4.30401e-07
 16  0.00013  4.74706e-06 | 17  0.00013  1.36374e-06 | 18  0.00012 -3.15993e-06
 19  0.00015  9.58157e-06 | 20  0.00011  2.32957e-06 | 21  0.00010  3.30172e-06
 22  0.00009 -1.73059e-06 | 23  0.00007  3.38784e-06 | 24  0.00005  3.65611e-06
 25  0.00003 -6.96972e-07 | 26 -0.00001  2.96492e-06 | 27 -0.00004  6.05340e-07
 28 -0.00006  1.70634e-06 | 29  0.00028  1.03582e-06 | 30 -0.00004  1.49626e-06
 31  0.00010  2.04009e-06 | 32  0.00158  2.10217e-06 | 33  0.00117  1.34476e-06
 34  0.00336  1.10173e-06 | 35  0.00926  1.66155e-06 | 36  0.00785  7.55829e-07
 37 -0.00393  8.47400e-07 | 38 -0.00388  7.28006e-07 | 39 -0.00579  4.73632e-07
 40 -0.00111  5.45318e-07 | 41  0.00173  4.84198e-07 | 42 -0.00169  8.12875e-07
 43 -0.00223  9.30272e-08 | 44  0.03021 -2.05426e-06 | 45  0.00328  7.41260e-07
 46 -0.00049 -9.86678e-07 | 47 -0.00162 -1.55872e-06 | 48  0.00052 -5.46740e-09
 49 -0.01117 -9.06485e-07 | 50 -0.00356  4.96764e-07 | 51  0.00123 -7.17678e-06
 52  0.00126  6.09847e-07 | 53  0.01300 -2.75970e-06 | 54 -0.00683 -1.53780e-06
 55  0.01204 -2.21967e-06 | 56  0.00547 -3.32603e-06 | 57 -0.00604 -6.92947e-06
 58 -0.01370 -1.43385e-06 | 59 -0.01261 -4.57446e-06 | 60  0.00403  2.14803e-06
 61  0.01159 -1.14474e-06 | 62 -0.00145  2.01058e-06 | 63 -0.01545 -3.05410e-06
 64 -0.00426 -3.43258e-06 | 65 -0.00076 -9.86673e-06 | 66  0.00640  3.03001e-06
 67  0.01689 -7.20876e-06 | 68  0.01266 -2.42871e-06 | 69  0.00391 -2.90293e-06
 70  0.01711 -4.16754e-06 | 71 -0.01798 -4.83892e-08 | 72  0.01880 -2.59739e-06
 73 -0.01788 -1.18795e-06 | 74  0.01689 -2.44106e-06 | 75 -0.00085 -1.53314e-06
 76  0.00165 -2.61705e-06 | 77  0.03207 -3.48043e-06 | 78 -0.01906 -4.96682e-07
 79 -0.01588  4.01496e-07 | 80 -0.01209  7.75213e-07 | 81 -0.00060 -1.61822e-06
 82 -0.04585  1.15241e-06 | 83 -0.01074 -3.18430e-07 | 84  0.06180 -4.31988e-06
 85 -0.05785  7.61727e-07 | 86  0.04081 -1.77019e-06 | 87 -0.00276  1.22328e-06
 88 -0.00960 -1.75888e-07 | 89 -0.00601 -4.18476e-07 | 90 -0.02314 -5.28464e-08
 91 -0.01126  2.70623e-06 | 92 -0.00468  1.76973e-06 | 93  0.00951  9.25983e-07
 94  0.01371  1.39341e-06 | 95 -0.01660  1.57826e-06 | 96 -0.00452  1.45170e-06
 97  0.02514  1.61370e-06 | 98 -0.02390  2.04614e-06 | 99  0.01455  9.80631e-07
100  0.02094  2.22634e-06 |101 -0.05444  1.45122e-06 |102  0.04322  1.69260e-06
103 -0.01323  2.28083e-06 |104 -0.00017  2.15923e-06 |105  0.00014  4.02755e-06
106  0.00435 -1.19680e-05 |107 -0.03965 -4.35181e-06 |108 -0.41223  5.86510e-06
109 -0.27575 -1.93850e-07 |110 -0.24516  2.40093e-07 |

 - final statistics:
111 variables; iteration 0; function evaluation 0
Function value 5.8405e+02; maximum gradient component mag -7.8386e-05
Exit code = 0;  converg criter 1.0000e-04
Var    Value     Gradient |Var    Value     Gradient |Var    Value     Gradient
  1 -0.41697 -6.00916e-06 |  2 -0.40959 -7.83858e-05 |  3 -0.43150 -3.55255e-05
  4 -0.41144 -7.29231e-07 |  5 -0.45091 -1.22052e-06 |  6  0.61784 -6.67888e-05
  7 -0.00001  9.36033e-07 |  8 -0.00000 -3.34052e-06 |  9 -0.00000 -1.89480e-06
 10 -0.00000  1.93110e-07 | 11  0.00014  2.04909e-06 | 12  0.00014  3.40537e-06
 13  0.00014  2.12619e-06 | 14  0.00013 -1.23455e-06 | 15  0.00013 -4.12214e-07
 16  0.00013  4.76525e-06 | 17  0.00013  1.38192e-06 | 18  0.00012 -3.14175e-06
 19  0.00015  9.59974e-06 | 20  0.00011  2.34774e-06 | 21  0.00010  3.31989e-06
 22  0.00009 -1.71243e-06 | 23  0.00007  3.40600e-06 | 24  0.00005  3.67425e-06
 25  0.00003 -6.78834e-07 | 26 -0.00001  2.98305e-06 | 27 -0.00004  6.23457e-07
 28 -0.00006  1.72445e-06 | 29  0.00028  1.05391e-06 | 30 -0.00004  1.51434e-06
 31  0.00010  2.05816e-06 | 32  0.00158  2.12023e-06 | 33  0.00117  1.36281e-06
 34  0.00336  1.11975e-06 | 35  0.00926  1.67953e-06 | 36  0.00785  7.73793e-07
 37 -0.00393  8.65386e-07 | 38 -0.00388  7.45971e-07 | 39 -0.00579  4.91583e-07
 40 -0.00111  5.63228e-07 | 41  0.00173  5.02069e-07 | 42 -0.00169  8.30737e-07
 43 -0.00223  1.10866e-07 | 44  0.03021 -2.03673e-06 | 45  0.00328  7.59004e-07
 46 -0.00049 -9.68939e-07 | 47 -0.00162 -1.54101e-06 | 48  0.00052  1.21980e-08
 49 -0.01117 -8.88761e-07 | 50 -0.00356  5.14402e-07 | 51  0.00123 -7.15921e-06
 52  0.00126  6.27381e-07 | 53  0.01300 -2.74234e-06 | 54 -0.00683 -1.52023e-06
 55  0.01204 -2.20236e-06 | 56  0.00547 -3.30866e-06 | 57 -0.00604 -6.91198e-06
 58 -0.01370 -1.41630e-06 | 59 -0.01261 -4.55694e-06 | 60  0.00403  2.16535e-06
 61  0.01159 -1.12755e-06 | 62 -0.00145  2.02796e-06 | 63 -0.01545 -3.03656e-06
 64 -0.00426 -3.41516e-06 | 65 -0.00076 -9.84934e-06 | 66  0.00640  3.04732e-06
 67  0.01689 -7.19159e-06 | 68  0.01266 -2.41145e-06 | 69  0.00391 -2.88553e-06
 70  0.01711 -4.15031e-06 | 71 -0.01798 -3.07420e-08 | 72  0.01880 -2.58014e-06
 73 -0.01788 -1.17027e-06 | 74  0.01689 -2.42373e-06 | 75 -0.00085 -1.51556e-06
 76  0.00165 -2.59948e-06 | 77  0.03207 -3.46322e-06 | 78 -0.01906 -4.78907e-07
 79 -0.01588  4.19268e-07 | 80 -0.01209  7.92988e-07 | 81 -0.00060 -1.60049e-06
 82 -0.04585  1.17036e-06 | 83 -0.01074 -3.00565e-07 | 84  0.06180 -4.30268e-06
 85 -0.05785  7.79725e-07 | 86  0.04081 -1.75255e-06 | 87 -0.00276  1.24123e-06
 88 -0.00960 -1.57891e-07 | 89 -0.00601 -4.00477e-07 | 90 -0.02314 -3.47882e-08
 91 -0.01126  2.72429e-06 | 92 -0.00468  1.78780e-06 | 93  0.00951  9.44035e-07
 94  0.01371  1.41149e-06 | 95 -0.01660  1.59639e-06 | 96 -0.00452  1.46984e-06
 97  0.02514  1.63182e-06 | 98 -0.02390  2.06431e-06 | 99  0.01455  9.98797e-07
100  0.02094  2.24452e-06 |101 -0.05444  1.46935e-06 |102  0.04322  1.71077e-06
103 -0.01323  2.29902e-06 |104 -0.00017  2.17743e-06 |105  0.00014  4.04575e-06
106  0.00000  0.00000e+00 |107  0.00435 -1.19702e-05 |108 -0.03965 -4.35255e-06
109 -0.41223  5.86615e-06 |110 -0.27575 -1.93867e-07 |111 -0.24516  2.40117e-07
size of file gradfil1.tmp = 0
size of file gradfil2.tmp = 0
size of file varssave.tmp = 0
size of file cmpdiff.tmp = 0
