
Initial statistics: 1 variables; iteration 0; function evaluation 0; phase 1
Function value 6.4468888e+06; maximum gradient component mag -9.4215e+06
Var    Value     Gradient |Var    Value     Gradient |Var    Value     Gradient
  1  0.63197 -9.42152e+06 |

 - final statistics:
1 variables; iteration 4; function evaluation 38
Function value 1.0345e+03; maximum gradient component mag 7.7798e+00
Exit code = 1;  converg criter 1.0000e+01
Var    Value     Gradient |Var    Value     Gradient |Var    Value     Gradient
  1  0.76677  7.77975e+00 |

Initial statistics: 98 variables; iteration 0; function evaluation 0; phase 2
Function value 1.0345317e+03; maximum gradient component mag 1.5010e+03
Var    Value     Gradient |Var    Value     Gradient |Var    Value     Gradient
  1  0.76677  7.77975e+00 |  2  0.00000 -2.60054e+01 |  3  0.00000 -2.60639e+01
  4  0.00000 -2.61425e+01 |  5  0.00000 -2.62477e+01 |  6  0.00000 -2.63883e+01
  7  0.00000 -2.65756e+01 |  8  0.00000 -2.68248e+01 |  9  0.00000 -2.71543e+01
 10  0.00000 -2.75877e+01 | 11  0.00000 -2.82135e+01 | 12  0.00000 -2.88901e+01
 13  0.00000 -2.98362e+01 | 14  0.00000 -3.10389e+01 | 15  0.00000 -3.25474e+01
 16  0.00000 -3.44097e+01 | 17  0.00000 -3.72962e+01 | 18  0.00000 -3.96501e+01
 19  0.00000 -4.60879e+01 | 20  0.00000 -4.70756e+01 | 21  0.00000 -5.03440e+01
 22  0.00000 -6.22281e+01 | 23  0.00000 -5.75540e+01 | 24  0.00000 -6.30915e+01
 25  0.00000 -7.10081e+01 | 26  0.00000 -7.68017e+01 | 27  0.00000 -8.42457e+01
 28  0.00000 -8.23329e+01 | 29  0.00000 -7.37647e+01 | 30  0.00000 -7.45693e+01
 31  0.00000 -1.00791e+02 | 32  0.00000 -1.12811e+02 | 33  0.00000 -1.17872e+02
 34  0.00000 -1.30241e+02 | 35  0.00000 -1.60415e+02 | 36  0.00000 -1.51067e+02
 37  0.00000 -1.73254e+02 | 38  0.00000 -1.93530e+02 | 39  0.00000 -2.10805e+02
 40  0.00000 -1.91595e+02 | 41  0.00000 -2.09265e+02 | 42  0.00000 -2.30016e+02
 43  0.00000 -2.42282e+02 | 44  0.00000 -2.82858e+02 | 45  0.00000 -3.07651e+02
 46  0.00000 -3.17513e+02 | 47  0.00000 -3.42383e+02 | 48  0.00000 -3.72205e+02
 49  0.00000 -4.21805e+02 | 50  0.00000 -3.91907e+02 | 51  0.00000 -4.72054e+02
 52  0.00000 -4.87340e+02 | 53  0.00000 -5.13236e+02 | 54  0.00000 -5.54949e+02
 55  0.00000 -5.74127e+02 | 56  0.00000 -7.44789e+02 | 57  0.00000 -6.23457e+02
 58  0.00000 -6.29701e+02 | 59  0.00000 -6.55551e+02 | 60  0.00000 -6.87581e+02
 61  0.00000 -5.98329e+02 | 62  0.00000 -5.50506e+02 | 63  0.00000 -6.73158e+02
 64  0.00000 -4.69120e+02 | 65  0.00000 -3.73190e+02 | 66  0.00000 -5.56566e+02
 67  0.00000 -3.38905e+02 | 68  0.00000  5.32988e+02 | 69  0.00000 -2.72674e+02
 70  0.00000 -2.56714e+01 | 71  0.00000  8.84180e+02 | 72  0.00000  5.53698e+02
 73  0.00000  1.19656e+03 | 74  0.00000  1.92778e+02 | 75  0.00000  1.50099e+03
 76  0.00000  1.00290e+03 | 77  0.00000  4.18448e+02 | 78  0.00000  9.67206e+02
 79  0.00000  1.02403e+03 | 80  0.00000  7.47004e+02 | 81  0.00000  1.24757e+03
 82  0.00000  9.26471e+02 | 83  0.00000  1.00745e+03 | 84  0.00000  4.48832e+01
 85  0.00000  1.30477e+03 | 86  0.00000  2.55781e+02 | 87  0.00000  7.34295e+02
 88  0.00000  1.44897e+02 | 89  0.00000  2.56992e+02 | 90  0.00000  4.55578e+02
 91  0.00000  5.79988e+02 | 92  0.00000  2.95281e+02 | 93  0.00000 -4.73677e+02
 94  0.00000  1.27916e+00 | 95  0.00000 -2.53433e+01 | 96  0.00000 -2.58371e+01
 97 -0.03546 -8.46692e+01 | 98 -0.31026 -3.31225e+02 |

Intermediate statistics: 98 variables; iteration 20; function evaluation 33; phase 2
Function value 7.3696818e+02; maximum gradient component mag 1.4796e+03
Var    Value     Gradient |Var    Value     Gradient |Var    Value     Gradient
  1  0.70920  1.47960e+03 |  2 -0.01214 -7.78225e+01 |  3 -0.01212 -7.78284e+01
  4 -0.01210 -7.78362e+01 |  5 -0.01207 -7.78467e+01 |  6 -0.01203 -7.78608e+01
  7 -0.01198 -7.78795e+01 |  8 -0.01190 -7.79043e+01 |  9 -0.01181 -7.79371e+01
 10 -0.01169 -7.79801e+01 | 11 -0.01148 -7.80225e+01 | 12 -0.01131 -7.81085e+01
 13 -0.01104 -7.82006e+01 | 14 -0.01069 -7.83165e+01 | 15 -0.01025 -7.84596e+01
 16 -0.00970 -7.86326e+01 | 17 -0.00848 -7.86862e+01 | 18 -0.00795 -7.89997e+01
 19 -0.00403 -7.84453e+01 | 20 -0.00517 -7.93489e+01 | 21 -0.00451 -7.98103e+01
 22  0.00428 -7.81656e+01 | 23 -0.00264 -8.04826e+01 | 24 -0.00071 -8.08175e+01
 25  0.00345 -8.06913e+01 | 26  0.00485 -8.13927e+01 | 27  0.00776 -8.18481e+01
 28 -0.00122 -8.52315e+01 | 29 -0.01399 -8.95646e+01 | 30 -0.01745 -9.22134e+01
 31  0.00093 -8.92144e+01 | 32  0.00408 -8.95651e+01 | 33 -0.00176 -9.21505e+01
 34 -0.00197 -9.39199e+01 | 35  0.01474 -9.41257e+01 | 36  0.00096 -9.70916e+01
 37  0.00982 -9.62882e+01 | 38  0.01895 -9.64624e+01 | 39  0.02206 -9.75177e+01
 40 -0.00939 -1.04179e+02 | 41 -0.00795 -1.05345e+02 | 42 -0.00591 -1.05379e+02
 43 -0.01295 -1.06793e+02 | 44  0.00250 -1.05424e+02 | 45  0.00521 -1.06714e+02
 46  0.00212 -1.07544e+02 | 47 -0.00359 -1.06672e+02 | 48 -0.00253 -1.05682e+02
 49  0.01260 -1.03953e+02 | 50 -0.02160 -1.02324e+02 | 51  0.02418 -9.91153e+01
 52  0.00381 -9.38293e+01 | 53 -0.00024 -8.69761e+01 | 54  0.00894 -7.59857e+01
 55  0.00516 -6.57343e+01 | 56  0.11178 -1.20454e+02 | 57  0.02035 -5.36684e+01
 58  0.02314 -4.40897e+01 | 59  0.03604 -3.20424e+01 | 60  0.04227 -2.82950e+01
 61  0.02469 -1.65456e+01 | 62  0.01044 -8.49866e+00 | 63  0.03722  3.59819e-02
 64  0.00531  8.99370e+00 | 65 -0.00236  1.63246e+01 | 66  0.02928  1.29838e+02
 67  0.01246  7.92812e+01 | 68 -0.04733 -7.94462e+00 | 69  0.02135  8.76981e+01
 70  0.01106  1.61382e+02 | 71 -0.00272  3.84341e+02 | 72 -0.00079  2.96737e+02
 73 -0.00952  4.38744e+02 | 74  0.01766  2.91126e+02 | 75 -0.01287  5.29077e+02
 76 -0.00655  4.20783e+02 | 77  0.01469  2.55664e+02 | 78 -0.00924  3.62576e+02
 79 -0.00093  4.01189e+02 | 80 -0.00293  2.87735e+02 | 81 -0.00974  4.20562e+02
 82 -0.01178  2.82515e+02 | 83 -0.01099  2.54980e+02 | 84  0.01706  1.07021e+02
 85 -0.02481  2.87376e+02 | 86  0.00846  1.07468e+02 | 87 -0.00955  1.43553e+02
 88  0.00504  4.33461e+01 | 89 -0.00182 -4.82975e+00 | 90 -0.03293 -6.00401e+01
 91 -0.03095 -7.46717e+01 | 92 -0.03824 -1.10928e+02 | 93  0.01495 -1.69471e+02
 94 -0.02060 -8.64503e+01 | 95 -0.01240 -7.79639e+01 | 96 -0.01219 -7.78058e+01
 97  0.00206  2.38269e+02 | 98 -0.23776  2.78817e+01 |
98 variables; iteration 40; function evaluation 56; phase 2
Function value 7.0453316e+02; maximum gradient component mag 9.2828e+02
Var    Value     Gradient |Var    Value     Gradient |Var    Value     Gradient
  1  0.72991  9.28277e+02 |  2 -0.00250 -4.47346e+01 |  3 -0.00250 -4.47371e+01
  4 -0.00249 -4.47405e+01 |  5 -0.00247 -4.47451e+01 |  6 -0.00246 -4.47511e+01
  7 -0.00244 -4.47588e+01 |  8 -0.00241 -4.47694e+01 |  9 -0.00237 -4.47825e+01
 10 -0.00232 -4.47987e+01 | 11 -0.00225 -4.48738e+01 | 12 -0.00216 -4.48388e+01
 13 -0.00203 -4.48612e+01 | 14 -0.00187 -4.48823e+01 | 15 -0.00167 -4.49013e+01
 16 -0.00141 -4.49215e+01 | 17 -0.00097 -4.53948e+01 | 18 -0.00067 -4.52442e+01
 19  0.00086 -4.70254e+01 | 20  0.00040 -4.60439e+01 | 21  0.00046 -4.63027e+01
 22  0.00570 -4.73656e+01 | 23  0.00145 -4.67499e+01 | 24  0.00306 -4.60315e+01
 25  0.00605 -4.53779e+01 | 26  0.00643 -4.56697e+01 | 27  0.00475 -4.98140e+01
 28  0.00352 -4.35019e+01 | 29 -0.00233 -3.78833e+01 | 30 -0.00340 -3.49441e+01
 31  0.00044 -4.73510e+01 | 32 -0.00101 -5.16107e+01 | 33  0.00555 -3.75498e+01
 34 -0.00420 -5.55811e+01 | 35 -0.00825 -8.60019e+01 | 36  0.00065 -5.16182e+01
 37  0.01226 -4.56578e+01 | 38 -0.01756 -8.95485e+01 | 39  0.01366 -5.26398e+01
 40 -0.00756 -5.24732e+01 | 41  0.00161 -4.17935e+01 | 42  0.00140 -4.36115e+01
 43 -0.00214 -4.15573e+01 | 44  0.01215 -3.31662e+01 | 45  0.01208 -3.58882e+01
 46 -0.01908 -7.85082e+01 | 47  0.01055 -3.01544e+01 | 48  0.01153 -2.86293e+01
 49  0.01717 -3.55129e+01 | 50  0.01004  7.78590e+00 | 51 -0.00138 -6.45644e+01
 52  0.03009  6.96495e+00 | 53  0.00817 -2.09136e+01 | 54  0.01398 -1.81020e+01
 55  0.02395  1.79138e+01 | 56  0.10102  3.45919e+01 | 57  0.01001 -1.57455e+01
 58  0.01966  2.31041e+00 | 59  0.00262 -6.15337e+01 | 60  0.04249  5.84180e+01
 61  0.01604  2.15776e+01 | 62 -0.00709 -1.11655e+01 | 63  0.03253  6.89372e+01
 64  0.00194  5.99181e+01 | 65 -0.01106  2.20533e+01 | 66  0.01504  4.39151e+01
 67  0.00602  7.22469e+01 | 68 -0.04141  1.04749e+02 | 69  0.01712  1.23983e+02
 70  0.01090  2.38975e+02 | 71 -0.02209  3.06823e+01 | 72 -0.01101  1.20392e+02
 73 -0.02816  1.16859e+02 | 74  0.01654  2.40511e+02 | 75 -0.03114  1.86632e+02
 76 -0.01779  1.69936e+02 | 77  0.01349  2.50753e+02 | 78 -0.01682  1.96456e+02
 79 -0.01187  1.48455e+02 | 80 -0.00806  1.60068e+02 | 81 -0.02536  1.01490e+02
 82 -0.02402  5.04154e+01 | 83 -0.02570  1.56079e+01 | 84  0.01505  3.82440e+01
 85 -0.04578  1.33009e+01 | 86  0.00498  1.68540e+01 | 87 -0.02209 -2.61647e+01
 88  0.00238 -1.88644e+01 | 89 -0.00893 -6.65713e+01 | 90 -0.02701  3.01127e+01
 91 -0.03551 -5.82838e+01 | 92 -0.02973 -2.12021e+01 | 93  0.01354 -1.05381e+02
 94 -0.00289 -2.99842e+01 | 95 -0.00241 -4.42505e+01 | 96 -0.00252 -4.47272e+01
 97 -0.01130  1.15977e+02 | 98 -0.25263  3.97481e+01 |
98 variables; iteration 60; function evaluation 85; phase 2
Function value 6.9595150e+02; maximum gradient component mag -4.6555e+02
Var    Value     Gradient |Var    Value     Gradient |Var    Value     Gradient
  1  0.73370 -4.65546e+02 |  2 -0.00069  1.69789e+01 |  3 -0.00069  1.69676e+01
  4 -0.00068  1.69527e+01 |  5 -0.00068  1.69332e+01 |  6 -0.00067  1.69078e+01
  7 -0.00065  1.68753e+01 |  8 -0.00063  1.68344e+01 |  9 -0.00061  1.67842e+01
 10 -0.00056  1.67243e+01 | 11 -0.00046  1.66644e+01 | 12 -0.00042  1.65808e+01
 13 -0.00029  1.65044e+01 | 14 -0.00012  1.64318e+01 | 15  0.00013  1.63676e+01
 16  0.00044  1.63136e+01 | 17  0.00134  1.63629e+01 | 18  0.00158  1.62647e+01
 19  0.00437  1.60819e+01 | 20  0.00334  1.59990e+01 | 21  0.00359  1.57206e+01
 22  0.00870  1.39765e+01 | 23  0.00363  1.33610e+01 | 24  0.00520  1.35841e+01
 25  0.00814  1.35837e+01 | 26  0.00797  1.20512e+01 | 27  0.00833  1.00107e+01
 28  0.00433  1.21983e+01 | 29 -0.00747  7.95127e+00 | 30 -0.01170  4.87028e+00
 31 -0.00096  2.46616e+00 | 32 -0.00205 -2.42703e+00 | 33 -0.00036  3.20375e+00
 34 -0.00048  4.76888e-01 | 35  0.00359 -1.51444e+01 | 36 -0.00021 -3.68256e+00
 37  0.00525 -6.21059e+00 | 38  0.00759 -1.15318e+01 | 39  0.00831 -1.51312e+01
 40 -0.00521 -4.21466e+00 | 41  0.00298  3.05594e+00 | 42  0.00110 -2.33594e+00
 43 -0.00190 -9.33474e-02 | 44  0.01434  3.76928e+00 | 45  0.00617 -1.44318e+01
 46 -0.00319 -1.81189e+01 | 47  0.00409 -7.76549e+00 | 48  0.01057 -3.12146e+00
 49  0.01944 -1.16518e+01 | 50 -0.00404  4.90474e+00 | 51  0.01525 -2.07952e+01
 52  0.01373 -4.51846e+00 | 53  0.00078 -1.10090e+01 | 54  0.01987  2.36046e+00
 55  0.00774 -1.91045e+00 | 56  0.09960 -1.08383e+02 | 57  0.01825 -2.13750e+00
 58  0.01490 -9.71641e+00 | 59  0.02072 -3.25289e+01 | 60  0.03929 -2.40612e+01
 61  0.01192 -2.74666e+01 | 62  0.00117 -7.22413e+00 | 63  0.03131 -3.66520e+01
 64 -0.00527 -1.80906e+01 | 65 -0.00899 -5.37904e+00 | 66  0.01575 -4.67879e+01
 67  0.00662 -1.38136e+01 | 68 -0.04916  1.42683e+01 | 69  0.01692 -3.50962e+01
 70  0.00649 -7.70036e-02 | 71 -0.02079 -6.04765e+00 | 72 -0.01221 -1.95653e+00
 73 -0.03189 -7.43888e+00 | 74  0.01356 -3.80436e+01 | 75 -0.03882  1.32461e+01
 76 -0.02164  1.53153e+01 | 77  0.00969 -1.98596e+01 | 78 -0.02345  1.12601e+01
 79 -0.01660 -1.59311e+01 | 80 -0.01145  3.97932e+00 | 81 -0.03042 -1.21998e+01
 82 -0.02441 -7.61587e-02 | 83 -0.02873 -3.83087e+01 | 84  0.01727 -6.96456e+00
 85 -0.04698  2.04016e+01 | 86  0.00609 -2.94072e+00 | 87 -0.02231 -4.49119e+00
 88  0.00353 -9.91780e-01 | 89 -0.00779 -3.27691e+00 | 90 -0.03111  2.08022e+01
 91 -0.03509  1.24921e+01 | 92 -0.03055  1.69678e+01 | 93  0.01672  2.99776e+01
 94 -0.00786  2.05932e+01 | 95 -0.00078  1.72292e+01 | 96 -0.00070  1.70121e+01
 97 -0.01433 -3.43187e+01 | 98 -0.25731 -1.00982e+00 |
Maximum number of function evaluations exceeded

 - final statistics:
98 variables; iteration 69; function evaluation 100
Function value 6.9452e+02; maximum gradient component mag -1.7850e+02
Exit code = 3;  converg criter 1.0000e+01
Var    Value     Gradient |Var    Value     Gradient |Var    Value     Gradient
  1  0.73574 -1.78504e+02 |  2 -0.00012  6.18629e+00 |  3 -0.00011  6.18765e+00
  4 -0.00010  6.18915e+00 |  5 -0.00008  6.19058e+00 |  6 -0.00006  6.19144e+00
  7 -0.00003  6.19076e+00 |  8  0.00000  6.18705e+00 |  9  0.00004  6.17668e+00
 10  0.00009  6.15429e+00 | 11  0.00019  6.12189e+00 | 12  0.00021  6.03370e+00
 13  0.00026  5.90424e+00 | 14  0.00031  5.70109e+00 | 15  0.00034  5.40391e+00
 16  0.00035  5.00250e+00 | 17  0.00090  4.68420e+00 | 18  0.00071  4.08508e+00
 19  0.00388  4.71009e+00 | 20  0.00211  3.72412e+00 | 21  0.00242  3.77772e+00
 22  0.00785  2.90774e+00 | 23  0.00271  2.20318e+00 | 24  0.00417  2.64196e+00
 25  0.00613  1.80737e+00 | 26  0.00609  8.60107e-01 | 27  0.00773  9.41325e-01
 28  0.00060 -9.94257e-01 | 29 -0.00790 -4.67948e-01 | 30 -0.01019  1.04061e-01
 31  0.00063 -1.45495e+00 | 32  0.00363 -3.43401e-01 | 33  0.00171  9.92326e-01
 34  0.00328  1.79911e+00 | 35  0.01370 -6.73706e-01 | 36  0.00332 -1.46563e+00
 37  0.01016 -9.87447e-01 | 38  0.01048 -7.71194e+00 | 39  0.01451 -6.66428e+00
 40 -0.00184 -1.50304e+00 | 41 -0.00170 -3.64197e+00 | 42 -0.00031 -4.36266e+00
 43 -0.00365 -3.55118e+00 | 44  0.00788 -4.30115e+00 | 45  0.00910 -6.26330e+00
 46  0.00951  5.51726e-01 | 47  0.00437 -3.60119e+00 | 48  0.00579 -3.95811e+00
 49  0.01936 -3.59609e+00 | 50 -0.00809 -3.92201e-01 | 51  0.01425 -1.29128e+01
 52  0.00733 -3.09538e+00 | 53  0.00855  5.52974e+00 | 54  0.01191  1.40201e+00
 55  0.00884  8.02794e+00 | 56  0.10603 -2.06949e+01 | 57  0.01225  5.45370e+00
 58  0.01171  3.83281e+00 | 59  0.03022  1.29143e+01 | 60  0.03414 -6.36535e+00
 61  0.01555  7.23374e+00 | 62 -0.00197  5.75817e+00 | 63  0.02941 -9.07847e-01
 64 -0.00502  6.68421e+00 | 65 -0.01222  1.07366e+00 | 66  0.01533 -6.84315e+00
 67  0.00491  7.43027e-01 | 68 -0.05298 -9.86654e+00 | 69  0.01648 -3.90897e+00
 70  0.00419 -1.12977e+01 | 71 -0.02082  1.23757e+01 | 72 -0.01294  4.83981e+00
 73 -0.03285 -1.20199e+01 | 74  0.01332 -1.54264e+01 | 75 -0.04152 -2.18267e+01
 76 -0.02390 -8.29726e+00 | 77  0.00891 -1.72910e+01 | 78 -0.02488 -3.29716e+00
 79 -0.01734 -2.04050e+01 | 80 -0.01211 -2.91710e+00 | 81 -0.03096 -1.80255e+01
 82 -0.02356  1.17390e+01 | 83 -0.02765 -1.54016e+01 | 84  0.01744  6.14463e+00
 85 -0.04799  1.51157e+00 | 86  0.00607 -2.52789e+00 | 87 -0.02198 -7.06071e-01
 88  0.00325 -6.74628e+00 | 89 -0.00738  2.71767e+00 | 90 -0.03283 -6.16261e+00
 91 -0.03452  1.46377e+01 | 92 -0.03164 -1.58206e+00 | 93  0.01669  2.40784e+01
 94 -0.00917  6.77786e+00 | 95 -0.00057  5.88097e+00 | 96 -0.00015  6.18122e+00
 97 -0.01544 -2.10187e+01 | 98 -0.25786 -6.11264e+00 |

Initial statistics: 100 variables; iteration 0; function evaluation 0; phase 3
Function value 6.9451996e+02; maximum gradient component mag -2.0009e+02
Var    Value     Gradient |Var    Value     Gradient |Var    Value     Gradient
  1  0.73574 -1.78504e+02 |  2 -0.00012  6.22540e+00 |  3 -0.00011  6.22676e+00
  4 -0.00009  6.22826e+00 |  5 -0.00008  6.22968e+00 |  6 -0.00006  6.23055e+00
  7 -0.00003  6.22987e+00 |  8  0.00000  6.22616e+00 |  9  0.00005  6.21579e+00
 10  0.00009  6.19340e+00 | 11  0.00020  6.16100e+00 | 12  0.00021  6.07280e+00
 13  0.00026  5.94334e+00 | 14  0.00031  5.74020e+00 | 15  0.00034  5.44302e+00
 16  0.00035  5.04161e+00 | 17  0.00090  4.72331e+00 | 18  0.00071  4.12419e+00
 19  0.00388  4.74919e+00 | 20  0.00211  3.76322e+00 | 21  0.00242  3.81682e+00
 22  0.00785  2.94685e+00 | 23  0.00271  2.24229e+00 | 24  0.00417  2.68106e+00
 25  0.00613  1.84647e+00 | 26  0.00609  8.99213e-01 | 27  0.00774  9.80430e-01
 28  0.00060 -9.55149e-01 | 29 -0.00790 -4.28843e-01 | 30 -0.01019  1.43163e-01
 31  0.00063 -1.41584e+00 | 32  0.00363 -3.04294e-01 | 33  0.00171  1.03143e+00
 34  0.00328  1.83822e+00 | 35  0.01370 -6.34608e-01 | 36  0.00332 -1.42652e+00
 37  0.01016 -9.48345e-01 | 38  0.01048 -7.67284e+00 | 39  0.01451 -6.62519e+00
 40 -0.00184 -1.46393e+00 | 41 -0.00170 -3.60286e+00 | 42 -0.00031 -4.32355e+00
 43 -0.00365 -3.51207e+00 | 44  0.00788 -4.26205e+00 | 45  0.00910 -6.22419e+00
 46  0.00951  5.90829e-01 | 47  0.00437 -3.56208e+00 | 48  0.00579 -3.91901e+00
 49  0.01936 -3.55700e+00 | 50 -0.00809 -3.53097e-01 | 51  0.01425 -1.28737e+01
 52  0.00733 -3.05627e+00 | 53  0.00856  5.56885e+00 | 54  0.01191  1.44111e+00
 55  0.00884  8.06704e+00 | 56  0.10603 -2.06563e+01 | 57  0.01225  5.49280e+00
 58  0.01171  3.87191e+00 | 59  0.03022  1.29533e+01 | 60  0.03414 -6.32630e+00
 61  0.01555  7.27283e+00 | 62 -0.00197  5.79728e+00 | 63  0.02942 -8.68781e-01
 64 -0.00502  6.72332e+00 | 65 -0.01222  1.11276e+00 | 66  0.01533 -6.80405e+00
 67  0.00492  7.82133e-01 | 68 -0.05298 -9.82757e+00 | 69  0.01648 -3.86987e+00
 70  0.00419 -1.12586e+01 | 71 -0.02082  1.24147e+01 | 72 -0.01293  4.87890e+00
 73 -0.03284 -1.19809e+01 | 74  0.01332 -1.53873e+01 | 75 -0.04151 -2.17877e+01
 76 -0.02390 -8.25818e+00 | 77  0.00891 -1.72519e+01 | 78 -0.02488 -3.25808e+00
 79 -0.01734 -2.03659e+01 | 80 -0.01211 -2.87800e+00 | 81 -0.03096 -1.79864e+01
 82 -0.02356  1.17780e+01 | 83 -0.02765 -1.53625e+01 | 84  0.01744  6.18372e+00
 85 -0.04798  1.55056e+00 | 86  0.00607 -2.48879e+00 | 87 -0.02198 -6.66987e-01
 88  0.00326 -6.70717e+00 | 89 -0.00737  2.75677e+00 | 90 -0.03283 -6.12356e+00
 91 -0.03452  1.46767e+01 | 92 -0.03164 -1.54300e+00 | 93  0.01669  2.41175e+01
 94 -0.00917  6.81696e+00 | 95 -0.00057  5.92007e+00 | 96 -0.00014  6.22033e+00
 97 -0.01544 -2.10187e+01 | 98 -0.41581 -1.16791e+02 | 99 -0.25786 -6.11264e+00
100 -0.25275 -2.00093e+02 |

Intermediate statistics: 100 variables; iteration 20; function evaluation 24; phase 3
Function value 6.8695914e+02; maximum gradient component mag 1.2172e+02
Var    Value     Gradient |Var    Value     Gradient |Var    Value     Gradient
  1  0.73535  1.21725e+02 |  2 -0.00006 -9.53903e+00 |  3 -0.00005 -9.53970e+00
  4 -0.00004 -9.54094e+00 |  5 -0.00003 -9.54319e+00 |  6 -0.00001 -9.54729e+00
  7  0.00001 -9.55465e+00 |  8  0.00004 -9.56733e+00 |  9  0.00007 -9.58974e+00
 10  0.00011 -9.62827e+00 | 11  0.00020 -9.68188e+00 | 12  0.00019 -9.79888e+00
 13  0.00022 -9.96573e+00 | 14  0.00023 -1.02171e+01 | 15  0.00021 -1.05752e+01
 16  0.00018 -1.10511e+01 | 17  0.00067 -1.14560e+01 | 18  0.00040 -1.21570e+01
 19  0.00348 -1.16449e+01 | 20  0.00163 -1.27457e+01 | 21  0.00185 -1.28117e+01
 22  0.00712 -1.38976e+01 | 23  0.00198 -1.45974e+01 | 24  0.00330 -1.43370e+01
 25  0.00508 -1.53897e+01 | 26  0.00485 -1.65472e+01 | 27  0.00620 -1.68018e+01
 28 -0.00102 -1.88319e+01 | 29 -0.00951 -1.83099e+01 | 30 -0.01000 -1.64535e+01
 31 -0.00121 -1.93872e+01 | 32  0.00136 -1.88407e+01 | 33 -0.00062 -1.75430e+01
 34  0.00064 -1.68593e+01 | 35  0.01470 -1.68508e+01 | 36  0.00117 -1.93527e+01
 37  0.00722 -1.98373e+01 | 38  0.00761 -2.64642e+01 | 39  0.01075 -2.59060e+01
 40 -0.00062 -1.65100e+01 | 41 -0.00395 -2.09460e+01 | 42 -0.00300 -2.21320e+01
 43 -0.00618 -2.08835e+01 | 44  0.00462 -2.12929e+01 | 45  0.01145 -1.80872e+01
 46  0.00703 -1.45773e+01 | 47  0.00169 -1.93364e+01 | 48  0.00326 -1.91113e+01
 49  0.01652 -1.71898e+01 | 50 -0.00546 -9.71016e+00 | 51  0.01186 -2.50590e+01
 52  0.00480 -1.60922e+01 | 53  0.00662 -6.24662e+00 | 54  0.00975 -9.04555e+00
 55  0.01274  3.86451e+00 | 56  0.10350  1.61808e+00 | 57  0.01132 -1.04298e+00
 58  0.01106  2.11745e-01 | 59  0.03134  2.35744e+01 | 60  0.03410  9.21552e-01
 61  0.01857  2.22646e+01 | 62 -0.00205  1.26159e+01 | 63  0.03083  2.70808e+01
 64 -0.00546  1.90808e+01 | 65 -0.01218  1.23246e+01 | 66  0.01392  3.23156e+01
 67  0.00428  4.69810e+01 | 68 -0.06026 -4.32217e+01 | 69  0.01731 -7.85587e+01
 70 -0.00046 -1.47702e+01 | 71 -0.01526  3.81482e+01 | 72 -0.01681  1.18200e+01
 73 -0.02526  3.15393e+01 | 74  0.00829  5.28247e+00 | 75 -0.03576 -4.67595e+00
 76 -0.03153 -1.44740e+01 | 77  0.01190  4.44959e+00 | 78 -0.03139 -6.70226e+00
 79 -0.01199  1.62479e+01 | 80 -0.01614  1.88660e+01 | 81 -0.02436  2.71141e+01
 82 -0.02696  3.33938e+01 | 83 -0.01872  5.49377e+01 | 84  0.01582  9.08149e+01
 85 -0.03878  3.35901e+01 | 86  0.00553  8.30574e+01 | 87 -0.01350  3.57073e+01
 88  0.00060  1.50888e+01 | 89  0.00060  1.76845e+01 | 90 -0.03730 -5.35474e+01
 91 -0.02107  4.10730e+01 | 92 -0.03341 -4.36219e+01 | 93  0.03664  7.52544e+01
 94 -0.01043 -8.53499e+00 | 95 -0.00082 -1.00132e+01 | 96 -0.00009 -9.53830e+00
 97  0.02950 -7.19465e-01 | 98 -0.39527 -7.59896e+01 | 99 -0.11617  2.21757e+00
100 -0.20459 -1.19957e+02 |
100 variables; iteration 40; function evaluation 50; phase 3
Function value 6.8226324e+02; maximum gradient component mag -2.7569e+02
Var    Value     Gradient |Var    Value     Gradient |Var    Value     Gradient
  1  0.74351 -2.75689e+02 |  2  0.00011  1.15695e+01 |  3  0.00012  1.15654e+01
  4  0.00012  1.15600e+01 |  5  0.00013  1.15532e+01 |  6  0.00014  1.15447e+01
  7  0.00015  1.15345e+01 |  8  0.00018  1.15225e+01 |  9  0.00021  1.15098e+01
 10  0.00025  1.14983e+01 | 11  0.00034  1.14855e+01 | 12  0.00040  1.14941e+01
 13  0.00052  1.15146e+01 | 14  0.00069  1.15615e+01 | 15  0.00092  1.16422e+01
 16  0.00122  1.17572e+01 | 17  0.00195  1.18161e+01 | 18  0.00218  1.19752e+01
 19  0.00460  1.16409e+01 | 20  0.00359  1.19080e+01 | 21  0.00369  1.18236e+01
 22  0.00969  1.20525e+01 | 23  0.00477  1.16457e+01 | 24  0.00581  1.17191e+01
 25  0.00818  1.17731e+01 | 26  0.00841  1.15166e+01 | 27  0.01025  1.23009e+01
 28  0.00367  1.13150e+01 | 29 -0.00517  1.12084e+01 | 30 -0.00697  9.64066e+00
 31  0.00286  1.04705e+01 | 32  0.00448  9.61149e+00 | 33  0.00016  7.13234e+00
 34  0.00106  6.67127e+00 | 35  0.01837  9.30554e+00 | 36  0.00380  8.42301e+00
 37  0.01247  1.13461e+01 | 38  0.01274  4.70590e+00 | 39  0.01902  9.04231e+00
 40  0.00217  6.37793e+00 | 41 -0.00001  7.13528e+00 | 42  0.00165  6.10530e+00
 43 -0.00204  5.60153e+00 | 44  0.00902  3.97905e+00 | 45  0.01901  6.13994e+00
 46  0.00700  4.45656e+00 | 47  0.00429  1.87776e+00 | 48  0.00669  1.40191e+00
 49  0.01887 -2.38653e+00 | 50 -0.00266  2.88094e+00 | 51  0.02265  6.06544e-01
 52  0.00735 -1.70552e+00 | 53 -0.00014 -6.81010e+00 | 54  0.01126 -2.76755e+00
 55  0.01168 -1.38486e+00 | 56  0.09556 -6.26853e+01 | 57  0.00638 -8.95567e+00
 58  0.00829 -1.10484e+01 | 59  0.01532 -3.06872e+01 | 60  0.03026 -4.32903e+01
 61  0.01314 -1.76262e+01 | 62 -0.00631 -1.14813e+01 | 63  0.02458 -5.16942e+01
 64 -0.01447 -3.23244e+01 | 65 -0.00844  1.44474e+01 | 66  0.00772 -5.33339e+01
 67 -0.00039 -3.10636e+01 | 68 -0.05972 -2.36924e+01 | 69  0.01981 -5.24121e+00
 70 -0.00239 -2.86725e+01 | 71 -0.01628  1.36518e+01 | 72 -0.01823  6.92734e+00
 73 -0.02735 -9.02724e+00 | 74  0.00555 -3.85406e+01 | 75 -0.03593 -5.88075e+00
 76 -0.03485 -3.34096e+01 | 77  0.01218 -1.49362e+00 | 78 -0.03444 -2.38018e+01
 79 -0.01244 -2.96330e+00 | 80 -0.02008 -2.71065e+01 | 81 -0.02630 -1.12174e+01
 82 -0.03063  5.23518e+00 | 83 -0.02124  3.43288e+00 | 84  0.01125  1.33666e+01
 85 -0.04056  2.14918e+01 | 86 -0.00064 -1.09936e+00 | 87 -0.01581  1.03659e+01
 88 -0.00414 -2.93025e+01 | 89 -0.00029  2.45995e+01 | 90 -0.03742 -2.09322e+01
 91 -0.02180  4.56779e+01 | 92 -0.03261 -5.32359e+00 | 93  0.03712  8.06883e+01
 94 -0.01399  1.25109e+01 | 95 -0.00037  1.21014e+01 | 96  0.00010  1.15820e+01
 97  0.06479 -5.52313e+01 | 98 -0.37976  1.10510e+02 | 99 -0.04418 -2.79742e+01
100 -0.17404  9.09628e+00 |
100 variables; iteration 60; function evaluation 82; phase 3
Function value 6.7688772e+02; maximum gradient component mag -1.7923e+02
Var    Value     Gradient |Var    Value     Gradient |Var    Value     Gradient
  1  0.75224  1.15539e+02 |  2  0.00305 -1.24782e+00 |  3  0.00307 -1.21627e+00
  4  0.00311 -1.17479e+00 |  5  0.00315 -1.12074e+00 |  6  0.00321 -1.05125e+00
  7  0.00328 -9.63701e-01 |  8  0.00336 -8.54816e-01 |  9  0.00347 -7.26375e-01
 10  0.00360 -5.82890e-01 | 11  0.00379 -4.09147e-01 | 12  0.00386 -3.16145e-01
 13  0.00397 -2.58774e-01 | 14  0.00402 -3.17965e-01 | 15  0.00399 -5.40879e-01
 16  0.00387 -9.35888e-01 | 17  0.00442 -9.98776e-01 | 18  0.00401 -1.63520e+00
 19  0.00789  5.09558e-01 | 20  0.00569 -8.21915e-01 | 21  0.00607 -2.32859e-01
 22  0.01068 -1.58708e+00 | 23  0.00837  1.83904e+00 | 24  0.00974  2.73513e+00
 25  0.01245  3.72355e+00 | 26  0.00956 -5.40757e-01 | 27  0.00930 -2.10175e+00
 28  0.00641  2.42279e+00 | 29 -0.00793 -7.01440e+00 | 30 -0.01167 -1.23330e+01
 31  0.00208 -3.19913e+00 | 32  0.00621  1.17655e+00 | 33  0.00183 -1.14299e+00
 34 -0.00474 -1.42226e+01 | 35  0.01653 -4.13580e+00 | 36  0.00431 -1.43802e+00
 37  0.01067  9.17938e-01 | 38  0.01675  3.89782e+00 | 39  0.02026  7.20179e+00
 40  0.00755  8.32122e+00 | 41  0.00243  4.35631e+00 | 42  0.00377  5.40971e+00
 43  0.00238  9.71110e+00 | 44  0.01149  7.77587e+00 | 45  0.01242 -7.91669e+00
 46  0.01044  9.72890e+00 | 47  0.00998  1.30109e+01 | 48  0.00399  1.22374e+00
 49  0.01838  7.21732e+00 | 50  0.00607  2.46079e+01 | 51  0.00930 -6.52135e+00
 52  0.00102  1.06385e+00 | 53  0.01545  3.39822e+01 | 54  0.00193 -2.41913e+00
 55  0.00386 -1.31178e-01 | 56  0.09314  5.71056e+01 | 57  0.00599  1.40399e+01
 58  0.00354  1.17183e+01 | 59  0.02232  4.00880e+01 | 60  0.03620  5.98694e+01
 61  0.00836  1.85501e+01 | 62 -0.02459 -2.87947e+01 | 63  0.02576  6.38104e+01
 64 -0.00928  4.86932e+01 | 65 -0.03359 -6.13463e+01 | 66  0.00668  5.59051e+01
 67 -0.00869 -1.45373e+01 | 68 -0.05551  3.64083e+01 | 69  0.01776  5.26425e+01
 70 -0.00588 -1.45065e+01 | 71 -0.01838  2.12012e+01 | 72 -0.02500 -5.92411e+01
 73 -0.02666  3.58762e+01 | 74  0.00151 -4.96797e+01 | 75 -0.03795 -9.95679e+00
 76 -0.03575 -1.22127e+01 | 77  0.01033  7.17890e+00 | 78 -0.03507 -1.28099e+01
 79 -0.01239  1.96367e+01 | 80 -0.02098 -1.70323e+01 | 81 -0.02553  8.48164e+00
 82 -0.03853 -1.01012e+02 | 83 -0.02180 -7.55120e+00 | 84  0.00415 -1.21709e+02
 85 -0.04182 -5.23188e-01 | 86 -0.00415 -6.00629e+01 | 87 -0.01425  3.38434e+01
 88 -0.00210  1.18860e+00 | 89  0.00052  1.25212e+01 | 90 -0.03289 -6.44882e-02
 91 -0.02395 -4.62778e+01 | 92 -0.03365 -4.02249e+01 | 93  0.03490 -6.63648e+01
 94 -0.01029  7.78128e+00 | 95  0.00156 -2.58618e+00 | 96  0.00298 -1.34150e+00
 97  0.07041  6.76817e+01 | 98 -0.38253 -1.79229e+02 | 99  0.29608 -1.39987e+01
100 -0.04502 -1.95861e+01 |
Maximum number of function evaluations exceeded

 - final statistics:
100 variables; iteration 71; function evaluation 100
Function value 6.7042e+02; maximum gradient component mag -1.9484e+02
Exit code = 3;  converg criter 1.0000e+00
Var    Value     Gradient |Var    Value     Gradient |Var    Value     Gradient
  1  0.75302 -1.94838e+02 |  2  0.00327  1.27281e+01 |  3  0.00329  1.27476e+01
  4  0.00331  1.27725e+01 |  5  0.00334  1.28036e+01 |  6  0.00338  1.28414e+01
  7  0.00342  1.28849e+01 |  8  0.00348  1.29313e+01 |  9  0.00353  1.29729e+01
 10  0.00359  1.29961e+01 | 11  0.00368  1.30063e+01 | 12  0.00363  1.28878e+01
 13  0.00358  1.26902e+01 | 14  0.00348  1.23696e+01 | 15  0.00335  1.19612e+01
 16  0.00327  1.15869e+01 | 17  0.00390  1.15799e+01 | 18  0.00386  1.14405e+01
 19  0.00683  1.21038e+01 | 20  0.00595  1.26872e+01 | 21  0.00687  1.39378e+01
 22  0.01459  1.69175e+01 | 23  0.00800  1.40011e+01 | 24  0.00386  6.78982e+00
 25 -0.00081 -2.83259e+00 | 26  0.01610  2.03363e+01 | 27  0.00704  6.07559e+00
 28 -0.00600 -4.94595e+00 | 29 -0.00038  1.83750e+01 | 30 -0.00693  8.37526e+00
 31 -0.00063  4.49447e+00 | 32  0.00500  1.04738e+01 | 33 -0.00941 -7.68079e+00
 34 -0.00576 -4.39965e+00 | 35  0.01277  6.94770e-01 | 36  0.00103  4.37737e+00
 37  0.02039  2.48996e+01 | 38  0.01803  1.57127e+01 | 39  0.02231  1.90191e+01
 40  0.00747  1.72942e+01 | 41  0.00577  1.85036e+01 | 42  0.00360  1.30748e+01
 43 -0.00167  1.03310e+01 | 44  0.01387  1.78958e+01 | 45  0.01281 -1.59345e+00
 46  0.00772  1.02253e+01 | 47  0.00980  1.66592e+01 | 48  0.01374  2.07229e+01
 49  0.02393  1.75994e+01 | 50 -0.00248  7.35283e+00 | 51  0.00607 -1.31911e+01
 52 -0.00440 -7.98443e+00 | 53  0.01733  3.07533e+01 | 54 -0.00035 -9.05994e+00
 55  0.00483 -2.88210e+00 | 56  0.09449 -8.99527e+00 | 57 -0.00731 -1.65191e+01
 58  0.00674  4.44580e+00 | 59  0.01886  5.81843e+00 | 60  0.03341  8.57505e+00
 61  0.00639 -1.16819e+01 | 62 -0.02108 -3.03621e+01 | 63  0.02261 -2.48600e-01
 64 -0.01362  6.90443e+00 | 65 -0.03399 -7.25874e+01 | 66  0.00297 -9.74897e+00
 67 -0.00893 -4.28318e+01 | 68 -0.05593  1.99153e+01 | 69  0.01857 -8.08300e+00
 70 -0.00480 -3.80044e+01 | 71 -0.01749 -9.27866e+00 | 72 -0.02305 -6.05727e+01
 73 -0.02575  9.64457e+00 | 74  0.00252 -6.51460e+01 | 75 -0.03712 -2.05920e+01
 76 -0.03597 -1.77813e+01 | 77  0.01060 -2.80474e+01 | 78 -0.03519 -1.37020e+01
 79 -0.01223 -9.49972e-01 | 80 -0.02092 -1.92425e+01 | 81 -0.02484  1.60973e+00
 82 -0.03677 -7.86465e+01 | 83 -0.02041 -6.19110e+00 | 84  0.00562 -9.61319e+01
 85 -0.04051  4.82642e+00 | 86 -0.00277 -4.11346e+01 | 87 -0.01279  2.90451e+01
 88 -0.00029  1.10445e+01 | 89  0.00381  1.69550e+01 | 90 -0.02832  1.69854e+01
 91 -0.01731 -2.63880e+01 | 92 -0.02440 -6.09839e+00 | 93  0.04527 -3.96478e+01
 94 -0.01238  1.12707e+01 | 95  0.00210  1.17987e+01 | 96  0.00322  1.26677e+01
 97  0.06718  2.93286e+01 | 98 -0.38313 -1.02090e+02 | 99  0.64151 -5.92535e+00
100  0.08515 -3.70807e+00 |

Initial statistics: 107 variables; iteration 0; function evaluation 0; phase 4
Function value 6.7042265e+02; maximum gradient component mag -1.5010e+03
Var    Value     Gradient |Var    Value     Gradient |Var    Value     Gradient
  1 -0.42263  5.05195e+02 |  2 -0.42263 -1.50098e+03 |  3 -0.41094 -2.55614e+02
  4  0.75302 -1.94838e+02 |  5  0.00000 -2.50054e-02 |  6  0.00000 -8.82228e-03
  7  0.00000 -1.19154e-02 |  8  0.00000 -1.60765e-02 |  9  0.00328  1.32459e+01
 10  0.00330  1.32654e+01 | 11  0.00332  1.32903e+01 | 12  0.00335  1.33215e+01
 13  0.00339  1.33592e+01 | 14  0.00343  1.34027e+01 | 15  0.00349  1.34492e+01
 16  0.00354  1.34908e+01 | 17  0.00360  1.35140e+01 | 18  0.00369  1.35242e+01
 19  0.00364  1.34057e+01 | 20  0.00359  1.32081e+01 | 21  0.00349  1.28875e+01
 22  0.00336  1.24790e+01 | 23  0.00328  1.21047e+01 | 24  0.00391  1.20978e+01
 25  0.00387  1.19583e+01 | 26  0.00684  1.26216e+01 | 27  0.00596  1.32051e+01
 28  0.00688  1.44556e+01 | 29  0.01460  1.74352e+01 | 30  0.00801  1.45190e+01
 31  0.00387  7.30767e+00 | 32 -0.00080 -2.31473e+00 | 33  0.01611  2.08540e+01
 34  0.00705  6.59341e+00 | 35 -0.00599 -4.42812e+00 | 36 -0.00037  1.88929e+01
 37 -0.00692  8.89308e+00 | 38 -0.00062  5.01233e+00 | 39  0.00501  1.09916e+01
 40 -0.00940 -7.16299e+00 | 41 -0.00575 -3.88182e+00 | 42  0.01278  1.21252e+00
 43  0.00104  4.89522e+00 | 44  0.02040  2.54172e+01 | 45  0.01804  1.62303e+01
 46  0.02232  1.95366e+01 | 47  0.00748  1.78120e+01 | 48  0.00578  1.90214e+01
 49  0.00361  1.35926e+01 | 50 -0.00166  1.08489e+01 | 51  0.01388  1.84136e+01
 52  0.01282 -1.07570e+00 | 53  0.00773  1.07431e+01 | 54  0.00981  1.71770e+01
 55  0.01375  2.12407e+01 | 56  0.02394  1.81169e+01 | 57 -0.00247  7.87069e+00
 58  0.00608 -1.26733e+01 | 59 -0.00439 -7.46659e+00 | 60  0.01734  3.12710e+01
 61 -0.00034 -8.54209e+00 | 62  0.00484 -2.36425e+00 | 63  0.09450 -8.48309e+00
 64 -0.00730 -1.60013e+01 | 65  0.00675  4.96363e+00 | 66  0.01887  6.33606e+00
 67  0.03342  9.09219e+00 | 68  0.00640 -1.11640e+01 | 69 -0.02107 -2.98446e+01
 70  0.02262  2.68931e-01 | 71 -0.01361  7.42217e+00 | 72 -0.03398 -7.20703e+01
 73  0.00298 -9.23112e+00 | 74 -0.00892 -4.23140e+01 | 75 -0.05592  2.04311e+01
 76  0.01858 -7.56536e+00 | 77 -0.00479 -3.74866e+01 | 78 -0.01748 -8.76100e+00
 79 -0.02304 -6.00552e+01 | 80 -0.02574  1.01620e+01 | 81  0.00253 -6.46281e+01
 82 -0.03711 -2.00751e+01 | 83 -0.03596 -1.72643e+01 | 84  0.01061 -2.75296e+01
 85 -0.03518 -1.31850e+01 | 86 -0.01222 -4.32209e-01 | 87 -0.02091 -1.87249e+01
 88 -0.02483  2.12720e+00 | 89 -0.03676 -7.81296e+01 | 90 -0.02040 -5.67351e+00
 91  0.00563 -9.56140e+01 | 92 -0.04050  5.34324e+00 | 93 -0.00276 -4.06167e+01
 94 -0.01278  2.95629e+01 | 95 -0.00028  1.15623e+01 | 96  0.00382  1.74728e+01
 97 -0.02831  1.75028e+01 | 98 -0.01730 -2.58704e+01 | 99 -0.02439 -5.58091e+00
100  0.04528 -3.91312e+01 |101 -0.01237  1.17885e+01 |102  0.00211  1.23166e+01
103  0.00323  1.31855e+01 |104  0.06718  2.93286e+01 |105 -0.38313 -1.02090e+02
106  0.64151 -5.92535e+00 |107  0.08515 -3.70807e+00 |

Intermediate statistics: 107 variables; iteration 20; function evaluation 26; phase 4
Function value 6.6029480e+02; maximum gradient component mag -1.1778e+03
Var    Value     Gradient |Var    Value     Gradient |Var    Value     Gradient
  1 -0.42089  5.77565e+02 |  2 -0.41192 -1.17783e+03 |  3 -0.42653 -2.96806e+02
  4  0.74381 -2.60677e+02 |  5  0.00002 -3.36426e-03 |  6  0.00001 -1.19067e-03
  7  0.00001 -1.61411e-03 |  8  0.00001 -2.19338e-03 |  9  0.00025  8.96313e+00
 10  0.00025  8.95841e+00 | 11  0.00025  8.95220e+00 | 12  0.00026  8.94411e+00
 13  0.00027  8.93370e+00 | 14  0.00028  8.92055e+00 | 15  0.00030  8.90419e+00
 16  0.00032  8.88471e+00 | 17  0.00035  8.86251e+00 | 18  0.00043  8.83522e+00
 19  0.00045  8.81545e+00 | 20  0.00053  8.79466e+00 | 21  0.00064  8.77553e+00
 22  0.00078  8.75035e+00 | 23  0.00094  8.69895e+00 | 24  0.00150  8.56616e+00
 25  0.00147  8.42199e+00 | 26  0.00381  8.08615e+00 | 27  0.00234  7.77064e+00
 28  0.00210  7.29309e+00 | 29  0.00714  6.29761e+00 | 30  0.00298  6.88207e+00
 31  0.00499  8.27424e+00 | 32  0.00897  1.04377e+01 | 33  0.00545  4.97482e+00
 34  0.00921  8.36495e+00 | 35  0.00477  1.04913e+01 | 36 -0.00671  6.65375e+00
 37 -0.00707  7.15128e+00 | 38  0.00241  7.56296e+00 | 39  0.00357  6.23974e+00
 40  0.00287  9.26499e+00 | 41  0.00250  7.27349e+00 | 42  0.01765  5.67214e+00
 43  0.00346  5.75611e+00 | 44  0.00499 -6.11111e-01 | 45  0.01399  3.41777e+00
 46  0.01721  3.84224e+00 | 47  0.00270  4.21899e+00 | 48 -0.00108  2.72481e+00
 49  0.00072  2.43792e+00 | 50 -0.00263  2.51530e+00 | 51  0.00733 -1.04042e+00
 52  0.01693 -8.30500e-01 | 53  0.00559 -1.05187e+00 | 54  0.00242 -3.85724e+00
 55  0.00340 -6.28952e+00 | 56  0.01644 -9.15825e+00 | 57 -0.00552 -5.13798e+00
 58  0.02144 -4.46765e+00 | 59  0.00867 -3.20564e+00 | 60 -0.00759 -1.95388e+01
 61  0.00879 -9.14692e+00 | 62  0.00677 -1.30162e+01 | 63  0.08209 -8.40762e+01
 64  0.01228 -7.09701e+00 | 65  0.00374 -2.00923e+01 | 66  0.01665 -2.71788e+01
 67  0.02803 -4.47972e+01 | 68  0.00879 -2.66443e+01 | 69 -0.00737 -1.06393e+01
 70  0.02114 -5.29835e+01 | 71 -0.01531 -2.44411e+01 | 72 -0.01633 -5.79838e+00
 73  0.00442 -3.38640e+01 | 74 -0.00348 -2.11000e+01 | 75 -0.05692 -1.09767e+01
 76  0.02082 -8.65744e+00 | 77 -0.00320 -4.59806e+01 | 78 -0.01638 -1.98290e+01
 79 -0.02040 -3.94439e+01 | 80 -0.02525 -1.93568e-01 | 81  0.00380 -5.48440e+01
 82 -0.03701 -2.72206e+01 | 83 -0.03525 -1.37841e+01 | 84  0.01067 -4.22415e+01
 85 -0.03436 -8.18374e+00 | 86 -0.00999  3.71399e+01 | 87 -0.01942 -3.37043e-01
 88 -0.02344  1.87115e+01 | 89 -0.03223 -2.06603e+01 | 90 -0.01825  2.45105e+01
 91  0.00952 -1.43614e+01 | 92 -0.03919  8.69644e+00 | 93 -0.00037 -7.59092e+00
 94 -0.01069  4.29435e+01 | 95  0.00236  3.31568e+01 | 96  0.00699  3.94129e+01
 97 -0.02519  2.59076e+01 | 98 -0.01173  1.02863e+01 | 99 -0.01609  3.51540e+01
100  0.05263  9.45361e+00 |101 -0.00855  2.00782e+01 |102 -0.00032  9.06428e+00
103  0.00024  8.97709e+00 |104  0.06907 -3.13701e+01 |105 -0.38007  5.34528e+01
106  0.64417 -8.14513e+00 |107  0.12833 -1.06581e+00 |
107 variables; iteration 40; function evaluation 48; phase 4
Function value 6.5416366e+02; maximum gradient component mag -1.3427e+03
Var    Value     Gradient |Var    Value     Gradient |Var    Value     Gradient
  1 -0.42706 -2.98117e+01 |  2 -0.40357 -1.34272e+03 |  3 -0.43517 -6.08160e+02
  4  0.74194 -5.39963e+02 |  5  0.00000 -2.64688e-02 |  6  0.00000 -9.32816e-03
  7  0.00000 -1.26002e-02 |  8  0.00000 -1.69925e-02 |  9  0.00102  2.36613e+01
 10  0.00102  2.36510e+01 | 11  0.00102  2.36375e+01 | 12  0.00102  2.36198e+01
 13  0.00102  2.35970e+01 | 14  0.00102  2.35681e+01 | 15  0.00102  2.35321e+01
 16  0.00103  2.34883e+01 | 17  0.00104  2.34366e+01 | 18  0.00109  2.33730e+01
 19  0.00108  2.33122e+01 | 20  0.00113  2.32398e+01 | 21  0.00119  2.31546e+01
 22  0.00126  2.30427e+01 | 23  0.00132  2.28824e+01 | 24  0.00179  2.26382e+01
 25  0.00167  2.23953e+01 | 26  0.00395  2.20366e+01 | 27  0.00251  2.18344e+01
 28  0.00248  2.17272e+01 | 29  0.00833  2.19793e+01 | 30  0.00384  2.20143e+01
 31  0.00378  2.03063e+01 | 32  0.00453  1.78588e+01 | 33  0.00970  2.42748e+01
 34  0.00981  2.25085e+01 | 35  0.00467  2.33690e+01 | 36 -0.00853  1.70123e+01
 37 -0.00721  2.01705e+01 | 38  0.00164  1.94396e+01 | 39  0.00464  2.07228e+01
 40  0.00386  2.35051e+01 | 41  0.00462  2.33697e+01 | 42  0.01732  1.76674e+01
 43  0.00199  1.62668e+01 | 44  0.00803  1.63318e+01 | 45  0.01574  1.69318e+01
 46  0.01348  8.42610e+00 | 47  0.00306  1.53393e+01 | 48 -0.00104  1.33269e+01
 49  0.00096  1.33521e+01 | 50 -0.00083  1.56255e+01 | 51  0.00790  8.56938e+00
 52  0.01490  3.30928e+00 | 53  0.00527  6.17899e+00 | 54  0.00289  4.34817e+00
 55  0.00575  3.66137e+00 | 56  0.01873 -1.64351e+00 | 57 -0.00591  2.22272e-01
 58  0.01373 -1.16476e+01 | 59  0.00873 -5.84150e-02 | 60 -0.00551 -1.18321e+01
 61  0.00896 -7.01666e+00 | 62  0.00710 -1.19938e+01 | 63  0.07724 -1.19435e+02
 64  0.00857 -1.56522e+01 | 65  0.00481 -2.30312e+01 | 66  0.01714 -3.48543e+01
 67  0.03337 -4.33631e+01 | 68  0.00754 -3.95071e+01 | 69 -0.00970 -2.45535e+01
 70  0.01774 -9.21054e+01 | 71 -0.02139 -5.78816e+01 | 72 -0.01961 -3.48952e+01
 73 -0.00085 -1.02300e+02 | 74 -0.00461 -4.98933e+01 | 75 -0.05725 -1.37630e+01
 76  0.01896 -9.48024e+01 | 77 -0.00305 -7.51530e+01 | 78 -0.01660 -4.22734e+01
 79 -0.02015 -5.71204e+01 | 80 -0.02654 -3.71730e+01 | 81  0.00466 -7.05591e+01
 82 -0.03624 -1.81746e+01 | 83 -0.03378 -2.89682e-01 | 84  0.01052 -6.33999e+01
 85 -0.03500 -2.10583e+01 | 86 -0.01158 -1.42587e+01 | 87 -0.02020 -2.23047e+01
 88 -0.02464 -6.00134e+00 | 89 -0.03143 -1.24630e+01 | 90 -0.01923  1.53859e-01
 91  0.01002 -2.02225e+01 | 92 -0.03897  1.33742e+01 | 93  0.00041 -3.72329e+00
 94 -0.01157  1.27782e+01 | 95  0.00420  3.80473e+01 | 96  0.00823  3.41107e+01
 97 -0.01813  9.28518e+01 | 98 -0.00742  4.48559e+01 | 99 -0.01790 -2.64326e-01
100  0.05703  3.96890e+01 |101 -0.00971  2.29100e+01 |102  0.00033  2.35268e+01
103  0.00103  2.36919e+01 |104  0.06872 -5.46924e+01 |105 -0.37991  9.29141e+01
106  0.92282 -3.02429e-01 |107  0.28047 -6.15357e-02 |
107 variables; iteration 60; function evaluation 80; phase 4
Function value 6.5194166e+02; maximum gradient component mag -5.8217e+02
Var    Value     Gradient |Var    Value     Gradient |Var    Value     Gradient
  1 -0.42941 -8.53312e+01 |  2 -0.39634 -5.82166e+02 |  3 -0.44133 -2.77243e+02
  4  0.73454 -3.39386e+02 |  5  0.00000 -2.46980e-02 |  6  0.00000 -8.76662e-03
  7  0.00000 -1.18249e-02 |  8  0.00000 -1.59134e-02 |  9  0.00125  1.56245e+01
 10  0.00126  1.56214e+01 | 11  0.00126  1.56171e+01 | 12  0.00127  1.56113e+01
 13  0.00127  1.56035e+01 | 14  0.00128  1.55928e+01 | 15  0.00129  1.55782e+01
 16  0.00130  1.55578e+01 | 17  0.00132  1.55290e+01 | 18  0.00138  1.54916e+01
 19  0.00135  1.54287e+01 | 20  0.00137  1.53460e+01 | 21  0.00139  1.52376e+01
 22  0.00141  1.51127e+01 | 23  0.00147  1.50013e+01 | 24  0.00202  1.49757e+01
 25  0.00196  1.49282e+01 | 26  0.00447  1.50770e+01 | 27  0.00317  1.52205e+01
 28  0.00324  1.54272e+01 | 29  0.00877  1.55069e+01 | 30  0.00441  1.57090e+01
 31  0.00549  1.56752e+01 | 32  0.00502  1.14366e+01 | 33  0.01019  1.79413e+01
 34  0.00929  1.46009e+01 | 35  0.00307  1.33953e+01 | 36 -0.00772  1.14485e+01
 37 -0.00800  1.23910e+01 | 38  0.00266  1.47503e+01 | 39  0.00454  1.45005e+01
 40  0.00252  1.49762e+01 | 41 -0.00036  9.21231e+00 | 42  0.01739  1.36165e+01
 43  0.00291  1.27569e+01 | 44  0.00968  1.43112e+01 | 45  0.01074  6.87965e+00
 46  0.01856  1.15629e+01 | 47  0.00374  1.25770e+01 | 48 -0.00033  1.04637e+01
 49  0.00050  9.51377e+00 | 50 -0.00318  9.01554e+00 | 51  0.00814  8.52157e+00
 52  0.01759  1.02512e+01 | 53  0.00484  6.19950e+00 | 54  0.00367  6.32091e+00
 55  0.00366  2.90740e+00 | 56  0.01920  4.81719e+00 | 57 -0.00647  2.02731e+00
 58  0.01514 -1.77275e+00 | 59  0.00542  3.67119e+00 | 60 -0.00393 -3.80941e+00
 61  0.00710  1.06804e+00 | 62  0.00339 -6.45507e+00 | 63  0.08372 -5.86304e+01
 64  0.00686 -3.58708e+00 | 65  0.00226 -1.31522e+01 | 66  0.01553 -2.05692e+01
 67  0.02713 -3.52186e+01 | 68  0.00660 -2.32846e+01 | 69 -0.01140 -1.53127e+01
 70  0.02023 -4.37514e+01 | 71 -0.01563 -1.89087e+01 | 72 -0.02031 -2.09287e+01
 73  0.00354 -3.80145e+01 | 74 -0.00465 -3.37334e+01 | 75 -0.05648 -8.12466e+00
 76  0.01857 -7.11499e+01 | 77 -0.00113 -3.67103e+01 | 78 -0.01662 -3.28734e+01
 79 -0.01832 -2.25686e+01 | 80 -0.02708 -3.55895e+01 | 81  0.00564 -4.33373e+01
 82 -0.03645 -1.91839e+01 | 83 -0.03480 -1.33196e+01 | 84  0.01069 -4.13328e+01
 85 -0.03423 -1.86022e+01 | 86 -0.01203 -2.98800e+01 | 87 -0.01903 -1.46089e+01
 88 -0.02494 -1.51489e+01 | 89 -0.02871  1.31519e+01 | 90 -0.01910 -6.64387e+00
 91  0.01167 -3.13050e+00 | 92 -0.03799  9.99454e+00 | 93  0.00169  8.07557e+00
 94 -0.01105  1.37191e+01 | 95  0.00191 -1.19502e+01 | 96  0.00683  3.64784e+00
 97 -0.02546  4.51285e+00 | 98 -0.01088  5.90588e+00 | 99 -0.01578  2.05121e+01
100  0.05389  1.46086e+01 |101 -0.00832  1.61305e+01 |102  0.00042  1.52726e+01
103  0.00125  1.56338e+01 |104  0.06540 -3.38596e+01 |105 -0.38092  5.68658e+01
106  0.74402  9.32967e-01 |107  0.32967 -1.98326e-02 |
Maximum number of function evaluations exceeded

 - final statistics:
107 variables; iteration 71; function evaluation 100
Function value 6.5149e+02; maximum gradient component mag -3.8780e+01
Exit code = 3;  converg criter 1.0000e+00
Var    Value     Gradient |Var    Value     Gradient |Var    Value     Gradient
  1 -0.42880 -9.09013e+00 |  2 -0.39268 -3.87804e+01 |  3 -0.44605 -9.09825e+00
  4  0.73009 -2.98663e+01 |  5  0.00001 -6.70731e-03 |  6  0.00000 -2.38724e-03
  7  0.00000 -3.21817e-03 |  8  0.00001 -4.32752e-03 |  9  0.00075  1.56260e+00
 10  0.00076  1.56322e+00 | 11  0.00076  1.56399e+00 | 12  0.00077  1.56490e+00
 13  0.00078  1.56588e+00 | 14  0.00079  1.56679e+00 | 15  0.00081  1.56728e+00
 16  0.00083  1.56665e+00 | 17  0.00086  1.56369e+00 | 18  0.00093  1.55905e+00
 19  0.00093  1.54235e+00 | 20  0.00097  1.51861e+00 | 21  0.00102  1.48476e+00
 22  0.00107  1.44605e+00 | 23  0.00116  1.41736e+00 | 24  0.00170  1.43477e+00
 25  0.00164  1.44280e+00 | 26  0.00407  1.55001e+00 | 27  0.00268  1.64067e+00
 28  0.00263  1.77149e+00 | 29  0.00807  1.88066e+00 | 30  0.00354  1.82621e+00
 31  0.00474  2.05308e+00 | 32  0.00619  5.76203e-01 | 33  0.00767  2.01443e+00
 34  0.00885  1.67261e+00 | 35  0.00255  4.14019e-01 | 36 -0.00697  7.93129e-01
 37 -0.00836 -2.29146e-01 | 38  0.00148  1.36540e+00 | 39  0.00347  1.50344e+00
 40  0.00100  1.42778e+00 | 41  0.00106  1.03675e+00 | 42  0.01635  1.90995e+00
 43  0.00238  1.79953e+00 | 44  0.00782  2.23816e+00 | 45  0.01271  5.28366e-01
 46  0.01771  2.26983e+00 | 47  0.00293  2.15587e+00 | 48 -0.00048  1.64782e+00
 49  0.00010  1.02573e+00 | 50 -0.00376  6.31762e-01 | 51  0.00773  2.40289e+00
 52  0.01558  2.50542e+00 | 53  0.00446  7.81810e-01 | 54  0.00297  1.15168e+00
 55  0.00392  2.16952e-01 | 56  0.01768  3.17367e+00 | 57 -0.00577  7.56527e-01
 58  0.01538  1.33219e+00 | 59  0.00262  8.66690e-01 | 60 -0.00142  7.49658e-01
 61  0.00523  1.90277e+00 | 62  0.00403 -1.12571e+00 | 63  0.08623 -1.48339e+00
 64  0.00372 -6.59555e-01 | 65  0.00479  2.03511e-02 | 66  0.01682  3.84257e-02
 67  0.02884 -2.26116e+00 | 68  0.00790 -8.42635e-01 | 69 -0.01091 -1.10745e+00
 70  0.02192 -2.55034e+00 | 71 -0.01454 -5.86688e-01 | 72 -0.01875 -1.04775e+00
 73  0.00481 -2.06270e+00 | 74 -0.00352 -2.86664e+00 | 75 -0.05563 -8.37624e-01
 76  0.01960 -8.94340e+00 | 77 -0.00053 -3.99739e+00 | 78 -0.01576 -4.73570e+00
 79 -0.01795 -3.14125e+00 | 80 -0.02579 -3.99494e+00 | 81  0.00621 -5.14460e+00
 82 -0.03554 -1.11651e+00 | 83 -0.03420 -1.51293e+00 | 84  0.01129 -7.05983e+00
 85 -0.03296 -1.41526e+00 | 86 -0.01095 -4.45985e+00 | 87 -0.01826 -1.67681e+00
 88 -0.02401 -2.94288e+00 | 89 -0.02916 -5.93341e-01 | 90 -0.01855 -2.64191e+00
 91  0.01188 -1.63431e+00 | 92 -0.03786  8.27043e-03 | 93  0.00179 -8.47528e-01
 94 -0.01117 -2.23548e+00 | 95  0.00333 -9.89322e-01 | 96  0.00728 -2.17934e+00
 97 -0.02479 -7.33936e-01 | 98 -0.01050 -4.04370e-01 | 99 -0.01692  1.00541e+00
100  0.05315 -2.23860e+00 |101 -0.00921  1.90968e+00 |102  0.00004  1.41374e+00
103  0.00074  1.56061e+00 |104  0.06893 -3.41857e+00 |105 -0.37989  5.24627e+00
106  0.66238  1.16972e-01 |107  0.35890 -7.96560e-03 |

Initial statistics: 110 variables; iteration 0; function evaluation 0; phase 5
Function value 6.5149390e+02; maximum gradient component mag 1.3533e+03
Var    Value     Gradient |Var    Value     Gradient |Var    Value     Gradient
  1 -0.42880 -9.09013e+00 |  2 -0.39268 -3.87804e+01 |  3 -0.44605 -9.09825e+00
  4 -0.41222  1.35743e+02 |  5 -0.41222  6.68292e+01 |  6  0.73009 -2.98663e+01
  7  0.00001 -6.70731e-03 |  8  0.00000 -2.38724e-03 |  9  0.00000 -3.21817e-03
 10  0.00001 -4.32752e-03 | 11  0.00075  1.55089e+00 | 12  0.00076  1.55151e+00
 13  0.00076  1.55228e+00 | 14  0.00077  1.55319e+00 | 15  0.00078  1.55417e+00
 16  0.00079  1.55508e+00 | 17  0.00081  1.55557e+00 | 18  0.00083  1.55494e+00
 19  0.00086  1.55198e+00 | 20  0.00093  1.54734e+00 | 21  0.00093  1.53064e+00
 22  0.00097  1.50690e+00 | 23  0.00102  1.47305e+00 | 24  0.00107  1.43434e+00
 25  0.00116  1.40565e+00 | 26  0.00170  1.42306e+00 | 27  0.00164  1.43109e+00
 28  0.00407  1.53830e+00 | 29  0.00268  1.62896e+00 | 30  0.00263  1.75978e+00
 31  0.00807  1.86895e+00 | 32  0.00354  1.81450e+00 | 33  0.00474  2.04137e+00
 34  0.00619  5.64494e-01 | 35  0.00767  2.00273e+00 | 36  0.00885  1.66090e+00
 37  0.00255  4.02310e-01 | 38 -0.00697  7.81420e-01 | 39 -0.00836 -2.40855e-01
 40  0.00148  1.35369e+00 | 41  0.00347  1.49173e+00 | 42  0.00100  1.41607e+00
 43  0.00106  1.02504e+00 | 44  0.01635  1.89825e+00 | 45  0.00238  1.78782e+00
 46  0.00782  2.22645e+00 | 47  0.01271  5.16659e-01 | 48  0.01771  2.25813e+00
 49  0.00293  2.14416e+00 | 50 -0.00048  1.63611e+00 | 51  0.00010  1.01402e+00
 52 -0.00376  6.20053e-01 | 53  0.00773  2.39119e+00 | 54  0.01558  2.49372e+00
 55  0.00446  7.70101e-01 | 56  0.00297  1.13997e+00 | 57  0.00392  2.05243e-01
 58  0.01768  3.16197e+00 | 59 -0.00577  7.44818e-01 | 60  0.01538  1.32049e+00
 61  0.00262  8.54980e-01 | 62 -0.00142  7.37948e-01 | 63  0.00523  1.89106e+00
 64  0.00403 -1.13742e+00 | 65  0.08623 -1.49499e+00 | 66  0.00372 -6.71264e-01
 67  0.00479  8.64179e-03 | 68  0.01682  2.67201e-02 | 69  0.02884 -2.27286e+00
 70  0.00790 -8.54343e-01 | 71 -0.01091 -1.11916e+00 | 72  0.02192 -2.56204e+00
 73 -0.01454 -5.98394e-01 | 74 -0.01875 -1.05945e+00 | 75  0.00481 -2.07441e+00
 76 -0.00352 -2.87835e+00 | 77 -0.05563 -8.49289e-01 | 78  0.01960 -8.95511e+00
 79 -0.00053 -4.00910e+00 | 80 -0.01576 -4.74741e+00 | 81 -0.01795 -3.15296e+00
 82 -0.02579 -4.00664e+00 | 83  0.00621 -5.15630e+00 | 84 -0.03554 -1.12820e+00
 85 -0.03420 -1.52462e+00 | 86  0.01129 -7.07154e+00 | 87 -0.03296 -1.42695e+00
 88 -0.01096 -4.47156e+00 | 89 -0.01826 -1.68851e+00 | 90 -0.02402 -2.95458e+00
 91 -0.02916 -6.05038e-01 | 92 -0.01855 -2.65362e+00 | 93  0.01188 -1.64602e+00
 94 -0.03786 -3.41853e-03 | 95  0.00179 -8.59237e-01 | 96 -0.01117 -2.24719e+00
 97  0.00333 -1.00103e+00 | 98  0.00728 -2.19105e+00 | 99 -0.02479 -7.45637e-01
100 -0.01050 -4.16078e-01 |101 -0.01692  9.93700e-01 |102  0.05314 -2.25027e+00
103 -0.00921  1.89797e+00 |104  0.00004  1.40203e+00 |105  0.00074  1.54891e+00
106  0.00000  1.35334e+03 |107  0.06893 -3.41857e+00 |108 -0.37989  5.24627e+00
109  0.66238  1.16972e-01 |110  0.35890 -7.96560e-03 |

Intermediate statistics: 110 variables; iteration 20; function evaluation 24; phase 5
Function value 6.3638609e+02; maximum gradient component mag -8.0516e+02
Var    Value     Gradient |Var    Value     Gradient |Var    Value     Gradient
  1 -0.42797 -2.14537e+02 |  2 -0.38603 -8.05155e+02 |  3 -0.45545 -5.41757e+02
  4 -0.39896 -1.36402e+01 |  5 -0.63537 -1.80112e+01 |  6  0.75418 -2.71034e+02
  7 -0.00002 -5.25776e-02 |  8 -0.00001 -1.86424e-02 |  9 -0.00001 -2.51107e-02
 10 -0.00001 -3.37403e-02 | 11  0.00186  9.06770e+00 | 12  0.00187  9.06672e+00
 13  0.00187  9.06514e+00 | 14  0.00188  9.06250e+00 | 15  0.00189  9.05799e+00
 16  0.00190  9.05014e+00 | 17  0.00191  9.03605e+00 | 18  0.00191  9.01116e+00
 19  0.00192  8.96783e+00 | 20  0.00196  8.90783e+00 | 21  0.00188  8.77472e+00
 22  0.00182  8.59169e+00 | 23  0.00173  8.34025e+00 | 24  0.00162  8.04352e+00
 25  0.00153  7.77367e+00 | 26  0.00200  7.70757e+00 | 27  0.00179  7.54716e+00
 28  0.00425  7.80441e+00 | 29  0.00283  7.96146e+00 | 30  0.00288  8.22053e+00
 31  0.00849  7.97646e+00 | 32  0.00443  7.26441e+00 | 33  0.00629  8.00453e+00
 34  0.00260  1.21107e+00 | 35  0.00988  9.04840e+00 | 36  0.01065  7.95197e+00
 37  0.00349  4.94016e+00 | 38 -0.00710  5.34179e+00 | 39 -0.01260 -2.43348e+00
 40  0.00112  5.13683e+00 | 41  0.00370  5.71677e+00 | 42  0.00444  1.31559e+01
 43 -0.00210 -2.78671e+00 | 44  0.02028  1.46666e+01 | 45  0.00275  5.95185e+00
 46  0.00685  4.78885e+00 | 47  0.00643 -7.59685e+00 | 48  0.02104  1.15878e+01
 49  0.01036  2.53162e+01 | 50 -0.00034  1.04454e+01 | 51 -0.00110  3.61569e+00
 52 -0.00337  5.83029e+00 | 53  0.00254 -1.08350e+01 | 54  0.02481  2.48228e+01
 55  0.00265 -4.82372e-01 | 56  0.00282  2.55663e+00 | 57  0.00283 -8.11101e-01
 58  0.02235  5.65753e+00 | 59 -0.00228  1.03691e+01 | 60  0.01519 -1.30290e+00
 61  0.00174 -3.86679e+00 | 62 -0.00184 -2.33956e+00 | 63 -0.00190 -2.13303e+01
 64  0.01277  7.59220e+00 | 65  0.07072 -6.26748e+01 | 66  0.00126 -1.13113e+01
 67  0.00493 -2.23282e+01 | 68  0.01897 -2.15193e+01 | 69  0.02618 -2.64302e+01
 70  0.00657 -2.11714e+01 | 71 -0.00981 -1.39509e+01 | 72  0.02038 -4.57415e+01
 73 -0.01035 -1.34338e+01 | 74 -0.01669 -2.27224e+01 | 75  0.00729 -4.32203e+01
 76 -0.00365 -6.47745e+01 | 77 -0.05444 -1.93359e+01 | 78  0.01690 -6.40325e+01
 79 -0.00402 -6.04974e+01 | 80 -0.01687 -5.71310e+00 | 81 -0.02318 -8.03322e+01
 82 -0.02763 -2.35191e+01 | 83 -0.00019 -4.93439e+01 | 84 -0.04153 -5.19978e+01
 85 -0.03477 -8.19259e+00 | 86  0.00626 -6.10383e+01 | 87 -0.03431 -1.32789e+00
 88 -0.01261 -9.56752e+00 | 89 -0.02125 -9.46291e+00 | 90 -0.02551 -2.79115e+01
 91 -0.03102 -2.60824e+01 | 92 -0.01955 -1.71761e+01 | 93  0.01177  4.78043e+01
 94 -0.03836 -1.05467e+01 | 95  0.00043 -2.81439e+01 | 96 -0.01092 -2.30491e+01
 97  0.00268 -2.71713e+01 | 98  0.00771  1.61146e+01 | 99 -0.02255  1.07723e+01
100 -0.01078 -3.61175e+01 |101 -0.00903  6.22578e+01 |102  0.05489  8.06762e+00
103 -0.00913  8.81243e+00 |104  0.00035  7.47352e+00 |105  0.00185  9.06994e+00
106 -0.01031 -5.61682e+01 |107  0.04078 -4.39366e+01 |108 -0.38860  1.13950e+01
109  0.40488  2.89521e+01 |110  0.35908 -6.25293e-03 |
110 variables; iteration 40; function evaluation 48; phase 5
Function value 6.2693331e+02; maximum gradient component mag -6.2609e+02
Var    Value     Gradient |Var    Value     Gradient |Var    Value     Gradient
  1 -0.43471  8.08054e+00 |  2 -0.38268 -6.26086e+02 |  3 -0.45175 -3.94345e+02
  4 -0.36898  2.83583e+01 |  5 -0.75755 -1.68504e+01 |  6  0.75193 -3.41654e+02
  7 -0.00005 -1.07182e-01 |  8 -0.00002 -3.79275e-02 |  9 -0.00002 -5.11170e-02
 10 -0.00003 -6.87349e-02 | 11  0.00337  1.82134e+01 | 12  0.00337  1.82074e+01
 13  0.00337  1.81990e+01 | 14  0.00337  1.81869e+01 | 15  0.00337  1.81693e+01
 16  0.00337  1.81429e+01 | 17  0.00337  1.81015e+01 | 18  0.00335  1.80370e+01
 19  0.00332  1.79347e+01 | 20  0.00332  1.77945e+01 | 21  0.00315  1.75212e+01
 22  0.00298  1.71529e+01 | 23  0.00273  1.66419e+01 | 24  0.00241  1.60166e+01
 25  0.00210  1.53790e+01 | 26  0.00236  1.49944e+01 | 27  0.00186  1.43850e+01
 28  0.00400  1.41842e+01 | 29  0.00208  1.36386e+01 | 30  0.00174  1.35447e+01
 31  0.00851  1.57051e+01 | 32  0.00653  1.70677e+01 | 33  0.00621  1.25075e+01
 34 -0.00438 -1.14335e+00 | 35  0.01275  1.87198e+01 | 36  0.01027  1.24758e+01
 37  0.00184  4.76905e+00 | 38 -0.00789  9.00677e+00 | 39 -0.01398  2.07317e+00
 40 -0.00020  8.40475e+00 | 41  0.00079  7.54165e+00 | 42  0.00360  1.62512e+01
 43 -0.00047  5.45315e+00 | 44  0.01450  9.19771e+00 | 45  0.00153  8.70186e+00
 46  0.01168  1.91909e+01 | 47 -0.00422 -1.51151e+01 | 48  0.02239  1.66338e+01
 49  0.00153  1.46087e+01 | 50 -0.00361  1.12099e+01 | 51 -0.00296  5.28542e+00
 52 -0.00361  1.00351e+01 | 53  0.00551  3.92604e-01 | 54  0.01379  7.49932e+00
 55 -0.00304 -6.26496e+00 | 56  0.00255  6.62650e+00 | 57  0.00068 -2.32505e+00
 58  0.02247  4.28645e+00 | 59 -0.00814  4.35040e+00 | 60  0.01553  1.07230e+00
 61 -0.00381 -1.04947e+01 | 62  0.00190  5.77674e+00 | 63 -0.00010 -1.57344e+01
 64  0.01161  6.00547e+00 | 65  0.06937 -7.12141e+01 | 66  0.00840  2.38329e+00
 67  0.01029 -1.08179e+01 | 68  0.03684  1.61849e+01 | 69  0.02824 -2.77515e+01
 70  0.00224 -4.80214e+01 | 71 -0.00548 -2.14371e+01 | 72  0.01261 -1.02732e+02
 73  0.00438  3.43055e+01 | 74 -0.02061 -6.76784e+01 | 75  0.01406 -6.74471e+01
 76  0.00492 -5.83550e+01 | 77 -0.05072 -1.76700e+01 | 78  0.01682 -5.58605e+01
 79 -0.00213 -9.65668e+01 | 80 -0.01815 -2.67720e+01 | 81 -0.01723 -8.94201e+00
 82 -0.02913 -1.89058e+01 | 83  0.00103 -6.25324e+01 | 84 -0.04222 -5.07691e+01
 85 -0.03328 -1.33886e+01 | 86  0.00640 -2.54761e+01 | 87 -0.03401 -2.25918e+01
 88 -0.01184  2.88606e+01 | 89 -0.02127 -4.57175e+01 | 90 -0.02734 -3.56948e+01
 91 -0.02605  1.70789e+01 | 92 -0.02003  1.48607e+01 | 93  0.01127 -8.65923e+00
 94 -0.03876 -1.25279e+01 | 95  0.00411  1.86253e+01 | 96 -0.01165 -1.02912e+01
 97  0.00647  1.91562e+00 | 98  0.00611  1.66819e+01 | 99 -0.02596 -2.68290e+01
100 -0.01205  3.55012e+01 |101 -0.01537  4.35935e+01 |102  0.04587  7.18786e+01
103 -0.01216  1.34109e+01 |104  0.00159  1.62363e+01 |105  0.00336  1.82297e+01
106 -0.01510  2.35770e+02 |107  0.01014 -7.95059e+01 |108 -0.39634  8.12520e+01
109  0.03865  1.92986e+00 |110  0.36839  2.14102e-03 |
110 variables; iteration 60; function evaluation 81; phase 5
Function value 6.2280883e+02; maximum gradient component mag -9.6039e+02
Var    Value     Gradient |Var    Value     Gradient |Var    Value     Gradient
  1 -0.43396  9.82015e+00 |  2 -0.38619 -9.60392e+02 |  3 -0.44718 -4.97105e+02
  4 -0.38173 -1.18306e+00 |  5 -0.70002 -1.98106e+01 |  6  0.74722 -6.51474e+02
  7 -0.00005 -1.11520e-01 |  8 -0.00002 -3.93605e-02 |  9 -0.00002 -5.30510e-02
 10 -0.00003 -7.13823e-02 | 11  0.00182  3.35565e+01 | 12  0.00182  3.35470e+01
 13  0.00182  3.35340e+01 | 14  0.00182  3.35160e+01 | 15  0.00182  3.34909e+01
 16  0.00182  3.34554e+01 | 17  0.00182  3.34031e+01 | 18  0.00180  3.33269e+01
 19  0.00178  3.32134e+01 | 20  0.00178  3.30590e+01 | 21  0.00164  3.27892e+01
 22  0.00150  3.24329e+01 | 23  0.00129  3.19407e+01 | 24  0.00102  3.13305e+01
 25  0.00075  3.06736e+01 | 26  0.00099  3.01577e+01 | 27  0.00049  2.94350e+01
 28  0.00250  2.88635e+01 | 29  0.00047  2.80185e+01 | 30  0.00016  2.77820e+01
 31  0.00711  2.96038e+01 | 32  0.00115  2.56024e+01 | 33  0.00488  2.78272e+01
 34  0.00249  2.41680e+01 | 35  0.00797  2.79019e+01 | 36  0.00745  2.44461e+01
 37  0.00276  2.25516e+01 | 38 -0.00715  2.66439e+01 | 39 -0.00895  2.57863e+01
 40  0.00073  2.55477e+01 | 41  0.00006  2.11172e+01 | 42 -0.00012  2.47227e+01
 43  0.00013  2.14158e+01 | 44  0.01415  1.94126e+01 | 45  0.00434  2.71426e+01
 46  0.00485  2.21177e+01 | 47  0.00958  1.58772e+01 | 48  0.01609  1.75931e+01
 49 -0.00501  1.09838e+01 | 50 -0.00686  1.68155e+01 | 51 -0.00358  1.47404e+01
 52 -0.00771  1.42752e+01 | 53  0.00953  1.67867e+01 | 54  0.00320 -1.02509e+01
 55 -0.00257  4.88452e-01 | 56  0.00074  8.71385e+00 | 57 -0.00004  1.40055e+00
 58  0.01588 -6.70374e+00 | 59 -0.01284 -1.39098e+00 | 60  0.01312 -5.72012e+00
 61 -0.00298 -8.83904e+00 | 62  0.00272  5.45927e+00 | 63  0.00772 -3.79028e+00
 64  0.01097 -1.99548e+00 | 65  0.07238 -1.14811e+02 | 66  0.00818 -5.84972e+00
 67  0.01053 -2.00283e+01 | 68  0.03679 -1.09825e+01 | 69  0.03078 -5.30766e+01
 70  0.00496 -5.73849e+01 | 71 -0.00027 -2.10769e+01 | 72  0.01751 -1.24468e+02
 73  0.00700  1.79149e+01 | 74 -0.01049 -4.46014e+01 | 75  0.01625 -9.17893e+01
 76  0.00944 -5.95895e+01 | 77 -0.05043 -3.16863e+01 | 78  0.01938 -8.44584e+01
 79  0.00232 -7.23490e+01 | 80 -0.01726 -6.23682e+01 | 81 -0.01437 -4.52296e+00
 82 -0.02762 -3.18037e+01 | 83  0.00381 -6.60952e+01 | 84 -0.03734 -1.38486e+00
 85 -0.03369 -4.03079e+01 | 86  0.00848 -3.57896e+01 | 87 -0.03165 -1.04611e+01
 88 -0.01163 -1.74501e+01 | 89 -0.01866 -3.09378e+01 | 90 -0.02383  6.50929e+00
 91 -0.02582  3.77241e+00 | 92 -0.01894  6.22682e-01 | 93  0.01176 -4.87712e+01
 94 -0.03537  2.39177e+01 | 95  0.00508  2.14657e+00 | 96 -0.00819  3.57805e+01
 97  0.00937  3.63077e+01 | 98  0.00728  4.73301e+00 | 99 -0.02401 -4.28776e+00
100 -0.00943  7.67580e+01 |101 -0.02059  1.45093e+01 |102  0.04315  4.29968e+01
103 -0.01938  1.69878e+01 |104  0.00020  3.21306e+01 |105  0.00182  3.35834e+01
106 -0.01715 -6.49082e+02 |107  0.04673 -7.65639e+01 |108 -0.38293  1.38585e+02
109  0.01918  7.61430e+00 |110  0.39064  2.21584e-03 |
110 variables; iteration 80; function evaluation 113; phase 5
Function value 6.1652035e+02; maximum gradient component mag -9.1540e+02
Var    Value     Gradient |Var    Value     Gradient |Var    Value     Gradient
  1 -0.43402 -1.56816e+02 |  2 -0.39472 -8.87771e+02 |  3 -0.43860 -5.48259e+02
  4 -0.41349 -2.16559e+01 |  5 -0.55429 -7.07095e+00 |  6  0.75570 -5.65314e+02
  7  0.00006  5.62984e-02 |  8  0.00002  2.01718e-02 |  9  0.00003  2.71267e-02
 10  0.00004  3.63617e-02 | 11 -0.00315  1.93765e+01 | 12 -0.00313  1.93872e+01
 13 -0.00312  1.94016e+01 | 14 -0.00309  1.94214e+01 | 15 -0.00306  1.94484e+01
 16 -0.00302  1.94856e+01 | 17 -0.00297  1.95374e+01 | 18 -0.00289  1.96092e+01
 19 -0.00279  1.97084e+01 | 20 -0.00262  1.98355e+01 | 21 -0.00249  2.00176e+01
 22 -0.00227  2.02355e+01 | 23 -0.00203  2.04648e+01 | 24 -0.00179  2.06590e+01
 25 -0.00160  2.07602e+01 | 26 -0.00104  2.07511e+01 | 27 -0.00104  2.08079e+01
 28  0.00124  2.06310e+01 | 29 -0.00049  2.01409e+01 | 30 -0.00080  1.96933e+01
 31  0.00631  2.17772e+01 | 32  0.00095  2.00458e+01 | 33  0.00266  2.07800e+01
 34  0.00995  2.82708e+01 | 35  0.00253  1.67048e+01 | 36  0.01246  2.77780e+01
 37  0.00327  2.17206e+01 | 38 -0.00623  2.39778e+01 | 39 -0.00976  1.89882e+01
 40 -0.00025  2.00981e+01 | 41  0.00229  2.00081e+01 | 42 -0.00332  1.61250e+01
 43 -0.00083  1.67257e+01 | 44  0.01401  1.55191e+01 | 45 -0.00071  1.66634e+01
 46  0.00464  1.69225e+01 | 47  0.01360  1.70119e+01 | 48  0.01213  9.63697e+00
 49  0.00008  1.46162e+01 | 50 -0.00883  8.67868e+00 | 51 -0.00314  1.25261e+01
 52 -0.00746  1.14446e+01 | 53  0.00948  1.51830e+01 | 54  0.01559  1.09384e+01
 55  0.00726  1.43652e+01 | 56 -0.00733 -2.45663e+00 | 57  0.01162  1.79272e+01
 58  0.01496 -4.54856e+00 | 59 -0.00803  2.66710e+00 | 60  0.00616 -1.36120e+01
 61 -0.00445 -1.03635e+01 | 62 -0.00310 -2.10536e+00 | 63  0.01400  6.63839e+00
 64 -0.00211 -1.95103e+01 | 65  0.08089 -1.01251e+02 | 66 -0.00645 -2.38040e+01
 67  0.01498 -1.34607e+01 | 68  0.02080 -3.52618e+01 | 69  0.03173 -5.25753e+01
 70  0.02302 -6.75241e+00 | 71 -0.00781 -3.27337e+01 | 72  0.04124 -2.15533e+01
 73 -0.01120 -5.49163e+01 | 74  0.00089 -1.73258e+00 | 75  0.02175 -4.05229e+01
 76  0.01126 -5.64927e+01 | 77 -0.04551 -7.79124e+00 | 78  0.02093 -1.02175e+02
 79  0.00633 -4.77819e+01 | 80 -0.01588 -4.33569e+01 | 81 -0.01394 -3.72356e+01
 82 -0.02758 -3.27915e+01 | 83  0.00720 -6.66504e+01 | 84 -0.03847 -1.79159e+01
 85 -0.02757  8.49803e+00 | 86  0.00832 -7.82282e+01 | 87 -0.03131 -4.69070e+01
 88 -0.01260 -3.86999e+01 | 89 -0.01522 -2.55019e+01 | 90 -0.02411 -9.94670e+00
 91 -0.02311  4.50989e+00 | 92 -0.01837 -3.89327e+00 | 93  0.01730 -1.45576e+01
 94 -0.03601  1.81254e+01 | 95  0.00886 -4.36901e+00 | 96 -0.00909  1.36238e+00
 97  0.01121  3.02547e+00 | 98  0.00824  8.49474e+00 | 99 -0.01640  5.50912e+01
100 -0.01392  4.76279e+00 |101 -0.01828  7.45679e+00 |102  0.03974  1.55776e+01
103 -0.01192  2.33148e+01 |104 -0.00319  2.04595e+01 |105 -0.00318  1.93460e+01
106 -0.02223 -9.15396e+02 |107  0.07307 -3.50791e+01 |108 -0.37507  9.53401e+01
109 -0.07936 -1.31175e+00 |110  0.41954  2.49130e-03 |
110 variables; iteration 100; function evaluation 154; phase 5
Function value 6.1000164e+02; maximum gradient component mag -4.1807e+02
Var    Value     Gradient |Var    Value     Gradient |Var    Value     Gradient
  1 -0.43299 -1.30496e+01 |  2 -0.40459 -4.18065e+02 |  3 -0.42702 -2.16382e+02
  4 -0.42373 -2.87082e+00 |  5 -0.50560 -4.75463e+00 |  6  0.79131 -2.13909e+02
  7  0.00012  1.70085e-01 |  8  0.00004  6.25951e-02 |  9  0.00006  8.38055e-02
 10  0.00008  1.11710e-01 | 11 -0.00097  8.47326e+00 | 12 -0.00092  8.53936e+00
 13 -0.00086  8.62816e+00 | 14 -0.00077  8.74702e+00 | 15 -0.00066  8.90376e+00
 16 -0.00052  9.10499e+00 | 17 -0.00035  9.35303e+00 | 18 -0.00015  9.63246e+00
 19  0.00005  9.89899e+00 | 20  0.00021  1.00435e+01 | 21  0.00023  1.00694e+01
 22  0.00026  1.00300e+01 | 23  0.00061  1.04677e+01 | 24  0.00182  1.22168e+01
 25  0.00370  1.49375e+01 | 26  0.00483  1.58455e+01 | 27  0.00530  1.66633e+01
 28  0.00547  1.32831e+01 | 29 -0.00147  4.86185e+00 | 30  0.00506  1.48001e+01
 31  0.00896  1.22581e+01 | 32  0.00254  9.22115e+00 | 33  0.00185  6.88048e+00
 34  0.00448  7.77699e+00 | 35  0.00736  1.08171e+01 | 36  0.00298  2.11795e+00
 37 -0.00187  1.98548e+00 | 38 -0.00964  6.03890e+00 | 39 -0.01130  5.88263e+00
 40 -0.00334  4.00212e+00 | 41  0.00182  8.37061e+00 | 42 -0.00235  6.83679e+00
 43 -0.00047  6.71476e+00 | 44  0.01221  5.89799e+00 | 45 -0.00218  4.47428e+00
 46  0.00142  2.30395e+00 | 47  0.01115  6.30218e+00 | 48  0.01462  6.98258e+00
 49 -0.00419  2.30840e+00 | 50 -0.00385  8.55165e+00 | 51 -0.00200  7.53296e+00
 52 -0.00810  2.99311e+00 | 53  0.00444 -6.32658e-02 | 54  0.01061  2.50796e+00
 55  0.00074  2.25641e+00 | 56  0.00175  5.55060e+00 | 57 -0.00257 -4.27204e+00
 58  0.01492 -2.14695e+00 | 59 -0.00994  1.32736e+00 | 60  0.01312  5.35421e-02
 61  0.00317  1.96348e+00 | 62 -0.00454 -3.64557e+00 | 63  0.00446 -4.76701e+00
 64  0.00441 -9.76584e-01 | 65  0.09068 -2.67239e+01 | 66  0.00354 -4.52001e+00
 67  0.00528 -1.41524e+01 | 68  0.01721 -2.75116e+01 | 69  0.03346 -2.07104e+01
 70  0.01077 -2.19410e+01 | 71 -0.00210 -8.35371e+00 | 72  0.03131 -3.25024e+01
 73 -0.00567 -2.27716e+01 | 74 -0.00931 -2.86303e+01 | 75  0.01810 -3.84258e+01
 76  0.00956 -2.48961e+01 | 77 -0.04675 -4.21329e+00 | 78  0.02059 -3.12276e+01
 79  0.00502 -2.58177e+01 | 80 -0.01711 -1.18830e+01 | 81 -0.01517 -2.33432e+01
 82 -0.02894 -1.01289e+01 | 83  0.00712 -2.30111e+01 | 84 -0.04006 -1.04292e+01
 85 -0.03132 -2.29895e+01 | 86  0.00783 -1.81666e+01 | 87 -0.02858  1.04965e+01
 88 -0.01379 -7.22869e+00 | 89 -0.01491 -2.25824e+00 | 90 -0.02520 -2.97807e+00
 91 -0.02449 -8.40852e+00 | 92 -0.01950 -7.38346e-01 | 93  0.01742 -1.63327e+00
 94 -0.03894 -5.68917e+00 | 95  0.00972  2.89192e+00 | 96 -0.00974  2.00828e+00
 97  0.01207  4.69147e+00 | 98  0.00856  1.04304e+01 | 99 -0.01885 -2.49420e+00
100 -0.01304  1.12133e+01 |101 -0.01380  1.56349e+01 |102  0.04067  1.11099e+01
103 -0.01153  9.27151e+00 |104 -0.00108  9.15897e+00 |105 -0.00110  8.28457e+00
106 -0.02828 -3.99882e+02 |107  0.03923 -2.27446e+01 |108 -0.38627  2.87835e+01
109 -0.11082 -1.91651e+00 |110  0.33445  2.13259e-03 |
110 variables; iteration 120; function evaluation 204; phase 5
Function value 6.0632330e+02; maximum gradient component mag -4.7046e+02
Var    Value     Gradient |Var    Value     Gradient |Var    Value     Gradient
  1 -0.43205 -1.22533e+02 |  2 -0.41285 -1.49630e+02 |  3 -0.41798 -5.60155e+01
  4 -0.43718 -2.18952e+01 |  5 -0.46602 -6.06883e+00 |  6  0.87523 -5.82951e+01
  7 -0.00010 -1.66854e-01 |  8 -0.00013 -1.99527e-01 |  9 -0.00014 -2.21865e-01
 10 -0.00014 -2.24197e-01 | 11 -0.00189  1.68546e+00 | 12 -0.00172  1.93962e+00
 13 -0.00132  2.54522e+00 | 14 -0.00065  3.56940e+00 | 15  0.00021  4.88793e+00
 16  0.00095  6.01665e+00 | 17  0.00105  6.14865e+00 | 18  0.00008  4.63301e+00
 19 -0.00131  2.46596e+00 | 20 -0.00088  3.03519e+00 | 21  0.00108  6.06172e+00
 22  0.00255  8.26207e+00 | 23 -0.00193  1.30511e+00 | 24 -0.00022  3.83160e+00
 25 -0.00078  2.86322e+00 | 26  0.00225  6.73050e+00 | 27  0.00177  6.11688e+00
 28  0.00108  1.46549e+00 | 29  0.00151  4.28755e+00 | 30  0.00081  3.35394e+00
 31  0.00648  3.72926e+00 | 32  0.00126  2.68298e+00 | 33  0.00280  3.90927e+00
 34  0.00542  4.96634e+00 | 35  0.00491  3.77468e+00 | 36  0.00664  4.36128e+00
 37  0.00019  2.80684e+00 | 38 -0.00880  3.63223e+00 | 39 -0.01029  3.84757e+00
 40 -0.00253  2.43566e+00 | 41  0.00064  4.09027e+00 | 42 -0.00230  4.31438e+00
 43 -0.00064  3.44585e+00 | 44  0.01204  3.43672e+00 | 45 -0.00136  3.74221e+00
 46  0.00404  4.08788e+00 | 47  0.00991  3.70670e+00 | 48  0.01254  3.00647e+00
 49 -0.00272  3.59783e+00 | 50 -0.00642  2.83154e+00 | 51 -0.00327  4.32379e+00
 52 -0.00689  3.57099e+00 | 53  0.00682  3.62804e+00 | 54  0.01068  2.81903e+00
 55  0.00044  3.48931e+00 | 56 -0.00172  1.75704e+00 | 57  0.00087  2.81065e+00
 58  0.01477  1.39818e+00 | 59 -0.00957  2.10585e+00 | 60  0.01071  9.84227e-01
 61 -0.00023  7.50349e-01 | 62 -0.00299  1.63108e+00 | 63  0.00675  2.13044e+00
 64  0.00347  6.49815e-01 | 65  0.07991 -1.30125e+01 | 66  0.00294  4.22804e-01
 67  0.00690  3.70365e-01 | 68  0.01973 -2.75256e+00 | 69  0.03235 -5.37173e+00
 70  0.01240 -2.07193e+00 | 71 -0.00515 -3.57445e+00 | 72  0.03093 -7.97633e+00
 73 -0.00545 -5.70905e+00 | 74 -0.00802 -2.93947e+00 | 75  0.01816 -7.96414e+00
 76  0.00917 -7.08708e+00 | 77 -0.04633  3.92412e-01 | 78  0.02097 -1.92361e+01
 79  0.00537 -8.09929e+00 | 80 -0.01785 -1.01781e+01 | 81 -0.01444 -6.38228e+00
 82 -0.02925 -8.27163e+00 | 83  0.00743 -9.06656e+00 | 84 -0.04036 -6.82274e+00
 85 -0.02984 -2.28431e-01 | 86  0.00773 -1.53826e+01 | 87 -0.02962 -5.30946e+00
 88 -0.01445 -1.19785e+01 | 89 -0.01421 -3.13876e+00 | 90 -0.02474 -5.83983e+00
 91 -0.02264  7.83946e-01 | 92 -0.01855 -6.82626e+00 | 93  0.01931 -4.27610e+00
 94 -0.03790 -1.80068e+00 | 95  0.01214 -1.43995e+00 | 96 -0.00842 -5.45064e+00
 97  0.01473  8.61889e-01 | 98  0.01018 -5.46270e+00 | 99 -0.01451  5.18796e+00
100 -0.01145 -3.96794e+00 |101 -0.01084  2.87163e+00 |102  0.04236 -6.62255e+00
103 -0.01112  2.39079e+00 |104 -0.00050  4.74428e+00 |105 -0.00115  2.82939e+00
106 -0.04088 -4.70457e+02 |107  0.03976 -3.89918e+00 |108 -0.38454  1.41550e+01
109 -0.16975  1.24687e+01 |110 -0.12945  1.10571e-01 |
110 variables; iteration 140; function evaluation 233; phase 5
Function value 6.0418576e+02; maximum gradient component mag -6.1625e+01
Var    Value     Gradient |Var    Value     Gradient |Var    Value     Gradient
  1 -0.42462 -6.16254e+01 |  2 -0.41318  4.89868e+01 |  3 -0.42326  4.34679e+01
  4 -0.43545 -7.58851e+00 |  5 -0.46099  1.93771e+00 |  6  0.96383 -8.46871e-01
  7  0.00095  1.44872e+00 |  8 -0.00103 -1.59146e+00 |  9 -0.00059 -9.22116e-01
 10  0.00001  1.16076e-02 | 11  0.00062  1.16151e+00 | 12  0.00030  6.59369e-01
 13  0.00213  3.47785e+00 | 14  0.00081  1.44102e+00 | 15 -0.00139 -1.96511e+00
 16 -0.00012 -2.09048e-02 | 17 -0.00223 -3.27945e+00 | 18 -0.00025 -2.54051e-01
 19  0.00197  3.15328e+00 | 20 -0.00148 -2.26009e+00 | 21  0.00182  2.84125e+00
 22  0.00074  1.11789e+00 | 23 -0.00178 -2.81095e+00 | 24  0.00087  1.17015e+00
 25 -0.00116 -2.05943e+00 | 26  0.00195  1.94724e+00 | 27  0.00045 -2.10768e-01
 28  0.00272 -3.20630e-01 | 29  0.00190  5.90963e-01 | 30  0.00147  4.59883e-02
 31  0.00697  1.57042e-01 | 32  0.00235  2.18772e-02 | 33  0.00334  4.86757e-01
 34  0.00492  8.61044e-02 | 35  0.00512 -4.48750e-04 | 36  0.00688  9.12189e-01
 37  0.00088  6.86892e-01 | 38 -0.00833  3.88568e-01 | 39 -0.00996  3.34415e-01
 40 -0.00138  4.53844e-01 | 41  0.00055  2.32743e-01 | 42 -0.00280  5.02449e-02
 43 -0.00019  4.03262e-01 | 44  0.01213  4.01950e-01 | 45 -0.00141  3.12619e-02
 46  0.00454  9.61206e-01 | 47  0.00960 -5.89333e-02 | 48  0.01222  3.41439e-02
 49 -0.00306  6.76568e-01 | 50 -0.00621  2.16811e-01 | 51 -0.00386  3.08946e-01
 52 -0.00694  4.12223e-01 | 53  0.00702  1.13669e+00 | 54  0.01046  4.45701e-01
 55 -0.00030  3.54343e-01 | 56 -0.00132  3.92205e-01 | 57  0.00094  1.40406e+00
 58  0.01479  1.41055e+00 | 59 -0.00952  6.39381e-01 | 60  0.01043  5.20359e-01
 61 -0.00022  4.65058e-01 | 62 -0.00298  1.21548e+00 | 63  0.00644  1.04517e+00
 64  0.00255  3.51201e-01 | 65  0.08051  4.58286e+00 | 66  0.00185  7.45619e-01
 67  0.00531  7.56813e-01 | 68  0.01936  3.76887e+00 | 69  0.03171  1.90218e+00
 70  0.01139  2.28600e+00 | 71 -0.00591  1.51337e+00 | 72  0.03026  3.18975e+00
 73 -0.00474  4.25097e+00 | 74 -0.00857  3.30963e+00 | 75  0.01802  4.95865e+00
 76  0.00904  4.00454e+00 | 77 -0.04629  1.03505e+00 | 78  0.02066 -2.45383e+00
 79  0.00526  2.01550e+00 | 80 -0.01899 -3.06788e+00 | 81 -0.01393  4.59262e+00
 82 -0.03009 -3.15574e+00 | 83  0.00768  1.28882e+00 | 84 -0.04120 -1.09734e+00
 85 -0.02922  2.80092e+00 | 86  0.00718 -4.13695e+00 | 87 -0.02917 -1.77634e+00
 88 -0.01538 -4.22558e+00 | 89 -0.01376 -8.15886e-01 | 90 -0.02532 -3.84944e+00
 91 -0.02196  1.27648e+00 | 92 -0.01912 -4.21941e+00 | 93  0.02022 -1.40859e+00
 94 -0.03913 -2.63307e+00 | 95  0.01344  5.13949e-01 | 96 -0.00898 -3.51746e+00
 97  0.01570  3.02051e-01 | 98  0.00942 -6.06902e+00 | 99 -0.01372  9.57307e-01
100 -0.01246 -3.28704e+00 |101 -0.00994 -1.17505e+00 |102  0.04090 -7.03843e+00
103 -0.01022 -1.09658e+00 |104 -0.00054  2.28805e-01 |105 -0.00184 -2.62182e+00
106 -0.04602 -2.66577e+01 |107  0.03485  3.69151e+00 |108 -0.38700 -8.26254e+00
109 -0.26488  7.88283e+00 |110 -0.22450  4.52816e-01 |
110 variables; iteration 160; function evaluation 260; phase 5
Function value 6.0354024e+02; maximum gradient component mag -3.5747e-01
Var    Value     Gradient |Var    Value     Gradient |Var    Value     Gradient
  1 -0.41652 -2.48437e-01 |  2 -0.40850  2.21287e-01 |  3 -0.43513  3.05045e-01
  4 -0.42908 -6.48364e-02 |  5 -0.48775 -8.91293e-03 |  6  1.00562  1.79347e-01
  7  0.00001  3.48444e-04 |  8  0.00000 -2.91587e-03 |  9  0.00000 -2.87732e-03
 10  0.00000 -6.02190e-04 | 11 -0.00009 -3.79614e-03 | 12 -0.00008  3.64580e-04
 13 -0.00008  3.02452e-04 | 14 -0.00007  6.90733e-03 | 15 -0.00007  3.88150e-03
 16 -0.00006  2.22661e-03 | 17 -0.00005  2.37098e-03 | 18 -0.00004  2.46196e-03
 19 -0.00003 -3.34131e-03 | 20  0.00003 -1.68255e-04 | 21  0.00002  5.57879e-04
 22  0.00006  2.26374e-03 | 23  0.00010  1.37741e-03 | 24  0.00015 -2.48603e-03
 25  0.00021 -1.87683e-03 | 26  0.00071 -2.85949e-03 | 27  0.00062 -5.23533e-05
 28  0.00296 -2.94804e-03 | 29  0.00156  1.15777e-03 | 30  0.00152  1.06573e-04
 31  0.00703  1.31671e-04 | 32  0.00256  3.35132e-03 | 33  0.00323 -3.23741e-03
 34  0.00505 -3.72531e-03 | 35  0.00543  4.77616e-04 | 36  0.00654 -5.43448e-03
 37  0.00035 -1.38964e-03 | 38 -0.00851 -1.50501e-03 | 39 -0.00984 -1.69307e-03
 40 -0.00156  1.28146e-03 | 41  0.00066 -3.08609e-03 | 42 -0.00306 -2.77429e-03
 43 -0.00028 -2.67087e-03 | 44  0.01218 -3.50505e-03 | 45 -0.00140 -2.12765e-03
 46  0.00419 -6.37232e-03 | 47  0.01007 -3.79602e-03 | 48  0.01187 -2.64962e-03
 49 -0.00364 -5.36031e-03 | 50 -0.00663 -1.99703e-03 | 51 -0.00401 -9.00259e-03
 52 -0.00727 -4.50299e-03 | 53  0.00673 -1.13010e-02 | 54  0.01065 -6.40851e-03
 55 -0.00048 -6.97151e-03 | 56 -0.00129 -7.25366e-03 | 57  0.00018 -1.06854e-02
 58  0.01407 -1.20564e-02 | 59 -0.00955 -5.33541e-03 | 60  0.01027 -7.98811e-03
 61 -0.00010 -4.93406e-03 | 62 -0.00339 -9.67747e-03 | 63  0.00683 -1.13297e-02
 64  0.00291 -6.87078e-03 | 65  0.07903 -2.30107e-02 | 66  0.00189 -1.27647e-02
 67  0.00638 -8.36468e-03 | 68  0.01817 -2.12900e-02 | 69  0.03151 -1.10114e-02
 70  0.01135 -1.40317e-02 | 71 -0.00634 -2.79185e-03 | 72  0.03074 -1.46118e-02
 73 -0.00449 -1.35683e-02 | 74 -0.00807 -1.39806e-02 | 75  0.01830 -4.67310e-03
 76  0.00931  1.79924e-02 | 77 -0.04592  1.79382e-02 | 78  0.02084 -1.57312e-02
 79  0.00506  2.96171e-02 | 80 -0.01906 -1.12145e-02 | 81 -0.01393  2.69340e-02
 82 -0.02982 -6.94656e-03 | 83  0.00751  5.52517e-02 | 84 -0.04135 -1.08757e-02
 85 -0.02874  2.81554e-02 | 86  0.00724  1.61606e-02 | 87 -0.02863  5.19632e-02
 88 -0.01526  2.90760e-03 | 89 -0.01349  4.72849e-02 | 90 -0.02493 -7.13604e-03
 91 -0.02160  3.26648e-02 | 92 -0.01883 -1.10845e-02 | 93  0.02055  5.55036e-02
 94 -0.03916 -2.34983e-02 | 95  0.01397  3.85083e-02 | 96 -0.00873 -2.45038e-02
 97  0.01590  3.24473e-02 | 98  0.00933 -2.55585e-02 | 99 -0.01363  1.18906e-03
100 -0.01264 -3.30278e-02 |101 -0.00978  2.71383e-02 |102  0.04074 -5.82116e-02
103 -0.00974 -8.04343e-03 |104 -0.00066 -1.79421e-03 |105 -0.00009  4.46527e-03
106 -0.04652 -3.57475e-01 |107  0.04008  1.97916e-03 |108 -0.38569  7.57894e-03
109 -0.29817  1.06614e-01 |110 -0.25260 -5.01901e-02 |

 - final statistics:
110 variables; iteration 178; function evaluation 279
Function value 6.0354e+02; maximum gradient component mag 6.1796e-05
Exit code = 1;  converg criter 1.0000e-04
Var    Value     Gradient |Var    Value     Gradient |Var    Value     Gradient
  1 -0.41647 -4.33166e-05 |  2 -0.40848 -1.97603e-05 |  3 -0.43518 -1.42258e-05
  4 -0.42906 -4.01256e-06 |  5 -0.48784 -1.30380e-06 |  6  1.00006 -6.63081e-08
  7  0.00001 -1.76774e-07 |  8  0.00000 -2.12294e-08 |  9  0.00000  2.58597e-07
 10  0.00001 -8.39553e-08 | 11 -0.00008 -4.65698e-07 | 12 -0.00008 -5.94597e-07
 13 -0.00008 -1.26599e-07 | 14 -0.00007 -1.99357e-07 | 15 -0.00007 -1.32293e-07
 16 -0.00006 -2.65592e-07 | 17 -0.00005 -3.18657e-07 | 18 -0.00004 -3.78865e-07
 19 -0.00002 -7.58553e-07 | 20  0.00004 -2.57570e-07 | 21  0.00002 -1.62694e-07
 22  0.00006 -1.79296e-07 | 23  0.00010 -4.53615e-07 | 24  0.00015 -5.38913e-07
 25  0.00022 -6.59235e-07 | 26  0.00071 -3.89797e-07 | 27  0.00062 -2.76511e-07
 28  0.00296 -7.33980e-07 | 29  0.00156 -2.86611e-07 | 30  0.00152 -2.18513e-07
 31  0.00703 -4.46681e-07 | 32  0.00256 -4.58939e-09 | 33  0.00323 -6.71430e-07
 34  0.00505 -5.70946e-07 | 35  0.00543 -3.41886e-07 | 36  0.00655 -8.87253e-07
 37  0.00034 -5.20436e-07 | 38 -0.00851 -5.18535e-07 | 39 -0.00984 -3.15557e-07
 40 -0.00156 -2.84253e-07 | 41  0.00066 -4.27059e-07 | 42 -0.00305 -1.68743e-07
 43 -0.00027 -3.83410e-07 | 44  0.01219  1.44899e-08 | 45 -0.00140 -4.68361e-08
 46  0.00420 -6.62158e-07 | 47  0.01007  4.66216e-07 | 48  0.01187  6.42825e-07
 49 -0.00364 -2.82170e-08 | 50 -0.00664  2.72895e-07 | 51 -0.00400 -3.59464e-07
 52 -0.00727  3.59345e-07 | 53  0.00673 -2.59932e-07 | 54  0.01066  1.66571e-07
 55 -0.00048  4.47252e-07 | 56 -0.00128 -2.87936e-07 | 57  0.00018  3.04628e-08
 58  0.01407 -1.39855e-07 | 59 -0.00955 -3.53483e-08 | 60  0.01027  3.17579e-06
 61 -0.00010 -7.76248e-07 | 62 -0.00339 -1.10407e-07 | 63  0.00683 -4.94770e-07
 64  0.00291  9.73476e-07 | 65  0.07902  6.04009e-06 | 66  0.00189  1.30035e-06
 67  0.00638  9.18143e-07 | 68  0.01817  9.58576e-09 | 69  0.03151  2.43990e-06
 70  0.01135  9.47115e-07 | 71 -0.00634  2.35091e-06 | 72  0.03074  3.69405e-06
 73 -0.00449 -2.63937e-07 | 74 -0.00806  8.01638e-07 | 75  0.01830  3.40867e-06
 76  0.00931  4.86155e-06 | 77 -0.04592  1.62610e-06 | 78  0.02083  1.01086e-06
 79  0.00506  1.42785e-06 | 80 -0.01906  6.94592e-07 | 81 -0.01393 -1.76195e-06
 82 -0.02983 -1.61922e-06 | 83  0.00751 -2.30038e-07 | 84 -0.04135 -2.39125e-06
 85 -0.02874 -3.08755e-06 | 86  0.00724 -2.84140e-06 | 87 -0.02863  1.96568e-06
 88 -0.01526 -2.43791e-06 | 89 -0.01349 -2.76312e-08 | 90 -0.02493 -2.60642e-06
 91 -0.02160 -2.11012e-06 | 92 -0.01883 -2.23622e-06 | 93  0.02055 -5.49727e-07
 94 -0.03917 -2.37555e-06 | 95  0.01397 -3.40223e-07 | 96 -0.00874 -1.63365e-06
 97  0.01590 -1.96321e-07 | 98  0.00932  6.87633e-07 | 99 -0.01362 -2.19900e-06
100 -0.01265 -8.98591e-07 |101 -0.00979  7.28861e-07 |102  0.04073 -1.67250e-06
103 -0.00974 -5.41579e-07 |104 -0.00066 -6.39742e-07 |105 -0.00009 -4.56535e-07
106 -0.04653  6.17962e-05 |107  0.04009 -1.54836e-06 |108 -0.38569  2.97040e-06
109 -0.29846 -3.56734e-06 |110 -0.25278  7.47074e-07 |
Warning: the following parameters had issues
  SR_parm[1] is within 0.1% of upper bound: 4.00000e+00 < 2.00000e+01 < 2.00000e+01


 - final statistics:
111 variables; iteration 0; function evaluation 0
Function value 6.0354e+02; maximum gradient component mag 6.1796e-05
Exit code = 0;  converg criter 1.0000e-04
Var    Value     Gradient |Var    Value     Gradient |Var    Value     Gradient
  1 -0.41647 -4.33166e-05 |  2 -0.40848 -1.97603e-05 |  3 -0.43518 -1.42258e-05
  4 -0.42906 -4.01256e-06 |  5 -0.48784 -1.30380e-06 |  6  0.99994  6.62171e-08
  7  0.00001 -1.76774e-07 |  8  0.00000 -2.12294e-08 |  9  0.00000  2.58597e-07
 10  0.00001 -8.39553e-08 | 11 -0.00008 -3.84080e-07 | 12 -0.00008 -5.12979e-07
 13 -0.00008 -4.49816e-08 | 14 -0.00007 -1.17739e-07 | 15 -0.00007 -5.06753e-08
 16 -0.00006 -1.83974e-07 | 17 -0.00005 -2.37039e-07 | 18 -0.00004 -2.97247e-07
 19 -0.00002 -6.76935e-07 | 20  0.00004 -1.75952e-07 | 21  0.00002 -8.10762e-08
 22  0.00006 -9.76780e-08 | 23  0.00010 -3.71997e-07 | 24  0.00015 -4.57295e-07
 25  0.00022 -5.77617e-07 | 26  0.00071 -3.08179e-07 | 27  0.00062 -1.94893e-07
 28  0.00296 -6.52363e-07 | 29  0.00156 -2.04993e-07 | 30  0.00152 -1.36895e-07
 31  0.00703 -3.65068e-07 | 32  0.00256  7.70279e-08 | 33  0.00323 -5.89813e-07
 34  0.00505 -4.89330e-07 | 35  0.00543 -2.60271e-07 | 36  0.00655 -8.05639e-07
 37  0.00034 -4.38818e-07 | 38 -0.00851 -4.36924e-07 | 39 -0.00984 -2.33949e-07
 40 -0.00156 -2.02635e-07 | 41  0.00066 -3.45441e-07 | 42 -0.00305 -8.71257e-08
 43 -0.00027 -3.01792e-07 | 44  0.01219  9.60931e-08 | 45 -0.00140  3.47817e-08
 46  0.00420 -5.80542e-07 | 47  0.01007  5.47824e-07 | 48  0.01187  7.24428e-07
 49 -0.00364  5.33996e-08 | 50 -0.00664  3.54508e-07 | 51 -0.00400 -2.77848e-07
 52 -0.00727  4.40957e-07 | 53  0.00673 -1.78319e-07 | 54  0.01066  2.48178e-07
 55 -0.00048  5.28870e-07 | 56 -0.00128 -2.06318e-07 | 57  0.00018  1.12081e-07
 58  0.01407 -5.82572e-08 | 59 -0.00955  4.62606e-08 | 60  0.01027  3.25740e-06
 61 -0.00010 -6.94629e-07 | 62 -0.00339 -2.87904e-08 | 63  0.00683 -4.13156e-07
 64  0.00291  1.05509e-06 | 65  0.07902  6.12108e-06 | 66  0.00189  1.38197e-06
 67  0.00638  9.99757e-07 | 68  0.01817  9.11709e-08 | 69  0.03151  2.52142e-06
 70  0.01135  1.02872e-06 | 71 -0.00634  2.43252e-06 | 72  0.03074  3.77557e-06
 73 -0.00449 -1.82320e-07 | 74 -0.00806  8.83250e-07 | 75  0.01830  3.49026e-06
 76  0.00931  4.94316e-06 | 77 -0.04592  1.70751e-06 | 78  0.02083  1.09244e-06
 79  0.00506  1.50946e-06 | 80 -0.01906  7.76173e-07 | 81 -0.01393 -1.68036e-06
 82 -0.02983 -1.53769e-06 | 83  0.00751 -1.48425e-07 | 84 -0.04135 -2.30981e-06
 85 -0.02874 -3.00601e-06 | 86  0.00724 -2.75979e-06 | 87 -0.02863  2.04722e-06
 88 -0.01526 -2.35632e-06 | 89 -0.01349  5.39689e-08 | 90 -0.02493 -2.52486e-06
 91 -0.02160 -2.02855e-06 | 92 -0.01883 -2.15464e-06 | 93  0.02055 -4.68151e-07
 94 -0.03917 -2.29408e-06 | 95  0.01397 -2.58624e-07 | 96 -0.00874 -1.55204e-06
 97  0.01590 -1.14728e-07 | 98  0.00932  7.69244e-07 | 99 -0.01362 -2.11740e-06
100 -0.01265 -8.16988e-07 |101 -0.00979  8.10469e-07 |102  0.04073 -1.59104e-06
103 -0.00974 -4.59970e-07 |104 -0.00066 -5.58124e-07 |105 -0.00009 -3.74917e-07
106  0.00000  0.00000e+00 |107 -0.04653  6.17963e-05 |108  0.04009 -1.54836e-06
109 -0.38569  2.97041e-06 |110 -0.29846 -3.56735e-06 |111 -0.25278  7.47079e-07
size of file gradfil1.tmp = 0
size of file gradfil2.tmp = 0
size of file varssave.tmp = 0
size of file cmpdiff.tmp = 0
