
Initial statistics: 1 variables; iteration 0; function evaluation 0; phase 1
Function value 7.6595217e+02; maximum gradient component mag 8.0798e+03
Var    Value     Gradient |Var    Value     Gradient |Var    Value     Gradient
  1  0.63197  8.07982e+03 |

 - final statistics:
1 variables; iteration 7; function evaluation 11
Function value 7.3351e+02; maximum gradient component mag 1.0178e+00
Exit code = 1;  converg criter 1.0000e+01
Var    Value     Gradient |Var    Value     Gradient |Var    Value     Gradient
  1  0.62601  1.01780e+00 |

Initial statistics: 98 variables; iteration 0; function evaluation 0; phase 2
Function value 7.3350692e+02; maximum gradient component mag 1.0423e+03
Var    Value     Gradient |Var    Value     Gradient |Var    Value     Gradient
  1  0.62601  1.01780e+00 |  2  0.00000 -3.56173e+00 |  3  0.00000 -4.15203e+00
  4  0.00000 -4.86013e+00 |  5  0.00000 -5.70582e+00 |  6  0.00000 -6.71063e+00
  7  0.00000 -7.89664e+00 |  8  0.00000 -9.28610e+00 |  9  0.00000 -1.08960e+01
 10  0.00000 -1.27352e+01 | 11  0.00000 -1.58023e+01 | 12  0.00000 -1.91189e+01
 13  0.00000 -1.95808e+01 | 14  0.00000 -2.23663e+01 | 15  0.00000 -3.11305e+01
 16  0.00000 -3.02914e+01 | 17  0.00000 -3.99852e+01 | 18  0.00000 -4.35918e+01
 19  0.00000 -4.97925e+01 | 20  0.00000 -2.58109e+01 | 21  0.00000 -4.71738e+01
 22  0.00000 -4.14409e+01 | 23  0.00000 -4.00151e+01 | 24  0.00000 -4.19653e+01
 25  0.00000 -4.30438e+01 | 26  0.00000 -4.19366e+01 | 27  0.00000 -4.63780e+01
 28  0.00000 -4.78258e+01 | 29  0.00000 -2.87416e+01 | 30  0.00000 -1.91691e+01
 31  0.00000 -3.50516e+01 | 32  0.00000 -3.56069e+01 | 33  0.00000 -3.73375e+01
 34  0.00000 -5.36906e+01 | 35  0.00000 -6.99425e+01 | 36  0.00000 -3.94831e+01
 37  0.00000 -4.20671e+01 | 38  0.00000 -4.74895e+01 | 39  0.00000 -3.61940e+01
 40  0.00000 -6.91438e+01 | 41  0.00000 -4.36505e+01 | 42  0.00000 -4.52602e+01
 43  0.00000 -2.18074e+01 | 44  0.00000  1.12243e+01 | 45  0.00000 -1.92011e+01
 46  0.00000 -1.60915e+01 | 47  0.00000 -2.72477e+01 | 48  0.00000 -3.26844e+01
 49  0.00000 -8.04202e-01 | 50  0.00000  1.13558e+00 | 51  0.00000 -1.02072e+01
 52  0.00000 -3.83545e+00 | 53  0.00000  1.13531e+00 | 54  0.00000 -2.32943e+01
 55  0.00000  6.36725e-01 | 56  0.00000 -1.37770e+01 | 57  0.00000 -3.11949e+01
 58  0.00000  4.67319e+00 | 59  0.00000 -1.32325e+01 | 60  0.00000 -3.41163e+01
 61  0.00000 -1.23254e+02 | 62  0.00000 -1.61763e+02 | 63  0.00000  2.23570e+01
 64  0.00000  2.52965e+01 | 65  0.00000  7.41742e+01 | 66  0.00000  3.34087e+02
 67  0.00000  3.08005e+02 | 68  0.00000  3.17259e+02 | 69  0.00000 -2.56049e+02
 70  0.00000 -1.64045e+02 | 71  0.00000 -1.86233e+02 | 72  0.00000  3.06067e+02
 73  0.00000 -3.32478e+02 | 74  0.00000 -6.51210e+02 | 75  0.00000  5.09166e+02
 76  0.00000 -4.38324e+01 | 77  0.00000  6.42166e+02 | 78  0.00000  6.67300e+02
 79  0.00000  3.83699e+01 | 80  0.00000 -3.01486e+01 | 81  0.00000  3.38998e+01
 82  0.00000 -3.88620e+02 | 83  0.00000  9.16071e+00 | 84  0.00000 -6.19778e+02
 85  0.00000  1.04232e+03 | 86  0.00000  5.77165e+02 | 87  0.00000 -1.16210e+02
 88  0.00000  1.94228e+02 | 89  0.00000 -5.75074e+02 | 90  0.00000  4.72223e+02
 91  0.00000 -4.88908e+02 | 92  0.00000 -6.08145e+01 | 93  0.00000  1.58406e+02
 94  0.00000  1.25635e+01 | 95  0.00000 -4.51386e-01 | 96  0.00000 -7.78516e-01
 97 -0.03546  3.18712e+00 | 98 -0.31026 -8.68715e+01 |

Intermediate statistics: 98 variables; iteration 20; function evaluation 32; phase 2
Function value 6.0061074e+02; maximum gradient component mag 1.8836e+03
Var    Value     Gradient |Var    Value     Gradient |Var    Value     Gradient
  1  0.62280  1.88356e+03 |  2 -0.00083 -4.86673e+01 |  3 -0.00095 -4.80513e+01
  4 -0.00109 -4.73063e+01 |  5 -0.00125 -4.64078e+01 |  6 -0.00144 -4.53282e+01
  7 -0.00165 -4.40376e+01 |  8 -0.00188 -4.25047e+01 |  9 -0.00213 -4.07002e+01
 10 -0.00240 -3.86007e+01 | 11 -0.00210 -3.61200e+01 | 12 -0.00186 -3.33902e+01
 13 -0.00326 -3.05426e+01 | 14 -0.00345 -2.74338e+01 | 15 -0.00068 -2.42700e+01
 16 -0.00256 -2.14123e+01 | 17  0.00091 -1.89157e+01 | 18  0.00180 -1.72501e+01
 19  0.00448 -1.65694e+01 | 20 -0.00581 -1.69044e+01 | 21  0.00306 -1.42945e+01
 22 -0.00056 -1.16232e+01 | 23 -0.00059 -1.22790e+01 | 24 -0.00021 -1.02148e+01
 25 -0.00009 -8.30156e+00 | 26 -0.00081 -6.68258e+00 | 27  0.00108 -5.14034e+00
 28  0.00187 -3.84063e+00 | 29 -0.00608 -3.63808e+00 | 30 -0.00956 -3.32995e+00
 31 -0.00240 -1.32562e+00 | 32 -0.00139 -4.79806e-01 | 33 -0.00029  2.32529e-01
 34  0.00631  1.99554e+00 | 35  0.01273  4.33157e+00 | 36  0.00235  2.07012e+00
 37  0.00459  1.97725e+00 | 38  0.00777  1.55342e+00 | 39  0.00296  1.14711e+00
 40  0.01568  4.10979e+00 | 41  0.00714  1.52566e+00 | 42  0.00863  1.25493e+00
 43 -0.00064  1.07789e+00 | 44 -0.01150  8.41000e-01 | 45 -0.00016  2.79174e+00
 46 -0.00110  2.96520e+00 | 47  0.00385  3.72220e+00 | 48  0.00655  4.61788e+00
 49 -0.00484  5.59771e+00 | 50 -0.00439  7.43170e+00 | 51 -0.00069  8.08769e+00
 52 -0.00259  9.72508e+00 | 53 -0.00375  1.22123e+01 | 54  0.00518  1.62114e+01
 55 -0.00169  1.91220e+01 | 56  0.00384  2.15665e+01 | 57  0.01121  2.56933e+01
 58 -0.00014  2.78696e+01 | 59  0.00520  3.01514e+01 | 60  0.00705  2.89858e+01
 61  0.02056  3.13867e+01 | 62  0.02677  3.35391e+01 | 63 -0.00269  4.91088e+01
 64 -0.00299  4.54633e+01 | 65 -0.00436  6.15398e+01 | 66 -0.02399  1.13441e+02
 67 -0.01316  1.19652e+02 | 68 -0.01353  9.47663e+01 | 69  0.01417  1.43625e+02
 70  0.00529 -3.91856e+01 | 71  0.00994  1.44395e+01 | 72 -0.01169  1.04485e+02
 73  0.01895  1.71045e+02 | 74  0.02949  3.06627e+01 | 75 -0.01947  5.97330e+01
 76 -0.00009 -7.76264e+01 | 77 -0.02601 -9.68832e+00 | 78 -0.03012  1.31670e+02
 79  0.00040 -8.70621e+00 | 80 -0.00033 -8.93997e+01 | 81  0.00088 -3.35085e+00
 82  0.01515 -1.50620e+02 | 83  0.00327  3.69063e+01 | 84  0.02783 -1.07560e+02
 85 -0.04040  1.74931e+02 | 86 -0.02430  8.86847e+01 | 87  0.00482 -1.25581e+02
 88 -0.00895 -2.32629e+00 | 89  0.02790 -6.27253e+01 | 90 -0.03198  6.29214e+01
 91  0.01900 -2.21177e+02 | 92  0.00212 -7.93484e+01 | 93 -0.00629 -2.55300e+01
 94 -0.00424 -5.08442e+01 | 95 -0.00048 -5.16028e+01 | 96 -0.00019 -5.15045e+01
 97 -0.03742  1.09501e+02 | 98 -0.27765  1.08666e+01 |
98 variables; iteration 40; function evaluation 57; phase 2
Function value 5.9276023e+02; maximum gradient component mag 1.2154e+03
Var    Value     Gradient |Var    Value     Gradient |Var    Value     Gradient
  1  0.62228  1.21540e+03 |  2  0.00000 -3.04790e+01 |  3 -0.00045 -3.07469e+01
  4 -0.00095 -3.09999e+01 |  5 -0.00147 -3.11958e+01 |  6 -0.00198 -3.12598e+01
  7 -0.00242 -3.10849e+01 |  8 -0.00272 -3.05184e+01 |  9 -0.00279 -2.94154e+01
 10 -0.00259 -2.76503e+01 | 11  0.00246 -1.83563e+01 | 12  0.00528 -1.24238e+01
 13 -0.00034 -1.81838e+01 | 14  0.00067 -1.43546e+01 | 15  0.00702 -6.48181e+00
 16  0.00270 -9.01473e+00 | 17  0.00668 -7.45143e+00 | 18  0.00539 -1.07213e+01
 19  0.00659 -1.38235e+01 | 20 -0.00109 -5.86286e+00 | 21  0.00524 -1.12806e+01
 22  0.00081 -9.81883e+00 | 23 -0.00050 -1.21481e+01 | 24 -0.00161 -1.34644e+01
 25 -0.00286 -1.45264e+01 | 26 -0.00373 -1.32778e+01 | 27 -0.00180 -1.26060e+01
 28 -0.00101 -1.15655e+01 | 29 -0.00637 -3.32594e+00 | 30 -0.00849  1.10289e+00
 31 -0.00417 -4.39791e+00 | 32 -0.00336 -3.37191e+00 | 33 -0.00213 -2.31502e+00
 34  0.00374 -3.98051e+00 | 35  0.01045 -3.38013e+00 | 36  0.00214  3.50844e+00
 37  0.00469  4.40536e+00 | 38  0.00622  3.62796e-01 | 39  0.00332  5.61787e+00
 40  0.01738  9.20785e+00 | 41  0.00721  4.92811e+00 | 42  0.00867  5.20564e+00
 43  0.00120  1.12234e+01 | 44 -0.00687  2.03586e+01 | 45  0.00131  1.14203e+01
 46  0.00078  1.36347e+01 | 47  0.00474  1.22443e+01 | 48  0.00707  1.23873e+01
 49 -0.00194  2.10833e+01 | 50 -0.00479  1.30338e+01 | 51 -0.00008  1.75560e+01
 52 -0.00195  2.04780e+01 | 53 -0.00389  2.12357e+01 | 54  0.00712  3.00300e+01
 55 -0.00200  2.60414e+01 | 56  0.00384  3.08938e+01 | 57  0.01660  5.17434e+01
 58 -0.00058  3.64648e+01 | 59 -0.00022  1.70436e+01 | 60  0.00501  2.28334e+01
 61  0.01990  2.91120e+01 | 62  0.02603  3.00643e+01 | 63 -0.00365  5.03460e+01
 64 -0.00533  3.68615e+01 | 65 -0.00545  5.54930e+01 | 66 -0.02849  8.21508e+01
 67 -0.01750  6.72815e+01 | 68 -0.01493  7.14857e+01 | 69  0.01115  5.48554e+01
 70  0.00965  3.50681e+01 | 71  0.01049  1.81778e+01 | 72 -0.01460  5.32276e+01
 73  0.01524  4.11196e+01 | 74  0.02952 -1.22095e+01 | 75 -0.02287  3.32910e+00
 76  0.00212 -5.19915e+01 | 77 -0.02490  7.10903e+00 | 78 -0.03698  5.06222e+01
 79 -0.00004 -1.97744e+01 | 80  0.00314 -3.97674e+01 | 81 -0.00125 -4.75386e+01
 82  0.02033 -5.21636e+01 | 83  0.00086 -1.91341e+01 | 84  0.02987 -8.04285e+01
 85 -0.05199  4.35849e+01 | 86 -0.02943  2.41499e+01 | 87  0.00792 -4.24822e+01
 88 -0.01002 -1.12332e+01 | 89  0.02856 -5.37219e+01 | 90 -0.04152 -2.14490e+00
 91  0.02488 -6.75907e+01 | 92  0.00352 -4.64956e+01 | 93 -0.00716 -2.17146e+01
 94 -0.00509 -3.44093e+01 | 95 -0.00364 -3.79147e+01 | 96  0.00240 -2.88900e+01
 97 -0.03432  9.19057e+01 | 98 -0.27991  3.47399e+00 |
98 variables; iteration 60; function evaluation 88; phase 2
Function value 5.8926804e+02; maximum gradient component mag -3.4006e+02
Var    Value     Gradient |Var    Value     Gradient |Var    Value     Gradient
  1  0.62154 -3.40065e+02 |  2  0.00036  8.29915e+00 |  3  0.00008  7.62672e+00
  4 -0.00020  6.92458e+00 |  5 -0.00042  6.23695e+00 |  6 -0.00056  5.62920e+00
  7 -0.00055  5.16945e+00 |  8 -0.00035  4.89973e+00 |  9 -0.00001  4.76250e+00
 10  0.00035  4.56630e+00 | 11  0.00089  3.54310e+00 | 12  0.00043  9.52938e-01
 13 -0.00019  1.12940e+00 | 14 -0.00055 -5.39029e-01 | 15  0.00321 -2.46376e+00
 16  0.00128 -2.69480e+00 | 17  0.00593 -5.03317e+00 | 18  0.00584 -7.68193e+00
 19  0.00839 -1.02022e+01 | 20 -0.00214 -1.19270e+00 | 21  0.00786 -8.11501e+00
 22  0.00400 -6.03378e+00 | 23  0.00398 -5.09102e+00 | 24  0.00383 -6.41685e+00
 25  0.00408 -6.48482e+00 | 26  0.00474 -4.00433e+00 | 27  0.00666 -5.62247e+00
 28  0.00661 -6.98123e+00 | 29 -0.00607 -6.15508e+00 | 30 -0.00761 -6.63014e-01
 31 -0.00087 -5.06121e+00 | 32 -0.00101 -6.05119e+00 | 33  0.00164 -3.93817e+00
 34  0.01094 -5.63346e+00 | 35  0.01651 -1.21476e+01 | 36 -0.00087 -8.94054e+00
 37  0.00288 -7.23745e+00 | 38  0.00683 -9.14158e+00 | 39  0.00292 -3.07788e+00
 40  0.01957 -9.26521e+00 | 41  0.01222  1.09742e+00 | 42  0.00621 -8.67765e+00
 43 -0.00454 -4.32959e+00 | 44 -0.01408  3.45470e+00 | 45 -0.00219 -7.89216e+00
 46 -0.00378 -2.65936e+00 | 47  0.00329 -3.34902e+00 | 48  0.00714 -4.27301e+00
 49 -0.00586  3.41433e+00 | 50 -0.00467  3.21481e+00 | 51 -0.00087  3.51459e+00
 52 -0.00397  4.47525e+00 | 53 -0.00734  2.07663e+00 | 54 -0.00164 -1.35776e+01
 55 -0.00366  4.64966e+00 | 56 -0.00071 -2.52830e+00 | 57  0.01045 -2.64551e+00
 58 -0.00607  1.55896e+00 | 59  0.00236 -7.92269e-01 | 60  0.00746  2.92602e+00
 61  0.02176 -1.24705e+01 | 62  0.03120 -1.01408e+01 | 63 -0.00662  1.01751e+01
 64 -0.00506  7.46772e+00 | 65 -0.00696  9.13614e+00 | 66 -0.03793  7.28436e+00
 67 -0.02133 -2.46763e-01 | 68 -0.01850  1.47673e+00 | 69  0.00989 -9.78330e+00
 70  0.01061  1.29677e+01 | 71  0.01100 -5.20175e-01 | 72 -0.01814 -4.45964e+00
 73  0.01378 -2.48877e+01 | 74  0.03174 -8.24648e+00 | 75 -0.02380 -5.29663e-01
 76  0.00631  1.89034e+01 | 77 -0.02526  7.37305e+00 | 78 -0.04418 -5.49776e+00
 79  0.00045 -6.86522e-01 | 80  0.00582  1.29696e+01 | 81  0.00038  3.49980e+00
 82  0.02297  1.37317e+01 | 83  0.00069 -4.92843e+00 | 84  0.03306  6.13424e+00
 85 -0.06020 -1.02264e+01 | 86 -0.03442 -4.66665e+00 | 87  0.00944  1.77879e+01
 88 -0.01125  4.22867e+00 | 89  0.03021  7.29996e+00 | 90 -0.04551  5.73952e+00
 91  0.02782  3.14102e+01 | 92  0.00593  1.57739e+01 | 93 -0.00711  9.59230e+00
 94 -0.00397  9.29152e+00 | 95 -0.00294  4.68578e+00 | 96  0.00212  1.21709e+01
 97 -0.03692 -2.30907e+01 | 98 -0.27835 -3.92158e+00 |
Maximum number of function evaluations exceeded

 - final statistics:
98 variables; iteration 67; function evaluation 100
Function value 5.8901e+02; maximum gradient component mag -2.1227e+02
Exit code = 3;  converg criter 1.0000e+01
Var    Value     Gradient |Var    Value     Gradient |Var    Value     Gradient
  1  0.62158 -2.12270e+02 |  2  0.00012  4.74848e+00 |  3  0.00001  4.40434e+00
  4 -0.00011  3.99734e+00 |  5 -0.00023  3.55128e+00 |  6 -0.00032  3.10873e+00
  7 -0.00034  2.71572e+00 |  8 -0.00028  2.39284e+00 |  9 -0.00016  2.09159e+00
 10 -0.00005  1.71736e+00 | 11  0.00088  1.48953e+00 | 12  0.00156  7.95797e-01
 13  0.00021  1.48948e-01 | 14  0.00029 -6.49899e-01 | 15  0.00267 -4.13443e+00
 16  0.00057 -4.39625e+00 | 17  0.00678 -4.18630e+00 | 18  0.00629 -7.12193e+00
 19  0.01050 -7.21994e+00 | 20 -0.00349 -3.80413e+00 | 21  0.00871 -6.87819e+00
 22  0.00337 -6.67704e+00 | 23  0.00320 -6.00566e+00 | 24  0.00369 -6.37052e+00
 25  0.00459 -5.46442e+00 | 26  0.00420 -4.14802e+00 | 27  0.00601 -5.70389e+00
 28  0.00645 -6.33306e+00 | 29 -0.00585 -5.61830e+00 | 30 -0.00937 -3.46875e+00
 31 -0.00079 -4.37177e+00 | 32 -0.00024 -4.41441e+00 | 33  0.00035 -5.11688e+00
 34  0.01007 -5.35266e+00 | 35  0.01757 -8.30485e+00 | 36  0.00144 -4.85624e+00
 37  0.00503 -3.30661e+00 | 38  0.00761 -6.91983e+00 | 39  0.00210 -3.50221e+00
 40  0.02000 -6.75525e+00 | 41  0.00731 -4.23270e+00 | 42  0.00944 -3.78734e+00
 43 -0.00387 -2.97094e+00 | 44 -0.01500  1.32847e+00 | 45  0.00021 -2.18100e+00
 46 -0.00317 -8.65684e-01 | 47  0.00392 -9.29476e-01 | 48  0.00812 -1.21259e+00
 49 -0.00897 -1.98835e+00 | 50 -0.00545  1.78671e+00 | 51 -0.00233  1.97513e+00
 52 -0.00607  1.75866e+00 | 53 -0.00824  1.38758e+00 | 54  0.00273 -2.58467e+00
 55 -0.00607  1.90519e-01 | 56  0.00024  7.89763e-01 | 57  0.01037 -2.41386e-01
 58 -0.00683  1.30106e+00 | 59  0.00316  3.02093e+00 | 60  0.00681  3.05432e+00
 61  0.02315 -1.24575e+00 | 62  0.03164 -1.79536e+00 | 63 -0.00802  5.89692e+00
 64 -0.00572  5.51084e+00 | 65 -0.00780  4.53955e+00 | 66 -0.03864  2.81342e+00
 67 -0.02133  5.56789e-01 | 68 -0.01863  1.33909e+00 | 69  0.01005 -2.51532e+00
 70  0.01021  8.40603e+00 | 71  0.01105  2.85060e+00 | 72 -0.01792 -1.13649e+00
 73  0.01429 -9.24328e+00 | 74  0.03184  1.48892e-01 | 75 -0.02358  1.41623e+00
 76  0.00583  1.10081e+01 | 77 -0.02534  4.76197e+00 | 78 -0.04378 -2.94852e+00
 79  0.00060  2.18675e+00 | 80  0.00550  8.24416e+00 | 81  0.00046  4.03529e+00
 82  0.02272  9.20406e+00 | 83  0.00098  8.07981e-02 | 84  0.03297  6.14154e+00
 85 -0.05937 -4.81760e+00 | 86 -0.03398 -1.20579e+00 | 87  0.00919  9.61593e+00
 88 -0.01126  3.11138e+00 | 89  0.03012  5.50060e+00 | 90 -0.04564  2.92625e+00
 91  0.02717  1.51121e+01 | 92  0.00532  7.96283e+00 | 93 -0.00740  5.31666e+00
 94 -0.00392  5.99754e+00 | 95 -0.00030  5.31422e+00 | 96  0.00015  5.67547e+00
 97 -0.03710 -1.56266e+01 | 98 -0.27775 -1.46911e+00 |

Initial statistics: 100 variables; iteration 0; function evaluation 0; phase 3
Function value 5.8900592e+02; maximum gradient component mag -2.1227e+02
Var    Value     Gradient |Var    Value     Gradient |Var    Value     Gradient
  1  0.62158 -2.12270e+02 |  2  0.00012  4.68052e+00 |  3  0.00001  4.33638e+00
  4 -0.00011  3.92938e+00 |  5 -0.00023  3.48333e+00 |  6 -0.00032  3.04077e+00
  7 -0.00034  2.64776e+00 |  8 -0.00028  2.32489e+00 |  9 -0.00016  2.02363e+00
 10 -0.00005  1.64940e+00 | 11  0.00088  1.42158e+00 | 12  0.00155  7.27843e-01
 13  0.00021  8.09943e-02 | 14  0.00029 -7.17853e-01 | 15  0.00267 -4.20239e+00
 16  0.00056 -4.46420e+00 | 17  0.00678 -4.25425e+00 | 18  0.00629 -7.18988e+00
 19  0.01050 -7.28789e+00 | 20 -0.00350 -3.87208e+00 | 21  0.00871 -6.94613e+00
 22  0.00337 -6.74499e+00 | 23  0.00320 -6.07362e+00 | 24  0.00369 -6.43848e+00
 25  0.00459 -5.53238e+00 | 26  0.00420 -4.21598e+00 | 27  0.00601 -5.77184e+00
 28  0.00645 -6.40101e+00 | 29 -0.00585 -5.68625e+00 | 30 -0.00937 -3.53670e+00
 31 -0.00079 -4.43973e+00 | 32 -0.00024 -4.48237e+00 | 33  0.00035 -5.18484e+00
 34  0.01007 -5.42061e+00 | 35  0.01757 -8.37278e+00 | 36  0.00144 -4.92419e+00
 37  0.00503 -3.37456e+00 | 38  0.00761 -6.98778e+00 | 39  0.00210 -3.57016e+00
 40  0.02000 -6.82317e+00 | 41  0.00730 -4.30065e+00 | 42  0.00944 -3.85528e+00
 43 -0.00387 -3.03889e+00 | 44 -0.01500  1.26053e+00 | 45  0.00021 -2.24896e+00
 46 -0.00317 -9.33637e-01 | 47  0.00392 -9.97429e-01 | 48  0.00812 -1.28054e+00
 49 -0.00897 -2.05630e+00 | 50 -0.00545  1.71876e+00 | 51 -0.00233  1.90717e+00
 52 -0.00607  1.69071e+00 | 53 -0.00824  1.31963e+00 | 54  0.00273 -2.65263e+00
 55 -0.00607  1.22568e-01 | 56  0.00024  7.21809e-01 | 57  0.01037 -3.09331e-01
 58 -0.00684  1.23311e+00 | 59  0.00316  2.95297e+00 | 60  0.00681  2.98637e+00
 61  0.02315 -1.31366e+00 | 62  0.03164 -1.86323e+00 | 63 -0.00803  5.82897e+00
 64 -0.00572  5.44289e+00 | 65 -0.00780  4.47160e+00 | 66 -0.03864  2.74559e+00
 67 -0.02133  4.88873e-01 | 68 -0.01863  1.27116e+00 | 69  0.01005 -2.58327e+00
 70  0.01021  8.33808e+00 | 71  0.01105  2.78265e+00 | 72 -0.01792 -1.20442e+00
 73  0.01429 -9.31122e+00 | 74  0.03184  8.10225e-02 | 75 -0.02358  1.34832e+00
 76  0.00583  1.09401e+01 | 77 -0.02535  4.69407e+00 | 78 -0.04378 -3.01631e+00
 79  0.00060  2.11879e+00 | 80  0.00550  8.17621e+00 | 81  0.00046  3.96734e+00
 82  0.02272  9.13615e+00 | 83  0.00097  1.28441e-02 | 84  0.03297  6.07367e+00
 85 -0.05937 -4.88526e+00 | 86 -0.03398 -1.27364e+00 | 87  0.00919  9.54798e+00
 88 -0.01126  3.04343e+00 | 89  0.03012  5.43272e+00 | 90 -0.04564  2.85847e+00
 91  0.02717  1.50442e+01 | 92  0.00532  7.89488e+00 | 93 -0.00740  5.24871e+00
 94 -0.00392  5.92959e+00 | 95 -0.00030  5.24626e+00 | 96  0.00015  5.60751e+00
 97 -0.03710 -1.56266e+01 | 98 -0.41581  5.93784e+01 | 99 -0.27775 -1.46911e+00
100 -0.25275  5.68386e+01 |

Intermediate statistics: 100 variables; iteration 20; function evaluation 25; phase 3
Function value 5.8831592e+02; maximum gradient component mag -1.9889e+02
Var    Value     Gradient |Var    Value     Gradient |Var    Value     Gradient
  1  0.62250 -1.98886e+02 |  2  0.00017  4.97091e+00 |  3  0.00015  4.77659e+00
  4  0.00012  4.54577e+00 |  5  0.00010  4.28421e+00 |  6  0.00009  4.00364e+00
  7  0.00011  3.71641e+00 |  8  0.00015  3.42563e+00 |  9  0.00022  3.11106e+00
 10  0.00028  2.73833e+00 | 11  0.00104  2.35832e+00 | 12  0.00173  1.78446e+00
 13  0.00042  1.27214e+00 | 14  0.00054  6.41005e-01 | 15  0.00409 -1.01654e+00
 16  0.00192 -1.32611e+00 | 17  0.00734 -1.97365e+00 | 18  0.00824 -3.06525e+00
 19  0.01209 -3.51296e+00 | 20 -0.00280 -1.44168e+00 | 21  0.01016 -3.49142e+00
 22  0.00481 -3.37905e+00 | 23  0.00442 -3.07439e+00 | 24  0.00487 -3.48174e+00
 25  0.00504 -3.53046e+00 | 26  0.00390 -3.29457e+00 | 27  0.00637 -4.13963e+00
 28  0.00709 -4.55583e+00 | 29 -0.00471 -3.41564e+00 | 30 -0.00915 -2.65243e+00
 31 -0.00055 -3.61840e+00 | 32 -0.00005 -3.82075e+00 | 33  0.00096 -4.22545e+00
 34  0.01031 -5.51272e+00 | 35  0.01790 -7.90373e+00 | 36  0.00200 -4.42884e+00
 37  0.00451 -4.43642e+00 | 38  0.00898 -5.94688e+00 | 39  0.00234 -4.43144e+00
 40  0.02019 -8.47187e+00 | 41  0.00783 -5.50259e+00 | 42  0.00943 -5.91208e+00
 43 -0.00323 -4.36599e+00 | 44 -0.01527 -2.18237e+00 | 45  0.00012 -6.08233e+00
 46 -0.00322 -4.54861e+00 | 47  0.00346 -5.93844e+00 | 48  0.00758 -7.07484e+00
 49 -0.00824 -5.43522e+00 | 50 -0.00666 -5.31140e+00 | 51 -0.00367 -5.30191e+00
 52 -0.00728 -5.26756e+00 | 53 -0.00914 -5.51680e+00 | 54  0.00280 -9.41279e+00
 55 -0.00704 -7.50251e+00 | 56 -0.00074 -7.95716e+00 | 57  0.00922 -1.07132e+01
 58 -0.00762 -7.13391e+00 | 59  0.00187 -9.24455e+00 | 60  0.00499 -1.21441e+01
 61  0.02130 -2.12826e+01 | 62  0.02982 -2.71021e+01 | 63 -0.01002 -1.03547e+01
 64 -0.00739 -1.32256e+01 | 65 -0.00951 -1.51680e+01 | 66 -0.03908 -5.32803e+00
 67 -0.02175 -7.62602e+00 | 68 -0.01869 -4.50242e+00 | 69  0.00960  5.80335e+00
 70  0.00981 -8.03326e+00 | 71  0.01056  1.10025e+01 | 72 -0.01728  4.99693e+00
 73  0.01429  1.81999e+01 | 74  0.03246  1.83637e+01 | 75 -0.02388  1.30636e+01
 76  0.00568  1.07078e+01 | 77 -0.02588  1.42425e+01 | 78 -0.04235  1.21050e+01
 79  0.00034  2.43564e+01 | 80  0.00564  1.52071e+01 | 81  0.00021  2.54735e+01
 82  0.02307  2.40111e+01 | 83  0.00086  2.30861e+01 | 84  0.03352  2.88878e+01
 85 -0.05869  1.17932e+01 | 86 -0.03297  1.06682e+01 | 87  0.00837  1.24013e+01
 88 -0.01065  9.47370e+00 | 89  0.02930  1.15815e+01 | 90 -0.04504  6.78968e+00
 91  0.02568  7.00041e+00 | 92  0.00499  4.51113e+00 | 93 -0.00924  4.21266e+00
 94 -0.00305  5.43238e+00 | 95 -0.00010  5.55057e+00 | 96  0.00012  5.64485e+00
 97 -0.05320 -2.09214e+01 | 98 -0.42448  3.85423e+01 | 99 -0.30097  2.08305e-01
100 -0.26612 -1.37270e+00 |
100 variables; iteration 40; function evaluation 51; phase 3
Function value 5.8820280e+02; maximum gradient component mag -1.0218e+02
Var    Value     Gradient |Var    Value     Gradient |Var    Value     Gradient
  1  0.62257 -1.02184e+02 |  2  0.00020  2.49760e+00 |  3  0.00022  2.45520e+00
  4  0.00025  2.40199e+00 |  5  0.00028  2.33447e+00 |  6  0.00031  2.24943e+00
  7  0.00034  2.14557e+00 |  8  0.00037  2.02455e+00 |  9  0.00041  1.88961e+00
 10  0.00046  1.74136e+00 | 11  0.00116  1.58624e+00 | 12  0.00187  1.39837e+00
 13  0.00060  1.23580e+00 | 14  0.00076  1.04898e+00 | 15  0.00457  3.22877e-01
 16  0.00236  1.87462e-01 | 17  0.00806  5.70621e-01 | 18  0.00858 -7.43692e-01
 19  0.01272 -4.31215e-01 | 20 -0.00243  2.02424e-01 | 21  0.01047 -8.26300e-01
 22  0.00506 -8.34191e-01 | 23  0.00464 -6.65926e-01 | 24  0.00505 -8.56775e-01
 25  0.00542 -3.62269e-01 | 26  0.00435  6.87994e-02 | 27  0.00642 -9.72733e-01
 28  0.00693 -1.46053e+00 | 29 -0.00455 -8.03009e-01 | 30 -0.00916 -5.66039e-01
 31 -0.00083 -1.14848e+00 | 32 -0.00035 -1.18933e+00 | 33  0.00049 -1.74572e+00
 34  0.01032 -1.23690e+00 | 35  0.01842 -1.61313e+00 | 36  0.00187 -1.18497e+00
 37  0.00463 -4.74622e-01 | 38  0.00846 -2.43597e+00 | 39  0.00257 -5.55102e-01
 40  0.02113 -7.95556e-01 | 41  0.00788 -1.10002e+00 | 42  0.00988 -4.57723e-01
 43 -0.00286 -2.86415e-01 | 44 -0.01533  9.91912e-03 | 45  0.00023 -1.90403e+00
 46 -0.00343 -1.11308e+00 | 47  0.00304 -1.73629e+00 | 48  0.00705 -2.27931e+00
 49 -0.00735  1.50620e-01 | 50 -0.00661 -7.22221e-01 | 51 -0.00446 -1.62943e+00
 52 -0.00810 -1.68762e+00 | 53 -0.00973 -1.62324e+00 | 54  0.00289 -2.31136e+00
 55 -0.00770 -3.24500e+00 | 56 -0.00135 -2.65738e+00 | 57  0.00848 -3.75937e+00
 58 -0.00777 -1.53664e+00 | 59  0.00168 -2.06463e+00 | 60  0.00494 -3.27119e+00
 61  0.02175 -6.20828e+00 | 62  0.03063 -7.69348e+00 | 63 -0.00991 -2.15232e+00
 64 -0.00648 -6.26640e-01 | 65 -0.00881 -2.29052e+00 | 66 -0.03879 -1.25993e-01
 67 -0.02108  3.34605e+00 | 68 -0.01844  7.54564e-01 | 69  0.00920 -2.95131e+00
 70  0.01031  2.11517e+00 | 71  0.01020  1.34793e+00 | 72 -0.01742 -1.86629e-01
 73  0.01380  9.53527e-01 | 74  0.03202 -1.69949e+00 | 75 -0.02420  3.84750e+00
 76  0.00563  3.98439e-01 | 77 -0.02666 -4.23061e+00 | 78 -0.04298 -1.31546e+00
 79 -0.00015  5.14015e+00 | 80  0.00525 -4.22801e+00 | 81 -0.00052  2.46787e+00
 82  0.02288  4.63916e+00 | 83  0.00029  4.12667e+00 | 84  0.03310  2.13183e+00
 85 -0.05889  6.34781e+00 | 86 -0.03341 -3.42054e-01 | 87  0.00800  1.59559e+00
 88 -0.01040  5.80745e+00 | 89  0.02902  3.61957e+00 | 90 -0.04557 -2.34501e-01
 91  0.02545  6.24706e+00 | 92  0.00460 -7.01520e-01 | 93 -0.00959  3.45555e+00
 94 -0.00278  2.99522e+00 | 95 -0.00003  2.75001e+00 | 96  0.00009  2.72219e+00
 97 -0.05649 -9.66844e+00 | 98 -0.42686  1.45332e+01 | 99 -0.30291 -5.98753e-01
100 -0.26665  5.80365e-01 |
100 variables; iteration 60; function evaluation 82; phase 3
Function value 5.8818266e+02; maximum gradient component mag -1.4722e+01
Var    Value     Gradient |Var    Value     Gradient |Var    Value     Gradient
  1  0.62269 -1.47218e+01 |  2  0.00021  3.57595e-01 |  3  0.00023  3.53059e-01
  4  0.00026  3.46277e-01 |  5  0.00029  3.36458e-01 |  6  0.00032  3.23467e-01
  7  0.00036  3.08449e-01 |  8  0.00041  2.93726e-01 |  9  0.00045  2.80929e-01
 10  0.00050  2.68966e-01 | 11  0.00121  2.67251e-01 | 12  0.00192  2.51005e-01
 13  0.00064  2.34370e-01 | 14  0.00079  2.11696e-01 | 15  0.00480  7.06893e-02
 16  0.00263  9.97796e-02 | 17  0.00774 -2.70262e-02 | 18  0.00913  1.76148e-03
 19  0.01287 -2.30102e-02 | 20 -0.00226  7.40895e-02 | 21  0.01091  4.16506e-05
 22  0.00544 -1.12529e-01 | 23  0.00495 -9.84375e-02 | 24  0.00543 -4.72832e-02
 25  0.00530 -1.18336e-01 | 26  0.00394 -4.94722e-02 | 27  0.00652 -1.55378e-01
 28  0.00729 -1.48719e-01 | 29 -0.00410  2.22713e-01 | 30 -0.00891 -2.55160e-02
 31 -0.00058 -1.90537e-01 | 32 -0.00013 -1.55064e-01 | 33  0.00095 -2.72594e-01
 34  0.01032 -2.86284e-02 | 35  0.01836 -1.22666e-01 | 36  0.00202 -1.31071e-01
 37  0.00420 -6.25047e-02 | 38  0.00913 -2.06291e-01 | 39  0.00237  2.02538e-02
 40  0.02062 -1.16319e-01 | 41  0.00784 -1.52286e-01 | 42  0.00920 -1.65246e-01
 43 -0.00319 -1.70021e-01 | 44 -0.01540  9.72171e-02 | 45  0.00053 -2.02277e-01
 46 -0.00341 -1.15872e-01 | 47  0.00301 -2.61305e-01 | 48  0.00710 -3.49407e-01
 49 -0.00809 -2.32901e-01 | 50 -0.00683 -7.32351e-02 | 51 -0.00448 -2.21966e-01
 52 -0.00802 -1.10946e-01 | 53 -0.00965 -1.03674e-02 | 54  0.00286  3.67743e-02
 55 -0.00723 -3.50050e-01 | 56 -0.00128 -1.80468e-01 | 57  0.00858 -2.74431e-01
 58 -0.00804 -1.26100e-01 | 59  0.00131 -3.81551e-01 | 60  0.00490 -3.54783e-01
 61  0.02186 -6.50502e-01 | 62  0.03072 -7.92315e-01 | 63 -0.00998 -2.65423e-02
 64 -0.00696 -2.44015e-01 | 65 -0.00892 -3.12142e-01 | 66 -0.03878  4.88109e-01
 67 -0.02157 -5.93393e-03 | 68 -0.01859  2.99791e-03 | 69  0.00916 -4.02166e-01
 70  0.01006 -4.01702e-02 | 71  0.01002 -1.50892e-01 | 72 -0.01744 -7.56574e-02
 73  0.01366 -2.21510e-01 | 74  0.03199 -4.76203e-01 | 75 -0.02443  2.05704e-01
 76  0.00559 -5.50147e-02 | 77 -0.02642 -2.07095e-01 | 78 -0.04275 -6.36042e-02
 79 -0.00038  1.94331e-01 | 80  0.00550 -2.94330e-01 | 81 -0.00061  8.19946e-02
 82  0.02268  1.37639e-01 | 83  0.00012  1.99819e-01 | 84  0.03303 -2.17956e-02
 85 -0.05935  4.84887e-01 | 86 -0.03319  1.26106e-01 | 87  0.00797  2.20753e-01
 88 -0.01071  4.48988e-01 | 89  0.02890  3.26050e-01 | 90 -0.04521  1.44282e-01
 91  0.02523  5.91070e-01 | 92  0.00489  1.69757e-01 | 93 -0.00970  4.18316e-01
 94 -0.00287  3.90551e-01 | 95 -0.00003  3.94866e-01 | 96  0.00010  3.84203e-01
 97 -0.05660 -1.15360e+00 | 98 -0.42717  1.70367e+00 | 99 -0.30336 -1.36873e-01
100 -0.26680  2.15128e-01 |
Maximum number of function evaluations exceeded

 - final statistics:
100 variables; iteration 71; function evaluation 100
Function value 5.8818e+02; maximum gradient component mag -1.4691e+00
Exit code = 3;  converg criter 1.0000e+00
Var    Value     Gradient |Var    Value     Gradient |Var    Value     Gradient
  1  0.62271 -1.46910e+00 |  2  0.00021  3.59289e-02 |  3  0.00024  3.55443e-02
  4  0.00026  3.41240e-02 |  5  0.00029  3.14275e-02 |  6  0.00033  2.78755e-02
  7  0.00037  2.49020e-02 |  8  0.00041  2.45827e-02 |  9  0.00046  2.77999e-02
 10  0.00051  3.29293e-02 | 11  0.00121  4.73397e-02 | 12  0.00192  5.00084e-02
 13  0.00064  4.82124e-02 | 14  0.00078  3.63595e-02 | 15  0.00485  2.85700e-02
 16  0.00265  3.51507e-02 | 17  0.00781  1.69083e-02 | 18  0.00912 -4.87481e-02
 19  0.01295  7.36172e-02 | 20 -0.00222  5.55020e-02 | 21  0.01084 -1.00079e-01
 22  0.00555  3.85427e-02 | 23  0.00504  1.70595e-02 | 24  0.00539 -8.97045e-02
 25  0.00534 -4.31548e-02 | 26  0.00389 -1.02290e-01 | 27  0.00656 -4.76755e-02
 28  0.00733 -3.26402e-02 | 29 -0.00426 -3.83378e-02 | 30 -0.00887  2.93113e-02
 31 -0.00052 -3.57420e-02 | 32 -0.00007 -7.36168e-03 | 33  0.00109  1.55645e-02
 34  0.01033  1.15820e-01 | 35  0.01834  2.55276e-02 | 36  0.00207  4.55948e-02
 37  0.00416 -1.18224e-02 | 38  0.00918 -3.81343e-03 | 39  0.00231  1.71631e-02
 40  0.02055 -4.25354e-02 | 41  0.00789  4.95517e-02 | 42  0.00918 -4.15182e-02
 43 -0.00305  1.35850e-01 | 44 -0.01546 -3.25384e-02 | 45  0.00061  5.98648e-02
 46 -0.00340 -7.10820e-05 | 47  0.00305  9.66456e-04 | 48  0.00718  1.97393e-02
 49 -0.00807 -8.79012e-02 | 50 -0.00687 -6.10217e-02 | 51 -0.00439  1.02059e-01
 52 -0.00808 -5.01261e-02 | 53 -0.00982 -1.81372e-01 | 54  0.00272 -1.34787e-02
 55 -0.00717  1.61228e-02 | 56 -0.00132  1.25289e-02 | 57  0.00853  1.66284e-02
 58 -0.00810 -8.65779e-03 | 59  0.00133  2.78963e-04 | 60  0.00489  3.88201e-03
 61  0.02186 -2.54665e-03 | 62  0.03071 -1.26330e-02 | 63 -0.01005 -2.47241e-02
 64 -0.00699 -1.69835e-02 | 65 -0.00892  1.28837e-03 | 66 -0.03888 -3.87621e-02
 67 -0.02160 -4.32934e-02 | 68 -0.01861 -2.31940e-02 | 69  0.00915 -2.97242e-02
 70  0.01003 -7.15566e-02 | 71  0.01001 -6.84531e-02 | 72 -0.01744 -8.18526e-03
 73  0.01365 -7.50963e-02 | 74  0.03198 -7.55114e-02 | 75 -0.02445 -3.72058e-02
 76  0.00558 -2.56239e-02 | 77 -0.02640  5.62286e-02 | 78 -0.04273  4.17305e-02
 79 -0.00039 -7.07505e-02 | 80  0.00551  3.65753e-02 | 81 -0.00062 -3.68633e-02
 82  0.02266 -6.73943e-02 | 83  0.00011 -3.99378e-02 | 84  0.03302 -4.82722e-02
 85 -0.05938 -2.31169e-02 | 86 -0.03317  4.79651e-02 | 87  0.00797  2.57238e-02
 88 -0.01073 -1.38191e-02 | 89  0.02889  4.22952e-03 | 90 -0.04517  6.38398e-02
 91  0.02522  7.50898e-03 | 92  0.00491  7.79839e-02 | 93 -0.00970  3.97295e-02
 94 -0.00289 -2.85621e-02 | 95 -0.00003  4.44156e-02 | 96  0.00010  3.80480e-02
 97 -0.05664 -7.56372e-02 | 98 -0.42722  9.71201e-02 | 99 -0.30338 -2.19271e-02
100 -0.26681  3.44727e-02 |

Initial statistics: 108 variables; iteration 0; function evaluation 0; phase 4
Function value 5.8818239e+02; maximum gradient component mag -2.3479e+02
Var    Value     Gradient |Var    Value     Gradient |Var    Value     Gradient
  1 -0.42263  1.12350e+01 |  2 -0.42263 -2.34786e+02 |  3 -0.41094 -4.53497e+01
  4  0.62271 -1.46313e+00 |  5  0.00000 -1.53692e+00 |  6  0.00000 -8.23932e-02
  7  0.00000 -1.00148e-01 |  8  0.00000 -1.21454e-01 |  9  0.00000 -1.46935e-01
 10  0.00021  3.66739e-02 | 11  0.00024  3.63414e-02 | 12  0.00026  3.49864e-02
 13  0.00029  3.23547e-02 | 14  0.00033  2.88424e-02 | 15  0.00037  2.58555e-02
 16  0.00041  2.54576e-02 | 17  0.00046  2.85610e-02 | 18  0.00051  3.35964e-02
 19  0.00121  4.78856e-02 | 20  0.00192  5.06201e-02 | 21  0.00064  4.89598e-02
 22  0.00078  3.74864e-02 | 23  0.00485  2.89257e-02 | 24  0.00265  3.63257e-02
 25  0.00781  1.71084e-02 | 26  0.00912 -4.76250e-02 | 27  0.01295  7.44676e-02
 28 -0.00222  5.59400e-02 | 29  0.01084 -9.97321e-02 | 30  0.00555  3.93382e-02
 31  0.00504  1.78097e-02 | 32  0.00539 -8.84516e-02 | 33  0.00534 -4.20233e-02
 34  0.00389 -1.01579e-01 | 35  0.00656 -4.65460e-02 | 36  0.00733 -3.13337e-02
 37 -0.00426 -3.71814e-02 | 38 -0.00887  3.09284e-02 | 39 -0.00052 -3.47881e-02
 40 -0.00007 -6.38444e-03 | 41  0.00109  1.61227e-02 | 42  0.01033  1.15970e-01
 43  0.01834  2.77847e-02 | 44  0.00207  4.61541e-02 | 45  0.00416 -9.94767e-03
 46  0.00918 -2.71727e-03 | 47  0.00231  1.77936e-02 | 48  0.02055 -4.22892e-02
 49  0.00789  5.01992e-02 | 50  0.00918 -4.00354e-02 | 51 -0.00305  1.36292e-01
 52 -0.01546 -3.26017e-02 | 53  0.00061  6.04871e-02 | 54 -0.00340  5.76483e-04
 55  0.00305  1.81641e-03 | 56  0.00718  2.08647e-02 | 57 -0.00807 -8.66892e-02
 58 -0.00687 -5.99407e-02 | 59 -0.00439  1.03380e-01 | 60 -0.00808 -4.93291e-02
 61 -0.00982 -1.78848e-01 | 62  0.00272 -1.23340e-02 | 63 -0.00717  1.73893e-02
 64 -0.00132  1.24731e-02 | 65  0.00853  1.67626e-02 | 66 -0.00810 -6.81182e-03
 67  0.00133  9.44290e-04 | 68  0.00489  4.81583e-03 | 69  0.02186 -1.58322e-03
 70  0.03071 -1.16091e-02 | 71 -0.01005 -2.37211e-02 | 72 -0.00699 -1.59888e-02
 73 -0.00892  2.22596e-03 | 74 -0.03888 -3.77178e-02 | 75 -0.02160 -4.22287e-02
 76 -0.01861 -2.21918e-02 | 77  0.00915 -2.86888e-02 | 78  0.01003 -7.03722e-02
 79  0.01001 -6.72960e-02 | 80 -0.01744 -7.24728e-03 | 81  0.01365 -7.39370e-02
 82  0.03198 -7.43344e-02 | 83 -0.02445 -3.61869e-02 | 84  0.00558 -2.46198e-02
 85 -0.02640  5.69469e-02 | 86 -0.04273  4.24810e-02 | 87 -0.00039 -6.96256e-02
 88  0.00551  3.73661e-02 | 89 -0.00062 -3.58481e-02 | 90  0.02266 -6.62727e-02
 91  0.00011 -3.89187e-02 | 92  0.03302 -4.72201e-02 | 93 -0.05938 -2.21633e-02
 94 -0.03317  4.86921e-02 | 95  0.00797  2.65385e-02 | 96 -0.01073 -1.28869e-02
 97  0.02889  5.11156e-03 | 98 -0.04517  6.45303e-02 | 99  0.02522  8.39140e-03
100  0.00491  7.86515e-02 |101 -0.00970  4.05263e-02 |102 -0.00289 -2.58697e-02
103 -0.00003  4.52558e-02 |104  0.00010  3.88408e-02 |105 -0.05664 -7.53692e-02
106 -0.42722  9.66791e-02 |107 -0.30338 -2.18113e-02 |108 -0.26681  3.43776e-02

Intermediate statistics: 108 variables; iteration 20; function evaluation 25; phase 4
Function value 5.8787225e+02; maximum gradient component mag -1.2620e+02
Var    Value     Gradient |Var    Value     Gradient |Var    Value     Gradient
  1 -0.42277 -3.24787e+01 |  2 -0.41915 -1.26196e+02 |  3 -0.41624 -6.62960e+01
  4  0.62102 -7.68806e+00 |  5  0.00085 -3.07197e-01 |  6  0.00004 -4.00002e-02
  7  0.00005 -4.86963e-02 |  8  0.00006 -5.92069e-02 |  9  0.00007 -7.18830e-02
 10  0.00018  4.07098e-01 | 11  0.00020  3.92593e-01 | 12  0.00022  3.75074e-01
 13  0.00025  3.54013e-01 | 14  0.00027  3.28906e-01 | 15  0.00030  2.99327e-01
 16  0.00034  2.64902e-01 | 17  0.00037  2.25244e-01 | 18  0.00040  1.79819e-01
 19  0.00107  1.25690e-01 | 20  0.00176  6.29753e-02 | 21  0.00045  7.24777e-03
 22  0.00056 -6.54619e-02 | 23  0.00457 -1.84422e-01 | 24  0.00236 -2.38201e-01
 25  0.00753 -3.51823e-01 | 26  0.00893 -3.62474e-01 | 27  0.01266 -3.55776e-01
 28 -0.00248 -2.11170e-01 | 29  0.01055 -4.48478e-01 | 30  0.00517 -4.47856e-01
 31  0.00471 -4.31922e-01 | 32  0.00516 -4.90675e-01 | 33  0.00515 -5.08059e-01
 34  0.00375 -5.15130e-01 | 35  0.00625 -6.48998e-01 | 36  0.00714 -6.03007e-01
 37 -0.00447 -3.69888e-01 | 38 -0.00916 -4.35264e-01 | 39 -0.00079 -6.20797e-01
 40 -0.00035 -6.01973e-01 | 41  0.00074 -6.75413e-01 | 42  0.00988 -1.01069e+00
 43  0.01805 -6.03757e-01 | 44  0.00179 -6.61542e-01 | 45  0.00389 -7.35727e-01
 46  0.00892 -8.57660e-01 | 47  0.00215 -4.98858e-01 | 48  0.02007 -8.28408e-01
 49  0.00743 -8.73982e-01 | 50  0.00923 -7.01306e-01 | 51 -0.00314 -3.13870e-01
 52 -0.01568 -2.89845e-01 | 53  0.00030 -4.93307e-01 | 54 -0.00359 -6.02684e-01
 55  0.00264 -8.51165e-01 | 56  0.00713 -6.52602e-01 | 57 -0.00827 -4.67749e-01
 58 -0.00707 -3.46413e-01 | 59 -0.00428 -6.37204e-01 | 60 -0.00803 -5.77392e-01
 61 -0.00981 -5.93178e-01 | 62  0.00255 -8.28781e-01 | 63 -0.00739 -5.13521e-01
 64 -0.00145 -9.50284e-01 | 65  0.00865 -1.11124e+00 | 66 -0.00792 -6.42836e-01
 67  0.00154 -7.21370e-01 | 68  0.00501 -2.06198e-01 | 69  0.02195 -1.07373e+00
 70  0.03130 -6.56230e-01 | 71 -0.00935  5.34074e-01 | 72 -0.00586  1.19290e+00
 73 -0.00817  1.84625e+00 | 74 -0.03850  1.85135e-01 | 75 -0.02140  2.03892e-01
 76 -0.01841  5.54510e-01 | 77  0.00932 -2.43317e-01 | 78  0.01026  3.41178e+00
 79  0.01018  1.72679e+00 | 80 -0.01748  6.31873e-01 | 81  0.01372  3.16701e-02
 82  0.03217  3.60431e+00 | 83 -0.02414  3.26861e+00 | 84  0.00584  4.38751e+00
 85 -0.02618  2.12167e+00 | 86 -0.04257  1.40708e+00 | 87 -0.00026  8.53479e-01
 88  0.00565  2.95797e+00 | 89 -0.00052  5.72915e-01 | 90  0.02290  5.17541e+00
 91  0.00030 -6.29474e-01 | 92  0.03351  8.34960e+00 | 93 -0.05897  1.58611e+00
 94 -0.03283  1.62252e+00 | 95  0.00826  3.58677e-01 | 96 -0.01051  1.30953e-01
 97  0.02941  4.55304e+00 | 98 -0.04481  1.05429e+00 | 99  0.02564 -1.36239e+00
100  0.00533  1.34548e+00 |101 -0.00907  1.27500e+00 |102 -0.00273  3.28800e-01
103 -0.00005  4.73185e-01 |104  0.00009  4.75409e-01 |105 -0.05609 -1.34438e+00
106 -0.42703  1.80578e-01 |107 -0.30075 -2.32116e+00 |108 -0.26597  2.75184e+00
108 variables; iteration 40; function evaluation 50; phase 4
Function value 5.8784324e+02; maximum gradient component mag -3.0358e+01
Var    Value     Gradient |Var    Value     Gradient |Var    Value     Gradient
  1 -0.42277 -1.84176e+00 |  2 -0.41867 -3.03578e+01 |  3 -0.41622 -1.24790e+01
  4  0.62046 -2.00823e+01 |  5  0.00072 -4.16332e-01 |  6  0.00003 -3.12805e-02
  7  0.00004 -3.81923e-02 |  8  0.00005 -4.65821e-02 |  9  0.00005 -5.67513e-02
 10  0.00020  5.27465e-01 | 11  0.00022  5.21019e-01 | 12  0.00024  5.13090e-01
 13  0.00026  5.03397e-01 | 14  0.00029  4.91785e-01 | 15  0.00032  4.78326e-01
 16  0.00035  4.63242e-01 | 17  0.00038  4.46657e-01 | 18  0.00041  4.28153e-01
 19  0.00109  4.08263e-01 | 20  0.00177  3.83452e-01 | 21  0.00046  3.63346e-01
 22  0.00057  3.39855e-01 | 23  0.00459  3.08824e-01 | 24  0.00238  3.01292e-01
 25  0.00754  2.25024e-01 | 26  0.00888  1.04545e-01 | 27  0.01267  1.95180e-01
 28 -0.00249  2.41286e-01 | 29  0.01054  1.45094e-01 | 30  0.00523  2.57456e-01
 31  0.00476  2.40161e-01 | 32  0.00513  9.96185e-02 | 33  0.00509  1.65743e-02
 34  0.00369 -2.43166e-03 | 35  0.00632  1.69209e-01 | 36  0.00717  8.97077e-02
 37 -0.00441  2.25862e-01 | 38 -0.00921  6.00463e-02 | 39 -0.00075  1.40666e-01
 40 -0.00030  1.36760e-01 | 41  0.00079  1.33768e-01 | 42  0.00990 -2.61553e-02
 43  0.01797 -2.02063e-01 | 44  0.00182  7.20217e-02 | 45  0.00395  6.54428e-02
 46  0.00904  1.14653e-01 | 47  0.00226  1.80899e-01 | 48  0.01980 -6.72498e-01
 49  0.00761  1.99901e-01 | 50  0.00907 -3.67449e-01 | 51 -0.00303  1.94829e-01
 52 -0.01591 -3.22555e-01 | 53  0.00029  3.17623e-03 | 54 -0.00356 -1.52315e-02
 55  0.00275  4.91016e-02 | 56  0.00711 -2.23711e-01 | 57 -0.00843 -3.16070e-01
 58 -0.00728 -4.75075e-01 | 59 -0.00406  1.38659e-01 | 60 -0.00784  1.16554e-01
 61 -0.00970  2.14166e-02 | 62  0.00250 -4.38647e-01 | 63 -0.00722  2.58204e-01
 64 -0.00142 -2.33995e-01 | 65  0.00890 -1.07960e-02 | 66 -0.00802 -5.54257e-01
 67  0.00109 -1.75320e+00 | 68  0.00472 -1.70099e+00 | 69  0.02197 -5.80142e-01
 70  0.03119 -1.18665e+00 | 71 -0.00929  1.84344e-01 | 72 -0.00599 -5.36837e-01
 73 -0.00824 -2.73934e-01 | 74 -0.03853  1.47003e-03 | 75 -0.02145 -6.95298e-01
 76 -0.01842 -1.74315e-01 | 77  0.00911 -6.12220e+00 | 78  0.01014 -1.50208e+00
 79  0.01024  1.97240e+00 | 80 -0.01748  8.09407e-02 | 81  0.01373  7.16405e-01
 82  0.03215 -3.45390e-01 | 83 -0.02420 -2.55014e-01 | 84  0.00578  1.76354e-01
 85 -0.02622  1.83786e-02 | 86 -0.04262 -3.82293e-01 | 87 -0.00031 -4.83001e-01
 88  0.00556 -4.98163e-01 | 89 -0.00047  5.62491e-01 | 90  0.02282  6.00553e-03
 91  0.00032  4.78454e-02 | 92  0.03338 -1.52474e+00 | 93 -0.05902  1.42906e-01
 94 -0.03276  7.54138e-01 | 95  0.00826  8.24784e-01 | 96 -0.01057 -4.09714e-01
 97  0.02937  5.39768e-01 | 98 -0.04457  2.16954e+00 | 99  0.02569  5.39955e-01
100  0.00539  7.60878e-01 |101 -0.00915  5.35817e-01 |102 -0.00256  7.71609e-01
103 -0.00003  5.53610e-01 |104  0.00011  5.58101e-01 |105 -0.05567 -9.41889e-01
106 -0.42679  1.76068e+00 |107 -0.30124 -3.08329e-01 |108 -0.26609  3.29685e-01
108 variables; iteration 60; function evaluation 82; phase 4
Function value 5.8784090e+02; maximum gradient component mag -2.3914e+00
Var    Value     Gradient |Var    Value     Gradient |Var    Value     Gradient
  1 -0.42281 -1.20481e-01 |  2 -0.41861 -2.39145e+00 |  3 -0.41626 -9.55759e-01
  4  0.62040 -1.57303e+00 |  5  0.00093 -3.64139e-02 |  6  0.00004 -2.34374e-03
  7  0.00005 -2.88155e-03 |  8  0.00006 -3.54256e-03 |  9  0.00008 -4.35477e-03
 10  0.00019  4.20996e-02 | 11  0.00021  4.16590e-02 | 12  0.00023  4.11128e-02
 13  0.00025  4.04398e-02 | 14  0.00028  3.96295e-02 | 15  0.00031  3.86941e-02
 16  0.00034  3.76609e-02 | 17  0.00038  3.65511e-02 | 18  0.00040  3.53279e-02
 19  0.00108  3.40788e-02 | 20  0.00176  3.23998e-02 | 21  0.00045  3.09569e-02
 22  0.00056  2.90955e-02 | 23  0.00457  2.57154e-02 | 24  0.00235  1.82040e-02
 25  0.00756  5.28326e-02 | 26  0.00893 -5.81380e-03 | 27  0.01266  2.66827e-02
 28 -0.00250  1.15745e-02 | 29  0.01055  1.23599e-02 | 30  0.00517  2.49214e-02
 31  0.00471  3.03888e-02 | 32  0.00517  1.79938e-02 | 33  0.00516 -2.78230e-03
 34  0.00379  3.13063e-02 | 35  0.00628  2.16073e-02 | 36  0.00718  3.33113e-02
 37 -0.00446  1.68137e-02 | 38 -0.00916  1.68824e-02 | 39 -0.00077  2.64606e-02
 40 -0.00032  2.28517e-02 | 41  0.00074  1.65555e-03 | 42  0.00990  2.44605e-03
 43  0.01804  2.66204e-02 | 44  0.00181  2.40050e-02 | 45  0.00393  1.89246e-02
 46  0.00897  2.37493e-02 | 47  0.00217  1.80709e-02 | 48  0.02000 -7.54354e-02
 49  0.00743  9.33077e-03 | 50  0.00925 -4.68997e-02 | 51 -0.00314 -1.69704e-02
 52 -0.01570  2.61353e-03 | 53  0.00024 -3.76427e-02 | 54 -0.00359 -2.20526e-02
 55  0.00262 -3.29868e-02 | 56  0.00712 -4.37986e-02 | 57 -0.00830 -7.72343e-04
 58 -0.00715 -6.13034e-02 | 59 -0.00421  3.15970e-02 | 60 -0.00799 -8.47863e-03
 61 -0.00978 -8.14837e-04 | 62  0.00253 -6.00942e-02 | 63 -0.00740  6.11517e-02
 64 -0.00143  8.32356e-03 | 65  0.00871  1.33540e-03 | 66 -0.00792 -7.04521e-02
 67  0.00150 -1.06577e-01 | 68  0.00497 -1.45391e-01 | 69  0.02192 -3.98709e-02
 70  0.03121 -1.04413e-01 | 71 -0.00940  3.66629e-03 | 72 -0.00593 -2.74848e-02
 73 -0.00824 -1.14259e-02 | 74 -0.03854 -5.53050e-02 | 75 -0.02139 -2.88958e-02
 76 -0.01842 -2.41275e-02 | 77  0.00930 -4.71606e-01 | 78  0.01016 -1.24797e-01
 79  0.01017  1.47725e-01 | 80 -0.01749  1.66629e-02 | 81  0.01369  5.27821e-02
 82  0.03213 -3.53013e-02 | 83 -0.02418 -1.73664e-02 | 84  0.00577  1.90969e-03
 85 -0.02621 -1.46702e-04 | 86 -0.04256 -5.19488e-02 | 87 -0.00029 -4.01955e-02
 88  0.00559 -4.81717e-02 | 89 -0.00049  3.72450e-02 | 90  0.02282 -4.01715e-03
 91  0.00033  6.67214e-03 | 92  0.03344 -1.28030e-01 | 93 -0.05898 -2.04562e-03
 94 -0.03278  4.74102e-02 | 95  0.00825  6.38452e-02 | 96 -0.01051 -2.96317e-02
 97  0.02937  3.71392e-02 | 98 -0.04479  1.64501e-01 | 99  0.02569  4.08928e-02
100  0.00538  7.37785e-02 |101 -0.00915  4.70300e-02 |102 -0.00270  3.07049e-02
103 -0.00004  4.36772e-02 |104  0.00009  4.41835e-02 |105 -0.05607 -7.66129e-02
106 -0.42699  1.42007e-01 |107 -0.30110 -1.95645e-02 |108 -0.26600  1.82368e-02

 - final statistics:
108 variables; iteration 71; function evaluation 99
Function value 5.8784e+02; maximum gradient component mag -7.1140e-01
Exit code = 1;  converg criter 1.0000e+00
Var    Value     Gradient |Var    Value     Gradient |Var    Value     Gradient
  1 -0.42281 -3.59965e-02 |  2 -0.41861 -7.11395e-01 |  3 -0.41626 -2.84700e-01
  4  0.62039 -4.70809e-01 |  5  0.00095 -1.34356e-02 |  6  0.00004 -9.09661e-04
  7  0.00005 -1.11951e-03 |  8  0.00006 -1.37715e-03 |  9  0.00008 -1.69276e-03
 10  0.00019  1.23231e-02 | 11  0.00021  1.21325e-02 | 12  0.00023  1.18989e-02
 13  0.00025  1.16148e-02 | 14  0.00028  1.12775e-02 | 15  0.00031  1.08936e-02
 16  0.00034  1.04744e-02 | 17  0.00037  1.00292e-02 | 18  0.00040  9.54469e-03
 19  0.00107  9.03808e-03 | 20  0.00176  8.37619e-03 | 21  0.00045  7.77244e-03
 22  0.00056  6.90534e-03 | 23  0.00456  5.21969e-03 | 24  0.00235  5.80632e-03
 25  0.00754  1.07545e-02 | 26  0.00894 -8.87072e-04 | 27  0.01266  6.81101e-03
 28 -0.00250  5.65871e-04 | 29  0.01055  3.97452e-03 | 30  0.00517  6.37872e-03
 31  0.00471  1.05469e-02 | 32  0.00517  4.46517e-03 | 33  0.00517 -4.61189e-03
 34  0.00378  1.36239e-02 | 35  0.00628  1.23085e-02 | 36  0.00718  1.74667e-02
 37 -0.00446  1.41090e-03 | 38 -0.00916  3.82830e-03 | 39 -0.00078  1.29134e-03
 40 -0.00033  4.15700e-03 | 41  0.00075  5.03597e-03 | 42  0.00990  8.83339e-03
 43  0.01802  5.03241e-03 | 44  0.00180  8.67354e-03 | 45  0.00392  6.29010e-03
 46  0.00896  3.92062e-03 | 47  0.00217  4.88690e-04 | 48  0.02002 -1.74657e-02
 49  0.00742  8.37083e-04 | 50  0.00927 -1.44770e-02 | 51 -0.00313 -4.18386e-03
 52 -0.01570 -2.40583e-03 | 53  0.00025 -1.52716e-02 | 54 -0.00358 -1.08603e-02
 55  0.00263 -1.23223e-02 | 56  0.00714 -7.50652e-03 | 57 -0.00829  1.82672e-02
 58 -0.00714 -3.22911e-02 | 59 -0.00423  4.09267e-03 | 60 -0.00799  8.01077e-03
 61 -0.00979 -1.75656e-03 | 62  0.00254 -6.85399e-03 | 63 -0.00742  2.12234e-02
 64 -0.00144 -4.27510e-03 | 65  0.00870 -4.85808e-03 | 66 -0.00790 -1.90558e-02
 67  0.00151 -3.15373e-02 | 68  0.00498 -4.25453e-02 | 69  0.02191 -1.24177e-02
 70  0.03122 -3.13622e-02 | 71 -0.00941  6.18741e-04 | 72 -0.00593 -8.35257e-03
 73 -0.00824 -3.72250e-03 | 74 -0.03853 -1.58205e-02 | 75 -0.02139 -8.55958e-03
 76 -0.01841 -7.16235e-03 | 77  0.00931 -1.36436e-01 | 78  0.01016 -3.65490e-02
 79  0.01016  4.21053e-02 | 80 -0.01749  4.67651e-03 | 81  0.01369  1.48260e-02
 82  0.03213 -1.08860e-02 | 83 -0.02418 -4.92259e-03 | 84  0.00576  3.41574e-04
 85 -0.02621  8.24048e-05 | 86 -0.04256 -1.47390e-02 | 87 -0.00029 -1.15617e-02
 88  0.00559 -1.39314e-02 | 89 -0.00049  1.08369e-02 | 90  0.02282 -1.24015e-03
 91  0.00033  2.12148e-03 | 92  0.03345 -3.69007e-02 | 93 -0.05898 -1.18812e-04
 94 -0.03279  1.41149e-02 | 95  0.00825  1.87928e-02 | 96 -0.01050 -8.08945e-03
 97  0.02938  1.11407e-02 | 98 -0.04480  4.80128e-02 | 99  0.02569  1.24116e-02
100  0.00537  2.19732e-02 |101 -0.00915  1.42335e-02 |102 -0.00269  1.45428e-02
103 -0.00004  1.31342e-02 |104  0.00009  1.32352e-02 |105 -0.05609 -2.24641e-02
106 -0.42701  4.28249e-02 |107 -0.30109 -5.80757e-03 |108 -0.26600  5.36642e-03

Initial statistics: 111 variables; iteration 0; function evaluation 0; phase 5
Function value 5.8784088e+02; maximum gradient component mag -1.1450e+02
Var    Value     Gradient |Var    Value     Gradient |Var    Value     Gradient
  1 -0.42281 -3.59965e-02 |  2 -0.41861 -7.11395e-01 |  3 -0.41626 -2.84700e-01
  4 -0.41222  3.61810e+01 |  5 -0.41222  3.05467e+01 |  6  0.62039 -4.70809e-01
  7  0.00095 -1.34356e-02 |  8  0.00004 -9.09661e-04 |  9  0.00005 -1.11951e-03
 10  0.00006 -1.37715e-03 | 11  0.00008 -1.69276e-03 | 12  0.00019  1.23987e-02
 13  0.00021  1.22081e-02 | 14  0.00023  1.19745e-02 | 15  0.00025  1.16904e-02
 16  0.00028  1.13531e-02 | 17  0.00031  1.09691e-02 | 18  0.00034  1.05500e-02
 19  0.00037  1.01047e-02 | 20  0.00040  9.62024e-03 | 21  0.00107  9.11363e-03
 22  0.00176  8.45173e-03 | 23  0.00045  7.84798e-03 | 24  0.00056  6.98088e-03
 25  0.00456  5.29523e-03 | 26  0.00235  5.88186e-03 | 27  0.00754  1.08300e-02
 28  0.00894 -8.11535e-04 | 29  0.01266  6.88654e-03 | 30 -0.00250  6.41415e-04
 31  0.01055  4.05005e-03 | 32  0.00517  6.45426e-03 | 33  0.00471  1.06224e-02
 34  0.00517  4.54071e-03 | 35  0.00517 -4.53635e-03 | 36  0.00378  1.36994e-02
 37  0.00628  1.23841e-02 | 38  0.00718  1.75423e-02 | 39 -0.00446  1.48644e-03
 40 -0.00916  3.90383e-03 | 41 -0.00078  1.36689e-03 | 42 -0.00033  4.23254e-03
 43  0.00075  5.11151e-03 | 44  0.00990  8.90893e-03 | 45  0.01802  5.10793e-03
 46  0.00180  8.74908e-03 | 47  0.00392  6.36564e-03 | 48  0.00896  3.99616e-03
 49  0.00217  5.64234e-04 | 50  0.02002 -1.73902e-02 | 51  0.00742  9.12622e-04
 52  0.00927 -1.44014e-02 | 53 -0.00313 -4.10831e-03 | 54 -0.01570 -2.33031e-03
 55  0.00025 -1.51960e-02 | 56 -0.00358 -1.07848e-02 | 57  0.00263 -1.22468e-02
 58  0.00714 -7.43098e-03 | 59 -0.00829  1.83428e-02 | 60 -0.00714 -3.22156e-02
 61 -0.00423  4.16821e-03 | 62 -0.00799  8.08630e-03 | 63 -0.00979 -1.68103e-03
 64  0.00254 -6.77845e-03 | 65 -0.00742  2.12989e-02 | 66 -0.00144 -4.19956e-03
 67  0.00870 -4.78255e-03 | 68 -0.00790 -1.89802e-02 | 69  0.00151 -3.14618e-02
 70  0.00498 -4.24698e-02 | 71  0.02191 -1.23422e-02 | 72  0.03122 -3.12867e-02
 73 -0.00941  6.94277e-04 | 74 -0.00593 -8.27703e-03 | 75 -0.00824 -3.64697e-03
 76 -0.03853 -1.57451e-02 | 77 -0.02139 -8.48408e-03 | 78 -0.01841 -7.08684e-03
 79  0.00931 -1.36361e-01 | 80  0.01016 -3.64735e-02 | 81  0.01016  4.21808e-02
 82 -0.01749  4.75202e-03 | 83  0.01369  1.49016e-02 | 84  0.03213 -1.08106e-02
 85 -0.02418 -4.84710e-03 | 86  0.00576  4.17116e-04 | 87 -0.02621  1.57885e-04
 88 -0.04256 -1.46636e-02 | 89 -0.00029 -1.14862e-02 | 90  0.00559 -1.38558e-02
 91 -0.00049  1.09125e-02 | 92  0.02282 -1.16465e-03 | 93  0.00033  2.19702e-03
 94  0.03345 -3.68253e-02 | 95 -0.05898 -4.35913e-05 | 96 -0.03279  1.41904e-02
 97  0.00825  1.88683e-02 | 98 -0.01050 -8.01392e-03 | 99  0.02938  1.12162e-02
100 -0.04480  4.80882e-02 |101  0.02569  1.24871e-02 |102  0.00537  2.20487e-02
103 -0.00915  1.43091e-02 |104 -0.00269  1.46184e-02 |105 -0.00004  1.32098e-02
106  0.00009  1.33107e-02 |107  0.00000 -1.14497e+02 |108 -0.05609 -2.24641e-02
109 -0.42701  4.28249e-02 |110 -0.30109 -5.80757e-03 |111 -0.26600  5.36642e-03

Intermediate statistics: 111 variables; iteration 20; function evaluation 24; phase 5
Function value 5.8738846e+02; maximum gradient component mag 1.7175e+02
Var    Value     Gradient |Var    Value     Gradient |Var    Value     Gradient
  1 -0.42338  1.52435e+01 |  2 -0.41548  1.71754e+02 |  3 -0.42015  7.43388e+01
  4 -0.40256  3.66552e+01 |  5 -0.44882  1.62264e+01 |  6  0.61873  1.69514e+02
  7  0.00094  5.29963e-01 |  8  0.00004  1.17907e-01 |  9  0.00005  1.43652e-01
 10  0.00006  1.74859e-01 | 11  0.00007  2.12621e-01 | 12  0.00018 -2.45797e+00
 13  0.00020 -2.40262e+00 | 14  0.00022 -2.33613e+00 | 15  0.00025 -2.25656e+00
 16  0.00027 -2.16180e+00 | 17  0.00030 -2.04961e+00 | 18  0.00033 -1.91776e+00
 19  0.00036 -1.76455e+00 | 20  0.00038 -1.58923e+00 | 21  0.00104 -1.37911e+00
 22  0.00169 -1.14663e+00 | 23  0.00034 -9.53628e-01 | 24  0.00039 -7.17230e-01
 25  0.00439 -3.19495e-01 | 26  0.00231 -1.14006e-01 | 27  0.00757  3.68533e-01
 28  0.00916  6.29713e-01 | 29  0.01276  7.98936e-01 | 30 -0.00249  1.83436e-01
 31  0.01046  8.50149e-01 | 32  0.00509  8.46081e-01 | 33  0.00473  8.16175e-01
 34  0.00537  1.10669e+00 | 35  0.00537  1.30770e+00 | 36  0.00357  1.29561e+00
 37  0.00608  1.59672e+00 | 38  0.00754  1.92465e+00 | 39 -0.00455  1.26739e+00
 40 -0.00916  1.03671e+00 | 41 -0.00060  1.74468e+00 | 42 -0.00020  1.86248e+00
 43  0.00076  2.02773e+00 | 44  0.01002  2.93281e+00 | 45  0.01816  3.40314e+00
 46  0.00174  2.34127e+00 | 47  0.00345  2.32842e+00 | 48  0.00851  2.77445e+00
 49  0.00146  2.40076e+00 | 50  0.01932  3.79985e+00 | 51  0.00747  3.05063e+00
 52  0.01031  3.73335e+00 | 53 -0.00317  2.64673e+00 | 54 -0.01574  1.71232e+00
 55  0.00006  3.02408e+00 | 56 -0.00392  3.16152e+00 | 57  0.00237  3.78697e+00
 58  0.00769  4.71078e+00 | 59 -0.00827  3.29067e+00 | 60 -0.00676  3.56533e+00
 61 -0.00370  4.50311e+00 | 62 -0.00808  4.19415e+00 | 63 -0.00967  4.15344e+00
 64  0.00246  5.66827e+00 | 65 -0.00747  4.82199e+00 | 66 -0.00115  5.76145e+00
 67  0.00961  7.59520e+00 | 68 -0.00741  5.42144e+00 | 69  0.00215  6.53423e+00
 70  0.00505  8.02100e+00 | 71  0.02204  1.22323e+01 | 72  0.03147  1.43759e+01
 73 -0.00882  6.65878e+00 | 74 -0.00546  7.80678e+00 | 75 -0.00817  9.95233e+00
 76 -0.03872  3.26900e+00 | 77 -0.02157  4.68808e-01 | 78 -0.01826  3.41096e+00
 79  0.00909  2.40838e+00 | 80  0.01042  1.36771e+01 | 81  0.00998  2.38786e+00
 82 -0.01735  3.06897e+00 | 83  0.01354 -5.03720e+00 | 84  0.03097 -2.75562e+01
 85 -0.02376 -4.74534e-01 | 86  0.00596  2.68565e+00 | 87 -0.02577  2.75147e+00
 88 -0.04230 -1.72486e+00 | 89  0.00013  9.40959e+00 | 90  0.00584  7.22843e+00
 91 -0.00003  4.97894e+00 | 92  0.02203 -1.33337e+01 | 93  0.00115  1.54480e+01
 94  0.03302 -9.90816e+00 | 95 -0.05872 -3.82442e+00 | 96 -0.03273 -4.56910e+00
 97  0.00892  2.06064e+01 | 98 -0.01107 -8.63625e+00 | 99  0.03002  1.64357e+01
100 -0.04527 -5.00620e+00 |101  0.02648  1.90039e+01 |102  0.00476 -3.76209e+00
103 -0.01085 -2.20591e+01 |104 -0.00250 -1.73037e+00 |105 -0.00003 -2.69878e+00
106  0.00010 -2.71796e+00 |107  0.00077  6.23414e+01 |108 -0.05478  6.52906e+00
109 -0.42609 -6.82233e+00 |110 -0.29666 -9.79149e+00 |111 -0.26420  2.13474e+01
111 variables; iteration 40; function evaluation 45; phase 5
Function value 5.8707416e+02; maximum gradient component mag -1.6196e+02
Var    Value     Gradient |Var    Value     Gradient |Var    Value     Gradient
  1 -0.42246 -1.17076e+01 |  2 -0.41332 -1.61959e+02 |  3 -0.42328 -7.41663e+01
  4 -0.40698  1.76157e+00 |  5 -0.46266 -4.33625e-01 |  6  0.61758 -1.29082e+02
  7  0.00098 -4.39527e-01 |  8  0.00005 -9.62366e-02 |  9  0.00006 -1.17245e-01
 10  0.00007 -1.42705e-01 | 11  0.00009 -1.73508e-01 | 12  0.00022  3.45803e+00
 13  0.00024  3.41304e+00 | 14  0.00026  3.35904e+00 | 15  0.00029  3.29446e+00
 16  0.00032  3.21759e+00 | 17  0.00036  3.12664e+00 | 18  0.00039  3.01985e+00
 19  0.00043  2.89567e+00 | 20  0.00046  2.75310e+00 | 21  0.00112  2.58104e+00
 22  0.00179  2.38795e+00 | 23  0.00043  2.22329e+00 | 24  0.00048  2.02270e+00
 25  0.00449  1.70609e+00 | 26  0.00244  1.58174e+00 | 27  0.00770  1.23420e+00
 28  0.00941  1.09652e+00 | 29  0.01304  8.85631e-01 | 30 -0.00286  1.10906e+00
 31  0.01060  6.84315e-01 | 32  0.00518  7.88483e-01 | 33  0.00483  8.52340e-01
 34  0.00554  6.86887e-01 | 35  0.00554  5.35569e-01 | 36  0.00356  4.86585e-01
 37  0.00613  3.06401e-01 | 38  0.00790  1.39464e-01 | 39 -0.00473  4.12526e-01
 40 -0.00909  8.04037e-01 | 41 -0.00043  3.08591e-01 | 42 -0.00010  1.87411e-01
 43  0.00076  7.43564e-02 | 44  0.00984 -7.16144e-01 | 45  0.01847 -1.37672e+00
 46  0.00163 -2.14692e-01 | 47  0.00342 -1.64404e-01 | 48  0.00854 -5.11196e-01
 49  0.00088 -3.70547e-01 | 50  0.01906 -1.76685e+00 | 51  0.00774 -3.46938e-01
 52  0.01080 -7.51352e-01 | 53 -0.00344 -1.80399e-01 | 54 -0.01551  9.35278e-01
 55  0.00000 -6.72659e-01 | 56 -0.00430 -4.86042e-01 | 57  0.00220 -8.62151e-01
 58  0.00795 -1.28363e+00 | 59 -0.00820  4.75880e-02 | 60 -0.00655 -3.43449e-01
 61 -0.00372 -9.00503e-01 | 62 -0.00845 -6.95014e-01 | 63 -0.00965 -4.13458e-01
 64  0.00210 -2.28596e+00 | 65 -0.00778 -9.12356e-01 | 66 -0.00186 -3.01180e+00
 67  0.00902 -4.32323e+00 | 68 -0.00734 -7.64604e-01 | 69  0.00310  2.62916e-01
 70  0.00551  2.24808e+00 | 71  0.02158 -3.58002e+00 | 72  0.03092 -8.22863e+00
 73 -0.00939 -4.83056e+00 | 74 -0.00563 -4.24456e+00 | 75 -0.00864 -6.16891e-02
 76 -0.03857  2.88920e+00 | 77 -0.02126 -8.69468e-01 | 78 -0.01854 -5.91706e+00
 79  0.00895 -3.45337e+00 | 80  0.00996 -3.13247e+00 | 81  0.00982 -2.78103e+00
 82 -0.01770 -4.84860e+00 | 83  0.01355 -5.37534e+00 | 84  0.03197 -9.54834e+00
 85 -0.02298  9.81553e+00 | 86  0.00592 -1.26852e+00 | 87 -0.02631 -6.17186e+00
 88 -0.04207 -4.42057e-01 | 89 -0.00028  2.39689e+00 | 90  0.00526 -3.44174e+00
 91 -0.00020  3.58914e+00 | 92  0.02233 -5.63105e+00 | 93  0.00025 -5.92883e-01
 94  0.03340 -1.50851e+00 | 95 -0.05801  7.36508e+00 | 96 -0.03269 -7.33494e-01
 97  0.00776  5.90533e+00 | 98 -0.01013  5.93680e+00 | 99  0.02911  6.63556e+00
100 -0.04557 -1.41329e+00 |101  0.02527  7.28719e+00 |102  0.00518  1.03846e+01
103 -0.01017 -1.97258e+00 |104 -0.00293  3.73355e+00 |105 -0.00003  3.66283e+00
106  0.00012  3.66962e+00 |107  0.00134 -6.91892e+01 |108 -0.05563 -8.15070e+00
109 -0.42684  1.06275e+01 |110 -0.29441 -2.95253e+00 |111 -0.26452  3.59338e+00
111 variables; iteration 60; function evaluation 75; phase 5
Function value 5.8704578e+02; maximum gradient component mag -3.5464e+01
Var    Value     Gradient |Var    Value     Gradient |Var    Value     Gradient
  1 -0.42241 -2.50972e+00 |  2 -0.41311 -3.54639e+01 |  3 -0.42357 -1.60701e+01
  4 -0.40727  1.48881e-01 |  5 -0.46475 -2.71131e-01 |  6  0.61752 -2.85509e+01
  7  0.00098 -8.37235e-02 |  8  0.00005 -1.93994e-02 |  9  0.00006 -2.36457e-02
 10  0.00007 -2.88007e-02 | 11  0.00009 -3.50508e-02 | 12  0.00022  7.59195e-01
 13  0.00024  7.49879e-01 | 14  0.00026  7.38647e-01 | 15  0.00029  7.25148e-01
 16  0.00032  7.08990e-01 | 17  0.00035  6.89751e-01 | 18  0.00039  6.67064e-01
 19  0.00042  6.40536e-01 | 20  0.00045  6.10080e-01 | 21  0.00112  5.73563e-01
 22  0.00178  5.33175e-01 | 23  0.00042  4.99362e-01 | 24  0.00046  4.57801e-01
 25  0.00447  3.91200e-01 | 26  0.00243  3.58383e-01 | 27  0.00764  2.24183e-01
 28  0.00938  2.41190e-01 | 29  0.01302  2.13127e-01 | 30 -0.00264  3.65419e-01
 31  0.01069  2.28730e-01 | 32  0.00520  2.10303e-01 | 33  0.00485  2.08716e-01
 34  0.00557  1.81669e-01 | 35  0.00557  1.39562e-01 | 36  0.00353  7.59262e-02
 37  0.00608  4.52993e-02 | 38  0.00790  4.83661e-02 | 39 -0.00460  1.68070e-01
 40 -0.00909  2.15107e-01 | 41 -0.00044  5.71845e-02 | 42 -0.00011  1.90913e-02
 43  0.00078  3.53210e-02 | 44  0.00995 -1.23329e-01 | 45  0.01856 -3.42136e-01
 46  0.00165 -1.16200e-01 | 47  0.00335 -7.53902e-02 | 48  0.00864  7.62151e-02
 49  0.00093 -1.42931e-01 | 50  0.01923 -3.52670e-01 | 51  0.00755 -2.37412e-01
 52  0.01074 -2.70933e-01 | 53 -0.00336 -4.63795e-03 | 54 -0.01577 -6.30891e-03
 55  0.00009 -1.46252e-01 | 56 -0.00424 -1.08033e-01 | 57  0.00217 -2.21790e-01
 58  0.00790 -3.45862e-01 | 59 -0.00837 -2.92331e-02 | 60 -0.00657 -1.89538e-02
 61 -0.00370 -2.13692e-01 | 62 -0.00848 -1.33920e-01 | 63 -0.00975  7.36418e-03
 64  0.00212 -7.94395e-01 | 65 -0.00803 -5.56155e-01 | 66 -0.00132 -5.33824e-01
 67  0.00962 -8.86005e-01 | 68 -0.00765 -4.21047e-01 | 69  0.00248 -3.23262e-01
 70  0.00447 -1.15785e-01 | 71  0.02137 -8.58880e-01 | 72  0.03122 -1.54811e+00
 73 -0.00872 -4.48276e-01 | 74 -0.00538 -1.05973e+00 | 75 -0.00892 -3.12886e-01
 76 -0.03899  2.97930e-01 | 77 -0.02128 -2.85829e-01 | 78 -0.01824 -7.43072e-01
 79  0.00894 -7.31928e-01 | 80  0.00991 -9.05900e-01 | 81  0.00979 -6.10687e-01
 82 -0.01748 -1.06970e+00 | 83  0.01360 -9.53299e-01 | 84  0.03208 -1.83437e+00
 85 -0.02347  1.29121e+00 | 86  0.00589 -2.48098e-01 | 87 -0.02596 -7.03169e-01
 88 -0.04194  3.82914e-02 | 89 -0.00040 -6.42989e-02 | 90  0.00536 -5.44029e-01
 91 -0.00033  5.52516e-01 | 92  0.02247 -8.40135e-01 | 93  0.00031 -9.13288e-02
 94  0.03339 -2.75578e-01 | 95 -0.05839  1.15484e+00 | 96 -0.03241  7.69498e-02
 97  0.00761  9.56515e-01 | 98 -0.01038  8.70055e-01 | 99  0.02894  1.05035e+00
100 -0.04495  3.35813e-01 |101  0.02512  1.26794e+00 |102  0.00462  1.55551e+00
103 -0.00980  1.39134e-01 |104 -0.00293  8.81945e-01 |105 -0.00003  7.90802e-01
106  0.00011  8.02493e-01 |107  0.00137 -1.55778e+01 |108 -0.05583 -1.77803e+00
109 -0.42700  2.30222e+00 |110 -0.29380 -5.66986e-01 |111 -0.26435  5.90731e-01
111 variables; iteration 80; function evaluation 112; phase 5
Function value 5.8704513e+02; maximum gradient component mag -8.7024e-01
Var    Value     Gradient |Var    Value     Gradient |Var    Value     Gradient
  1 -0.42242 -6.28153e-02 |  2 -0.41308 -8.70243e-01 |  3 -0.42360 -3.89907e-01
  4 -0.40736 -4.95469e-04 |  5 -0.46498 -9.53948e-03 |  6  0.61751 -6.94983e-01
  7  0.00097 -1.65367e-03 |  8  0.00005 -3.57218e-04 |  9  0.00006 -4.36538e-04
 10  0.00007 -5.33362e-04 | 11  0.00008 -6.51430e-04 | 12  0.00020  1.70800e-02
 13  0.00022  1.68089e-02 | 14  0.00025  1.64892e-02 | 15  0.00027  1.61163e-02
 16  0.00030  1.56877e-02 | 17  0.00034  1.52046e-02 | 18  0.00037  1.46695e-02
 19  0.00041  1.40936e-02 | 20  0.00044  1.34760e-02 | 21  0.00110  1.27387e-02
 22  0.00176  1.18250e-02 | 23  0.00040  1.07635e-02 | 24  0.00045  8.64106e-03
 25  0.00445  4.05286e-03 | 26  0.00242  9.00699e-03 | 27  0.00767  5.69274e-03
 28  0.00937  6.07725e-03 | 29  0.01300  2.46157e-03 | 30 -0.00267  8.71433e-03
 31  0.01066  7.36521e-03 | 32  0.00519  7.82282e-03 | 33  0.00485  8.88997e-03
 34  0.00555  7.38404e-03 | 35  0.00557  6.29915e-03 | 36  0.00356  1.47197e-03
 37  0.00609  1.83937e-03 | 38  0.00789  3.98071e-03 | 39 -0.00462  4.27762e-03
 40 -0.00912  7.76307e-03 | 41 -0.00044 -5.33155e-04 | 42 -0.00010 -1.14311e-03
 43  0.00077  2.27716e-03 | 44  0.00996 -3.09275e-03 | 45  0.01861 -4.18719e-03
 46  0.00171 -5.64718e-03 | 47  0.00337  1.77701e-03 | 48  0.00851  4.43622e-04
 49  0.00100 -8.90478e-04 | 50  0.01924 -1.05921e-02 | 51  0.00761 -5.27659e-03
 52  0.01079 -4.93016e-03 | 53 -0.00338  6.17311e-03 | 54 -0.01572  2.29210e-03
 55  0.00010 -5.19398e-03 | 56 -0.00424 -7.73262e-03 | 57  0.00216 -1.03552e-02
 58  0.00791 -9.81984e-03 | 59 -0.00841  1.68743e-03 | 60 -0.00663  3.41169e-04
 61 -0.00370 -6.55453e-03 | 62 -0.00851 -9.12095e-03 | 63 -0.00985 -9.95661e-04
 64  0.00227 -1.50173e-02 | 65 -0.00793 -1.37391e-02 | 66 -0.00127 -1.44340e-02
 67  0.00971 -1.66835e-02 | 68 -0.00761 -7.26315e-03 | 69  0.00242 -1.04779e-02
 70  0.00436 -8.54550e-03 | 71  0.02133 -2.33497e-02 | 72  0.03124 -3.64827e-02
 73 -0.00872 -1.08021e-02 | 74 -0.00528 -2.26887e-02 | 75 -0.00896 -9.85332e-03
 76 -0.03905  4.29372e-03 | 77 -0.02128 -8.11623e-03 | 78 -0.01821 -1.28947e-02
 79  0.00894 -2.00817e-02 | 80  0.00991 -2.22509e-02 | 81  0.00978 -1.78288e-02
 82 -0.01742 -1.84751e-02 | 83  0.01361 -2.25078e-02 | 84  0.03210 -3.78042e-02
 85 -0.02353  1.70937e-02 | 86  0.00588 -8.11625e-03 | 87 -0.02591 -9.47103e-03
 88 -0.04192  4.41949e-03 | 89 -0.00040 -4.03204e-03 | 90  0.00538 -9.77115e-03
 91 -0.00034  6.30765e-03 | 92  0.02249 -1.51597e-02 | 93  0.00033 -2.03017e-03
 94  0.03339 -6.60287e-03 | 95 -0.05844  2.21196e-02 | 96 -0.03237  5.49021e-03
 97  0.00760  1.63180e-02 | 98 -0.01040  1.76006e-02 | 99  0.02892  1.85906e-02
100 -0.04490  1.23599e-02 |101  0.02511  2.41386e-02 |102  0.00455  3.04093e-02
103 -0.00973  1.04132e-02 |104 -0.00298  1.99519e-02 |105 -0.00004  1.74031e-02
106  0.00010  1.83855e-02 |107  0.00138 -4.30708e-01 |108 -0.05587 -4.21959e-02
109 -0.42703  5.48640e-02 |110 -0.29353 -1.40138e-02 |111 -0.26425  1.19184e-02
111 variables; iteration 100; function evaluation 151; phase 5
Function value 5.8704513e+02; maximum gradient component mag -5.4810e-03
Var    Value     Gradient |Var    Value     Gradient |Var    Value     Gradient
  1 -0.42242 -3.97696e-04 |  2 -0.41308 -5.48096e-03 |  3 -0.42360 -2.42685e-03
  4 -0.40736 -1.81280e-05 |  5 -0.46498 -7.16021e-05 |  6  0.61751 -4.34770e-03
  7  0.00097  6.03872e-06 |  8  0.00005  1.13599e-06 |  9  0.00006  1.44237e-06
 10  0.00007  1.83965e-06 | 11  0.00008  2.35673e-06 | 12  0.00020  8.80837e-05
 13  0.00022  8.66569e-05 | 14  0.00025  8.50263e-05 | 15  0.00027  8.32606e-05
 16  0.00030  8.15400e-05 | 17  0.00034  8.02160e-05 | 18  0.00037  7.97507e-05
 19  0.00041  8.09587e-05 | 20  0.00044  8.42495e-05 | 21  0.00110  8.91214e-05
 22  0.00176  9.25202e-05 | 23  0.00040  8.67530e-05 | 24  0.00045  5.16945e-05
 25  0.00445  1.07206e-05 | 26  0.00242  1.13108e-04 | 27  0.00767  8.52257e-05
 28  0.00937  5.02640e-05 | 29  0.01300  2.99326e-05 | 30 -0.00267  5.86260e-05
 31  0.01066  4.58611e-05 | 32  0.00518  2.62215e-05 | 33  0.00484 -1.13703e-06
 34  0.00555  9.87420e-05 | 35  0.00556 -1.24115e-05 | 36  0.00356 -3.83380e-05
 37  0.00609  2.21073e-06 | 38  0.00789  3.02063e-06 | 39 -0.00462  6.89586e-05
 40 -0.00912  9.94310e-05 | 41 -0.00044  1.07045e-05 | 42 -0.00010  1.49135e-05
 43  0.00077 -2.36218e-06 | 44  0.00996 -1.57782e-05 | 45  0.01861 -3.08020e-05
 46  0.00171 -2.59651e-05 | 47  0.00337  3.12539e-05 | 48  0.00851  1.84231e-05
 49  0.00100  1.75262e-06 | 50  0.01924 -4.88700e-05 | 51  0.00761 -3.83029e-05
 52  0.01079 -1.63698e-05 | 53 -0.00338  1.29669e-05 | 54 -0.01572  3.40537e-05
 55  0.00010 -2.09563e-05 | 56 -0.00424 -8.02621e-05 | 57  0.00216 -7.62792e-05
 58  0.00791 -8.22921e-05 | 59 -0.00841  1.53756e-06 | 60 -0.00663 -1.64367e-05
 61 -0.00370 -8.59860e-06 | 62 -0.00851 -3.87371e-05 | 63 -0.00986 -8.19873e-06
 64  0.00228 -8.47328e-05 | 65 -0.00793 -8.11987e-05 | 66 -0.00127 -3.43795e-05
 67  0.00971 -1.40863e-04 | 68 -0.00761 -2.38621e-05 | 69  0.00242 -6.62514e-05
 70  0.00436 -6.07655e-05 | 71  0.02133 -1.57036e-04 | 72  0.03124 -2.32350e-04
 73 -0.00873 -6.93321e-05 | 74 -0.00528 -1.31900e-04 | 75 -0.00896 -7.03637e-05
 76 -0.03905  1.27388e-05 | 77 -0.02128 -5.04176e-05 | 78 -0.01821 -7.35872e-05
 79  0.00894 -1.34533e-04 | 80  0.00991 -1.43700e-04 | 81  0.00978 -1.22783e-04
 82 -0.01742 -9.90865e-05 | 83  0.01361 -1.43157e-04 | 84  0.03210 -2.19681e-04
 85 -0.02354  7.03176e-05 | 86  0.00588 -5.93472e-05 | 87 -0.02591 -4.40480e-05
 88 -0.04192  3.52262e-05 | 89 -0.00040 -3.82586e-05 | 90  0.00538 -5.72135e-05
 91 -0.00034  2.02739e-05 | 92  0.02249 -8.35342e-05 | 93  0.00033 -1.85036e-05
 94  0.03339 -4.25466e-05 | 95 -0.05844  1.24351e-04 | 96 -0.03237  4.67966e-05
 97  0.00760  7.75522e-05 | 98 -0.01040  1.03157e-04 | 99  0.02892  9.20720e-05
100 -0.04490  8.40312e-05 |101  0.02511  1.25687e-04 |102  0.00455  1.74535e-04
103 -0.00973  7.39940e-05 |104 -0.00298  1.14321e-04 |105 -0.00003  9.53582e-05
106  0.00010  9.46263e-05 |107  0.00138 -2.96598e-03 |108 -0.05587 -2.60609e-04
109 -0.42703  3.37285e-04 |110 -0.29352 -9.39529e-05 |111 -0.26424  7.32672e-05

Initial statistics: 112 variables; iteration 0; function evaluation 0; phase 6
Function value 5.8704513e+02; maximum gradient component mag -5.4810e-03
Var    Value     Gradient |Var    Value     Gradient |Var    Value     Gradient
  1 -0.42242 -3.97696e-04 |  2 -0.41308 -5.48096e-03 |  3 -0.42360 -2.42685e-03
  4 -0.40736 -1.81280e-05 |  5 -0.46498 -7.16021e-05 |  6  0.61751 -4.34770e-03
  7  0.00097  6.03873e-06 |  8  0.00005  1.13599e-06 |  9  0.00006  1.44237e-06
 10  0.00007  1.83965e-06 | 11  0.00008  2.35673e-06 | 12  0.00020  8.61108e-05
 13  0.00022  8.46841e-05 | 14  0.00025  8.30534e-05 | 15  0.00027  8.12877e-05
 16  0.00030  7.95672e-05 | 17  0.00034  7.82432e-05 | 18  0.00037  7.77779e-05
 19  0.00041  7.89858e-05 | 20  0.00044  8.22766e-05 | 21  0.00110  8.71486e-05
 22  0.00176  9.05473e-05 | 23  0.00040  8.47802e-05 | 24  0.00045  4.97216e-05
 25  0.00445  8.74782e-06 | 26  0.00242  1.11135e-04 | 27  0.00767  8.32530e-05
 28  0.00937  4.82914e-05 | 29  0.01300  2.79602e-05 | 30 -0.00267  5.66531e-05
 31  0.01066  4.38885e-05 | 32  0.00518  2.42487e-05 | 33  0.00484 -3.10982e-06
 34  0.00555  9.67693e-05 | 35  0.00556 -1.43843e-05 | 36  0.00356 -4.03108e-05
 37  0.00609  2.37979e-07 | 38  0.00789  1.04794e-06 | 39 -0.00462  6.69858e-05
 40 -0.00912  9.74584e-05 | 41 -0.00044  8.73168e-06 | 42 -0.00010  1.29407e-05
 43  0.00077 -4.33502e-06 | 44  0.00996 -1.77508e-05 | 45  0.01861 -3.27740e-05
 46  0.00171 -2.79379e-05 | 47  0.00337  2.92811e-05 | 48  0.00851  1.64504e-05
 49  0.00100 -2.20226e-07 | 50  0.01924 -5.08419e-05 | 51  0.00761 -4.02756e-05
 52  0.01079 -1.83424e-05 | 53 -0.00338  1.09941e-05 | 54 -0.01572  3.20815e-05
 55  0.00010 -2.29291e-05 | 56 -0.00424 -8.22349e-05 | 57  0.00216 -7.82520e-05
 58  0.00791 -8.42648e-05 | 59 -0.00841 -4.35115e-07 | 60 -0.00663 -1.84094e-05
 61 -0.00370 -1.05714e-05 | 62 -0.00851 -4.07098e-05 | 63 -0.00986 -1.01713e-05
 64  0.00228 -8.67057e-05 | 65 -0.00793 -8.31714e-05 | 66 -0.00127 -3.63523e-05
 67  0.00971 -1.42836e-04 | 68 -0.00761 -2.58348e-05 | 69  0.00242 -6.82242e-05
 70  0.00436 -6.27383e-05 | 71  0.02133 -1.59008e-04 | 72  0.03124 -2.34320e-04
 73 -0.00873 -7.13047e-05 | 74 -0.00528 -1.33873e-04 | 75 -0.00896 -7.23363e-05
 76 -0.03905  1.07697e-05 | 77 -0.02128 -5.23893e-05 | 78 -0.01821 -7.55592e-05
 79  0.00894 -1.36506e-04 | 80  0.00991 -1.45673e-04 | 81  0.00978 -1.24755e-04
 82 -0.01742 -1.01059e-04 | 83  0.01361 -1.45129e-04 | 84  0.03210 -2.21651e-04
 85 -0.02354  6.83461e-05 | 86  0.00588 -6.13200e-05 | 87 -0.02591 -4.60192e-05
 88 -0.04192  3.32576e-05 | 89 -0.00040 -4.02315e-05 | 90  0.00538 -5.91863e-05
 91 -0.00034  1.83010e-05 | 92  0.02249 -8.55058e-05 | 93  0.00033 -2.04765e-05
 94  0.03339 -4.45167e-05 | 95 -0.05844  1.22387e-04 | 96 -0.03237  4.48263e-05
 97  0.00760  7.55795e-05 | 98 -0.01040  1.01184e-04 | 99  0.02892  9.01012e-05
100 -0.04490  8.20633e-05 |101  0.02511  1.23716e-04 |102  0.00455  1.72562e-04
103 -0.00973  7.20214e-05 |104 -0.00298  1.12348e-04 |105 -0.00003  9.33854e-05
106  0.00010  9.26534e-05 |107  0.00000  0.00000e+00 |108  0.00138 -2.96598e-03
109 -0.05587 -2.60609e-04 |110 -0.42703  3.37285e-04 |111 -0.29352 -9.39529e-05
112 -0.26424  7.32672e-05 |
  ic > imax  in fminim is answer attained ?
Var    Value     Gradient |Var    Value     Gradient |Var    Value     Gradient
  1 -0.42242  1.20408e-04 |  2 -0.41308  2.07406e-03 |  3 -0.42360  9.78807e-04
  4 -0.40736  1.70764e-05 |  5 -0.46498  3.03479e-05 |  6  0.61751  1.84828e-03
  7  0.00097  1.65059e-05 |  8  0.00005  3.50183e-06 |  9  0.00006  4.29543e-06
 10  0.00007  5.27012e-06 | 11  0.00008  6.46748e-06 | 12  0.00020 -5.63638e-05
 13  0.00022 -5.57170e-05 | 14  0.00025 -5.48999e-05 | 15  0.00027 -5.38309e-05
 16  0.00030 -5.23683e-05 | 17  0.00034 -5.02818e-05 | 18  0.00037 -4.72857e-05
 19  0.00041 -4.29235e-05 | 20  0.00044 -3.69581e-05 | 21  0.00110 -2.93038e-05
 22  0.00176 -2.17513e-05 | 23  0.00040 -1.96646e-05 | 24  0.00045 -3.12132e-05
 25  0.00445 -4.23581e-05 | 26  0.00242  1.33720e-05 | 27  0.00767  9.99575e-06
 28  0.00937 -2.77411e-06 | 29  0.01300 -6.84360e-06 | 30 -0.00267 -1.15344e-05
 31  0.01066  2.90621e-06 | 32  0.00518 -8.53123e-06 | 33  0.00484 -2.45653e-05
 34  0.00555  3.35080e-05 | 35  0.00556 -2.05260e-05 | 36  0.00356 -3.25223e-05
 37  0.00609 -3.89178e-06 | 38  0.00789  2.43281e-06 | 39 -0.00462  1.75745e-05
 40 -0.00912  2.69020e-05 | 41 -0.00044 -4.90280e-08 | 42 -0.00010  4.39453e-06
 43  0.00077 -8.39040e-07 | 44  0.00996  1.08144e-05 | 45  0.01861  2.23641e-05
 46  0.00171 -7.59005e-06 | 47  0.00337  2.41767e-05 | 48  0.00851  2.75807e-05
 49  0.00100  5.90639e-06 | 50  0.01924  2.09445e-05 | 51  0.00761  2.01062e-06
 52  0.01079  2.22473e-05 | 53 -0.00338  1.16743e-05 | 54 -0.01572  4.58242e-06
 55  0.00010  9.24486e-06 | 56 -0.00424 -2.28408e-05 | 57  0.00216 -4.63276e-06
 58  0.00791  9.20109e-06 | 59 -0.00841  1.54981e-05 | 60 -0.00663  1.32771e-05
 61 -0.00370  2.93104e-05 | 62 -0.00851  9.41400e-06 | 63 -0.00986  2.39537e-05
 64  0.00228  2.09037e-05 | 65 -0.00793  2.23422e-06 | 66 -0.00127  4.01754e-05
 67  0.00971  2.49099e-05 | 68 -0.00761  3.33886e-05 | 69  0.00242  4.10969e-05
 70  0.00436  5.11670e-05 | 71  0.02133  6.97735e-05 | 72  0.03124  8.20414e-05
 73 -0.00873  2.63614e-05 | 74 -0.00528  8.35868e-06 | 75 -0.00896  4.34093e-05
 76 -0.03905  2.88542e-05 | 77 -0.02128  3.43270e-05 | 78 -0.01821  2.61856e-06
 79  0.00894  6.99160e-05 | 80  0.00991  4.15012e-05 | 81  0.00978  6.19846e-05
 82 -0.01742 -1.02458e-04 | 83  0.01361  5.19089e-05 | 84  0.03210  5.40277e-05
 85 -0.02354  1.32178e-04 | 86  0.00588  3.37678e-05 | 87 -0.02591 -8.86128e-05
 88 -0.04192 -1.40949e-05 | 89 -0.00040  2.12343e-05 | 90  0.00538 -2.08460e-05
 91 -0.00034  3.12869e-05 | 92  0.02249 -3.43550e-05 | 93  0.00033 -2.58379e-05
 94  0.03339 -5.30248e-06 | 95 -0.05844  2.22601e-05 | 96 -0.03237 -7.68333e-05
 97  0.00760 -1.34567e-06 | 98 -0.01040  2.76746e-05 | 99  0.02892  4.37474e-06
100 -0.04490 -7.01926e-05 |101  0.02511  1.44438e-05 |102  0.00455  4.31081e-05
103 -0.00973 -1.45669e-04 |104 -0.00298 -5.10987e-05 |105 -0.00003 -5.91161e-05
106  0.00010 -5.94997e-05 |107  0.00000  0.00000e+00 |108  0.00138  1.30552e-03
109 -0.05587  9.87057e-05 |110 -0.42703 -1.22328e-04 |111 -0.29352 -3.17786e-05
112 -0.26424 -4.36595e-05 |
Function minimizer not making progress ... is minimum attained?
Minimprove criterion = 0.0000e+00

 - final statistics:
112 variables; iteration 9; function evaluation 42
Function value 5.8705e+02; maximum gradient component mag 2.0741e-03
Exit code = 1;  converg criter 1.0000e-04
Var    Value     Gradient |Var    Value     Gradient |Var    Value     Gradient
  1 -0.42242  1.20408e-04 |  2 -0.41308  2.07406e-03 |  3 -0.42360  9.78807e-04
  4 -0.40736  1.70764e-05 |  5 -0.46498  3.03479e-05 |  6  0.61751  1.84828e-03
  7  0.00097  1.65059e-05 |  8  0.00005  3.50183e-06 |  9  0.00006  4.29543e-06
 10  0.00007  5.27012e-06 | 11  0.00008  6.46748e-06 | 12  0.00020 -5.63638e-05
 13  0.00022 -5.57170e-05 | 14  0.00025 -5.48999e-05 | 15  0.00027 -5.38309e-05
 16  0.00030 -5.23683e-05 | 17  0.00034 -5.02818e-05 | 18  0.00037 -4.72857e-05
 19  0.00041 -4.29235e-05 | 20  0.00044 -3.69581e-05 | 21  0.00110 -2.93038e-05
 22  0.00176 -2.17513e-05 | 23  0.00040 -1.96646e-05 | 24  0.00045 -3.12132e-05
 25  0.00445 -4.23581e-05 | 26  0.00242  1.33720e-05 | 27  0.00767  9.99575e-06
 28  0.00937 -2.77411e-06 | 29  0.01300 -6.84360e-06 | 30 -0.00267 -1.15344e-05
 31  0.01066  2.90621e-06 | 32  0.00518 -8.53123e-06 | 33  0.00484 -2.45653e-05
 34  0.00555  3.35080e-05 | 35  0.00556 -2.05260e-05 | 36  0.00356 -3.25223e-05
 37  0.00609 -3.89178e-06 | 38  0.00789  2.43281e-06 | 39 -0.00462  1.75745e-05
 40 -0.00912  2.69020e-05 | 41 -0.00044 -4.90280e-08 | 42 -0.00010  4.39453e-06
 43  0.00077 -8.39040e-07 | 44  0.00996  1.08144e-05 | 45  0.01861  2.23641e-05
 46  0.00171 -7.59005e-06 | 47  0.00337  2.41767e-05 | 48  0.00851  2.75807e-05
 49  0.00100  5.90639e-06 | 50  0.01924  2.09445e-05 | 51  0.00761  2.01062e-06
 52  0.01079  2.22473e-05 | 53 -0.00338  1.16743e-05 | 54 -0.01572  4.58242e-06
 55  0.00010  9.24486e-06 | 56 -0.00424 -2.28408e-05 | 57  0.00216 -4.63276e-06
 58  0.00791  9.20109e-06 | 59 -0.00841  1.54981e-05 | 60 -0.00663  1.32771e-05
 61 -0.00370  2.93104e-05 | 62 -0.00851  9.41400e-06 | 63 -0.00986  2.39537e-05
 64  0.00228  2.09037e-05 | 65 -0.00793  2.23422e-06 | 66 -0.00127  4.01754e-05
 67  0.00971  2.49099e-05 | 68 -0.00761  3.33886e-05 | 69  0.00242  4.10969e-05
 70  0.00436  5.11670e-05 | 71  0.02133  6.97735e-05 | 72  0.03124  8.20414e-05
 73 -0.00873  2.63614e-05 | 74 -0.00528  8.35868e-06 | 75 -0.00896  4.34093e-05
 76 -0.03905  2.88542e-05 | 77 -0.02128  3.43270e-05 | 78 -0.01821  2.61856e-06
 79  0.00894  6.99160e-05 | 80  0.00991  4.15012e-05 | 81  0.00978  6.19846e-05
 82 -0.01742 -1.02458e-04 | 83  0.01361  5.19089e-05 | 84  0.03210  5.40277e-05
 85 -0.02354  1.32178e-04 | 86  0.00588  3.37678e-05 | 87 -0.02591 -8.86128e-05
 88 -0.04192 -1.40949e-05 | 89 -0.00040  2.12343e-05 | 90  0.00538 -2.08460e-05
 91 -0.00034  3.12869e-05 | 92  0.02249 -3.43550e-05 | 93  0.00033 -2.58379e-05
 94  0.03339 -5.30248e-06 | 95 -0.05844  2.22601e-05 | 96 -0.03237 -7.68333e-05
 97  0.00760 -1.34567e-06 | 98 -0.01040  2.76746e-05 | 99  0.02892  4.37474e-06
100 -0.04490 -7.01926e-05 |101  0.02511  1.44438e-05 |102  0.00455  4.31081e-05
103 -0.00973 -1.45669e-04 |104 -0.00298 -5.10987e-05 |105 -0.00003 -5.91161e-05
106  0.00010 -5.94997e-05 |107  0.00000  0.00000e+00 |108  0.00138  1.30552e-03
109 -0.05587  9.87057e-05 |110 -0.42703 -1.22328e-04 |111 -0.29352 -3.17786e-05
112 -0.26424 -4.36595e-05 |
size of file gradfil1.tmp = 0
size of file gradfil2.tmp = 0
size of file varssave.tmp = 0
size of file cmpdiff.tmp = 0
