
Initial statistics: 1 variables; iteration 0; function evaluation 0; phase 1
Function value 8.7487177e+02; maximum gradient component mag 1.8248e+04
Var    Value     Gradient |Var    Value     Gradient |Var    Value     Gradient
  1  0.63197  1.82476e+04 |

 - final statistics:
1 variables; iteration 5; function evaluation 11
Function value 6.8179e+02; maximum gradient component mag -1.1615e-01
Exit code = 1;  converg criter 1.0000e+01
Var    Value     Gradient |Var    Value     Gradient |Var    Value     Gradient
  1  0.61815 -1.16154e-01 |

Initial statistics: 98 variables; iteration 0; function evaluation 0; phase 2
Function value 6.8178838e+02; maximum gradient component mag -1.4226e+03
Var    Value     Gradient |Var    Value     Gradient |Var    Value     Gradient
  1  0.61815 -1.16154e-01 |  2  0.00000  2.34503e+00 |  3  0.00000  2.38751e+00
  4  0.00000  2.43897e+00 |  5  0.00000  2.50129e+00 |  6  0.00000  2.57648e+00
  7  0.00000  2.66699e+00 |  8  0.00000  2.77109e+00 |  9  0.00000  2.89609e+00
 10  0.00000  3.04308e+00 | 11  0.00000  3.21360e+00 | 12  0.00000  3.40804e+00
 13  0.00000  3.63166e+00 | 14  0.00000  3.87428e+00 | 15  0.00000  4.03952e+00
 16  0.00000  4.40994e+00 | 17  0.00000  4.66326e+00 | 18  0.00000  4.93337e+00
 19  0.00000  5.13622e+00 | 20  0.00000  5.27118e+00 | 21  0.00000  5.06676e+00
 22  0.00000  5.71792e+00 | 23  0.00000  6.77791e+00 | 24  0.00000  9.26489e+00
 25  0.00000  1.35805e+01 | 26  0.00000  1.74989e+01 | 27  0.00000  2.04245e+01
 28  0.00000  2.20281e+01 | 29  0.00000  9.84313e+00 | 30  0.00000  1.70684e+01
 31  0.00000  1.65945e+01 | 32  0.00000  1.54206e+01 | 33  0.00000  1.61107e+01
 34  0.00000 -1.63870e+01 | 35  0.00000  2.63545e+01 | 36  0.00000  2.41775e+01
 37  0.00000  2.02539e+01 | 38  0.00000  2.87010e+01 | 39  0.00000  3.12211e+01
 40  0.00000  9.80974e+00 | 41  0.00000 -1.70926e+01 | 42  0.00000  1.67650e+01
 43  0.00000 -2.68909e-01 | 44  0.00000  2.10191e+01 | 45  0.00000  6.24827e+01
 46  0.00000  1.86758e+01 | 47  0.00000  3.61557e+01 | 48  0.00000  4.06611e+01
 49  0.00000  4.34767e+01 | 50  0.00000  6.31422e+01 | 51  0.00000  4.45211e+01
 52  0.00000  3.65427e+01 | 53  0.00000  2.94603e+01 | 54  0.00000  6.32474e+01
 55  0.00000  1.85034e+01 | 56  0.00000  5.79354e+01 | 57  0.00000  3.54248e+01
 58  0.00000  3.13665e+01 | 59  0.00000 -8.57562e+00 | 60  0.00000  5.79672e+01
 61  0.00000 -7.05862e+01 | 62  0.00000  8.70522e+01 | 63  0.00000  5.48335e+01
 64  0.00000  3.12658e+01 | 65  0.00000  2.47238e+02 | 66  0.00000  1.69817e+02
 67  0.00000 -7.96010e+01 | 68  0.00000 -3.42179e+02 | 69  0.00000 -5.76445e+02
 70  0.00000 -3.95642e+02 | 71  0.00000  2.17437e+01 | 72  0.00000 -5.31131e+02
 73  0.00000  2.61636e+02 | 74  0.00000  1.43421e+02 | 75  0.00000  2.48069e+02
 76  0.00000  3.03659e+02 | 77  0.00000  1.91217e+02 | 78  0.00000  1.20299e+02
 79  0.00000 -5.71958e+01 | 80  0.00000  3.99388e+02 | 81  0.00000  2.50139e+02
 82  0.00000  2.80083e+02 | 83  0.00000 -7.31251e+02 | 84  0.00000  3.87893e+02
 85  0.00000  2.98996e+02 | 86  0.00000  2.14781e+02 | 87  0.00000 -4.31142e+02
 88  0.00000 -3.81822e+02 | 89  0.00000 -1.42263e+03 | 90  0.00000  1.68619e+02
 91  0.00000  1.87355e+02 | 92  0.00000 -2.29821e+02 | 93  0.00000  1.45249e+02
 94  0.00000  1.48846e+01 | 95  0.00000  2.51206e+00 | 96  0.00000  2.15008e+00
 97 -0.03546  2.38510e+00 | 98 -0.31026  2.28761e+01 |

Intermediate statistics: 98 variables; iteration 20; function evaluation 34; phase 2
Function value 5.5173939e+02; maximum gradient component mag 9.6559e+02
Var    Value     Gradient |Var    Value     Gradient |Var    Value     Gradient
  1  0.61242  9.65587e+02 |  2 -0.00100 -3.49719e+01 |  3 -0.00103 -3.49435e+01
  4 -0.00107 -3.49091e+01 |  5 -0.00112 -3.48673e+01 |  6 -0.00118 -3.48166e+01
  7 -0.00125 -3.47552e+01 |  8 -0.00133 -3.46801e+01 |  9 -0.00142 -3.45898e+01
 10 -0.00153 -3.44810e+01 | 11 -0.00166 -3.43505e+01 | 12 -0.00180 -3.41944e+01
 13 -0.00197 -3.40096e+01 | 14 -0.00214 -3.37909e+01 | 15 -0.00226 -3.35196e+01
 16 -0.00252 -3.32401e+01 | 17 -0.00269 -3.29002e+01 | 18 -0.00287 -3.25238e+01
 19 -0.00300 -3.21024e+01 | 20 -0.00308 -3.16414e+01 | 21 -0.00292 -3.11096e+01
 22 -0.00335 -3.06459e+01 | 23 -0.00402 -3.05419e+01 | 24 -0.00555 -3.01650e+01
 25 -0.00800 -2.97882e+01 | 26 -0.00991 -2.91717e+01 | 27 -0.01115 -2.83715e+01
 28 -0.01173 -2.74693e+01 | 29 -0.00492 -2.58429e+01 | 30 -0.00821 -2.49721e+01
 31 -0.00758 -2.36719e+01 | 32 -0.00676 -2.23998e+01 | 33 -0.00798 -2.15753e+01
 34  0.00795 -1.99305e+01 | 35 -0.01011 -1.80339e+01 | 36 -0.00891 -1.62846e+01
 37 -0.00653 -1.45613e+01 | 38 -0.00973 -1.25990e+01 | 39 -0.01074 -1.08809e+01
 40 -0.00087 -9.90149e+00 | 41  0.01087 -9.59120e+00 | 42 -0.00324 -6.04443e+00
 43  0.00482 -5.26608e+00 | 44 -0.00333 -2.04979e+00 | 45 -0.01574  4.44612e+00
 46 -0.00047  1.58777e+00 | 47 -0.00630  5.29101e+00 | 48 -0.00708  7.81225e+00
 49 -0.00708  1.04016e+01 | 50 -0.01161  1.59547e+01 | 51 -0.00438  1.54444e+01
 52 -0.00043  1.64758e+01 | 53  0.00327  1.76298e+01 | 54 -0.00593  2.62763e+01
 55  0.00693  2.12021e+01 | 56 -0.00075  3.08397e+01 | 57  0.00654  2.95728e+01
 58  0.00743  3.14225e+01 | 59  0.01479  2.47171e+01 | 60 -0.00042  3.92003e+01
 61  0.02127  5.63666e+00 | 62 -0.00251  4.86641e+01 | 63  0.00373  4.14486e+01
 64  0.00969  3.58290e+01 | 65 -0.01571  8.69612e+01 | 66 -0.00433  6.53115e+01
 67  0.01131 -2.74249e+01 | 68  0.01942 -8.85113e+01 | 69  0.02778  2.51621e+01
 70  0.02123 -4.69064e+01 | 71  0.00269  2.11110e+01 | 72  0.02650 -2.91209e+01
 73 -0.00753  3.94972e+01 | 74 -0.00473  6.21861e+01 | 75 -0.00717  5.14628e+01
 76 -0.01267  9.89018e+01 | 77 -0.00548  6.69292e+01 | 78 -0.00430  5.48345e+01
 79  0.00430  5.60185e+01 | 80 -0.01868  9.27579e+01 | 81 -0.00946 -9.40760e+00
 82 -0.01350  4.40306e+01 | 83  0.03474  3.42503e+02 | 84 -0.01863  8.83832e+01
 85 -0.01146 -5.60637e+01 | 86 -0.00643  2.01352e+00 | 87  0.02143 -8.07230e+01
 88  0.02577 -1.30192e+02 | 89  0.06521 -4.56944e+01 | 90 -0.00618  4.01091e+01
 91  0.00091 -5.93201e+01 | 92  0.02577 -1.05237e+02 | 93  0.00449 -3.86510e+00
 94 -0.00216 -3.40073e+01 | 95 -0.00102 -3.51232e+01 | 96 -0.00084 -3.51009e+01
 97 -0.03031  7.30823e+01 | 98 -0.29824  1.27495e+00 |
98 variables; iteration 40; function evaluation 64; phase 2
Function value 5.4574755e+02; maximum gradient component mag 2.3491e+03
Var    Value     Gradient |Var    Value     Gradient |Var    Value     Gradient
  1  0.61303  2.34914e+03 |  2  0.00132 -7.07883e+01 |  3  0.00116 -7.08266e+01
  4  0.00098 -7.08661e+01 |  5  0.00076 -7.09037e+01 |  6  0.00050 -7.09346e+01
  7  0.00021 -7.09509e+01 |  8 -0.00011 -7.09359e+01 |  9 -0.00046 -7.08786e+01
 10 -0.00084 -7.07541e+01 | 11 -0.00124 -7.05313e+01 | 12 -0.00164 -7.01722e+01
 13 -0.00203 -6.96335e+01 | 14 -0.00237 -6.88658e+01 | 15 -0.00258 -6.78205e+01
 16 -0.00284 -6.64747e+01 | 17 -0.00292 -6.47970e+01 | 18 -0.00291 -6.27906e+01
 19 -0.00278 -6.04829e+01 | 20 -0.00254 -5.79027e+01 | 21 -0.00206 -5.50920e+01
 22 -0.00198 -5.19605e+01 | 23 -0.00208 -5.02718e+01 | 24 -0.00314 -4.73398e+01
 25 -0.00564 -4.56444e+01 | 26 -0.00809 -4.45748e+01 | 27 -0.00973 -4.28690e+01
 28 -0.01061 -4.05733e+01 | 29 -0.00459 -3.54264e+01 | 30 -0.00760 -3.28004e+01
 31 -0.00782 -3.04852e+01 | 32 -0.00730 -2.67160e+01 | 33 -0.00856 -2.41319e+01
 34  0.00586 -1.24066e+01 | 35 -0.00982 -1.33150e+01 | 36 -0.00851 -7.34698e+00
 37 -0.00585  2.70407e-01 | 38 -0.00812  5.50271e+00 | 39 -0.00868  1.07833e+01
 40 -0.00016  2.06351e+01 | 41  0.01098  3.69096e+01 | 42 -0.00129  3.29328e+01
 43  0.00534  4.32906e+01 | 44 -0.00219  4.18650e+01 | 45 -0.01464  3.68624e+01
 46  0.00050  5.66585e+01 | 47 -0.00528  5.56875e+01 | 48 -0.00602  6.03551e+01
 49 -0.00607  6.54465e+01 | 50 -0.01059  6.68419e+01 | 51 -0.00328  7.98776e+01
 52 -0.00001  8.64915e+01 | 53  0.00103  8.40708e+01 | 54 -0.00664  8.44558e+01
 55  0.00592  1.00068e+02 | 56 -0.00396  8.63344e+01 | 57  0.00363  9.81621e+01
 58  0.00643  1.10399e+02 | 59  0.01582  1.29866e+02 | 60 -0.00252  9.59970e+01
 61  0.02115  1.15479e+02 | 62 -0.00720  8.48406e+01 | 63  0.00025  8.93832e+01
 64  0.01164  1.24787e+02 | 65 -0.02508  5.87665e+01 | 66 -0.01092  5.27526e+01
 67  0.01652  1.03566e+02 | 68  0.02651  1.25196e+02 | 69  0.02978  1.39763e+02
 70  0.02564  9.34778e+01 | 71  0.00275  3.52190e+01 | 72  0.03029  1.10865e+02
 73 -0.00781  2.85345e+01 | 74 -0.00795  1.43680e+01 | 75 -0.00844  1.20879e+01
 76 -0.01703  2.35570e+01 | 77 -0.00711  1.88402e+01 | 78 -0.00690  2.85422e+00
 79  0.00257  4.05095e+00 | 80 -0.02663 -3.12441e+01 | 81 -0.01123 -4.67217e+01
 82 -0.01763 -2.83835e+01 | 83  0.02523  5.08317e+00 | 84 -0.02599 -4.28411e+01
 85 -0.01044 -4.70306e+01 | 86 -0.00829 -6.99893e+01 | 87  0.02429 -4.51347e+01
 88  0.03400 -6.21876e+01 | 89  0.06849 -3.90032e+01 | 90 -0.01363 -7.88559e+01
 91  0.00450 -5.90358e+01 | 92  0.03176 -7.95682e+01 | 93  0.00209 -8.36319e+01
 94 -0.00220 -7.42935e+01 | 95  0.00173 -7.08677e+01 | 96  0.00210 -7.05452e+01
 97 -0.03017  1.47716e+02 | 98 -0.30032  3.32363e+00 |
98 variables; iteration 60; function evaluation 95; phase 2
Function value 5.4457139e+02; maximum gradient component mag -4.6518e+02
Var    Value     Gradient |Var    Value     Gradient |Var    Value     Gradient
  1  0.61424 -4.65180e+02 |  2 -0.00026  1.45988e+01 |  3 -0.00027  1.45648e+01
  4 -0.00029  1.45286e+01 |  5 -0.00030  1.44888e+01 |  6 -0.00032  1.44415e+01
  7 -0.00034  1.43786e+01 |  8 -0.00037  1.42856e+01 |  9 -0.00044  1.41405e+01
 10 -0.00055  1.39127e+01 | 11 -0.00073  1.35678e+01 | 12 -0.00098  1.30776e+01
 13 -0.00133  1.24366e+01 | 14 -0.00173  1.16846e+01 | 15 -0.00205  1.09079e+01
 16 -0.00239  1.02596e+01 | 17 -0.00246  9.85893e+00 | 18 -0.00226  9.81801e+00
 19 -0.00176  1.01222e+01 | 20 -0.00100  1.06996e+01 | 21  0.00008  1.13614e+01
 22  0.00069  1.21066e+01 | 23  0.00070  1.29161e+01 | 24 -0.00128  1.15449e+01
 25 -0.00505  8.96459e+00 | 26 -0.00712  8.24745e+00 | 27 -0.00811  8.18437e+00
 28 -0.00862  7.70381e+00 | 29 -0.00242  4.31860e+00 | 30 -0.00505  5.57990e+00
 31 -0.00437  4.70681e+00 | 32 -0.00322  4.06954e+00 | 33 -0.00380  4.32682e+00
 34  0.01226 -5.03141e+00 | 35 -0.00624  3.79565e+00 | 36 -0.00448  3.43026e+00
 37 -0.00230  9.49500e-01 | 38 -0.00650  9.52392e-01 | 39 -0.00754  8.70917e-01
 40  0.00323 -6.62793e+00 | 41  0.01570 -1.88458e+01 | 42 -0.00088 -8.23470e+00
 43  0.00899 -1.61611e+01 | 44 -0.00151 -1.17806e+01 | 45 -0.01635 -2.04792e+00
 46  0.00154 -1.63702e+01 | 47 -0.00580 -1.11391e+01 | 48 -0.00698 -1.09157e+01
 49 -0.00689 -1.09158e+01 | 50 -0.01327 -6.25852e+00 | 51 -0.00711 -1.51163e+01
 52 -0.00272 -1.89867e+01 | 53  0.00266 -2.16006e+01 | 54 -0.01101 -9.23545e+00
 55  0.00575 -2.55680e+01 | 56 -0.00605 -1.05053e+01 | 57  0.00260 -1.97365e+01
 58  0.00154 -2.27687e+01 | 59  0.01186 -3.74802e+01 | 60 -0.00774 -1.06360e+01
 61  0.02619 -3.58989e+01 | 62 -0.01096 -1.37801e+00 | 63 -0.00062 -1.12037e+01
 64  0.00524 -3.49067e+01 | 65 -0.03229 -1.97323e+00 | 66 -0.01192 -5.93819e+00
 67  0.01521 -2.42555e+01 | 68  0.02530 -2.65968e+01 | 69  0.02833 -2.15583e+01
 70  0.02571 -1.63587e+01 | 71  0.00297 -3.54886e+00 | 72  0.02963 -2.18055e+01
 73 -0.00861 -4.87740e+00 | 74 -0.00804 -5.91364e+00 | 75 -0.00870 -2.81032e+00
 76 -0.01902  1.46022e+00 | 77 -0.00835 -4.46500e+00 | 78 -0.00747 -4.06060e+00
 79  0.00205 -9.66849e-01 | 80 -0.02698  3.72243e+00 | 81 -0.01061  1.05091e+01
 82 -0.01898  2.61613e+00 | 83  0.02384 -8.58212e+00 | 84 -0.02648  1.65702e+01
 85 -0.01127  1.31432e+01 | 86 -0.00732  1.12041e+01 | 87  0.02345  8.24547e+00
 88  0.03478  1.52319e+01 | 89  0.06790  1.23003e+01 | 90 -0.01240  1.67881e+01
 91  0.00279  1.12692e+01 | 92  0.03274  2.49081e+01 | 93  0.00163  8.09702e+00
 94 -0.00242  1.45571e+01 | 95 -0.00034  1.47789e+01 | 96 -0.00013  1.48542e+01
 97 -0.03052 -3.05334e+01 | 98 -0.30090 -2.81815e+00 |
Maximum number of function evaluations exceeded

 - final statistics:
98 variables; iteration 63; function evaluation 100
Function value 5.4457e+02; maximum gradient component mag -3.7214e+02
Exit code = 3;  converg criter 1.0000e+01
Var    Value     Gradient |Var    Value     Gradient |Var    Value     Gradient
  1  0.61426 -3.72143e+02 |  2 -0.00006  1.21175e+01 |  3  0.00005  1.22779e+01
  4  0.00014  1.24092e+01 |  5  0.00020  1.24874e+01 |  6  0.00021  1.24828e+01
  7  0.00014  1.23627e+01 |  8 -0.00002  1.21012e+01 |  9 -0.00028  1.16764e+01
 10 -0.00063  1.10928e+01 | 11 -0.00107  1.03864e+01 | 12 -0.00152  9.63024e+00
 13 -0.00193  8.92614e+00 | 14 -0.00222  8.38331e+00 | 15 -0.00228  8.06535e+00
 16 -0.00224  8.04013e+00 | 17 -0.00197  8.20994e+00 | 18 -0.00159  8.51479e+00
 19 -0.00113  8.83306e+00 | 20 -0.00064  9.09411e+00 | 21 -0.00003  9.16565e+00
 22  0.00007  9.26375e+00 | 23 -0.00007  9.87510e+00 | 24 -0.00098  1.01598e+01
 25 -0.00383  9.12056e+00 | 26 -0.00718  6.45791e+00 | 27 -0.00872  5.56071e+00
 28 -0.00889  5.78809e+00 | 29 -0.00268  2.63902e+00 | 30 -0.00517  4.23399e+00
 31 -0.00450  3.58210e+00 | 32 -0.00255  4.40522e+00 | 33 -0.00274  5.33453e+00
 34  0.01163 -5.87279e+00 | 35 -0.00682  2.29082e+00 | 36 -0.00443  3.36992e+00
 37 -0.00282  3.65108e-01 | 38 -0.00633  1.45560e+00 | 39 -0.00760  1.05303e+00
 40  0.00254 -6.72009e+00 | 41  0.01682 -1.50398e+01 | 42 -0.00144 -7.76781e+00
 43  0.00852 -1.44826e+01 | 44 -0.00074 -8.79977e+00 | 45 -0.01566  3.51438e-01
 46  0.00216 -1.27771e+01 | 47 -0.00570 -8.65701e+00 | 48 -0.00663 -7.99641e+00
 49 -0.00770 -9.79397e+00 | 50 -0.01357 -4.60873e+00 | 51 -0.00682 -1.18957e+01
 52 -0.00364 -1.66122e+01 | 53  0.00332 -1.65951e+01 | 54 -0.01131 -6.91422e+00
 55  0.00573 -2.10016e+01 | 56 -0.00871 -1.16143e+01 | 57  0.00400 -1.32527e+01
 58  0.00150 -1.85905e+01 | 59  0.01200 -3.16777e+01 | 60 -0.00739 -6.40637e+00
 61  0.02637 -2.77234e+01 | 62 -0.01086  1.76440e+00 | 63 -0.00053 -7.12578e+00
 64  0.00527 -3.04942e+01 | 65 -0.03237 -1.34184e+00 | 66 -0.01195 -3.93368e+00
 67  0.01520 -1.99711e+01 | 68  0.02538 -2.01509e+01 | 69  0.02828 -1.72808e+01
 70  0.02571 -1.20821e+01 | 71  0.00291 -2.32984e+00 | 72  0.02963 -1.77433e+01
 73 -0.00864 -3.94096e+00 | 74 -0.00804 -5.20182e+00 | 75 -0.00871 -1.83215e+00
 76 -0.01900  1.51519e+00 | 77 -0.00833 -3.55215e+00 | 78 -0.00747 -4.08349e+00
 79  0.00203 -8.81766e-01 | 80 -0.02695  2.82503e+00 | 81 -0.01066  9.01044e+00
 82 -0.01895  1.30541e+00 | 83  0.02384 -8.68116e+00 | 84 -0.02645  1.47114e+01
 85 -0.01127  1.13851e+01 | 86 -0.00733  8.88433e+00 | 87  0.02347  7.14797e+00
 88  0.03475  1.28926e+01 | 89  0.06787  1.04255e+01 | 90 -0.01235  1.46359e+01
 91  0.00273  8.30877e+00 | 92  0.03268  2.15647e+01 | 93  0.00153  4.89947e+00
 94 -0.00235  1.19561e+01 | 95 -0.00078  1.12797e+01 | 96 -0.00105  1.06141e+01
 97 -0.03061 -2.53989e+01 | 98 -0.30164 -4.99427e+00 |

Initial statistics: 100 variables; iteration 0; function evaluation 0; phase 3
Function value 5.4456647e+02; maximum gradient component mag -3.7293e+02
Var    Value     Gradient |Var    Value     Gradient |Var    Value     Gradient
  1  0.61426 -3.72932e+02 |  2 -0.00006  1.20247e+01 |  3  0.00005  1.21857e+01
  4  0.00014  1.23174e+01 |  5  0.00020  1.23958e+01 |  6  0.00020  1.23911e+01
  7  0.00014  1.22704e+01 |  8 -0.00002  1.20079e+01 |  9 -0.00028  1.15816e+01
 10 -0.00064  1.09961e+01 | 11 -0.00107  1.02879e+01 | 12 -0.00152  9.53054e+00
 13 -0.00193  8.82627e+00 | 14 -0.00222  8.28477e+00 | 15 -0.00228  7.96987e+00
 16 -0.00224  7.94798e+00 | 17 -0.00197  8.12114e+00 | 18 -0.00159  8.42732e+00
 19 -0.00113  8.74382e+00 | 20 -0.00064  8.99875e+00 | 21 -0.00003  9.05984e+00
 22  0.00007  9.14445e+00 | 23 -0.00007  9.75628e+00 | 24 -0.00099  1.00690e+01
 25 -0.00383  9.01758e+00 | 26 -0.00718  6.35171e+00 | 27 -0.00872  5.45080e+00
 28 -0.00889  5.64989e+00 | 29 -0.00269  2.53792e+00 | 30 -0.00517  4.13821e+00
 31 -0.00450  3.45287e+00 | 32 -0.00255  4.27537e+00 | 33 -0.00275  5.22264e+00
 34  0.01163 -5.91575e+00 | 35 -0.00682  2.19536e+00 | 36 -0.00444  3.24748e+00
 37 -0.00282  2.20966e-01 | 38 -0.00633  1.28147e+00 | 39 -0.00760  8.98919e-01
 40  0.00253 -6.81785e+00 | 41  0.01682 -1.51568e+01 | 42 -0.00144 -7.85925e+00
 43  0.00852 -1.46250e+01 | 44 -0.00074 -8.85532e+00 | 45 -0.01566  2.19768e-01
 46  0.00216 -1.29018e+01 | 47 -0.00570 -8.79424e+00 | 48 -0.00663 -8.16399e+00
 49 -0.00770 -9.95768e+00 | 50 -0.01357 -4.81447e+00 | 51 -0.00683 -1.19962e+01
 52 -0.00364 -1.68379e+01 | 53  0.00332 -1.67921e+01 | 54 -0.01131 -7.04533e+00
 55  0.00573 -2.11808e+01 | 56 -0.00871 -1.16960e+01 | 57  0.00400 -1.34476e+01
 58  0.00150 -1.87505e+01 | 59  0.01200 -3.18440e+01 | 60 -0.00740 -6.54246e+00
 61  0.02637 -2.78988e+01 | 62 -0.01087  1.61663e+00 | 63 -0.00054 -7.28237e+00
 64  0.00527 -3.06309e+01 | 65 -0.03237 -1.48252e+00 | 66 -0.01195 -4.08439e+00
 67  0.01520 -2.00960e+01 | 68  0.02538 -2.03131e+01 | 69  0.02827 -1.74264e+01
 70  0.02571 -1.22366e+01 | 71  0.00290 -2.46624e+00 | 72  0.02963 -1.78875e+01
 73 -0.00864 -4.05686e+00 | 74 -0.00804 -5.31694e+00 | 75 -0.00871 -1.95377e+00
 76 -0.01900  1.40242e+00 | 77 -0.00834 -3.65985e+00 | 78 -0.00747 -4.18307e+00
 79  0.00202 -9.93491e-01 | 80 -0.02695  2.71274e+00 | 81 -0.01066  8.88982e+00
 82 -0.01895  1.21645e+00 | 83  0.02384 -8.77103e+00 | 84 -0.02646  1.46010e+01
 85 -0.01128  1.12818e+01 | 86 -0.00733  8.78348e+00 | 87  0.02346  7.02989e+00
 88  0.03475  1.27996e+01 | 89  0.06787  1.03153e+01 | 90 -0.01235  1.45233e+01
 91  0.00273  8.21855e+00 | 92  0.03268  2.14484e+01 | 93  0.00153  4.80318e+00
 94 -0.00235  1.18830e+01 | 95 -0.00079  1.11831e+01 | 96 -0.00106  1.05149e+01
 97 -0.03061 -2.54354e+01 | 98 -0.41581  4.80095e+00 | 99 -0.30164 -5.04306e+00
100 -0.25275 -2.94265e+01 |

Intermediate statistics: 100 variables; iteration 20; function evaluation 26; phase 3
Function value 5.4401935e+02; maximum gradient component mag 2.2819e+01
Var    Value     Gradient |Var    Value     Gradient |Var    Value     Gradient
  1  0.61375  2.28189e+01 |  2 -0.00040 -1.98669e+00 |  3 -0.00040 -1.96860e+00
  4 -0.00041 -1.95246e+00 |  5 -0.00042 -1.94035e+00 |  6 -0.00044 -1.93485e+00
  7 -0.00047 -1.93881e+00 |  8 -0.00051 -1.95444e+00 |  9 -0.00057 -1.98359e+00
 10 -0.00064 -2.02566e+00 | 11 -0.00072 -2.07710e+00 | 12 -0.00080 -2.13086e+00
 13 -0.00089 -2.17717e+00 | 14 -0.00097 -2.20544e+00 | 15 -0.00096 -2.20912e+00
 16 -0.00105 -2.18199e+00 | 17 -0.00104 -2.13241e+00 | 18 -0.00102 -2.06641e+00
 19 -0.00094 -1.99562e+00 | 20 -0.00080 -1.92724e+00 | 21 -0.00045 -1.87315e+00
 22 -0.00063 -1.81541e+00 | 23 -0.00120 -1.74070e+00 | 24 -0.00249 -1.66009e+00
 25 -0.00487 -1.72335e+00 | 26 -0.00692 -1.95941e+00 | 27 -0.00821 -2.00696e+00
 28 -0.00876 -1.92818e+00 | 29 -0.00161 -2.10215e+00 | 30 -0.00462 -1.84573e+00
 31 -0.00431 -1.80718e+00 | 32 -0.00328 -1.65522e+00 | 33 -0.00447 -1.49300e+00
 34  0.01386 -2.18127e+00 | 35 -0.00657 -1.59221e+00 | 36 -0.00603 -1.30733e+00
 37 -0.00342 -1.54569e+00 | 38 -0.00750 -1.43452e+00 | 39 -0.00902 -1.42095e+00
 40  0.00424 -1.67419e+00 | 41  0.01919 -1.70274e+00 | 42 -0.00058 -1.71464e+00
 43  0.01081 -1.83325e+00 | 44 -0.00043 -1.52340e+00 | 45 -0.01682 -9.05598e-01
 46  0.00297 -1.27394e+00 | 47 -0.00611 -1.25122e+00 | 48 -0.00761 -1.12358e+00
 49 -0.00802 -1.23976e+00 | 50 -0.01449 -7.70478e-01 | 51 -0.00703 -1.00117e+00
 52 -0.00225 -1.36100e+00 | 53  0.00284 -9.35880e-01 | 54 -0.01345 -7.54598e-01
 55  0.00743 -9.92620e-01 | 56 -0.00926 -8.63289e-01 | 57  0.00180 -4.85544e-01
 58  0.00185 -1.11584e+00 | 59  0.01446 -1.38631e+00 | 60 -0.00879 -3.23194e-01
 61  0.02690  8.59958e-01 | 62 -0.01468  1.42328e-01 | 63 -0.00202 -1.23515e+00
 64  0.00726 -2.94795e+00 | 65 -0.03276 -1.36459e+00 | 66 -0.01272  1.77701e+00
 67  0.01542 -7.72659e-01 | 68  0.02489  5.82991e-01 | 69  0.02867 -1.37887e+00
 70  0.02489 -8.39979e-01 | 71  0.00341  3.67690e+00 | 72  0.02923  3.75036e+00
 73 -0.00821 -2.32643e+00 | 74 -0.00852  1.87389e-01 | 75 -0.00822 -1.77126e-01
 76 -0.01970  4.72101e-01 | 77 -0.00791 -6.15290e+00 | 78 -0.00812 -2.53538e+00
 79  0.00253 -3.01792e-01 | 80 -0.02747 -8.44626e-01 | 81 -0.01019  1.21467e+00
 82 -0.01927 -8.52076e-02 | 83  0.02471  1.15814e+00 | 84 -0.02760 -2.14731e+00
 85 -0.01061 -5.16336e-01 | 86 -0.00791 -1.89872e-01 | 87  0.02415 -4.58580e+00
 88  0.03386  4.26144e-01 | 89  0.06843  5.64580e-01 | 90 -0.01272  1.21954e+00
 91  0.00396 -4.28890e+00 | 92  0.03180 -1.52251e+00 | 93  0.00388 -3.58350e-01
 94 -0.00323 -2.14389e+00 | 95 -0.00066 -2.06895e+00 | 96 -0.00044 -2.13991e+00
 97 -0.00296 -4.83175e+00 | 98 -0.40202  1.27690e+01 | 99 -0.28277  5.23296e+00
100 -0.24362 -1.02747e+01 |
100 variables; iteration 40; function evaluation 54; phase 3
Function value 5.4400480e+02; maximum gradient component mag 4.8697e+01
Var    Value     Gradient |Var    Value     Gradient |Var    Value     Gradient
  1  0.61367  4.86975e+01 |  2 -0.00040 -1.60847e+00 |  3 -0.00040 -1.59581e+00
  4 -0.00041 -1.58399e+00 |  5 -0.00043 -1.57414e+00 |  6 -0.00045 -1.56752e+00
  7 -0.00048 -1.56547e+00 |  8 -0.00052 -1.56866e+00 |  9 -0.00056 -1.57750e+00
 10 -0.00062 -1.59080e+00 | 11 -0.00068 -1.60571e+00 | 12 -0.00075 -1.61786e+00
 13 -0.00082 -1.62199e+00 | 14 -0.00088 -1.61346e+00 | 15 -0.00087 -1.59016e+00
 16 -0.00097 -1.55140e+00 | 17 -0.00097 -1.50147e+00 | 18 -0.00097 -1.44355e+00
 19 -0.00091 -1.38170e+00 | 20 -0.00079 -1.31765e+00 | 21 -0.00046 -1.25571e+00
 22 -0.00066 -1.19369e+00 | 23 -0.00126 -1.16878e+00 | 24 -0.00261 -1.15708e+00
 25 -0.00496 -1.14738e+00 | 26 -0.00680 -1.00841e+00 | 27 -0.00804 -9.27605e-01
 28 -0.00866 -9.10056e-01 | 29 -0.00135 -7.02822e-01 | 30 -0.00451 -7.02331e-01
 31 -0.00417 -5.97258e-01 | 32 -0.00326 -5.49817e-01 | 33 -0.00464 -6.31469e-01
 34  0.01418 -9.71951e-02 | 35 -0.00650 -2.88020e-01 | 36 -0.00612 -2.43890e-01
 37 -0.00334 -1.45683e-02 | 38 -0.00749 -4.64026e-03 | 39 -0.00905 -1.43122e-02
 40  0.00442  3.98952e-01 | 41  0.01951  1.03580e+00 | 42 -0.00038  4.96269e-01
 43  0.01112  9.85088e-01 | 44 -0.00027  8.10256e-01 | 45 -0.01680  7.38485e-01
 46  0.00314  1.22359e+00 | 47 -0.00601  1.05807e+00 | 48 -0.00755  1.17086e+00
 49 -0.00789  1.25299e+00 | 50 -0.01454  1.12291e+00 | 51 -0.00702  1.27448e+00
 52 -0.00209  1.49119e+00 | 53  0.00280  1.82572e+00 | 54 -0.01346  1.53308e+00
 55  0.00769  2.68840e+00 | 56 -0.00924  1.54949e+00 | 57  0.00183  2.49600e+00
 58  0.00194  2.00021e+00 | 59  0.01442  1.80391e+00 | 60 -0.00907  1.05284e+00
 61  0.02693  4.42303e+00 | 62 -0.01491  1.43862e+00 | 63 -0.00212  9.51520e-01
 64  0.00766  1.75713e+00 | 65 -0.03273  2.75423e-01 | 66 -0.01340 -6.69092e-01
 67  0.01552  2.10129e+00 | 68  0.02492  2.99295e+00 | 69  0.02869  2.45633e+00
 70  0.02493  1.65378e+00 | 71  0.00319  1.06370e+00 | 72  0.02915  2.77374e+00
 73 -0.00814  4.64784e-01 | 74 -0.00857 -1.98086e-01 | 75 -0.00820  1.22681e+00
 76 -0.01976 -2.58233e-01 | 77 -0.00772 -5.66321e-01 | 78 -0.00790  1.08801e+00
 79  0.00250 -8.25019e-02 | 80 -0.02750 -1.10100e+00 | 81 -0.01033 -9.73079e-01
 82 -0.01926 -5.48560e-02 | 83  0.02462 -3.97957e-01 | 84 -0.02751 -1.08817e+00
 85 -0.01073 -2.01141e+00 | 86 -0.00791 -7.22169e-01 | 87  0.02425 -1.19117e+00
 88  0.03374 -1.79312e+00 | 89  0.06836 -6.89392e-01 | 90 -0.01306 -1.42495e+00
 91  0.00408 -7.94921e-01 | 92  0.03180 -8.95149e-01 | 93  0.00370 -6.90781e-01
 94 -0.00323 -1.74552e+00 | 95 -0.00063 -1.67066e+00 | 96 -0.00040 -1.71109e+00
 97 -0.00270  2.55043e+00 | 98 -0.40239 -3.39184e+00 | 99 -0.28392  5.30289e-01
100 -0.24343 -1.72694e+00 |
100 variables; iteration 60; function evaluation 87; phase 3
Function value 5.4400337e+02; maximum gradient component mag 3.1383e+00
Var    Value     Gradient |Var    Value     Gradient |Var    Value     Gradient
  1  0.61365  3.13832e+00 |  2 -0.00040 -9.42054e-02 |  3 -0.00041 -9.34925e-02
  4 -0.00042 -9.29723e-02 |  5 -0.00044 -9.27299e-02 |  6 -0.00046 -9.28272e-02
  7 -0.00049 -9.32734e-02 |  8 -0.00052 -9.39213e-02 |  9 -0.00056 -9.46621e-02
 10 -0.00060 -9.51883e-02 | 11 -0.00064 -9.51863e-02 | 12 -0.00069 -9.44433e-02
 13 -0.00075 -9.29370e-02 | 14 -0.00080 -9.08845e-02 | 15 -0.00079 -8.85459e-02
 16 -0.00089 -8.61197e-02 | 17 -0.00091 -8.35192e-02 | 18 -0.00092 -8.06532e-02
 19 -0.00087 -7.74351e-02 | 20 -0.00077 -7.37349e-02 | 21 -0.00044 -6.93184e-02
 22 -0.00066 -6.50638e-02 | 23 -0.00126 -6.26722e-02 | 24 -0.00258 -4.02166e-02
 25 -0.00493 -6.98468e-02 | 26 -0.00683 -5.07296e-02 | 27 -0.00808 -4.46416e-02
 28 -0.00868 -4.74964e-02 | 29 -0.00141 -4.47030e-02 | 30 -0.00454 -3.90329e-02
 31 -0.00421 -2.28032e-02 | 32 -0.00328 -2.21538e-02 | 33 -0.00459 -2.94917e-02
 34  0.01422  2.48425e-02 | 35 -0.00655 -3.29920e-02 | 36 -0.00614 -8.78729e-03
 37 -0.00340  9.70349e-03 | 38 -0.00755  4.93696e-03 | 39 -0.00908  9.41395e-03
 40  0.00442  2.80103e-02 | 41  0.01954  6.59514e-02 | 42 -0.00038  3.38648e-02
 43  0.01117  6.70927e-02 | 44 -0.00030  5.81242e-02 | 45 -0.01699  3.27563e-02
 46  0.00313  7.80506e-02 | 47 -0.00606  6.78514e-02 | 48 -0.00763  7.73169e-02
 49 -0.00796  8.16182e-02 | 50 -0.01462  7.95331e-02 | 51 -0.00698  9.08436e-02
 52 -0.00200  1.07888e-01 | 53  0.00288  1.30547e-01 | 54 -0.01360  8.81361e-02
 55  0.00759  1.69169e-01 | 56 -0.00926  1.01678e-01 | 57  0.00165  1.64041e-01
 58  0.00197  1.56706e-01 | 59  0.01469  1.44247e-01 | 60 -0.00896  1.23192e-01
 61  0.02682  2.60820e-01 | 62 -0.01498  7.55757e-02 | 63 -0.00193  1.05348e-01
 64  0.00775  1.34614e-01 | 65 -0.03272  3.67934e-02 | 66 -0.01313  2.96495e-02
 67  0.01553  1.29224e-01 | 68  0.02492  1.83023e-01 | 69  0.02871  1.68507e-01
 70  0.02496  1.41166e-01 | 71  0.00319  6.54923e-02 | 72  0.02913  1.58755e-01
 73 -0.00814  3.31077e-02 | 74 -0.00853  2.26024e-02 | 75 -0.00824  4.28671e-02
 76 -0.01975 -2.07345e-02 | 77 -0.00768 -4.40225e-03 | 78 -0.00798  3.37104e-02
 79  0.00251  1.66778e-03 | 80 -0.02747 -4.31590e-02 | 81 -0.01031 -4.35694e-02
 82 -0.01931 -4.42865e-02 | 83  0.02463 -1.15889e-02 | 84 -0.02751 -6.84647e-02
 85 -0.01068 -9.31864e-02 | 86 -0.00795 -6.43943e-02 | 87  0.02424 -6.71465e-02
 88  0.03376 -8.38370e-02 | 89  0.06833 -6.65287e-02 | 90 -0.01310 -9.43101e-02
 91  0.00400 -9.32488e-02 | 92  0.03169 -8.33993e-02 | 93  0.00356 -8.47682e-02
 94 -0.00320 -9.98741e-02 | 95 -0.00060 -9.93992e-02 | 96 -0.00034 -1.02643e-01
 97 -0.00254  1.84330e-01 | 98 -0.40236 -2.49209e-01 | 99 -0.28374  1.56355e-02
100 -0.24322 -4.42890e-02 |

 - final statistics:
100 variables; iteration 63; function evaluation 93
Function value 5.4400e+02; maximum gradient component mag 9.2205e-01
Exit code = 1;  converg criter 1.0000e+00
Var    Value     Gradient |Var    Value     Gradient |Var    Value     Gradient
  1  0.61364  9.22048e-01 |  2 -0.00040 -2.77236e-02 |  3 -0.00041 -2.75563e-02
  4 -0.00043 -2.74021e-02 |  5 -0.00044 -2.72798e-02 |  6 -0.00047 -2.72118e-02
  7 -0.00049 -2.72198e-02 |  8 -0.00052 -2.73007e-02 |  9 -0.00056 -2.74527e-02
 10 -0.00060 -2.76179e-02 | 11 -0.00064 -2.76972e-02 | 12 -0.00069 -2.75704e-02
 13 -0.00075 -2.71418e-02 | 14 -0.00080 -2.64130e-02 | 15 -0.00079 -2.54919e-02
 16 -0.00089 -2.45925e-02 | 17 -0.00091 -2.37968e-02 | 18 -0.00092 -2.30841e-02
 19 -0.00087 -2.22845e-02 | 20 -0.00077 -2.11882e-02 | 21 -0.00045 -1.97618e-02
 22 -0.00066 -1.83340e-02 | 23 -0.00127 -1.90429e-02 | 24 -0.00260 -1.27409e-02
 25 -0.00493 -2.11017e-02 | 26 -0.00683 -1.56602e-02 | 27 -0.00809 -1.60272e-02
 28 -0.00868 -1.38018e-02 | 29 -0.00141 -1.13565e-02 | 30 -0.00454 -1.07277e-02
 31 -0.00422 -6.59017e-03 | 32 -0.00329 -6.14478e-03 | 33 -0.00459 -8.69997e-03
 34  0.01421  5.68176e-03 | 35 -0.00655 -7.68061e-03 | 36 -0.00614 -2.44433e-03
 37 -0.00340  2.79910e-03 | 38 -0.00756 -9.48894e-04 | 39 -0.00908  5.20352e-03
 40  0.00443  1.10224e-02 | 41  0.01955  2.15601e-02 | 42 -0.00038  1.20267e-02
 43  0.01117  2.08883e-02 | 44 -0.00029  1.72907e-02 | 45 -0.01699  1.85707e-03
 46  0.00314  2.16236e-02 | 47 -0.00606  1.92665e-02 | 48 -0.00763  2.25746e-02
 49 -0.00796  2.27024e-02 | 50 -0.01462  2.30166e-02 | 51 -0.00698  2.45196e-02
 52 -0.00200  3.04918e-02 | 53  0.00288  3.64197e-02 | 54 -0.01360  2.70057e-02
 55  0.00759  4.84383e-02 | 56 -0.00925  3.64261e-02 | 57  0.00165  5.62810e-02
 58  0.00197  4.15221e-02 | 59  0.01470  4.63770e-02 | 60 -0.00896  3.67141e-02
 61  0.02682  7.62675e-02 | 62 -0.01498  2.42392e-02 | 63 -0.00193  3.35474e-02
 64  0.00775  4.07558e-02 | 65 -0.03272  1.11603e-02 | 66 -0.01312  1.23168e-02
 67  0.01553  3.95623e-02 | 68  0.02492  5.36965e-02 | 69  0.02871  5.04364e-02
 70  0.02496  4.33089e-02 | 71  0.00319  1.93868e-02 | 72  0.02913  4.59274e-02
 73 -0.00814  9.96649e-03 | 74 -0.00853  7.88585e-03 | 75 -0.00824  1.09846e-02
 76 -0.01974 -4.46518e-03 | 77 -0.00767  2.65485e-04 | 78 -0.00798  7.98385e-03
 79  0.00251  1.02338e-03 | 80 -0.02747 -1.16922e-02 | 81 -0.01031 -1.20546e-02
 82 -0.01931 -1.35682e-02 | 83  0.02463 -2.38200e-03 | 84 -0.02751 -1.96748e-02
 85 -0.01068 -2.57492e-02 | 86 -0.00795 -1.96802e-02 | 87  0.02424 -1.90582e-02
 88  0.03376 -2.26338e-02 | 89  0.06833 -2.01378e-02 | 90 -0.01310 -2.77939e-02
 91  0.00400 -2.79389e-02 | 92  0.03169 -2.55442e-02 | 93  0.00356 -2.67936e-02
 94 -0.00320 -2.89578e-02 | 95 -0.00060 -2.88391e-02 | 96 -0.00034 -2.90107e-02
 97 -0.00254  5.52137e-02 | 98 -0.40236 -7.46234e-02 | 99 -0.28373  3.68264e-03
100 -0.24322 -9.82578e-03 |

Initial statistics: 107 variables; iteration 0; function evaluation 0; phase 4
Function value 5.4400337e+02; maximum gradient component mag -2.4881e+02
Var    Value     Gradient |Var    Value     Gradient |Var    Value     Gradient
  1 -0.42263 -2.48808e+02 |  2 -0.42263  1.52891e+01 |  3 -0.41094 -2.32140e+02
  4  0.61364  9.22048e-01 |  5  0.00000  2.26357e-01 |  6  0.00000  5.01026e-02
  7  0.00000  6.11525e-02 |  8  0.00000  7.45853e-02 |  9 -0.00040 -2.80125e-02
 10 -0.00041 -2.78452e-02 | 11 -0.00043 -2.76910e-02 | 12 -0.00044 -2.75687e-02
 13 -0.00047 -2.75007e-02 | 14 -0.00049 -2.75088e-02 | 15 -0.00052 -2.75897e-02
 16 -0.00056 -2.77417e-02 | 17 -0.00060 -2.79069e-02 | 18 -0.00064 -2.79861e-02
 19 -0.00069 -2.78593e-02 | 20 -0.00075 -2.74307e-02 | 21 -0.00080 -2.67019e-02
 22 -0.00079 -2.57809e-02 | 23 -0.00089 -2.48814e-02 | 24 -0.00091 -2.40858e-02
 25 -0.00092 -2.33730e-02 | 26 -0.00087 -2.25734e-02 | 27 -0.00077 -2.14771e-02
 28 -0.00045 -2.00507e-02 | 29 -0.00066 -1.86229e-02 | 30 -0.00127 -1.93318e-02
 31 -0.00260 -1.30298e-02 | 32 -0.00493 -2.13906e-02 | 33 -0.00683 -1.59492e-02
 34 -0.00809 -1.63161e-02 | 35 -0.00868 -1.40907e-02 | 36 -0.00141 -1.16455e-02
 37 -0.00454 -1.10166e-02 | 38 -0.00422 -6.87912e-03 | 39 -0.00329 -6.43373e-03
 40 -0.00459 -8.98892e-03 | 41  0.01421  5.39287e-03 | 42 -0.00655 -7.96955e-03
 43 -0.00614 -2.73327e-03 | 44 -0.00340  2.51015e-03 | 45 -0.00756 -1.23783e-03
 46 -0.00908  4.91459e-03 | 47  0.00443  1.07334e-02 | 48  0.01955  2.12712e-02
 49 -0.00038  1.17378e-02 | 50  0.01117  2.05994e-02 | 51 -0.00029  1.70017e-02
 52 -0.01699  1.56821e-03 | 53  0.00314  2.13346e-02 | 54 -0.00606  1.89776e-02
 55 -0.00763  2.22857e-02 | 56 -0.00796  2.24135e-02 | 57 -0.01462  2.27277e-02
 58 -0.00698  2.42307e-02 | 59 -0.00200  3.02028e-02 | 60  0.00288  3.61307e-02
 61 -0.01360  2.67168e-02 | 62  0.00759  4.81494e-02 | 63 -0.00925  3.61372e-02
 64  0.00165  5.59920e-02 | 65  0.00197  4.12332e-02 | 66  0.01470  4.60881e-02
 67 -0.00896  3.64252e-02 | 68  0.02682  7.59788e-02 | 69 -0.01498  2.39504e-02
 70 -0.00193  3.32585e-02 | 71  0.00775  4.04669e-02 | 72 -0.03272  1.08717e-02
 73 -0.01312  1.20279e-02 | 74  0.01553  3.92734e-02 | 75  0.02492  5.34078e-02
 76  0.02871  5.01477e-02 | 77  0.02496  4.30202e-02 | 78  0.00319  1.90978e-02
 79  0.02913  4.56387e-02 | 80 -0.00814  9.67756e-03 | 81 -0.00853  7.59692e-03
 82 -0.00824  1.06957e-02 | 83 -0.01974 -4.75399e-03 | 84 -0.00767 -2.34502e-05
 85 -0.00798  7.69491e-03 | 86  0.00251  7.34425e-04 | 87 -0.02747 -1.19808e-02
 88 -0.01031 -1.23435e-02 | 89 -0.01931 -1.38570e-02 | 90  0.02463 -2.67074e-03
 91 -0.02751 -1.99634e-02 | 92 -0.01068 -2.60381e-02 | 93 -0.00795 -1.99691e-02
 94  0.02424 -1.93470e-02 | 95  0.03376 -2.29224e-02 | 96  0.06833 -2.04251e-02
 97 -0.01310 -2.80828e-02 | 98  0.00400 -2.82278e-02 | 99  0.03169 -2.58328e-02
100  0.00356 -2.70826e-02 |101 -0.00320 -2.92467e-02 |102 -0.00060 -2.91280e-02
103 -0.00034 -2.92996e-02 |104 -0.00254  5.52137e-02 |105 -0.40236 -7.46234e-02
106 -0.28373  3.68264e-03 |107 -0.24322 -9.82578e-03 |

Intermediate statistics: 107 variables; iteration 20; function evaluation 25; phase 4
Function value 5.4227325e+02; maximum gradient component mag -1.9915e+03
Var    Value     Gradient |Var    Value     Gradient |Var    Value     Gradient
  1 -0.42449 -3.27227e+02 |  2 -0.42939 -1.99150e+03 |  3 -0.39723 -9.15383e+02
  4  0.61516 -1.59383e+03 |  5 -0.00006 -1.05426e+00 |  6 -0.00001 -2.33193e-01
  7 -0.00002 -2.84607e-01 |  8 -0.00002 -3.47234e-01 |  9 -0.00042  4.77463e+01
 10 -0.00043  4.76456e+01 | 11 -0.00044  4.75233e+01 | 12 -0.00046  4.73751e+01
 13 -0.00048  4.71959e+01 | 14 -0.00050  4.69796e+01 | 15 -0.00052  4.67199e+01
 16 -0.00055  4.64084e+01 | 17 -0.00059  4.60369e+01 | 18 -0.00062  4.55959e+01
 19 -0.00066  4.50758e+01 | 20 -0.00071  4.44675e+01 | 21 -0.00075  4.37615e+01
 22 -0.00072  4.29461e+01 | 23 -0.00081  4.20329e+01 | 24 -0.00081  4.10057e+01
 25 -0.00080  3.98788e+01 | 26 -0.00075  3.86574e+01 | 27 -0.00066  3.73540e+01
 28 -0.00036  3.59435e+01 | 29 -0.00062  3.45212e+01 | 30 -0.00127  3.41296e+01
 31 -0.00259  3.28107e+01 | 32 -0.00483  3.16244e+01 | 33 -0.00663  3.02790e+01
 34 -0.00783  2.87541e+01 | 35 -0.00844  2.69991e+01 | 36 -0.00096  2.21528e+01
 37 -0.00460  2.11076e+01 | 38 -0.00407  1.87226e+01 | 39 -0.00293  1.57219e+01
 40 -0.00442  1.35750e+01 | 41  0.01537 -2.01467e+00 | 42 -0.00671  8.94147e+00
 43 -0.00591  5.90822e+00 | 44 -0.00279  8.80604e-01 | 45 -0.00682  9.31076e-01
 46 -0.00968 -1.20673e+00 | 47  0.00515 -1.60889e+01 | 48  0.02007 -3.86867e+01
 49 -0.00010 -1.93058e+01 | 50  0.01050 -3.79157e+01 | 51  0.00083 -2.79193e+01
 52 -0.01749 -1.40342e+01 | 53  0.00316 -4.19671e+01 | 54 -0.00519 -3.39674e+01
 55 -0.00649 -3.57198e+01 | 56 -0.00663 -3.88475e+01 | 57 -0.01578 -3.34914e+01
 58 -0.00713 -4.61591e+01 | 59 -0.00198 -5.63976e+01 | 60  0.00773 -6.81133e+01
 61 -0.01416 -4.27979e+01 | 62  0.00794 -7.90867e+01 | 63 -0.00894 -4.99669e+01
 64  0.00163 -6.85396e+01 | 65  0.00348 -6.90428e+01 | 66  0.01550 -9.46765e+01
 67 -0.00853 -5.01395e+01 | 68  0.02641 -1.23378e+02 | 69 -0.01453 -4.00949e+01
 70 -0.00288 -6.03422e+01 | 71  0.00724 -7.66631e+01 | 72 -0.03256 -1.60326e+01
 73 -0.01360 -3.50068e+01 | 74  0.01461 -8.03951e+01 | 75  0.02539 -8.35069e+01
 76  0.02722 -1.03099e+02 | 77  0.02530 -7.70138e+01 | 78  0.00185 -4.29416e+01
 79  0.02973 -7.95128e+01 | 80 -0.00914 -2.20669e+01 | 81 -0.00824 -2.38842e+01
 82 -0.00914 -2.15449e+01 | 83 -0.01938 -7.46427e+00 | 84 -0.00887 -1.53530e+01
 85 -0.00723 -7.98837e+00 | 86  0.00108 -2.38779e+01 | 87 -0.02684  1.16067e+01
 88 -0.01159  5.81039e+00 | 89 -0.01966  1.24913e+01 | 90  0.02399  5.47039e+00
 91 -0.02780  2.67420e+01 | 92 -0.01214  2.80110e+01 | 93 -0.00829  2.74438e+01
 94  0.02244  2.35273e+01 | 95  0.03360  2.80551e+01 | 96  0.06686  2.27384e+01
 97 -0.01365  4.00938e+01 | 98  0.00187  4.65400e+01 | 99  0.03135  4.65234e+01
100  0.00227  5.82801e+01 |101 -0.00372  4.76099e+01 |102 -0.00057  4.82655e+01
103 -0.00037  4.82072e+01 |104 -0.02090 -1.18639e+02 |105 -0.40866  1.81294e+02
106 -0.30382  9.36740e-01 |107 -0.24956 -2.70671e+01 |
107 variables; iteration 40; function evaluation 46; phase 4
Function value 5.4174344e+02; maximum gradient component mag -1.4299e+03
Var    Value     Gradient |Var    Value     Gradient |Var    Value     Gradient
  1 -0.42347 -1.17372e+02 |  2 -0.43133 -1.42992e+03 |  3 -0.39327 -6.02261e+02
  4  0.61541 -1.18093e+03 |  5  0.00012 -5.21329e-01 |  6  0.00003 -1.13313e-01
  7  0.00003 -1.38537e-01 |  8  0.00004 -1.69436e-01 |  9 -0.00051  3.64152e+01
 10 -0.00052  3.63382e+01 | 11 -0.00053  3.62446e+01 | 12 -0.00055  3.61307e+01
 13 -0.00056  3.59926e+01 | 14 -0.00059  3.58253e+01 | 15 -0.00061  3.56257e+01
 16 -0.00064  3.53850e+01 | 17 -0.00067  3.50975e+01 | 18 -0.00071  3.47561e+01
 19 -0.00075  3.43538e+01 | 20 -0.00079  3.38853e+01 | 21 -0.00082  3.33435e+01
 22 -0.00079  3.27219e+01 | 23 -0.00087  3.20328e+01 | 24 -0.00085  3.12685e+01
 25 -0.00082  3.04454e+01 | 26 -0.00073  2.95697e+01 | 27 -0.00060  2.86441e+01
 28 -0.00028  2.76297e+01 | 29 -0.00055  2.65676e+01 | 30 -0.00118  2.63509e+01
 31 -0.00245  2.54224e+01 | 32 -0.00464  2.45389e+01 | 33 -0.00652  2.33221e+01
 34 -0.00781  2.20027e+01 | 35 -0.00844  2.06482e+01 | 36 -0.00102  1.68128e+01
 37 -0.00460  1.61624e+01 | 38 -0.00394  1.45524e+01 | 39 -0.00288  1.21687e+01
 40 -0.00441  1.05195e+01 | 41  0.01570 -1.06049e+00 | 42 -0.00654  7.05841e+00
 43 -0.00569  4.84748e+00 | 44 -0.00298  5.99452e-01 | 45 -0.00686  7.92742e-01
 46 -0.00984 -6.62319e-01 | 47  0.00672 -1.02402e+01 | 48  0.01977 -2.94367e+01
 49 -0.00140 -1.53645e+01 | 50  0.01150 -2.85174e+01 | 51 -0.00043 -2.20338e+01
 52 -0.01608 -8.79008e+00 | 53  0.00145 -3.32646e+01 | 54 -0.00603 -2.62356e+01
 55 -0.00771 -2.78769e+01 | 56 -0.00863 -3.09603e+01 | 57 -0.01447 -2.33621e+01
 58 -0.00183 -3.12974e+01 | 59 -0.00197 -4.21856e+01 | 60  0.00516 -5.02131e+01
 61 -0.01229 -3.01277e+01 | 62  0.00829 -5.84599e+01 | 63 -0.00892 -3.69095e+01
 64  0.00374 -4.93334e+01 | 65  0.00374 -5.02460e+01 | 66  0.01501 -7.05732e+01
 67 -0.00722 -3.44936e+01 | 68  0.02784 -8.77412e+01 | 69 -0.01497 -2.96329e+01
 70 -0.00291 -4.40519e+01 | 71  0.00747 -5.61839e+01 | 72 -0.03531 -2.14385e+01
 73 -0.01427 -2.75146e+01 | 74  0.01482 -5.67814e+01 | 75  0.02507 -6.40710e+01
 76  0.02758 -6.69717e+01 | 77  0.02491 -5.95190e+01 | 78  0.00133 -3.85100e+01
 79  0.02984 -5.32121e+01 | 80 -0.00994 -2.48949e+01 | 81 -0.00769 -8.58844e+00
 82 -0.00887 -8.37246e+00 | 83 -0.01879  4.54270e+00 | 84 -0.00858 -2.54419e+00
 85 -0.00683  2.83090e+00 | 86  0.00176 -1.95095e+00 | 87 -0.02730  3.93433e+00
 88 -0.01145  1.05518e+01 | 89 -0.01882  2.45169e+01 | 90  0.02404  7.54704e+00
 91 -0.02748  2.62391e+01 | 92 -0.01167  3.10145e+01 | 93 -0.00832  2.40912e+01
 94  0.02270  2.51716e+01 | 95  0.03293  1.88002e+01 | 96  0.06670  2.06190e+01
 97 -0.01339  3.35670e+01 | 98  0.00083  2.35361e+01 | 99  0.03141  3.83433e+01
100  0.00188  4.19909e+01 |101 -0.00365  3.77009e+01 |102 -0.00060  3.68807e+01
103 -0.00046  3.67652e+01 |104 -0.02460 -8.20128e+01 |105 -0.41105  1.22210e+02
106 -0.30237 -6.36971e-01 |107 -0.24728  4.46283e-01 |
107 variables; iteration 60; function evaluation 78; phase 4
Function value 5.4152003e+02; maximum gradient component mag -7.1825e+02
Var    Value     Gradient |Var    Value     Gradient |Var    Value     Gradient
  1 -0.42363 -2.08018e+01 |  2 -0.43245 -7.18249e+02 |  3 -0.39041 -2.83329e+02
  4  0.61586 -6.21275e+02 |  5 -0.00003 -3.71541e-01 |  6 -0.00001 -8.36437e-02
  7 -0.00001 -1.02010e-01 |  8 -0.00001 -1.24357e-01 |  9 -0.00038  1.93802e+01
 10 -0.00039  1.93361e+01 | 11 -0.00040  1.92826e+01 | 12 -0.00042  1.92176e+01
 13 -0.00044  1.91388e+01 | 14 -0.00046  1.90435e+01 | 15 -0.00048  1.89295e+01
 16 -0.00051  1.87921e+01 | 17 -0.00054  1.86279e+01 | 18 -0.00058  1.84328e+01
 19 -0.00062  1.82022e+01 | 20 -0.00066  1.79330e+01 | 21 -0.00070  1.76209e+01
 22 -0.00068  1.72622e+01 | 23 -0.00077  1.68647e+01 | 24 -0.00077  1.64269e+01
 25 -0.00076  1.59631e+01 | 26 -0.00069  1.54851e+01 | 27 -0.00058  1.50003e+01
 28 -0.00027  1.44829e+01 | 29 -0.00054  1.39398e+01 | 30 -0.00119  1.38505e+01
 31 -0.00249  1.33365e+01 | 32 -0.00476  1.27242e+01 | 33 -0.00656  1.20543e+01
 34 -0.00774  1.14215e+01 | 35 -0.00836  1.07422e+01 | 36 -0.00084  8.70099e+00
 37 -0.00433  8.54106e+00 | 38 -0.00389  7.50622e+00 | 39 -0.00279  6.25208e+00
 40 -0.00422  5.47848e+00 | 41  0.01573 -7.55369e-01 | 42 -0.00665  2.90952e+00
 43 -0.00575  2.12420e+00 | 44 -0.00275  8.54532e-02 | 45 -0.00672  2.18669e-01
 46 -0.00957 -6.16623e-01 | 47  0.00551 -6.51962e+00 | 48  0.02006 -1.61440e+01
 49 -0.00062 -8.50549e+00 | 50  0.01206 -1.49436e+01 | 51  0.00031 -1.19432e+01
 52 -0.01662 -5.39977e+00 | 53  0.00413 -1.66342e+01 | 54 -0.00590 -1.46967e+01
 55 -0.00612 -1.40333e+01 | 56 -0.00659 -1.56589e+01 | 57 -0.01379 -1.20400e+01
 58 -0.00426 -1.64336e+01 | 59  0.00168 -2.05623e+01 | 60 -0.00032 -3.29350e+01
 61 -0.01350 -1.78030e+01 | 62  0.00869 -3.13514e+01 | 63 -0.00936 -2.13539e+01
 64  0.00313 -2.65021e+01 | 65  0.00129 -3.02728e+01 | 66  0.01475 -3.91908e+01
 67 -0.00814 -1.97294e+01 | 68  0.02638 -5.03578e+01 | 69 -0.01448 -1.49823e+01
 70 -0.00289 -2.32398e+01 | 71  0.00708 -2.95304e+01 | 72 -0.03256 -6.66269e+00
 73 -0.01447 -1.45307e+01 | 74  0.01471 -2.99239e+01 | 75  0.02492 -3.56783e+01
 76  0.02757 -3.09580e+01 | 77  0.02508 -2.80676e+01 | 78  0.00191 -1.03821e+01
 79  0.02947 -3.03600e+01 | 80 -0.00951 -5.23190e+00 | 81 -0.00807 -4.44438e+00
 82 -0.00921 -4.68584e+00 | 83 -0.01931  8.83341e-01 | 84 -0.00902 -1.68451e+00
 85 -0.00725 -6.52921e-01 | 86  0.00144  1.74299e+00 | 87 -0.02635  9.65057e+00
 88 -0.01159  9.02675e+00 | 89 -0.01961  1.01150e+01 | 90  0.02373  4.29937e+00
 91 -0.02773  1.41797e+01 | 92 -0.01231  1.40128e+01 | 93 -0.00815  1.54179e+01
 94  0.02246  1.55053e+01 | 95  0.03333  1.41530e+01 | 96  0.06679  1.47191e+01
 97 -0.01305  1.86535e+01 | 98  0.00158  1.98960e+01 | 99  0.03146  2.08930e+01
100  0.00145  1.93205e+01 |101 -0.00402  1.96851e+01 |102 -0.00052  1.96043e+01
103 -0.00033  1.95809e+01 |104 -0.02432 -3.76853e+01 |105 -0.41140  5.73901e+01
106 -0.30674 -2.91667e+00 |107 -0.24784  5.73603e+00 |
Maximum number of function evaluations exceeded

 - final statistics:
107 variables; iteration 75; function evaluation 100
Function value 5.4142e+02; maximum gradient component mag -4.0345e+02
Exit code = 3;  converg criter 1.0000e+00
Var    Value     Gradient |Var    Value     Gradient |Var    Value     Gradient
  1 -0.42504 -1.64359e+01 |  2 -0.43349 -4.03454e+02 |  3 -0.38745 -1.50231e+02
  4  0.61637 -3.44106e+02 |  5  0.00026  2.61610e-01 |  6  0.00005  5.14145e-02
  7  0.00006  6.32686e-02 |  8  0.00008  7.78363e-02 |  9 -0.00040  1.04463e+01
 10 -0.00041  1.04184e+01 | 11 -0.00042  1.03844e+01 | 12 -0.00044  1.03430e+01
 13 -0.00046  1.02928e+01 | 14 -0.00048  1.02319e+01 | 15 -0.00050  1.01619e+01
 16 -0.00053  1.00777e+01 | 17 -0.00056  9.97934e+00 | 18 -0.00059  9.86729e+00
 19 -0.00062  9.74323e+00 | 20 -0.00064  9.61353e+00 | 21 -0.00064  9.48418e+00
 22 -0.00054  9.36705e+00 | 23 -0.00054  9.27594e+00 | 24 -0.00041  9.20967e+00
 25 -0.00028  9.13685e+00 | 26 -0.00014  8.98436e+00 | 27 -0.00007  8.66931e+00
 28  0.00009  8.20033e+00 | 29 -0.00033  7.69554e+00 | 30 -0.00108  7.52820e+00
 31 -0.00228  7.41828e+00 | 32 -0.00428  7.40265e+00 | 33 -0.00621  6.75615e+00
 34 -0.00745  6.28379e+00 | 35 -0.00809  5.89835e+00 | 36 -0.00064  4.55241e+00
 37 -0.00430  4.42637e+00 | 38 -0.00360  4.22363e+00 | 39 -0.00241  3.60977e+00
 40 -0.00401  2.95467e+00 | 41  0.01580 -8.14629e-01 | 42 -0.00634  1.49905e+00
 43 -0.00532  1.35374e+00 | 44 -0.00267 -3.18690e-01 | 45 -0.00661 -1.50990e-01
 46 -0.00927 -3.46799e-01 | 47  0.00553 -3.73452e+00 | 48  0.02046 -8.95254e+00
 49 -0.00064 -5.53775e+00 | 50  0.01130 -9.40559e+00 | 51  0.00095 -6.40806e+00
 52 -0.01689 -3.54258e+00 | 53  0.00363 -1.00072e+01 | 54 -0.00502 -7.67144e+00
 55 -0.00624 -7.88738e+00 | 56 -0.00673 -9.19499e+00 | 57 -0.01477 -7.97620e+00
 58 -0.00616 -1.04619e+01 | 59 -0.00123 -1.28972e+01 | 60  0.00444 -1.56063e+01
 61 -0.01305 -9.43043e+00 | 62  0.00795 -1.82782e+01 | 63 -0.00888 -1.16394e+01
 64  0.00144 -1.61084e+01 | 65  0.00290 -1.49902e+01 | 66  0.01507 -2.08208e+01
 67 -0.00863 -1.16817e+01 | 68  0.02594 -2.91036e+01 | 69 -0.01472 -8.00507e+00
 70 -0.00350 -1.37350e+01 | 71  0.00633 -1.84355e+01 | 72 -0.03323 -5.77676e+00
 73 -0.01465 -7.58541e+00 | 74  0.01423 -1.78830e+01 | 75  0.02468 -2.17276e+01
 76  0.02719 -1.82621e+01 | 77  0.02504 -1.45105e+01 | 78  0.00174 -2.96483e+00
 79  0.02938 -1.84391e+01 | 80 -0.00963 -6.56182e-01 | 81 -0.00825 -4.37345e+00
 82 -0.00942 -3.32094e+00 | 83 -0.01949 -1.34384e+00 | 84 -0.00928 -1.27541e+00
 85 -0.00732 -2.29182e+00 | 86  0.00115  3.74661e-02 | 87 -0.02612  7.78775e+00
 88 -0.01184  5.27939e+00 | 89 -0.01984  3.52339e+00 | 90  0.02353  2.34598e+00
 91 -0.02785  7.23189e+00 | 92 -0.01262  6.95942e+00 | 93 -0.00823  8.29468e+00
 94  0.02214  8.71540e+00 | 95  0.03342  9.55929e+00 | 96  0.06664  9.02942e+00
 97 -0.01282  1.09557e+01 | 98  0.00161  1.48051e+01 | 99  0.03147  1.10626e+01
100  0.00136  1.04187e+01 |101 -0.00389  1.07122e+01 |102 -0.00043  1.07484e+01
103 -0.00035  1.05728e+01 |104 -0.03061 -2.00834e+01 |105 -0.41424  2.94786e+01
106 -0.30692 -1.35975e+00 |107 -0.24597  4.26425e-01 |

Initial statistics: 110 variables; iteration 0; function evaluation 0; phase 5
Function value 5.4141546e+02; maximum gradient component mag -4.2811e+02
Var    Value     Gradient |Var    Value     Gradient |Var    Value     Gradient
  1 -0.42504 -1.64359e+01 |  2 -0.43349 -4.03454e+02 |  3 -0.38745 -1.50231e+02
  4 -0.41222  3.64772e+01 |  5 -0.41222  3.54704e+01 |  6  0.61637 -3.44106e+02
  7  0.00026  2.61610e-01 |  8  0.00005  5.14145e-02 |  9  0.00006  6.32686e-02
 10  0.00008  7.78363e-02 | 11 -0.00040  1.04468e+01 | 12 -0.00041  1.04189e+01
 13 -0.00042  1.03849e+01 | 14 -0.00044  1.03436e+01 | 15 -0.00046  1.02933e+01
 16 -0.00048  1.02324e+01 | 17 -0.00050  1.01624e+01 | 18 -0.00053  1.00782e+01
 19 -0.00056  9.97986e+00 | 20 -0.00059  9.86781e+00 | 21 -0.00062  9.74375e+00
 22 -0.00064  9.61405e+00 | 23 -0.00064  9.48470e+00 | 24 -0.00054  9.36757e+00
 25 -0.00054  9.27646e+00 | 26 -0.00041  9.21019e+00 | 27 -0.00028  9.13737e+00
 28 -0.00014  8.98488e+00 | 29 -0.00007  8.66983e+00 | 30  0.00009  8.20085e+00
 31 -0.00033  7.69606e+00 | 32 -0.00108  7.52872e+00 | 33 -0.00228  7.41880e+00
 34 -0.00428  7.40317e+00 | 35 -0.00621  6.75667e+00 | 36 -0.00745  6.28431e+00
 37 -0.00809  5.89887e+00 | 38 -0.00064  4.55293e+00 | 39 -0.00430  4.42689e+00
 40 -0.00360  4.22415e+00 | 41 -0.00241  3.61029e+00 | 42 -0.00401  2.95519e+00
 43  0.01580 -8.14109e-01 | 44 -0.00634  1.49957e+00 | 45 -0.00532  1.35426e+00
 46 -0.00267 -3.18170e-01 | 47 -0.00661 -1.50470e-01 | 48 -0.00927 -3.46279e-01
 49  0.00553 -3.73400e+00 | 50  0.02046 -8.95202e+00 | 51 -0.00064 -5.53723e+00
 52  0.01130 -9.40507e+00 | 53  0.00095 -6.40754e+00 | 54 -0.01689 -3.54206e+00
 55  0.00363 -1.00067e+01 | 56 -0.00502 -7.67092e+00 | 57 -0.00624 -7.88685e+00
 58 -0.00673 -9.19447e+00 | 59 -0.01477 -7.97568e+00 | 60 -0.00616 -1.04613e+01
 61 -0.00123 -1.28967e+01 | 62  0.00444 -1.56058e+01 | 63 -0.01305 -9.42991e+00
 64  0.00795 -1.82776e+01 | 65 -0.00888 -1.16389e+01 | 66  0.00144 -1.61079e+01
 67  0.00290 -1.49897e+01 | 68  0.01507 -2.08202e+01 | 69 -0.00863 -1.16812e+01
 70  0.02594 -2.91030e+01 | 71 -0.01472 -8.00455e+00 | 72 -0.00350 -1.37345e+01
 73  0.00633 -1.84350e+01 | 74 -0.03323 -5.77624e+00 | 75 -0.01465 -7.58489e+00
 76  0.01423 -1.78825e+01 | 77  0.02468 -2.17271e+01 | 78  0.02719 -1.82615e+01
 79  0.02504 -1.45100e+01 | 80  0.00174 -2.96431e+00 | 81  0.02938 -1.84385e+01
 82 -0.00963 -6.55662e-01 | 83 -0.00825 -4.37293e+00 | 84 -0.00942 -3.32042e+00
 85 -0.01949 -1.34332e+00 | 86 -0.00928 -1.27489e+00 | 87 -0.00732 -2.29130e+00
 88  0.00115  3.79863e-02 | 89 -0.02612  7.78827e+00 | 90 -0.01184  5.27991e+00
 91 -0.01984  3.52391e+00 | 92  0.02353  2.34650e+00 | 93 -0.02785  7.23241e+00
 94 -0.01262  6.95994e+00 | 95 -0.00823  8.29520e+00 | 96  0.02214  8.71592e+00
 97  0.03342  9.55981e+00 | 98  0.06664  9.02994e+00 | 99 -0.01282  1.09562e+01
100  0.00161  1.48056e+01 |101  0.03147  1.10631e+01 |102  0.00136  1.04193e+01
103 -0.00389  1.07127e+01 |104 -0.00043  1.07489e+01 |105 -0.00035  1.05734e+01
106  0.00000 -4.28112e+02 |107 -0.03061 -2.00834e+01 |108 -0.41424  2.94786e+01
109 -0.30692 -1.35975e+00 |110 -0.24597  4.26425e-01 |

Intermediate statistics: 110 variables; iteration 20; function evaluation 26; phase 5
Function value 5.4004007e+02; maximum gradient component mag -5.6034e+02
Var    Value     Gradient |Var    Value     Gradient |Var    Value     Gradient
  1 -0.42518  4.01192e+01 |  2 -0.42811 -4.92205e+02 |  3 -0.39413 -1.58470e+02
  4 -0.39834  1.55700e+01 |  5 -0.47093  1.02931e+01 |  6  0.61305 -5.60340e+02
  7  0.00049  5.66662e-01 |  8  0.00010  1.13599e-01 |  9  0.00012  1.39594e-01
 10  0.00015  1.71498e-01 | 11 -0.00049  1.72858e+01 | 12 -0.00050  1.72438e+01
 13 -0.00052  1.71925e+01 | 14 -0.00055  1.71300e+01 | 15 -0.00058  1.70540e+01
 16 -0.00061  1.69620e+01 | 17 -0.00065  1.68575e+01 | 18 -0.00069  1.67317e+01
 19 -0.00074  1.65859e+01 | 20 -0.00078  1.64217e+01 | 21 -0.00083  1.62434e+01
 22 -0.00085  1.60627e+01 | 23 -0.00085  1.58928e+01 | 24 -0.00073  1.57567e+01
 25 -0.00066  1.56794e+01 | 26 -0.00044  1.56613e+01 | 27 -0.00019  1.56453e+01
 28  0.00005  1.54980e+01 | 29  0.00016  1.50637e+01 | 30  0.00030  1.43462e+01
 31 -0.00024  1.35178e+01 | 32 -0.00122  1.31267e+01 | 33 -0.00268  1.28726e+01
 34 -0.00481  1.29178e+01 | 35 -0.00681  1.20036e+01 | 36 -0.00812  1.13435e+01
 37 -0.00886  1.09536e+01 | 38 -0.00118  8.49546e+00 | 39 -0.00456  8.97973e+00
 40 -0.00331  8.71385e+00 | 41 -0.00241  7.86166e+00 | 42 -0.00484  7.18114e+00
 43  0.01583  5.14726e-01 | 44 -0.00645  5.02488e+00 | 45 -0.00495  4.69173e+00
 46 -0.00209  2.29032e+00 | 47 -0.00625  2.56599e+00 | 48 -0.00926  3.10156e+00
 49  0.00538 -3.34506e+00 | 50  0.01862 -1.05112e+01 | 51 -0.00199 -5.74171e+00
 52  0.01233 -1.12480e+01 | 53  0.00066 -6.81477e+00 | 54 -0.01725 -2.45868e+00
 55  0.00257 -1.20398e+01 | 56 -0.00412 -7.77517e+00 | 57 -0.00567 -8.09321e+00
 58 -0.00655 -1.07192e+01 | 59 -0.01505 -8.71614e+00 | 60 -0.00666 -1.22673e+01
 61  0.00051 -1.50034e+01 | 62  0.00485 -1.96794e+01 | 63 -0.01347 -1.08769e+01
 64  0.00677 -2.34138e+01 | 65 -0.01076 -1.44857e+01 | 66  0.00240 -2.00560e+01
 67  0.00347 -1.82773e+01 | 68  0.01433 -2.75044e+01 | 69 -0.00834 -1.51117e+01
 70  0.02648 -4.02539e+01 | 71 -0.01461 -1.02627e+01 | 72 -0.00367 -1.71876e+01
 73  0.00644 -2.40219e+01 | 74 -0.03278 -6.10875e+00 | 75 -0.01453 -1.38010e+01
 76  0.01450 -3.28513e+01 | 77  0.02392 -5.21086e+01 | 78  0.02756 -3.06558e+01
 79  0.02429 -5.23530e+01 | 80  0.00265 -9.51799e+00 | 81  0.02791 -7.78001e+01
 82 -0.00899 -1.45718e+01 | 83 -0.00788 -2.38309e+01 | 84 -0.00915 -2.52927e+01
 85 -0.01891 -1.30477e+01 | 86 -0.00822 -6.94729e+00 | 87 -0.00680 -2.79750e+01
 88  0.00249  2.74012e+00 | 89 -0.02589  8.29707e-01 | 90 -0.01030  2.71604e+01
 91 -0.01941  1.84114e+00 | 92  0.02428  5.27324e+00 | 93 -0.02786  3.75583e+00
 94 -0.01100  3.33732e+01 | 95 -0.00853  4.81454e+00 | 96  0.02394  5.87774e+01
 97  0.03310  1.22452e+01 | 98  0.06658  8.56872e+00 | 99 -0.01285  1.44489e+01
100  0.00166  2.75400e+01 |101  0.03013  1.51550e+01 |102 -0.00003  7.62673e+00
103 -0.00311  1.99762e+01 |104 -0.00039  1.78122e+01 |105 -0.00041  1.74766e+01
106  0.00193 -1.22248e+02 |107 -0.02712 -2.91502e+01 |108 -0.41323  3.64024e+01
109 -0.29718 -5.71726e+00 |110 -0.24439  8.36031e+00 |
110 variables; iteration 40; function evaluation 50; phase 5
Function value 5.3955636e+02; maximum gradient component mag -3.4636e+01
Var    Value     Gradient |Var    Value     Gradient |Var    Value     Gradient
  1 -0.42483  1.83572e+01 |  2 -0.42607  9.57017e+00 |  3 -0.39829  1.32055e+01
  4 -0.39440  8.62210e+00 |  5 -0.49621  5.00531e+00 |  6  0.61294 -3.46358e+01
  7 -0.00047 -5.63154e-01 |  8 -0.00010 -1.18323e-01 |  9 -0.00012 -1.44935e-01
 10 -0.00015 -1.77467e-01 | 11 -0.00021  1.41774e+00 | 12 -0.00021  1.42463e+00
 13 -0.00022  1.43310e+00 | 14 -0.00022  1.44353e+00 | 15 -0.00023  1.45626e+00
 16 -0.00024  1.47169e+00 | 17 -0.00025  1.48615e+00 | 18 -0.00027  1.50345e+00
 19 -0.00028  1.52099e+00 | 20 -0.00030  1.53569e+00 | 21 -0.00033  1.54279e+00
 22 -0.00037  1.53330e+00 | 23 -0.00042  1.49735e+00 | 24 -0.00042  1.41997e+00
 25 -0.00057  1.29133e+00 | 26 -0.00066  1.11375e+00 | 27 -0.00074  9.28951e-01
 28 -0.00071  8.14239e-01 | 29 -0.00054  8.35198e-01 | 30 -0.00011  9.49796e-01
 31 -0.00031  1.07355e+00 | 32 -0.00113  1.17334e+00 | 33 -0.00292  1.07390e+00
 34 -0.00558  7.76624e-01 | 35 -0.00700  1.11967e+00 | 36 -0.00816  1.22071e+00
 37 -0.00916  9.87479e-01 | 38 -0.00070  1.19520e+00 | 39 -0.00449  1.11346e+00
 40 -0.00365  7.66275e-01 | 41 -0.00317  4.65820e-01 | 42 -0.00590  1.34200e-01
 43  0.01610  4.61814e-01 | 44 -0.00656  7.16747e-01 | 45 -0.00557  3.91138e-01
 46 -0.00205  5.24470e-01 | 47 -0.00659  3.96537e-01 | 48 -0.01029  9.30092e-02
 49  0.00522  5.28261e-01 | 50  0.01860  7.92672e-01 | 51 -0.00257 -2.03362e+00
 52  0.01512  3.91901e+00 | 53 -0.00032 -2.61688e-01 | 54 -0.01674  1.87328e+00
 55  0.00281  4.21168e-01 | 56 -0.00482  6.46721e-01 | 57 -0.00718 -1.55196e-01
 58 -0.00605  1.73308e+00 | 59 -0.01487  7.43344e-01 | 60 -0.00790 -6.90837e-01
 61  0.00134  3.31131e+00 | 62  0.00294 -1.58700e+00 | 63 -0.01377  1.09009e+00
 64  0.00558 -1.15000e+00 | 65 -0.01056  1.29720e+00 | 66  0.00384  3.11188e+00
 67  0.00241  1.81031e+00 | 68  0.01300 -2.05491e+00 | 69 -0.00753  3.03600e+00
 70  0.02634 -2.79606e+00 | 71 -0.01574 -1.37047e+00 | 72 -0.00351  6.37133e-01
 73  0.00549 -6.07393e+00 | 74 -0.03284 -2.44906e+00 | 75 -0.01311  1.42204e+00
 76  0.01527 -1.65065e+00 | 77  0.02488 -4.27153e+00 | 78  0.02769 -3.16697e-02
 79  0.02483 -1.52230e+01 | 80  0.00261  3.29051e-01 | 81  0.02893 -1.93192e+01
 82 -0.00799  6.87836e+00 | 83 -0.00723 -4.43580e+00 | 84 -0.00842 -6.98779e+00
 85 -0.01886 -8.54402e+00 | 86 -0.00788  4.10516e-01 | 87 -0.00571 -7.05010e+00
 88  0.00221 -3.10777e+00 | 89 -0.02581  2.78489e+00 | 90 -0.01100  4.04710e+00
 91 -0.01915 -3.16459e+00 | 92  0.02409  4.19074e-02 | 93 -0.02766 -4.42401e+00
 94 -0.01168  6.43851e+00 | 95 -0.00828 -3.77224e+00 | 96  0.02270  1.41294e+01
 97  0.03324 -2.82940e-01 | 98  0.06668 -5.77390e-01 | 99 -0.01271 -6.84771e-01
100  0.00140  1.11567e+00 |101  0.03022 -1.99035e+00 |102  0.00113  5.42902e-01
103 -0.00337  2.67842e+00 |104 -0.00054  1.15168e+00 |105 -0.00018  1.38688e+00
106  0.00201 -1.31774e+01 |107 -0.02340 -5.60006e-01 |108 -0.41128 -3.99245e-03
109 -0.29647 -3.00341e+00 |110 -0.24614  2.23658e+00 |
110 variables; iteration 60; function evaluation 80; phase 5
Function value 5.3948262e+02; maximum gradient component mag -7.0083e+01
Var    Value     Gradient |Var    Value     Gradient |Var    Value     Gradient
  1 -0.42487 -7.54641e+00 |  2 -0.42528 -7.00831e+01 |  3 -0.39985 -2.85836e+01
  4 -0.39447 -1.72739e+00 |  5 -0.50423 -1.53332e+00 |  6  0.61273 -5.34823e+01
  7 -0.00038 -4.35434e-01 |  8 -0.00008 -8.56244e-02 |  9 -0.00009 -1.05352e-01
 10 -0.00012 -1.29692e-01 | 11 -0.00045  1.54475e+00 | 12 -0.00045  1.55335e+00
 13 -0.00045  1.56382e+00 | 14 -0.00046  1.57664e+00 | 15 -0.00046  1.59219e+00
 16 -0.00047  1.61094e+00 | 17 -0.00047  1.62718e+00 | 18 -0.00048  1.64658e+00
 19 -0.00049  1.66531e+00 | 20 -0.00051  1.67915e+00 | 21 -0.00053  1.68202e+00
 22 -0.00056  1.66635e+00 | 23 -0.00061  1.61862e+00 | 24 -0.00062  1.52970e+00
 25 -0.00075  1.40639e+00 | 26 -0.00077  1.29033e+00 | 27 -0.00073  1.25955e+00
 28 -0.00051  1.39693e+00 | 29 -0.00022  1.54669e+00 | 30  0.00006  1.36218e+00
 31 -0.00051  8.64077e-01 | 32 -0.00129  1.05859e+00 | 33 -0.00297  1.18341e+00
 34 -0.00565  8.74752e-01 | 35 -0.00725  8.56441e-01 | 36 -0.00857  6.35990e-01
 37 -0.00926  9.52942e-01 | 38 -0.00068  1.12276e+00 | 39 -0.00462  7.91367e-01
 40 -0.00334  9.60358e-01 | 41 -0.00283  7.81440e-01 | 42 -0.00554  5.80657e-01
 43  0.01606 -4.95583e-01 | 44 -0.00642  6.07144e-01 | 45 -0.00535  1.16827e-01
 46 -0.00144  6.59276e-01 | 47 -0.00625  1.78760e-01 | 48 -0.00965  4.55279e-01
 49  0.00535 -2.65723e-01 | 50  0.01837 -1.01493e+00 | 51 -0.00031  1.61824e-01
 52  0.01298 -1.49902e+00 | 53  0.00021 -8.19032e-01 | 54 -0.01771 -1.01177e+00
 55  0.00224 -2.38616e+00 | 56 -0.00552 -2.44173e+00 | 57 -0.00699 -1.60880e+00
 58 -0.00694 -2.02178e+00 | 59 -0.01455  1.98217e-02 | 60 -0.00736 -1.65126e+00
 61  0.00025 -1.18059e+00 | 62  0.00358 -3.05656e+00 | 63 -0.01404 -1.28430e+00
 64  0.00585 -2.43392e+00 | 65 -0.01199 -3.41287e+00 | 66  0.00295 -2.27912e+00
 67  0.00164 -2.68893e+00 | 68  0.01346 -3.64556e+00 | 69 -0.00867 -2.21173e+00
 70  0.02676 -4.62664e+00 | 71 -0.01502 -7.94602e-01 | 72 -0.00378 -2.36092e+00
 73  0.00661 -2.94542e+00 | 74 -0.03219 -3.62064e-01 | 75 -0.01306 -1.50585e+00
 76  0.01550 -2.78886e+00 | 77  0.02509 -2.84200e+00 | 78  0.02771 -3.54334e+00
 79  0.02560 -1.23438e+00 | 80  0.00266 -1.25119e+00 | 81  0.02963 -9.75703e-01
 82 -0.00823 -1.59487e+00 | 83 -0.00692 -2.86166e-01 | 84 -0.00799  3.36135e-01
 85 -0.01820  1.16758e+00 | 86 -0.00777 -2.93557e-01 | 87 -0.00522  6.49130e-01
 88  0.00247  2.66099e-01 | 89 -0.02622  3.47598e-02 | 90 -0.01109  2.02854e-01
 91 -0.01884  8.48683e-01 | 92  0.02407  1.20071e-01 | 93 -0.02717  1.95000e+00
 94 -0.01195 -5.11267e-02 | 95 -0.00793  1.23110e+00 | 96  0.02218 -6.17953e-01
 97  0.03340  1.21865e+00 | 98  0.06681  1.28788e+00 | 99 -0.01243  1.70680e+00
100  0.00165  2.10196e+00 |101  0.03047  1.59563e+00 |102  0.00146  2.10625e+00
103 -0.00401  1.79646e+00 |104 -0.00078  1.28782e+00 |105 -0.00044  1.50581e+00
106  0.00216 -2.25200e+01 |107 -0.02397 -3.60650e+00 |108 -0.41145  4.72632e+00
109 -0.29251  5.37356e-01 |110 -0.24499 -1.62499e+00 |
110 variables; iteration 80; function evaluation 114; phase 5
Function value 5.3947809e+02; maximum gradient component mag -2.1506e+01
Var    Value     Gradient |Var    Value     Gradient |Var    Value     Gradient
  1 -0.42499 -1.57965e+00 |  2 -0.42534 -2.15063e+01 |  3 -0.39965 -8.34540e+00
  4 -0.39449 -2.86925e-01 |  5 -0.50340 -3.74517e-01 |  6  0.61267 -1.73485e+01
  7 -0.00013 -2.80213e-02 |  8 -0.00003 -2.51276e-03 |  9 -0.00003 -3.31516e-03
 10 -0.00004 -4.41906e-03 | 11 -0.00038  5.42771e-01 | 12 -0.00039  5.41392e-01
 13 -0.00040  5.39872e-01 | 14 -0.00041  5.38254e-01 | 15 -0.00043  5.36625e-01
 16 -0.00045  5.35129e-01 | 17 -0.00048  5.33553e-01 | 18 -0.00050  5.32269e-01
 19 -0.00053  5.31115e-01 | 20 -0.00056  5.29635e-01 | 21 -0.00060  5.26880e-01
 22 -0.00064  5.21710e-01 | 23 -0.00067  5.11469e-01 | 24 -0.00064  4.95200e-01
 25 -0.00072  4.76553e-01 | 26 -0.00069  4.67162e-01 | 27 -0.00064  4.77874e-01
 28 -0.00052  4.90484e-01 | 29 -0.00038  4.42549e-01 | 30 -0.00002  4.20018e-01
 31 -0.00027  4.65819e-01 | 32 -0.00122  3.86316e-01 | 33 -0.00299  3.87091e-01
 34 -0.00555  3.12733e-01 | 35 -0.00714  3.44244e-01 | 36 -0.00837  3.25986e-01
 37 -0.00926  3.12791e-01 | 38 -0.00088  2.59149e-01 | 39 -0.00465  2.39699e-01
 40 -0.00354  2.19044e-01 | 41 -0.00298  1.72502e-01 | 42 -0.00562  1.59362e-01
 43  0.01622 -3.62562e-02 | 44 -0.00651  2.32922e-01 | 45 -0.00534  4.44000e-02
 46 -0.00182  1.13077e-01 | 47 -0.00637  1.49120e-02 | 48 -0.00993  2.81691e-02
 49  0.00518 -1.52577e-01 | 50  0.01823 -3.80953e-01 | 51 -0.00081 -1.37337e-01
 52  0.01306 -4.23496e-01 | 53  0.00007 -3.38826e-01 | 54 -0.01751 -2.25986e-01
 55  0.00268 -4.89810e-01 | 56 -0.00490 -3.70701e-01 | 57 -0.00690 -4.07845e-01
 58 -0.00668 -4.40444e-01 | 59 -0.01505 -3.10315e-01 | 60 -0.00736 -5.38889e-01
 61 -0.00036 -6.28665e-01 | 62  0.00391 -8.34742e-01 | 63 -0.01417 -4.83346e-01
 64  0.00577 -8.65309e-01 | 65 -0.01118 -6.26970e-01 | 66  0.00276 -7.88516e-01
 67  0.00172 -8.22947e-01 | 68  0.01355 -1.09054e+00 | 69 -0.00856 -6.18029e-01
 70  0.02682 -1.41740e+00 | 71 -0.01521 -4.34047e-01 | 72 -0.00372 -7.11920e-01
 73  0.00666 -8.91295e-01 | 74 -0.03224 -1.88269e-01 | 75 -0.01306 -4.54461e-01
 76  0.01551 -8.94169e-01 | 77  0.02509 -1.01276e+00 | 78  0.02775 -1.06021e+00
 79  0.02555 -7.76963e-01 | 80  0.00268 -4.37565e-01 | 81  0.02960 -7.39837e-01
 82 -0.00818 -3.01336e-01 | 83 -0.00693 -2.06696e-01 | 84 -0.00800 -1.01836e-01
 85 -0.01827  4.42715e-02 | 86 -0.00776 -9.23010e-02 | 87 -0.00525  1.81279e-02
 88  0.00247 -4.31972e-02 | 89 -0.02615  1.40864e-01 | 90 -0.01106  1.17659e-01
 91 -0.01884  2.57162e-01 | 92  0.02410  6.85461e-02 | 93 -0.02723  4.20713e-01
 94 -0.01188  2.99674e-01 | 95 -0.00794  3.90071e-01 | 96  0.02225  2.31297e-01
 97  0.03338  3.91685e-01 | 98  0.06681  3.70042e-01 | 99 -0.01245  5.31392e-01
100  0.00161  5.56672e-01 |101  0.03046  5.46593e-01 |102  0.00143  5.79638e-01
103 -0.00411  5.30990e-01 |104 -0.00056  5.05588e-01 |105 -0.00033  5.50501e-01
106  0.00218 -6.76545e+00 |107 -0.02361 -1.09168e+00 |108 -0.41129  1.48508e+00
109 -0.29205  7.51134e-03 |110 -0.24450 -5.79693e-02 |
110 variables; iteration 100; function evaluation 150; phase 5
Function value 5.3947803e+02; maximum gradient component mag -2.9563e-01
Var    Value     Gradient |Var    Value     Gradient |Var    Value     Gradient
  1 -0.42498 -1.36621e-02 |  2 -0.42531 -2.95627e-01 |  3 -0.39970 -1.08202e-01
  4 -0.39448 -1.23736e-03 |  5 -0.50338 -4.54474e-03 |  6  0.61264 -2.46826e-01
  7 -0.00012  6.36894e-04 |  8 -0.00003  6.74577e-05 |  9 -0.00003  9.24413e-05
 10 -0.00004  1.26718e-04 | 11 -0.00038  7.79683e-03 | 12 -0.00039  7.77957e-03
 13 -0.00040  7.75270e-03 | 14 -0.00042  7.71330e-03 | 15 -0.00044  7.65916e-03
 16 -0.00046  7.58979e-03 | 17 -0.00048  7.51556e-03 | 18 -0.00051  7.43019e-03
 19 -0.00054  7.33892e-03 | 20 -0.00057  7.23560e-03 | 21 -0.00061  7.09922e-03
 22 -0.00065  6.90915e-03 | 23 -0.00068  6.65463e-03 | 24 -0.00065  6.39590e-03
 25 -0.00072  6.23143e-03 | 26 -0.00070  6.27484e-03 | 27 -0.00066  6.63613e-03
 28 -0.00055  6.22591e-03 | 29 -0.00039  5.21065e-03 | 30 -0.00003  6.87397e-03
 31 -0.00032  5.30787e-03 | 32 -0.00122  6.39622e-03 | 33 -0.00300  4.85203e-03
 34 -0.00552  7.29755e-03 | 35 -0.00715  6.30205e-03 | 36 -0.00837  7.48598e-03
 37 -0.00927  3.67587e-03 | 38 -0.00089  4.19939e-03 | 39 -0.00465  4.32654e-03
 40 -0.00355  3.01184e-03 | 41 -0.00298  3.60499e-03 | 42 -0.00562  1.75521e-03
 43  0.01621  2.51596e-03 | 44 -0.00658  6.00535e-05 | 45 -0.00533  1.55261e-03
 46 -0.00189 -2.85499e-03 | 47 -0.00638  1.64036e-03 | 48 -0.00995  8.32646e-04
 49  0.00517 -3.09209e-03 | 50  0.01822 -5.92548e-03 | 51 -0.00085 -3.63796e-03
 52  0.01305 -3.95449e-03 | 53  0.00007 -3.76459e-03 | 54 -0.01748  8.81213e-04
 55  0.00269 -3.52747e-03 | 56 -0.00491 -3.09722e-03 | 57 -0.00690 -5.54892e-03
 58 -0.00669 -6.25054e-03 | 59 -0.01507 -7.47737e-03 | 60 -0.00735 -6.23029e-03
 61 -0.00039 -1.10433e-02 | 62  0.00395 -9.06388e-03 | 63 -0.01416 -7.08873e-03
 64  0.00578 -1.28749e-02 | 65 -0.01113 -3.66698e-03 | 66  0.00276 -1.14485e-02
 67  0.00175 -1.19055e-02 | 68  0.01357 -1.45999e-02 | 69 -0.00854 -7.96651e-03
 70  0.02684 -1.93084e-02 | 71 -0.01521 -8.11556e-03 | 72 -0.00370 -9.78077e-03
 73  0.00668 -1.21163e-02 | 74 -0.03223 -3.50456e-03 | 75 -0.01305 -6.27728e-03
 76  0.01553 -1.28463e-02 | 77  0.02510 -1.54357e-02 | 78  0.02777 -1.46941e-02
 79  0.02555 -1.51063e-02 | 80  0.00269 -6.57998e-03 | 81  0.02960 -1.52572e-02
 82 -0.00816 -2.21253e-03 | 83 -0.00692 -4.18322e-03 | 84 -0.00800 -3.71011e-03
 85 -0.01827 -2.84300e-03 | 86 -0.00775 -1.50331e-03 | 87 -0.00525 -1.74945e-03
 88  0.00248 -2.03484e-03 | 89 -0.02614  3.19514e-03 | 90 -0.01105  2.17373e-03
 91 -0.01884  3.54609e-03 | 92  0.02411  1.01827e-03 | 93 -0.02723  3.85548e-03
 94 -0.01187  7.05281e-03 | 95 -0.00794  5.54764e-03 | 96  0.02227  7.32227e-03
 97  0.03338  5.34986e-03 | 98  0.06681  4.72297e-03 | 99 -0.01246  7.36445e-03
100  0.00161  6.87352e-03 |101  0.03045  8.35319e-03 |102  0.00143  7.25391e-03
103 -0.00410  7.68679e-03 |104 -0.00054  8.04517e-03 |105 -0.00033  7.79723e-03
106  0.00219 -9.62301e-02 |107 -0.02345 -1.45073e-02 |108 -0.41122  2.03563e-02
109 -0.29198 -1.44689e-03 |110 -0.24449  3.66780e-03 |

Initial statistics: 111 variables; iteration 0; function evaluation 0; phase 6
Function value 5.3947803e+02; maximum gradient component mag -2.1582e-04
Var    Value     Gradient |Var    Value     Gradient |Var    Value     Gradient
  1 -0.42498  6.79219e-06 |  2 -0.42531 -2.15824e-04 |  3 -0.39970 -6.35457e-05
  4 -0.39448  4.39543e-06 |  5 -0.50338 -2.59185e-06 |  6  0.61264 -1.95669e-04
  7 -0.00012 -3.63055e-06 |  8 -0.00003 -6.49802e-06 |  9 -0.00003 -7.58401e-06
 10 -0.00004 -7.81477e-06 | 11 -0.00038  2.04439e-06 | 12 -0.00039  5.64771e-06
 13 -0.00040  7.86694e-06 | 14 -0.00042  7.82463e-06 | 15 -0.00044  5.95083e-06
 16 -0.00046  4.22073e-06 | 17 -0.00048  4.06402e-06 | 18 -0.00051  5.41772e-06
 19 -0.00054  7.40549e-06 | 20 -0.00057  7.92590e-06 | 21 -0.00061  4.48346e-07
 22 -0.00065 -7.62496e-06 | 23 -0.00068  5.75136e-06 | 24 -0.00065  7.29404e-06
 25 -0.00072 -1.64691e-06 | 26 -0.00070  1.33797e-05 | 27 -0.00066 -4.51278e-06
 28 -0.00055  7.37886e-06 | 29 -0.00039  4.76961e-06 | 30 -0.00003  4.98746e-06
 31 -0.00032  7.78523e-06 | 32 -0.00122  1.58932e-06 | 33 -0.00300  1.69863e-06
 34 -0.00552  1.27658e-05 | 35 -0.00715 -6.35636e-06 | 36 -0.00837  1.29515e-05
 37 -0.00927  7.68345e-06 | 38 -0.00089  5.16335e-06 | 39 -0.00465  8.54946e-06
 40 -0.00355 -2.26199e-06 | 41 -0.00298  5.61881e-06 | 42 -0.00562  5.32040e-06
 43  0.01621  7.81958e-06 | 44 -0.00658 -5.35231e-06 | 45 -0.00533 -5.60448e-06
 46 -0.00188 -1.51356e-05 | 47 -0.00638  1.04119e-05 | 48 -0.00995  7.39461e-07
 49  0.00517 -3.78771e-06 | 50  0.01822 -6.99753e-06 | 51 -0.00085 -3.97223e-06
 52  0.01305  2.95630e-06 | 53  0.00007 -2.91402e-06 | 54 -0.01748  9.08529e-06
 55  0.00269  3.08145e-06 | 56 -0.00492  4.68296e-06 | 57 -0.00690 -1.10725e-06
 58 -0.00669 -4.86827e-06 | 59 -0.01507 -1.16653e-05 | 60 -0.00735 -2.32681e-06
 61 -0.00038 -1.20584e-05 | 62  0.00395 -5.06841e-07 | 63 -0.01416 -6.40996e-06
 64  0.00578 -1.11574e-05 | 65 -0.01113  7.06944e-06 | 66  0.00276 -9.18458e-06
 67  0.00175 -1.01826e-05 | 68  0.01357 -9.70941e-06 | 69 -0.00854 -4.63356e-06
 70  0.02684 -1.33497e-05 | 71 -0.01521 -1.01101e-05 | 72 -0.00370 -7.15861e-06
 73  0.00668 -8.55345e-06 | 74 -0.03223 -4.39716e-06 | 75 -0.01305 -4.64156e-06
 76  0.01553 -1.03324e-05 | 77  0.02510 -1.40859e-05 | 78  0.02777 -1.12304e-05
 79  0.02555 -2.00483e-05 | 80  0.00269 -6.02674e-06 | 81  0.02960 -2.12003e-05
 82 -0.00816  2.40659e-06 | 83 -0.00692 -5.89863e-06 | 84 -0.00799 -7.16426e-06
 85 -0.01827 -9.26598e-06 | 86 -0.00774 -1.60290e-06 | 87 -0.00525 -5.06585e-06
 88  0.00248 -4.41366e-06 | 89 -0.02614  4.79445e-06 | 90 -0.01105  2.45093e-06
 91 -0.01884  2.75828e-06 | 92  0.02411  9.26851e-07 | 93 -0.02723 -1.17969e-06
 94 -0.01187  1.10410e-05 | 95 -0.00794  4.48517e-06 | 96  0.02227  1.37517e-05
 97  0.03338  3.92078e-06 | 98  0.06681  2.79842e-06 | 99 -0.01246  5.58888e-06
100  0.00161  3.24512e-06 |101  0.03045  7.96997e-06 |102  0.00143  3.50296e-06
103 -0.00410  5.31039e-06 |104 -0.00054  1.76582e-05 |105 -0.00033  5.78806e-06
106  0.00000  0.00000e+00 |107  0.00219 -8.19146e-05 |108 -0.02345 -9.78562e-06
109 -0.41122  1.46826e-05 |110 -0.29198 -4.46552e-06 |111 -0.24449  1.24860e-05
  ic > imax  in fminim is answer attained ?
Var    Value     Gradient |Var    Value     Gradient |Var    Value     Gradient
  1 -0.42498  6.79219e-06 |  2 -0.42531 -2.15824e-04 |  3 -0.39970 -6.35457e-05
  4 -0.39448  4.39543e-06 |  5 -0.50338 -2.59185e-06 |  6  0.61264 -1.95669e-04
  7 -0.00012 -3.63055e-06 |  8 -0.00003 -6.49802e-06 |  9 -0.00003 -7.58401e-06
 10 -0.00004 -7.81477e-06 | 11 -0.00038  2.04439e-06 | 12 -0.00039  5.64771e-06
 13 -0.00040  7.86694e-06 | 14 -0.00042  7.82463e-06 | 15 -0.00044  5.95083e-06
 16 -0.00046  4.22073e-06 | 17 -0.00048  4.06402e-06 | 18 -0.00051  5.41772e-06
 19 -0.00054  7.40549e-06 | 20 -0.00057  7.92590e-06 | 21 -0.00061  4.48346e-07
 22 -0.00065 -7.62496e-06 | 23 -0.00068  5.75136e-06 | 24 -0.00065  7.29404e-06
 25 -0.00072 -1.64691e-06 | 26 -0.00070  1.33797e-05 | 27 -0.00066 -4.51278e-06
 28 -0.00055  7.37886e-06 | 29 -0.00039  4.76961e-06 | 30 -0.00003  4.98746e-06
 31 -0.00032  7.78523e-06 | 32 -0.00122  1.58932e-06 | 33 -0.00300  1.69863e-06
 34 -0.00552  1.27658e-05 | 35 -0.00715 -6.35636e-06 | 36 -0.00837  1.29515e-05
 37 -0.00927  7.68345e-06 | 38 -0.00089  5.16335e-06 | 39 -0.00465  8.54946e-06
 40 -0.00355 -2.26199e-06 | 41 -0.00298  5.61881e-06 | 42 -0.00562  5.32040e-06
 43  0.01621  7.81958e-06 | 44 -0.00658 -5.35231e-06 | 45 -0.00533 -5.60448e-06
 46 -0.00188 -1.51356e-05 | 47 -0.00638  1.04119e-05 | 48 -0.00995  7.39461e-07
 49  0.00517 -3.78771e-06 | 50  0.01822 -6.99753e-06 | 51 -0.00085 -3.97223e-06
 52  0.01305  2.95630e-06 | 53  0.00007 -2.91402e-06 | 54 -0.01748  9.08529e-06
 55  0.00269  3.08145e-06 | 56 -0.00492  4.68296e-06 | 57 -0.00690 -1.10725e-06
 58 -0.00669 -4.86827e-06 | 59 -0.01507 -1.16653e-05 | 60 -0.00735 -2.32681e-06
 61 -0.00038 -1.20584e-05 | 62  0.00395 -5.06841e-07 | 63 -0.01416 -6.40996e-06
 64  0.00578 -1.11574e-05 | 65 -0.01113  7.06944e-06 | 66  0.00276 -9.18458e-06
 67  0.00175 -1.01826e-05 | 68  0.01357 -9.70941e-06 | 69 -0.00854 -4.63356e-06
 70  0.02684 -1.33497e-05 | 71 -0.01521 -1.01101e-05 | 72 -0.00370 -7.15861e-06
 73  0.00668 -8.55345e-06 | 74 -0.03223 -4.39716e-06 | 75 -0.01305 -4.64156e-06
 76  0.01553 -1.03324e-05 | 77  0.02510 -1.40859e-05 | 78  0.02777 -1.12304e-05
 79  0.02555 -2.00483e-05 | 80  0.00269 -6.02674e-06 | 81  0.02960 -2.12003e-05
 82 -0.00816  2.40659e-06 | 83 -0.00692 -5.89863e-06 | 84 -0.00799 -7.16426e-06
 85 -0.01827 -9.26598e-06 | 86 -0.00774 -1.60290e-06 | 87 -0.00525 -5.06585e-06
 88  0.00248 -4.41366e-06 | 89 -0.02614  4.79445e-06 | 90 -0.01105  2.45093e-06
 91 -0.01884  2.75828e-06 | 92  0.02411  9.26851e-07 | 93 -0.02723 -1.17969e-06
 94 -0.01187  1.10410e-05 | 95 -0.00794  4.48517e-06 | 96  0.02227  1.37517e-05
 97  0.03338  3.92078e-06 | 98  0.06681  2.79842e-06 | 99 -0.01246  5.58888e-06
100  0.00161  3.24512e-06 |101  0.03045  7.96997e-06 |102  0.00143  3.50296e-06
103 -0.00410  5.31039e-06 |104 -0.00054  1.76582e-05 |105 -0.00033  5.78806e-06
106  0.00000  0.00000e+00 |107  0.00219 -8.19146e-05 |108 -0.02345 -9.78562e-06
109 -0.41122  1.46826e-05 |110 -0.29198 -4.46552e-06 |111 -0.24449  1.24860e-05
Function minimizer not making progress ... is minimum attained?
Minimprove criterion = 0.0000e+00

 - final statistics:
111 variables; iteration 1; function evaluation 30
Function value 5.3948e+02; maximum gradient component mag -2.1582e-04
Exit code = 1;  converg criter 1.0000e-04
Var    Value     Gradient |Var    Value     Gradient |Var    Value     Gradient
  1 -0.42498  6.79219e-06 |  2 -0.42531 -2.15824e-04 |  3 -0.39970 -6.35457e-05
  4 -0.39448  4.39543e-06 |  5 -0.50338 -2.59185e-06 |  6  0.61264 -1.95669e-04
  7 -0.00012 -3.63055e-06 |  8 -0.00003 -6.49802e-06 |  9 -0.00003 -7.58401e-06
 10 -0.00004 -7.81477e-06 | 11 -0.00038  2.04439e-06 | 12 -0.00039  5.64771e-06
 13 -0.00040  7.86694e-06 | 14 -0.00042  7.82463e-06 | 15 -0.00044  5.95083e-06
 16 -0.00046  4.22073e-06 | 17 -0.00048  4.06402e-06 | 18 -0.00051  5.41772e-06
 19 -0.00054  7.40549e-06 | 20 -0.00057  7.92590e-06 | 21 -0.00061  4.48346e-07
 22 -0.00065 -7.62496e-06 | 23 -0.00068  5.75136e-06 | 24 -0.00065  7.29404e-06
 25 -0.00072 -1.64691e-06 | 26 -0.00070  1.33797e-05 | 27 -0.00066 -4.51278e-06
 28 -0.00055  7.37886e-06 | 29 -0.00039  4.76961e-06 | 30 -0.00003  4.98746e-06
 31 -0.00032  7.78523e-06 | 32 -0.00122  1.58932e-06 | 33 -0.00300  1.69863e-06
 34 -0.00552  1.27658e-05 | 35 -0.00715 -6.35636e-06 | 36 -0.00837  1.29515e-05
 37 -0.00927  7.68345e-06 | 38 -0.00089  5.16335e-06 | 39 -0.00465  8.54946e-06
 40 -0.00355 -2.26199e-06 | 41 -0.00298  5.61881e-06 | 42 -0.00562  5.32040e-06
 43  0.01621  7.81958e-06 | 44 -0.00658 -5.35231e-06 | 45 -0.00533 -5.60448e-06
 46 -0.00188 -1.51356e-05 | 47 -0.00638  1.04119e-05 | 48 -0.00995  7.39461e-07
 49  0.00517 -3.78771e-06 | 50  0.01822 -6.99753e-06 | 51 -0.00085 -3.97223e-06
 52  0.01305  2.95630e-06 | 53  0.00007 -2.91402e-06 | 54 -0.01748  9.08529e-06
 55  0.00269  3.08145e-06 | 56 -0.00492  4.68296e-06 | 57 -0.00690 -1.10725e-06
 58 -0.00669 -4.86827e-06 | 59 -0.01507 -1.16653e-05 | 60 -0.00735 -2.32681e-06
 61 -0.00038 -1.20584e-05 | 62  0.00395 -5.06841e-07 | 63 -0.01416 -6.40996e-06
 64  0.00578 -1.11574e-05 | 65 -0.01113  7.06944e-06 | 66  0.00276 -9.18458e-06
 67  0.00175 -1.01826e-05 | 68  0.01357 -9.70941e-06 | 69 -0.00854 -4.63356e-06
 70  0.02684 -1.33497e-05 | 71 -0.01521 -1.01101e-05 | 72 -0.00370 -7.15861e-06
 73  0.00668 -8.55345e-06 | 74 -0.03223 -4.39716e-06 | 75 -0.01305 -4.64156e-06
 76  0.01553 -1.03324e-05 | 77  0.02510 -1.40859e-05 | 78  0.02777 -1.12304e-05
 79  0.02555 -2.00483e-05 | 80  0.00269 -6.02674e-06 | 81  0.02960 -2.12003e-05
 82 -0.00816  2.40659e-06 | 83 -0.00692 -5.89863e-06 | 84 -0.00799 -7.16426e-06
 85 -0.01827 -9.26598e-06 | 86 -0.00774 -1.60290e-06 | 87 -0.00525 -5.06585e-06
 88  0.00248 -4.41366e-06 | 89 -0.02614  4.79445e-06 | 90 -0.01105  2.45093e-06
 91 -0.01884  2.75828e-06 | 92  0.02411  9.26851e-07 | 93 -0.02723 -1.17969e-06
 94 -0.01187  1.10410e-05 | 95 -0.00794  4.48517e-06 | 96  0.02227  1.37517e-05
 97  0.03338  3.92078e-06 | 98  0.06681  2.79842e-06 | 99 -0.01246  5.58888e-06
100  0.00161  3.24512e-06 |101  0.03045  7.96997e-06 |102  0.00143  3.50296e-06
103 -0.00410  5.31039e-06 |104 -0.00054  1.76582e-05 |105 -0.00033  5.78806e-06
106  0.00000  0.00000e+00 |107  0.00219 -8.19146e-05 |108 -0.02345 -9.78562e-06
109 -0.41122  1.46826e-05 |110 -0.29198 -4.46552e-06 |111 -0.24449  1.24860e-05
size of file gradfil1.tmp = 0
size of file gradfil2.tmp = 0
size of file varssave.tmp = 0
size of file cmpdiff.tmp = 0
