
Initial statistics: 1 variables; iteration 0; function evaluation 0; phase 1
Function value 7.5769331e+02; maximum gradient component mag 7.7550e+03
Var    Value     Gradient |Var    Value     Gradient |Var    Value     Gradient
  1  0.63197  7.75501e+03 |

 - final statistics:
1 variables; iteration 6; function evaluation 10
Function value 7.3330e+02; maximum gradient component mag 3.6080e-01
Exit code = 1;  converg criter 1.0000e+01
Var    Value     Gradient |Var    Value     Gradient |Var    Value     Gradient
  1  0.62717  3.60798e-01 |

Initial statistics: 98 variables; iteration 0; function evaluation 0; phase 2
Function value 7.3329541e+02; maximum gradient component mag 1.0409e+03
Var    Value     Gradient |Var    Value     Gradient |Var    Value     Gradient
  1  0.62717  3.60798e-01 |  2  0.00000 -3.46707e+00 |  3  0.00000 -4.02905e+00
  4  0.00000 -4.70316e+00 |  5  0.00000 -5.50820e+00 |  6  0.00000 -6.46462e+00
  7  0.00000 -7.59339e+00 |  8  0.00000 -8.91564e+00 |  9  0.00000 -1.04474e+01
 10  0.00000 -1.21968e+01 | 11  0.00000 -1.51623e+01 | 12  0.00000 -1.83663e+01
 13  0.00000 -1.87069e+01 | 14  0.00000 -2.13664e+01 | 15  0.00000 -3.00067e+01
 16  0.00000 -2.90554e+01 | 17  0.00000 -3.86612e+01 | 18  0.00000 -4.22180e+01
 19  0.00000 -4.84199e+01 | 20  0.00000 -2.44785e+01 | 21  0.00000 -4.57632e+01
 22  0.00000 -3.99412e+01 | 23  0.00000 -3.85386e+01 | 24  0.00000 -4.04121e+01
 25  0.00000 -4.14233e+01 | 26  0.00000 -4.02831e+01 | 27  0.00000 -4.47441e+01
 28  0.00000 -4.62050e+01 | 29  0.00000 -2.71979e+01 | 30  0.00000 -1.77474e+01
 31  0.00000 -3.34458e+01 | 32  0.00000 -3.39514e+01 | 33  0.00000 -3.57332e+01
 34  0.00000 -5.22227e+01 | 35  0.00000 -6.86041e+01 | 36  0.00000 -3.78735e+01
 37  0.00000 -4.04500e+01 | 38  0.00000 -4.59903e+01 | 39  0.00000 -3.49110e+01
 40  0.00000 -6.82250e+01 | 41  0.00000 -4.26088e+01 | 42  0.00000 -4.42555e+01
 43  0.00000 -2.10262e+01 | 44  0.00000  1.16045e+01 | 45  0.00000 -1.92456e+01
 46  0.00000 -1.57207e+01 | 47  0.00000 -2.69229e+01 | 48  0.00000 -3.24728e+01
 49  0.00000 -8.65740e-01 | 50  0.00000  8.25073e-01 | 51  0.00000 -1.01687e+01
 52  0.00000 -3.77944e+00 | 53  0.00000  1.12103e+00 | 54  0.00000 -2.33920e+01
 55  0.00000  4.60165e-01 | 56  0.00000 -1.37214e+01 | 57  0.00000 -3.10498e+01
 58  0.00000  4.86000e+00 | 59  0.00000 -1.30541e+01 | 60  0.00000 -3.40805e+01
 61  0.00000 -1.23405e+02 | 62  0.00000 -1.62190e+02 | 63  0.00000  2.13892e+01
 64  0.00000  2.37951e+01 | 65  0.00000  7.20991e+01 | 66  0.00000  3.31723e+02
 67  0.00000  3.05549e+02 | 68  0.00000  3.14823e+02 | 69  0.00000 -2.58567e+02
 70  0.00000 -1.66098e+02 | 71  0.00000 -1.87962e+02 | 72  0.00000  3.04730e+02
 73  0.00000 -3.33945e+02 | 74  0.00000 -6.53242e+02 | 75  0.00000  5.06874e+02
 76  0.00000 -4.66246e+01 | 77  0.00000  6.39694e+02 | 78  0.00000  6.64943e+02
 79  0.00000  3.65677e+01 | 80  0.00000 -3.18212e+01 | 81  0.00000  3.26421e+01
 82  0.00000 -3.90125e+02 | 83  0.00000  7.58335e+00 | 84  0.00000 -6.21899e+02
 85  0.00000  1.04085e+03 | 86  0.00000  5.75777e+02 | 87  0.00000 -1.16902e+02
 88  0.00000  1.93477e+02 | 89  0.00000 -5.75303e+02 | 90  0.00000  4.72066e+02
 91  0.00000 -4.88749e+02 | 92  0.00000 -6.07916e+01 | 93  0.00000  1.58724e+02
 94  0.00000  1.25428e+01 | 95  0.00000 -4.89611e-01 | 96  0.00000 -8.16997e-01
 97 -0.03546  4.57775e+00 | 98 -0.31026 -8.71994e+01 |

Intermediate statistics: 98 variables; iteration 20; function evaluation 40; phase 2
Function value 6.0000399e+02; maximum gradient component mag 1.7556e+03
Var    Value     Gradient |Var    Value     Gradient |Var    Value     Gradient
  1  0.62404  1.75556e+03 |  2 -0.00065 -4.50983e+01 |  3 -0.00078 -4.44746e+01
  4 -0.00093 -4.37213e+01 |  5 -0.00110 -4.28144e+01 |  6 -0.00130 -4.17270e+01
  7 -0.00152 -4.04297e+01 |  8 -0.00177 -3.88925e+01 |  9 -0.00205 -3.70870e+01
 10 -0.00235 -3.49911e+01 | 11 -0.00212 -3.25683e+01 | 12 -0.00193 -2.98766e+01
 13 -0.00334 -2.69807e+01 | 14 -0.00357 -2.38989e+01 | 15 -0.00087 -2.07769e+01
 16 -0.00276 -1.79177e+01 | 17  0.00068 -1.53735e+01 | 18  0.00156 -1.36727e+01
 19  0.00425 -1.29158e+01 | 20 -0.00608 -1.34727e+01 | 21  0.00279 -1.07275e+01
 22 -0.00089 -8.15712e+00 | 23 -0.00092 -8.85074e+00 | 24 -0.00055 -6.81888e+00
 25 -0.00044 -4.95189e+00 | 26 -0.00118 -3.42726e+00 | 27  0.00072 -1.93999e+00
 28  0.00152 -7.01663e-01 | 29 -0.00642 -6.62629e-01 | 30 -0.00982 -3.80777e-01
 31 -0.00272  1.53594e+00 | 32 -0.00169  2.45776e+00 | 33 -0.00061  2.99518e+00
 34  0.00585  4.15176e+00 | 35  0.01209  5.56387e+00 | 36  0.00204  4.35585e+00
 37  0.00435  4.45817e+00 | 38  0.00755  3.98433e+00 | 39  0.00262  3.14330e+00
 40  0.01491  4.27915e+00 | 41  0.00682  2.94773e+00 | 42  0.00853  3.00965e+00
 43 -0.00074  2.85802e+00 | 44 -0.01141  3.24045e+00 | 45 -0.00057  3.10597e+00
 46 -0.00100  4.21824e+00 | 47  0.00407  4.94804e+00 | 48  0.00687  5.68619e+00
 49 -0.00447  7.14130e+00 | 50 -0.00414  8.36880e+00 | 51  0.00020  9.72748e+00
 52 -0.00147  1.19054e+01 | 53 -0.00263  1.43624e+01 | 54  0.00596  1.68412e+01
 55 -0.00101  1.96414e+01 | 56  0.00489  2.24558e+01 | 57  0.01223  2.61580e+01
 58  0.00095  2.94922e+01 | 59  0.00605  3.09436e+01 | 60  0.00755  2.77389e+01
 61  0.01986  2.04084e+01 | 62  0.02599  2.07373e+01 | 63 -0.00279  4.47224e+01
 64 -0.00247  4.47853e+01 | 65 -0.00468  5.52235e+01 | 66 -0.02318  1.17823e+02
 67 -0.01407  1.05523e+02 | 68 -0.01458  7.51850e+01 | 69  0.01359  1.23865e+02
 70  0.00522 -4.64351e+01 | 71  0.00895 -1.64477e+01 | 72 -0.01278  8.29725e+01
 73  0.01885  1.65774e+02 | 74  0.02992  3.27058e+01 | 75 -0.01957  5.85236e+01
 76  0.00085 -6.23363e+01 | 77 -0.02537  2.72795e+00 | 78 -0.03010  1.32650e+02
 79  0.00009 -1.47831e+01 | 80  0.00044 -7.65154e+01 | 81  0.00050 -1.01996e+01
 82  0.01590 -1.35636e+02 | 83  0.00216  1.00726e+01 | 84  0.02697 -1.34406e+02
 85 -0.04097  1.69784e+02 | 86 -0.02460  8.52547e+01 | 87  0.00552 -1.05290e+02
 88 -0.00901 -3.20291e+00 | 89  0.02737 -7.91091e+01 | 90 -0.03044  7.63386e+01
 91  0.02046 -1.88633e+02 | 92  0.00232 -7.66971e+01 | 93 -0.00589 -2.09594e+01
 94 -0.00385 -4.71438e+01 | 95 -0.00024 -4.80382e+01 | 96  0.00000 -4.79843e+01
 97 -0.03636  1.10177e+02 | 98 -0.27851  6.02145e+00 |
98 variables; iteration 40; function evaluation 66; phase 2
Function value 5.9331838e+02; maximum gradient component mag 1.9018e+03
Var    Value     Gradient |Var    Value     Gradient |Var    Value     Gradient
  1  0.62451  1.90184e+03 |  2  0.00436 -4.03082e+01 |  3  0.00373 -4.03470e+01
  4  0.00303 -4.03330e+01 |  5  0.00226 -4.02208e+01 |  6  0.00146 -3.99467e+01
  7  0.00064 -3.94333e+01 |  8 -0.00016 -3.85975e+01 |  9 -0.00092 -3.73779e+01
 10 -0.00164 -3.57417e+01 | 11 -0.00113 -3.24565e+01 | 12 -0.00072 -2.89403e+01
 13 -0.00338 -2.81660e+01 | 14 -0.00347 -2.44264e+01 | 15  0.00201 -1.47630e+01
 16 -0.00143 -1.48449e+01 | 17  0.00352 -8.23554e+00 | 18  0.00314 -8.88813e+00
 19  0.00439 -1.10763e+01 | 20 -0.00447 -9.02713e+00 | 21  0.00428 -5.13247e+00
 22 -0.00050 -4.75132e+00 | 23 -0.00129 -7.12647e+00 | 24 -0.00182 -6.66441e+00
 25 -0.00276 -6.81361e+00 | 26 -0.00410 -6.51309e+00 | 27 -0.00269 -6.07381e+00
 28 -0.00202 -4.99947e+00 | 29 -0.00568  5.23849e+00 | 30 -0.00859  6.58386e+00
 31 -0.00432  1.89553e+00 | 32 -0.00349  2.53028e+00 | 33 -0.00264  2.27013e+00
 34  0.00415  5.14262e+00 | 35  0.01433  1.83108e+01 | 36  0.00344  1.20614e+01
 37  0.00562  1.19511e+01 | 38  0.00642  5.61344e+00 | 39  0.00311  8.09543e+00
 40  0.01994  2.50394e+01 | 41  0.00678  6.99838e+00 | 42  0.00768  6.11250e+00
 43  0.00134  1.20234e+01 | 44 -0.00763  1.60984e+01 | 45  0.00077  9.55250e+00
 46  0.00044  1.22716e+01 | 47  0.00384  1.05302e+01 | 48  0.00663  1.23417e+01
 49 -0.00228  1.86907e+01 | 50 -0.00537  9.08788e+00 | 51 -0.00174  1.22343e+01
 52 -0.00468  1.17700e+01 | 53 -0.00826  7.01784e+00 | 54  0.00502  2.46820e+01
 55 -0.00317  2.13176e+01 | 56  0.00161  2.30510e+01 | 57  0.01383  4.49192e+01
 58 -0.00003  3.74717e+01 | 59  0.00680  4.55442e+01 | 60  0.00493  2.57093e+01
 61  0.02175  4.80644e+01 | 62  0.02651  4.44340e+01 | 63 -0.00216  5.88234e+01
 64 -0.00709  2.70306e+01 | 65 -0.00396  7.05780e+01 | 66 -0.03074  6.25511e+01
 67 -0.01584  8.83650e+01 | 68 -0.01393  9.14375e+01 | 69  0.01109  6.74554e+01
 70  0.00768  6.46616e+00 | 71  0.01014  2.57931e+01 | 72 -0.01451  5.76170e+01
 73  0.01509  5.78882e+01 | 74  0.02925  4.55773e+00 | 75 -0.02459 -2.11656e+01
 76  0.00367 -1.18202e+01 | 77 -0.02531  2.08981e+00 | 78 -0.03782  3.68962e+01
 79 -0.00037 -1.95677e+01 | 80  0.00161 -6.09773e+01 | 81 -0.00060 -2.53299e+01
 82  0.02008 -4.60623e+01 | 83  0.00044 -2.32236e+01 | 84  0.03094 -4.34238e+01
 85 -0.05140  3.83180e+01 | 86 -0.03027  3.78543e+00 | 87  0.00822 -4.14590e+01
 88 -0.01001 -2.38298e+01 | 89  0.02887 -5.69356e+01 | 90 -0.03840  2.50060e+00
 91  0.02576 -7.24243e+01 | 92  0.00364 -6.91146e+01 | 93 -0.00649 -3.95330e+01
 94 -0.00295 -4.95508e+01 | 95  0.00479 -4.39426e+01 | 96  0.00762 -3.99104e+01
 97 -0.03392  1.37548e+02 | 98 -0.28210 -5.13929e+00 |
98 variables; iteration 60; function evaluation 96; phase 2
Function value 5.8961086e+02; maximum gradient component mag 2.5524e+02
Var    Value     Gradient |Var    Value     Gradient |Var    Value     Gradient
  1  0.62262  2.55240e+02 |  2  0.00016 -7.03332e+00 |  3 -0.00008 -7.43549e+00
  4 -0.00038 -7.92557e+00 |  5 -0.00069 -8.44849e+00 |  6 -0.00097 -8.91775e+00
  7 -0.00114 -9.23378e+00 |  8 -0.00116 -9.31754e+00 |  9 -0.00100 -9.12798e+00
 10 -0.00066 -8.66395e+00 | 11  0.00003 -8.63146e+00 | 12  0.00059 -8.83688e+00
 13  0.00036 -7.20295e+00 | 14 -0.00022 -8.29255e+00 | 15 -0.00009 -1.42725e+01
 16 -0.00054 -1.16187e+01 | 17  0.00311 -1.37670e+01 | 18  0.00512 -1.27449e+01
 19  0.01090 -9.59954e+00 | 20 -0.00516 -1.13435e+01 | 21  0.00700 -1.21944e+01
 22  0.00286 -1.03876e+01 | 23  0.00306 -9.36001e+00 | 24  0.00404 -8.45510e+00
 25  0.00474 -7.24945e+00 | 26  0.00322 -7.26536e+00 | 27  0.00404 -9.70001e+00
 28  0.00423 -1.02680e+01 | 29 -0.00085  7.36946e-01 | 30 -0.00999 -7.14957e+00
 31 -0.00056 -4.87582e+00 | 32 -0.00010 -4.73878e+00 | 33  0.00154 -3.45183e+00
 34  0.00841 -6.58300e+00 | 35  0.01447 -1.05826e+01 | 36  0.00290 -2.42617e+00
 37  0.00375 -4.50812e+00 | 38  0.00682 -6.76523e+00 | 39  0.00055 -5.77623e+00
 40  0.01556 -1.08885e+01 | 41  0.00555 -5.93198e+00 | 42  0.00494 -9.08899e+00
 43 -0.00123  1.31097e+00 | 44 -0.01500  2.87772e-01 | 45  0.00603  1.62285e+01
 46 -0.00149  4.49159e+00 | 47  0.00341  2.50034e+00 | 48  0.00859  5.41488e+00
 49 -0.00607  6.26349e+00 | 50 -0.00298  1.16209e+01 | 51 -0.00125  8.88574e+00
 52 -0.00356  1.09046e+01 | 53 -0.00567  1.09716e+01 | 54  0.00399  8.16465e+00
 55 -0.00645  4.45518e+00 | 56  0.00293  1.46067e+01 | 57  0.00997  1.11013e+01
 58 -0.00432  1.39186e+01 | 59  0.00423  1.70806e+01 | 60  0.00801  1.96484e+01
 61  0.02172  9.31222e+00 | 62  0.02888  7.52500e+00 | 63 -0.00570  2.52328e+01
 64 -0.00322  3.09472e+01 | 65 -0.00682  2.41502e+01 | 66 -0.03556  2.50715e+01
 67 -0.02043  1.71154e+01 | 68 -0.01802  1.34868e+01 | 69  0.00964 -4.70903e+00
 70  0.01088  3.23588e+01 | 71  0.01132  1.98559e+01 | 72 -0.01773  2.55808e+00
 73  0.01338 -2.61978e+01 | 74  0.03151  3.57350e+00 | 75 -0.02408 -7.14316e+00
 76  0.00611  1.91358e+01 | 77 -0.02586 -5.68008e+00 | 78 -0.04378 -9.56446e+00
 79  0.00071  7.02399e+00 | 80  0.00595  1.59346e+01 | 81  0.00050  3.86285e+00
 82  0.02351  2.72796e+01 | 83  0.00104 -2.51251e+00 | 84  0.03375  2.45761e+01
 85 -0.06036 -2.47752e+01 | 86 -0.03426 -1.49128e+01 | 87  0.00943  7.24569e+00
 88 -0.01121 -6.91918e+00 | 89  0.03019 -3.18681e+00 | 90 -0.04535 -7.88096e+00
 91  0.02765  1.34336e+01 | 92  0.00546 -4.11012e+00 | 93 -0.00790 -1.37300e+01
 94 -0.00497 -8.35457e+00 | 95  0.00015 -6.54954e+00 | 96 -0.00007 -7.22799e+00
 97 -0.03734  1.10301e+01 | 98 -0.27982 -2.70461e+00 |
Maximum number of function evaluations exceeded

 - final statistics:
98 variables; iteration 63; function evaluation 100
Function value 5.8939e+02; maximum gradient component mag 3.6381e+01
Exit code = 3;  converg criter 1.0000e+01
Var    Value     Gradient |Var    Value     Gradient |Var    Value     Gradient
  1  0.62265  3.63813e+01 |  2  0.00066 -7.29393e-01 |  3  0.00043 -1.18853e+00
  4  0.00013 -1.77666e+00 |  5 -0.00021 -2.44829e+00 |  6 -0.00053 -3.12249e+00
  7 -0.00078 -3.69940e+00 |  8 -0.00088 -4.09456e+00 |  9 -0.00082 -4.26294e+00
 10 -0.00059 -4.20904e+00 | 11 -0.00011 -4.79506e+00 | 12  0.00022 -5.65994e+00
 13 -0.00011 -4.49758e+00 | 14 -0.00084 -6.15192e+00 | 15 -0.00001 -1.14315e+01
 16 -0.00066 -9.36500e+00 | 17  0.00386 -1.07959e+01 | 18  0.00465 -1.17303e+01
 19  0.01116 -8.04661e+00 | 20 -0.00454 -8.09180e+00 | 21  0.00770 -9.97311e+00
 22  0.00331 -8.52480e+00 | 23  0.00346 -7.49324e+00 | 24  0.00419 -7.20819e+00
 25  0.00489 -6.24516e+00 | 26  0.00315 -6.61025e+00 | 27  0.00417 -9.00710e+00
 28  0.00447 -9.61364e+00 | 29 -0.00233 -1.08524e+00 | 30 -0.00852 -3.26371e+00
 31 -0.00043 -4.16295e+00 | 32 -0.00005 -4.23198e+00 | 33  0.00122 -3.72699e+00
 34  0.00860 -6.70549e+00 | 35  0.01507 -1.06571e+01 | 36  0.00246 -3.02087e+00
 37  0.00374 -4.47771e+00 | 38  0.00686 -6.87498e+00 | 39  0.00163 -3.70099e+00
 40  0.01685 -9.60343e+00 | 41  0.00717 -3.47148e+00 | 42  0.00498 -8.80853e+00
 43 -0.00184  7.23804e-01 | 44 -0.01546  5.27943e-01 | 45  0.00433  1.08966e+01
 46 -0.00192  3.46427e+00 | 47  0.00342  1.57050e+00 | 48  0.00808  2.94887e+00
 49 -0.00617  5.86916e+00 | 50 -0.00231  1.24540e+01 | 51 -0.00134  7.86899e+00
 52 -0.00398  9.31795e+00 | 53 -0.00628  8.90790e+00 | 54  0.00363  5.15464e+00
 55 -0.00607  4.33507e+00 | 56  0.00188  1.00890e+01 | 57  0.00966  6.95481e+00
 58 -0.00469  1.14299e+01 | 59  0.00433  1.44167e+01 | 60  0.00767  1.46358e+01
 61  0.02191  4.06018e+00 | 62  0.02913  5.45836e-01 | 63 -0.00616  2.02448e+01
 64 -0.00392  2.33164e+01 | 65 -0.00695  1.93760e+01 | 66 -0.03636  1.96225e+01
 67 -0.02070  1.21712e+01 | 68 -0.01817  9.84070e+00 | 69  0.00961 -1.03216e+01
 70  0.01071  2.30854e+01 | 71  0.01120  1.12802e+01 | 72 -0.01784 -5.19432e-01
 73  0.01343 -3.00455e+01 | 74  0.03149 -6.33791e+00 | 75 -0.02401 -6.50611e+00
 76  0.00593  1.18486e+01 | 77 -0.02583 -4.94978e+00 | 78 -0.04389 -8.79079e+00
 79  0.00063  3.44200e+00 | 80  0.00578  1.05946e+01 | 81  0.00043  1.67190e+00
 82  0.02325  1.82161e+01 | 83  0.00100 -2.74880e+00 | 84  0.03352  1.60105e+01
 85 -0.06033 -1.99058e+01 | 86 -0.03430 -1.13707e+01 | 87  0.00932  8.57616e+00
 88 -0.01125 -3.26129e+00 | 89  0.03016  8.59804e-01 | 90 -0.04537 -2.29975e+00
 91  0.02750  1.69264e+01 | 92  0.00536  1.32877e+00 | 93 -0.00782 -5.57044e+00
 94 -0.00452 -1.57782e+00 | 95  0.00029 -4.53281e-01 | 96  0.00010 -1.08396e+00
 97 -0.03733 -2.20989e+00 | 98 -0.27950 -3.48936e+00 |

Initial statistics: 100 variables; iteration 0; function evaluation 0; phase 3
Function value 5.8939439e+02; maximum gradient component mag 6.4436e+01
Var    Value     Gradient |Var    Value     Gradient |Var    Value     Gradient
  1  0.62265  3.63813e+01 |  2  0.00066 -7.73787e-01 |  3  0.00043 -1.23292e+00
  4  0.00013 -1.82106e+00 |  5 -0.00021 -2.49268e+00 |  6 -0.00053 -3.16689e+00
  7 -0.00078 -3.74379e+00 |  8 -0.00089 -4.13896e+00 |  9 -0.00082 -4.30733e+00
 10 -0.00059 -4.25344e+00 | 11 -0.00011 -4.83946e+00 | 12  0.00022 -5.70433e+00
 13 -0.00011 -4.54197e+00 | 14 -0.00085 -6.19631e+00 | 15 -0.00001 -1.14759e+01
 16 -0.00066 -9.40940e+00 | 17  0.00386 -1.08402e+01 | 18  0.00465 -1.17747e+01
 19  0.01116 -8.09099e+00 | 20 -0.00454 -8.13619e+00 | 21  0.00770 -1.00175e+01
 22  0.00331 -8.56920e+00 | 23  0.00346 -7.53764e+00 | 24  0.00419 -7.25259e+00
 25  0.00489 -6.28955e+00 | 26  0.00315 -6.65464e+00 | 27  0.00417 -9.05149e+00
 28  0.00447 -9.65804e+00 | 29 -0.00233 -1.12963e+00 | 30 -0.00852 -3.30810e+00
 31 -0.00044 -4.20734e+00 | 32 -0.00005 -4.27637e+00 | 33  0.00122 -3.77139e+00
 34  0.00860 -6.74988e+00 | 35  0.01507 -1.07015e+01 | 36  0.00245 -3.06527e+00
 37  0.00374 -4.52210e+00 | 38  0.00686 -6.91937e+00 | 39  0.00163 -3.74538e+00
 40  0.01685 -9.64781e+00 | 41  0.00717 -3.51588e+00 | 42  0.00498 -8.85293e+00
 43 -0.00184  6.79410e-01 | 44 -0.01546  4.83562e-01 | 45  0.00433  1.08522e+01
 46 -0.00192  3.41988e+00 | 47  0.00342  1.52611e+00 | 48  0.00807  2.90448e+00
 49 -0.00617  5.82477e+00 | 50 -0.00231  1.24096e+01 | 51 -0.00134  7.82459e+00
 52 -0.00398  9.27356e+00 | 53 -0.00628  8.86351e+00 | 54  0.00362  5.11024e+00
 55 -0.00607  4.29067e+00 | 56  0.00188  1.00446e+01 | 57  0.00966  6.91042e+00
 58 -0.00469  1.13855e+01 | 59  0.00433  1.43723e+01 | 60  0.00767  1.45914e+01
 61  0.02191  4.01581e+00 | 62  0.02913  5.01488e-01 | 63 -0.00616  2.02005e+01
 64 -0.00392  2.32720e+01 | 65 -0.00695  1.93316e+01 | 66 -0.03636  1.95781e+01
 67 -0.02070  1.21268e+01 | 68 -0.01817  9.79633e+00 | 69  0.00961 -1.03659e+01
 70  0.01071  2.30410e+01 | 71  0.01120  1.12359e+01 | 72 -0.01784 -5.63809e-01
 73  0.01343 -3.00899e+01 | 74  0.03149 -6.38225e+00 | 75 -0.02402 -6.55047e+00
 76  0.00593  1.18042e+01 | 77 -0.02583 -4.99414e+00 | 78 -0.04389 -8.83508e+00
 79  0.00063  3.39761e+00 | 80  0.00578  1.05502e+01 | 81  0.00043  1.62750e+00
 82  0.02325  1.81717e+01 | 83  0.00100 -2.79320e+00 | 84  0.03352  1.59662e+01
 85 -0.06033 -1.99500e+01 | 86 -0.03430 -1.14150e+01 | 87  0.00932  8.53178e+00
 88 -0.01125 -3.30568e+00 | 89  0.03015  8.15459e-01 | 90 -0.04537 -2.34403e+00
 91  0.02750  1.68820e+01 | 92  0.00536  1.28437e+00 | 93 -0.00782 -5.61483e+00
 94 -0.00452 -1.62221e+00 | 95  0.00029 -4.97676e-01 | 96  0.00009 -1.12836e+00
 97 -0.03733 -2.20989e+00 | 98 -0.41581  4.17870e+01 | 99 -0.27950 -3.48936e+00
100 -0.25275  6.44360e+01 |

Intermediate statistics: 100 variables; iteration 20; function evaluation 24; phase 3
Function value 5.8837346e+02; maximum gradient component mag -2.2864e+02
Var    Value     Gradient |Var    Value     Gradient |Var    Value     Gradient
  1  0.62352 -2.28643e+02 |  2  0.00016  6.69368e+00 |  3  0.00017  6.54498e+00
  4  0.00018  6.36786e+00 |  5  0.00019  6.15801e+00 |  6  0.00020  5.91024e+00
  7  0.00022  5.61812e+00 |  8  0.00023  5.27403e+00 |  9  0.00024  4.86984e+00
 10  0.00023  4.39837e+00 | 11  0.00087  3.84209e+00 | 12  0.00153  3.22519e+00
 13  0.00016  2.61729e+00 | 14  0.00028  1.99780e+00 | 15  0.00445  1.22398e+00
 16  0.00212  6.83991e-01 | 17  0.00725 -3.52699e-01 | 18  0.00865 -7.88603e-01
 19  0.01211 -1.76403e+00 | 20 -0.00281  3.13160e-01 | 21  0.01028 -1.60265e+00
 22  0.00484 -1.63195e+00 | 23  0.00434 -1.46509e+00 | 24  0.00472 -1.97252e+00
 25  0.00454 -2.45498e+00 | 26  0.00322 -2.48821e+00 | 27  0.00605 -2.89335e+00
 28  0.00692 -3.14493e+00 | 29 -0.00491 -2.08042e+00 | 30 -0.00937 -1.31887e+00
 31 -0.00101 -2.55981e+00 | 32 -0.00054 -2.79499e+00 | 33  0.00061 -3.00140e+00
 34  0.00993 -4.31733e+00 | 35  0.01802 -5.68080e+00 | 36  0.00161 -2.99355e+00
 37  0.00384 -3.35467e+00 | 38  0.00911 -3.76965e+00 | 39  0.00206 -2.77215e+00
 40  0.02046 -5.47499e+00 | 41  0.00766 -3.43783e+00 | 42  0.00966 -3.36188e+00
 43 -0.00324 -2.21164e+00 | 44 -0.01536 -2.35499e-01 | 45  0.00059 -2.37316e+00
 46 -0.00320 -2.00047e+00 | 47  0.00346 -3.38432e+00 | 48  0.00760 -4.38718e+00
 49 -0.00765 -1.92340e+00 | 50 -0.00656 -2.28602e+00 | 51 -0.00397 -3.00255e+00
 52 -0.00762 -3.12919e+00 | 53 -0.00925 -2.98646e+00 | 54  0.00340 -5.06549e+00
 55 -0.00667 -3.36496e+00 | 56 -0.00075 -4.67014e+00 | 57  0.00938 -6.90416e+00
 58 -0.00753 -3.80239e+00 | 59  0.00210 -5.16772e+00 | 60  0.00553 -6.09296e+00
 61  0.02181 -1.39472e+01 | 62  0.03050 -1.86945e+01 | 63 -0.00932 -3.66676e+00
 64 -0.00630 -4.25880e+00 | 65 -0.00876 -6.72251e+00 | 66 -0.03834  8.68416e-01
 67 -0.02137 -3.29947e+00 | 68 -0.01828 -2.19733e+00 | 69  0.00877 -1.72496e+01
 70  0.01073  2.10478e+00 | 71  0.01141  3.34429e+01 | 72 -0.01711  3.12718e+00
 73  0.01210 -4.57258e+01 | 74  0.03133 -2.94745e+01 | 75 -0.02437  6.33713e+00
 76  0.00617  9.89018e+00 | 77 -0.02630  8.82833e+00 | 78 -0.04258  5.40765e+00
 79  0.00045  2.92845e+01 | 80  0.00625  1.70615e+01 | 81  0.00007  2.36439e+01
 82  0.02400  3.43990e+01 | 83  0.00047  1.48327e+01 | 84  0.03410  3.19462e+01
 85 -0.05941  6.55726e+00 | 86 -0.03309  6.31120e+00 | 87  0.00883  2.83793e+01
 88 -0.01047  9.11339e+00 | 89  0.02873  4.99405e-01 | 90 -0.04499  6.75838e+00
 91  0.02582  2.03828e+01 | 92  0.00511  7.09464e+00 | 93 -0.00981  6.59580e+00
 94 -0.00269  8.51962e+00 | 95  0.00000  7.43039e+00 | 96  0.00012  7.38486e+00
 97 -0.05725 -2.90848e+01 | 98 -0.42650  4.48662e+01 | 99 -0.30796 -2.02574e+01
100 -0.26698  3.47005e+01 |
100 variables; iteration 40; function evaluation 49; phase 3
Function value 5.8817215e+02; maximum gradient component mag -1.7392e+02
Var    Value     Gradient |Var    Value     Gradient |Var    Value     Gradient
  1  0.62348 -1.73917e+02 |  2  0.00028  4.51964e+00 |  3  0.00028  4.40933e+00
  4  0.00027  4.27019e+00 |  5  0.00026  4.10364e+00 |  6  0.00026  3.91557e+00
  7  0.00026  3.71563e+00 |  8  0.00029  3.51393e+00 |  9  0.00034  3.31851e+00
 10  0.00041  3.13313e+00 | 11  0.00108  2.81541e+00 | 12  0.00174  2.42171e+00
 13  0.00063  2.41212e+00 | 14  0.00066  1.88380e+00 | 15  0.00408  4.00554e-01
 16  0.00226  7.31855e-01 | 17  0.00726 -8.33821e-02 | 18  0.00835 -7.15445e-01
 19  0.01280 -5.38391e-02 | 20 -0.00279  3.22771e-01 | 21  0.01028 -8.85471e-01
 22  0.00521 -4.01489e-01 | 23  0.00486 -9.44643e-02 | 24  0.00537 -2.42333e-01
 25  0.00553 -1.25354e-01 | 26  0.00396 -4.43014e-01 | 27  0.00603 -1.66766e+00
 28  0.00653 -2.29618e+00 | 29 -0.00488 -1.27399e+00 | 30 -0.00972 -1.38915e+00
 31 -0.00109 -1.68534e+00 | 32 -0.00068 -1.83931e+00 | 33  0.00031 -2.22689e+00
 34  0.00998 -2.36564e+00 | 35  0.01829 -2.75542e+00 | 36  0.00189 -1.39866e+00
 37  0.00399 -1.69140e+00 | 38  0.00833 -3.08396e+00 | 39  0.00227 -1.21284e+00
 40  0.02113 -1.65774e+00 | 41  0.00812 -1.30742e+00 | 42  0.00853 -2.92739e+00
 43 -0.00323 -1.11035e+00 | 44 -0.01562 -1.94700e-01 | 45  0.00100 -3.82916e-02
 46 -0.00326 -9.13263e-01 | 47  0.00328 -1.70601e+00 | 48  0.00744 -2.28345e+00
 49 -0.00795 -1.08296e+00 | 50 -0.00655 -7.27220e-01 | 51 -0.00408 -1.47930e+00
 52 -0.00780 -1.59103e+00 | 53 -0.00964 -1.81847e+00 | 54  0.00333 -2.25764e+00
 55 -0.00740 -2.90852e+00 | 56 -0.00118 -3.03996e+00 | 57  0.00939 -3.30619e+00
 58 -0.00796 -2.45657e+00 | 59  0.00176 -2.94928e+00 | 60  0.00532 -2.96478e+00
 61  0.02236 -5.30799e+00 | 62  0.03140 -6.78951e+00 | 63 -0.00977 -2.37130e+00
 64 -0.00654 -2.40318e+00 | 65 -0.00909 -6.00453e+00 | 66 -0.03924 -3.16684e+00
 67 -0.02096  3.39783e+00 | 68 -0.01841 -5.12728e-02 | 69  0.00913 -8.32210e+00
 70  0.01083  8.11663e+00 | 71  0.01040  1.13459e+00 | 72 -0.01757 -4.45163e+00
 73  0.01376 -6.08587e+00 | 74  0.03189 -1.24873e+01 | 75 -0.02424  1.52648e+00
 76  0.00563 -2.95908e+00 | 77 -0.02643 -7.43247e-01 | 78 -0.04272  1.33188e+00
 79 -0.00024  1.36007e+00 | 80  0.00544 -3.41499e+00 | 81 -0.00026  5.94887e+00
 82  0.02310  5.86122e+00 | 83  0.00063  8.62203e+00 | 84  0.03313 -9.26781e-01
 85 -0.05880  7.84633e+00 | 86 -0.03308  3.55704e+00 | 87  0.00817  4.85005e+00
 88 -0.01057  4.36140e+00 | 89  0.02909  4.13798e+00 | 90 -0.04534  2.40558e+00
 91  0.02563  9.79273e+00 | 92  0.00491  3.22737e+00 | 93 -0.00945  5.60225e+00
 94 -0.00263  5.19304e+00 | 95  0.00002  4.84420e+00 | 96  0.00011  4.77401e+00
 97 -0.05754 -1.47253e+01 | 98 -0.42748  1.92163e+01 | 99 -0.30296 -9.25105e-02
100 -0.26681 -1.46015e+00 |
100 variables; iteration 60; function evaluation 77; phase 3
Function value 5.8813925e+02; maximum gradient component mag -6.5739e+01
Var    Value     Gradient |Var    Value     Gradient |Var    Value     Gradient
  1  0.62359 -6.57393e+01 |  2  0.00000  1.30616e+00 |  3  0.00007  1.35378e+00
  4  0.00016  1.41660e+00 |  5  0.00025  1.47812e+00 |  6  0.00033  1.51431e+00
  7  0.00040  1.50057e+00 |  8  0.00043  1.42269e+00 |  9  0.00042  1.28415e+00
 10  0.00040  1.10657e+00 | 11  0.00109  1.00618e+00 | 12  0.00180  9.16402e-01
 13  0.00047  7.54295e-01 | 14  0.00070  7.71137e-01 | 15  0.00454  2.45281e-01
 16  0.00237  2.35782e-01 | 17  0.00749 -1.67393e-02 | 18  0.00879 -1.94318e-01
 19  0.01250 -3.66549e-01 | 20 -0.00264 -3.23396e-02 | 21  0.01087  1.27972e-01
 22  0.00535 -3.44230e-02 | 23  0.00488  1.97131e-02 | 24  0.00528 -8.36214e-02
 25  0.00522 -1.14485e-01 | 26  0.00383 -1.30107e-01 | 27  0.00639 -4.02107e-01
 28  0.00706 -6.10910e-01 | 29 -0.00443 -2.37191e-01 | 30 -0.00928 -5.73028e-01
 31 -0.00069 -3.96380e-01 | 32 -0.00020 -3.24709e-01 | 33  0.00098 -3.17355e-01
 34  0.01014 -7.39621e-01 | 35  0.01786 -1.71248e+00 | 36  0.00190 -4.52285e-01
 37  0.00382 -7.87075e-01 | 38  0.00927 -2.97106e-01 | 39  0.00224 -2.91482e-01
 40  0.02036 -1.26277e+00 | 41  0.00816  6.95604e-03 | 42  0.00922 -5.82078e-01
 43 -0.00343 -7.49908e-01 | 44 -0.01512  7.08016e-01 | 45  0.00098  5.19035e-01
 46 -0.00349 -4.87955e-01 | 47  0.00321 -4.06027e-01 | 48  0.00736 -6.03338e-01
 49 -0.00791 -2.57011e-01 | 50 -0.00709 -1.14270e+00 | 51 -0.00434 -6.49016e-01
 52 -0.00791 -5.47385e-01 | 53 -0.00967 -7.08886e-01 | 54  0.00278 -1.28073e+00
 55 -0.00692 -3.69313e-01 | 56 -0.00093 -4.85475e-01 | 57  0.00909 -7.15477e-01
 58 -0.00824 -1.37779e+00 | 59  0.00140 -1.47760e+00 | 60  0.00509 -1.15050e+00
 61  0.02216 -1.67056e+00 | 62  0.03092 -3.04269e+00 | 63 -0.00987 -8.66448e-01
 64 -0.00684 -1.18699e+00 | 65 -0.00881 -1.20425e+00 | 66 -0.03882 -2.29361e-01
 67 -0.02146 -3.80888e-02 | 68 -0.01852 -3.51961e-01 | 69  0.00923 -1.78040e+00
 70  0.01022 -3.33017e-01 | 71  0.01015 -1.42219e+00 | 72 -0.01734 -6.52980e-01
 73  0.01380 -9.27694e-01 | 74  0.03210 -2.45811e+00 | 75 -0.02432  2.69601e-01
 76  0.00567 -8.35356e-01 | 77 -0.02634  1.74980e-01 | 78 -0.04266  8.15202e-01
 79 -0.00033 -1.91907e-01 | 80  0.00556 -6.07540e-01 | 81 -0.00050  5.21790e-01
 82  0.02280 -5.63192e-02 | 83  0.00028  1.11873e+00 | 84  0.03315 -4.92679e-01
 85 -0.05923  1.70501e+00 | 86 -0.03309  1.30333e+00 | 87  0.00804  1.01632e+00
 88 -0.01065  1.30453e+00 | 89  0.02900  1.51504e+00 | 90 -0.04518  1.00526e+00
 91  0.02535  2.20338e+00 | 92  0.00500  1.78094e+00 | 93 -0.00959  2.04985e+00
 94 -0.00268  2.07445e+00 | 95 -0.00015  1.55620e+00 | 96  0.00011  1.75372e+00
 97 -0.05655 -4.55111e+00 | 98 -0.42712  6.37876e+00 | 99 -0.30330 -1.02813e-01
100 -0.26681 -1.24653e-01 |
Maximum number of function evaluations exceeded

 - final statistics:
100 variables; iteration 72; function evaluation 100
Function value 5.8814e+02; maximum gradient component mag -8.6242e+00
Exit code = 3;  converg criter 1.0000e+00
Var    Value     Gradient |Var    Value     Gradient |Var    Value     Gradient
  1  0.62369 -8.62422e+00 |  2  0.00019  1.75055e-01 |  3  0.00022  1.78545e-01
  4  0.00025  1.83470e-01 |  5  0.00028  1.88211e-01 |  6  0.00032  1.90353e-01
  7  0.00035  1.87360e-01 |  8  0.00039  1.77721e-01 |  9  0.00043  1.61692e-01
 10  0.00046  1.41342e-01 | 11  0.00114  1.28745e-01 | 12  0.00184  1.17391e-01
 13  0.00055  9.44551e-02 | 14  0.00069  9.25256e-02 | 15  0.00475  6.87052e-02
 16  0.00254  5.28211e-02 | 17  0.00769  1.78985e-02 | 18  0.00904  2.48002e-02
 19  0.01275 -4.33105e-02 | 20 -0.00234  5.78642e-02 | 21  0.01077 -2.41886e-02
 22  0.00539 -1.49366e-02 | 23  0.00489 -2.51660e-02 | 24  0.00528 -6.75623e-02
 25  0.00517 -9.97424e-02 | 26  0.00381 -4.36891e-02 | 27  0.00648 -2.74625e-02
 28  0.00726 -1.98744e-02 | 29 -0.00428  8.78694e-03 | 30 -0.00888  3.88385e-02
 31 -0.00057 -2.27929e-02 | 32 -0.00017 -2.21161e-02 | 33  0.00099 -3.96897e-02
 34  0.01020 -6.65031e-02 | 35  0.01830 -9.15740e-02 | 36  0.00192 -5.93715e-02
 37  0.00403 -4.18817e-02 | 38  0.00903 -7.12230e-02 | 39  0.00219 -6.00658e-02
 40  0.02047 -1.85034e-01 | 41  0.00775 -8.92213e-02 | 42  0.00914 -6.10460e-02
 43 -0.00316 -2.11311e-02 | 44 -0.01544  2.84676e-02 | 45  0.00058 -1.10040e-01
 46 -0.00339 -5.72571e-03 | 47  0.00308 -4.49597e-02 | 48  0.00722 -7.94937e-02
 49 -0.00799 -1.01531e-01 | 50 -0.00676 -3.46515e-02 | 51 -0.00438 -5.61482e-02
 52 -0.00797 -4.55672e-02 | 53 -0.00966 -8.90768e-02 | 54  0.00282 -1.12520e-01
 55 -0.00707 -4.70984e-02 | 56 -0.00124 -9.31322e-02 | 57  0.00862 -1.28745e-01
 58 -0.00801 -4.21983e-02 | 59  0.00141 -9.90286e-02 | 60  0.00495 -1.59948e-01
 61  0.02193 -3.07705e-01 | 62  0.03082 -3.31278e-01 | 63 -0.00996 -1.35871e-01
 64 -0.00691 -1.79264e-01 | 65 -0.00886 -5.65378e-02 | 66 -0.03883  7.55988e-02
 67 -0.02158 -1.91730e-01 | 68 -0.01857 -9.17083e-02 | 69  0.00921 -3.70096e-02
 70  0.01010 -5.44478e-01 | 71  0.01010 -4.16491e-01 | 72 -0.01733  7.46502e-02
 73  0.01376  4.67597e-02 | 74  0.03209 -7.68426e-03 | 75 -0.02436  3.51161e-03
 76  0.00565 -6.23358e-02 | 77 -0.02635  1.08028e-01 | 78 -0.04269  1.20884e-01
 79 -0.00036 -1.02500e-01 | 80  0.00556  3.92843e-02 | 81 -0.00055 -1.70734e-01
 82  0.02275 -3.00541e-01 | 83  0.00020 -1.45402e-01 | 84  0.03313 -5.98457e-02
 85 -0.05931  6.33141e-02 | 86 -0.03311  1.60849e-01 | 87  0.00801  3.25272e-02
 88 -0.01068  1.37937e-01 | 89  0.02895  1.79421e-01 | 90 -0.04510  2.95249e-01
 91  0.02529  7.05357e-02 | 92  0.00498  2.63604e-01 | 93 -0.00965  2.10506e-01
 94 -0.00288  1.81700e-01 | 95 -0.00004  2.05612e-01 | 96  0.00011  2.24400e-01
 97 -0.05665 -4.71405e-01 | 98 -0.42720  7.20603e-01 | 99 -0.30338 -3.94998e-02
100 -0.26681  7.60090e-02 |

Initial statistics: 108 variables; iteration 0; function evaluation 0; phase 4
Function value 5.8813513e+02; maximum gradient component mag -2.4197e+02
Var    Value     Gradient |Var    Value     Gradient |Var    Value     Gradient
  1 -0.42263  1.07587e+01 |  2 -0.42263 -2.41973e+02 |  3 -0.41094 -4.83067e+01
  4  0.62369 -8.01291e+00 |  5  0.00000 -1.53114e+00 |  6  0.00000 -8.11158e-02
  7  0.00000 -9.85912e-02 |  8  0.00000 -1.19559e-01 |  9  0.00000 -1.44630e-01
 10  0.00019  1.73445e-01 | 11  0.00022  1.75515e-01 | 12  0.00025  1.78772e-01
 13  0.00028  1.81974e-01 | 14  0.00032  1.83153e-01 | 15  0.00035  1.80109e-01
 16  0.00039  1.71335e-01 | 17  0.00043  1.56702e-01 | 18  0.00046  1.37673e-01
 19  0.00114  1.25705e-01 | 20  0.00184  1.15176e-01 | 21  0.00055  9.14947e-02
 22  0.00069  9.17157e-02 | 23  0.00475  7.26011e-02 | 24  0.00254  5.24028e-02
 25  0.00769  3.36839e-02 | 26  0.00904  3.44129e-02 | 27  0.01275 -3.34596e-02
 28 -0.00234  6.10912e-02 | 29  0.01077 -1.46587e-02 | 30  0.00539 -7.37944e-04
 31  0.00489 -1.10978e-02 | 32  0.00528 -5.54780e-02 | 33  0.00517 -8.79444e-02
 34  0.00381 -2.79147e-02 | 35  0.00648 -1.71877e-02 | 36  0.00726 -1.12981e-02
 37 -0.00428  1.63440e-02 | 38 -0.00888  4.17617e-02 | 39 -0.00057 -1.33895e-02
 40 -0.00017 -1.27675e-02 | 41  0.00099 -2.72407e-02 | 42  0.01020 -5.67643e-02
 43  0.01830 -7.85490e-02 | 44  0.00192 -4.64426e-02 | 45  0.00403 -3.09003e-02
 46  0.00903 -6.08031e-02 | 47  0.00219 -4.91365e-02 | 48  0.02047 -1.65850e-01
 49  0.00775 -7.32736e-02 | 50  0.00914 -4.56452e-02 | 51 -0.00316 -5.69278e-03
 52 -0.01544  3.16946e-02 | 53  0.00058 -9.69947e-02 | 54 -0.00339  2.80094e-03
 55  0.00308 -3.11744e-02 | 56  0.00722 -6.40130e-02 | 57 -0.00799 -8.26723e-02
 58 -0.00676 -2.18515e-02 | 59 -0.00438 -4.22496e-02 | 60 -0.00797 -3.68885e-02
 61 -0.00966 -7.69878e-02 | 62  0.00282 -9.66233e-02 | 63 -0.00707 -3.53365e-02
 64 -0.00124 -8.27046e-02 | 65  0.00862 -1.11067e-01 | 66 -0.00801 -3.17709e-02
 67  0.00141 -8.25937e-02 | 68  0.00495 -1.41083e-01 | 69  0.02193 -2.79527e-01
 70  0.03082 -2.99027e-01 | 71 -0.00996 -1.18848e-01 | 72 -0.00691 -1.59244e-01
 73 -0.00886 -4.29396e-02 | 74 -0.03883  7.98527e-02 | 75 -0.02158 -1.73525e-01
 76 -0.01857 -7.82234e-02 | 77  0.00921 -2.34179e-02 | 78  0.01010 -5.06822e-01
 79  0.01010 -3.83876e-01 | 80 -0.01733  7.96392e-02 | 81  0.01376  5.42641e-02
 82  0.03209  5.90838e-03 | 83 -0.02435  1.02226e-02 | 84  0.00565 -4.96272e-02
 85 -0.02635  1.09345e-01 | 86 -0.04269  1.20202e-01 | 87 -0.00036 -8.93033e-02
 88  0.00556  4.59897e-02 | 89 -0.00055 -1.55396e-01 | 90  0.02275 -2.77024e-01
 91  0.00020 -1.32629e-01 | 92  0.03313 -4.82596e-02 | 93 -0.05931  6.35986e-02
 94 -0.03311  1.56921e-01 | 95  0.00801  3.59033e-02 | 96 -0.01068  1.35234e-01
 97  0.02895  1.74158e-01 | 98 -0.04510  2.84704e-01 | 99  0.02529  6.94437e-02
100  0.00498  2.53189e-01 |101 -0.00965  2.02255e-01 |102 -0.00288  1.69266e-01
103 -0.00004  2.01759e-01 |104  0.00011  2.15665e-01 |105 -0.05665 -4.35465e-01
106 -0.42720  6.67875e-01 |107 -0.30338 -3.73292e-02 |108 -0.26681  7.23644e-02

Intermediate statistics: 108 variables; iteration 20; function evaluation 25; phase 4
Function value 5.8783107e+02; maximum gradient component mag -1.1751e+02
Var    Value     Gradient |Var    Value     Gradient |Var    Value     Gradient
  1 -0.42269 -2.89653e+01 |  2 -0.41924 -1.17511e+02 |  3 -0.41617 -6.10084e+01
  4  0.62211  4.05425e+00 |  5  0.00078 -3.48077e-01 |  6  0.00003 -3.69308e-02
  7  0.00004 -4.49436e-02 |  8  0.00005 -5.46143e-02 |  9  0.00006 -6.62580e-02
 10  0.00017  4.93180e-02 | 11  0.00019  3.83508e-02 | 12  0.00021  2.53112e-02
 13  0.00023  9.61667e-03 | 14  0.00026 -9.45860e-03 | 15  0.00028 -3.26935e-02
 16  0.00031 -6.07792e-02 | 17  0.00034 -9.40717e-02 | 18  0.00036 -1.32603e-01
 19  0.00102 -1.77468e-01 | 20  0.00170 -2.27733e-01 | 21  0.00038 -2.74247e-01
 22  0.00049 -3.30101e-01 | 23  0.00449 -4.26867e-01 | 24  0.00227 -4.75678e-01
 25  0.00742 -5.65397e-01 | 26  0.00882 -5.59161e-01 | 27  0.01252 -5.53955e-01
 28 -0.00258 -4.37084e-01 | 29  0.01043 -6.23469e-01 | 30  0.00505 -6.34031e-01
 31  0.00458 -6.22269e-01 | 32  0.00502 -6.66923e-01 | 33  0.00500 -6.82787e-01
 34  0.00362 -6.72173e-01 | 35  0.00614 -7.87784e-01 | 36  0.00704 -7.30057e-01
 37 -0.00452 -5.24460e-01 | 38 -0.00917 -6.04364e-01 | 39 -0.00087 -7.51490e-01
 40 -0.00045 -7.28428e-01 | 41  0.00065 -7.97126e-01 | 42  0.00981 -1.10055e+00
 43  0.01801 -6.16391e-01 | 44  0.00166 -7.66861e-01 | 45  0.00374 -8.20861e-01
 46  0.00877 -9.21727e-01 | 47  0.00205 -5.85431e-01 | 48  0.02003 -7.93340e-01
 49  0.00735 -9.19265e-01 | 50  0.00914 -7.28575e-01 | 51 -0.00319 -3.99827e-01
 52 -0.01566 -3.87103e-01 | 53  0.00034 -5.02222e-01 | 54 -0.00359 -6.23625e-01
 55  0.00267 -8.20524e-01 | 56  0.00717 -5.81726e-01 | 57 -0.00820 -4.64077e-01
 58 -0.00697 -3.02416e-01 | 59 -0.00423 -6.08876e-01 | 60 -0.00796 -5.31817e-01
 61 -0.00972 -5.28106e-01 | 62  0.00266 -6.57412e-01 | 63 -0.00728 -3.80872e-01
 64 -0.00136 -7.99846e-01 | 65  0.00872 -8.81893e-01 | 66 -0.00786 -5.37597e-01
 67  0.00160 -5.07516e-01 | 68  0.00510  1.76797e-01 | 69  0.02204 -4.94422e-01
 70  0.03142  2.14432e-01 | 71 -0.00925  8.53048e-01 | 72 -0.00577  1.68065e+00
 73 -0.00813  2.16289e+00 | 74 -0.03847  2.50048e-01 | 75 -0.02137  3.52496e-01
 76 -0.01838  8.34970e-01 | 77  0.00937 -5.68066e-02 | 78  0.01034  3.89925e+00
 79  0.01027  1.92597e+00 | 80 -0.01738  7.45341e-01 | 81  0.01382  2.53362e-01
 82  0.03225  4.00885e+00 | 83 -0.02406  3.23437e+00 | 84  0.00591  4.62416e+00
 85 -0.02614  2.01068e+00 | 86 -0.04255  1.22284e+00 | 87 -0.00023  7.62549e-01
 88  0.00570  3.15630e+00 | 89 -0.00046  4.26994e-01 | 90  0.02298  5.23323e+00
 91  0.00040 -6.51796e-01 | 92  0.03361  8.97555e+00 | 93 -0.05890  1.34976e+00
 94 -0.03279  1.34976e+00 | 95  0.00829  7.25738e-02 | 96 -0.01046 -5.08542e-02
 97  0.02945  4.22995e+00 | 98 -0.04475  7.80469e-01 | 99  0.02571 -1.65116e+00
100  0.00538  1.04408e+00 |101 -0.00902  1.00674e+00 |102 -0.00273 -2.00738e-02
103 -0.00004  1.03555e-01 |104  0.00009  1.09143e-01 |105 -0.05616 -7.52507e-01
106 -0.42705 -6.11027e-01 |107 -0.30081 -2.38935e+00 |108 -0.26602  3.51010e+00
108 variables; iteration 40; function evaluation 50; phase 4
Function value 5.8779823e+02; maximum gradient component mag -3.5644e+01
Var    Value     Gradient |Var    Value     Gradient |Var    Value     Gradient
  1 -0.42275 -1.88027e+00 |  2 -0.41867 -3.56441e+01 |  3 -0.41624 -1.47626e+01
  4  0.62146 -2.57370e+01 |  5  0.00065 -5.10669e-01 |  6  0.00002 -3.71389e-02
  7  0.00003 -4.52580e-02 |  8  0.00004 -5.50706e-02 |  9  0.00004 -6.69038e-02
 10  0.00020  6.77316e-01 | 11  0.00022  6.71161e-01 | 12  0.00024  6.64042e-01
 13  0.00026  6.55402e-01 | 14  0.00028  6.44452e-01 | 15  0.00031  6.30301e-01
 16  0.00034  6.12172e-01 | 17  0.00036  5.89844e-01 | 18  0.00038  5.63598e-01
 19  0.00104  5.35500e-01 | 20  0.00172  5.05763e-01 | 21  0.00040  4.78183e-01
 22  0.00051  4.57198e-01 | 23  0.00451  4.19755e-01 | 24  0.00229  3.93358e-01
 25  0.00744  3.08194e-01 | 26  0.00881  2.46445e-01 | 27  0.01253  2.39783e-01
 28 -0.00257  3.48020e-01 | 29  0.01046  2.75276e-01 | 30  0.00510  3.03506e-01
 31  0.00462  2.90915e-01 | 32  0.00503  1.97369e-01 | 33  0.00496  7.43826e-02
 34  0.00360  1.09815e-01 | 35  0.00621  2.11947e-01 | 36  0.00707  1.13877e-01
 37 -0.00447  2.58620e-01 | 38 -0.00920  1.58920e-01 | 39 -0.00083  1.76720e-01
 40 -0.00041  1.65392e-01 | 41  0.00072  1.93222e-01 | 42  0.00985  1.84581e-02
 43  0.01799 -1.37943e-01 | 44  0.00170  9.52290e-02 | 45  0.00381  1.05905e-01
 46  0.00889  1.23896e-01 | 47  0.00215  1.86224e-01 | 48  0.01978 -6.52117e-01
 49  0.00750  1.62044e-01 | 50  0.00907 -2.55997e-01 | 51 -0.00304  2.50064e-01
 52 -0.01588 -2.55731e-01 | 53  0.00028 -1.46684e-01 | 54 -0.00358 -5.30792e-02
 55  0.00276  8.26453e-03 | 56  0.00714 -2.95010e-01 | 57 -0.00834 -2.96141e-01
 58 -0.00719 -5.02351e-01 | 59 -0.00403  4.06640e-02 | 60 -0.00783 -9.70175e-03
 61 -0.00969 -1.38580e-01 | 62  0.00257 -5.58818e-01 | 63 -0.00722  6.86654e-03
 64 -0.00134 -3.04745e-01 | 65  0.00897 -1.49971e-01 | 66 -0.00793 -5.67816e-01
 67  0.00116 -1.82732e+00 | 68  0.00480 -1.75448e+00 | 69  0.02211 -4.75294e-01
 70  0.03134 -1.12274e+00 | 71 -0.00917  2.27915e-01 | 72 -0.00593 -7.81383e-01
 73 -0.00819 -5.32140e-01 | 74 -0.03851 -2.40191e-01 | 75 -0.02149 -1.72443e+00
 76 -0.01844 -1.17574e+00 | 77  0.00931 -2.32172e+00 | 78  0.01018 -2.09590e+00
 79  0.01027 -1.68212e-01 | 80 -0.01730  1.07996e+00 | 81  0.01380 -2.86128e-01
 82  0.03224 -8.10977e-01 | 83 -0.02423 -2.02915e+00 | 84  0.00581 -9.83410e-01
 85 -0.02610  1.35282e+00 | 86 -0.04257 -1.76058e-01 | 87 -0.00028 -5.62780e-01
 88  0.00569  8.26593e-01 | 89 -0.00044 -3.21635e-01 | 90  0.02292  1.37054e-01
 91  0.00040 -3.79969e-01 | 92  0.03351 -5.95892e-01 | 93 -0.05904 -5.80663e-01
 94 -0.03269  1.04185e+00 | 95  0.00828  5.45671e-01 | 96 -0.01054 -3.97314e-01
 97  0.02941  4.39302e-01 | 98 -0.04453  2.21697e+00 | 99  0.02575  7.03437e-01
100  0.00544  1.00806e+00 |101 -0.00916  2.07443e-01 |102 -0.00259  8.78013e-01
103 -0.00002  7.10619e-01 |104  0.00012  7.20809e-01 |105 -0.05567 -1.14607e+00
106 -0.42678  2.10668e+00 |107 -0.30127 -1.67096e-01 |108 -0.26612  2.72024e-01
108 variables; iteration 60; function evaluation 82; phase 4
Function value 5.8779613e+02; maximum gradient component mag -2.3771e+00
Var    Value     Gradient |Var    Value     Gradient |Var    Value     Gradient
  1 -0.42279 -1.09966e-01 |  2 -0.41862 -2.37709e+00 |  3 -0.41626 -9.68085e-01
  4  0.62142 -1.71071e+00 |  5  0.00091 -3.49714e-02 |  6  0.00004 -2.42590e-03
  7  0.00005 -2.94365e-03 |  8  0.00006 -3.56280e-03 |  9  0.00007 -4.29968e-03
 10  0.00018  4.48596e-02 | 11  0.00020  4.45993e-02 | 12  0.00022  4.43064e-02
 13  0.00024  4.39441e-02 | 14  0.00026  4.34607e-02 | 15  0.00029  4.28020e-02
 16  0.00032  4.19251e-02 | 17  0.00035  4.08363e-02 | 18  0.00037  3.95693e-02
 19  0.00103  3.82878e-02 | 20  0.00170  3.69603e-02 | 21  0.00039  3.56748e-02
 22  0.00049  3.46867e-02 | 23  0.00448  3.15913e-02 | 24  0.00226  2.69481e-02
 25  0.00743  3.99199e-02 | 26  0.00883  1.92688e-02 | 27  0.01253  2.31445e-02
 28 -0.00259  2.46131e-02 | 29  0.01042  1.28134e-02 | 30  0.00505  2.76326e-02
 31  0.00459  3.53616e-02 | 32  0.00505  3.85613e-02 | 33  0.00502  2.43008e-04
 34  0.00366  3.98054e-02 | 35  0.00615  1.23753e-02 | 36  0.00708  2.22729e-02
 37 -0.00451  1.61376e-02 | 38 -0.00918  1.96250e-02 | 39 -0.00086  1.90851e-02
 40 -0.00043  1.62724e-02 | 41  0.00066  1.31712e-02 | 42  0.00984  1.24590e-02
 43  0.01800  2.52797e-02 | 44  0.00168  1.81838e-02 | 45  0.00378  1.74712e-02
 46  0.00882  1.95979e-02 | 47  0.00207  1.37384e-02 | 48  0.01995 -6.06040e-02
 49  0.00735  6.80430e-03 | 50  0.00917 -3.86276e-02 | 51 -0.00317 -7.68401e-03
 52 -0.01570 -1.82896e-04 | 53  0.00029 -1.80655e-02 | 54 -0.00359 -2.07907e-02
 55  0.00263 -3.97988e-02 | 56  0.00717 -2.98770e-02 | 57 -0.00823 -6.64526e-03
 58 -0.00706 -5.77199e-02 | 59 -0.00415  1.57120e-02 | 60 -0.00792 -1.67386e-02
 61 -0.00971 -1.17999e-02 | 62  0.00263 -5.48832e-02 | 63 -0.00732  1.49940e-02
 64 -0.00135  1.07626e-03 | 65  0.00879 -1.17622e-02 | 66 -0.00785 -5.78489e-02
 67  0.00157 -8.68125e-02 | 68  0.00504 -1.23117e-01 | 69  0.02200 -4.50576e-02
 70  0.03132 -8.69403e-02 | 71 -0.00931  2.63243e-03 | 72 -0.00586 -3.93881e-02
 73 -0.00818 -2.51285e-02 | 74 -0.03850 -8.24292e-02 | 75 -0.02136 -8.12467e-02
 76 -0.01839 -8.25107e-02 | 77  0.00936 -1.48301e-01 | 78  0.01024 -1.38612e-01
 79  0.01026 -1.91889e-02 | 80 -0.01739  7.06426e-02 | 81  0.01379 -2.43048e-02
 82  0.03223 -6.32233e-02 | 83 -0.02410 -1.21059e-01 | 84  0.00583 -7.11680e-02
 85 -0.02616  8.19454e-02 | 86 -0.04253 -3.10203e-02 | 87 -0.00025 -3.74437e-02
 88  0.00564  4.11565e-02 | 89 -0.00042 -2.44927e-02 | 90  0.02291  1.82891e-03
 91  0.00042 -2.08958e-02 | 92  0.03354 -4.58382e-02 | 93 -0.05891 -4.40698e-02
 94 -0.03273  5.79594e-02 | 95  0.00829  3.54190e-02 | 96 -0.01046 -2.03469e-02
 97  0.02943  2.59469e-02 | 98 -0.04474  1.39656e-01 | 99  0.02576  4.63575e-02
100  0.00543  7.93820e-02 |101 -0.00911  2.33525e-02 |102 -0.00269  3.73082e-02
103 -0.00003  4.66857e-02 |104  0.00010  4.72830e-02 |105 -0.05613 -8.23235e-02
106 -0.42701  1.45920e-01 |107 -0.30111 -7.61232e-03 |108 -0.26602  1.08678e-02

 - final statistics:
108 variables; iteration 71; function evaluation 99
Function value 5.8780e+02; maximum gradient component mag -7.6547e-01
Exit code = 1;  converg criter 1.0000e+00
Var    Value     Gradient |Var    Value     Gradient |Var    Value     Gradient
  1 -0.42280 -3.53955e-02 |  2 -0.41862 -7.65468e-01 |  3 -0.41626 -3.11384e-01
  4  0.62141 -5.52506e-01 |  5  0.00093 -1.35613e-02 |  6  0.00004 -6.80552e-04
  7  0.00005 -8.54813e-04 |  8  0.00006 -1.07676e-03 |  9  0.00007 -1.36002e-03
 10  0.00018  1.50615e-02 | 11  0.00020  1.49027e-02 | 12  0.00022  1.47212e-02
 13  0.00024  1.45069e-02 | 14  0.00026  1.42404e-02 | 15  0.00029  1.38943e-02
 16  0.00032  1.34361e-02 | 17  0.00034  1.28468e-02 | 18  0.00037  1.21218e-02
 19  0.00103  1.13389e-02 | 20  0.00170  1.04718e-02 | 21  0.00038  9.51395e-03
 22  0.00048  8.76271e-03 | 23  0.00448  7.26179e-03 | 24  0.00226  3.65103e-03
 25  0.00743  1.09872e-02 | 26  0.00883  4.96075e-03 | 27  0.01253  7.31673e-03
 28 -0.00259  4.38870e-03 | 29  0.01042  1.11781e-03 | 30  0.00504  8.22374e-03
 31  0.00458  8.67653e-03 | 32  0.00504  8.32864e-03 | 33  0.00503  3.07301e-03
 34  0.00365  1.26119e-02 | 35  0.00616  6.10852e-03 | 36  0.00707  1.17303e-02
 37 -0.00451  5.62613e-03 | 38 -0.00918  5.90867e-03 | 39 -0.00087  3.79731e-03
 40 -0.00044  3.88658e-03 | 41  0.00065  8.81526e-04 | 42  0.00984  7.90272e-03
 43  0.01799  1.21815e-02 | 44  0.00168  1.01496e-02 | 45  0.00377  6.26025e-03
 46  0.00882  7.49549e-03 | 47  0.00207  4.38827e-03 | 48  0.01997 -1.70620e-02
 49  0.00734  5.47941e-03 | 50  0.00919 -1.13152e-02 | 51 -0.00316  2.93158e-03
 52 -0.01569  7.66321e-05 | 53  0.00029 -7.22681e-03 | 54 -0.00359 -5.02374e-03
 55  0.00264 -1.55984e-02 | 56  0.00718 -8.45841e-03 | 57 -0.00823  1.73234e-03
 58 -0.00705 -2.86373e-02 | 59 -0.00416 -1.27231e-03 | 60 -0.00792 -4.96234e-04
 61 -0.00971 -6.81668e-03 | 62  0.00264 -8.15203e-03 | 63 -0.00733  6.79751e-03
 64 -0.00135 -1.40916e-03 | 65  0.00878 -7.77523e-03 | 66 -0.00784 -1.81318e-02
 67  0.00159 -2.73532e-02 | 68  0.00505 -3.90527e-02 | 69  0.02200 -1.47129e-02
 70  0.03132 -2.82586e-02 | 71 -0.00932  5.61948e-04 | 72 -0.00585 -1.26289e-02
 73 -0.00819 -8.19161e-03 | 74 -0.03849 -2.55821e-02 | 75 -0.02136 -2.56282e-02
 76 -0.01838 -2.59986e-02 | 77  0.00937 -4.69317e-02 | 78  0.01024 -4.39653e-02
 79  0.01026 -6.37300e-03 | 80 -0.01739  2.21730e-02 | 81  0.01379 -7.88516e-03
 82  0.03223 -2.04068e-02 | 83 -0.02409 -3.78849e-02 | 84  0.00584 -2.24832e-02
 85 -0.02617  2.59306e-02 | 86 -0.04252 -9.46388e-03 | 87 -0.00025 -1.16557e-02
 88  0.00564  1.29590e-02 | 89 -0.00042 -7.51893e-03 | 90  0.02291  5.53521e-04
 91  0.00042 -6.31092e-03 | 92  0.03354 -1.43810e-02 | 93 -0.05891 -1.33780e-02
 94 -0.03273  1.86537e-02 | 95  0.00829  1.15167e-02 | 96 -0.01046 -5.95022e-03
 97  0.02943  8.54508e-03 | 98 -0.04475  4.43968e-02 | 99  0.02576  1.51200e-02
100  0.00543  2.55092e-02 |101 -0.00911  7.86490e-03 |102 -0.00269  1.06101e-02
103 -0.00003  1.57046e-02 |104  0.00010  1.59653e-02 |105 -0.05615 -2.63791e-02
106 -0.42702  4.73047e-02 |107 -0.30111 -2.57188e-03 |108 -0.26602  3.58463e-03

Initial statistics: 111 variables; iteration 0; function evaluation 0; phase 5
Function value 5.8779612e+02; maximum gradient component mag -1.1881e+02
Var    Value     Gradient |Var    Value     Gradient |Var    Value     Gradient
  1 -0.42280 -3.53955e-02 |  2 -0.41862 -7.65468e-01 |  3 -0.41626 -3.11384e-01
  4 -0.41222  3.62283e+01 |  5 -0.41222  3.05645e+01 |  6  0.62141 -5.52506e-01
  7  0.00093 -1.35613e-02 |  8  0.00004 -6.80552e-04 |  9  0.00005 -8.54813e-04
 10  0.00006 -1.07676e-03 | 11  0.00007 -1.36002e-03 | 12  0.00018  1.52052e-02
 13  0.00020  1.50464e-02 | 14  0.00022  1.48649e-02 | 15  0.00024  1.46506e-02
 16  0.00026  1.43841e-02 | 17  0.00029  1.40380e-02 | 18  0.00032  1.35798e-02
 19  0.00034  1.29905e-02 | 20  0.00037  1.22655e-02 | 21  0.00103  1.14826e-02
 22  0.00170  1.06155e-02 | 23  0.00038  9.65765e-03 | 24  0.00048  8.90641e-03
 25  0.00448  7.40549e-03 | 26  0.00226  3.79473e-03 | 27  0.00743  1.11309e-02
 28  0.00883  5.10444e-03 | 29  0.01253  7.46040e-03 | 30 -0.00259  4.53240e-03
 31  0.01042  1.26149e-03 | 32  0.00504  8.36744e-03 | 33  0.00458  8.82022e-03
 34  0.00504  8.47233e-03 | 35  0.00503  3.21671e-03 | 36  0.00365  1.27556e-02
 37  0.00616  6.25221e-03 | 38  0.00707  1.18740e-02 | 39 -0.00451  5.76982e-03
 40 -0.00918  6.05236e-03 | 41 -0.00087  3.94100e-03 | 42 -0.00044  4.03028e-03
 43  0.00065  1.02522e-03 | 44  0.00984  8.04640e-03 | 45  0.01799  1.23251e-02
 46  0.00168  1.02933e-02 | 47  0.00377  6.40395e-03 | 48  0.00882  7.63917e-03
 49  0.00207  4.53197e-03 | 50  0.01997 -1.69183e-02 | 51  0.00734  5.62310e-03
 52  0.00919 -1.11715e-02 | 53 -0.00316  3.07528e-03 | 54 -0.01569  2.20287e-04
 55  0.00029 -7.08312e-03 | 56 -0.00359 -4.88005e-03 | 57  0.00264 -1.54547e-02
 58  0.00718 -8.31472e-03 | 59 -0.00823  1.87603e-03 | 60 -0.00705 -2.84936e-02
 61 -0.00416 -1.12862e-03 | 62 -0.00792 -3.52547e-04 | 63 -0.00971 -6.67299e-03
 64  0.00264 -8.00833e-03 | 65 -0.00733  6.94120e-03 | 66 -0.00135 -1.26546e-03
 67  0.00878 -7.63154e-03 | 68 -0.00784 -1.79881e-02 | 69  0.00159 -2.72095e-02
 70  0.00505 -3.89090e-02 | 71  0.02200 -1.45693e-02 | 72  0.03132 -2.81151e-02
 73 -0.00932  7.05631e-04 | 74 -0.00585 -1.24852e-02 | 75 -0.00819 -8.04792e-03
 76 -0.03849 -2.54387e-02 | 77 -0.02136 -2.54846e-02 | 78 -0.01838 -2.58550e-02
 79  0.00937 -4.67880e-02 | 80  0.01024 -4.38216e-02 | 81  0.01026 -6.22932e-03
 82 -0.01739  2.23167e-02 | 83  0.01379 -7.74150e-03 | 84  0.03223 -2.02633e-02
 85 -0.02409 -3.77413e-02 | 86  0.00584 -2.23395e-02 | 87 -0.02617  2.60742e-02
 88 -0.04252 -9.32051e-03 | 89 -0.00025 -1.15120e-02 | 90  0.00564  1.31027e-02
 91 -0.00042 -7.37523e-03 | 92  0.02291  6.97126e-04 | 93  0.00042 -6.16722e-03
 94  0.03354 -1.42375e-02 | 95 -0.05891 -1.32350e-02 | 96 -0.03273  1.87972e-02
 97  0.00829  1.16604e-02 | 98 -0.01046 -5.80654e-03 | 99  0.02943  8.68863e-03
100 -0.04475  4.45402e-02 |101  0.02576  1.52635e-02 |102  0.00543  2.56529e-02
103 -0.00911  8.00858e-03 |104 -0.00269  1.07538e-02 |105 -0.00003  1.58483e-02
106  0.00010  1.61090e-02 |107  0.00000 -1.18808e+02 |108 -0.05615 -2.63791e-02
109 -0.42702  4.73047e-02 |110 -0.30111 -2.57188e-03 |111 -0.26602  3.58463e-03

Intermediate statistics: 111 variables; iteration 20; function evaluation 24; phase 5
Function value 5.8733154e+02; maximum gradient component mag 1.6710e+02
Var    Value     Gradient |Var    Value     Gradient |Var    Value     Gradient
  1 -0.42336  1.70844e+01 |  2 -0.41553  1.66725e+02 |  3 -0.42007  7.29998e+01
  4 -0.40283  3.58537e+01 |  5 -0.44906  1.55756e+01 |  6  0.61975  1.67103e+02
  7  0.00091  5.94418e-01 |  8  0.00004  1.32284e-01 |  9  0.00004  1.61153e-01
 10  0.00005  1.96137e-01 | 11  0.00006  2.38458e-01 | 12  0.00017 -2.70485e+00
 13  0.00019 -2.64287e+00 | 14  0.00021 -2.56840e+00 | 15  0.00023 -2.47928e+00
 16  0.00025 -2.37314e+00 | 17  0.00027 -2.24754e+00 | 18  0.00030 -2.10001e+00
 19  0.00032 -1.92867e+00 | 20  0.00033 -1.73255e+00 | 21  0.00098 -1.49719e+00
 22  0.00163 -1.23600e+00 | 23  0.00026 -1.01815e+00 | 24  0.00030 -7.50554e-01
 25  0.00429 -3.04422e-01 | 26  0.00220 -8.56440e-02 | 27  0.00744  4.52804e-01
 28  0.00903  7.42970e-01 | 29  0.01261  9.30253e-01 | 30 -0.00259  2.53367e-01
 31  0.01031  9.94763e-01 | 32  0.00495  9.95947e-01 | 33  0.00459  9.49798e-01
 34  0.00523  1.26913e+00 | 35  0.00522  1.49470e+00 | 36  0.00342  1.48674e+00
 37  0.00595  1.81520e+00 | 38  0.00741  2.14631e+00 | 39 -0.00461  1.44462e+00
 40 -0.00919  1.18862e+00 | 41 -0.00070  1.95310e+00 | 42 -0.00032  2.07203e+00
 43  0.00066  2.25230e+00 | 44  0.00995  3.25718e+00 | 45  0.01811  3.77047e+00
 46  0.00162  2.58250e+00 | 47  0.00331  2.58042e+00 | 48  0.00837  3.07249e+00
 49  0.00138  2.66340e+00 | 50  0.01927  4.20618e+00 | 51  0.00740  3.34058e+00
 52  0.01024  4.02594e+00 | 53 -0.00319  2.87769e+00 | 54 -0.01572  1.85074e+00
 55  0.00012  3.29965e+00 | 56 -0.00390  3.42345e+00 | 57  0.00241  4.07825e+00
 58  0.00775  5.02727e+00 | 59 -0.00819  3.48076e+00 | 60 -0.00665  3.78268e+00
 61 -0.00360  4.75572e+00 | 62 -0.00798  4.42133e+00 | 63 -0.00956  4.35703e+00
 64  0.00260  5.97207e+00 | 65 -0.00735  5.04046e+00 | 66 -0.00103  6.01724e+00
 67  0.00974  7.90621e+00 | 68 -0.00731  5.58603e+00 | 69  0.00224  6.70180e+00
 70  0.00519  8.40891e+00 | 71  0.02218  1.27592e+01 | 72  0.03162  1.49935e+01
 73 -0.00870  6.80808e+00 | 74 -0.00535  8.06526e+00 | 75 -0.00806  1.04178e+01
 76 -0.03868  3.12875e+00 | 77 -0.02157 -1.44297e-01 | 78 -0.01824  2.64927e+00
 79  0.00917  2.43227e+00 | 80  0.01048  1.27540e+01 | 81  0.01007  1.40018e+00
 82 -0.01724  2.29489e+00 | 83  0.01362 -6.67757e+00 | 84  0.03109 -2.84712e+01
 85 -0.02369 -1.69645e+00 | 86  0.00600  6.11773e-01 | 87 -0.02573  1.53048e+00
 88 -0.04226 -2.77404e+00 | 89  0.00010  6.38776e+00 | 90  0.00586  4.98600e+00
 91 -0.00000  2.55750e+00 | 92  0.02208 -1.63333e+01 | 93  0.00118  1.28228e+01
 94  0.03305 -1.37852e+01 | 95 -0.05866 -4.48491e+00 | 96 -0.03269 -5.51217e+00
 97  0.00889  1.88316e+01 | 98 -0.01109 -1.01979e+01 | 99  0.03003  1.55314e+01
100 -0.04525 -5.55129e+00 |101  0.02649  1.88694e+01 |102  0.00476 -3.95883e+00
103 -0.01095 -2.28970e+01 |104 -0.00249 -1.87501e+00 |105 -0.00003 -2.97536e+00
106  0.00010 -2.99582e+00 |107  0.00078  5.34974e+01 |108 -0.05481  6.24627e+00
109 -0.42607 -6.09855e+00 |110 -0.29664 -1.06246e+01 |111 -0.26404  2.35730e+01
111 variables; iteration 40; function evaluation 45; phase 5
Function value 5.8702622e+02; maximum gradient component mag -1.7816e+02
Var    Value     Gradient |Var    Value     Gradient |Var    Value     Gradient
  1 -0.42247 -1.22550e+01 |  2 -0.41336 -1.78158e+02 |  3 -0.42321 -8.08531e+01
  4 -0.40687  2.01807e+00 |  5 -0.46262 -6.20472e-01 |  6  0.61862 -1.41874e+02
  7  0.00095 -5.28644e-01 |  8  0.00004 -1.16776e-01 |  9  0.00005 -1.42260e-01
 10  0.00006 -1.73141e-01 | 11  0.00007 -2.10499e-01 | 12  0.00021  3.77788e+00
 13  0.00023  3.72319e+00 | 14  0.00025  3.65750e+00 | 15  0.00027  3.57891e+00
 16  0.00030  3.48535e+00 | 17  0.00033  3.37465e+00 | 18  0.00036  3.24473e+00
 19  0.00039  3.09369e+00 | 20  0.00041  2.92047e+00 | 21  0.00106  2.71175e+00
 22  0.00171  2.47814e+00 | 23  0.00034  2.28003e+00 | 24  0.00038  2.03810e+00
 25  0.00437  1.65466e+00 | 26  0.00232  1.50522e+00 | 27  0.00754  1.07285e+00
 28  0.00923  8.78685e-01 | 29  0.01288  6.70109e-01 | 30 -0.00308  8.70882e-01
 31  0.01051  5.66342e-01 | 32  0.00501  5.64732e-01 | 33  0.00467  6.34027e-01
 34  0.00535  4.18469e-01 | 35  0.00533  2.34970e-01 | 36  0.00334  1.56446e-01
 37  0.00595 -3.42613e-02 | 38  0.00779 -1.47887e-01 | 39 -0.00484  1.54047e-01
 40 -0.00914  6.22633e-01 | 41 -0.00056  2.68456e-02 | 42 -0.00026 -1.12563e-01
 43  0.00064 -1.89172e-01 | 44  0.00971 -1.13208e+00 | 45  0.01831 -2.01652e+00
 46  0.00141 -5.87886e-01 | 47  0.00321 -4.89893e-01 | 48  0.00852 -6.18134e-01
 49  0.00069 -7.15122e-01 | 50  0.01892 -2.30838e+00 | 51  0.00766 -5.99890e-01
 52  0.01070 -1.06637e+00 | 53 -0.00345 -2.96847e-01 | 54 -0.01546  9.86987e-01
 55  0.00001 -9.02776e-01 | 56 -0.00430 -6.18382e-01 | 57  0.00221 -1.06532e+00
 58  0.00797 -1.57727e+00 | 59 -0.00807  6.66287e-02 | 60 -0.00644 -3.95635e-01
 61 -0.00363 -1.02069e+00 | 62 -0.00830 -6.78559e-01 | 63 -0.00948 -3.52463e-01
 64  0.00219 -2.49465e+00 | 65 -0.00759 -7.86363e-01 | 66 -0.00188 -3.34723e+00
 67  0.00899 -4.76187e+00 | 68 -0.00712 -5.04613e-01 | 69  0.00332  6.38198e-01
 70  0.00561  2.25004e+00 | 71  0.02165 -3.89820e+00 | 72  0.03121 -7.56557e+00
 73 -0.00925 -4.59240e+00 | 74 -0.00544 -3.70639e+00 | 75 -0.00852  2.92961e-01
 76 -0.03855  2.84989e+00 | 77 -0.02116 -2.72811e-01 | 78 -0.01844 -5.15752e+00
 79  0.00903 -3.42569e+00 | 80  0.01001 -4.24186e+00 | 81  0.00992 -3.42572e+00
 82 -0.01765 -5.74688e+00 | 83  0.01367 -4.98787e+00 | 84  0.03207 -1.05017e+01
 85 -0.02290  9.55932e+00 | 86  0.00607 -1.93563e-01 | 87 -0.02626 -6.15258e+00
 88 -0.04209 -9.89312e-01 | 89 -0.00026  1.66291e+00 | 90  0.00530 -4.00925e+00
 91 -0.00020  1.92834e+00 | 92  0.02248 -5.04208e+00 | 93  0.00037 -5.09385e-02
 94  0.03352 -1.70176e+00 | 95 -0.05787  8.11776e+00 | 96 -0.03262 -6.47558e-01
 97  0.00786  7.22571e+00 | 98 -0.01009  5.90009e+00 | 99  0.02922  7.56004e+00
100 -0.04553 -1.37729e+00 |101  0.02540  8.73894e+00 |102  0.00528  1.09823e+01
103 -0.01013 -1.90561e+00 |104 -0.00286  4.21200e+00 |105 -0.00002  4.01830e+00
106  0.00013  4.03487e+00 |107  0.00134 -7.53158e+01 |108 -0.05562 -9.00783e+00
109 -0.42681  1.18985e+01 |110 -0.29471 -3.49336e+00 |111 -0.26460  4.41433e+00
111 variables; iteration 60; function evaluation 73; phase 5
Function value 5.8699472e+02; maximum gradient component mag -4.0864e+01
Var    Value     Gradient |Var    Value     Gradient |Var    Value     Gradient
  1 -0.42243 -2.82418e+00 |  2 -0.41311 -4.08643e+01 |  3 -0.42356 -1.84053e+01
  4 -0.40724  1.52370e-01 |  5 -0.46481 -3.25366e-01 |  6  0.61854 -3.28130e+01
  7  0.00096 -1.01347e-01 |  8  0.00004 -2.41879e-02 |  9  0.00005 -2.94700e-02
 10  0.00006 -3.58770e-02 | 11  0.00008 -4.36375e-02 | 12  0.00022  8.75298e-01
 13  0.00023  8.63652e-01 | 14  0.00025  8.49590e-01 | 15  0.00028  8.32672e-01
 16  0.00030  8.12418e-01 | 17  0.00033  7.88326e-01 | 18  0.00036  7.60001e-01
 19  0.00039  7.26970e-01 | 20  0.00041  6.89196e-01 | 21  0.00107  6.44061e-01
 22  0.00172  5.94382e-01 | 23  0.00035  5.53375e-01 | 24  0.00039  5.02260e-01
 25  0.00438  4.19432e-01 | 26  0.00233  3.79242e-01 | 27  0.00749  1.89590e-01
 28  0.00926  2.38451e-01 | 29  0.01288  1.96715e-01 | 30 -0.00275  3.56141e-01
 31  0.01053  1.83313e-01 | 32  0.00506  1.87709e-01 | 33  0.00471  1.76339e-01
 34  0.00542  1.56100e-01 | 35  0.00542  1.15403e-01 | 36  0.00337  1.92673e-02
 37  0.00595 -7.15550e-04 | 38  0.00779 -5.94018e-03 | 39 -0.00468  1.25785e-01
 40 -0.00910  2.25731e-01 | 41 -0.00054  1.41632e-02 | 42 -0.00024 -3.74633e-02
 43  0.00067 -4.52624e-03 | 44  0.00986 -2.18323e-01 | 45  0.01848 -5.04792e-01
 46  0.00148 -2.19002e-01 | 47  0.00319 -1.23088e-01 | 48  0.00855  1.08308e-01
 49  0.00080 -2.43602e-01 | 50  0.01915 -4.94348e-01 | 51  0.00747 -2.84934e-01
 52  0.01066 -3.46072e-01 | 53 -0.00337 -1.66916e-03 | 54 -0.01580 -8.47550e-02
 55  0.00006 -3.59139e-01 | 56 -0.00427 -1.97213e-01 | 57  0.00218 -2.97940e-01
 58  0.00794 -4.54673e-01 | 59 -0.00830 -6.62259e-02 | 60 -0.00645  1.98490e-02
 61 -0.00363 -2.75409e-01 | 62 -0.00840 -1.67221e-01 | 63 -0.00962  4.90105e-02
 64  0.00219 -9.53855e-01 | 65 -0.00793 -5.84746e-01 | 66 -0.00120 -5.37183e-01
 67  0.00972 -9.66432e-01 | 68 -0.00758 -4.67021e-01 | 69  0.00259 -2.70431e-01
 70  0.00458 -5.31217e-02 | 71  0.02144 -1.08793e+00 | 72  0.03135 -1.56963e+00
 73 -0.00855 -1.56375e-01 | 74 -0.00528 -1.02414e+00 | 75 -0.00885 -2.92121e-01
 76 -0.03898  1.83486e-01 | 77 -0.02123 -1.10742e-01 | 78 -0.01820 -7.31065e-01
 79  0.00899 -8.31492e-01 | 80  0.00999 -1.03126e+00 | 81  0.00989 -7.89896e-01
 82 -0.01738 -1.21627e+00 | 83  0.01371 -1.01320e+00 | 84  0.03219 -1.98125e+00
 85 -0.02336  1.36617e+00 | 86  0.00599 -1.70627e-01 | 87 -0.02591 -7.96263e-01
 88 -0.04190 -4.30040e-02 | 89 -0.00035  2.19470e-02 | 90  0.00542 -6.67226e-01
 91 -0.00026  2.55529e-01 | 92  0.02258 -7.85457e-01 | 93  0.00042 -2.77857e-03
 94  0.03351 -3.20654e-01 | 95 -0.05829  1.41579e+00 | 96 -0.03236  9.29048e-02
 97  0.00766  1.16316e+00 | 98 -0.01033  9.71786e-01 | 99  0.02900  1.22149e+00
100 -0.04491  3.22669e-01 |101  0.02519  1.50252e+00 |102  0.00468  1.77135e+00
103 -0.00977  6.42657e-02 |104 -0.00285  1.13582e+00 |105 -0.00003  9.10275e-01
106  0.00012  9.29196e-01 |107  0.00140 -1.81476e+01 |108 -0.05589 -2.04192e+00
109 -0.42702  2.65711e+00 |110 -0.29371 -6.63303e-01 |111 -0.26431  7.18400e-01
111 variables; iteration 80; function evaluation 106; phase 5
Function value 5.8699384e+02; maximum gradient component mag -3.2990e+00
Var    Value     Gradient |Var    Value     Gradient |Var    Value     Gradient
  1 -0.42245 -2.32185e-01 |  2 -0.41307 -3.29905e+00 |  3 -0.42360 -1.47872e+00
  4 -0.40732  1.32460e-02 |  5 -0.46508 -2.42923e-02 |  6  0.61851 -2.62257e+00
  7  0.00095 -3.88880e-03 |  8  0.00004 -8.30735e-04 |  9  0.00005 -1.01665e-03
 10  0.00006 -1.24493e-03 | 11  0.00008 -1.52549e-03 | 12  0.00020  6.45084e-02
 13  0.00021  6.34266e-02 | 14  0.00023  6.21666e-02 | 15  0.00026  6.07283e-02
 16  0.00028  5.91301e-02 | 17  0.00031  5.74140e-02 | 18  0.00034  5.56217e-02
 19  0.00037  5.38357e-02 | 20  0.00040  5.20488e-02 | 21  0.00105  4.99252e-02
 22  0.00170  4.70033e-02 | 23  0.00033  4.26565e-02 | 24  0.00036  3.17624e-02
 25  0.00434  7.24462e-03 | 26  0.00232  4.27121e-02 | 27  0.00753  2.83261e-03
 28  0.00926  4.41514e-02 | 29  0.01286  4.80977e-03 | 30 -0.00275  6.37523e-02
 31  0.01054  5.79725e-02 | 32  0.00506  3.52712e-02 | 33  0.00472  3.91397e-02
 34  0.00542  3.31390e-02 | 35  0.00542  3.13014e-02 | 36  0.00342  2.83230e-02
 37  0.00598  2.13140e-02 | 38  0.00779  3.26925e-02 | 39 -0.00469  1.52000e-02
 40 -0.00916 -6.05462e-03 | 41 -0.00055 -1.59325e-02 | 42 -0.00023 -1.90010e-02
 43  0.00067  1.22016e-02 | 44  0.00986 -3.68630e-02 | 45  0.01855 -5.10310e-02
 46  0.00154 -6.45420e-02 | 47  0.00323  1.90511e-02 | 48  0.00837  9.13877e-03
 49  0.00089 -2.16221e-02 | 50  0.01915 -9.43064e-02 | 51  0.00751 -4.09122e-02
 52  0.01069 -5.38933e-02 | 53 -0.00342 -2.84457e-02 | 54 -0.01571  1.02262e-02
 55  0.00016  4.57864e-02 | 56 -0.00427 -5.62380e-02 | 57  0.00218 -8.33021e-03
 58  0.00799  2.15088e-02 | 59 -0.00832  2.48084e-02 | 60 -0.00653 -4.08403e-03
 61 -0.00361 -7.12056e-03 | 62 -0.00842  4.59229e-03 | 63 -0.00978 -4.29610e-02
 64  0.00235 -1.07376e-01 | 65 -0.00784 -5.22690e-02 | 66 -0.00118 -3.82860e-02
 67  0.00980 -6.58569e-02 | 68 -0.00754 -2.59747e-02 | 69  0.00250 -1.49759e-02
 70  0.00445  1.12395e-02 | 71  0.02142 -8.92882e-02 | 72  0.03135 -1.29199e-01
 73 -0.00862 -7.89289e-03 | 74 -0.00519 -8.12815e-02 | 75 -0.00890 -2.14204e-02
 76 -0.03901  1.18486e-02 | 77 -0.02125 -2.55971e-03 | 78 -0.01818 -6.72322e-02
 79  0.00899 -7.04875e-02 | 80  0.00999 -8.71642e-02 | 81  0.00989 -6.76559e-02
 82 -0.01732 -1.11636e-01 | 83  0.01372 -9.00003e-02 | 84  0.03221 -1.69728e-01
 85 -0.02342  1.24213e-01 | 86  0.00597 -1.51168e-02 | 87 -0.02585 -7.95695e-02
 88 -0.04188 -1.01977e-02 | 89 -0.00035 -4.38281e-03 | 90  0.00544 -6.54265e-02
 91 -0.00026  1.97473e-02 | 92  0.02259 -7.25499e-02 | 93  0.00044 -8.97795e-03
 94  0.03351 -2.98926e-02 | 95 -0.05835  1.23391e-01 | 96 -0.03231  3.59909e-03
 97  0.00764  9.42106e-02 | 98 -0.01036  8.35866e-02 | 99  0.02899  9.99190e-02
100 -0.04485  1.61075e-02 |101  0.02517  1.21381e-01 |102  0.00460  1.56599e-01
103 -0.00969 -1.30081e-02 |104 -0.00294  1.28806e-01 |105 -0.00004  6.19813e-02
106  0.00011  6.97598e-02 |107  0.00141 -1.56756e+00 |108 -0.05593 -1.63904e-01
109 -0.42705  2.14638e-01 |110 -0.29334 -6.07055e-02 |111 -0.26416  6.48905e-02
111 variables; iteration 100; function evaluation 142; phase 5
Function value 5.8699382e+02; maximum gradient component mag -2.0653e-02
Var    Value     Gradient |Var    Value     Gradient |Var    Value     Gradient
  1 -0.42245 -1.45426e-03 |  2 -0.41307 -2.06531e-02 |  3 -0.42361 -9.29720e-03
  4 -0.40732  6.66877e-05 |  5 -0.46511 -1.50010e-04 |  6  0.61851 -1.64779e-02
  7  0.00095 -8.25965e-05 |  8  0.00004 -1.82054e-05 |  9  0.00005 -2.20408e-05
 10  0.00006 -2.66140e-05 | 11  0.00007 -3.20347e-05 | 12  0.00020  3.69520e-04
 13  0.00022  3.54819e-04 | 14  0.00024  3.38171e-04 | 15  0.00026  3.19679e-04
 16  0.00029  2.99672e-04 | 17  0.00032  2.78763e-04 | 18  0.00035  2.57681e-04
 19  0.00038  2.37630e-04 | 20  0.00040  2.18514e-04 | 21  0.00105  1.95813e-04
 22  0.00170  1.60976e-04 | 23  0.00033  1.05749e-04 | 24  0.00037  2.96914e-06
 25  0.00435 -1.42898e-04 | 26  0.00231  9.72656e-04 | 27  0.00754 -2.36717e-04
 28  0.00924 -2.26457e-05 | 29  0.01287  7.51320e-04 | 30 -0.00277  2.90599e-04
 31  0.01051  2.07820e-04 | 32  0.00504  8.10338e-05 | 33  0.00471  2.74171e-04
 34  0.00541  5.47100e-05 | 35  0.00541  2.50668e-05 | 36  0.00341  2.16820e-05
 37  0.00597 -1.82615e-04 | 38  0.00777  4.43358e-05 | 39 -0.00469  6.28725e-04
 40 -0.00915 -4.87980e-05 | 41 -0.00054  8.53022e-05 | 42 -0.00021 -3.86343e-04
 43  0.00066  1.03124e-03 | 44  0.00987  4.10828e-04 | 45  0.01856 -4.61034e-04
 46  0.00158 -3.74496e-04 | 47  0.00321  2.49132e-04 | 48  0.00836 -1.97938e-04
 49  0.00090 -3.92809e-04 | 50  0.01918 -6.06061e-04 | 51  0.00752  4.41889e-05
 52  0.01071 -5.36446e-04 | 53 -0.00341 -2.66585e-04 | 54 -0.01571  4.97681e-05
 55  0.00014  2.81843e-04 | 56 -0.00424 -5.55556e-04 | 57  0.00218  9.69612e-05
 58  0.00796  1.90433e-04 | 59 -0.00834  1.60675e-04 | 60 -0.00654  6.74001e-06
 61 -0.00362 -4.13148e-05 | 62 -0.00843 -6.01779e-05 | 63 -0.00977 -2.62748e-04
 64  0.00238 -6.49836e-04 | 65 -0.00783 -3.11384e-04 | 66 -0.00118 -2.10270e-04
 67  0.00981 -4.32678e-04 | 68 -0.00754 -1.52207e-04 | 69  0.00250 -1.02747e-04
 70  0.00444  4.10508e-05 | 71  0.02142 -5.42517e-04 | 72  0.03135 -7.93176e-04
 73 -0.00863 -4.90000e-05 | 74 -0.00519 -5.03167e-04 | 75 -0.00890 -1.30653e-04
 76 -0.03901  9.14481e-05 | 77 -0.02126 -2.19381e-05 | 78 -0.01818 -3.87332e-04
 79  0.00899 -4.34824e-04 | 80  0.00999 -5.31260e-04 | 81  0.00989 -4.15354e-04
 82 -0.01731 -6.59847e-04 | 83  0.01373 -5.46460e-04 | 84  0.03221 -1.03465e-03
 85 -0.02343  7.37316e-04 | 86  0.00597 -9.25252e-05 | 87 -0.02584 -4.52528e-04
 88 -0.04187 -3.80905e-05 | 89 -0.00035 -1.77295e-05 | 90  0.00544 -3.76400e-04
 91 -0.00026  1.23196e-04 | 92  0.02259 -4.29657e-04 | 93  0.00044 -3.64690e-05
 94  0.03351 -1.77868e-04 | 95 -0.05835  7.55817e-04 | 96 -0.03231  3.62989e-05
 97  0.00764  5.84506e-04 | 98 -0.01036  5.18526e-04 | 99  0.02899  6.20013e-04
100 -0.04485  1.35654e-04 |101  0.02517  7.59112e-04 |102  0.00459  9.56561e-04
103 -0.00969 -2.18911e-05 |104 -0.00297  7.59146e-04 |105 -0.00003  3.55211e-04
106  0.00011  4.49214e-04 |107  0.00141 -9.77238e-03 |108 -0.05594 -1.02367e-03
109 -0.42705  1.34493e-03 |110 -0.29329 -3.56906e-04 |111 -0.26415  3.72774e-04

Initial statistics: 112 variables; iteration 0; function evaluation 0; phase 6
Function value 5.8699382e+02; maximum gradient component mag -1.4902e-04
Var    Value     Gradient |Var    Value     Gradient |Var    Value     Gradient
  1 -0.42245 -1.06259e-05 |  2 -0.41307 -1.49019e-04 |  3 -0.42361 -6.73613e-05
  4 -0.40732 -4.86147e-07 |  5 -0.46511 -3.22507e-07 |  6  0.61851 -1.17954e-04
  7  0.00095 -3.10177e-05 |  8  0.00004  6.56719e-06 |  9  0.00005  7.83048e-06
 10  0.00006  9.14909e-06 | 11  0.00007  1.03502e-05 | 12  0.00020 -6.27044e-07
 13  0.00022  2.78080e-06 | 14  0.00024  6.72965e-06 | 15  0.00026  1.11329e-05
 16  0.00029  1.56205e-05 | 17  0.00032  1.92459e-05 | 18  0.00035  2.02544e-05
 19  0.00038  1.63633e-05 | 20  0.00040  6.39240e-06 | 21  0.00105 -8.67794e-06
 22  0.00170 -2.13204e-05 | 23  0.00033 -2.07627e-05 | 24  0.00037 -4.14397e-05
 25  0.00435  1.12739e-06 | 26  0.00231  1.63229e-06 | 27  0.00754  7.36864e-06
 28  0.00924  1.70950e-05 | 29  0.01286  1.95864e-05 | 30 -0.00277  4.50691e-06
 31  0.01051  1.06565e-05 | 32  0.00504 -7.80259e-05 | 33  0.00471  3.35413e-05
 34  0.00541  1.86422e-05 | 35  0.00541  2.41013e-05 | 36  0.00341 -6.09130e-06
 37  0.00597 -7.43085e-06 | 38  0.00777 -3.76074e-06 | 39 -0.00469  2.33813e-06
 40 -0.00915 -3.64158e-06 | 41 -0.00054 -2.64898e-05 | 42 -0.00021  5.01782e-05
 43  0.00066 -1.54692e-05 | 44  0.00987  2.02902e-05 | 45  0.01856 -7.18274e-06
 46  0.00158 -1.81426e-05 | 47  0.00321  8.65514e-06 | 48  0.00836  3.18707e-06
 49  0.00090 -6.63914e-06 | 50  0.01918 -4.31475e-06 | 51  0.00752 -4.25578e-06
 52  0.01071 -9.21468e-08 | 53 -0.00341 -2.92391e-06 | 54 -0.01571 -2.76601e-08
 55  0.00014  1.64184e-06 | 56 -0.00424 -5.17813e-06 | 57  0.00218  7.95592e-06
 58  0.00796 -4.22885e-06 | 59 -0.00834  1.80676e-06 | 60 -0.00654 -2.86040e-07
 61 -0.00362 -3.83797e-07 | 62 -0.00843 -7.81194e-07 | 63 -0.00977 -2.08978e-06
 64  0.00238 -5.02888e-06 | 65 -0.00783 -2.42527e-06 | 66 -0.00118 -1.97273e-06
 67  0.00981 -3.47125e-06 | 68 -0.00754 -1.27783e-06 | 69  0.00250 -6.86050e-07
 70  0.00444  2.22272e-07 | 71  0.02142 -4.08362e-06 | 72  0.03135 -5.86630e-06
 73 -0.00863 -5.15299e-07 | 74 -0.00519 -3.73742e-06 | 75 -0.00890 -1.09063e-06
 76 -0.03901  4.63429e-07 | 77 -0.02126 -2.73435e-07 | 78 -0.01818 -3.15785e-06
 79  0.00899 -3.34805e-06 | 80  0.00999 -4.11469e-06 | 81  0.00989 -3.23263e-06
 82 -0.01731 -5.11602e-06 | 83  0.01373 -4.22529e-06 | 84  0.03221 -7.73295e-06
 85 -0.02343  5.37090e-06 | 86  0.00597 -8.68557e-07 | 87 -0.02584 -3.72595e-06
 88 -0.04187 -5.68843e-07 | 89 -0.00035 -4.37958e-07 | 90  0.00544 -3.14834e-06
 91 -0.00026  6.92179e-07 | 92  0.02259 -3.38596e-06 | 93  0.00044 -6.39948e-07
 94  0.03351 -1.52064e-06 | 95 -0.05835  5.36912e-06 | 96 -0.03231  5.48314e-08
 97  0.00764  3.96602e-06 | 98 -0.01036  3.62888e-06 | 99  0.02899  4.21996e-06
100 -0.04485  6.44509e-07 |101  0.02517  5.16078e-06 |102  0.00459  6.82477e-06
103 -0.00969 -7.01273e-07 |104 -0.00297  5.35823e-06 |105 -0.00003  7.03715e-06
106  0.00011 -1.52343e-05 |107  0.00000  0.00000e+00 |108  0.00141 -7.29262e-05
109 -0.05594 -7.20111e-06 |110 -0.42705  1.00888e-05 |111 -0.29329 -2.60141e-06
112 -0.26414  2.67118e-06 |

 - final statistics:
112 variables; iteration 1; function evaluation 2
Function value 5.8699e+02; maximum gradient component mag -7.8519e-05
Exit code = 1;  converg criter 1.0000e-04
Var    Value     Gradient |Var    Value     Gradient |Var    Value     Gradient
  1 -0.42245  5.17240e-06 |  2 -0.41307  6.29449e-05 |  3 -0.42361  2.82511e-05
  4 -0.40732  1.72478e-06 |  5 -0.46511  2.74295e-06 |  6  0.61851  5.26161e-05
  7  0.00095 -3.03754e-05 |  8  0.00004  6.70409e-06 |  9  0.00005  7.99729e-06
 10  0.00006  9.35217e-06 | 11  0.00007  1.05972e-05 | 12  0.00020 -4.85850e-06
 13  0.00022 -1.38705e-06 | 14  0.00024  2.63814e-06 | 15  0.00026  7.13268e-06
 16  0.00029  1.17291e-05 | 17  0.00032  1.54835e-05 | 18  0.00035  1.66441e-05
 19  0.00038  1.29307e-05 | 20  0.00040  3.16509e-06 | 21  0.00105 -1.16570e-05
 22  0.00170 -2.40218e-05 | 23  0.00033 -2.32294e-05 | 24  0.00037 -4.36148e-05
 25  0.00435 -6.02369e-07 | 26  0.00231  8.48623e-08 | 27  0.00754  6.31682e-06
 28  0.00924  1.62961e-05 | 29  0.01286  1.90596e-05 | 30 -0.00277  3.08049e-06
 31  0.01051  1.02032e-05 | 32  0.00504 -7.85195e-05 | 33  0.00471  3.29391e-05
 34  0.00541  1.82931e-05 | 35  0.00541  2.39447e-05 | 36  0.00341 -6.20677e-06
 37  0.00597 -7.20177e-06 | 38  0.00777 -3.25548e-06 | 39 -0.00469  2.05119e-06
 40 -0.00915 -4.11328e-06 | 41 -0.00054 -2.62636e-05 | 42 -0.00021  5.04859e-05
 43  0.00066 -1.50165e-05 | 44  0.00987  2.15808e-05 | 45  0.01856 -5.00444e-06
 46  0.00158 -1.74850e-05 | 47  0.00321  9.44931e-06 | 48  0.00836  4.43257e-06
 49  0.00090 -6.02360e-06 | 50  0.01918 -1.92238e-06 | 51  0.00752 -2.92973e-06
 52  0.01071  1.62765e-06 | 53 -0.00341 -2.34785e-06 | 54 -0.01571 -2.39777e-07
 55  0.00014  2.78927e-06 | 56 -0.00424 -4.23643e-06 | 57  0.00218  9.64147e-06
 58  0.00796 -1.81382e-06 | 59 -0.00834  2.78152e-06 | 60 -0.00654  9.91131e-07
 61 -0.00362  1.38062e-06 | 62 -0.00843  6.98492e-07 | 63 -0.00977 -5.90871e-07
 64  0.00238 -2.12074e-06 | 65 -0.00783 -5.42203e-07 | 66 -0.00118  7.53613e-07
 67  0.00981  7.08992e-07 | 68 -0.00754  8.80068e-07 | 69  0.00250  2.70934e-06
 70  0.00444  3.93909e-06 | 71  0.02142  2.48689e-06 | 72  0.03135  3.00064e-06
 73 -0.00863  2.31274e-06 | 74 -0.00519 -2.09817e-07 | 75 -0.00890  2.15402e-06
 76 -0.03901  9.04674e-07 | 77 -0.02126  1.65781e-06 | 78 -0.01818 -1.16443e-06
 79  0.00899  1.38319e-06 | 80  0.00999  7.14644e-07 | 81  0.00989  7.90222e-07
 82 -0.01731 -4.08231e-06 | 83  0.01373 -3.79438e-07 | 84  0.03221 -1.19480e-06
 85 -0.02343  4.96486e-06 | 86  0.00597  1.25121e-06 | 87 -0.02584 -4.64418e-06
 88 -0.04187 -2.26256e-06 | 89 -0.00035 -1.87842e-07 | 90  0.00544 -2.42289e-06
 91 -0.00026  1.94962e-07 | 92  0.02259 -2.28086e-06 | 93  0.00044 -1.79518e-06
 94  0.03351 -9.71082e-07 | 95 -0.05835  1.75108e-06 | 96 -0.03231 -3.13011e-06
 97  0.00764  1.16895e-06 | 98 -0.01036  4.56662e-07 | 99  0.02899  7.98784e-07
100 -0.04485 -3.56895e-06 |101  0.02517  5.85226e-07 |102  0.00459  2.17901e-06
103 -0.00969 -5.64125e-06 |104 -0.00297  8.08804e-07 |105 -0.00003  2.50043e-06
106  0.00011 -1.97657e-05 |107  0.00000  0.00000e+00 |108  0.00141  2.53228e-05
109 -0.05594  2.84216e-06 |110 -0.42705 -2.64398e-06 |111 -0.29329 -1.50015e-06
112 -0.26414  1.40037e-06 |
size of file gradfil1.tmp = 0
size of file gradfil2.tmp = 0
size of file varssave.tmp = 0
size of file cmpdiff.tmp = 0
