
Initial statistics: 1 variables; iteration 0; function evaluation 0; phase 1
Function value 8.3797540e+02; maximum gradient component mag 9.5730e+03
Var    Value     Gradient |Var    Value     Gradient |Var    Value     Gradient
  1  0.63197  9.57301e+03 |

 - final statistics:
1 variables; iteration 6; function evaluation 8
Function value 8.2972e+02; maximum gradient component mag -1.6701e+00
Exit code = 1;  converg criter 1.0000e+01
Var    Value     Gradient |Var    Value     Gradient |Var    Value     Gradient
  1  0.63044 -1.67011e+00 |

Initial statistics: 98 variables; iteration 0; function evaluation 0; phase 2
Function value 8.2971906e+02; maximum gradient component mag -1.3201e+03
Var    Value     Gradient |Var    Value     Gradient |Var    Value     Gradient
  1  0.63044 -1.67011e+00 |  2  0.00000 -7.42155e+00 |  3  0.00000 -7.54429e+00
  4  0.00000 -7.69356e+00 |  5  0.00000 -7.87482e+00 |  6  0.00000 -8.09462e+00
  7  0.00000 -8.36067e+00 |  8  0.00000 -8.68384e+00 |  9  0.00000 -9.07298e+00
 10  0.00000 -9.58680e+00 | 11  0.00000 -1.01025e+01 | 12  0.00000 -1.07731e+01
 13  0.00000 -1.15631e+01 | 14  0.00000 -1.25013e+01 | 15  0.00000 -1.36024e+01
 16  0.00000 -1.48926e+01 | 17  0.00000 -1.63689e+01 | 18  0.00000 -1.80735e+01
 19  0.00000 -2.00157e+01 | 20  0.00000 -2.27708e+01 | 21  0.00000 -2.47495e+01
 22  0.00000 -2.78123e+01 | 23  0.00000 -3.16933e+01 | 24  0.00000 -3.44832e+01
 25  0.00000 -4.09797e+01 | 26  0.00000 -5.13056e+01 | 27  0.00000 -5.40509e+01
 28  0.00000 -4.09635e+01 | 29  0.00000 -4.48881e+01 | 30  0.00000 -4.69574e+01
 31  0.00000 -6.17134e+01 | 32  0.00000 -7.14468e+01 | 33  0.00000 -7.37253e+01
 34  0.00000 -8.02892e+01 | 35  0.00000 -1.47330e+02 | 36  0.00000 -1.06901e+02
 37  0.00000 -1.09850e+02 | 38  0.00000 -1.15317e+02 | 39  0.00000 -1.26939e+02
 40  0.00000 -1.12858e+02 | 41  0.00000 -1.41265e+02 | 42  0.00000 -1.58215e+02
 43  0.00000 -1.70931e+02 | 44  0.00000 -1.98474e+02 | 45  0.00000 -1.69575e+02
 46  0.00000 -2.11949e+02 | 47  0.00000 -2.12265e+02 | 48  0.00000 -1.99526e+02
 49  0.00000 -1.89121e+02 | 50  0.00000 -1.97585e+02 | 51  0.00000 -2.43322e+02
 52  0.00000 -2.57831e+02 | 53  0.00000 -2.45054e+02 | 54  0.00000 -2.19426e+02
 55  0.00000 -2.46055e+02 | 56  0.00000 -2.65100e+02 | 57  0.00000 -2.82142e+02
 58  0.00000 -3.05850e+02 | 59  0.00000 -2.99607e+02 | 60  0.00000 -2.65276e+02
 61  0.00000 -3.13647e+02 | 62  0.00000 -1.91562e+02 | 63  0.00000 -3.12300e+02
 64  0.00000 -1.49974e+02 | 65  0.00000 -3.06484e+02 | 66  0.00000 -1.63495e+02
 67  0.00000 -1.54020e+02 | 68  0.00000 -6.48097e+02 | 69  0.00000  5.82738e+02
 70  0.00000  4.05420e+02 | 71  0.00000  5.66011e+02 | 72  0.00000  2.92288e+02
 73  0.00000  1.26037e+03 | 74  0.00000  5.86613e+02 | 75  0.00000 -1.32010e+03
 76  0.00000  9.05506e+02 | 77  0.00000 -5.33532e+02 | 78  0.00000  4.10893e+02
 79  0.00000  7.79350e+02 | 80  0.00000  5.32938e+02 | 81  0.00000  1.04475e+03
 82  0.00000  6.68456e+02 | 83  0.00000  5.96010e+02 | 84  0.00000  2.67944e+02
 85  0.00000  1.37170e+02 | 86  0.00000  6.01407e+02 | 87  0.00000  4.42471e+02
 88  0.00000 -1.78561e+02 | 89  0.00000  6.67956e+02 | 90  0.00000  4.36570e+00
 91  0.00000 -2.29410e+02 | 92  0.00000  4.92764e+02 | 93  0.00000 -6.38774e+02
 94  0.00000  1.57564e+01 | 95  0.00000 -6.54069e+00 | 96  0.00000 -6.86227e+00
 97 -0.03546  1.63710e+02 | 98 -0.31026 -5.06719e+01 |

Intermediate statistics: 98 variables; iteration 20; function evaluation 31; phase 2
Function value 7.2552517e+02; maximum gradient component mag 5.5056e+03
Var    Value     Gradient |Var    Value     Gradient |Var    Value     Gradient
  1  0.62058  5.50561e+03 |  2 -0.00564 -1.58140e+02 |  3 -0.00563 -1.58115e+02
  4 -0.00563 -1.58084e+02 |  5 -0.00562 -1.58048e+02 |  6 -0.00561 -1.58003e+02
  7 -0.00560 -1.57949e+02 |  8 -0.00559 -1.57883e+02 |  9 -0.00557 -1.57803e+02
 10 -0.00549 -1.57665e+02 | 11 -0.00552 -1.57591e+02 | 12 -0.00549 -1.57452e+02
 13 -0.00546 -1.57293e+02 | 14 -0.00542 -1.57099e+02 | 15 -0.00537 -1.56872e+02
 16 -0.00530 -1.56599e+02 | 17 -0.00523 -1.56295e+02 | 18 -0.00513 -1.55934e+02
 19 -0.00500 -1.55519e+02 | 20 -0.00417 -1.54563e+02 | 21 -0.00456 -1.54472e+02
 22 -0.00406 -1.53710e+02 | 23 -0.00122 -1.51506e+02 | 24 -0.00194 -1.51691e+02
 25  0.00123 -1.48992e+02 | 26  0.01001 -1.41712e+02 | 27  0.00699 -1.43689e+02
 28 -0.00899 -1.52901e+02 | 29 -0.00823 -1.50617e+02 | 30 -0.01034 -1.50517e+02
 31 -0.00391 -1.46504e+02 | 32  0.00015 -1.42280e+02 | 33 -0.00388 -1.43548e+02
 34 -0.00592 -1.44137e+02 | 35  0.02698 -1.32506e+02 | 36  0.00009 -1.39675e+02
 37 -0.00319 -1.39269e+02 | 38 -0.00380 -1.36412e+02 | 39 -0.00113 -1.32269e+02
 40 -0.01304 -1.34400e+02 | 41 -0.00424 -1.29997e+02 | 42  0.00101 -1.24732e+02
 43  0.00029 -1.24236e+02 | 44  0.01068 -1.16507e+02 | 45 -0.01054 -1.25602e+02
 46  0.01184 -1.08519e+02 | 47  0.00694 -1.08487e+02 | 48 -0.00572 -1.14348e+02
 49 -0.01451 -1.17848e+02 | 50 -0.01534 -1.18966e+02 | 51  0.00557 -1.02204e+02
 52  0.01434 -9.18914e+01 | 53  0.00164 -9.95740e+01 | 54 -0.01307 -1.07435e+02
 55 -0.00435 -1.02792e+02 | 56  0.00378 -9.60968e+01 | 57  0.01067 -8.93475e+01
 58  0.02097 -7.26208e+01 | 59  0.01811 -6.24100e+01 | 60  0.00743 -6.60346e+01
 61  0.01895 -5.72521e+01 | 62 -0.01170 -7.79099e+01 | 63  0.01940 -4.43640e+01
 64 -0.00851 -4.33572e+01 | 65  0.01920  1.86435e+00 | 66  0.00346 -2.26724e+00
 67  0.00137  1.91986e+00 | 68  0.02730  7.95966e+01 | 69 -0.00155  5.72554e+02
 70 -0.00513  3.67406e+02 | 71  0.00330  7.22528e+02 | 72  0.00660  5.21497e+02
 73 -0.00093  1.22765e+03 | 74  0.00591  7.46322e+02 | 75  0.03357 -1.29448e+02
 76 -0.01132  7.04734e+02 | 77  0.02334  2.13019e+02 | 78  0.00423  5.23249e+02
 79  0.00605  8.57732e+02 | 80  0.00284  5.52603e+02 | 81  0.00222  9.56082e+02
 82  0.00037  5.67506e+02 | 83  0.00130  4.62327e+02 | 84  0.00619  2.94983e+02
 85  0.00502  9.35052e+01 | 86 -0.00951  2.56875e+02 | 87 -0.00655  9.01779e+01
 88  0.01243 -9.65817e+01 | 89 -0.01997  6.19733e+01 | 90  0.00513 -1.19556e+02
 91  0.00648 -3.25800e+02 | 92 -0.05165 -1.12038e+02 | 93  0.03189 -3.12536e+02
 94 -0.02001 -1.66108e+02 | 95 -0.00614 -1.58693e+02 | 96 -0.00566 -1.58254e+02
 97 -0.03844  5.34857e+02 | 98 -0.30322 -4.45259e+01 |
98 variables; iteration 40; function evaluation 55; phase 2
Function value 6.2900771e+02; maximum gradient component mag 6.0422e+03
Var    Value     Gradient |Var    Value     Gradient |Var    Value     Gradient
  1  0.61781  6.04216e+03 |  2  0.00946 -1.35049e+02 |  3  0.00929 -1.35003e+02
  4  0.00909 -1.34947e+02 |  5  0.00884 -1.34878e+02 |  6  0.00854 -1.34792e+02
  7  0.00819 -1.34684e+02 |  8  0.00779 -1.34538e+02 |  9  0.00731 -1.34357e+02
 10  0.00695 -1.33845e+02 | 11  0.00611 -1.33827e+02 | 12  0.00538 -1.33443e+02
 13  0.00454 -1.32989e+02 | 14  0.00362 -1.32373e+02 | 15  0.00264 -1.31584e+02
 16  0.00161 -1.30539e+02 | 17  0.00051 -1.29300e+02 | 18 -0.00056 -1.27677e+02
 19 -0.00160 -1.25653e+02 | 20 -0.00103 -1.20626e+02 | 21 -0.00323 -1.19889e+02
 22 -0.00345 -1.15312e+02 | 23  0.00174 -1.03204e+02 | 24 -0.00053 -1.01244e+02
 25  0.00410 -8.51644e+01 | 26  0.01332 -5.84017e+01 | 27  0.00950 -5.65325e+01
 28 -0.01794 -1.08496e+02 | 29 -0.01595 -9.53430e+01 | 30 -0.01940 -9.39948e+01
 31 -0.01249 -7.05626e+01 | 32 -0.00741 -4.70127e+01 | 33 -0.01303 -5.10421e+01
 34 -0.01688 -5.32174e+01 | 35  0.00468 -1.08310e+01 | 36 -0.01982 -5.24644e+01
 37 -0.02304 -5.08989e+01 | 38 -0.01743 -1.73325e+01 | 39 -0.01006  2.13324e+01
 40 -0.01351  3.84529e+01 | 41 -0.01395  2.35360e+01 | 42 -0.00761  5.19942e+01
 43 -0.00551  6.79064e+01 | 44  0.00623  1.22393e+02 | 45 -0.00549  9.75559e+01
 46  0.00733  1.29533e+02 | 47  0.01111  1.55965e+02 | 48  0.00651  1.50439e+02
 49 -0.00171  1.18012e+02 | 50 -0.01004  7.01421e+01 | 51  0.01552  1.73125e+02
 52  0.02758  2.32188e+02 | 53  0.01852  1.86439e+02 | 54 -0.00306  8.34825e+01
 55 -0.00039  7.25890e+01 | 56 -0.00378  3.14839e+01 | 57  0.00124  3.68023e+01
 58  0.03367  2.13234e+02 | 59  0.04142  3.03892e+02 | 60  0.02221  1.89364e+02
 61  0.02481  1.60164e+02 | 62  0.02311  2.68252e+02 | 63  0.02323  1.58568e+02
 64  0.00069  1.24494e+02 | 65  0.01250  5.90016e+01 | 66 -0.00285  2.77564e+01
 67  0.01918  3.82224e+02 | 68  0.03006  2.02204e+02 | 69 -0.01271  2.35534e+02
 70 -0.00799  2.39972e+02 | 71 -0.00759  2.69416e+02 | 72 -0.00352  1.18548e+02
 73 -0.02719  3.92658e+02 | 74 -0.00700  2.24268e+02 | 75  0.05512  5.16036e+02
 76 -0.03156  2.58571e+02 | 77  0.02759  3.79453e+01 | 78 -0.00540  1.09017e+02
 79 -0.01143  1.52386e+02 | 80 -0.00900  7.55259e+01 | 81 -0.02491  7.22292e+01
 82 -0.01720 -7.45090e+00 | 83 -0.01918 -1.65055e+02 | 84  0.00358  3.31740e+01
 85 -0.00333 -2.03746e+02 | 86 -0.02607 -9.98511e+01 | 87 -0.01623 -9.95587e+01
 88  0.00935 -2.17533e+02 | 89 -0.04589 -2.60878e+02 | 90  0.01107 -2.62331e+01
 91  0.00072 -3.23570e+02 | 92 -0.03445  1.36535e+01 | 93  0.02517 -3.03320e+02
 94 -0.03194 -1.84551e+02 | 95  0.00759 -1.38926e+02 | 96  0.01025 -1.35244e+02
 97 -0.03990  4.92434e+02 | 98 -0.32566 -3.78686e+01 |
98 variables; iteration 60; function evaluation 83; phase 2
Function value 5.9843046e+02; maximum gradient component mag 2.0833e+03
Var    Value     Gradient |Var    Value     Gradient |Var    Value     Gradient
  1  0.61433  2.08330e+03 |  2 -0.00264 -5.85818e+01 |  3 -0.00302 -5.91157e+01
  4 -0.00340 -5.96384e+01 |  5 -0.00374 -6.01073e+01 |  6 -0.00403 -6.04644e+01
  7 -0.00421 -6.06357e+01 |  8 -0.00422 -6.05407e+01 |  9 -0.00403 -6.00903e+01
 10 -0.00366 -5.93833e+01 | 11 -0.00284 -5.78554e+01 | 12 -0.00186 -5.60549e+01
 13 -0.00067 -5.38688e+01 | 14  0.00051 -5.16429e+01 | 15  0.00144 -4.97179e+01
 16  0.00186 -4.85391e+01 | 17  0.00155 -4.84369e+01 | 18  0.00043 -4.95915e+01
 19 -0.00139 -5.18433e+01 | 20 -0.00269 -5.38066e+01 | 21 -0.00580 -5.76646e+01
 22 -0.00739 -5.97769e+01 | 23 -0.00350 -5.54219e+01 | 24 -0.00539 -5.70665e+01
 25 -0.00128 -5.20612e+01 | 26  0.00402 -4.87953e+01 | 27 -0.00064 -5.32471e+01
 28 -0.00090 -3.44895e+01 | 29 -0.00256 -3.49870e+01 | 30 -0.00312 -3.05814e+01
 31 -0.00175 -3.45329e+01 | 32 -0.00241 -3.73883e+01 | 33 -0.00549 -3.67999e+01
 34 -0.00624 -3.47675e+01 | 35  0.01021 -5.28052e+01 | 36 -0.00827 -4.29306e+01
 37 -0.00924 -3.79854e+01 | 38 -0.00629 -2.54073e+01 | 39  0.00152 -6.44836e+00
 40 -0.00822 -3.87283e+00 | 41  0.00346  1.09855e+01 | 42  0.00795  1.72120e+01
 43  0.00639  1.44201e+01 | 44  0.00166 -1.14153e+01 | 45  0.00204  3.32116e+01
 46  0.01000  2.07973e+01 | 47  0.01052  3.12147e+01 | 48  0.00938  5.44702e+01
 49  0.00867  7.53762e+01 | 50  0.00605  7.11622e+01 | 51  0.00538  3.03771e+01
 52  0.00297  1.55612e+01 | 53  0.01156  6.20338e+01 | 54  0.00753  8.37024e+01
 55  0.01022  7.82251e+01 | 56  0.01488  7.92612e+01 | 57  0.02430  1.03224e+02
 58  0.02912  1.08711e+02 | 59  0.01787  7.57442e+01 | 60  0.01840  1.16538e+02
 61  0.01880  7.36058e+01 | 62  0.00552  1.24403e+02 | 63  0.02294  1.11442e+02
 64 -0.00171  1.11238e+02 | 65  0.01935  1.05901e+02 | 66  0.00523  1.00874e+02
 67  0.00511  9.40646e+01 | 68  0.03162  9.13720e+01 | 69 -0.01657  9.87932e+01
 70 -0.01236  1.03241e+02 | 71 -0.01070  1.02644e+02 | 72 -0.00194  5.16001e+01
 73 -0.04184  9.48444e+01 | 74 -0.00848  9.71780e+01 | 75  0.05392  1.94640e+01
 76 -0.04476  1.04082e+02 | 77  0.03352  3.29481e+01 | 78 -0.00722  8.05974e+00
 79 -0.01553 -5.48351e+00 | 80 -0.01252 -4.86313e+01 | 81 -0.02848 -1.61844e+01
 82 -0.01709 -3.06262e+01 | 83 -0.01267 -2.59089e+01 | 84  0.00344 -4.21301e+00
 85  0.00243 -7.51717e+01 | 86 -0.02516 -5.09037e+01 | 87 -0.01360 -2.52539e+01
 88  0.01589 -6.80738e+01 | 89 -0.03530 -7.78018e+01 | 90  0.00868 -3.52199e+01
 91  0.01217 -7.58681e+01 | 92 -0.06287 -7.59687e+01 | 93  0.03654 -5.58382e+01
 94 -0.01331 -5.61831e+01 | 95 -0.00416 -6.07468e+01 | 96  0.00004 -5.46609e+01
 97 -0.04445  1.52982e+02 | 98 -0.30567 -6.61156e+00 |
Maximum number of function evaluations exceeded

 - final statistics:
98 variables; iteration 72; function evaluation 100
Function value 5.9583e+02; maximum gradient component mag 1.8458e+03
Exit code = 3;  converg criter 1.0000e+01
Var    Value     Gradient |Var    Value     Gradient |Var    Value     Gradient
  1  0.61534  1.84582e+03 |  2 -0.00124 -5.03885e+01 |  3 -0.00145 -5.06698e+01
  4 -0.00159 -5.08322e+01 |  5 -0.00162 -5.08238e+01 |  6 -0.00152 -5.05982e+01
  7 -0.00128 -5.01315e+01 |  8 -0.00091 -4.94536e+01 |  9 -0.00048 -4.86487e+01
 10 -0.00008 -4.79088e+01 | 11  0.00006 -4.74551e+01 | 12 -0.00018 -4.76009e+01
 13 -0.00096 -4.85626e+01 | 14 -0.00221 -5.01994e+01 | 15 -0.00358 -5.20018e+01
 16 -0.00449 -5.30514e+01 | 17 -0.00446 -5.25413e+01 | 18 -0.00342 -5.03740e+01
 19 -0.00204 -4.76018e+01 | 20 -0.00102 -4.59241e+01 | 21 -0.00206 -4.64973e+01
 22 -0.00420 -4.95981e+01 | 23 -0.00034 -4.54161e+01 | 24 -0.00437 -5.06651e+01
 25 -0.00148 -4.78843e+01 | 26  0.00643 -4.09504e+01 | 27 -0.00333 -5.35926e+01
 28 -0.00441 -3.73848e+01 | 29 -0.00713 -4.03801e+01 | 30 -0.00321 -2.74752e+01
 31 -0.00269 -3.33989e+01 | 32  0.00089 -2.86495e+01 | 33 -0.00635 -3.60115e+01
 34 -0.00485 -2.95047e+01 | 35  0.01379 -4.30217e+01 | 36 -0.00210 -2.84580e+01
 37 -0.00285 -2.30593e+01 | 38 -0.00555 -2.31283e+01 | 39 -0.00121 -1.33910e+01
 40 -0.01034 -9.35263e+00 | 41  0.00221  7.14224e+00 | 42  0.00921  1.89033e+01
 43  0.00703  1.47578e+01 | 44  0.00270 -9.80429e+00 | 45 -0.00047  2.40355e+01
 46  0.00998  1.84816e+01 | 47  0.00906  2.49088e+01 | 48  0.00024  2.54003e+01
 49  0.00505  6.13931e+01 | 50  0.00456  6.51095e+01 | 51  0.00272  2.10041e+01
 52  0.00772  2.54125e+01 | 53  0.01042  5.48322e+01 | 54  0.00923  8.61203e+01
 55  0.01306  8.59440e+01 | 56  0.01813  8.72083e+01 | 57  0.02324  9.40312e+01
 58  0.02763  9.56915e+01 | 59  0.01613  6.28085e+01 | 60  0.01641  1.00913e+02
 61  0.02134  8.59517e+01 | 62  0.00308  1.10677e+02 | 63  0.02240  1.02299e+02
 64 -0.00379  9.82375e+01 | 65  0.02017  1.11381e+02 | 66  0.00516  9.92720e+01
 67  0.00316  6.80629e+01 | 68  0.03206  9.84559e+01 | 69 -0.01808  7.04370e+01
 70 -0.01428  7.20498e+01 | 71 -0.01229  6.76442e+01 | 72 -0.00166  5.26181e+01
 73 -0.04490  5.12392e+01 | 74 -0.01114  5.23033e+01 | 75  0.05431  1.51639e+01
 76 -0.05136  5.24700e+01 | 77  0.03385  4.24174e+01 | 78 -0.00722  9.60687e+00
 79 -0.01612 -1.07368e+01 | 80 -0.01103 -1.91229e+01 | 81 -0.02875 -1.49361e+01
 82 -0.01696 -2.21339e+01 | 83 -0.01229 -1.11039e+01 | 84  0.00227 -1.86998e+01
 85  0.00322 -4.34062e+01 | 86 -0.02524 -4.28360e+01 | 87 -0.01463 -3.86240e+01
 88  0.01672 -4.27926e+01 | 89 -0.03439 -6.08106e+01 | 90  0.00806 -4.07668e+01
 91  0.01330 -5.09985e+01 | 92 -0.06390 -7.58875e+01 | 93  0.03763 -3.88637e+01
 94 -0.00625 -3.68196e+01 | 95 -0.00219 -5.16293e+01 | 96  0.00142 -4.64762e+01
 97 -0.04558  1.25611e+02 | 98 -0.30356 -4.34406e+00 |

Initial statistics: 100 variables; iteration 0; function evaluation 0; phase 3
Function value 5.9582935e+02; maximum gradient component mag 1.8458e+03
Var    Value     Gradient |Var    Value     Gradient |Var    Value     Gradient
  1  0.61534  1.84582e+03 |  2 -0.00122 -4.93963e+01 |  3 -0.00143 -4.96776e+01
  4 -0.00157 -4.98400e+01 |  5 -0.00160 -4.98316e+01 |  6 -0.00151 -4.96060e+01
  7 -0.00126 -4.91393e+01 |  8 -0.00089 -4.84614e+01 |  9 -0.00046 -4.76565e+01
 10 -0.00006 -4.69166e+01 | 11  0.00008 -4.64629e+01 | 12 -0.00016 -4.66087e+01
 13 -0.00095 -4.75704e+01 | 14 -0.00219 -4.92072e+01 | 15 -0.00356 -5.10097e+01
 16 -0.00447 -5.20592e+01 | 17 -0.00444 -5.15492e+01 | 18 -0.00340 -4.93818e+01
 19 -0.00202 -4.66097e+01 | 20 -0.00100 -4.49319e+01 | 21 -0.00204 -4.55051e+01
 22 -0.00418 -4.86060e+01 | 23 -0.00032 -4.44239e+01 | 24 -0.00435 -4.96729e+01
 25 -0.00146 -4.68921e+01 | 26  0.00645 -3.99582e+01 | 27 -0.00331 -5.26004e+01
 28 -0.00440 -3.63926e+01 | 29 -0.00711 -3.93880e+01 | 30 -0.00319 -2.64830e+01
 31 -0.00267 -3.24067e+01 | 32  0.00091 -2.76573e+01 | 33 -0.00633 -3.50193e+01
 34 -0.00483 -2.85125e+01 | 35  0.01381 -4.20297e+01 | 36 -0.00208 -2.74658e+01
 37 -0.00284 -2.20671e+01 | 38 -0.00553 -2.21361e+01 | 39 -0.00119 -1.23989e+01
 40 -0.01032 -8.36057e+00 | 41  0.00223  8.13443e+00 | 42  0.00923  1.98954e+01
 43  0.00705  1.57499e+01 | 44  0.00272 -8.81210e+00 | 45 -0.00046  2.50276e+01
 46  0.01000  1.94737e+01 | 47  0.00907  2.59008e+01 | 48  0.00025  2.63925e+01
 49  0.00507  6.23852e+01 | 50  0.00458  6.61017e+01 | 51  0.00274  2.19963e+01
 52  0.00774  2.64046e+01 | 53  0.01044  5.58242e+01 | 54  0.00925  8.71124e+01
 55  0.01308  8.69359e+01 | 56  0.01815  8.82000e+01 | 57  0.02326  9.50227e+01
 58  0.02764  9.66826e+01 | 59  0.01615  6.38003e+01 | 60  0.01643  1.01904e+02
 61  0.02136  8.69433e+01 | 62  0.00310  1.11669e+02 | 63  0.02242  1.03291e+02
 64 -0.00377  9.92297e+01 | 65  0.02019  1.12373e+02 | 66  0.00518  1.00264e+02
 67  0.00318  6.90551e+01 | 68  0.03208  9.94467e+01 | 69 -0.01806  7.14289e+01
 70 -0.01426  7.30418e+01 | 71 -0.01228  6.86362e+01 | 72 -0.00164  5.36103e+01
 73 -0.04488  5.22291e+01 | 74 -0.01112  5.32954e+01 | 75  0.05433  1.61525e+01
 76 -0.05135  5.34591e+01 | 77  0.03387  4.34081e+01 | 78 -0.00720  1.05990e+01
 79 -0.01610 -9.74492e+00 | 80 -0.01101 -1.81309e+01 | 81 -0.02873 -1.39449e+01
 82 -0.01694 -2.11421e+01 | 83 -0.01227 -1.01119e+01 | 84  0.00229 -1.77076e+01
 85  0.00323 -4.24140e+01 | 86 -0.02522 -4.18447e+01 | 87 -0.01461 -3.76321e+01
 88  0.01674 -4.18007e+01 | 89 -0.03437 -5.98199e+01 | 90  0.00808 -3.97747e+01
 91  0.01332 -5.00064e+01 | 92 -0.06388 -7.49005e+01 | 93  0.03765 -3.78732e+01
 94 -0.00623 -3.58274e+01 | 95 -0.00217 -5.06371e+01 | 96  0.00143 -4.54840e+01
 97 -0.04558  1.25611e+02 | 98 -0.41581 -1.82059e+02 | 99 -0.30356 -4.34406e+00
100 -0.25275 -4.98206e+01 |

Intermediate statistics: 100 variables; iteration 20; function evaluation 25; phase 3
Function value 5.8955815e+02; maximum gradient component mag -2.6446e+02
Var    Value     Gradient |Var    Value     Gradient |Var    Value     Gradient
  1  0.62240 -2.64465e+02 |  2  0.00069  1.43458e+01 |  3  0.00075  1.44102e+01
  4  0.00078  1.44504e+01 |  5  0.00080  1.44557e+01 |  6  0.00080  1.44165e+01
  7  0.00076  1.43284e+01 |  8  0.00070  1.41981e+01 |  9  0.00064  1.40440e+01
 10  0.00062  1.39072e+01 | 11  0.00059  1.38344e+01 | 12  0.00068  1.38913e+01
 13  0.00090  1.41223e+01 | 14  0.00122  1.44968e+01 | 15  0.00158  1.49077e+01
 16  0.00187  1.51653e+01 | 17  0.00196  1.51061e+01 | 18  0.00186  1.47158e+01
 19  0.00172  1.42141e+01 | 20  0.00214  1.39460e+01 | 21  0.00221  1.41261e+01
 22  0.00317  1.48078e+01 | 23  0.00442  1.40299e+01 | 24  0.00514  1.51169e+01
 25  0.00714  1.46627e+01 | 26  0.01141  1.34537e+01 | 27  0.01240  1.58884e+01
 28 -0.00068  1.28295e+01 | 29 -0.00017  1.34313e+01 | 30 -0.00326  1.11831e+01
 31  0.00306  1.25079e+01 | 32  0.00585  1.16290e+01 | 33  0.00406  1.28424e+01
 34  0.00249  1.17774e+01 | 35  0.03930  1.37125e+01 | 36  0.00890  1.18516e+01
 37  0.00594  1.06113e+01 | 38  0.00518  1.03757e+01 | 39  0.00683  8.63115e+00
 40 -0.00599  7.79062e+00 | 41  0.00202  5.58358e+00 | 42  0.00687  3.28740e+00
 43  0.00765  3.27510e+00 | 44  0.02313  4.90605e+00 | 45 -0.00355  1.56060e+00
 46  0.01866  8.06844e-01 | 47  0.01189 -8.05790e-01 | 48 -0.00087 -2.88387e-01
 49 -0.01222 -4.89890e+00 | 50 -0.01140 -6.23764e+00 | 51  0.01164 -3.03643e+00
 52  0.02079 -6.46419e+00 | 53  0.00242 -8.05239e+00 | 54 -0.01525 -1.01870e+01
 55 -0.00286 -1.26475e+01 | 56  0.00223 -1.29281e+01 | 57  0.00999 -1.62599e+01
 58  0.02048 -1.96271e+01 | 59  0.01618 -1.56342e+01 | 60  0.00487 -1.63380e+01
 61  0.01977 -1.64688e+01 | 62 -0.02153 -1.54925e+01 | 63  0.01987 -1.67270e+01
 64 -0.01992 -1.09483e+01 | 65  0.01622 -1.37898e+01 | 66 -0.00035  2.74816e+00
 67 -0.00105 -1.30254e+01 | 68  0.02953 -1.75556e+01 | 69 -0.02096  2.17912e+01
 70 -0.01947  1.64756e+01 | 71 -0.01387  3.89023e+01 | 72 -0.00392  2.96641e+01
 73 -0.04894  2.51797e+01 | 74 -0.01564  1.94545e+01 | 75  0.05494 -2.54972e+01
 76 -0.06266  2.43190e+01 | 77  0.03225 -2.40813e+01 | 78 -0.01024  1.40241e+01
 79 -0.01686  1.53327e+01 | 80 -0.01354  1.00093e+01 | 81 -0.03013  1.43799e+01
 82 -0.01997  1.21993e+01 | 83 -0.01345  2.35282e+01 | 84 -0.00068  1.91419e+01
 85  0.00143 -2.16218e+01 | 86 -0.02795  9.18506e+00 | 87 -0.01534  1.42161e+01
 88  0.01404  9.07922e+00 | 89 -0.03371  1.16132e+01 | 90  0.00541  1.61633e+01
 91  0.01331  1.34518e+01 | 92 -0.05946  1.51874e+01 | 93  0.03919  2.30403e+01
 94 -0.01517  1.14337e+01 | 95  0.00050  1.46517e+01 | 96  0.00009  1.34928e+01
 97 -0.04536 -3.88353e+01 | 98 -0.41295  7.16973e+01 | 99 -0.25372  6.07302e+00
100 -0.23023 -4.72981e+00 |
100 variables; iteration 40; function evaluation 49; phase 3
Function value 5.8909274e+02; maximum gradient component mag -1.3025e+02
Var    Value     Gradient |Var    Value     Gradient |Var    Value     Gradient
  1  0.62068 -1.30246e+02 |  2  0.00012  3.42404e+00 |  3  0.00012  3.41050e+00
  4  0.00013  3.40090e+00 |  5  0.00014  3.39715e+00 |  6  0.00016  3.40096e+00
  7  0.00018  3.41318e+00 |  8  0.00022  3.43265e+00 |  9  0.00026  3.45593e+00
 10  0.00034  3.47528e+00 | 11  0.00035  3.48158e+00 | 12  0.00039  3.46140e+00
 13  0.00041  3.40437e+00 | 14  0.00042  3.31442e+00 | 15  0.00043  3.21064e+00
 16  0.00047  3.13135e+00 | 17  0.00057  3.11367e+00 | 18  0.00074  3.16646e+00
 19  0.00096  3.24700e+00 | 20  0.00155  3.27503e+00 | 21  0.00141  3.19391e+00
 22  0.00171  2.95967e+00 | 23  0.00361  3.17446e+00 | 24  0.00327  2.77043e+00
 25  0.00560  2.89692e+00 | 26  0.01088  3.13783e+00 | 27  0.00923  2.11521e+00
 28 -0.00136  2.66413e+00 | 29 -0.00152  2.36690e+00 | 30 -0.00355  1.88622e+00
 31  0.00204  2.13025e+00 | 32  0.00508  2.02569e+00 | 33  0.00206  1.56452e+00
 34  0.00107  1.47934e+00 | 35  0.03515  2.97752e-01 | 36  0.00722  1.29316e+00
 37  0.00472  1.25762e+00 | 38  0.00314  3.29433e-01 | 39  0.00520 -2.31487e-01
 40 -0.00686  9.15395e-02 | 41  0.00178 -8.02630e-01 | 42  0.00770 -5.67762e-01
 43  0.00792 -1.10941e+00 | 44  0.01926 -2.90764e+00 | 45 -0.00316 -1.80003e+00
 46  0.01849 -2.00520e+00 | 47  0.01072 -4.46083e+00 | 48 -0.00055 -2.31486e+00
 49 -0.00981 -3.39163e+00 | 50 -0.00799 -1.69692e+00 | 51  0.00988 -4.82844e+00
 52  0.02046 -3.21773e+00 | 53  0.00453 -3.91999e+00 | 54 -0.01161 -4.61263e+00
 55  0.00147 -1.92498e+00 | 56  0.00554 -4.88593e+00 | 57  0.01293 -5.98832e+00
 58  0.02213 -8.18793e+00 | 59  0.01593 -9.25854e+00 | 60  0.00602 -9.10462e+00
 61  0.02194 -1.12194e-01 | 62 -0.01665 -2.79039e+00 | 63  0.01902 -1.28981e+01
 64 -0.01731 -2.68680e+00 | 65  0.01649 -7.89607e+00 | 66 -0.00156 -8.38477e+00
 67  0.00014 -3.20161e+00 | 68  0.03032 -4.45905e+00 | 69 -0.02170  6.00122e-01
 70 -0.01988 -2.24829e+00 | 71 -0.01549 -6.10476e+00 | 72 -0.00475 -3.80962e+00
 73 -0.05007  4.60934e-01 | 74 -0.01584 -3.07374e+00 | 75  0.05575 -1.68293e+01
 76 -0.06397  3.02049e+00 | 77  0.03363  5.91244e+00 | 78 -0.01005  1.25415e+00
 79 -0.01664  6.44143e+00 | 80 -0.01291  3.69277e+00 | 81 -0.03035 -2.32793e+00
 82 -0.01953  1.51750e+00 | 83 -0.01367  4.44263e+00 | 84 -0.00057  4.17578e-02
 85  0.00280  1.52810e+00 | 86 -0.02728  2.99610e+00 | 87 -0.01494  9.19444e+00
 88  0.01476  5.13829e+00 | 89 -0.03335  4.76024e+00 | 90  0.00561  2.46405e+00
 91  0.01353  6.87202e+00 | 92 -0.05950  3.74102e+00 | 93  0.03867  6.23214e+00
 94 -0.01390  3.08553e+00 | 95 -0.00025  3.39595e+00 | 96  0.00019  3.58504e+00
 97 -0.04110 -6.91903e+00 | 98 -0.41277  1.30130e+01 | 99 -0.26075 -1.68049e+00
100 -0.23239  2.42951e+00 |
100 variables; iteration 60; function evaluation 82; phase 3
Function value 5.8905961e+02; maximum gradient component mag -4.9458e+01
Var    Value     Gradient |Var    Value     Gradient |Var    Value     Gradient
  1  0.62075 -4.94582e+01 |  2  0.00024  1.25524e+00 |  3  0.00025  1.25300e+00
  4  0.00025  1.25048e+00 |  5  0.00026  1.24760e+00 |  6  0.00027  1.24425e+00
  7  0.00029  1.24026e+00 |  8  0.00031  1.23534e+00 |  9  0.00033  1.22917e+00
 10  0.00038  1.22138e+00 | 11  0.00038  1.21184e+00 | 12  0.00041  1.20055e+00
 13  0.00045  1.18803e+00 | 14  0.00050  1.17483e+00 | 15  0.00056  1.16097e+00
 16  0.00064  1.14485e+00 | 17  0.00071  1.12324e+00 | 18  0.00081  1.09285e+00
 19  0.00093  1.05427e+00 | 20  0.00145  1.01318e+00 | 21  0.00133  9.83373e-01
 22  0.00175  9.66635e-01 | 23  0.00345  9.20911e-01 | 24  0.00335  9.09820e-01
 25  0.00552  8.80018e-01 | 26  0.01034  6.17652e-01 | 27  0.00956  8.18733e-01
 28 -0.00146  7.31633e-01 | 29 -0.00155  6.36471e-01 | 30 -0.00346  4.65707e-01
 31  0.00190  4.58957e-01 | 32  0.00483  3.25843e-01 | 33  0.00211  3.57871e-01
 34  0.00102  2.10983e-01 | 35  0.03484 -1.82088e-01 | 36  0.00687  4.02040e-02
 37  0.00431 -3.14041e-02 | 38  0.00319 -1.10854e-01 | 39  0.00532 -2.98449e-01
 40 -0.00683 -1.84055e-01 | 41  0.00195 -5.57630e-01 | 42  0.00725 -8.57351e-01
 43  0.00765 -8.50001e-01 | 44  0.01969 -7.68897e-01 | 45 -0.00304 -7.95273e-01
 46  0.01748 -1.14725e+00 | 47  0.01201 -1.15327e+00 | 48 -0.00053 -9.77010e-01
 49 -0.00909 -1.18623e+00 | 50 -0.00841 -1.21923e+00 | 51  0.01076 -1.03490e+00
 52  0.01913 -1.18927e+00 | 53  0.00452 -1.43306e+00 | 54 -0.01074 -1.38739e+00
 55  0.00036 -1.53634e+00 | 56  0.00549 -1.83557e+00 | 57  0.01294 -2.01441e+00
 58  0.02241 -2.17446e+00 | 59  0.01695 -1.56549e+00 | 60  0.00698 -1.69115e+00
 61  0.02021 -1.94269e+00 | 62 -0.01677 -1.28009e+00 | 63  0.01993 -2.06061e+00
 64 -0.01755 -1.07565e+00 | 65  0.01645 -2.11134e+00 | 66 -0.00115 -1.44097e+00
 67 -0.00002 -1.33506e+00 | 68  0.03016 -2.69480e+00 | 69 -0.02188 -6.42568e-01
 70 -0.01983 -7.54563e-01 | 71 -0.01532 -7.19880e-01 | 72 -0.00467 -9.85887e-01
 73 -0.05008  7.40030e-02 | 74 -0.01567 -6.12479e-01 | 75  0.05590 -3.57944e+00
 76 -0.06422  3.35302e-01 | 77  0.03336 -1.36253e+00 | 78 -0.01006 -1.73681e-01
 79 -0.01692  2.14411e-01 | 80 -0.01300  1.69889e-01 | 81 -0.03015  6.02432e-01
 82 -0.01948  4.77981e-01 | 83 -0.01379  6.03323e-01 | 84 -0.00044  4.78720e-01
 85  0.00280  6.75877e-01 | 86 -0.02728  9.45830e-01 | 87 -0.01528  1.08146e+00
 88  0.01464  9.39473e-01 | 89 -0.03355  1.25992e+00 | 90  0.00558  1.14814e+00
 91  0.01323  1.29776e+00 | 92 -0.05964  1.27749e+00 | 93  0.03831  1.34382e+00
 94 -0.01366  1.27247e+00 | 95 -0.00009  1.25797e+00 | 96  0.00021  1.26894e+00
 97 -0.04498 -3.40990e+00 | 98 -0.41459  4.85767e+00 | 99 -0.26103 -1.64409e-01
100 -0.23264  2.28686e-01 |
Maximum number of function evaluations exceeded

 - final statistics:
100 variables; iteration 70; function evaluation 100
Function value 5.8906e+02; maximum gradient component mag -3.6526e+01
Exit code = 3;  converg criter 1.0000e+00
Var    Value     Gradient |Var    Value     Gradient |Var    Value     Gradient
  1  0.62086 -3.65256e+01 |  2  0.00030  9.99425e-01 |  3  0.00031  1.00482e+00
  4  0.00032  1.00655e+00 |  5  0.00033  1.00309e+00 |  6  0.00033  9.93085e-01
  7  0.00034  9.75740e-01 |  8  0.00034  9.51629e-01 |  9  0.00035  9.23036e-01
 10  0.00039  8.95039e-01 | 11  0.00038  8.73663e-01 | 12  0.00041  8.67193e-01
 13  0.00047  8.81150e-01 | 14  0.00054  9.10597e-01 | 15  0.00063  9.40584e-01
 16  0.00071  9.46423e-01 | 17  0.00078  9.10078e-01 | 18  0.00085  8.36381e-01
 19  0.00094  7.59000e-01 | 20  0.00145  7.14682e-01 | 21  0.00134  7.08142e-01
 22  0.00175  7.01427e-01 | 23  0.00346  6.70017e-01 | 24  0.00335  6.47727e-01
 25  0.00554  6.50514e-01 | 26  0.01037  4.26425e-01 | 27  0.00948  4.87860e-01
 28 -0.00136  6.68417e-01 | 29 -0.00146  5.66701e-01 | 30 -0.00325  6.35533e-01
 31  0.00190  2.92942e-01 | 32  0.00488  2.70782e-01 | 33  0.00222  4.15549e-01
 34  0.00100  7.18776e-02 | 35  0.03481 -1.32105e-01 | 36  0.00691  6.79093e-02
 37  0.00431 -5.33602e-02 | 38  0.00325 -8.20857e-04 | 39  0.00541 -1.17882e-01
 40 -0.00664  1.83090e-01 | 41  0.00209 -2.35579e-01 | 42  0.00747 -3.66822e-01
 43  0.00773 -5.64340e-01 | 44  0.01958 -6.48131e-01 | 45 -0.00291 -4.39993e-01
 46  0.01744 -8.10186e-01 | 47  0.01203 -7.62813e-01 | 48 -0.00057 -8.03313e-01
 49 -0.00885 -5.72373e-01 | 50 -0.00828 -7.77351e-01 | 51  0.01056 -9.34452e-01
 52  0.01872 -1.14750e+00 | 53  0.00457 -9.48291e-01 | 54 -0.01067 -9.58603e-01
 55  0.00033 -1.14480e+00 | 56  0.00543 -1.42521e+00 | 57  0.01288 -1.48292e+00
 58  0.02229 -1.63909e+00 | 59  0.01679 -1.27361e+00 | 60  0.00696 -1.14534e+00
 61  0.01999 -1.94810e+00 | 62 -0.01674 -9.10264e-01 | 63  0.01985 -1.51610e+00
 64 -0.01758 -8.14847e-01 | 65  0.01637 -1.63883e+00 | 66 -0.00119 -1.00959e+00
 67 -0.00009 -1.19149e+00 | 68  0.03010 -2.41282e+00 | 69 -0.02192 -5.32920e-01
 70 -0.01986 -5.46414e-01 | 71 -0.01535 -3.95967e-01 | 72 -0.00471 -8.22037e-01
 73 -0.05011  6.28714e-02 | 74 -0.01569 -4.11394e-01 | 75  0.05587 -2.56310e+00
 76 -0.06423  2.33810e-01 | 77  0.03330 -1.76827e+00 | 78 -0.01010 -3.43162e-01
 79 -0.01697 -1.57185e-01 | 80 -0.01303 -6.61155e-02 | 81 -0.03018  6.14925e-01
 82 -0.01951  3.16545e-01 | 83 -0.01383  2.97554e-01 | 84 -0.00047  3.98134e-01
 85  0.00277  5.10697e-01 | 86 -0.02731  5.51436e-01 | 87 -0.01533  4.78269e-01
 88  0.01460  5.28557e-01 | 89 -0.03360  8.09323e-01 | 90  0.00555  8.52832e-01
 91  0.01318  8.18787e-01 | 92 -0.05967  9.29588e-01 | 93  0.03826  9.68383e-01
 94 -0.01374  7.86324e-01 | 95 -0.00001  1.03577e+00 | 96  0.00020  9.04463e-01
 97 -0.04546 -2.50332e+00 | 98 -0.41484  2.97557e+00 | 99 -0.26106 -8.52323e-02
100 -0.23267  5.89679e-02 |

Initial statistics: 107 variables; iteration 0; function evaluation 0; phase 4
Function value 5.8905825e+02; maximum gradient component mag -5.9786e+02
Var    Value     Gradient |Var    Value     Gradient |Var    Value     Gradient
  1 -0.42263 -5.41534e+01 |  2 -0.42263 -5.97863e+02 |  3 -0.41094 -1.54241e+02
  4  0.62086 -3.65256e+01 |  5  0.00000 -1.28492e-01 |  6  0.00000 -2.84339e-02
  7  0.00000 -3.47001e-02 |  8  0.00000 -4.23209e-02 |  9  0.00030  1.01511e+00
 10  0.00031  1.02051e+00 | 11  0.00032  1.02223e+00 | 12  0.00033  1.01878e+00
 13  0.00033  1.00877e+00 | 14  0.00034  9.91426e-01 | 15  0.00034  9.67314e-01
 16  0.00035  9.38721e-01 | 17  0.00039  9.10725e-01 | 18  0.00038  8.89349e-01
 19  0.00041  8.82878e-01 | 20  0.00047  8.96835e-01 | 21  0.00054  9.26282e-01
 22  0.00063  9.56270e-01 | 23  0.00071  9.62109e-01 | 24  0.00078  9.25764e-01
 25  0.00085  8.52066e-01 | 26  0.00094  7.74686e-01 | 27  0.00145  7.30368e-01
 28  0.00134  7.23828e-01 | 29  0.00176  7.17113e-01 | 30  0.00346  6.85702e-01
 31  0.00335  6.63412e-01 | 32  0.00554  6.66199e-01 | 33  0.01037  4.42108e-01
 34  0.00948  5.03544e-01 | 35 -0.00136  6.84103e-01 | 36 -0.00146  5.82387e-01
 37 -0.00325  6.51218e-01 | 38  0.00190  3.08628e-01 | 39  0.00488  2.86467e-01
 40  0.00222  4.31235e-01 | 41  0.00100  8.75631e-02 | 42  0.03481 -1.16443e-01
 43  0.00691  8.35939e-02 | 44  0.00431 -3.76750e-02 | 45  0.00325  1.48645e-02
 46  0.00541 -1.02197e-01 | 47 -0.00664  1.98775e-01 | 48  0.00209 -2.19893e-01
 49  0.00747 -3.51137e-01 | 50  0.00773 -5.48656e-01 | 51  0.01958 -6.32453e-01
 52 -0.00291 -4.24307e-01 | 53  0.01744 -7.94506e-01 | 54  0.01204 -7.47131e-01
 55 -0.00057 -7.87627e-01 | 56 -0.00885 -5.56689e-01 | 57 -0.00828 -7.61667e-01
 58  0.01056 -9.18769e-01 | 59  0.01872 -1.13182e+00 | 60  0.00457 -9.32605e-01
 61 -0.01067 -9.42920e-01 | 62  0.00033 -1.12911e+00 | 63  0.00543 -1.40953e+00
 64  0.01288 -1.46724e+00 | 65  0.02229 -1.62341e+00 | 66  0.01679 -1.25793e+00
 67  0.00696 -1.12966e+00 | 68  0.01999 -1.93243e+00 | 69 -0.01674 -8.94584e-01
 70  0.01985 -1.50042e+00 | 71 -0.01758 -7.99167e-01 | 72  0.01637 -1.62315e+00
 73 -0.00119 -9.93904e-01 | 74 -0.00009 -1.17580e+00 | 75  0.03010 -2.39715e+00
 76 -0.02192 -5.17244e-01 | 77 -0.01986 -5.30736e-01 | 78 -0.01535 -3.80286e-01
 79 -0.00471 -8.06352e-01 | 80 -0.05011  7.85083e-02 | 81 -0.01569 -3.95714e-01
 82  0.05587 -2.54747e+00 | 83 -0.06423  2.49416e-01 | 84  0.03330 -1.75261e+00
 85 -0.01010 -3.27479e-01 | 86 -0.01697 -1.41505e-01 | 87 -0.01303 -5.04333e-02
 88 -0.03018  6.30593e-01 | 89 -0.01951  3.32223e-01 | 90 -0.01383  3.13235e-01
 91 -0.00047  4.13820e-01 | 92  0.00277  5.26382e-01 | 93 -0.02731  5.67107e-01
 94 -0.01533  4.93950e-01 | 95  0.01460  5.44238e-01 | 96 -0.03360  8.24987e-01
 97  0.00555  8.68517e-01 | 98  0.01318  8.34469e-01 | 99 -0.05967  9.45205e-01
100  0.03826  9.84041e-01 |101 -0.01374  8.02006e-01 |102 -0.00001  1.05146e+00
103  0.00020  9.20148e-01 |104 -0.04546 -2.50332e+00 |105 -0.41484  2.97557e+00
106 -0.26106 -8.52323e-02 |107 -0.23267  5.89679e-02 |

Intermediate statistics: 107 variables; iteration 20; function evaluation 25; phase 4
Function value 5.8789056e+02; maximum gradient component mag -1.6376e+03
Var    Value     Gradient |Var    Value     Gradient |Var    Value     Gradient
  1 -0.41933 -1.04530e+02 |  2 -0.41676 -1.63755e+03 |  3 -0.42201 -7.14375e+02
  4  0.61900 -1.01317e+03 |  5  0.00004 -3.26821e-01 |  6  0.00001 -7.23608e-02
  7  0.00001 -8.83340e-02 |  8  0.00001 -1.07797e-01 |  9  0.00023  2.55602e+01
 10  0.00024  2.55359e+01 | 11  0.00025  2.55050e+01 | 12  0.00025  2.54659e+01
 13  0.00026  2.54168e+01 | 14  0.00027  2.53559e+01 | 15  0.00028  2.52814e+01
 16  0.00029  2.51918e+01 | 17  0.00033  2.50856e+01 | 18  0.00032  2.49624e+01
 19  0.00035  2.48202e+01 | 20  0.00038  2.46573e+01 | 21  0.00043  2.44682e+01
 22  0.00048  2.42450e+01 | 23  0.00054  2.39772e+01 | 24  0.00059  2.36576e+01
 25  0.00066  2.32846e+01 | 26  0.00075  2.28649e+01 | 27  0.00124  2.23869e+01
 28  0.00109  2.19016e+01 | 29  0.00147  2.13209e+01 | 30  0.00316  2.08964e+01
 31  0.00298  2.02019e+01 | 32  0.00511  1.91997e+01 | 33  0.01037  1.79634e+01
 34  0.00987  1.77442e+01 | 35 -0.00160  1.78495e+01 | 36 -0.00181  1.65858e+01
 37 -0.00352  1.60033e+01 | 38  0.00159  1.37948e+01 | 39  0.00462  1.20376e+01
 40  0.00177  1.12640e+01 | 41  0.00065  9.70883e+00 | 42  0.03460 -3.57081e+00
 43  0.00735  5.26993e+00 | 44  0.00470  4.33392e+00 | 45  0.00289  1.96178e+00
 46  0.00543  7.69887e-02 | 47 -0.00695  2.08455e+00 | 48  0.00138 -3.89518e+00
 49  0.00669 -8.76266e+00 | 50  0.00662 -1.17825e+01 | 51  0.01824 -2.12941e+01
 52 -0.00357 -9.90789e+00 | 53  0.01783 -2.54465e+01 | 54  0.01427 -2.27787e+01
 55 -0.00096 -1.73646e+01 | 56 -0.00933 -1.41659e+01 | 57 -0.00843 -1.66173e+01
 58  0.00817 -3.45389e+01 | 59  0.01787 -4.42303e+01 | 60  0.00436 -3.17645e+01
 61 -0.01112 -2.12155e+01 | 62 -0.00008 -3.20654e+01 | 63  0.00471 -3.89214e+01
 64  0.01161 -4.87494e+01 | 65  0.02182 -6.16246e+01 | 66  0.01660 -5.44100e+01
 67  0.00651 -4.43342e+01 | 68  0.01969 -6.29417e+01 | 69 -0.01656 -2.51486e+01
 70  0.02046 -6.47874e+01 | 71 -0.01677 -2.49310e+01 | 72  0.01760 -5.66824e+01
 73 -0.00056 -3.84672e+01 | 74  0.00008 -4.39925e+01 | 75  0.03072 -6.80855e+01
 76 -0.02147 -1.28180e+01 | 77 -0.01926 -1.37475e+01 | 78 -0.01501 -1.66965e+01
 79 -0.00416 -1.68618e+01 | 80 -0.04980  4.18857e+00 | 81 -0.01570 -1.55866e+01
 82  0.05613 -7.92493e+01 | 83 -0.06380  1.29766e+01 | 84  0.03375 -3.32015e+01
 85 -0.00957  1.56799e+00 | 86 -0.01663  3.12650e+00 | 87 -0.01252  1.00763e+01
 88 -0.03008  1.06761e+01 | 89 -0.01948  7.67913e+00 | 90 -0.01365  1.06402e+01
 91 -0.00004  1.46476e+01 | 92  0.00322  1.64808e+01 | 93 -0.02684  2.07827e+01
 94 -0.01498  1.99455e+01 | 95  0.01537  2.74378e+01 | 96 -0.03278  2.92570e+01
 97  0.00636  3.01757e+01 | 98  0.01393  3.16904e+01 | 99 -0.05911  2.72031e+01
100  0.03891  2.76749e+01 |101 -0.01355  2.66454e+01 |102 -0.00010  2.56773e+01
103  0.00019  2.56509e+01 |104 -0.04021 -7.05157e+01 |105 -0.41282  9.62590e+01
106 -0.26607 -1.89736e+01 |107 -0.23748  3.95426e+01 |
107 variables; iteration 40; function evaluation 48; phase 4
Function value 5.8727573e+02; maximum gradient component mag -8.6949e+02
Var    Value     Gradient |Var    Value     Gradient |Var    Value     Gradient
  1 -0.42069 -5.21885e+01 |  2 -0.41353 -8.69494e+02 |  3 -0.42361 -3.57151e+02
  4  0.61611 -7.32542e+02 |  5  0.00010 -1.06500e-01 |  6  0.00002 -2.36679e-02
  7  0.00003 -2.89127e-02 |  8  0.00003 -3.53321e-02 |  9  0.00021  1.88107e+01
 10  0.00021  1.87862e+01 | 11  0.00021  1.87607e+01 | 12  0.00022  1.87344e+01
 13  0.00023  1.87075e+01 | 14  0.00024  1.86794e+01 | 15  0.00026  1.86481e+01
 16  0.00028  1.86096e+01 | 17  0.00033  1.85573e+01 | 18  0.00032  1.84837e+01
 19  0.00033  1.83779e+01 | 20  0.00033  1.82340e+01 | 21  0.00032  1.80505e+01
 22  0.00031  1.78382e+01 | 23  0.00032  1.76165e+01 | 24  0.00035  1.74003e+01
 25  0.00042  1.71843e+01 | 26  0.00051  1.69382e+01 | 27  0.00097  1.66161e+01
 28  0.00077  1.62597e+01 | 29  0.00109  1.58500e+01 | 30  0.00279  1.56160e+01
 31  0.00262  1.52625e+01 | 32  0.00497  1.50045e+01 | 33  0.01056  1.43985e+01
 34  0.01023  1.38345e+01 | 35 -0.00178  1.36725e+01 | 36 -0.00215  1.28762e+01
 37 -0.00398  1.22775e+01 | 38  0.00142  1.13610e+01 | 39  0.00453  1.01920e+01
 40  0.00162  9.60905e+00 | 41  0.00064  9.00293e+00 | 42  0.03500  1.05530e+00
 43  0.00676  4.86927e+00 | 44  0.00427  4.25637e+00 | 45  0.00337  4.57599e+00
 46  0.00552  2.09183e+00 | 47 -0.00746  3.24938e+00 | 48  0.00140  3.05709e-01
 49  0.00670 -2.97687e+00 | 50  0.00745 -3.78430e+00 | 51  0.01811 -1.17317e+01
 52 -0.00287 -2.76664e+00 | 53  0.01679 -1.49171e+01 | 54  0.01356 -1.33985e+01
 55 -0.00159 -9.99950e+00 | 56 -0.00928 -6.68756e+00 | 57 -0.00913 -8.80572e+00
 58  0.00845 -1.98531e+01 | 59  0.01797 -2.66567e+01 | 60  0.00464 -1.84553e+01
 61 -0.01149 -1.22898e+01 | 62 -0.00080 -1.94044e+01 | 63  0.00482 -2.29493e+01
 64  0.01222 -2.92637e+01 | 65  0.02209 -3.80864e+01 | 66  0.01717 -3.42949e+01
 67  0.00647 -2.84526e+01 | 68  0.01957 -4.10965e+01 | 69 -0.01730 -1.75607e+01
 70  0.02127 -3.96172e+01 | 71 -0.01631 -1.49480e+01 | 72  0.01752 -4.08798e+01
 73 -0.00048 -2.64398e+01 | 74  0.00074 -2.33824e+01 | 75  0.03061 -5.68812e+01
 76 -0.02139 -1.38489e+01 | 77 -0.01889 -1.25042e+01 | 78 -0.01473 -1.39140e+01
 79 -0.00412 -2.12512e+01 | 80 -0.04944  2.54684e+00 | 81 -0.01580 -1.41312e+01
 82  0.05623 -7.09491e+01 | 83 -0.06375  5.25957e+00 | 84  0.03381 -3.53778e+01
 85 -0.00938 -6.08272e+00 | 86 -0.01641 -2.28637e+00 | 87 -0.01227  3.86343e-02
 88 -0.02982  6.12441e+00 | 89 -0.01943  2.66760e+00 | 90 -0.01338  7.39489e+00
 91 -0.00013  2.78133e+00 | 92  0.00344  7.74450e+00 | 93 -0.02642  1.46714e+01
 94 -0.01450  1.56283e+01 | 95  0.01546  1.25192e+01 | 96 -0.03237  1.92149e+01
 97  0.00663  1.85662e+01 | 98  0.01436  1.92595e+01 | 99 -0.05910  1.75436e+01
100  0.03951  2.46638e+01 |101 -0.01367  1.84146e+01 |102 -0.00009  1.89092e+01
103  0.00026  1.89822e+01 |104 -0.04240 -4.85207e+01 |105 -0.41378  6.72257e+01
106 -0.26330  5.24899e-01 |107 -0.23710 -4.27220e+00 |
107 variables; iteration 60; function evaluation 78; phase 4
Function value 5.8718543e+02; maximum gradient component mag -3.9424e+02
Var    Value     Gradient |Var    Value     Gradient |Var    Value     Gradient
  1 -0.42000 -2.52715e+01 |  2 -0.41229 -3.94238e+02 |  3 -0.42599 -1.62796e+02
  4  0.61579 -3.37461e+02 |  5  0.00006 -5.51303e-02 |  6  0.00001 -1.27391e-02
  7  0.00002 -1.55215e-02 |  8  0.00002 -1.89043e-02 |  9  0.00023  8.70228e+00
 10  0.00023  8.69130e+00 | 11  0.00024  8.67941e+00 | 12  0.00024  8.66670e+00
 13  0.00025  8.65317e+00 | 14  0.00025  8.63854e+00 | 15  0.00026  8.62199e+00
 16  0.00028  8.60203e+00 | 17  0.00032  8.57583e+00 | 18  0.00030  8.54020e+00
 19  0.00032  8.49001e+00 | 20  0.00032  8.42188e+00 | 21  0.00032  8.33414e+00
 22  0.00033  8.23096e+00 | 23  0.00035  8.12142e+00 | 24  0.00037  8.01346e+00
 25  0.00042  7.90552e+00 | 26  0.00050  7.78357e+00 | 27  0.00096  7.62879e+00
 28  0.00078  7.47208e+00 | 29  0.00114  7.33003e+00 | 30  0.00290  7.32583e+00
 31  0.00287  7.38220e+00 | 32  0.00463  6.59488e+00 | 33  0.00996  6.12905e+00
 34  0.01008  6.50053e+00 | 35 -0.00209  5.95840e+00 | 36 -0.00206  6.11945e+00
 37 -0.00369  6.06999e+00 | 38  0.00125  5.17497e+00 | 39  0.00420  4.50121e+00
 40  0.00129  4.21229e+00 | 41  0.00035  4.07141e+00 | 42  0.03489  1.30140e+00
 43  0.00699  2.44466e+00 | 44  0.00517  3.19649e+00 | 45  0.00260  1.62208e+00
 46  0.00496  6.21462e-01 | 47 -0.00624  3.71589e+00 | 48  0.00091 -6.05385e-02
 49  0.00660 -9.70970e-01 | 50  0.00751 -7.06492e-01 | 51  0.01710 -6.53391e+00
 52 -0.00404 -2.33879e+00 | 53  0.01774 -6.20057e+00 | 54  0.01167 -7.24217e+00
 55 -0.00098 -3.86520e+00 | 56 -0.00944 -2.60932e+00 | 57 -0.00976 -5.10136e+00
 58  0.00850 -9.32415e+00 | 59  0.01882 -1.12346e+01 | 60  0.00344 -9.29430e+00
 61 -0.01098 -4.85025e+00 | 62  0.00018 -7.41064e+00 | 63  0.00499 -1.02390e+01
 64  0.01199 -1.38023e+01 | 65  0.02229 -1.75123e+01 | 66  0.01653 -1.69202e+01
 67  0.00679 -1.26887e+01 | 68  0.02006 -1.83083e+01 | 69 -0.01629 -7.44949e+00
 70  0.02095 -1.91469e+01 | 71 -0.01615 -6.61160e+00 | 72  0.01772 -1.89470e+01
 73 -0.00035 -1.24181e+01 | 74  0.00063 -1.20493e+01 | 75  0.03072 -2.64223e+01
 76 -0.02128 -6.44070e+00 | 77 -0.01896 -6.41651e+00 | 78 -0.01472 -7.49311e+00
 79 -0.00415 -1.05454e+01 | 80 -0.04953  2.61806e-01 | 81 -0.01551 -5.47203e+00
 82  0.05637 -3.22416e+01 | 83 -0.06365  2.50046e+00 | 84  0.03400 -1.57846e+01
 85 -0.00939 -3.28457e+00 | 86 -0.01619 -1.02071e-01 | 87 -0.01240 -1.10378e+00
 88 -0.02973  2.95740e+00 | 89 -0.01928  2.27348e+00 | 90 -0.01330  3.29097e+00
 91 -0.00006  1.40167e+00 | 92  0.00357  3.63541e+00 | 93 -0.02649  6.36279e+00
 94 -0.01441  7.16209e+00 | 95  0.01550  5.65847e+00 | 96 -0.03237  8.22462e+00
 97  0.00653  7.85806e+00 | 98  0.01437  8.74245e+00 | 99 -0.05887  8.91858e+00
100  0.03941  9.94539e+00 |101 -0.01329  9.02111e+00 |102 -0.00007  8.76194e+00
103  0.00024  8.77277e+00 |104 -0.03914 -2.21542e+01 |105 -0.41236  3.11523e+01
106 -0.26393  7.20735e-01 |107 -0.23815 -2.48169e+00 |
Maximum number of function evaluations exceeded

 - final statistics:
107 variables; iteration 74; function evaluation 100
Function value 5.8715e+02; maximum gradient component mag 1.1390e+01
Exit code = 3;  converg criter 1.0000e+00
Var    Value     Gradient |Var    Value     Gradient |Var    Value     Gradient
  1 -0.41916  7.39901e-01 |  2 -0.41117  1.13905e+01 |  3 -0.42827  6.45278e+00
  4  0.61546  1.06604e+01 |  5  0.00003  8.45254e-03 |  6  0.00001  1.68570e-03
  7  0.00001  2.07114e-03 |  8  0.00001  2.54639e-03 |  9  0.00021 -2.67526e-01
 10  0.00021 -2.67300e-01 | 11  0.00021 -2.66956e-01 | 12  0.00022 -2.66443e-01
 13  0.00022 -2.65699e-01 | 14  0.00023 -2.64661e-01 | 15  0.00023 -2.63301e-01
 16  0.00024 -2.61595e-01 | 17  0.00028 -2.59658e-01 | 18  0.00026 -2.57720e-01
 19  0.00028 -2.56211e-01 | 20  0.00029 -2.55540e-01 | 21  0.00031 -2.55991e-01
 22  0.00033 -2.57101e-01 | 23  0.00036 -2.57544e-01 | 24  0.00038 -2.55890e-01
 25  0.00043 -2.51931e-01 | 26  0.00051 -2.47296e-01 | 27  0.00097 -2.42649e-01
 28  0.00080 -2.33390e-01 | 29  0.00115 -2.06370e-01 | 30  0.00286 -1.66163e-01
 31  0.00264 -1.90467e-01 | 32  0.00478 -1.60214e-01 | 33  0.01008 -2.74099e-01
 34  0.00979 -9.36576e-02 | 35 -0.00195 -1.55147e-01 | 36 -0.00220 -1.97739e-01
 37 -0.00393 -2.16787e-01 | 38  0.00118 -1.50713e-01 | 39  0.00419 -1.05475e-01
 40  0.00130 -8.88742e-02 | 41  0.00031 -1.87160e-03 | 42  0.03418  1.75903e-01
 43  0.00698 -8.27561e-02 | 44  0.00428 -1.22988e-01 | 45  0.00267  7.47469e-02
 46  0.00489  4.50912e-02 | 47 -0.00741  4.91174e-03 | 48  0.00102  2.07390e-01
 49  0.00623  8.33755e-02 | 50  0.00618 -4.10024e-02 | 51  0.01793  4.49373e-01
 52 -0.00366  3.81397e-01 | 53  0.01695  7.47166e-02 | 54  0.01220  1.54188e-01
 55 -0.00131  2.25353e-01 | 56 -0.00983  2.56028e-01 | 57 -0.00912  2.56364e-01
 58  0.00915  6.67331e-01 | 59  0.01786  5.53892e-01 | 60  0.00379  1.81644e-01
 61 -0.01135  2.64309e-01 | 62 -0.00027  3.48938e-01 | 63  0.00500  4.60649e-01
 64  0.01253  5.28922e-01 | 65  0.02238  5.49355e-01 | 66  0.01705  5.72186e-01
 67  0.00688  3.15758e-01 | 68  0.02033  5.52108e-01 | 69 -0.01586  2.55986e-01
 70  0.02119  6.17381e-01 | 71 -0.01607  2.81770e-01 | 72  0.01798  5.48059e-01
 73 -0.00013  3.88263e-01 | 74  0.00082  3.71144e-01 | 75  0.03088  5.46109e-01
 76 -0.02115  7.86462e-02 | 77 -0.01889  8.01107e-02 | 78 -0.01458  5.99727e-02
 79 -0.00407  9.39137e-02 | 80 -0.04943 -8.92344e-02 | 81 -0.01538  1.22438e-01
 82  0.05650  5.61683e-01 | 83 -0.06358 -1.48838e-01 | 84  0.03415  2.12697e-01
 85 -0.00931 -7.24727e-02 | 86 -0.01607 -1.00885e-01 | 87 -0.01234 -1.20186e-01
 88 -0.02964 -1.56459e-01 | 89 -0.01922 -1.41233e-01 | 90 -0.01318 -1.51749e-01
 91  0.00004 -1.60095e-01 | 92  0.00369 -1.97412e-01 | 93 -0.02644 -2.23875e-01
 94 -0.01430 -2.45126e-01 | 95  0.01559 -2.74127e-01 | 96 -0.03226 -2.88589e-01
 97  0.00658 -2.58606e-01 | 98  0.01445 -3.05081e-01 | 99 -0.05892 -2.88164e-01
100  0.03950 -2.46938e-01 |101 -0.01342 -1.72010e-01 |102 -0.00012 -2.64363e-01
103  0.00019 -2.67869e-01 |104 -0.03608  7.35017e-01 |105 -0.41102 -1.08378e+00
106 -0.26553  2.96909e-01 |107 -0.23973 -6.04530e-01 |

Initial statistics: 110 variables; iteration 0; function evaluation 0; phase 5
Function value 5.8715060e+02; maximum gradient component mag 2.5854e+02
Var    Value     Gradient |Var    Value     Gradient |Var    Value     Gradient
  1 -0.41916  7.39901e-01 |  2 -0.41117  1.13905e+01 |  3 -0.42827  6.45278e+00
  4 -0.41222  3.70501e+01 |  5 -0.41222  2.57267e+01 |  6  0.61546  1.06604e+01
  7  0.00003  8.45254e-03 |  8  0.00001  1.68570e-03 |  9  0.00001  2.07114e-03
 10  0.00001  2.54639e-03 | 11  0.00021 -2.67757e-01 | 12  0.00021 -2.67532e-01
 13  0.00021 -2.67187e-01 | 14  0.00022 -2.66674e-01 | 15  0.00022 -2.65931e-01
 16  0.00023 -2.64893e-01 | 17  0.00023 -2.63532e-01 | 18  0.00024 -2.61827e-01
 19  0.00028 -2.59889e-01 | 20  0.00026 -2.57951e-01 | 21  0.00028 -2.56443e-01
 22  0.00029 -2.55771e-01 | 23  0.00031 -2.56223e-01 | 24  0.00033 -2.57332e-01
 25  0.00036 -2.57775e-01 | 26  0.00038 -2.56121e-01 | 27  0.00043 -2.52162e-01
 28  0.00051 -2.47527e-01 | 29  0.00097 -2.42880e-01 | 30  0.00080 -2.33621e-01
 31  0.00115 -2.06601e-01 | 32  0.00286 -1.66394e-01 | 33  0.00264 -1.90698e-01
 34  0.00478 -1.60445e-01 | 35  0.01008 -2.74330e-01 | 36  0.00979 -9.38889e-02
 37 -0.00195 -1.55378e-01 | 38 -0.00220 -1.97970e-01 | 39 -0.00393 -2.17018e-01
 40  0.00118 -1.50944e-01 | 41  0.00419 -1.05707e-01 | 42  0.00130 -8.91055e-02
 43  0.00031 -2.10287e-03 | 44  0.03418  1.75672e-01 | 45  0.00698 -8.29874e-02
 46  0.00428 -1.23219e-01 | 47  0.00267  7.45156e-02 | 48  0.00489  4.48599e-02
 49 -0.00741  4.68049e-03 | 50  0.00102  2.07158e-01 | 51  0.00623  8.31443e-02
 52  0.00618 -4.12336e-02 | 53  0.01793  4.49142e-01 | 54 -0.00366  3.81165e-01
 55  0.01695  7.44854e-02 | 56  0.01220  1.53957e-01 | 57 -0.00131  2.25121e-01
 58 -0.00983  2.55797e-01 | 59 -0.00912  2.56133e-01 | 60  0.00915  6.67099e-01
 61  0.01786  5.53661e-01 | 62  0.00379  1.81413e-01 | 63 -0.01135  2.64078e-01
 64 -0.00027  3.48707e-01 | 65  0.00500  4.60418e-01 | 66  0.01253  5.28690e-01
 67  0.02238  5.49124e-01 | 68  0.01705  5.71955e-01 | 69  0.00688  3.15527e-01
 70  0.02033  5.51877e-01 | 71 -0.01586  2.55755e-01 | 72  0.02119  6.17150e-01
 73 -0.01607  2.81539e-01 | 74  0.01798  5.47828e-01 | 75 -0.00013  3.88031e-01
 76  0.00082  3.70913e-01 | 77  0.03088  5.45878e-01 | 78 -0.02115  7.84150e-02
 79 -0.01889  7.98795e-02 | 80 -0.01458  5.97415e-02 | 81 -0.00407  9.36824e-02
 82 -0.04943 -8.94650e-02 | 83 -0.01538  1.22207e-01 | 84  0.05650  5.61453e-01
 85 -0.06358 -1.49068e-01 | 86  0.03415  2.12466e-01 | 87 -0.00931 -7.27040e-02
 88 -0.01607 -1.01116e-01 | 89 -0.01234 -1.20417e-01 | 90 -0.02964 -1.56690e-01
 91 -0.01922 -1.41464e-01 | 92 -0.01318 -1.51980e-01 | 93  0.00004 -1.60327e-01
 94  0.00369 -1.97643e-01 | 95 -0.02644 -2.24106e-01 | 96 -0.01430 -2.45357e-01
 97  0.01559 -2.74358e-01 | 98 -0.03226 -2.88820e-01 | 99  0.00658 -2.58837e-01
100  0.01445 -3.05312e-01 |101 -0.05892 -2.88395e-01 |102  0.03950 -2.47169e-01
103 -0.01342 -1.72241e-01 |104 -0.00012 -2.64594e-01 |105  0.00019 -2.68101e-01
106  0.00000  2.58538e+02 |107 -0.03608  7.35017e-01 |108 -0.41102 -1.08378e+00
109 -0.26553  2.96909e-01 |110 -0.23973 -6.04530e-01 |

Intermediate statistics: 110 variables; iteration 20; function evaluation 24; phase 5
Function value 5.8663029e+02; maximum gradient component mag 1.7302e+02
Var    Value     Gradient |Var    Value     Gradient |Var    Value     Gradient
  1 -0.41906 -2.59201e+01 |  2 -0.40754 -5.05067e+01 |  3 -0.43277 -3.31280e+01
  4 -0.40644  1.74649e+01 |  5 -0.45175  9.34462e+00 |  6  0.61431 -2.54348e+01
  7  0.00002 -4.33009e-03 |  8  0.00000 -1.27463e-03 |  9  0.00001 -1.53292e-03
 10  0.00001 -1.83797e-03 | 11  0.00014 -1.48699e-01 | 12  0.00014 -1.49973e-01
 13  0.00015 -1.51401e-01 | 14  0.00015 -1.52973e-01 | 15  0.00015 -1.54673e-01
 16  0.00015 -1.56496e-01 | 17  0.00016 -1.58496e-01 | 18  0.00016 -1.60835e-01
 19  0.00019 -1.63867e-01 | 20  0.00017 -1.68134e-01 | 21  0.00018 -1.74645e-01
 22  0.00018 -1.84348e-01 | 23  0.00018 -1.97817e-01 | 24  0.00019 -2.14569e-01
 25  0.00020 -2.32531e-01 | 26  0.00021 -2.49351e-01 | 27  0.00024 -2.64759e-01
 28  0.00029 -2.81655e-01 | 29  0.00072 -3.02691e-01 | 30  0.00050 -3.18132e-01
 31  0.00079 -3.14365e-01 | 32  0.00239 -2.88429e-01 | 33  0.00200 -4.03568e-01
 34  0.00428 -4.32897e-01 | 35  0.01046 -5.62626e-01 | 36  0.01006 -1.68239e-02
 37 -0.00222  5.60852e-02 | 38 -0.00249 -4.74656e-01 | 39 -0.00421 -4.27257e-01
 40  0.00093 -4.77410e-01 | 41  0.00425 -4.49578e-01 | 42  0.00106 -1.79682e-01
 43  0.00012 -5.75562e-01 | 44  0.03441 -4.44050e-01 | 45  0.00740 -3.38910e-01
 46  0.00379 -2.02592e-01 | 47  0.00204 -3.06599e-01 | 48  0.00456 -3.96354e-01
 49 -0.00798 -2.86667e-01 | 50  0.00057 -4.43675e-01 | 51  0.00583 -7.88244e-01
 52  0.00521 -1.06353e+00 | 53  0.01780 -8.88419e-01 | 54 -0.00376 -6.48298e-01
 55  0.01829 -1.14624e+00 | 56  0.01222 -6.17551e-01 | 57 -0.00138 -3.97238e-01
 58 -0.01012 -7.10081e-01 | 59 -0.00949 -7.08543e-01 | 60  0.00908 -9.80291e-01
 61  0.01858 -1.17540e+00 | 62  0.00379 -1.03148e+00 | 63 -0.01129 -3.93739e-01
 64 -0.00055 -1.33653e+00 | 65  0.00476 -1.09728e+00 | 66  0.01237 -1.28286e+00
 67  0.02244 -1.98108e+00 | 68  0.01703 -1.64209e+00 | 69  0.00696 -1.10565e+00
 70  0.02022 -1.43895e+00 | 71 -0.01579 -1.72962e+00 | 72  0.02118 -2.36605e+00
 73 -0.01619 -1.63851e+00 | 74  0.01774 -5.28799e+00 | 75 -0.00064 -3.81205e+00
 76  0.00100 -2.04001e+00 | 77  0.03109  9.72929e-01 | 78 -0.02086 -2.29088e+00
 79 -0.01751  3.61336e+00 | 80 -0.01489 -9.25822e+00 | 81 -0.00324  3.67467e+00
 82 -0.04941 -1.53752e+00 | 83 -0.01479  4.29134e+00 | 84  0.05627 -1.32514e+00
 85 -0.06381 -4.79819e+00 | 86  0.03404  3.49249e+00 | 87 -0.00850  6.82410e+00
 88 -0.01629 -7.92453e+00 | 89 -0.01199  3.85397e-01 | 90 -0.03004 -6.72339e+00
 91 -0.01872 -8.65459e-01 | 92 -0.01319 -3.84387e+00 | 93  0.00006 -4.75588e+00
 94  0.00341 -9.49967e+00 | 95 -0.02609  5.01955e-02 | 96 -0.01436 -5.46477e+00
 97  0.01614  5.21501e-01 | 98 -0.03186 -4.79379e-01 | 99  0.00760  6.37385e+00
100  0.01496  3.40438e+00 |101 -0.05813  7.45664e-01 |102  0.03977  1.07440e+00
103 -0.01306  5.40557e-01 |104 -0.00016 -1.17690e-01 |105  0.00014 -1.41720e-01
106 -0.00006  1.73017e+02 |107 -0.03753 -1.88342e+00 |108 -0.41172  1.87712e+00
109 -0.27052 -5.58418e+00 |110 -0.24214  6.80285e+00 |
110 variables; iteration 40; function evaluation 45; phase 5
Function value 5.8651766e+02; maximum gradient component mag 9.8259e+01
Var    Value     Gradient |Var    Value     Gradient |Var    Value     Gradient
  1 -0.41770 -1.36698e+01 |  2 -0.40684  2.21453e+01 |  3 -0.43458  2.98151e+00
  4 -0.40680  9.01596e+00 |  5 -0.45898  5.52953e+00 |  6  0.61494  2.98932e+01
  7  0.00002  8.59555e-03 |  8  0.00000  2.57097e-03 |  9  0.00000  3.08732e-03
 10  0.00001  3.69382e-03 | 11  0.00034 -8.48737e-01 | 12  0.00035 -8.46092e-01
 13  0.00035 -8.43135e-01 | 14  0.00035 -8.39894e-01 | 15  0.00036 -8.36407e-01
 16  0.00036 -8.32692e-01 | 17  0.00036 -8.28608e-01 | 18  0.00037 -8.23818e-01
 19  0.00041 -8.17562e-01 | 20  0.00039 -8.08655e-01 | 21  0.00040 -7.94897e-01
 22  0.00041 -7.74348e-01 | 23  0.00044 -7.45681e-01 | 24  0.00046 -7.09855e-01
 25  0.00050 -6.71297e-01 | 26  0.00054 -6.35061e-01 | 27  0.00058 -6.01647e-01
 28  0.00065 -5.65040e-01 | 29  0.00111 -5.19559e-01 | 30  0.00090 -4.86362e-01
 31  0.00115 -4.92866e-01 | 32  0.00266 -5.35535e-01 | 33  0.00252 -2.20861e-01
 34  0.00496 -8.31808e-02 | 35  0.01092 -7.25562e-01 | 36  0.00962 -1.02321e+00
 37 -0.00299 -1.65695e+00 | 38 -0.00225 -6.19933e-01 | 39 -0.00409 -8.13531e-01
 40  0.00116 -5.35772e-01 | 41  0.00444 -5.33045e-01 | 42  0.00031 -1.54624e+00
 43  0.00066  2.20215e-04 | 44  0.03475  9.38041e-02 | 45  0.00671 -1.37165e+00
 46  0.00201 -2.48714e+00 | 47  0.00165 -7.05470e-01 | 48  0.00409 -5.89148e-01
 49 -0.00786  2.29784e-01 | 50  0.00012 -6.80243e-01 | 51  0.00597  1.66134e-01
 52  0.00540  2.43327e-02 | 53  0.01717 -6.47665e-01 | 54 -0.00312  6.55876e-01
 55  0.01591 -3.27685e+00 | 56  0.01279  1.66745e+00 | 57 -0.00206 -2.66742e-01
 58 -0.01019  3.02536e-01 | 59 -0.00958  8.60218e-02 | 60  0.00913  7.73939e-01
 61  0.01862  1.17365e+00 | 62  0.00353  6.24734e-01 | 63 -0.01036  2.96600e+00
 64 -0.00105 -1.10377e+00 | 65  0.00486  1.14188e+00 | 66  0.01203  4.68818e-01
 67  0.02164 -6.37785e-01 | 68  0.01700  1.57740e+00 | 69  0.00667  4.16830e-01
 70  0.02008  1.32750e+00 | 71 -0.01506  2.00009e+00 | 72  0.02133  1.86304e+00
 73 -0.01635 -2.89143e-01 | 74  0.01749 -3.61574e+00 | 75 -0.00026  3.22743e+00
 76  0.00126  2.64617e+00 | 77  0.03097  4.78593e+00 | 78 -0.02087 -2.18943e+00
 79 -0.01797 -1.60532e+00 | 80 -0.01451  1.09663e+00 | 81 -0.00355  2.80633e+00
 82 -0.04955 -1.69470e+00 | 83 -0.01530  1.50108e+00 | 84  0.05592  4.12484e+00
 85 -0.06385 -3.52031e+00 | 86  0.03371  4.09631e+00 | 87 -0.00949 -3.81252e+00
 88 -0.01616 -2.18343e+00 | 89 -0.01244 -2.42943e+00 | 90 -0.02994 -2.23908e+00
 91 -0.01840  4.66451e+00 | 92 -0.01305 -1.08769e+00 | 93 -0.00019 -8.24298e+00
 94  0.00358 -5.07756e+00 | 95 -0.02611 -8.06301e-01 | 96 -0.01440 -1.01545e+01
 97  0.01642  2.03256e+00 | 98 -0.03160 -5.88182e-01 | 99  0.00791  6.48967e+00
100  0.01512  7.24568e-01 |101 -0.05783  4.00458e-02 |102  0.03994 -2.56035e+00
103 -0.01238  8.46626e-01 |104 -0.00005 -9.41759e-01 |105  0.00033 -8.63330e-01
106 -0.00052  9.82585e+01 |107 -0.03264  2.83877e+00 |108 -0.40944 -2.21633e+00
109 -0.27521 -5.01341e+00 |110 -0.24523  4.89835e+00 |
110 variables; iteration 60; function evaluation 77; phase 5
Function value 5.8644556e+02; maximum gradient component mag 4.7425e+01
Var    Value     Gradient |Var    Value     Gradient |Var    Value     Gradient
  1 -0.41719  1.41733e+00 |  2 -0.40619  4.74255e+01 |  3 -0.43564  2.14204e+01
  4 -0.40725  6.65677e-01 |  5 -0.46715  1.15559e+00 |  6  0.61485  4.20281e+01
  7  0.00002  1.75070e-02 |  8  0.00000  3.86672e-03 |  9  0.00001  4.72051e-03
 10  0.00001  5.76143e-03 | 11  0.00016 -1.11143e+00 | 12  0.00017 -1.10991e+00
 13  0.00017 -1.10807e+00 | 14  0.00017 -1.10583e+00 | 15  0.00017 -1.10311e+00
 16  0.00018 -1.09982e+00 | 17  0.00018 -1.09585e+00 | 18  0.00018 -1.09106e+00
 19  0.00022 -1.08532e+00 | 20  0.00020 -1.07851e+00 | 21  0.00020 -1.07042e+00
 22  0.00021 -1.06089e+00 | 23  0.00022 -1.04973e+00 | 24  0.00023 -1.03673e+00
 25  0.00025 -1.02162e+00 | 26  0.00027 -1.00415e+00 | 27  0.00031 -9.84136e-01
 28  0.00036 -9.61478e-01 | 29  0.00081 -9.35152e-01 | 30  0.00059 -9.08016e-01
 31  0.00084 -8.75994e-01 | 32  0.00237 -8.58946e-01 | 33  0.00195 -8.82510e-01
 34  0.00418 -1.05375e+00 | 35  0.01112 -6.00965e-01 | 36  0.00985 -5.99428e-01
 37 -0.00264 -8.34715e-01 | 38 -0.00237 -6.96526e-01 | 39 -0.00416 -6.97311e-01
 40  0.00101 -5.96412e-01 | 41  0.00438 -5.38959e-01 | 42  0.00074 -5.60633e-01
 43  0.00032 -4.01540e-01 | 44  0.03457  2.36431e-01 | 45  0.00743 -6.94540e-02
 46  0.00321 -7.38140e-02 | 47  0.00172 -8.06027e-02 | 48  0.00422  1.22440e-01
 49 -0.00832 -1.23296e-01 | 50  0.00033  1.15190e-01 | 51  0.00580  3.66505e-01
 52  0.00517  3.99498e-01 | 53  0.01765  8.05742e-01 | 54 -0.00361  3.44902e-01
 55  0.01900  1.18532e+00 | 56  0.01139  9.40145e-01 | 57 -0.00174  7.89277e-01
 58 -0.01036  3.96857e-01 | 59 -0.00967  5.06826e-01 | 60  0.00914  1.34314e+00
 61  0.01861  1.68935e+00 | 62  0.00355  1.22841e+00 | 63 -0.01181  5.96776e-01
 64 -0.00053  9.48389e-01 | 65  0.00456  1.41227e+00 | 66  0.01225  1.76215e+00
 67  0.02258  2.14593e+00 | 68  0.01664  1.56399e+00 | 69  0.00683  1.52569e+00
 70  0.02007  2.14166e+00 | 71 -0.01547  8.33809e-01 | 72  0.02123  1.96810e+00
 73 -0.01616  1.02430e+00 | 74  0.01807  2.05029e+00 | 75 -0.00060  1.50519e+00
 76  0.00124  1.34490e+00 | 77  0.03091  3.23521e+00 | 78 -0.02043  5.02896e-01
 79 -0.01766  6.55899e-01 | 80 -0.01430  1.33410e+00 | 81 -0.00360  1.35832e+00
 82 -0.04926 -4.08709e-01 | 83 -0.01550  5.64179e-01 | 84  0.05583  3.82496e+00
 85 -0.06347 -8.65838e-01 | 86  0.03364  1.58005e+00 | 87 -0.00929 -2.66873e-01
 88 -0.01591 -5.63088e-01 | 89 -0.01237 -2.98971e-01 | 90 -0.02965 -2.26612e-01
 91 -0.01858  1.40814e-01 | 92 -0.01276 -3.54273e-01 | 93  0.00022 -9.15640e-01
 94  0.00402 -6.45324e-01 | 95 -0.02607 -1.16041e+00 | 96 -0.01358 -1.45780e+00
 97  0.01647 -4.08266e-01 | 98 -0.03115 -9.85652e-01 | 99  0.00768 -2.37251e-01
100  0.01544 -7.94243e-01 |101 -0.05783 -1.11197e+00 |102  0.04051 -1.18989e+00
103 -0.01331 -9.01101e-01 |104 -0.00016 -1.11199e+00 |105  0.00016 -1.11832e+00
106 -0.00076  1.79793e+01 |107 -0.03522  2.91195e+00 |108 -0.41059 -4.25488e+00
109 -0.27217  2.52729e-01 |110 -0.24456 -1.64599e-01 |
110 variables; iteration 80; function evaluation 116; phase 5
Function value 5.8644479e+02; maximum gradient component mag 1.2181e-01
Var    Value     Gradient |Var    Value     Gradient |Var    Value     Gradient
  1 -0.41709  1.01797e-02 |  2 -0.40608  1.21810e-01 |  3 -0.43582  5.61922e-02
  4 -0.40691  1.29869e-03 |  5 -0.46867  1.90487e-03 |  6  0.61482  1.02351e-01
  7  0.00002  3.25421e-05 |  8  0.00000  7.29936e-06 |  9  0.00000  8.90418e-06
 10  0.00001  1.08562e-05 | 11  0.00018 -2.57317e-03 | 12  0.00019 -2.57001e-03
 13  0.00019 -2.56620e-03 | 14  0.00019 -2.56162e-03 | 15  0.00019 -2.55614e-03
 16  0.00019 -2.54958e-03 | 17  0.00020 -2.54160e-03 | 18  0.00020 -2.53208e-03
 19  0.00024 -2.52059e-03 | 20  0.00021 -2.50682e-03 | 21  0.00022 -2.49009e-03
 22  0.00022 -2.46986e-03 | 23  0.00023 -2.44563e-03 | 24  0.00024 -2.41709e-03
 25  0.00026 -2.38422e-03 | 26  0.00027 -2.34717e-03 | 27  0.00031 -2.30577e-03
 28  0.00036 -2.25973e-03 | 29  0.00080 -2.20785e-03 | 30  0.00057 -2.15827e-03
 31  0.00082 -2.10577e-03 | 32  0.00234 -2.07583e-03 | 33  0.00195 -2.24819e-03
 34  0.00434 -1.95086e-03 | 35  0.01104 -1.90128e-03 | 36  0.00978 -1.78963e-03
 37 -0.00259 -1.82202e-03 | 38 -0.00238 -1.65810e-03 | 39 -0.00415 -1.86469e-03
 40  0.00101 -1.58402e-03 | 41  0.00441 -1.30282e-03 | 42  0.00078 -9.84223e-04
 43  0.00031 -1.10139e-03 | 44  0.03456  5.18310e-04 | 45  0.00736 -3.68735e-04
 46  0.00312 -6.08394e-04 | 47  0.00167 -2.76232e-04 | 48  0.00413  1.54536e-04
 49 -0.00834 -5.64436e-04 | 50  0.00032  1.48984e-04 | 51  0.00576  4.79691e-04
 52  0.00513  7.59047e-04 | 53  0.01765  1.90304e-03 | 54 -0.00360  5.85809e-04
 55  0.01897  1.97067e-03 | 56  0.01138  2.03345e-03 | 57 -0.00184  1.20697e-03
 58 -0.01033  1.18971e-03 | 59 -0.00965  1.22970e-03 | 60  0.00906  3.04194e-03
 61  0.01864  4.64802e-03 | 62  0.00351  2.99661e-03 | 63 -0.01175  2.06899e-03
 64 -0.00046  2.74765e-03 | 65  0.00452  3.68378e-03 | 66  0.01222  4.25370e-03
 67  0.02262  5.62637e-03 | 68  0.01677  5.01959e-03 | 69  0.00683  4.00483e-03
 70  0.02009  5.58158e-03 | 71 -0.01547  2.13056e-03 | 72  0.02130  6.10752e-03
 73 -0.01622  2.07246e-03 | 74  0.01810  5.51575e-03 | 75 -0.00062  3.33227e-03
 76  0.00126  3.67140e-03 | 77  0.03090  6.88831e-03 | 78 -0.02041  1.52193e-03
 79 -0.01762  1.98486e-03 | 80 -0.01433  1.49267e-03 | 81 -0.00359  2.56439e-03
 82 -0.04924 -1.56142e-04 | 83 -0.01550  1.80018e-03 | 84  0.05580  8.77720e-03
 85 -0.06338 -6.66588e-04 | 86  0.03362  4.17134e-03 | 87 -0.00926  1.18399e-03
 88 -0.01589  1.48631e-04 | 89 -0.01235  2.28456e-04 | 90 -0.02967 -1.18836e-03
 91 -0.01859 -9.54327e-04 | 92 -0.01277 -1.32685e-03 | 93  0.00026 -3.91093e-04
 94  0.00403 -1.32725e-03 | 95 -0.02603 -1.69066e-03 | 96 -0.01355 -2.05846e-03
 97  0.01647 -2.29896e-03 | 98 -0.03115 -2.94132e-03 | 99  0.00765 -2.93596e-03
100  0.01542 -3.34375e-03 |101 -0.05782 -2.15082e-03 |102  0.04048 -3.38299e-03
103 -0.01341 -2.82570e-03 |104 -0.00014 -2.60728e-03 |105  0.00018 -2.58793e-03
106 -0.00078  2.97345e-02 |107 -0.03515  6.95378e-03 |108 -0.41055 -9.82290e-03
109 -0.27279  1.56451e-04 |110 -0.24493 -1.24730e-04 |
  ic > imax  in fminim is answer attained ?
Var    Value     Gradient |Var    Value     Gradient |Var    Value     Gradient
  1 -0.41709  1.08341e-03 |  2 -0.40608  1.26728e-02 |  3 -0.43582  5.85727e-03
  4 -0.40691  1.32369e-04 |  5 -0.46867  1.95573e-04 |  6  0.61482  1.06363e-02
  7  0.00002 -1.51193e-06 |  8  0.00000 -3.22037e-07 |  9  0.00000 -3.93356e-07
 10  0.00001 -4.79883e-07 | 11  0.00018 -2.68023e-04 | 12  0.00019 -2.68002e-04
 13  0.00019 -2.67986e-04 | 14  0.00019 -2.67986e-04 | 15  0.00019 -2.68010e-04
 16  0.00019 -2.68071e-04 | 17  0.00020 -2.68000e-04 | 18  0.00020 -2.68008e-04
 19  0.00024 -2.68023e-04 | 20  0.00021 -2.68078e-04 | 21  0.00022 -2.68173e-04
 22  0.00022 -2.68097e-04 | 23  0.00023 -2.68154e-04 | 24  0.00024 -2.68244e-04
 25  0.00026 -2.68215e-04 | 26  0.00027 -2.67794e-04 | 27  0.00031 -2.66827e-04
 28  0.00036 -2.66064e-04 | 29  0.00080 -2.67420e-04 | 30  0.00057 -2.66262e-04
 31  0.00082 -2.40537e-04 | 32  0.00234 -2.10385e-04 | 33  0.00195 -2.22254e-04
 34  0.00434 -1.63837e-04 | 35  0.01104 -1.46420e-04 | 36  0.00978 -1.20481e-04
 37 -0.00259 -1.46853e-04 | 38 -0.00238 -2.07633e-04 | 39 -0.00415 -1.81692e-04
 40  0.00101 -1.74816e-04 | 41  0.00441 -1.00893e-04 | 42  0.00078 -9.10927e-05
 43  0.00031  4.47943e-05 | 44  0.03456  1.50083e-05 | 45  0.00736 -4.40873e-05
 46  0.00312 -1.13153e-04 | 47  0.00167 -9.11441e-05 | 48  0.00413  1.17456e-04
 49 -0.00834 -4.98390e-05 | 50  0.00032  9.75004e-05 | 51  0.00576 -1.21932e-05
 52  0.00513  4.11280e-05 | 53  0.01765  1.54922e-04 | 54 -0.00360  4.65398e-05
 55  0.01897  1.95120e-04 | 56  0.01138  2.04637e-04 | 57 -0.00184  1.40241e-04
 58 -0.01033  1.08992e-04 | 59 -0.00965  1.22303e-04 | 60  0.00906  3.18325e-04
 61  0.01864  5.14245e-04 | 62  0.00351  3.18999e-04 | 63 -0.01175  2.24262e-04
 64 -0.00046  2.84249e-04 | 65  0.00452  3.95102e-04 | 66  0.01222  4.28987e-04
 67  0.02262  6.01720e-04 | 68  0.01677  5.21303e-04 | 69  0.00683  4.17850e-04
 70  0.02009  5.81282e-04 | 71 -0.01547  2.21958e-04 | 72  0.02130  6.38391e-04
 73 -0.01622  2.14775e-04 | 74  0.01810  5.76024e-04 | 75 -0.00062  3.46842e-04
 76  0.00126  3.82885e-04 | 77  0.03090  7.13759e-04 | 78 -0.02041  1.59419e-04
 79 -0.01762  2.06581e-04 | 80 -0.01433  1.52828e-04 | 81 -0.00359  2.65582e-04
 82 -0.04924 -1.47890e-05 | 83 -0.01550  1.86692e-04 | 84  0.05580  9.06810e-04
 85 -0.06338 -6.71281e-05 | 86  0.03362  4.33673e-04 | 87 -0.00926  1.23778e-04
 88 -0.01589  1.64013e-05 | 89 -0.01235  2.42164e-05 | 90 -0.02967 -1.24627e-04
 91 -0.01859 -1.00473e-04 | 92 -0.01277 -1.38256e-04 | 93  0.00026 -3.90694e-05
 94  0.00403 -1.37977e-04 | 95 -0.02603 -1.74178e-04 | 96 -0.01355 -2.13360e-04
 97  0.01647 -2.39416e-04 | 98 -0.03115 -3.04256e-04 | 99  0.00765 -3.06627e-04
100  0.01542 -3.47621e-04 |101 -0.05782 -2.23702e-04 |102  0.04048 -3.50629e-04
103 -0.01341 -3.27994e-04 |104 -0.00014 -2.69718e-04 |105  0.00018 -2.68259e-04
106 -0.00078  3.09750e-03 |107 -0.03515  7.25477e-04 |108 -0.41055 -1.02043e-03
109 -0.27279  1.33768e-05 |110 -0.24493 -8.87293e-06 |
Function minimizer not making progress ... is minimum attained?
Minimprove criterion = 0.0000e+00

 - final statistics:
110 variables; iteration 97; function evaluation 173
Function value 5.8644e+02; maximum gradient component mag 1.2673e-02
Exit code = 1;  converg criter 1.0000e-04
Var    Value     Gradient |Var    Value     Gradient |Var    Value     Gradient
  1 -0.41709  1.08341e-03 |  2 -0.40608  1.26728e-02 |  3 -0.43582  5.85727e-03
  4 -0.40691  1.32369e-04 |  5 -0.46867  1.95573e-04 |  6  0.61482  1.06363e-02
  7  0.00002 -1.51193e-06 |  8  0.00000 -3.22037e-07 |  9  0.00000 -3.93356e-07
 10  0.00001 -4.79883e-07 | 11  0.00018 -2.68023e-04 | 12  0.00019 -2.68002e-04
 13  0.00019 -2.67986e-04 | 14  0.00019 -2.67986e-04 | 15  0.00019 -2.68010e-04
 16  0.00019 -2.68071e-04 | 17  0.00020 -2.68000e-04 | 18  0.00020 -2.68008e-04
 19  0.00024 -2.68023e-04 | 20  0.00021 -2.68078e-04 | 21  0.00022 -2.68173e-04
 22  0.00022 -2.68097e-04 | 23  0.00023 -2.68154e-04 | 24  0.00024 -2.68244e-04
 25  0.00026 -2.68215e-04 | 26  0.00027 -2.67794e-04 | 27  0.00031 -2.66827e-04
 28  0.00036 -2.66064e-04 | 29  0.00080 -2.67420e-04 | 30  0.00057 -2.66262e-04
 31  0.00082 -2.40537e-04 | 32  0.00234 -2.10385e-04 | 33  0.00195 -2.22254e-04
 34  0.00434 -1.63837e-04 | 35  0.01104 -1.46420e-04 | 36  0.00978 -1.20481e-04
 37 -0.00259 -1.46853e-04 | 38 -0.00238 -2.07633e-04 | 39 -0.00415 -1.81692e-04
 40  0.00101 -1.74816e-04 | 41  0.00441 -1.00893e-04 | 42  0.00078 -9.10927e-05
 43  0.00031  4.47943e-05 | 44  0.03456  1.50083e-05 | 45  0.00736 -4.40873e-05
 46  0.00312 -1.13153e-04 | 47  0.00167 -9.11441e-05 | 48  0.00413  1.17456e-04
 49 -0.00834 -4.98390e-05 | 50  0.00032  9.75004e-05 | 51  0.00576 -1.21932e-05
 52  0.00513  4.11280e-05 | 53  0.01765  1.54922e-04 | 54 -0.00360  4.65398e-05
 55  0.01897  1.95120e-04 | 56  0.01138  2.04637e-04 | 57 -0.00184  1.40241e-04
 58 -0.01033  1.08992e-04 | 59 -0.00965  1.22303e-04 | 60  0.00906  3.18325e-04
 61  0.01864  5.14245e-04 | 62  0.00351  3.18999e-04 | 63 -0.01175  2.24262e-04
 64 -0.00046  2.84249e-04 | 65  0.00452  3.95102e-04 | 66  0.01222  4.28987e-04
 67  0.02262  6.01720e-04 | 68  0.01677  5.21303e-04 | 69  0.00683  4.17850e-04
 70  0.02009  5.81282e-04 | 71 -0.01547  2.21958e-04 | 72  0.02130  6.38391e-04
 73 -0.01622  2.14775e-04 | 74  0.01810  5.76024e-04 | 75 -0.00062  3.46842e-04
 76  0.00126  3.82885e-04 | 77  0.03090  7.13759e-04 | 78 -0.02041  1.59419e-04
 79 -0.01762  2.06581e-04 | 80 -0.01433  1.52828e-04 | 81 -0.00359  2.65582e-04
 82 -0.04924 -1.47890e-05 | 83 -0.01550  1.86692e-04 | 84  0.05580  9.06810e-04
 85 -0.06338 -6.71281e-05 | 86  0.03362  4.33673e-04 | 87 -0.00926  1.23778e-04
 88 -0.01589  1.64013e-05 | 89 -0.01235  2.42164e-05 | 90 -0.02967 -1.24627e-04
 91 -0.01859 -1.00473e-04 | 92 -0.01277 -1.38256e-04 | 93  0.00026 -3.90694e-05
 94  0.00403 -1.37977e-04 | 95 -0.02603 -1.74178e-04 | 96 -0.01355 -2.13360e-04
 97  0.01647 -2.39416e-04 | 98 -0.03115 -3.04256e-04 | 99  0.00765 -3.06627e-04
100  0.01542 -3.47621e-04 |101 -0.05782 -2.23702e-04 |102  0.04048 -3.50629e-04
103 -0.01341 -3.27994e-04 |104 -0.00014 -2.69718e-04 |105  0.00018 -2.68259e-04
106 -0.00078  3.09750e-03 |107 -0.03515  7.25477e-04 |108 -0.41055 -1.02043e-03
109 -0.27279  1.33768e-05 |110 -0.24493 -8.87293e-06 |

Initial statistics: 111 variables; iteration 0; function evaluation 0; phase 6
Function value 5.8644479e+02; maximum gradient component mag 1.2672e-02
Var    Value     Gradient |Var    Value     Gradient |Var    Value     Gradient
  1 -0.41709  1.08338e-03 |  2 -0.40608  1.26725e-02 |  3 -0.43582  5.85711e-03
  4 -0.40691  1.32366e-04 |  5 -0.46867  1.95567e-04 |  6  0.61482  1.06360e-02
  7  0.00002 -1.51936e-06 |  8  0.00000 -3.23607e-07 |  9  0.00000 -3.95274e-07
 10  0.00001 -4.82226e-07 | 11  0.00018 -2.69581e-04 | 12  0.00019 -2.69559e-04
 13  0.00019 -2.69544e-04 | 14  0.00019 -2.69544e-04 | 15  0.00019 -2.69568e-04
 16  0.00019 -2.69630e-04 | 17  0.00020 -2.69558e-04 | 18  0.00020 -2.69566e-04
 19  0.00024 -2.69582e-04 | 20  0.00021 -2.69637e-04 | 21  0.00022 -2.69733e-04
 22  0.00022 -2.69658e-04 | 23  0.00023 -2.69718e-04 | 24  0.00024 -2.69810e-04
 25  0.00026 -2.69784e-04 | 26  0.00027 -2.69363e-04 | 27  0.00031 -2.68395e-04
 28  0.00036 -2.67634e-04 | 29  0.00080 -2.69013e-04 | 30  0.00057 -2.67878e-04
 31  0.00082 -2.42080e-04 | 32  0.00234 -2.11867e-04 | 33  0.00195 -2.23813e-04
 34  0.00434 -1.65401e-04 | 35  0.01104 -1.47984e-04 | 36  0.00978 -1.22046e-04
 37 -0.00259 -1.48417e-04 | 38 -0.00238 -2.09192e-04 | 39 -0.00415 -1.83251e-04
 40  0.00101 -1.76388e-04 | 41  0.00441 -1.02487e-04 | 42  0.00078 -9.26313e-05
 43  0.00031  4.32193e-05 | 44  0.03456  1.34418e-05 | 45  0.00736 -4.56549e-05
 46  0.00312 -1.14720e-04 | 47  0.00167 -9.27173e-05 | 48  0.00413  1.15886e-04
 49 -0.00834 -5.14081e-05 | 50  0.00032  9.59065e-05 | 51  0.00576 -1.37371e-05
 52  0.00513  3.95766e-05 | 53  0.01765  1.53340e-04 | 54 -0.00360  4.49753e-05
 55  0.01897  1.93541e-04 | 56  0.01138  2.03059e-04 | 57 -0.00184  1.38669e-04
 58 -0.01033  1.07420e-04 | 59 -0.00965  1.20731e-04 | 60  0.00906  3.16745e-04
 61  0.01864  5.12662e-04 | 62  0.00351  3.17425e-04 | 63 -0.01175  2.22687e-04
 64 -0.00046  2.82671e-04 | 65  0.00452  3.93521e-04 | 66  0.01222  4.27406e-04
 67  0.02262  6.00135e-04 | 68  0.01677  5.19720e-04 | 69  0.00683  4.16270e-04
 70  0.02009  5.79697e-04 | 71 -0.01547  2.20383e-04 | 72  0.02130  6.36805e-04
 73 -0.01622  2.13200e-04 | 74  0.01810  5.74440e-04 | 75 -0.00062  3.45263e-04
 76  0.00126  3.81305e-04 | 77  0.03090  7.12171e-04 | 78 -0.02041  1.57847e-04
 79 -0.01762  2.05007e-04 | 80 -0.01433  1.51255e-04 | 81 -0.00359  2.64006e-04
 82 -0.04924 -1.63526e-05 | 83 -0.01550  1.85118e-04 | 84  0.05580  9.05223e-04
 85 -0.06338 -6.86868e-05 | 86  0.03362  4.32095e-04 | 87 -0.00926  1.22206e-04
 88 -0.01589  1.48329e-05 | 89 -0.01235  2.26475e-05 | 90 -0.02967 -1.26191e-04
 91 -0.01859 -1.02038e-04 | 92 -0.01277 -1.39820e-04 | 93  0.00026 -4.06368e-05
 94  0.00403 -1.39542e-04 | 95 -0.02603 -1.75741e-04 | 96 -0.01355 -2.14923e-04
 97  0.01647 -2.40978e-04 | 98 -0.03115 -3.05815e-04 | 99  0.00765 -3.08187e-04
100  0.01542 -3.49181e-04 |101 -0.05782 -2.25257e-04 |102  0.04048 -3.52185e-04
103 -0.01341 -3.29554e-04 |104 -0.00014 -2.71319e-04 |105  0.00018 -2.69817e-04
106  0.00000  0.00000e+00 |107 -0.00078  3.09741e-03 |108 -0.03515  7.25456e-04
109 -0.41055 -1.02040e-03 |110 -0.27279  1.33765e-05 |111 -0.24493 -8.87249e-06
  ic > imax  in fminim is answer attained ?
Var    Value     Gradient |Var    Value     Gradient |Var    Value     Gradient
  1 -0.41709  1.08338e-03 |  2 -0.40608  1.26725e-02 |  3 -0.43582  5.85711e-03
  4 -0.40691  1.32366e-04 |  5 -0.46867  1.95567e-04 |  6  0.61482  1.06360e-02
  7  0.00002 -1.51936e-06 |  8  0.00000 -3.23607e-07 |  9  0.00000 -3.95274e-07
 10  0.00001 -4.82226e-07 | 11  0.00018 -2.69581e-04 | 12  0.00019 -2.69559e-04
 13  0.00019 -2.69544e-04 | 14  0.00019 -2.69544e-04 | 15  0.00019 -2.69568e-04
 16  0.00019 -2.69630e-04 | 17  0.00020 -2.69558e-04 | 18  0.00020 -2.69566e-04
 19  0.00024 -2.69582e-04 | 20  0.00021 -2.69637e-04 | 21  0.00022 -2.69733e-04
 22  0.00022 -2.69658e-04 | 23  0.00023 -2.69718e-04 | 24  0.00024 -2.69810e-04
 25  0.00026 -2.69784e-04 | 26  0.00027 -2.69363e-04 | 27  0.00031 -2.68395e-04
 28  0.00036 -2.67634e-04 | 29  0.00080 -2.69013e-04 | 30  0.00057 -2.67878e-04
 31  0.00082 -2.42080e-04 | 32  0.00234 -2.11867e-04 | 33  0.00195 -2.23813e-04
 34  0.00434 -1.65401e-04 | 35  0.01104 -1.47984e-04 | 36  0.00978 -1.22046e-04
 37 -0.00259 -1.48417e-04 | 38 -0.00238 -2.09192e-04 | 39 -0.00415 -1.83251e-04
 40  0.00101 -1.76388e-04 | 41  0.00441 -1.02487e-04 | 42  0.00078 -9.26313e-05
 43  0.00031  4.32193e-05 | 44  0.03456  1.34418e-05 | 45  0.00736 -4.56549e-05
 46  0.00312 -1.14720e-04 | 47  0.00167 -9.27173e-05 | 48  0.00413  1.15886e-04
 49 -0.00834 -5.14081e-05 | 50  0.00032  9.59065e-05 | 51  0.00576 -1.37371e-05
 52  0.00513  3.95766e-05 | 53  0.01765  1.53340e-04 | 54 -0.00360  4.49753e-05
 55  0.01897  1.93541e-04 | 56  0.01138  2.03059e-04 | 57 -0.00184  1.38669e-04
 58 -0.01033  1.07420e-04 | 59 -0.00965  1.20731e-04 | 60  0.00906  3.16745e-04
 61  0.01864  5.12662e-04 | 62  0.00351  3.17425e-04 | 63 -0.01175  2.22687e-04
 64 -0.00046  2.82671e-04 | 65  0.00452  3.93521e-04 | 66  0.01222  4.27406e-04
 67  0.02262  6.00135e-04 | 68  0.01677  5.19720e-04 | 69  0.00683  4.16270e-04
 70  0.02009  5.79697e-04 | 71 -0.01547  2.20383e-04 | 72  0.02130  6.36805e-04
 73 -0.01622  2.13200e-04 | 74  0.01810  5.74440e-04 | 75 -0.00062  3.45263e-04
 76  0.00126  3.81305e-04 | 77  0.03090  7.12171e-04 | 78 -0.02041  1.57847e-04
 79 -0.01762  2.05007e-04 | 80 -0.01433  1.51255e-04 | 81 -0.00359  2.64006e-04
 82 -0.04924 -1.63526e-05 | 83 -0.01550  1.85118e-04 | 84  0.05580  9.05223e-04
 85 -0.06338 -6.86868e-05 | 86  0.03362  4.32095e-04 | 87 -0.00926  1.22206e-04
 88 -0.01589  1.48329e-05 | 89 -0.01235  2.26475e-05 | 90 -0.02967 -1.26191e-04
 91 -0.01859 -1.02038e-04 | 92 -0.01277 -1.39820e-04 | 93  0.00026 -4.06368e-05
 94  0.00403 -1.39542e-04 | 95 -0.02603 -1.75741e-04 | 96 -0.01355 -2.14923e-04
 97  0.01647 -2.40978e-04 | 98 -0.03115 -3.05815e-04 | 99  0.00765 -3.08187e-04
100  0.01542 -3.49181e-04 |101 -0.05782 -2.25257e-04 |102  0.04048 -3.52185e-04
103 -0.01341 -3.29554e-04 |104 -0.00014 -2.71319e-04 |105  0.00018 -2.69817e-04
106  0.00000  0.00000e+00 |107 -0.00078  3.09741e-03 |108 -0.03515  7.25456e-04
109 -0.41055 -1.02040e-03 |110 -0.27279  1.33765e-05 |111 -0.24493 -8.87249e-06
Function minimizer not making progress ... is minimum attained?
Minimprove criterion = 0.0000e+00

 - final statistics:
111 variables; iteration 1; function evaluation 30
Function value 5.8644e+02; maximum gradient component mag 1.2672e-02
Exit code = 1;  converg criter 1.0000e-04
Var    Value     Gradient |Var    Value     Gradient |Var    Value     Gradient
  1 -0.41709  1.08338e-03 |  2 -0.40608  1.26725e-02 |  3 -0.43582  5.85711e-03
  4 -0.40691  1.32366e-04 |  5 -0.46867  1.95567e-04 |  6  0.61482  1.06360e-02
  7  0.00002 -1.51936e-06 |  8  0.00000 -3.23607e-07 |  9  0.00000 -3.95274e-07
 10  0.00001 -4.82226e-07 | 11  0.00018 -2.69581e-04 | 12  0.00019 -2.69559e-04
 13  0.00019 -2.69544e-04 | 14  0.00019 -2.69544e-04 | 15  0.00019 -2.69568e-04
 16  0.00019 -2.69630e-04 | 17  0.00020 -2.69558e-04 | 18  0.00020 -2.69566e-04
 19  0.00024 -2.69582e-04 | 20  0.00021 -2.69637e-04 | 21  0.00022 -2.69733e-04
 22  0.00022 -2.69658e-04 | 23  0.00023 -2.69718e-04 | 24  0.00024 -2.69810e-04
 25  0.00026 -2.69784e-04 | 26  0.00027 -2.69363e-04 | 27  0.00031 -2.68395e-04
 28  0.00036 -2.67634e-04 | 29  0.00080 -2.69013e-04 | 30  0.00057 -2.67878e-04
 31  0.00082 -2.42080e-04 | 32  0.00234 -2.11867e-04 | 33  0.00195 -2.23813e-04
 34  0.00434 -1.65401e-04 | 35  0.01104 -1.47984e-04 | 36  0.00978 -1.22046e-04
 37 -0.00259 -1.48417e-04 | 38 -0.00238 -2.09192e-04 | 39 -0.00415 -1.83251e-04
 40  0.00101 -1.76388e-04 | 41  0.00441 -1.02487e-04 | 42  0.00078 -9.26313e-05
 43  0.00031  4.32193e-05 | 44  0.03456  1.34418e-05 | 45  0.00736 -4.56549e-05
 46  0.00312 -1.14720e-04 | 47  0.00167 -9.27173e-05 | 48  0.00413  1.15886e-04
 49 -0.00834 -5.14081e-05 | 50  0.00032  9.59065e-05 | 51  0.00576 -1.37371e-05
 52  0.00513  3.95766e-05 | 53  0.01765  1.53340e-04 | 54 -0.00360  4.49753e-05
 55  0.01897  1.93541e-04 | 56  0.01138  2.03059e-04 | 57 -0.00184  1.38669e-04
 58 -0.01033  1.07420e-04 | 59 -0.00965  1.20731e-04 | 60  0.00906  3.16745e-04
 61  0.01864  5.12662e-04 | 62  0.00351  3.17425e-04 | 63 -0.01175  2.22687e-04
 64 -0.00046  2.82671e-04 | 65  0.00452  3.93521e-04 | 66  0.01222  4.27406e-04
 67  0.02262  6.00135e-04 | 68  0.01677  5.19720e-04 | 69  0.00683  4.16270e-04
 70  0.02009  5.79697e-04 | 71 -0.01547  2.20383e-04 | 72  0.02130  6.36805e-04
 73 -0.01622  2.13200e-04 | 74  0.01810  5.74440e-04 | 75 -0.00062  3.45263e-04
 76  0.00126  3.81305e-04 | 77  0.03090  7.12171e-04 | 78 -0.02041  1.57847e-04
 79 -0.01762  2.05007e-04 | 80 -0.01433  1.51255e-04 | 81 -0.00359  2.64006e-04
 82 -0.04924 -1.63526e-05 | 83 -0.01550  1.85118e-04 | 84  0.05580  9.05223e-04
 85 -0.06338 -6.86868e-05 | 86  0.03362  4.32095e-04 | 87 -0.00926  1.22206e-04
 88 -0.01589  1.48329e-05 | 89 -0.01235  2.26475e-05 | 90 -0.02967 -1.26191e-04
 91 -0.01859 -1.02038e-04 | 92 -0.01277 -1.39820e-04 | 93  0.00026 -4.06368e-05
 94  0.00403 -1.39542e-04 | 95 -0.02603 -1.75741e-04 | 96 -0.01355 -2.14923e-04
 97  0.01647 -2.40978e-04 | 98 -0.03115 -3.05815e-04 | 99  0.00765 -3.08187e-04
100  0.01542 -3.49181e-04 |101 -0.05782 -2.25257e-04 |102  0.04048 -3.52185e-04
103 -0.01341 -3.29554e-04 |104 -0.00014 -2.71319e-04 |105  0.00018 -2.69817e-04
106  0.00000  0.00000e+00 |107 -0.00078  3.09741e-03 |108 -0.03515  7.25456e-04
109 -0.41055 -1.02040e-03 |110 -0.27279  1.33765e-05 |111 -0.24493 -8.87249e-06
size of file gradfil1.tmp = 0
size of file gradfil2.tmp = 0
size of file varssave.tmp = 0
size of file cmpdiff.tmp = 0
