
Initial statistics: 1 variables; iteration 0; function evaluation 0; phase 1
Function value 2.2543471e+06; maximum gradient component mag -6.1558e+08
Var    Value     Gradient |Var    Value     Gradient |Var    Value     Gradient
  1  0.63197 -6.15578e+08 |

 - final statistics:
1 variables; iteration 6; function evaluation 20
Function value 6.4792e+02; maximum gradient component mag 9.7903e+00
Exit code = 1;  converg criter 1.0000e+01
Var    Value     Gradient |Var    Value     Gradient |Var    Value     Gradient
  1  0.64097  9.79034e+00 |

Initial statistics: 98 variables; iteration 0; function evaluation 0; phase 2
Function value 6.4791525e+02; maximum gradient component mag -7.5178e+02
Var    Value     Gradient |Var    Value     Gradient |Var    Value     Gradient
  1  0.64097  9.79034e+00 |  2  0.00000  3.20962e+00 |  3  0.00000  3.37077e+00
  4  0.00000  4.16894e+00 |  5  0.00000  4.79307e+00 |  6  0.00000  5.49679e+00
  7  0.00000  6.40378e+00 |  8  0.00000  7.41249e+00 |  9  0.00000  8.41211e+00
 10  0.00000  9.45444e+00 | 11  0.00000  7.45885e+00 | 12  0.00000  1.21241e+01
 13  0.00000  1.36716e+01 | 14  0.00000  1.50658e+01 | 15  0.00000  1.59263e+01
 16  0.00000  1.61463e+01 | 17  0.00000  1.50364e+01 | 18  0.00000 -1.13168e+00
 19  0.00000  2.44546e+01 | 20  0.00000  3.31723e+01 | 21  0.00000  1.69243e+01
 22  0.00000  1.91535e+01 | 23  0.00000  1.71290e+01 | 24  0.00000  1.78611e+01
 25  0.00000  1.91624e+01 | 26  0.00000  2.60347e+01 | 27  0.00000  2.63251e+01
 28  0.00000  3.70756e+01 | 29  0.00000  4.50682e+01 | 30  0.00000  1.83596e+01
 31  0.00000  3.74443e+01 | 32  0.00000  2.96892e+01 | 33  0.00000  2.71617e+01
 34  0.00000  4.34054e+01 | 35  0.00000  5.62851e+00 | 36  0.00000  3.13018e+01
 37  0.00000  2.42233e+01 | 38  0.00000  2.38398e+01 | 39  0.00000  1.63256e+01
 40  0.00000  5.27946e+01 | 41  0.00000  2.83293e+01 | 42  0.00000  4.29968e+01
 43  0.00000  4.86413e+01 | 44  0.00000  2.27965e+01 | 45  0.00000 -2.78434e+01
 46  0.00000  2.45513e+01 | 47  0.00000  2.44842e+01 | 48  0.00000  3.23439e+01
 49  0.00000  3.51220e+01 | 50  0.00000  1.64936e+01 | 51  0.00000  3.69939e+01
 52  0.00000  3.29621e+01 | 53  0.00000  1.44181e+01 | 54  0.00000  1.23985e+01
 55  0.00000 -3.40571e+01 | 56  0.00000  1.08837e+01 | 57  0.00000  1.88918e+01
 58  0.00000  3.71930e+01 | 59  0.00000  4.36888e+01 | 60  0.00000  1.00418e+02
 61  0.00000  1.32573e+02 | 62  0.00000  1.65973e+01 | 63  0.00000 -1.06817e+02
 64  0.00000  1.47957e+02 | 65  0.00000 -4.53063e+01 | 66  0.00000  9.19319e+01
 67  0.00000  1.04645e+02 | 68  0.00000 -2.74113e+02 | 69  0.00000 -7.51776e+02
 70  0.00000  2.51939e+02 | 71  0.00000  1.09533e+02 | 72  0.00000  9.48686e+01
 73  0.00000 -5.42080e+02 | 74  0.00000 -4.00305e+01 | 75  0.00000  1.12383e+02
 76  0.00000 -1.95645e+01 | 77  0.00000 -2.60006e+02 | 78  0.00000 -7.37234e+02
 79  0.00000  4.90057e+02 | 80  0.00000  1.44906e+02 | 81  0.00000 -4.02483e+02
 82  0.00000 -2.98297e+02 | 83  0.00000 -1.85752e+02 | 84  0.00000 -2.42439e+02
 85  0.00000  6.12626e+02 | 86  0.00000 -2.17591e+02 | 87  0.00000  9.14030e+01
 88  0.00000  1.27852e+02 | 89  0.00000  7.05908e+01 | 90  0.00000 -3.49337e+02
 91  0.00000  2.95626e+02 | 92  0.00000  2.61059e+02 | 93  0.00000  1.12941e+02
 94  0.00000 -6.05926e+01 | 95  0.00000  1.51478e+00 | 96  0.00000  1.15573e+00
 97 -0.03546  3.40973e+01 | 98 -0.31026  1.37833e+01 |

Intermediate statistics: 98 variables; iteration 20; function evaluation 32; phase 2
Function value 5.7744279e+02; maximum gradient component mag 2.7467e+03
Var    Value     Gradient |Var    Value     Gradient |Var    Value     Gradient
  1  0.64356  2.74666e+03 |  2  0.00323 -8.00642e+01 |  3  0.00420 -7.74218e+01
  4  0.00438 -7.52509e+01 |  5  0.00508 -7.21349e+01 |  6  0.00592 -6.84014e+01
  7  0.00673 -6.41274e+01 |  8  0.00767 -5.90987e+01 |  9  0.00880 -5.31844e+01
 10  0.01000 -4.65048e+01 | 11  0.01323 -3.78905e+01 | 12  0.01193 -3.15214e+01
 13  0.01262 -2.34668e+01 | 14  0.01315 -1.54675e+01 | 15  0.01338 -8.50057e+00
 16  0.01264 -4.81088e+00 | 17  0.00896 -1.08020e+01 | 18  0.01246 -1.41488e+01
 19  0.00950  5.90894e+00 | 20  0.01239  2.47666e+01 | 21  0.00879  3.12715e+00
 22  0.00639  5.81372e+00 | 23  0.00419 -2.21851e+00 | 24  0.00115 -4.98789e+00
 25 -0.00153 -6.57300e+00 | 26 -0.00152  4.66854e+00 | 27 -0.00208  7.44466e+00
 28 -0.00175  2.36875e+01 | 29 -0.00323  3.03425e+01 | 30 -0.00433  3.43954e+00
 31 -0.00586  2.38259e+01 | 32 -0.00836  1.13607e+01 | 33 -0.01009  6.11439e+00
 34 -0.00885  2.90435e+01 | 35 -0.00552  7.24618e+00 | 36 -0.00953  2.39402e+01
 37 -0.00981  1.88389e+01 | 38 -0.00831  2.63318e+01 | 39 -0.00874  1.85348e+01
 40 -0.01497  3.00011e+01 | 41 -0.00880  3.36241e+01 | 42 -0.00734  5.29054e+01
 43 -0.00848  5.20787e+01 | 44 -0.00540  3.81413e+01 | 45  0.01135  6.65647e+01
 46 -0.00090  5.66286e+01 | 47  0.00192  6.57648e+01 | 48  0.00186  7.25909e+01
 49 -0.00053  6.45930e+01 | 50  0.00238  5.94714e+01 | 51  0.00415  8.83529e+01
 52  0.00528  8.88010e+01 | 53  0.00118  5.46568e+01 | 54  0.00235  6.09867e+01
 55  0.01199  6.72467e+01 | 56 -0.00472  3.56399e+01 | 57 -0.00964  2.33634e+01
 58 -0.01684  7.50587e+00 | 59 -0.00648  5.53217e+01 | 60 -0.01529  5.83711e+01
 61 -0.01983  6.25459e+01 | 62  0.00573  1.04258e+02 | 63  0.00727 -6.36545e+00
 64 -0.02429  1.80624e+01 | 65  0.01601  1.45550e+02 | 66 -0.01044  3.97333e+00
 67  0.00067  1.22662e+02 | 68  0.00789 -9.12965e+01 | 69  0.02328 -6.46799e+01
 70 -0.01000  1.59259e+02 | 71 -0.00519  3.88941e+01 | 72 -0.00520  7.26838e+01
 73  0.00797 -2.35309e+02 | 74 -0.00289  7.58731e+00 | 75 -0.00570  7.86182e+01
 76 -0.00237  1.59979e+01 | 77 -0.00235 -1.67077e+02 | 78  0.02580 -1.29044e+02
 79 -0.01741  1.63416e+02 | 80 -0.00537  7.71757e+01 | 81  0.00833 -1.43447e+02
 82  0.01136 -3.70953e+01 | 83  0.00086 -1.17919e+02 | 84  0.00810 -6.44867e+01
 85 -0.02254  1.81674e+02 | 86  0.00918 -6.32442e+01 | 87 -0.00621 -3.45716e+01
 88 -0.00960 -2.69221e+01 | 89 -0.00510 -3.15765e+00 | 90  0.01028 -1.74064e+02
 91 -0.02034 -5.63006e+01 | 92 -0.02815 -4.97964e+01 | 93 -0.01699 -8.97892e+01
 94  0.02884 -7.16865e+01 | 95 -0.00056 -9.15460e+01 | 96  0.00043 -9.05016e+01
 97 -0.04315  1.49016e+02 | 98 -0.33533 -1.54061e+01 |
98 variables; iteration 40; function evaluation 63; phase 2
Function value 5.6585838e+02; maximum gradient component mag 1.5127e+03
Var    Value     Gradient |Var    Value     Gradient |Var    Value     Gradient
  1  0.64054  1.51265e+03 |  2 -0.00130 -4.98321e+01 |  3 -0.00036 -4.80508e+01
  4  0.00016 -4.62579e+01 |  5  0.00104 -4.40308e+01 |  6  0.00199 -4.15255e+01
  7  0.00290 -3.87972e+01 |  8  0.00378 -3.59373e+01 |  9  0.00455 -3.31401e+01
 10  0.00513 -3.05089e+01 | 11  0.00632 -2.97142e+01 | 12  0.00578 -2.52141e+01
 13  0.00610 -2.21993e+01 | 14  0.00667 -1.87316e+01 | 15  0.00782 -1.45738e+01
 16  0.00956 -9.57530e+00 | 17  0.01209 -3.64457e+00 | 18  0.02457  6.36715e+00
 19  0.00517 -7.17141e+00 | 20  0.00123 -8.26159e+00 | 21  0.01238  1.16012e+00
 22  0.01178  3.90236e+00 | 23  0.01196  2.60176e+00 | 24  0.01119  3.63535e+00
 25  0.00943  3.23732e+00 | 26  0.00507  2.16641e+00 | 27  0.00507  3.94970e+00
 28  0.00052  5.18096e+00 | 29 -0.00247  6.37333e+00 | 30  0.00693  6.06803e+00
 31 -0.00104  7.71913e+00 | 32  0.00120  7.41834e+00 | 33  0.00132  6.60522e+00
 34 -0.00486  7.86079e+00 | 35  0.00858  1.01708e+01 | 36 -0.00257  8.52660e+00
 37 -0.00085  8.54076e+00 | 38 -0.00114  9.91442e+00 | 39  0.00162  1.13053e+01
 40 -0.01173  8.34484e+00 | 41 -0.00399  1.26484e+01 | 42 -0.01008  1.13392e+01
 43 -0.01164  1.20848e+01 | 44 -0.00120  1.84144e+01 | 45  0.01228  1.80499e+01
 46 -0.00342  1.86265e+01 | 47 -0.00384  1.86351e+01 | 48 -0.00708  1.76040e+01
 49 -0.00779  1.74559e+01 | 50 -0.00288  1.51877e+01 | 51 -0.01224  1.08640e+01
 52 -0.01141  9.79835e+00 | 53 -0.00269  1.63730e+01 | 54 -0.00262  1.73782e+01
 55  0.01006  2.05120e+01 | 56 -0.00146  2.34061e+01 | 57 -0.00379  2.40297e+01
 58 -0.00975  1.86802e+01 | 59 -0.00947  1.80033e+01 | 60 -0.01789  2.63236e+01
 61 -0.02665  1.44538e+01 | 62 -0.00353  1.27338e+01 | 63  0.01811  3.38627e+01
 64 -0.02237  1.79320e+01 | 65  0.00862  1.57007e+01 | 66 -0.00275  4.23538e+01
 67 -0.00344  4.14280e+01 | 68  0.01527  9.22343e+00 | 69  0.02841  2.45584e+01
 70 -0.01803  3.63447e+01 | 71 -0.00379  4.05671e+01 | 72 -0.00685  3.78914e+01
 73  0.01710  3.09266e+00 | 74 -0.00228  2.81419e+01 | 75 -0.00738  3.03289e+01
 76 -0.00183  2.93174e+01 | 77  0.00431 -6.65197e+00 | 78  0.03087  1.04913e+01
 79 -0.02312  6.59598e+01 | 80 -0.00998  1.82664e+01 | 81  0.01269 -2.46616e+01
 82  0.01279  1.92746e+01 | 83  0.00414 -2.01443e+01 | 84  0.01000  5.41574e+00
 85 -0.03352  3.65078e+01 | 86  0.00899 -4.41899e+01 | 87 -0.00810 -3.98866e+01
 88 -0.01114 -1.48954e+01 | 89 -0.01001 -6.13519e+01 | 90  0.01582 -3.38440e+01
 91 -0.02006 -1.28799e+01 | 92 -0.03151 -3.53859e+01 | 93 -0.01843 -6.73668e+01
 94  0.02289 -4.99381e+01 | 95 -0.00507 -5.78122e+01 | 96 -0.00458 -5.75064e+01
 97 -0.04108  9.42886e+01 | 98 -0.32362  1.13704e+01 |
98 variables; iteration 60; function evaluation 94; phase 2
Function value 5.6484366e+02; maximum gradient component mag 1.2153e+03
Var    Value     Gradient |Var    Value     Gradient |Var    Value     Gradient
  1  0.64030  1.21533e+03 |  2  0.00099 -3.64861e+01 |  3  0.00151 -3.54464e+01
  4  0.00167 -3.43131e+01 |  5  0.00196 -3.31141e+01 |  6  0.00215 -3.19864e+01
  7  0.00212 -3.09833e+01 |  8  0.00201 -2.99755e+01 |  9  0.00221 -2.84191e+01
 10  0.00314 -2.55352e+01 | 11  0.00841 -1.80335e+01 | 12  0.00670 -1.58680e+01
 13  0.00824 -1.10001e+01 | 14  0.00908 -7.37799e+00 | 15  0.00943 -5.09011e+00
 16  0.01009 -2.64032e+00 | 17  0.01288  3.09479e+00 | 18  0.02191  4.95457e+00
 19  0.00567 -8.09275e-01 | 20  0.00443  4.35945e+00 | 21  0.01179  4.70615e+00
 22  0.01071  6.17578e+00 | 23  0.01053  4.25412e+00 | 24  0.00982  5.14454e+00
 25  0.00820  4.85558e+00 | 26  0.00563  7.70027e+00 | 27  0.00551  8.97678e+00
 28  0.00007  8.29374e+00 | 29 -0.00377  7.36715e+00 | 30  0.00687  8.74385e+00
 31 -0.00269  7.01545e+00 | 32  0.00032  7.89054e+00 | 33  0.00151  9.10837e+00
 34 -0.00534  9.20271e+00 | 35  0.01005  1.47957e+01 | 36 -0.00232  1.03634e+01
 37 -0.00001  1.11637e+01 | 38 -0.00050  1.16630e+01 | 39  0.00278  1.36760e+01
 40 -0.00959  1.51278e+01 | 41 -0.00334  1.37602e+01 | 42 -0.00926  1.36516e+01
 43 -0.01056  1.51115e+01 | 44 -0.00195  1.44934e+01 | 45  0.01255  1.40985e+01
 46 -0.00384  1.58776e+01 | 47 -0.00438  1.55041e+01 | 48 -0.00774  1.43704e+01
 49 -0.00917  1.19155e+01 | 50 -0.00302  1.18619e+01 | 51 -0.00957  1.70503e+01
 52 -0.00817  1.73326e+01 | 53 -0.00014  2.07127e+01 | 54 -0.00330  1.26876e+01
 55  0.01172  2.03581e+01 | 56 -0.00333  1.45519e+01 | 57 -0.00678  1.24769e+01
 58 -0.00904  1.95369e+01 | 59 -0.01001  1.43638e+01 | 60 -0.01964  1.82452e+01
 61 -0.02741  1.28627e+01 | 62 -0.00096  2.35896e+01 | 63  0.01782  2.50851e+01
 64 -0.02223  2.00970e+01 | 65  0.00998  2.33329e+01 | 66 -0.00421  2.60678e+01
 67 -0.00503  1.94643e+01 | 68  0.01637  2.24109e+01 | 69  0.02856  1.90045e+01
 70 -0.01932  1.84643e+01 | 71 -0.00495  8.90258e+00 | 72 -0.00825  9.29796e+00
 73  0.01777  1.32917e+01 | 74 -0.00297  1.02385e+01 | 75 -0.00812  9.83402e+00
 76 -0.00243  1.11696e+01 | 77  0.00486  1.93168e+00 | 78  0.03137  6.42922e+00
 79 -0.02629  1.38659e+01 | 80 -0.01083 -7.24443e-01 | 81  0.01362 -5.95012e+00
 82  0.01186 -4.49177e+00 | 83  0.00454 -1.05916e+01 | 84  0.00915 -1.42127e+01
 85 -0.03710 -5.72129e+00 | 86  0.00990 -2.79955e+01 | 87 -0.00782 -2.50888e+01
 88 -0.01308 -3.26415e+01 | 89 -0.00980 -4.02338e+01 | 90  0.01514 -2.86388e+01
 91 -0.02274 -3.33905e+01 | 92 -0.03419 -4.21358e+01 | 93 -0.01914 -4.96352e+01
 94  0.02001 -4.47664e+01 | 95 -0.00009 -4.00143e+01 | 96  0.00075 -3.91983e+01
 97 -0.04046  8.00672e+01 | 98 -0.32729  5.00398e+00 |
Maximum number of function evaluations exceeded

 - final statistics:
98 variables; iteration 65; function evaluation 100
Function value 5.6472e+02; maximum gradient component mag 1.2089e+03
Exit code = 3;  converg criter 1.0000e+01
Var    Value     Gradient |Var    Value     Gradient |Var    Value     Gradient
  1  0.64013  1.20887e+03 |  2  0.00009 -3.75752e+01 |  3  0.00123 -3.55323e+01
  4  0.00192 -3.35473e+01 |  5  0.00253 -3.18247e+01 |  6  0.00264 -3.07951e+01
  7  0.00219 -3.04486e+01 |  8  0.00155 -3.02929e+01 |  9  0.00155 -2.90706e+01
 10  0.00281 -2.56152e+01 | 11  0.00831 -1.76593e+01 | 12  0.00666 -1.53622e+01
 13  0.00773 -1.12870e+01 | 14  0.00837 -8.02673e+00 | 15  0.00910 -4.99251e+00
 16  0.01019 -1.68879e+00 | 17  0.01178  1.75160e+00 | 18  0.02143  4.89276e+00
 19  0.00667  2.02454e+00 | 20  0.00387  3.92922e+00 | 21  0.01181  5.57415e+00
 22  0.01105  7.67082e+00 | 23  0.01085  5.66225e+00 | 24  0.01007  6.41751e+00
 25  0.00861  6.46904e+00 | 26  0.00537  7.87550e+00 | 27  0.00559  9.92299e+00
 28  0.00057  1.02215e+01 | 29 -0.00365  8.40338e+00 | 30  0.00654  8.69684e+00
 31 -0.00262  7.94344e+00 | 32  0.00024  8.46866e+00 | 33  0.00126  9.29596e+00
 34 -0.00553  9.51059e+00 | 35  0.00982  1.50764e+01 | 36 -0.00240  1.09568e+01
 37  0.00022  1.25126e+01 | 38 -0.00042  1.26290e+01 | 39  0.00245  1.35464e+01
 40 -0.00959  1.58210e+01 | 41 -0.00342  1.42236e+01 | 42 -0.00913  1.45970e+01
 43 -0.01046  1.59915e+01 | 44 -0.00181  1.55065e+01 | 45  0.01259  1.48880e+01
 46 -0.00347  1.73665e+01 | 47 -0.00409  1.67150e+01 | 48 -0.00730  1.59247e+01
 49 -0.00886  1.32412e+01 | 50 -0.00199  1.56426e+01 | 51 -0.00931  1.81935e+01
 52 -0.00792  1.84612e+01 | 53 -0.00006  2.14135e+01 | 54 -0.00324  1.33211e+01
 55  0.01177  2.10964e+01 | 56 -0.00270  1.70982e+01 | 57 -0.00626  1.46565e+01
 58 -0.00951  1.85675e+01 | 59 -0.00958  1.64380e+01 | 60 -0.01967  1.85172e+01
 61 -0.02715  1.43755e+01 | 62 -0.00111  2.35711e+01 | 63  0.01794  2.67763e+01
 64 -0.02253  1.92309e+01 | 65  0.01014  2.54869e+01 | 66 -0.00453  2.37012e+01
 67 -0.00516  1.80594e+01 | 68  0.01639  2.28053e+01 | 69  0.02860  1.91393e+01
 70 -0.01948  1.58408e+01 | 71 -0.00505  4.86950e+00 | 72 -0.00828  7.32650e+00
 73  0.01788  1.36873e+01 | 74 -0.00304  7.48574e+00 | 75 -0.00819  6.03065e+00
 76 -0.00255  7.13165e+00 | 77  0.00491  6.76258e-01 | 78  0.03144  4.77338e+00
 79 -0.02668  6.10445e+00 | 80 -0.01088 -3.45400e+00 | 81  0.01370 -6.61006e+00
 82  0.01181 -7.75885e+00 | 83  0.00457 -1.20972e+01 | 84  0.00915 -1.64155e+01
 85 -0.03749 -1.17516e+01 | 86  0.01005 -2.73763e+01 | 87 -0.00777 -2.52059e+01
 88 -0.01312 -3.38373e+01 | 89 -0.00971 -3.89734e+01 | 90  0.01513 -2.92382e+01
 91 -0.02288 -3.54113e+01 | 92 -0.03439 -4.34673e+01 | 93 -0.01906 -4.80366e+01
 94  0.02046 -4.33622e+01 | 95 -0.00124 -4.15063e+01 | 96  0.00167 -3.74830e+01
 97 -0.04060  7.82997e+01 | 98 -0.32702  5.75714e+00 |

Initial statistics: 100 variables; iteration 0; function evaluation 0; phase 3
Function value 5.6472025e+02; maximum gradient component mag 1.2089e+03
Var    Value     Gradient |Var    Value     Gradient |Var    Value     Gradient
  1  0.64013  1.20887e+03 |  2  0.00009 -3.75589e+01 |  3  0.00123 -3.55160e+01
  4  0.00192 -3.35310e+01 |  5  0.00253 -3.18084e+01 |  6  0.00264 -3.07787e+01
  7  0.00219 -3.04323e+01 |  8  0.00155 -3.02765e+01 |  9  0.00155 -2.90543e+01
 10  0.00281 -2.55988e+01 | 11  0.00831 -1.76430e+01 | 12  0.00666 -1.53459e+01
 13  0.00773 -1.12707e+01 | 14  0.00837 -8.01042e+00 | 15  0.00910 -4.97619e+00
 16  0.01019 -1.67248e+00 | 17  0.01178  1.76791e+00 | 18  0.02143  4.90906e+00
 19  0.00667  2.04085e+00 | 20  0.00387  3.94553e+00 | 21  0.01181  5.59047e+00
 22  0.01105  7.68713e+00 | 23  0.01085  5.67857e+00 | 24  0.01007  6.43382e+00
 25  0.00861  6.48535e+00 | 26  0.00537  7.89182e+00 | 27  0.00559  9.93930e+00
 28  0.00057  1.02378e+01 | 29 -0.00365  8.41970e+00 | 30  0.00654  8.71316e+00
 31 -0.00262  7.95975e+00 | 32  0.00024  8.48498e+00 | 33  0.00126  9.31228e+00
 34 -0.00553  9.52690e+00 | 35  0.00982  1.50927e+01 | 36 -0.00240  1.09731e+01
 37  0.00022  1.25290e+01 | 38 -0.00041  1.26453e+01 | 39  0.00245  1.35627e+01
 40 -0.00959  1.58373e+01 | 41 -0.00342  1.42400e+01 | 42 -0.00913  1.46133e+01
 43 -0.01046  1.60079e+01 | 44 -0.00181  1.55228e+01 | 45  0.01259  1.49043e+01
 46 -0.00347  1.73828e+01 | 47 -0.00409  1.67314e+01 | 48 -0.00730  1.59410e+01
 49 -0.00886  1.32575e+01 | 50 -0.00199  1.56589e+01 | 51 -0.00931  1.82098e+01
 52 -0.00792  1.84776e+01 | 53 -0.00006  2.14299e+01 | 54 -0.00324  1.33374e+01
 55  0.01177  2.11127e+01 | 56 -0.00270  1.71145e+01 | 57 -0.00626  1.46728e+01
 58 -0.00950  1.85838e+01 | 59 -0.00958  1.64543e+01 | 60 -0.01967  1.85335e+01
 61 -0.02715  1.43918e+01 | 62 -0.00111  2.35874e+01 | 63  0.01794  2.67926e+01
 64 -0.02253  1.92472e+01 | 65  0.01014  2.55033e+01 | 66 -0.00453  2.37175e+01
 67 -0.00516  1.80757e+01 | 68  0.01639  2.28216e+01 | 69  0.02860  1.91556e+01
 70 -0.01948  1.58571e+01 | 71 -0.00505  4.88581e+00 | 72 -0.00828  7.34281e+00
 73  0.01789  1.37037e+01 | 74 -0.00304  7.50206e+00 | 75 -0.00819  6.04697e+00
 76 -0.00255  7.14797e+00 | 77  0.00491  6.92572e-01 | 78  0.03144  4.78968e+00
 79 -0.02668  6.12075e+00 | 80 -0.01088 -3.43769e+00 | 81  0.01370 -6.59375e+00
 82  0.01181 -7.74254e+00 | 83  0.00457 -1.20808e+01 | 84  0.00915 -1.63992e+01
 85 -0.03749 -1.17354e+01 | 86  0.01005 -2.73600e+01 | 87 -0.00777 -2.51896e+01
 88 -0.01312 -3.38210e+01 | 89 -0.00971 -3.89570e+01 | 90  0.01513 -2.92218e+01
 91 -0.02288 -3.53950e+01 | 92 -0.03439 -4.34511e+01 | 93 -0.01906 -4.80203e+01
 94  0.02046 -4.33459e+01 | 95 -0.00124 -4.14900e+01 | 96  0.00167 -3.74667e+01
 97 -0.04060  7.82997e+01 | 98 -0.41581 -4.59213e+01 | 99 -0.32702  5.75714e+00
100 -0.25275 -2.58985e+01 |

Intermediate statistics: 100 variables; iteration 20; function evaluation 24; phase 3
Function value 5.6268779e+02; maximum gradient component mag -1.2247e+03
Var    Value     Gradient |Var    Value     Gradient |Var    Value     Gradient
  1  0.63813 -1.22469e+03 |  2  0.00016  3.58380e+01 |  3  0.00062  3.56177e+01
  4  0.00070  3.52492e+01 |  5  0.00090  3.46233e+01 |  6  0.00099  3.36256e+01
  7  0.00092  3.22512e+01 |  8  0.00084  3.05867e+01 |  9  0.00102  2.88559e+01
 10  0.00160  2.72279e+01 | 11  0.00479  2.54147e+01 | 12  0.00302  2.33905e+01
 13  0.00351  2.07341e+01 | 14  0.00402  1.76824e+01 | 15  0.00484  1.44022e+01
 16  0.00585  1.11319e+01 | 17  0.00679  7.85939e+00 | 18  0.02146 -8.13997e-02
 19  0.00158  8.41798e+00 | 20 -0.00308  1.11734e+01 | 21  0.00750  3.10746e+00
 22  0.00692  3.86169e-01 | 23  0.00756  1.03828e+00 | 24  0.00762 -5.05052e-01
 25  0.00706 -1.66268e+00 | 26  0.00204 -9.66866e-01 | 27  0.00211 -2.79830e+00
 28 -0.00409 -3.85656e-01 | 29 -0.00808  4.84283e-01 | 30  0.00471 -1.23474e+01
 31 -0.00510 -4.87677e+00 | 32 -0.00019 -9.48690e+00 | 33  0.00161 -1.23118e+01
 34 -0.00823 -7.22053e+00 | 35  0.00864 -2.68379e+01 | 36 -0.00268 -1.48135e+01
 37  0.00232 -1.97263e+01 | 38  0.00081 -2.24373e+01 | 39  0.00633 -2.89790e+01
 40 -0.01385 -1.53585e+01 | 41  0.00025 -2.52936e+01 | 42 -0.00854 -1.95969e+01
 43 -0.01174 -1.89387e+01 | 44  0.00194 -3.24359e+01 | 45  0.01767 -6.25794e+01
 46 -0.00059 -3.09828e+01 | 47  0.00144 -3.12163e+01 | 48 -0.00502 -2.89541e+01
 49 -0.00562 -2.92458e+01 | 50 -0.00047 -4.17390e+01 | 51 -0.00818 -2.81669e+01
 52 -0.00624 -3.07674e+01 | 53  0.00556 -4.23270e+01 | 54  0.00392 -4.12349e+01
 55  0.01639 -6.99490e+01 | 56  0.00198 -4.15778e+01 | 57 -0.00204 -3.78112e+01
 58 -0.00917 -3.29319e+01 | 59 -0.00781 -3.48907e+01 | 60 -0.02049 -1.69776e+01
 61 -0.02842 -8.39957e+00 | 62 -0.00009 -4.36381e+01 | 63  0.01595 -9.62473e+01
 64 -0.02338 -6.20364e+00 | 65  0.00888 -6.39821e+01 | 66 -0.00413 -1.94687e+01
 67 -0.00464 -1.21048e+01 | 68  0.01525 -6.87944e+01 | 69  0.03034 -6.57344e+01
 70 -0.01953  1.61552e+01 | 71 -0.00393 -1.82565e+01 | 72 -0.00791  5.81319e+00
 73  0.01967 -1.94497e+01 | 74 -0.00223  1.60202e+01 | 75 -0.00693  5.70601e+00
 76 -0.00260  1.20057e+01 | 77  0.00651  2.25243e+00 | 78  0.03181 -1.70957e+01
 79 -0.02361  6.82214e+01 | 80 -0.01016  4.15522e+01 | 81  0.01560  1.90873e+01
 82  0.01128  7.19093e+00 | 83  0.00635  2.71706e+01 | 84  0.00893  1.59655e+01
 85 -0.03454  6.65348e+01 | 86  0.01015  2.33241e+01 | 87 -0.00548  4.61740e+01
 88 -0.01308  3.12316e+01 | 89 -0.00740  3.76872e+01 | 90  0.01582  4.70163e+01
 91 -0.02032  4.59547e+01 | 92 -0.03319  4.13445e+01 | 93 -0.01572  3.44932e+01
 94  0.02090  3.64206e+01 | 95 -0.00037  3.82311e+01 | 96  0.00044  3.92301e+01
 97 -0.06775 -8.84311e+01 | 98 -0.43101  1.28397e+02 | 99 -0.26942  9.85427e+00
100 -0.23096 -3.26691e+01 |
100 variables; iteration 40; function evaluation 47; phase 3
Function value 5.6202857e+02; maximum gradient component mag -6.1416e+02
Var    Value     Gradient |Var    Value     Gradient |Var    Value     Gradient
  1  0.63710 -6.14156e+02 |  2  0.00043  1.88918e+01 |  3  0.00076  1.88026e+01
  4  0.00073  1.86643e+01 |  5  0.00086  1.84300e+01 |  6  0.00099  1.80521e+01
  7  0.00105  1.75376e+01 |  8  0.00117  1.69467e+01 |  9  0.00149  1.63598e+01
 10  0.00196  1.56965e+01 | 11  0.00423  1.42117e+01 | 12  0.00239  1.32462e+01
 13  0.00251  1.17035e+01 | 14  0.00302  1.03790e+01 | 15  0.00411  9.29233e+00
 16  0.00541  8.20922e+00 | 17  0.00698  7.28758e+00 | 18  0.02081  4.30355e+00
 19  0.00086  6.51389e+00 | 20 -0.00520  5.82153e+00 | 21  0.00804  5.50744e+00
 22  0.00739  4.05917e+00 | 23  0.00805  4.39576e+00 | 24  0.00782  3.54544e+00
 25  0.00706  2.92607e+00 | 26  0.00203  2.69953e+00 | 27  0.00159  1.10416e+00
 28 -0.00600  1.40764e-01 | 29 -0.00991  3.80365e-01 | 30  0.00556 -2.56929e+00
 31 -0.00550 -5.29364e-01 | 32 -0.00023 -2.07794e+00 | 33  0.00172 -3.37805e+00
 34 -0.01005 -4.26998e+00 | 35  0.00997 -1.05079e+01 | 36 -0.00238 -5.22900e+00
 37  0.00192 -7.74545e+00 | 38  0.00159 -8.66938e+00 | 39  0.00769 -1.04340e+01
 40 -0.01509 -9.63552e+00 | 41  0.00007 -1.08165e+01 | 42 -0.00894 -9.32733e+00
 43 -0.01218 -1.00087e+01 | 44  0.00084 -1.66265e+01 | 45  0.02550 -2.07684e+01
 46 -0.00186 -1.60816e+01 | 47 -0.00006 -1.48095e+01 | 48 -0.00679 -1.64535e+01
 49 -0.00701 -1.59312e+01 | 50  0.00257 -1.78618e+01 | 51 -0.00824 -1.41255e+01
 52 -0.00676 -1.61727e+01 | 53  0.00496 -2.07305e+01 | 54  0.00471 -1.79325e+01
 55  0.02384 -2.43614e+01 | 56  0.00263 -1.87810e+01 | 57 -0.00200 -1.79603e+01
 58 -0.00934 -1.77456e+01 | 59 -0.00716 -1.75257e+01 | 60 -0.02111 -9.73382e+00
 61 -0.02927 -5.67715e+00 | 62 -0.00017 -2.37789e+01 | 63  0.02182 -3.46569e+01
 64 -0.02618 -1.00773e+01 | 65  0.01088 -3.11539e+01 | 66 -0.00445 -1.25658e+01
 67 -0.00527 -1.22214e+01 | 68  0.01731 -2.20008e+01 | 69  0.03071 -3.87311e+01
 70 -0.02073 -1.51709e+00 | 71 -0.00381 -1.81919e+01 | 72 -0.00786  2.25071e+00
 73  0.01984 -1.46962e+01 | 74 -0.00295 -2.03642e+00 | 75 -0.00646  6.62807e+00
 76 -0.00192  1.25792e+01 | 77  0.00705  5.57805e+00 | 78  0.03221 -1.34129e+01
 79 -0.02477  3.51269e+01 | 80 -0.01120  1.08376e+01 | 81  0.01547  2.67136e+00
 82  0.01120 -1.02910e+01 | 83  0.00596  4.42011e+00 | 84  0.00949  7.55819e+00
 85 -0.03611  2.93095e+01 | 86  0.01133  2.46474e+01 | 87 -0.00636  1.21314e+01
 88 -0.01180  2.80052e+01 | 89 -0.00797  9.77815e+00 | 90  0.01559  2.43181e+01
 91 -0.02096  2.12617e+01 | 92 -0.03421  1.57142e+01 | 93 -0.01660  1.20536e+01
 94  0.01979  1.80028e+01 | 95 -0.00015  1.96718e+01 | 96  0.00021  1.99806e+01
 97 -0.06792 -4.84753e+01 | 98 -0.43146  7.30819e+01 | 99 -0.27171 -3.35035e+00
100 -0.22745  5.96806e+00 |
100 variables; iteration 60; function evaluation 76; phase 3
Function value 5.6177965e+02; maximum gradient component mag -5.3315e+02
Var    Value     Gradient |Var    Value     Gradient |Var    Value     Gradient
  1  0.63686 -5.33151e+02 |  2  0.00007  1.63642e+01 |  3  0.00067  1.67192e+01
  4  0.00081  1.68880e+01 |  5  0.00098  1.67535e+01 |  6  0.00097  1.62249e+01
  7  0.00081  1.54508e+01 |  8  0.00076  1.46971e+01 |  9  0.00104  1.41376e+01
 10  0.00145  1.35088e+01 | 11  0.00364  1.20752e+01 | 12  0.00186  1.13365e+01
 13  0.00237  1.04846e+01 | 14  0.00298  9.46276e+00 | 15  0.00356  7.89603e+00
 16  0.00452  6.56494e+00 | 17  0.00617  5.87867e+00 | 18  0.01924  2.67994e+00
 19  0.00009  5.13094e+00 | 20 -0.00481  6.05955e+00 | 21  0.00765  5.01978e+00
 22  0.00651  3.23368e+00 | 23  0.00705  3.42025e+00 | 24  0.00709  3.01224e+00
 25  0.00674  2.98316e+00 | 26  0.00045  1.11425e+00 | 27  0.00061  4.32456e-01
 28 -0.00503  2.08687e+00 | 29 -0.00932  1.90344e+00 | 30  0.00503 -1.78866e+00
 31 -0.00584 -8.94133e-02 | 32 -0.00098 -1.74214e+00 | 33  0.00124 -2.42223e+00
 34 -0.00893 -1.28645e+00 | 35  0.01130 -5.20112e+00 | 36 -0.00239 -3.40841e+00
 37  0.00258 -4.58347e+00 | 38 -0.00002 -8.11971e+00 | 39  0.00794 -6.91825e+00
 40 -0.01442 -6.47944e+00 | 41  0.00054 -7.32620e+00 | 42 -0.00944 -7.61166e+00
 43 -0.01269 -8.28706e+00 | 44  0.00250 -1.05711e+01 | 45  0.02409 -1.68439e+01
 46 -0.00135 -1.22723e+01 | 47 -0.00017 -1.12737e+01 | 48 -0.00423 -9.84472e+00
 49 -0.00570 -1.04026e+01 | 50  0.00336 -1.19264e+01 | 51 -0.00950 -1.26755e+01
 52 -0.00313 -7.59610e+00 | 53  0.00727 -1.25683e+01 | 54  0.00477 -1.30126e+01
 55  0.02130 -2.29716e+01 | 56  0.00252 -1.49942e+01 | 57 -0.00197 -1.39920e+01
 58 -0.00796 -1.14521e+01 | 59 -0.00712 -1.34381e+01 | 60 -0.02173 -9.13070e+00
 61 -0.02980 -5.46050e+00 | 62  0.00149 -1.40874e+01 | 63  0.02300 -2.12378e+01
 64 -0.02544 -5.59826e+00 | 65  0.01223 -1.71695e+01 | 66 -0.00451 -1.14372e+01
 67 -0.00510 -1.02532e+01 | 68  0.01763 -1.60446e+01 | 69  0.03125 -2.50782e+01
 70 -0.02096 -4.48357e+00 | 71 -0.00290 -2.65138e+00 | 72 -0.00858 -7.36643e+00
 73  0.01997 -1.28037e+01 | 74 -0.00311 -4.45712e+00 | 75 -0.00672 -7.06203e-01
 76 -0.00268  2.26467e-01 | 77  0.00678 -1.51142e+00 | 78  0.03242 -1.00461e+01
 79 -0.02656  5.90815e+00 | 80 -0.01073  1.26963e+01 | 81  0.01561  2.62241e+00
 82  0.01212  2.67129e+00 | 83  0.00625  5.96927e+00 | 84  0.00968  6.34087e+00
 85 -0.03762  4.73785e+00 | 86  0.01090  1.01235e+01 | 87 -0.00610  1.22974e+01
 88 -0.01245  1.55872e+01 | 89 -0.00742  1.59032e+01 | 90  0.01539  1.54302e+01
 91 -0.02084  1.85052e+01 | 92 -0.03338  1.84947e+01 | 93 -0.01567  1.84053e+01
 94  0.01998  1.54406e+01 | 95 -0.00070  1.66574e+01 | 96  0.00092  1.89264e+01
 97 -0.06896 -3.50924e+01 | 98 -0.43280  4.97551e+01 | 99 -0.27023 -1.71681e+00
100 -0.22707  2.99917e+00 |
Maximum number of function evaluations exceeded

 - final statistics:
100 variables; iteration 74; function evaluation 100
Function value 5.6161e+02; maximum gradient component mag -4.1465e+02
Exit code = 3;  converg criter 1.0000e+00
Var    Value     Gradient |Var    Value     Gradient |Var    Value     Gradient
  1  0.63689 -4.14652e+02 |  2  0.00019  1.28617e+01 |  3  0.00049  1.28078e+01
  4  0.00039  1.26585e+01 |  5  0.00041  1.23483e+01 |  6  0.00039  1.18840e+01
  7  0.00037  1.14101e+01 |  8  0.00052  1.10448e+01 |  9  0.00078  1.05795e+01
 10  0.00097  9.76440e+00 | 11  0.00344  8.91330e+00 | 12  0.00161  8.24755e+00
 13  0.00163  6.90239e+00 | 14  0.00236  6.26616e+00 | 15  0.00296  4.93471e+00
 16  0.00416  4.12875e+00 | 17  0.00558  3.33328e+00 | 18  0.01802  1.03676e-01
 19  0.00083  4.33793e+00 | 20 -0.00427  5.02131e+00 | 21  0.00556  9.17887e-01
 22  0.00463 -3.19130e-01 | 23  0.00528 -3.81973e-02 | 24  0.00470 -1.05936e+00
 25  0.00526  1.21285e-01 | 26  0.00062  2.76729e-01 | 27  0.00108  3.08265e-01
 28 -0.00517  1.04683e+00 | 29 -0.00906  1.52569e+00 | 30  0.00378 -3.64534e+00
 31 -0.00541  1.88618e-02 | 32 -0.00163 -2.78908e+00 | 33  0.00034 -3.49015e+00
 34 -0.00826 -4.26106e-01 | 35  0.00979 -6.18242e+00 | 36 -0.00282 -3.74037e+00
 37  0.00159 -5.06557e+00 | 38  0.00228 -4.43065e+00 | 39  0.00597 -7.79688e+00
 40 -0.01222 -2.03085e+00 | 41 -0.00065 -7.61719e+00 | 42 -0.00851 -5.43157e+00
 43 -0.01072 -4.32911e+00 | 44  0.00334 -6.88553e+00 | 45  0.02218 -1.56302e+01
 46  0.00116 -7.06207e+00 | 47 -0.00009 -9.03385e+00 | 48 -0.00229 -5.24588e+00
 49 -0.00403 -5.79304e+00 | 50  0.00400 -7.71121e+00 | 51 -0.00726 -7.91454e+00
 52 -0.00494 -8.15700e+00 | 53  0.00601 -1.13228e+01 | 54  0.00479 -1.02398e+01
 55  0.02087 -1.82251e+01 | 56  0.00336 -1.07842e+01 | 57 -0.00052 -8.83031e+00
 58 -0.00672 -6.32316e+00 | 59 -0.00606 -7.77814e+00 | 60 -0.02074 -4.54349e+00
 61 -0.02923 -3.27136e+00 | 62  0.00188 -9.85700e+00 | 63  0.02313 -1.48271e+01
 64 -0.02461 -2.05885e+00 | 65  0.01261 -1.02288e+01 | 66 -0.00420 -7.48785e+00
 67 -0.00485 -6.23961e+00 | 68  0.01780 -1.00912e+01 | 69  0.03144 -1.50710e+01
 70 -0.02076 -2.23974e+00 | 71 -0.00277  7.69496e-01 | 72 -0.00832 -2.82728e+00
 73  0.02006 -7.67005e+00 | 74 -0.00313 -3.65027e+00 | 75 -0.00664  8.90178e-01
 76 -0.00292 -2.72429e+00 | 77  0.00674 -1.07024e+00 | 78  0.03242 -6.58285e+00
 79 -0.02681  5.24968e-01 | 80 -0.01154  4.56922e-01 | 81  0.01559  2.37926e+00
 82  0.01227  4.67800e+00 | 83  0.00629  5.39923e+00 | 84  0.00979  6.68922e+00
 85 -0.03707  8.62814e+00 | 86  0.01094  8.86234e+00 | 87 -0.00607  9.20121e+00
 88 -0.01258  1.04092e+01 | 89 -0.00739  1.24475e+01 | 90  0.01534  1.01927e+01
 91 -0.02088  1.34117e+01 | 92 -0.03320  1.52927e+01 | 93 -0.01538  1.68531e+01
 94  0.02169  1.54368e+01 | 95 -0.00003  1.38047e+01 | 96  0.00033  1.41490e+01
 97 -0.07133 -2.46752e+01 | 98 -0.43467  3.11944e+01 | 99 -0.26965 -2.50026e+00
100 -0.22675  4.73385e+00 |

Initial statistics: 108 variables; iteration 0; function evaluation 0; phase 4
Function value 5.6160743e+02; maximum gradient component mag -4.1465e+02
Var    Value     Gradient |Var    Value     Gradient |Var    Value     Gradient
  1 -0.42263  2.02797e+02 |  2 -0.42263 -1.51194e+02 |  3 -0.41094 -1.41717e+01
  4  0.63689 -4.14652e+02 |  5  0.00000 -2.21404e+00 |  6  0.00000 -4.90026e-01
  7  0.00000 -2.35316e+00 |  8  0.00000 -7.27433e-01 |  9  0.00000 -8.84972e-01
 10  0.00019  1.26885e+01 | 11  0.00048  1.26346e+01 | 12  0.00039  1.24853e+01
 13  0.00041  1.21751e+01 | 14  0.00039  1.17107e+01 | 15  0.00037  1.12369e+01
 16  0.00052  1.08716e+01 | 17  0.00078  1.04063e+01 | 18  0.00097  9.59116e+00
 19  0.00343  8.74006e+00 | 20  0.00161  8.07431e+00 | 21  0.00163  6.72915e+00
 22  0.00236  6.09292e+00 | 23  0.00296  4.76147e+00 | 24  0.00416  3.95552e+00
 25  0.00558  3.16005e+00 | 26  0.01802 -6.94966e-02 | 27  0.00082  4.16469e+00
 28 -0.00427  4.84807e+00 | 29  0.00556  7.44652e-01 | 30  0.00463 -4.92367e-01
 31  0.00528 -2.11433e-01 | 32  0.00469 -1.23260e+00 | 33  0.00526 -5.19505e-02
 34  0.00061  1.03488e-01 | 35  0.00108  1.35024e-01 | 36 -0.00517  8.73596e-01
 37 -0.00906  1.35247e+00 | 38  0.00377 -3.81858e+00 | 39 -0.00541 -1.54374e-01
 40 -0.00163 -2.96232e+00 | 41  0.00033 -3.66339e+00 | 42 -0.00826 -5.99333e-01
 43  0.00979 -6.35564e+00 | 44 -0.00282 -3.91361e+00 | 45  0.00159 -5.23881e+00
 46  0.00228 -4.60389e+00 | 47  0.00596 -7.97011e+00 | 48 -0.01222 -2.20406e+00
 49 -0.00065 -7.79043e+00 | 50 -0.00851 -5.60480e+00 | 51 -0.01072 -4.50233e+00
 52  0.00333 -7.05877e+00 | 53  0.02218 -1.58033e+01 | 54  0.00116 -7.23531e+00
 55 -0.00009 -9.20709e+00 | 56 -0.00229 -5.41912e+00 | 57 -0.00403 -5.96628e+00
 58  0.00400 -7.88445e+00 | 59 -0.00727 -8.08777e+00 | 60 -0.00495 -8.33024e+00
 61  0.00601 -1.14960e+01 | 62  0.00479 -1.04130e+01 | 63  0.02087 -1.83983e+01
 64  0.00336 -1.09575e+01 | 65 -0.00053 -9.00356e+00 | 66 -0.00672 -6.49639e+00
 67 -0.00606 -7.95138e+00 | 68 -0.02074 -4.71664e+00 | 69 -0.02924 -3.44442e+00
 70  0.00188 -1.00302e+01 | 71  0.02313 -1.50002e+01 | 72 -0.02461 -2.23196e+00
 73  0.01261 -1.04020e+01 | 74 -0.00420 -7.66109e+00 | 75 -0.00485 -6.41285e+00
 76  0.01780 -1.02643e+01 | 77  0.03144 -1.52440e+01 | 78 -0.02076 -2.41289e+00
 79 -0.00278  5.96256e-01 | 80 -0.00832 -3.00051e+00 | 81  0.02005 -7.84321e+00
 82 -0.00313 -3.82351e+00 | 83 -0.00664  7.16946e-01 | 84 -0.00293 -2.89753e+00
 85  0.00674 -1.24347e+00 | 86  0.03242 -6.75587e+00 | 87 -0.02682  3.51880e-01
 88 -0.01154  2.83709e-01 | 89  0.01558  2.20607e+00 | 90  0.01227  4.50479e+00
 91  0.00629  5.22600e+00 | 92  0.00979  6.51599e+00 | 93 -0.03708  8.45519e+00
 94  0.01094  8.68912e+00 | 95 -0.00607  9.02797e+00 | 96 -0.01259  1.02360e+01
 97 -0.00740  1.22742e+01 | 98  0.01533  1.00195e+01 | 99 -0.02088  1.32385e+01
100 -0.03321  1.51197e+01 |101 -0.01538  1.66799e+01 |102  0.02169  1.52636e+01
103 -0.00004  1.36315e+01 |104  0.00032  1.39757e+01 |105 -0.07133 -2.46752e+01
106 -0.43467  3.11944e+01 |107 -0.26965 -2.50026e+00 |108 -0.22675  4.73385e+00

Intermediate statistics: 108 variables; iteration 20; function evaluation 25; phase 4
Function value 5.6082767e+02; maximum gradient component mag -5.7700e+02
Var    Value     Gradient |Var    Value     Gradient |Var    Value     Gradient
  1 -0.43134 -4.13752e+01 |  2 -0.42463 -4.91537e+02 |  3 -0.40366 -1.78396e+02
  4  0.63652 -5.76997e+02 |  5 -0.00009 -3.92893e+00 |  6 -0.00002 -8.68077e-01
  7  0.00101 -1.23277e+00 |  8 -0.00003 -1.28849e+00 |  9 -0.00003 -1.56762e+00
 10 -0.00000  9.81358e+00 | 11  0.00018  9.41540e+00 | 12 -0.00000  8.94273e+00
 13 -0.00001  8.35655e+00 | 14 -0.00000  7.64633e+00 | 15 -0.00003  6.81466e+00
 16 -0.00002  5.85462e+00 | 17  0.00010  4.72058e+00 | 18  0.00029  3.36996e+00
 19  0.00260  1.53264e+00 | 20  0.00068  1.80219e-01 | 21  0.00082 -1.71460e+00
 22  0.00119 -3.65049e+00 | 23  0.00179 -5.82066e+00 | 24  0.00268 -7.90261e+00
 25  0.00395 -9.63158e+00 | 26  0.01606 -1.57087e+01 | 27 -0.00186 -1.02022e+01
 28 -0.00625 -7.44687e+00 | 29  0.00440 -1.22945e+01 | 30  0.00372 -1.35349e+01
 31  0.00437 -1.29052e+01 | 32  0.00410 -1.37653e+01 | 33  0.00339 -1.42912e+01
 34 -0.00088 -1.32511e+01 | 35 -0.00063 -1.35500e+01 | 36 -0.00666 -1.16979e+01
 37 -0.01042 -1.04174e+01 | 38  0.00350 -1.51985e+01 | 39 -0.00638 -1.15966e+01
 40 -0.00161 -1.33021e+01 | 41  0.00014 -1.45569e+01 | 42 -0.00903 -1.09950e+01
 43  0.00872 -1.90452e+01 | 44 -0.00262 -1.33806e+01 | 45  0.00175 -1.52025e+01
 46  0.00176 -1.53417e+01 | 47  0.00590 -1.90326e+01 | 48 -0.01283 -1.09571e+01
 49  0.00054 -1.60038e+01 | 50 -0.00751 -1.29760e+01 | 51 -0.00963 -1.07643e+01
 52  0.00362 -1.57420e+01 | 53  0.02217 -2.63221e+01 | 54  0.00193 -1.48571e+01
 55  0.00189 -1.49766e+01 | 56 -0.00241 -1.34512e+01 | 57 -0.00301 -1.20912e+01
 58  0.00246 -1.81615e+01 | 59 -0.00493 -1.21210e+01 | 60 -0.00258 -1.18747e+01
 61  0.00866 -1.50029e+01 | 62  0.00649 -1.54155e+01 | 63  0.02238 -2.35106e+01
 64  0.00562 -1.43056e+01 | 65  0.00052 -1.39709e+01 | 66 -0.00654 -1.26237e+01
 67 -0.00523 -1.28581e+01 | 68 -0.02071 -1.06040e+01 | 69 -0.02689  2.57493e-01
 70  0.00279 -1.29451e+01 | 71  0.02019 -3.85698e+01 | 72 -0.02367 -3.10400e+00
 73  0.01051 -2.94074e+01 | 74 -0.00514 -1.73807e+01 | 75 -0.00547 -1.01084e+01
 76  0.01685 -2.10158e+01 | 77  0.03147 -2.57520e+01 | 78 -0.02092 -6.09788e+00
 79 -0.00282 -1.17274e+01 | 80 -0.00886 -1.00914e+01 | 81  0.02073 -5.26197e-01
 82 -0.00355 -9.58117e+00 | 83 -0.00651 -8.38135e+00 | 84 -0.00318 -4.16011e+00
 85  0.00736  2.08669e+00 | 86  0.03113 -3.63205e+01 | 87 -0.02610  1.95264e+00
 88 -0.01162  4.77679e+00 | 89  0.01628  9.88547e+00 | 90  0.01170 -1.62115e+00
 91  0.00709  1.22054e+01 | 92  0.00939  1.34377e+00 | 93 -0.03660  5.95522e+00
 94  0.01033  2.41789e+00 | 95 -0.00563  2.78646e+00 | 96 -0.01300  6.96010e+00
 97 -0.00687  5.79288e+00 | 98  0.01500  5.26613e+00 | 99 -0.02032  6.42319e+00
100 -0.03360  7.62895e+00 |101 -0.01393  1.40147e+01 |102  0.02408  1.39145e+01
103 -0.00008  1.17518e+01 |104  0.00005  1.17441e+01 |105 -0.07486 -3.61355e+01
106 -0.43511  5.36412e+01 |107 -0.21646  2.34992e+00 |108 -0.18402 -1.21407e+01
108 variables; iteration 40; function evaluation 50; phase 4
Function value 5.6055403e+02; maximum gradient component mag -2.2472e+02
Var    Value     Gradient |Var    Value     Gradient |Var    Value     Gradient
  1 -0.43081 -3.75085e+01 |  2 -0.42516 -2.24716e+02 |  3 -0.40481 -9.71202e+01
  4  0.63776 -1.92825e+02 |  5 -0.00005 -1.27620e+00 |  6 -0.00001 -2.83973e-01
  7  0.00120 -2.39428e-01 |  8 -0.00002 -4.20501e-01 |  9 -0.00002 -5.10788e-01
 10  0.00007  4.52312e+00 | 11  0.00024  4.37577e+00 | 12  0.00005  4.20958e+00
 13  0.00005  4.01871e+00 | 14  0.00007  3.80055e+00 | 15  0.00006  3.53740e+00
 16  0.00006  3.20687e+00 | 17  0.00018  2.82009e+00 | 18  0.00040  2.40108e+00
 19  0.00270  1.78696e+00 | 20  0.00079  1.34085e+00 | 21  0.00100  7.67315e-01
 22  0.00133  9.80204e-02 | 23  0.00199 -5.82266e-01 | 24  0.00290 -1.24226e+00
 25  0.00413 -1.86719e+00 | 26  0.01639 -3.83016e+00 | 27 -0.00118 -1.64644e+00
 28 -0.00603 -1.13437e+00 | 29  0.00477 -2.73617e+00 | 30  0.00409 -3.15451e+00
 31  0.00471 -2.98012e+00 | 32  0.00456 -3.13736e+00 | 33  0.00376 -3.41291e+00
 34 -0.00041 -2.94634e+00 | 35 -0.00030 -3.21401e+00 | 36 -0.00635 -2.63689e+00
 37 -0.01024 -2.33769e+00 | 38  0.00317 -4.51997e+00 | 39 -0.00646 -3.08189e+00
 40 -0.00172 -3.66328e+00 | 41  0.00018 -3.98439e+00 | 42 -0.00910 -2.93464e+00
 43  0.00902 -5.21652e+00 | 44 -0.00261 -3.70216e+00 | 45  0.00159 -4.52926e+00
 46  0.00148 -4.63744e+00 | 47  0.00615 -5.56530e+00 | 48 -0.01282 -2.83907e+00
 49  0.00073 -4.47468e+00 | 50 -0.00727 -3.37335e+00 | 51 -0.01004 -3.32310e+00
 52  0.00302 -5.41437e+00 | 53  0.02225 -8.13563e+00 | 54  0.00183 -4.53034e+00
 55  0.00175 -4.71844e+00 | 56 -0.00261 -4.18793e+00 | 57 -0.00364 -4.18971e+00
 58  0.00366 -4.13838e+00 | 59 -0.00467 -3.13282e+00 | 60 -0.00291 -3.70823e+00
 61  0.00755 -5.62644e+00 | 62  0.00580 -5.56224e+00 | 63  0.02204 -7.50751e+00
 64  0.00481 -5.08139e+00 | 65  0.00028 -4.36129e+00 | 66 -0.00619 -3.24482e+00
 67 -0.00540 -3.99878e+00 | 68 -0.02027 -2.13675e+00 | 69 -0.02813 -1.66100e-01
 70  0.00315 -2.04251e+00 | 71  0.02312 -3.66307e+00 | 72 -0.02435 -1.79132e+00
 73  0.01201 -4.71424e+00 | 74 -0.00409 -1.82902e+00 | 75 -0.00599 -9.25573e+00
 76  0.01751  2.01471e+00 | 77  0.03177 -8.49429e+00 | 78 -0.02043  6.95201e+00
 79 -0.00225 -1.79849e+00 | 80 -0.00884 -3.03046e-01 | 81  0.02078 -1.13261e+00
 82 -0.00357 -9.33292e-01 | 83 -0.00617 -5.06316e+00 | 84 -0.00338 -2.06052e+00
 85  0.00751 -7.63728e-01 | 86  0.03165 -5.60171e+00 | 87 -0.02552  5.16836e+00
 88 -0.01214 -1.15850e+00 | 89  0.01626  1.70935e+00 | 90  0.01190  8.08657e+00
 91  0.00722  6.02750e+00 | 92  0.00863 -9.21778e+00 | 93 -0.03591  6.09189e+00
 94  0.01078  1.25382e+01 | 95 -0.00522  2.74020e-01 | 96 -0.01312  2.85549e+00
 97 -0.00600  8.93623e+00 | 98  0.01486 -1.24074e+00 | 99 -0.01972  3.02721e+00
100 -0.03322  5.21272e+00 |101 -0.01312  5.90327e+00 |102  0.02258  4.20580e+00
103 -0.00004  5.13974e+00 |104  0.00009  5.13300e+00 |105 -0.07795 -1.26680e+01
106 -0.43721  1.58361e+01 |107 -0.20187  5.41138e+00 |108 -0.17668 -8.51665e+00
108 variables; iteration 60; function evaluation 81; phase 4
Function value 5.6050825e+02; maximum gradient component mag -2.2100e+01
Var    Value     Gradient |Var    Value     Gradient |Var    Value     Gradient
  1 -0.43110 -1.97622e+01 |  2 -0.42558 -2.20999e+01 |  3 -0.40397 -1.19274e+01
  4  0.63785 -1.27650e+01 |  5 -0.00006 -1.20734e-02 |  6 -0.00001 -3.09997e-04
  7  0.00123  1.60433e-01 |  8 -0.00002 -8.73122e-04 |  9 -0.00002 -1.40154e-03
 10  0.00011  6.24527e-01 | 11  0.00028  6.08780e-01 | 12  0.00009  5.98312e-01
 13  0.00008  5.95557e-01 | 14  0.00010  5.97823e-01 | 15  0.00008  5.94192e-01
 16  0.00007  5.78313e-01 | 17  0.00019  5.61964e-01 | 18  0.00039  5.54783e-01
 19  0.00268  5.29193e-01 | 20  0.00075  5.09205e-01 | 21  0.00094  5.11140e-01
 22  0.00122  4.44372e-01 | 23  0.00187  4.42637e-01 | 24  0.00271  3.53659e-01
 25  0.00381  1.73758e-01 | 26  0.01626  3.69254e-01 | 27 -0.00144  2.39197e-01
 28 -0.00621  2.96111e-01 | 29  0.00475  4.80628e-01 | 30  0.00416  6.12073e-01
 31  0.00483  6.49502e-01 | 32  0.00442  3.75124e-01 | 33  0.00357  1.49400e-01
 34 -0.00060  2.33928e-01 | 35 -0.00045  2.02438e-01 | 36 -0.00642  2.78718e-01
 37 -0.01031  2.23136e-01 | 38  0.00335  3.49013e-01 | 39 -0.00637  2.97309e-01
 40 -0.00170  2.37291e-01 | 41  0.00021  1.82206e-01 | 42 -0.00902  1.73284e-01
 43  0.00894  1.14897e-01 | 44 -0.00254  2.03611e-01 | 45  0.00178  2.35705e-01
 46  0.00144 -1.34117e-01 | 47  0.00639  1.89323e-01 | 48 -0.01277  9.82969e-02
 49  0.00070  4.74392e-02 | 50 -0.00724  1.63088e-01 | 51 -0.00982  1.58711e-01
 52  0.00317 -3.51148e-01 | 53  0.02222 -3.14674e-01 | 54  0.00185 -1.96978e-01
 55  0.00226  3.64153e-01 | 56 -0.00241 -1.33408e-01 | 57 -0.00329 -2.93437e-02
 58  0.00355 -4.25074e-02 | 59 -0.00449  3.41870e-01 | 60 -0.00255  2.39916e-01
 61  0.00797 -1.65654e-01 | 62  0.00634 -2.05883e-01 | 63  0.02231 -8.08936e-02
 64  0.00525 -1.72067e-02 | 65  0.00045 -2.42045e-01 | 66 -0.00608  6.32287e-02
 67 -0.00509  1.27680e-01 | 68 -0.01992  4.97699e-01 | 69 -0.02832 -3.53606e-01
 70  0.00251 -9.01907e-01 | 71  0.02274  3.93162e-01 | 72 -0.02415 -3.15390e-01
 73  0.01212  7.18201e-01 | 74 -0.00410  7.24347e-01 | 75 -0.00505  2.11189e+00
 76  0.01723 -6.30203e-01 | 77  0.03179 -3.67918e-01 | 78 -0.02103 -1.17110e+00
 79 -0.00234  1.26685e-01 | 80 -0.00875 -2.06306e-01 | 81  0.02061 -1.99897e-01
 82 -0.00341 -6.04753e-02 | 83 -0.00596  1.29298e+00 | 84 -0.00307  8.30223e-01
 85  0.00746  7.53878e-01 | 86  0.03187 -7.81155e-01 | 87 -0.02580  2.89865e-01
 88 -0.01174  1.14227e+00 | 89  0.01613 -2.76887e-02 | 90  0.01155 -1.88462e+00
 91  0.00686 -5.30451e-01 | 92  0.00934  7.28767e-01 | 93 -0.03623  1.40064e-01
 94  0.01028 -1.82737e+00 | 95 -0.00519  5.24049e-01 | 96 -0.01296  3.35217e-01
 97 -0.00644 -4.35722e-01 | 98  0.01527  9.60347e-01 | 99 -0.01974  9.01695e-01
100 -0.03318  4.39263e-01 |101 -0.01344  7.98746e-01 |102  0.02251 -2.61159e-01
103  0.00002  6.40400e-01 |104  0.00013  6.05500e-01 |105 -0.07812 -2.20228e-01
106 -0.43741 -5.03590e-02 |107 -0.20553  1.52692e+00 |108 -0.17497 -3.98235e+00
Maximum number of function evaluations exceeded

 - final statistics:
108 variables; iteration 71; function evaluation 100
Function value 5.6050e+02; maximum gradient component mag 4.8980e+01
Exit code = 3;  converg criter 1.0000e+00
Var    Value     Gradient |Var    Value     Gradient |Var    Value     Gradient
  1 -0.43138  1.56375e+00 |  2 -0.42576  4.89801e+01 |  3 -0.40330  2.09521e+01
  4  0.63778  4.04449e+01 |  5 -0.00017  1.87020e-01 |  6 -0.00005  1.68186e-02
  7  0.00084 -4.07080e-01 |  8 -0.00007  3.06386e-02 |  9 -0.00008  4.18737e-02
 10  0.00008 -1.08000e+00 | 11  0.00025 -1.04020e+00 | 12  0.00006 -1.01431e+00
 13  0.00004 -9.90288e-01 | 14  0.00004 -9.46405e-01 | 15  0.00001 -8.84658e-01
 16 -0.00001 -8.44967e-01 | 17  0.00007 -7.99446e-01 | 18  0.00029 -6.50738e-01
 19  0.00257 -5.09434e-01 | 20  0.00067 -3.39658e-01 | 21  0.00084 -1.87192e-01
 22  0.00131  2.56374e-01 | 23  0.00190  3.30158e-01 | 24  0.00270  3.40778e-01
 25  0.00357 -7.50861e-02 | 26  0.01594  5.74442e-01 | 27 -0.00133  4.89495e-01
 28 -0.00626  1.83564e-01 | 29  0.00476  8.90055e-01 | 30  0.00371  3.85785e-01
 31  0.00400 -1.13830e-01 | 32  0.00414  4.71971e-01 | 33  0.00343  4.57882e-01
 34 -0.00042  1.02268e+00 | 35 -0.00045  7.38539e-01 | 36 -0.00638  7.18182e-01
 37 -0.01018  7.47351e-01 | 38  0.00258 -4.20948e-01 | 39 -0.00633  7.60394e-01
 40 -0.00173  7.92756e-01 | 41  0.00014  7.02247e-01 | 42 -0.00900  5.38738e-01
 43  0.00890  1.07663e+00 | 44 -0.00266  5.21275e-01 | 45  0.00184  1.12147e+00
 46  0.00188  1.44884e+00 | 47  0.00653  1.44837e+00 | 48 -0.01303 -2.09169e-01
 49  0.00114  1.63857e+00 | 50 -0.00699  1.05165e+00 | 51 -0.00985  5.08353e-01
 52  0.00372  1.59920e+00 | 53  0.02229  1.48398e+00 | 54  0.00180  3.37400e-01
 55  0.00223  1.05635e+00 | 56 -0.00194  1.16170e+00 | 57 -0.00310  9.15968e-01
 58  0.00365  7.60998e-01 | 59 -0.00467  3.92574e-01 | 60 -0.00253  7.14175e-01
 61  0.00809  9.19304e-01 | 62  0.00658  8.97055e-01 | 63  0.02225  1.15368e+00
 64  0.00550  1.10330e+00 | 65  0.00026 -2.43129e-01 | 66 -0.00599  5.38419e-01
 67 -0.00501  6.77975e-01 | 68 -0.01998  4.87595e-04 | 69 -0.02818 -7.29616e-02
 70  0.00278  9.97189e-01 | 71  0.02269  1.41257e+00 | 72 -0.02396  2.38976e-01
 73  0.01208  1.08941e+00 | 74 -0.00413  5.02465e-01 | 75 -0.00519  8.12939e-01
 76  0.01727  7.97751e-01 | 77  0.03178  1.09146e+00 | 78 -0.02089 -3.62497e-01
 79 -0.00237  6.87254e-02 | 80 -0.00872 -2.91299e-01 | 81  0.02057  2.12994e-01
 82 -0.00338 -1.66964e-01 | 83 -0.00603 -1.31699e-01 | 84 -0.00311 -4.70588e-02
 85  0.00739 -2.79888e-02 | 86  0.03191 -2.47268e-02 | 87 -0.02581 -6.11549e-01
 88 -0.01180 -3.10564e-01 | 89  0.01610 -7.14900e-01 | 90  0.01165 -8.71346e-01
 91  0.00686 -9.12183e-01 | 92  0.00935 -4.41980e-01 | 93 -0.03624 -1.18800e+00
 94  0.01037 -1.31752e+00 | 95 -0.00518 -8.34753e-01 | 96 -0.01294 -1.03700e+00
 97 -0.00640 -1.44467e+00 | 98  0.01527 -9.24135e-01 | 99 -0.01973 -1.11934e+00
100 -0.03310 -1.16804e+00 |101 -0.01345 -1.21546e+00 |102  0.02258 -1.41034e+00
103  0.00001 -1.22614e+00 |104  0.00022 -1.05930e+00 |105 -0.07905  2.47295e+00
106 -0.43791 -3.05656e+00 |107 -0.20257  2.11590e-01 |108 -0.16947 -1.25961e+00

Initial statistics: 111 variables; iteration 0; function evaluation 0; phase 5
Function value 5.6049906e+02; maximum gradient component mag 1.1994e+02
Var    Value     Gradient |Var    Value     Gradient |Var    Value     Gradient
  1 -0.43138  1.51775e+00 |  2 -0.42576  4.87678e+01 |  3 -0.40330  2.08925e+01
  4 -0.41222 -7.97162e+01 |  5 -0.41222 -2.50263e+01 |  6  0.63778  4.00312e+01
  7 -0.00017  1.95224e-01 |  8 -0.00005  2.11142e-02 |  9  0.00084 -3.40800e-01
 10 -0.00007  3.64688e-02 | 11 -0.00008  4.85118e-02 | 12  0.00008 -1.17972e+00
 13  0.00025 -1.14292e+00 | 14  0.00006 -1.11755e+00 | 15  0.00003 -1.09225e+00
 16  0.00004 -1.04781e+00 | 17  0.00001 -9.87247e-01 | 18 -0.00002 -9.47003e-01
 19  0.00007 -9.00976e-01 | 20  0.00029 -7.60462e-01 | 21  0.00257 -6.27597e-01
 22  0.00066 -4.72744e-01 | 23  0.00084 -3.15541e-01 | 24  0.00131  9.19876e-02
 25  0.00190  1.84861e-01 | 26  0.00270  2.21007e-01 | 27  0.00357 -1.40373e-01
 28  0.01593  4.76758e-01 | 29 -0.00133  3.46503e-01 | 30 -0.00626  7.09743e-02
 31  0.00476  7.76411e-01 | 32  0.00370  3.27366e-01 | 33  0.00400 -2.44849e-01
 34  0.00414  3.36676e-01 | 35  0.00343  3.39612e-01 | 36 -0.00042  8.32701e-01
 37 -0.00045  5.94824e-01 | 38 -0.00638  5.88005e-01 | 39 -0.01018  6.10195e-01
 40  0.00258 -4.98875e-01 | 41 -0.00633  6.48608e-01 | 42 -0.00173  6.36969e-01
 43  0.00014  5.74473e-01 | 44 -0.00900  4.09966e-01 | 45  0.00890  9.94625e-01
 46 -0.00267  4.30756e-01 | 47  0.00184  9.55376e-01 | 48  0.00188  1.26712e+00
 49  0.00653  1.28018e+00 | 50 -0.01303 -2.80604e-01 | 51  0.00114  1.45472e+00
 52 -0.00699  8.77584e-01 | 53 -0.00985  3.40330e-01 | 54  0.00371  1.40560e+00
 55  0.02229  1.37362e+00 | 56  0.00180  2.79346e-01 | 57  0.00223  8.93629e-01
 58 -0.00194  1.01036e+00 | 59 -0.00310  7.35267e-01 | 60  0.00365  6.89544e-01
 61 -0.00467  2.61854e-01 | 62 -0.00253  5.89734e-01 | 63  0.00809  8.36304e-01
 64  0.00658  8.18759e-01 | 65  0.02225  1.05152e+00 | 66  0.00550  1.03385e+00
 67  0.00025 -2.77323e-01 | 68 -0.00600  4.22117e-01 | 69 -0.00501  5.67101e-01
 70 -0.01999 -9.83013e-02 | 71 -0.02819 -1.64136e-01 | 72  0.00278  8.75788e-01
 73  0.02268  1.29357e+00 | 74 -0.02397  1.22530e-01 | 75  0.01207  9.59357e-01
 76 -0.00413  3.81121e-01 | 77 -0.00519  6.57086e-01 | 78  0.01727  7.02794e-01
 79  0.03178  9.69860e-01 | 80 -0.02089 -4.42600e-01 | 81 -0.00237 -4.47675e-02
 82 -0.00873 -3.79334e-01 | 83  0.02057  1.24891e-01 | 84 -0.00338 -2.70521e-01
 85 -0.00604 -2.62306e-01 | 86 -0.00312 -1.68219e-01 | 87  0.00739 -1.48750e-01
 88  0.03191 -1.25739e-01 | 89 -0.02581 -7.18547e-01 | 90 -0.01180 -4.33117e-01
 91  0.01609 -7.95454e-01 | 92  0.01165 -9.34444e-01 | 93  0.00686 -9.92090e-01
 94  0.00934 -5.69692e-01 | 95 -0.03624 -1.27359e+00 | 96  0.01037 -1.37221e+00
 97 -0.00519 -9.52553e-01 | 98 -0.01294 -1.13966e+00 | 99 -0.00640 -1.52252e+00
100  0.01527 -1.04452e+00 |101 -0.01973 -1.24042e+00 |102 -0.03310 -1.26899e+00
103 -0.01346 -1.32667e+00 |104  0.02257 -1.49993e+00 |105  0.00000 -1.32224e+00
106  0.00022 -1.17570e+00 |107  0.00000  1.19940e+02 |108 -0.07905  2.44380e+00
109 -0.43791 -3.00939e+00 |110 -0.20257  2.33161e-01 |111 -0.16947 -1.23507e+00

Intermediate statistics: 111 variables; iteration 20; function evaluation 27; phase 5
Function value 5.5966623e+02; maximum gradient component mag 1.0482e+02
Var    Value     Gradient |Var    Value     Gradient |Var    Value     Gradient
  1 -0.43344  2.63388e+01 |  2 -0.42786 -6.89243e+01 |  3 -0.39877 -1.46306e+01
  4 -0.39268  4.91028e+00 |  5 -0.39716  3.00423e+00 |  6  0.63771 -8.19973e+01
  7 -0.00013 -7.16085e-01 |  8 -0.00003 -1.67347e-01 |  9  0.00100 -3.52302e-01
 10 -0.00005 -2.46320e-01 | 11 -0.00006 -2.98016e-01 | 12  0.00008  9.29717e-01
 13  0.00025  8.60357e-01 | 14  0.00005  7.72433e-01 | 15  0.00004  6.63534e-01
 16  0.00005  5.38963e-01 | 17  0.00002  3.95036e-01 | 18  0.00000  2.13343e-01
 19  0.00010 -8.80993e-04 | 20  0.00031 -2.15523e-01 | 21  0.00259 -5.34510e-01
 22  0.00065 -7.41642e-01 | 23  0.00081 -1.03860e+00 | 24  0.00115 -1.26729e+00
 25  0.00176 -1.67083e+00 | 26  0.00267 -2.16250e+00 | 27  0.00381 -2.66541e+00
 28  0.01544 -2.87554e+00 | 29 -0.00133 -3.02374e+00 | 30 -0.00622 -2.05458e+00
 31  0.00455 -2.65486e+00 | 32  0.00366 -3.05275e+00 | 33  0.00412 -3.10300e+00
 34  0.00403 -3.06796e+00 | 35  0.00343 -3.33940e+00 | 36 -0.00052 -3.12276e+00
 37 -0.00046 -3.20070e+00 | 38 -0.00649 -2.77842e+00 | 39 -0.01022 -2.75218e+00
 40  0.00315 -3.67798e+00 | 41 -0.00642 -2.65788e+00 | 42 -0.00187 -2.87950e+00
 43 -0.00020 -2.89780e+00 | 44 -0.00899 -3.02714e+00 | 45  0.00891 -3.97086e+00
 46 -0.00260 -3.09760e+00 | 47  0.00165 -3.17881e+00 | 48  0.00157 -3.15415e+00
 49  0.00613 -3.94831e+00 | 50 -0.01268 -2.77587e+00 | 51  0.00071 -2.98792e+00
 52 -0.00722 -2.87861e+00 | 53 -0.00974 -2.78953e+00 | 54  0.00324 -3.03280e+00
 55  0.02236 -5.09596e+00 | 56  0.00195 -3.24819e+00 | 57  0.00180 -2.82777e+00
 58 -0.00233 -2.96591e+00 | 59 -0.00346 -2.16498e+00 | 60  0.00392 -3.61674e+00
 61 -0.00450 -2.76392e+00 | 62 -0.00234 -2.91234e+00 | 63  0.00771 -2.33977e+00
 64  0.00641 -3.27453e+00 | 65  0.02286 -4.23448e+00 | 66  0.00518 -2.46410e+00
 67  0.00039 -2.93955e+00 | 68 -0.00591 -2.70250e+00 | 69 -0.00593 -2.86990e+00
 70 -0.01963 -1.33700e+00 | 71 -0.02787 -6.22325e-01 | 72  0.00210 -3.49685e+00
 73  0.02308 -4.70268e+00 | 74 -0.02471 -2.20622e+00 | 75  0.01272  3.42873e-01
 76 -0.00369  2.43796e+00 | 77 -0.00535 -2.65177e-01 | 78  0.01765 -1.22042e-01
 79  0.03162 -6.24812e+00 | 80 -0.02129 -2.35326e+00 | 81 -0.00238  3.11592e+00
 82 -0.00847 -7.49206e-01 | 83  0.02050  8.00356e-02 | 84 -0.00382 -3.64266e+00
 85 -0.00636 -3.62807e+00 | 86 -0.00328 -7.86157e-01 | 87  0.00719  2.95120e+00
 88  0.03172 -1.48400e+01 | 89 -0.02612 -1.24489e+00 | 90 -0.01234 -1.79146e+00
 91  0.01613  3.01566e+00 | 92  0.01180 -2.32497e-01 | 93  0.00670  1.37055e+00
 94  0.00926 -1.97324e+00 | 95 -0.03645  2.80510e+00 | 96  0.01019 -3.54810e+00
 97 -0.00530  3.51673e+00 | 98 -0.01276  3.10077e+00 | 99 -0.00623  4.67964e+00
100  0.01606  5.07401e+00 |101 -0.01970  4.73714e+00 |102 -0.03220  3.11558e+00
103 -0.01266  9.95110e+00 |104  0.02307  1.58217e+00 |105 -0.00003  1.24556e+00
106  0.00016  1.31789e+00 |107 -0.00008  1.04817e+02 |108 -0.07201 -9.26312e+00
109 -0.43380  1.25764e+01 |110 -0.21546 -1.04162e+00 |111 -0.17809  1.97707e+00
111 variables; iteration 40; function evaluation 49; phase 5
Function value 5.5964022e+02; maximum gradient component mag 1.0585e+02
Var    Value     Gradient |Var    Value     Gradient |Var    Value     Gradient
  1 -0.43250  2.66295e+00 |  2 -0.42779  3.54058e+00 |  3 -0.39969  1.74863e+01
  4 -0.39183  1.50326e-01 |  5 -0.39854  3.16492e+00 |  6  0.63820 -2.63548e+01
  7 -0.00013 -2.96005e-01 |  8 -0.00004 -7.66422e-02 |  9  0.00097 -2.79780e-01
 10 -0.00005 -1.11381e-01 | 11 -0.00006 -1.33603e-01 | 12  0.00008 -6.00035e-01
 13  0.00025 -6.23704e-01 | 14  0.00006 -6.60371e-01 | 15  0.00004 -7.07848e-01
 16  0.00005 -7.57623e-01 | 17  0.00002 -8.12499e-01 | 18  0.00001 -8.93002e-01
 19  0.00011 -9.88358e-01 | 20  0.00031 -1.05368e+00 | 21  0.00259 -1.17224e+00
 22  0.00067 -1.22271e+00 | 23  0.00083 -1.31205e+00 | 24  0.00120 -1.28903e+00
 25  0.00179 -1.47756e+00 | 26  0.00267 -1.77545e+00 | 27  0.00382 -2.10220e+00
 28  0.01550 -1.64255e+00 | 29 -0.00161 -2.81488e+00 | 30 -0.00627 -1.82118e+00
 31  0.00453 -1.84911e+00 | 32  0.00363 -2.16138e+00 | 33  0.00406 -2.32823e+00
 34  0.00400 -2.15101e+00 | 35  0.00333 -2.42441e+00 | 36 -0.00061 -2.28989e+00
 37 -0.00055 -2.33251e+00 | 38 -0.00653 -2.05206e+00 | 39 -0.01032 -2.26623e+00
 40  0.00290 -2.92776e+00 | 41 -0.00639 -1.82867e+00 | 42 -0.00175 -1.74999e+00
 43 -0.00011 -1.67694e+00 | 44 -0.00917 -2.63384e+00 | 45  0.00877 -2.68788e+00
 46 -0.00270 -2.29993e+00 | 47  0.00173 -1.94027e+00 | 48  0.00169 -1.80574e+00
 49  0.00601 -2.58752e+00 | 50 -0.01289 -2.50859e+00 | 51  0.00082 -1.57699e+00
 52 -0.00726 -2.06704e+00 | 53 -0.00984 -2.28094e+00 | 54  0.00344 -1.48199e+00
 55  0.02219 -3.19104e+00 | 56  0.00179 -2.39877e+00 | 57  0.00187 -1.69603e+00
 58 -0.00240 -2.13168e+00 | 59 -0.00320 -9.00991e-01 | 60  0.00380 -2.62475e+00
 61 -0.00472 -2.34196e+00 | 62 -0.00239 -2.24765e+00 | 63  0.00803 -7.89557e-01
 64  0.00630 -2.20925e+00 | 65  0.02308 -1.67876e+00 | 66  0.00545 -8.48572e-01
 67  0.00036 -1.97025e+00 | 68 -0.00577 -1.73918e+00 | 69 -0.00611 -2.83147e+00
 70 -0.01964 -1.12002e+00 | 71 -0.02781 -6.62930e-01 | 72  0.00234 -1.70944e+00
 73  0.02342 -4.92716e-01 | 74 -0.02449 -1.65683e+00 | 75  0.01229 -2.63214e+00
 76 -0.00392  5.82835e-01 | 77 -0.00479  4.83351e+00 | 78  0.01773  5.12907e-01
 79  0.03149 -5.70889e+00 | 80 -0.02127 -3.21409e+00 | 81 -0.00246  3.64689e+00
 82 -0.00851 -2.93414e+00 | 83  0.02037 -6.33610e-01 | 84 -0.00382 -5.02855e+00
 85 -0.00655 -4.91296e+00 | 86 -0.00319 -1.57090e+00 | 87  0.00710  3.30615e+00
 88  0.03178 -1.42542e+01 | 89 -0.02623 -1.42544e+00 | 90 -0.01225 -3.36431e+00
 91  0.01601  2.46553e+00 | 92  0.01190 -3.20948e-01 | 93  0.00650 -1.09202e+00
 94  0.00933 -2.95502e+00 | 95 -0.03678 -1.12978e+00 | 96  0.01037 -4.44965e+00
 97 -0.00548  1.11811e+00 | 98 -0.01264  7.95352e-01 | 99 -0.00633  2.80391e+00
100  0.01632  3.63581e+00 |101 -0.01959  5.83754e+00 |102 -0.03181  2.62424e+00
103 -0.01275  8.39591e+00 |104  0.02352 -7.11607e-01 |105 -0.00002 -4.86209e-01
106  0.00017 -4.05352e-01 |107 -0.00037  1.05852e+02 |108 -0.07285 -6.82505e+00
109 -0.43442  7.26784e+00 |110 -0.23357  2.76202e+00 |111 -0.19609 -6.75917e+00
111 variables; iteration 60; function evaluation 79; phase 5
Function value 5.5954987e+02; maximum gradient component mag -8.4879e+01
Var    Value     Gradient |Var    Value     Gradient |Var    Value     Gradient
  1 -0.43169 -1.44388e+01 |  2 -0.42766 -8.48786e+01 |  3 -0.40117 -3.44707e+01
  4 -0.39149 -2.52612e+00 |  5 -0.40211 -1.70797e+00 |  6  0.63894 -6.59261e+01
  7 -0.00009 -4.48937e-01 |  8 -0.00002 -9.82781e-02 |  9  0.00113 -1.03564e-01
 10 -0.00003 -1.46066e-01 | 11 -0.00003 -1.77866e-01 | 12  0.00009  1.99580e+00
 13  0.00026  1.94761e+00 | 14  0.00008  1.89225e+00 | 15  0.00007  1.82535e+00
 16  0.00008  1.74468e+00 | 17  0.00005  1.64898e+00 | 18  0.00006  1.53771e+00
 19  0.00017  1.40655e+00 | 20  0.00037  1.24873e+00 | 21  0.00266  1.03258e+00
 22  0.00071  8.68701e-01 | 23  0.00086  6.47862e-01 | 24  0.00114  4.11158e-01
 25  0.00176  1.61079e-01 | 26  0.00270 -1.33869e-01 | 27  0.00422 -1.13000e-01
 28  0.01512 -1.10581e+00 | 29 -0.00107 -2.19379e-01 | 30 -0.00611 -2.33735e-02
 31  0.00457 -5.01697e-01 | 32  0.00381 -6.78012e-01 | 33  0.00424 -8.05983e-01
 34  0.00417 -6.24430e-01 | 35  0.00351 -7.85590e-01 | 36 -0.00049 -6.12834e-01
 37 -0.00040 -7.02000e-01 | 38 -0.00648 -4.77117e-01 | 39 -0.01009 -3.07137e-01
 40  0.00336 -1.02933e+00 | 41 -0.00640 -5.59553e-01 | 42 -0.00183 -7.38970e-01
 43 -0.00031 -8.04971e-01 | 44 -0.00874 -3.67823e-01 | 45  0.00898 -1.35784e+00
 46 -0.00248 -7.22278e-01 | 47  0.00170 -8.92030e-01 | 48  0.00157 -9.42445e-01
 49  0.00608 -1.25196e+00 | 50 -0.01251 -4.19838e-01 | 51  0.00051 -1.03605e+00
 52 -0.00723 -6.03150e-01 | 53 -0.00951 -3.93867e-01 | 54  0.00312 -1.12487e+00
 55  0.02250 -2.19115e+00 | 56  0.00206 -9.01178e-01 | 57  0.00167 -9.13874e-01
 58 -0.00232 -6.68225e-01 | 59 -0.00361 -6.04946e-01 | 60  0.00415 -8.44471e-01
 61 -0.00439 -4.47059e-01 | 62 -0.00210 -5.22669e-01 | 63  0.00747 -1.04039e+00
 64  0.00638 -1.01109e+00 | 65  0.02284 -2.03864e+00 | 66  0.00495 -1.02197e+00
 67  0.00027 -9.33982e-01 | 68 -0.00581 -4.19821e-01 | 69 -0.00562 -3.94411e-01
 70 -0.01963  3.46989e-01 | 71 -0.02785 -8.36242e-02 | 72  0.00249 -1.08462e+00
 73  0.02322 -1.80590e+00 | 74 -0.02414  7.58176e-01 | 75  0.01251 -8.51567e-01
 76 -0.00403 -2.67929e-01 | 77 -0.00509 -3.25939e-01 | 78  0.01786 -1.52839e+00
 79  0.03154 -1.79120e+00 | 80 -0.02108  1.66927e-01 | 81 -0.00272 -2.94288e-01
 82 -0.00834 -1.42635e-01 | 83  0.02035 -7.08690e-01 | 84 -0.00354  8.44227e-02
 85 -0.00644  5.49422e-01 | 86 -0.00309  2.13547e-01 | 87  0.00686  7.03744e-02
 88  0.03218 -4.56850e-02 | 89 -0.02638  9.32606e-01 | 90 -0.01192  1.05688e+00
 91  0.01583  3.69074e-01 | 92  0.01187  8.81013e-01 | 93  0.00645  1.20853e+00
 94  0.00943  8.26669e-01 | 95 -0.03680  1.46231e+00 | 96  0.01070  1.35617e+00
 97 -0.00561  1.45733e+00 | 98 -0.01262  1.58762e+00 | 99 -0.00653  1.61931e+00
100  0.01622  1.70795e+00 |101 -0.02016  1.65350e+00 |102 -0.03212  2.11580e+00
103 -0.01366  1.96407e+00 |104  0.02339  2.18054e+00 |105 -0.00001  2.22186e+00
106  0.00013  2.20952e+00 |107 -0.00114 -3.29035e+01 |108 -0.06925 -4.07578e+00
109 -0.43257  4.80381e+00 |110 -0.24533  5.48771e-01 |111 -0.20216 -1.09978e+00
111 variables; iteration 80; function evaluation 111; phase 5
Function value 5.5954712e+02; maximum gradient component mag 1.4891e+01
Var    Value     Gradient |Var    Value     Gradient |Var    Value     Gradient
  1 -0.43116  2.01649e-01 |  2 -0.42745  1.48906e+01 |  3 -0.40188  5.98101e+00
  4 -0.39068  3.28950e-02 |  5 -0.40329  2.09891e-01 |  6  0.63902  1.16744e+01
  7 -0.00009  9.02509e-02 |  8 -0.00002  2.06558e-02 |  9  0.00112  3.68497e-02
 10 -0.00003  3.04900e-02 | 11 -0.00003  3.69595e-02 | 12  0.00009 -3.28940e-01
 13  0.00026 -3.19889e-01 | 14  0.00008 -3.08776e-01 | 15  0.00007 -2.95096e-01
 16  0.00008 -2.79143e-01 | 17  0.00005 -2.60476e-01 | 18  0.00006 -2.37237e-01
 19  0.00017 -2.09298e-01 | 20  0.00037 -1.79352e-01 | 21  0.00266 -1.34506e-01
 22  0.00072 -1.03280e-01 | 23  0.00088 -5.97176e-02 | 24  0.00114 -4.03336e-02
 25  0.00177  1.18590e-02 | 26  0.00274  4.46398e-02 | 27  0.00408  7.26933e-02
 28  0.01525  1.94540e-01 | 29 -0.00112  8.11743e-02 | 30 -0.00610  3.85147e-02
 31  0.00452  1.30817e-01 | 32  0.00380  1.83892e-01 | 33  0.00435  1.30197e-01
 34  0.00411  1.62823e-01 | 35  0.00351  1.73809e-01 | 36 -0.00053  1.61597e-01
 37 -0.00045  1.03766e-01 | 38 -0.00650  1.13067e-01 | 39 -0.01015  6.30633e-02
 40  0.00339  2.22280e-01 | 41 -0.00638  1.42138e-01 | 42 -0.00184  1.39345e-01
 43 -0.00033  1.62492e-01 | 44 -0.00882  5.77169e-02 | 45  0.00901  2.67559e-01
 46 -0.00251  1.26010e-01 | 47  0.00168  2.15552e-01 | 48  0.00155  2.13961e-01
 49  0.00605  2.62024e-01 | 50 -0.01247  1.28255e-01 | 51  0.00052  1.97196e-01
 52 -0.00726  1.37164e-01 | 53 -0.00955  1.25304e-01 | 54  0.00317  2.25303e-01
 55  0.02253  4.17960e-01 | 56  0.00203  1.72295e-01 | 57  0.00168  1.57018e-01
 58 -0.00237  1.29892e-01 | 59 -0.00361  1.49639e-01 | 60  0.00409  1.51105e-01
 61 -0.00448  9.41214e-02 | 62 -0.00218  8.67261e-02 | 63  0.00750  1.98292e-01
 64  0.00635  1.74188e-01 | 65  0.02294  3.85104e-01 | 66  0.00501  1.82740e-01
 67  0.00036  1.60744e-01 | 68 -0.00584  1.11320e-01 | 69 -0.00566  7.64590e-02
 70 -0.01974 -7.00112e-02 | 71 -0.02768  4.57548e-02 | 72  0.00257  2.26031e-01
 73  0.02321  3.51554e-01 | 74 -0.02425 -1.00811e-01 | 75  0.01251  2.22027e-01
 76 -0.00401  8.42570e-02 | 77 -0.00503  4.62151e-02 | 78  0.01792  2.46773e-01
 79  0.03153  3.20195e-01 | 80 -0.02106 -1.17091e-01 | 81 -0.00271 -3.15457e-02
 82 -0.00830  3.25717e-02 | 83  0.02035  1.39581e-01 | 84 -0.00353  2.47083e-02
 85 -0.00646 -3.85409e-02 | 86 -0.00306 -5.73362e-02 | 87  0.00687 -2.55995e-02
 88  0.03215  1.45532e-01 | 89 -0.02638 -8.82314e-02 | 90 -0.01190 -1.65191e-01
 91  0.01583 -8.60700e-02 | 92  0.01185 -2.03725e-01 | 93  0.00643 -1.77358e-01
 94  0.00944 -1.53453e-01 | 95 -0.03678 -3.05057e-01 | 96  0.01072 -2.61432e-01
 97 -0.00562 -3.35090e-01 | 98 -0.01258 -3.21169e-01 | 99 -0.00653 -3.69494e-01
100  0.01626 -3.92374e-01 |101 -0.02014 -3.84926e-01 |102 -0.03210 -3.71814e-01
103 -0.01366 -4.17791e-01 |104  0.02330 -4.46721e-01 |105 -0.00001 -3.70716e-01
106  0.00013 -3.76028e-01 |107 -0.00118  3.94578e+00 |108 -0.06812  7.48998e-01
109 -0.43201 -9.14770e-01 |110 -0.24927  7.83230e-02 |111 -0.20572 -9.14153e-02
111 variables; iteration 100; function evaluation 147; phase 5
Function value 5.5954708e+02; maximum gradient component mag 4.4142e-02
Var    Value     Gradient |Var    Value     Gradient |Var    Value     Gradient
  1 -0.43110  5.56240e-03 |  2 -0.42744  4.41423e-02 |  3 -0.40192  1.87013e-02
  4 -0.39063  5.72406e-04 |  5 -0.40329  1.12285e-03 |  6  0.63903  3.16838e-02
  7 -0.00009  3.08490e-04 |  8 -0.00002  7.47552e-05 |  9  0.00111  8.96106e-05
 10 -0.00003  1.08969e-04 | 11 -0.00004  1.31225e-04 | 12  0.00009 -1.09893e-03
 13  0.00026 -1.05985e-03 | 14  0.00007 -1.01587e-03 | 15  0.00006 -9.63987e-04
 16  0.00008 -9.01592e-04 | 17  0.00005 -8.27176e-04 | 18  0.00005 -7.41655e-04
 19  0.00016 -6.34341e-04 | 20  0.00036 -4.89593e-04 | 21  0.00265 -2.64841e-04
 22  0.00070 -1.15041e-04 | 23  0.00086 -3.08992e-04 | 24  0.00114  2.88623e-05
 25  0.00176  3.98443e-04 | 26  0.00274  5.40677e-04 | 27  0.00408  3.70465e-05
 28  0.01525  3.65726e-04 | 29 -0.00113 -3.52727e-04 | 30 -0.00610 -6.00697e-05
 31  0.00452  1.02231e-03 | 32  0.00378  6.77585e-04 | 33  0.00436  7.26049e-04
 34  0.00410  6.82076e-04 | 35  0.00350  6.06377e-04 | 36 -0.00054  2.95428e-04
 37 -0.00042  2.13783e-03 | 38 -0.00650  5.94328e-04 | 39 -0.01013  8.18730e-04
 40  0.00338  7.70059e-04 | 41 -0.00639  8.55301e-04 | 42 -0.00182  7.34437e-04
 43 -0.00032  3.59306e-04 | 44 -0.00879  1.29137e-03 | 45  0.00900  1.00222e-03
 46 -0.00249  1.18982e-04 | 47  0.00167  1.20494e-03 | 48  0.00155  8.56268e-04
 49  0.00604  6.73192e-04 | 50 -0.01249  5.41646e-04 | 51  0.00052  3.75969e-04
 52 -0.00726  8.83920e-04 | 53 -0.00956 -7.19055e-05 | 54  0.00316  8.99586e-04
 55  0.02253  1.24708e-03 | 56  0.00204  6.16206e-04 | 57  0.00170  5.46544e-04
 58 -0.00236  2.21553e-04 | 59 -0.00362  3.90716e-04 | 60  0.00411  9.07032e-04
 61 -0.00447  8.02710e-05 | 62 -0.00215  3.98139e-04 | 63  0.00751  4.43425e-04
 64  0.00636  1.02389e-03 | 65  0.02293  5.33692e-04 | 66  0.00501  5.16219e-04
 67  0.00036  2.35390e-04 | 68 -0.00584  1.66826e-04 | 69 -0.00565  5.17287e-04
 70 -0.01972  4.43514e-04 | 71 -0.02770 -7.04877e-04 | 72  0.00256 -1.01335e-04
 73  0.02321  8.32440e-04 | 74 -0.02423  7.15482e-05 | 75  0.01252  2.70852e-04
 76 -0.00401 -1.74101e-04 | 77 -0.00502 -1.12724e-04 | 78  0.01792 -3.09256e-06
 79  0.03153  1.30265e-04 | 80 -0.02106 -2.24021e-04 | 81 -0.00271 -1.38584e-04
 82 -0.00830 -8.60269e-04 | 83  0.02035 -2.08082e-04 | 84 -0.00353 -9.03460e-04
 85 -0.00646 -8.21894e-04 | 86 -0.00306 -6.48947e-04 | 87  0.00687 -6.38528e-04
 88  0.03215 -9.17710e-04 | 89 -0.02640 -1.56986e-03 | 90 -0.01190 -8.51021e-04
 91  0.01583 -7.15367e-04 | 92  0.01186 -2.92859e-04 | 93  0.00643 -8.42975e-04
 94  0.00944 -1.07123e-03 | 95 -0.03679 -1.11664e-03 | 96  0.01072 -8.27918e-04
 97 -0.00562 -8.34902e-04 | 98 -0.01257 -1.03186e-03 | 99 -0.00653 -9.50952e-04
100  0.01627 -8.43311e-04 |101 -0.02015 -1.14950e-03 |102 -0.03210 -1.17057e-03
103 -0.01367 -1.14695e-03 |104  0.02332 -6.40564e-04 |105 -0.00002 -1.23475e-03
106  0.00013 -1.29286e-03 |107 -0.00118  1.09430e-02 |108 -0.06807  1.41196e-03
109 -0.43198 -1.73497e-03 |110 -0.24973  1.26981e-04 |111 -0.20610 -7.15858e-04

Initial statistics: 112 variables; iteration 0; function evaluation 0; phase 6
Function value 5.5954708e+02; maximum gradient component mag -3.4267e-04
Var    Value     Gradient |Var    Value     Gradient |Var    Value     Gradient
  1 -0.43110 -1.39353e-05 |  2 -0.42744 -3.17986e-04 |  3 -0.40192 -8.41803e-05
  4 -0.39063 -1.85523e-05 |  5 -0.40329  3.64296e-06 |  6  0.63903 -3.42666e-04
  7 -0.00009  1.93429e-05 |  8 -0.00002  3.40058e-06 |  9  0.00111  3.61198e-05
 10 -0.00003  5.54168e-06 | 11 -0.00004  7.00372e-06 | 12  0.00009  2.46115e-05
 13  0.00026  2.32611e-05 | 14  0.00007  2.37243e-05 | 15  0.00006  2.51342e-05
 16  0.00008  2.52421e-05 | 17  0.00005  2.41001e-05 | 18  0.00005  2.43665e-05
 19  0.00016  1.90666e-05 | 20  0.00036 -4.93077e-06 | 21  0.00265 -3.21366e-05
 22  0.00070  6.84141e-05 | 23  0.00086 -4.35020e-05 | 24  0.00114  1.41108e-04
 25  0.00176  4.42730e-05 | 26  0.00274  4.52841e-07 | 27  0.00408 -1.72648e-05
 28  0.01525 -8.42159e-06 | 29 -0.00113  4.07946e-05 | 30 -0.00610  3.91952e-05
 31  0.00452  3.09750e-05 | 32  0.00378  9.41370e-06 | 33  0.00436  1.44493e-05
 34  0.00410  1.22833e-05 | 35  0.00350  1.50191e-05 | 36 -0.00054 -1.75040e-04
 37 -0.00042  2.41914e-05 | 38 -0.00650 -5.87753e-05 | 39 -0.01014 -1.41819e-05
 40  0.00338 -1.24216e-05 | 41 -0.00639  2.32556e-05 | 42 -0.00182  1.57725e-05
 43 -0.00032 -1.21462e-05 | 44 -0.00879  1.99954e-05 | 45  0.00900 -5.43838e-06
 46 -0.00249  2.22929e-05 | 47  0.00167 -2.32414e-05 | 48  0.00155  6.88598e-05
 49  0.00604 -2.35236e-05 | 50 -0.01249  2.45339e-06 | 51  0.00052  1.21538e-05
 52 -0.00726 -1.77516e-05 | 53 -0.00956 -6.29863e-06 | 54  0.00316 -4.28385e-07
 55  0.02253 -7.16912e-06 | 56  0.00204  5.50659e-06 | 57  0.00170  3.24045e-05
 58 -0.00236  1.06430e-05 | 59 -0.00362  1.58526e-06 | 60  0.00411  1.30229e-05
 61 -0.00447  2.11407e-05 | 62 -0.00215 -5.20415e-05 | 63  0.00751 -6.18200e-05
 64  0.00636  4.80333e-05 | 65  0.02293 -3.68627e-05 | 66  0.00501 -7.23356e-06
 67  0.00036 -9.67702e-06 | 68 -0.00584 -3.71984e-06 | 69 -0.00565 -6.57548e-07
 70 -0.01972  1.99279e-05 | 71 -0.02770 -2.39951e-05 | 72  0.00256 -2.84351e-05
 73  0.02321 -1.43092e-05 | 74 -0.02423  1.26175e-05 | 75  0.01252 -1.41072e-05
 76 -0.00401 -1.48535e-05 | 77 -0.00502 -1.22413e-05 | 78  0.01792 -3.33089e-05
 79  0.03153 -3.81811e-05 | 80 -0.02106 -2.85001e-06 | 81 -0.00271 -9.98906e-06
 82 -0.00830 -3.03910e-05 | 83  0.02035 -2.18043e-05 | 84 -0.00353 -2.72114e-05
 85 -0.00646 -1.84162e-05 | 86 -0.00306 -1.42298e-05 | 87  0.00687 -2.06010e-05
 88  0.03215 -3.28824e-05 | 89 -0.02640 -3.30008e-05 | 90 -0.01190 -5.31249e-06
 91  0.01583 -1.63665e-05 | 92  0.01186  9.28206e-06 | 93  0.00643 -3.99532e-06
 94  0.00944 -1.57588e-05 | 95 -0.03679 -3.36971e-06 | 96  0.01072  3.12123e-06
 97 -0.00562  3.51503e-06 | 98 -0.01257  6.45610e-07 | 99 -0.00653  3.16158e-06
100  0.01627  1.02376e-05 |101 -0.02015 -3.03962e-06 |102 -0.03210  5.75929e-06
103 -0.01367  4.26965e-06 |104  0.02332  2.76066e-05 |105 -0.00002  2.51983e-05
106  0.00013  2.09777e-05 |107  0.00000  0.00000e+00 |108 -0.00118 -3.14326e-04
109 -0.06807 -3.71266e-05 |110 -0.43198  4.84546e-05 |111 -0.24973  8.23397e-06
112 -0.20610 -2.42946e-05 |
size of file gradfil1.tmp = 0
size of file gradfil2.tmp = 0
size of file varssave.tmp = 0
size of file cmpdiff.tmp = 0
