
Initial statistics: 1 variables; iteration 0; function evaluation 0; phase 1
Function value 8.8829802e+02; maximum gradient component mag -2.3514e+04
Var    Value     Gradient |Var    Value     Gradient |Var    Value     Gradient
  1  0.63197 -2.35139e+04 |

 - final statistics:
1 variables; iteration 7; function evaluation 10
Function value 8.0085e+02; maximum gradient component mag -6.3397e-01
Exit code = 1;  converg criter 1.0000e+01
Var    Value     Gradient |Var    Value     Gradient |Var    Value     Gradient
  1  0.64230 -6.33973e-01 |

Initial statistics: 98 variables; iteration 0; function evaluation 0; phase 2
Function value 8.0084852e+02; maximum gradient component mag -1.5688e+03
Var    Value     Gradient |Var    Value     Gradient |Var    Value     Gradient
  1  0.64230 -6.33973e-01 |  2  0.00000 -7.53665e-01 |  3  0.00000 -1.90042e+00
  4  0.00000 -9.31915e-01 |  5  0.00000 -1.04144e+00 |  6  0.00000 -1.18244e+00
  7  0.00000 -1.63386e+00 |  8  0.00000 -1.88325e+00 |  9  0.00000 -1.83639e+00
 10  0.00000 -2.02754e+00 | 11  0.00000 -3.06229e+00 | 12  0.00000 -2.46537e+00
 13  0.00000 -2.57976e+00 | 14  0.00000 -3.03476e+00 | 15  0.00000  2.00739e-01
 16  0.00000  2.95404e+00 | 17  0.00000 -1.86626e+00 | 18  0.00000 -2.40868e+00
 19  0.00000  4.74252e+00 | 20  0.00000  1.10144e+01 | 21  0.00000  1.62755e+00
 22  0.00000 -4.77680e-02 | 23  0.00000  3.15368e-01 | 24  0.00000  7.10049e-02
 25  0.00000  6.67653e-01 | 26  0.00000  3.30513e+00 | 27  0.00000  1.05854e+00
 28  0.00000 -9.00082e+00 | 29  0.00000 -3.11679e+01 | 30  0.00000  1.36272e+01
 31  0.00000 -6.75564e+00 | 32  0.00000 -1.70057e+01 | 33  0.00000 -9.07725e+00
 34  0.00000  1.62482e+01 | 35  0.00000  1.82715e+01 | 36  0.00000 -1.02586e+01
 37  0.00000  7.84866e+00 | 38  0.00000  8.12971e+00 | 39  0.00000 -3.24489e+00
 40  0.00000  8.57049e+00 | 41  0.00000  9.18280e+00 | 42  0.00000  3.98118e+00
 43  0.00000  3.36394e-01 | 44  0.00000 -1.80746e+00 | 45  0.00000 -4.11229e+01
 46  0.00000 -9.96402e+00 | 47  0.00000 -1.58720e+01 | 48  0.00000 -2.02698e+01
 49  0.00000 -5.55695e+01 | 50  0.00000  5.12020e+00 | 51  0.00000 -3.53315e+01
 52  0.00000 -9.73424e+00 | 53  0.00000 -1.18600e+01 | 54  0.00000 -3.07681e+01
 55  0.00000 -5.28526e+01 | 56  0.00000 -2.67039e+01 | 57  0.00000 -2.48453e+01
 58  0.00000 -6.29700e+01 | 59  0.00000 -1.38720e+02 | 60  0.00000 -8.57888e+01
 61  0.00000 -8.15275e+01 | 62  0.00000  4.79326e+00 | 63  0.00000 -5.59931e+01
 64  0.00000 -3.49847e+02 | 65  0.00000 -7.55667e+02 | 66  0.00000 -1.97892e+02
 67  0.00000  8.77950e+01 | 68  0.00000  2.56509e+02 | 69  0.00000  4.06337e+02
 70  0.00000  2.40183e+02 | 71  0.00000  3.01856e+02 | 72  0.00000 -5.30532e+02
 73  0.00000  7.57642e+02 | 74  0.00000 -7.83010e+02 | 75  0.00000  1.82336e+00
 76  0.00000  3.64999e+02 | 77  0.00000 -7.87558e+02 | 78  0.00000 -1.81403e+02
 79  0.00000  4.35648e+02 | 80  0.00000  1.75223e+02 | 81  0.00000  5.13700e+02
 82  0.00000  2.44998e+02 | 83  0.00000  3.16714e+02 | 84  0.00000 -1.56880e+03
 85  0.00000 -3.27267e+02 | 86  0.00000  3.21686e+02 | 87  0.00000  8.07725e+02
 88  0.00000 -1.85511e+02 | 89  0.00000  3.86370e+02 | 90  0.00000  3.85002e+01
 91  0.00000  5.33206e+02 | 92  0.00000 -1.58538e+02 | 93  0.00000  4.09658e+02
 94  0.00000 -1.92220e+01 | 95  0.00000 -1.16197e-01 | 96  0.00000 -4.13857e-01
 97 -0.03546  1.76850e+01 | 98 -0.31026 -2.07632e+02 |

Intermediate statistics: 98 variables; iteration 20; function evaluation 34; phase 2
Function value 5.9654444e+02; maximum gradient component mag 1.1411e+03
Var    Value     Gradient |Var    Value     Gradient |Var    Value     Gradient
  1  0.61935  1.14113e+03 |  2 -0.00372 -3.65941e+01 |  3 -0.00146 -3.39758e+01
  4 -0.00355 -3.59568e+01 |  5 -0.00345 -3.55492e+01 |  6 -0.00330 -3.50327e+01
  7 -0.00252 -3.37487e+01 |  8 -0.00218 -3.28575e+01 |  9 -0.00250 -3.26113e+01
 10 -0.00232 -3.17210e+01 | 11 -0.00027 -2.85534e+01 | 12 -0.00189 -2.95415e+01
 13 -0.00193 -2.86401e+01 | 14 -0.00129 -2.68892e+01 | 15 -0.00807 -3.40470e+01
 16 -0.01220 -3.77992e+01 | 17 -0.00446 -2.82942e+01 | 18 -0.00310 -2.60947e+01
 19 -0.01259 -3.62416e+01 | 20 -0.01646 -3.78501e+01 | 21 -0.00806 -3.00624e+01
 22 -0.00438 -2.48352e+01 | 23 -0.00458 -2.50689e+01 | 24 -0.00345 -2.27068e+01
 25 -0.00418 -2.28029e+01 | 26 -0.00882 -2.79204e+01 | 27 -0.00795 -2.75120e+01
 28 -0.00864 -3.50870e+01 | 29  0.01682 -7.65195e+00 | 30 -0.02025 -3.49488e+01
 31 -0.00996 -3.23206e+01 | 32  0.02130  1.20109e+01 | 33 -0.00904 -3.26012e+01
 34 -0.01697 -2.48301e+01 | 35 -0.01485 -1.50162e+01 | 36  0.00001 -1.26145e+01
 37 -0.01437 -2.48243e+01 | 38 -0.01476 -2.39027e+01 | 39 -0.00853 -1.95769e+01
 40 -0.01379 -1.61489e+01 | 41 -0.01148 -1.38330e+01 | 42 -0.00626 -8.84486e+00
 43 -0.00587 -9.19637e+00 | 44 -0.01118 -1.60354e+01 | 45  0.00402 -1.00323e+01
 46 -0.00085  4.38640e-02 | 47  0.01024  1.62689e+01 | 48 -0.00109 -6.83101e+00
 49  0.00902 -1.53914e+01 | 50 -0.01018  5.49028e+00 | 51  0.01670  2.37710e+01
 52 -0.00139  6.89554e+00 | 53 -0.00209  6.18573e+00 | 54  0.00336  5.34357e+00
 55  0.01563  2.98426e+01 | 56  0.00367  1.50177e+01 | 57  0.00299  2.15132e+01
 58  0.01960  4.54797e+01 | 59  0.05066  1.08971e+02 | 60  0.00565  3.10125e-01
 61  0.01339  2.68361e+01 | 62 -0.01376  5.29180e+00 | 63  0.00466  5.11414e+01
 64  0.05001  1.13617e+02 | 65  0.06161 -2.16911e+01 | 66  0.00710 -3.57156e+01
 67  0.00653  1.64281e+02 | 68 -0.00616  9.74011e+01 | 69 -0.00102  2.22096e+02
 70 -0.00198  1.42670e+02 | 71 -0.00478  1.18770e+02 | 72  0.02654 -9.03582e+01
 73 -0.01923  2.95739e+02 | 74  0.03516 -2.07510e+02 | 75  0.00957  3.16326e+01
 76 -0.00801  1.57270e+02 | 77  0.02493 -3.38928e+02 | 78  0.01253 -2.10013e+01
 79 -0.00288  2.09917e+02 | 80  0.00110  9.52901e+01 | 81 -0.00559  2.22732e+02
 82 -0.00266  1.00869e+02 | 83 -0.01281  1.32182e+01 | 84  0.04835 -6.94247e+02
 85  0.01085 -1.87674e+02 | 86 -0.00973  9.24037e+01 | 87 -0.01900  3.02014e+02
 88  0.00901 -8.60426e+01 | 89 -0.01288  8.63806e+01 | 90 -0.00976 -8.99769e+01
 91 -0.02836  9.73443e+01 | 92  0.00172 -6.67583e+01 | 93 -0.04166 -8.10359e+00
 94  0.01338 -1.74895e+01 | 95 -0.00447 -3.81253e+01 | 96 -0.00398 -3.78326e+01
 97 -0.04415  1.08403e+01 | 98 -0.28484 -2.44923e+01 |
98 variables; iteration 40; function evaluation 62; phase 2
Function value 5.6696547e+02; maximum gradient component mag 1.6112e+03
Var    Value     Gradient |Var    Value     Gradient |Var    Value     Gradient
  1  0.61994  1.61122e+03 |  2  0.00213 -3.84293e+01 |  3  0.00180 -3.98124e+01
  4  0.00199 -3.82020e+01 |  5  0.00190 -3.80359e+01 |  6  0.00181 -3.78436e+01
  7  0.00168 -3.79125e+01 |  8  0.00158 -3.76427e+01 |  9  0.00146 -3.70145e+01
 10  0.00131 -3.65337e+01 | 11  0.00135 -3.64828e+01 | 12  0.00096 -3.53947e+01
 13  0.00069 -3.47242e+01 | 14  0.00055 -3.41329e+01 | 15 -0.00170 -3.35066e+01
 16 -0.00332 -3.26010e+01 | 17 -0.00123 -3.27995e+01 | 18 -0.00118 -3.27003e+01
 19 -0.00423 -3.10958e+01 | 20 -0.00721 -3.08290e+01 | 21 -0.00389 -3.22289e+01
 22 -0.00381 -3.26067e+01 | 23 -0.00421 -3.30190e+01 | 24 -0.00464 -3.30882e+01
 25 -0.00538 -3.29230e+01 | 26 -0.00652 -3.14420e+01 | 27 -0.00531 -2.99908e+01
 28  0.00167 -2.35998e+01 | 29  0.01096 -2.56096e+01 | 30 -0.01315 -2.93221e+01
 31 -0.00238 -2.63343e+01 | 32  0.00059 -3.04038e+01 | 33  0.00161 -1.77498e+01
 34 -0.01740 -3.19786e+01 | 35 -0.01974 -3.41081e+01 | 36 -0.00112 -2.00401e+01
 37 -0.01000 -2.05267e+01 | 38 -0.01125 -2.09328e+01 | 39 -0.00579 -1.73764e+01
 40 -0.01308 -2.01750e+01 | 41 -0.01166 -1.78845e+01 | 42 -0.00867 -1.57735e+01
 43 -0.00613 -1.07702e+01 | 44 -0.00892 -1.28954e+01 | 45  0.00187 -1.72952e+01
 46 -0.00193 -2.85539e+00 | 47 -0.00385 -1.17376e+01 | 48  0.00403  7.16718e+00
 49  0.01438  5.39388e+00 | 50 -0.01477 -5.68718e+00 | 51  0.01357  2.32686e+01
 52 -0.00055  1.39769e+01 | 53 -0.00008  1.72966e+01 | 54  0.00598  2.04610e+01
 55  0.01058  2.22453e+01 | 56  0.00423  2.36849e+01 | 57  0.00095  2.17470e+01
 58  0.01147  2.70593e+01 | 59  0.03505  5.80951e+01 | 60  0.01792  6.44002e+01
 61  0.01118  3.25649e+01 | 62 -0.00675  3.92563e+01 | 63  0.00095  4.13418e+01
 64  0.04783  1.29737e+02 | 65  0.06695  1.28293e+02 | 66  0.01265  3.89857e+01
 67 -0.00171  7.97824e+01 | 68 -0.01178  2.08974e+01 | 69 -0.00908  8.05210e+01
 70 -0.00700  7.59945e+01 | 71 -0.00864  9.36610e+01 | 72  0.03096  5.96183e+01
 73 -0.03924  4.36726e+01 | 74  0.04458  6.85644e+01 | 75  0.00860  3.25202e+01
 76 -0.01908  3.02786e+01 | 77  0.03534  6.95937e+01 | 78  0.01264  4.68166e+01
 79 -0.01371  4.11775e+01 | 80 -0.00629  5.49003e-02 | 81 -0.01554  7.02255e+01
 82 -0.00838  4.08709e+01 | 83 -0.01814 -3.75130e+00 | 84  0.06620  1.55237e+01
 85  0.01647 -5.87825e-01 | 86 -0.01637  1.10992e+01 | 87 -0.03845  1.02057e+01
 88  0.01274 -1.14398e+01 | 89 -0.02136 -4.33465e+01 | 90 -0.00598 -3.46238e+01
 91 -0.03928 -4.56986e+01 | 92  0.00625 -1.53699e+01 | 93 -0.04447 -3.90236e+01
 94  0.00207 -5.25675e+01 | 95  0.00207 -3.90873e+01 | 96  0.00247 -3.89133e+01
 97 -0.03943  6.85735e+01 | 98 -0.29478  1.88541e+00 |
98 variables; iteration 60; function evaluation 95; phase 2
Function value 5.6398375e+02; maximum gradient component mag -1.0418e+02
Var    Value     Gradient |Var    Value     Gradient |Var    Value     Gradient
  1  0.61918 -1.04179e+02 |  2  0.00022  2.77442e+00 |  3  0.00027  1.68058e+00
  4  0.00030  2.65688e+00 |  5  0.00036  2.57911e+00 |  6  0.00042  2.47005e+00
  7  0.00050  2.07515e+00 |  8  0.00058  1.87624e+00 |  9  0.00064  1.91402e+00
 10  0.00072  1.72575e+00 | 11  0.00106  1.08607e+00 | 12  0.00081  1.15987e+00
 13  0.00066  6.78412e-01 | 14  0.00061  9.28562e-03 | 15 -0.00203 -9.30168e-01
 16 -0.00338 -5.22291e-01 | 17 -0.00050 -9.54334e-01 | 18 -0.00015 -1.07152e+00
 19 -0.00420 -5.31779e-01 | 20 -0.00703  6.26967e-01 | 21 -0.00248 -9.18576e-01
 22 -0.00142 -1.21727e+00 | 23 -0.00152 -1.05101e+00 | 24 -0.00127 -1.06546e+00
 25 -0.00168 -1.17906e+00 | 26 -0.00357 -1.40086e+00 | 27 -0.00270 -1.74294e+00
 28  0.00094 -3.87194e+00 | 29  0.01363 -5.72014e+00 | 30 -0.01035 -3.89392e-01
 31 -0.00066 -3.95378e+00 | 32  0.00762 -3.04147e+00 | 33  0.00084 -3.28316e+00
 34 -0.01168  6.70211e-02 | 35 -0.01230  1.36003e+00 | 36  0.00157 -2.87766e+00
 37 -0.00760 -2.53352e-01 | 38 -0.00838 -4.11896e-01 | 39 -0.00344 -1.62590e+00
 40 -0.00927  5.55953e-01 | 41 -0.00861  3.51185e-01 | 42 -0.00577  9.52621e-02
 43 -0.00444  2.42949e-01 | 44 -0.00607  8.73772e-01 | 45  0.00957 -2.28622e+00
 46 -0.00103  3.75571e-01 | 47  0.00184 -2.97788e-01 | 48  0.00261  4.20698e-01
 49  0.01776 -5.55652e+00 | 50 -0.01071  5.71358e+00 | 51  0.00979 -2.00261e+00
 52 -0.00290  3.37157e+00 | 53 -0.00298  2.96929e+00 | 54  0.00398  1.14141e-01
 55  0.01176  1.86064e+00 | 56  0.00209  3.02065e+00 | 57 -0.00080  4.82787e+00
 58  0.01157  6.78790e-01 | 59  0.03263 -1.20223e+01 | 60  0.01106  6.47934e-01
 61  0.01265  3.96093e+00 | 62 -0.01061  1.25940e+01 | 63 -0.00033  1.16193e+01
 64  0.04203 -1.51192e+01 | 65  0.06837 -3.26954e+00 | 66  0.01412  1.07688e+01
 67 -0.00753 -2.20435e+00 | 68 -0.01115  9.24130e+00 | 69 -0.01266 -7.77773e-01
 70 -0.01044  1.23183e-01 | 71 -0.01339 -3.42902e+00 | 72  0.03252  1.00738e+01
 73 -0.04453 -5.76614e+00 | 74  0.04631 -3.21049e+00 | 75  0.00922  7.86289e+00
 76 -0.02097  8.87269e-01 | 77  0.03553  8.44845e+00 | 78  0.01205  2.01882e+00
 79 -0.01625  9.57482e-01 | 80 -0.00568  2.93776e+00 | 81 -0.02046 -8.99426e+00
 82 -0.01136 -4.41664e+00 | 83 -0.01992 -7.61507e+00 | 84  0.06761 -1.26303e+01
 85  0.01616 -2.98448e+00 | 86 -0.01926 -4.74913e+00 | 87 -0.04278 -5.45513e+00
 88  0.01215  4.99234e+00 | 89 -0.02203  5.64560e-01 | 90 -0.00694  4.75234e+00
 91 -0.04096 -3.94848e+00 | 92  0.00322  8.67661e+00 | 93 -0.04622  1.15289e+01
 94  0.00480 -3.86739e-01 | 95 -0.00006  3.24479e+00 | 96 -0.00002  2.91395e+00
 97 -0.03547 -4.26518e+00 | 98 -0.29659  2.51964e-01 |
Maximum number of function evaluations exceeded

 - final statistics:
98 variables; iteration 63; function evaluation 100
Function value 5.6391e+02; maximum gradient component mag -8.9453e+01
Exit code = 3;  converg criter 1.0000e+01
Var    Value     Gradient |Var    Value     Gradient |Var    Value     Gradient
  1  0.61916 -8.94531e+01 |  2  0.00021  2.36041e+00 |  3  0.00059  1.75824e+00
  4  0.00030  2.24608e+00 |  5  0.00035  2.16827e+00 |  6  0.00041  2.06543e+00
  7  0.00059  1.83221e+00 |  8  0.00070  1.67707e+00 |  9  0.00066  1.58216e+00
 10  0.00072  1.38270e+00 | 11  0.00127  1.04962e+00 | 12  0.00085  8.91942e-01
 13  0.00085  6.49469e-01 | 14  0.00105  3.73132e-01 | 15 -0.00173 -7.64500e-01
 16 -0.00332 -7.28040e-01 | 17 -0.00031 -9.16446e-01 | 18  0.00005 -1.02433e+00
 19 -0.00421 -8.49121e-01 | 20 -0.00674  8.30863e-01 | 21 -0.00238 -1.01791e+00
 22 -0.00127 -1.22271e+00 | 23 -0.00147 -1.20304e+00 | 24 -0.00131 -1.36519e+00
 25 -0.00174 -1.49519e+00 | 26 -0.00362 -1.70693e+00 | 27 -0.00278 -2.07763e+00
 28  0.00222 -1.96780e+00 | 29  0.01482 -3.77439e+00 | 30 -0.01057 -1.07873e+00
 31 -0.00027 -3.45480e+00 | 32  0.00873 -1.48067e+00 | 33  0.00124 -2.73091e+00
 34 -0.01186 -6.53823e-01 | 35 -0.01300 -5.56643e-01 | 36  0.00197 -2.47532e+00
 37 -0.00782 -9.46461e-01 | 38 -0.00854 -1.04618e+00 | 39 -0.00371 -2.61060e+00
 40 -0.01017 -1.75533e+00 | 41 -0.00906 -8.66655e-01 | 42 -0.00608 -9.08941e-01
 43 -0.00505 -1.34495e+00 | 44 -0.00629  1.18637e-01 | 45  0.01057 -3.08929e-01
 46 -0.00180 -1.28033e+00 | 47  0.00198 -4.70603e-01 | 48  0.00195 -9.43796e-01
 49  0.01771 -6.08027e+00 | 50 -0.01167  3.52409e+00 | 51  0.01018 -1.73394e+00
 52 -0.00422  8.13736e-01 | 53 -0.00358  1.51615e+00 | 54  0.00362 -9.43698e-01
 55  0.01158  1.27479e+00 | 56  0.00237  3.25901e+00 | 57 -0.00158  3.20585e+00
 58  0.01195  1.60681e+00 | 59  0.03402 -7.58858e+00 | 60  0.01085  3.44475e-01
 61  0.01284  4.58702e+00 | 62 -0.01119  1.05466e+01 | 63 -0.00103  8.75953e+00
 64  0.04258 -1.06090e+01 | 65  0.06855  8.27499e-01 | 66  0.01404  1.04617e+01
 67 -0.00753 -2.25100e+00 | 68 -0.01126  7.71682e+00 | 69 -0.01271 -2.13434e+00
 70 -0.01052 -9.15341e-01 | 71 -0.01342 -4.21799e+00 | 72  0.03247  9.77434e+00
 73 -0.04439 -4.23379e+00 | 74  0.04655  5.43427e+00 | 75  0.00919  7.18386e+00
 76 -0.02110 -1.78779e-01 | 77  0.03531  1.57787e+00 | 78  0.01197  1.01560e+00
 79 -0.01635 -3.89019e-01 | 80 -0.00570  3.06279e+00 | 81 -0.02040 -7.54267e+00
 82 -0.01129 -2.69523e+00 | 83 -0.01968 -3.34562e+00 | 84  0.06782 -1.23874e+00
 85  0.01625 -4.89140e-01 | 86 -0.01912 -2.60568e+00 | 87 -0.04269 -4.83904e+00
 88  0.01203  3.47935e+00 | 89 -0.02197  1.06558e+00 | 90 -0.00708  3.34930e+00
 91 -0.04084 -2.61844e+00 | 92  0.00276  3.67192e+00 | 93 -0.04678  6.67573e+00
 94  0.00519  2.73153e-02 | 95 -0.00013  2.70839e+00 | 96  0.00000  2.51998e+00
 97 -0.03560 -4.18804e+00 | 98 -0.29608  2.10840e+00 |

Initial statistics: 100 variables; iteration 0; function evaluation 0; phase 3
Function value 5.6390956e+02; maximum gradient component mag -8.9453e+01
Var    Value     Gradient |Var    Value     Gradient |Var    Value     Gradient
  1  0.61916 -8.94531e+01 |  2  0.00021  2.15747e+00 |  3  0.00058  1.55529e+00
  4  0.00030  2.04314e+00 |  5  0.00034  1.96533e+00 |  6  0.00040  1.86249e+00
  7  0.00059  1.62926e+00 |  8  0.00070  1.47412e+00 |  9  0.00066  1.37922e+00
 10  0.00072  1.17975e+00 | 11  0.00126  8.46671e-01 | 12  0.00084  6.88997e-01
 13  0.00084  4.46524e-01 | 14  0.00105  1.70187e-01 | 15 -0.00173 -9.67445e-01
 16 -0.00333 -9.30983e-01 | 17 -0.00031 -1.11939e+00 | 18  0.00005 -1.22728e+00
 19 -0.00422 -1.05206e+00 | 20 -0.00674  6.27928e-01 | 21 -0.00239 -1.22085e+00
 22 -0.00127 -1.42565e+00 | 23 -0.00147 -1.40599e+00 | 24 -0.00132 -1.56814e+00
 25 -0.00174 -1.69813e+00 | 26 -0.00362 -1.90988e+00 | 27 -0.00279 -2.28058e+00
 28  0.00222 -2.17074e+00 | 29  0.01482 -3.97728e+00 | 30 -0.01057 -1.28165e+00
 31 -0.00028 -3.65775e+00 | 32  0.00872 -1.68360e+00 | 33  0.00124 -2.93385e+00
 34 -0.01186 -8.56733e-01 | 35 -0.01301 -7.59546e-01 | 36  0.00196 -2.67826e+00
 37 -0.00782 -1.14939e+00 | 38 -0.00854 -1.24911e+00 | 39 -0.00372 -2.81354e+00
 40 -0.01017 -1.95825e+00 | 41 -0.00907 -1.06958e+00 | 42 -0.00608 -1.11188e+00
 43 -0.00505 -1.54789e+00 | 44 -0.00630 -8.42985e-02 | 45  0.01057 -5.11847e-01
 46 -0.00181 -1.48327e+00 | 47  0.00198 -6.73548e-01 | 48  0.00195 -1.14674e+00
 49  0.01771 -6.28314e+00 | 50 -0.01167  3.32118e+00 | 51  0.01017 -1.93686e+00
 52 -0.00422  6.10795e-01 | 53 -0.00358  1.31320e+00 | 54  0.00361 -1.14664e+00
 55  0.01157  1.07188e+00 | 56  0.00237  3.05607e+00 | 57 -0.00158  3.00290e+00
 58  0.01194  1.40390e+00 | 59  0.03401 -7.79124e+00 | 60  0.01085  1.41559e-01
 61  0.01284  4.38412e+00 | 62 -0.01119  1.03437e+01 | 63 -0.00103  8.55659e+00
 64  0.04258 -1.08115e+01 | 65  0.06855  6.25729e-01 | 66  0.01404  1.02588e+01
 67 -0.00753 -2.45393e+00 | 68 -0.01127  7.51390e+00 | 69 -0.01272 -2.33725e+00
 70 -0.01052 -1.11826e+00 | 71 -0.01342 -4.42089e+00 | 72  0.03247  9.57167e+00
 73 -0.04440 -4.43624e+00 | 74  0.04655  5.23187e+00 | 75  0.00918  6.98094e+00
 76 -0.02110 -3.81613e-01 | 77  0.03531  1.37524e+00 | 78  0.01197  8.12689e-01
 79 -0.01635 -5.91898e-01 | 80 -0.00571  2.85985e+00 | 81 -0.02040 -7.74551e+00
 82 -0.01129 -2.89814e+00 | 83 -0.01968 -3.54847e+00 | 84  0.06782 -1.44054e+00
 85  0.01625 -6.92019e-01 | 86 -0.01913 -2.80853e+00 | 87 -0.04269 -5.04153e+00
 88  0.01202  3.27644e+00 | 89 -0.02198  8.62753e-01 | 90 -0.00709  3.14637e+00
 91 -0.04084 -2.82097e+00 | 92  0.00276  3.46897e+00 | 93 -0.04679  6.47333e+00
 94  0.00518 -1.75623e-01 | 95 -0.00014  2.50545e+00 | 96  0.00000  2.31704e+00
 97 -0.03560 -4.18804e+00 | 98 -0.41581 -9.79430e+00 | 99 -0.29608  2.10840e+00
100 -0.25275 -8.51540e+01 |

Intermediate statistics: 100 variables; iteration 20; function evaluation 24; phase 3
Function value 5.6283632e+02; maximum gradient component mag -6.4356e+01
Var    Value     Gradient |Var    Value     Gradient |Var    Value     Gradient
  1  0.61993  3.74126e+01 |  2  0.00023  4.49529e-01 |  3  0.00083  2.34373e-01
  4  0.00033  4.53623e-01 |  5  0.00038  4.55106e-01 |  6  0.00046  4.52930e-01
  7  0.00070  4.06879e-01 |  8  0.00084  3.99621e-01 |  9  0.00080  4.24318e-01
 10  0.00088  4.17792e-01 | 11  0.00150  3.72479e-01 | 12  0.00108  3.97672e-01
 13  0.00111  4.00875e-01 | 14  0.00135  3.98678e-01 | 15 -0.00103  1.67026e-02
 16 -0.00269  1.03688e-01 | 17  0.00031  1.62097e-01 | 18  0.00066  1.82504e-01
 19 -0.00363  1.93862e-01 | 20 -0.00651  7.87142e-01 | 21 -0.00179  1.74541e-01
 22 -0.00068  2.72253e-01 | 23 -0.00087  2.82765e-01 | 24 -0.00071  3.13081e-01
 25 -0.00113  3.36650e-01 | 26 -0.00294  2.86418e-01 | 27 -0.00202  2.33434e-01
 28  0.00283  4.86038e-01 | 29  0.01584  2.81921e-01 | 30 -0.00976  5.71940e-01
 31  0.00092 -2.60313e-02 | 32  0.00880  1.23371e+00 | 33  0.00201  5.95347e-01
 34 -0.01157  9.91725e-01 | 35 -0.01218  1.04661e+00 | 36  0.00254  8.71765e-01
 37 -0.00765  1.32719e+00 | 38 -0.00831  1.36806e+00 | 39 -0.00303  1.08488e+00
 40 -0.00913  1.22443e+00 | 41 -0.00903  1.61915e+00 | 42 -0.00615  1.98838e+00
 43 -0.00495  1.97869e+00 | 44 -0.00664  2.53452e+00 | 45  0.01108  3.44664e+00
 46 -0.00187  2.41505e+00 | 47  0.00142  3.36272e+00 | 48  0.00155  3.44347e+00
 49  0.01869  3.05283e+00 | 50 -0.01252  4.36740e+00 | 51  0.00964  4.14133e+00
 52 -0.00533  4.37123e+00 | 53 -0.00490  4.81185e+00 | 54  0.00297  4.65677e+00
 55  0.01095  6.25152e+00 | 56  0.00039  5.92306e+00 | 57 -0.00344  5.86796e+00
 58  0.01024  6.76662e+00 | 59  0.03426  7.26958e+00 | 60  0.01045  6.75448e+00
 61  0.01185  8.36234e+00 | 62 -0.01366  8.53052e+00 | 63 -0.00257  8.63293e+00
 64  0.04284  1.01573e+01 | 65  0.06750  1.37957e+01 | 66  0.01174  4.03844e+00
 67 -0.00764  7.07048e+00 | 68 -0.01300  3.83474e+00 | 69 -0.01192 -6.99442e+00
 70 -0.01154  5.75919e+00 | 71 -0.01212 -7.27757e+00 | 72  0.03088  7.71166e+00
 73 -0.04224  1.67610e+00 | 74  0.04484  9.27968e+00 | 75  0.01005  7.02176e+00
 76 -0.02210  6.55291e+00 | 77  0.03515 -2.96381e+01 | 78  0.01052 -1.37729e+00
 79 -0.01558 -9.38109e+00 | 80 -0.00701  1.36723e+00 | 81 -0.01921 -9.85340e+00
 82 -0.01203  3.52734e+00 | 83 -0.01796 -5.65043e+00 | 84  0.06629 -7.01563e+00
 85  0.01742  5.63530e-01 | 86 -0.01947  4.90259e+00 | 87 -0.04058  2.72973e-01
 88  0.01071 -3.35326e+00 | 89 -0.02060 -7.70079e+00 | 90 -0.00771  3.51832e+00
 91 -0.03795  1.78369e+00 | 92  0.00235  3.05402e+00 | 93 -0.04398 -4.35397e+00
 94  0.00423 -2.35822e+00 | 95 -0.00029  4.46329e-01 | 96  0.00003  4.07859e-01
 97 -0.01823  1.50029e+01 | 98 -0.40777 -2.82879e+01 | 99 -0.24017  2.85444e+01
100 -0.23131 -6.43560e+01 |
100 variables; iteration 40; function evaluation 48; phase 3
Function value 5.6269750e+02; maximum gradient component mag -2.2469e+01
Var    Value     Gradient |Var    Value     Gradient |Var    Value     Gradient
  1  0.62026 -1.69410e+01 |  2  0.00020  5.57431e-01 |  3  0.00095  5.70715e-01
  4  0.00030  5.51638e-01 |  5  0.00037  5.48174e-01 |  6  0.00045  5.44448e-01
  7  0.00073  5.41255e-01 |  8  0.00088  5.35733e-01 |  9  0.00084  5.30285e-01
 10  0.00095  5.24585e-01 | 11  0.00161  5.15597e-01 | 12  0.00119  5.12626e-01
 13  0.00124  5.07086e-01 | 14  0.00151  4.94554e-01 | 15 -0.00057  5.59724e-01
 16 -0.00229  5.46033e-01 | 17  0.00065  4.71157e-01 | 18  0.00099  4.37266e-01
 19 -0.00333  4.32975e-01 | 20 -0.00667  2.85967e-01 | 21 -0.00148  4.25114e-01
 22 -0.00036  4.23660e-01 | 23 -0.00056  4.22855e-01 | 24 -0.00042  3.97621e-01
 25 -0.00085  3.74826e-01 | 26 -0.00259  4.00184e-01 | 27 -0.00157  4.43521e-01
 28  0.00315  4.07826e-01 | 29  0.01648  4.58795e-01 | 30 -0.00932  7.39187e-01
 31  0.00142  1.33587e-01 | 32  0.00929  1.15692e+00 | 33  0.00244  4.19413e-01
 34 -0.01108  9.65713e-01 | 35 -0.01183  7.46210e-01 | 36  0.00301  6.88837e-01
 37 -0.00737  7.69058e-01 | 38 -0.00791  9.20122e-01 | 39 -0.00241  8.03353e-01
 40 -0.00871  7.08442e-01 | 41 -0.00892  6.99598e-01 | 42 -0.00609  7.39796e-01
 43 -0.00451  1.20854e+00 | 44 -0.00644  1.08388e+00 | 45  0.01090  4.49720e-01
 46 -0.00166  1.00574e+00 | 47  0.00106  5.90724e-01 | 48  0.00117  4.75247e-01
 49  0.01928  7.19679e-01 | 50 -0.01293  1.54558e+00 | 51  0.00941  9.04080e-01
 52 -0.00609  6.08060e-01 | 53 -0.00543  1.19768e+00 | 54  0.00296  1.33759e+00
 55  0.01009  4.85272e-01 | 56 -0.00016  1.78090e+00 | 57 -0.00402  1.55816e+00
 58  0.00980  1.75398e+00 | 59  0.03441  1.35362e+00 | 60  0.01013  1.47698e+00
 61  0.01114  1.56780e+00 | 62 -0.01469  2.33340e+00 | 63 -0.00338  2.05674e+00
 64  0.04331  6.75654e+00 | 65  0.06733  1.10266e+00 | 66  0.01171 -1.19000e+00
 67 -0.00877 -7.64922e+00 | 68 -0.01324 -3.68873e+00 | 69 -0.01252 -1.54937e+01
 70 -0.01237 -8.65697e+00 | 71 -0.01183  2.32735e+00 | 72  0.03076  2.26333e+00
 73 -0.04289 -2.71186e+00 | 74  0.04478  2.79703e+00 | 75  0.00983  5.50577e+00
 76 -0.02261 -5.08794e-01 | 77  0.03570 -3.51453e+00 | 78  0.01117  1.21256e+01
 79 -0.01490  6.66744e+00 | 80 -0.00759 -7.48389e+00 | 81 -0.02014 -2.24692e+01
 82 -0.01223  4.30169e-01 | 83 -0.01803 -6.84458e-01 | 84  0.06633 -3.33615e-01
 85  0.01723  2.88555e+00 | 86 -0.02033 -5.58026e+00 | 87 -0.04114 -2.42113e+00
 88  0.01108  5.93147e+00 | 89 -0.02079 -4.64965e+00 | 90 -0.00815 -1.79922e+00
 91 -0.03859 -9.69823e-01 | 92  0.00211  1.79133e+00 | 93 -0.04397  1.63513e+00
 94  0.00421  1.14762e-01 | 95 -0.00036  5.54276e-01 | 96  0.00001  5.74788e-01
 97 -0.02017  1.34689e+00 | 98 -0.40795 -2.77620e+00 | 99 -0.24265  5.19576e+00
100 -0.22910 -1.30069e+01 |
100 variables; iteration 60; function evaluation 78; phase 3
Function value 5.6264862e+02; maximum gradient component mag -3.1139e+00
Var    Value     Gradient |Var    Value     Gradient |Var    Value     Gradient
  1  0.62043 -2.67569e+00 |  2  0.00022  9.49169e-02 |  3  0.00107  2.58225e-01
  4  0.00032  9.55564e-02 |  5  0.00039  9.44067e-02 |  6  0.00048  9.48963e-02
  7  0.00079  1.38258e-01 |  8  0.00095  1.38096e-01 |  9  0.00088  1.02743e-01
 10  0.00099  9.32419e-02 | 11  0.00165  8.01296e-02 | 12  0.00123  6.29270e-02
 13  0.00127  3.94377e-02 | 14  0.00151 -5.61255e-03 | 15 -0.00075 -2.33422e-01
 16 -0.00264 -5.31891e-01 | 17  0.00070  3.34426e-02 | 18  0.00120  2.59580e-01
 19 -0.00329 -4.09447e-03 | 20 -0.00666 -1.95726e-01 | 21 -0.00138  8.29830e-02
 22 -0.00030  6.21745e-04 | 23 -0.00050  2.89024e-03 | 24 -0.00026  1.20569e-01
 25 -0.00057  2.91743e-01 | 26 -0.00255 -5.27742e-02 | 27 -0.00176 -3.95045e-01
 28  0.00339  2.39397e-01 | 29  0.01656  2.17822e-02 | 30 -0.00919  3.97167e-01
 31  0.00163 -1.08653e-01 | 32  0.00891  5.09334e-02 | 33  0.00269  2.29149e-01
 34 -0.01120  1.31396e-01 | 35 -0.01191 -2.96400e-02 | 36  0.00306  1.94958e-01
 37 -0.00733  2.28576e-01 | 38 -0.00791  2.80172e-01 | 39 -0.00256 -1.83950e-01
 40 -0.00876 -7.37188e-02 | 41 -0.00892  5.95903e-02 | 42 -0.00616 -7.63030e-02
 43 -0.00471  1.09779e-01 | 44 -0.00659  1.11887e-01 | 45  0.01134  7.10986e-01
 46 -0.00160  4.67537e-01 | 47  0.00123  1.91759e-01 | 48  0.00126 -7.44688e-02
 49  0.01931 -1.55211e-01 | 50 -0.01340 -1.46488e-01 | 51  0.00933 -1.65320e-02
 52 -0.00603 -4.57519e-02 | 53 -0.00557  1.20730e-01 | 54  0.00256 -3.29604e-01
 55  0.01006 -4.76194e-01 | 56 -0.00072 -1.58982e-01 | 57 -0.00421  3.21032e-01
 58  0.00957  3.40458e-01 | 59  0.03438  1.56612e-01 | 60  0.01007  4.52725e-01
 61  0.01092 -3.84679e-02 | 62 -0.01512  1.80792e-01 | 63 -0.00360  1.86450e-01
 64  0.04269  6.80278e-01 | 65  0.06738  6.46931e-01 | 66  0.01185 -9.81199e-02
 67 -0.00810 -1.06657e+00 | 68 -0.01312 -1.18189e+00 | 69 -0.01180 -1.56728e+00
 70 -0.01185 -3.38742e-02 | 71 -0.01192  5.38643e-01 | 72  0.03058  1.15925e-01
 73 -0.04257  9.73608e-01 | 74  0.04453  3.92537e-02 | 75  0.00951  4.29517e-01
 76 -0.02256  6.88107e-01 | 77  0.03574 -3.30025e-01 | 78  0.01053  1.33259e+00
 79 -0.01531  3.29941e-01 | 80 -0.00721 -4.28962e-01 | 81 -0.01910 -2.76639e+00
 82 -0.01226  1.46048e+00 | 83 -0.01799 -1.66335e-01 | 84  0.06621 -7.28686e-02
 85  0.01706  3.78650e-01 | 86 -0.02000 -7.67650e-01 | 87 -0.04109 -1.77185e+00
 88  0.01077  6.61475e-01 | 89 -0.02048  4.66262e-01 | 90 -0.00827 -3.11388e+00
 91 -0.03854 -7.02235e-01 | 92  0.00205  1.13126e+00 | 93 -0.04402  7.73601e-01
 94  0.00416  1.35731e-01 | 95 -0.00033  1.12580e-01 | 96  0.00001  8.27163e-02
 97 -0.02033  3.28942e-02 | 98 -0.40786 -1.39826e-01 | 99 -0.24146  7.07896e-01
100 -0.22786 -1.92874e+00 |

 - final statistics:
100 variables; iteration 66; function evaluation 89
Function value 5.6265e+02; maximum gradient component mag -4.3924e-01
Exit code = 1;  converg criter 1.0000e+00
Var    Value     Gradient |Var    Value     Gradient |Var    Value     Gradient
  1  0.62044 -4.34220e-01 |  2  0.00020  9.74501e-03 |  3  0.00094 -6.39288e-03
  4  0.00031  1.18081e-02 |  5  0.00038  1.34451e-02 |  6  0.00046  1.46355e-02
  7  0.00074  4.93446e-05 |  8  0.00090 -1.30139e-03 |  9  0.00086  8.78466e-03
 10  0.00097  7.38138e-03 | 11  0.00168  6.89179e-02 | 12  0.00122 -6.52777e-04
 13  0.00126 -2.45122e-02 | 14  0.00157  2.90352e-02 | 15 -0.00056  8.44026e-03
 16 -0.00235 -1.14547e-01 | 17  0.00069 -3.65662e-02 | 18  0.00108  1.76167e-02
 19 -0.00324  1.35052e-02 | 20 -0.00655 -7.15326e-02 | 21 -0.00139  2.79787e-02
 22 -0.00028 -1.43076e-02 | 23 -0.00048 -1.58265e-02 | 24 -0.00030  1.79819e-02
 25 -0.00067  8.21897e-02 | 26 -0.00249 -3.95612e-03 | 27 -0.00150 -1.44049e-02
 28  0.00328  2.88446e-02 | 29  0.01658  1.77842e-02 | 30 -0.00930  1.40901e-01
 31  0.00171 -3.06024e-02 | 32  0.00891  4.93481e-03 | 33  0.00261  4.33132e-02
 34 -0.01121  7.16870e-02 | 35 -0.01182  1.01201e-01 | 36  0.00301  5.96317e-02
 37 -0.00740  4.85018e-02 | 38 -0.00806 -3.50365e-02 | 39 -0.00249 -7.43056e-02
 40 -0.00870  1.17047e-02 | 41 -0.00888  1.11353e-01 | 42 -0.00611 -2.63225e-03
 43 -0.00478 -5.74791e-02 | 44 -0.00666 -9.99347e-02 | 45  0.01111  1.17582e-01
 46 -0.00180  6.67099e-02 | 47  0.00116  1.07856e-02 | 48  0.00131 -3.68875e-02
 49  0.01936 -6.49161e-02 | 50 -0.01332 -9.38841e-03 | 51  0.00938  3.33420e-02
 52 -0.00596  2.56539e-02 | 53 -0.00563 -2.21764e-02 | 54  0.00272 -5.31727e-02
 55  0.01023 -6.90366e-02 | 56 -0.00061  4.64280e-02 | 57 -0.00436  4.36167e-03
 58  0.00945  4.76293e-02 | 59  0.03436  2.59034e-02 | 60  0.00996  6.35396e-02
 61  0.01094 -4.99315e-03 | 62 -0.01516  2.66379e-02 | 63 -0.00362  2.61268e-02
 64  0.04262  9.54477e-02 | 65  0.06735  8.75305e-02 | 66  0.01185 -1.62900e-02
 67 -0.00802 -1.50785e-01 | 68 -0.01305 -1.68454e-01 | 69 -0.01173 -2.22878e-01
 70 -0.01186 -5.22345e-03 | 71 -0.01194  7.56240e-02 | 72  0.03056  1.36804e-02
 73 -0.04264  1.39483e-01 | 74  0.04452  8.75548e-04 | 75  0.00949  5.93759e-02
 76 -0.02262  9.83550e-02 | 77  0.03575 -5.00583e-02 | 78  0.01046  1.88394e-01
 79 -0.01532  4.66959e-02 | 80 -0.00719 -6.12875e-02 | 81 -0.01897 -3.91493e-01
 82 -0.01235  2.08187e-01 | 83 -0.01798 -2.38598e-02 | 84  0.06620 -1.40857e-02
 85  0.01705  5.27086e-02 | 86 -0.01996 -1.08425e-01 | 87 -0.04097 -2.50084e-01
 88  0.01074  9.48331e-02 | 89 -0.02050  6.74683e-02 | 90 -0.00810 -4.39238e-01
 91 -0.03848 -9.85951e-02 | 92  0.00198  1.62212e-01 | 93 -0.04408  1.10563e-01
 94  0.00409  2.74846e-03 | 95 -0.00036  1.81568e-03 | 96  0.00000  9.76769e-03
 97 -0.02033 -4.38193e-03 | 98 -0.40785 -1.97152e-02 | 99 -0.24124  1.03772e-01
100 -0.22766 -2.84972e-01 |

Initial statistics: 108 variables; iteration 0; function evaluation 0; phase 4
Function value 5.6264655e+02; maximum gradient component mag 1.9538e+02
Var    Value     Gradient |Var    Value     Gradient |Var    Value     Gradient
  1 -0.42263  1.10824e+01 |  2 -0.42263  1.95383e+02 |  3 -0.41094 -1.93775e+01
  4  0.62044 -4.34220e-01 |  5  0.00000 -6.33778e-01 |  6  0.00000 -1.37200e-01
  7  0.00000 -1.68271e-01 |  8  0.00000 -2.06491e-01 |  9  0.00000 -2.53520e-01
 10  0.00020  8.51427e-03 | 11  0.00094 -7.62362e-03 | 12  0.00031  1.05773e-02
 13  0.00038  1.22143e-02 | 14  0.00046  1.34047e-02 | 15  0.00074 -1.18140e-03
 16  0.00090 -2.53214e-03 | 17  0.00086  7.55392e-03 | 18  0.00097  6.15064e-03
 19  0.00168  6.76872e-02 | 20  0.00122 -1.88352e-03 | 21  0.00126 -2.57429e-02
 22  0.00157  2.78045e-02 | 23 -0.00056  7.20952e-03 | 24 -0.00235 -1.15778e-01
 25  0.00069 -3.77969e-02 | 26  0.00108  1.63860e-02 | 27 -0.00324  1.22745e-02
 28 -0.00655 -7.27633e-02 | 29 -0.00139  2.67480e-02 | 30 -0.00028 -1.55383e-02
 31 -0.00048 -1.70573e-02 | 32 -0.00030  1.67511e-02 | 33 -0.00067  8.09590e-02
 34 -0.00249 -5.18686e-03 | 35 -0.00150 -1.56357e-02 | 36  0.00328  2.76138e-02
 37  0.01658  1.65539e-02 | 38 -0.00930  1.39671e-01 | 39  0.00171 -3.18331e-02
 40  0.00891  3.70419e-03 | 41  0.00261  4.20824e-02 | 42 -0.01121  7.04565e-02
 43 -0.01182  9.99707e-02 | 44  0.00301  5.84009e-02 | 45 -0.00740  4.72711e-02
 46 -0.00806 -3.62671e-02 | 47 -0.00249 -7.55363e-02 | 48 -0.00870  1.04740e-02
 49 -0.00888  1.10122e-01 | 50 -0.00611 -3.86294e-03 | 51 -0.00478 -5.87098e-02
 52 -0.00666 -1.01165e-01 | 53  0.01111  1.16351e-01 | 54 -0.00180  6.54792e-02
 55  0.00116  9.55486e-03 | 56  0.00131 -3.81182e-02 | 57  0.01936 -6.61463e-02
 58 -0.01332 -1.06189e-02 | 59  0.00938  3.21114e-02 | 60 -0.00596  2.44232e-02
 61 -0.00563 -2.34071e-02 | 62  0.00272 -5.44034e-02 | 63  0.01023 -7.02672e-02
 64 -0.00061  4.51973e-02 | 65 -0.00436  3.13095e-03 | 66  0.00945  4.63987e-02
 67  0.03436  2.46744e-02 | 68  0.00996  6.23090e-02 | 69  0.01094 -6.22371e-03
 70 -0.01516  2.54075e-02 | 71 -0.00362  2.48961e-02 | 72  0.04262  9.42197e-02
 73  0.06735  8.63066e-02 | 74  0.01185 -1.75205e-02 | 75 -0.00802 -1.52016e-01
 76 -0.01305 -1.69685e-01 | 77 -0.01173 -2.24109e-01 | 78 -0.01186 -6.45398e-03
 79 -0.01194  7.43934e-02 | 80  0.03056  1.24511e-02 | 81 -0.04264  1.38255e-01
 82  0.04452 -3.52189e-04 | 83  0.00949  5.81453e-02 | 84 -0.02262  9.71251e-02
 85  0.03575 -5.12872e-02 | 86  0.01046  1.87163e-01 | 87 -0.01532  4.54655e-02
 88 -0.00719 -6.25182e-02 | 89 -0.01897 -3.92723e-01 | 90 -0.01235  2.06957e-01
 91 -0.01798 -2.50900e-02 | 92  0.06620 -1.53098e-02 | 93  0.01705  5.14783e-02
 94 -0.01996 -1.09655e-01 | 95 -0.04097 -2.51312e-01 | 96  0.01074  9.36026e-02
 97 -0.02050  6.62382e-02 | 98 -0.00810 -4.40468e-01 | 99 -0.03848 -9.98236e-02
100  0.00198  1.60982e-01 |101 -0.04408  1.09335e-01 |102  0.00409  1.51774e-03
103 -0.00036  5.84937e-04 |104  0.00000  8.53695e-03 |105 -0.02033 -4.38193e-03
106 -0.40785 -1.97152e-02 |107 -0.24124  1.03772e-01 |108 -0.22766 -2.84972e-01

Intermediate statistics: 108 variables; iteration 20; function evaluation 23; phase 4
Function value 5.6211303e+02; maximum gradient component mag -3.6579e+02
Var    Value     Gradient |Var    Value     Gradient |Var    Value     Gradient
  1 -0.42834 -1.41721e+02 |  2 -0.42733 -3.65788e+02 |  3 -0.39928 -1.84773e+02
  4  0.62131 -3.64600e+02 |  5  0.00024 -1.03566e+00 |  6  0.00005 -2.27205e-01
  7  0.00006 -2.77090e-01 |  8  0.00007 -3.37720e-01 |  9  0.00009 -4.11310e-01
 10  0.00024  9.55811e+00 | 11  0.00098  9.47788e+00 | 12  0.00036  9.41322e+00
 13  0.00043  9.31986e+00 | 14  0.00053  9.20926e+00 | 15  0.00082  9.06823e+00
 16  0.00098  8.91549e+00 | 17  0.00095  8.75071e+00 | 18  0.00107  8.55504e+00
 19  0.00176  8.36004e+00 | 20  0.00132  8.09721e+00 | 21  0.00136  7.82566e+00
 22  0.00165  7.55242e+00 | 23 -0.00045  7.28360e+00 | 24 -0.00216  6.97046e+00
 25  0.00090  6.72056e+00 | 26  0.00127  6.54403e+00 | 27 -0.00302  6.43859e+00
 28 -0.00653  6.72277e+00 | 29 -0.00121  6.26093e+00 | 30 -0.00005  5.85830e+00
 31 -0.00026  5.85027e+00 | 32 -0.00007  5.57443e+00 | 33 -0.00045  5.37255e+00
 34 -0.00223  5.21946e+00 | 35 -0.00121  4.96246e+00 | 36  0.00355  4.60475e+00
 37  0.01705  2.28942e+00 | 38 -0.00929  5.04196e+00 | 39  0.00198  3.88345e+00
 40  0.00912  2.68712e+00 | 41  0.00290  2.47931e+00 | 42 -0.01097  3.85925e+00
 43 -0.01204  3.54217e+00 | 44  0.00322  1.41283e+00 | 45 -0.00713  2.36337e+00
 46 -0.00776  2.00767e+00 | 47 -0.00215  8.33685e-01 | 48 -0.00884  7.62866e-01
 49 -0.00871  8.23916e-01 | 50 -0.00580 -4.31005e-02 | 51 -0.00446 -8.15244e-01
 52 -0.00629 -1.02453e+00 | 53  0.01085 -6.58373e+00 | 54 -0.00158 -3.44477e+00
 55  0.00145 -4.74594e+00 | 56  0.00168 -6.05720e+00 | 57  0.01980 -1.22252e+01
 58 -0.01358 -4.89511e+00 | 59  0.00950 -1.11431e+01 | 60 -0.00570 -7.42139e+00
 61 -0.00539 -8.06994e+00 | 62  0.00303 -1.17106e+01 | 63  0.00988 -1.59900e+01
 64 -0.00044 -1.17772e+01 | 65 -0.00410 -1.03987e+01 | 66  0.00951 -1.60991e+01
 67  0.03461 -3.12348e+01 | 68  0.00969 -1.95753e+01 | 69  0.01044 -2.07718e+01
 70 -0.01520 -1.01683e+01 | 71 -0.00442 -1.44434e+01 | 72  0.04103 -4.77919e+01
 73  0.06616 -7.31853e+01 | 74  0.01075 -2.86897e+01 | 75 -0.00890 -1.59908e+01
 76 -0.01304 -7.87383e+00 | 77 -0.01243 -5.28320e+00 | 78 -0.01164 -4.29543e+00
 79 -0.01259  1.38564e+00 | 80  0.03102 -1.06425e+01 | 81 -0.04330  3.59119e+00
 82  0.04491 -8.78224e+00 | 83  0.00946  4.37661e+00 | 84 -0.02219  5.06501e+00
 85  0.03559  1.16542e+01 | 86  0.01094  7.72440e+00 | 87 -0.01574  6.96667e+00
 88 -0.00668  1.03322e+01 | 89 -0.01926  1.18943e+01 | 90 -0.01192  1.34145e+01
 91 -0.01861  1.26843e+01 | 92  0.06685  3.46667e+01 | 93  0.01728  1.83913e+01
 94 -0.01984  9.92067e+00 | 95 -0.04188  6.18298e+00 | 96  0.01064  7.93077e+00
 97 -0.02129  5.08700e+00 | 98 -0.00788  8.22372e+00 | 99 -0.03938  6.34412e+00
100  0.00228  8.71351e+00 |101 -0.04482  9.74943e+00 |102  0.00421  8.19971e+00
103 -0.00027  9.91788e+00 |104  0.00001  9.87681e+00 |105 -0.03378 -2.18467e+01
106 -0.41324  3.38810e+01 |107 -0.23789  1.52007e+00 |108 -0.21809 -1.77956e+01
108 variables; iteration 40; function evaluation 47; phase 4
Function value 5.6187939e+02; maximum gradient component mag -2.3995e+02
Var    Value     Gradient |Var    Value     Gradient |Var    Value     Gradient
  1 -0.42698 -3.86390e+01 |  2 -0.42858 -2.39950e+02 |  3 -0.39812 -1.07506e+02
  4  0.62235 -1.94346e+02 |  5  0.00099  3.45900e-01 |  6  0.00025  1.27161e-01
  7  0.00030  1.51023e-01 |  8  0.00036  1.78024e-01 |  9  0.00044  2.07747e-01
 10  0.00037  5.13321e+00 | 11  0.00113  5.11663e+00 | 12  0.00050  5.05961e+00
 13  0.00057  5.00472e+00 | 14  0.00066  4.93383e+00 | 15  0.00095  4.85218e+00
 16  0.00110  4.73524e+00 | 17  0.00103  4.58756e+00 | 18  0.00110  4.41822e+00
 19  0.00171  4.21564e+00 | 20  0.00123  4.03199e+00 | 21  0.00121  3.82771e+00
 22  0.00139  3.55933e+00 | 23 -0.00081  3.25166e+00 | 24 -0.00224  3.39696e+00
 25  0.00072  3.07873e+00 | 26  0.00097  2.85938e+00 | 27 -0.00270  3.69862e+00
 28 -0.00631  3.74492e+00 | 29 -0.00128  3.03573e+00 | 30 -0.00012  2.78892e+00
 31 -0.00034  2.78423e+00 | 32 -0.00018  2.59650e+00 | 33 -0.00062  2.39391e+00
 34 -0.00238  2.32958e+00 | 35 -0.00143  2.09216e+00 | 36  0.00381  2.72012e+00
 37  0.01715  1.13445e+00 | 38 -0.00922  2.70461e+00 | 39  0.00042 -2.45041e-01
 40  0.01047  3.29053e+00 | 41  0.00144 -8.72630e-01 | 42 -0.01073  2.60850e+00
 43 -0.01117  3.93419e+00 | 44  0.00305  7.37486e-01 | 45 -0.00709  1.49357e+00
 46 -0.00730  2.08174e+00 | 47 -0.00166  1.77647e+00 | 48 -0.00764  2.94070e+00
 49 -0.00868  1.01350e+00 | 50 -0.00535  1.32661e+00 | 51 -0.00358  1.66414e+00
 52 -0.00690 -1.10862e+00 | 53  0.01011 -5.21388e+00 | 54 -0.00164 -1.39931e+00
 55  0.00248 -5.11187e-01 | 56  0.00009 -4.88792e+00 | 57  0.02023 -4.49317e+00
 58 -0.01123  2.14812e+00 | 59  0.00999 -3.73413e+00 | 60 -0.00567 -2.79713e+00
 61 -0.00541 -3.21690e+00 | 62  0.00303 -4.89315e+00 | 63  0.00958 -8.18542e+00
 64  0.00005 -4.22372e+00 | 65 -0.00525 -6.50619e+00 | 66  0.00878 -8.66434e+00
 67  0.03378 -1.72220e+01 | 68  0.00943 -9.58155e+00 | 69  0.01220 -2.70632e+00
 70 -0.01560 -5.25399e+00 | 71 -0.00335 -2.07402e+00 | 72  0.04098 -2.46949e+01
 73  0.06657 -2.82635e+01 | 74  0.01107 -1.10962e+01 | 75 -0.00886 -6.56684e+00
 76 -0.01313 -2.46170e+00 | 77 -0.01231 -1.35121e+00 | 78 -0.01145  2.50742e+00
 79 -0.01255 -8.76666e-01 | 80  0.03077 -8.04307e+00 | 81 -0.04278  5.39169e+00
 82  0.04455 -8.73798e+00 | 83  0.00924 -1.43398e+00 | 84 -0.02285 -3.01493e+00
 85  0.03531 -2.22266e+00 | 86  0.01061  6.78076e-01 | 87 -0.01587  3.48472e-01
 88 -0.00690  3.16000e+00 | 89 -0.01943  1.21402e+00 | 90 -0.01227  2.04831e+00
 91 -0.01855  4.67009e+00 | 92  0.06614  3.82791e+00 | 93  0.01692  5.25644e+00
 94 -0.02032  1.53212e+00 | 95 -0.04159  5.78977e+00 | 96  0.01040  3.29831e+00
 97 -0.02110  5.98082e+00 | 98 -0.00831  2.59357e+00 | 99 -0.03937  3.52827e+00
100  0.00159  3.18319e-01 |101 -0.04517  4.00716e+00 |102  0.00434  5.68469e+00
103 -0.00028  5.17067e+00 |104  0.00007  5.23797e+00 |105 -0.03527 -1.32601e+01
106 -0.41408  1.91994e+01 |107 -0.23554 -7.65900e-01 |108 -0.21739 -2.52101e+00
108 variables; iteration 60; function evaluation 78; phase 4
Function value 5.6181401e+02; maximum gradient component mag -1.3874e+01
Var    Value     Gradient |Var    Value     Gradient |Var    Value     Gradient
  1 -0.42696 -1.07644e+00 |  2 -0.42912 -1.38736e+01 |  3 -0.39709 -6.15791e+00
  4  0.62279 -1.06082e+01 |  5  0.00066  9.60794e-02 |  6  0.00018  7.99580e-02
  7  0.00022  9.33935e-02 |  8  0.00026  1.07578e-01 |  9  0.00031  1.21497e-01
 10  0.00033  3.16734e-01 | 11  0.00109  3.18565e-01 | 12  0.00046  3.09369e-01
 13  0.00054  3.00845e-01 | 14  0.00064  2.87885e-01 | 15  0.00093  2.68428e-01
 16  0.00109  2.43647e-01 | 17  0.00104  2.21814e-01 | 18  0.00115  2.03570e-01
 19  0.00184  2.38179e-01 | 20  0.00140  2.20797e-01 | 21  0.00143  2.40795e-01
 22  0.00169  2.44782e-01 | 23 -0.00052  2.81111e-02 | 24 -0.00203  1.44196e-01
 25  0.00101  1.19620e-01 | 26  0.00131  5.93243e-02 | 27 -0.00270  2.58820e-01
 28 -0.00633  1.90902e-01 | 29 -0.00105  1.23157e-01 | 30  0.00011  6.09893e-02
 31 -0.00011  6.27151e-02 | 32  0.00008  5.44066e-02 | 33 -0.00033  1.97821e-02
 34 -0.00208  1.29015e-02 | 35 -0.00111 -4.96096e-02 | 36  0.00389  4.98975e-01
 37  0.01745 -9.37638e-02 | 38 -0.00910  2.04237e-01 | 39  0.00198 -7.68159e-03
 40  0.00908  7.63041e-02 | 41  0.00285 -3.19643e-01 | 42 -0.01112 -3.25584e-01
 43 -0.01162  9.20189e-01 | 44  0.00335  1.86009e-01 | 45 -0.00703  1.45039e-01
 46 -0.00767  1.02288e-01 | 47 -0.00220 -1.37028e-01 | 48 -0.00885 -6.32629e-01
 49 -0.00882 -1.39743e-01 | 50 -0.00590 -1.74507e-01 | 51 -0.00443 -6.15355e-03
 52 -0.00643 -9.78923e-02 | 53  0.01161  2.92611e-01 | 54 -0.00148  4.18974e-02
 55  0.00113 -4.52175e-01 | 56  0.00197  2.85067e-01 | 57  0.02008  4.47097e-01
 58 -0.01301  5.76009e-02 | 59  0.00933 -2.69061e-01 | 60 -0.00586 -2.25839e-01
 61 -0.00559 -1.93127e-01 | 62  0.00289 -1.64938e-01 | 63  0.01017 -2.14631e-01
 64 -0.00078 -7.00190e-01 | 65 -0.00439 -1.63392e-01 | 66  0.00910 -1.92899e-01
 67  0.03458 -6.86316e-01 | 68  0.00993 -1.55714e-01 | 69  0.01052 -3.54337e-01
 70 -0.01533 -3.91781e-01 | 71 -0.00447 -1.97902e-01 | 72  0.04175 -6.90143e-01
 73  0.06632 -1.06175e+00 | 74  0.01113 -3.07124e-01 | 75 -0.00883 -1.88554e-01
 76 -0.01331 -1.52497e-01 | 77 -0.01242 -6.48283e-02 | 78 -0.01191 -8.39505e-02
 79 -0.01265 -9.75267e-02 | 80  0.03066 -4.69570e-01 | 81 -0.04318  1.13232e-01
 82  0.04440 -5.79616e-01 | 83  0.00912 -1.98848e-01 | 84 -0.02258  2.79902e-03
 85  0.03519 -4.45420e-01 | 86  0.01043 -1.67545e-01 | 87 -0.01583  2.42650e-02
 88 -0.00708  7.80210e-04 | 89 -0.01939  7.55534e-02 | 90 -0.01230  8.17244e-02
 91 -0.01867  1.20574e-01 | 92  0.06586 -5.89568e-01 | 93  0.01676  4.12863e-02
 94 -0.02025 -2.38181e-01 | 95 -0.04175  2.51723e-01 | 96  0.01038  1.72586e-01
 97 -0.02118  2.87620e-01 | 98 -0.00814  2.78415e-01 | 99 -0.03920  1.75279e-01
100  0.00206  4.23371e-01 |101 -0.04484  2.42573e-01 |102  0.00418  6.56270e-01
103 -0.00027  2.83903e-01 |104  0.00003  3.01418e-01 |105 -0.03645 -8.43133e-01
106 -0.41471  1.26487e+00 |107 -0.23386 -1.59519e-02 |108 -0.21609 -1.61141e-01
Maximum number of function evaluations exceeded

 - final statistics:
108 variables; iteration 73; function evaluation 100
Function value 5.6181e+02; maximum gradient component mag -4.4944e+00
Exit code = 3;  converg criter 1.0000e+00
Var    Value     Gradient |Var    Value     Gradient |Var    Value     Gradient
  1 -0.42700 -2.55425e-01 |  2 -0.42915 -4.49437e+00 |  3 -0.39701 -1.98273e+00
  4  0.62282 -3.41141e+00 |  5  0.00055 -6.99257e-02 |  6  0.00012 -1.68620e-02
  7  0.00014 -1.93094e-02 |  8  0.00018 -2.19660e-02 |  9  0.00022 -2.49530e-02
 10  0.00029  7.29462e-02 | 11  0.00104  6.91988e-02 | 12  0.00042  6.68877e-02
 13  0.00050  6.27346e-02 | 14  0.00060  5.79397e-02 | 15  0.00090  5.23824e-02
 16  0.00107  5.23990e-02 | 17  0.00105  6.25733e-02 | 18  0.00118  8.39705e-02
 19  0.00183  6.52761e-02 | 20  0.00140  7.74397e-02 | 21  0.00140  4.56070e-02
 22  0.00167  7.90052e-02 | 23 -0.00038  1.04959e-01 | 24 -0.00201  4.05196e-02
 25  0.00098 -6.79413e-02 | 26  0.00135 -7.83022e-03 | 27 -0.00268  1.73043e-01
 28 -0.00635  2.65919e-02 | 29 -0.00103  4.32890e-02 | 30  0.00016  1.51726e-02
 31 -0.00006  1.66955e-02 | 32  0.00013  2.09591e-02 | 33 -0.00025  4.15485e-02
 34 -0.00202  1.49049e-02 | 35 -0.00102 -9.57116e-03 | 36  0.00367  8.99177e-02
 37  0.01755 -5.90536e-03 | 38 -0.00913  7.00775e-02 | 39  0.00203 -7.23863e-03
 40  0.00905  8.16647e-03 | 41  0.00304 -7.13563e-02 | 42 -0.01090 -1.23034e-03
 43 -0.01195  1.48417e-01 | 44  0.00330  2.97794e-02 | 45 -0.00706  1.26092e-02
 46 -0.00771 -4.55588e-02 | 47 -0.00211  1.71496e-04 | 48 -0.00851  3.38168e-02
 49 -0.00873  6.57443e-03 | 50 -0.00583 -3.74495e-02 | 51 -0.00445 -1.72922e-02
 52 -0.00634  5.67142e-02 | 53  0.01149  5.88900e-02 | 54 -0.00153  1.89606e-02
 55  0.00136 -1.91980e-02 | 56  0.00179  8.15016e-02 | 57  0.01978 -1.38820e-02
 58 -0.01308 -6.02177e-02 | 59  0.00931 -1.63110e-01 | 60 -0.00586 -1.42225e-01
 61 -0.00554  3.35666e-03 | 62  0.00287 -3.07320e-02 | 63  0.01016 -3.93732e-03
 64 -0.00058 -1.37296e-01 | 65 -0.00441 -5.83826e-02 | 66  0.00895 -2.49052e-01
 67  0.03463 -1.17647e-01 | 68  0.00987 -8.91511e-02 | 69  0.01051 -1.23476e-01
 70 -0.01527 -5.77089e-02 | 71 -0.00450 -7.53853e-02 | 72  0.04173 -1.75975e-01
 73  0.06629 -3.16341e-01 | 74  0.01112 -7.52384e-02 | 75 -0.00884 -4.40443e-02
 76 -0.01332 -4.45180e-02 | 77 -0.01243 -3.05706e-02 | 78 -0.01192 -4.27185e-02
 79 -0.01266 -3.98242e-02 | 80  0.03065 -1.57284e-01 | 81 -0.04320  1.57831e-02
 82  0.04439 -1.97304e-01 | 83  0.00911 -8.01552e-02 | 84 -0.02259  1.87329e-03
 85  0.03518 -1.76802e-01 | 86  0.01042 -8.19138e-02 | 87 -0.01584 -2.56690e-03
 88 -0.00709 -2.73508e-02 | 89 -0.01940  1.43196e-02 | 90 -0.01232  5.99631e-03
 91 -0.01868  1.08607e-02 | 92  0.06585 -2.72710e-01 | 93  0.01675 -2.52740e-02
 94 -0.02023 -2.57242e-02 | 95 -0.04177  7.19009e-02 | 96  0.01037  5.18365e-02
 97 -0.02118  9.58226e-02 | 98 -0.00815  9.01626e-02 | 99 -0.03920  8.60056e-02
100  0.00205  1.35346e-01 |101 -0.04484  9.06893e-02 |102  0.00414  4.36137e-01
103 -0.00027  9.24641e-02 |104  0.00002  8.80473e-02 |105 -0.03658 -2.79194e-01
106 -0.41477  4.34913e-01 |107 -0.23369  8.80312e-03 |108 -0.21592 -8.19795e-02

Initial statistics: 111 variables; iteration 0; function evaluation 0; phase 5
Function value 5.6181305e+02; maximum gradient component mag -2.5828e+02
Var    Value     Gradient |Var    Value     Gradient |Var    Value     Gradient
  1 -0.42700 -2.32125e-01 |  2 -0.42915 -4.08195e+00 |  3 -0.39701 -1.80077e+00
  4 -0.41222  7.40370e+01 |  5 -0.41222  4.80503e+01 |  6  0.62282 -3.09763e+00
  7  0.00055 -6.29800e-02 |  8  0.00012 -1.56080e-02 |  9  0.00014 -1.78288e-02
 10  0.00018 -2.02108e-02 | 11  0.00022 -2.28498e-02 | 12  0.00029  6.82471e-02
 13  0.00104  6.48684e-02 | 14  0.00042  6.27439e-02 | 15  0.00050  5.89329e-02
 16  0.00060  5.44786e-02 | 17  0.00090  4.92495e-02 | 18  0.00107  4.90448e-02
 19  0.00105  5.82799e-02 | 20  0.00118  7.81838e-02 | 21  0.00183  6.09734e-02
 22  0.00140  7.24569e-02 | 23  0.00140  4.27425e-02 | 24  0.00167  7.39639e-02
 25 -0.00038  9.85682e-02 | 26 -0.00201  3.91266e-02 | 27  0.00098 -5.78431e-02
 28  0.00135 -5.13336e-03 | 29 -0.00268  1.58310e-01 | 30 -0.00635  2.51860e-02
 31 -0.00103  4.17423e-02 | 32  0.00016  1.57724e-02 | 33 -0.00006  1.73696e-02
 34  0.00013  2.15727e-02 | 35 -0.00025  4.01441e-02 | 36 -0.00202  1.57834e-02
 37 -0.00102 -6.90439e-03 | 38  0.00367  8.32058e-02 | 39  0.01755 -3.84590e-03
 40 -0.00913  6.40612e-02 | 41  0.00203 -4.30570e-03 | 42  0.00905  9.34244e-03
 43  0.00304 -6.33711e-02 | 44 -0.01090  1.56487e-03 | 45 -0.01195  1.32972e-01
 46  0.00330  2.79145e-02 | 47 -0.00706  1.31563e-02 | 48 -0.00771 -3.98656e-02
 49 -0.00211  4.88218e-04 | 50 -0.00851  3.04929e-02 | 51 -0.00873  5.82409e-03
 52 -0.00583 -3.26796e-02 | 53 -0.00445 -1.45023e-02 | 54 -0.00634  5.50249e-02
 55  0.01149  5.36429e-02 | 56 -0.00153  1.83999e-02 | 57  0.00136 -1.80236e-02
 58  0.00179  7.37590e-02 | 59  0.01978 -8.93370e-03 | 60 -0.01308 -5.00446e-02
 61  0.00931 -1.48044e-01 | 62 -0.00586 -1.28605e-01 | 63 -0.00554  5.07341e-03
 64  0.00287 -1.97872e-02 | 65  0.01016 -2.44790e-03 | 66 -0.00058 -1.22838e-01
 67 -0.00441 -5.09306e-02 | 68  0.00895 -2.24058e-01 | 69  0.03463 -1.05314e-01
 70  0.00987 -7.90030e-02 | 71  0.01051 -1.10377e-01 | 72 -0.01527 -5.06172e-02
 73 -0.00450 -6.67524e-02 | 74  0.04173 -1.57686e-01 | 75  0.06629 -2.85099e-01
 76  0.01112 -6.63656e-02 | 77 -0.00884 -3.80996e-02 | 78 -0.01332 -3.86924e-02
 79 -0.01243 -2.60612e-02 | 80 -0.01192 -3.71717e-02 | 81 -0.01266 -3.45058e-02
 82  0.03065 -1.41247e-01 | 83 -0.04320  1.59750e-02 | 84  0.04439 -1.77645e-01
 85  0.00911 -7.12883e-02 | 86 -0.02259  3.38238e-03 | 87  0.03518 -1.59222e-01
 88  0.01042 -7.29720e-02 | 89 -0.01584 -7.64364e-04 | 90 -0.00709 -2.33757e-02
 91 -0.01940  1.46120e-02 | 92 -0.01232  6.98854e-03 | 93 -0.01868  1.13855e-02
 94  0.06585 -2.46915e-01 | 95  0.01675 -2.16798e-02 | 96 -0.02023 -2.15679e-02
 97 -0.04177  6.69791e-02 | 98  0.01037  4.87625e-02 | 99 -0.02118  8.87634e-02
100 -0.00815  8.36175e-02 |101 -0.03920  7.99690e-02 |102  0.00205  1.24652e-01
103 -0.04484  8.41452e-02 |104  0.00414  3.98494e-01 |105 -0.00027  8.58981e-02
106  0.00002  8.20172e-02 |107  0.00000 -2.58284e+02 |108 -0.03658 -2.53539e-01
109 -0.41477  3.95414e-01 |110 -0.23369  8.32174e-03 |111 -0.21592 -7.55404e-02

Intermediate statistics: 111 variables; iteration 20; function evaluation 24; phase 5
Function value 5.6072579e+02; maximum gradient component mag -2.8111e+02
Var    Value     Gradient |Var    Value     Gradient |Var    Value     Gradient
  1 -0.42597 -2.25365e+01 |  2 -0.42348 -1.67573e+02 |  3 -0.40680 -1.01393e+02
  4 -0.40619  6.24084e+01 |  5 -0.45520  2.31438e+01 |  6  0.62064 -9.80107e+01
  7  0.00051 -1.22283e-01 |  8  0.00011 -2.80178e-02 |  9  0.00013 -3.35538e-02
 10  0.00016 -4.01444e-02 | 11  0.00020 -4.80698e-02 | 12  0.00023  3.54634e+00
 13  0.00098  3.53417e+00 | 14  0.00035  3.52170e+00 | 15  0.00042  3.50499e+00
 16  0.00051  3.48477e+00 | 17  0.00080  3.46024e+00 | 18  0.00095  3.43546e+00
 19  0.00092  3.41439e+00 | 20  0.00105  3.40011e+00 | 21  0.00174  3.36943e+00
 22  0.00139  3.37231e+00 | 23  0.00150  3.35661e+00 | 24  0.00178  3.34151e+00
 25 -0.00053  3.23840e+00 | 26 -0.00243  3.05752e+00 | 27  0.00065  2.94770e+00
 28  0.00189  3.39723e+00 | 29 -0.00295  3.22748e+00 | 30 -0.00652  3.09621e+00
 31 -0.00120  3.09025e+00 | 32 -0.00009  2.99526e+00 | 33 -0.00038  2.96736e+00
 34 -0.00031  2.88873e+00 | 35 -0.00075  2.84008e+00 | 36 -0.00251  2.79559e+00
 37 -0.00170  2.61437e+00 | 38  0.00294  2.42819e+00 | 39  0.01750  2.80026e+00
 40 -0.00981  2.47681e+00 | 41  0.00209  2.63732e+00 | 42  0.01076  3.26130e+00
 43  0.00268  2.47514e+00 | 44 -0.01112  2.56002e+00 | 45 -0.01240  2.29487e+00
 46  0.00275  2.13123e+00 | 47 -0.00733  2.26659e+00 | 48 -0.00797  2.10472e+00
 49 -0.00186  2.11666e+00 | 50 -0.00884  2.06549e+00 | 51 -0.00896  2.01284e+00
 52 -0.00589  1.87745e+00 | 53 -0.00433  1.78961e+00 | 54 -0.00688  1.29277e+00
 55  0.01105  1.11152e+00 | 56 -0.00194  1.18357e+00 | 57  0.00232  1.50538e+00
 58  0.00141  8.09672e-01 | 59  0.02093  2.69838e-01 | 60 -0.01316  1.29490e+00
 61  0.01018  4.35393e-01 | 62 -0.00588  6.37648e-01 | 63 -0.00524  5.54284e-01
 64  0.00317 -1.84147e-03 | 65  0.00957 -8.74820e-01 | 66 -0.00164 -7.20693e-01
 67 -0.00422 -3.37598e-01 | 68  0.00997 -1.29024e+00 | 69  0.03405 -4.50842e+00
 70  0.01052 -1.12820e+00 | 71  0.01132 -9.90036e-01 | 72 -0.01566 -4.30198e-01
 73 -0.00454 -1.93171e+00 | 74  0.04168 -9.20560e+00 | 75  0.06491 -2.71479e+01
 76  0.01113 -5.95742e+00 | 77 -0.00824 -1.50070e+00 | 78 -0.01297  2.02370e+00
 79 -0.01108  1.03700e+01 | 80 -0.01224  5.76708e-01 | 81 -0.01115  1.15557e+01
 82  0.02971 -1.96597e+01 | 83 -0.04203  2.78204e+00 | 84  0.04239 -5.48635e+01
 85  0.00969  6.37989e+00 | 86 -0.02252  1.57963e+00 | 87  0.03478 -2.60033e+01
 88  0.01031 -8.70003e+00 | 89 -0.01458  8.34190e+00 | 90 -0.00744  5.16467e-01
 91 -0.01812  1.72232e+01 | 92 -0.01213  8.35192e+00 | 93 -0.01668  2.06192e+01
 94  0.06462 -3.56769e+01 | 95  0.01673 -1.92699e+00 | 96 -0.02013  5.35736e+00
 97 -0.04039  1.20613e+01 | 98  0.01143  2.68150e+01 | 99 -0.01989  1.58992e+01
100 -0.00840  6.90939e+00 |101 -0.03875  4.05687e+00 |102  0.00156  4.48849e+00
103 -0.04464 -7.12058e-01 |104  0.00361  3.67617e+00 |105 -0.00031  3.60391e+00
106 -0.00001  3.59673e+00 |107  0.00093 -2.81110e+02 |108 -0.03392 -9.11010e+00
109 -0.41357  8.68382e+00 |110 -0.21928 -2.68963e+00 |111 -0.21416  9.81438e+00
111 variables; iteration 40; function evaluation 47; phase 5
Function value 5.5996155e+02; maximum gradient component mag -4.1462e+02
Var    Value     Gradient |Var    Value     Gradient |Var    Value     Gradient
  1 -0.42401 -3.04920e+01 |  2 -0.42165 -4.14625e+02 |  3 -0.40975 -1.72290e+02
  4 -0.42064 -5.37467e+00 |  5 -0.46731 -6.15987e+00 |  6  0.61853 -3.25932e+02
  7  0.00057 -3.70302e-01 |  8  0.00012 -8.07805e-02 |  9  0.00015 -9.87733e-02
 10  0.00018 -1.20654e-01 | 11  0.00022 -1.47159e-01 | 12  0.00035  8.61061e+00
 13  0.00110  8.56988e+00 | 14  0.00048  8.52576e+00 | 15  0.00055  8.47048e+00
 16  0.00065  8.40429e+00 | 17  0.00095  8.32367e+00 | 18  0.00111  8.22639e+00
 19  0.00108  8.10998e+00 | 20  0.00120  7.96892e+00 | 21  0.00192  7.80610e+00
 22  0.00159  7.63219e+00 | 23  0.00175  7.44047e+00 | 24  0.00202  7.21071e+00
 25 -0.00040  6.96169e+00 | 26 -0.00240  6.69362e+00 | 27  0.00092  6.77744e+00
 28  0.00267  7.23515e+00 | 29 -0.00327  6.04654e+00 | 30 -0.00643  6.54884e+00
 31 -0.00099  6.38336e+00 | 32  0.00013  6.12967e+00 | 33 -0.00018  6.12040e+00
 34 -0.00013  5.90058e+00 | 35 -0.00060  5.69551e+00 | 36 -0.00234  5.59691e+00
 37 -0.00158  5.29450e+00 | 38  0.00310  4.96982e+00 | 39  0.01791  4.12948e+00
 40 -0.00963  5.34347e+00 | 41  0.00338  5.88506e+00 | 42  0.01075  3.07836e+00
 43  0.00239  3.25223e+00 | 44 -0.01098  4.52790e+00 | 45 -0.01208  4.60719e+00
 46  0.00295  2.85007e+00 | 47 -0.00712  3.46213e+00 | 48 -0.00801  2.74319e+00
 49 -0.00158  2.08798e+00 | 50 -0.00838  3.35046e+00 | 51 -0.00876  2.37521e+00
 52 -0.00558  1.87255e+00 | 53 -0.00387  1.46490e+00 | 54 -0.00699  6.20019e-01
 55  0.01071 -3.23828e+00 | 56 -0.00167 -5.10546e-01 | 57  0.00193 -2.90252e+00
 58  0.00087 -3.24917e+00 | 59  0.02132 -7.35076e+00 | 60 -0.01321 -9.46241e-01
 61  0.01041 -6.15495e+00 | 62 -0.00630 -4.06400e+00 | 63 -0.00509 -4.05417e+00
 64  0.00298 -7.03594e+00 | 65  0.00799 -1.21327e+01 | 66 -0.00231 -7.53831e+00
 67 -0.00482 -7.68965e+00 | 68  0.00976 -1.12987e+01 | 69  0.03429 -1.76705e+01
 70  0.01102 -8.47814e+00 | 71  0.01288 -5.71504e+00 | 72 -0.01539 -3.12646e+00
 73 -0.00329 -2.60644e+00 | 74  0.04210 -2.26992e+01 | 75  0.06555 -3.87136e+01
 76  0.01166 -1.00879e+01 | 77 -0.00862 -1.20054e+01 | 78 -0.01268  6.15304e-01
 79 -0.01262 -2.08707e+01 | 80 -0.01213  6.57329e-01 | 81 -0.01135  8.59103e+00
 82  0.02991 -2.27292e+01 | 83 -0.04266 -5.60306e+00 | 84  0.04390 -2.71268e+01
 85  0.00925 -9.53993e+00 | 86 -0.02366 -1.72110e+01 | 87  0.03512 -1.71492e+01
 88  0.01105 -3.86663e+00 | 89 -0.01299  3.34417e+01 | 90 -0.00699  9.62488e+00
 91 -0.01881  6.55625e+00 | 92 -0.01327 -9.05414e+00 | 93 -0.01769  4.89855e+00
 94  0.06517 -2.07977e+01 | 95  0.01655 -4.01907e+00 | 96 -0.02122 -6.22046e+00
 97 -0.04155  2.20523e+00 | 98  0.00998  5.16709e+00 | 99 -0.02212 -6.17126e+00
100 -0.01044 -7.45440e+00 |101 -0.03959  1.79579e+01 |102  0.00139  2.63296e+01
103 -0.04596  6.63600e+00 |104  0.00366  9.79801e+00 |105 -0.00027  8.76858e+00
106  0.00008  8.79363e+00 |107  0.00215 -2.40153e+02 |108 -0.02801 -2.00181e+01
109 -0.41122  2.78876e+01 |110 -0.21861 -5.20066e+00 |111 -0.21575  6.62178e+00
111 variables; iteration 60; function evaluation 76; phase 5
Function value 5.5981138e+02; maximum gradient component mag -4.7906e+01
Var    Value     Gradient |Var    Value     Gradient |Var    Value     Gradient
  1 -0.42379 -2.87551e+00 |  2 -0.42126 -4.79057e+01 |  3 -0.41040 -1.85286e+01
  4 -0.42004 -2.91574e-01 |  5 -0.46875 -6.95899e-01 |  6  0.61819 -3.69074e+01
  7  0.00052 -2.67801e-02 |  8  0.00011 -6.18823e-03 |  9  0.00014 -7.57034e-03
 10  0.00017 -9.27220e-03 | 11  0.00020 -1.13841e-02 | 12  0.00027  9.67574e-01
 13  0.00102  9.63997e-01 | 14  0.00039  9.59949e-01 | 15  0.00046  9.54401e-01
 16  0.00055  9.47174e-01 | 17  0.00083  9.37631e-01 | 18  0.00098  9.26052e-01
 19  0.00094  9.13037e-01 | 20  0.00106  8.98975e-01 | 21  0.00177  8.77418e-01
 22  0.00144  8.61948e-01 | 23  0.00160  8.41780e-01 | 24  0.00189  8.37321e-01
 25 -0.00047  8.28585e-01 | 26 -0.00243  7.71037e-01 | 27  0.00068  7.66048e-01
 28  0.00211  8.30748e-01 | 29 -0.00304  7.95151e-01 | 30 -0.00640  8.52332e-01
 31 -0.00113  7.64503e-01 | 32 -0.00003  7.38094e-01 | 33 -0.00033  7.38976e-01
 34 -0.00026  7.24264e-01 | 35 -0.00071  7.09762e-01 | 36 -0.00244  7.03330e-01
 37 -0.00164  6.74052e-01 | 38  0.00295  5.74712e-01 | 39  0.01753  4.96808e-01
 40 -0.00979  5.92554e-01 | 41  0.00225  5.91350e-01 | 42  0.01108  5.86786e-01
 43  0.00263  4.88675e-01 | 44 -0.01112  5.04791e-01 | 45 -0.01233  4.99092e-01
 46  0.00281  3.76736e-01 | 47 -0.00729  3.95678e-01 | 48 -0.00791  3.75946e-01
 49 -0.00166  2.29232e-01 | 50 -0.00875  5.14788e-01 | 51 -0.00885  3.39520e-01
 52 -0.00576  2.56621e-01 | 53 -0.00415  1.99681e-01 | 54 -0.00688  2.07368e-01
 55  0.01101 -3.39546e-01 | 56 -0.00188 -5.62038e-02 | 57  0.00246 -2.63469e-01
 58  0.00146 -7.52526e-02 | 59  0.02148 -4.46931e-01 | 60 -0.01320 -3.79883e-02
 61  0.01056 -5.21365e-01 | 62 -0.00577 -3.59696e-01 | 63 -0.00499 -3.72028e-01
 64  0.00350 -4.18472e-01 | 65  0.00976 -7.22665e-01 | 66 -0.00164 -8.39453e-01
 67 -0.00392 -7.84645e-01 | 68  0.01041 -1.23747e+00 | 69  0.03417 -1.72178e+00
 70  0.01074 -1.27647e+00 | 71  0.01167 -1.36641e+00 | 72 -0.01569 -6.76352e-01
 73 -0.00427 -9.43545e-01 | 74  0.04209 -2.75944e+00 | 75  0.06559 -5.04058e+00
 76  0.01146 -1.60466e+00 | 77 -0.00795 -5.56736e-01 | 78 -0.01324 -1.12307e+00
 79 -0.01164 -6.11193e-01 | 80 -0.01264 -1.00042e+00 | 81 -0.01196 -8.30061e-01
 82  0.03015 -2.19957e+00 | 83 -0.04196  2.25564e-01 | 84  0.04406 -2.72352e+00
 85  0.00939 -1.26523e+00 | 86 -0.02227 -1.94905e-01 | 87  0.03531 -1.94119e+00
 88  0.01090 -1.20209e+00 | 89 -0.01477 -4.60173e-01 | 90 -0.00761 -4.73214e-01
 91 -0.01910 -3.12986e-01 | 92 -0.01265  2.54692e-01 | 93 -0.01776  1.12496e-01
 94  0.06540 -2.04845e+00 | 95  0.01683 -3.07664e-01 | 96 -0.02038  6.98107e-01
 97 -0.04105  7.62594e-01 | 98  0.00988  1.24046e-01 | 99 -0.02123  8.35236e-01
100 -0.00965  6.12279e-01 |101 -0.04006  1.32184e+00 |102  0.00009  1.25778e+00
103 -0.04567  9.28466e-01 |104  0.00322  1.07431e+00 |105 -0.00032  9.78021e-01
106  0.00003  9.81349e-01 |107  0.00234 -2.73737e+01 |108 -0.02707 -2.24316e+00
109 -0.41082  3.18801e+00 |110 -0.21680  2.90619e-02 |111 -0.21608 -1.90919e-01
111 variables; iteration 80; function evaluation 116; phase 5
Function value 5.5981049e+02; maximum gradient component mag 6.5414e-02
Var    Value     Gradient |Var    Value     Gradient |Var    Value     Gradient
  1 -0.42374  5.05924e-03 |  2 -0.42112  3.55972e-02 |  3 -0.41066  1.67644e-02
  4 -0.41998 -9.01949e-04 |  5 -0.46923 -1.09747e-03 |  6  0.61808  6.54137e-02
  7  0.00051  7.35798e-04 |  8  0.00011 -2.53234e-04 |  9  0.00013 -2.75241e-04
 10  0.00016 -2.80523e-04 | 11  0.00020 -2.52616e-04 | 12  0.00025 -2.26843e-03
 13  0.00100 -1.96524e-03 | 14  0.00037 -1.58660e-03 | 15  0.00044 -1.08527e-03
 16  0.00053 -5.84325e-04 | 17  0.00081 -3.12924e-04 | 18  0.00096 -4.78916e-04
 19  0.00092 -9.98205e-04 | 20  0.00104 -1.65027e-03 | 21  0.00174 -1.79308e-03
 22  0.00142 -1.27109e-04 | 23  0.00158  3.95234e-03 | 24  0.00186  1.42591e-03
 25 -0.00052 -5.14390e-03 | 26 -0.00244 -2.03618e-03 | 27  0.00065 -5.18556e-03
 28  0.00203 -5.11455e-03 | 29 -0.00309 -9.69064e-03 | 30 -0.00647 -2.07590e-03
 31 -0.00118 -1.58335e-03 | 32 -0.00008 -3.67218e-04 | 33 -0.00037 -1.04779e-03
 34 -0.00032 -2.53835e-03 | 35 -0.00076 -7.36601e-04 | 36 -0.00249  2.13409e-04
 37 -0.00169 -6.27643e-05 | 38  0.00293  1.83337e-03 | 39  0.01747 -2.31496e-03
 40 -0.00980 -1.10185e-03 | 41  0.00219 -5.84730e-03 | 42  0.01098 -4.42427e-03
 43  0.00260  2.72123e-03 | 44 -0.01113 -8.87366e-04 | 45 -0.01235 -1.05657e-02
 46  0.00278 -2.95713e-03 | 47 -0.00730 -3.61383e-03 | 48 -0.00792 -2.85307e-03
 49 -0.00165 -1.88661e-03 | 50 -0.00885  7.44502e-03 | 51 -0.00888 -4.19615e-03
 52 -0.00578 -3.47717e-03 | 53 -0.00417 -4.75542e-03 | 54 -0.00693 -1.18472e-03
 55  0.01106  6.92697e-03 | 56 -0.00186  5.12249e-03 | 57  0.00254  7.76009e-04
 58  0.00139 -3.52946e-03 | 59  0.02136 -4.75300e-03 | 60 -0.01321 -7.60624e-03
 61  0.01056  2.73640e-03 | 62 -0.00571  3.25090e-04 | 63 -0.00496  4.28439e-04
 64  0.00343 -2.52075e-03 | 65  0.00973 -3.20235e-03 | 66 -0.00150  7.64828e-03
 67 -0.00379  2.80233e-03 | 68  0.01057  7.06355e-03 | 69  0.03411 -5.87066e-03
 70  0.01082  1.02413e-03 | 71  0.01176  1.30129e-03 | 72 -0.01560  2.06081e-03
 73 -0.00419 -1.23427e-04 | 74  0.04213  2.28366e-04 | 75  0.06567  1.27339e-02
 76  0.01152  8.15747e-04 | 77 -0.00793  5.74065e-04 | 78 -0.01318  5.85419e-03
 79 -0.01161  7.84458e-03 | 80 -0.01260 -2.11099e-03 | 81 -0.01192 -1.07093e-02
 82  0.03016  9.68863e-03 | 83 -0.04194 -4.70892e-04 | 84  0.04408  1.59382e-02
 85  0.00943  4.76303e-03 | 86 -0.02225  9.63278e-03 | 87  0.03534  1.03006e-02
 88  0.01094  4.86421e-03 | 89 -0.01472 -2.78644e-02 | 90 -0.00758 -1.99470e-03
 91 -0.01905 -3.48521e-03 | 92 -0.01265  5.37233e-03 | 93 -0.01773 -2.62497e-03
 94  0.06542  1.74992e-02 | 95  0.01687  8.16381e-03 | 96 -0.02038  5.81190e-03
 97 -0.04102  5.04261e-03 | 98  0.00992 -6.84730e-04 | 99 -0.02121  2.37925e-03
100 -0.00963  1.28554e-02 |101 -0.04007 -1.47701e-02 |102  0.00008 -2.02342e-02
103 -0.04564  3.59870e-03 |104  0.00317 -2.74754e-03 |105 -0.00033 -1.72226e-03
106  0.00001 -2.47750e-03 |107  0.00235 -6.40456e-02 |108 -0.02663  3.30551e-03
109 -0.41064 -5.53725e-03 |110 -0.21684 -1.77634e-03 |111 -0.21617  6.16113e-03
  ic > imax  in fminim is answer attained ?
Var    Value     Gradient |Var    Value     Gradient |Var    Value     Gradient
  1 -0.42374  2.47668e-05 |  2 -0.42111  2.06323e-04 |  3 -0.41066  9.30526e-05
  4 -0.41998 -3.34707e-06 |  5 -0.46923 -3.31939e-06 |  6  0.61808  3.15525e-04
  7  0.00050  7.19486e-07 |  8  0.00011 -8.07718e-06 |  9  0.00013 -9.33354e-06
 10  0.00016 -1.04946e-05 | 11  0.00020 -1.13083e-05 | 12  0.00025 -1.45392e-05
 13  0.00100 -1.17328e-05 | 14  0.00037 -7.85186e-06 | 15  0.00044 -3.21984e-06
 16  0.00052 -4.68400e-07 | 17  0.00081 -3.30000e-06 | 18  0.00096 -1.07520e-05
 19  0.00092 -1.48635e-05 | 20  0.00104 -8.82979e-06 | 21  0.00174  5.47035e-06
 22  0.00142 -3.27944e-06 | 23  0.00158  1.34989e-05 | 24  0.00185  1.00300e-05
 25 -0.00051 -5.41689e-06 | 26 -0.00244 -2.62625e-05 | 27  0.00065 -3.64503e-05
 28  0.00203 -3.81553e-05 | 29 -0.00309 -2.70487e-05 | 30 -0.00647  8.61403e-06
 31 -0.00118 -3.21325e-07 | 32 -0.00008 -6.08912e-06 | 33 -0.00037 -1.91080e-05
 34 -0.00032 -1.07743e-05 | 35 -0.00076 -1.30709e-05 | 36 -0.00249  2.85414e-05
 37 -0.00169 -1.87937e-05 | 38  0.00293  2.05098e-05 | 39  0.01748 -1.22006e-05
 40 -0.00980 -4.03152e-05 | 41  0.00219 -3.13380e-05 | 42  0.01098 -2.34677e-05
 43  0.00260  1.27945e-05 | 44 -0.01113 -8.07293e-06 | 45 -0.01235 -5.20892e-05
 46  0.00278 -3.60411e-05 | 47 -0.00730 -5.58507e-06 | 48 -0.00792  1.45029e-05
 49 -0.00165 -2.27592e-05 | 50 -0.00886  2.98024e-05 | 51 -0.00888  5.60054e-06
 52 -0.00578  2.43585e-06 | 53 -0.00417  2.74611e-06 | 54 -0.00693  1.15850e-06
 55  0.01106  3.82336e-05 | 56 -0.00187  3.90534e-05 | 57  0.00254  2.28678e-06
 58  0.00139 -2.39945e-05 | 59  0.02136 -1.09755e-05 | 60 -0.01320 -2.58788e-05
 61  0.01055 -4.72243e-06 | 62 -0.00571 -2.17601e-05 | 63 -0.00496  1.74488e-05
 64  0.00343 -1.60956e-05 | 65  0.00974 -1.07960e-05 | 66 -0.00150  2.94444e-05
 67 -0.00379 -7.76013e-06 | 68  0.01056  4.58089e-05 | 69  0.03411 -2.33690e-05
 70  0.01082  6.47923e-06 | 71  0.01176  7.32540e-06 | 72 -0.01560  9.83475e-06
 73 -0.00419  1.42323e-06 | 74  0.04213  4.91299e-06 | 75  0.06567  5.97749e-05
 76  0.01152  5.55908e-06 | 77 -0.00793  3.05315e-06 | 78 -0.01318  2.47688e-05
 79 -0.01161  3.29141e-05 | 80 -0.01260 -7.69668e-06 | 81 -0.01191 -4.40246e-05
 82  0.03016  4.21439e-05 | 83 -0.04194 -2.62734e-06 | 84  0.04408  6.81423e-05
 85  0.00943  2.04355e-05 | 86 -0.02225  4.00304e-05 | 87  0.03534  4.31200e-05
 88  0.01094  2.06519e-05 | 89 -0.01472 -1.15191e-04 | 90 -0.00758 -8.34143e-06
 91 -0.01905 -1.48788e-05 | 92 -0.01265  2.14356e-05 | 93 -0.01773 -1.18760e-05
 94  0.06542  7.23008e-05 | 95  0.01687  3.32322e-05 | 96 -0.02038  2.26516e-05
 97 -0.04102  1.89842e-05 | 98  0.00992 -3.52251e-06 | 99 -0.02121  8.55796e-06
100 -0.00963  5.21617e-05 |101 -0.04007 -6.27097e-05 |102  0.00008 -8.48993e-05
103 -0.04564  1.37469e-05 |104  0.00317 -1.24152e-05 |105 -0.00033 -4.06837e-06
106  0.00002 -8.01682e-06 |107  0.00236 -2.33759e-04 |108 -0.02663  1.60327e-05
109 -0.41064 -2.55674e-05 |110 -0.21683 -7.28923e-06 |111 -0.21617  2.55626e-05
Function minimizer not making progress ... is minimum attained?
Minimprove criterion = 0.0000e+00

 - final statistics:
111 variables; iteration 95; function evaluation 171
Function value 5.5981e+02; maximum gradient component mag 3.1553e-04
Exit code = 1;  converg criter 1.0000e-04
Var    Value     Gradient |Var    Value     Gradient |Var    Value     Gradient
  1 -0.42374  2.47668e-05 |  2 -0.42111  2.06323e-04 |  3 -0.41066  9.30526e-05
  4 -0.41998 -3.34707e-06 |  5 -0.46923 -3.31939e-06 |  6  0.61808  3.15525e-04
  7  0.00050  7.19486e-07 |  8  0.00011 -8.07718e-06 |  9  0.00013 -9.33354e-06
 10  0.00016 -1.04946e-05 | 11  0.00020 -1.13083e-05 | 12  0.00025 -1.45392e-05
 13  0.00100 -1.17328e-05 | 14  0.00037 -7.85186e-06 | 15  0.00044 -3.21984e-06
 16  0.00052 -4.68400e-07 | 17  0.00081 -3.30000e-06 | 18  0.00096 -1.07520e-05
 19  0.00092 -1.48635e-05 | 20  0.00104 -8.82979e-06 | 21  0.00174  5.47035e-06
 22  0.00142 -3.27944e-06 | 23  0.00158  1.34989e-05 | 24  0.00185  1.00300e-05
 25 -0.00051 -5.41689e-06 | 26 -0.00244 -2.62625e-05 | 27  0.00065 -3.64503e-05
 28  0.00203 -3.81553e-05 | 29 -0.00309 -2.70487e-05 | 30 -0.00647  8.61403e-06
 31 -0.00118 -3.21325e-07 | 32 -0.00008 -6.08912e-06 | 33 -0.00037 -1.91080e-05
 34 -0.00032 -1.07743e-05 | 35 -0.00076 -1.30709e-05 | 36 -0.00249  2.85414e-05
 37 -0.00169 -1.87937e-05 | 38  0.00293  2.05098e-05 | 39  0.01748 -1.22006e-05
 40 -0.00980 -4.03152e-05 | 41  0.00219 -3.13380e-05 | 42  0.01098 -2.34677e-05
 43  0.00260  1.27945e-05 | 44 -0.01113 -8.07293e-06 | 45 -0.01235 -5.20892e-05
 46  0.00278 -3.60411e-05 | 47 -0.00730 -5.58507e-06 | 48 -0.00792  1.45029e-05
 49 -0.00165 -2.27592e-05 | 50 -0.00886  2.98024e-05 | 51 -0.00888  5.60054e-06
 52 -0.00578  2.43585e-06 | 53 -0.00417  2.74611e-06 | 54 -0.00693  1.15850e-06
 55  0.01106  3.82336e-05 | 56 -0.00187  3.90534e-05 | 57  0.00254  2.28678e-06
 58  0.00139 -2.39945e-05 | 59  0.02136 -1.09755e-05 | 60 -0.01320 -2.58788e-05
 61  0.01055 -4.72243e-06 | 62 -0.00571 -2.17601e-05 | 63 -0.00496  1.74488e-05
 64  0.00343 -1.60956e-05 | 65  0.00974 -1.07960e-05 | 66 -0.00150  2.94444e-05
 67 -0.00379 -7.76013e-06 | 68  0.01056  4.58089e-05 | 69  0.03411 -2.33690e-05
 70  0.01082  6.47923e-06 | 71  0.01176  7.32540e-06 | 72 -0.01560  9.83475e-06
 73 -0.00419  1.42323e-06 | 74  0.04213  4.91299e-06 | 75  0.06567  5.97749e-05
 76  0.01152  5.55908e-06 | 77 -0.00793  3.05315e-06 | 78 -0.01318  2.47688e-05
 79 -0.01161  3.29141e-05 | 80 -0.01260 -7.69668e-06 | 81 -0.01191 -4.40246e-05
 82  0.03016  4.21439e-05 | 83 -0.04194 -2.62734e-06 | 84  0.04408  6.81423e-05
 85  0.00943  2.04355e-05 | 86 -0.02225  4.00304e-05 | 87  0.03534  4.31200e-05
 88  0.01094  2.06519e-05 | 89 -0.01472 -1.15191e-04 | 90 -0.00758 -8.34143e-06
 91 -0.01905 -1.48788e-05 | 92 -0.01265  2.14356e-05 | 93 -0.01773 -1.18760e-05
 94  0.06542  7.23008e-05 | 95  0.01687  3.32322e-05 | 96 -0.02038  2.26516e-05
 97 -0.04102  1.89842e-05 | 98  0.00992 -3.52251e-06 | 99 -0.02121  8.55796e-06
100 -0.00963  5.21617e-05 |101 -0.04007 -6.27097e-05 |102  0.00008 -8.48993e-05
103 -0.04564  1.37469e-05 |104  0.00317 -1.24152e-05 |105 -0.00033 -4.06837e-06
106  0.00002 -8.01682e-06 |107  0.00236 -2.33759e-04 |108 -0.02663  1.60327e-05
109 -0.41064 -2.55674e-05 |110 -0.21683 -7.28923e-06 |111 -0.21617  2.55626e-05

Initial statistics: 112 variables; iteration 0; function evaluation 0; phase 6
Function value 5.5981049e+02; maximum gradient component mag 3.1553e-04
Var    Value     Gradient |Var    Value     Gradient |Var    Value     Gradient
  1 -0.42374  2.47668e-05 |  2 -0.42111  2.06323e-04 |  3 -0.41066  9.30527e-05
  4 -0.41998 -3.34706e-06 |  5 -0.46923 -3.31939e-06 |  6  0.61808  3.15526e-04
  7  0.00050  7.19487e-07 |  8  0.00011 -8.07718e-06 |  9  0.00013 -9.33354e-06
 10  0.00016 -1.04946e-05 | 11  0.00020 -1.13083e-05 | 12  0.00025 -1.37468e-05
 13  0.00100 -1.09403e-05 | 14  0.00037 -7.05942e-06 | 15  0.00044 -2.42740e-06
 16  0.00052  3.24039e-07 | 17  0.00081 -2.50756e-06 | 18  0.00096 -9.95953e-06
 19  0.00092 -1.40710e-05 | 20  0.00104 -8.03735e-06 | 21  0.00174  6.26279e-06
 22  0.00142 -2.48700e-06 | 23  0.00158  1.42914e-05 | 24  0.00185  1.08225e-05
 25 -0.00051 -4.62445e-06 | 26 -0.00244 -2.54701e-05 | 27  0.00065 -3.56579e-05
 28  0.00203 -3.73629e-05 | 29 -0.00309 -2.62563e-05 | 30 -0.00647  9.40643e-06
 31 -0.00118  4.71114e-07 | 32 -0.00008 -5.29668e-06 | 33 -0.00037 -1.83156e-05
 34 -0.00032 -9.98182e-06 | 35 -0.00076 -1.22785e-05 | 36 -0.00249  2.93338e-05
 37 -0.00169 -1.80013e-05 | 38  0.00293  2.13022e-05 | 39  0.01748 -1.14084e-05
 40 -0.00980 -3.95229e-05 | 41  0.00219 -3.05456e-05 | 42  0.01098 -2.26753e-05
 43  0.00260  1.35869e-05 | 44 -0.01113 -7.28061e-06 | 45 -0.01235 -5.12969e-05
 46  0.00278 -3.52487e-05 | 47 -0.00730 -4.79268e-06 | 48 -0.00792  1.52953e-05
 49 -0.00165 -2.19668e-05 | 50 -0.00886  3.05947e-05 | 51 -0.00888  6.39290e-06
 52 -0.00578  3.22826e-06 | 53 -0.00417  3.53854e-06 | 54 -0.00693  1.95090e-06
 55  0.01106  3.90259e-05 | 56 -0.00187  3.98459e-05 | 57  0.00254  3.07922e-06
 58  0.00139 -2.32021e-05 | 59  0.02136 -1.01835e-05 | 60 -0.01320 -2.50866e-05
 61  0.01055 -3.93009e-06 | 62 -0.00571 -2.09677e-05 | 63 -0.00496  1.82412e-05
 64  0.00343 -1.53031e-05 | 65  0.00974 -1.00036e-05 | 66 -0.00150  3.02369e-05
 67 -0.00379 -6.96770e-06 | 68  0.01056  4.66012e-05 | 69  0.03411 -2.25777e-05
 70  0.01082  7.27157e-06 | 71  0.01176  8.11771e-06 | 72 -0.01560  1.06270e-05
 73 -0.00419  2.21566e-06 | 74  0.04213  5.70371e-06 | 75  0.06567  6.05632e-05
 76  0.01152  6.35140e-06 | 77 -0.00793  3.84554e-06 | 78 -0.01318  2.55611e-05
 79 -0.01161  3.37064e-05 | 80 -0.01260 -6.90439e-06 | 81 -0.01191 -4.32323e-05
 82  0.03016  4.29354e-05 | 83 -0.04194 -1.83661e-06 | 84  0.04408  6.89328e-05
 85  0.00943  2.12278e-05 | 86 -0.02225  4.08223e-05 | 87  0.03534  4.39112e-05
 88  0.01094  2.14442e-05 | 89 -0.01472 -1.14399e-04 | 90 -0.00758 -7.54904e-06
 91 -0.01905 -1.40867e-05 | 92 -0.01265  2.22278e-05 | 93 -0.01773 -1.10838e-05
 94  0.06542  7.30891e-05 | 95  0.01687  3.40244e-05 | 96 -0.02038  2.34436e-05
 97 -0.04102  1.97750e-05 | 98  0.00992 -2.73016e-06 | 99 -0.02121  9.34996e-06
100 -0.00963  5.29540e-05 |101 -0.04007 -6.19188e-05 |102  0.00008 -8.41069e-05
103 -0.04564  1.45373e-05 |104  0.00317 -1.16228e-05 |105 -0.00033 -3.27594e-06
106  0.00002 -7.22439e-06 |107  0.00000  0.00000e+00 |108  0.00236 -2.33759e-04
109 -0.02663  1.60327e-05 |110 -0.41064 -2.55674e-05 |111 -0.21683 -7.28923e-06
112 -0.21617  2.55626e-05 |
  ic > imax  in fminim is answer attained ?
Var    Value     Gradient |Var    Value     Gradient |Var    Value     Gradient
  1 -0.42374  2.47668e-05 |  2 -0.42111  2.06323e-04 |  3 -0.41066  9.30527e-05
  4 -0.41998 -3.34706e-06 |  5 -0.46923 -3.31939e-06 |  6  0.61808  3.15526e-04
  7  0.00050  7.19487e-07 |  8  0.00011 -8.07718e-06 |  9  0.00013 -9.33354e-06
 10  0.00016 -1.04946e-05 | 11  0.00020 -1.13083e-05 | 12  0.00025 -1.37468e-05
 13  0.00100 -1.09403e-05 | 14  0.00037 -7.05942e-06 | 15  0.00044 -2.42740e-06
 16  0.00052  3.24039e-07 | 17  0.00081 -2.50756e-06 | 18  0.00096 -9.95953e-06
 19  0.00092 -1.40710e-05 | 20  0.00104 -8.03735e-06 | 21  0.00174  6.26279e-06
 22  0.00142 -2.48700e-06 | 23  0.00158  1.42914e-05 | 24  0.00185  1.08225e-05
 25 -0.00051 -4.62445e-06 | 26 -0.00244 -2.54701e-05 | 27  0.00065 -3.56579e-05
 28  0.00203 -3.73629e-05 | 29 -0.00309 -2.62563e-05 | 30 -0.00647  9.40643e-06
 31 -0.00118  4.71114e-07 | 32 -0.00008 -5.29668e-06 | 33 -0.00037 -1.83156e-05
 34 -0.00032 -9.98182e-06 | 35 -0.00076 -1.22785e-05 | 36 -0.00249  2.93338e-05
 37 -0.00169 -1.80013e-05 | 38  0.00293  2.13022e-05 | 39  0.01748 -1.14084e-05
 40 -0.00980 -3.95229e-05 | 41  0.00219 -3.05456e-05 | 42  0.01098 -2.26753e-05
 43  0.00260  1.35869e-05 | 44 -0.01113 -7.28061e-06 | 45 -0.01235 -5.12969e-05
 46  0.00278 -3.52487e-05 | 47 -0.00730 -4.79268e-06 | 48 -0.00792  1.52953e-05
 49 -0.00165 -2.19668e-05 | 50 -0.00886  3.05947e-05 | 51 -0.00888  6.39290e-06
 52 -0.00578  3.22826e-06 | 53 -0.00417  3.53854e-06 | 54 -0.00693  1.95090e-06
 55  0.01106  3.90259e-05 | 56 -0.00187  3.98459e-05 | 57  0.00254  3.07922e-06
 58  0.00139 -2.32021e-05 | 59  0.02136 -1.01835e-05 | 60 -0.01320 -2.50866e-05
 61  0.01055 -3.93009e-06 | 62 -0.00571 -2.09677e-05 | 63 -0.00496  1.82412e-05
 64  0.00343 -1.53031e-05 | 65  0.00974 -1.00036e-05 | 66 -0.00150  3.02369e-05
 67 -0.00379 -6.96770e-06 | 68  0.01056  4.66012e-05 | 69  0.03411 -2.25777e-05
 70  0.01082  7.27157e-06 | 71  0.01176  8.11771e-06 | 72 -0.01560  1.06270e-05
 73 -0.00419  2.21566e-06 | 74  0.04213  5.70371e-06 | 75  0.06567  6.05632e-05
 76  0.01152  6.35140e-06 | 77 -0.00793  3.84554e-06 | 78 -0.01318  2.55611e-05
 79 -0.01161  3.37064e-05 | 80 -0.01260 -6.90439e-06 | 81 -0.01191 -4.32323e-05
 82  0.03016  4.29354e-05 | 83 -0.04194 -1.83661e-06 | 84  0.04408  6.89328e-05
 85  0.00943  2.12278e-05 | 86 -0.02225  4.08223e-05 | 87  0.03534  4.39112e-05
 88  0.01094  2.14442e-05 | 89 -0.01472 -1.14399e-04 | 90 -0.00758 -7.54904e-06
 91 -0.01905 -1.40867e-05 | 92 -0.01265  2.22278e-05 | 93 -0.01773 -1.10838e-05
 94  0.06542  7.30891e-05 | 95  0.01687  3.40244e-05 | 96 -0.02038  2.34436e-05
 97 -0.04102  1.97750e-05 | 98  0.00992 -2.73016e-06 | 99 -0.02121  9.34996e-06
100 -0.00963  5.29540e-05 |101 -0.04007 -6.19188e-05 |102  0.00008 -8.41069e-05
103 -0.04564  1.45373e-05 |104  0.00317 -1.16228e-05 |105 -0.00033 -3.27594e-06
106  0.00002 -7.22439e-06 |107  0.00000  0.00000e+00 |108  0.00236 -2.33759e-04
109 -0.02663  1.60327e-05 |110 -0.41064 -2.55674e-05 |111 -0.21683 -7.28923e-06
112 -0.21617  2.55626e-05 |
Function minimizer not making progress ... is minimum attained?
Minimprove criterion = 0.0000e+00

 - final statistics:
112 variables; iteration 1; function evaluation 30
Function value 5.5981e+02; maximum gradient component mag 3.1553e-04
Exit code = 1;  converg criter 1.0000e-04
Var    Value     Gradient |Var    Value     Gradient |Var    Value     Gradient
  1 -0.42374  2.47668e-05 |  2 -0.42111  2.06323e-04 |  3 -0.41066  9.30527e-05
  4 -0.41998 -3.34706e-06 |  5 -0.46923 -3.31939e-06 |  6  0.61808  3.15526e-04
  7  0.00050  7.19487e-07 |  8  0.00011 -8.07718e-06 |  9  0.00013 -9.33354e-06
 10  0.00016 -1.04946e-05 | 11  0.00020 -1.13083e-05 | 12  0.00025 -1.37468e-05
 13  0.00100 -1.09403e-05 | 14  0.00037 -7.05942e-06 | 15  0.00044 -2.42740e-06
 16  0.00052  3.24039e-07 | 17  0.00081 -2.50756e-06 | 18  0.00096 -9.95953e-06
 19  0.00092 -1.40710e-05 | 20  0.00104 -8.03735e-06 | 21  0.00174  6.26279e-06
 22  0.00142 -2.48700e-06 | 23  0.00158  1.42914e-05 | 24  0.00185  1.08225e-05
 25 -0.00051 -4.62445e-06 | 26 -0.00244 -2.54701e-05 | 27  0.00065 -3.56579e-05
 28  0.00203 -3.73629e-05 | 29 -0.00309 -2.62563e-05 | 30 -0.00647  9.40643e-06
 31 -0.00118  4.71114e-07 | 32 -0.00008 -5.29668e-06 | 33 -0.00037 -1.83156e-05
 34 -0.00032 -9.98182e-06 | 35 -0.00076 -1.22785e-05 | 36 -0.00249  2.93338e-05
 37 -0.00169 -1.80013e-05 | 38  0.00293  2.13022e-05 | 39  0.01748 -1.14084e-05
 40 -0.00980 -3.95229e-05 | 41  0.00219 -3.05456e-05 | 42  0.01098 -2.26753e-05
 43  0.00260  1.35869e-05 | 44 -0.01113 -7.28061e-06 | 45 -0.01235 -5.12969e-05
 46  0.00278 -3.52487e-05 | 47 -0.00730 -4.79268e-06 | 48 -0.00792  1.52953e-05
 49 -0.00165 -2.19668e-05 | 50 -0.00886  3.05947e-05 | 51 -0.00888  6.39290e-06
 52 -0.00578  3.22826e-06 | 53 -0.00417  3.53854e-06 | 54 -0.00693  1.95090e-06
 55  0.01106  3.90259e-05 | 56 -0.00187  3.98459e-05 | 57  0.00254  3.07922e-06
 58  0.00139 -2.32021e-05 | 59  0.02136 -1.01835e-05 | 60 -0.01320 -2.50866e-05
 61  0.01055 -3.93009e-06 | 62 -0.00571 -2.09677e-05 | 63 -0.00496  1.82412e-05
 64  0.00343 -1.53031e-05 | 65  0.00974 -1.00036e-05 | 66 -0.00150  3.02369e-05
 67 -0.00379 -6.96770e-06 | 68  0.01056  4.66012e-05 | 69  0.03411 -2.25777e-05
 70  0.01082  7.27157e-06 | 71  0.01176  8.11771e-06 | 72 -0.01560  1.06270e-05
 73 -0.00419  2.21566e-06 | 74  0.04213  5.70371e-06 | 75  0.06567  6.05632e-05
 76  0.01152  6.35140e-06 | 77 -0.00793  3.84554e-06 | 78 -0.01318  2.55611e-05
 79 -0.01161  3.37064e-05 | 80 -0.01260 -6.90439e-06 | 81 -0.01191 -4.32323e-05
 82  0.03016  4.29354e-05 | 83 -0.04194 -1.83661e-06 | 84  0.04408  6.89328e-05
 85  0.00943  2.12278e-05 | 86 -0.02225  4.08223e-05 | 87  0.03534  4.39112e-05
 88  0.01094  2.14442e-05 | 89 -0.01472 -1.14399e-04 | 90 -0.00758 -7.54904e-06
 91 -0.01905 -1.40867e-05 | 92 -0.01265  2.22278e-05 | 93 -0.01773 -1.10838e-05
 94  0.06542  7.30891e-05 | 95  0.01687  3.40244e-05 | 96 -0.02038  2.34436e-05
 97 -0.04102  1.97750e-05 | 98  0.00992 -2.73016e-06 | 99 -0.02121  9.34996e-06
100 -0.00963  5.29540e-05 |101 -0.04007 -6.19188e-05 |102  0.00008 -8.41069e-05
103 -0.04564  1.45373e-05 |104  0.00317 -1.16228e-05 |105 -0.00033 -3.27594e-06
106  0.00002 -7.22439e-06 |107  0.00000  0.00000e+00 |108  0.00236 -2.33759e-04
109 -0.02663  1.60327e-05 |110 -0.41064 -2.55674e-05 |111 -0.21683 -7.28923e-06
112 -0.21617  2.55626e-05 |
size of file gradfil1.tmp = 0
size of file gradfil2.tmp = 0
size of file varssave.tmp = 0
size of file cmpdiff.tmp = 0
