
Initial statistics: 1 variables; iteration 0; function evaluation 0; phase 1
Function value 8.9072171e+02; maximum gradient component mag 1.2474e+04
Var    Value     Gradient |Var    Value     Gradient |Var    Value     Gradient
  1  0.63197  1.24739e+04 |

 - final statistics:
1 variables; iteration 6; function evaluation 24
Function value 7.7758e+02; maximum gradient component mag -6.0232e-02
Exit code = 1;  converg criter 1.0000e+01
Var    Value     Gradient |Var    Value     Gradient |Var    Value     Gradient
  1  0.62199 -6.02322e-02 |

Initial statistics: 98 variables; iteration 0; function evaluation 0; phase 2
Function value 7.7757975e+02; maximum gradient component mag 1.1222e+03
Var    Value     Gradient |Var    Value     Gradient |Var    Value     Gradient
  1  0.62199 -6.02322e-02 |  2  0.00000 -4.23118e+01 |  3  0.00000 -4.99521e+01
  4  0.00000 -5.91301e+01 |  5  0.00000 -7.01154e+01 |  6  0.00000 -8.34058e+01
  7  0.00000 -9.87129e+01 |  8  0.00000 -1.16964e+02 |  9  0.00000 -1.38254e+02
 10  0.00000 -1.62825e+02 | 11  0.00000 -1.90787e+02 | 12  0.00000 -2.22006e+02
 13  0.00000 -2.55925e+02 | 14  0.00000 -2.91282e+02 | 15  0.00000 -3.24755e+02
 16  0.00000 -3.56255e+02 | 17  0.00000 -3.76624e+02 | 18  0.00000 -3.81443e+02
 19  0.00000 -3.84688e+02 | 20  0.00000 -3.58766e+02 | 21  0.00000 -3.88139e+02
 22  0.00000 -4.08714e+02 | 23  0.00000 -3.90126e+02 | 24  0.00000 -4.06562e+02
 25  0.00000 -4.00702e+02 | 26  0.00000 -3.94339e+02 | 27  0.00000 -3.86498e+02
 28  0.00000 -3.65704e+02 | 29  0.00000 -3.40181e+02 | 30  0.00000 -3.29425e+02
 31  0.00000 -3.10861e+02 | 32  0.00000 -2.84972e+02 | 33  0.00000 -2.62800e+02
 34  0.00000 -2.20775e+02 | 35  0.00000 -1.89050e+02 | 36  0.00000 -1.86337e+02
 37  0.00000 -1.70710e+02 | 38  0.00000 -1.55035e+02 | 39  0.00000 -1.42537e+02
 40  0.00000 -1.27547e+02 | 41  0.00000 -9.42116e+01 | 42  0.00000 -8.72340e+01
 43  0.00000 -7.27894e+01 | 44  0.00000 -5.63041e+01 | 45  0.00000 -7.70070e+01
 46  0.00000 -7.98527e+01 | 47  0.00000 -8.90680e+01 | 48  0.00000 -8.73850e+01
 49  0.00000 -8.65546e+01 | 50  0.00000 -3.26376e+01 | 51  0.00000 -5.90987e+01
 52  0.00000 -7.72898e+01 | 53  0.00000 -6.98994e+01 | 54  0.00000 -1.01941e+02
 55  0.00000 -1.12319e+02 | 56  0.00000 -1.18075e+02 | 57  0.00000 -1.40363e+02
 58  0.00000 -9.43492e+01 | 59  0.00000 -8.94053e+01 | 60  0.00000 -1.61713e+02
 61  0.00000 -3.11497e+01 | 62  0.00000 -4.73812e+01 | 63  0.00000 -2.54289e+02
 64  0.00000  4.60716e+01 | 65  0.00000  1.62930e+02 | 66  0.00000 -1.54155e+02
 67  0.00000  2.03805e+02 | 68  0.00000  9.44186e+02 | 69  0.00000 -1.13594e+02
 70  0.00000  3.58191e+02 | 71  0.00000  5.25927e+02 | 72  0.00000  6.39601e+02
 73  0.00000  9.51001e+02 | 74  0.00000  3.49965e+02 | 75  0.00000  1.12219e+03
 76  0.00000  8.09092e+02 | 77  0.00000  2.78876e+02 | 78  0.00000  7.09216e+02
 79  0.00000  1.01928e+03 | 80  0.00000  5.79398e+02 | 81  0.00000  1.10825e+03
 82  0.00000  8.33680e+02 | 83  0.00000  1.82941e+02 | 84  0.00000 -2.26671e+01
 85  0.00000  8.93870e+02 | 86  0.00000  7.42243e+01 | 87  0.00000  4.69012e+02
 88  0.00000 -7.16544e+01 | 89  0.00000  2.53740e+02 | 90  0.00000  3.01303e+02
 91  0.00000  4.17948e+02 | 92  0.00000 -5.51415e+00 | 93  0.00000 -9.25673e+02
 94  0.00000  1.65981e+01 | 95  0.00000 -6.09487e+00 | 96  0.00000 -6.41550e+00
 97 -0.03546 -1.90191e+02 | 98 -0.31026 -6.97873e+01 |

Intermediate statistics: 98 variables; iteration 20; function evaluation 31; phase 2
Function value 6.7153342e+02; maximum gradient component mag 8.8581e+03
Var    Value     Gradient |Var    Value     Gradient |Var    Value     Gradient
  1  0.61825  8.85814e+03 |  2 -0.00913 -2.10703e+02 |  3 -0.00832 -2.03107e+02
  4 -0.00741 -1.93937e+02 |  5 -0.00641 -1.82896e+02 |  6 -0.00461 -1.68027e+02
  7 -0.00415 -1.53803e+02 |  8 -0.00287 -1.34907e+02 |  9 -0.00147 -1.12457e+02
 10  0.00011 -8.58474e+01 | 11  0.00192 -5.44589e+01 | 12  0.00397 -1.79803e+01
 13  0.00612  2.29999e+01 | 14  0.00800  6.57703e+01 | 15  0.00802  9.93035e+01
 16  0.00904  1.35556e+02 | 17  0.00667  1.45519e+02 | 18  0.00066  1.23188e+02
 19  0.00428  1.44837e+02 | 20 -0.00601  7.85115e+01 | 21  0.00534  1.59779e+02
 22  0.00724  1.91396e+02 | 23  0.00556  1.67015e+02 | 24  0.01177  2.18631e+02
 25  0.00599  1.88837e+02 | 26  0.00351  1.76272e+02 | 27  0.00292  1.72630e+02
 28 -0.00281  1.33556e+02 | 29 -0.00795  9.74366e+01 | 30 -0.00177  1.21497e+02
 31 -0.00053  1.15691e+02 | 32 -0.00429  7.92360e+01 | 33 -0.00318  6.77664e+01
 34 -0.01165  1.51672e+01 | 35 -0.01154  3.28846e+00 | 36 -0.00495  3.98126e+00
 37 -0.00558 -2.61470e+01 | 38 -0.00509 -4.81908e+01 | 39 -0.00397 -6.67113e+01
 40 -0.00114 -6.97993e+01 | 41 -0.01111 -1.06032e+02 | 42 -0.01227 -1.26136e+02
 43 -0.01167 -1.30176e+02 | 44 -0.01140 -1.26935e+02 | 45 -0.00160 -1.15917e+02
 46  0.00287 -1.27281e+02 | 47  0.02635 -7.51309e+01 | 48  0.01570 -1.10168e+02
 49  0.01414 -1.12774e+02 | 50  0.00204 -9.92636e+01 | 51  0.01707 -7.45525e+01
 52  0.02305 -6.97194e+01 | 53  0.01480 -8.48937e+01 | 54  0.01078 -1.22747e+02
 55  0.02495 -6.47476e+01 | 56  0.01605 -1.05870e+02 | 57  0.02075 -1.02633e+02
 58  0.00833 -1.01891e+02 | 59 -0.00062 -1.32239e+02 | 60  0.01364 -1.34464e+02
 61 -0.00913 -1.32256e+02 | 62 -0.02616 -2.05525e+02 | 63  0.02242 -1.21866e+02
 64 -0.00348 -1.75228e+01 | 65 -0.01533 -3.04571e+01 | 66  0.01628  2.68481e+01
 67 -0.00518  3.29855e+01 | 68 -0.01490  4.87294e+02 | 69 -0.00591 -5.28772e+02
 70 -0.00540  2.15218e+01 | 71 -0.00416  1.24077e+02 | 72 -0.00625  2.35918e+02
 73 -0.00294  5.62916e+02 | 74 -0.00212  2.03823e+01 | 75 -0.00845  5.50731e+02
 76 -0.00675  3.41796e+02 | 77 -0.00579 -2.16041e+02 | 78 -0.00771  2.20548e+02
 79 -0.00065  6.93022e+02 | 80 -0.00587  1.42640e+02 | 81 -0.00316  7.21782e+02
 82 -0.00739  3.77745e+02 | 83 -0.00344 -1.81248e+02 | 84  0.00367 -2.08606e+02
 85 -0.00815  4.31121e+02 | 86  0.00568 -6.12907e+01 | 87 -0.00662  6.94169e+01
 88 -0.00007 -3.12547e+02 | 89 -0.00738 -1.30109e+02 | 90 -0.00282  2.81430e+01
 91 -0.01323 -3.97496e+01 | 92  0.00119 -2.44050e+02 | 93  0.02679 -7.83762e+02
 94  0.00356 -1.99789e+02 | 95 -0.01424 -2.46138e+02 | 96 -0.01389 -2.45851e+02
 97 -0.03511  4.15629e+02 | 98 -0.27916  2.94166e+01 |
98 variables; iteration 40; function evaluation 58; phase 2
Function value 5.7239694e+02; maximum gradient component mag 9.9992e+02
Var    Value     Gradient |Var    Value     Gradient |Var    Value     Gradient
  1  0.61573  9.99916e+02 |  2  0.00405 -2.21825e+01 |  3  0.00402 -2.25702e+01
  4  0.00408 -2.29068e+01 |  5  0.00408 -2.34144e+01 |  6  0.00358 -2.49878e+01
  7  0.00332 -2.59217e+01 |  8  0.00242 -2.81851e+01 |  9  0.00131 -3.09231e+01
 10  0.00042 -3.36000e+01 | 11  0.00038 -3.53966e+01 | 12  0.00185 -3.55502e+01
 13  0.00506 -3.39956e+01 | 14  0.00966 -3.13348e+01 | 15  0.01066 -3.21046e+01
 16  0.01460 -3.04446e+01 | 17  0.00620 -3.91063e+01 | 18 -0.00600 -4.84049e+01
 19  0.00446 -3.88834e+01 | 20 -0.01165 -4.85841e+01 | 21  0.00593 -3.80993e+01
 22  0.00990 -3.72056e+01 | 23  0.00566 -3.93963e+01 | 24  0.00458 -5.07332e+01
 25  0.00345 -4.38709e+01 | 26 -0.00080 -4.60590e+01 | 27 -0.00134 -4.62601e+01
 28 -0.00490 -4.28186e+01 | 29 -0.00214 -2.95531e+01 | 30  0.00573 -2.56523e+01
 31 -0.00148 -3.88447e+01 | 32 -0.00667 -4.10381e+01 | 33 -0.00181 -3.38909e+01
 34 -0.00173 -1.32493e+01 | 35  0.00502  1.01019e+01 | 36  0.00281 -1.49625e+01
 37  0.00156 -1.88930e+01 | 38  0.00300 -1.78964e+01 | 39  0.00438 -1.75140e+01
 40  0.00702 -1.11618e+01 | 41 -0.00088 -5.73209e+00 | 42 -0.00227 -7.57846e+00
 43 -0.00637 -9.03630e+00 | 44 -0.01091 -8.74329e+00 | 45 -0.00169 -1.29468e+01
 46  0.00275 -1.03233e+01 | 47 -0.00445 -2.94461e+01 | 48 -0.00185 -2.27191e+01
 49 -0.00369 -2.52469e+01 | 50 -0.01527 -4.31225e+00 | 51 -0.00900 -1.06382e+01
 52  0.00350  1.03418e+00 | 53 -0.00124  3.78146e+00 | 54  0.01527  1.37187e+01
 55  0.01735  1.64460e+01 | 56  0.02805  3.13299e+01 | 57  0.03140  2.55040e+01
 58  0.01520  3.46128e+01 | 59  0.01432  4.08079e+01 | 60  0.02532  1.78573e+01
 61 -0.00668 -2.80395e+00 | 62 -0.00793 -5.22047e+00 | 63  0.02377 -5.18872e+01
 64 -0.00030  9.57886e+01 | 65 -0.02217  1.73900e+01 | 66  0.01624  2.21257e+01
 67 -0.01099 -2.78386e+01 | 68 -0.04109  1.70743e+02 | 69  0.01482  5.86913e+01
 70 -0.00880 -5.95213e+00 | 71 -0.00527  6.87801e+01 | 72 -0.01751  6.81663e+00
 73 -0.01949  1.36939e+02 | 74  0.00387  7.71549e+01 | 75 -0.02343  1.82625e+02
 76 -0.02462 -2.25082e+01 | 77 -0.00219 -1.27517e+02 | 78 -0.01500  5.86815e+01
 79 -0.02465  1.19882e+02 | 80 -0.01374 -5.08181e+01 | 81 -0.02826  1.50866e+02
 82 -0.02627  4.59917e+01 | 83 -0.00009  2.72934e+01 | 84  0.01164 -1.70420e+01
 85 -0.02513  2.09128e+02 | 86  0.00985  5.01723e+01 | 87 -0.01648  3.35276e+01
 88  0.01394  4.20787e+01 | 89 -0.01047 -7.88552e+00 | 90 -0.01023  5.79107e+01
 91 -0.02661 -3.71457e+01 | 92  0.01768  6.86208e+00 | 93  0.05659 -1.19403e+02
 94 -0.00704 -2.61814e+01 | 95  0.01438 -4.48063e+00 | 96  0.01478 -4.07579e+00
 97 -0.01895  2.78552e+01 | 98 -0.29013 -3.68495e+01 |
98 variables; iteration 60; function evaluation 88; phase 2
Function value 5.6305447e+02; maximum gradient component mag 4.7096e+01
Var    Value     Gradient |Var    Value     Gradient |Var    Value     Gradient
  1  0.61179  4.21943e+01 |  2  0.00234 -1.16992e+00 |  3  0.00113 -3.62888e+00
  4 -0.00011 -6.25458e+00 |  5 -0.00114 -8.71062e+00 |  6 -0.00142 -1.04374e+01
  7 -0.00166 -1.19300e+01 |  8 -0.00097 -1.25834e+01 |  9  0.00002 -1.32045e+01
 10  0.00083 -1.45379e+01 | 11  0.00142 -1.67030e+01 | 12  0.00256 -1.88206e+01
 13  0.00474 -2.04346e+01 | 14  0.00800 -2.15529e+01 | 15  0.01028 -2.27722e+01
 16  0.02543 -1.40798e+01 | 17  0.00655 -3.04349e+01 | 18 -0.00862 -4.07199e+01
 19  0.00573 -2.94862e+01 | 20 -0.01303 -3.82703e+01 | 21  0.00894 -2.80285e+01
 22  0.02204 -2.24520e+01 | 23  0.01002 -2.83428e+01 | 24  0.00769 -4.10311e+01
 25  0.00663 -3.41918e+01 | 26  0.00067 -3.69408e+01 | 27  0.00104 -3.62109e+01
 28 -0.00282 -3.19967e+01 | 29  0.00029 -1.87418e+01 | 30  0.01552 -7.07025e+00
 31  0.00011 -2.75834e+01 | 32 -0.00577 -2.84669e+01 | 33  0.00289 -1.66088e+01
 34 -0.00184 -3.64106e+00 | 35 -0.00590 -5.28191e+00 | 36  0.00226 -6.37214e+00
 37  0.00189 -7.00841e+00 | 38  0.00371 -4.71722e+00 | 39  0.00549 -3.29895e+00
 40  0.00916  3.63089e+00 | 41 -0.00501  8.52399e-01 | 42 -0.00548  1.24221e+00
 43 -0.00815  2.34850e+00 | 44 -0.01225  3.64946e+00 | 45  0.00271  1.07895e+01
 46  0.00394  5.66446e+00 | 47  0.00345 -4.87182e-01 | 48  0.00587  7.11287e+00
 49  0.00754  1.30740e+01 | 50 -0.01232  1.38783e+01 | 51 -0.00620  9.25521e+00
 52 -0.00049  6.96764e+00 | 53 -0.00654  7.05122e+00 | 54  0.01448  2.07600e+01
 55  0.01772  2.43126e+01 | 56  0.02500  2.84454e+01 | 57  0.02875  2.02104e+01
 58  0.00708  2.04255e+01 | 59  0.01538  4.68950e+01 | 60  0.02737  2.96657e+01
 61  0.00372  4.70963e+01 | 62 -0.00951  2.31315e+00 | 63  0.03552  2.37149e+01
 64 -0.01037  3.87962e+01 | 65 -0.02128  2.43810e+01 | 66  0.01819  2.90393e+01
 67 -0.00608  1.67756e+01 | 68 -0.05429  4.00624e+01 | 69  0.01662  4.04935e+01
 70 -0.00593  1.37485e+01 | 71 -0.00460  3.21567e+01 | 72 -0.01804 -3.17132e+01
 73 -0.02335  1.60859e+01 | 74  0.00415  1.55882e+01 | 75 -0.02949  3.58062e+01
 76 -0.01840  2.93034e+01 | 77  0.00544  1.52501e+01 | 78 -0.01508  2.60689e+01
 79 -0.02808  1.70688e+01 | 80 -0.00788  1.99276e+01 | 81 -0.03259  2.63213e+01
 82 -0.02743  5.12576e+00 | 83  0.00068  7.67292e-01 | 84  0.01424 -3.56884e+00
 85 -0.03674  2.47908e+00 | 86  0.00971 -9.41788e-02 | 87 -0.01746  4.03574e+00
 88  0.01318  5.37989e+00 | 89 -0.01034 -8.58841e+00 | 90 -0.01523  6.53309e+00
 91 -0.02499 -2.59115e+00 | 92  0.01674 -2.86904e+00 | 93  0.06210 -5.04594e+00
 94 -0.00925 -6.34226e+00 | 95 -0.00003 -1.55102e+00 | 96 -0.00035 -2.18812e+00
 97 -0.01510 -9.49958e-01 | 98 -0.28223 -2.80260e+00 |
Maximum number of function evaluations exceeded

 - final statistics:
98 variables; iteration 68; function evaluation 100
Function value 5.6267e+02; maximum gradient component mag -1.4608e+02
Exit code = 3;  converg criter 1.0000e+01
Var    Value     Gradient |Var    Value     Gradient |Var    Value     Gradient
  1  0.61183 -1.46075e+02 |  2  0.00106  8.71077e-01 |  3  0.00062 -5.77284e-01
  4 -0.00002 -2.46732e+00 |  5 -0.00064 -4.51764e+00 |  6 -0.00066 -6.11635e+00
  7 -0.00053 -7.37929e+00 |  8  0.00047 -7.99936e+00 |  9  0.00136 -9.21991e+00
 10  0.00156 -1.18790e+01 | 11  0.00164 -1.52566e+01 | 12  0.00306 -1.77125e+01
 13  0.00597 -1.94106e+01 | 14  0.00601 -2.47132e+01 | 15  0.01082 -2.45201e+01
 16  0.01993 -2.26312e+01 | 17  0.00655 -3.32236e+01 | 18 -0.00432 -3.75813e+01
 19  0.00517 -3.27086e+01 | 20 -0.01543 -4.19028e+01 | 21  0.00700 -3.30067e+01
 22  0.02692 -2.57079e+01 | 23  0.01088 -3.13833e+01 | 24  0.00824 -4.42220e+01
 25  0.00608 -3.82864e+01 | 26 -0.00049 -4.09663e+01 | 27  0.00311 -3.74673e+01
 28 -0.00249 -3.42232e+01 | 29 -0.00041 -2.25128e+01 | 30  0.01286 -1.50586e+01
 31  0.00187 -2.83693e+01 | 32 -0.00569 -3.01462e+01 | 33  0.00172 -2.05922e+01
 34 -0.00439 -9.15017e+00 | 35 -0.00465 -3.52556e+00 | 36  0.00137 -8.61546e+00
 37  0.00223 -6.97329e+00 | 38  0.00462 -3.44192e+00 | 39  0.00654 -1.43348e+00
 40  0.00787  7.29931e-01 | 41 -0.00904 -4.92237e+00 | 42 -0.00725 -5.33888e-01
 43 -0.00411  1.15289e+01 | 44 -0.01294  4.33038e+00 | 45  0.00353  1.42642e+01
 46  0.00427  7.70218e+00 | 47  0.00439  2.50702e+00 | 48  0.00627  9.08613e+00
 49  0.00641  1.14507e+01 | 50 -0.01267  1.50059e+01 | 51 -0.00283  1.70796e+01
 52 -0.00076  7.68166e+00 | 53 -0.00721  7.05508e+00 | 54  0.01364  1.87568e+01
 55  0.01726  2.28248e+01 | 56  0.02489  2.72754e+01 | 57  0.03119  2.39345e+01
 58  0.00550  1.65996e+01 | 59  0.01385  4.05658e+01 | 60  0.02753  2.75227e+01
 61  0.00119  3.66060e+01 | 62 -0.00764  8.89776e+00 | 63  0.03635  2.58384e+01
 64 -0.01141  3.32934e+01 | 65 -0.02152  2.33384e+01 | 66  0.01836  2.85739e+01
 67 -0.00578  1.99503e+01 | 68 -0.05567  3.05045e+01 | 69  0.01652  3.42381e+01
 70 -0.00576  1.58748e+01 | 71 -0.00491  2.51391e+01 | 72 -0.01687 -1.30121e+01
 73 -0.02357  1.25178e+01 | 74  0.00425  1.56835e+01 | 75 -0.03005  2.60178e+01
 76 -0.01888  2.18876e+01 | 77  0.00557  1.72674e+01 | 78 -0.01550  1.99708e+01
 79 -0.02844  1.19745e+01 | 80 -0.00802  1.78129e+01 | 81 -0.03315  1.83768e+01
 82 -0.02751  5.81446e+00 | 83  0.00074  4.50528e+00 | 84  0.01452  3.40415e+00
 85 -0.03685  3.92876e+00 | 86  0.00975  2.36344e+00 | 87 -0.01744  7.23831e+00
 88  0.01316  7.62143e+00 | 89 -0.00998  9.27613e-01 | 90 -0.01542  8.52798e+00
 91 -0.02474  4.24739e+00 | 92  0.01688  2.34997e+00 | 93  0.06228  7.16851e-01
 94 -0.00792  5.55010e-01 | 95 -0.00013  2.92466e+00 | 96  0.00020  3.28588e+00
 97 -0.01520 -1.36103e+01 | 98 -0.28162 -9.66671e-01 |

Initial statistics: 100 variables; iteration 0; function evaluation 0; phase 3
Function value 5.6267148e+02; maximum gradient component mag -1.4608e+02
Var    Value     Gradient |Var    Value     Gradient |Var    Value     Gradient
  1  0.61183 -1.46075e+02 |  2  0.00105  7.03391e-01 |  3  0.00062 -7.44970e-01
  4 -0.00002 -2.63500e+00 |  5 -0.00065 -4.68533e+00 |  6 -0.00067 -6.28404e+00
  7 -0.00054 -7.54698e+00 |  8  0.00046 -8.16705e+00 |  9  0.00136 -9.38759e+00
 10  0.00155 -1.20467e+01 | 11  0.00163 -1.54243e+01 | 12  0.00306 -1.78802e+01
 13  0.00596 -1.95782e+01 | 14  0.00600 -2.48809e+01 | 15  0.01081 -2.46878e+01
 16  0.01992 -2.27988e+01 | 17  0.00655 -3.33913e+01 | 18 -0.00432 -3.77490e+01
 19  0.00517 -3.28763e+01 | 20 -0.01543 -4.20704e+01 | 21  0.00700 -3.31744e+01
 22  0.02691 -2.58754e+01 | 23  0.01087 -3.15510e+01 | 24  0.00824 -4.43896e+01
 25  0.00608 -3.84541e+01 | 26 -0.00049 -4.11340e+01 | 27  0.00311 -3.76350e+01
 28 -0.00249 -3.43909e+01 | 29 -0.00041 -2.26805e+01 | 30  0.01286 -1.52263e+01
 31  0.00187 -2.85370e+01 | 32 -0.00570 -3.03139e+01 | 33  0.00172 -2.07599e+01
 34 -0.00439 -9.31785e+00 | 35 -0.00465 -3.69324e+00 | 36  0.00136 -8.78315e+00
 37  0.00223 -7.14097e+00 | 38  0.00462 -3.60960e+00 | 39  0.00654 -1.60116e+00
 40  0.00786  5.62258e-01 | 41 -0.00905 -5.09004e+00 | 42 -0.00725 -7.01563e-01
 43 -0.00412  1.13612e+01 | 44 -0.01294  4.16273e+00 | 45  0.00352  1.40965e+01
 46  0.00427  7.53450e+00 | 47  0.00439  2.33934e+00 | 48  0.00627  8.91846e+00
 49  0.00641  1.12831e+01 | 50 -0.01267  1.48382e+01 | 51 -0.00283  1.69119e+01
 52 -0.00076  7.51398e+00 | 53 -0.00722  6.88740e+00 | 54  0.01364  1.85892e+01
 55  0.01725  2.26572e+01 | 56  0.02489  2.71078e+01 | 57  0.03118  2.37671e+01
 58  0.00550  1.64319e+01 | 59  0.01384  4.03982e+01 | 60  0.02753  2.73552e+01
 61  0.00119  3.64384e+01 | 62 -0.00764  8.73009e+00 | 63  0.03634  2.56710e+01
 64 -0.01141  3.31258e+01 | 65 -0.02153  2.31708e+01 | 66  0.01836  2.84063e+01
 67 -0.00578  1.97826e+01 | 68 -0.05567  3.03374e+01 | 69  0.01652  3.40704e+01
 70 -0.00576  1.57071e+01 | 71 -0.00491  2.49714e+01 | 72 -0.01687 -1.31797e+01
 73 -0.02357  1.23502e+01 | 74  0.00425  1.55159e+01 | 75 -0.03005  2.58503e+01
 76 -0.01888  2.17200e+01 | 77  0.00557  1.70997e+01 | 78 -0.01551  1.98031e+01
 79 -0.02844  1.18069e+01 | 80 -0.00802  1.76452e+01 | 81 -0.03316  1.82093e+01
 82 -0.02751  5.64693e+00 | 83  0.00073  4.33759e+00 | 84  0.01451  3.23651e+00
 85 -0.03685  3.76135e+00 | 86  0.00974  2.19578e+00 | 87 -0.01744  7.07069e+00
 88  0.01316  7.45378e+00 | 89 -0.00999  7.59947e-01 | 90 -0.01542  8.36034e+00
 91 -0.02475  4.07983e+00 | 92  0.01688  2.18234e+00 | 93  0.06228  5.49967e-01
 94 -0.00793  3.87337e-01 | 95 -0.00013  2.75697e+00 | 96  0.00020  3.11819e+00
 97 -0.01520 -1.36103e+01 | 98 -0.41581  4.92750e+01 | 99 -0.28162 -9.66671e-01
100 -0.25275 -5.58116e+01 |

Intermediate statistics: 100 variables; iteration 20; function evaluation 23; phase 3
Function value 5.6090884e+02; maximum gradient component mag 1.0820e+03
Var    Value     Gradient |Var    Value     Gradient |Var    Value     Gradient
  1  0.61301  1.08202e+03 |  2  0.00048 -2.54536e+01 |  3  0.00063 -2.50268e+01
  4  0.00084 -2.44901e+01 |  5  0.00107 -2.38650e+01 |  6  0.00143 -2.32100e+01
  7  0.00155 -2.25178e+01 |  8  0.00179 -2.18046e+01 |  9  0.00217 -2.08992e+01
 10  0.00280 -1.96567e+01 | 11  0.00369 -1.81464e+01 | 12  0.00476 -1.65975e+01
 13  0.00607 -1.49897e+01 | 14  0.00801 -1.26178e+01 | 15  0.00851 -1.12661e+01
 16  0.00948 -1.04186e+01 | 17  0.00904 -7.52909e+00 | 18  0.00464 -6.94340e+00
 19  0.00688 -7.33780e+00 | 20 -0.00002 -6.64318e+00 | 21  0.00785 -6.04203e+00
 22  0.00873 -6.65238e+00 | 23  0.00827 -5.57233e+00 | 24  0.01689  1.35688e-02
 25  0.01034 -2.11961e+00 | 26  0.00863 -1.42878e+00 | 27  0.00821 -1.36818e+00
 28  0.00290 -2.90197e+00 | 29 -0.00274 -6.31054e+00 | 30  0.00232 -6.01457e+00
 31  0.00528 -2.13049e+00 | 32  0.00238 -2.58530e+00 | 33  0.00260 -3.50670e+00
 34 -0.00674 -7.17262e+00 | 35 -0.00759 -6.02961e+00 | 36 -0.00023 -4.98202e+00
 37  0.00017 -6.30021e+00 | 38  0.00160 -6.30379e+00 | 39  0.00443 -4.75354e+00
 40  0.00755  5.68562e-01 | 41 -0.00669 -6.90331e+00 | 42 -0.00706 -7.62905e+00
 43 -0.00948 -8.16675e+00 | 44 -0.01144 -4.80176e+00 | 45  0.00367  7.65648e+00
 46  0.00310  1.17819e+00 | 47  0.00607  1.98215e+00 | 48  0.00454  2.83768e+00
 49  0.00644  7.83737e+00 | 50 -0.01426  1.61482e+00 | 51 -0.00817  1.70531e+00
 52 -0.00073  6.16438e+00 | 53 -0.00619  5.30191e+00 | 54  0.01068  1.74322e+01
 55  0.01436  2.47747e+01 | 56  0.01859  2.70037e+01 | 57  0.02848  3.84101e+01
 58  0.00598  2.25795e+01 | 59  0.00739  3.06748e+01 | 60  0.02786  5.92543e+01
 61 -0.00236  3.35838e+01 | 62 -0.00509  2.62801e+01 | 63  0.03696  8.32522e+01
 64 -0.01220  3.79381e+01 | 65 -0.02177  2.86884e+01 | 66  0.01842  6.91224e+01
 67 -0.00627  3.54978e+01 | 68 -0.05639  1.92346e+01 | 69  0.01804  9.69439e+01
 70 -0.00596  3.91204e+01 | 71 -0.00410  3.89674e+01 | 72 -0.01772 -1.27672e+01
 73 -0.02295  6.72347e+00 | 74  0.00338  2.54458e+01 | 75 -0.02911  2.26689e+01
 76 -0.01952  2.25697e+01 | 77  0.00565  7.28331e+00 | 78 -0.01624  1.33340e+01
 79 -0.02795 -7.04888e+00 | 80 -0.00900  3.24176e+00 | 81 -0.03252 -6.15467e-01
 82 -0.02849 -1.46350e+01 | 83  0.00109 -2.34313e+01 | 84  0.01304 -2.95052e+01
 85 -0.03611 -2.33844e+01 | 86  0.00850 -2.93538e+01 | 87 -0.01659 -1.94109e+01
 88  0.01226 -2.13689e+01 | 89 -0.00900 -2.83445e+01 | 90 -0.01597 -2.06846e+01
 91 -0.02316 -2.65853e+01 | 92  0.01643 -2.72089e+01 | 93  0.06451 -2.92566e+01
 94 -0.00697 -2.71329e+01 | 95  0.00010 -2.68514e+01 | 96  0.00013 -2.69245e+01
 97 -0.03330  2.83893e+01 | 98 -0.42319 -1.88624e+01 | 99 -0.24793  3.45634e+01
100 -0.24056 -7.34433e+01 |
100 variables; iteration 40; function evaluation 47; phase 3
Function value 5.6015150e+02; maximum gradient component mag 1.1604e+02
Var    Value     Gradient |Var    Value     Gradient |Var    Value     Gradient
  1  0.61265  1.16041e+02 |  2  0.00142 -2.25688e+00 |  3  0.00118 -2.90216e+00
  4  0.00086 -3.74494e+00 |  5  0.00060 -4.57406e+00 |  6  0.00080 -4.99501e+00
  7  0.00102 -5.12579e+00 |  8  0.00178 -4.81559e+00 |  9  0.00250 -4.78888e+00
 10  0.00297 -5.43103e+00 | 11  0.00352 -6.33898e+00 | 12  0.00475 -6.78373e+00
 13  0.00667 -6.86916e+00 | 14  0.00753 -8.78448e+00 | 15  0.00945 -8.15863e+00
 16  0.01099 -9.11104e+00 | 17  0.00937 -9.21910e+00 | 18  0.00618 -6.19320e+00
 19  0.00787 -8.24134e+00 | 20  0.00326 -9.26901e-01 | 21  0.00868 -8.43791e+00
 22  0.00747 -1.35139e+01 | 23  0.00892 -8.99391e+00 | 24  0.01851 -7.47228e+00
 25  0.01131 -7.86835e+00 | 26  0.01032 -5.93841e+00 | 27  0.00911 -7.02361e+00
 28  0.00337 -6.73841e+00 | 29 -0.00334 -9.38697e+00 | 30  0.00243 -1.01713e+01
 31  0.00598 -6.03385e+00 | 32  0.00338 -4.17873e+00 | 33  0.00132 -8.16320e+00
 34 -0.00631 -4.96763e+00 | 35 -0.00489  1.24190e+00 | 36 -0.00095 -5.33528e+00
 37 -0.00043 -5.06940e+00 | 38  0.00076 -5.16934e+00 | 39  0.00394 -3.64911e+00
 40  0.00736  4.64002e-01 | 41 -0.00718 -1.82791e+00 | 42 -0.00753 -2.10674e+00
 43 -0.00925 -9.42368e-01 | 44 -0.01145  1.75081e+00 | 45  0.00214  3.76436e+00
 46  0.00203  2.90015e-01 | 47  0.00689  2.87183e+00 | 48  0.00334  1.56295e-01
 49  0.00647  5.01646e+00 | 50 -0.01435  4.51867e+00 | 51 -0.00805  2.51616e+00
 52 -0.00167  1.45191e+00 | 53 -0.00692  2.21852e+00 | 54  0.01129  7.79236e+00
 55  0.01329  7.34350e+00 | 56  0.02029  1.22490e+01 | 57  0.02997  1.46888e+01
 58  0.00445  4.82822e+00 | 59  0.00432  4.56123e+00 | 60  0.02763  2.16717e+01
 61 -0.00257  1.70186e+01 | 62 -0.00720  2.88273e+00 | 63  0.03624  1.98060e+01
 64 -0.01390  1.32948e+01 | 65 -0.02408  2.93148e+00 | 66  0.01814  2.04773e+01
 67 -0.00684  5.90301e+00 | 68 -0.05758  1.23491e+01 | 69  0.01701  3.32823e+01
 70 -0.00607  1.45204e+01 | 71 -0.00466  1.31743e+01 | 72 -0.01693 -1.19456e+01
 73 -0.02298  5.70501e+00 | 74  0.00364  8.00235e+00 | 75 -0.02979  1.35166e+01
 76 -0.01941  1.72373e+01 | 77  0.00590  5.23423e+00 | 78 -0.01682  2.01189e+00
 79 -0.02794  2.27480e+00 | 80 -0.00909  8.05781e-01 | 81 -0.03308  3.46604e+00
 82 -0.02823 -2.17755e+00 | 83  0.00132 -3.63410e+00 | 84  0.01392 -5.59910e+00
 85 -0.03604 -2.44243e+00 | 86  0.00883 -1.23110e+01 | 87 -0.01652  3.51522e+00
 88  0.01275  3.14227e+00 | 89 -0.00909 -5.88444e+00 | 90 -0.01576  2.85213e+00
 91 -0.02322 -5.94137e-01 | 92  0.01648 -4.47840e+00 | 93  0.06432 -2.18878e+00
 94 -0.00666 -2.49914e+00 | 95  0.00039 -2.40656e+00 | 96  0.00060 -2.19816e+00
 97 -0.03102 -8.49261e+00 | 98 -0.42346  1.75878e+01 | 99 -0.25064  1.32921e+01
100 -0.23988 -3.29969e+01 |
100 variables; iteration 60; function evaluation 79; phase 3
Function value 5.5991541e+02; maximum gradient component mag -2.7218e+02
Var    Value     Gradient |Var    Value     Gradient |Var    Value     Gradient
  1  0.61268 -2.72176e+02 |  2  0.00084  5.75764e+00 |  3  0.00095  5.49607e+00
  4  0.00109  5.19162e+00 |  5  0.00129  4.86328e+00 |  6  0.00169  4.49690e+00
  7  0.00190  4.06357e+00 |  8  0.00224  3.40572e+00 |  9  0.00268  2.62155e+00
 10  0.00348  1.98815e+00 | 11  0.00448  1.14844e+00 | 12  0.00536 -4.19527e-01
 13  0.00729 -1.28857e+00 | 14  0.00954 -2.31609e+00 | 15  0.00829 -6.23767e+00
 16  0.01005 -7.72227e+00 | 17  0.01047 -5.79593e+00 | 18  0.00708 -2.85651e+00
 19  0.00817 -5.87362e+00 | 20  0.00056 -2.16053e+00 | 21  0.00973 -5.78122e+00
 22  0.00723 -1.26012e+01 | 23  0.00988 -6.72732e+00 | 24  0.01892 -7.57861e+00
 25  0.01030 -8.71871e+00 | 26  0.01006 -6.06951e+00 | 27  0.00862 -7.42852e+00
 28  0.00373 -5.38690e+00 | 29 -0.00215 -5.94182e+00 | 30  0.00359 -7.53031e+00
 31  0.00620 -5.10833e+00 | 32  0.00313 -3.32960e+00 | 33  0.00229 -5.25962e+00
 34 -0.00642 -2.92603e+00 | 35 -0.00700 -1.09926e+00 | 36  0.00022 -1.81464e+00
 37  0.00024 -1.98089e+00 | 38  0.00177 -1.51484e+00 | 39  0.00476 -6.21216e-01
 40  0.00727  6.41537e-01 | 41 -0.00672  1.59728e+00 | 42 -0.00657  2.25165e+00
 43 -0.00874  2.48654e+00 | 44 -0.01252  1.70985e+00 | 45  0.00162  1.65245e+00
 46  0.00270  1.10460e+00 | 47  0.00631  1.17215e+00 | 48  0.00472  1.36165e+00
 49  0.00674  3.06412e+00 | 50 -0.01544  1.88795e+00 | 51 -0.00820  1.15692e+00
 52 -0.00014  1.46435e+00 | 53 -0.00566  1.99653e+00 | 54  0.01025 -1.21144e+00
 55  0.01282 -2.80160e+00 | 56  0.01835 -2.63885e+00 | 57  0.02745 -5.48032e+00
 58  0.00501 -1.97203e+00 | 59  0.00493 -2.42697e+00 | 60  0.02584 -5.31252e+00
 61 -0.00512 -1.26747e+00 | 62 -0.00579 -1.79645e+00 | 63  0.03601 -9.91116e+00
 64 -0.01518 -1.25808e+00 | 65 -0.02357 -4.18192e-01 | 66  0.01773 -5.81876e+00
 67 -0.00654 -1.81204e+00 | 68 -0.05873  3.32093e+00 | 69  0.01631 -2.33218e+00
 70 -0.00630 -7.12188e-01 | 71 -0.00504  5.96326e-01 | 72 -0.01576  9.22126e-01
 73 -0.02311  3.91835e+00 | 74  0.00370 -8.23002e-01 | 75 -0.03050  2.35755e+00
 76 -0.02015  2.78521e+00 | 77  0.00581  1.42056e+00 | 78 -0.01672  2.55536e+00
 79 -0.02817  3.81860e+00 | 80 -0.00895  3.55850e+00 | 81 -0.03340  5.08842e+00
 82 -0.02790  6.20438e+00 | 83  0.00132  4.23821e+00 | 84  0.01419  3.38565e+00
 85 -0.03613  6.20317e+00 | 86  0.00933  3.77284e+00 | 87 -0.01706  4.17500e+00
 88  0.01249  6.09919e+00 | 89 -0.00923  4.30078e+00 | 90 -0.01630  6.82159e+00
 91 -0.02366  7.72039e+00 | 92  0.01655  7.18753e+00 | 93  0.06387  6.78570e+00
 94 -0.00702  6.73370e+00 | 95  0.00020  6.80418e+00 | 96  0.00026  6.80456e+00
 97 -0.02987 -1.78835e+01 | 98 -0.42372  2.36417e+01 | 99 -0.25140 -2.57101e-01
100 -0.23837 -9.82759e-01 |
Maximum number of function evaluations exceeded

 - final statistics:
100 variables; iteration 73; function evaluation 100
Function value 5.5982e+02; maximum gradient component mag -1.4749e+02
Exit code = 3;  converg criter 1.0000e+00
Var    Value     Gradient |Var    Value     Gradient |Var    Value     Gradient
  1  0.61282 -1.47489e+02 |  2  0.00091  3.36439e+00 |  3  0.00099  3.18456e+00
  4  0.00108  2.96029e+00 |  5  0.00123  2.74792e+00 |  6  0.00164  2.59660e+00
  7  0.00186  2.45120e+00 |  8  0.00226  2.20003e+00 |  9  0.00279  1.90633e+00
 10  0.00350  1.58002e+00 | 11  0.00463  1.44549e+00 | 12  0.00644  1.72548e+00
 13  0.00777  7.52916e-01 | 14  0.00898 -7.96175e-01 | 15  0.01052 -7.36650e-01
 16  0.01277 -9.25701e-01 | 17  0.01019 -2.28079e+00 | 18  0.00554 -1.23745e+00
 19  0.00806 -2.28032e+00 | 20 -0.00130 -2.04641e+00 | 21  0.00983 -1.51823e+00
 22  0.01314 -1.25401e+00 | 23  0.01002 -2.25058e+00 | 24  0.01852 -2.37130e+00
 25  0.01162 -2.44416e+00 | 26  0.00893 -2.79938e+00 | 27  0.00855 -3.06533e+00
 28  0.00440 -6.93126e-01 | 29 -0.00098 -1.22594e+00 | 30  0.00510 -1.89346e+00
 31  0.00603 -1.65569e+00 | 32  0.00165 -2.33564e+00 | 33  0.00345 -8.70795e-01
 34 -0.00568 -3.16461e-01 | 35 -0.00732 -1.15596e+00 | 36  0.00062  3.08304e-01
 37  0.00086  3.18669e-01 | 38  0.00224  2.59181e-01 | 39  0.00468 -4.21529e-02
 40  0.00781  1.67363e+00 | 41 -0.00693  1.14868e+00 | 42 -0.00719  9.25043e-01
 43 -0.00920  9.01980e-01 | 44 -0.01303 -7.26666e-01 | 45  0.00151 -2.77709e-01
 46  0.00243  1.92969e-01 | 47  0.00550 -2.19211e-01 | 48  0.00391 -4.39593e-01
 49  0.00477 -1.61655e+00 | 50 -0.01578 -1.31091e-01 | 51 -0.00841  1.02678e-01
 52 -0.00140 -9.33294e-01 | 53 -0.00706 -9.41441e-01 | 54  0.00978 -1.88460e+00
 55  0.01324 -1.11887e+00 | 56  0.01702 -3.90740e+00 | 57  0.02736 -3.64470e+00
 58  0.00527 -7.78740e-01 | 59  0.00495 -1.56473e+00 | 60  0.02541 -5.07031e+00
 61 -0.00552 -2.37849e+00 | 62 -0.00553 -6.39809e-01 | 63  0.03585 -6.98178e+00
 64 -0.01527 -1.54906e+00 | 65 -0.02360 -7.26686e-01 | 66  0.01754 -5.61754e+00
 67 -0.00661 -2.03897e+00 | 68 -0.05889  4.55671e-01 | 69  0.01613 -5.29522e+00
 70 -0.00635 -1.58080e+00 | 71 -0.00517 -1.60197e+00 | 72 -0.01573  7.44080e-01
 73 -0.02337 -1.30879e+00 | 74  0.00372 -7.87240e-01 | 75 -0.03049  1.62573e+00
 76 -0.02028 -5.25449e-01 | 77  0.00575  5.46726e-02 | 78 -0.01673  1.10235e+00
 79 -0.02823  1.80639e+00 | 80 -0.00903  8.22187e-01 | 81 -0.03351  1.73429e+00
 82 -0.02816  6.37593e-01 | 83  0.00126  2.29723e+00 | 84  0.01420  2.37678e+00
 85 -0.03627  2.42320e+00 | 86  0.00943  3.86212e+00 | 87 -0.01694  4.49912e+00
 88  0.01238  2.21725e+00 | 89 -0.00906  5.61371e+00 | 90 -0.01642  3.05476e+00
 91 -0.02385  2.92057e+00 | 92  0.01639  3.16946e+00 | 93  0.06375  3.89974e+00
 94 -0.00732  3.22987e+00 | 95  0.00015  3.65526e+00 | 96  0.00023  3.67523e+00
 97 -0.03054 -7.86789e+00 | 98 -0.42422  8.81739e+00 | 99 -0.25131 -2.73926e+00
100 -0.23786  5.72099e+00 |

Initial statistics: 108 variables; iteration 0; function evaluation 0; phase 4
Function value 5.5982239e+02; maximum gradient component mag -5.5095e+02
Var    Value     Gradient |Var    Value     Gradient |Var    Value     Gradient
  1 -0.42263 -1.43063e+02 |  2 -0.42263 -5.50948e+02 |  3 -0.41094 -3.43927e+02
  4  0.61282 -1.47489e+02 |  5  0.00000 -2.70996e+00 |  6  0.00000 -6.01437e-01
  7  0.00000 -7.34684e-01 |  8  0.00000 -8.97123e-01 |  9  0.00000 -1.09517e+00
 10  0.00091  3.38385e+00 | 11  0.00099  3.20402e+00 | 12  0.00108  2.97974e+00
 13  0.00123  2.76737e+00 | 14  0.00164  2.61606e+00 | 15  0.00186  2.47066e+00
 16  0.00226  2.21948e+00 | 17  0.00279  1.92578e+00 | 18  0.00350  1.59947e+00
 19  0.00463  1.46495e+00 | 20  0.00644  1.74493e+00 | 21  0.00777  7.72369e-01
 22  0.00898 -7.76723e-01 | 23  0.01052 -7.17198e-01 | 24  0.01277 -9.06250e-01
 25  0.01019 -2.26134e+00 | 26  0.00555 -1.21799e+00 | 27  0.00806 -2.26086e+00
 28 -0.00130 -2.02695e+00 | 29  0.00983 -1.49878e+00 | 30  0.01314 -1.23456e+00
 31  0.01002 -2.23113e+00 | 32  0.01852 -2.35185e+00 | 33  0.01162 -2.42471e+00
 34  0.00893 -2.77993e+00 | 35  0.00855 -3.04588e+00 | 36  0.00440 -6.73672e-01
 37 -0.00098 -1.20648e+00 | 38  0.00510 -1.87401e+00 | 39  0.00603 -1.63624e+00
 40  0.00165 -2.31619e+00 | 41  0.00345 -8.51340e-01 | 42 -0.00568 -2.97007e-01
 43 -0.00732 -1.13651e+00 | 44  0.00062  3.27759e-01 | 45  0.00086  3.38124e-01
 46  0.00224  2.78635e-01 | 47  0.00468 -2.26988e-02 | 48  0.00781  1.69308e+00
 49 -0.00693  1.16814e+00 | 50 -0.00719  9.44496e-01 | 51 -0.00920  9.21433e-01
 52 -0.01303 -7.07215e-01 | 53  0.00151 -2.58254e-01 | 54  0.00243  2.12423e-01
 55  0.00550 -1.99757e-01 | 56  0.00391 -4.20138e-01 | 57  0.00477 -1.59710e+00
 58 -0.01578 -1.11642e-01 | 59 -0.00841  1.22131e-01 | 60 -0.00140 -9.13839e-01
 61 -0.00706 -9.21987e-01 | 62  0.00978 -1.86515e+00 | 63  0.01324 -1.09942e+00
 64  0.01702 -3.88795e+00 | 65  0.02736 -3.62526e+00 | 66  0.00527 -7.59286e-01
 67  0.00495 -1.54528e+00 | 68  0.02541 -5.05087e+00 | 69 -0.00552 -2.35904e+00
 70 -0.00553 -6.20355e-01 | 71  0.03585 -6.96235e+00 | 72 -0.01527 -1.52961e+00
 73 -0.02360 -7.07245e-01 | 74  0.01755 -5.59810e+00 | 75 -0.00661 -2.01951e+00
 76 -0.05889  4.75042e-01 | 77  0.01613 -5.27577e+00 | 78 -0.00635 -1.56134e+00
 79 -0.00517 -1.58252e+00 | 80 -0.01573  7.63529e-01 | 81 -0.02337 -1.28935e+00
 82  0.00372 -7.67786e-01 | 83 -0.03049  1.64517e+00 | 84 -0.02028 -5.06004e-01
 85  0.00575  7.41264e-02 | 86 -0.01673  1.12180e+00 | 87 -0.02823  1.82582e+00
 88 -0.00903  8.41640e-01 | 89 -0.03351  1.75372e+00 | 90 -0.02816  6.57029e-01
 91  0.00126  2.31669e+00 | 92  0.01420  2.39623e+00 | 93 -0.03627  2.44262e+00
 94  0.00943  3.88157e+00 | 95 -0.01693  4.51857e+00 | 96  0.01238  2.23670e+00
 97 -0.00906  5.63317e+00 | 98 -0.01642  3.07421e+00 | 99 -0.02385  2.94002e+00
100  0.01639  3.18891e+00 |101  0.06375  3.91909e+00 |102 -0.00732  3.24933e+00
103  0.00015  3.67472e+00 |104  0.00023  3.69468e+00 |105 -0.03054 -7.86789e+00
106 -0.42422  8.81739e+00 |107 -0.25131 -2.73926e+00 |108 -0.23786  5.72099e+00

Intermediate statistics: 108 variables; iteration 20; function evaluation 30; phase 4
Function value 5.5912899e+02; maximum gradient component mag -5.9472e+02
Var    Value     Gradient |Var    Value     Gradient |Var    Value     Gradient
  1 -0.42731 -1.21225e+02 |  2 -0.42505 -5.94720e+02 |  3 -0.40088 -2.77942e+02
  4  0.61151 -3.28185e+02 |  5  0.00089 -1.89538e+00 |  6  0.00019 -4.18833e-01
  7  0.00024 -5.10943e-01 |  8  0.00029 -6.22904e-01 |  9  0.00036 -7.58885e-01
 10  0.00084  7.60244e+00 | 11  0.00096  7.43052e+00 | 12  0.00111  7.22124e+00
 13  0.00130  6.98412e+00 | 14  0.00170  6.72305e+00 | 15  0.00190  6.42518e+00
 16  0.00231  6.04747e+00 | 17  0.00284  5.60080e+00 | 18  0.00354  5.07928e+00
 19  0.00453  4.52544e+00 | 20  0.00590  3.97222e+00 | 21  0.00747  3.05236e+00
 22  0.00933  1.96063e+00 | 23  0.01064  1.22111e+00 | 24  0.01286  3.32532e-01
 25  0.01108 -2.43165e-01 | 26  0.00582  2.18366e-01 | 27  0.00898 -3.68738e-01
 28 -0.00067  7.27775e-01 | 29  0.00978 -6.73866e-01 | 30  0.01252 -1.50727e+00
 31  0.01039 -1.09161e+00 | 32  0.01834 -2.60387e+00 | 33  0.01187 -1.90534e+00
 34  0.00948 -1.81860e+00 | 35  0.00930 -1.97317e+00 | 36  0.00423 -9.10839e-01
 37 -0.00100 -3.60486e-01 | 38  0.00492 -1.31243e+00 | 39  0.00620 -1.29222e+00
 40  0.00245 -8.47898e-01 | 41  0.00353 -5.88682e-01 | 42 -0.00545  6.58491e-01
 43 -0.00679  7.17114e-01 | 44  0.00012  3.61875e-01 | 45  0.00040  6.13866e-01
 46  0.00168  6.31104e-01 | 47  0.00508  2.76381e-01 | 48  0.00702  2.01455e-01
 49 -0.00715  1.60128e+00 | 50 -0.00732  1.49400e+00 | 51 -0.00932  1.54304e+00
 52 -0.01227  1.35355e+00 | 53  0.00118 -3.49583e-01 | 54  0.00166 -7.10117e-01
 55  0.00503 -1.46844e+00 | 56  0.00459 -1.83802e+00 | 57  0.00540 -2.65249e+00
 58 -0.01578 -2.32971e-02 | 59 -0.00885 -1.41610e+00 | 60 -0.00152 -3.11351e+00
 61 -0.00749 -2.67456e+00 | 62  0.00963 -6.46734e+00 | 63  0.01226 -7.65034e+00
 64  0.01691 -9.72572e+00 | 65  0.02657 -1.30249e+01 | 66  0.00395 -6.98110e+00
 67  0.00597 -7.80042e+00 | 68  0.02506 -1.49917e+01 | 69 -0.00560 -6.64846e+00
 70 -0.00695 -7.70217e+00 | 71  0.03633 -1.99569e+01 | 72 -0.01496 -5.24480e+00
 73 -0.02358 -3.65021e+00 | 74  0.01753 -1.68859e+01 | 75 -0.00593 -5.50458e+00
 76 -0.05871  4.74466e-01 | 77  0.01520 -1.74726e+01 | 78 -0.00548 -3.86042e+00
 79 -0.00529 -9.26162e-01 | 80 -0.01524 -1.32813e+00 | 81 -0.02368 -9.78635e-02
 82  0.00405 -3.62406e+00 | 83 -0.03115  7.30137e-01 | 84 -0.01960  8.12166e-01
 85  0.00490 -9.29391e+00 | 86 -0.01619  1.72875e+00 | 87 -0.02858  4.38743e+00
 88 -0.00796  6.43983e+00 | 89 -0.03417  2.89903e+00 | 90 -0.02866 -1.45055e-01
 91  0.00036  4.36221e-01 | 92  0.01483  5.23576e+00 | 93 -0.03677  6.34138e+00
 94  0.00972  5.73755e+00 | 95 -0.01742  7.14847e+00 | 96  0.01289  7.09409e+00
 97 -0.00898  1.09858e+01 | 98 -0.01609  6.39576e+00 | 99 -0.02404  1.21131e+01
100  0.01787  1.03328e+01 |101  0.06314  8.30994e+00 |102 -0.00714  7.68357e+00
103  0.00018  8.26345e+00 |104  0.00023  8.26332e+00 |105 -0.04257 -1.81167e+01
106 -0.42981  1.85002e+01 |107 -0.25211 -3.85669e+00 |108 -0.23119 -1.15349e+00
108 variables; iteration 40; function evaluation 53; phase 4
Function value 5.5901687e+02; maximum gradient component mag -1.9557e+02
Var    Value     Gradient |Var    Value     Gradient |Var    Value     Gradient
  1 -0.42715 -3.61210e+01 |  2 -0.42494 -1.95568e+02 |  3 -0.39997 -9.08996e+01
  4  0.61097 -1.16623e+02 |  5  0.00184  4.53119e-01 |  6  0.00040  9.59448e-02
  7  0.00049  1.19085e-01 |  8  0.00060  1.48100e-01 |  9  0.00074  1.84583e-01
 10  0.00071  2.53441e+00 | 11  0.00087  2.52173e+00 | 12  0.00107  2.51144e+00
 13  0.00130  2.46618e+00 | 14  0.00168  2.34890e+00 | 15  0.00184  2.19265e+00
 16  0.00224  2.04701e+00 | 17  0.00276  1.86948e+00 | 18  0.00343  1.64715e+00
 19  0.00428  1.30493e+00 | 20  0.00548  9.91808e-01 | 21  0.00730  9.55364e-01
 22  0.00892  1.58543e-01 | 23  0.01045  2.34853e-01 | 24  0.01287  1.78514e-01
 25  0.01047 -9.61488e-01 | 26  0.00578  8.34540e-02 | 27  0.00906 -6.79139e-02
 28 -0.00018  9.05875e-01 | 29  0.00997  1.29410e-01 | 30  0.01399  1.46872e+00
 31  0.01005 -7.19784e-01 | 32  0.01919  2.62746e-01 | 33  0.01187 -5.54973e-01
 34  0.00922 -9.13241e-01 | 35  0.00901 -1.05449e+00 | 36  0.00430 -6.15300e-02
 37 -0.00118 -2.41164e-01 | 38  0.00521  9.34296e-02 | 39  0.00637 -7.30614e-02
 40  0.00302  5.35099e-01 | 41  0.00390  5.54036e-01 | 42 -0.00515  7.50462e-01
 43 -0.00719 -9.53339e-01 | 44 -0.00034 -4.38883e-01 | 45 -0.00015 -4.73075e-01
 46  0.00108 -4.49732e-01 | 47  0.00553  8.16489e-01 | 48  0.00679 -3.98884e-01
 49 -0.00713  6.86242e-01 | 50 -0.00714  8.97287e-01 | 51 -0.00923  7.78411e-01
 52 -0.01262 -4.40341e-01 | 53  0.00124 -8.72357e-02 | 54  0.00095 -1.15344e+00
 55  0.00487 -5.46631e-01 | 56  0.00527  2.35014e-01 | 57  0.00468 -2.57678e+00
 58 -0.01602 -6.96436e-01 | 59 -0.00917 -9.60713e-01 | 60 -0.00166 -1.34164e+00
 61 -0.00778 -1.31146e+00 | 62  0.00963 -2.21744e+00 | 63  0.01181 -3.71059e+00
 64  0.01710 -3.04546e+00 | 65  0.02718 -3.09247e+00 | 66  0.00437 -7.25065e-01
 67  0.00701 -6.44913e-02 | 68  0.02505 -5.29221e+00 | 69 -0.00502 -1.96476e-01
 70 -0.00649 -1.06837e+00 | 71  0.03590 -9.31833e+00 | 72 -0.01500 -2.06469e+00
 73 -0.02372 -2.18015e+00 | 74  0.01746 -7.73364e+00 | 75 -0.00596 -2.47381e+00
 76 -0.05859  7.78095e-01 | 77  0.01529 -5.54446e+00 | 78 -0.00554 -1.98037e+00
 79 -0.00534 -9.88390e-01 | 80 -0.01528 -3.38203e-01 | 81 -0.02371 -1.54300e+00
 82  0.00399 -1.03123e+00 | 83 -0.03114 -4.43768e-01 | 84 -0.01968 -7.34396e-01
 85  0.00507 -2.44130e+00 | 86 -0.01630 -7.44763e-01 | 87 -0.02854  1.21565e+00
 88 -0.00808  1.95514e-01 | 89 -0.03404  2.90200e+00 | 90 -0.02845  2.85538e+00
 91  0.00043  1.16059e-02 | 92  0.01474  6.71620e-01 | 93 -0.03662  3.07888e+00
 94  0.00954 -5.90801e-01 | 95 -0.01729  3.83743e+00 | 96  0.01294  4.65356e+00
 97 -0.00892  4.13788e+00 | 98 -0.01598  2.87761e+00 | 99 -0.02423  2.68326e+00
100  0.01796  5.01234e+00 |101  0.06316  2.18137e+00 |102 -0.00712  2.71973e+00
103  0.00014  2.88278e+00 |104  0.00019  2.89151e+00 |105 -0.04371 -6.48655e+00
106 -0.43031  7.17711e+00 |107 -0.25015 -6.39069e-01 |108 -0.22986 -8.79030e-01
108 variables; iteration 60; function evaluation 81; phase 4
Function value 5.5899273e+02; maximum gradient component mag -2.5673e+01
Var    Value     Gradient |Var    Value     Gradient |Var    Value     Gradient
  1 -0.42717 -3.18853e+00 |  2 -0.42503 -2.56728e+01 |  3 -0.39932 -1.13548e+01
  4  0.61090 -1.87249e+01 |  5  0.00112 -2.27415e-01 |  6  0.00025 -5.00328e-02
  7  0.00030 -6.18151e-02 |  8  0.00037 -7.63881e-02 |  9  0.00045 -9.43442e-02
 10  0.00083  4.61179e-01 | 11  0.00097  4.46921e-01 | 12  0.00113  4.28947e-01
 13  0.00134  4.13256e-01 | 14  0.00173  4.04900e-01 | 15  0.00193  3.97783e-01
 16  0.00236  3.82847e-01 | 17  0.00290  3.65169e-01 | 18  0.00361  3.41457e-01
 19  0.00453  2.81766e-01 | 20  0.00570  1.27541e-01 | 21  0.00739  1.50236e-01
 22  0.00942  1.40079e-01 | 23  0.01066  8.33257e-02 | 24  0.01288  3.50828e-02
 25  0.01129  3.99086e-02 | 26  0.00588  2.96355e-02 | 27  0.00921  3.93688e-02
 28 -0.00051 -5.83884e-02 | 29  0.00980 -4.65830e-02 | 30  0.01257  4.09308e-02
 31  0.01040 -1.51989e-01 | 32  0.01853  5.95042e-02 | 33  0.01188 -1.66521e-01
 34  0.00956 -1.26126e-01 | 35  0.00943 -1.20496e-01 | 36  0.00414 -1.52554e-01
 37 -0.00098  3.70076e-02 | 38  0.00504  1.33195e-02 | 39  0.00622 -6.99043e-02
 40  0.00266  2.56503e-02 | 41  0.00351 -7.59927e-02 | 42 -0.00539 -1.25221e-03
 43 -0.00665 -2.45815e-01 | 44 -0.00018 -3.13592e-01 | 45  0.00016 -1.55248e-01
 46  0.00143 -7.72913e-02 | 47  0.00515 -5.30409e-02 | 48  0.00694 -2.95105e-01
 49 -0.00727 -9.24170e-02 | 50 -0.00737 -3.05401e-02 | 51 -0.00939 -4.83991e-02
 52 -0.01211 -2.76083e-02 | 53  0.00146  3.46505e-01 | 54  0.00141 -2.07833e-01
 55  0.00488 -1.69248e-01 | 56  0.00486 -9.45392e-02 | 57  0.00537 -6.25164e-01
 58 -0.01550  2.04283e-01 | 59 -0.00900 -2.70453e-01 | 60 -0.00157 -2.94520e-01
 61 -0.00760 -2.55307e-01 | 62  0.00972 -2.47464e-01 | 63  0.01238 -4.00014e-01
 64  0.01696 -5.41747e-01 | 65  0.02653 -7.15129e-01 | 66  0.00363 -4.83291e-01
 67  0.00611 -6.83136e-01 | 68  0.02511 -6.48600e-01 | 69 -0.00546  2.27493e-01
 70 -0.00694 -2.45748e-01 | 71  0.03611 -1.19773e+00 | 72 -0.01483  6.91887e-01
 73 -0.02373 -7.23194e-01 | 74  0.01756 -1.04977e+00 | 75 -0.00594  6.31716e-03
 76 -0.05864  2.38034e-01 | 77  0.01525 -5.14305e-01 | 78 -0.00561 -1.13965e+00
 79 -0.00541 -3.05407e-01 | 80 -0.01535  7.42848e-02 | 81 -0.02371 -4.81449e-01
 82  0.00389 -2.72861e-01 | 83 -0.03124 -1.01105e+00 | 84 -0.01957  1.35288e+00
 85  0.00503 -3.19360e-01 | 86 -0.01623  7.14668e-01 | 87 -0.02861  5.98591e-02
 88 -0.00806  3.31978e-03 | 89 -0.03417  4.54468e-01 | 90 -0.02866  3.89312e-01
 91  0.00039  1.39526e-01 | 92  0.01472  6.73111e-02 | 93 -0.03670  8.29144e-01
 94  0.00958 -1.05135e-01 | 95 -0.01739  6.57338e-01 | 96  0.01277  3.69627e-01
 97 -0.00900  6.30785e-01 | 98 -0.01604  4.91211e-01 | 99 -0.02428  2.78821e-01
100  0.01777  5.65101e-01 |101  0.06307  4.45510e-01 |102 -0.00708  4.66027e-01
103  0.00017  4.80931e-01 |104  0.00022  4.79934e-01 |105 -0.04444 -1.22330e+00
106 -0.43066  1.39796e+00 |107 -0.24998  1.38408e-01 |108 -0.22935 -3.77544e-01
Maximum number of function evaluations exceeded

 - final statistics:
108 variables; iteration 71; function evaluation 100
Function value 5.5899e+02; maximum gradient component mag -4.0163e+00
Exit code = 3;  converg criter 1.0000e+00
Var    Value     Gradient |Var    Value     Gradient |Var    Value     Gradient
  1 -0.42721 -4.90485e-01 |  2 -0.42506 -4.01632e+00 |  3 -0.39921 -1.78141e+00
  4  0.61091 -2.98237e+00 |  5  0.00117 -8.37392e-02 |  6  0.00027  1.75163e-04
  7  0.00033 -1.41913e-03 |  8  0.00040 -4.18678e-03 |  9  0.00049 -8.77828e-03
 10  0.00081  6.95738e-02 | 11  0.00095  6.86316e-02 | 12  0.00112  6.59431e-02
 13  0.00133  6.27869e-02 | 14  0.00172  6.29928e-02 | 15  0.00192  6.66307e-02
 16  0.00234  6.89391e-02 | 17  0.00288  7.24014e-02 | 18  0.00359  7.28393e-02
 19  0.00452  4.32361e-02 | 20  0.00574 -3.83420e-03 | 21  0.00741  2.84356e-02
 22  0.00939  1.78857e-03 | 23  0.01064 -1.21195e-02 | 24  0.01287 -3.78853e-03
 25  0.01125 -1.42796e-02 | 26  0.00588  7.80636e-03 | 27  0.00917 -2.43558e-02
 28 -0.00042  1.27970e-02 | 29  0.00980 -2.38929e-02 | 30  0.01248 -6.67066e-03
 31  0.01046 -3.33576e-02 | 32  0.01839  8.25236e-03 | 33  0.01193 -2.02479e-02
 34  0.00959 -3.93888e-03 | 35  0.00944 -1.46841e-02 | 36  0.00419 -2.11830e-02
 37 -0.00104 -3.05315e-02 | 38  0.00500  6.72555e-03 | 39  0.00621 -1.94102e-02
 40  0.00262  9.76075e-03 | 41  0.00353 -1.07910e-02 | 42 -0.00539 -1.34987e-02
 43 -0.00649  5.67582e-02 | 44 -0.00002 -2.55090e-02 | 45  0.00024 -1.23313e-02
 46  0.00146 -8.86281e-03 | 47  0.00519  4.26740e-02 | 48  0.00699 -1.87968e-01
 49 -0.00723 -5.68798e-02 | 50 -0.00733  6.24976e-03 | 51 -0.00934  5.01544e-03
 52 -0.01206  1.16596e-02 | 53  0.00134  3.64377e-02 | 54  0.00151  9.05780e-03
 55  0.00492 -7.07586e-03 | 56  0.00483 -2.53129e-02 | 57  0.00555 -1.18141e-01
 58 -0.01558  2.35230e-03 | 59 -0.00893 -5.16504e-02 | 60 -0.00152 -2.82891e-02
 61 -0.00757 -5.59755e-02 | 62  0.00967 -2.67958e-02 | 63  0.01237 -6.14623e-02
 64  0.01693 -1.02208e-01 | 65  0.02651 -8.29356e-02 | 66  0.00364 -6.84556e-02
 67  0.00617 -1.11403e-01 | 68  0.02508 -9.88010e-02 | 69 -0.00560  3.55026e-02
 70 -0.00698 -3.73715e-02 | 71  0.03611 -1.85773e-01 | 72 -0.01502  1.06610e-01
 73 -0.02367 -1.10598e-01 | 74  0.01756 -1.61633e-01 | 75 -0.00598  1.39520e-03
 76 -0.05866  3.88205e-02 | 77  0.01524 -7.63080e-02 | 78 -0.00557 -1.75525e-01
 79 -0.00542 -4.57752e-02 | 80 -0.01536  1.27092e-02 | 81 -0.02369 -7.20038e-02
 82  0.00388 -4.11103e-02 | 83 -0.03119 -1.53621e-01 | 84 -0.01965  2.11049e-01
 85  0.00503 -4.51496e-02 | 86 -0.01626  1.13239e-01 | 87 -0.02861  1.11616e-02
 88 -0.00806  2.53432e-03 | 89 -0.03418  7.19742e-02 | 90 -0.02868  6.49805e-02
 91  0.00038  2.51099e-02 | 92  0.01472  1.23478e-02 | 93 -0.03674  1.31044e-01
 94  0.00959 -1.37613e-02 | 95 -0.01741  1.02883e-01 | 96  0.01277  5.81465e-02
 97 -0.00901  9.90326e-02 | 98 -0.01604  7.87738e-02 | 99 -0.02427  4.35376e-02
100  0.01776  8.77180e-02 |101  0.06306  7.02523e-02 |102 -0.00708  9.01638e-02
103  0.00016  7.47989e-02 |104  0.00021  7.59526e-02 |105 -0.04447 -1.93089e-01
106 -0.43068  2.23884e-01 |107 -0.24995  2.69667e-02 |108 -0.22923 -7.09346e-02

Initial statistics: 111 variables; iteration 0; function evaluation 0; phase 5
Function value 5.5899193e+02; maximum gradient component mag -1.4799e+02
Var    Value     Gradient |Var    Value     Gradient |Var    Value     Gradient
  1 -0.42721 -4.90485e-01 |  2 -0.42506 -4.01632e+00 |  3 -0.39921 -1.78141e+00
  4 -0.41222 -2.68454e+01 |  5 -0.41222  1.68916e+01 |  6  0.61091 -2.98237e+00
  7  0.00117 -8.37392e-02 |  8  0.00027  1.75163e-04 |  9  0.00033 -1.41913e-03
 10  0.00040 -4.18678e-03 | 11  0.00049 -8.77828e-03 | 12  0.00081  6.94211e-02
 13  0.00095  6.84789e-02 | 14  0.00112  6.57904e-02 | 15  0.00133  6.26342e-02
 16  0.00172  6.28401e-02 | 17  0.00192  6.64780e-02 | 18  0.00234  6.87864e-02
 19  0.00288  7.22487e-02 | 20  0.00359  7.26866e-02 | 21  0.00452  4.30834e-02
 22  0.00574 -3.98687e-03 | 23  0.00741  2.82829e-02 | 24  0.00939  1.63591e-03
 25  0.01064 -1.22722e-02 | 26  0.01287 -3.94118e-03 | 27  0.01125 -1.44323e-02
 28  0.00588  7.65369e-03 | 29  0.00917 -2.45085e-02 | 30 -0.00042  1.26443e-02
 31  0.00980 -2.40455e-02 | 32  0.01248 -6.82331e-03 | 33  0.01046 -3.35103e-02
 34  0.01839  8.09975e-03 | 35  0.01193 -2.04006e-02 | 36  0.00959 -4.09154e-03
 37  0.00944 -1.48368e-02 | 38  0.00419 -2.13357e-02 | 39 -0.00104 -3.06842e-02
 40  0.00500  6.57288e-03 | 41  0.00621 -1.95628e-02 | 42  0.00262  9.60807e-03
 43  0.00353 -1.09437e-02 | 44 -0.00539 -1.36514e-02 | 45 -0.00649  5.66056e-02
 46 -0.00002 -2.56617e-02 | 47  0.00024 -1.24840e-02 | 48  0.00146 -9.01549e-03
 49  0.00519  4.25213e-02 | 50  0.00699 -1.88120e-01 | 51 -0.00723 -5.70325e-02
 52 -0.00733  6.09709e-03 | 53 -0.00934  4.86278e-03 | 54 -0.01206  1.15069e-02
 55  0.00134  3.62850e-02 | 56  0.00151  8.90512e-03 | 57  0.00492 -7.22853e-03
 58  0.00483 -2.54656e-02 | 59  0.00555 -1.18294e-01 | 60 -0.01558  2.19967e-03
 61 -0.00893 -5.18030e-02 | 62 -0.00152 -2.84418e-02 | 63 -0.00757 -5.61282e-02
 64  0.00967 -2.69485e-02 | 65  0.01237 -6.16150e-02 | 66  0.01693 -1.02361e-01
 67  0.02651 -8.30881e-02 | 68  0.00364 -6.86083e-02 | 69  0.00617 -1.11556e-01
 70  0.02508 -9.89536e-02 | 71 -0.00560  3.53500e-02 | 72 -0.00698 -3.75242e-02
 73  0.03611 -1.85925e-01 | 74 -0.01502  1.06457e-01 | 75 -0.02367 -1.10751e-01
 76  0.01756 -1.61785e-01 | 77 -0.00598  1.24253e-03 | 78 -0.05866  3.86685e-02
 79  0.01524 -7.64607e-02 | 80 -0.00557 -1.75678e-01 | 81 -0.00542 -4.59279e-02
 82 -0.01536  1.25565e-02 | 83 -0.02369 -7.21564e-02 | 84  0.00388 -4.12629e-02
 85 -0.03119 -1.53774e-01 | 86 -0.01965  2.10896e-01 | 87  0.00503 -4.53023e-02
 88 -0.01626  1.13086e-01 | 89 -0.02861  1.10090e-02 | 90 -0.00806  2.38165e-03
 91 -0.03418  7.18218e-02 | 92 -0.02868  6.48280e-02 | 93  0.00038  2.49573e-02
 94  0.01472  1.21952e-02 | 95 -0.03674  1.30891e-01 | 96  0.00959 -1.39139e-02
 97 -0.01741  1.02730e-01 | 98  0.01277  5.79939e-02 | 99 -0.00901  9.88800e-02
100 -0.01604  7.86212e-02 |101 -0.02427  4.33850e-02 |102  0.01776  8.75654e-02
103  0.06306  7.01003e-02 |104 -0.00708  9.00111e-02 |105  0.00016  7.46462e-02
106  0.00021  7.57999e-02 |107  0.00000 -1.47987e+02 |108 -0.04447 -1.93089e-01
109 -0.43068  2.23884e-01 |110 -0.24995  2.69667e-02 |111 -0.22923 -7.09346e-02

Intermediate statistics: 111 variables; iteration 20; function evaluation 24; phase 5
Function value 5.5811134e+02; maximum gradient component mag -2.7035e+02
Var    Value     Gradient |Var    Value     Gradient |Var    Value     Gradient
  1 -0.42674 -3.68868e+01 |  2 -0.41846 -2.70351e+02 |  3 -0.40918 -1.25709e+02
  4 -0.39845 -3.87719e+01 |  5 -0.46722 -5.75693e+00 |  6  0.60748 -2.18721e+02
  7  0.00107 -1.01723e+00 |  8  0.00025 -1.92509e-01 |  9  0.00031 -2.37502e-01
 10  0.00038 -2.93546e-01 | 11  0.00046 -3.63595e-01 | 12  0.00082  4.95701e+00
 13  0.00094  4.86259e+00 | 14  0.00110  4.74600e+00 | 15  0.00129  4.60561e+00
 16  0.00167  4.44143e+00 | 17  0.00184  4.25517e+00 | 18  0.00225  4.02977e+00
 19  0.00277  3.76785e+00 | 20  0.00349  3.46254e+00 | 21  0.00445  3.07696e+00
 22  0.00581  2.64069e+00 | 23  0.00780  2.30205e+00 | 24  0.01023  1.83673e+00
 25  0.01166  1.29546e+00 | 26  0.01335  4.99522e-01 | 27  0.01155  2.14165e-01
 28  0.00591  3.99739e-01 | 29  0.00954  2.32475e-01 | 30 -0.00025  1.00905e+00
 31  0.00994 -7.10815e-02 | 32  0.01270 -6.23420e-01 | 33  0.01060 -3.60906e-01
 34  0.01827 -1.42207e+00 | 35  0.01155 -1.11555e+00 | 36  0.00947 -8.90458e-01
 37  0.00985 -7.64099e-01 | 38  0.00447 -3.50784e-01 | 39 -0.00072  1.50828e-01
 40  0.00622  7.22794e-02 | 41  0.00647 -6.02668e-01 | 42  0.00203 -5.49594e-01
 43  0.00430  6.09367e-02 | 44 -0.00573  4.36591e-01 | 45 -0.00602  1.28677e+00
 46 -0.00009  3.51572e-01 | 47 -0.00012  2.53064e-01 | 48  0.00133  3.40029e-01
 49  0.00499  1.42375e-01 | 50  0.00678 -1.38810e-01 | 51 -0.00776  6.44231e-01
 52 -0.00809  6.07955e-01 | 53 -0.00942  1.13512e+00 | 54 -0.01261  1.18811e+00
 55  0.00095  6.73198e-01 | 56  0.00126 -6.60079e-02 | 57  0.00593 -2.92180e-01
 58  0.00459 -1.15968e+00 | 59  0.00576 -1.09291e+00 | 60 -0.01569  6.05296e-01
 61 -0.00890 -5.56750e-01 | 62 -0.00155 -1.69763e+00 | 63 -0.00827 -1.59966e+00
 64  0.01075 -2.91354e+00 | 65  0.01266 -3.99133e+00 | 66  0.01685 -5.76520e+00
 67  0.02640 -8.13842e+00 | 68  0.00436 -4.07009e+00 | 69  0.00593 -5.44450e+00
 70  0.02468 -9.37765e+00 | 71 -0.00543 -3.64195e+00 | 72 -0.00638 -4.57260e+00
 73  0.03553 -1.98522e+01 | 74 -0.01488 -5.05000e+00 | 75 -0.02421 -5.26175e+00
 76  0.01704 -1.62152e+01 | 77 -0.00636 -1.00358e+01 | 78 -0.05898  1.92481e+00
 79  0.01480 -1.93549e+01 | 80 -0.00562 -8.66462e+00 | 81 -0.00555 -6.38606e+00
 82 -0.01586 -5.00689e+00 | 83 -0.02390 -4.99097e+00 | 84  0.00321 -1.38791e+01
 85 -0.03101 -1.72379e+00 | 86 -0.01971 -3.55011e-01 | 87  0.00483 -1.36868e+00
 88 -0.01611  1.24377e+00 | 89 -0.02793  1.66814e-01 | 90 -0.00838 -2.95348e+00
 91 -0.03436  2.03161e+00 | 92 -0.02883  3.75325e+00 | 93  0.00175  3.82455e+01
 94  0.01458  8.52300e+00 | 95 -0.03678  2.03710e-01 | 96  0.00983  9.40270e+00
 97 -0.01743  3.14282e+00 | 98  0.01242  8.68887e+00 | 99 -0.00886  1.00344e+00
100 -0.01698  4.90330e+00 |101 -0.02444  9.90104e-01 |102  0.01737  1.37660e+01
103  0.06275  2.52681e+00 |104 -0.00705  5.50340e+00 |105  0.00020  5.39831e+00
106  0.00025  5.39540e+00 |107  0.00154 -1.74791e+02 |108 -0.03977 -1.70618e+01
109 -0.42805  2.46238e+01 |110 -0.24387 -4.02077e-01 |111 -0.23207 -3.53893e+00
111 variables; iteration 40; function evaluation 46; phase 5
Function value 5.5783859e+02; maximum gradient component mag -1.5529e+02
Var    Value     Gradient |Var    Value     Gradient |Var    Value     Gradient
  1 -0.42796 -1.38452e+01 |  2 -0.41762 -1.55288e+02 |  3 -0.40915 -6.35118e+01
  4 -0.38695 -9.22529e+00 |  5 -0.48114 -2.99651e+00 |  6  0.60625 -1.28074e+02
  7  0.00119 -3.37420e-01 |  8  0.00026 -7.68960e-02 |  9  0.00032 -9.33007e-02
 10  0.00039 -1.12996e-01 | 11  0.00047 -1.36580e-01 | 12  0.00081  3.01119e+00
 13  0.00094  2.97527e+00 | 14  0.00110  2.93213e+00 | 15  0.00130  2.87973e+00
 16  0.00168  2.81422e+00 | 17  0.00186  2.73532e+00 | 18  0.00226  2.63775e+00
 19  0.00277  2.51650e+00 | 20  0.00347  2.36485e+00 | 21  0.00442  2.17025e+00
 22  0.00576  1.93148e+00 | 23  0.00776  1.84069e+00 | 24  0.01051  2.01734e+00
 25  0.01223  2.05049e+00 | 26  0.01336  8.86619e-01 | 27  0.01169  9.06904e-01
 28  0.00613  1.11217e+00 | 29  0.00980  1.16233e+00 | 30  0.00002  1.51650e+00
 31  0.01018  9.44191e-01 | 32  0.01309  8.75785e-01 | 33  0.01094  9.02874e-01
 34  0.01833  5.57094e-02 | 35  0.01150 -1.00921e-03 | 36  0.00974  5.58077e-01
 37  0.01035  9.99584e-01 | 38  0.00474  7.96067e-01 | 39 -0.00058  9.09780e-01
 40  0.00604  4.60041e-01 | 41  0.00675  5.29719e-01 | 42  0.00241  6.93427e-01
 43  0.00415  4.68891e-01 | 44 -0.00552  8.51812e-01 | 45 -0.00618  8.57700e-01
 46  0.00000  7.76843e-01 | 47  0.00003  8.46257e-01 | 48  0.00125  6.32723e-01
 49  0.00498  4.26617e-01 | 50  0.00690  2.06913e-01 | 51 -0.00751  8.83438e-01
 52 -0.00796  8.25622e-01 | 53 -0.00954  9.02187e-01 | 54 -0.01279  7.41825e-01
 55  0.00038 -5.33498e-01 | 56  0.00092 -2.70270e-01 | 57  0.00543 -5.55836e-01
 58  0.00474 -7.34493e-01 | 59  0.00529 -1.13690e+00 | 60 -0.01569  3.94548e-01
 61 -0.00908 -5.24788e-01 | 62 -0.00176 -1.27287e+00 | 63 -0.00826 -8.40860e-01
 64  0.01015 -2.29364e+00 | 65  0.01257 -2.45019e+00 | 66  0.01662 -3.84839e+00
 67  0.02622 -5.13592e+00 | 68  0.00420 -2.00404e+00 | 69  0.00648 -2.02555e+00
 70  0.02401 -7.62628e+00 | 71 -0.00544 -1.53249e+00 | 72 -0.00575  3.64170e-01
 73  0.03613 -8.92435e+00 | 74 -0.01476 -2.12854e+00 | 75 -0.02351  5.49450e-01
 76  0.01720 -8.16682e+00 | 77 -0.00619 -6.29639e+00 | 78 -0.05937  9.98433e-01
 79  0.01490 -9.16499e+00 | 80 -0.00549 -4.44173e+00 | 81 -0.00564 -7.50499e+00
 82 -0.01587 -3.11872e+00 | 83 -0.02359  1.70935e+00 | 84  0.00346 -4.97775e+00
 85 -0.03068  3.60149e+00 | 86 -0.01987 -3.66804e+00 | 87  0.00475 -2.59099e+00
 88 -0.01623 -1.74059e+00 | 89 -0.02754  4.35858e+00 | 90 -0.00797  1.77590e+00
 91 -0.03442  5.42917e-01 | 92 -0.02923 -4.01308e-01 | 93  0.00079  1.07878e+01
 94  0.01433 -2.18484e+00 | 95 -0.03706 -5.80565e+00 | 96  0.00950 -2.97200e-01
 97 -0.01760 -1.52911e+00 | 98  0.01206  4.91640e-01 | 99 -0.00862  3.95232e+00
100 -0.01724  2.28413e+00 |101 -0.02459  7.02650e-01 |102  0.01645  4.26934e+00
103  0.06224  1.71939e+00 |104 -0.00705  3.34037e+00 |105  0.00017  3.17804e+00
106  0.00023  3.17725e+00 |107  0.00205 -9.29265e+01 |108 -0.03925 -7.83157e+00
109 -0.42824  1.07067e+01 |110 -0.24455 -1.53126e+00 |111 -0.23259  6.51861e-01
111 variables; iteration 60; function evaluation 74; phase 5
Function value 5.5781837e+02; maximum gradient component mag -6.8570e+01
Var    Value     Gradient |Var    Value     Gradient |Var    Value     Gradient
  1 -0.42804 -5.55330e+00 |  2 -0.41733 -6.85696e+01 |  3 -0.40954 -2.72571e+01
  4 -0.38477 -2.74589e+00 |  5 -0.48403 -1.39474e+00 |  6  0.60608 -5.35598e+01
  7  0.00110 -2.60603e-01 |  8  0.00026 -3.19586e-02 |  9  0.00031 -4.15868e-02
 10  0.00038 -5.46361e-02 | 11  0.00046 -7.24263e-02 | 12  0.00086  1.33677e+00
 13  0.00099  1.31809e+00 | 14  0.00114  1.29315e+00 | 15  0.00133  1.26354e+00
 16  0.00171  1.23454e+00 | 17  0.00189  1.20832e+00 | 18  0.00230  1.18142e+00
 19  0.00284  1.16513e+00 | 20  0.00359  1.16837e+00 | 21  0.00465  1.19430e+00
 22  0.00613  1.24070e+00 | 23  0.00782  8.22990e-01 | 24  0.00967 -5.59675e-02
 25  0.01166  4.64336e-01 | 26  0.01321  5.70604e-03 | 27  0.01208  8.17526e-01
 28  0.00618  5.30628e-01 | 29  0.00943  5.08804e-02 | 30 -0.00033  1.90965e-01
 31  0.01014  3.39841e-01 | 32  0.01324  6.74205e-01 | 33  0.01101  5.21653e-01
 34  0.01818 -3.56969e-01 | 35  0.01216  5.18106e-01 | 36  0.00981  2.98612e-01
 37  0.00926 -7.93795e-01 | 38  0.00437 -1.83681e-01 | 39 -0.00079  8.39936e-02
 40  0.00611  2.39359e-01 | 41  0.00657 -1.04233e-01 | 42  0.00193 -4.07277e-01
 43  0.00432  4.04478e-01 | 44 -0.00556  3.38928e-01 | 45 -0.00608  6.60959e-01
 46 -0.00008  2.20104e-01 | 47 -0.00021  2.64361e-02 | 48  0.00130  3.22361e-01
 49  0.00486  1.83466e-02 | 50  0.00700  3.88086e-01 | 51 -0.00742  5.27518e-01
 52 -0.00787  5.61286e-01 | 53 -0.00966  3.23239e-01 | 54 -0.01283  3.95495e-01
 55  0.00010 -9.25749e-01 | 56  0.00098 -1.22937e-01 | 57  0.00565 -1.93227e-02
 58  0.00452 -7.60447e-01 | 59  0.00525 -6.03354e-01 | 60 -0.01552  8.30744e-01
 61 -0.00905 -2.80681e-01 | 62 -0.00164 -4.93380e-01 | 63 -0.00808 -2.47953e-02
 64  0.01057  5.26456e-02 | 65  0.01344  1.40311e+00 | 66  0.01719 -5.86104e-01
 67  0.02686 -8.66531e-01 | 68  0.00400 -9.34382e-01 | 69  0.00603 -1.68708e+00
 70  0.02407 -4.46423e+00 | 71 -0.00537 -8.75590e-02 | 72 -0.00640 -4.72360e-01
 73  0.03621 -4.04688e+00 | 74 -0.01507 -2.59779e+00 | 75 -0.02386 -8.04422e-01
 76  0.01729 -3.31500e+00 | 77 -0.00602 -1.79683e+00 | 78 -0.05952  3.12783e-01
 79  0.01501 -3.68880e+00 | 80 -0.00546 -1.29686e+00 | 81 -0.00548 -2.85299e+00
 82 -0.01583 -2.14262e-01 | 83 -0.02365  4.57117e-01 | 84  0.00347 -1.81007e+00
 85 -0.03096 -1.65430e+00 | 86 -0.01983 -2.41684e+00 | 87  0.00478 -9.70847e-01
 88 -0.01628 -1.53206e+00 | 89 -0.02754  2.78724e+00 | 90 -0.00801  1.63978e+00
 91 -0.03424  2.91474e+00 | 92 -0.02920  2.56482e-01 | 93  0.00059  3.69811e+00
 94  0.01439 -7.80424e-01 | 95 -0.03664 -1.78386e+00 | 96  0.00948 -6.23164e-01
 97 -0.01725  2.07319e+00 | 98  0.01192 -2.60650e+00 | 99 -0.00868 -7.68608e-01
100 -0.01719  1.27944e+00 |101 -0.02425  1.97287e+00 |102  0.01642  2.21174e+00
103  0.06242  1.88819e-01 |104 -0.00709  1.37304e+00 |105  0.00024  1.42302e+00
106  0.00029  1.42079e+00 |107  0.00212 -4.53882e+01 |108 -0.03906 -3.20942e+00
109 -0.42827  4.05508e+00 |110 -0.24358 -1.72594e-01 |111 -0.23258 -9.85659e-02
111 variables; iteration 80; function evaluation 105; phase 5
Function value 5.5781003e+02; maximum gradient component mag -1.2434e+01
Var    Value     Gradient |Var    Value     Gradient |Var    Value     Gradient
  1 -0.42810 -9.85844e-01 |  2 -0.41706 -1.24342e+01 |  3 -0.40985 -4.90888e+00
  4 -0.38392 -4.00834e-01 |  5 -0.48551 -2.50218e-01 |  6  0.60585 -9.56650e+00
  7  0.00123  7.95291e-02 |  8  0.00026  5.44906e-03 |  9  0.00032  7.49276e-03
 10  0.00039  1.05819e-02 | 11  0.00048  1.53409e-02 | 12  0.00078  1.99402e-01
 13  0.00091  1.99703e-01 | 14  0.00107  2.01529e-01 | 15  0.00127  2.03736e-01
 16  0.00165  2.01802e-01 | 17  0.00182  1.92987e-01 | 18  0.00221  1.76792e-01
 19  0.00271  1.51789e-01 | 20  0.00342  1.50807e-01 | 21  0.00449  2.67063e-01
 22  0.00604  4.79782e-01 | 23  0.00746 -2.35986e-01 | 24  0.01006 -2.66060e-02
 25  0.01163  2.82240e-02 | 26  0.01341 -5.55153e-02 | 27  0.01170  5.14822e-02
 28  0.00609  1.27482e-01 | 29  0.00953 -3.04552e-02 | 30 -0.00022  3.32138e-03
 31  0.01008  6.94623e-02 | 32  0.01283  7.17307e-02 | 33  0.01081  1.19654e-01
 34  0.01847  2.53626e-02 | 35  0.01184  6.66770e-02 | 36  0.00961  1.94520e-03
 37  0.00983 -1.14832e-02 | 38  0.00467  1.95851e-01 | 39 -0.00079 -4.53598e-02
 40  0.00606  1.10265e-01 | 41  0.00669  1.29577e-02 | 42  0.00228  1.92337e-02
 43  0.00422  1.69949e-01 | 44 -0.00552  1.60992e-01 | 45 -0.00639 -2.16378e-01
 46 -0.00006  4.79891e-02 | 47 -0.00009 -5.23252e-03 | 48  0.00130  1.16302e-01
 49  0.00502  1.22783e-01 | 50  0.00695  1.46531e-01 | 51 -0.00745  1.21749e-01
 52 -0.00793  1.29815e-01 | 53 -0.00962  8.37889e-02 | 54 -0.01269  3.98020e-01
 55  0.00040 -2.28799e-01 | 56  0.00113  1.31029e-01 | 57  0.00577  3.03536e-01
 58  0.00488 -3.52315e-02 | 59  0.00531 -3.26215e-01 | 60 -0.01578  2.23574e-02
 61 -0.00890 -1.44562e-02 | 62 -0.00148 -1.52543e-02 | 63 -0.00812  4.29745e-02
 64  0.01040  2.01442e-01 | 65  0.01278  3.48003e-01 | 66  0.01695 -4.04759e-01
 67  0.02665 -3.24551e-01 | 68  0.00400 -3.81275e-01 | 69  0.00627 -1.94118e-01
 70  0.02446 -7.95276e-01 | 71 -0.00555 -4.64929e-02 | 72 -0.00650 -1.21162e-01
 73  0.03633 -7.28276e-01 | 74 -0.01475 -4.49437e-01 | 75 -0.02383 -1.46812e-01
 76  0.01736 -5.71126e-01 | 77 -0.00597 -3.18242e-01 | 78 -0.05955  3.09381e-02
 79  0.01505 -6.50091e-01 | 80 -0.00545 -2.36150e-01 | 81 -0.00540 -4.72844e-01
 82 -0.01587 -5.83492e-02 | 83 -0.02368  5.99668e-02 | 84  0.00348 -3.36860e-01
 85 -0.03089 -2.93373e-01 | 86 -0.01973 -4.16628e-01 | 87  0.00478 -2.03371e-01
 88 -0.01621 -2.69078e-01 | 89 -0.02763  4.26703e-01 | 90 -0.00808  2.34931e-01
 91 -0.03436  4.81599e-01 | 92 -0.02920  3.94078e-02 | 93  0.00048  5.02350e-01
 94  0.01443 -1.39640e-01 | 95 -0.03649 -2.27943e-01 | 96  0.00953 -1.05125e-01
 97 -0.01729  3.63146e-01 | 98  0.01207 -4.11520e-01 | 99 -0.00857 -9.49960e-02
100 -0.01721  2.15048e-01 |101 -0.02427  3.45768e-01 |102  0.01633  3.49779e-01
103  0.06246  5.35840e-02 |104 -0.00710  2.55734e-01 |105  0.00015  2.03290e-01
106  0.00021  2.02058e-01 |107  0.00222 -8.65680e+00 |108 -0.03895 -5.30495e-01
109 -0.42826  6.98932e-01 |110 -0.24332 -2.31375e-02 |111 -0.23259 -1.47194e-02
111 variables; iteration 100; function evaluation 141; phase 5
Function value 5.5780950e+02; maximum gradient component mag -2.3514e-01
Var    Value     Gradient |Var    Value     Gradient |Var    Value     Gradient
  1 -0.42811 -1.77590e-02 |  2 -0.41699 -2.35136e-01 |  3 -0.40993 -9.25769e-02
  4 -0.38376 -5.61433e-03 |  5 -0.48584 -4.57120e-03 |  6  0.60580 -1.81110e-01
  7  0.00115 -9.11005e-04 |  8  0.00025  3.99694e-04 |  9  0.00031  5.29698e-04
 10  0.00038  7.05887e-04 | 11  0.00046  9.38914e-04 | 12  0.00080  3.53030e-03
 13  0.00092  3.65365e-03 | 14  0.00108  3.82307e-03 | 15  0.00127  3.88205e-03
 16  0.00165  3.62171e-03 | 17  0.00182  3.24532e-03 | 18  0.00221  3.45312e-03
 19  0.00273  5.36157e-03 | 20  0.00343  4.39288e-03 | 21  0.00441  7.99416e-03
 22  0.00580  8.31101e-03 | 23  0.00771 -2.86692e-04 | 24  0.01016  2.91759e-03
 25  0.01167 -1.09559e-04 | 26  0.01349 -3.33440e-03 | 27  0.01170 -3.90168e-03
 28  0.00605  6.55589e-03 | 29  0.00959  6.62092e-04 | 30 -0.00017  2.29805e-03
 31  0.01006  2.36576e-03 | 32  0.01279  1.78206e-03 | 33  0.01075  4.73468e-04
 34  0.01845  6.43597e-04 | 35  0.01180  1.42491e-03 | 36  0.00963  1.18242e-03
 37  0.00986 -2.15768e-03 | 38  0.00456  6.28748e-03 | 39 -0.00073  4.01687e-05
 40  0.00601 -7.03469e-04 | 41  0.00670 -3.96610e-03 | 42  0.00230 -5.42844e-04
 43  0.00415  6.59121e-04 | 44 -0.00557  1.18087e-03 | 45 -0.00625 -3.83559e-03
 46 -0.00005 -1.32742e-03 | 47 -0.00005 -1.69732e-03 | 48  0.00127  5.66360e-03
 49  0.00499  6.73085e-03 | 50  0.00691  2.53081e-03 | 51 -0.00746  3.53115e-03
 52 -0.00795  2.09742e-03 | 53 -0.00961 -1.40173e-03 | 54 -0.01284  6.29342e-03
 55  0.00049 -4.07937e-03 | 56  0.00109  3.69195e-03 | 57  0.00560  4.34070e-03
 58  0.00492  3.68613e-04 | 59  0.00543 -5.34330e-03 | 60 -0.01579  1.80739e-04
 61 -0.00889  2.78416e-03 | 62 -0.00150 -2.51816e-03 | 63 -0.00815  5.46108e-04
 64  0.01025  2.57846e-03 | 65  0.01258  4.13011e-03 | 66  0.01708 -5.86097e-03
 67  0.02668 -8.52932e-03 | 68  0.00412 -3.88730e-03 | 69  0.00626 -4.86068e-03
 70  0.02455 -1.35272e-02 | 71 -0.00557 -1.53636e-03 | 72 -0.00651 -2.90386e-03
 73  0.03635 -1.36818e-02 | 74 -0.01468 -7.66112e-03 | 75 -0.02382 -2.86420e-03
 76  0.01737 -1.05953e-02 | 77 -0.00596 -6.07374e-03 | 78 -0.05956  2.72692e-04
 79  0.01505 -1.16059e-02 | 80 -0.00545 -4.69689e-03 | 81 -0.00539 -7.89832e-03
 82 -0.01587 -1.78452e-03 | 83 -0.02369  2.94499e-04 | 84  0.00348 -6.53037e-03
 85 -0.03087 -5.08438e-03 | 86 -0.01971 -6.77869e-03 | 87  0.00478 -4.35295e-03
 88 -0.01620 -4.49804e-03 | 89 -0.02765  5.85442e-03 | 90 -0.00809  2.71272e-03
 91 -0.03438  7.39916e-03 | 92 -0.02920  6.86931e-04 | 93  0.00046  6.20483e-03
 94  0.01444 -2.50602e-03 | 95 -0.03646 -2.46894e-03 | 96  0.00954 -1.53949e-03
 97 -0.01730  6.04963e-03 | 98  0.01209 -5.75534e-03 | 99 -0.00855 -6.16907e-04
100 -0.01722  3.95539e-03 |101 -0.02428  6.19120e-03 |102  0.01631  5.89079e-03
103  0.06246  1.85004e-03 |104 -0.00711  3.48024e-03 |105  0.00017  3.73076e-03
106  0.00023  3.62225e-03 |107  0.00224 -1.59194e-01 |108 -0.03893 -9.80936e-03
109 -0.42826  1.25722e-02 |110 -0.24324 -4.20687e-04 |111 -0.23259 -6.18222e-05
111 variables; iteration 120; function evaluation 176; phase 5
Function value 5.5780950e+02; maximum gradient component mag -6.9767e-04
Var    Value     Gradient |Var    Value     Gradient |Var    Value     Gradient
  1 -0.42811 -5.26058e-05 |  2 -0.41699 -6.97665e-04 |  3 -0.40993 -2.74117e-04
  4 -0.38376 -1.00086e-05 |  5 -0.48585 -1.37626e-05 |  6  0.60580 -5.17505e-04
  7  0.00115  1.27324e-05 |  8  0.00025 -6.89601e-05 |  9  0.00031 -5.77195e-05
 10  0.00038 -3.00244e-05 | 11  0.00046  1.02815e-05 | 12  0.00080  3.18416e-06
 13  0.00092  2.04178e-05 | 14  0.00108  3.23789e-05 | 15  0.00127  2.02635e-05
 16  0.00165  1.50533e-05 | 17  0.00182 -2.04038e-05 | 18  0.00221  6.03055e-05
 19  0.00273  1.15999e-04 | 20  0.00343 -3.14194e-05 | 21  0.00441  4.09306e-05
 22  0.00579  2.63146e-05 | 23  0.00771  2.04550e-06 | 24  0.01016  1.13692e-05
 25  0.01167  4.31825e-07 | 26  0.01350 -1.05123e-05 | 27  0.01170 -1.90346e-05
 28  0.00605 -4.53753e-06 | 29  0.00959 -7.33900e-06 | 30 -0.00017 -2.51711e-05
 31  0.01006 -8.63708e-08 | 32  0.01279 -1.28363e-06 | 33  0.01075 -4.23637e-06
 34  0.01845 -2.04700e-06 | 35  0.01180  3.22009e-06 | 36  0.00963  7.99413e-06
 37  0.00986  5.80069e-06 | 38  0.00456  3.34090e-05 | 39 -0.00073 -2.25204e-05
 40  0.00601 -7.09685e-06 | 41  0.00671  1.99267e-05 | 42  0.00230 -7.34020e-06
 43  0.00415 -3.51498e-05 | 44 -0.00557  8.13644e-06 | 45 -0.00625 -1.91729e-05
 46 -0.00005 -3.38441e-06 | 47 -0.00005  9.69284e-06 | 48  0.00127  2.31244e-05
 49  0.00499  1.07856e-05 | 50  0.00691  4.36224e-06 | 51 -0.00746  3.42469e-05
 52 -0.00795 -1.78506e-05 | 53 -0.00961  1.82283e-07 | 54 -0.01284  1.27648e-05
 55  0.00049 -1.24135e-05 | 56  0.00108  4.96496e-06 | 57  0.00560  1.28700e-05
 58  0.00492 -5.16051e-06 | 59  0.00543 -1.60187e-05 | 60 -0.01579 -3.31563e-06
 61 -0.00889 -2.31980e-06 | 62 -0.00150  2.65567e-06 | 63 -0.00815 -9.39304e-06
 64  0.01025  4.93775e-06 | 65  0.01258  3.47984e-06 | 66  0.01708 -2.00267e-05
 67  0.02668 -2.79728e-05 | 68  0.00412 -1.31378e-05 | 69  0.00627 -1.69463e-05
 70  0.02455 -3.99275e-05 | 71 -0.00557 -8.85397e-06 | 72 -0.00651 -1.28340e-05
 73  0.03635 -4.25542e-05 | 74 -0.01468 -2.31144e-05 | 75 -0.02382 -1.09016e-05
 76  0.01737 -3.14765e-05 | 77 -0.00596 -1.95177e-05 | 78 -0.05956 -3.03509e-06
 79  0.01505 -3.46164e-05 | 80 -0.00545 -1.60862e-05 | 81 -0.00539 -2.19521e-05
 82 -0.01587 -8.50443e-06 | 83 -0.02369 -2.45184e-06 | 84  0.00348 -2.10937e-05
 85 -0.03087 -1.51304e-05 | 86 -0.01971 -1.98982e-05 | 87  0.00478 -1.58041e-05
 88 -0.01620 -1.40283e-05 | 89 -0.02765  1.01031e-05 | 90 -0.00809  2.42304e-06
 91 -0.03438  1.62246e-05 | 92 -0.02920 -5.01488e-07 | 93  0.00046  4.78110e-06
 94  0.01444 -8.35504e-06 | 95 -0.03646 -2.37886e-06 | 96  0.00954 -5.49017e-06
 97 -0.01730  1.47697e-05 | 98  0.01209 -1.41144e-05 | 99 -0.00855 -2.50270e-07
100 -0.01722  7.94717e-06 |101 -0.02428  1.45018e-05 |102  0.01631  1.09863e-05
103  0.06246  4.56743e-06 |104 -0.00711  8.34742e-06 |105  0.00017  1.27274e-05
106  0.00023  1.01591e-04 |107  0.00224 -4.98013e-04 |108 -0.03893 -2.61213e-05
109 -0.42826  3.31868e-05 |110 -0.24324 -4.91269e-07 |111 -0.23259  1.57711e-07

Initial statistics: 112 variables; iteration 0; function evaluation 0; phase 6
Function value 5.5780950e+02; maximum gradient component mag -2.0977e-04
Var    Value     Gradient |Var    Value     Gradient |Var    Value     Gradient
  1 -0.42811 -1.63926e-05 |  2 -0.41699 -2.09765e-04 |  3 -0.40993 -8.16381e-05
  4 -0.38376 -2.80947e-06 |  5 -0.48585 -4.33394e-06 |  6  0.60580 -1.50500e-04
  7  0.00115  8.50216e-06 |  8  0.00025 -1.92835e-05 |  9  0.00031 -2.48343e-05
 10  0.00038 -2.02791e-05 | 11  0.00046  8.73274e-06 | 12  0.00080 -1.03714e-05
 13  0.00092  8.62720e-06 | 14  0.00108  3.71346e-05 | 15  0.00127  2.34551e-05
 16  0.00165  8.66511e-06 | 17  0.00182 -1.43888e-05 | 18  0.00221  1.08349e-05
 19  0.00273  3.60252e-05 | 20  0.00343 -1.37360e-05 | 21  0.00441  1.15505e-05
 22  0.00579  6.77352e-06 | 23  0.00771 -1.34724e-06 | 24  0.01016  1.95987e-06
 25  0.01167 -1.72688e-06 | 26  0.01350 -5.24044e-06 | 27  0.01170 -7.92310e-06
 28  0.00605 -1.70490e-06 | 29  0.00959  7.93727e-07 | 30 -0.00017 -9.20139e-06
 31  0.01006 -1.30799e-07 | 32  0.01279 -3.52210e-07 | 33  0.01075 -1.30959e-06
 34  0.01845 -2.58701e-07 | 35  0.01180  1.79330e-06 | 36  0.00963  3.91515e-06
 37  0.00986  4.12795e-06 | 38  0.00456  1.56561e-05 | 39 -0.00073 -6.46574e-06
 40  0.00601 -2.95852e-07 | 41  0.00671  6.70444e-06 | 42  0.00230 -1.35969e-05
 43  0.00415 -8.52956e-06 | 44 -0.00557  1.59699e-06 | 45 -0.00625 -7.00502e-06
 46 -0.00005 -1.28179e-06 | 47 -0.00005  3.32918e-06 | 48  0.00127  7.84201e-06
 49  0.00499  3.61864e-06 | 50  0.00691  1.43270e-06 | 51 -0.00746  1.16528e-05
 52 -0.00795 -6.26049e-06 | 53 -0.00961 -7.68513e-08 | 54 -0.01284  4.23416e-06
 55  0.00049 -4.20423e-06 | 56  0.00108  4.12270e-06 | 57  0.00560 -2.75696e-06
 58  0.00492  1.94265e-06 | 59  0.00543 -6.05393e-06 | 60 -0.01579 -1.45672e-06
 61 -0.00889 -8.91236e-07 | 62 -0.00150  9.36625e-07 | 63 -0.00815 -3.37622e-06
 64  0.01025  1.80158e-06 | 65  0.01258  1.16524e-06 | 66  0.01708 -6.47580e-06
 67  0.02668 -8.99061e-06 | 68  0.00412 -4.29687e-06 | 69  0.00627 -5.45939e-06
 70  0.02455 -1.29538e-05 | 71 -0.00557 -2.98805e-06 | 72 -0.00651 -4.27774e-06
 73  0.03635 -1.32352e-05 | 74 -0.01468 -7.60993e-06 | 75 -0.02382 -3.59774e-06
 76  0.01737 -9.57122e-06 | 77 -0.00596 -6.11160e-06 | 78 -0.05956 -1.48309e-06
 79  0.01505 -1.11265e-05 | 80 -0.00545 -5.13520e-06 | 81 -0.00539 -7.06464e-06
 82 -0.01587 -2.71862e-06 | 83 -0.02369 -7.23944e-07 | 84  0.00348 -6.64801e-06
 85 -0.03087 -5.00955e-06 | 86 -0.01971 -6.82885e-06 | 87  0.00478 -5.08028e-06
 88 -0.01620 -4.85516e-06 | 89 -0.02765  3.26559e-06 | 90 -0.00809  8.34591e-07
 91 -0.03438  5.17176e-06 | 92 -0.02920 -5.86316e-07 | 93  0.00046  8.45350e-07
 94  0.01444 -2.88444e-06 | 95 -0.03646 -9.18349e-07 | 96  0.00954 -2.20143e-06
 97 -0.01730  4.58570e-06 | 98  0.01209 -5.18898e-06 | 99 -0.00855 -5.61658e-07
100 -0.01722  1.73316e-06 |101 -0.02428  3.92138e-06 |102  0.01631  2.45949e-06
103  0.06246  6.09353e-07 |104 -0.00711  2.12539e-06 |105  0.00017  1.02897e-05
106  0.00023  2.70497e-05 |107  0.00000  0.00000e+00 |108  0.00224 -1.64319e-04
109 -0.03893 -7.27852e-06 |110 -0.42826  9.41659e-06 |111 -0.24324 -2.03230e-08
112 -0.23259  2.10944e-08 |
  ic > imax  in fminim is answer attained ?
Var    Value     Gradient |Var    Value     Gradient |Var    Value     Gradient
  1 -0.42811 -1.63926e-05 |  2 -0.41699 -2.09765e-04 |  3 -0.40993 -8.16381e-05
  4 -0.38376 -2.80947e-06 |  5 -0.48585 -4.33394e-06 |  6  0.60580 -1.50500e-04
  7  0.00115  8.50216e-06 |  8  0.00025 -1.92835e-05 |  9  0.00031 -2.48343e-05
 10  0.00038 -2.02791e-05 | 11  0.00046  8.73274e-06 | 12  0.00080 -1.03714e-05
 13  0.00092  8.62720e-06 | 14  0.00108  3.71346e-05 | 15  0.00127  2.34551e-05
 16  0.00165  8.66511e-06 | 17  0.00182 -1.43888e-05 | 18  0.00221  1.08349e-05
 19  0.00273  3.60252e-05 | 20  0.00343 -1.37360e-05 | 21  0.00441  1.15505e-05
 22  0.00579  6.77352e-06 | 23  0.00771 -1.34724e-06 | 24  0.01016  1.95987e-06
 25  0.01167 -1.72688e-06 | 26  0.01350 -5.24044e-06 | 27  0.01170 -7.92310e-06
 28  0.00605 -1.70490e-06 | 29  0.00959  7.93727e-07 | 30 -0.00017 -9.20139e-06
 31  0.01006 -1.30799e-07 | 32  0.01279 -3.52210e-07 | 33  0.01075 -1.30959e-06
 34  0.01845 -2.58701e-07 | 35  0.01180  1.79330e-06 | 36  0.00963  3.91515e-06
 37  0.00986  4.12795e-06 | 38  0.00456  1.56561e-05 | 39 -0.00073 -6.46574e-06
 40  0.00601 -2.95852e-07 | 41  0.00671  6.70444e-06 | 42  0.00230 -1.35969e-05
 43  0.00415 -8.52956e-06 | 44 -0.00557  1.59699e-06 | 45 -0.00625 -7.00502e-06
 46 -0.00005 -1.28179e-06 | 47 -0.00005  3.32918e-06 | 48  0.00127  7.84201e-06
 49  0.00499  3.61864e-06 | 50  0.00691  1.43270e-06 | 51 -0.00746  1.16528e-05
 52 -0.00795 -6.26049e-06 | 53 -0.00961 -7.68513e-08 | 54 -0.01284  4.23416e-06
 55  0.00049 -4.20423e-06 | 56  0.00108  4.12270e-06 | 57  0.00560 -2.75696e-06
 58  0.00492  1.94265e-06 | 59  0.00543 -6.05393e-06 | 60 -0.01579 -1.45672e-06
 61 -0.00889 -8.91236e-07 | 62 -0.00150  9.36625e-07 | 63 -0.00815 -3.37622e-06
 64  0.01025  1.80158e-06 | 65  0.01258  1.16524e-06 | 66  0.01708 -6.47580e-06
 67  0.02668 -8.99061e-06 | 68  0.00412 -4.29687e-06 | 69  0.00627 -5.45939e-06
 70  0.02455 -1.29538e-05 | 71 -0.00557 -2.98805e-06 | 72 -0.00651 -4.27774e-06
 73  0.03635 -1.32352e-05 | 74 -0.01468 -7.60993e-06 | 75 -0.02382 -3.59774e-06
 76  0.01737 -9.57122e-06 | 77 -0.00596 -6.11160e-06 | 78 -0.05956 -1.48309e-06
 79  0.01505 -1.11265e-05 | 80 -0.00545 -5.13520e-06 | 81 -0.00539 -7.06464e-06
 82 -0.01587 -2.71862e-06 | 83 -0.02369 -7.23944e-07 | 84  0.00348 -6.64801e-06
 85 -0.03087 -5.00955e-06 | 86 -0.01971 -6.82885e-06 | 87  0.00478 -5.08028e-06
 88 -0.01620 -4.85516e-06 | 89 -0.02765  3.26559e-06 | 90 -0.00809  8.34591e-07
 91 -0.03438  5.17176e-06 | 92 -0.02920 -5.86316e-07 | 93  0.00046  8.45350e-07
 94  0.01444 -2.88444e-06 | 95 -0.03646 -9.18349e-07 | 96  0.00954 -2.20143e-06
 97 -0.01730  4.58570e-06 | 98  0.01209 -5.18898e-06 | 99 -0.00855 -5.61658e-07
100 -0.01722  1.73316e-06 |101 -0.02428  3.92138e-06 |102  0.01631  2.45949e-06
103  0.06246  6.09353e-07 |104 -0.00711  2.12539e-06 |105  0.00017  1.02897e-05
106  0.00023  2.70497e-05 |107  0.00000  0.00000e+00 |108  0.00224 -1.64319e-04
109 -0.03893 -7.27852e-06 |110 -0.42826  9.41659e-06 |111 -0.24324 -2.03230e-08
112 -0.23259  2.10944e-08 |
Function minimizer not making progress ... is minimum attained?
Minimprove criterion = 0.0000e+00

 - final statistics:
112 variables; iteration 1; function evaluation 30
Function value 5.5781e+02; maximum gradient component mag -2.0977e-04
Exit code = 1;  converg criter 1.0000e-04
Var    Value     Gradient |Var    Value     Gradient |Var    Value     Gradient
  1 -0.42811 -1.63926e-05 |  2 -0.41699 -2.09765e-04 |  3 -0.40993 -8.16381e-05
  4 -0.38376 -2.80947e-06 |  5 -0.48585 -4.33394e-06 |  6  0.60580 -1.50500e-04
  7  0.00115  8.50216e-06 |  8  0.00025 -1.92835e-05 |  9  0.00031 -2.48343e-05
 10  0.00038 -2.02791e-05 | 11  0.00046  8.73274e-06 | 12  0.00080 -1.03714e-05
 13  0.00092  8.62720e-06 | 14  0.00108  3.71346e-05 | 15  0.00127  2.34551e-05
 16  0.00165  8.66511e-06 | 17  0.00182 -1.43888e-05 | 18  0.00221  1.08349e-05
 19  0.00273  3.60252e-05 | 20  0.00343 -1.37360e-05 | 21  0.00441  1.15505e-05
 22  0.00579  6.77352e-06 | 23  0.00771 -1.34724e-06 | 24  0.01016  1.95987e-06
 25  0.01167 -1.72688e-06 | 26  0.01350 -5.24044e-06 | 27  0.01170 -7.92310e-06
 28  0.00605 -1.70490e-06 | 29  0.00959  7.93727e-07 | 30 -0.00017 -9.20139e-06
 31  0.01006 -1.30799e-07 | 32  0.01279 -3.52210e-07 | 33  0.01075 -1.30959e-06
 34  0.01845 -2.58701e-07 | 35  0.01180  1.79330e-06 | 36  0.00963  3.91515e-06
 37  0.00986  4.12795e-06 | 38  0.00456  1.56561e-05 | 39 -0.00073 -6.46574e-06
 40  0.00601 -2.95852e-07 | 41  0.00671  6.70444e-06 | 42  0.00230 -1.35969e-05
 43  0.00415 -8.52956e-06 | 44 -0.00557  1.59699e-06 | 45 -0.00625 -7.00502e-06
 46 -0.00005 -1.28179e-06 | 47 -0.00005  3.32918e-06 | 48  0.00127  7.84201e-06
 49  0.00499  3.61864e-06 | 50  0.00691  1.43270e-06 | 51 -0.00746  1.16528e-05
 52 -0.00795 -6.26049e-06 | 53 -0.00961 -7.68513e-08 | 54 -0.01284  4.23416e-06
 55  0.00049 -4.20423e-06 | 56  0.00108  4.12270e-06 | 57  0.00560 -2.75696e-06
 58  0.00492  1.94265e-06 | 59  0.00543 -6.05393e-06 | 60 -0.01579 -1.45672e-06
 61 -0.00889 -8.91236e-07 | 62 -0.00150  9.36625e-07 | 63 -0.00815 -3.37622e-06
 64  0.01025  1.80158e-06 | 65  0.01258  1.16524e-06 | 66  0.01708 -6.47580e-06
 67  0.02668 -8.99061e-06 | 68  0.00412 -4.29687e-06 | 69  0.00627 -5.45939e-06
 70  0.02455 -1.29538e-05 | 71 -0.00557 -2.98805e-06 | 72 -0.00651 -4.27774e-06
 73  0.03635 -1.32352e-05 | 74 -0.01468 -7.60993e-06 | 75 -0.02382 -3.59774e-06
 76  0.01737 -9.57122e-06 | 77 -0.00596 -6.11160e-06 | 78 -0.05956 -1.48309e-06
 79  0.01505 -1.11265e-05 | 80 -0.00545 -5.13520e-06 | 81 -0.00539 -7.06464e-06
 82 -0.01587 -2.71862e-06 | 83 -0.02369 -7.23944e-07 | 84  0.00348 -6.64801e-06
 85 -0.03087 -5.00955e-06 | 86 -0.01971 -6.82885e-06 | 87  0.00478 -5.08028e-06
 88 -0.01620 -4.85516e-06 | 89 -0.02765  3.26559e-06 | 90 -0.00809  8.34591e-07
 91 -0.03438  5.17176e-06 | 92 -0.02920 -5.86316e-07 | 93  0.00046  8.45350e-07
 94  0.01444 -2.88444e-06 | 95 -0.03646 -9.18349e-07 | 96  0.00954 -2.20143e-06
 97 -0.01730  4.58570e-06 | 98  0.01209 -5.18898e-06 | 99 -0.00855 -5.61658e-07
100 -0.01722  1.73316e-06 |101 -0.02428  3.92138e-06 |102  0.01631  2.45949e-06
103  0.06246  6.09353e-07 |104 -0.00711  2.12539e-06 |105  0.00017  1.02897e-05
106  0.00023  2.70497e-05 |107  0.00000  0.00000e+00 |108  0.00224 -1.64319e-04
109 -0.03893 -7.27852e-06 |110 -0.42826  9.41659e-06 |111 -0.24324 -2.03230e-08
112 -0.23259  2.10944e-08 |
size of file gradfil1.tmp = 0
size of file gradfil2.tmp = 0
size of file varssave.tmp = 0
size of file cmpdiff.tmp = 0
