
Initial statistics: 1 variables; iteration 0; function evaluation 0; phase 1
Function value 1.9252529e+07; maximum gradient component mag -5.2942e+09
Var    Value     Gradient |Var    Value     Gradient |Var    Value     Gradient
  1 -0.44450 -5.29421e+09 |
  ic > imax  in fminim is answer attained ?
Var    Value     Gradient |Var    Value     Gradient |Var    Value     Gradient
  1 -0.37451  8.25770e+03 |
Function minimizer not making progress ... is minimum attained?
Minimprove criterion = 0.0000e+00

 - final statistics:
1 variables; iteration 8; function evaluation 48
Function value 2.4472e+04; maximum gradient component mag 8.2577e+03
Exit code = 1;  converg criter 1.0000e+01
Var    Value     Gradient |Var    Value     Gradient |Var    Value     Gradient
  1 -0.37451  8.25770e+03 |

Initial statistics: 54 variables; iteration 0; function evaluation 0; phase 2
Function value 2.4408532e+04; maximum gradient component mag 2.8165e+04
Var    Value     Gradient |Var    Value     Gradient |Var    Value     Gradient
  1  0.09652  8.23346e+01 |  2 -0.37451  2.81653e+04 |  3  0.00000  3.99570e+02
  4  0.00000  3.77369e+02 |  5  0.00000  3.87934e+02 |  6  0.00000  3.90178e+02
  7  0.00000  4.18691e+02 |  8  0.00000  3.82564e+02 |  9  0.00000  3.80555e+02
 10  0.00000  4.47945e+02 | 11  0.00000  4.46403e+02 | 12  0.00000  4.19246e+02
 13  0.00000  4.20823e+02 | 14  0.00000  2.71475e+02 | 15  0.00000  1.94267e+02
 16  0.00000  2.08655e+02 | 17  0.00000  2.88430e+02 | 18  0.00000  2.09606e+02
 19  0.00000  8.62033e-01 | 20  0.00000 -2.33564e+02 | 21  0.00000 -6.88185e+02
 22  0.00000 -1.82873e+02 | 23  0.00000  1.08618e+02 | 24  0.00000  3.11894e+02
 25  0.00000  2.65637e+02 | 26  0.00000 -1.84515e+02 | 27  0.00000 -1.61103e+02
 28  0.00000 -3.18847e+01 | 29  0.00000  2.04875e+02 | 30  0.00000 -1.42544e+02
 31  0.00000 -9.30062e+02 | 32  0.00000 -7.34997e+02 | 33  0.00000 -6.28461e+01
 34  0.00000  3.77810e+02 | 35  0.00000 -2.99603e+01 | 36  0.00000 -4.72275e+02
 37  0.00000 -6.37740e+02 | 38  0.00000 -4.54739e+02 | 39  0.00000  1.93867e+01
 40  0.00000 -1.72863e+02 | 41  0.00000 -2.43897e+02 | 42  0.00000 -2.23118e+02
 43  0.00000 -6.80479e+01 | 44  0.00000 -9.99069e+01 | 45  0.00000 -3.36248e+02
 46  0.00000 -2.74273e+02 | 47  0.00000 -1.18034e+02 | 48  0.00000 -1.00526e+02
 49  0.00000 -1.03763e+02 | 50  0.00000 -8.45383e+01 | 51  0.00000 -8.07784e+01
 52  0.00000 -7.95116e+01 | 53  0.38722  5.02131e+03 | 54 -0.21635  1.97909e+03

Intermediate statistics: 54 variables; iteration 20; function evaluation 37; phase 2
Function value 2.3701511e+04; maximum gradient component mag 2.2845e+04
Var    Value     Gradient |Var    Value     Gradient |Var    Value     Gradient
  1  0.10626 -4.33772e+02 |  2 -0.39657  2.28448e+04 |  3  0.01766  2.41379e+02
  4  0.01992  2.37073e+02 |  5  0.01909  2.51396e+02 |  6  0.02176  2.60583e+02
  7  0.02168  2.82035e+02 |  8  0.02763  2.79257e+02 |  9  0.03066  2.83808e+02
 10  0.02451  3.13467e+02 | 11  0.02519  3.20090e+02 | 12  0.02958  3.14357e+02
 13  0.02971  3.24654e+02 | 14  0.04083  2.86793e+02 | 15  0.04901  2.69293e+02
 16  0.04822  2.88530e+02 | 17  0.03883  3.34067e+02 | 18  0.04835  3.19075e+02
 19  0.06066  2.55602e+02 | 20  0.06955  1.86903e+02 | 21  0.09540  7.92190e+01
 22  0.03946  7.75246e+00 | 23  0.00328  9.35979e+00 | 24 -0.02604  1.55742e+01
 25 -0.02586 -1.91750e+01 | 26  0.01426 -1.96476e+02 | 27  0.02073 -1.33927e+02
 28  0.00788 -8.07265e+01 | 29 -0.01248  5.52174e+01 | 30  0.02395 -6.84909e+01
 31  0.08009 -2.90624e+02 | 32  0.07391 -1.61171e+02 | 33  0.00980 -6.83847e+01
 34 -0.04021  3.38816e+01 | 35 -0.00400 -1.04786e+02 | 36  0.02947 -2.32914e+02
 37  0.03486 -3.20234e+02 | 38  0.01321 -2.94336e+02 | 39 -0.03665 -1.20126e+02
 40 -0.02324 -2.07814e+02 | 41 -0.02366 -2.38818e+02 | 42 -0.03879 -2.58523e+02
 43 -0.08268 -2.16668e+02 | 44 -0.07252 -1.77377e+02 | 45  0.00357 -2.09458e+02
 46 -0.01220 -2.23370e+02 | 47 -0.07893 -1.47888e+02 | 48 -0.13846 -1.42534e+02
 49 -0.06119 -1.25215e+02 | 50 -0.12939 -1.20921e+02 | 51 -0.11893 -1.17965e+02
 52 -0.11609 -1.16561e+02 | 53  0.37115  3.11993e+03 | 54 -0.32956  6.42730e+02
54 variables; iteration 40; function evaluation 64; phase 2
Function value 2.3492576e+04; maximum gradient component mag -4.7472e+03
Var    Value     Gradient |Var    Value     Gradient |Var    Value     Gradient
  1  0.14646  4.89154e+02 |  2 -0.39880 -4.74717e+03 |  3  0.00306 -3.69244e+01
  4  0.00802 -1.76006e+01 |  5  0.00695 -1.31270e+01 |  6  0.01523 -9.82051e+00
  7 -0.00121 -3.67338e+01 |  8  0.03340 -1.98794e+00 |  9  0.04068 -9.38579e-01
 10  0.03686  4.47047e+01 | 11  0.00651 -2.97051e+01 | 12  0.03275  2.66756e+00
 13  0.02521 -3.39300e+00 | 14  0.05025 -5.18080e-01 | 15  0.06144  1.12190e+00
 16  0.06968  6.27877e+01 | 17  0.02515  4.63066e+01 | 18  0.04110  2.55610e+01
 19  0.07634  2.19758e+01 | 20  0.08318 -1.46834e+01 | 21  0.11647 -4.87036e+01
 22  0.04318 -1.12134e+02 | 23 -0.00102 -5.90853e+01 | 24 -0.05385 -8.04804e+01
 25 -0.05116 -8.35122e+01 | 26  0.02635 -5.51114e+01 | 27  0.03844 -1.82054e+01
 28  0.01264 -2.18482e+01 | 29 -0.05165 -5.03231e+01 | 30  0.02985 -5.19628e+00
 31  0.11993  1.52769e+02 | 32  0.09826  7.31247e+01 | 33  0.01238 -9.06458e+00
 34 -0.07258 -4.58298e+01 | 35  0.00115 -3.41305e+01 | 36  0.05460  2.43772e+01
 37  0.07076  7.01945e+01 | 38  0.05042  7.90347e+01 | 39 -0.04585 -6.87620e+01
 40 -0.01126 -4.82702e+01 | 41 -0.00896 -5.39757e+01 | 42 -0.01617 -2.37601e+01
 43 -0.07603 -5.20131e+01 | 44 -0.07204 -1.94358e+01 | 45  0.01292  2.32715e+00
 46  0.01808  2.53483e+01 | 47 -0.08813  1.13351e+01 | 48 -0.08087  4.63336e+01
 49 -0.04020  4.62189e+01 | 50 -0.21706  1.45657e+01 | 51 -0.21757  1.45492e+01
 52 -0.23897  1.20662e+01 | 53  0.29732  8.79618e+02 | 54 -0.40640  1.01518e+02
54 variables; iteration 60; function evaluation 99; phase 2
Function value 2.3418053e+04; maximum gradient component mag -1.0803e+03
Var    Value     Gradient |Var    Value     Gradient |Var    Value     Gradient
  1  0.14176 -9.47673e+00 |  2 -0.38536 -1.08026e+03 |  3 -0.01770 -2.34338e+00
  4 -0.02113 -9.39870e+00 |  5 -0.02065 -6.33270e+00 |  6 -0.01267 -2.92732e+00
  7 -0.01667 -5.64810e+00 |  8  0.00135 -8.54667e+00 |  9  0.00674 -1.41783e+01
 10 -0.01238 -9.75115e+00 | 11 -0.01148 -7.38616e+00 | 12 -0.00074 -1.52115e+01
 13 -0.00288 -7.00359e+00 | 14  0.02044 -1.74040e+01 | 15  0.03386 -1.34926e+01
 16  0.02796 -1.73157e+01 | 17 -0.01164 -1.10693e+01 | 18  0.01700 -1.13571e+01
 19  0.05698 -1.65123e+01 | 20  0.07294 -7.76115e+00 | 21  0.11088 -1.28017e+01
 22  0.05399  1.98639e+00 | 23  0.00813  2.11144e+00 | 24 -0.03280  2.91241e+00
 25 -0.02705  1.00864e+01 | 26  0.03688  9.64568e-01 | 27  0.04275  4.04642e+00
 28  0.01994 -1.17676e+00 | 29 -0.03127  2.36511e+00 | 30  0.03689  6.78137e+00
 31  0.11423 -3.19489e+00 | 32  0.09920 -1.80118e-01 | 33  0.02433  8.08010e+00
 34 -0.04705  7.38227e+00 | 35  0.02143  8.36715e+00 | 36  0.06877  4.99929e+00
 37  0.08405  6.89982e+00 | 38  0.06485  7.73140e+00 | 39 -0.00561  9.62489e+00
 40  0.02493  9.09953e+00 | 41  0.03141  1.26009e+01 | 42  0.02115  1.40258e+01
 43 -0.02300  1.19172e+01 | 44 -0.02810  1.04584e+01 | 45  0.04574  1.31623e+01
 46  0.04157  1.03373e+01 | 47 -0.05287  9.63215e+00 | 48 -0.11794  8.98843e+00
 49 -0.10058  1.11607e+01 | 50 -0.19569  8.37300e+00 | 51 -0.19971  9.04963e+00
 52 -0.20646  8.92088e+00 | 53  0.23140 -6.23928e+01 | 54 -0.43812 -7.43085e+00
Maximum number of function evaluations exceeded

 - final statistics:
54 variables; iteration 62; function evaluation 100
Function value 2.3418e+04; maximum gradient component mag -5.7405e+02
Exit code = 3;  converg criter 1.0000e+01
Var    Value     Gradient |Var    Value     Gradient |Var    Value     Gradient
  1  0.14135 -2.07322e+01 |  2 -0.38506 -5.74053e+02 |  3 -0.01745  1.97922e+00
  4 -0.01984 -2.99109e+00 |  5 -0.02059 -3.05288e+00 |  6 -0.01471 -4.57236e+00
  7 -0.01671 -2.31738e+00 |  8  0.00143 -3.58251e+00 |  9  0.00645 -9.72981e+00
 10 -0.01303 -7.13034e+00 | 11 -0.01195 -4.28944e+00 | 12 -0.00023 -8.85212e+00
 13 -0.00443 -6.89288e+00 | 14  0.02070 -1.04650e+01 | 15  0.03360 -8.12382e+00
 16  0.02734 -1.39122e+01 | 17 -0.01161 -8.17283e+00 | 18  0.01720 -7.02559e+00
 19  0.05761 -8.79281e+00 | 20  0.07220 -9.67801e+00 | 21  0.11132 -6.76466e+00
 22  0.05370 -2.61833e+00 | 23  0.00900  3.42665e+00 | 24 -0.03098  6.66703e+00
 25 -0.02604  9.94776e+00 | 26  0.03827  4.50974e+00 | 27  0.04342  2.44820e+00
 28  0.02158  2.32616e+00 | 29 -0.02885  6.63513e+00 | 30  0.03733  2.26888e+00
 31  0.11540 -1.06911e+00 | 32  0.10041  1.41184e+00 | 33  0.02503  4.11890e+00
 34 -0.04549  7.21451e+00 | 35  0.02223  4.20399e+00 | 36  0.07036  7.84045e+00
 37  0.08490  1.28750e+00 | 38  0.06590  3.86268e+00 | 39 -0.00395  9.19904e+00
 40  0.02605  5.48902e+00 | 41  0.03218  6.49828e+00 | 42  0.02142  5.49523e+00
 43 -0.02234  6.56088e+00 | 44 -0.02738  5.57891e+00 | 45  0.04595  5.52568e+00
 46  0.04219  4.91865e+00 | 47 -0.05282  5.21891e+00 | 48 -0.11670  5.91378e+00
 49 -0.10713  5.67200e+00 | 50 -0.19945  4.54431e+00 | 51 -0.20649  4.96316e+00
 52 -0.21363  4.83817e+00 | 53  0.23143 -2.33065e+01 | 54 -0.43814 -5.07836e+00

Initial statistics: 59 variables; iteration 0; function evaluation 0; phase 3
Function value 2.3417796e+04; maximum gradient component mag -7.8339e+03
Var    Value     Gradient |Var    Value     Gradient |Var    Value     Gradient
  1  0.33333  8.43992e+02 |  2  0.14135 -2.07322e+01 |  3  0.00000 -1.42283e+03
  4 -0.38506 -5.74053e+02 |  5 -0.01747  1.55004e+00 |  6 -0.01986 -3.42022e+00
  7 -0.02060 -3.48199e+00 |  8 -0.01473 -5.00159e+00 |  9 -0.01673 -2.74657e+00
 10  0.00141 -4.01185e+00 | 11  0.00643 -1.01591e+01 | 12 -0.01305 -7.55958e+00
 13 -0.01197 -4.71870e+00 | 14 -0.00025 -9.28146e+00 | 15 -0.00444 -7.32221e+00
 16  0.02068 -1.08941e+01 | 17  0.03359 -8.55257e+00 | 18  0.02733 -1.43411e+01
 19 -0.01163 -8.60210e+00 | 20  0.01718 -7.45478e+00 | 21  0.05759 -9.22041e+00
 22  0.07219 -1.01046e+01 | 23  0.11130 -7.18749e+00 | 24  0.05369 -3.04615e+00
 25  0.00898  2.99735e+00 | 26 -0.03100  6.23819e+00 | 27 -0.02605  9.51877e+00
 28  0.03825  4.08118e+00 | 29  0.04340  2.01987e+00 | 30  0.02156  1.89707e+00
 31 -0.02887  6.20622e+00 | 32  0.03731  1.84028e+00 | 33  0.11538 -1.49142e+00
 34  0.10039  9.87829e-01 | 35  0.02501  3.68990e+00 | 36 -0.04550  6.78625e+00
 37  0.02221  3.77492e+00 | 38  0.07035  7.41376e+00 | 39  0.08488  8.61978e-01
 40  0.06588  3.43565e+00 | 41 -0.00397  8.76971e+00 | 42  0.02603  5.06005e+00
 43  0.03216  6.06949e+00 | 44  0.02140  5.06614e+00 | 45 -0.02236  6.13180e+00
 46 -0.02740  5.14996e+00 | 47  0.04594  5.09747e+00 | 48  0.04217  4.49027e+00
 49 -0.05283  4.79104e+00 | 50 -0.11671  5.49160e+00 | 51 -0.10714  5.24870e+00
 52 -0.19947  4.13583e+00 | 53 -0.20651  4.55616e+00 | 54 -0.21365  4.43273e+00
 55  0.23143 -2.33065e+01 | 56  0.00064 -7.83390e+03 | 57  0.40967 -6.34842e+02
 58 -0.43814 -5.07836e+00 | 59 -0.12975  6.18299e+01 |

Intermediate statistics: 59 variables; iteration 20; function evaluation 30; phase 3
Function value 2.2683445e+04; maximum gradient component mag -1.6419e+04
Var    Value     Gradient |Var    Value     Gradient |Var    Value     Gradient
  1  0.75435  1.05886e+02 |  2  0.12574  1.37548e+02 |  3  0.54027 -6.49631e+02
  4 -0.34698  3.14880e+03 |  5 -0.04199  2.44296e+01 |  6 -0.05113 -2.45839e+00
  7 -0.05350 -7.77719e+00 |  8 -0.04955 -1.34639e+01 |  9 -0.05769 -2.49809e+01
 10 -0.04589 -4.01877e+01 | 11 -0.04384 -5.65946e+01 | 12 -0.06233 -4.58578e+01
 13 -0.06170 -4.00871e+01 | 14 -0.04994 -3.96761e+01 | 15 -0.05347 -3.73145e+01
 16 -0.02777 -4.99498e+01 | 17 -0.01835 -8.53034e+01 | 18 -0.01824 -6.96332e+01
 19 -0.06084 -7.64870e+01 | 20 -0.02339 -5.66683e+01 | 21  0.01396 -7.07806e+01
 22  0.03405 -7.62705e+01 | 23  0.06331 -2.24339e+02 | 24  0.02141 -7.67073e+01
 25 -0.00840  6.61525e+00 | 26 -0.03386  4.65846e+01 | 27 -0.02439  5.60695e+01
 28  0.02906 -2.34656e+01 | 29  0.03911  2.57795e+01 | 30  0.02196  2.66410e+01
 31 -0.02730  6.57601e+00 | 32  0.04176  2.74371e+01 | 33  0.10829 -1.04848e+02
 34  0.10050 -3.06725e+01 | 35  0.03513  1.67770e+01 | 36 -0.03437  9.59617e-01
 37  0.03273  1.15519e+01 | 38  0.07489 -4.71465e+01 | 39  0.08901 -7.37859e+01
 40  0.06978 -7.90937e+01 | 41  0.00991 -2.07306e+01 | 42  0.04105 -2.72095e+01
 43  0.05028 -2.74595e+01 | 44  0.04009 -6.05474e+01 | 45 -0.00833 -8.25789e+01
 46  0.00167 -5.27682e+01 | 47  0.06076 -1.28284e+02 | 48  0.09293 -3.16796e+01
 49 -0.04244 -6.65477e+01 | 50 -0.05679 -3.54518e+01 | 51 -0.01489 -2.44552e+01
 52 -0.05329 -1.91478e+01 | 53 -0.05920 -1.85327e+01 | 54 -0.06164 -1.82543e+01
 55  0.31706  2.64468e+03 | 56  0.10880 -5.10506e+03 | 57  0.38719 -1.64191e+04
 58 -0.35752  9.18133e+01 | 59 -0.09975  2.90359e+01 |
59 variables; iteration 40; function evaluation 54; phase 3
Function value 2.2003914e+04; maximum gradient component mag -4.0144e+03
Var    Value     Gradient |Var    Value     Gradient |Var    Value     Gradient
  1  0.72366  1.02013e+02 |  2  0.13470  6.82548e+01 |  3  0.67916 -2.59958e+02
  4 -0.34425  7.14383e+02 |  5 -0.08543 -1.23102e+02 |  6  0.00716  1.70506e+02
  7 -0.05389 -2.74564e+01 |  8 -0.09651 -1.32844e+02 |  9 -0.05836 -4.03197e+01
 10 -0.00393  9.19309e+01 | 11 -0.01909  2.74679e+01 | 12 -0.03369  3.59164e+01
 13 -0.05131 -1.33804e+01 | 14 -0.03660 -5.37321e+00 | 15 -0.04200 -5.89699e+00
 16 -0.04864 -1.11280e+02 | 17  0.04644  2.99507e+02 | 18  0.04269  2.44753e+02
 19 -0.05579 -4.88586e+01 | 20 -0.02015 -8.20973e+01 | 21 -0.07135 -4.03989e+02
 22  0.03652 -1.54350e+02 | 23  0.10883  1.42253e+02 | 24  0.01280 -2.23548e+02
 25 -0.03473 -2.05309e+02 | 26 -0.11011 -2.63362e+02 | 27  0.01148  2.13532e+02
 28 -0.00099 -2.68546e+02 | 29  0.05285  1.15516e+02 | 30  0.07506  3.87229e+02
 31 -0.04154 -5.54292e+01 | 32  0.04135 -1.34724e+01 | 33  0.13046  6.77477e+01
 34  0.11844  7.97611e+01 | 35  0.06799  2.20260e+02 | 36 -0.02406  3.28515e+01
 37  0.04691  9.28506e+01 | 38  0.08826  7.19184e+01 | 39  0.09245 -5.10227e+01
 40  0.07124 -6.12198e+01 | 41 -0.05586 -2.76812e+02 | 42  0.01158 -1.68773e+02
 43  0.04147 -3.83576e+01 | 44  0.01299 -1.32499e+02 | 45 -0.01312 -5.28457e+01
 46  0.05047  1.53926e+02 | 47  0.09441  6.64664e+01 | 48  0.05851 -5.67320e+01
 49 -0.05564 -3.73411e+01 | 50  0.01928  4.77064e+01 | 51  0.13764  8.94083e+01
 52 -0.05504  4.72262e+00 | 53 -0.18434 -1.71733e+01 | 54 -0.24888 -2.57594e+01
 55  0.29487  8.55459e+02 | 56  0.26801 -1.30918e+03 | 57  0.40622 -4.01444e+03
 58 -0.41488 -1.52261e+02 | 59 -0.19968  2.41781e+01 |
59 variables; iteration 60; function evaluation 85; phase 3
Function value 2.1780197e+04; maximum gradient component mag -9.4026e+02
Var    Value     Gradient |Var    Value     Gradient |Var    Value     Gradient
  1  0.67030  6.90767e+01 |  2  0.14026 -1.55769e+01 |  3  0.84793 -5.74980e+01
  4 -0.34078 -9.40257e+02 |  5 -0.04045 -1.68877e+00 |  6 -0.04768 -6.03770e+00
  7 -0.04950 -6.15125e+00 |  8 -0.03703  9.14658e+00 |  9 -0.04597 -5.79000e+00
 10 -0.03432 -1.77406e+01 | 11 -0.02576 -1.11772e+01 | 12 -0.04676 -1.19630e+01
 13 -0.04406 -1.69626e+00 | 14 -0.03589 -1.52298e+01 | 15 -0.03919 -1.17817e+01
 16 -0.00756  1.53557e+01 | 17  0.00088 -5.43052e+00 | 18 -0.00157 -5.21583e+00
 19 -0.03043  1.38685e+01 | 20 -0.00633 -2.82694e+00 | 21  0.04030  1.11346e+01
 22  0.05793  7.20896e+00 | 23  0.09867 -1.07947e+01 | 24  0.04785  9.05056e+00
 25  0.00380 -6.73928e+00 | 26 -0.02665  2.92112e+01 | 27 -0.03287 -2.34865e+01
 28  0.04046  2.79453e+01 | 29  0.04251 -7.63507e+00 | 30  0.01992 -5.93935e+00
 31 -0.02849  9.29045e+00 | 32  0.03471 -1.05474e+01 | 33  0.11453 -8.10323e+00
 34  0.09961 -6.39997e+00 | 35  0.02413 -1.06346e+01 | 36 -0.04239  6.42508e+00
 37  0.02428  3.12337e+00 | 38  0.07197  1.78970e+00 | 39  0.08838  9.12196e+00
 40  0.06901  8.04432e+00 | 41  0.00304  2.48764e+01 | 42  0.03535  3.54652e+01
 43  0.03807  1.54588e+01 | 44  0.02539 -5.41025e+00 | 45 -0.01224  1.02404e+01
 46 -0.01548  1.17318e+01 | 47  0.05769  1.36275e+01 | 48  0.05671  1.32732e+01
 49 -0.01444  3.12784e+01 | 50 -0.06717  1.81711e+01 | 51 -0.04123  1.51484e+01
 52 -0.07581  1.54253e+01 | 53 -0.11311  9.57344e+00 | 54 -0.12500  7.87017e+00
 55  0.26421 -8.89455e+01 | 56  0.33767  7.93668e+01 | 57  0.41158  2.72820e+02
 58 -0.40430 -4.19884e+00 | 59 -0.17540 -2.06704e-01 |
Maximum number of function evaluations exceeded

 - final statistics:
59 variables; iteration 71; function evaluation 100
Function value 2.1773e+04; maximum gradient component mag 2.3964e+02
Exit code = 3;  converg criter 1.0000e+00
Var    Value     Gradient |Var    Value     Gradient |Var    Value     Gradient
  1  0.62894 -6.98486e+00 |  2  0.14078  1.12031e+00 |  3  0.97334 -8.41658e+00
  4 -0.33742  2.39642e+02 |  5 -0.04201  3.75538e-01 |  6 -0.04750  1.68413e+00
  7 -0.04937  1.72514e+00 |  8 -0.04291  2.76007e+00 |  9 -0.04683  1.85065e+00
 10 -0.03211  2.38572e+00 | 11 -0.02664  2.60624e+00 | 12 -0.04591  2.37276e+00
 13 -0.04688  2.17701e+00 | 14 -0.03402  2.60059e+00 | 15 -0.03758  1.98672e+00
 16 -0.01253  3.72373e+00 | 17  0.00114  4.20669e+00 | 18 -0.00011  4.23428e+00
 19 -0.03468  1.26991e+00 | 20 -0.00361  2.13610e+00 | 21  0.04005  2.46283e+00
 22  0.05930  2.15158e+00 | 23  0.10236  1.41105e+00 | 24  0.05049 -2.33321e-01
 25  0.00972 -6.74453e-01 | 26 -0.02761 -1.15929e+00 | 27 -0.02197 -9.29927e-01
 28  0.04196 -1.19595e+00 | 29  0.04843 -1.03930e+00 | 30  0.02639 -2.65621e-01
 31 -0.02510 -1.38056e+00 | 32  0.04109 -1.28824e+00 | 33  0.11965 -1.27328e+00
 34  0.10467 -1.27318e+00 | 35  0.03070 -1.09223e+00 | 36 -0.03842 -1.41076e+00
 37  0.02849 -1.61499e+00 | 38  0.07597 -1.80913e+00 | 39  0.09167 -2.18224e+00
 40  0.07237 -2.02242e+00 | 41  0.00312 -1.40724e+00 | 42  0.03418 -1.35042e+00
 43  0.03969 -1.96825e+00 | 44  0.03027 -2.76985e+00 | 45 -0.01083 -2.24966e+00
 46 -0.01490 -1.85214e+00 | 47  0.05763 -1.45919e+00 | 48  0.05616 -1.96406e+00
 49 -0.03344 -1.10255e+00 | 50 -0.08295 -1.27799e+00 | 51 -0.05635 -1.46985e+00
 52 -0.11147 -1.43246e+00 | 53 -0.11833 -1.52494e+00 | 54 -0.12141 -1.46976e+00
 55  0.25788  1.08036e+01 | 56  0.33334  9.19655e-02 | 57  0.41118 -1.90365e+01
 58 -0.40976  6.41829e-01 | 59 -0.18022 -3.12658e-01 |

Initial statistics: 65 variables; iteration 0; function evaluation 0; phase 4
Function value 2.1772700e+04; maximum gradient component mag 2.3964e+02
Var    Value     Gradient |Var    Value     Gradient |Var    Value     Gradient
  1  0.62894 -6.98486e+00 |  2  0.14078  1.12031e+00 |  3  0.17139 -8.36829e+01
  4 -0.01721  1.13931e+02 |  5  0.97334 -8.41658e+00 |  6  0.11616 -1.51965e+02
  7  0.08642  1.44742e+02 |  8 -0.33742  2.39642e+02 |  9 -0.04201  3.78831e-01
 10 -0.04750  1.68742e+00 | 11 -0.04937  1.72843e+00 | 12 -0.04291  2.76337e+00
 13 -0.04682  1.85395e+00 | 14 -0.03211  2.38901e+00 | 15 -0.02664  2.60954e+00
 16 -0.04591  2.37605e+00 | 17 -0.04688  2.18030e+00 | 18 -0.03402  2.60388e+00
 19 -0.03758  1.99001e+00 | 20 -0.01253  3.72702e+00 | 21  0.00114  4.20999e+00
 22 -0.00011  4.23758e+00 | 23 -0.03468  1.27320e+00 | 24 -0.00361  2.13940e+00
 25  0.04005  2.46612e+00 | 26  0.05930  2.15486e+00 | 27  0.10236  1.41431e+00
 28  0.05049 -2.30032e-01 | 29  0.00972 -6.71154e-01 | 30 -0.02761 -1.15599e+00
 31 -0.02197 -9.26629e-01 | 32  0.04196 -1.19265e+00 | 33  0.04843 -1.03601e+00
 34  0.02639 -2.62324e-01 | 35 -0.02510 -1.37726e+00 | 36  0.04109 -1.28494e+00
 37  0.11965 -1.27004e+00 | 38  0.10467 -1.26992e+00 | 39  0.03070 -1.08894e+00
 40 -0.03842 -1.40747e+00 | 41  0.02849 -1.61169e+00 | 42  0.07597 -1.80585e+00
 43  0.09167 -2.17898e+00 | 44  0.07237 -2.01914e+00 | 45  0.00312 -1.40394e+00
 46  0.03418 -1.34712e+00 | 47  0.03969 -1.96495e+00 | 48  0.03027 -2.76656e+00
 49 -0.01083 -2.24636e+00 | 50 -0.01490 -1.84884e+00 | 51  0.05763 -1.45590e+00
 52  0.05616 -1.96077e+00 | 53 -0.03344 -1.09925e+00 | 54 -0.08295 -1.27471e+00
 55 -0.05635 -1.46657e+00 | 56 -0.11147 -1.42921e+00 | 57 -0.11833 -1.52169e+00
 58 -0.12141 -1.46652e+00 | 59  0.25788  1.08036e+01 | 60  0.33334  9.19655e-02
 61  0.41118 -1.90365e+01 | 62  0.33333 -1.66119e-02 | 63  0.84897 -9.39384e+00
 64 -0.40976  6.41829e-01 | 65 -0.18022 -3.12658e-01 |

Intermediate statistics: 65 variables; iteration 20; function evaluation 30; phase 4
Function value 2.1753552e+04; maximum gradient component mag 2.8534e+02
Var    Value     Gradient |Var    Value     Gradient |Var    Value     Gradient
  1  0.63017  5.46730e+00 |  2  0.19277  2.85340e+02 |  3  0.18881 -1.83125e+02
  4 -0.11532  4.45586e+01 |  5  1.00542  1.56352e+00 |  6  0.13940 -2.29385e+02
  7 -0.03986  3.34047e+01 |  8 -0.33681  2.77438e+01 |  9 -0.03906 -1.87663e+01
 10 -0.04782  2.16847e+00 | 11 -0.04849  3.48447e+00 | 12 -0.04196  4.61190e+00
 13 -0.04529  5.03011e+00 | 14 -0.03042  6.66933e+00 | 15 -0.02523  6.99944e+00
 16 -0.04547  4.69723e+00 | 17 -0.04606  5.95087e+00 | 18 -0.03395  7.14269e+00
 19 -0.03839  3.32098e+00 | 20 -0.01193  4.28126e+00 | 21  0.00248  7.83701e+00
 22 -0.00002  6.99038e+00 | 23 -0.03474  5.51988e+00 | 24 -0.00591  6.96635e+00
 25  0.03589  1.68071e+00 | 26  0.05594 -1.36765e+00 | 27  0.09855 -2.18849e+00
 28  0.04583 -5.42525e+00 | 29  0.00556 -1.68368e+00 | 30 -0.03101  1.64402e+00
 31 -0.02493  2.93789e+00 | 32  0.03661  1.98362e+01 | 33  0.04935 -3.63564e+00
 34  0.02254  4.21603e+00 | 35 -0.02744  1.17041e+00 | 36  0.03909 -5.77960e+00
 37  0.11483 -4.94784e+01 | 38  0.10386  1.66229e+00 | 39  0.03022 -4.82845e-01
 40 -0.03950 -2.20597e+00 | 41  0.02799 -8.56884e-01 | 42  0.07661  4.09401e+00
 43  0.09175  1.02830e+00 | 44  0.07244 -2.64594e+00 | 45  0.00364 -3.33680e+00
 46  0.03455 -2.43535e+00 | 47  0.04077 -2.19146e+00 | 48  0.03231 -2.72034e+00
 49 -0.00878 -1.31857e+00 | 50 -0.01191 -2.86476e-01 | 51  0.06204 -7.72580e-01
 52  0.06050  6.43190e-03 | 53 -0.02728  5.19387e-01 | 54 -0.07253 -3.11234e-01
 55 -0.05169 -1.35214e+00 | 56 -0.11212 -1.63429e+00 | 57 -0.11888 -1.77245e+00
 58 -0.12235 -1.83355e+00 | 59  0.26276 -6.69890e+01 | 60  0.33377  6.77572e+00
 61  0.41111  4.45147e+01 | 62  0.33376  3.16107e+01 | 63  0.82941 -8.15307e+00
 64 -0.38456  5.12451e+01 | 65 -0.12816 -1.18989e+01 |
65 variables; iteration 40; function evaluation 52; phase 4
Function value 2.1749549e+04; maximum gradient component mag -1.6043e+02
Var    Value     Gradient |Var    Value     Gradient |Var    Value     Gradient
  1  0.63970  1.31264e+01 |  2  0.18917 -6.21337e+01 |  3  0.20172 -8.62616e+01
  4 -0.13799 -2.02856e+01 |  5  1.00705  2.11966e+00 |  6  0.15221 -1.60427e+02
  7 -0.06870 -5.53516e+01 |  8 -0.33796 -1.52289e+02 |  9 -0.03893 -1.71630e+01
 10 -0.04755 -3.73754e+00 | 11 -0.04858 -4.82539e+00 | 12 -0.04239 -6.19251e+00
 13 -0.04428 -2.70359e+00 | 14 -0.03273 -9.93970e+00 | 15 -0.02609 -4.06741e+00
 16 -0.04423  2.47828e+00 | 17 -0.04462  5.10973e+00 | 18 -0.03160  1.09638e+01
 19 -0.03641  8.40801e+00 | 20 -0.01271 -2.01920e+00 | 21  0.00455  1.12394e+01
 22  0.00010  2.13793e+00 | 23 -0.03458  2.54940e+00 | 24 -0.00806 -9.21797e-02
 25  0.03853  2.06295e+01 | 26  0.05145 -2.30540e+01 | 27  0.09733  2.01051e+00
 28  0.04673  1.68158e+01 | 29 -0.00125 -3.11766e+01 | 30 -0.03161  6.56620e+00
 31 -0.02490  9.88632e+00 | 32  0.03302 -5.19211e+00 | 33  0.04625 -8.05468e+00
 34  0.02536  3.02295e+01 | 35 -0.02877  3.62940e+00 | 36  0.03057 -5.19404e+01
 37  0.11579 -1.97068e+01 | 38  0.10324  6.31816e+00 | 39  0.03077  8.97839e+00
 40 -0.03884  4.77260e+00 | 41  0.02890  1.13637e+01 | 42  0.07735  1.89168e+01
 43  0.09130  4.16739e+00 | 44  0.07297  9.99813e+00 | 45  0.00499  8.78401e+00
 46  0.03154 -1.55672e+01 | 47  0.03973 -3.07749e+00 | 48  0.02849 -1.81593e+01
 49 -0.01266 -1.10052e+01 | 50 -0.01172  2.55074e+00 | 51  0.06216  1.76846e+00
 52  0.06336  9.08103e+00 | 53 -0.03482 -4.95790e+00 | 54 -0.06439  4.80494e+00
 55 -0.05494 -8.85594e-01 | 56 -0.10111  1.53226e+00 | 57 -0.11153  8.62051e-01
 58 -0.11544  6.69475e-01 | 59  0.26749 -5.35124e+01 | 60  0.33355  3.22199e+00
 61  0.41119  8.96966e+01 | 62  0.33341  5.59598e+00 | 63  0.83035  9.54285e+00
 64 -0.38235  1.45450e+01 | 65 -0.12520  7.24618e+00 |
65 variables; iteration 60; function evaluation 81; phase 4
Function value 2.1748366e+04; maximum gradient component mag -3.7306e+01
Var    Value     Gradient |Var    Value     Gradient |Var    Value     Gradient
  1  0.63206  4.47865e+00 |  2  0.18916 -1.85957e+01 |  3  0.20406 -2.12157e+01
  4 -0.14014 -2.64593e+00 |  5  1.00492  1.47560e+00 |  6  0.15601 -1.91926e+01
  7 -0.07111 -1.23156e+01 |  8 -0.33817 -3.73057e+01 |  9 -0.03629 -9.42486e+00
 10 -0.04624 -1.96187e-02 | 11 -0.04915 -6.00995e+00 | 12 -0.04231 -5.43021e+00
 13 -0.04413 -1.70677e+00 | 14 -0.02877  3.12799e+00 | 15 -0.02556 -1.63451e+00
 16 -0.04422  1.69170e+00 | 17 -0.04495  2.20590e+00 | 18 -0.03312  2.55258e+00
 19 -0.03697  3.05159e+00 | 20 -0.01268 -5.74861e+00 | 21  0.00191 -3.96100e+00
 22  0.00048 -5.88608e-01 | 23 -0.03460 -3.32837e-01 | 24 -0.00579  3.13153e+00
 25  0.03593  2.11994e+00 | 26  0.05518 -2.15615e+00 | 27  0.09796  9.66255e-01
 28  0.04550  4.68267e-02 | 29  0.00493 -1.77421e-01 | 30 -0.03075  5.51416e+00
 31 -0.02655 -3.82083e+00 | 32  0.03500  1.19385e-01 | 33  0.04890  1.53965e+00
 34  0.02193  2.85751e+00 | 35 -0.02696  7.41423e+00 | 36  0.03831 -3.06507e+00
 37  0.11715 -1.08757e+01 | 38  0.10352  8.89563e-01 | 39  0.02966 -2.85931e+00
 40 -0.03933 -7.52563e-01 | 41  0.02754 -3.40494e+00 | 42  0.07615  3.78202e-01
 43  0.09153 -6.79793e-01 | 44  0.07246 -1.55043e+00 | 45  0.00402 -4.74793e-01
 46  0.03455 -2.25770e+00 | 47  0.04103 -8.27768e-01 | 48  0.03336  2.14902e+00
 49 -0.00830 -4.81890e-01 | 50 -0.01074  2.04693e+00 | 51  0.06152 -4.21021e+00
 52  0.06060 -1.12514e+00 | 53 -0.02813 -3.15903e-01 | 54 -0.07480 -8.77117e-01
 55 -0.05348 -1.15848e+00 | 56 -0.10417  3.29120e-01 | 57 -0.11214  6.07796e-02
 58 -0.14070 -4.01025e+00 | 59  0.26772 -1.49244e+01 | 60  0.33345  1.65029e+00
 61  0.41119  1.73191e+01 | 62  0.33335  1.48029e+00 | 63  0.82984  1.29809e+01
 64 -0.38620  6.13959e+00 | 65 -0.13152  5.84683e+00 |

 - final statistics:
65 variables; iteration 80; function evaluation 113
Function value 2.1748e+04; maximum gradient component mag -2.6304e-05
Exit code = 1;  converg criter 1.0000e-04
Var    Value     Gradient |Var    Value     Gradient |Var    Value     Gradient
  1  0.62709 -1.92736e-06 |  2  0.18924 -1.23230e-05 |  3  0.20521 -1.11789e-05
  4 -0.14206 -4.74536e-06 |  5  1.00026  8.80996e-07 |  6  0.15591 -1.41030e-05
  7 -0.06998 -4.58515e-06 |  8 -0.33824  1.23014e-05 |  9 -0.03358 -9.09304e-06
 10 -0.04690 -8.08082e-06 | 11 -0.04775 -1.30006e-05 | 12 -0.04103 -6.87396e-06
 13 -0.04392 -5.82676e-06 | 14 -0.03022 -7.41190e-06 | 15 -0.02523 -4.80336e-06
 16 -0.04483 -6.88533e-06 | 17 -0.04575 -1.13277e-05 | 18 -0.03392 -5.67490e-06
 19 -0.03806 -9.28746e-06 | 20 -0.01177 -1.09502e-05 | 21  0.00225 -1.19469e-05
 22  0.00018 -9.80532e-06 | 23 -0.03487 -9.42449e-06 | 24 -0.00696 -1.41106e-05
 25  0.03538 -1.28314e-06 | 26  0.05515 -8.04831e-06 | 27  0.09749 -1.07203e-05
 28  0.04513 -1.01852e-05 | 29  0.00455 -7.02385e-06 | 30 -0.03241 -8.25493e-06
 31 -0.02611 -8.02557e-06 | 32  0.03446 -1.95106e-06 | 33  0.04857 -1.08348e-05
 34  0.02127 -5.37756e-06 | 35 -0.02927 -2.28295e-06 | 36  0.03828 -9.10788e-06
 37  0.11773  2.21669e-05 | 38  0.10323 -7.56081e-06 | 39  0.02978 -1.25280e-05
 40 -0.03942 -8.85993e-06 | 41  0.02778 -1.22682e-05 | 42  0.07583 -1.30314e-05
 43  0.09141 -1.01016e-05 | 44  0.07239 -1.16601e-05 | 45  0.00373 -9.16969e-06
 46  0.03467 -9.50927e-06 | 47  0.04084 -8.42521e-06 | 48  0.03251 -6.99591e-06
 49 -0.00852 -5.39736e-06 | 50 -0.01202 -7.48579e-06 | 51  0.06196 -1.27335e-05
 52  0.06048 -6.43034e-06 | 53 -0.02904 -7.33013e-06 | 54 -0.07566 -8.25000e-06
 55 -0.05154 -7.83780e-06 | 56 -0.11011 -7.33591e-06 | 57 -0.11637 -7.47812e-06
 58 -0.11971 -7.71460e-06 | 59  0.26799  4.77686e-06 | 60  0.33336  4.76260e-07
 61  0.41122  8.21576e-06 | 62  0.33333  1.87391e-06 | 63  0.82808 -2.63042e-05
 64 -0.39125  8.30228e-06 | 65 -0.14422 -2.26078e-06 |
Warning: the following parameters had issues
  MGparm[13] is within 0.1% of upper bound: 5.00000e-02 < 1.50000e-01 < 1.50000e-01


 - final statistics:
75 variables; iteration 0; function evaluation 0
Function value 2.1748e+04; maximum gradient component mag 2.9925e-05
Exit code = 0;  converg criter 1.0000e-04
Var    Value     Gradient |Var    Value     Gradient |Var    Value     Gradient
  1  0.62709 -1.92736e-06 |  2  0.18924 -1.23230e-05 |  3  0.20521 -1.11789e-05
  4 -0.14206 -4.74535e-06 |  5  0.99974 -8.81198e-07 |  6  0.15591 -1.41030e-05
  7 -0.06998 -4.58514e-06 |  8 -0.33824  1.23015e-05 |  9 -0.03358 -1.21147e-06
 10 -0.04690 -2.09677e-07 | 11 -0.04775 -5.13022e-06 | 12 -0.04103  1.00220e-06
 13 -0.04392  2.04701e-06 | 14 -0.03022  4.71750e-07 | 15 -0.02523  3.08299e-06
 16 -0.04483  9.87652e-07 | 17 -0.04575 -3.45555e-06 | 18 -0.03392  2.20645e-06
 19 -0.03806 -1.40901e-06 | 20 -0.01177 -3.05905e-06 | 21  0.00225 -4.05445e-06
 22  0.00018 -1.91277e-06 | 23 -0.03487 -1.54379e-06 | 24 -0.00696 -6.21849e-06
 25  0.03538  6.59722e-06 | 26  0.05515 -1.85368e-07 | 27  0.09749 -2.92010e-06
 28  0.04513 -2.31244e-06 | 29  0.00455  8.68492e-07 | 30 -0.03241 -3.72610e-07
 31 -0.02611 -1.39658e-07 | 32  0.03446  5.92992e-06 | 33  0.04857 -2.96521e-06
 34  0.02127  2.51058e-06 | 35 -0.02927  5.60126e-06 | 36  0.03828 -1.22960e-06
 37  0.11773  2.99249e-05 | 38  0.10323  2.28202e-07 | 39  0.02978 -4.64408e-06
 40 -0.03942 -9.82508e-07 | 41  0.02778 -4.38315e-06 | 42  0.07583 -5.19481e-06
 43  0.09141 -2.29030e-06 | 44  0.07239 -3.81852e-06 | 45  0.00373 -1.27728e-06
 46  0.03467 -1.62843e-06 | 47  0.04084 -5.48900e-07 | 48  0.03251  8.86347e-07
 49 -0.00852  2.49448e-06 | 50 -0.01202  4.05346e-07 | 51  0.06196 -4.87829e-06
 52  0.06048  1.42662e-06 | 53 -0.02904  5.54204e-07 | 54 -0.07566 -4.13129e-07
 55 -0.05154  2.88962e-08 | 56 -0.11011  4.38878e-07 | 57 -0.11637  2.82926e-07
 58 -0.11971  3.88272e-08 | 59  0.00000  0.00000e+00 | 60  0.00000  0.00000e+00
 61  0.00000  0.00000e+00 | 62  0.00000  0.00000e+00 | 63  0.00000  0.00000e+00
 64  0.00000  0.00000e+00 | 65  0.00000  0.00000e+00 | 66  0.00000  0.00000e+00
 67  0.00000  0.00000e+00 | 68  0.00000  0.00000e+00 | 69  0.26799  4.77687e-06
 70  0.33336  4.76260e-07 | 71  0.41122  8.21574e-06 | 72  0.33333  1.87391e-06
 73  0.82808 -2.63042e-05 | 74 -0.39125  8.30228e-06 | 75 -0.14422 -2.26078e-06
Estimating row 1 out of 75 for hessian
Estimating row 2 out of 75 for hessian
Estimating row 3 out of 75 for hessian
Estimating row 4 out of 75 for hessian
Estimating row 5 out of 75 for hessian
Estimating row 6 out of 75 for hessian
Estimating row 7 out of 75 for hessian
Estimating row 8 out of 75 for hessian
Estimating row 9 out of 75 for hessian
Estimating row 10 out of 75 for hessian
Estimating row 11 out of 75 for hessian
Estimating row 12 out of 75 for hessian
Estimating row 13 out of 75 for hessian
Estimating row 14 out of 75 for hessian
Estimating row 15 out of 75 for hessian
Estimating row 16 out of 75 for hessian
Estimating row 17 out of 75 for hessian
Estimating row 18 out of 75 for hessian
Estimating row 19 out of 75 for hessian
Estimating row 20 out of 75 for hessian
Estimating row 21 out of 75 for hessian
Estimating row 22 out of 75 for hessian
Estimating row 23 out of 75 for hessian
Estimating row 24 out of 75 for hessian
Estimating row 25 out of 75 for hessian
Estimating row 26 out of 75 for hessian
Estimating row 27 out of 75 for hessian
Estimating row 28 out of 75 for hessian
Estimating row 29 out of 75 for hessian
Estimating row 30 out of 75 for hessian
Estimating row 31 out of 75 for hessian
Estimating row 32 out of 75 for hessian
Estimating row 33 out of 75 for hessian
Estimating row 34 out of 75 for hessian
Estimating row 35 out of 75 for hessian
Estimating row 36 out of 75 for hessian
Estimating row 37 out of 75 for hessian
Estimating row 38 out of 75 for hessian
Estimating row 39 out of 75 for hessian
Estimating row 40 out of 75 for hessian
Estimating row 41 out of 75 for hessian
Estimating row 42 out of 75 for hessian
Estimating row 43 out of 75 for hessian
Estimating row 44 out of 75 for hessian
Estimating row 45 out of 75 for hessian
Estimating row 46 out of 75 for hessian
Estimating row 47 out of 75 for hessian
Estimating row 48 out of 75 for hessian
Estimating row 49 out of 75 for hessian
Estimating row 50 out of 75 for hessian
Estimating row 51 out of 75 for hessian
Estimating row 52 out of 75 for hessian
Estimating row 53 out of 75 for hessian
Estimating row 54 out of 75 for hessian
Estimating row 55 out of 75 for hessian
Estimating row 56 out of 75 for hessian
Estimating row 57 out of 75 for hessian
Estimating row 58 out of 75 for hessian
Estimating row 59 out of 75 for hessian
Estimating row 60 out of 75 for hessian
Estimating row 61 out of 75 for hessian
Estimating row 62 out of 75 for hessian
Estimating row 63 out of 75 for hessian
Estimating row 64 out of 75 for hessian
Estimating row 65 out of 75 for hessian
Estimating row 66 out of 75 for hessian
Estimating row 67 out of 75 for hessian
Estimating row 68 out of 75 for hessian
Estimating row 69 out of 75 for hessian
Estimating row 70 out of 75 for hessian
Estimating row 71 out of 75 for hessian
Estimating row 72 out of 75 for hessian
Estimating row 73 out of 75 for hessian
Estimating row 74 out of 75 for hessian
Estimating row 75 out of 75 for hessian
Estimated covariance matrix may not be positive definite.
 1.5397660424e-06 2.7448236136e-06 1.2478798009e-05 1.3509483891e-05 1.7351670553e-05 4.0828814815e-05 4.6856056338e-05 5.4036187431e-05 6.1413934423e-05 7.8388630482e-05 8.5689685883e-05 8.9558601244e-05 9.2333244886e-05 1.0176318544e-04 1.1540295363e-04 1.1608074066e-04 1.1789118122e-04 1.2131027182e-04 1.2307379512e-04 1.3377726471e-04 1.4281158265e-04 1.4677416450e-04 1.4866181480e-04 1.5611425075e-04 1.5922889734e-04 1.6237936405e-04 1.6943594240e-04 1.7371155792e-04 1.7699928001e-04 1.8770144205e-04 1.9261249160e-04 2.1426042432e-04 2.1683803314e-04 2.2183605385e-04 2.3352948859e-04 2.4090722610e-04 2.4596765529e-04 2.5040887656e-04 2.5979224158e-04 2.8411382250e-04 2.8581564556e-04 2.9931753063e-04 3.1020096218e-04 3.1081695246e-04 3.2250125806e-04 3.2650628959e-04 3.3235010840e-04 3.4993952029e-04 3.5860811261e-04 3.6352627284e-04 3.6484901103e-04 3.7363756259e-04 3.7797861510e-04 3.7974042787e-04 5.6752563719e-04 8.6446299472e-04 1.0029118321e-03 1.3474723275e-03 1.7046784320e-03 1.8083513741e-03 2.0068122487e-03 2.7919036498e-03 5.4027401360e-03 5.8361001610e-03 5.8361001610e-03 5.8361001610e-03 5.8361001610e-03 5.8361001610e-03 5.8361001610e-03 5.8361001610e-03 5.8361001610e-03 5.8361001610e-03 5.8361001610e-03 6.1874799793e-03 6.4131911830e-03
Estimated covariance matrix may not be positive definite.
 1.5397660424e-06 2.7448236136e-06 1.2478798009e-05 1.3509483891e-05 1.7351670553e-05 4.0828814815e-05 4.6856056338e-05 5.4036187431e-05 6.1413934423e-05 7.8388630482e-05 8.5689685883e-05 8.9558601244e-05 9.2333244886e-05 1.0176318544e-04 1.1540295363e-04 1.1608074066e-04 1.1789118122e-04 1.2131027182e-04 1.2307379512e-04 1.3377726471e-04 1.4281158265e-04 1.4677416450e-04 1.4866181480e-04 1.5611425075e-04 1.5922889734e-04 1.6237936405e-04 1.6943594240e-04 1.7371155792e-04 1.7699928001e-04 1.8770144205e-04 1.9261249160e-04 2.1426042432e-04 2.1683803314e-04 2.2183605385e-04 2.3352948859e-04 2.4090722610e-04 2.4596765529e-04 2.5040887656e-04 2.5979224158e-04 2.8411382250e-04 2.8581564556e-04 2.9931753063e-04 3.1020096218e-04 3.1081695246e-04 3.2250125806e-04 3.2650628959e-04 3.3235010840e-04 3.4993952029e-04 3.5860811261e-04 3.6352627284e-04 3.6484901103e-04 3.7363756259e-04 3.7797861510e-04 3.7974042787e-04 5.6752563719e-04 8.6446299472e-04 1.0029118321e-03 1.3474723275e-03 1.7046784320e-03 1.8083513741e-03 2.0068122487e-03 2.7919036498e-03 5.4027401360e-03 5.8361001610e-03 5.8361001610e-03 5.8361001610e-03 5.8361001610e-03 5.8361001610e-03 5.8361001610e-03 5.8361001610e-03 5.8361001610e-03 5.8361001610e-03 5.8361001610e-03 6.1874799793e-03 6.4131911830e-03
Estimated covariance matrix may not be positive definite.
 1.5397660424e-06 2.7448236136e-06 1.2478798009e-05 1.3509483891e-05 1.7351670553e-05 4.0828814815e-05 4.6856056338e-05 5.4036187431e-05 6.1413934423e-05 7.8388630482e-05 8.5689685883e-05 8.9558601244e-05 9.2333244886e-05 1.0176318544e-04 1.1540295363e-04 1.1608074066e-04 1.1789118122e-04 1.2131027182e-04 1.2307379512e-04 1.3377726471e-04 1.4281158265e-04 1.4677416450e-04 1.4866181480e-04 1.5611425075e-04 1.5922889734e-04 1.6237936405e-04 1.6943594240e-04 1.7371155792e-04 1.7699928001e-04 1.8770144205e-04 1.9261249160e-04 2.1426042432e-04 2.1683803314e-04 2.2183605385e-04 2.3352948859e-04 2.4090722610e-04 2.4596765529e-04 2.5040887656e-04 2.5979224158e-04 2.8411382250e-04 2.8581564556e-04 2.9931753063e-04 3.1020096218e-04 3.1081695246e-04 3.2250125806e-04 3.2650628959e-04 3.3235010840e-04 3.4993952029e-04 3.5860811261e-04 3.6352627284e-04 3.6484901103e-04 3.7363756259e-04 3.7797861510e-04 3.7974042787e-04 5.6752563719e-04 8.6446299472e-04 1.0029118321e-03 1.3474723275e-03 1.7046784320e-03 1.8083513741e-03 2.0068122487e-03 2.7919036498e-03 5.4027401360e-03 5.8361001610e-03 5.8361001610e-03 5.8361001610e-03 5.8361001610e-03 5.8361001610e-03 5.8361001610e-03 5.8361001610e-03 5.8361001610e-03 5.8361001610e-03 5.8361001610e-03 6.1874799793e-03 6.4131911830e-03
Estimated covariance matrix may not be positive definite.
 1.5397660424e-06 2.7448236136e-06 1.2478798009e-05 1.3509483891e-05 1.7351670553e-05 4.0828814815e-05 4.6856056338e-05 5.4036187431e-05 6.1413934423e-05 7.8388630482e-05 8.5689685883e-05 8.9558601244e-05 9.2333244886e-05 1.0176318544e-04 1.1540295363e-04 1.1608074066e-04 1.1789118122e-04 1.2131027182e-04 1.2307379512e-04 1.3377726471e-04 1.4281158265e-04 1.4677416450e-04 1.4866181480e-04 1.5611425075e-04 1.5922889734e-04 1.6237936405e-04 1.6943594240e-04 1.7371155792e-04 1.7699928001e-04 1.8770144205e-04 1.9261249160e-04 2.1426042432e-04 2.1683803314e-04 2.2183605385e-04 2.3352948859e-04 2.4090722610e-04 2.4596765529e-04 2.5040887656e-04 2.5979224158e-04 2.8411382250e-04 2.8581564556e-04 2.9931753063e-04 3.1020096218e-04 3.1081695246e-04 3.2250125806e-04 3.2650628959e-04 3.3235010840e-04 3.4993952029e-04 3.5860811261e-04 3.6352627284e-04 3.6484901103e-04 3.7363756259e-04 3.7797861510e-04 3.7974042787e-04 5.6752563719e-04 8.6446299472e-04 1.0029118321e-03 1.3474723275e-03 1.7046784320e-03 1.8083513741e-03 2.0068122487e-03 2.7919036498e-03 5.4027401360e-03 5.8361001610e-03 5.8361001610e-03 5.8361001610e-03 5.8361001610e-03 5.8361001610e-03 5.8361001610e-03 5.8361001610e-03 5.8361001610e-03 5.8361001610e-03 5.8361001610e-03 6.1874799793e-03 6.4131911830e-03
Estimated covariance matrix may not be positive definite.
 1.5397660424e-06 2.7448236136e-06 1.2478798009e-05 1.3509483891e-05 1.7351670553e-05 4.0828814815e-05 4.6856056338e-05 5.4036187431e-05 6.1413934423e-05 7.8388630482e-05 8.5689685883e-05 8.9558601244e-05 9.2333244886e-05 1.0176318544e-04 1.1540295363e-04 1.1608074066e-04 1.1789118122e-04 1.2131027182e-04 1.2307379512e-04 1.3377726471e-04 1.4281158265e-04 1.4677416450e-04 1.4866181480e-04 1.5611425075e-04 1.5922889734e-04 1.6237936405e-04 1.6943594240e-04 1.7371155792e-04 1.7699928001e-04 1.8770144205e-04 1.9261249160e-04 2.1426042432e-04 2.1683803314e-04 2.2183605385e-04 2.3352948859e-04 2.4090722610e-04 2.4596765529e-04 2.5040887656e-04 2.5979224158e-04 2.8411382250e-04 2.8581564556e-04 2.9931753063e-04 3.1020096218e-04 3.1081695246e-04 3.2250125806e-04 3.2650628959e-04 3.3235010840e-04 3.4993952029e-04 3.5860811261e-04 3.6352627284e-04 3.6484901103e-04 3.7363756259e-04 3.7797861510e-04 3.7974042787e-04 5.6752563719e-04 8.6446299472e-04 1.0029118321e-03 1.3474723275e-03 1.7046784320e-03 1.8083513741e-03 2.0068122487e-03 2.7919036498e-03 5.4027401360e-03 5.8361001610e-03 5.8361001610e-03 5.8361001610e-03 5.8361001610e-03 5.8361001610e-03 5.8361001610e-03 5.8361001610e-03 5.8361001610e-03 5.8361001610e-03 5.8361001610e-03 6.1874799793e-03 6.4131911830e-03
Estimated covariance matrix may not be positive definite.
 1.5397660424e-06 2.7448236136e-06 1.2478798009e-05 1.3509483891e-05 1.7351670553e-05 4.0828814815e-05 4.6856056338e-05 5.4036187431e-05 6.1413934423e-05 7.8388630482e-05 8.5689685883e-05 8.9558601244e-05 9.2333244886e-05 1.0176318544e-04 1.1540295363e-04 1.1608074066e-04 1.1789118122e-04 1.2131027182e-04 1.2307379512e-04 1.3377726471e-04 1.4281158265e-04 1.4677416450e-04 1.4866181480e-04 1.5611425075e-04 1.5922889734e-04 1.6237936405e-04 1.6943594240e-04 1.7371155792e-04 1.7699928001e-04 1.8770144205e-04 1.9261249160e-04 2.1426042432e-04 2.1683803314e-04 2.2183605385e-04 2.3352948859e-04 2.4090722610e-04 2.4596765529e-04 2.5040887656e-04 2.5979224158e-04 2.8411382250e-04 2.8581564556e-04 2.9931753063e-04 3.1020096218e-04 3.1081695246e-04 3.2250125806e-04 3.2650628959e-04 3.3235010840e-04 3.4993952029e-04 3.5860811261e-04 3.6352627284e-04 3.6484901103e-04 3.7363756259e-04 3.7797861510e-04 3.7974042787e-04 5.6752563719e-04 8.6446299472e-04 1.0029118321e-03 1.3474723275e-03 1.7046784320e-03 1.8083513741e-03 2.0068122487e-03 2.7919036498e-03 5.4027401360e-03 5.8361001610e-03 5.8361001610e-03 5.8361001610e-03 5.8361001610e-03 5.8361001610e-03 5.8361001610e-03 5.8361001610e-03 5.8361001610e-03 5.8361001610e-03 5.8361001610e-03 6.1874799793e-03 6.4131911830e-03
Estimated covariance matrix may not be positive definite.
 1.5397660424e-06 2.7448236136e-06 1.2478798009e-05 1.3509483891e-05 1.7351670553e-05 4.0828814815e-05 4.6856056338e-05 5.4036187431e-05 6.1413934423e-05 7.8388630482e-05 8.5689685883e-05 8.9558601244e-05 9.2333244886e-05 1.0176318544e-04 1.1540295363e-04 1.1608074066e-04 1.1789118122e-04 1.2131027182e-04 1.2307379512e-04 1.3377726471e-04 1.4281158265e-04 1.4677416450e-04 1.4866181480e-04 1.5611425075e-04 1.5922889734e-04 1.6237936405e-04 1.6943594240e-04 1.7371155792e-04 1.7699928001e-04 1.8770144205e-04 1.9261249160e-04 2.1426042432e-04 2.1683803314e-04 2.2183605385e-04 2.3352948859e-04 2.4090722610e-04 2.4596765529e-04 2.5040887656e-04 2.5979224158e-04 2.8411382250e-04 2.8581564556e-04 2.9931753063e-04 3.1020096218e-04 3.1081695246e-04 3.2250125806e-04 3.2650628959e-04 3.3235010840e-04 3.4993952029e-04 3.5860811261e-04 3.6352627284e-04 3.6484901103e-04 3.7363756259e-04 3.7797861510e-04 3.7974042787e-04 5.6752563719e-04 8.6446299472e-04 1.0029118321e-03 1.3474723275e-03 1.7046784320e-03 1.8083513741e-03 2.0068122487e-03 2.7919036498e-03 5.4027401360e-03 5.8361001610e-03 5.8361001610e-03 5.8361001610e-03 5.8361001610e-03 5.8361001610e-03 5.8361001610e-03 5.8361001610e-03 5.8361001610e-03 5.8361001610e-03 5.8361001610e-03 6.1874799793e-03 6.4131911830e-03
Estimated covariance matrix may not be positive definite.
 1.5397660424e-06 2.7448236136e-06 1.2478798009e-05 1.3509483891e-05 1.7351670553e-05 4.0828814815e-05 4.6856056338e-05 5.4036187431e-05 6.1413934423e-05 7.8388630482e-05 8.5689685883e-05 8.9558601244e-05 9.2333244886e-05 1.0176318544e-04 1.1540295363e-04 1.1608074066e-04 1.1789118122e-04 1.2131027182e-04 1.2307379512e-04 1.3377726471e-04 1.4281158265e-04 1.4677416450e-04 1.4866181480e-04 1.5611425075e-04 1.5922889734e-04 1.6237936405e-04 1.6943594240e-04 1.7371155792e-04 1.7699928001e-04 1.8770144205e-04 1.9261249160e-04 2.1426042432e-04 2.1683803314e-04 2.2183605385e-04 2.3352948859e-04 2.4090722610e-04 2.4596765529e-04 2.5040887656e-04 2.5979224158e-04 2.8411382250e-04 2.8581564556e-04 2.9931753063e-04 3.1020096218e-04 3.1081695246e-04 3.2250125806e-04 3.2650628959e-04 3.3235010840e-04 3.4993952029e-04 3.5860811261e-04 3.6352627284e-04 3.6484901103e-04 3.7363756259e-04 3.7797861510e-04 3.7974042787e-04 5.6752563719e-04 8.6446299472e-04 1.0029118321e-03 1.3474723275e-03 1.7046784320e-03 1.8083513741e-03 2.0068122487e-03 2.7919036498e-03 5.4027401360e-03 5.8361001610e-03 5.8361001610e-03 5.8361001610e-03 5.8361001610e-03 5.8361001610e-03 5.8361001610e-03 5.8361001610e-03 5.8361001610e-03 5.8361001610e-03 5.8361001610e-03 6.1874799793e-03 6.4131911830e-03
Estimated covariance matrix may not be positive definite.
 1.5397660424e-06 2.7448236136e-06 1.2478798009e-05 1.3509483891e-05 1.7351670553e-05 4.0828814815e-05 4.6856056338e-05 5.4036187431e-05 6.1413934423e-05 7.8388630482e-05 8.5689685883e-05 8.9558601244e-05 9.2333244886e-05 1.0176318544e-04 1.1540295363e-04 1.1608074066e-04 1.1789118122e-04 1.2131027182e-04 1.2307379512e-04 1.3377726471e-04 1.4281158265e-04 1.4677416450e-04 1.4866181480e-04 1.5611425075e-04 1.5922889734e-04 1.6237936405e-04 1.6943594240e-04 1.7371155792e-04 1.7699928001e-04 1.8770144205e-04 1.9261249160e-04 2.1426042432e-04 2.1683803314e-04 2.2183605385e-04 2.3352948859e-04 2.4090722610e-04 2.4596765529e-04 2.5040887656e-04 2.5979224158e-04 2.8411382250e-04 2.8581564556e-04 2.9931753063e-04 3.1020096218e-04 3.1081695246e-04 3.2250125806e-04 3.2650628959e-04 3.3235010840e-04 3.4993952029e-04 3.5860811261e-04 3.6352627284e-04 3.6484901103e-04 3.7363756259e-04 3.7797861510e-04 3.7974042787e-04 5.6752563719e-04 8.6446299472e-04 1.0029118321e-03 1.3474723275e-03 1.7046784320e-03 1.8083513741e-03 2.0068122487e-03 2.7919036498e-03 5.4027401360e-03 5.8361001610e-03 5.8361001610e-03 5.8361001610e-03 5.8361001610e-03 5.8361001610e-03 5.8361001610e-03 5.8361001610e-03 5.8361001610e-03 5.8361001610e-03 5.8361001610e-03 6.1874799793e-03 6.4131911830e-03
Estimated covariance matrix may not be positive definite.
 1.5397660424e-06 2.7448236136e-06 1.2478798009e-05 1.3509483891e-05 1.7351670553e-05 4.0828814815e-05 4.6856056338e-05 5.4036187431e-05 6.1413934423e-05 7.8388630482e-05 8.5689685883e-05 8.9558601244e-05 9.2333244886e-05 1.0176318544e-04 1.1540295363e-04 1.1608074066e-04 1.1789118122e-04 1.2131027182e-04 1.2307379512e-04 1.3377726471e-04 1.4281158265e-04 1.4677416450e-04 1.4866181480e-04 1.5611425075e-04 1.5922889734e-04 1.6237936405e-04 1.6943594240e-04 1.7371155792e-04 1.7699928001e-04 1.8770144205e-04 1.9261249160e-04 2.1426042432e-04 2.1683803314e-04 2.2183605385e-04 2.3352948859e-04 2.4090722610e-04 2.4596765529e-04 2.5040887656e-04 2.5979224158e-04 2.8411382250e-04 2.8581564556e-04 2.9931753063e-04 3.1020096218e-04 3.1081695246e-04 3.2250125806e-04 3.2650628959e-04 3.3235010840e-04 3.4993952029e-04 3.5860811261e-04 3.6352627284e-04 3.6484901103e-04 3.7363756259e-04 3.7797861510e-04 3.7974042787e-04 5.6752563719e-04 8.6446299472e-04 1.0029118321e-03 1.3474723275e-03 1.7046784320e-03 1.8083513741e-03 2.0068122487e-03 2.7919036498e-03 5.4027401360e-03 5.8361001610e-03 5.8361001610e-03 5.8361001610e-03 5.8361001610e-03 5.8361001610e-03 5.8361001610e-03 5.8361001610e-03 5.8361001610e-03 5.8361001610e-03 5.8361001610e-03 6.1874799793e-03 6.4131911830e-03
size of file gradfil1.tmp = 0
size of file gradfil2.tmp = 0
size of file varssave.tmp = 0
size of file cmpdiff.tmp = 0
