
Initial statistics: 1 variables; iteration 0; function evaluation 0; phase 1
Function value 8.5276589e+02; maximum gradient component mag 1.2432e+04
Var    Value     Gradient |Var    Value     Gradient |Var    Value     Gradient
  1  0.63197  1.24324e+04 |

 - final statistics:
1 variables; iteration 3; function evaluation 7
Function value 8.3394e+02; maximum gradient component mag -2.9343e+00
Exit code = 1;  converg criter 1.0000e+01
Var    Value     Gradient |Var    Value     Gradient |Var    Value     Gradient
  1  0.62944 -2.93430e+00 |

Initial statistics: 98 variables; iteration 0; function evaluation 0; phase 2
Function value 8.3393649e+02; maximum gradient component mag -1.3002e+03
Var    Value     Gradient |Var    Value     Gradient |Var    Value     Gradient
  1  0.62944 -2.93430e+00 |  2  0.00000 -6.87422e+00 |  3  0.00000 -6.99822e+00
  4  0.00000 -7.14903e+00 |  5  0.00000 -7.33220e+00 |  6  0.00000 -7.55436e+00
  7  0.00000 -7.82335e+00 |  8  0.00000 -8.15018e+00 |  9  0.00000 -8.54388e+00
 10  0.00000 -9.06341e+00 | 11  0.00000 -9.58629e+00 | 12  0.00000 -1.02659e+01
 13  0.00000 -1.10673e+01 | 14  0.00000 -1.20200e+01 | 15  0.00000 -1.31395e+01
 16  0.00000 -1.44528e+01 | 17  0.00000 -1.59584e+01 | 18  0.00000 -1.76997e+01
 19  0.00000 -1.96874e+01 | 20  0.00000 -2.24981e+01 | 21  0.00000 -2.45434e+01
 22  0.00000 -2.76849e+01 | 23  0.00000 -3.16209e+01 | 24  0.00000 -3.45082e+01
 25  0.00000 -4.11160e+01 | 26  0.00000 -5.15697e+01 | 27  0.00000 -5.44618e+01
 28  0.00000 -4.15373e+01 | 29  0.00000 -4.56494e+01 | 30  0.00000 -4.79342e+01
 31  0.00000 -6.29498e+01 | 32  0.00000 -7.29660e+01 | 33  0.00000 -7.55507e+01
 34  0.00000 -8.24412e+01 | 35  0.00000 -1.49836e+02 | 36  0.00000 -1.09848e+02
 37  0.00000 -1.13223e+02 | 38  0.00000 -1.19123e+02 | 39  0.00000 -1.31224e+02
 40  0.00000 -1.17629e+02 | 41  0.00000 -1.46651e+02 | 42  0.00000 -1.64180e+02
 43  0.00000 -1.77453e+02 | 44  0.00000 -2.05567e+02 | 45  0.00000 -1.77207e+02
 46  0.00000 -2.20338e+02 | 47  0.00000 -2.21283e+02 | 48  0.00000 -2.09085e+02
 49  0.00000 -1.99239e+02 | 50  0.00000 -2.08265e+02 | 51  0.00000 -2.54847e+02
 52  0.00000 -2.70067e+02 | 53  0.00000 -2.57902e+02 | 54  0.00000 -2.32831e+02
 55  0.00000 -2.60000e+02 | 56  0.00000 -2.79936e+02 | 57  0.00000 -2.97575e+02
 58  0.00000 -3.21610e+02 | 59  0.00000 -3.15461e+02 | 60  0.00000 -2.80876e+02
 61  0.00000 -3.29325e+02 | 62  0.00000 -2.07449e+02 | 63  0.00000 -3.27802e+02
 64  0.00000 -1.65063e+02 | 65  0.00000 -3.20143e+02 | 66  0.00000 -1.75170e+02
 67  0.00000 -1.61522e+02 | 68  0.00000 -6.50289e+02 | 69  0.00000  5.88936e+02
 70  0.00000  4.12964e+02 | 71  0.00000  5.80998e+02 | 72  0.00000  3.06936e+02
 73  0.00000  1.27902e+03 | 74  0.00000  6.03746e+02 | 75  0.00000 -1.30022e+03
 76  0.00000  9.24448e+02 | 77  0.00000 -5.12125e+02 | 78  0.00000  4.32498e+02
 79  0.00000  8.02541e+02 | 80  0.00000  5.56625e+02 | 81  0.00000  1.06818e+03
 82  0.00000  6.91695e+02 | 83  0.00000  6.17196e+02 | 84  0.00000  2.88515e+02
 85  0.00000  1.53435e+02 | 86  0.00000  6.16007e+02 | 87  0.00000  4.51051e+02
 88  0.00000 -1.70619e+02 | 89  0.00000  6.69712e+02 | 90  0.00000  6.39677e+00
 91  0.00000 -2.32277e+02 | 92  0.00000  4.91438e+02 | 93  0.00000 -6.42498e+02
 94  0.00000  1.61215e+01 | 95  0.00000 -5.99038e+00 | 96  0.00000 -6.30947e+00
 97 -0.03546  1.62557e+02 | 98 -0.31026 -5.04674e+01 |

Intermediate statistics: 98 variables; iteration 20; function evaluation 29; phase 2
Function value 7.2712479e+02; maximum gradient component mag 5.7979e+03
Var    Value     Gradient |Var    Value     Gradient |Var    Value     Gradient
  1  0.62002  5.79794e+03 |  2 -0.00521 -1.66243e+02 |  3 -0.00521 -1.66213e+02
  4 -0.00520 -1.66176e+02 |  5 -0.00519 -1.66132e+02 |  6 -0.00518 -1.66078e+02
  7 -0.00517 -1.66012e+02 |  8 -0.00516 -1.65932e+02 |  9 -0.00514 -1.65836e+02
 10 -0.00506 -1.65680e+02 | 11 -0.00509 -1.65581e+02 | 12 -0.00506 -1.65414e+02
 13 -0.00503 -1.65221e+02 | 14 -0.00499 -1.64988e+02 | 15 -0.00493 -1.64714e+02
 16 -0.00486 -1.64387e+02 | 17 -0.00479 -1.64022e+02 | 18 -0.00469 -1.63590e+02
 19 -0.00456 -1.63093e+02 | 20 -0.00373 -1.62047e+02 | 21 -0.00411 -1.61849e+02
 22 -0.00359 -1.60959e+02 | 23 -0.00075 -1.58656e+02 | 24 -0.00143 -1.58647e+02
 25  0.00179 -1.55673e+02 | 26  0.01049 -1.48116e+02 | 27  0.00763 -1.49737e+02
 28 -0.00881 -1.59956e+02 | 29 -0.00822 -1.57815e+02 | 30 -0.01054 -1.57980e+02
 31 -0.00377 -1.52895e+02 | 32  0.00035 -1.48180e+02 | 33 -0.00389 -1.49706e+02
 34 -0.00602 -1.50207e+02 | 35  0.02935 -1.30260e+02 | 36  0.00024 -1.44055e+02
 37 -0.00331 -1.44047e+02 | 38 -0.00415 -1.41485e+02 | 39 -0.00146 -1.36824e+02
 40 -0.01422 -1.41543e+02 | 41 -0.00501 -1.34930e+02 | 42  0.00048 -1.28306e+02
 43 -0.00028 -1.27518e+02 | 44  0.01061 -1.17084e+02 | 45 -0.01163 -1.30688e+02
 46  0.01128 -1.09292e+02 | 47  0.00606 -1.10286e+02 | 48 -0.00695 -1.18346e+02
 49 -0.01582 -1.22821e+02 | 50 -0.01637 -1.23096e+02 | 51  0.00499 -1.02484e+02
 52  0.01424 -8.96426e+01 | 53  0.00157 -9.91055e+01 | 54 -0.01318 -1.08793e+02
 55 -0.00408 -1.01456e+02 | 56  0.00503 -9.11644e+01 | 57  0.01244 -8.15642e+01
 58  0.02144 -6.63969e+01 | 59  0.01724 -6.20529e+01 | 60  0.00699 -6.62204e+01
 61  0.01796 -5.80602e+01 | 62 -0.01061 -7.36752e+01 | 63  0.01949 -3.74874e+01
 64 -0.00976 -4.85633e+01 | 65  0.01905  9.26561e+00 | 66  0.00307  5.15552e-01
 67  0.00064  6.51283e-02 | 68  0.02641  7.67090e+01 | 69 -0.00224  5.69498e+02
 70 -0.00403  4.03788e+02 | 71  0.00300  7.30470e+02 | 72  0.00657  5.41651e+02
 73 -0.00150  1.22625e+03 | 74  0.00558  7.59008e+02 | 75  0.03212 -1.59163e+02
 76 -0.01095  7.24315e+02 | 77  0.02234  2.00356e+02 | 78  0.00386  5.30639e+02
 79  0.00551  8.56805e+02 | 80  0.00244  5.58039e+02 | 81  0.00141  9.41938e+02
 82 -0.00017  5.65928e+02 | 83  0.00063  4.52285e+02 | 84  0.00546  2.87491e+02
 85  0.00435  8.13723e+01 | 86 -0.01021  2.46540e+02 | 87 -0.00712  7.69927e+01
 88  0.01162 -1.14333e+02 | 89 -0.02084  4.18167e+01 | 90  0.00452 -1.35457e+02
 91  0.00653 -3.32105e+02 | 92 -0.05122 -1.18748e+02 | 93  0.03276 -3.09182e+02
 94 -0.02095 -1.76829e+02 | 95 -0.00571 -1.66815e+02 | 96 -0.00524 -1.66380e+02
 97 -0.03851  5.48280e+02 | 98 -0.30162 -3.50172e+01 |
98 variables; iteration 40; function evaluation 55; phase 2
Function value 6.2771263e+02; maximum gradient component mag 5.5587e+03
Var    Value     Gradient |Var    Value     Gradient |Var    Value     Gradient
  1  0.61577  5.55865e+03 |  2  0.01079 -1.25853e+02 |  3  0.01042 -1.26171e+02
  4  0.00999 -1.26550e+02 |  5  0.00947 -1.26997e+02 |  6  0.00886 -1.27523e+02
  7  0.00814 -1.28134e+02 |  8  0.00732 -1.28812e+02 |  9  0.00638 -1.29581e+02
 10  0.00566 -1.29904e+02 | 11  0.00412 -1.31316e+02 | 12  0.00283 -1.32225e+02
 13  0.00141 -1.33162e+02 | 14 -0.00003 -1.33946e+02 | 15 -0.00146 -1.34520e+02
 16 -0.00279 -1.34708e+02 | 17 -0.00405 -1.34537e+02 | 18 -0.00506 -1.33684e+02
 19 -0.00579 -1.32096e+02 | 20 -0.00455 -1.27060e+02 | 21 -0.00616 -1.26157e+02
 22 -0.00547 -1.21116e+02 | 23 -0.00043 -1.10994e+02 | 24 -0.00137 -1.07428e+02
 25  0.00346 -9.37211e+01 | 26  0.01027 -7.74269e+01 | 27  0.01034 -6.72656e+01
 28 -0.01332 -1.04225e+02 | 29 -0.01429 -1.00401e+02 | 30 -0.01868 -1.02465e+02
 31 -0.01012 -7.87005e+01 | 32 -0.00667 -6.38777e+01 | 33 -0.01279 -6.96227e+01
 34 -0.01752 -7.54780e+01 | 35  0.00134 -5.90287e+01 | 36 -0.02020 -7.74762e+01
 37 -0.02383 -7.75748e+01 | 38 -0.01711 -4.49142e+01 | 39 -0.00818 -6.25490e+00
 40 -0.01436 -4.36610e-02 | 41 -0.00877  9.21645e+00 | 42 -0.00033  4.35381e+01
 43  0.00011  5.13249e+01 | 44  0.00974  8.89922e+01 | 45 -0.00540  5.56179e+01
 46  0.01402  1.15540e+02 | 47  0.01469  1.26571e+02 | 48  0.00748  1.13085e+02
 49 -0.00092  8.83392e+01 | 50 -0.00841  5.19723e+01 | 51  0.01328  1.24543e+02
 52  0.02536  1.80281e+02 | 53  0.01569  1.42701e+02 | 54 -0.00598  5.50041e+01
 55 -0.00061  5.94365e+01 | 56 -0.00080  3.82777e+01 | 57  0.00672  5.85949e+01
 58  0.03040  1.79281e+02 | 59  0.03286  2.21200e+02 | 60  0.01993  1.70101e+02
 61  0.03138  2.24393e+02 | 62  0.02465  2.84521e+02 | 63  0.01681  1.00074e+02
 64 -0.00029  1.20396e+02 | 65  0.01138  5.44122e+01 | 66  0.00244  9.74657e+01
 67  0.01810  3.68272e+02 | 68  0.02753  1.29866e+02 | 69 -0.01429  2.01713e+02
 70 -0.00994  2.03842e+02 | 71 -0.00941  2.24180e+02 | 72 -0.00414  1.03945e+02
 73 -0.02367  4.74115e+02 | 74 -0.00375  2.89824e+02 | 75  0.05333  4.08778e+02
 76 -0.03071  2.71927e+02 | 77  0.03099  1.71750e+02 | 78 -0.00757  7.62251e+01
 79 -0.01085  1.65329e+02 | 80 -0.00840  9.20490e+01 | 81 -0.02461  7.97432e+01
 82 -0.01557  2.66443e+01 | 83 -0.01958 -1.84264e+02 | 84 -0.00471 -1.41461e+02
 85 -0.00018 -1.01876e+02 | 86 -0.02093 -1.57884e+01 | 87 -0.01808 -1.35923e+02
 88  0.00574 -2.94722e+02 | 89 -0.04549 -2.51754e+02 | 90  0.01087 -3.44180e+01
 91  0.00087 -3.27753e+02 | 92 -0.03758 -1.18251e+01 | 93  0.03156 -1.96280e+02
 94 -0.03183 -1.77948e+02 | 95  0.00732 -1.31951e+02 | 96  0.01252 -1.24324e+02
 97 -0.03880  4.53929e+02 | 98 -0.32251 -3.82197e+01 |
98 variables; iteration 60; function evaluation 83; phase 2
Function value 6.0130639e+02; maximum gradient component mag 2.2077e+03
Var    Value     Gradient |Var    Value     Gradient |Var    Value     Gradient
  1  0.61459  2.20772e+03 |  2 -0.00107 -5.72362e+01 |  3 -0.00230 -5.90974e+01
  4 -0.00362 -6.10924e+01 |  5 -0.00499 -6.31475e+01 |  6 -0.00632 -6.51455e+01
  7 -0.00751 -6.69165e+01 |  8 -0.00841 -6.82162e+01 |  9 -0.00887 -6.88075e+01
 10 -0.00858 -6.82785e+01 | 11 -0.00773 -6.67559e+01 | 12 -0.00594 -6.37784e+01
 13 -0.00339 -5.95567e+01 | 14 -0.00045 -5.46489e+01 | 15  0.00237 -4.98599e+01
 16  0.00439 -4.62440e+01 | 17  0.00505 -4.47010e+01 | 18  0.00402 -4.58092e+01
 19  0.00139 -4.94506e+01 | 20 -0.00091 -5.31374e+01 | 21 -0.00643 -6.09845e+01
 22 -0.00978 -6.60626e+01 | 23 -0.00395 -5.86498e+01 | 24 -0.00990 -6.67576e+01
 25 -0.00398 -5.85913e+01 | 26  0.01159 -3.88520e+01 | 27  0.01815 -2.43693e+01
 28 -0.00178 -4.01681e+01 | 29 -0.00472 -4.38802e+01 | 30 -0.00714 -4.34316e+01
 31 -0.00087 -3.75395e+01 | 32  0.00318 -3.19906e+01 | 33  0.00019 -3.08166e+01
 34 -0.00170 -3.11467e+01 | 35  0.00987 -6.08772e+01 | 36  0.00157 -2.85314e+01
 37 -0.00084 -2.64966e+01 | 38  0.00057 -1.72405e+01 | 39  0.00222 -1.27159e+01
 40 -0.00403 -1.14881e+00 | 41 -0.00193 -9.94638e+00 | 42  0.00433 -3.93944e-02
 43  0.00702  9.26362e+00 | 44  0.01086  5.70638e+00 | 45 -0.00925 -8.14631e+00
 46  0.00547  1.18995e+00 | 47  0.00535  9.49535e+00 | 48  0.00805  4.30933e+01
 49  0.00865  6.86805e+01 | 50  0.00648  6.74558e+01 | 51  0.00022  1.28278e+01
 52  0.01992  6.08811e+01 | 53  0.01343  6.52431e+01 | 54  0.01118  9.24539e+01
 55  0.01126  7.74281e+01 | 56  0.01293  7.07532e+01 | 57  0.01034  4.88926e+01
 58  0.01521  4.99270e+01 | 59  0.02316  1.00168e+02 | 60  0.01930  1.29412e+02
 61  0.01819  7.81174e+01 | 62  0.01208  1.65912e+02 | 63  0.02002  9.53073e+01
 64 -0.00378  1.00506e+02 | 65  0.01277  4.64191e+01 | 66  0.01025  1.63315e+02
 67  0.00322  7.53389e+01 | 68  0.02748 -1.03264e+00 | 69 -0.01510  1.38674e+02
 70 -0.01066  1.43769e+02 | 71 -0.00971  1.34184e+02 | 72 -0.00739 -3.25070e+01
 73 -0.03783  1.68880e+02 | 74 -0.01122  7.88165e+01 | 75  0.05356  6.68862e+01
 76 -0.04364  1.25645e+02 | 77  0.03328  7.54969e+01 | 78 -0.00497  7.03379e+01
 79 -0.01598  1.15175e+01 | 80 -0.00831  5.11777e+01 | 81 -0.02804  8.33597e+00
 82 -0.01574  1.62629e+01 | 83 -0.01480 -5.96130e+01 | 84  0.00214 -2.94910e+00
 85  0.00156 -6.96174e+01 | 86 -0.02239 -7.82585e-01 | 87 -0.01567 -6.00588e+01
 88  0.01344 -1.14644e+02 | 89 -0.03524 -7.63046e+01 | 90  0.01082 -2.85461e+00
 91  0.01695  2.12176e+01 | 92 -0.06765 -9.87800e+01 | 93  0.03683 -7.11285e+01
 94 -0.02353 -7.59185e+01 | 95 -0.00766 -6.71534e+01 | 96  0.00641 -4.58720e+01
 97 -0.05062  1.25239e+02 | 98 -0.30231 -3.01729e+00 |
Maximum number of function evaluations exceeded

 - final statistics:
98 variables; iteration 71; function evaluation 100
Function value 5.9316e+02; maximum gradient component mag -1.1522e+02
Exit code = 3;  converg criter 1.0000e+01
Var    Value     Gradient |Var    Value     Gradient |Var    Value     Gradient
  1  0.61691  8.75765e+01 |  2  0.00042 -1.99559e+00 |  3  0.00017 -2.38068e+00
  4 -0.00007 -2.77509e+00 |  5 -0.00031 -3.16075e+00 |  6 -0.00053 -3.51504e+00
  7 -0.00071 -3.81371e+00 |  8 -0.00083 -4.03355e+00 |  9 -0.00090 -4.18275e+00
 10 -0.00082 -4.15201e+00 | 11 -0.00103 -4.48987e+00 | 12 -0.00128 -4.93355e+00
 13 -0.00185 -5.89054e+00 | 14 -0.00284 -7.50234e+00 | 15 -0.00422 -9.72102e+00
 16 -0.00567 -1.20643e+01 | 17 -0.00673 -1.38125e+01 | 18 -0.00683 -1.41318e+01
 19 -0.00580 -1.27647e+01 | 20 -0.00351 -1.00839e+01 | 21 -0.00119 -6.36506e+00
 22  0.00171 -2.60127e+00 | 23  0.00224 -4.38265e+00 | 24  0.00541  4.65742e-01
 25  0.00675 -9.80783e-01 | 26  0.00767 -6.81363e+00 | 27  0.00394 -1.04748e+01
 28 -0.00260 -4.21052e+00 | 29 -0.00359 -5.59019e+00 | 30 -0.00336 -1.76671e+00
 31 -0.00222 -8.61830e+00 | 32  0.00256 -5.75493e+00 | 33  0.00286 -6.41746e-01
 34  0.00114 -2.06067e+00 | 35  0.01836 -3.06399e+01 | 36  0.00820 -1.48490e+00
 37  0.00308 -4.71770e+00 | 38  0.00185 -3.66868e+00 | 39  0.00770  2.98081e+00
 40 -0.00348  6.25223e+00 | 41  0.00445  3.28467e+00 | 42  0.00422 -5.40019e+00
 43  0.00714 -2.81427e+00 | 44  0.00802 -1.86792e+01 | 45  0.00074  8.14795e+00
 46  0.00953 -1.06027e+01 | 47  0.00593 -8.48486e+00 | 48  0.00442  1.07800e+01
 49  0.00569  3.24781e+01 | 50  0.00087  2.37007e+01 | 51  0.00392 -6.04556e+00
 52  0.00664 -1.13505e+01 | 53  0.00821  1.17256e+01 | 54  0.00852  4.59175e+01
 55  0.00992  3.22527e+01 | 56  0.02097  4.17538e+01 | 57  0.01551  1.64285e+01
 58  0.01514 -3.39040e+00 | 59  0.01574  6.74742e+00 | 60  0.01162  2.93227e+01
 61  0.01839  9.85992e+00 | 62 -0.00427  4.73092e+01 | 63  0.01967  1.80245e+01
 64 -0.00508  6.12342e+01 | 65  0.01856  3.12113e+01 | 66  0.00138  2.37763e+01
 67  0.00079  3.11041e+00 | 68  0.03158  8.30188e+00 | 69 -0.02006  2.85883e+01
 70 -0.01684  1.96819e+01 | 71 -0.01483  5.35590e+00 | 72 -0.00061  4.14434e+01
 73 -0.04894  9.49072e+00 | 74 -0.01396 -3.22755e+00 | 75  0.05392 -1.15218e+02
 76 -0.05809  2.36988e+01 | 77  0.03231 -5.27565e+01 | 78 -0.00881 -1.54455e+01
 79 -0.01768 -2.18603e+01 | 80 -0.01199 -2.19484e+01 | 81 -0.03032 -9.88929e+00
 82 -0.01850 -2.01269e+01 | 83 -0.01261  2.45259e+01 | 84  0.00084 -1.18522e+01
 85  0.00240 -1.40319e+01 | 86 -0.02803 -3.03975e+01 | 87 -0.01613 -6.80568e+00
 88  0.01719  2.95743e+01 | 89 -0.03507 -1.23715e+01 | 90  0.00540 -2.13881e+01
 91  0.01154 -1.86201e+01 | 92 -0.06369 -2.51001e+01 | 93  0.03685  1.47562e+01
 94 -0.00733  7.91914e+00 | 95 -0.00146 -4.38825e+00 | 96  0.00214  6.99050e-01
 97 -0.04876 -1.44078e+01 | 98 -0.30084 -8.91591e-01 |

Initial statistics: 100 variables; iteration 0; function evaluation 0; phase 3
Function value 5.9315831e+02; maximum gradient component mag -1.1372e+02
Var    Value     Gradient |Var    Value     Gradient |Var    Value     Gradient
  1  0.61691  9.62681e+01 |  2  0.00042 -2.01543e+00 |  3  0.00018 -2.40260e+00
  4 -0.00007 -2.79899e+00 |  5 -0.00031 -3.18630e+00 |  6 -0.00053 -3.54164e+00
  7 -0.00071 -3.84039e+00 |  8 -0.00083 -4.05901e+00 |  9 -0.00090 -4.20529e+00
 10 -0.00082 -4.17077e+00 | 11 -0.00103 -4.50104e+00 | 12 -0.00127 -4.93709e+00
 13 -0.00185 -5.88653e+00 | 14 -0.00284 -7.49242e+00 | 15 -0.00422 -9.70712e+00
 16 -0.00567 -1.20469e+01 | 17 -0.00672 -1.37888e+01 | 18 -0.00682 -1.40994e+01
 19 -0.00579 -1.27253e+01 | 20 -0.00351 -1.00499e+01 | 21 -0.00118 -6.34443e+00
 22  0.00171 -2.61745e+00 | 23  0.00224 -4.40609e+00 | 24  0.00541  3.81442e-01
 25  0.00675 -1.02455e+00 | 26  0.00768 -6.67699e+00 | 27  0.00394 -1.06003e+01
 28 -0.00260 -4.12984e+00 | 29 -0.00359 -5.52728e+00 | 30 -0.00336 -1.86125e+00
 31 -0.00222 -8.53483e+00 | 32  0.00256 -5.67858e+00 | 33  0.00286 -6.57315e-01
 34  0.00114 -1.96226e+00 | 35  0.01837 -3.05257e+01 | 36  0.00820 -1.36207e+00
 37  0.00308 -4.67932e+00 | 38  0.00185 -3.55689e+00 | 39  0.00770  3.09674e+00
 40 -0.00348  6.42625e+00 | 41  0.00445  3.52082e+00 | 42  0.00423 -5.13496e+00
 43  0.00714 -2.69263e+00 | 44  0.00803 -1.84540e+01 | 45  0.00074  8.36326e+00
 46  0.00953 -1.03032e+01 | 47  0.00594 -8.19439e+00 | 48  0.00442  1.09338e+01
 49  0.00570  3.26541e+01 | 50  0.00087  2.40015e+01 | 51  0.00393 -5.69047e+00
 52  0.00664 -1.09689e+01 | 53  0.00822  1.21288e+01 | 54  0.00852  4.62691e+01
 55  0.00993  3.26491e+01 | 56  0.02097  4.21463e+01 | 57  0.01552  1.69158e+01
 58  0.01514 -2.87214e+00 | 59  0.01574  7.24545e+00 | 60  0.01163  2.97558e+01
 61  0.01839  1.04311e+01 | 62 -0.00427  4.75724e+01 | 63  0.01968  1.86344e+01
 64 -0.00508  6.15555e+01 | 65  0.01856  3.18501e+01 | 66  0.00139  2.42108e+01
 67  0.00079  3.59463e+00 | 68  0.03158  9.30071e+00 | 69 -0.02006  2.88282e+01
 70 -0.01684  1.99898e+01 | 71 -0.01483  5.68211e+00 | 72 -0.00061  4.19272e+01
 73 -0.04893  9.58008e+00 | 74 -0.01395 -2.82592e+00 | 75  0.05392 -1.13718e+02
 76 -0.05809  2.37300e+01 | 77  0.03232 -5.19459e+01 | 78 -0.00881 -1.51084e+01
 79 -0.01768 -2.15571e+01 | 80 -0.01198 -2.16803e+01 | 81 -0.03032 -9.72001e+00
 82 -0.01850 -1.99133e+01 | 83 -0.01260  2.46626e+01 | 84  0.00084 -1.16584e+01
 85  0.00240 -1.38003e+01 | 86 -0.02803 -3.02877e+01 | 87 -0.01613 -6.78039e+00
 88  0.01719  2.96491e+01 | 89 -0.03507 -1.23234e+01 | 90  0.00540 -2.13542e+01
 91  0.01155 -1.85782e+01 | 92 -0.06369 -2.50967e+01 | 93  0.03685  1.47250e+01
 94 -0.00733  7.99274e+00 | 95 -0.00146 -4.40772e+00 | 96  0.00214  6.95402e-01
 97 -0.04876 -1.36867e+01 | 98 -0.41581  2.46019e+01 | 99 -0.30084 -7.58860e-01
100 -0.25275 -6.10950e+01 |

Intermediate statistics: 100 variables; iteration 20; function evaluation 25; phase 3
Function value 5.9069655e+02; maximum gradient component mag 7.5877e+02
Var    Value     Gradient |Var    Value     Gradient |Var    Value     Gradient
  1  0.61932  7.58770e+02 |  2  0.00042 -1.57768e+01 |  3  0.00036 -1.58640e+01
  4  0.00030 -1.59501e+01 |  5  0.00024 -1.60290e+01 |  6  0.00019 -1.60938e+01
  7  0.00015 -1.61365e+01 |  8  0.00013 -1.61495e+01 |  9  0.00013 -1.61331e+01
 10  0.00019 -1.60557e+01 | 11  0.00013 -1.60653e+01 | 12  0.00009 -1.60886e+01
 13 -0.00004 -1.62361e+01 | 14 -0.00028 -1.65465e+01 | 15 -0.00061 -1.70062e+01
 16 -0.00096 -1.74806e+01 | 17 -0.00120 -1.77666e+01 | 18 -0.00116 -1.76258e+01
 19 -0.00078 -1.69784e+01 | 20  0.00023 -1.59099e+01 | 21  0.00080 -1.45216e+01
 22  0.00190 -1.30466e+01 | 23  0.00328 -1.32996e+01 | 24  0.00409 -1.14554e+01
 25  0.00600 -1.12413e+01 | 26  0.00984 -1.19320e+01 | 27  0.00806 -1.25612e+01
 28 -0.00159 -1.08597e+01 | 29 -0.00194 -1.06410e+01 | 30 -0.00310 -8.85660e+00
 31  0.00086 -9.72330e+00 | 32  0.00439 -7.41913e+00 | 33  0.00263 -5.04352e+00
 34  0.00135 -4.66857e+00 | 35  0.02918 -7.11247e+00 | 36  0.00750 -9.40879e-01
 37  0.00408 -1.49380e+00 | 38  0.00293  3.92150e-02 | 39  0.00644  4.89023e+00
 40 -0.00525  4.38452e+00 | 41  0.00314  7.09516e+00 | 42  0.00635  6.53607e+00
 43  0.00763  9.48003e+00 | 44  0.01500  8.25328e+00 | 45 -0.00123  1.34782e+01
 46  0.01398  1.44210e+01 | 47  0.00920  1.44658e+01 | 48  0.00131  1.97504e+01
 49 -0.00259  2.87553e+01 | 50 -0.00421  2.58814e+01 | 51  0.00711  2.02025e+01
 52  0.01226  2.23207e+01 | 53  0.00527  2.88867e+01 | 54 -0.00221  4.11628e+01
 55  0.00465  4.14941e+01 | 56  0.01231  5.14996e+01 | 57  0.01284  4.05281e+01
 58  0.01693  3.41085e+01 | 59  0.01430  3.71645e+01 | 60  0.00983  5.39718e+01
 61  0.01776  4.49255e+01 | 62 -0.00896  5.28617e+01 | 63  0.01911  5.76031e+01
 64 -0.00704  7.77666e+01 | 65  0.01784  7.31975e+01 | 66  0.00036  5.13467e+01
 67 -0.00055  2.80432e+01 | 68  0.03018  6.13042e+01 | 69 -0.02003  4.46345e+01
 70 -0.01846  3.63941e+01 | 71 -0.01476  2.46076e+01 | 72 -0.00185  7.34845e+01
 73 -0.04873  1.27327e+01 | 74 -0.01620  8.57256e+00 | 75  0.05421 -1.28162e+01
 76 -0.05903  2.76871e+01 | 77  0.03202 -2.43922e+01 | 78 -0.01051 -8.56262e+00
 79 -0.01812 -3.12315e+01 | 80 -0.01392 -2.48420e+01 | 81 -0.03067 -2.29493e+01
 82 -0.02048 -2.85732e+01 | 83 -0.01293  8.35295e+00 | 84 -0.00143 -2.85207e+01
 85  0.00233 -2.34857e+01 | 86 -0.03005 -4.75959e+01 | 87 -0.01618 -2.74519e+01
 88  0.01551  9.37140e+00 | 89 -0.03444 -2.52792e+01 | 90  0.00407 -3.62927e+01
 91  0.01234 -3.06257e+01 | 92 -0.06408 -3.74369e+01 | 93  0.03873  3.73393e-01
 94 -0.01178 -1.37806e+01 | 95 -0.00034 -1.65158e+01 | 96  0.00087 -1.51232e+01
 97 -0.04520  4.25149e+01 | 98 -0.41447 -5.63429e+01 | 99 -0.26380  2.81743e+01
100 -0.23810 -6.36423e+01 |
100 variables; iteration 40; function evaluation 49; phase 3
Function value 5.8945337e+02; maximum gradient component mag 4.1794e+02
Var    Value     Gradient |Var    Value     Gradient |Var    Value     Gradient
  1  0.62134  4.17936e+02 |  2  0.00047 -1.05343e+01 |  3  0.00048 -1.05125e+01
  4  0.00050 -1.04884e+01 |  5  0.00052 -1.04619e+01 |  6  0.00054 -1.04333e+01
  7  0.00056 -1.04024e+01 |  8  0.00058 -1.03693e+01 |  9  0.00061 -1.03325e+01
 10  0.00066 -1.02936e+01 | 11  0.00067 -1.02384e+01 | 12  0.00072 -1.01725e+01
 13  0.00077 -1.00868e+01 | 14  0.00085 -9.98012e+00 | 15  0.00093 -9.85614e+00
 16  0.00103 -9.72564e+00 | 17  0.00112 -9.59913e+00 | 18  0.00122 -9.48026e+00
 19  0.00133 -9.35817e+00 | 20  0.00185 -9.20640e+00 | 21  0.00173 -9.02849e+00
 22  0.00216 -8.79397e+00 | 23  0.00388 -8.64863e+00 | 24  0.00373 -8.46240e+00
 25  0.00579 -8.26979e+00 | 26  0.01098 -7.41182e+00 | 27  0.01004 -7.05907e+00
 28 -0.00082 -7.08609e+00 | 29 -0.00091 -6.76983e+00 | 30 -0.00247 -5.96142e+00
 31  0.00237 -6.01194e+00 | 32  0.00558 -4.88915e+00 | 33  0.00336 -3.65477e+00
 34  0.00250 -2.90926e+00 | 35  0.03396 -1.87699e+00 | 36  0.00852 -8.56736e-01
 37  0.00561 -9.50235e-01 | 38  0.00447 -1.80976e-01 | 39  0.00754  2.60332e+00
 40 -0.00537  1.90727e-01 | 41  0.00429  3.74805e+00 | 42  0.00849  3.64470e+00
 43  0.00993  6.07312e+00 | 44  0.01891  5.15555e+00 | 45 -0.00120  4.97328e+00
 46  0.01698  7.74533e+00 | 47  0.01200  8.04005e+00 | 48  0.00200  1.00330e+01
 49 -0.00633  8.95835e+00 | 50 -0.00717  6.29252e+00 | 51  0.00896  8.14258e+00
 52  0.01438  8.46740e+00 | 53  0.00537  1.27599e+01 | 54 -0.00860  1.15662e+01
 55  0.00155  1.43053e+01 | 56  0.00710  1.76358e+01 | 57  0.01071  1.30108e+01
 58  0.01731  1.06115e+01 | 59  0.01645  1.94863e+01 | 60  0.00602  1.45628e+01
 61  0.01837  1.73726e+01 | 62 -0.01759  6.15488e+00 | 63  0.01642  7.63814e+00
 64 -0.01676  1.31480e+01 | 65  0.01539  1.97690e+01 | 66 -0.00218  1.09699e+01
 67 -0.00063  1.53396e+01 | 68  0.02929  2.55663e+01 | 69 -0.02245  8.26260e+00
 70 -0.02070  3.88215e+00 | 71 -0.01611  6.54135e+00 | 72 -0.00517  1.39756e+01
 73 -0.05179 -1.36299e+01 | 74 -0.01627  6.05045e+00 | 75  0.05506  3.71739e+01
 76 -0.06394  1.58587e+00 | 77  0.03249  1.88080e+01 | 78 -0.01071  4.57543e+00
 79 -0.01815 -7.95353e+00 | 80 -0.01377 -4.11706e-01 | 81 -0.03103 -4.68506e+00
 82 -0.02046 -5.93814e+00 | 83 -0.01484 -7.09889e+00 | 84 -0.00122 -1.12683e+00
 85  0.00190 -3.05760e+00 | 86 -0.02860 -1.30212e+01 | 87 -0.01566  2.89850e+00
 88  0.01360 -1.11296e+01 | 89 -0.03465 -1.40904e+01 | 90  0.00495 -8.78421e+00
 91  0.01263 -7.83408e+00 | 92 -0.05807 -6.21231e-01 | 93  0.03755 -1.79600e+01
 94 -0.01322 -1.01713e+01 | 95  0.00018 -1.05333e+01 | 96  0.00038 -1.06633e+01
 97 -0.04697  2.84159e+01 | 98 -0.41566 -4.21571e+01 | 99 -0.26242  3.24463e+00
100 -0.23375 -7.14303e+00 |
100 variables; iteration 60; function evaluation 78; phase 3
Function value 5.8927598e+02; maximum gradient component mag 1.7657e+02
Var    Value     Gradient |Var    Value     Gradient |Var    Value     Gradient
  1  0.61978  1.76571e+02 |  2 -0.00010 -4.98371e+00 |  3 -0.00007 -4.95474e+00
  4 -0.00005 -4.92380e+00 |  5 -0.00002 -4.89166e+00 |  6  0.00001 -4.85928e+00
  7  0.00004 -4.82766e+00 |  8  0.00007 -4.79830e+00 |  9  0.00010 -4.76957e+00
 10  0.00016 -4.74739e+00 | 11  0.00018 -4.69937e+00 | 12  0.00025 -4.63976e+00
 13  0.00033 -4.54320e+00 | 14  0.00046 -4.40101e+00 | 15  0.00062 -4.21478e+00
 16  0.00080 -4.01256e+00 | 17  0.00097 -3.83767e+00 | 18  0.00111 -3.74168e+00
 19  0.00120 -3.74181e+00 | 20  0.00165 -3.81314e+00 | 21  0.00140 -3.95162e+00
 22  0.00168 -4.05900e+00 | 23  0.00347 -3.91445e+00 | 24  0.00357 -3.50670e+00
 25  0.00517 -4.20160e+00 | 26  0.00996 -4.22201e+00 | 27  0.00972 -3.10843e+00
 28 -0.00111 -2.91302e+00 | 29 -0.00135 -3.06488e+00 | 30 -0.00330 -3.14629e+00
 31  0.00202 -2.82957e+00 | 32  0.00509 -2.37732e+00 | 33  0.00276 -1.54658e+00
 34  0.00104 -2.48122e+00 | 35  0.03467 -6.16262e-01 | 36  0.00732 -1.03683e+00
 37  0.00540  9.59056e-02 | 38  0.00376 -3.76006e-01 | 39  0.00586  7.59817e-03
 40 -0.00629 -3.91791e-01 | 41  0.00265  5.58484e-01 | 42  0.00767  7.71754e-01
 43  0.00839  1.64690e+00 | 44  0.01920  1.82175e+00 | 45 -0.00238  1.44638e+00
 46  0.01711  2.66801e+00 | 47  0.01197  2.84530e+00 | 48 -0.00041  2.02239e+00
 49 -0.00792  3.24013e+00 | 50 -0.00773  2.70144e+00 | 51  0.01017  3.88314e+00
 52  0.01771  4.90294e+00 | 53  0.00454  4.40835e+00 | 54 -0.00928  5.39752e+00
 55  0.00102  6.10735e+00 | 56  0.00699  8.56409e+00 | 57  0.01353  8.60424e+00
 58  0.02203  8.99761e+00 | 59  0.01628  7.30846e+00 | 60  0.00730  8.21763e+00
 61  0.01989  9.42880e+00 | 62 -0.01586  6.31645e+00 | 63  0.02021  1.31436e+01
 64 -0.01738  4.82629e+00 | 65  0.01645  1.08659e+01 | 66 -0.00118  6.75612e+00
 67 -0.00013  6.06181e+00 | 68  0.03011  1.37076e+01 | 69 -0.02203  1.39412e+00
 70 -0.01987  3.62570e+00 | 71 -0.01542  2.71853e+00 | 72 -0.00483  4.01719e+00
 73 -0.04995  2.77209e+00 | 74 -0.01587  2.72098e+00 | 75  0.05560  1.26867e+01
 76 -0.06472 -3.45984e+00 | 77  0.03300  5.75821e+00 | 78 -0.01039  4.31487e-01
 79 -0.01708  2.09061e+00 | 80 -0.01327  1.78819e-01 | 81 -0.03042 -1.64974e+00
 82 -0.01975 -3.55355e-01 | 83 -0.01414 -1.71415e+00 | 84 -0.00090 -1.62380e+00
 85  0.00231 -2.84686e+00 | 86 -0.02756 -9.50797e-01 | 87 -0.01587 -6.99208e+00
 88  0.01425 -2.62606e+00 | 89 -0.03383 -3.13252e+00 | 90  0.00520 -4.42512e+00
 91  0.01294 -5.23741e+00 | 92 -0.06036 -7.16750e+00 | 93  0.03822 -3.44085e+00
 94 -0.01438 -5.74219e+00 | 95 -0.00027 -4.75477e+00 | 96 -0.00024 -5.17034e+00
 97 -0.04431  1.16787e+01 | 98 -0.41428 -1.61340e+01 | 99 -0.26058 -2.37555e-01
100 -0.23219  1.97920e+00 |
Maximum number of function evaluations exceeded

 - final statistics:
100 variables; iteration 73; function evaluation 100
Function value 5.8926e+02; maximum gradient component mag -7.1437e+00
Exit code = 3;  converg criter 1.0000e+00
Var    Value     Gradient |Var    Value     Gradient |Var    Value     Gradient
  1  0.61983 -7.14371e+00 |  2  0.00020  1.31979e-01 |  3  0.00020  1.32870e-01
  4  0.00021  1.33899e-01 |  5  0.00022  1.35079e-01 |  6  0.00024  1.36422e-01
  7  0.00025  1.37941e-01 |  8  0.00027  1.39645e-01 |  9  0.00029  1.41586e-01
 10  0.00035  1.43687e-01 | 11  0.00035  1.46619e-01 | 12  0.00040  1.50203e-01
 13  0.00044  1.55143e-01 | 14  0.00050  1.61914e-01 | 15  0.00056  1.70774e-01
 16  0.00065  1.81070e-01 | 17  0.00074  1.91151e-01 | 18  0.00085  1.98078e-01
 19  0.00099  2.00123e-01 | 20  0.00153  1.97261e-01 | 21  0.00141  1.89369e-01
 22  0.00182  1.79664e-01 | 23  0.00353  1.52195e-01 | 24  0.00339  1.14425e-01
 25  0.00547 -2.67194e-02 | 26  0.01049  3.62532e-02 | 27  0.00960  1.34019e-01
 28 -0.00126  2.72386e-01 | 29 -0.00140  1.40394e-01 | 30 -0.00330  9.09353e-03
 31  0.00208  8.16418e-02 | 32  0.00505  8.36462e-02 | 33  0.00247  3.64180e-01
 34  0.00108 -2.23832e-01 | 35  0.03496 -4.84878e-02 | 36  0.00708 -1.89163e-02
 37  0.00460  7.80813e-02 | 38  0.00354  1.88219e-01 | 39  0.00557 -3.98746e-02
 40 -0.00664 -1.17422e-01 | 41  0.00235  1.68509e-02 | 42  0.00766 -1.28201e-01
 43  0.00803 -1.06291e-01 | 44  0.01974 -1.26256e-01 | 45 -0.00252  2.63036e-01
 46  0.01757 -2.39352e-01 | 47  0.01247  1.56765e-01 | 48 -0.00032 -2.17550e-01
 49 -0.00875 -3.03250e-01 | 50 -0.00798 -8.60401e-02 | 51  0.01069 -2.63224e-01
 52  0.01867 -4.74760e-01 | 53  0.00472 -2.48689e-01 | 54 -0.01028  2.72469e-02
 55  0.00060 -1.19194e-01 | 56  0.00594  5.28901e-02 | 57  0.01321 -1.44097e-01
 58  0.02240 -4.03543e-01 | 59  0.01679 -4.25003e-01 | 60  0.00707 -1.62564e-01
 61  0.02014 -3.87106e-01 | 62 -0.01651  3.58307e-02 | 63  0.01991 -2.40667e-01
 64 -0.01749 -2.03676e-01 | 65  0.01642 -3.77984e-01 | 66 -0.00117 -2.26665e-01
 67 -0.00007 -2.75277e-01 | 68  0.03008 -4.92865e-01 | 69 -0.02195 -2.05506e-01
 70 -0.01991 -5.00627e-02 | 71 -0.01542 -1.30395e-01 | 72 -0.00482 -2.32308e-01
 73 -0.05021  2.21531e-01 | 74 -0.01588 -1.18323e-01 | 75  0.05563 -7.40820e-01
 76 -0.06447 -2.95115e-02 | 77  0.03301 -3.24187e-01 | 78 -0.01036 -5.45236e-02
 79 -0.01721  1.66623e-01 | 80 -0.01329  4.24720e-02 | 81 -0.03045  1.07785e-01
 82 -0.01982  1.63096e-01 | 83 -0.01417  1.60215e-01 | 84 -0.00089  4.91512e-02
 85  0.00232  8.43070e-02 | 86 -0.02774  2.65024e-01 | 87 -0.01574 -1.02105e-02
 88  0.01422  2.13902e-01 | 89 -0.03392  2.95068e-01 | 90  0.00523  1.78013e-01
 91  0.01295  1.59145e-01 | 92 -0.05985  1.55169e-02 | 93  0.03817  3.20826e-01
 94 -0.01376  5.51632e-02 | 95 -0.00012  1.43631e-01 | 96  0.00016  1.27254e-01
 97 -0.04480 -4.49780e-01 | 98 -0.41453  5.97593e-01 | 99 -0.26095 -1.22152e-01
100 -0.23260  3.10718e-01 |

Initial statistics: 107 variables; iteration 0; function evaluation 0; phase 4
Function value 5.8926034e+02; maximum gradient component mag -5.6386e+02
Var    Value     Gradient |Var    Value     Gradient |Var    Value     Gradient
  1 -0.42263 -5.09334e+01 |  2 -0.42263 -5.63858e+02 |  3 -0.41094 -1.39197e+02
  4  0.61983 -7.14371e+00 |  5  0.00000 -1.18827e-01 |  6  0.00000 -2.62954e-02
  7  0.00000 -3.20912e-02 |  8  0.00000 -3.91405e-02 |  9  0.00020  1.28781e-01
 10  0.00020  1.29672e-01 | 11  0.00021  1.30701e-01 | 12  0.00022  1.31881e-01
 13  0.00024  1.33224e-01 | 14  0.00025  1.34743e-01 | 15  0.00027  1.36448e-01
 16  0.00029  1.38388e-01 | 17  0.00035  1.40489e-01 | 18  0.00035  1.43421e-01
 19  0.00040  1.47005e-01 | 20  0.00044  1.51946e-01 | 21  0.00050  1.58716e-01
 22  0.00056  1.67576e-01 | 23  0.00065  1.77872e-01 | 24  0.00074  1.87953e-01
 25  0.00085  1.94880e-01 | 26  0.00099  1.96925e-01 | 27  0.00153  1.94063e-01
 28  0.00141  1.86171e-01 | 29  0.00182  1.76466e-01 | 30  0.00353  1.48997e-01
 31  0.00339  1.11227e-01 | 32  0.00547 -2.99172e-02 | 33  0.01049  3.30556e-02
 34  0.00960  1.30821e-01 | 35 -0.00126  2.69188e-01 | 36 -0.00140  1.37196e-01
 37 -0.00330  5.89559e-03 | 38  0.00208  7.84438e-02 | 39  0.00505  8.04483e-02
 40  0.00247  3.60982e-01 | 41  0.00108 -2.27030e-01 | 42  0.03496 -5.16809e-02
 43  0.00708 -2.21141e-02 | 44  0.00460  7.48834e-02 | 45  0.00354  1.85021e-01
 46  0.00557 -4.30725e-02 | 47 -0.00664 -1.20620e-01 | 48  0.00235  1.36529e-02
 49  0.00766 -1.31399e-01 | 50  0.00803 -1.09489e-01 | 51  0.01974 -1.29453e-01
 52 -0.00252  2.59838e-01 | 53  0.01757 -2.42548e-01 | 54  0.01247  1.53568e-01
 55 -0.00032 -2.20748e-01 | 56 -0.00875 -3.06448e-01 | 57 -0.00798 -8.92379e-02
 58  0.01069 -2.66421e-01 | 59  0.01867 -4.77956e-01 | 60  0.00472 -2.51887e-01
 61 -0.01028  2.40493e-02 | 62  0.00060 -1.22392e-01 | 63  0.00594  4.96923e-02
 64  0.01321 -1.47294e-01 | 65  0.02240 -4.06739e-01 | 66  0.01679 -4.28200e-01
 67  0.00707 -1.65762e-01 | 68  0.02014 -3.90302e-01 | 69 -0.01651  3.26338e-02
 70  0.01991 -2.43863e-01 | 71 -0.01749 -2.06873e-01 | 72  0.01642 -3.81181e-01
 73 -0.00117 -2.29863e-01 | 74 -0.00007 -2.78475e-01 | 75  0.03008 -4.96060e-01
 76 -0.02195 -2.08702e-01 | 77 -0.01991 -5.32591e-02 | 78 -0.01542 -1.33592e-01
 79 -0.00482 -2.35506e-01 | 80 -0.05021  2.18343e-01 | 81 -0.01588 -1.21520e-01
 82  0.05563 -7.44006e-01 | 83 -0.06447 -3.26931e-02 | 84  0.03301 -3.27381e-01
 85 -0.01036 -5.77211e-02 | 86 -0.01721  1.63426e-01 | 87 -0.01329  3.92747e-02
 88 -0.03045  1.04591e-01 | 89 -0.01982  1.59899e-01 | 90 -0.01417  1.57018e-01
 91 -0.00089  4.59532e-02 | 92  0.00232  8.11090e-02 | 93 -0.02774  2.61829e-01
 94 -0.01574 -1.34075e-02 | 95  0.01422  2.10705e-01 | 96 -0.03392  2.91874e-01
 97  0.00523  1.74815e-01 | 98  0.01295  1.55948e-01 | 99 -0.05985  1.23330e-02
100  0.03817  3.17634e-01 |101 -0.01376  5.19660e-02 |102 -0.00012  1.40433e-01
103  0.00016  1.24056e-01 |104 -0.04480 -4.49780e-01 |105 -0.41453  5.97593e-01
106 -0.26095 -1.22152e-01 |107 -0.23260  3.10718e-01 |

Intermediate statistics: 107 variables; iteration 20; function evaluation 25; phase 4
Function value 5.8807293e+02; maximum gradient component mag -1.5625e+03
Var    Value     Gradient |Var    Value     Gradient |Var    Value     Gradient
  1 -0.41932 -9.99099e+01 |  2 -0.41675 -1.56246e+03 |  3 -0.42204 -6.81136e+02
  4  0.61791 -9.50037e+02 |  5  0.00004 -2.88437e-01 |  6  0.00001 -6.38646e-02
  7  0.00001 -7.79644e-02 |  8  0.00001 -9.51465e-02 |  9  0.00019  2.36426e+01
 10  0.00020  2.36201e+01 | 11  0.00021  2.35927e+01 | 12  0.00021  2.35593e+01
 13  0.00022  2.35188e+01 | 14  0.00023  2.34698e+01 | 15  0.00025  2.34103e+01
 16  0.00026  2.33386e+01 | 17  0.00031  2.32519e+01 | 18  0.00030  2.31487e+01
 19  0.00033  2.30251e+01 | 20  0.00036  2.28785e+01 | 21  0.00040  2.27054e+01
 22  0.00045  2.25022e+01 | 23  0.00050  2.22653e+01 | 24  0.00056  2.19913e+01
 25  0.00065  2.16762e+01 | 26  0.00075  2.13177e+01 | 27  0.00125  2.08974e+01
 28  0.00111  2.04602e+01 | 29  0.00148  1.99364e+01 | 30  0.00317  1.95517e+01
 31  0.00300  1.89189e+01 | 32  0.00512  1.79968e+01 | 33  0.01042  1.69544e+01
 34  0.00994  1.68380e+01 | 35 -0.00156  1.68673e+01 | 36 -0.00177  1.56854e+01
 37 -0.00350  1.51334e+01 | 38  0.00168  1.31969e+01 | 39  0.00472  1.16267e+01
 40  0.00189  1.09328e+01 | 41  0.00075  9.46618e+00 | 42  0.03476 -2.43608e+00
 43  0.00750  5.53496e+00 | 44  0.00484  4.66412e+00 | 45  0.00304  2.43755e+00
 46  0.00558  8.37826e-01 | 47 -0.00686  2.49415e+00 | 48  0.00155 -2.94935e+00
 49  0.00692 -7.36160e+00 | 50  0.00677 -1.02422e+01 | 51  0.01854 -1.87281e+01
 52 -0.00346 -8.54430e+00 | 53  0.01836 -2.25127e+01 | 54  0.01395 -2.03325e+01
 55 -0.00084 -1.54359e+01 | 56 -0.00925 -1.25384e+01 | 57 -0.00847 -1.49049e+01
 58  0.00847 -3.12904e+01 | 59  0.01914 -3.99507e+01 | 60  0.00444 -2.88772e+01
 61 -0.01103 -1.93987e+01 | 62  0.00010 -2.94471e+01 | 63  0.00470 -3.62044e+01
 64  0.01191 -4.52981e+01 | 65  0.02234 -5.71382e+01 | 66  0.01679 -5.05610e+01
 67  0.00668 -4.13838e+01 | 68  0.01985 -5.90072e+01 | 69 -0.01642 -2.36775e+01
 70  0.02058 -6.09795e+01 | 71 -0.01666 -2.35908e+01 | 72  0.01768 -5.32690e+01
 73 -0.00049 -3.63301e+01 | 74  0.00010 -4.21967e+01 | 75  0.03074 -6.37812e+01
 76 -0.02149 -1.22686e+01 | 77 -0.01933 -1.36425e+01 | 78 -0.01507 -1.66271e+01
 79 -0.00424 -1.62238e+01 | 80 -0.04989  3.69986e+00 | 81 -0.01585 -1.56840e+01
 82  0.05589 -7.75655e+01 | 83 -0.06408  1.13734e+01 | 84  0.03344 -3.30341e+01
 85 -0.00981  1.05071e+00 | 86 -0.01687  2.37133e+00 | 87 -0.01276  9.13517e+00
 88 -0.03034  9.29005e+00 | 89 -0.01976  6.67265e+00 | 90 -0.01398  9.40965e+00
 91 -0.00047  1.27858e+01 | 92  0.00278  1.48437e+01 | 93 -0.02727  1.89548e+01
 94 -0.01536  1.89484e+01 | 95  0.01498  2.57044e+01 | 96 -0.03311  2.73722e+01
 97  0.00607  2.84093e+01 | 98  0.01369  2.98873e+01 | 99 -0.05924  2.53621e+01
100  0.03882  2.57674e+01 |101 -0.01356  2.47572e+01 |102 -0.00014  2.37406e+01
103  0.00017  2.37450e+01 |104 -0.03996 -6.66966e+01 |105 -0.41269  9.14023e+01
106 -0.26617 -1.88209e+01 |107 -0.23757  3.90450e+01 |
107 variables; iteration 40; function evaluation 48; phase 4
Function value 5.8745688e+02; maximum gradient component mag -8.4195e+02
Var    Value     Gradient |Var    Value     Gradient |Var    Value     Gradient
  1 -0.42070 -5.01273e+01 |  2 -0.41336 -8.41946e+02 |  3 -0.42382 -3.45511e+02
  4  0.61494 -7.14966e+02 |  5  0.00010 -8.26533e-02 |  6  0.00002 -1.83692e-02
  7  0.00003 -2.24461e-02 |  8  0.00003 -2.74432e-02 |  9  0.00026  1.82409e+01
 10  0.00026  1.82222e+01 | 11  0.00027  1.81995e+01 | 12  0.00027  1.81719e+01
 13  0.00027  1.81384e+01 | 14  0.00027  1.80977e+01 | 15  0.00028  1.80485e+01
 16  0.00028  1.79887e+01 | 17  0.00032  1.79164e+01 | 18  0.00029  1.78290e+01
 19  0.00030  1.77234e+01 | 20  0.00030  1.75985e+01 | 21  0.00030  1.74479e+01
 22  0.00031  1.72694e+01 | 23  0.00032  1.70605e+01 | 24  0.00033  1.68212e+01
 25  0.00035  1.65534e+01 | 26  0.00040  1.62596e+01 | 27  0.00085  1.59296e+01
 28  0.00065  1.56065e+01 | 29  0.00099  1.52381e+01 | 30  0.00269  1.50316e+01
 31  0.00255  1.47389e+01 | 32  0.00496  1.46083e+01 | 33  0.01055  1.40438e+01
 34  0.01025  1.35226e+01 | 35 -0.00185  1.32282e+01 | 36 -0.00219  1.25257e+01
 37 -0.00386  1.21800e+01 | 38  0.00132  1.09941e+01 | 39  0.00447  9.92656e+00
 40  0.00147  9.24455e+00 | 41  0.00067  8.96052e+00 | 42  0.03509  1.56456e+00
 43  0.00687  5.01768e+00 | 44  0.00452  4.61466e+00 | 45  0.00344  4.78910e+00
 46  0.00563  2.45412e+00 | 47 -0.00716  3.85465e+00 | 48  0.00151  7.41115e-01
 49  0.00682 -2.38114e+00 | 50  0.00783 -2.75549e+00 | 51  0.01840 -1.04904e+01
 52 -0.00272 -2.08441e+00 | 53  0.01653 -1.41812e+01 | 54  0.01425 -1.19899e+01
 55 -0.00094 -8.54386e+00 | 56 -0.00881 -5.46201e+00 | 57 -0.00867 -7.58051e+00
 58  0.00863 -1.87454e+01 | 59  0.01804 -2.54348e+01 | 60  0.00455 -1.77690e+01
 61 -0.01117 -1.13892e+01 | 62 -0.00057 -1.84580e+01 | 63  0.00534 -2.17510e+01
 64  0.01198 -2.87901e+01 | 65  0.02242 -3.68984e+01 | 66  0.01734 -3.31998e+01
 67  0.00705 -2.63972e+01 | 68  0.01933 -4.15089e+01 | 69 -0.01726 -1.75637e+01
 70  0.02170 -3.75608e+01 | 71 -0.01653 -1.58580e+01 | 72  0.01758 -4.06402e+01
 73 -0.00028 -2.49969e+01 | 74  0.00083 -2.22793e+01 | 75  0.03058 -5.65136e+01
 76 -0.02137 -1.35822e+01 | 77 -0.01898 -1.29891e+01 | 78 -0.01469 -1.22414e+01
 79 -0.00417 -2.03159e+01 | 80 -0.04952  2.42826e+00 | 81 -0.01592 -1.34971e+01
 82  0.05600 -7.07008e+01 | 83 -0.06385  5.54705e+00 | 84  0.03353 -3.54635e+01
 85 -0.00972 -7.49068e+00 | 86 -0.01665 -2.71524e+00 | 87 -0.01245  9.21832e-01
 88 -0.03010  4.84107e+00 | 89 -0.01979  1.20925e+00 | 90 -0.01366  7.87773e+00
 91 -0.00062  9.38444e-01 | 92  0.00302  7.19478e+00 | 93 -0.02684  1.43229e+01
 94 -0.01495  1.38407e+01 | 95  0.01509  1.21279e+01 | 96 -0.03279  1.68819e+01
 97  0.00643  1.91435e+01 | 98  0.01415  1.81028e+01 | 99 -0.05922  1.67742e+01
100  0.03955  2.52961e+01 |101 -0.01381  1.74653e+01 |102 -0.00003  1.83487e+01
103  0.00025  1.83259e+01 |104 -0.04156 -4.68864e+01 |105 -0.41339  6.55745e+01
106 -0.26277  7.63128e-01 |107 -0.23689 -4.32418e+00 |
107 variables; iteration 60; function evaluation 81; phase 4
Function value 5.8733683e+02; maximum gradient component mag -1.4896e+02
Var    Value     Gradient |Var    Value     Gradient |Var    Value     Gradient
  1 -0.41942 -1.27615e+01 |  2 -0.41133 -1.48960e+02 |  3 -0.42782 -6.49671e+01
  4  0.61451 -1.28630e+02 |  5  0.00003 -3.55096e-02 |  6  0.00001 -8.41625e-03
  7  0.00001 -1.02264e-02 |  8  0.00001 -1.24078e-02 |  9  0.00025  3.34569e+00
 10  0.00025  3.34498e+00 | 11  0.00026  3.34410e+00 | 12  0.00026  3.34300e+00
 13  0.00027  3.34163e+00 | 14  0.00028  3.33990e+00 | 15  0.00029  3.33772e+00
 16  0.00030  3.33499e+00 | 17  0.00035  3.33150e+00 | 18  0.00033  3.32719e+00
 19  0.00035  3.32162e+00 | 20  0.00038  3.31406e+00 | 21  0.00040  3.30427e+00
 22  0.00043  3.29105e+00 | 23  0.00047  3.27281e+00 | 24  0.00051  3.24748e+00
 25  0.00057  3.21225e+00 | 26  0.00064  3.16419e+00 | 27  0.00110  3.09664e+00
 28  0.00090  3.01043e+00 | 29  0.00121  2.88501e+00 | 30  0.00284  2.75944e+00
 31  0.00261  2.65003e+00 | 32  0.00513  3.11243e+00 | 33  0.01024  2.54821e+00
 34  0.00997  2.59444e+00 | 35 -0.00189  2.42559e+00 | 36 -0.00197  2.56289e+00
 37 -0.00373  2.42092e+00 | 38  0.00128  2.02682e+00 | 39  0.00440  1.95019e+00
 40  0.00139  1.68064e+00 | 41  0.00050  1.78802e+00 | 42  0.03445  4.54735e-01
 43  0.00742  1.36098e+00 | 44  0.00446  7.98993e-01 | 45  0.00283  8.09984e-01
 46  0.00505  3.17667e-01 | 47 -0.00735  5.87195e-01 | 48  0.00090 -2.57082e-01
 49  0.00649 -4.65142e-01 | 50  0.00626 -1.09554e+00 | 51  0.01805 -1.94825e+00
 52 -0.00402 -1.17089e+00 | 53  0.01732 -2.60739e+00 | 54  0.01271 -2.29130e+00
 55 -0.00095 -1.30030e+00 | 56 -0.00995 -1.61959e+00 | 57 -0.00851 -3.15589e-01
 58  0.00912 -3.26182e+00 | 59  0.01852 -4.02421e+00 | 60  0.00397 -3.43295e+00
 61 -0.01126 -2.14278e+00 | 62 -0.00013 -3.12223e+00 | 63  0.00515 -4.02616e+00
 64  0.01259 -5.37391e+00 | 65  0.02246 -7.09477e+00 | 66  0.01706 -6.60645e+00
 67  0.00673 -5.68123e+00 | 68  0.02066 -5.65853e+00 | 69 -0.01550 -1.74064e+00
 70  0.02088 -9.17976e+00 | 71 -0.01592 -2.39113e+00 | 72  0.01793 -7.61070e+00
 73 -0.00022 -5.28413e+00 | 74  0.00064 -5.96843e+00 | 75  0.03082 -9.74594e+00
 76 -0.02130 -3.13917e+00 | 77 -0.01897 -2.63218e+00 | 78 -0.01478 -4.08988e+00
 79 -0.00424 -4.83884e+00 | 80 -0.04967 -5.96339e-01 | 81 -0.01565 -2.75541e+00
 82  0.05623 -1.11200e+01 | 83 -0.06380  1.19667e+00 | 84  0.03379 -5.22238e+00
 85 -0.00955 -2.98644e-01 | 86 -0.01642 -5.10496e-01 | 87 -0.01260 -4.96684e-02
 88 -0.02989  2.81955e+00 | 89 -0.01958  6.05773e-01 | 90 -0.01363  7.77672e-01
 91 -0.00037  1.59862e+00 | 92  0.00318  1.59932e+00 | 93 -0.02695  1.84137e+00
 94 -0.01476  3.35358e+00 | 95  0.01514  2.10642e+00 | 96 -0.03264  3.58354e+00
 97  0.00610  1.14166e+00 | 98  0.01412  3.63857e+00 | 99 -0.05898  3.97632e+00
100  0.03917  1.81292e+00 |101 -0.01345  3.34264e+00 |102 -0.00008  3.34551e+00
103  0.00023  3.34864e+00 |104 -0.03779 -8.87369e+00 |105 -0.41182  1.18318e+01
106 -0.26523  3.51554e-01 |107 -0.23939 -1.73221e+00 |
Maximum number of function evaluations exceeded

 - final statistics:
107 variables; iteration 73; function evaluation 100
Function value 5.8733e+02; maximum gradient component mag -4.4287e+01
Exit code = 3;  converg criter 1.0000e+00
Var    Value     Gradient |Var    Value     Gradient |Var    Value     Gradient
  1 -0.41921 -3.71801e+00 |  2 -0.41110 -4.42875e+01 |  3 -0.42833 -1.94472e+01
  4  0.61435 -3.78118e+01 |  5  0.00002 -2.47161e-02 |  6  0.00000 -5.18960e-03
  7  0.00001 -6.35325e-03 |  8  0.00001 -7.77884e-03 |  9  0.00019  9.58523e-01
 10  0.00019  9.57544e-01 | 11  0.00020  9.56366e-01 | 12  0.00020  9.54956e-01
 13  0.00021  9.53275e-01 | 14  0.00021  9.51288e-01 | 15  0.00022  9.48992e-01
 16  0.00023  9.46336e-01 | 17  0.00026  9.43312e-01 | 18  0.00025  9.40058e-01
 19  0.00026  9.36624e-01 | 20  0.00028  9.32956e-01 | 21  0.00030  9.29726e-01
 22  0.00032  9.27243e-01 | 23  0.00036  9.25948e-01 | 24  0.00040  9.26221e-01
 25  0.00046  9.28240e-01 | 26  0.00054  9.31827e-01 | 27  0.00103  9.35893e-01
 28  0.00086  9.35289e-01 | 29  0.00121  9.09497e-01 | 30  0.00284  8.13152e-01
 31  0.00247  5.31350e-01 | 32  0.00492  9.66237e-01 | 33  0.01025  8.01839e-01
 34  0.00978  6.87787e-01 | 35 -0.00190  7.41330e-01 | 36 -0.00215  6.55261e-01
 37 -0.00387  6.25648e-01 | 38  0.00121  5.13021e-01 | 39  0.00434  6.29545e-01
 40  0.00135  4.57636e-01 | 41  0.00033  4.41957e-01 | 42  0.03431  1.30314e-01
 43  0.00735  5.48115e-01 | 44  0.00454  3.04236e-01 | 45  0.00272  1.43027e-01
 46  0.00501  4.05634e-02 | 47 -0.00737  7.25808e-02 | 48  0.00101 -1.12452e-01
 49  0.00652 -4.50058e-02 | 50  0.00643 -2.95748e-01 | 51  0.01801 -5.70609e-01
 52 -0.00380 -3.85319e-01 | 53  0.01731 -8.87990e-01 | 54  0.01252 -8.22888e-01
 55 -0.00117 -5.23895e-01 | 56 -0.00974 -3.56556e-01 | 57 -0.00897 -2.92249e-01
 58  0.00914 -1.02732e+00 | 59  0.01819 -1.28529e+00 | 60  0.00424 -7.64439e-01
 61 -0.01118 -5.42459e-01 | 62 -0.00015 -1.00756e+00 | 63  0.00531 -1.00496e+00
 64  0.01291 -1.28594e+00 | 65  0.02279 -1.78298e+00 | 66  0.01714 -2.09012e+00
 67  0.00698 -1.70917e+00 | 68  0.02053 -1.88088e+00 | 69 -0.01568 -5.81351e-01
 70  0.02125 -2.60966e+00 | 71 -0.01596 -7.68402e-01 | 72  0.01806 -2.23519e+00
 73 -0.00010 -1.50582e+00 | 74  0.00081 -1.69938e+00 | 75  0.03088 -2.87447e+00
 76 -0.02119 -8.75054e-01 | 77 -0.01893 -7.72351e-01 | 78 -0.01465 -1.11455e+00
 79 -0.00416 -1.34503e+00 | 80 -0.04957 -1.34976e-01 | 81 -0.01556 -7.44875e-01
 82  0.05628 -3.26103e+00 | 83 -0.06379  3.91856e-01 | 84  0.03386 -1.52321e+00
 85 -0.00955 -9.89122e-02 | 86 -0.01633 -1.14735e-01 | 87 -0.01258  1.16170e-02
 88 -0.02989  7.41762e-01 | 89 -0.01953  2.04198e-01 | 90 -0.01355  2.71258e-01
 91 -0.00036  4.54376e-01 | 92  0.00325  4.79874e-01 | 93 -0.02687  5.78739e-01
 94 -0.01471  9.56316e-01 | 95  0.01520  6.46628e-01 | 96 -0.03259  1.04230e+00
 97  0.00626  4.62899e-01 | 98  0.01421  1.06582e+00 | 99 -0.05902  1.16368e+00
100  0.03936  6.58617e-01 |101 -0.01338  1.16567e+00 |102 -0.00014  9.56230e-01
103  0.00018  9.63089e-01 |104 -0.03632 -2.61382e+00 |105 -0.41116  3.47026e+00
106 -0.26541  6.52598e-02 |107 -0.23964 -4.09740e-01 |

Initial statistics: 110 variables; iteration 0; function evaluation 0; phase 5
Function value 5.8733118e+02; maximum gradient component mag 2.4761e+02
Var    Value     Gradient |Var    Value     Gradient |Var    Value     Gradient
  1 -0.41921 -3.71801e+00 |  2 -0.41110 -4.42875e+01 |  3 -0.42833 -1.94472e+01
  4 -0.41222  3.63619e+01 |  5 -0.41222  2.49360e+01 |  6  0.61435 -3.78118e+01
  7  0.00002 -2.47161e-02 |  8  0.00000 -5.18960e-03 |  9  0.00001 -6.35325e-03
 10  0.00001 -7.77884e-03 | 11  0.00019  9.57463e-01 | 12  0.00019  9.56484e-01
 13  0.00020  9.55306e-01 | 14  0.00020  9.53896e-01 | 15  0.00021  9.52216e-01
 16  0.00021  9.50229e-01 | 17  0.00022  9.47932e-01 | 18  0.00023  9.45276e-01
 19  0.00026  9.42253e-01 | 20  0.00025  9.38998e-01 | 21  0.00026  9.35564e-01
 22  0.00028  9.31896e-01 | 23  0.00030  9.28666e-01 | 24  0.00032  9.26183e-01
 25  0.00036  9.24888e-01 | 26  0.00040  9.25161e-01 | 27  0.00046  9.27180e-01
 28  0.00054  9.30768e-01 | 29  0.00103  9.34833e-01 | 30  0.00086  9.34229e-01
 31  0.00121  9.08437e-01 | 32  0.00284  8.12092e-01 | 33  0.00247  5.30291e-01
 34  0.00492  9.65177e-01 | 35  0.01025  8.00779e-01 | 36  0.00978  6.86727e-01
 37 -0.00190  7.40270e-01 | 38 -0.00215  6.54201e-01 | 39 -0.00387  6.24588e-01
 40  0.00121  5.11961e-01 | 41  0.00434  6.28486e-01 | 42  0.00135  4.56576e-01
 43  0.00033  4.40897e-01 | 44  0.03431  1.29256e-01 | 45  0.00735  5.47056e-01
 46  0.00454  3.03176e-01 | 47  0.00272  1.41967e-01 | 48  0.00501  3.95036e-02
 49 -0.00737  7.15210e-02 | 50  0.00101 -1.13511e-01 | 51  0.00652 -4.60656e-02
 52  0.00643 -2.96808e-01 | 53  0.01801 -5.71669e-01 | 54 -0.00380 -3.86379e-01
 55  0.01731 -8.89049e-01 | 56  0.01252 -8.23947e-01 | 57 -0.00117 -5.24955e-01
 58 -0.00974 -3.57616e-01 | 59 -0.00897 -2.93309e-01 | 60  0.00914 -1.02838e+00
 61  0.01819 -1.28635e+00 | 62  0.00424 -7.65498e-01 | 63 -0.01118 -5.43518e-01
 64 -0.00015 -1.00862e+00 | 65  0.00531 -1.00602e+00 | 66  0.01291 -1.28700e+00
 67  0.02279 -1.78404e+00 | 68  0.01714 -2.09118e+00 | 69  0.00698 -1.71023e+00
 70  0.02053 -1.88194e+00 | 71 -0.01568 -5.82411e-01 | 72  0.02125 -2.61071e+00
 73 -0.01596 -7.69461e-01 | 74  0.01806 -2.23625e+00 | 75 -0.00010 -1.50688e+00
 76  0.00081 -1.70044e+00 | 77  0.03088 -2.87553e+00 | 78 -0.02119 -8.76114e-01
 79 -0.01893 -7.73410e-01 | 80 -0.01465 -1.11561e+00 | 81 -0.00416 -1.34609e+00
 82 -0.04957 -1.36033e-01 | 83 -0.01556 -7.45934e-01 | 84  0.05628 -3.26209e+00
 85 -0.06379  3.90801e-01 | 86  0.03386 -1.52427e+00 | 87 -0.00955 -9.99720e-02
 88 -0.01633 -1.15795e-01 | 89 -0.01258  1.05573e-02 | 90 -0.02989  7.40703e-01
 91 -0.01953  2.03139e-01 | 92 -0.01355  2.70199e-01 | 93 -0.00036  4.53316e-01
 94  0.00325  4.78814e-01 | 95 -0.02687  5.77680e-01 | 96 -0.01471  9.55257e-01
 97  0.01520  6.45568e-01 | 98 -0.03259  1.04124e+00 | 99  0.00626  4.61839e-01
100  0.01421  1.06476e+00 |101 -0.05902  1.16263e+00 |102  0.03936  6.57559e-01
103 -0.01338  1.16461e+00 |104 -0.00014  9.55170e-01 |105  0.00018  9.62029e-01
106  0.00000  2.47614e+02 |107 -0.03632 -2.61382e+00 |108 -0.41116  3.47026e+00
109 -0.26541  6.52598e-02 |110 -0.23964 -4.09740e-01 |

Intermediate statistics: 110 variables; iteration 20; function evaluation 25; phase 5
Function value 5.8679947e+02; maximum gradient component mag 1.9177e+02
Var    Value     Gradient |Var    Value     Gradient |Var    Value     Gradient
  1 -0.41816  4.01202e+01 |  2 -0.40737 -7.03511e+01 |  3 -0.43277 -1.57477e+01
  4 -0.40902  5.91574e+00 |  5 -0.45539  3.62815e+00 |  6  0.61340 -1.07107e+02
  7 -0.00000 -5.47541e-02 |  8  0.00000 -1.16678e-02 |  9  0.00000 -1.42731e-02
 10  0.00000 -1.74608e-02 | 11  0.00016  2.93052e+00 | 12  0.00016  2.92762e+00
 13  0.00016  2.92411e+00 | 14  0.00016  2.91988e+00 | 15  0.00016  2.91479e+00
 16  0.00016  2.90869e+00 | 17  0.00017  2.90152e+00 | 18  0.00017  2.89300e+00
 19  0.00020  2.88298e+00 | 20  0.00018  2.87157e+00 | 21  0.00019  2.85861e+00
 22  0.00019  2.84387e+00 | 23  0.00020  2.82829e+00 | 24  0.00022  2.81212e+00
 25  0.00024  2.79589e+00 | 26  0.00027  2.78014e+00 | 27  0.00032  2.76516e+00
 28  0.00038  2.75068e+00 | 29  0.00084  2.73402e+00 | 30  0.00064  2.70928e+00
 31  0.00089  2.63833e+00 | 32  0.00236  2.46080e+00 | 33  0.00173  1.97470e+00
 34  0.00450  2.59428e+00 | 35  0.01079  2.31321e+00 | 36  0.01005  2.34235e+00
 37 -0.00217  2.69001e+00 | 38 -0.00241  2.11975e+00 | 39 -0.00410  2.12447e+00
 40  0.00097  1.82604e+00 | 41  0.00450  1.91610e+00 | 42  0.00110  1.93416e+00
 43  0.00014  1.37886e+00 | 44  0.03463  7.83903e-01 | 45  0.00794  1.88569e+00
 46  0.00407  1.78037e+00 | 47  0.00202  1.20382e+00 | 48  0.00461  6.71824e-01
 49 -0.00801  1.10683e+00 | 50  0.00043  3.34964e-01 | 51  0.00617  3.29005e-01
 52  0.00547 -1.93031e-03 | 53  0.01776 -1.43117e+00 | 54 -0.00404 -7.48261e-01
 55  0.01888 -1.44659e+00 | 56  0.01241 -1.05586e+00 | 57 -0.00132 -4.26947e-01
 58 -0.01012 -5.75551e-01 | 59 -0.00938 -4.05345e-01 | 60  0.00886 -2.47185e+00
 61  0.01892 -3.03586e+00 | 62  0.00430 -1.45955e+00 | 63 -0.01120 -6.55892e-01
 64 -0.00054 -2.48784e+00 | 65  0.00495 -2.32238e+00 | 66  0.01266 -3.05655e+00
 67  0.02285 -4.59878e+00 | 68  0.01689 -5.16041e+00 | 69  0.00704 -3.30253e+00
 70  0.02031 -4.65296e+00 | 71 -0.01567 -2.35739e+00 | 72  0.02122 -6.34596e+00
 73 -0.01615 -2.33553e+00 | 74  0.01753 -1.15929e+01 | 75 -0.00072 -6.36562e+00
 76  0.00099 -4.47905e+00 | 77  0.03108 -5.68233e+00 | 78 -0.02105 -6.08648e+00
 79 -0.01752  4.48644e-01 | 80 -0.01530 -1.62937e+01 | 81 -0.00352 -4.64622e+00
 82 -0.04961 -1.09885e+00 | 83 -0.01532 -1.14413e+00 | 84  0.05603 -3.45189e+00
 85 -0.06453 -7.23009e+00 | 86  0.03306 -1.84077e+01 | 87 -0.00887  3.44023e+00
 88 -0.01716 -1.71775e+01 | 89 -0.01256 -6.12385e+00 | 90 -0.03044 -5.28797e+00
 91 -0.01912 -2.67137e+00 | 92 -0.01318  8.08661e+00 | 93 -0.00048 -7.42759e+00
 94  0.00321 -1.26051e+00 | 95 -0.02620  4.91844e+00 | 96 -0.01405  9.57119e+00
 97  0.01658  1.46067e+01 | 98 -0.03150  7.43398e+00 | 99  0.00839  1.80611e+01
100  0.01594  2.05832e+01 |101 -0.05857 -9.99573e-01 |102  0.04077  1.38847e+01
103 -0.01300  4.00426e+00 |104 -0.00016  2.93866e+00 |105  0.00015  2.94388e+00
106 -0.00026  1.91771e+02 |107 -0.03723 -5.60992e+00 |108 -0.41174  7.26963e+00
109 -0.27288 -1.39677e+01 |110 -0.24217  2.58259e+01 |
110 variables; iteration 40; function evaluation 46; phase 5
Function value 5.8669609e+02; maximum gradient component mag -1.1998e+02
Var    Value     Gradient |Var    Value     Gradient |Var    Value     Gradient
  1 -0.41696  5.90076e+00 |  2 -0.40676 -1.18660e+02 |  3 -0.43474 -5.01903e+01
  4 -0.40759  3.19325e+00 |  5 -0.46080  1.29028e+00 |  6  0.61388 -1.19977e+02
  7  0.00004  2.37185e-03 |  8  0.00001  3.11933e-05 |  9  0.00001  6.83614e-05
 10  0.00001  1.25881e-04 | 11  0.00024  3.19098e+00 | 12  0.00024  3.18915e+00
 13  0.00024  3.18690e+00 | 14  0.00024  3.18414e+00 | 15  0.00025  3.18075e+00
 16  0.00025  3.17658e+00 | 17  0.00026  3.17139e+00 | 18  0.00026  3.16502e+00
 19  0.00030  3.15711e+00 | 20  0.00028  3.14718e+00 | 21  0.00029  3.13467e+00
 22  0.00030  3.11919e+00 | 23  0.00031  3.09909e+00 | 24  0.00032  3.07346e+00
 25  0.00034  3.04103e+00 | 26  0.00036  3.00070e+00 | 27  0.00039  2.95167e+00
 28  0.00043  2.89367e+00 | 29  0.00087  2.82616e+00 | 30  0.00065  2.76676e+00
 31  0.00094  2.75010e+00 | 32  0.00262  2.90759e+00 | 33  0.00266  3.40425e+00
 34  0.00454  2.58299e+00 | 35  0.01078  2.03468e+00 | 36  0.00979  2.04961e+00
 37 -0.00260  2.00553e+00 | 38 -0.00231  2.11890e+00 | 39 -0.00404  1.98579e+00
 40  0.00127  2.03127e+00 | 41  0.00440  1.45354e+00 | 42  0.00078  1.20925e+00
 43  0.00067  1.82766e+00 | 44  0.03542  9.61614e-01 | 45  0.00711  2.56101e-01
 46  0.00271 -4.02923e-01 | 47  0.00202  6.58469e-01 | 48  0.00421 -1.77078e-01
 49 -0.00816  2.86966e-01 | 50  0.00067  3.98893e-02 | 51  0.00586 -9.19992e-01
 52  0.00527 -1.27951e+00 | 53  0.01744 -3.07747e+00 | 54 -0.00407 -2.29438e+00
 55  0.01545 -7.50127e+00 | 56  0.01316 -1.50889e+00 | 57 -0.00213 -2.54314e+00
 58 -0.01055 -1.94788e+00 | 59 -0.00949 -1.50929e+00 | 60  0.00926 -3.34231e+00
 61  0.01909 -4.49296e+00 | 62  0.00304 -4.32590e+00 | 63 -0.01044  1.06229e-01
 64 -0.00113 -5.08067e+00 | 65  0.00498 -3.51794e+00 | 66  0.01272 -4.38659e+00
 67  0.02324 -5.34797e+00 | 68  0.01702 -5.20753e+00 | 69  0.00728 -3.33691e+00
 70  0.02012 -6.72285e+00 | 71 -0.01433  1.08040e+00 | 72  0.02197 -3.59958e+00
 73 -0.01629 -2.95442e+00 | 74  0.01767 -1.11649e+01 | 75 -0.00048 -4.21663e+00
 76  0.00142 -1.76380e+00 | 77  0.03102 -7.00040e+00 | 78 -0.02087 -3.42320e+00
 79 -0.01777 -2.90200e+00 | 80 -0.01488 -6.78974e+00 | 81 -0.00379 -6.82265e+00
 82 -0.04973 -6.27823e-01 | 83 -0.01547 -1.71697e+00 | 84  0.05567 -6.18334e+00
 85 -0.06407 -2.50211e+00 | 86  0.03304 -1.11690e+01 | 87 -0.00946 -1.67319e+00
 88 -0.01663 -4.31023e+00 | 89 -0.01290 -7.70436e+00 | 90 -0.03034 -1.43441e+00
 91 -0.01863  4.74676e+00 | 92 -0.01330  4.21197e+00 | 93 -0.00053 -9.10547e+00
 94  0.00324 -4.60643e-01 | 95 -0.02620  4.00605e+00 | 96 -0.01432  2.13704e+00
 97  0.01660  1.10588e+01 | 98 -0.03156  6.33045e+00 | 99  0.00837  1.55648e+01
100  0.01547  1.10244e+01 |101 -0.05753  4.23730e+00 |102  0.04030  5.81785e+00
103 -0.01216  5.44255e+00 |104 -0.00012  3.17060e+00 |105  0.00022  3.19917e+00
106 -0.00071  6.81226e+01 |107 -0.03255 -6.35006e+00 |108 -0.40953  1.05752e+01
109 -0.28023 -9.72704e+00 |110 -0.24730  1.19557e+01 |
110 variables; iteration 60; function evaluation 77; phase 5
Function value 5.8661297e+02; maximum gradient component mag -1.3913e+01
Var    Value     Gradient |Var    Value     Gradient |Var    Value     Gradient
  1 -0.41710 -1.16217e+00 |  2 -0.40602 -1.39134e+01 |  3 -0.43588 -6.54882e+00
  4 -0.40683 -5.03598e-02 |  5 -0.46887 -1.47015e-01 |  6  0.61375 -1.18211e+01
  7  0.00001 -9.35480e-03 |  8  0.00000 -1.96507e-03 |  9  0.00000 -2.40597e-03
 10  0.00000 -2.94614e-03 | 11  0.00017  2.94988e-01 | 12  0.00017  2.94585e-01
 13  0.00017  2.94099e-01 | 14  0.00017  2.93513e-01 | 15  0.00018  2.92811e-01
 16  0.00018  2.91974e-01 | 17  0.00018  2.91005e-01 | 18  0.00019  2.89860e-01
 19  0.00022  2.88532e-01 | 20  0.00020  2.87062e-01 | 21  0.00020  2.85449e-01
 22  0.00021  2.83599e-01 | 23  0.00022  2.81833e-01 | 24  0.00023  2.80191e-01
 25  0.00025  2.78810e-01 | 26  0.00027  2.77804e-01 | 27  0.00030  2.77152e-01
 28  0.00036  2.76713e-01 | 29  0.00081  2.75691e-01 | 30  0.00059  2.71972e-01
 31  0.00083  2.57935e-01 | 32  0.00234  2.27631e-01 | 33  0.00195  2.16951e-01
 34  0.00440  2.81368e-01 | 35  0.01099  9.46666e-02 | 36  0.00993  3.39501e-01
 37 -0.00269 -1.02790e-02 | 38 -0.00232  2.12135e-01 | 39 -0.00415  9.98415e-02
 40  0.00100  3.31174e-02 | 41  0.00444  4.65172e-02 | 42  0.00082  5.33621e-02
 43  0.00047  2.40502e-01 | 44  0.03474  3.03482e-02 | 45  0.00754  1.02871e-01
 46  0.00327  6.71217e-02 | 47  0.00181  3.89159e-02 | 48  0.00428  2.96938e-03
 49 -0.00822  5.79985e-02 | 50  0.00050  1.74523e-02 | 51  0.00600  9.09420e-03
 52  0.00531 -7.53785e-02 | 53  0.01786 -1.98493e-01 | 54 -0.00337  8.87783e-02
 55  0.01926 -2.70884e-01 | 56  0.01165 -2.26182e-01 | 57 -0.00163 -1.27601e-01
 58 -0.01028 -3.12457e-01 | 59 -0.00975 -6.40826e-01 | 60  0.00941 -2.07741e-01
 61  0.01873 -8.17474e-01 | 62  0.00386 -1.67618e-01 | 63 -0.01166 -3.65753e-01
 64 -0.00042 -6.53341e-01 | 65  0.00485 -2.93121e-01 | 66  0.01254 -4.76740e-01
 67  0.02290 -6.93621e-01 | 68  0.01694 -6.78830e-01 | 69  0.00700 -3.93795e-01
 70  0.02024 -6.65544e-01 | 71 -0.01530 -1.03548e-01 | 72  0.02143 -7.26669e-01
 73 -0.01602  1.38924e-01 | 74  0.01817 -7.97958e-01 | 75 -0.00058 -4.82234e-01
 76  0.00132  1.65012e-02 | 77  0.03090 -8.02173e-01 | 78 -0.02042  1.67429e-01
 79 -0.01766 -1.52300e-01 | 80 -0.01439 -2.62720e-01 | 81 -0.00367 -1.01765e-01
 82 -0.04937 -3.48908e-02 | 83 -0.01568 -1.52825e-01 | 84  0.05557 -9.97768e-01
 85 -0.06363  7.92265e-02 | 86  0.03332 -5.13273e-01 | 87 -0.00955 -5.05849e-01
 88 -0.01616 -7.48866e-03 | 89 -0.01263 -3.48403e-01 | 90 -0.02995 -1.28455e-01
 91 -0.01888  3.17844e-01 | 92 -0.01312  5.21865e-02 | 93 -0.00012  3.37653e-01
 94  0.00360  2.43156e-01 | 95 -0.02645 -4.35711e-03 | 96 -0.01393  3.97369e-01
 97  0.01612  3.83528e-01 | 98 -0.03145  3.54019e-01 | 99  0.00740  4.68599e-01
100  0.01523  4.23106e-01 |101 -0.05790  3.76347e-01 |102  0.04043  3.58815e-01
103 -0.01339  3.39168e-01 |104 -0.00016  2.92778e-01 |105  0.00016  2.96848e-01
106 -0.00081 -3.25740e+00 |107 -0.03497 -7.50986e-01 |108 -0.41049  1.07791e+00
109 -0.27289 -1.16922e-01 |110 -0.24495  2.35858e-01 |
110 variables; iteration 80; function evaluation 112; phase 5
Function value 5.8661267e+02; maximum gradient component mag -2.5983e+00
Var    Value     Gradient |Var    Value     Gradient |Var    Value     Gradient
  1 -0.41707 -2.16257e-01 |  2 -0.40601 -2.59827e+00 |  3 -0.43591 -1.19521e+00
  4 -0.40683 -1.91138e-02 |  5 -0.46898 -3.66102e-02 |  6  0.61376 -2.17012e+00
  7  0.00002  1.66324e-03 |  8  0.00000  3.33680e-04 |  9  0.00000  4.09681e-04
 10  0.00001  5.03184e-04 | 11  0.00017  5.60047e-02 | 12  0.00017  5.60057e-02
 13  0.00017  5.60059e-02 | 14  0.00018  5.60044e-02 | 15  0.00018  5.59999e-02
 16  0.00018  5.59904e-02 | 17  0.00018  5.59686e-02 | 18  0.00019  5.59348e-02
 19  0.00022  5.58787e-02 | 20  0.00020  5.57785e-02 | 21  0.00021  5.56160e-02
 22  0.00021  5.54001e-02 | 23  0.00022  5.50243e-02 | 24  0.00023  5.44613e-02
 25  0.00025  5.36655e-02 | 26  0.00027  5.26157e-02 | 27  0.00030  5.13556e-02
 28  0.00035  5.00209e-02 | 29  0.00080  4.89391e-02 | 30  0.00058  4.91078e-02
 31  0.00083  5.18808e-02 | 32  0.00236  5.54124e-02 | 33  0.00197  4.52554e-02
 34  0.00436  3.88456e-02 | 35  0.01109  5.23283e-02 | 36  0.00983  4.09697e-02
 37 -0.00256  3.54652e-02 | 38 -0.00233  3.73834e-02 | 39 -0.00410  4.16569e-02
 40  0.00108  2.95580e-02 | 41  0.00450  2.63170e-02 | 42  0.00086  1.87160e-02
 43  0.00040  2.09029e-02 | 44  0.03471 -6.73902e-03 | 45  0.00751  1.10046e-02
 46  0.00326  4.82616e-03 | 47  0.00180  4.51528e-03 | 48  0.00427  3.51822e-03
 49 -0.00824  1.50446e-04 | 50  0.00047 -8.85360e-03 | 51  0.00594 -1.99003e-02
 52  0.00529 -2.61718e-02 | 53  0.01784 -4.79535e-02 | 54 -0.00348 -2.91610e-02
 55  0.01927 -4.33755e-02 | 56  0.01163 -4.20165e-02 | 57 -0.00166 -2.93469e-02
 58 -0.01019 -2.72583e-02 | 59 -0.00953 -2.50836e-02 | 60  0.00928 -6.80819e-02
 61  0.01898 -7.74008e-02 | 62  0.00373 -7.10465e-02 | 63 -0.01158 -3.78911e-02
 64 -0.00029 -7.30605e-02 | 65  0.00477 -8.80685e-02 | 66  0.01250 -1.08895e-01
 67  0.02289 -1.37854e-01 | 68  0.01697 -1.12036e-01 | 69  0.00698 -8.39355e-02
 70  0.02025 -1.20948e-01 | 71 -0.01535 -3.45571e-02 | 72  0.02144 -1.33566e-01
 73 -0.01612 -1.26060e-02 | 74  0.01818 -1.31116e-01 | 75 -0.00057 -8.21911e-02
 76  0.00128 -3.59582e-02 | 77  0.03090 -1.52339e-01 | 78 -0.02044  1.69695e-03
 79 -0.01766 -3.79102e-02 | 80 -0.01439 -4.29927e-02 | 81 -0.00368 -3.93199e-02
 82 -0.04937 -1.64332e-03 | 83 -0.01568 -3.70493e-02 | 84  0.05556 -1.93731e-01
 85 -0.06362  1.53239e-02 | 86  0.03332 -9.43555e-02 | 87 -0.00953 -6.18212e-02
 88 -0.01616  2.83788e-04 | 89 -0.01261 -3.62973e-02 | 90 -0.02994 -2.26184e-03
 91 -0.01889  3.78137e-02 | 92 -0.01312  1.56327e-02 | 93 -0.00013  4.05595e-02
 94  0.00360  3.70110e-02 | 95 -0.02644  1.75509e-02 | 96 -0.01394  6.25452e-02
 97  0.01611  5.73019e-02 | 98 -0.03145  6.31569e-02 | 99  0.00739  7.07988e-02
100  0.01522  7.17557e-02 |101 -0.05792  5.47654e-02 |102  0.04042  6.75552e-02
103 -0.01341  5.60710e-02 |104 -0.00015  5.69266e-02 |105  0.00016  5.59919e-02
106 -0.00081 -6.80836e-01 |107 -0.03495 -1.41283e-01 |108 -0.41048  2.03321e-01
109 -0.27297 -1.15929e-02 |110 -0.24501  2.26051e-02 |
  ic > imax  in fminim is answer attained ?
Var    Value     Gradient |Var    Value     Gradient |Var    Value     Gradient
  1 -0.41707 -4.61521e-05 |  2 -0.40600 -6.49690e-04 |  3 -0.43592 -2.96818e-04
  4 -0.40682 -8.60028e-06 |  5 -0.46900 -1.12899e-05 |  6  0.61375 -5.59627e-04
  7  0.00002  3.26757e-06 |  8  0.00000  7.27582e-07 |  9  0.00000  8.87804e-07
 10  0.00001  1.08246e-06 | 11  0.00017  1.29005e-05 | 12  0.00017  1.29628e-05
 13  0.00017  1.30363e-05 | 14  0.00018  1.31227e-05 | 15  0.00018  1.32228e-05
 16  0.00018  1.33375e-05 | 17  0.00018  1.34463e-05 | 18  0.00019  1.35697e-05
 19  0.00022  1.36921e-05 | 20  0.00020  1.37895e-05 | 21  0.00020  1.38473e-05
 22  0.00021  1.38914e-05 | 23  0.00022  1.38054e-05 | 24  0.00023  1.36074e-05
 25  0.00025  1.33312e-05 | 26  0.00026  1.31127e-05 | 27  0.00030  1.32642e-05
 28  0.00035  1.40879e-05 | 29  0.00079  1.51032e-05 | 30  0.00057  1.33787e-05
 31  0.00083  8.41919e-06 | 32  0.00235  1.04657e-05 | 33  0.00197  1.07303e-05
 34  0.00436  1.11077e-05 | 35  0.01108  9.68027e-06 | 36  0.00982  1.04566e-05
 37 -0.00256  1.03516e-05 | 38 -0.00234  1.04491e-05 | 39 -0.00411  8.67500e-06
 40  0.00108  6.16511e-06 | 41  0.00450  6.46097e-06 | 42  0.00087  7.79335e-06
 43  0.00040  5.24568e-06 | 44  0.03471 -1.51930e-06 | 45  0.00751  3.17531e-06
 46  0.00326  3.46632e-06 | 47  0.00180  6.50369e-06 | 48  0.00427 -1.42262e-06
 49 -0.00824  2.48450e-06 | 50  0.00047  3.83115e-07 | 51  0.00594 -4.07168e-06
 52  0.00529 -5.11380e-06 | 53  0.01784 -8.74427e-06 | 54 -0.00348 -2.49553e-06
 55  0.01926 -1.20786e-05 | 56  0.01163 -1.16687e-05 | 57 -0.00166 -7.56051e-06
 58 -0.01019 -5.90241e-06 | 59 -0.00953 -7.14984e-06 | 60  0.00929 -1.55587e-05
 61  0.01897 -2.20224e-05 | 62  0.00374 -1.42001e-05 | 63 -0.01158 -9.88688e-06
 64 -0.00028 -1.27160e-05 | 65  0.00478 -1.80027e-05 | 66  0.01251 -1.88086e-05
 67  0.02290 -2.86154e-05 | 68  0.01697 -2.56151e-05 | 69  0.00698 -2.12806e-05
 70  0.02025 -2.99631e-05 | 71 -0.01535 -1.33128e-05 | 72  0.02144 -3.16684e-05
 73 -0.01613 -1.59872e-05 | 74  0.01819 -2.92603e-05 | 75 -0.00057 -1.79428e-05
 76  0.00128 -2.49668e-05 | 77  0.03090 -3.98070e-05 | 78 -0.02044 -1.24455e-05
 79 -0.01766 -1.14508e-05 | 80 -0.01439 -1.00431e-05 | 81 -0.00368 -1.79051e-05
 82 -0.04936  2.18605e-06 | 83 -0.01567 -9.58571e-06 | 84  0.05557 -4.96115e-05
 85 -0.06362  5.55919e-06 | 86  0.03332 -2.25986e-05 | 87 -0.00952 -3.75432e-07
 88 -0.01616  1.83722e-06 | 89 -0.01261  3.54932e-06 | 90 -0.02993  8.35080e-06
 91 -0.01889  1.33665e-06 | 92 -0.01312  7.58975e-06 | 93 -0.00013  9.68525e-07
 94  0.00360  6.52063e-06 | 95 -0.02644  1.29224e-05 | 96 -0.01394  1.12188e-05
 97  0.01611  8.90588e-06 | 98 -0.03145  1.41613e-05 | 99  0.00738  1.10936e-05
100  0.01521  1.50782e-05 |101 -0.05792  1.11825e-05 |102  0.04042  1.67331e-05
103 -0.01342  1.35519e-05 |104 -0.00016  2.20856e-05 |105  0.00016  1.25995e-05
106 -0.00081 -2.10136e-04 |107 -0.03494 -3.77012e-05 |108 -0.41047  5.43053e-05
109 -0.27299  2.65107e-06 |110 -0.24503 -9.79784e-06 |
Function minimizer not making progress ... is minimum attained?
Minimprove criterion = 0.0000e+00

 - final statistics:
110 variables; iteration 97; function evaluation 172
Function value 5.8661e+02; maximum gradient component mag -6.4969e-04
Exit code = 1;  converg criter 1.0000e-04
Var    Value     Gradient |Var    Value     Gradient |Var    Value     Gradient
  1 -0.41707 -4.61521e-05 |  2 -0.40600 -6.49690e-04 |  3 -0.43592 -2.96818e-04
  4 -0.40682 -8.60028e-06 |  5 -0.46900 -1.12899e-05 |  6  0.61375 -5.59627e-04
  7  0.00002  3.26757e-06 |  8  0.00000  7.27582e-07 |  9  0.00000  8.87804e-07
 10  0.00001  1.08246e-06 | 11  0.00017  1.29005e-05 | 12  0.00017  1.29628e-05
 13  0.00017  1.30363e-05 | 14  0.00018  1.31227e-05 | 15  0.00018  1.32228e-05
 16  0.00018  1.33375e-05 | 17  0.00018  1.34463e-05 | 18  0.00019  1.35697e-05
 19  0.00022  1.36921e-05 | 20  0.00020  1.37895e-05 | 21  0.00020  1.38473e-05
 22  0.00021  1.38914e-05 | 23  0.00022  1.38054e-05 | 24  0.00023  1.36074e-05
 25  0.00025  1.33312e-05 | 26  0.00026  1.31127e-05 | 27  0.00030  1.32642e-05
 28  0.00035  1.40879e-05 | 29  0.00079  1.51032e-05 | 30  0.00057  1.33787e-05
 31  0.00083  8.41919e-06 | 32  0.00235  1.04657e-05 | 33  0.00197  1.07303e-05
 34  0.00436  1.11077e-05 | 35  0.01108  9.68027e-06 | 36  0.00982  1.04566e-05
 37 -0.00256  1.03516e-05 | 38 -0.00234  1.04491e-05 | 39 -0.00411  8.67500e-06
 40  0.00108  6.16511e-06 | 41  0.00450  6.46097e-06 | 42  0.00087  7.79335e-06
 43  0.00040  5.24568e-06 | 44  0.03471 -1.51930e-06 | 45  0.00751  3.17531e-06
 46  0.00326  3.46632e-06 | 47  0.00180  6.50369e-06 | 48  0.00427 -1.42262e-06
 49 -0.00824  2.48450e-06 | 50  0.00047  3.83115e-07 | 51  0.00594 -4.07168e-06
 52  0.00529 -5.11380e-06 | 53  0.01784 -8.74427e-06 | 54 -0.00348 -2.49553e-06
 55  0.01926 -1.20786e-05 | 56  0.01163 -1.16687e-05 | 57 -0.00166 -7.56051e-06
 58 -0.01019 -5.90241e-06 | 59 -0.00953 -7.14984e-06 | 60  0.00929 -1.55587e-05
 61  0.01897 -2.20224e-05 | 62  0.00374 -1.42001e-05 | 63 -0.01158 -9.88688e-06
 64 -0.00028 -1.27160e-05 | 65  0.00478 -1.80027e-05 | 66  0.01251 -1.88086e-05
 67  0.02290 -2.86154e-05 | 68  0.01697 -2.56151e-05 | 69  0.00698 -2.12806e-05
 70  0.02025 -2.99631e-05 | 71 -0.01535 -1.33128e-05 | 72  0.02144 -3.16684e-05
 73 -0.01613 -1.59872e-05 | 74  0.01819 -2.92603e-05 | 75 -0.00057 -1.79428e-05
 76  0.00128 -2.49668e-05 | 77  0.03090 -3.98070e-05 | 78 -0.02044 -1.24455e-05
 79 -0.01766 -1.14508e-05 | 80 -0.01439 -1.00431e-05 | 81 -0.00368 -1.79051e-05
 82 -0.04936  2.18605e-06 | 83 -0.01567 -9.58571e-06 | 84  0.05557 -4.96115e-05
 85 -0.06362  5.55919e-06 | 86  0.03332 -2.25986e-05 | 87 -0.00952 -3.75432e-07
 88 -0.01616  1.83722e-06 | 89 -0.01261  3.54932e-06 | 90 -0.02993  8.35080e-06
 91 -0.01889  1.33665e-06 | 92 -0.01312  7.58975e-06 | 93 -0.00013  9.68525e-07
 94  0.00360  6.52063e-06 | 95 -0.02644  1.29224e-05 | 96 -0.01394  1.12188e-05
 97  0.01611  8.90588e-06 | 98 -0.03145  1.41613e-05 | 99  0.00738  1.10936e-05
100  0.01521  1.50782e-05 |101 -0.05792  1.11825e-05 |102  0.04042  1.67331e-05
103 -0.01342  1.35519e-05 |104 -0.00016  2.20856e-05 |105  0.00016  1.25995e-05
106 -0.00081 -2.10136e-04 |107 -0.03494 -3.77012e-05 |108 -0.41047  5.43053e-05
109 -0.27299  2.65107e-06 |110 -0.24503 -9.79784e-06 |

Initial statistics: 111 variables; iteration 0; function evaluation 0; phase 6
Function value 5.8661267e+02; maximum gradient component mag -6.4969e-04
Var    Value     Gradient |Var    Value     Gradient |Var    Value     Gradient
  1 -0.41707 -4.61520e-05 |  2 -0.40600 -6.49689e-04 |  3 -0.43592 -2.96818e-04
  4 -0.40682 -8.60026e-06 |  5 -0.46900 -1.12899e-05 |  6  0.61375 -5.59626e-04
  7  0.00002  3.26757e-06 |  8  0.00000  7.27582e-07 |  9  0.00000  8.87804e-07
 10  0.00001  1.08246e-06 | 11  0.00017  1.29176e-05 | 12  0.00017  1.29799e-05
 13  0.00017  1.30535e-05 | 14  0.00018  1.31398e-05 | 15  0.00018  1.32400e-05
 16  0.00018  1.33547e-05 | 17  0.00018  1.34634e-05 | 18  0.00019  1.35868e-05
 19  0.00022  1.37092e-05 | 20  0.00020  1.38067e-05 | 21  0.00020  1.38644e-05
 22  0.00021  1.39085e-05 | 23  0.00022  1.38226e-05 | 24  0.00023  1.36246e-05
 25  0.00025  1.33484e-05 | 26  0.00026  1.31298e-05 | 27  0.00030  1.32813e-05
 28  0.00035  1.41050e-05 | 29  0.00079  1.51204e-05 | 30  0.00057  1.33958e-05
 31  0.00083  8.43633e-06 | 32  0.00235  1.04828e-05 | 33  0.00197  1.07474e-05
 34  0.00436  1.11249e-05 | 35  0.01108  9.69740e-06 | 36  0.00982  1.04737e-05
 37 -0.00256  1.03687e-05 | 38 -0.00234  1.04662e-05 | 39 -0.00411  8.69214e-06
 40  0.00108  6.18226e-06 | 41  0.00450  6.47812e-06 | 42  0.00087  7.81050e-06
 43  0.00040  5.26282e-06 | 44  0.03471 -1.50217e-06 | 45  0.00751  3.19246e-06
 46  0.00326  3.48347e-06 | 47  0.00180  6.52084e-06 | 48  0.00427 -1.40547e-06
 49 -0.00824  2.50165e-06 | 50  0.00047  4.00269e-07 | 51  0.00594 -4.05452e-06
 52  0.00529 -5.09664e-06 | 53  0.01784 -8.72711e-06 | 54 -0.00348 -2.47837e-06
 55  0.01926 -1.20615e-05 | 56  0.01163 -1.16515e-05 | 57 -0.00166 -7.54334e-06
 58 -0.01019 -5.88525e-06 | 59 -0.00953 -7.13267e-06 | 60  0.00929 -1.55415e-05
 61  0.01897 -2.20052e-05 | 62  0.00374 -1.41829e-05 | 63 -0.01158 -9.86971e-06
 64 -0.00028 -1.26988e-05 | 65  0.00478 -1.79855e-05 | 66  0.01251 -1.87915e-05
 67  0.02290 -2.85982e-05 | 68  0.01697 -2.55979e-05 | 69  0.00698 -2.12634e-05
 70  0.02025 -2.99459e-05 | 71 -0.01535 -1.32956e-05 | 72  0.02144 -3.16512e-05
 73 -0.01613 -1.59700e-05 | 74  0.01819 -2.92432e-05 | 75 -0.00057 -1.79256e-05
 76  0.00128 -2.49496e-05 | 77  0.03090 -3.97898e-05 | 78 -0.02044 -1.24283e-05
 79 -0.01766 -1.14337e-05 | 80 -0.01439 -1.00259e-05 | 81 -0.00368 -1.78879e-05
 82 -0.04936  2.20315e-06 | 83 -0.01567 -9.56855e-06 | 84  0.05557 -4.95944e-05
 85 -0.06362  5.57625e-06 | 86  0.03332 -2.25815e-05 | 87 -0.00952 -3.58276e-07
 88 -0.01616  1.85437e-06 | 89 -0.01261  3.56647e-06 | 90 -0.02993  8.36792e-06
 91 -0.01889  1.35379e-06 | 92 -0.01312  7.60690e-06 | 93 -0.00013  9.85673e-07
 94  0.00360  6.53778e-06 | 95 -0.02644  1.29395e-05 | 96 -0.01394  1.12360e-05
 97  0.01611  8.92302e-06 | 98 -0.03145  1.41784e-05 | 99  0.00738  1.11108e-05
100  0.01521  1.50953e-05 |101 -0.05792  1.11995e-05 |102  0.04042  1.67502e-05
103 -0.01342  1.35690e-05 |104 -0.00016  2.21027e-05 |105  0.00016  1.26167e-05
106  0.00000  0.00000e+00 |107 -0.00081 -2.10136e-04 |108 -0.03494 -3.77012e-05
109 -0.41047  5.43052e-05 |110 -0.27299  2.65108e-06 |111 -0.24503 -9.79784e-06

 - final statistics:
111 variables; iteration 1; function evaluation 2
Function value 5.8661e+02; maximum gradient component mag 2.2320e-05
Exit code = 1;  converg criter 1.0000e-04
Var    Value     Gradient |Var    Value     Gradient |Var    Value     Gradient
  1 -0.41707  2.04542e-06 |  2 -0.40600  2.05061e-05 |  3 -0.43592  2.23202e-05
  4 -0.40682 -1.15644e-06 |  5 -0.46900 -1.70791e-06 |  6  0.61375  1.74242e-05
  7  0.00002  3.43584e-06 |  8  0.00000  7.64819e-07 |  9  0.00000  9.33260e-07
 10  0.00001  1.13793e-06 | 11  0.00017 -1.59064e-06 | 12  0.00017 -1.51348e-06
 13  0.00017 -1.42185e-06 | 14  0.00018 -1.31357e-06 | 15  0.00018 -1.18684e-06
 16  0.00018 -1.04001e-06 | 17  0.00018 -8.92456e-07 | 18  0.00019 -7.22410e-07
 19  0.00022 -5.43922e-07 | 20  0.00020 -3.79840e-07 | 21  0.00020 -2.42666e-07
 22  0.00021 -1.04591e-07 | 23  0.00022 -8.00761e-08 | 24  0.00023 -1.49148e-07
 25  0.00025 -2.76046e-07 | 26  0.00026 -3.23545e-07 | 27  0.00030  2.22843e-08
 28  0.00035  1.06441e-06 | 29  0.00079  2.33282e-06 | 30  0.00057  8.67419e-07
 31  0.00083 -3.78699e-06 | 32  0.00235 -1.53493e-06 | 33  0.00197 -9.35407e-07
 34  0.00436 -4.24722e-08 | 35  0.01108 -6.04198e-07 | 36  0.00982  5.91690e-07
 37 -0.00256  1.42481e-07 | 38 -0.00234  7.83187e-07 | 39 -0.00411 -5.81428e-07
 40  0.00108 -1.99175e-06 | 41  0.00450 -6.15779e-07 | 42  0.00087  1.04371e-06
 43  0.00040 -7.53647e-07 | 44  0.03471  3.70386e-08 | 45  0.00751  1.29739e-07
 46  0.00326  6.67329e-07 | 47  0.00180  4.49727e-06 | 48  0.00427 -1.83910e-06
 49 -0.00824  5.22734e-07 | 50  0.00047  1.39438e-06 | 51  0.00594 -4.57549e-07
 52  0.00529 -4.57014e-07 | 53  0.01784  1.55498e-06 | 54 -0.00348  1.82299e-06
 55  0.01926  1.88907e-06 | 56  0.01163  4.06653e-07 | 57 -0.00166  5.89247e-07
 58 -0.01019  3.44648e-07 | 59 -0.00953  2.72229e-07 | 60  0.00929  6.70098e-07
 61  0.01897  5.23329e-07 | 62  0.00374  1.34052e-06 | 63 -0.01158 -1.47816e-07
 64 -0.00028  2.50084e-06 | 65  0.00478  4.63866e-07 | 66  0.01251  4.65248e-06
 67  0.02290  2.20271e-06 | 68  0.01697  1.64800e-06 | 69  0.00698  4.01247e-07
 70  0.02025  7.97781e-07 | 71 -0.01535 -1.49921e-06 | 72  0.02144  1.47696e-06
 73 -0.01613 -3.76309e-06 | 74  0.01819  2.24836e-06 | 75 -0.00057  1.79043e-06
 76  0.00128 -4.40974e-06 | 77  0.03090  4.81147e-07 | 78 -0.02044 -3.23688e-06
 79 -0.01766 -1.30117e-06 | 80 -0.01439  4.01879e-07 | 81 -0.00368 -3.34485e-06
 82 -0.04936  8.73142e-07 | 83 -0.01567 -1.80738e-06 | 84  0.05557 -1.94617e-06
 85 -0.06362 -5.59016e-08 | 86  0.03332 -2.21135e-07 | 87 -0.00952  2.75040e-06
 88 -0.01616  1.17082e-06 | 89 -0.01261  2.98102e-06 | 90 -0.02993  2.46013e-06
 91 -0.01889 -3.04147e-06 | 92 -0.01312  1.43440e-06 | 93 -0.00013 -3.47169e-06
 94  0.00360 -6.29272e-07 | 95 -0.02644  2.45083e-06 | 96 -0.01394 -7.88615e-07
 97  0.01611 -1.62367e-06 | 98 -0.03145  1.21299e-07 | 99  0.00738 -2.15915e-06
100  0.01521  1.61613e-08 |101 -0.05792 -3.34799e-06 |102  0.04042  8.26269e-07
103 -0.01342 -1.04029e-06 |104 -0.00016  7.52487e-06 |105  0.00016 -1.95953e-06
106  0.00000  0.00000e+00 |107 -0.00081 -3.76838e-06 |108 -0.03494  6.21312e-07
109 -0.41047 -6.27281e-07 |110 -0.27299  5.08877e-06 |111 -0.24503 -1.28134e-05
size of file gradfil1.tmp = 0
size of file gradfil2.tmp = 0
size of file varssave.tmp = 0
size of file cmpdiff.tmp = 0
