
Initial statistics: 1 variables; iteration 0; function evaluation 0; phase 1
Function value 4.7850596e+06; maximum gradient component mag -3.0789e+08
Var    Value     Gradient |Var    Value     Gradient |Var    Value     Gradient
  1  0.63197 -3.07895e+08 |

 - final statistics:
1 variables; iteration 8; function evaluation 48
Function value 7.2126e+02; maximum gradient component mag 1.8846e+00
Exit code = 1;  converg criter 1.0000e+01
Var    Value     Gradient |Var    Value     Gradient |Var    Value     Gradient
  1  0.64085  1.88456e+00 |

Initial statistics: 98 variables; iteration 0; function evaluation 0; phase 2
Function value 7.2125559e+02; maximum gradient component mag -8.6602e+02
Var    Value     Gradient |Var    Value     Gradient |Var    Value     Gradient
  1  0.64085  1.88456e+00 |  2  0.00000 -1.16042e+01 |  3  0.00000 -1.24314e+01
  4  0.00000 -1.34264e+01 |  5  0.00000 -1.46189e+01 |  6  0.00000 -1.60417e+01
  7  0.00000 -1.77301e+01 |  8  0.00000 -1.97205e+01 |  9  0.00000 -2.20583e+01
 10  0.00000 -2.57408e+01 | 11  0.00000 -2.81839e+01 | 12  0.00000 -3.14971e+01
 13  0.00000 -3.48355e+01 | 14  0.00000 -3.86014e+01 | 15  0.00000 -4.23088e+01
 16  0.00000 -4.61662e+01 | 17  0.00000 -5.30330e+01 | 18  0.00000 -6.72708e+01
 19  0.00000 -7.06986e+01 | 20  0.00000 -6.90353e+01 | 21  0.00000 -7.52245e+01
 22  0.00000 -7.26214e+01 | 23  0.00000 -7.33750e+01 | 24  0.00000 -7.70307e+01
 25  0.00000 -7.93357e+01 | 26  0.00000 -8.09906e+01 | 27  0.00000 -8.21536e+01
 28  0.00000 -8.01772e+01 | 29  0.00000 -8.67819e+01 | 30  0.00000 -1.02433e+02
 31  0.00000 -8.63190e+01 | 32  0.00000 -8.95726e+01 | 33  0.00000 -7.76613e+01
 34  0.00000 -6.27090e+01 | 35  0.00000 -1.39534e+02 | 36  0.00000 -1.05104e+02
 37  0.00000 -1.02283e+02 | 38  0.00000 -1.28433e+02 | 39  0.00000 -8.07224e+01
 40  0.00000 -5.07329e+01 | 41  0.00000 -6.10874e+01 | 42  0.00000 -5.57228e+01
 43  0.00000 -3.80469e+01 | 44  0.00000 -4.32336e+01 | 45  0.00000 -3.76225e+01
 46  0.00000 -4.71122e+01 | 47  0.00000 -4.05529e+01 | 48  0.00000 -4.79471e+01
 49  0.00000 -7.76629e+01 | 50  0.00000 -4.18347e+00 | 51  0.00000 -2.81737e+01
 52  0.00000 -3.77493e+01 | 53  0.00000 -6.84378e+01 | 54  0.00000 -7.62078e+01
 55  0.00000  1.20235e+01 | 56  0.00000 -5.94004e+01 | 57  0.00000 -2.88871e+01
 58  0.00000 -1.21925e+01 | 59  0.00000 -3.46996e+01 | 60  0.00000 -1.67427e+02
 61  0.00000  6.71994e+01 | 62  0.00000  1.40262e+01 | 63  0.00000  8.94698e+01
 64  0.00000 -8.29798e+01 | 65  0.00000 -9.12610e+01 | 66  0.00000  1.34724e+02
 67  0.00000 -8.66025e+02 | 68  0.00000 -1.16721e+02 | 69  0.00000  3.06472e+02
 70  0.00000  4.07082e+02 | 71  0.00000  5.45610e+02 | 72  0.00000  5.77346e+02
 73  0.00000  1.37082e+02 | 74  0.00000  4.19741e+02 | 75  0.00000  5.52653e+02
 76  0.00000 -5.81082e+01 | 77  0.00000  2.76692e+02 | 78  0.00000  9.03729e+01
 79  0.00000  4.82650e+02 | 80  0.00000  5.26220e+02 | 81  0.00000 -2.60087e+02
 82  0.00000  5.30170e+02 | 83  0.00000 -1.45425e+02 | 84  0.00000 -1.66396e+01
 85  0.00000  3.25484e+02 | 86  0.00000 -3.56722e+02 | 87  0.00000 -4.07158e+02
 88  0.00000  5.54299e+02 | 89  0.00000 -4.51821e+02 | 90  0.00000  7.34549e+01
 91  0.00000  5.79071e+02 | 92  0.00000 -3.51681e+02 | 93  0.00000 -1.52062e+02
 94  0.00000  4.49100e+00 | 95  0.00000 -7.36449e+00 | 96  0.00000 -7.73364e+00
 97 -0.03546 -1.05291e+01 | 98 -0.31026 -1.16932e+02 |

Intermediate statistics: 98 variables; iteration 20; function evaluation 28; phase 2
Function value 6.4778327e+02; maximum gradient component mag 2.6166e+03
Var    Value     Gradient |Var    Value     Gradient |Var    Value     Gradient
  1  0.63585  2.61658e+03 |  2 -0.00572 -1.00182e+02 |  3 -0.00564 -9.91660e+01
  4 -0.00555 -9.79370e+01 |  5 -0.00543 -9.64546e+01 |  6 -0.00528 -9.46726e+01
  7 -0.00510 -9.25400e+01 |  8 -0.00489 -9.00018e+01 |  9 -0.00462 -8.69985e+01
 10 -0.00360 -8.31726e+01 | 11 -0.00370 -7.93318e+01 | 12 -0.00339 -7.47619e+01
 13 -0.00320 -6.97066e+01 | 14 -0.00283 -6.41602e+01 | 15 -0.00251 -5.83663e+01
 16 -0.00206 -5.25808e+01 | 17 -0.00016 -4.70595e+01 | 18  0.00528 -4.18741e+01
 19  0.00627 -3.82840e+01 | 20  0.00563 -3.56923e+01 | 21  0.00751 -2.91367e+01
 22  0.00539 -2.20286e+01 | 23  0.00642 -2.17141e+01 | 24  0.00723 -1.65328e+01
 25  0.00763 -1.19289e+01 | 26  0.00794 -8.02810e+00 | 27  0.00825 -4.86810e+00
 28  0.00739 -2.54506e+00 | 29  0.00940 -2.36777e-01 | 30  0.01509  2.83740e+00
 31  0.00980  4.31570e+00 | 32  0.01095  5.71448e+00 | 33  0.00694  5.57963e+00
 34  0.00207  5.08869e+00 | 35  0.02744  1.83023e+01 | 36  0.01648  9.87622e+00
 37  0.01440  8.27516e+00 | 38  0.02471  1.22531e+01 | 39  0.00477  1.38747e-01
 40 -0.00419 -7.40303e+00 | 41 -0.00385 -9.09905e+00 | 42 -0.00705 -1.36646e+01
 43 -0.01367 -1.98813e+01 | 44 -0.01075 -2.06914e+01 | 45 -0.01058 -2.17935e+01
 46 -0.01032 -2.34539e+01 | 47 -0.01397 -2.78460e+01 | 48 -0.01107 -2.65401e+01
 49  0.00332 -1.46329e+01 | 50 -0.02440 -4.01063e+01 | 51 -0.01745 -3.59783e+01
 52 -0.01392 -3.39175e+01 | 53  0.00045 -2.09420e+01 | 54  0.00428 -1.67565e+01
 55 -0.02705 -4.85377e+01 | 56  0.00110 -2.39295e+01 | 57 -0.01192 -3.68817e+01
 58 -0.01678 -4.27551e+01 | 59 -0.01077 -3.96832e+01 | 60  0.02498  1.03042e+01
 61 -0.03170 -5.96257e+01 | 62 -0.01376 -4.72240e+01 | 63 -0.02426 -3.85557e+01
 64  0.01405  1.17962e+01 | 65  0.01098 -2.97256e+00 | 66 -0.02051 -3.09599e+01
 67  0.03175 -3.87158e+02 | 68  0.00009 -1.09931e+02 | 69  0.00619  3.28689e+02
 70 -0.00368  2.99019e+02 | 71  0.00145  4.81585e+02 | 72 -0.00554  4.29158e+02
 73  0.00026  5.76553e+01 | 74 -0.00352  3.06442e+02 | 75 -0.00048  4.50059e+02
 76  0.00300 -4.50787e+01 | 77  0.00099  1.97212e+02 | 78  0.00194  6.95801e+01
 79  0.00194  4.09137e+02 | 80 -0.00440  3.76426e+02 | 81  0.00396 -2.90832e+02
 82 -0.00551  3.51004e+02 | 83  0.00438 -1.68454e+02 | 84  0.00419 -2.75467e+01
 85  0.00236  2.34708e+02 | 86  0.01066 -2.60816e+02 | 87  0.00965 -3.65786e+02
 88 -0.01951  1.94723e+02 | 89  0.00962 -4.24236e+02 | 90 -0.00219 -7.74642e+01
 91 -0.00701  2.74801e+02 | 92  0.03330 -1.44182e+02 | 93  0.02169 -1.21523e+02
 94 -0.00557 -1.05321e+02 | 95 -0.00633 -1.05035e+02 | 96 -0.00606 -1.04868e+02
 97 -0.03095  2.04346e+02 | 98 -0.26932  1.68829e+01 |
98 variables; iteration 40; function evaluation 56; phase 2
Function value 5.9118692e+02; maximum gradient component mag 3.5398e+03
Var    Value     Gradient |Var    Value     Gradient |Var    Value     Gradient
  1  0.63790  3.53985e+03 |  2  0.00102 -1.05489e+02 |  3  0.00044 -1.04644e+02
  4  0.00019 -1.02899e+02 |  5  0.00038 -9.99618e+01 |  6  0.00107 -9.55752e+01
  7  0.00225 -8.96024e+01 |  8  0.00374 -8.21497e+01 |  9  0.00524 -7.36677e+01
 10  0.00691 -6.45738e+01 | 11  0.00682 -5.66133e+01 | 12  0.00614 -4.96410e+01
 13  0.00469 -4.36303e+01 | 14  0.00341 -3.70677e+01 | 15  0.00247 -2.93938e+01
 16  0.00200 -2.09545e+01 | 17  0.00287 -1.24523e+01 | 18  0.00783  1.55390e-01
 19  0.00905  8.95280e+00 | 20  0.00744  1.04306e+01 | 21  0.00919  2.54178e+01
 22  0.00483  3.03913e+01 | 23  0.00568  3.18756e+01 | 24  0.00609  4.20601e+01
 25  0.00586  4.98518e+01 | 26  0.00556  5.62829e+01 | 27  0.00535  6.17293e+01
 28  0.00403  6.41908e+01 | 29  0.00445  6.52076e+01 | 30  0.00944  7.70587e+01
 31  0.00504  7.82842e+01 | 32  0.00662  8.61907e+01 | 33  0.00285  8.25350e+01
 34 -0.00134  7.91653e+01 | 35  0.02124  1.25958e+02 | 36  0.01172  1.06310e+02
 37  0.00925  1.00505e+02 | 38  0.02002  1.29991e+02 | 39 -0.00043  7.79682e+01
 40 -0.00481  8.01907e+01 | 41 -0.00646  7.04500e+01 | 42 -0.00956  6.21108e+01
 43 -0.01487  5.25146e+01 | 44 -0.01126  5.97891e+01 | 45 -0.01048  6.24320e+01
 46 -0.00903  6.38675e+01 | 47 -0.01173  5.57945e+01 | 48 -0.00908  5.88788e+01
 49  0.00452  9.12995e+01 | 50 -0.01620  5.27159e+01 | 51 -0.01292  4.63576e+01
 52 -0.01161  4.16750e+01 | 53  0.00236  7.38816e+01 | 54  0.00578  8.05828e+01
 55 -0.02012  2.71975e+01 | 56  0.00492  7.65288e+01 | 57 -0.01283  2.01765e+01
 58 -0.01095  3.55766e+01 | 59 -0.00417  5.11403e+01 | 60  0.02648  1.32587e+02
 61 -0.02148  2.33313e+01 | 62  0.00064  9.53534e+01 | 63 -0.02091  1.22436e+01
 64  0.01473  8.93472e+01 | 65  0.00516 -6.64980e+00 | 66 -0.01925  1.94947e+01
 67  0.04764  1.26003e+02 | 68  0.00274 -1.75554e+01 | 69 -0.00323  7.00911e+01
 70 -0.01650  6.03930e+01 | 71 -0.02041 -7.97528e+01 | 72 -0.03012 -2.41215e+01
 73 -0.00299 -4.32131e+01 | 74 -0.01872 -2.19856e+01 | 75 -0.01838 -9.08354e+00
 76  0.00640 -7.33152e+01 | 77 -0.00912 -1.06853e+02 | 78  0.00427 -2.29951e+00
 79 -0.01039  3.23364e+00 | 80 -0.03128 -1.05327e+02 | 81  0.01783 -3.09542e-01
 82 -0.03195 -9.50684e+01 | 83  0.00361 -2.47478e+02 | 84  0.00783 -5.71381e+01
 85 -0.01273 -1.49891e+02 | 86  0.02531 -9.57770e+01 | 87  0.02353 -1.33067e+02
 88 -0.04951 -1.11537e+02 | 89  0.02737 -2.49937e+01 | 90 -0.00316 -1.11398e+02
 91 -0.03378 -1.12001e+02 | 92  0.04117 -9.91289e+01 | 93  0.03030 -2.93218e+01
 94 -0.00154 -1.18237e+02 | 95  0.00974 -1.00235e+02 | 96  0.01059 -9.92443e+01
 97 -0.03270  2.20878e+02 | 98 -0.27166  3.28824e+01 |
98 variables; iteration 60; function evaluation 88; phase 2
Function value 5.8707886e+02; maximum gradient component mag 9.9750e+02
Var    Value     Gradient |Var    Value     Gradient |Var    Value     Gradient
  1  0.63427  9.97496e+02 |  2 -0.00066 -3.02457e+01 |  3 -0.00016 -2.88585e+01
  4  0.00011 -2.77238e+01 |  5  0.00011 -2.68581e+01 |  6 -0.00001 -2.60244e+01
  7  0.00001 -2.47792e+01 |  8  0.00036 -2.27639e+01 |  9  0.00092 -2.01306e+01
 10  0.00183 -1.75549e+01 | 11  0.00135 -1.54843e+01 | 12  0.00123 -1.30173e+01
 13  0.00143 -9.38250e+00 | 14  0.00180 -5.36635e+00 | 15  0.00169 -1.97622e+00
 16  0.00147  8.97958e-01 | 17  0.00298  3.85351e+00 | 18  0.00895  7.60912e+00
 19  0.01002  1.05421e+01 | 20  0.00830  1.08650e+01 | 21  0.01001  1.51764e+01
 22  0.00613  1.81212e+01 | 23  0.00686  1.80270e+01 | 24  0.00723  2.09870e+01
 25  0.00711  2.34595e+01 | 26  0.00694  2.55030e+01 | 27  0.00681  2.70798e+01
 28  0.00534  2.78677e+01 | 29  0.00738  2.88544e+01 | 30  0.01383  3.04382e+01
 31  0.00659  2.99870e+01 | 32  0.00795  3.08282e+01 | 33  0.00320  3.01626e+01
 34 -0.00250  2.91362e+01 | 35  0.02638  3.67145e+01 | 36  0.01520  3.34268e+01
 37  0.01280  3.13625e+01 | 38  0.02622  3.42037e+01 | 39  0.00391  2.74023e+01
 40 -0.00445  2.44089e+01 | 41 -0.00299  2.36137e+01 | 42 -0.00542  2.11855e+01
 43 -0.01150  1.85808e+01 | 44 -0.00751  1.87830e+01 | 45 -0.00739  1.74711e+01
 46 -0.00594  1.68268e+01 | 47 -0.00896  1.50322e+01 | 48 -0.00611  1.46442e+01
 49  0.00717  1.62233e+01 | 50 -0.01884  9.39482e+00 | 51 -0.01166  1.09721e+01
 52 -0.00859  1.05834e+01 | 53  0.00421  1.30068e+01 | 54  0.00691  1.30880e+01
 55 -0.02171  4.16310e+00 | 56  0.00379  1.10845e+01 | 57 -0.00988  3.83805e+00
 58 -0.01415  2.24175e+00 | 59 -0.00767  4.07617e+00 | 60  0.02458  1.65849e+01
 61 -0.02691 -8.52025e-01 | 62 -0.01027  2.66443e+00 | 63 -0.02342 -1.60431e+00
 64  0.01223  6.81449e+00 | 65  0.01118  5.34310e+00 | 66 -0.02317 -4.84249e+00
 67  0.04948  1.69981e+01 | 68  0.00611 -1.85840e-01 | 69 -0.00540 -2.40648e+00
 70 -0.02052 -7.22137e+00 | 71 -0.01709 -9.61759e+00 | 72 -0.03032 -1.10355e+01
 73 -0.00127 -7.30384e+00 | 74 -0.01859 -1.21515e+01 | 75 -0.01980 -1.49105e+01
 76  0.01005 -8.30707e+00 | 77 -0.00594 -1.37039e+01 | 78  0.00333 -1.43685e+01
 79 -0.01334 -2.09268e+01 | 80 -0.02695 -2.01315e+01 | 81  0.01703 -1.58889e+01
 82 -0.02956 -2.31505e+01 | 83  0.01142 -1.77860e+01 | 84  0.00763 -2.18710e+01
 85 -0.00890 -2.49470e+01 | 86  0.02656 -2.16943e+01 | 87  0.02515 -2.43632e+01
 88 -0.04922 -2.94530e+01 | 89  0.02391 -2.98989e+01 | 90 -0.00393 -2.98400e+01
 91 -0.03624 -3.40851e+01 | 92  0.03666 -3.49850e+01 | 93  0.02001 -3.60793e+01
 94 -0.00171 -3.28205e+01 | 95 -0.00093 -3.31298e+01 | 96 -0.00014 -3.21821e+01
 97 -0.03173  6.67316e+01 | 98 -0.27918  1.42540e+00 |
Maximum number of function evaluations exceeded

 - final statistics:
98 variables; iteration 67; function evaluation 100
Function value 5.8705e+02; maximum gradient component mag 6.6266e+02
Exit code = 3;  converg criter 1.0000e+01
Var    Value     Gradient |Var    Value     Gradient |Var    Value     Gradient
  1  0.63427  6.62661e+02 |  2 -0.00029 -1.93911e+01 |  3  0.00013 -1.82841e+01
  4  0.00042 -1.72807e+01 |  5  0.00044 -1.66142e+01 |  6  0.00019 -1.62385e+01
  7 -0.00001 -1.56434e+01 |  8  0.00025 -1.41387e+01 |  9  0.00095 -1.17095e+01
 10  0.00203 -9.37795e+00 | 11  0.00129 -8.29755e+00 | 12  0.00077 -7.12908e+00
 13  0.00074 -4.62767e+00 | 14  0.00112 -1.38721e+00 | 15  0.00135  1.85283e+00
 16  0.00161  4.92087e+00 | 17  0.00342  7.58523e+00 | 18  0.00924  9.63370e+00
 19  0.00972  1.08435e+01 | 20  0.00854  1.22530e+01 | 21  0.00989  1.46700e+01
 22  0.00616  1.75746e+01 | 23  0.00680  1.72412e+01 | 24  0.00710  1.92848e+01
 25  0.00690  2.09948e+01 | 26  0.00667  2.23938e+01 | 27  0.00652  2.35314e+01
 28  0.00520  2.45593e+01 | 29  0.00737  2.50993e+01 | 30  0.01425  2.56862e+01
 31  0.00684  2.62359e+01 | 32  0.00806  2.61596e+01 | 33  0.00314  2.60323e+01
 34 -0.00274  2.56586e+01 | 35  0.02669  2.64747e+01 | 36  0.01515  2.54885e+01
 37  0.01285  2.40723e+01 | 38  0.02669  2.29691e+01 | 39  0.00384  2.14784e+01
 40 -0.00440  2.03312e+01 | 41 -0.00286  1.89167e+01 | 42 -0.00508  1.71983e+01
 43 -0.01135  1.52524e+01 | 44 -0.00772  1.33625e+01 | 45 -0.00708  1.32746e+01
 46 -0.00612  1.08745e+01 | 47 -0.00926  9.55329e+00 | 48 -0.00637  8.54272e+00
 49  0.00774  8.34932e+00 | 50 -0.01901  6.44633e+00 | 51 -0.01210  5.80217e+00
 52 -0.00872  5.46627e+00 | 53  0.00424  4.74465e+00 | 54  0.00689  4.00550e+00
 55 -0.02162  2.69581e+00 | 56  0.00295  1.14476e+00 | 57 -0.00874  2.36905e+00
 58 -0.01364  6.95821e-01 | 59 -0.00743  2.78176e-01 | 60  0.02407 -1.10661e+00
 61 -0.02730 -2.68903e+00 | 62 -0.01053 -1.84865e+00 | 63 -0.02346 -2.14951e+00
 64  0.01223 -1.60750e+00 | 65  0.01103 -3.18192e+00 | 66 -0.02307 -3.54506e+00
 67  0.04942 -4.39112e+00 | 68  0.00616 -3.98629e+00 | 69 -0.00575 -1.14528e+01
 70 -0.02060 -8.08150e+00 | 71 -0.01725 -1.26882e+01 | 72 -0.03048 -1.09804e+01
 73 -0.00132 -1.05231e+01 | 74 -0.01854 -1.03016e+01 | 75 -0.01979 -1.26219e+01
 76  0.01000 -1.24240e+01 | 77 -0.00603 -1.48813e+01 | 78  0.00343 -1.24783e+01
 79 -0.01312 -1.32000e+01 | 80 -0.02701 -1.51754e+01 | 81  0.01701 -1.49106e+01
 82 -0.02952 -1.57722e+01 | 83  0.01102 -2.37781e+01 | 84  0.00759 -1.79333e+01
 85 -0.00904 -1.98911e+01 | 86  0.02656 -1.72160e+01 | 87  0.02512 -1.92999e+01
 88 -0.04911 -1.92957e+01 | 89  0.02408 -1.75509e+01 | 90 -0.00380 -1.91086e+01
 91 -0.03584 -1.97689e+01 | 92  0.03677 -2.47753e+01 | 93  0.02040 -2.10267e+01
 94 -0.00173 -2.19669e+01 | 95 -0.00063 -2.17238e+01 | 96 -0.00050 -2.17919e+01
 97 -0.03169  4.53968e+01 | 98 -0.27898  1.26045e+00 |

Initial statistics: 100 variables; iteration 0; function evaluation 0; phase 3
Function value 5.8705239e+02; maximum gradient component mag 6.6266e+02
Var    Value     Gradient |Var    Value     Gradient |Var    Value     Gradient
  1  0.63427  6.62661e+02 |  2 -0.00029 -1.94602e+01 |  3  0.00013 -1.83532e+01
  4  0.00042 -1.73498e+01 |  5  0.00043 -1.66833e+01 |  6  0.00019 -1.63076e+01
  7 -0.00001 -1.57124e+01 |  8  0.00025 -1.42078e+01 |  9  0.00095 -1.17786e+01
 10  0.00203 -9.44704e+00 | 11  0.00128 -8.36665e+00 | 12  0.00077 -7.19817e+00
 13  0.00074 -4.69676e+00 | 14  0.00112 -1.45630e+00 | 15  0.00135  1.78374e+00
 16  0.00161  4.85178e+00 | 17  0.00342  7.51614e+00 | 18  0.00924  9.56461e+00
 19  0.00971  1.07744e+01 | 20  0.00854  1.21840e+01 | 21  0.00989  1.46009e+01
 22  0.00616  1.75055e+01 | 23  0.00680  1.71721e+01 | 24  0.00709  1.92157e+01
 25  0.00690  2.09257e+01 | 26  0.00666  2.23247e+01 | 27  0.00652  2.34623e+01
 28  0.00520  2.44902e+01 | 29  0.00737  2.50302e+01 | 30  0.01425  2.56171e+01
 31  0.00684  2.61668e+01 | 32  0.00806  2.60905e+01 | 33  0.00314  2.59632e+01
 34 -0.00274  2.55895e+01 | 35  0.02669  2.64056e+01 | 36  0.01515  2.54194e+01
 37  0.01285  2.40032e+01 | 38  0.02669  2.29001e+01 | 39  0.00384  2.14093e+01
 40 -0.00440  2.02621e+01 | 41 -0.00286  1.88476e+01 | 42 -0.00509  1.71292e+01
 43 -0.01136  1.51833e+01 | 44 -0.00772  1.32934e+01 | 45 -0.00708  1.32055e+01
 46 -0.00612  1.08054e+01 | 47 -0.00926  9.48420e+00 | 48 -0.00637  8.47363e+00
 49  0.00774  8.28023e+00 | 50 -0.01901  6.37727e+00 | 51 -0.01210  5.73309e+00
 52 -0.00872  5.39718e+00 | 53  0.00423  4.67556e+00 | 54  0.00689  3.93641e+00
 55 -0.02162  2.62675e+00 | 56  0.00295  1.07566e+00 | 57 -0.00874  2.29997e+00
 58 -0.01364  6.26743e-01 | 59 -0.00743  2.09087e-01 | 60  0.02407 -1.17566e+00
 61 -0.02730 -2.75806e+00 | 62 -0.01053 -1.91774e+00 | 63 -0.02346 -2.21855e+00
 64  0.01223 -1.67658e+00 | 65  0.01103 -3.25101e+00 | 66 -0.02307 -3.61411e+00
 67  0.04942 -4.46001e+00 | 68  0.00616 -4.05538e+00 | 69 -0.00576 -1.15219e+01
 70 -0.02060 -8.15056e+00 | 71 -0.01725 -1.27573e+01 | 72 -0.03048 -1.10494e+01
 73 -0.00132 -1.05922e+01 | 74 -0.01854 -1.03706e+01 | 75 -0.01979 -1.26910e+01
 76  0.01000 -1.24931e+01 | 77 -0.00603 -1.49504e+01 | 78  0.00343 -1.25474e+01
 79 -0.01312 -1.32691e+01 | 80 -0.02701 -1.52444e+01 | 81  0.01701 -1.49797e+01
 82 -0.02952 -1.58412e+01 | 83  0.01102 -2.38472e+01 | 84  0.00758 -1.80024e+01
 85 -0.00904 -1.99602e+01 | 86  0.02656 -1.72850e+01 | 87  0.02512 -1.93689e+01
 88 -0.04911 -1.93646e+01 | 89  0.02408 -1.76199e+01 | 90 -0.00380 -1.91777e+01
 91 -0.03584 -1.98379e+01 | 92  0.03677 -2.48442e+01 | 93  0.02040 -2.10958e+01
 94 -0.00173 -2.20360e+01 | 95 -0.00063 -2.17929e+01 | 96 -0.00050 -2.18610e+01
 97 -0.03169  4.53968e+01 | 98 -0.41581 -1.59957e+01 | 99 -0.27898  1.26045e+00
100 -0.25275  1.74938e+01 |

Intermediate statistics: 100 variables; iteration 20; function evaluation 27; phase 3
Function value 5.8565086e+02; maximum gradient component mag -3.2654e+02
Var    Value     Gradient |Var    Value     Gradient |Var    Value     Gradient
  1  0.63373 -3.26544e+02 |  2  0.00003  1.13287e+01 |  3  0.00012  1.14210e+01
  4  0.00019  1.14636e+01 |  5  0.00019  1.14082e+01 |  6  0.00015  1.12627e+01
  7  0.00012  1.11211e+01 |  8  0.00017  1.11002e+01 |  9  0.00031  1.11836e+01
 10  0.00103  1.11575e+01 | 11  0.00056  1.09084e+01 | 12  0.00039  1.06184e+01
 13  0.00014  1.04914e+01 | 14  0.00003  1.04135e+01 | 15 -0.00022  1.03098e+01
 16 -0.00037  1.01723e+01 | 17  0.00144  9.85198e+00 | 18  0.00849  9.06906e+00
 19  0.00908  8.84362e+00 | 20  0.00673  8.86393e+00 | 21  0.00898  8.40747e+00
 22  0.00389  8.37265e+00 | 23  0.00478  8.24342e+00 | 24  0.00508  7.86598e+00
 25  0.00478  7.54218e+00 | 26  0.00442  7.22976e+00 | 27  0.00415  6.91460e+00
 28  0.00216  6.77417e+00 | 29  0.00495  5.92622e+00 | 30  0.01420  4.19402e+00
 31  0.00429  5.23994e+00 | 32  0.00630  4.45401e+00 | 33 -0.00052  4.79314e+00
 34 -0.00816  5.32959e+00 | 35  0.02933 -2.62881e+00 | 36  0.01553  9.09726e-02
 37  0.01138 -4.79664e-01 | 38  0.03945 -3.81822e+00 | 39  0.00121 -2.93824e-02
 40 -0.00795  1.00849e+00 | 41 -0.00417  1.57470e-01 | 42 -0.00594 -2.92047e-01
 43 -0.01309  2.19311e-01 | 44 -0.00787 -1.93797e+00 | 45 -0.00901 -3.51420e+00
 46 -0.00439 -3.51652e+00 | 47 -0.00805 -3.34410e+00 | 48 -0.00474 -5.05162e+00
 49  0.01324 -1.05927e+01 | 50 -0.02101 -2.86923e+00 | 51 -0.01085 -4.48901e+00
 52 -0.00710 -6.04576e+00 | 53  0.00927 -1.11464e+01 | 54  0.01183 -1.28082e+01
 55 -0.02282 -3.43242e+00 | 56  0.00887 -1.11851e+01 | 57 -0.00672 -6.97724e+00
 58 -0.01210 -5.85645e+00 | 59 -0.00572 -9.84175e+00 | 60  0.02577 -3.41614e+01
 61 -0.02759 -2.87413e+00 | 62 -0.00930 -8.25168e+00 | 63 -0.02370 -2.73354e+00
 64  0.01362 -2.06063e+01 | 65  0.01187 -1.62453e+01 | 66 -0.02249 -3.39036e-01
 67  0.04957 -6.50369e+01 | 68  0.00717 -9.46884e+00 | 69 -0.00637 -2.63898e+01
 70 -0.01957  5.94000e-01 | 71 -0.01754 -1.46163e+01 | 72 -0.02961  1.10614e+00
 73 -0.00117 -8.87477e+00 | 74 -0.01797 -3.48389e+00 | 75 -0.02006 -6.48231e+00
 76  0.01059 -1.51790e+01 | 77 -0.00628 -1.12779e+01 | 78  0.00389 -1.01268e+01
 79 -0.01352 -5.53383e+00 | 80 -0.02629  3.11780e+00 | 81  0.01722 -1.03251e+00
 82 -0.02887  6.29223e+00 | 83  0.01132  1.22292e+00 | 84  0.00846  5.34743e+00
 85 -0.00920  2.31964e+00 | 86  0.02760  1.04855e+01 | 87  0.02506  1.66944e+00
 88 -0.04849  1.10794e+01 | 89  0.02378  6.16540e+00 | 90 -0.00326  1.31906e+01
 91 -0.03627  1.32053e+01 | 92  0.03731  9.29696e+00 | 93  0.01960  1.07638e+01
 94 -0.00068  1.17728e+01 | 95 -0.00009  1.14807e+01 | 96 -0.00003  1.14422e+01
 97 -0.06340 -2.68362e+01 | 98 -0.43353  4.36046e+01 | 99 -0.28530 -2.20195e+00
100 -0.25613  8.58499e+00 |
100 variables; iteration 40; function evaluation 52; phase 3
Function value 5.8543944e+02; maximum gradient component mag -5.3344e+02
Var    Value     Gradient |Var    Value     Gradient |Var    Value     Gradient
  1  0.63336 -5.33439e+02 |  2 -0.00015  1.66531e+01 |  3  0.00012  1.68728e+01
  4  0.00030  1.69066e+01 |  5  0.00027  1.65885e+01 |  6  0.00007  1.59442e+01
  7 -0.00011  1.52875e+01 |  8  0.00001  1.50078e+01 |  9  0.00041  1.50432e+01
 10  0.00124  1.46585e+01 | 11  0.00054  1.35335e+01 | 12  0.00011  1.22508e+01
 13 -0.00013  1.14842e+01 | 14 -0.00015  1.08244e+01 | 15 -0.00037  1.00324e+01
 16 -0.00056  9.13414e+00 | 17  0.00124  7.91707e+00 | 18  0.00768  4.81945e+00
 19  0.00860  4.50206e+00 | 20  0.00585  4.17638e+00 | 21  0.00766  2.04387e+00
 22  0.00342  3.03492e+00 | 23  0.00417  2.70531e+00 | 24  0.00431  1.49501e+00
 25  0.00391  6.11201e-01 | 26  0.00343 -1.66896e-01 | 27  0.00300 -8.83020e-01
 28  0.00110 -7.03178e-01 | 29  0.00600  4.39112e-01 | 30  0.01339 -5.48997e+00
 31  0.00315 -3.01744e+00 | 32  0.00473 -4.69533e+00 | 33 -0.00132 -1.95821e+00
 34 -0.00908 -3.28026e-02 | 35  0.03018 -1.26023e+01 | 36  0.01242 -1.14465e+01
 37  0.00917 -9.17672e+00 | 38  0.04317 -1.56905e+01 | 39  0.00232 -3.06095e+00
 40 -0.00851 -3.28296e+00 | 41 -0.00486 -5.12190e+00 | 42 -0.00588 -4.28403e+00
 43 -0.01342 -3.12958e+00 | 44 -0.00783 -5.21153e+00 | 45 -0.00913 -6.14871e+00
 46 -0.00322 -5.50281e+00 | 47 -0.00725 -5.09474e+00 | 48 -0.00424 -7.19371e+00
 49  0.01496 -1.34729e+01 | 50 -0.02095 -3.01336e+00 | 51 -0.01012 -5.09251e+00
 52 -0.00623 -6.71619e+00 | 53  0.00933 -1.45187e+01 | 54  0.01375 -1.39933e+01
 55 -0.02224 -1.78198e+00 | 56  0.01054 -1.20643e+01 | 57 -0.00602 -7.14163e+00
 58 -0.01224 -6.75655e+00 | 59 -0.00557 -9.93316e+00 | 60  0.02864 -2.69480e+01
 61 -0.02976 -8.01924e+00 | 62 -0.00898 -8.12872e+00 | 63 -0.02310  2.09374e-01
 64  0.01373 -2.48043e+01 | 65  0.01207 -1.93601e+01 | 66 -0.02280 -1.37222e+00
 67  0.05159 -3.03417e+01 | 68  0.00745 -7.42518e+00 | 69 -0.00581 -2.03496e+01
 70 -0.01927  4.84753e+00 | 71 -0.01703 -6.35095e+00 | 72 -0.03026 -5.12739e+00
 73 -0.00112 -9.01282e+00 | 74 -0.01798 -2.04061e+00 | 75 -0.01964  3.66632e+00
 76  0.01104 -6.29810e+00 | 77 -0.00656 -1.70349e+01 | 78  0.00401 -7.74425e+00
 79 -0.01276  1.04988e+01 | 80 -0.02644  5.07585e+00 | 81  0.01684 -1.22076e+01
 82 -0.02883  9.91656e+00 | 83  0.01123  5.31406e-02 | 84  0.00805 -5.78329e-01
 85 -0.00880  1.37552e+01 | 86  0.02738  6.94616e+00 | 87  0.02499  2.47810e+00
 88 -0.04814  1.85710e+01 | 89  0.02382  1.15148e+01 | 90 -0.00364  1.35073e+01
 91 -0.03576  2.51601e+01 | 92  0.03678  8.32080e+00 | 93  0.01941  1.70972e+01
 94 -0.00030  1.84835e+01 | 95 -0.00027  1.75013e+01 | 96 -0.00021  1.74757e+01
 97 -0.06557 -3.68172e+01 | 98 -0.43505  5.11961e+01 | 99 -0.28593  1.93810e+00
100 -0.25715 -5.10610e+00 |
100 variables; iteration 60; function evaluation 81; phase 3
Function value 5.8527190e+02; maximum gradient component mag -7.5948e+02
Var    Value     Gradient |Var    Value     Gradient |Var    Value     Gradient
  1  0.63331 -7.59479e+02 |  2  0.00029  2.29950e+01 |  3  0.00010  2.23064e+01
  4 -0.00001  2.16708e+01 |  5  0.00001  2.11295e+01 |  6  0.00009  2.05671e+01
  7  0.00011  1.97840e+01 |  8  0.00004  1.87310e+01 |  9 -0.00000  1.75552e+01
 10  0.00064  1.61867e+01 | 11  0.00019  1.47225e+01 | 12  0.00011  1.31105e+01
 13 -0.00020  1.13532e+01 | 14 -0.00055  9.27480e+00 | 15 -0.00109  7.10497e+00
 16 -0.00153  4.96477e+00 | 17  0.00016  2.49502e+00 | 18  0.00803 -8.63250e-01
 19  0.00840 -2.41364e+00 | 20  0.00578 -2.25409e+00 | 21  0.00908 -4.42756e+00
 22  0.00233 -6.19937e+00 | 23  0.00346 -6.17252e+00 | 24  0.00375 -8.04397e+00
 25  0.00331 -9.51936e+00 | 26  0.00286 -1.06527e+01 | 27  0.00258 -1.14500e+01
 28 -0.00021 -1.19141e+01 | 29  0.00224 -1.43937e+01 | 30  0.01339 -1.91905e+01
 31  0.00355 -1.32999e+01 | 32  0.00600 -1.44862e+01 | 33 -0.00241 -1.21695e+01
 34 -0.01011 -8.22793e+00 | 35  0.02969 -3.07061e+01 | 36  0.01306 -2.24812e+01
 37  0.00828 -1.98753e+01 | 38  0.04593 -3.79199e+01 | 39 -0.00144 -1.54394e+01
 40 -0.00866 -9.69873e+00 | 41 -0.00487 -1.25996e+01 | 42 -0.00682 -1.26849e+01
 43 -0.01340 -8.64721e+00 | 44 -0.00765 -1.12383e+01 | 45 -0.00830 -1.00448e+01
 46 -0.00482 -1.43703e+01 | 47 -0.00817 -1.18557e+01 | 48 -0.00436 -1.32418e+01
 49  0.01415 -2.38728e+01 | 50 -0.02115 -5.10552e+00 | 51 -0.01105 -9.95572e+00
 52 -0.00624 -1.02944e+01 | 53  0.01241 -1.71862e+01 | 54  0.01423 -1.89612e+01
 55 -0.02298 -3.77816e+00 | 56  0.01036 -1.80778e+01 | 57 -0.00573 -9.60157e+00
 58 -0.01091 -6.02078e+00 | 59 -0.00434 -8.91587e+00 | 60  0.03009 -2.77270e+01
 61 -0.02713  6.98359e-01 | 62 -0.00813 -6.53326e+00 | 63 -0.02307  1.30835e+00
 64  0.01607 -1.53757e+01 | 65  0.01301 -1.53011e+01 | 66 -0.02251  1.11470e+00
 67  0.05191 -3.58128e+01 | 68  0.00749 -8.07582e+00 | 69 -0.00473  1.00214e+00
 70 -0.01977  2.94843e+00 | 71 -0.01669  5.12970e+00 | 72 -0.02968  8.02314e+00
 73 -0.00101 -3.36807e-01 | 74 -0.01789  5.58507e+00 | 75 -0.01965  9.61586e+00
 76  0.01097 -8.17991e-01 | 77 -0.00577  7.73933e+00 | 78  0.00444  8.48144e+00
 79 -0.01317  9.51813e+00 | 80 -0.02637  1.29851e+01 | 81  0.01719  5.54773e+00
 82 -0.02909  1.47776e+01 | 83  0.01141  1.25261e+01 | 84  0.00828  1.18528e+01
 85 -0.00880  2.05743e+01 | 86  0.02722  1.17791e+01 | 87  0.02525  1.66771e+01
 88 -0.04896  2.02110e+01 | 89  0.02393  2.13977e+01 | 90 -0.00375  1.85673e+01
 91 -0.03643  2.41733e+01 | 92  0.03761  2.46600e+01 | 93  0.01969  2.41918e+01
 94 -0.00040  2.47696e+01 | 95  0.00028  2.49590e+01 | 96  0.00037  2.49770e+01
 97 -0.06685 -4.78401e+01 | 98 -0.43615  6.07662e+01 | 99 -0.28541 -9.18294e-01
100 -0.25677  2.93586e-01 |
Maximum number of function evaluations exceeded

 - final statistics:
100 variables; iteration 74; function evaluation 100
Function value 5.8521e+02; maximum gradient component mag -3.9801e+02
Exit code = 3;  converg criter 1.0000e+00
Var    Value     Gradient |Var    Value     Gradient |Var    Value     Gradient
  1  0.63347 -3.98013e+02 |  2  0.00006  1.19595e+01 |  3  0.00003  1.17364e+01
  4  0.00001  1.14850e+01 |  5 -0.00001  1.11987e+01 |  6 -0.00001  1.08865e+01
  7  0.00001  1.05616e+01 |  8 -0.00002  1.00842e+01 |  9 -0.00029  9.17373e+00
 10  0.00006  8.12489e+00 | 11 -0.00020  7.72754e+00 | 12 -0.00022  7.10416e+00
 13 -0.00063  6.16977e+00 | 14 -0.00077  5.40881e+00 | 15 -0.00124  4.35124e+00
 16 -0.00194  2.80418e+00 | 17 -0.00000  1.92050e+00 | 18  0.00762  5.49324e-01
 19  0.00760 -8.47395e-01 | 20  0.00560 -1.30043e-01 | 21  0.00866 -6.42076e-01
 22  0.00275 -1.69137e+00 | 23  0.00350 -2.00146e+00 | 24  0.00391 -2.77653e+00
 25  0.00381 -3.21814e+00 | 26  0.00320 -4.09395e+00 | 27  0.00243 -5.16931e+00
 28  0.00017 -5.48142e+00 | 29  0.00272 -6.91359e+00 | 30  0.01415 -7.67822e+00
 31  0.00205 -7.64419e+00 | 32  0.00442 -8.20024e+00 | 33 -0.00261 -6.77740e+00
 34 -0.01088 -5.76539e+00 | 35  0.02776 -1.72129e+01 | 36  0.01553 -1.01626e+01
 37  0.00875 -1.16242e+01 | 38  0.04513 -1.44947e+01 | 39 -0.00058 -8.99124e+00
 40 -0.00953 -7.33032e+00 | 41 -0.00518 -7.96568e+00 | 42 -0.00661 -7.55478e+00
 43 -0.01407 -6.35815e+00 | 44 -0.00824 -7.45442e+00 | 45 -0.01069 -1.03452e+01
 46 -0.00433 -8.79398e+00 | 47 -0.00776 -7.53356e+00 | 48 -0.00373 -7.73909e+00
 49  0.01516 -1.24799e+01 | 50 -0.02104 -4.58300e+00 | 51 -0.00967 -5.86545e+00
 52 -0.00539 -6.48934e+00 | 53  0.01067 -1.23772e+01 | 54  0.01390 -1.26613e+01
 55 -0.02283 -4.39125e+00 | 56  0.01209 -9.28439e+00 | 57 -0.00530 -6.93090e+00
 58 -0.01063 -4.93425e+00 | 59 -0.00421 -7.04589e+00 | 60  0.02999 -1.73527e+01
 61 -0.02630  5.89450e-01 | 62 -0.00759 -4.28993e+00 | 63 -0.02340 -2.49512e+00
 64  0.01631 -9.08904e+00 | 65  0.01371 -5.86458e+00 | 66 -0.02191  1.37366e+00
 67  0.05180 -2.44623e+01 | 68  0.00757 -5.93552e+00 | 69 -0.00456  3.84790e+00
 70 -0.01980 -7.86687e-02 | 71 -0.01672  2.59245e+00 | 72 -0.02978  2.74803e+00
 73 -0.00107 -9.38445e-01 | 74 -0.01784  3.22721e+00 | 75 -0.01991  1.40310e+00
 76  0.01094 -8.73601e-01 | 77 -0.00565  8.01824e+00 | 78  0.00396 -2.44120e+00
 79 -0.01311  6.61360e+00 | 80 -0.02613  9.21181e+00 | 81  0.01724  5.93044e+00
 82 -0.02873  1.12399e+01 | 83  0.01135  7.09576e+00 | 84  0.00854  1.08129e+01
 85 -0.00908  7.27718e+00 | 86  0.02732  7.37314e+00 | 87  0.02531  1.08518e+01
 88 -0.04818  1.44296e+01 | 89  0.02401  1.21098e+01 | 90 -0.00266  2.00322e+01
 91 -0.03632  1.17922e+01 | 92  0.03795  1.38560e+01 | 93  0.02026  1.62129e+01
 94 -0.00087  1.20680e+01 | 95  0.00005  1.28976e+01 | 96  0.00012  1.28977e+01
 97 -0.06742 -2.73302e+01 | 98 -0.43649  3.66957e+01 | 99 -0.28587 -1.94055e+00
100 -0.25685  1.99440e+00 |

Initial statistics: 108 variables; iteration 0; function evaluation 0; phase 4
Function value 5.8520589e+02; maximum gradient component mag -3.9801e+02
Var    Value     Gradient |Var    Value     Gradient |Var    Value     Gradient
  1 -0.42263 -9.44701e+01 |  2 -0.42263 -1.29903e+02 |  3 -0.41094 -1.38979e+02
  4  0.63347 -3.98013e+02 |  5  0.00000 -1.74201e+00 |  6  0.00000 -5.32598e-01
  7  0.00000 -4.67591e-01 |  8  0.00000 -2.19916e+00 |  9  0.00000 -6.92644e-01
 10  0.00006  1.20200e+01 | 11  0.00003  1.17969e+01 | 12  0.00001  1.15455e+01
 13 -0.00001  1.12592e+01 | 14 -0.00001  1.09470e+01 | 15  0.00001  1.06220e+01
 16 -0.00002  1.01447e+01 | 17 -0.00029  9.23423e+00 | 18  0.00006  8.18538e+00
 19 -0.00020  7.78804e+00 | 20 -0.00022  7.16465e+00 | 21 -0.00063  6.23027e+00
 22 -0.00077  5.46931e+00 | 23 -0.00124  4.41173e+00 | 24 -0.00194  2.86468e+00
 25 -0.00000  1.98099e+00 | 26  0.00762  6.09815e-01 | 27  0.00760 -7.86904e-01
 28  0.00560 -6.95505e-02 | 29  0.00866 -5.81586e-01 | 30  0.00275 -1.63088e+00
 31  0.00350 -1.94097e+00 | 32  0.00392 -2.71604e+00 | 33  0.00381 -3.15765e+00
 34  0.00321 -4.03346e+00 | 35  0.00243 -5.10882e+00 | 36  0.00017 -5.42092e+00
 37  0.00272 -6.85309e+00 | 38  0.01415 -7.61774e+00 | 39  0.00205 -7.58369e+00
 40  0.00442 -8.13975e+00 | 41 -0.00261 -6.71691e+00 | 42 -0.01087 -5.70490e+00
 43  0.02776 -1.71524e+01 | 44  0.01554 -1.01021e+01 | 45  0.00875 -1.15637e+01
 46  0.04514 -1.44344e+01 | 47 -0.00058 -8.93075e+00 | 48 -0.00953 -7.26983e+00
 49 -0.00518 -7.90519e+00 | 50 -0.00661 -7.49429e+00 | 51 -0.01407 -6.29767e+00
 52 -0.00824 -7.39393e+00 | 53 -0.01069 -1.02848e+01 | 54 -0.00433 -8.73348e+00
 55 -0.00776 -7.47307e+00 | 56 -0.00373 -7.67859e+00 | 57  0.01516 -1.24194e+01
 58 -0.02104 -4.52254e+00 | 59 -0.00967 -5.80496e+00 | 60 -0.00539 -6.42884e+00
 61  0.01067 -1.23167e+01 | 62  0.01390 -1.26008e+01 | 63 -0.02283 -4.33079e+00
 64  0.01209 -9.22390e+00 | 65 -0.00530 -6.87040e+00 | 66 -0.01063 -4.87376e+00
 67 -0.00420 -6.98539e+00 | 68  0.02999 -1.72923e+01 | 69 -0.02630  6.49894e-01
 70 -0.00759 -4.22944e+00 | 71 -0.02340 -2.43467e+00 | 72  0.01631 -9.02856e+00
 73  0.01372 -5.80410e+00 | 74 -0.02191  1.43412e+00 | 75  0.05180 -2.44020e+01
 76  0.00758 -5.87503e+00 | 77 -0.00456  3.90839e+00 | 78 -0.01980 -1.82028e-02
 79 -0.01671  2.65293e+00 | 80 -0.02978  2.80846e+00 | 81 -0.00107 -8.77950e-01
 82 -0.01784  3.28768e+00 | 83 -0.01991  1.46357e+00 | 84  0.01094 -8.13115e-01
 85 -0.00565  8.07873e+00 | 86  0.00396 -2.38071e+00 | 87 -0.01311  6.67409e+00
 88 -0.02612  9.27226e+00 | 89  0.01724  5.99092e+00 | 90 -0.02873  1.13003e+01
 91  0.01136  7.15624e+00 | 92  0.00854  1.08734e+01 | 93 -0.00908  7.33767e+00
 94  0.02733  7.43358e+00 | 95  0.02531  1.09123e+01 | 96 -0.04818  1.44900e+01
 97  0.02401  1.21703e+01 | 98 -0.00266  2.00927e+01 | 99 -0.03632  1.18526e+01
100  0.03795  1.39164e+01 |101  0.02026  1.62733e+01 |102 -0.00087  1.21285e+01
103  0.00005  1.29581e+01 |104  0.00012  1.29582e+01 |105 -0.06742 -2.73302e+01
106 -0.43649  3.66957e+01 |107 -0.28587 -1.94055e+00 |108 -0.25685  1.99440e+00

Intermediate statistics: 108 variables; iteration 20; function evaluation 26; phase 4
Function value 5.8423777e+02; maximum gradient component mag 1.3169e+02
Var    Value     Gradient |Var    Value     Gradient |Var    Value     Gradient
  1 -0.41918  8.19463e+01 |  2 -0.42982  1.31691e+02 |  3 -0.40121  1.21149e+02
  4  0.63726 -3.51499e-01 |  5 -0.00026 -8.05180e-02 |  6  0.00004 -8.75511e-03
  7 -0.00007 -2.00426e-02 |  8  0.00103  6.16864e-02 |  9 -0.00011 -3.05132e-02
 10  0.00013  3.93308e-01 | 11  0.00010  3.86997e-01 | 12  0.00007  3.78202e-01
 13  0.00002  3.66339e-01 | 14 -0.00003  3.49524e-01 | 15 -0.00009  3.24893e-01
 16 -0.00016  3.01632e-01 | 17 -0.00023  3.05819e-01 | 18  0.00033  3.10300e-01
 19 -0.00022  2.41229e-01 | 20 -0.00047  1.70709e-01 | 21 -0.00093  1.23554e-01
 22 -0.00131  3.07524e-02 | 23 -0.00177 -1.42592e-02 | 24 -0.00196  7.83863e-02
 25 -0.00020  4.72526e-02 | 26  0.00650 -2.52356e-01 | 27  0.00690 -3.83098e-01
 28  0.00466 -4.71273e-01 | 29  0.00658 -8.28578e-01 | 30  0.00163 -5.01484e-01
 31  0.00260 -4.45540e-01 | 32  0.00279 -5.78283e-01 | 33  0.00241 -7.31554e-01
 34  0.00210 -6.71997e-01 | 35  0.00185 -6.04710e-01 | 36  0.00035 -2.83673e-01
 37  0.00368  4.03758e-01 | 38  0.01156 -2.27142e+00 | 39  0.00298 -1.26486e-01
 40  0.00488 -5.54138e-01 | 41 -0.00133 -1.09820e-01 | 42 -0.00868  4.20745e-01
 43  0.02907  3.19485e-01 | 44  0.01604 -1.83003e-01 | 45  0.01471  1.40900e+00
 46  0.03030 -8.16850e+00 | 47  0.00180 -4.58444e-01 | 48 -0.00797  9.29429e-01
 49 -0.00383  2.05508e-01 | 50 -0.00542 -4.27033e-02 | 51 -0.01244  2.70725e-01
 52 -0.00764 -3.83448e-01 | 53 -0.00824  1.12832e+00 | 54 -0.00235  4.80640e-02
 55 -0.00571  3.12539e-01 | 56 -0.00228  1.03917e-01 | 57  0.01472 -1.34554e+00
 58 -0.01913 -3.29948e-01 | 59 -0.00781  2.24759e-01 | 60 -0.00313  4.98971e-01
 61  0.01421  1.39120e+00 | 62  0.01457 -1.83568e+00 | 63 -0.01978  9.31329e-01
 64  0.01274  2.20652e-01 | 65 -0.00374  3.26195e-01 | 66 -0.00951  2.79189e-01
 67 -0.00240  2.40166e+00 | 68  0.02986  1.10768e-01 | 69 -0.02630 -7.69386e-01
 70 -0.00704  6.93602e-01 | 71 -0.02205  2.11237e+00 | 72  0.01584  3.46923e+00
 73  0.01344  3.50967e+00 | 74 -0.02216  3.45667e+00 | 75  0.05130  2.14380e+00
 76  0.00662 -4.03275e+00 | 77 -0.00583 -5.44328e+00 | 78 -0.02066 -2.59549e+00
 79 -0.01744  1.37617e+00 | 80 -0.03002  1.20338e+00 | 81 -0.00127  7.34804e+00
 82 -0.01836  1.03450e+00 | 83 -0.01985  6.86458e+00 | 84  0.01079  6.83626e+00
 85 -0.00616  1.71545e+00 | 86  0.00403  3.92049e+00 | 87 -0.01345  3.64008e+00
 88 -0.02635  2.49238e+00 | 89  0.01634 -5.89953e+00 | 90 -0.02923  1.30279e+00
 91  0.01122  1.09940e+01 | 92  0.00746 -4.72717e+00 | 93 -0.00932  5.45632e+00
 94  0.02675  5.60425e+00 | 95  0.02404 -9.23573e+00 | 96 -0.04943  2.14534e+00
 97  0.02282 -5.49274e-01 | 98 -0.00462 -4.37813e+00 | 99 -0.03723  1.77238e+00
100  0.03680 -2.09895e-02 |101  0.01898  7.37953e-01 |102 -0.00076  3.92115e-01
103  0.00018  4.26083e-01 |104  0.00025  4.26013e-01 |105 -0.06679  1.80707e+00
106 -0.43696  1.45803e+00 |107 -0.29513  1.50450e+01 |108 -0.26340 -2.59526e+01
108 variables; iteration 40; function evaluation 48; phase 4
Function value 5.8409608e+02; maximum gradient component mag -4.1795e+02
Var    Value     Gradient |Var    Value     Gradient |Var    Value     Gradient
  1 -0.41967 -1.67254e+00 |  2 -0.42903 -4.17951e+02 |  3 -0.40328 -1.45842e+02
  4  0.63730 -3.63560e+02 |  5 -0.00018 -2.34156e+00 |  6  0.00002 -5.78094e-01
  7 -0.00005 -6.30019e-01 |  8  0.00057 -1.43415e+00 |  9 -0.00007 -9.34327e-01
 10 -0.00003  1.05599e+01 | 11 -0.00006  1.03025e+01 | 12 -0.00009  9.99930e+00
 13 -0.00012  9.64137e+00 | 14 -0.00015  9.22463e+00 | 15 -0.00018  8.74532e+00
 16 -0.00024  8.14390e+00 | 17 -0.00039  7.31872e+00 | 18  0.00008  6.33799e+00
 19 -0.00036  5.54270e+00 | 20 -0.00053  4.56187e+00 | 21 -0.00098  3.42641e+00
 22 -0.00130  2.25528e+00 | 23 -0.00179  9.83543e-01 | 24 -0.00218 -3.90640e-01
 25 -0.00046 -1.93934e+00 | 26  0.00653 -4.35419e+00 | 27  0.00669 -5.39437e+00
 28  0.00454 -5.04018e+00 | 29  0.00698 -6.69607e+00 | 30  0.00176 -6.80966e+00
 31  0.00265 -6.91678e+00 | 32  0.00292 -7.97501e+00 | 33  0.00261 -8.71597e+00
 34  0.00219 -9.31113e+00 | 35  0.00176 -9.72223e+00 | 36  0.00010 -9.41160e+00
 37  0.00332 -1.03243e+01 | 38  0.01228 -1.40515e+01 | 39  0.00265 -1.04445e+01
 40  0.00485 -1.09241e+01 | 41 -0.00141 -8.24648e+00 | 42 -0.00906 -5.78106e+00
 43  0.02788 -2.06698e+01 | 44  0.01699 -1.22914e+01 | 45  0.01350 -1.17808e+01
 46  0.03311 -2.48518e+01 | 47  0.00270 -6.49819e+00 | 48 -0.00938 -7.00300e+00
 49 -0.00397 -6.75729e+00 | 50 -0.00553 -6.49069e+00 | 51 -0.01293 -4.94735e+00
 52 -0.00810 -6.57199e+00 | 53 -0.00817 -3.50970e+00 | 54 -0.00229 -5.66297e+00
 55 -0.00559 -4.09045e+00 | 56 -0.00219 -4.79128e+00 | 57  0.01515 -1.00019e+01
 58 -0.01919 -2.51162e-01 | 59 -0.00747 -1.51848e+00 | 60 -0.00325 -2.76481e+00
 61  0.01345 -7.13568e+00 | 62  0.01477 -7.62649e+00 | 63 -0.01966  2.44591e+00
 64  0.01231 -6.61278e+00 | 65 -0.00435 -2.59377e+00 | 66 -0.00991 -1.01005e+00
 67 -0.00252 -1.22003e-01 | 68  0.03065 -5.13122e+00 | 69 -0.02490  7.40618e+00
 70 -0.00759 -1.76125e+00 | 71 -0.02235  2.95246e+00 | 72  0.01592 -1.58539e+00
 73  0.01321 -1.53771e+00 | 74 -0.02223  5.11355e+00 | 75  0.05120 -1.54197e+01
 76  0.00672 -3.11964e+00 | 77 -0.00558  1.03261e+00 | 78 -0.02054  2.78639e+00
 79 -0.01721  7.53870e+00 | 80 -0.03033  1.69988e+00 | 81 -0.00131  5.48591e+00
 82 -0.01840  3.44630e+00 | 83 -0.01998  8.50088e+00 | 84  0.01066  3.15305e+00
 85 -0.00617  6.23092e+00 | 86  0.00414  8.36192e+00 | 87 -0.01334  1.06723e+01
 88 -0.02643  8.22049e+00 | 89  0.01661  5.02306e+00 | 90 -0.02932  8.04177e+00
 91  0.01107  1.01901e+01 | 92  0.00759  4.92214e+00 | 93 -0.00935  1.21106e+01
 94  0.02690  1.19379e+01 | 95  0.02444  8.30971e+00 | 96 -0.04941  1.23126e+01
 97  0.02305  1.12043e+01 | 98 -0.00441  8.20270e+00 | 99 -0.03699  1.41006e+01
100  0.03713  1.30491e+01 |101  0.01932  1.50549e+01 |102 -0.00050  1.23528e+01
103  0.00001  1.17252e+01 |104  0.00007  1.17198e+01 |105 -0.06928 -2.22241e+01
106 -0.43844  2.54653e+01 |107 -0.29242  5.44182e+00 |108 -0.26167 -7.91076e+00
108 variables; iteration 60; function evaluation 78; phase 4
Function value 5.8405954e+02; maximum gradient component mag -3.1771e+02
Var    Value     Gradient |Var    Value     Gradient |Var    Value     Gradient
  1 -0.41936 -1.48857e+01 |  2 -0.42864 -3.17712e+02 |  3 -0.40464 -1.23494e+02
  4  0.63744 -2.57400e+02 |  5 -0.00031 -1.78111e+00 |  6  0.00005 -3.60315e-01
  7 -0.00009 -4.82701e-01 |  8  0.00121 -1.94596e-01 |  9 -0.00013 -7.15386e-01
 10  0.00014  7.64557e+00 | 11  0.00011  7.47011e+00 | 12  0.00007  7.25462e+00
 13  0.00003  6.99227e+00 | 14 -0.00003  6.67119e+00 | 15 -0.00011  6.27759e+00
 16 -0.00019  5.83851e+00 | 17 -0.00021  5.41672e+00 | 18  0.00037  4.87392e+00
 19 -0.00023  4.13479e+00 | 20 -0.00050  3.33140e+00 | 21 -0.00096  2.53290e+00
 22 -0.00136  1.62830e+00 | 23 -0.00183  7.66970e-01 | 24 -0.00206 -1.71383e-02
 25 -0.00045 -1.28484e+00 | 26  0.00664 -2.77432e+00 | 27  0.00652 -3.88378e+00
 28  0.00453 -3.45125e+00 | 29  0.00741 -3.86938e+00 | 30  0.00198 -4.26364e+00
 31  0.00288 -4.35726e+00 | 32  0.00311 -5.12566e+00 | 33  0.00266 -5.83403e+00
 34  0.00225 -6.26155e+00 | 35  0.00180 -6.59756e+00 | 36  0.00001 -6.59137e+00
 37  0.00362 -6.80125e+00 | 38  0.01228 -9.58579e+00 | 39  0.00287 -6.93986e+00
 40  0.00449 -7.89913e+00 | 41 -0.00149 -5.66438e+00 | 42 -0.00901 -3.83127e+00
 43  0.02847 -1.39081e+01 | 44  0.01621 -8.97348e+00 | 45  0.01361 -7.93342e+00
 46  0.03372 -1.79837e+01 | 47  0.00188 -4.73277e+00 | 48 -0.00853 -4.06015e+00
 49 -0.00436 -5.24520e+00 | 50 -0.00565 -4.69239e+00 | 51 -0.01269 -3.26460e+00
 52 -0.00781 -4.36791e+00 | 53 -0.00857 -3.30334e+00 | 54 -0.00251 -4.33685e+00
 55 -0.00586 -3.30566e+00 | 56 -0.00234 -3.75683e+00 | 57  0.01496 -7.58912e+00
 58 -0.01940 -6.16280e-01 | 59 -0.00792 -1.75708e+00 | 60 -0.00327 -2.15145e+00
 61  0.01375 -5.12486e+00 | 62  0.01472 -5.18340e+00 | 63 -0.02039  2.34884e-01
 64  0.01279 -4.36368e+00 | 65 -0.00400 -1.57364e+00 | 66 -0.01036 -1.90874e+00
 67 -0.00279 -1.09232e+00 | 68  0.02992 -6.08220e+00 | 69 -0.02568  4.08513e+00
 70 -0.00682  1.24882e+00 | 71 -0.02218  2.07264e+00 | 72  0.01563 -2.70682e+00
 73  0.01319 -1.60741e+00 | 74 -0.02234  2.62260e+00 | 75  0.05122 -1.21920e+01
 76  0.00677 -1.85386e+00 | 77 -0.00559  9.19084e-01 | 78 -0.02050  2.21577e+00
 79 -0.01735  3.61286e+00 | 80 -0.03012  2.18289e+00 | 81 -0.00135  3.25403e+00
 82 -0.01833  2.14606e+00 | 83 -0.02008  4.89871e+00 | 84  0.01065  9.38361e-01
 85 -0.00622  4.37201e+00 | 86  0.00400  3.58821e+00 | 87 -0.01352  5.52795e+00
 88 -0.02600  9.64210e+00 | 89  0.01666  5.04150e+00 | 90 -0.02932  4.63670e+00
 91  0.01108  6.96368e+00 | 92  0.00765  3.77128e+00 | 93 -0.00941  7.80390e+00
 94  0.02683  6.21334e+00 | 95  0.02445  6.95879e+00 | 96 -0.04943  8.83406e+00
 97  0.02301  7.93261e+00 | 98 -0.00433  6.85099e+00 | 99 -0.03711  1.00170e+01
100  0.03697  8.38035e+00 |101  0.01906  1.01626e+01 |102 -0.00076  8.35820e+00
103  0.00020  8.48660e+00 |104  0.00027  8.49186e+00 |105 -0.06637 -1.61271e+01
106 -0.43673  1.88309e+01 |107 -0.29351  1.42790e+00 |108 -0.26227 -2.66401e+00
Maximum number of function evaluations exceeded

 - final statistics:
108 variables; iteration 73; function evaluation 100
Function value 5.8405e+02; maximum gradient component mag -1.5170e+02
Exit code = 3;  converg criter 1.0000e+00
Var    Value     Gradient |Var    Value     Gradient |Var    Value     Gradient
  1 -0.41925 -1.11437e+01 |  2 -0.42843 -1.51695e+02 |  3 -0.40525 -6.40030e+01
  4  0.63734 -1.19437e+02 |  5 -0.00024 -7.24581e-01 |  6  0.00004 -1.70001e-01
  7 -0.00007 -1.97029e-01 |  8  0.00092 -3.33715e-01 |  9 -0.00010 -2.91415e-01
 10  0.00003  3.46479e+00 | 11  0.00000  3.38586e+00 | 12 -0.00003  3.29207e+00
 13 -0.00007  3.18088e+00 | 14 -0.00011  3.05065e+00 | 15 -0.00016  2.90017e+00
 16 -0.00023  2.71718e+00 | 17 -0.00032  2.47701e+00 | 18  0.00020  2.18741e+00
 19 -0.00030  1.94126e+00 | 20 -0.00051  1.64337e+00 | 21 -0.00095  1.30509e+00
 22 -0.00128  9.54306e-01 | 23 -0.00173  5.89006e-01 | 24 -0.00199  2.16288e-01
 25 -0.00015 -1.42160e-01 | 26  0.00659 -1.13082e+00 | 27  0.00708 -1.10278e+00
 28  0.00483 -1.12307e+00 | 29  0.00690 -1.90545e+00 | 30  0.00177 -1.88522e+00
 31  0.00270 -1.90116e+00 | 32  0.00291 -2.30541e+00 | 33  0.00271 -2.39337e+00
 34  0.00229 -2.64197e+00 | 35  0.00189 -2.79153e+00 | 36  0.00037 -2.48119e+00
 37  0.00356 -2.86267e+00 | 38  0.01217 -4.33067e+00 | 39  0.00287 -2.89958e+00
 40  0.00491 -3.07124e+00 | 41 -0.00153 -2.39285e+00 | 42 -0.00911 -1.65942e+00
 43  0.02871 -5.88819e+00 | 44  0.01586 -4.09009e+00 | 45  0.01355 -3.04685e+00
 46  0.03469 -8.63076e+00 | 47  0.00120 -2.30974e+00 | 48 -0.00834 -1.61916e+00
 49 -0.00402 -2.02016e+00 | 50 -0.00551 -1.89519e+00 | 51 -0.01259 -1.30090e+00
 52 -0.00763 -1.82055e+00 | 53 -0.00868 -1.79750e+00 | 54 -0.00258 -2.08446e+00
 55 -0.00595 -1.64050e+00 | 56 -0.00237 -1.81319e+00 | 57  0.01515 -3.42117e+00
 58 -0.01931 -2.54989e-01 | 59 -0.00799 -9.43888e-01 | 60 -0.00345 -1.27639e+00
 61  0.01376 -2.51205e+00 | 62  0.01460 -2.53957e+00 | 63 -0.02022  9.22494e-02
 64  0.01274 -2.18166e+00 | 65 -0.00394 -6.65026e-01 | 66 -0.00964 -1.17411e-01
 67 -0.00292 -8.39987e-01 | 68  0.02969 -3.49507e+00 | 69 -0.02644  5.28479e-01
 70 -0.00724 -4.20882e-01 | 71 -0.02229  4.74906e-01 | 72  0.01564 -1.34431e+00
 73  0.01318 -9.16274e-01 | 74 -0.02230  1.17820e+00 | 75  0.05136 -4.81446e+00
 76  0.00687 -3.89133e-01 | 77 -0.00555  5.50462e-01 | 78 -0.02044  1.10577e+00
 79 -0.01738  1.06253e+00 | 80 -0.02993  1.84585e+00 | 81 -0.00137  7.73633e-01
 82 -0.01819  1.48384e+00 | 83 -0.02010  1.89998e+00 | 84  0.01073  5.56905e-01
 85 -0.00622  1.71035e+00 | 86  0.00401  1.21853e+00 | 87 -0.01351  2.18140e+00
 88 -0.02636  1.91152e+00 | 89  0.01664  1.97175e+00 | 90 -0.02911  3.03104e+00
 91  0.01105  2.45321e+00 | 92  0.00779  2.50655e+00 | 93 -0.00943  3.10201e+00
 94  0.02686  2.26247e+00 | 95  0.02445  3.05070e+00 | 96 -0.04952  3.81923e+00
 97  0.02299  3.43638e+00 | 98 -0.00426  3.63061e+00 | 99 -0.03729  3.88921e+00
100  0.03692  3.70606e+00 |101  0.01888  4.23184e+00 |102 -0.00080  3.82787e+00
103  0.00008  3.83090e+00 |104  0.00016  3.82983e+00 |105 -0.06505 -7.21005e+00
106 -0.43598  8.50086e+00 |107 -0.29401 -2.69361e-01 |108 -0.26245  4.30469e-01

Initial statistics: 111 variables; iteration 0; function evaluation 0; phase 5
Function value 5.8404921e+02; maximum gradient component mag -1.5170e+02
Var    Value     Gradient |Var    Value     Gradient |Var    Value     Gradient
  1 -0.41925 -1.11437e+01 |  2 -0.42843 -1.51695e+02 |  3 -0.40525 -6.40030e+01
  4 -0.41222 -5.09772e+00 |  5 -0.41222 -2.11062e+01 |  6  0.63734 -1.19437e+02
  7 -0.00024 -7.24581e-01 |  8  0.00004 -1.70001e-01 |  9 -0.00007 -1.97029e-01
 10  0.00092 -3.33715e-01 | 11 -0.00010 -2.91415e-01 | 12  0.00003  3.47164e+00
 13  0.00000  3.39271e+00 | 14 -0.00003  3.29892e+00 | 15 -0.00007  3.18772e+00
 16 -0.00011  3.05749e+00 | 17 -0.00016  2.90702e+00 | 18 -0.00023  2.72403e+00
 19 -0.00032  2.48386e+00 | 20  0.00020  2.19426e+00 | 21 -0.00030  1.94810e+00
 22 -0.00051  1.65022e+00 | 23 -0.00095  1.31194e+00 | 24 -0.00128  9.61154e-01
 25 -0.00173  5.95854e-01 | 26 -0.00199  2.23136e-01 | 27 -0.00015 -1.35312e-01
 28  0.00659 -1.12397e+00 | 29  0.00708 -1.09593e+00 | 30  0.00483 -1.11622e+00
 31  0.00690 -1.89861e+00 | 32  0.00177 -1.87837e+00 | 33  0.00270 -1.89431e+00
 34  0.00291 -2.29856e+00 | 35  0.00271 -2.38652e+00 | 36  0.00229 -2.63512e+00
 37  0.00189 -2.78468e+00 | 38  0.00037 -2.47434e+00 | 39  0.00356 -2.85582e+00
 40  0.01217 -4.32382e+00 | 41  0.00287 -2.89273e+00 | 42  0.00491 -3.06439e+00
 43 -0.00153 -2.38600e+00 | 44 -0.00911 -1.65257e+00 | 45  0.02871 -5.88135e+00
 46  0.01586 -4.08324e+00 | 47  0.01355 -3.04001e+00 | 48  0.03469 -8.62392e+00
 49  0.00120 -2.30289e+00 | 50 -0.00834 -1.61231e+00 | 51 -0.00402 -2.01332e+00
 52 -0.00551 -1.88835e+00 | 53 -0.01259 -1.29406e+00 | 54 -0.00763 -1.81371e+00
 55 -0.00868 -1.79065e+00 | 56 -0.00258 -2.07762e+00 | 57 -0.00595 -1.63365e+00
 58 -0.00237 -1.80634e+00 | 59  0.01515 -3.41432e+00 | 60 -0.01931 -2.48144e-01
 61 -0.00799 -9.37040e-01 | 62 -0.00345 -1.26954e+00 | 63  0.01376 -2.50520e+00
 64  0.01460 -2.53272e+00 | 65 -0.02022  9.90942e-02 | 66  0.01274 -2.17482e+00
 67 -0.00394 -6.58178e-01 | 68 -0.00964 -1.10564e-01 | 69 -0.00292 -8.33139e-01
 70  0.02969 -3.48823e+00 | 71 -0.02644  5.35322e-01 | 72 -0.00724 -4.14034e-01
 73 -0.02229  4.81750e-01 | 74  0.01564 -1.33746e+00 | 75  0.01318 -9.09427e-01
 76 -0.02230  1.18505e+00 | 77  0.05136 -4.80764e+00 | 78  0.00687 -3.82285e-01
 79 -0.00555  5.57310e-01 | 80 -0.02044  1.11261e+00 | 81 -0.01738  1.06938e+00
 82 -0.02993  1.85269e+00 | 83 -0.00137  7.80481e-01 | 84 -0.01819  1.49069e+00
 85 -0.02010  1.90682e+00 | 86  0.01073  5.63753e-01 | 87 -0.00622  1.71720e+00
 88  0.00401  1.22538e+00 | 89 -0.01351  2.18824e+00 | 90 -0.02636  1.91837e+00
 91  0.01664  1.97860e+00 | 92 -0.02911  3.03788e+00 | 93  0.01105  2.46006e+00
 94  0.00779  2.51340e+00 | 95 -0.00943  3.10886e+00 | 96  0.02686  2.26931e+00
 97  0.02445  3.05755e+00 | 98 -0.04952  3.82606e+00 | 99  0.02299  3.44322e+00
100 -0.00426  3.63746e+00 |101 -0.03729  3.89605e+00 |102  0.03692  3.71290e+00
103  0.01888  4.23868e+00 |104 -0.00080  3.83472e+00 |105  0.00008  3.83775e+00
106  0.00016  3.83668e+00 |107  0.00000 -1.18811e+02 |108 -0.06505 -7.21005e+00
109 -0.43598  8.50086e+00 |110 -0.29401 -2.69361e-01 |111 -0.26245  4.30469e-01

Intermediate statistics: 111 variables; iteration 20; function evaluation 22; phase 5
Function value 5.8374706e+02; maximum gradient component mag -1.7575e+02
Var    Value     Gradient |Var    Value     Gradient |Var    Value     Gradient
  1 -0.42032 -9.83392e+00 |  2 -0.43237 -1.75748e+02 |  3 -0.39838 -7.20234e+01
  4 -0.42799 -1.73434e+01 |  5 -0.37495 -9.83015e+00 |  6  0.63841 -1.69677e+02
  7 -0.00020 -9.15172e-01 |  8  0.00004 -2.18039e-01 |  9 -0.00006 -2.49285e-01
 10  0.00089 -4.55118e-01 | 11 -0.00008 -3.68589e-01 | 12  0.00008  4.77633e+00
 13  0.00005  4.67536e+00 | 14  0.00003  4.55573e+00 | 15 -0.00001  4.41426e+00
 16 -0.00005  4.24931e+00 | 17 -0.00009  4.05997e+00 | 18 -0.00015  3.82726e+00
 19 -0.00024  3.51227e+00 | 20  0.00029  3.13371e+00 | 21 -0.00019  2.82808e+00
 22 -0.00038  2.45286e+00 | 23 -0.00080  2.02273e+00 | 24 -0.00108  1.59205e+00
 25 -0.00142  1.16579e+00 | 26 -0.00158  7.48173e-01 | 27  0.00024  3.01527e-01
 28  0.00662 -1.18804e+00 | 29  0.00720 -1.15093e+00 | 30  0.00499 -1.09349e+00
 31  0.00716 -2.10001e+00 | 32  0.00207 -2.05282e+00 | 33  0.00302 -2.07236e+00
 34  0.00324 -2.60057e+00 | 35  0.00307 -2.70151e+00 | 36  0.00236 -3.18070e+00
 37  0.00207 -3.36775e+00 | 38  0.00099 -2.69316e+00 | 39  0.00409 -3.15904e+00
 40  0.01181 -5.63376e+00 | 41  0.00268 -3.67192e+00 | 42  0.00519 -3.75866e+00
 43 -0.00122 -2.81078e+00 | 44 -0.00880 -1.84570e+00 | 45  0.02907 -7.23409e+00
 46  0.01661 -4.85193e+00 | 47  0.01417 -3.90314e+00 | 48  0.03216 -1.21464e+01
 49  0.00189 -3.01735e+00 | 50 -0.00835 -2.01485e+00 | 51 -0.00391 -2.63190e+00
 52 -0.00524 -2.38790e+00 | 53 -0.01221 -1.49607e+00 | 54 -0.00745 -2.44055e+00
 55 -0.00817 -1.98439e+00 | 56 -0.00239 -2.59812e+00 | 57 -0.00601 -2.15398e+00
 58 -0.00215 -2.27752e+00 | 59  0.01462 -5.06460e+00 | 60 -0.01921 -1.57403e-01
 61 -0.00742 -9.51152e-01 | 62 -0.00262 -1.20684e+00 | 63  0.01276 -3.71230e+00
 64  0.01518 -3.51652e+00 | 65 -0.02006  3.85100e-01 | 66  0.01229 -3.22108e+00
 67 -0.00491 -1.71483e+00 | 68 -0.00942 -2.89898e-01 | 69 -0.00379 -1.92816e+00
 70  0.02944 -4.97950e+00 | 71 -0.02667  4.62559e-01 | 72 -0.00695 -5.39109e-01
 73 -0.02236  6.72354e-01 | 74  0.01553 -2.30080e+00 | 75  0.01331 -2.89891e+00
 76 -0.02240  1.12918e+00 | 77  0.05181 -4.25297e+00 | 78  0.00692  7.70046e-02
 79 -0.00615 -3.65324e+00 | 80 -0.02083  2.22576e+00 | 81 -0.01790 -2.58438e+00
 82 -0.03004  1.72768e+00 | 83 -0.00158  2.28100e+00 | 84 -0.01811  3.27753e+00
 85 -0.02070 -3.93030e+00 | 86  0.01071 -2.97871e+00 | 87 -0.00665 -3.36554e+00
 88  0.00415  5.35174e-02 | 89 -0.01393 -4.03915e-01 | 90 -0.02643  4.38991e+00
 91  0.01595 -1.05820e+01 | 92 -0.02901  2.84989e+00 | 93  0.01081  6.84410e+00
 94  0.00767  1.40213e+00 | 95 -0.00978 -1.54445e-01 | 96  0.02662 -5.43425e+00
 97  0.02382 -6.78847e+00 | 98 -0.04954  8.59100e+00 | 99  0.02343  2.72604e+01
100 -0.00450  5.19709e+00 |101 -0.03826  9.00671e-01 |102  0.03685  4.91669e+00
103  0.01778 -8.73016e-02 |104 -0.00066  5.54532e+00 |105  0.00012  5.24039e+00
106  0.00019  5.24153e+00 |107 -0.00029 -8.23689e+01 |108 -0.07130 -1.13898e+01
109 -0.43918  1.65453e+01 |110 -0.29380  1.27061e+00 |111 -0.25937 -2.94474e+00
111 variables; iteration 40; function evaluation 43; phase 5
Function value 5.8373014e+02; maximum gradient component mag -2.6118e+02
Var    Value     Gradient |Var    Value     Gradient |Var    Value     Gradient
  1 -0.42084 -1.66296e+01 |  2 -0.43252 -2.61176e+02 |  3 -0.39778 -1.07004e+02
  4 -0.42790 -1.61800e+01 |  5 -0.37416 -1.03898e+01 |  6  0.63836 -2.33212e+02
  7 -0.00022 -1.36278e+00 |  8  0.00004 -3.09311e-01 |  9 -0.00006 -3.68705e-01
 10  0.00094 -5.25999e-01 | 11 -0.00009 -5.45970e-01 | 12  0.00006  6.63752e+00
 13  0.00004  6.49312e+00 | 14  0.00001  6.32027e+00 | 15 -0.00002  6.11396e+00
 16 -0.00007  5.86943e+00 | 17 -0.00011  5.58181e+00 | 18 -0.00017  5.23845e+00
 19 -0.00025  4.81955e+00 | 20  0.00029  4.30929e+00 | 21 -0.00021  3.81261e+00
 22 -0.00041  3.23093e+00 | 23 -0.00083  2.59958e+00 | 24 -0.00113  1.93616e+00
 25 -0.00148  1.27898e+00 | 26 -0.00165  6.31561e-01 | 27  0.00006 -2.24042e-01
 28  0.00673 -1.73496e+00 | 29  0.00715 -2.08614e+00 | 30  0.00493 -1.93618e+00
 31  0.00722 -3.13984e+00 | 32  0.00210 -3.16422e+00 | 33  0.00303 -3.21593e+00
 34  0.00334 -3.80927e+00 | 35  0.00300 -4.28352e+00 | 36  0.00247 -4.59527e+00
 37  0.00228 -4.71299e+00 | 38  0.00086 -4.51128e+00 | 39  0.00358 -5.61834e+00
 40  0.01216 -7.48452e+00 | 41  0.00262 -5.50288e+00 | 42  0.00510 -5.80908e+00
 43 -0.00137 -4.52887e+00 | 44 -0.00900 -3.19574e+00 | 45  0.02874 -1.10193e+01
 46  0.01626 -7.61554e+00 | 47  0.01419 -5.88177e+00 | 48  0.03318 -1.46769e+01
 49  0.00194 -4.40726e+00 | 50 -0.00825 -2.72126e+00 | 51 -0.00399 -3.98648e+00
 52 -0.00532 -3.70759e+00 | 53 -0.01222 -2.35181e+00 | 54 -0.00733 -3.27518e+00
 55 -0.00814 -2.70035e+00 | 56 -0.00244 -3.74049e+00 | 57 -0.00602 -2.99746e+00
 58 -0.00206 -3.05074e+00 | 59  0.01484 -6.43607e+00 | 60 -0.01943 -6.04734e-01
 61 -0.00736 -1.32568e+00 | 62 -0.00257 -1.78691e+00 | 63  0.01218 -5.66058e+00
 64  0.01554 -4.57580e+00 | 65 -0.02016  5.16051e-01 | 66  0.01230 -4.22032e+00
 67 -0.00486 -1.95520e+00 | 68 -0.00942 -4.88358e-01 | 69 -0.00369 -1.99644e+00
 70  0.02930 -7.54779e+00 | 71 -0.02674  7.81650e-01 | 72 -0.00700 -9.01269e-01
 73 -0.02230  1.61844e+00 | 74  0.01545 -3.67686e+00 | 75  0.01331 -3.24142e+00
 76 -0.02242  1.79198e+00 | 77  0.05186 -5.20720e+00 | 78  0.00688 -9.59206e-01
 79 -0.00619 -4.79026e+00 | 80 -0.02099  8.79506e-01 | 81 -0.01783 -7.54030e-01
 82 -0.03000  3.31012e+00 | 83 -0.00162  1.46152e+00 | 84 -0.01807  4.71685e+00
 85 -0.02068 -2.71491e+00 | 86  0.01076 -1.66540e+00 | 87 -0.00658 -1.81274e+00
 88  0.00401 -1.93355e+00 | 89 -0.01381  2.58010e+00 | 90 -0.02649  5.56848e+00
 91  0.01608 -6.58411e+00 | 92 -0.02903  4.41464e+00 | 93  0.01087  9.41733e+00
 94  0.00765  2.66164e+00 | 95 -0.00970  2.51069e+00 | 96  0.02662 -3.38387e+00
 97  0.02384 -5.23847e+00 | 98 -0.04937  1.18183e+01 | 99  0.02337  2.66345e+01
100 -0.00447  7.10191e+00 |101 -0.03814  3.65914e+00 |102  0.03704  8.66106e+00
103  0.01803  3.72649e+00 |104 -0.00075  7.42612e+00 |105  0.00012  7.31145e+00
106  0.00018  7.30994e+00 |107 -0.00024 -9.56646e+01 |108 -0.07543 -1.62150e+01
109 -0.44156  2.08410e+01 |110 -0.29178  2.05129e+00 |111 -0.25815 -2.78176e+00
111 variables; iteration 60; function evaluation 72; phase 5
Function value 5.8366269e+02; maximum gradient component mag -8.9865e+01
Var    Value     Gradient |Var    Value     Gradient |Var    Value     Gradient
  1 -0.42142 -6.39048e+00 |  2 -0.43334 -8.98654e+01 |  3 -0.39623 -3.74020e+01
  4 -0.42503 -1.52793e+00 |  5 -0.36971 -1.56766e+00 |  6  0.63839 -7.28095e+01
  7 -0.00025 -4.97715e-01 |  8  0.00004 -1.05400e-01 |  9 -0.00007 -1.33594e-01
 10  0.00100 -1.16512e-01 | 11 -0.00010 -1.98160e-01 | 12  0.00007  2.11300e+00
 13  0.00005  2.06321e+00 | 14  0.00002  2.00270e+00 | 15 -0.00002  1.92955e+00
 16 -0.00007  1.84096e+00 | 17 -0.00013  1.73366e+00 | 18 -0.00020  1.61042e+00
 19 -0.00026  1.48080e+00 | 20  0.00029  1.31854e+00 | 21 -0.00025  1.12080e+00
 22 -0.00047  9.01541e-01 | 23 -0.00090  6.78141e-01 | 24 -0.00122  4.31700e-01
 25 -0.00161  1.88753e-01 | 26 -0.00180 -4.44426e-02 | 27 -0.00011 -3.58489e-01
 28  0.00657 -8.27941e-01 | 29  0.00698 -9.26665e-01 | 30  0.00475 -9.12677e-01
 31  0.00708 -1.28772e+00 | 32  0.00195 -1.28771e+00 | 33  0.00290 -1.29093e+00
 34  0.00317 -1.51670e+00 | 35  0.00290 -1.58828e+00 | 36  0.00230 -1.78209e+00
 37  0.00206 -1.85017e+00 | 38  0.00061 -1.84415e+00 | 39  0.00387 -1.67325e+00
 40  0.01186 -2.94366e+00 | 41  0.00259 -1.98552e+00 | 42  0.00509 -2.00759e+00
 43 -0.00139 -1.66377e+00 | 44 -0.00908 -1.37887e+00 | 45  0.02858 -3.90260e+00
 46  0.01620 -2.74909e+00 | 47  0.01304 -2.35095e+00 | 48  0.03511 -3.99213e+00
 49  0.00188 -1.41958e+00 | 50 -0.00819 -7.56355e-01 | 51 -0.00390 -1.36395e+00
 52 -0.00536 -1.40955e+00 | 53 -0.01230 -8.86956e-01 | 54 -0.00725 -8.69669e-01
 55 -0.00819 -1.02374e+00 | 56 -0.00231 -1.30455e+00 | 57 -0.00589 -9.87386e-01
 58 -0.00201 -9.57194e-01 | 59  0.01497 -1.76226e+00 | 60 -0.01897  1.76207e-01
 61 -0.00731 -4.17152e-01 | 62 -0.00271 -7.89682e-01 | 63  0.01288 -1.33538e+00
 64  0.01553 -1.43941e+00 | 65 -0.02003  2.01023e-01 | 66  0.01260 -1.03872e+00
 67 -0.00447 -2.77815e-01 | 68 -0.00917  1.59628e-01 | 69 -0.00336  1.14542e-01
 70  0.02951 -2.17445e+00 | 71 -0.02651  4.40229e-01 | 72 -0.00679 -1.43138e-01
 73 -0.02218  1.10416e+00 | 74  0.01543 -6.46800e-01 | 75  0.01344 -8.94505e-01
 76 -0.02246  8.10813e-01 | 77  0.05176 -2.90017e+00 | 78  0.00678 -2.31527e-01
 79 -0.00600  8.46892e-02 | 80 -0.02111  7.21438e-01 | 81 -0.01777  3.64537e-01
 82 -0.03011  1.22825e+00 | 83 -0.00169  3.64123e-01 | 84 -0.01831  1.01391e+00
 85 -0.02043  8.23526e-01 | 86  0.01081  6.36420e-01 | 87 -0.00638  9.43502e-01
 88  0.00419  7.53123e-01 | 89 -0.01375  1.34484e+00 | 90 -0.02677  1.81332e+00
 91  0.01636  8.99660e-01 | 92 -0.02903  1.93834e+00 | 93  0.01063  1.48483e+00
 94  0.00770  1.64419e+00 | 95 -0.00954  1.66329e+00 | 96  0.02687  1.51451e+00
 97  0.02419  1.46412e+00 | 98 -0.05046  2.53535e+00 | 99  0.02261  2.55142e+00
100 -0.00461  2.29915e+00 |101 -0.03799  2.22475e+00 |102  0.03690  2.47874e+00
103  0.01822  2.35214e+00 |104 -0.00078  2.23034e+00 |105  0.00013  2.35069e+00
106  0.00019  2.34852e+00 |107 -0.00014 -1.91655e+01 |108 -0.07366 -4.54098e+00
109 -0.44073  5.44333e+00 |110 -0.29233 -1.15035e-02 |111 -0.25819 -1.74495e-01
111 variables; iteration 80; function evaluation 106; phase 5
Function value 5.8366146e+02; maximum gradient component mag -4.0520e+01
Var    Value     Gradient |Var    Value     Gradient |Var    Value     Gradient
  1 -0.42157 -2.86313e+00 |  2 -0.43354 -4.05196e+01 |  3 -0.39579 -1.66665e+01
  4 -0.42499 -4.16708e-01 |  5 -0.36924 -6.42841e-01 |  6  0.63845 -3.22433e+01
  7 -0.00022 -1.99879e-01 |  8  0.00005 -4.31062e-02 |  9 -0.00006 -5.38146e-02
 10  0.00099 -5.44529e-02 | 11 -0.00009 -7.98187e-02 | 12  0.00007  9.28187e-01
 13  0.00005  9.07756e-01 | 14  0.00002  8.83005e-01 | 15 -0.00002  8.53159e-01
 16 -0.00006  8.17227e-01 | 17 -0.00011  7.74105e-01 | 18 -0.00018  7.23988e-01
 19 -0.00025  6.68366e-01 | 20  0.00030  5.99468e-01 | 21 -0.00022  5.22256e-01
 22 -0.00043  4.35149e-01 | 23 -0.00086  3.45135e-01 | 24 -0.00117  2.43883e-01
 25 -0.00155  1.35180e-01 | 26 -0.00175  1.41775e-02 | 27 -0.00001 -5.60921e-02
 28  0.00662 -3.11943e-01 | 29  0.00701 -3.77595e-01 | 30  0.00480 -3.55886e-01
 31  0.00710 -5.52547e-01 | 32  0.00198 -5.46111e-01 | 33  0.00291 -5.55105e-01
 34  0.00319 -6.59989e-01 | 35  0.00287 -7.25443e-01 | 36  0.00231 -8.04885e-01
 37  0.00205 -8.80007e-01 | 38  0.00062 -8.65892e-01 | 39  0.00366 -8.52535e-01
 40  0.01210 -1.13735e+00 | 41  0.00261 -8.60050e-01 | 42  0.00505 -9.08866e-01
 43 -0.00140 -7.99237e-01 | 44 -0.00893 -5.28335e-01 | 45  0.02859 -1.78310e+00
 46  0.01626 -1.23003e+00 | 47  0.01304 -1.08078e+00 | 48  0.03491 -1.84307e+00
 49  0.00182 -7.03848e-01 | 50 -0.00832 -4.07458e-01 | 51 -0.00382 -5.14089e-01
 52 -0.00526 -5.66532e-01 | 53 -0.01229 -4.13274e-01 | 54 -0.00725 -2.90113e-01
 55 -0.00815 -4.11334e-01 | 56 -0.00222 -4.99277e-01 | 57 -0.00582 -3.72780e-01
 58 -0.00205 -4.75990e-01 | 59  0.01488 -9.07052e-01 | 60 -0.01903  5.40177e-02
 61 -0.00733 -1.94826e-01 | 62 -0.00262 -3.04183e-01 | 63  0.01281 -6.38186e-01
 64  0.01557 -6.61237e-01 | 65 -0.01997  2.15062e-01 | 66  0.01252 -5.16130e-01
 67 -0.00450 -1.29385e-01 | 68 -0.00926 -1.47737e-02 | 69 -0.00352 -8.20276e-02
 70  0.02952 -9.27677e-01 | 71 -0.02650  2.13702e-01 | 72 -0.00677 -1.68061e-02
 73 -0.02233  2.94149e-01 | 74  0.01538 -3.74831e-01 | 75  0.01345 -3.34743e-01
 76 -0.02250  3.05736e-01 | 77  0.05175 -1.30380e+00 | 78  0.00677 -9.10055e-02
 79 -0.00600  1.33426e-01 | 80 -0.02112  3.38787e-01 | 81 -0.01777  2.85913e-01
 82 -0.03013  4.88098e-01 | 83 -0.00170  1.77685e-01 | 84 -0.01833  4.19232e-01
 85 -0.02043  4.73455e-01 | 86  0.01079  2.43946e-01 | 87 -0.00639  4.60480e-01
 88  0.00420  4.19140e-01 | 89 -0.01376  6.09598e-01 | 90 -0.02681  7.54728e-01
 91  0.01635  5.14641e-01 | 92 -0.02906  8.05585e-01 | 93  0.01061  5.94831e-01
 94  0.00769  7.34362e-01 | 95 -0.00954  7.93176e-01 | 96  0.02686  7.46245e-01
 97  0.02419  7.77103e-01 | 98 -0.05053  1.00242e+00 | 99  0.02258  8.76189e-01
100 -0.00461  1.01340e+00 |101 -0.03799  1.05001e+00 |102  0.03691  1.06173e+00
103  0.01823  1.10508e+00 |104 -0.00070  1.05528e+00 |105  0.00012  1.02447e+00
106  0.00018  1.02410e+00 |107 -0.00016 -8.24078e+00 |108 -0.07430 -2.01940e+00
109 -0.44110  2.39855e+00 |110 -0.29229 -4.02219e-02 |111 -0.25800 -1.56952e-02
111 variables; iteration 100; function evaluation 141; phase 5
Function value 5.8366129e+02; maximum gradient component mag -4.0882e-01
Var    Value     Gradient |Var    Value     Gradient |Var    Value     Gradient
  1 -0.42164 -2.91753e-02 |  2 -0.43364 -4.08819e-01 |  3 -0.39556 -1.63928e-01
  4 -0.42509  3.20439e-03 |  5 -0.36900 -4.59476e-03 |  6  0.63848 -3.12110e-01
  7 -0.00023 -1.54825e-03 |  8  0.00004 -4.53242e-04 |  9 -0.00006 -4.39910e-04
 10  0.00098 -1.55188e-03 | 11 -0.00009 -6.48287e-04 | 12  0.00008  8.84295e-03
 13  0.00006  8.63417e-03 | 14  0.00003  8.39573e-03 | 15 -0.00001  8.12264e-03
 16 -0.00005  7.82038e-03 | 17 -0.00011  7.49611e-03 | 18 -0.00017  7.05475e-03
 19 -0.00024  6.34318e-03 | 20  0.00030  5.59660e-03 | 21 -0.00022  5.12706e-03
 22 -0.00043  4.39807e-03 | 23 -0.00086  3.45916e-03 | 24 -0.00118  1.93609e-03
 25 -0.00156  3.26503e-04 | 26 -0.00175  3.76071e-04 | 27 -0.00004  4.50622e-04
 28  0.00661 -1.11184e-03 | 29  0.00700 -3.55545e-04 | 30  0.00479 -7.69334e-03
 31  0.00710 -7.93830e-03 | 32  0.00197 -4.90024e-03 | 33  0.00291 -4.42336e-03
 34  0.00320 -6.99789e-03 | 35  0.00288 -6.71817e-03 | 36  0.00234 -5.16791e-03
 37  0.00212 -6.47381e-03 | 38  0.00069 -6.63901e-03 | 39  0.00365 -9.60847e-03
 40  0.01209 -1.08259e-02 | 41  0.00262 -6.43860e-03 | 42  0.00505 -1.10166e-02
 43 -0.00133 -4.10664e-03 | 44 -0.00890 -3.28557e-03 | 45  0.02865 -1.50331e-02
 46  0.01631 -9.28732e-03 | 47  0.01308 -9.54905e-03 | 48  0.03486 -1.83518e-02
 49  0.00184 -9.42088e-03 | 50 -0.00835 -6.17073e-03 | 51 -0.00387 -3.78947e-03
 52 -0.00525 -6.65816e-03 | 53 -0.01227 -3.70455e-03 | 54 -0.00733 -6.38014e-03
 55 -0.00816 -3.89617e-03 | 56 -0.00224 -5.80637e-03 | 57 -0.00583 -2.91132e-03
 58 -0.00203 -2.05214e-03 | 59  0.01491 -1.03028e-02 | 60 -0.01907 -2.09451e-03
 61 -0.00733 -1.87750e-03 | 62 -0.00260  1.04503e-03 | 63  0.01280 -8.97740e-03
 64  0.01560 -2.93402e-03 | 65 -0.02002  6.16251e-04 | 66  0.01251 -6.30948e-03
 67 -0.00451 -1.11058e-03 | 68 -0.00928 -1.88041e-03 | 69 -0.00355 -3.95286e-03
 70  0.02951 -7.91025e-03 | 71 -0.02650  2.73617e-03 | 72 -0.00678  1.37005e-03
 73 -0.02236 -1.81735e-03 | 74  0.01536 -5.61920e-03 | 75  0.01344 -1.57225e-03
 76 -0.02251  1.75595e-03 | 77  0.05174 -1.29157e-02 | 78  0.00677 -3.84185e-04
 79 -0.00600  3.87984e-03 | 80 -0.02112  4.06441e-03 | 81 -0.01777  6.03327e-03
 82 -0.03013  3.47167e-03 | 83 -0.00170  2.14400e-03 | 84 -0.01833  3.50807e-03
 85 -0.02044  7.44527e-03 | 86  0.01079  1.70382e-03 | 87 -0.00639  5.66658e-03
 88  0.00419  6.64634e-03 | 89 -0.01376  6.33864e-03 | 90 -0.02682  6.45149e-03
 91  0.01635  8.21069e-03 | 92 -0.02906  6.60362e-03 | 93  0.01060  3.92723e-03
 94  0.00769  7.55425e-03 | 95 -0.00954  9.04530e-03 | 96  0.02685  9.40039e-03
 97  0.02419  1.08859e-02 | 98 -0.05054  6.66916e-03 | 99  0.02258  1.60573e-03
100 -0.00461  9.79377e-03 |101 -0.03799  1.18192e-02 |102  0.03692  9.40482e-03
103  0.01823  1.22595e-02 |104 -0.00070  1.08223e-02 |105  0.00014  9.70259e-03
106  0.00020  9.77236e-03 |107 -0.00017 -7.05257e-02 |108 -0.07476 -1.97573e-02
109 -0.44137  2.35756e-02 |110 -0.29229 -1.08077e-03 |111 -0.25789  7.86048e-04

 - final statistics:
111 variables; iteration 120; function evaluation 182
Function value 5.8366e+02; maximum gradient component mag 7.7590e-05
Exit code = 1;  converg criter 1.0000e-04
Var    Value     Gradient |Var    Value     Gradient |Var    Value     Gradient
  1 -0.42164  8.33169e-06 |  2 -0.43364  7.75898e-05 |  3 -0.39556  4.11983e-05
  4 -0.42509  2.22912e-06 |  5 -0.36900  8.76574e-07 |  6  0.63848  7.47504e-05
  7 -0.00023  5.40667e-06 |  8  0.00004  1.75828e-06 |  9 -0.00006  5.05049e-07
 10  0.00098  1.78070e-05 | 11 -0.00009 -6.77243e-07 | 12  0.00009 -2.84560e-07
 13  0.00006  2.41644e-06 | 14  0.00003  2.75627e-06 | 15 -0.00001 -4.78572e-07
 16 -0.00005 -5.48720e-06 | 17 -0.00010 -5.16906e-06 | 18 -0.00017 -6.16190e-06
 19 -0.00024 -1.81638e-05 | 20  0.00030 -5.88161e-06 | 21 -0.00022 -2.29101e-05
 22 -0.00043  1.77237e-05 | 23 -0.00086  2.53978e-06 | 24 -0.00118  3.05988e-06
 25 -0.00155  9.17898e-06 | 26 -0.00175 -3.35191e-06 | 27 -0.00005 -1.66149e-05
 28  0.00661 -8.56104e-06 | 29  0.00700 -1.95208e-05 | 30  0.00479  2.69173e-05
 31  0.00711  3.04308e-05 | 32  0.00197 -1.05536e-05 | 33  0.00291 -1.89668e-07
 34  0.00320  9.02351e-06 | 35  0.00288 -1.17195e-06 | 36  0.00234 -2.48606e-06
 37  0.00211  3.04972e-06 | 38  0.00069  4.68035e-06 | 39  0.00365  8.84067e-07
 40  0.01209  1.26668e-05 | 41  0.00262 -4.05950e-06 | 42  0.00505  1.12303e-05
 43 -0.00134  2.44987e-06 | 44 -0.00890  2.30263e-06 | 45  0.02865  6.97735e-06
 46  0.01631  2.35051e-06 | 47  0.01308  2.61241e-06 | 48  0.03486  3.16043e-06
 49  0.00184  3.72855e-07 | 50 -0.00834 -7.11311e-08 | 51 -0.00387 -6.56813e-06
 52 -0.00525  1.84150e-05 | 53 -0.01227  3.62310e-06 | 54 -0.00733  1.65679e-06
 55 -0.00816  3.60576e-06 | 56 -0.00224  6.17879e-06 | 57 -0.00583 -1.74576e-06
 58 -0.00203 -8.99495e-06 | 59  0.01491  6.91356e-06 | 60 -0.01907 -2.48076e-06
 61 -0.00733 -2.83726e-08 | 62 -0.00260 -1.08067e-05 | 63  0.01281  1.19415e-05
 64  0.01560 -1.73314e-06 | 65 -0.02002 -1.45167e-06 | 66  0.01251  5.78013e-06
 67 -0.00451 -6.85749e-06 | 68 -0.00928  6.72607e-07 | 69 -0.00355 -1.58964e-06
 70  0.02951  2.36888e-06 | 71 -0.02650 -3.62632e-07 | 72 -0.00678  4.42764e-07
 73 -0.02236 -2.58172e-06 | 74  0.01536 -9.23588e-08 | 75  0.01344  1.33317e-06
 76 -0.02251 -1.40220e-06 | 77  0.05174  1.94840e-06 | 78  0.00677 -1.92346e-07
 79 -0.00600  1.05829e-06 | 80 -0.02112 -1.05322e-06 | 81 -0.01777  8.00318e-07
 82 -0.03013 -1.74695e-06 | 83 -0.00170 -2.00966e-07 | 84 -0.01833 -1.61628e-06
 85 -0.02044  3.03638e-08 | 86  0.01079 -2.06566e-06 | 87 -0.00639 -8.06158e-07
 88  0.00419 -1.25252e-06 | 89 -0.01376 -1.21027e-06 | 90 -0.02682 -2.95481e-06
 91  0.01635 -7.60992e-07 | 92 -0.02906 -2.38115e-06 | 93  0.01060 -1.31057e-06
 94  0.00769 -2.38819e-06 | 95 -0.00955 -5.10298e-07 | 96  0.02685 -1.25412e-06
 97  0.02419 -8.48010e-08 | 98 -0.05054 -2.93138e-06 | 99  0.02258 -3.16399e-06
100 -0.00461 -2.30858e-06 |101 -0.03799 -1.30408e-06 |102  0.03692 -2.71693e-06
103  0.01823 -1.38215e-06 |104 -0.00071 -2.93773e-06 |105  0.00014 -8.93827e-06
106  0.00020  4.45424e-06 |107 -0.00017  6.38393e-06 |108 -0.07476  5.70117e-06
109 -0.44137 -8.71500e-06 |110 -0.29229 -9.61667e-07 |111 -0.25789  2.53568e-06

 - final statistics:
112 variables; iteration 0; function evaluation 0
Function value 5.8366e+02; maximum gradient component mag 7.7592e-05
Exit code = 0;  converg criter 1.0000e-04
Var    Value     Gradient |Var    Value     Gradient |Var    Value     Gradient
  1 -0.42164  8.33188e-06 |  2 -0.43364  7.75924e-05 |  3 -0.39556  4.11994e-05
  4 -0.42509  2.22915e-06 |  5 -0.36900  8.76624e-07 |  6  0.63848  7.47525e-05
  7 -0.00023  5.40668e-06 |  8  0.00004  1.75828e-06 |  9 -0.00006  5.05052e-07
 10  0.00098  1.78070e-05 | 11 -0.00009 -6.77238e-07 | 12  0.00009 -3.13263e-07
 13  0.00006  2.38774e-06 | 14  0.00003  2.72757e-06 | 15 -0.00001 -5.07270e-07
 16 -0.00005 -5.51590e-06 | 17 -0.00010 -5.19775e-06 | 18 -0.00017 -6.19059e-06
 19 -0.00024 -1.81925e-05 | 20  0.00030 -5.91030e-06 | 21 -0.00022 -2.29388e-05
 22 -0.00043  1.76951e-05 | 23 -0.00086  2.51112e-06 | 24 -0.00118  3.03122e-06
 25 -0.00155  9.15033e-06 | 26 -0.00175 -3.38056e-06 | 27 -0.00005 -1.66435e-05
 28  0.00661 -8.58966e-06 | 29  0.00700 -1.95494e-05 | 30  0.00479  2.68887e-05
 31  0.00711  3.04022e-05 | 32  0.00197 -1.05822e-05 | 33  0.00291 -2.18277e-07
 34  0.00320  8.99491e-06 | 35  0.00288 -1.20055e-06 | 36  0.00234 -2.51466e-06
 37  0.00211  3.02112e-06 | 38  0.00069  4.65176e-06 | 39  0.00365  8.55477e-07
 40  0.01209  1.26382e-05 | 41  0.00262 -4.08810e-06 | 42  0.00505  1.12017e-05
 43 -0.00134  2.42127e-06 | 44 -0.00890  2.27402e-06 | 45  0.02865  6.94884e-06
 46  0.01631  2.32195e-06 | 47  0.01308  2.58384e-06 | 48  0.03486  3.13194e-06
 49  0.00184  3.44254e-07 | 50 -0.00834 -9.97445e-08 | 51 -0.00387 -6.59674e-06
 52 -0.00525  1.83864e-05 | 53 -0.01227  3.59449e-06 | 54 -0.00733  1.62817e-06
 55 -0.00816  3.57714e-06 | 56 -0.00224  6.15018e-06 | 57 -0.00583 -1.77438e-06
 58 -0.00203 -9.02357e-06 | 59  0.01491  6.88498e-06 | 60 -0.01907 -2.50939e-06
 61 -0.00733 -5.70013e-08 | 62 -0.00260 -1.08353e-05 | 63  0.01281  1.19129e-05
 64  0.01560 -1.76174e-06 | 65 -0.02002 -1.48031e-06 | 66  0.01251  5.75152e-06
 67 -0.00451 -6.88612e-06 | 68 -0.00928  6.43969e-07 | 69 -0.00355 -1.61827e-06
 70  0.02951  2.34032e-06 | 71 -0.02650 -3.91266e-07 | 72 -0.00678  4.14124e-07
 73 -0.02236 -2.61036e-06 | 74  0.01536 -1.20967e-07 | 75  0.01344  1.30455e-06
 76 -0.02251 -1.43084e-06 | 77  0.05174  1.91993e-06 | 78  0.00677 -2.20981e-07
 79 -0.00600  1.02964e-06 | 80 -0.02112 -1.08187e-06 | 81 -0.01777  7.71665e-07
 82 -0.03013 -1.77558e-06 | 83 -0.00170 -2.29620e-07 | 84 -0.01833 -1.64494e-06
 85 -0.02044  1.70493e-09 | 86  0.01079 -2.09431e-06 | 87 -0.00639 -8.34827e-07
 88  0.00419 -1.28118e-06 | 89 -0.01376 -1.23894e-06 | 90 -0.02682 -2.98347e-06
 91  0.01635 -7.89655e-07 | 92 -0.02906 -2.40981e-06 | 93  0.01060 -1.33925e-06
 94  0.00769 -2.41687e-06 | 95 -0.00955 -5.38990e-07 | 96  0.02685 -1.28277e-06
 97  0.02419 -1.13477e-07 | 98 -0.05054 -2.95999e-06 | 99  0.02258 -3.19268e-06
100 -0.00461 -2.33728e-06 |101 -0.03799 -1.33274e-06 |102  0.03692 -2.74559e-06
103  0.01823 -1.41085e-06 |104 -0.00071 -2.96644e-06 |105  0.00014 -8.96698e-06
106  0.00020  4.42553e-06 |107  0.00000  0.00000e+00 |108 -0.00017  6.38450e-06
109 -0.07476  5.70129e-06 |110 -0.44137 -8.71514e-06 |111 -0.29229 -9.61660e-07
112 -0.25789  2.53567e-06 |
size of file gradfil1.tmp = 0
size of file gradfil2.tmp = 0
size of file varssave.tmp = 0
size of file cmpdiff.tmp = 0
