
Initial statistics: 1 variables; iteration 0; function evaluation 0; phase 1
Function value 8.5693889e+02; maximum gradient component mag 1.3768e+04
Var    Value     Gradient |Var    Value     Gradient |Var    Value     Gradient
  1  0.63197  1.37678e+04 |

 - final statistics:
1 variables; iteration 4; function evaluation 10
Function value 7.6041e+02; maximum gradient component mag -3.9242e+00
Exit code = 1;  converg criter 1.0000e+01
Var    Value     Gradient |Var    Value     Gradient |Var    Value     Gradient
  1  0.62242 -3.92417e+00 |

Initial statistics: 98 variables; iteration 0; function evaluation 0; phase 2
Function value 7.6041244e+02; maximum gradient component mag -1.3469e+03
Var    Value     Gradient |Var    Value     Gradient |Var    Value     Gradient
  1  0.62242 -3.92417e+00 |  2  0.00000 -3.34803e+00 |  3  0.00000 -3.56132e+00
  4  0.00000 -3.82945e+00 |  5  0.00000 -4.16942e+00 |  6  0.00000 -4.63047e+00
  7  0.00000 -5.17012e+00 |  8  0.00000 -5.91503e+00 |  9  0.00000 -6.91192e+00
 10  0.00000 -1.07263e+01 | 11  0.00000 -1.00868e+01 | 12  0.00000 -1.25259e+01
 13  0.00000 -1.52155e+01 | 14  0.00000 -1.75701e+01 | 15  0.00000 -1.64534e+01
 16  0.00000 -1.10627e+01 | 17  0.00000 -6.00861e+00 | 18  0.00000 -5.54903e+00
 19  0.00000 -1.04362e+01 | 20  0.00000 -6.94400e+00 | 21  0.00000 -1.29765e+01
 22  0.00000 -1.60778e+01 | 23  0.00000 -1.56542e+01 | 24  0.00000 -1.67752e+01
 25  0.00000 -1.65170e+01 | 26  0.00000 -1.84188e+01 | 27  0.00000 -2.43931e+01
 28  0.00000 -2.59858e+01 | 29  0.00000 -1.73817e+01 | 30  0.00000 -3.47549e+01
 31  0.00000 -1.49768e+01 | 32  0.00000 -1.99297e+01 | 33  0.00000 -2.71367e+01
 34  0.00000 -3.87057e+01 | 35  0.00000 -2.70307e+01 | 36  0.00000 -1.86324e+01
 37  0.00000 -1.92495e+01 | 38  0.00000 -1.84769e+01 | 39  0.00000 -1.37676e+01
 40  0.00000 -7.27993e+01 | 41  0.00000 -2.49957e+01 | 42  0.00000 -2.68688e+01
 43  0.00000 -2.20891e+01 | 44  0.00000 -1.58226e+01 | 45  0.00000 -7.82669e+01
 46  0.00000 -2.33100e+01 | 47  0.00000 -2.75395e+01 | 48  0.00000 -3.09399e+01
 49  0.00000 -4.92991e+01 | 50  0.00000 -6.58100e+01 | 51  0.00000 -7.88597e+01
 52  0.00000 -3.95523e+01 | 53  0.00000 -2.87129e+01 | 54  0.00000 -3.06111e+01
 55  0.00000 -3.19062e+01 | 56  0.00000 -3.12411e+01 | 57  0.00000 -3.12459e+01
 58  0.00000 -2.67259e+01 | 59  0.00000 -3.74365e+01 | 60  0.00000 -7.95452e+00
 61  0.00000 -7.50476e+01 | 62  0.00000  1.36492e+00 | 63  0.00000  1.56714e+02
 64  0.00000  9.25077e+01 | 65  0.00000  1.72888e+02 | 66  0.00000  8.11193e+01
 67  0.00000 -1.34689e+03 | 68  0.00000  3.50332e+02 | 69  0.00000  1.19888e+02
 70  0.00000 -3.11265e+02 | 71  0.00000 -7.82953e+02 | 72  0.00000  3.17467e+02
 73  0.00000 -4.63900e+01 | 74  0.00000 -4.49277e+02 | 75  0.00000  1.13741e+01
 76  0.00000 -7.73153e+00 | 77  0.00000  4.96404e+02 | 78  0.00000  3.21153e+02
 79  0.00000  8.77068e+02 | 80  0.00000 -3.12077e+02 | 81  0.00000  7.77419e+01
 82  0.00000 -2.74773e+02 | 83  0.00000  5.00280e+02 | 84  0.00000  1.85097e+02
 85  0.00000  1.46679e+02 | 86  0.00000  2.29251e+02 | 87  0.00000  5.31477e+02
 88  0.00000  4.98799e+02 | 89  0.00000  3.29516e+02 | 90  0.00000  3.16146e+02
 91  0.00000 -6.59369e+02 | 92  0.00000 -3.76307e+02 | 93  0.00000  1.73160e+02
 94  0.00000 -8.67292e-01 | 95  0.00000 -2.09699e+00 | 96  0.00000 -2.44495e+00
 97 -0.03546 -1.02356e+02 | 98 -0.31026 -8.14772e+01 |

Intermediate statistics: 98 variables; iteration 20; function evaluation 37; phase 2
Function value 5.8496787e+02; maximum gradient component mag 1.3118e+02
Var    Value     Gradient |Var    Value     Gradient |Var    Value     Gradient
  1  0.61295  1.31180e+02 |  2 -0.00052 -1.48808e+00 |  3 -0.00062 -1.44683e+00
  4 -0.00073 -1.39464e+00 |  5 -0.00084 -1.32830e+00 |  6 -0.00094 -1.23996e+00
  7 -0.00105 -1.13506e+00 |  8 -0.00111 -9.95312e-01 |  9 -0.00109 -8.14923e-01
 10  0.00083 -2.67128e-01 | 11 -0.00054 -2.82474e-01 | 12  0.00019  1.00128e-01
 13  0.00101  5.21566e-01 | 14  0.00152  8.98124e-01 | 15 -0.00048  8.83000e-01
 16 -0.00482  7.43106e-01 | 17 -0.00817  9.46573e-01 | 18 -0.00873  1.25951e+00
 19 -0.00608  1.65212e+00 | 20 -0.00757  1.91050e+00 | 21 -0.00493  2.40428e+00
 22 -0.00408  2.83918e+00 | 23 -0.00397  2.88156e+00 | 24 -0.00362  3.35880e+00
 25 -0.00407  3.77596e+00 | 26 -0.00325  4.25690e+00 | 27  0.00015  4.92907e+00
 28  0.00107  5.43921e+00 | 29 -0.00462  5.30488e+00 | 30  0.00508  6.18595e+00
 31 -0.00471  6.65540e+00 | 32 -0.00258  6.85998e+00 | 33  0.00068  7.10067e+00
 34  0.00656  7.52613e+00 | 35  0.00049  8.09693e+00 | 36 -0.00155  9.29700e+00
 37 -0.00172  9.37332e+00 | 38 -0.00211  9.80812e+00 | 39 -0.00662  9.44482e+00
 40  0.02118  9.99141e+00 | 41  0.00213  1.19992e+01 | 42  0.00281  1.22540e+01
 43  0.00011  1.24777e+01 | 44 -0.00421  1.24594e+01 | 45  0.02164  1.27307e+01
 46  0.00208  1.48214e+01 | 47  0.00366  1.48189e+01 | 48  0.00468  1.49480e+01
 49  0.01194  1.50074e+01 | 50  0.01794  1.54629e+01 | 51  0.03458  1.96352e+01
 52  0.00891  1.62797e+01 | 53  0.00335  1.61824e+01 | 54  0.00473  1.66804e+01
 55  0.00547  1.75645e+01 | 56  0.00633  1.80673e+01 | 57  0.00454  1.74637e+01
 58  0.00124  1.75851e+01 | 59  0.00439  1.70904e+01 | 60 -0.00458  1.77143e+01
 61  0.01218  1.19596e+01 | 62 -0.00441  1.76418e+01 | 63 -0.03056  3.36632e+01
 64 -0.01072  2.90091e+01 | 65 -0.01969  4.11523e+01 | 66 -0.01501  4.10653e+01
 67  0.07098 -8.96924e+01 | 68 -0.02636  5.60349e+01 | 69  0.00004 -2.46625e+01
 70  0.02193 -3.79393e+01 | 71  0.03971  1.16500e+02 | 72 -0.02054  4.67481e+01
 73  0.00386 -5.02819e+01 | 74  0.02254 -4.12042e+01 | 75  0.00116 -2.88446e+01
 76  0.00107 -1.28413e+01 | 77 -0.02142 -1.99725e+01 | 78 -0.01484 -8.57595e+00
 79 -0.04294  9.46766e+00 | 80  0.01656 -8.64176e+01 | 81 -0.00247 -4.12502e+01
 82  0.01551 -7.92379e+01 | 83 -0.01975 -3.35278e+01 | 84 -0.00657 -3.40191e+01
 85 -0.00446 -3.22586e+01 | 86 -0.01094 -1.23143e+01 | 87 -0.02392 -1.10026e+01
 88 -0.02751  2.50590e+01 | 89 -0.01448  3.64423e+00 | 90 -0.01689  1.73072e+01
 91  0.02911  1.35342e+01 | 92  0.02799 -6.14210e+01 | 93 -0.00800  2.03396e+01
 94  0.00374  7.66897e-01 | 95 -0.00010 -1.63318e+00 | 96  0.00002 -1.65614e+00
 97 -0.02044 -1.94865e+01 | 98 -0.30077  1.22101e+00 |
98 variables; iteration 40; function evaluation 63; phase 2
Function value 5.8355624e+02; maximum gradient component mag 3.1678e+02
Var    Value     Gradient |Var    Value     Gradient |Var    Value     Gradient
  1  0.61320  3.16783e+02 |  2  0.00064 -7.66627e+00 |  3  0.00056 -7.59256e+00
  4  0.00047 -7.51530e+00 |  5  0.00037 -7.43606e+00 |  6  0.00026 -7.36541e+00
  7  0.00014 -7.27598e+00 |  8  0.00005 -7.19483e+00 |  9  0.00001 -7.11242e+00
 10  0.00120 -7.73941e+00 | 11  0.00032 -7.00305e+00 | 12  0.00071 -7.15676e+00
 13  0.00100 -7.58209e+00 | 14  0.00113 -7.80266e+00 | 15  0.00007 -6.36580e+00
 16 -0.00427 -6.48726e+00 | 17 -0.00768 -6.38653e+00 | 18 -0.00832 -6.19717e+00
 19 -0.00579 -6.02553e+00 | 20 -0.00736 -5.96146e+00 | 21 -0.00509 -6.07922e+00
 22 -0.00460 -6.17187e+00 | 23 -0.00462 -6.33503e+00 | 24 -0.00444 -6.12688e+00
 25 -0.00497 -5.82914e+00 | 26 -0.00418 -5.41566e+00 | 27 -0.00088 -4.94223e+00
 28  0.00002 -4.47856e+00 | 29 -0.00527 -3.86080e+00 | 30  0.00467 -2.69812e+00
 31 -0.00557 -3.02351e+00 | 32 -0.00333 -2.53119e+00 | 33  0.00023 -1.72329e+00
 34  0.00629 -9.21721e-01 | 35  0.00020 -6.18585e-01 | 36 -0.00202  2.12105e-01
 37 -0.00198  8.53402e-01 | 38 -0.00226  1.58108e+00 | 39 -0.00689  1.00310e+00
 40  0.02021 -4.13971e-01 | 41  0.00193  3.33900e+00 | 42  0.00278  4.14814e+00
 43  0.00028  4.89373e+00 | 44 -0.00434  4.35860e+00 | 45  0.02048  1.54760e+00
 46  0.00179  5.85098e+00 | 47  0.00351  6.40962e+00 | 48  0.00479  7.18277e+00
 49  0.01228  7.84965e+00 | 50  0.01680  4.68339e+00 | 51  0.03335  8.59022e+00
 52  0.00902  8.11245e+00 | 53  0.00303  7.38882e+00 | 54  0.00351  6.10986e+00
 55  0.00647  1.23582e+01 | 56  0.00612  9.36920e+00 | 57  0.00451  9.44361e+00
 58  0.00165  1.11904e+01 | 59  0.00583  1.46388e+01 | 60 -0.00548  7.69333e+00
 61  0.01351  1.01844e+01 | 62 -0.00530  6.76723e+00 | 63 -0.03331  1.52937e+01
 64 -0.00992  2.33999e+01 | 65 -0.02319  1.14868e+01 | 66 -0.01969  4.86494e+00
 67  0.07413  2.59832e+00 | 68 -0.03117  1.00235e+01 | 69  0.00173  1.14081e+01
 70  0.02498  3.24575e+01 | 71  0.03630  1.67507e+01 | 72 -0.02362  1.34187e+01
 73  0.00536  3.43077e+00 | 74  0.02450  3.04917e+01 | 75  0.00140 -5.95258e+00
 76 -0.00027 -1.74380e+01 | 77 -0.02135 -6.03382e+00 | 78 -0.01437  1.16332e+01
 79 -0.04525 -1.42496e+01 | 80  0.01846 -1.91277e+01 | 81 -0.00123  5.44482e+00
 82  0.01957  3.54664e+01 | 83 -0.01909 -1.81125e+01 | 84 -0.00528 -2.95861e+00
 85 -0.00434 -2.66361e+01 | 86 -0.00978  1.25717e+01 | 87 -0.02284  4.14966e+00
 88 -0.02980 -1.25370e+00 | 89 -0.01381  8.86775e+00 | 90 -0.01979 -1.64798e+01
 91  0.02829 -1.15038e+01 | 92  0.03231 -1.31232e+01 | 93 -0.00827  4.29315e-01
 94  0.00310 -9.37805e+00 | 95  0.00081 -8.20077e+00 | 96  0.00096 -8.17608e+00
 97 -0.01811  9.68620e+00 | 98 -0.30089  3.06039e+00 |
98 variables; iteration 60; function evaluation 96; phase 2
Function value 5.8318031e+02; maximum gradient component mag 5.6557e+02
Var    Value     Gradient |Var    Value     Gradient |Var    Value     Gradient
  1  0.61215  5.65565e+02 |  2 -0.00005 -1.54547e+01 |  3 -0.00024 -1.53013e+01
  4 -0.00050 -1.51784e+01 |  5 -0.00082 -1.50568e+01 |  6 -0.00113 -1.48764e+01
  7 -0.00144 -1.45790e+01 |  8 -0.00165 -1.40739e+01 |  9 -0.00171 -1.33193e+01
 10  0.00014 -1.19242e+01 | 11 -0.00120 -1.10668e+01 | 12 -0.00050 -9.60121e+00
 13  0.00028 -8.00948e+00 | 14  0.00076 -6.38850e+00 | 15 -0.00094 -5.01446e+00
 16 -0.00495 -4.20438e+00 | 17 -0.00748 -2.11317e+00 | 18 -0.00799 -1.17793e+00
 19 -0.00577 -9.25386e-01 | 20 -0.00715 -8.83271e-01 | 21 -0.00481  3.30899e-01
 22 -0.00399  1.81814e+00 | 23 -0.00379  1.54125e+00 | 24 -0.00336  2.68092e+00
 25 -0.00359  3.72583e+00 | 26 -0.00283  4.48780e+00 | 27  0.00005  5.07584e+00
 28  0.00098  5.78504e+00 | 29 -0.00366  6.32722e+00 | 30  0.00477  6.59861e+00
 31 -0.00372  7.05169e+00 | 32 -0.00169  7.42596e+00 | 33  0.00147  7.98686e+00
 34  0.00685  8.66469e+00 | 35  0.00178  9.21680e+00 | 36 -0.00061  8.57174e+00
 37 -0.00058  8.91365e+00 | 38 -0.00106  8.80714e+00 | 39 -0.00453  9.46694e+00
 40  0.02171  1.20793e+01 | 41  0.00280  9.63273e+00 | 42  0.00352  1.01748e+01
 43  0.00142  1.09544e+01 | 44 -0.00241  1.11007e+01 | 45  0.02184  1.15875e+01
 46  0.00249  1.04250e+01 | 47  0.00393  1.05301e+01 | 48  0.00526  1.11297e+01
 49  0.01241  1.17781e+01 | 50  0.01784  1.05499e+01 | 51  0.03011  9.86817e+00
 52  0.00818  9.39714e+00 | 53  0.00433  1.18589e+01 | 54  0.00363  8.19036e+00
 55  0.00474  8.81695e+00 | 56  0.00514  8.93965e+00 | 57  0.00348  8.76627e+00
 58  0.00086  9.74449e+00 | 59  0.00269  5.86821e+00 | 60 -0.00493  9.12453e+00
 61  0.01224  7.29796e+00 | 62 -0.00452  9.18844e+00 | 63 -0.03546  2.96217e+00
 64 -0.01360  1.58669e+00 | 65 -0.02401  2.76051e+00 | 66 -0.01905  5.24782e+00
 67  0.07516  4.43323e+01 | 68 -0.03188 -2.02025e+00 | 69  0.00180  1.37524e+00
 70  0.02383  3.44364e+00 | 71  0.03635  9.77450e+00 | 72 -0.02452 -4.58727e+00
 73  0.00576  2.01238e+00 | 74  0.02374  1.03450e+00 | 75  0.00216  1.38336e+00
 76  0.00158  4.58358e+00 | 77 -0.02057 -4.56154e+00 | 78 -0.01485 -7.37534e+00
 79 -0.04397 -8.64291e+00 | 80  0.01998  4.82716e+00 | 81 -0.00106 -8.16217e+00
 82  0.01818 -1.11595e+01 | 83 -0.01781 -6.72823e+00 | 84 -0.00518 -1.00970e+01
 85 -0.00292 -4.68056e+00 | 86 -0.01109 -1.62995e+01 | 87 -0.02355 -1.80795e+01
 88 -0.03035 -1.64464e+01 | 89 -0.01505 -2.02056e+01 | 90 -0.01869 -1.38121e+01
 91  0.02811 -2.02997e+01 | 92  0.03246 -1.67267e+01 | 93 -0.00976 -2.11693e+01
 94  0.00266 -1.81703e+01 | 95 -0.00027 -1.78554e+01 | 96 -0.00038 -1.82063e+01
 97 -0.01685  3.63335e+01 | 98 -0.30198  4.80349e-01 |
Maximum number of function evaluations exceeded

 - final statistics:
98 variables; iteration 63; function evaluation 100
Function value 5.8313e+02; maximum gradient component mag 5.9251e+02
Exit code = 3;  converg criter 1.0000e+01
Var    Value     Gradient |Var    Value     Gradient |Var    Value     Gradient
  1  0.61204  5.92508e+02 |  2 -0.00105 -1.77099e+01 |  3 -0.00083 -1.68816e+01
  4 -0.00062 -1.59816e+01 |  5 -0.00049 -1.51238e+01 |  6 -0.00052 -1.44276e+01
  7 -0.00076 -1.39466e+01 |  8 -0.00112 -1.36179e+01 |  9 -0.00146 -1.32451e+01
 10  0.00026 -1.19600e+01 | 11 -0.00136 -1.15025e+01 | 12 -0.00070 -9.99381e+00
 13 -0.00002 -8.43116e+00 | 14  0.00050 -6.62706e+00 | 15 -0.00077 -4.38650e+00
 16 -0.00566 -5.17279e+00 | 17 -0.00684 -4.16817e-01 | 18 -0.00778 -2.89296e-01
 19 -0.00568 -2.05972e-01 | 20 -0.00668  6.09301e-01 | 21 -0.00478  1.02659e+00
 22 -0.00393  2.69665e+00 | 23 -0.00357  2.66898e+00 | 24 -0.00283  4.48824e+00
 25 -0.00283  6.04722e+00 | 26 -0.00229  6.39000e+00 | 27 -0.00047  4.96674e+00
 28  0.00061  5.96993e+00 | 29 -0.00278  9.03478e+00 | 30  0.00500  8.23666e+00
 31 -0.00352  8.31061e+00 | 32 -0.00160  8.50350e+00 | 33  0.00184  9.70451e+00
 34  0.00709  1.02407e+01 | 35  0.00193  1.03842e+01 | 36 -0.00041  9.84708e+00
 37 -0.00018  1.05834e+01 | 38 -0.00067  1.04569e+01 | 39 -0.00373  1.18374e+01
 40  0.02148  1.27348e+01 | 41  0.00284  1.05868e+01 | 42  0.00274  9.49839e+00
 43  0.00106  1.09410e+01 | 44 -0.00181  1.31409e+01 | 45  0.02206  1.34139e+01
 46  0.00236  1.09597e+01 | 47  0.00326  1.00509e+01 | 48  0.00638  1.41465e+01
 49  0.01265  1.32289e+01 | 50  0.01849  1.29702e+01 | 51  0.02996  1.11637e+01
 52  0.00750  8.98957e+00 | 53  0.00357  1.09708e+01 | 54  0.00339  8.23578e+00
 55  0.00547  1.13656e+01 | 56  0.00420  7.78884e+00 | 57  0.00259  7.59573e+00
 58  0.00038  9.16927e+00 | 59  0.00234  5.56865e+00 | 60 -0.00483  1.01511e+01
 61  0.01166  5.76265e+00 | 62 -0.00495  8.11518e+00 | 63 -0.03591  1.32029e+00
 64 -0.01409 -4.46633e-01 | 65 -0.02430  1.28286e+00 | 66 -0.01937  3.41344e+00
 67  0.07509  4.53492e+01 | 68 -0.03206 -3.83868e+00 | 69  0.00171  1.78843e-01
 70  0.02382  2.52729e+00 | 71  0.03639  1.05542e+01 | 72 -0.02462 -6.70140e+00
 73  0.00572  1.22221e-01 | 74  0.02376 -4.98845e-01 | 75  0.00215  2.33420e-01
 76  0.00164  3.79966e+00 | 77 -0.02058 -5.94429e+00 | 78 -0.01484 -9.15430e+00
 79 -0.04404 -1.05110e+01 | 80  0.02004  3.96071e+00 | 81 -0.00106 -9.40152e+00
 82  0.01819 -1.32264e+01 | 83 -0.01781 -7.73226e+00 | 84 -0.00515 -1.13734e+01
 85 -0.00293 -5.91744e+00 | 86 -0.01108 -1.77140e+01 | 87 -0.02361 -1.98007e+01
 88 -0.03033 -1.75010e+01 | 89 -0.01512 -2.18878e+01 | 90 -0.01865 -1.45218e+01
 91  0.02808 -2.08171e+01 | 92  0.03242 -1.78749e+01 | 93 -0.00992 -2.24726e+01
 94  0.00270 -1.87228e+01 | 95 -0.00057 -1.91313e+01 | 96 -0.00006 -1.85301e+01
 97 -0.01688  3.83518e+01 | 98 -0.30297 -2.30647e+00 |

Initial statistics: 100 variables; iteration 0; function evaluation 0; phase 3
Function value 5.8313128e+02; maximum gradient component mag 5.9251e+02
Var    Value     Gradient |Var    Value     Gradient |Var    Value     Gradient
  1  0.61204  5.92508e+02 |  2 -0.00104 -1.74772e+01 |  3 -0.00082 -1.66489e+01
  4 -0.00061 -1.57489e+01 |  5 -0.00049 -1.48911e+01 |  6 -0.00051 -1.41949e+01
  7 -0.00075 -1.37139e+01 |  8 -0.00111 -1.33852e+01 |  9 -0.00145 -1.30124e+01
 10  0.00026 -1.17273e+01 | 11 -0.00136 -1.12698e+01 | 12 -0.00070 -9.76111e+00
 13 -0.00002 -8.19846e+00 | 14  0.00050 -6.39436e+00 | 15 -0.00076 -4.15380e+00
 16 -0.00565 -4.94010e+00 | 17 -0.00684 -1.84131e-01 | 18 -0.00778 -5.66137e-02
 19 -0.00568  2.67185e-02 | 20 -0.00668  8.41987e-01 | 21 -0.00478  1.25928e+00
 22 -0.00392  2.92935e+00 | 23 -0.00357  2.90168e+00 | 24 -0.00283  4.72094e+00
 25 -0.00283  6.27992e+00 | 26 -0.00229  6.62269e+00 | 27 -0.00046  5.19944e+00
 28  0.00061  6.20263e+00 | 29 -0.00278  9.26748e+00 | 30  0.00501  8.46935e+00
 31 -0.00351  8.54330e+00 | 32 -0.00160  8.73620e+00 | 33  0.00184  9.93721e+00
 34  0.00709  1.04734e+01 | 35  0.00194  1.06169e+01 | 36 -0.00040  1.00798e+01
 37 -0.00017  1.08161e+01 | 38 -0.00066  1.06896e+01 | 39 -0.00373  1.20701e+01
 40  0.02148  1.29674e+01 | 41  0.00285  1.08195e+01 | 42  0.00275  9.73108e+00
 43  0.00106  1.11737e+01 | 44 -0.00181  1.33735e+01 | 45  0.02206  1.36465e+01
 46  0.00237  1.11924e+01 | 47  0.00327  1.02836e+01 | 48  0.00639  1.43791e+01
 49  0.01266  1.34616e+01 | 50  0.01849  1.32028e+01 | 51  0.02997  1.13962e+01
 52  0.00751  9.22225e+00 | 53  0.00357  1.12035e+01 | 54  0.00340  8.46847e+00
 55  0.00547  1.15983e+01 | 56  0.00421  8.02153e+00 | 57  0.00259  7.82843e+00
 58  0.00039  9.40197e+00 | 59  0.00234  5.80134e+00 | 60 -0.00482  1.03838e+01
 61  0.01166  5.99531e+00 | 62 -0.00495  8.34787e+00 | 63 -0.03590  1.55262e+00
 64 -0.01408 -2.13991e-01 | 65 -0.02430  1.51539e+00 | 66 -0.01937  3.64604e+00
 67  0.07509  4.55803e+01 | 68 -0.03205 -3.60628e+00 | 69  0.00172  4.11542e-01
 70  0.02383  2.75983e+00 | 71  0.03639  1.07865e+01 | 72 -0.02461 -6.46888e+00
 73  0.00572  3.54912e-01 | 74  0.02377 -2.66307e-01 | 75  0.00216  4.66118e-01
 76  0.00164  4.03236e+00 | 77 -0.02058 -5.71171e+00 | 78 -0.01484 -8.92166e+00
 79 -0.04404 -1.02789e+01 | 80  0.02005  4.19330e+00 | 81 -0.00105 -9.16883e+00
 82  0.01820 -1.29938e+01 | 83 -0.01780 -7.49966e+00 | 84 -0.00514 -1.11407e+01
 85 -0.00292 -5.68474e+00 | 86 -0.01108 -1.74813e+01 | 87 -0.02361 -1.95682e+01
 88 -0.03033 -1.72686e+01 | 89 -0.01512 -2.16552e+01 | 90 -0.01865 -1.42892e+01
 91  0.02809 -2.05846e+01 | 92  0.03242 -1.76425e+01 | 93 -0.00991 -2.22399e+01
 94  0.00271 -1.84901e+01 | 95 -0.00057 -1.88986e+01 | 96 -0.00005 -1.82974e+01
 97 -0.01688  3.83518e+01 | 98 -0.41581  7.34006e+01 | 99 -0.30297 -2.30647e+00
100 -0.25275 -2.20148e+01 |

Intermediate statistics: 100 variables; iteration 20; function evaluation 24; phase 3
Function value 5.8110977e+02; maximum gradient component mag -6.8199e+02
Var    Value     Gradient |Var    Value     Gradient |Var    Value     Gradient
  1  0.61295 -6.81987e+02 |  2 -0.00068  1.94684e+01 |  3 -0.00063  1.90436e+01
  4 -0.00058  1.84881e+01 |  5 -0.00058  1.77323e+01 |  6 -0.00063  1.67078e+01
  7 -0.00076  1.53834e+01 |  8 -0.00090  1.37597e+01 |  9 -0.00096  1.18822e+01
 10  0.00083  9.58931e+00 | 11 -0.00043  7.46881e+00 | 12  0.00035  4.86053e+00
 13  0.00127  1.96787e+00 | 14  0.00198 -9.79037e-01 | 15  0.00034 -3.03181e+00
 16 -0.00394 -3.99038e+00 | 17 -0.00696 -4.07450e+00 | 18 -0.00759 -5.13659e+00
 19 -0.00502 -6.87202e+00 | 20 -0.00771 -6.32372e+00 | 21 -0.00374 -8.80303e+00
 22 -0.00293 -1.12260e+01 | 23 -0.00294 -1.00400e+01 | 24 -0.00262 -1.10245e+01
 25 -0.00315 -1.13412e+01 | 26 -0.00232 -1.20608e+01 | 27  0.00146 -1.37256e+01
 28  0.00232 -1.39752e+01 | 29 -0.00321 -9.97092e+00 | 30  0.00519 -1.55864e+01
 31 -0.00372 -8.10239e+00 | 32 -0.00160 -8.62041e+00 | 33  0.00216 -9.30439e+00
 34  0.00949 -1.09481e+01 | 35 -0.00001 -7.04052e+00 | 36 -0.00043 -3.83363e+00
 37 -0.00114 -3.23596e+00 | 38 -0.00113 -1.31163e+00 | 39 -0.00474  2.56503e+00
 40  0.02186 -1.26260e+01 | 41  0.00270  5.81914e-01 | 42  0.00269  5.00462e-01
 43  0.00050  3.14298e+00 | 44 -0.00253  7.48353e+00 | 45  0.02093 -6.67342e+00
 46  0.00158  5.85949e+00 | 47  0.00217  5.20650e+00 | 48  0.00401  6.62004e+00
 49  0.01294  5.26579e+00 | 50  0.01539  1.63582e+00 | 51  0.03649 -1.84143e+00
 52  0.00641  6.55636e+00 | 53  0.00192  9.88933e+00 | 54  0.00399  9.91178e+00
 55  0.00307  1.03798e+01 | 56  0.00535  1.03252e+01 | 57  0.00305  1.01143e+01
 58  0.00056  1.23827e+01 | 59  0.00408  1.02138e+01 | 60 -0.00553  1.70963e+01
 61  0.01094  3.45178e+00 | 62 -0.00358  1.77262e+01 | 63 -0.03691  2.11811e+01
 64 -0.01285  1.63226e+01 | 65 -0.02462  2.26531e+01 | 66 -0.01773  2.76095e+01
 67  0.07372 -5.15182e+01 | 68 -0.03122  2.41835e+01 | 69  0.00206  1.35875e+01
 70  0.02339 -1.35217e+01 | 71  0.03536 -4.72985e+01 | 72 -0.02493  4.43743e+00
 73  0.00526 -1.37141e+01 | 74  0.02272 -4.27507e+01 | 75  0.00161 -1.42151e+01
 76  0.00143 -2.68666e+00 | 77 -0.02064  3.42993e+00 | 78 -0.01530 -7.12092e+00
 79 -0.04398  1.11279e+01 | 80  0.01922 -2.63208e+01 | 81 -0.00145 -1.21260e+01
 82  0.01721 -3.85808e+01 | 83 -0.01763  1.49517e+01 | 84 -0.00550 -1.12558e+00
 85 -0.00312  8.82875e+00 | 86 -0.01161 -2.81425e+00 | 87 -0.02370  9.47407e+00
 88 -0.03035  1.51290e+01 | 89 -0.01525  1.17469e+01 | 90 -0.01854  2.25949e+01
 91  0.02819  2.03784e+01 | 92  0.03246  2.24923e+01 | 93 -0.00995  1.94311e+01
 94  0.00306  2.34300e+01 | 95 -0.00017  2.25883e+01 | 96 -0.00005  2.27176e+01
 97 -0.06794 -1.03411e+02 | 98 -0.44326  1.80102e+02 | 99 -0.28646  1.32634e+01
100 -0.24728 -3.25582e+01 |
100 variables; iteration 40; function evaluation 47; phase 3
Function value 5.8039689e+02; maximum gradient component mag -7.7018e+02
Var    Value     Gradient |Var    Value     Gradient |Var    Value     Gradient
  1  0.61292 -7.70178e+02 |  2 -0.00035  2.02988e+01 |  3 -0.00041  1.95594e+01
  4 -0.00046  1.87070e+01 |  5 -0.00049  1.77165e+01 |  6 -0.00048  1.65348e+01
  7 -0.00051  1.50897e+01 |  8 -0.00054  1.32898e+01 |  9 -0.00057  1.10850e+01
 10  0.00126  8.32205e+00 | 11 -0.00018  5.53636e+00 | 12  0.00056  2.27163e+00
 13  0.00145 -1.32728e+00 | 14  0.00244 -4.68644e+00 | 15  0.00142 -6.63349e+00
 16 -0.00330 -8.23714e+00 | 17 -0.00564 -7.70012e+00 | 18 -0.00649 -9.28557e+00
 19 -0.00404 -1.16158e+01 | 20 -0.00730 -1.13716e+01 | 21 -0.00307 -1.47917e+01
 22 -0.00204 -1.75255e+01 | 23 -0.00231 -1.63655e+01 | 24 -0.00204 -1.77763e+01
 25 -0.00280 -1.85248e+01 | 26 -0.00234 -1.99104e+01 | 27  0.00301 -2.09791e+01
 28  0.00353 -2.17329e+01 | 29 -0.00013 -1.53932e+01 | 30  0.00175 -2.90873e+01
 31 -0.00281 -1.59797e+01 | 32 -0.00144 -1.75011e+01 | 33 -0.00061 -2.14034e+01
 34  0.01265 -1.91352e+01 | 35  0.00014 -1.59254e+01 | 36  0.00010 -1.29937e+01
 37 -0.00117 -1.24760e+01 | 38 -0.00335 -1.32181e+01 | 39 -0.00669 -8.59259e+00
 40  0.02556 -2.11846e+01 | 41  0.00353 -8.64137e+00 | 42  0.00249 -9.44245e+00
 43 -0.00148 -8.90882e+00 | 44 -0.00628 -7.43314e+00 | 45  0.02051 -2.10793e+01
 46  0.00033 -6.18234e+00 | 47  0.00010 -7.11321e+00 | 48  0.00048 -7.81914e+00
 49  0.00963 -1.04494e+01 | 50  0.01710 -6.48370e+00 | 51  0.04001 -1.69390e+01
 52  0.00315 -6.67828e+00 | 53  0.00039 -1.33419e+00 | 54  0.00384 -1.40128e-01
 55  0.00190 -1.10885e+00 | 56  0.00527 -3.26868e-01 | 57  0.00333  1.44870e+00
 58  0.00082  4.23696e+00 | 59  0.00284 -3.16339e+00 | 60 -0.01188 -1.06601e+01
 61  0.01095 -1.00428e+01 | 62 -0.00886 -8.83820e+00 | 63 -0.03918  9.17583e+00
 64 -0.01484 -8.17613e-01 | 65 -0.02622  1.07422e+01 | 66 -0.01715  2.47531e+01
 67  0.07422 -5.35992e+01 | 68 -0.03235  1.24952e+01 | 69  0.00185  1.20815e+01
 70  0.02389 -7.49330e+00 | 71  0.03635 -7.25219e+00 | 72 -0.02400  1.76146e+01
 73  0.00534  4.05201e-01 | 74  0.02439  5.88526e+00 | 75  0.00195  6.81132e+00
 76  0.00152  1.10125e+01 | 77 -0.02080  1.30402e+01 | 78 -0.01500  7.77178e+00
 79 -0.04444  1.53536e+01 | 80  0.02007  1.19326e+01 | 81 -0.00096  1.67552e+01
 82  0.01855  8.52511e+00 | 83 -0.01835  1.23384e+01 | 84 -0.00519  1.22555e+01
 85 -0.00314  1.94475e+01 | 86 -0.01012  2.62350e+01 | 87 -0.02346  2.06433e+01
 88 -0.02774  4.71531e+01 | 89 -0.01511  1.44053e+01 | 90 -0.01780  2.88607e+01
 91  0.02819  1.28191e+01 | 92  0.03389  3.36421e+01 | 93 -0.00815  3.34204e+01
 94  0.00417  2.55532e+01 | 95  0.00003  2.38324e+01 | 96 -0.00001  2.37312e+01
 97 -0.07589 -7.84504e+01 | 98 -0.45177  1.20165e+02 | 99 -0.28758  2.15718e+00
100 -0.24628 -6.06584e+00 |
100 variables; iteration 60; function evaluation 76; phase 3
Function value 5.8003113e+02; maximum gradient component mag -7.2037e+02
Var    Value     Gradient |Var    Value     Gradient |Var    Value     Gradient
  1  0.61268 -7.20374e+02 |  2  0.00001  1.92023e+01 |  3 -0.00025  1.82302e+01
  4 -0.00054  1.71044e+01 |  5 -0.00076  1.59296e+01 |  6 -0.00079  1.48051e+01
  7 -0.00068  1.37074e+01 |  8 -0.00047  1.24171e+01 |  9 -0.00030  1.06757e+01
 10  0.00150  8.13612e+00 | 11  0.00053  6.16352e+00 | 12  0.00165  3.64874e+00
 13  0.00297  8.23275e-01 | 14  0.00372 -2.51689e+00 | 15  0.00207 -4.88420e+00
 16 -0.00154 -5.16149e+00 | 17 -0.00685 -8.14416e+00 | 18 -0.00694 -8.70516e+00
 19 -0.00356 -9.72662e+00 | 20 -0.00705 -9.92510e+00 | 21 -0.00205 -1.23147e+01
 22 -0.00125 -1.49800e+01 | 23 -0.00148 -1.39409e+01 | 24 -0.00131 -1.53809e+01
 25 -0.00228 -1.63746e+01 | 26 -0.00257 -1.85245e+01 | 27  0.00458 -1.79257e+01
 28  0.00123 -2.19636e+01 | 29 -0.00164 -1.52894e+01 | 30  0.00593 -2.27402e+01
 31 -0.00345 -1.55230e+01 | 32 -0.00129 -1.60664e+01 | 33  0.00213 -1.77928e+01
 34  0.01019 -2.00545e+01 | 35  0.00017 -1.54594e+01 | 36 -0.00051 -1.34549e+01
 37 -0.00206 -1.30540e+01 | 38 -0.00198 -1.15322e+01 | 39 -0.00810 -1.06857e+01
 40  0.02425 -2.23501e+01 | 41  0.00146 -1.14758e+01 | 42  0.00155 -1.07947e+01
 43 -0.00071 -8.39110e+00 | 44 -0.00482 -5.73959e+00 | 45  0.02023 -2.11733e+01
 46 -0.00051 -7.98730e+00 | 47  0.00025 -7.31821e+00 | 48 -0.00038 -9.06550e+00
 49  0.00958 -1.07860e+01 | 50  0.01270 -1.30164e+01 | 51  0.04451 -1.43637e+01
 52  0.00512 -5.16703e+00 | 53 -0.00221 -5.67192e+00 | 54  0.00185 -4.66701e+00
 55  0.00074 -4.45545e+00 | 56  0.00490 -3.26509e+00 | 57  0.00191 -2.77451e+00
 58 -0.00170 -2.26384e+00 | 59  0.00246 -5.23501e+00 | 60 -0.00897 -1.91237e+00
 61  0.01106 -9.19643e+00 | 62 -0.00590 -9.35361e-01 | 63 -0.03986  6.08935e+00
 64 -0.01325  3.94143e+00 | 65 -0.02662  6.46724e+00 | 66 -0.02014  5.49992e+00
 67  0.07472 -3.91199e+01 | 68 -0.03254  9.50984e+00 | 69  0.00134  2.73096e+00
 70  0.02446  3.42369e-01 | 71  0.03649 -3.81216e+00 | 72 -0.02441  1.15956e+01
 73  0.00565  6.27459e+00 | 74  0.02429  2.47786e+00 | 75  0.00195  6.68433e+00
 76  0.00177  1.35877e+01 | 77 -0.02113  6.65101e+00 | 78 -0.01464  1.09418e+01
 79 -0.04426  1.63942e+01 | 80  0.02015  1.08806e+01 | 81 -0.00101  1.39397e+01
 82  0.01890  1.33888e+01 | 83 -0.01783  1.97705e+01 | 84 -0.00502  1.28919e+01
 85 -0.00312  1.76592e+01 | 86 -0.01042  1.93259e+01 | 87 -0.02332  2.00798e+01
 88 -0.02982  2.13282e+01 | 89 -0.01475  2.15248e+01 | 90 -0.01859  2.05554e+01
 91  0.02829  2.14094e+01 | 92  0.03280  2.10577e+01 | 93 -0.00925  2.48636e+01
 94  0.00468  2.43811e+01 | 95  0.00011  2.19880e+01 | 96  0.00005  2.18760e+01
 97 -0.08022 -5.02131e+01 | 98 -0.45733  6.94409e+01 | 99 -0.28703 -2.77549e+00
100 -0.24516  6.11059e+00 |
Maximum number of function evaluations exceeded

 - final statistics:
100 variables; iteration 76; function evaluation 100
Function value 5.7987e+02; maximum gradient component mag -6.3632e+02
Exit code = 3;  converg criter 1.0000e+00
Var    Value     Gradient |Var    Value     Gradient |Var    Value     Gradient
  1  0.61277 -6.36320e+02 |  2 -0.00057  1.61273e+01 |  3 -0.00038  1.59232e+01
  4 -0.00033  1.53953e+01 |  5 -0.00041  1.45483e+01 |  6 -0.00046  1.35379e+01
  7 -0.00036  1.25851e+01 |  8 -0.00011  1.15354e+01 |  9  0.00020  1.02157e+01
 10  0.00221  8.24375e+00 | 11  0.00075  5.88319e+00 | 12  0.00270  4.75624e+00
 13  0.00289  9.57475e-01 | 14  0.00356 -2.03018e+00 | 15  0.00190 -4.10472e+00
 16 -0.00237 -5.04550e+00 | 17 -0.00667 -6.80644e+00 | 18 -0.00684 -7.30271e+00
 19 -0.00390 -8.60299e+00 | 20 -0.00716 -8.66739e+00 | 21 -0.00151 -9.80636e+00
 22 -0.00135 -1.27883e+01 | 23 -0.00143 -1.17401e+01 | 24 -0.00093 -1.26534e+01
 25 -0.00105 -1.26834e+01 | 26 -0.00074 -1.41469e+01 | 27  0.00266 -1.64106e+01
 28  0.00494 -1.56117e+01 | 29 -0.00483 -1.65231e+01 | 30  0.00815 -1.71767e+01
 31 -0.00359 -1.35363e+01 | 32 -0.00135 -1.38909e+01 | 33  0.00250 -1.51577e+01
 34  0.00918 -1.84009e+01 | 35  0.00006 -1.36672e+01 | 36 -0.00121 -1.25564e+01
 37 -0.00208 -1.15020e+01 | 38 -0.00222 -1.03199e+01 | 39 -0.00649 -7.61002e+00
 40  0.02300 -2.08848e+01 | 41  0.00125 -1.05597e+01 | 42  0.00165 -9.57385e+00
 43 -0.00127 -8.21100e+00 | 44 -0.00538 -5.96459e+00 | 45  0.02160 -1.62595e+01
 46  0.00060 -5.97942e+00 | 47  0.00087 -5.87974e+00 | 48  0.00109 -6.87481e+00
 49  0.01065 -8.97147e+00 | 50  0.01387 -1.11332e+01 | 51  0.03798 -1.75584e+01
 52  0.00589 -4.58575e+00 | 53 -0.00121 -4.60804e+00 | 54  0.00178 -4.60842e+00
 55  0.00045 -4.88021e+00 | 56  0.00414 -4.65640e+00 | 57  0.00079 -4.81466e+00
 58 -0.00257 -4.26147e+00 | 59  0.00310 -3.61750e+00 | 60 -0.00810  1.36369e+00
 61  0.01205 -4.30428e+00 | 62 -0.00558  2.25608e-01 | 63 -0.03904  7.70156e+00
 64 -0.01378  8.93392e-01 | 65 -0.02705  3.45317e+00 | 66 -0.02076  8.04758e-01
 67  0.07468 -3.40786e+01 | 68 -0.03259  7.98475e+00 | 69  0.00127  1.91198e+00
 70  0.02434 -2.08476e+00 | 71  0.03643 -4.03278e+00 | 72 -0.02456  8.31058e+00
 73  0.00569  7.00500e+00 | 74  0.02432  1.93302e+00 | 75  0.00218  1.00333e+01
 76  0.00114  1.20484e+00 | 77 -0.02043  1.74802e+01 | 78 -0.01436  1.39867e+01
 79 -0.04427  1.47546e+01 | 80  0.02001  6.30233e+00 | 81 -0.00114  1.05275e+01
 82  0.01884  1.03634e+01 | 83 -0.01827  1.11001e+01 | 84 -0.00454  1.86644e+01
 85 -0.00323  1.42097e+01 | 86 -0.01047  1.61254e+01 | 87 -0.02333  1.79369e+01
 88 -0.03039  1.24509e+01 | 89 -0.01471  2.13755e+01 | 90 -0.01878  1.65854e+01
 91  0.02824  2.14929e+01 | 92  0.03267  1.84938e+01 | 93 -0.00990  1.76094e+01
 94  0.00301  1.84257e+01 | 95 -0.00088  1.78726e+01 | 96 -0.00038  1.86333e+01
 97 -0.08552 -3.80198e+01 | 98 -0.46196  4.37115e+01 | 99 -0.28708 -2.63179e+00
100 -0.24520  4.99801e+00 |

Initial statistics: 108 variables; iteration 0; function evaluation 0; phase 4
Function value 5.7986905e+02; maximum gradient component mag -1.1543e+03
Var    Value     Gradient |Var    Value     Gradient |Var    Value     Gradient
  1 -0.42263 -3.15399e+02 |  2 -0.42263 -1.15428e+03 |  3 -0.41094 -4.11075e+02
  4  0.61277 -6.36320e+02 |  5  0.00000 -4.50081e+00 |  6  0.00000 -9.99306e-01
  7  0.00000 -4.50598e+00 |  8  0.00000 -1.49243e+00 |  9  0.00000 -1.82347e+00
 10 -0.00057  1.62359e+01 | 11 -0.00038  1.60319e+01 | 12 -0.00033  1.55040e+01
 13 -0.00040  1.46569e+01 | 14 -0.00046  1.36465e+01 | 15 -0.00036  1.26937e+01
 16 -0.00011  1.16441e+01 | 17  0.00021  1.03244e+01 | 18  0.00222  8.35241e+00
 19  0.00076  5.99186e+00 | 20  0.00270  4.86490e+00 | 21  0.00289  1.06614e+00
 22  0.00356 -1.92152e+00 | 23  0.00190 -3.99606e+00 | 24 -0.00236 -4.93684e+00
 25 -0.00667 -6.69779e+00 | 26 -0.00684 -7.19405e+00 | 27 -0.00390 -8.49433e+00
 28 -0.00716 -8.55873e+00 | 29 -0.00151 -9.69769e+00 | 30 -0.00135 -1.26797e+01
 31 -0.00143 -1.16314e+01 | 32 -0.00092 -1.25447e+01 | 33 -0.00104 -1.25747e+01
 34 -0.00074 -1.40382e+01 | 35  0.00266 -1.63019e+01 | 36  0.00494 -1.55030e+01
 37 -0.00483 -1.64145e+01 | 38  0.00815 -1.70680e+01 | 39 -0.00359 -1.34276e+01
 40 -0.00135 -1.37822e+01 | 41  0.00250 -1.50490e+01 | 42  0.00918 -1.82923e+01
 43  0.00006 -1.35586e+01 | 44 -0.00121 -1.24478e+01 | 45 -0.00208 -1.13933e+01
 46 -0.00222 -1.02112e+01 | 47 -0.00649 -7.50136e+00 | 48  0.02300 -2.07762e+01
 49  0.00125 -1.04510e+01 | 50  0.00165 -9.46518e+00 | 51 -0.00127 -8.10233e+00
 52 -0.00538 -5.85593e+00 | 53  0.02160 -1.61509e+01 | 54  0.00061 -5.87075e+00
 55  0.00087 -5.77107e+00 | 56  0.00109 -6.76615e+00 | 57  0.01066 -8.86282e+00
 58  0.01387 -1.10246e+01 | 59  0.03799 -1.74499e+01 | 60  0.00589 -4.47709e+00
 61 -0.00121 -4.49937e+00 | 62  0.00178 -4.49976e+00 | 63  0.00045 -4.77154e+00
 64  0.00414 -4.54774e+00 | 65  0.00079 -4.70600e+00 | 66 -0.00257 -4.15281e+00
 67  0.00310 -3.50883e+00 | 68 -0.00810  1.47235e+00 | 69  0.01205 -4.19563e+00
 70 -0.00558  3.34267e-01 | 71 -0.03904  7.81003e+00 | 72 -0.01378  1.00203e+00
 73 -0.02704  3.56174e+00 | 74 -0.02076  9.13364e-01 | 75  0.07468 -3.39707e+01
 76 -0.03259  8.09328e+00 | 77  0.00127  2.02064e+00 | 78  0.02435 -1.97618e+00
 79  0.03643 -3.92429e+00 | 80 -0.02456  8.41917e+00 | 81  0.00569  7.11366e+00
 82  0.02432  2.04161e+00 | 83  0.00218  1.01420e+01 | 84  0.00114  1.31351e+00
 85 -0.02043  1.75888e+01 | 86 -0.01436  1.40953e+01 | 87 -0.04427  1.48630e+01
 88  0.02001  6.41094e+00 | 89 -0.00113  1.06362e+01 | 90  0.01884  1.04720e+01
 91 -0.01827  1.12088e+01 | 92 -0.00454  1.87731e+01 | 93 -0.00323  1.43184e+01
 94 -0.01047  1.62341e+01 | 95 -0.02333  1.80455e+01 | 96 -0.03039  1.25594e+01
 97 -0.01470  2.14842e+01 | 98 -0.01878  1.66940e+01 | 99  0.02824  2.16014e+01
100  0.03268  1.86023e+01 |101 -0.00989  1.77181e+01 |102  0.00301  1.85344e+01
103 -0.00088  1.79812e+01 |104 -0.00038  1.87420e+01 |105 -0.08552 -3.80198e+01
106 -0.46196  4.37115e+01 |107 -0.28708 -2.63179e+00 |108 -0.24520  4.99801e+00

Intermediate statistics: 108 variables; iteration 20; function evaluation 25; phase 4
Function value 5.7842944e+02; maximum gradient component mag -1.3004e+03
Var    Value     Gradient |Var    Value     Gradient |Var    Value     Gradient
  1 -0.41585 -3.78818e+02 |  2 -0.41740 -1.30038e+03 |  3 -0.42301 -5.44364e+02
  4  0.61240 -9.74094e+02 |  5 -0.00042 -7.32862e+00 |  6 -0.00008 -1.61756e+00
  7  0.00163 -2.64147e+00 |  8 -0.00012 -2.40102e+00 |  9 -0.00014 -2.92127e+00
 10 -0.00026  2.67039e+01 | 11 -0.00026  2.59982e+01 | 12 -0.00027  2.51015e+01
 13 -0.00031  2.39965e+01 | 14 -0.00031  2.26811e+01 | 15 -0.00029  2.11527e+01
 16 -0.00021  1.93432e+01 | 17 -0.00004  1.71960e+01 | 18  0.00189  1.42604e+01
 19  0.00091  1.17585e+01 | 20  0.00175  8.16211e+00 | 21  0.00319  4.58422e+00
 22  0.00436  7.36954e-01 | 23  0.00273 -2.10124e+00 | 24 -0.00188 -3.33605e+00
 25 -0.00509 -3.75817e+00 | 26 -0.00580 -5.36715e+00 | 27 -0.00328 -7.82263e+00
 28 -0.00508 -5.68490e+00 | 29 -0.00259 -1.18931e+01 | 30 -0.00124 -1.47178e+01
 31 -0.00123 -1.32555e+01 | 32 -0.00111 -1.51540e+01 | 33 -0.00212 -1.64221e+01
 34 -0.00051 -1.73969e+01 | 35  0.00385 -2.05456e+01 | 36  0.00059 -2.38710e+01
 37  0.00077 -1.48112e+01 | 38  0.00455 -2.66109e+01 | 39 -0.00269 -1.62352e+01
 40 -0.00087 -1.76944e+01 | 41  0.00303 -2.03451e+01 | 42  0.00821 -2.60774e+01
 43  0.00067 -1.76210e+01 | 44 -0.00074 -1.63353e+01 | 45 -0.00180 -1.51991e+01
 46 -0.00257 -1.44948e+01 | 47 -0.00653 -1.09149e+01 | 48  0.02141 -3.42939e+01
 49  0.00199 -1.47713e+01 | 50  0.00133 -1.47578e+01 | 51 -0.00172 -1.25022e+01
 52 -0.00535 -9.19514e+00 | 53  0.02050 -2.87378e+01 | 54 -0.00070 -1.14596e+01
 55  0.00026 -1.05338e+01 | 56  0.00304 -9.26572e+00 | 57  0.01126 -1.47614e+01
 58  0.01660 -1.54938e+01 | 59  0.02579 -3.90847e+01 | 60  0.00594 -9.62397e+00
 61  0.00058 -5.26805e+00 | 62  0.00113 -7.51650e+00 | 63  0.00067 -6.52180e+00
 64  0.00449 -8.06976e+00 | 65  0.00214 -6.13663e+00 | 66 -0.00115 -4.27160e+00
 67  0.00280 -7.48811e+00 | 68 -0.00861 -1.60709e+00 | 69  0.01223 -1.15013e+01
 70 -0.00627 -2.99542e+00 | 71 -0.03867  1.15813e+01 | 72 -0.01324  2.16118e+00
 73 -0.02636  6.59447e+00 | 74 -0.02001  3.25551e+00 | 75  0.07538 -4.84162e+01
 76 -0.03184  2.06539e+01 | 77  0.00271  1.86844e+01 | 78  0.02364 -1.94245e+01
 79  0.03669 -6.52488e+00 | 80 -0.02402  1.89039e+01 | 81  0.00683  3.05667e+01
 82  0.02381 -1.22135e+01 | 83  0.00241  1.73300e+01 | 84  0.00058 -5.53133e+00
 85 -0.02044  2.27030e+01 | 86 -0.01457  1.56784e+01 | 87 -0.04468  1.86342e+01
 88  0.02042  1.34739e+01 | 89 -0.00042  2.90194e+01 | 90  0.01759 -1.36544e+01
 91 -0.01859  1.29687e+01 | 92 -0.00464  2.14705e+01 | 93 -0.00331  2.05114e+01
 94 -0.01075  1.71059e+01 | 95 -0.02354  2.34520e+01 | 96 -0.03010  2.44212e+01
 97 -0.01386  4.47591e+01 | 98 -0.01865  2.78319e+01 | 99  0.02902  5.18690e+01
100  0.03162  1.81968e+01 |101 -0.01138  1.78481e+01 |102  0.00230  2.52797e+01
103 -0.00018  3.01227e+01 |104 -0.00007  3.02798e+01 |105 -0.08086 -5.37013e+01
106 -0.46003  5.52557e+01 |107 -0.30446  4.81557e+01 |108 -0.26623 -1.53490e+02
108 variables; iteration 40; function evaluation 49; phase 4
Function value 5.7730816e+02; maximum gradient component mag -1.2895e+03
Var    Value     Gradient |Var    Value     Gradient |Var    Value     Gradient
  1 -0.41050 -1.37857e+02 |  2 -0.41575 -1.28947e+03 |  3 -0.42794 -5.52643e+02
  4  0.61250 -1.02499e+03 |  5 -0.00034 -7.44309e+00 |  6 -0.00009 -1.68562e+00
  7  0.00360  2.83001e-01 |  8 -0.00013 -2.49090e+00 |  9 -0.00015 -3.02179e+00
 10  0.00021  2.82273e+01 | 11  0.00005  2.72524e+01 | 12  0.00000  2.62802e+01
 13  0.00004  2.52448e+01 | 14  0.00011  2.39847e+01 | 15  0.00009  2.23643e+01
 16  0.00015  2.04513e+01 | 17  0.00035  1.82815e+01 | 18  0.00239  1.53852e+01
 19  0.00115  1.24545e+01 | 20  0.00297  9.84208e+00 | 21  0.00310  4.64517e+00
 22  0.00390  3.49606e-01 | 23  0.00210 -2.60516e+00 | 24 -0.00241 -3.65905e+00
 25 -0.00652 -5.15812e+00 | 26 -0.00672 -6.22747e+00 | 27 -0.00397 -8.39779e+00
 28 -0.00656 -7.34643e+00 | 29 -0.00191 -1.12288e+01 | 30 -0.00109 -1.46254e+01
 31 -0.00097 -1.30087e+01 | 32 -0.00071 -1.48073e+01 | 33 -0.00157 -1.59678e+01
 34  0.00036 -1.68052e+01 | 35  0.00442 -2.04510e+01 | 36 -0.00045 -2.45555e+01
 37 -0.00024 -1.58100e+01 | 38  0.00480 -2.67554e+01 | 39 -0.00310 -1.66881e+01
 40 -0.00080 -1.78014e+01 | 41  0.00340 -2.03638e+01 | 42  0.00785 -2.62039e+01
 43  0.00212 -1.63421e+01 | 44 -0.00078 -1.63773e+01 | 45 -0.00185 -1.52608e+01
 46 -0.00243 -1.43768e+01 | 47 -0.00653 -1.08003e+01 | 48  0.02360 -3.28189e+01
 49  0.00232 -1.45122e+01 | 50  0.00163 -1.45446e+01 | 51 -0.00156 -1.23035e+01
 52 -0.00503 -9.03247e+00 | 53  0.01967 -3.16466e+01 | 54 -0.00037 -1.18211e+01
 55  0.00042 -1.11224e+01 | 56  0.00275 -1.05277e+01 | 57  0.01118 -1.60341e+01
 58  0.01706 -1.72736e+01 | 59  0.02344 -4.25315e+01 | 60  0.00701 -1.00534e+01
 61 -0.00026 -7.22959e+00 | 62  0.00105 -8.69216e+00 | 63 -0.00049 -1.00935e+01
 64  0.00494 -1.00632e+01 | 65  0.00104 -9.07635e+00 | 66 -0.00060 -5.16087e+00
 67  0.00219 -1.02431e+01 | 68 -0.00834 -2.65499e+00 | 69  0.01150 -1.74399e+01
 70 -0.00625 -3.84517e+00 | 71 -0.03830  1.19259e+01 | 72 -0.01201  6.96569e+00
 73 -0.02558  8.80673e+00 | 74 -0.01919  6.08010e+00 | 75  0.07491 -7.14009e+01
 76 -0.03274  1.25007e+01 | 77  0.00112 -6.73718e+00 | 78  0.02459 -3.90740e+00
 79  0.03622 -1.83141e+01 | 80 -0.02420  1.67248e+01 | 81  0.00493 -9.85831e+00
 82  0.02393 -1.36250e+01 | 83  0.00192  1.04500e+01 | 84  0.00122  4.51527e+00
 85 -0.02093  1.70422e+01 | 86 -0.01487  1.07435e+01 | 87 -0.04502  1.69449e+01
 88  0.02054  1.37365e+01 | 89 -0.00102  1.80439e+01 | 90  0.01878  1.23096e+01
 91 -0.01834  1.99476e+01 | 92 -0.00472  2.03043e+01 | 93 -0.00319  2.70569e+01
 94 -0.00998  3.19260e+01 | 95 -0.02317  3.56455e+01 | 96 -0.03079  2.10619e+01
 97 -0.01507  2.82206e+01 | 98 -0.01890  2.93985e+01 | 99  0.02776  3.10097e+01
100  0.03224  3.61912e+01 |101 -0.01102  2.88820e+01 |102  0.00230  3.03221e+01
103  0.00064  3.23253e+01 |104  0.00026  3.17221e+01 |105 -0.07485 -4.71070e+01
106 -0.45768  4.99544e+01 |107 -0.31281 -6.29654e+00 |108 -0.26755  1.15367e+01
108 variables; iteration 60; function evaluation 75; phase 4
Function value 5.7699814e+02; maximum gradient component mag -1.0354e+03
Var    Value     Gradient |Var    Value     Gradient |Var    Value     Gradient
  1 -0.40782 -5.37224e+01 |  2 -0.41431 -1.03537e+03 |  3 -0.43103 -4.41341e+02
  4  0.61216 -8.84790e+02 |  5  0.00137 -4.09100e+00 |  6  0.00004 -1.27952e+00
  7  0.00228 -1.46912e+00 |  8  0.00012 -1.81738e+00 |  9  0.00020 -2.14707e+00
 10  0.00011  2.40559e+01 | 11  0.00027  2.36414e+01 | 12  0.00037  2.29889e+01
 13  0.00015  2.17080e+01 | 14 -0.00028  1.98908e+01 | 15 -0.00021  1.85808e+01
 16  0.00031  1.75400e+01 | 17  0.00057  1.57049e+01 | 18  0.00177  1.20511e+01
 19  0.00070  9.65437e+00 | 20  0.00105  5.75387e+00 | 21  0.00313  3.22265e+00
 22  0.00439 -1.90476e-01 | 23  0.00282 -2.60102e+00 | 24 -0.00188 -3.62795e+00
 25 -0.00479 -3.56032e+00 | 26 -0.00579 -5.40962e+00 | 27 -0.00352 -7.89089e+00
 28 -0.00457 -5.00142e+00 | 29 -0.00294 -1.17173e+01 | 30 -0.00163 -1.42236e+01
 31 -0.00172 -1.29946e+01 | 32 -0.00159 -1.47176e+01 | 33 -0.00190 -1.52816e+01
 34 -0.00064 -1.63386e+01 | 35  0.00382 -1.88816e+01 | 36  0.00406 -1.94611e+01
 37 -0.00259 -1.67281e+01 | 38  0.00651 -2.33085e+01 | 39 -0.00342 -1.59271e+01
 40 -0.00208 -1.78444e+01 | 41  0.00236 -1.98372e+01 | 42  0.00814 -2.42317e+01
 43  0.00022 -1.72383e+01 | 44 -0.00102 -1.56326e+01 | 45 -0.00153 -1.41342e+01
 46 -0.00261 -1.37615e+01 | 47 -0.00608 -9.87634e+00 | 48  0.02222 -3.08203e+01
 49  0.00151 -1.42133e+01 | 50  0.00183 -1.34490e+01 | 51 -0.00191 -1.19741e+01
 52 -0.00699 -1.10029e+01 | 53  0.02201 -2.41439e+01 | 54 -0.00092 -1.10641e+01
 55  0.00038 -9.77013e+00 | 56  0.00252 -9.12603e+00 | 57  0.01047 -1.41952e+01
 58  0.01462 -1.66482e+01 | 59  0.03164 -3.34963e+01 | 60  0.00451 -1.02534e+01
 61 -0.00007 -6.09082e+00 | 62  0.00077 -8.25885e+00 | 63  0.00099 -6.27795e+00
 64  0.00394 -9.90375e+00 | 65  0.00224 -7.13882e+00 | 66 -0.00192 -6.91430e+00
 67  0.00184 -1.08514e+01 | 68 -0.00855 -3.07915e+00 | 69  0.01190 -1.41958e+01
 70 -0.00627 -3.77125e+00 | 71 -0.03872  8.34920e+00 | 72 -0.01357 -1.18417e+00
 73 -0.02576  5.93599e+00 | 74 -0.01891  5.24769e+00 | 75  0.07508 -6.03603e+01
 76 -0.03252  1.18284e+01 | 77  0.00178  3.70291e+00 | 78  0.02428 -9.15236e+00
 79  0.03647 -1.02539e+01 | 80 -0.02450  1.15690e+01 | 81  0.00571  7.18961e+00
 82  0.02458  2.10482e+00 | 83  0.00187  7.83107e+00 | 84  0.00168  1.11773e+01
 85 -0.02089  1.48273e+01 | 86 -0.01449  1.44586e+01 | 87 -0.04439  2.16090e+01
 88  0.02031  8.14075e+00 | 89 -0.00107  1.44006e+01 | 90  0.01896  1.53528e+01
 91 -0.01806  2.18950e+01 | 92 -0.00470  1.81025e+01 | 93 -0.00332  2.02946e+01
 94 -0.01051  1.91773e+01 | 95 -0.02365  2.38309e+01 | 96 -0.02998  2.58638e+01
 97 -0.01498  2.56293e+01 | 98 -0.01893  2.50828e+01 | 99  0.02769  2.43013e+01
100  0.03171  2.54440e+01 |101 -0.01047  3.07083e+01 |102  0.00185  2.53406e+01
103  0.00045  2.75699e+01 |104  0.00020  2.71724e+01 |105 -0.08024 -4.59289e+01
106 -0.46205  4.06251e+01 |107 -0.31535 -3.12478e+00 |108 -0.27060  1.01079e+01
Maximum number of function evaluations exceeded

 - final statistics:
108 variables; iteration 76; function evaluation 100
Function value 5.7690e+02; maximum gradient component mag -4.2974e+02
Exit code = 3;  converg criter 1.0000e+00
Var    Value     Gradient |Var    Value     Gradient |Var    Value     Gradient
  1 -0.40675 -1.05285e+01 |  2 -0.41312 -4.29742e+02 |  3 -0.43362 -1.82891e+02
  4  0.61204 -3.79089e+02 |  5 -0.00074 -3.32953e+00 |  6 -0.00013 -6.92968e-01
  7  0.00134 -1.82929e+00 |  8 -0.00020 -1.04754e+00 |  9 -0.00025 -1.28489e+00
 10 -0.00039  9.81212e+00 | 11 -0.00040  9.53928e+00 | 12 -0.00043  9.18508e+00
 13 -0.00043  8.79654e+00 | 14 -0.00037  8.35525e+00 | 15 -0.00037  7.75485e+00
 16 -0.00039  6.89460e+00 | 17 -0.00029  5.93588e+00 | 18  0.00230  5.70422e+00
 19  0.00176  5.30658e+00 | 20  0.00218  3.06580e+00 | 21  0.00347  1.54430e+00
 22  0.00444 -1.37604e-01 | 23  0.00324 -6.24076e-01 | 24 -0.00120 -8.23270e-01
 25 -0.00492 -1.39068e+00 | 26 -0.00539 -1.84433e+00 | 27 -0.00276 -2.70675e+00
 28 -0.00521 -2.38285e+00 | 29 -0.00217 -5.15587e+00 | 30 -0.00039 -5.16898e+00
 31 -0.00056 -4.72882e+00 | 32 -0.00027 -5.40470e+00 | 33 -0.00147 -6.59452e+00
 34 -0.00206 -9.04887e+00 | 35  0.00352 -8.05134e+00 | 36  0.00374 -8.23086e+00
 37 -0.00210 -7.05525e+00 | 38  0.00677 -9.97686e+00 | 39 -0.00362 -7.41220e+00
 40 -0.00096 -7.14865e+00 | 41  0.00276 -8.48814e+00 | 42  0.00823 -1.09621e+01
 43 -0.00008 -8.18361e+00 | 44 -0.00107 -6.75489e+00 | 45 -0.00210 -6.38627e+00
 46 -0.00306 -6.61938e+00 | 47 -0.00670 -4.69085e+00 | 48  0.02107 -1.49341e+01
 49  0.00056 -7.14630e+00 | 50  0.00090 -6.38920e+00 | 51 -0.00230 -5.54524e+00
 52 -0.00549 -3.43852e+00 | 53  0.02055 -1.07051e+01 | 54 -0.00110 -5.02225e+00
 55 -0.00021 -4.33870e+00 | 56  0.00118 -4.48021e+00 | 57  0.00921 -7.07198e+00
 58  0.01323 -8.29698e+00 | 59  0.03588 -1.12106e+01 | 60  0.00360 -5.25376e+00
 61 -0.00101 -3.05453e+00 | 62  0.00081 -3.59551e+00 | 63  0.00019 -3.44526e+00
 64  0.00444 -4.13325e+00 | 65  0.00139 -3.90287e+00 | 66 -0.00178 -3.24367e+00
 67  0.00309 -2.97326e+00 | 68 -0.00860 -1.57331e+00 | 69  0.01251 -4.49239e+00
 70 -0.00644 -2.11365e+00 | 71 -0.03852  3.56934e+00 | 72 -0.01328 -8.21385e-01
 73 -0.02556  2.38555e+00 | 74 -0.01849  3.35095e+00 | 75  0.07514 -2.61597e+01
 76 -0.03255  5.03537e+00 | 77  0.00203  3.42971e+00 | 78  0.02422 -5.85989e+00
 79  0.03654 -3.64754e+00 | 80 -0.02455  4.05562e+00 | 81  0.00588  6.23614e+00
 82  0.02460  3.60417e+00 | 83  0.00188  2.54940e+00 | 84  0.00174  7.29530e+00
 85 -0.02080  6.91694e+00 | 86 -0.01440  7.56663e+00 | 87 -0.04437  9.96506e+00
 88  0.02029  2.11570e+00 | 89 -0.00099  5.94393e+00 | 90  0.01885  6.50535e+00
 91 -0.01802  1.07525e+01 | 92 -0.00479  5.54920e+00 | 93 -0.00333  7.50510e+00
 94 -0.01039  8.31680e+00 | 95 -0.02376  7.45900e+00 | 96 -0.02990  1.26848e+01
 97 -0.01489  1.11219e+01 | 98 -0.01890  1.07317e+01 | 99  0.02781  1.02140e+01
100  0.03163  9.64598e+00 |101 -0.01057  1.41531e+01 |102  0.00329  1.26243e+01
103 -0.00046  1.08271e+01 |104 -0.00019  1.12318e+01 |105 -0.07944 -2.07532e+01
106 -0.46173  1.68852e+01 |107 -0.31608 -5.58557e-01 |108 -0.27195  3.44250e+00

Initial statistics: 111 variables; iteration 0; function evaluation 0; phase 5
Function value 5.7690205e+02; maximum gradient component mag -4.2974e+02
Var    Value     Gradient |Var    Value     Gradient |Var    Value     Gradient
  1 -0.40675 -1.05285e+01 |  2 -0.41312 -4.29742e+02 |  3 -0.43362 -1.82891e+02
  4 -0.41222  2.99513e+01 |  5 -0.41222 -3.23313e+01 |  6  0.61204 -3.79089e+02
  7 -0.00074 -3.32953e+00 |  8 -0.00013 -6.92968e-01 |  9  0.00134 -1.82929e+00
 10 -0.00020 -1.04754e+00 | 11 -0.00025 -1.28489e+00 | 12 -0.00039  9.85110e+00
 13 -0.00040  9.57826e+00 | 14 -0.00043  9.22406e+00 | 15 -0.00043  8.83552e+00
 16 -0.00037  8.39423e+00 | 17 -0.00037  7.79383e+00 | 18 -0.00039  6.93358e+00
 19 -0.00029  5.97486e+00 | 20  0.00230  5.74320e+00 | 21  0.00176  5.34556e+00
 22  0.00218  3.10478e+00 | 23  0.00347  1.58328e+00 | 24  0.00444 -9.86241e-02
 25  0.00324 -5.85095e-01 | 26 -0.00120 -7.84289e-01 | 27 -0.00492 -1.35170e+00
 28 -0.00539 -1.80535e+00 | 29 -0.00276 -2.66777e+00 | 30 -0.00521 -2.34387e+00
 31 -0.00217 -5.11689e+00 | 32 -0.00039 -5.13000e+00 | 33 -0.00056 -4.68984e+00
 34 -0.00027 -5.36572e+00 | 35 -0.00147 -6.55554e+00 | 36 -0.00206 -9.00989e+00
 37  0.00352 -8.01236e+00 | 38  0.00374 -8.19188e+00 | 39 -0.00210 -7.01627e+00
 40  0.00677 -9.93788e+00 | 41 -0.00362 -7.37322e+00 | 42 -0.00096 -7.10966e+00
 43  0.00276 -8.44916e+00 | 44  0.00823 -1.09232e+01 | 45 -0.00008 -8.14463e+00
 46 -0.00107 -6.71591e+00 | 47 -0.00210 -6.34729e+00 | 48 -0.00306 -6.58040e+00
 49 -0.00670 -4.65187e+00 | 50  0.02107 -1.48951e+01 | 51  0.00056 -7.10732e+00
 52  0.00090 -6.35022e+00 | 53 -0.00230 -5.50626e+00 | 54 -0.00549 -3.39954e+00
 55  0.02056 -1.06661e+01 | 56 -0.00109 -4.98327e+00 | 57 -0.00021 -4.29972e+00
 58  0.00118 -4.44123e+00 | 59  0.00921 -7.03300e+00 | 60  0.01323 -8.25801e+00
 61  0.03588 -1.11716e+01 | 62  0.00360 -5.21478e+00 | 63 -0.00101 -3.01555e+00
 64  0.00081 -3.55653e+00 | 65  0.00019 -3.40628e+00 | 66  0.00444 -4.09427e+00
 67  0.00139 -3.86389e+00 | 68 -0.00178 -3.20469e+00 | 69  0.00309 -2.93428e+00
 70 -0.00860 -1.53434e+00 | 71  0.01252 -4.45342e+00 | 72 -0.00644 -2.07467e+00
 73 -0.03852  3.60825e+00 | 74 -0.01328 -7.82413e-01 | 75 -0.02556  2.42450e+00
 76 -0.01849  3.38991e+00 | 77  0.07514 -2.61210e+01 | 78 -0.03255  5.07430e+00
 79  0.00203  3.46869e+00 | 80  0.02422 -5.82094e+00 | 81  0.03654 -3.60862e+00
 82 -0.02455  4.09457e+00 | 83  0.00588  6.27512e+00 | 84  0.02460  3.64312e+00
 85  0.00188  2.58838e+00 | 86  0.00174  7.33428e+00 | 87 -0.02080  6.95590e+00
 88 -0.01440  7.60560e+00 | 89 -0.04437  1.00040e+01 | 90  0.02029  2.15466e+00
 91 -0.00099  5.98291e+00 | 92  0.01885  6.54432e+00 | 93 -0.01802  1.07915e+01
 94 -0.00479  5.58818e+00 | 95 -0.00333  7.54408e+00 | 96 -0.01039  8.35578e+00
 97 -0.02376  7.49795e+00 | 98 -0.02990  1.27237e+01 | 99 -0.01489  1.11609e+01
100 -0.01890  1.07706e+01 |101  0.02781  1.02529e+01 |102  0.03163  9.68492e+00
103 -0.01057  1.41921e+01 |104  0.00329  1.26633e+01 |105 -0.00046  1.08661e+01
106 -0.00019  1.12708e+01 |107  0.00000 -1.56208e+02 |108 -0.07944 -2.07532e+01
109 -0.46173  1.68852e+01 |110 -0.31608 -5.58557e-01 |111 -0.27195  3.44250e+00

Intermediate statistics: 111 variables; iteration 20; function evaluation 24; phase 5
Function value 5.7578602e+02; maximum gradient component mag -6.0654e+02
Var    Value     Gradient |Var    Value     Gradient |Var    Value     Gradient
  1 -0.40572 -2.53508e+01 |  2 -0.41996 -6.06542e+02 |  3 -0.42448 -2.57230e+02
  4 -0.42812  3.59435e+01 |  5 -0.35950 -1.63718e+01 |  6  0.61443 -5.01566e+02
  7 -0.00072 -4.33011e+00 |  8 -0.00011 -8.86520e-01 |  9  0.00100 -2.64209e+00
 10 -0.00017 -1.34663e+00 | 11 -0.00022 -1.65544e+00 | 12 -0.00046  1.08089e+01
 13 -0.00044  1.04747e+01 | 14 -0.00044  1.00306e+01 | 15 -0.00039  9.55498e+00
 16 -0.00027  9.02186e+00 | 17 -0.00023  8.26099e+00 | 18 -0.00030  7.10872e+00
 19 -0.00026  5.81976e+00 | 20  0.00269  5.78529e+00 | 21  0.00224  5.36163e+00
 22  0.00180  1.92274e+00 | 23  0.00241 -3.93221e-01 | 24  0.00279 -2.83803e+00
 25  0.00261 -2.86369e+00 | 26 -0.00038 -2.35448e+00 | 27 -0.00438 -3.30332e+00
 28 -0.00501 -3.98767e+00 | 29 -0.00266 -5.23786e+00 | 30 -0.00509 -4.81236e+00
 31 -0.00241 -8.70810e+00 | 32  0.00020 -8.20957e+00 | 33  0.00001 -7.65414e+00
 34  0.00046 -8.46990e+00 | 35 -0.00102 -1.02158e+01 | 36 -0.00259 -1.40096e+01
 37  0.00339 -1.23795e+01 | 38  0.00384 -1.24283e+01 | 39 -0.00165 -1.08390e+01
 40  0.00698 -1.46878e+01 | 41 -0.00346 -1.15162e+01 | 42 -0.00014 -1.08238e+01
 43  0.00170 -1.35655e+01 | 44  0.00746 -1.66608e+01 | 45 -0.00058 -1.28846e+01
 46 -0.00062 -1.05422e+01 | 47 -0.00137 -9.91472e+00 | 48 -0.00300 -1.06210e+01
 49 -0.00578 -7.72583e+00 | 50  0.02016 -2.21541e+01 | 51  0.00034 -1.15596e+01
 52  0.00083 -1.04224e+01 | 53 -0.00233 -9.26434e+00 | 54 -0.00539 -6.58133e+00
 55  0.02036 -1.64422e+01 | 56 -0.00061 -8.51913e+00 | 57  0.00108 -7.17092e+00
 58  0.00142 -7.93447e+00 | 59  0.00848 -1.19452e+01 | 60  0.01241 -1.36343e+01
 61  0.03759 -1.63110e+01 | 62  0.00393 -8.83176e+00 | 63  0.00021 -5.57740e+00
 64  0.00159 -6.58328e+00 | 65  0.00075 -6.50652e+00 | 66  0.00298 -8.58960e+00
 67 -0.00004 -8.10561e+00 | 68 -0.00187 -6.53194e+00 | 69  0.00292 -6.09833e+00
 70 -0.00892 -3.99355e+00 | 71  0.01291 -5.47838e+00 | 72 -0.00570 -4.59158e+00
 73 -0.03855  3.34463e+00 | 74 -0.01326 -1.35640e+00 | 75 -0.02556  2.04651e+00
 76 -0.01845  1.42652e+00 | 77  0.07481 -6.66243e+01 | 78 -0.03126  1.18613e+01
 79  0.00166  1.55526e+01 | 80  0.02406 -1.22515e+01 | 81  0.03628  3.35068e-01
 82 -0.02397  1.16543e+01 | 83  0.00523  2.23590e+00 | 84  0.02473 -2.88476e+00
 85  0.00154  3.01036e+00 | 86  0.00179  7.44518e+00 | 87 -0.02170  8.91634e+00
 88 -0.01445  9.40395e+00 | 89 -0.04502  1.02768e+01 | 90  0.02062 -4.65288e+00
 91 -0.00159  2.24037e+00 | 92  0.01883  3.56502e+00 | 93 -0.01817  1.64027e+01
 94 -0.00503 -5.06185e-01 | 95 -0.00379  9.18074e+00 | 96 -0.01069  5.07841e+00
 97 -0.02477  6.20838e+00 | 98 -0.02996  1.33756e+01 | 99 -0.01583  1.12302e+01
100 -0.01872  1.47528e+01 |101  0.02730  1.33941e+01 |102  0.03118  4.66445e+00
103 -0.01250  1.02319e+01 |104  0.00349  1.46429e+01 |105 -0.00076  1.19545e+01
106 -0.00034  1.25977e+01 |107 -0.00113 -2.09610e+02 |108 -0.08575 -2.55021e+01
109 -0.46679  1.46841e+01 |110 -0.33628 -4.65395e+00 |111 -0.27849  4.86749e+00
111 variables; iteration 40; function evaluation 46; phase 5
Function value 5.7519232e+02; maximum gradient component mag -4.6560e+02
Var    Value     Gradient |Var    Value     Gradient |Var    Value     Gradient
  1 -0.40423 -1.81392e+01 |  2 -0.42248 -4.65603e+02 |  3 -0.42129 -1.98871e+02
  4 -0.44644  1.23490e+01 |  5 -0.33326 -1.06642e+01 |  6  0.61548 -3.99322e+02
  7 -0.00025 -2.88308e+00 |  8 -0.00005 -6.34594e-01 |  9  0.00184 -1.14948e+00
 10 -0.00007 -9.46181e-01 | 11 -0.00008 -1.15227e+00 | 12 -0.00012  1.00630e+01
 13 -0.00011  9.79102e+00 | 14 -0.00010  9.45576e+00 | 15 -0.00007  9.06247e+00
 16 -0.00001  8.59342e+00 | 17  0.00005  8.02071e+00 | 18  0.00017  7.33676e+00
 19  0.00040  6.56555e+00 | 20  0.00231  5.41517e+00 | 21  0.00113  4.34974e+00
 22  0.00219  3.45228e+00 | 23  0.00325  2.27072e+00 | 24  0.00413  9.23733e-01
 25  0.00266 -5.46438e-01 | 26 -0.00131 -1.55535e+00 | 27 -0.00461 -1.53074e+00
 28 -0.00522 -1.93375e+00 | 29 -0.00272 -2.68298e+00 | 30 -0.00506 -2.28546e+00
 31 -0.00096 -3.84360e+00 | 32 -0.00045 -5.62338e+00 | 33 -0.00055 -5.13636e+00
 34 -0.00021 -5.87694e+00 | 35 -0.00049 -6.09585e+00 | 36  0.00069 -6.44811e+00
 37  0.00341 -8.00494e+00 | 38  0.00352 -8.41809e+00 | 39 -0.00158 -7.09154e+00
 40  0.00696 -1.02915e+01 | 41 -0.00261 -6.87698e+00 | 42 -0.00075 -7.83619e+00
 43  0.00250 -8.16782e+00 | 44  0.00861 -1.04038e+01 | 45 -0.00028 -8.57132e+00
 46 -0.00123 -7.63720e+00 | 47 -0.00197 -7.26811e+00 | 48 -0.00224 -6.36107e+00
 49 -0.00646 -5.79368e+00 | 50  0.02083 -1.60018e+01 | 51  0.00076 -7.50495e+00
 52  0.00043 -7.44052e+00 | 53 -0.00243 -6.28322e+00 | 54 -0.00548 -4.05054e+00
 55  0.01970 -1.32221e+01 | 56 -0.00080 -6.05544e+00 | 57  0.00002 -6.16839e+00
 58  0.00125 -5.59505e+00 | 59  0.00985 -7.01817e+00 | 60  0.01308 -9.24919e+00
 61  0.03388 -1.47161e+01 | 62  0.00425 -6.39751e+00 | 63 -0.00024 -4.32651e+00
 64  0.00162 -4.34100e+00 | 65  0.00146 -2.74205e+00 | 66  0.00332 -4.54254e+00
 67  0.00057 -3.94984e+00 | 68 -0.00144 -2.79236e+00 | 69  0.00369 -1.10143e+00
 70 -0.00972 -4.98606e+00 | 71  0.01073 -1.09956e+01 | 72 -0.00547 -3.96834e+00
 73 -0.03942  8.05910e-01 | 74 -0.01219  4.08002e+00 | 75 -0.02488  5.22575e+00
 76 -0.01943 -3.64955e+00 | 77  0.07603 -3.45215e+01 | 78 -0.03093  1.21275e+01
 79  0.00060  2.96906e+00 | 80  0.02467 -2.39197e+00 | 81  0.03574 -6.92607e+00
 82 -0.02424  7.44409e+00 | 83  0.00493  3.24323e+00 | 84  0.02518  3.15385e+00
 85  0.00173  1.30235e+01 | 86  0.00194  9.63019e+00 | 87 -0.02254  1.10225e+00
 88 -0.01506 -4.19130e-01 | 89 -0.04624 -2.85466e+00 | 90  0.02095 -4.04334e+00
 91 -0.00193  2.30575e-02 | 92  0.01869 -3.90162e+00 | 93 -0.01844  1.58576e+01
 94 -0.00465  9.78984e-01 | 95 -0.00435  1.75031e+00 | 96 -0.01044  5.50571e+00
 97 -0.02522  4.54786e+00 | 98 -0.02869  2.44646e+01 | 99 -0.01618  1.02368e+01
100 -0.01849  1.30030e+01 |101  0.02693  8.76006e+00 |102  0.03130  1.66510e+00
103 -0.01232  1.63185e+01 |104  0.00320  1.29753e+01 |105 -0.00019  1.12131e+01
106 -0.00008  1.13870e+01 |107 -0.00168 -1.63351e+02 |108 -0.08446 -2.03330e+01
109 -0.46505  2.06400e+01 |110 -0.35217 -5.64087e+00 |111 -0.28356  1.74324e+01
111 variables; iteration 60; function evaluation 77; phase 5
Function value 5.7471716e+02; maximum gradient component mag 1.7101e+02
Var    Value     Gradient |Var    Value     Gradient |Var    Value     Gradient
  1 -0.39750  1.71013e+02 |  2 -0.42633  8.29053e+01 |  3 -0.41813  6.48237e+01
  4 -0.48087 -3.93657e+00 |  5 -0.29414  1.89496e+00 |  6  0.61792 -4.18457e+01
  7  0.00107  1.44046e+00 |  8  0.00013  1.46374e-01 |  9  0.00474  3.95989e+00
 10  0.00025  3.00244e-01 | 11  0.00034  4.12717e-01 | 12  0.00100  3.44362e+00
 13  0.00094  3.31446e+00 | 14  0.00096  3.26359e+00 | 15  0.00089  3.06535e+00
 16  0.00079  2.75629e+00 | 17  0.00087  2.70660e+00 | 18  0.00132  3.12651e+00
 19  0.00169  3.27043e+00 | 20  0.00281  1.89620e+00 | 21  0.00212  2.45282e+00
 22  0.00213  1.25578e+00 | 23  0.00258  6.38108e-01 | 24  0.00501  2.97790e+00
 25  0.00213  2.54634e-01 | 26  0.00036  2.56398e+00 | 27 -0.00526 -8.11761e-01
 28 -0.00570 -3.60796e-01 | 29 -0.00252  8.45071e-01 | 30 -0.00500  6.58750e-01
 31 -0.00230 -1.42682e+00 | 32  0.00050  1.34679e+00 | 33  0.00044  1.44902e+00
 34  0.00089  1.47684e+00 | 35 -0.00005  6.21364e-01 | 36  0.00410  5.41825e+00
 37 -0.00117 -6.39494e+00 | 38  0.00514  2.40902e+00 | 39 -0.00220 -1.17439e+00
 40  0.00540 -3.50568e+00 | 41 -0.00332 -1.12536e+00 | 42  0.00138  2.88804e+00
 43  0.00253  8.26122e-01 | 44  0.00928  1.38299e+00 | 45 -0.00113 -2.01666e+00
 46 -0.00027  1.47136e+00 | 47 -0.00095  1.42293e+00 | 48 -0.00206  8.46730e-01
 49 -0.00688 -6.60103e-01 | 50  0.02183 -2.20496e-01 | 51  0.00015 -6.80586e-01
 52  0.00023 -2.30185e-01 | 53 -0.00276 -1.98853e-01 | 54 -0.00520  2.13589e+00
 55  0.02337  8.72038e+00 | 56 -0.00222 -1.45632e+00 | 57  0.00002  2.38186e-01
 58  0.00115  1.06171e+00 | 59  0.01254  6.27339e+00 | 60  0.01229 -1.20982e+00
 61  0.03460  3.16965e+00 | 62  0.00125 -4.37700e+00 | 63 -0.00327 -4.24616e+00
 64  0.00079 -5.40539e-01 | 65  0.00265  5.85830e+00 | 66  0.00147 -7.18893e-01
 67 -0.00233 -2.91574e+00 | 68 -0.00322 -1.38822e+00 | 69  0.00265  2.90677e+00
 70 -0.00931  1.22338e+00 | 71  0.01126  1.38941e+00 | 72 -0.00473  2.95374e+00
 73 -0.03672  7.93048e+00 | 74 -0.01373 -1.03163e+00 | 75 -0.02518  1.92247e+00
 76 -0.01812  2.48502e+00 | 77  0.07746  2.39159e+01 | 78 -0.03155  4.69392e-01
 79 -0.00064 -8.99314e+00 | 80  0.02533  1.42168e+01 | 81  0.03469 -1.63651e+01
 82 -0.02426  3.55600e+00 | 83  0.00352 -1.35274e+01 | 84  0.02555  9.10605e+00
 85  0.00020 -1.04804e+01 | 86  0.00195  6.30430e+00 | 87 -0.02352 -7.52976e+00
 88 -0.01413  1.01307e+01 | 89 -0.04633 -4.71269e+00 | 90  0.02206  1.11266e+01
 91 -0.00246 -8.57790e+00 | 92  0.01959  8.66813e+00 | 93 -0.01996 -9.03680e+00
 94 -0.00320  1.46759e+01 | 95 -0.00509 -1.05262e+01 | 96 -0.00980  7.26856e+00
 97 -0.02615 -9.02674e+00 | 98 -0.03005  4.51935e-01 | 99 -0.01751 -9.20957e+00
100 -0.01803  7.81145e+00 |101  0.02543 -1.67663e+01 |102  0.03257  1.38418e+01
103 -0.01524 -1.30508e+01 |104  0.00243  3.80779e+00 |105  0.00194  5.04536e+00
106  0.00093  3.49151e+00 |107 -0.00310 -8.52974e+01 |108 -0.09090 -5.09429e+00
109 -0.47013  1.02014e+01 |110 -0.42107 -2.17747e+01 |111 -0.31245  9.67516e+01
111 variables; iteration 80; function evaluation 116; phase 5
Function value 5.7369766e+02; maximum gradient component mag 1.0677e+02
Var    Value     Gradient |Var    Value     Gradient |Var    Value     Gradient
  1 -0.40065  6.07818e+01 |  2 -0.42729  1.06768e+02 |  3 -0.41451  4.91975e+01
  4 -0.48238  5.67434e+00 |  5 -0.29855  9.60494e-01 |  6  0.61753  7.42666e+01
  7 -0.00048 -3.28826e-01 |  8 -0.00015 -1.39025e-01 |  9  0.00078 -1.98356e+00
 10 -0.00023 -2.27428e-01 | 11 -0.00027 -2.77110e-01 | 12 -0.00015 -2.60143e+00
 13 -0.00009 -2.49741e+00 | 14 -0.00004 -2.41366e+00 | 15  0.00002 -2.31919e+00
 16  0.00007 -2.27825e+00 | 17  0.00009 -2.28090e+00 | 18  0.00020 -2.23872e+00
 19  0.00016 -2.52569e+00 | 20  0.00214 -2.33820e+00 | 21  0.00096 -2.30701e+00
 22  0.00347  5.44308e-01 | 23  0.00209 -2.53401e+00 | 24  0.00201 -3.49555e+00
 25  0.00152 -2.49557e+00 | 26 -0.00117 -1.42777e+00 | 27 -0.00363  4.45719e-01
 28 -0.00497 -4.22117e-01 | 29 -0.00276 -6.85487e-01 | 30 -0.00545 -1.26376e+00
 31 -0.00085 -3.20216e-02 | 32  0.00012  2.96290e-01 | 33 -0.00017 -7.17275e-02
 34  0.00040  3.35034e-01 | 35 -0.00041 -2.05889e-01 | 36  0.00172  1.92463e+00
 37  0.00413  1.61838e+00 | 38  0.00511  2.81249e+00 | 39 -0.00044  1.91251e+00
 40  0.00839  2.53821e+00 | 41 -0.00157  1.73147e+00 | 42  0.00032  1.60079e+00
 43  0.00343  2.73503e+00 | 44  0.00926  2.09892e+00 | 45 -0.00142 -2.48468e+00
 46 -0.00121  6.22795e-02 | 47 -0.00176  2.50179e-01 | 48 -0.00264 -1.23306e-01
 49 -0.00677 -4.89972e-01 | 50  0.02240  3.58644e+00 | 51  0.00105  1.26704e+00
 52  0.00075  1.31230e+00 | 53 -0.00259  6.09291e-01 | 54 -0.00593  7.86760e-01
 55  0.01755 -2.87261e+00 | 56  0.00051  2.83711e+00 | 57  0.00139  2.44673e+00
 58  0.00240  2.90902e+00 | 59  0.00914  6.27285e-01 | 60  0.01349  2.34443e+00
 61  0.03232  2.55949e+00 | 62  0.00727  5.08953e+00 | 63  0.00006  1.38611e+00
 64  0.00046 -1.21446e+00 | 65  0.00096  1.81952e+00 | 66  0.00196  5.48770e-01
 67  0.00105  3.15774e+00 | 68 -0.00366 -2.21707e+00 | 69  0.00208  1.01875e+00
 70 -0.00925  5.51487e-01 | 71  0.01095  1.49262e+00 | 72 -0.00477  2.15364e+00
 73 -0.03903 -1.37235e+00 | 74 -0.01292  1.97800e+00 | 75 -0.02565 -4.36946e-01
 76 -0.01839  4.07079e-01 | 77  0.07642  4.48652e+00 | 78 -0.03114  4.25288e-01
 79 -0.00054 -7.31086e-01 | 80  0.02496  2.21136e+00 | 81  0.03505  1.53491e+00
 82 -0.02404  4.58427e-01 | 83  0.00396 -6.86270e-01 | 84  0.02541  1.51055e+00
 85  0.00054 -1.29278e+00 | 86  0.00184 -6.10860e-01 | 87 -0.02319 -2.54525e+00
 88 -0.01462 -2.43169e+00 | 89 -0.04614 -3.09911e+00 | 90  0.02182  8.45622e-01
 91 -0.00235 -2.88506e+00 | 92  0.01959  5.46130e-01 | 93 -0.01953 -1.77336e+00
 94 -0.00379 -2.41619e+00 | 95 -0.00472 -2.36586e+00 | 96 -0.00982 -7.31695e-01
 97 -0.02563 -2.30829e+00 | 98 -0.02927  4.53026e-01 | 99 -0.01705 -3.16580e+00
100 -0.01797 -1.90955e+00 |101  0.02608 -3.36716e+00 |102  0.03247 -1.89603e+00
103 -0.01377 -1.88594e+00 |104  0.00262 -2.06825e+00 |105 -0.00091 -3.94411e+00
106 -0.00024 -2.90913e+00 |107 -0.00287  4.21115e+01 |108 -0.09716  2.54274e+00
109 -0.47466 -3.07246e+00 |110 -0.50154 -2.17298e+01 |111 -0.35033  4.60170e+01
111 variables; iteration 100; function evaluation 151; phase 5
Function value 5.7337833e+02; maximum gradient component mag -2.0743e+02
Var    Value     Gradient |Var    Value     Gradient |Var    Value     Gradient
  1 -0.40395  3.22313e+01 |  2 -0.42957 -2.07432e+02 |  3 -0.40902 -9.03008e+01
  4 -0.48898  2.33994e+00 |  5 -0.28545 -2.95683e+00 |  6  0.61780 -1.66302e+02
  7  0.00015 -8.10168e-01 |  8  0.00034  2.87312e-01 |  9  0.00270  5.72938e-01
 10  0.00047  3.70390e-01 | 11  0.00053  3.81674e-01 | 12 -0.00061  3.71710e+00
 13 -0.00053  3.70024e+00 | 14 -0.00042  3.70689e+00 | 15 -0.00010  3.99279e+00
 16  0.00053  4.64793e+00 | 17  0.00111  5.19763e+00 | 18  0.00172  5.66076e+00
 19  0.00170  5.00271e+00 | 20  0.00398  5.08582e+00 | 21  0.00203  3.53575e+00
 22  0.00186  1.80916e+00 | 23  0.00428  3.67474e+00 | 24  0.00521  3.41291e+00
 25  0.00464  3.50212e+00 | 26 -0.00078  1.18776e-02 | 27 -0.00276  2.30406e+00
 28 -0.00526 -5.36254e-01 | 29 -0.00219  1.52253e-01 | 30 -0.00434  8.02689e-01
 31 -0.00174 -2.13208e+00 | 32 -0.00025 -1.76853e+00 | 33  0.00043 -4.73078e-01
 34  0.00039 -1.41685e+00 | 35  0.00109 -3.57053e-02 | 36 -0.00003 -3.18427e+00
 37  0.00189 -4.67295e+00 | 38  0.00200 -5.32183e+00 | 39 -0.00059 -1.10809e+00
 40  0.00744 -3.44436e+00 | 41 -0.00389 -4.69141e+00 | 42 -0.00091 -3.57943e+00
 43 -0.00036 -6.33412e+00 | 44  0.00985 -1.87825e+00 | 45  0.00112 -3.16431e-01
 46 -0.00026 -1.52642e+00 | 47 -0.00064 -9.39373e-01 | 48 -0.00139 -8.35180e-01
 49 -0.00582 -1.11554e+00 | 50  0.02232 -4.37991e+00 | 51  0.00043 -3.10415e+00
 52  0.00063 -2.36822e+00 | 53 -0.00312 -3.43866e+00 | 54 -0.00571 -1.15828e+00
 55  0.02121 -1.39758e+00 | 56 -0.00176 -3.64715e+00 | 57 -0.00062 -3.66956e+00
 58  0.00047 -2.83359e+00 | 59  0.01061 -9.61822e-01 | 60  0.01274 -3.66750e+00
 61  0.03308 -5.81134e+00 | 62  0.00362 -3.99449e+00 | 63 -0.00077 -2.57540e+00
 64  0.00245 -3.22178e-01 | 65  0.00076 -1.60746e+00 | 66  0.00072 -3.95189e+00
 67 -0.00089 -2.55383e+00 | 68 -0.00061  1.37408e+00 | 69  0.00171 -2.61888e+00
 70 -0.00933 -1.15832e+00 | 71  0.01101 -2.98892e+00 | 72 -0.00503 -2.47040e+00
 73 -0.03878  1.61627e+00 | 74 -0.01350 -1.37227e+00 | 75 -0.02579  9.61285e-01
 76 -0.01863  6.70956e-01 | 77  0.07659 -1.43843e+01 | 78 -0.03128  6.22560e-01
 79 -0.00083 -3.74095e-01 | 80  0.02494 -1.82011e+00 | 81  0.03487 -5.34543e+00
 82 -0.02427  1.11113e+00 | 83  0.00376 -1.49016e+00 | 84  0.02541 -1.88278e+00
 85  0.00045 -3.58989e-01 | 86  0.00186  1.25910e+00 | 87 -0.02339  1.76621e+00
 88 -0.01453  2.96395e+00 | 89 -0.04617  3.53330e+00 | 90  0.02178  8.86218e-01
 91 -0.00244  1.67293e+00 | 92  0.01955  1.41251e+00 | 93 -0.01965  2.46229e+00
 94 -0.00373  4.03209e+00 | 95 -0.00484  2.75107e+00 | 96 -0.01000  3.64962e+00
 97 -0.02583  3.87297e+00 | 98 -0.02963  3.89484e+00 | 99 -0.01731  4.36480e+00
100 -0.01800  5.50873e+00 |101  0.02593  4.04971e+00 |102  0.03268  6.91003e+00
103 -0.01401  5.24141e+00 |104  0.00319  6.75706e+00 |105  0.00016  5.44359e+00
106 -0.00056  4.32729e+00 |107 -0.00294 -6.57954e+01 |108 -0.09975 -7.56516e+00
109 -0.47591  6.73094e+00 |110 -0.55987 -2.86202e+01 |111 -0.38309  5.02802e+01
111 variables; iteration 120; function evaluation 191; phase 5
Function value 5.7280613e+02; maximum gradient component mag -1.2925e+02
Var    Value     Gradient |Var    Value     Gradient |Var    Value     Gradient
  1 -0.41099  1.69004e+01 |  2 -0.43200 -1.29254e+02 |  3 -0.40023 -6.07883e+01
  4 -0.49388  1.14860e+00 |  5 -0.27648 -2.79160e+00 |  6  0.61667 -1.14381e+02
  7 -0.00072 -1.96444e+00 |  8 -0.00037 -7.61036e-01 |  9  0.00143 -1.32875e+00
 10 -0.00039 -8.96957e-01 | 11 -0.00033 -8.82623e-01 | 12  0.00010  3.12657e+00
 13  0.00034  3.36943e+00 | 14  0.00079  3.92225e+00 | 15  0.00129  4.49462e+00
 16  0.00100  3.79511e+00 | 17  0.00067  3.00720e+00 | 18 -0.00061  6.56769e-01
 19  0.00077  2.18528e+00 | 20  0.00228  1.22817e+00 | 21  0.00093  6.90984e-01
 22  0.00174  5.35350e-01 | 23  0.00204 -4.82260e-01 | 24  0.00278 -9.00101e-01
 25  0.00189 -1.40009e+00 | 26 -0.00199 -2.97855e+00 | 27 -0.00418 -8.25558e-01
 28 -0.00521 -1.02763e+00 | 29 -0.00254 -8.78220e-01 | 30 -0.00528 -1.19083e+00
 31 -0.00058 -9.89720e-01 | 32 -0.00006 -1.88389e+00 | 33 -0.00044 -2.14905e+00
 34  0.00025 -1.92918e+00 | 35 -0.00079 -2.95464e+00 | 36  0.00106 -1.57856e+00
 37  0.00389 -1.41610e+00 | 38  0.00487 -1.29647e+00 | 39 -0.00032 -6.28925e-01
 40  0.00738 -3.56500e+00 | 41 -0.00136 -9.44674e-01 | 42 -0.00051 -2.68431e+00
 43  0.00186 -2.36068e+00 | 44  0.00854 -3.59921e+00 | 45 -0.00019 -2.92525e+00
 46 -0.00004 -1.32420e+00 | 47 -0.00054 -8.88629e-01 | 48 -0.00230 -2.32183e+00
 49 -0.00587 -1.20152e+00 | 50  0.02185 -4.08995e+00 | 51  0.00038 -3.07766e+00
 52 -0.00056 -3.86890e+00 | 53 -0.00136 -6.58831e-01 | 54 -0.00614 -1.54022e+00
 55  0.01921 -4.60321e+00 | 56 -0.00088 -2.32534e+00 | 57  0.00172 -9.94048e-02
 58  0.00113 -1.38038e+00 | 59  0.00926 -2.43823e+00 | 60  0.01317 -2.09371e+00
 61  0.03261 -4.86434e+00 | 62  0.00530 -1.55700e+00 | 63  0.00043 -6.22659e-01
 64  0.00175 -1.45551e+00 | 65  0.00066 -1.25255e+00 | 66  0.00248  6.18236e-02
 67 -0.00063 -1.56516e+00 | 68 -0.00223 -1.55916e+00 | 69  0.00241 -8.93400e-01
 70 -0.00913 -2.38020e-01 | 71  0.01078 -2.02759e+00 | 72 -0.00360 -2.35428e-02
 73 -0.03891  1.10928e+00 | 74 -0.01306  3.87956e-01 | 75 -0.02609  7.62237e-01
 76 -0.01899  4.99176e-01 | 77  0.07676 -8.00058e+00 | 78 -0.03063  1.69668e+00
 79 -0.00123  1.67882e-01 | 80  0.02526 -2.87597e-01 | 81  0.03488 -1.18696e+00
 82 -0.02390  1.91425e+00 | 83  0.00371  7.75007e-01 | 84  0.02562  2.17597e-01
 85  0.00052  1.20031e+00 | 86  0.00200  1.12051e+00 | 87 -0.02350  1.98305e+00
 88 -0.01443  1.84841e+00 | 89 -0.04627  2.36600e+00 | 90  0.02179  1.74283e+00
 91 -0.00262  1.96467e+00 | 92  0.01986  2.07054e+00 | 93 -0.01957  2.55137e+00
 94 -0.00365  2.63056e+00 | 95 -0.00485  2.72667e+00 | 96 -0.00989  3.28670e+00
 97 -0.02590  3.21379e+00 | 98 -0.02936  3.56851e+00 | 99 -0.01761  3.23217e+00
100 -0.01791  3.44932e+00 |101  0.02575  3.34178e+00 |102  0.03295  3.93524e+00
103 -0.01411  3.45839e+00 |104  0.00276  3.69475e+00 |105  0.00071  4.51529e+00
106 -0.00023  3.06740e+00 |107 -0.00263 -2.68105e+01 |108 -0.10562 -6.43409e+00
109 -0.47902  6.19082e+00 |110 -0.63476 -1.51892e+01 |111 -0.44096  1.62717e+01
111 variables; iteration 140; function evaluation 232; phase 5
Function value 5.7273690e+02; maximum gradient component mag -1.1329e+02
Var    Value     Gradient |Var    Value     Gradient |Var    Value     Gradient
  1 -0.41311 -1.49762e+01 |  2 -0.43349 -1.13287e+02 |  3 -0.39652 -5.12665e+01
  4 -0.49605 -2.05063e+00 |  5 -0.27126 -1.99672e+00 |  6  0.61682 -9.48901e+01
  7  0.00009 -5.74127e-01 |  8 -0.00011 -3.22765e-01 |  9  0.00220 -9.29068e-02
 10  0.00026  1.47322e-01 | 11  0.00008 -1.77395e-01 | 12  0.00003  2.53088e+00
 13  0.00015  2.62595e+00 | 14  0.00011  2.44503e+00 | 15  0.00013  2.31268e+00
 16  0.00012  2.07333e+00 | 17  0.00034  2.16954e+00 | 18  0.00049  2.03443e+00
 19  0.00072  1.88480e+00 | 20  0.00266  1.65979e+00 | 21  0.00141  1.34849e+00
 22  0.00202  1.01745e+00 | 23  0.00276  7.59067e-01 | 24  0.00350  4.60791e-01
 25  0.00277  2.28538e-01 | 26 -0.00020 -7.34909e-02 | 27 -0.00384 -8.19261e-02
 28 -0.00492 -2.88043e-01 | 29 -0.00246 -4.12912e-01 | 30 -0.00488 -2.43659e-01
 31 -0.00068 -6.70170e-01 | 32  0.00009 -1.11019e+00 | 33  0.00003 -9.45343e-01
 34  0.00044 -1.10085e+00 | 35  0.00016 -9.99642e-01 | 36  0.00077 -1.39413e+00
 37  0.00308 -1.83369e+00 | 38  0.00394 -1.98868e+00 | 39 -0.00125 -1.48445e+00
 40  0.00787 -2.05090e+00 | 41 -0.00206 -1.47225e+00 | 42 -0.00016 -1.54673e+00
 43  0.00162 -1.85237e+00 | 44  0.00893 -2.14921e+00 | 45  0.00034 -1.38698e+00
 46 -0.00054 -1.48024e+00 | 47 -0.00137 -1.55126e+00 | 48 -0.00200 -1.26300e+00
 49 -0.00607 -1.06219e+00 | 50  0.02173 -3.18666e+00 | 51  0.00092 -1.64452e+00
 52  0.00078 -1.27037e+00 | 53 -0.00211 -1.37513e+00 | 54 -0.00605 -9.69839e-01
 55  0.01971 -2.68764e+00 | 56 -0.00054 -1.32801e+00 | 57  0.00067 -1.19959e+00
 58  0.00091 -1.16135e+00 | 59  0.00940 -1.50586e+00 | 60  0.01302 -1.83754e+00
 61  0.03268 -3.68964e+00 | 62  0.00515 -1.36591e+00 | 63  0.00012 -8.09833e-01
 64  0.00190 -8.62949e-01 | 65  0.00070 -9.28259e-01 | 66  0.00124 -1.24828e+00
 67 -0.00061 -9.64027e-01 | 68 -0.00196 -6.11907e-01 | 69  0.00214 -1.06215e+00
 70 -0.00926 -4.04119e-01 | 71  0.01062 -1.72568e+00 | 72 -0.00369 -5.95353e-01
 73 -0.03900  8.85470e-01 | 74 -0.01326 -1.18756e-01 | 75 -0.02624  5.88932e-01
 76 -0.01914  3.88527e-01 | 77  0.07672 -7.26542e+00 | 78 -0.03060  1.06499e+00
 79 -0.00139  1.41095e-01 | 80  0.02523 -1.15888e+00 | 81  0.03483 -1.69692e+00
 82 -0.02394  1.03561e+00 | 83  0.00366  2.25331e-01 | 84  0.02562 -9.04974e-01
 85  0.00052  6.38891e-01 | 86  0.00202  5.05997e-01 | 87 -0.02357  1.51069e+00
 88 -0.01442  1.31264e+00 | 89 -0.04627  2.11820e+00 | 90  0.02178  3.07996e-01
 91 -0.00265  1.49067e+00 | 92  0.01987  7.54099e-01 | 93 -0.01956  1.96089e+00
 94 -0.00365  1.82957e+00 | 95 -0.00486  2.12510e+00 | 96 -0.00992  2.12615e+00
 97 -0.02593  2.63256e+00 | 98 -0.02937  2.45971e+00 | 99 -0.01766  2.81620e+00
100 -0.01789  2.65700e+00 |101  0.02578  3.01062e+00 |102  0.03311  2.85475e+00
103 -0.01405  3.07870e+00 |104  0.00286  2.87336e+00 |105  0.00001  2.89063e+00
106  0.00001  2.88280e+00 |107 -0.00273 -3.32309e+01 |108 -0.10738 -4.81935e+00
109 -0.47999  4.44002e+00 |110 -0.65160  2.62561e+00 |111 -0.45811 -2.71645e+00

 - final statistics:
111 variables; iteration 155; function evaluation 250
Function value 5.7273e+02; maximum gradient component mag -7.5266e-05
Exit code = 1;  converg criter 1.0000e-04
Var    Value     Gradient |Var    Value     Gradient |Var    Value     Gradient
  1 -0.41308 -2.79107e-05 |  2 -0.43399 -7.52658e-05 |  3 -0.39578 -1.99528e-05
  4 -0.49602 -7.93941e-06 |  5 -0.27089 -1.56773e-06 |  6  0.61719 -6.79849e-05
  7  0.00010 -9.12351e-07 |  8  0.00002 -2.44257e-07 |  9  0.00216  5.11220e-07
 10  0.00004  1.36859e-07 | 11  0.00005 -1.43321e-06 | 12  0.00011  8.12510e-07
 13  0.00013  1.47054e-06 | 14  0.00017  1.94560e-06 | 15  0.00021  9.84794e-07
 16  0.00030  1.29116e-08 | 17  0.00038  2.66797e-07 | 18  0.00052  1.63760e-06
 19  0.00074  7.86176e-07 | 20  0.00267  2.19662e-06 | 21  0.00149  7.61099e-07
 22  0.00215 -5.05181e-08 | 23  0.00285  7.58434e-07 | 24  0.00355  4.23634e-07
 25  0.00279 -7.17095e-07 | 26 -0.00008 -5.10949e-07 | 27 -0.00374  6.61505e-07
 28 -0.00477 -7.26797e-07 | 29 -0.00235 -1.36318e-06 | 30 -0.00479 -6.11623e-07
 31 -0.00060 -2.36308e-06 | 32  0.00026 -2.84215e-06 | 33  0.00015 -6.14345e-07
 34  0.00056 -9.30291e-07 | 35  0.00013 -1.81980e-06 | 36  0.00090 -3.37454e-07
 37  0.00332 -1.45462e-06 | 38  0.00418 -1.18685e-06 | 39 -0.00111 -9.42617e-07
 40  0.00795 -3.31986e-06 | 41 -0.00193 -5.49696e-07 | 42 -0.00008 -2.77869e-06
 43  0.00180 -1.85593e-06 | 44  0.00893 -1.30892e-06 | 45  0.00033 -2.02637e-06
 46 -0.00052 -1.56393e-06 | 47 -0.00127 -2.11082e-06 | 48 -0.00203 -1.01172e-06
 49 -0.00603 -5.14678e-07 | 50  0.02177 -2.23936e-06 | 51  0.00100  4.37108e-07
 52  0.00061 -3.15227e-06 | 53 -0.00208 -1.04921e-06 | 54 -0.00607 -2.97129e-08
 55  0.01965 -2.50685e-06 | 56 -0.00054 -1.11470e-06 | 57  0.00059 -6.19200e-07
 58  0.00084 -1.94927e-06 | 59  0.00924 -7.11447e-07 | 60  0.01300 -1.40729e-06
 61  0.03256 -3.33329e-06 | 62  0.00507  5.16164e-07 | 63 -0.00007 -1.85236e-06
 64  0.00168 -8.73147e-07 | 65  0.00060 -5.37421e-07 | 66  0.00119 -5.22467e-07
 67 -0.00081 -4.76789e-07 | 68 -0.00228  3.60218e-07 | 69  0.00196 -2.70074e-07
 70 -0.00938 -2.48113e-08 | 71  0.01047 -1.45010e-06 | 72 -0.00393  4.96910e-07
 73 -0.03911  7.49202e-07 | 74 -0.01341  3.24044e-07 | 75 -0.02633  2.05373e-07
 76 -0.01924  1.87926e-07 | 77  0.07661 -2.43106e-06 | 78 -0.03068  1.15428e-06
 79 -0.00143  1.93321e-07 | 80  0.02515  5.98665e-07 | 81  0.03480 -3.11251e-07
 82 -0.02400  1.17660e-06 | 83  0.00365  9.69588e-07 | 84  0.02557  8.33958e-07
 85  0.00051  1.01467e-06 | 86  0.00198  1.47834e-06 | 87 -0.02359  1.32877e-06
 88 -0.01447  1.92994e-06 | 89 -0.04626  1.33589e-06 | 90  0.02176  1.61459e-06
 91 -0.00264  1.44012e-06 | 92  0.01982  1.70055e-06 | 93 -0.01956  1.70689e-06
 94 -0.00369  2.05351e-06 | 95 -0.00487  1.86114e-06 | 96 -0.00995  2.29902e-06
 97 -0.02592  1.79331e-06 | 98 -0.02937  1.98542e-06 | 99 -0.01762  1.69075e-06
100 -0.01789  1.96676e-06 |101  0.02584  1.91295e-06 |102  0.03314  2.08399e-06
103 -0.01396  1.56441e-06 |104  0.00288  2.37386e-06 |105  0.00004  2.00339e-06
106  0.00004  1.35964e-06 |107 -0.00285 -2.11236e-05 |108 -0.10718 -5.12703e-06
109 -0.47985  5.90441e-06 |110 -0.65088  1.54824e-05 |111 -0.45702 -9.38173e-06

 - final statistics:
112 variables; iteration 0; function evaluation 0
Function value 5.7273e+02; maximum gradient component mag -7.5265e-05
Exit code = 0;  converg criter 1.0000e-04
Var    Value     Gradient |Var    Value     Gradient |Var    Value     Gradient
  1 -0.41308 -2.79106e-05 |  2 -0.43399 -7.52647e-05 |  3 -0.39578 -1.99524e-05
  4 -0.49602 -7.93940e-06 |  5 -0.27089 -1.56771e-06 |  6  0.61719 -6.79840e-05
  7  0.00010 -9.12347e-07 |  8  0.00002 -2.44256e-07 |  9  0.00216  5.11222e-07
 10  0.00004  1.36861e-07 | 11  0.00005 -1.43321e-06 | 12  0.00011  8.22573e-07
 13  0.00013  1.48061e-06 | 14  0.00017  1.95567e-06 | 15  0.00021  9.94859e-07
 16  0.00030  2.29774e-08 | 17  0.00038  2.76864e-07 | 18  0.00052  1.64767e-06
 19  0.00074  7.96245e-07 | 20  0.00267  2.20669e-06 | 21  0.00149  7.71172e-07
 22  0.00215 -4.04432e-08 | 23  0.00285  7.68512e-07 | 24  0.00355  4.33714e-07
 25  0.00279 -7.07013e-07 | 26 -0.00008 -5.00866e-07 | 27 -0.00374  6.71589e-07
 28 -0.00477 -7.16712e-07 | 29 -0.00235 -1.35310e-06 | 30 -0.00479 -6.01538e-07
 31 -0.00060 -2.35299e-06 | 32  0.00026 -2.83206e-06 | 33  0.00015 -6.04255e-07
 34  0.00056 -9.20199e-07 | 35  0.00013 -1.80970e-06 | 36  0.00090 -3.27360e-07
 37  0.00332 -1.44453e-06 | 38  0.00418 -1.17675e-06 | 39 -0.00111 -9.32522e-07
 40  0.00795 -3.30976e-06 | 41 -0.00193 -5.39601e-07 | 42 -0.00008 -2.76859e-06
 43  0.00180 -1.84583e-06 | 44  0.00893 -1.29882e-06 | 45  0.00033 -2.01628e-06
 46 -0.00052 -1.55383e-06 | 47 -0.00127 -2.10072e-06 | 48 -0.00203 -1.00162e-06
 49 -0.00603 -5.04585e-07 | 50  0.02177 -2.22926e-06 | 51  0.00100  4.47206e-07
 52  0.00061 -3.14217e-06 | 53 -0.00208 -1.03911e-06 | 54 -0.00607 -1.96193e-08
 55  0.01965 -2.49675e-06 | 56 -0.00054 -1.10460e-06 | 57  0.00059 -6.09103e-07
 58  0.00084 -1.93918e-06 | 59  0.00924 -7.01347e-07 | 60  0.01300 -1.39718e-06
 61  0.03256 -3.32318e-06 | 62  0.00507  5.26262e-07 | 63 -0.00007 -1.84226e-06
 64  0.00168 -8.63049e-07 | 65  0.00060 -5.27324e-07 | 66  0.00119 -5.12369e-07
 67 -0.00081 -4.66692e-07 | 68 -0.00228  3.70315e-07 | 69  0.00196 -2.59975e-07
 70 -0.00938 -1.47195e-08 | 71  0.01047 -1.43999e-06 | 72 -0.00393  5.07007e-07
 73 -0.03911  7.59265e-07 | 74 -0.01341  3.34133e-07 | 75 -0.02633  2.15449e-07
 76 -0.01924  1.98008e-07 | 77  0.07661 -2.42097e-06 | 78 -0.03068  1.16434e-06
 79 -0.00143  2.03409e-07 | 80  0.02515  6.08758e-07 | 81  0.03480 -3.01156e-07
 82 -0.02400  1.18668e-06 | 83  0.00365  9.79678e-07 | 84  0.02557  8.44050e-07
 85  0.00051  1.02475e-06 | 86  0.00198  1.48842e-06 | 87 -0.02359  1.33884e-06
 88 -0.01447  1.94002e-06 | 89 -0.04626  1.34593e-06 | 90  0.02176  1.62468e-06
 91 -0.00264  1.45020e-06 | 92  0.01982  1.71063e-06 | 93 -0.01956  1.71695e-06
 94 -0.00369  2.06358e-06 | 95 -0.00487  1.87121e-06 | 96 -0.00995  2.30909e-06
 97 -0.02592  1.80337e-06 | 98 -0.02937  1.99547e-06 | 99 -0.01762  1.70081e-06
100 -0.01789  1.97682e-06 |101  0.02584  1.92300e-06 |102  0.03314  2.09403e-06
103 -0.01396  1.57446e-06 |104  0.00288  2.38392e-06 |105  0.00004  2.01345e-06
106  0.00004  1.36970e-06 |107  0.00000  0.00000e+00 |108 -0.00285 -2.11232e-05
109 -0.10718 -5.12699e-06 |110 -0.47985  5.90438e-06 |111 -0.65088  1.54824e-05
112 -0.45702 -9.38173e-06 |
size of file gradfil1.tmp = 0
size of file gradfil2.tmp = 0
size of file varssave.tmp = 0
size of file cmpdiff.tmp = 0
