
Initial statistics: 1 variables; iteration 0; function evaluation 0; phase 1
Function value 8.8180413e+02; maximum gradient component mag 1.0631e+04
Var    Value     Gradient |Var    Value     Gradient |Var    Value     Gradient
  1  0.63197  1.06307e+04 |

 - final statistics:
1 variables; iteration 3; function evaluation 8
Function value 7.1798e+02; maximum gradient component mag 6.1893e+00
Exit code = 1;  converg criter 1.0000e+01
Var    Value     Gradient |Var    Value     Gradient |Var    Value     Gradient
  1  0.61002  6.18935e+00 |

Initial statistics: 98 variables; iteration 0; function evaluation 0; phase 2
Function value 7.1797739e+02; maximum gradient component mag -1.3244e+03
Var    Value     Gradient |Var    Value     Gradient |Var    Value     Gradient
  1  0.61002  6.18935e+00 |  2  0.00000  4.98731e+00 |  3  0.00000  5.54492e+00
  4  0.00000  6.21526e+00 |  5  0.00000  7.01566e+00 |  6  0.00000  7.96884e+00
  7  0.00000  9.10539e+00 |  8  0.00000  1.05252e+01 |  9  0.00000  6.49741e+00
 10  0.00000  1.39040e+01 | 11  0.00000  1.60076e+01 | 12  0.00000  1.85266e+01
 13  0.00000  1.85746e+01 | 14  0.00000  2.59126e+01 | 15  0.00000  3.06596e+01
 16  0.00000  3.44899e+01 | 17  0.00000  3.43222e+01 | 18  0.00000  2.61431e+01
 19  0.00000  3.54263e+01 | 20  0.00000  3.19023e+01 | 21  0.00000  3.62134e+01
 22  0.00000  3.59413e+01 | 23  0.00000  3.50747e+01 | 24  0.00000  3.58548e+01
 25  0.00000  4.26028e+01 | 26  0.00000  4.50812e+01 | 27  0.00000  5.04837e+01
 28  0.00000  5.01622e+01 | 29  0.00000  3.65369e+01 | 30  0.00000  5.89315e+01
 31  0.00000  5.25374e+01 | 32  0.00000  4.67999e+01 | 33  0.00000  5.02801e+01
 34  0.00000  4.53902e+00 | 35  0.00000  6.04587e+01 | 36  0.00000  5.69550e+01
 37  0.00000  5.41325e+01 | 38  0.00000  6.04328e+01 | 39  0.00000  7.33942e+01
 40  0.00000  3.01358e+01 | 41  0.00000  2.27994e+01 | 42  0.00000  4.93710e+01
 43  0.00000  6.16180e+01 | 44  0.00000  7.61005e+01 | 45  0.00000  7.80167e+01
 46  0.00000 -4.49306e-01 | 47  0.00000  6.71437e+01 | 48  0.00000  7.83728e+01
 49  0.00000  8.05754e+01 | 50  0.00000  8.59133e+01 | 51  0.00000  7.41573e+01
 52  0.00000  7.08104e+01 | 53  0.00000  8.40495e+01 | 54  0.00000  7.04389e+01
 55  0.00000  7.44775e+01 | 56  0.00000  7.32017e+01 | 57  0.00000  9.99682e+01
 58  0.00000  1.04271e+02 | 59  0.00000  8.26995e+01 | 60  0.00000  2.23451e+01
 61  0.00000  3.58484e+01 | 62  0.00000  1.53862e+02 | 63  0.00000 -1.31457e+00
 64  0.00000  9.93942e+01 | 65  0.00000  2.62697e+02 | 66  0.00000  2.16399e+02
 67  0.00000 -1.40915e+02 | 68  0.00000 -3.91284e+02 | 69  0.00000 -8.07710e+02
 70  0.00000 -5.17288e+02 | 71  0.00000  2.16856e+02 | 72  0.00000 -5.25509e+02
 73  0.00000 -3.82054e+01 | 74  0.00000  4.64128e+01 | 75  0.00000  4.69958e+01
 76  0.00000  2.44378e+01 | 77  0.00000 -2.79719e+01 | 78  0.00000 -2.02807e+02
 79  0.00000 -1.06031e+02 | 80  0.00000  4.58777e+02 | 81  0.00000  8.68708e+01
 82  0.00000  2.04395e+02 | 83  0.00000 -2.84356e+02 | 84  0.00000  2.71411e+02
 85  0.00000  5.35591e+02 | 86  0.00000 -2.28469e+02 | 87  0.00000 -1.65879e+02
 88  0.00000 -6.95824e+02 | 89  0.00000 -1.32442e+03 | 90  0.00000  3.80103e+01
 91  0.00000  2.02298e+02 | 92  0.00000 -2.50879e+02 | 93  0.00000  1.65533e+02
 94  0.00000  2.17902e+01 | 95  0.00000  2.74416e+00 | 96  0.00000  2.37784e+00
 97 -0.03546  1.57900e+02 | 98 -0.31026  4.65852e+01 |

Intermediate statistics: 98 variables; iteration 20; function evaluation 35; phase 2
Function value 5.6863414e+02; maximum gradient component mag 2.5513e+02
Var    Value     Gradient |Var    Value     Gradient |Var    Value     Gradient
  1  0.60762  2.55127e+02 |  2 -0.00110 -6.85929e+00 |  3 -0.00117 -6.56772e+00
  4 -0.00125 -6.21852e+00 |  5 -0.00135 -5.80146e+00 |  6 -0.00146 -5.30650e+00
  7 -0.00161 -4.72512e+00 |  8 -0.00184 -4.06698e+00 |  9  0.00224 -1.79825e+00
 10 -0.00227 -2.38982e+00 | 11 -0.00256 -1.39909e+00 | 12 -0.00302 -3.56561e-01
 13 -0.00156  1.48336e+00 | 14 -0.00521  1.46036e+00 | 15 -0.00686  2.14071e+00
 16 -0.00795  2.89656e+00 | 17 -0.00680  4.26821e+00 | 18 -0.00032  7.55258e+00
 19 -0.00633  5.18481e+00 | 20 -0.00428  5.67991e+00 | 21 -0.00628  5.58707e+00
 22 -0.00430  7.37419e+00 | 23 -0.00406  6.91194e+00 | 24 -0.00366  7.55857e+00
 25 -0.00733  6.34668e+00 | 26 -0.00814  6.20756e+00 | 27 -0.01083  5.13981e+00
 28 -0.01033  5.26668e+00 | 29 -0.00151  8.81998e+00 | 30 -0.01420  3.16821e+00
 31 -0.01013  4.55696e+00 | 32 -0.00487  6.64280e+00 | 33 -0.00808  4.95951e+00
 34  0.01897  1.64816e+01 | 35 -0.01270  2.37540e+00 | 36 -0.00945  3.67483e+00
 37 -0.00531  5.53698e+00 | 38 -0.00831  4.04472e+00 | 39 -0.01547  9.14770e-01
 40  0.00554  8.58001e+00 | 41  0.01573  1.27800e+01 | 42  0.00153  7.02130e+00
 43 -0.00529  3.98230e+00 | 44 -0.01268  9.03160e-01 | 45 -0.01439 -2.84274e-01
 46  0.03247  1.89952e+01 | 47 -0.00504  3.42057e+00 | 48 -0.00955  1.65558e+00
 49 -0.00915  1.72063e+00 | 50 -0.01228  6.54831e-02 | 51 -0.00448  2.84060e+00
 52  0.00290  6.23465e+00 | 53 -0.00540  2.50107e+00 | 54  0.00350  5.75759e+00
 55  0.00049  4.23178e+00 | 56  0.00541  5.73711e+00 | 57 -0.00588  1.84123e+00
 58 -0.00573  2.01617e+00 | 59  0.00145  4.75746e+00 | 60  0.01587  8.63644e+00
 61  0.01373  8.24827e+00 | 62 -0.02166 -2.18390e+00 | 63  0.02346  1.31381e+01
 64  0.00512  1.18455e+01 | 65 -0.02081  1.62384e+01 | 66 -0.01018  1.58882e+01
 67  0.02060 -1.42356e+01 | 68  0.02518 -5.38836e+01 | 69  0.03113 -1.37956e+02
 70  0.02687 -7.39307e+01 | 71 -0.00706  3.83864e+01 | 72  0.02612 -7.06733e+01
 73  0.00400  2.34584e+01 | 74 -0.00371  1.44597e+01 | 75 -0.00005  4.66797e+01
 76 -0.00282  1.82244e+01 | 77 -0.00006  1.87802e+01 | 78  0.00754 -5.96810e+00
 79  0.00268  4.00589e+00 | 80 -0.03263  5.85978e+01 | 81 -0.00546  2.45019e+01
 82 -0.01632  3.11018e+01 | 83  0.00628 -1.95949e+01 | 84 -0.01862  3.75543e+01
 85 -0.02702  7.33105e+01 | 86  0.01767  2.69685e+00 | 87  0.00742 -3.67965e+01
 88  0.04641 -6.61714e+01 | 89  0.05823 -1.91475e+02 | 90  0.00085  5.04999e+00
 91  0.00238  2.91261e+01 | 92  0.03342 -2.54422e+01 | 93  0.00408  2.04327e+01
 94 -0.00934 -9.66326e+00 | 95 -0.00111 -8.35589e+00 | 96 -0.00077 -8.24081e+00
 97 -0.04897  3.29140e+01 | 98 -0.31740  6.28246e-01 |
98 variables; iteration 40; function evaluation 62; phase 2
Function value 5.6629881e+02; maximum gradient component mag 5.0714e+01
Var    Value     Gradient |Var    Value     Gradient |Var    Value     Gradient
  1  0.60792  5.07140e+01 |  2  0.00027  3.08084e-01 |  3  0.00024  4.00057e-01
  4  0.00020  5.02984e-01 |  5  0.00015  6.15049e-01 |  6  0.00008  7.34821e-01
  7 -0.00003  8.60991e-01 |  8 -0.00021  9.92568e-01 |  9  0.00271  4.17075e-01
 10 -0.00061  1.21267e+00 | 11 -0.00092  1.29937e+00 | 12 -0.00139  1.35708e+00
 13 -0.00025  1.39812e+00 | 14 -0.00359  1.25866e+00 | 15 -0.00523  1.15654e+00
 16 -0.00632  1.15489e+00 | 17 -0.00527  1.38164e+00 | 18  0.00047  1.67168e+00
 19 -0.00506  1.25286e+00 | 20 -0.00326  1.24339e+00 | 21 -0.00551  5.73771e-01
 22 -0.00438 -1.15697e-01 | 23 -0.00457 -7.35816e-01 | 24 -0.00455 -1.12396e+00
 25 -0.00794 -1.32138e+00 | 26 -0.00858 -1.13585e+00 | 27 -0.01105 -1.24575e+00
 28 -0.01057 -1.17509e+00 | 29 -0.00236 -4.20523e-01 | 30 -0.01389 -9.95620e-01
 31 -0.01051 -1.12643e+00 | 32 -0.00590 -8.22951e-01 | 33 -0.00874 -1.22445e+00
 34  0.01581 -7.00767e-01 | 35 -0.01256 -9.04287e-01 | 36 -0.01000 -1.01606e+00
 37 -0.00629 -5.10024e-01 | 38 -0.00872 -2.75112e-01 | 39 -0.01527 -9.86137e-01
 40  0.00308 -2.66266e+00 | 41  0.01355  1.37721e+00 | 42  0.00077  1.01319e+00
 43 -0.00559  1.37728e-01 | 44 -0.01258 -9.00515e-01 | 45 -0.01426 -1.69762e+00
 46  0.02930  2.02718e+00 | 47 -0.00471  7.06177e-01 | 48 -0.00931 -2.65949e-01
 49 -0.00890 -1.06354e-01 | 50 -0.01173 -4.36632e-01 | 51 -0.00398  9.69274e-01
 52  0.00284  2.16965e+00 | 53 -0.00436  1.67633e+00 | 54  0.00299  7.89012e-01
 55 -0.00096 -2.68711e+00 | 56  0.00384 -1.57487e+00 | 57 -0.00724 -3.55130e+00
 58 -0.00824 -5.51146e+00 | 59  0.00268  5.52832e+00 | 60  0.01366 -3.56719e+00
 61  0.01366  5.48203e+00 | 62 -0.01953  4.40268e+00 | 63  0.02359  6.61398e+00
 64  0.00362 -1.70285e+00 | 65 -0.02247  3.69401e+00 | 66 -0.01338 -1.08742e+01
 67  0.02285 -5.88447e-01 | 68  0.02861 -4.46682e-01 | 69  0.03619 -5.91393e+00
 70  0.03028 -3.48478e+00 | 71 -0.00941 -5.02192e+00 | 72  0.02834 -2.11972e+01
 73  0.00298  3.35200e+00 | 74 -0.00496  1.95893e+00 | 75 -0.00127  2.55492e+01
 76 -0.00406  5.58590e+00 | 77 -0.00172 -7.60799e+00 | 78  0.00730 -2.39512e+00
 79  0.00203 -7.19825e-01 | 80 -0.03665  2.34101e+01 | 81 -0.00623  1.93765e+01
 82 -0.01912  5.01433e+00 | 83  0.00629  2.38688e+00 | 84 -0.02169  7.13651e+00
 85 -0.03226  4.17297e+00 | 86  0.01762 -4.49928e+00 | 87  0.00928  5.77079e+00
 88  0.05033 -4.99828e-01 | 89  0.06478 -1.37820e+01 | 90 -0.00224 -1.92991e+01
 91  0.00133  3.94297e+00 | 92  0.03564  3.63864e-01 | 93  0.00256  1.20620e-01
 94 -0.00932 -3.38990e+00 | 95  0.00009 -1.98554e-01 | 96  0.00036 -2.05745e-01
 97 -0.05041  8.92575e+00 | 98 -0.31736 -9.98687e-02 |

 - final statistics:
98 variables; iteration 56; function evaluation 90
Function value 5.6613e+02; maximum gradient component mag 5.8140e+00
Exit code = 1;  converg criter 1.0000e+01
Var    Value     Gradient |Var    Value     Gradient |Var    Value     Gradient
  1  0.60760  5.81401e+00 |  2 -0.00060 -4.03581e-02 |  3 -0.00066 -2.90664e-02
  4 -0.00074 -1.81101e-02 |  5 -0.00083 -8.61063e-03 |  6 -0.00094 -1.94703e-03
  7 -0.00109  3.38032e-04 |  8 -0.00131 -6.47667e-03 |  9  0.00207  3.34357e-02
 10 -0.00176 -3.00253e-02 | 11 -0.00206 -4.36119e-02 | 12 -0.00250 -4.84374e-02
 13 -0.00127 -8.67132e-03 | 14 -0.00443  6.99895e-02 | 15 -0.00592  1.23388e-01
 16 -0.00695  1.28752e-01 | 17 -0.00593  1.84966e-01 | 18 -0.00024  2.02636e-01
 19 -0.00561  1.66695e-01 | 20 -0.00380  1.75926e-01 | 21 -0.00561  1.97837e-01
 22 -0.00387  2.96622e-01 | 23 -0.00368  3.23057e-01 | 24 -0.00335  3.75868e-01
 25 -0.00675  2.20793e-01 | 26 -0.00762  5.83646e-02 | 27 -0.01008  4.63122e-02
 28 -0.00963  5.63171e-02 | 29 -0.00168  1.84228e-01 | 30 -0.01318  1.85181e-02
 31 -0.00971 -3.24293e-02 | 32 -0.00523 -7.68450e-02 | 33 -0.00793 -1.14834e-01
 34  0.01683  3.29884e-01 | 35 -0.01202 -9.42463e-02 | 36 -0.00935 -2.49463e-02
 37 -0.00583 -2.19189e-02 | 38 -0.00833  1.35573e-01 | 39 -0.01470 -7.37833e-02
 40  0.00458  9.96596e-02 | 41  0.01322  2.85236e-01 | 42  0.00030  1.86528e-02
 43 -0.00546  2.18145e-01 | 44 -0.01218 -1.39661e-01 | 45 -0.01363 -3.06604e-01
 46  0.02876  2.78249e-01 | 47 -0.00499  2.08919e-01 | 48 -0.00930 -2.19414e-01
 49 -0.00888 -5.68003e-02 | 50 -0.01136  4.64415e-01 | 51 -0.00452 -3.09547e-02
 52  0.00171 -3.76233e-02 | 53 -0.00520 -4.23152e-02 | 54  0.00283  1.96508e-01
 55 -0.00003 -1.91473e-01 | 56  0.00435 -1.37833e-01 | 57 -0.00591 -3.28742e-01
 58 -0.00593 -2.50260e-01 | 59  0.00069  1.79034e-02 | 60  0.01479 -4.85234e-02
 61  0.01241 -2.28225e-03 | 62 -0.02103  1.32056e-01 | 63  0.02254  3.13153e-01
 64  0.00413 -1.59358e-01 | 65 -0.02341  1.82527e-02 | 66 -0.01159 -4.59385e-01
 67  0.02302  3.71764e-02 | 68  0.02885 -4.49637e-02 | 69  0.03660 -2.63027e-01
 70  0.03063 -1.48479e-01 | 71 -0.00899 -2.32284e-01 | 72  0.02940 -6.75241e-01
 73  0.00300  4.02697e-02 | 74 -0.00490 -7.60343e-02 | 75 -0.00223  7.27201e-01
 76 -0.00419  9.34932e-02 | 77 -0.00126 -3.40189e-01 | 78  0.00751 -1.23068e-01
 79  0.00221 -9.80649e-02 | 80 -0.03876  6.29207e-01 | 81 -0.00698  5.20707e-01
 82 -0.01938  7.61323e-02 | 83  0.00620  3.65394e-03 | 84 -0.02217  7.07430e-02
 85 -0.03260 -2.70267e-02 | 86  0.01802 -2.91417e-01 | 87  0.00911  2.05411e-02
 88  0.05071 -1.02935e-01 | 89  0.06538 -4.60946e-01 | 90 -0.00013 -6.59090e-01
 91  0.00127  1.25346e-01 | 92  0.03576 -2.88187e-01 | 93  0.00266 -3.75820e-03
 94 -0.00824 -9.73868e-02 | 95 -0.00059 -1.08399e-01 | 96 -0.00032 -1.18705e-01
 97 -0.05120  5.33754e-01 | 98 -0.31742  2.08442e-01 |

Initial statistics: 100 variables; iteration 0; function evaluation 0; phase 3
Function value 5.6612947e+02; maximum gradient component mag -3.1419e+01
Var    Value     Gradient |Var    Value     Gradient |Var    Value     Gradient
  1  0.60760  5.81401e+00 |  2 -0.00060 -4.74899e-02 |  3 -0.00066 -3.61982e-02
  4 -0.00074 -2.52419e-02 |  5 -0.00083 -1.57424e-02 |  6 -0.00094 -9.07884e-03
  7 -0.00109 -6.79377e-03 |  8 -0.00131 -1.36085e-02 |  9  0.00207  2.63039e-02
 10 -0.00176 -3.71570e-02 | 11 -0.00206 -5.07436e-02 | 12 -0.00250 -5.55691e-02
 13 -0.00127 -1.58031e-02 | 14 -0.00443  6.28579e-02 | 15 -0.00592  1.16257e-01
 16 -0.00695  1.21620e-01 | 17 -0.00593  1.77835e-01 | 18 -0.00024  1.95505e-01
 19 -0.00561  1.59564e-01 | 20 -0.00380  1.68795e-01 | 21 -0.00561  1.90706e-01
 22 -0.00387  2.89491e-01 | 23 -0.00368  3.15926e-01 | 24 -0.00335  3.68736e-01
 25 -0.00675  2.13662e-01 | 26 -0.00762  5.12333e-02 | 27 -0.01008  3.91812e-02
 28 -0.00963  4.91861e-02 | 29 -0.00168  1.77096e-01 | 30 -0.01318  1.13878e-02
 31 -0.00971 -3.95603e-02 | 32 -0.00523 -8.39766e-02 | 33 -0.00793 -1.21965e-01
 34  0.01683  3.22755e-01 | 35 -0.01202 -1.01377e-01 | 36 -0.00935 -3.20773e-02
 37 -0.00583 -2.90505e-02 | 38 -0.00833  1.28442e-01 | 39 -0.01470 -8.09132e-02
 40  0.00458  9.25279e-02 | 41  0.01322  2.78106e-01 | 42  0.00030  1.15210e-02
 43 -0.00546  2.11014e-01 | 44 -0.01218 -1.46791e-01 | 45 -0.01363 -3.13735e-01
 46  0.02876  2.71125e-01 | 47 -0.00499  2.01788e-01 | 48 -0.00930 -2.26545e-01
 49 -0.00888 -6.39314e-02 | 50 -0.01136  4.57284e-01 | 51 -0.00452 -3.80863e-02
 52  0.00171 -4.47550e-02 | 53 -0.00520 -4.94468e-02 | 54  0.00283  1.89376e-01
 55 -0.00003 -1.98605e-01 | 56  0.00435 -1.44965e-01 | 57 -0.00591 -3.35874e-01
 58 -0.00594 -2.57391e-01 | 59  0.00069  1.07716e-02 | 60  0.01479 -5.56533e-02
 61  0.01241 -9.41271e-03 | 62 -0.02103  1.24928e-01 | 63  0.02254  3.06026e-01
 64  0.00413 -1.66490e-01 | 65 -0.02341  1.11257e-02 | 66 -0.01159 -4.66516e-01
 67  0.02302  3.00493e-02 | 68  0.02885 -5.20881e-02 | 69  0.03660 -2.70147e-01
 70  0.03063 -1.55602e-01 | 71 -0.00899 -2.39415e-01 | 72  0.02940 -6.82365e-01
 73  0.00300  3.31380e-02 | 74 -0.00491 -8.31659e-02 | 75 -0.00223  7.20069e-01
 76 -0.00419  8.63615e-02 | 77 -0.00126 -3.47320e-01 | 78  0.00751 -1.30199e-01
 79  0.00221 -1.05197e-01 | 80 -0.03876  6.22089e-01 | 81 -0.00698  5.13575e-01
 82 -0.01938  6.90038e-02 | 83  0.00620 -3.47754e-03 | 84 -0.02217  6.36155e-02
 85 -0.03260 -3.41492e-02 | 86  0.01802 -2.98546e-01 | 87  0.00911  1.34100e-02
 88  0.05071 -1.10045e-01 | 89  0.06538 -4.68040e-01 | 90 -0.00013 -6.66222e-01
 91  0.00127  1.18214e-01 | 92  0.03576 -2.95308e-01 | 93  0.00266 -1.08900e-02
 94 -0.00824 -1.04518e-01 | 95 -0.00059 -1.15531e-01 | 96 -0.00032 -1.25837e-01
 97 -0.05120  5.33754e-01 | 98 -0.41581 -3.14195e+01 | 99 -0.31742  2.08442e-01
100 -0.25275 -1.31702e+00 |

Intermediate statistics: 100 variables; iteration 20; function evaluation 30; phase 3
Function value 5.6603013e+02; maximum gradient component mag -5.7336e+01
Var    Value     Gradient |Var    Value     Gradient |Var    Value     Gradient
  1  0.60757 -5.73360e+01 |  2 -0.00040  1.79456e+00 |  3 -0.00045  1.75556e+00
  4 -0.00053  1.69479e+00 |  5 -0.00062  1.60289e+00 |  6 -0.00076  1.46894e+00
  7 -0.00094  1.28129e+00 |  8 -0.00124  1.01278e+00 |  9  0.00217  8.61771e-01
 10 -0.00188  3.14792e-01 | 11 -0.00229 -9.54151e-02 | 12 -0.00282 -4.81642e-01
 13 -0.00157 -7.24904e-01 | 14 -0.00457 -5.84733e-01 | 15 -0.00601 -6.50451e-01
 16 -0.00708 -9.05588e-01 | 17 -0.00600 -9.99796e-01 | 18 -0.00039 -1.50367e+00
 19 -0.00578 -1.33109e+00 | 20 -0.00368 -9.89789e-01 | 21 -0.00541 -7.77481e-01
 22 -0.00382 -1.20749e+00 | 23 -0.00350 -8.83351e-01 | 24 -0.00313 -8.49548e-01
 25 -0.00689 -1.46930e+00 | 26 -0.00798 -2.00936e+00 | 27 -0.01041 -1.84676e+00
 28 -0.00996 -1.83108e+00 | 29 -0.00192 -1.92708e+00 | 30 -0.01323 -1.28823e+00
 31 -0.00979 -1.30834e+00 | 32 -0.00571 -2.19354e+00 | 33 -0.00841 -2.05079e+00
 34  0.01656 -2.55975e+00 | 35 -0.01202 -1.22540e+00 | 36 -0.00918 -6.21893e-01
 37 -0.00621 -1.68087e+00 | 38 -0.00843 -9.32259e-01 | 39 -0.01494 -1.05421e+00
 40  0.00470 -1.33979e+00 | 41  0.01378 -4.62499e-01 | 42 -0.00039 -2.09836e+00
 43 -0.00544 -5.17633e-01 | 44 -0.01239 -9.33946e-01 | 45 -0.01344 -7.29316e-01
 46  0.02893 -1.77071e+00 | 47 -0.00501 -4.87431e-01 | 48 -0.00940 -9.25493e-01
 49 -0.00889 -5.51131e-01 | 50 -0.01090  5.65397e-01 | 51 -0.00394  3.53802e-01
 52  0.00115 -1.80615e+00 | 53 -0.00537 -9.82161e-01 | 54  0.00276 -8.05753e-01
 55  0.00030 -6.38980e-01 | 56  0.00453 -6.21435e-01 | 57 -0.00622 -1.34941e+00
 58 -0.00601 -9.73811e-01 | 59  0.00001 -2.45598e+00 | 60  0.01480 -1.74522e+00
 61  0.01361  3.65256e+00 | 62 -0.02035  2.66642e+00 | 63  0.02231 -3.13515e+00
 64  0.00389 -1.73190e+00 | 65 -0.02313  8.32226e-01 | 66 -0.01174 -1.13641e+00
 67  0.02286 -3.60195e+00 | 68  0.02923  7.72541e+00 | 69  0.03650 -4.31914e+00
 70  0.03079  3.35566e+00 | 71 -0.00917 -2.74680e+00 | 72  0.02939 -1.03589e-01
 73  0.00290 -1.34875e+00 | 74 -0.00492  1.49385e+00 | 75 -0.00215  3.35592e+00
 76 -0.00417  2.37935e+00 | 77 -0.00150 -4.21775e+00 | 78  0.00753  2.24661e+00
 79  0.00196 -4.45864e+00 | 80 -0.03874  2.94354e+00 | 81 -0.00700  2.19096e+00
 82 -0.01930  3.60052e+00 | 83  0.00596 -4.48318e+00 | 84 -0.02210  3.26031e+00
 85 -0.03269  2.30730e-01 | 86  0.01810  3.44088e+00 | 87  0.00901 -7.53169e-01
 88  0.05114  1.00349e+01 | 89  0.06533 -5.15504e+00 | 90 -0.00043 -2.80006e+00
 91  0.00172  6.26262e+00 | 92  0.03642  8.02054e+00 | 93  0.00325  4.72343e+00
 94 -0.00795  2.12172e+00 | 95 -0.00063  1.73439e+00 | 96 -0.00024  1.84172e+00
 97 -0.04179 -8.47392e+00 | 98 -0.41069 -2.36223e+00 | 99 -0.31803  1.96681e+00
100 -0.25330 -5.18499e+00 |
100 variables; iteration 40; function evaluation 55; phase 3
Function value 5.6596203e+02; maximum gradient component mag -1.1321e+02
Var    Value     Gradient |Var    Value     Gradient |Var    Value     Gradient
  1  0.60730 -1.13207e+02 |  2 -0.00073  2.78901e+00 |  3 -0.00080  2.67024e+00
  4 -0.00089  2.53104e+00 |  5 -0.00099  2.36930e+00 |  6 -0.00110  2.18295e+00
  7 -0.00123  1.97016e+00 |  8 -0.00143  1.73443e+00 |  9  0.00192  1.30067e+00
 10 -0.00181  1.15841e+00 | 11 -0.00207  8.15843e-01 | 12 -0.00247  4.36747e-01
 13 -0.00126 -1.03360e-01 | 14 -0.00451 -4.93647e-01 | 15 -0.00607 -9.16237e-01
 16 -0.00708 -1.24622e+00 | 17 -0.00613 -1.71288e+00 | 18 -0.00042 -2.38354e+00
 19 -0.00575 -1.91261e+00 | 20 -0.00370 -1.87882e+00 | 21 -0.00590 -2.30119e+00
 22 -0.00417 -2.67388e+00 | 23 -0.00400 -2.52186e+00 | 24 -0.00374 -2.76802e+00
 25 -0.00688 -2.30450e+00 | 26 -0.00757 -2.13305e+00 | 27 -0.01009 -2.00757e+00
 28 -0.00969 -2.06200e+00 | 29 -0.00189 -2.84151e+00 | 30 -0.01296 -1.52028e+00
 31 -0.00977 -1.84088e+00 | 32 -0.00517 -1.91678e+00 | 33 -0.00787 -1.63932e+00
 34  0.01653 -4.09789e+00 | 35 -0.01150 -9.92987e-01 | 36 -0.00937 -1.33353e+00
 37 -0.00577 -1.36007e+00 | 38 -0.00844 -1.24867e+00 | 39 -0.01489 -9.97095e-01
 40  0.00480 -2.39733e+00 | 41  0.01302 -2.75666e+00 | 42  0.00048 -1.21074e+00
 43 -0.00571 -1.20894e+00 | 44 -0.01260 -1.29419e+00 | 45 -0.01315 -7.24760e-01
 46  0.02924 -2.77666e+00 | 47 -0.00519 -8.96069e-01 | 48 -0.00940 -9.42338e-01
 49 -0.00909 -9.55904e-01 | 50 -0.01123 -8.54534e-01 | 51 -0.00466 -1.12006e+00
 52  0.00180 -1.16064e+00 | 53 -0.00518 -8.16065e-01 | 54  0.00261 -1.49203e+00
 55  0.00044 -1.45015e+00 | 56  0.00455 -1.12580e+00 | 57 -0.00595 -9.60546e-01
 58 -0.00601 -8.98063e-01 | 59  0.00104  5.72608e-01 | 60  0.01549 -4.63739e-01
 61  0.01347  1.07107e+00 | 62 -0.02204 -1.56272e+00 | 63  0.02247 -4.52561e+00
 64  0.00372 -2.48034e+00 | 65 -0.02291  1.68955e+00 | 66 -0.01143  1.51840e+00
 67  0.02298 -3.59935e+00 | 68  0.02896  2.06917e+00 | 69  0.03673 -2.57376e+00
 70  0.03061 -9.31806e-03 | 71 -0.00887  5.60129e-01 | 72  0.02940  8.36230e-01
 73  0.00314  1.44866e+00 | 74 -0.00494  2.48351e+00 | 75 -0.00217  7.89460e-01
 76 -0.00423  2.94856e+00 | 77 -0.00111  1.58997e+00 | 78  0.00732  1.80450e-01
 79  0.00221 -7.22438e-01 | 80 -0.03897  2.41579e+00 | 81 -0.00695  8.38392e-01
 82 -0.01956  1.90079e+00 | 83  0.00627  1.16003e+00 | 84 -0.02235  1.80181e+00
 85 -0.03254  1.49807e+00 | 86  0.01812  5.74968e+00 | 87  0.00936  3.82563e+00
 88  0.05057  1.42316e+00 | 89  0.06551  1.07494e+00 | 90 -0.00011  3.19345e+00
 91  0.00162  4.74419e+00 | 92  0.03596  5.46986e+00 | 93  0.00324  5.13318e+00
 94 -0.00785  4.32090e+00 | 95 -0.00074  3.41302e+00 | 96 -0.00038  3.38101e+00
 97 -0.03112 -1.08746e+01 | 98 -0.40534  1.68180e+01 | 99 -0.31551  1.32266e+00
100 -0.25189 -8.68322e-01 |

 - final statistics:
100 variables; iteration 57; function evaluation 82
Function value 5.6595e+02; maximum gradient component mag 7.9440e-01
Exit code = 1;  converg criter 1.0000e+00
Var    Value     Gradient |Var    Value     Gradient |Var    Value     Gradient
  1  0.60726  7.94399e-01 |  2 -0.00067 -1.54395e-02 |  3 -0.00074 -1.52923e-02
  4 -0.00082 -1.50689e-02 |  5 -0.00092 -1.47142e-02 |  6 -0.00104 -1.41407e-02
  7 -0.00118 -1.32476e-02 |  8 -0.00139 -1.18301e-02 |  9  0.00197 -9.18081e-03
 10 -0.00182 -7.72430e-03 | 11 -0.00211 -5.37767e-03 | 12 -0.00254 -3.47218e-03
 13 -0.00133 -1.00268e-03 | 14 -0.00453  2.31511e-03 | 15 -0.00605  2.47872e-03
 16 -0.00708  5.89036e-03 | 17 -0.00609  7.38208e-03 | 18 -0.00040  1.26923e-02
 19 -0.00575  1.31530e-02 | 20 -0.00374  9.63573e-03 | 21 -0.00576 -1.68629e-04
 22 -0.00409  9.00786e-03 | 23 -0.00389  6.55226e-03 | 24 -0.00359  2.39824e-03
 25 -0.00690  1.22285e-02 | 26 -0.00768  1.65411e-02 | 27 -0.01014  9.43562e-03
 28 -0.00971  1.00832e-02 | 29 -0.00184  1.52689e-02 | 30 -0.01300  6.77884e-03
 31 -0.00973  7.39744e-03 | 32 -0.00524  1.18539e-02 | 33 -0.00791  5.10693e-03
 34  0.01658  2.18743e-02 | 35 -0.01160  1.27923e-03 | 36 -0.00934  8.01813e-03
 37 -0.00587  1.33430e-02 | 38 -0.00844  8.18799e-03 | 39 -0.01475  2.68591e-03
 40  0.00497  5.07522e-03 | 41  0.01307  1.85217e-02 | 42  0.00026 -2.88851e-03
 43 -0.00562  7.69944e-03 | 44 -0.01223  4.23258e-03 | 45 -0.01298  2.43567e-03
 46  0.02866  2.41544e-02 | 47 -0.00520 -2.05846e-03 | 48 -0.00925  5.00125e-03
 49 -0.00897  1.55970e-02 | 50 -0.01103  2.40375e-02 | 51 -0.00450  9.08476e-03
 52  0.00167  6.36269e-03 | 53 -0.00518  6.17883e-03 | 54  0.00267  2.29308e-03
 55  0.00061  2.52676e-02 | 56  0.00443  1.69030e-02 | 57 -0.00581  2.20146e-02
 58 -0.00587  3.95529e-02 | 59  0.00049  3.53462e-03 | 60  0.01519 -2.73788e-03
 61  0.01284  1.37922e-02 | 62 -0.02125 -4.39063e-03 | 63  0.02287  9.60756e-03
 64  0.00409  2.82822e-02 | 65 -0.02308 -5.53866e-03 | 66 -0.01160 -3.41070e-03
 67  0.02319  1.49287e-02 | 68  0.02880  2.50240e-02 | 69  0.03675  5.64434e-03
 70  0.03057  1.66710e-02 | 71 -0.00886 -2.52932e-02 | 72  0.02934  1.54161e-02
 73  0.00310 -2.44971e-03 | 74 -0.00501 -3.09778e-02 | 75 -0.00216 -1.05320e-02
 76 -0.00431  1.26731e-02 | 77 -0.00114 -1.36343e-02 | 78  0.00739 -1.26435e-02
 79  0.00230 -2.22707e-02 | 80 -0.03895 -1.64402e-02 | 81 -0.00690 -2.15275e-02
 82 -0.01951 -1.30344e-02 | 83  0.00630 -2.65115e-02 | 84 -0.02228 -2.30522e-02
 85 -0.03246 -2.72163e-02 | 86  0.01794 -7.03213e-03 | 87  0.00926 -2.64787e-02
 88  0.05060 -9.10421e-03 | 89  0.06550 -2.94628e-02 | 90 -0.00016 -2.74468e-02
 91  0.00146 -1.60981e-02 | 92  0.03573 -2.06511e-02 | 93  0.00296 -2.11577e-02
 94 -0.00831 -1.83409e-02 | 95 -0.00074 -2.02501e-02 | 96 -0.00035 -1.60197e-02
 97 -0.02962  2.27671e-02 | 98 -0.40485 -2.79088e-02 | 99 -0.31686  2.59227e-02
100 -0.25232 -9.16419e-03 |

Initial statistics: 108 variables; iteration 0; function evaluation 0; phase 4
Function value 5.6595273e+02; maximum gradient component mag -2.2841e+02
Var    Value     Gradient |Var    Value     Gradient |Var    Value     Gradient
  1 -0.42263 -2.02514e+02 |  2 -0.42263 -2.28409e+02 |  3 -0.41094 -2.00108e+02
  4  0.60726  7.94399e-01 |  5  0.00000  1.01911e+00 |  6  0.00000  2.26136e-01
  7  0.00000  2.76132e-01 |  8  0.00000  3.36983e-01 |  9  0.00000  4.10901e-01
 10 -0.00067 -1.53983e-02 | 11 -0.00074 -1.52511e-02 | 12 -0.00082 -1.50277e-02
 13 -0.00092 -1.46730e-02 | 14 -0.00104 -1.40995e-02 | 15 -0.00118 -1.32064e-02
 16 -0.00139 -1.17889e-02 | 17  0.00197 -9.13963e-03 | 18 -0.00182 -7.68311e-03
 19 -0.00211 -5.33648e-03 | 20 -0.00254 -3.43100e-03 | 21 -0.00133 -9.61497e-04
 22 -0.00453  2.35629e-03 | 23 -0.00605  2.51990e-03 | 24 -0.00708  5.93154e-03
 25 -0.00609  7.42326e-03 | 26 -0.00040  1.27335e-02 | 27 -0.00575  1.31942e-02
 28 -0.00374  9.67691e-03 | 29 -0.00576 -1.27451e-04 | 30 -0.00409  9.04904e-03
 31 -0.00389  6.59344e-03 | 32 -0.00359  2.43942e-03 | 33 -0.00690  1.22697e-02
 34 -0.00768  1.65823e-02 | 35 -0.01014  9.47679e-03 | 36 -0.00971  1.01244e-02
 37 -0.00184  1.53101e-02 | 38 -0.01300  6.82001e-03 | 39 -0.00973  7.43861e-03
 40 -0.00524  1.18951e-02 | 41 -0.00791  5.14811e-03 | 42  0.01658  2.19155e-02
 43 -0.01160  1.32040e-03 | 44 -0.00934  8.05930e-03 | 45 -0.00587  1.33842e-02
 46 -0.00844  8.22916e-03 | 47 -0.01475  2.72708e-03 | 48  0.00497  5.11640e-03
 49  0.01307  1.85629e-02 | 50  0.00026 -2.84733e-03 | 51 -0.00562  7.74062e-03
 52 -0.01223  4.27375e-03 | 53 -0.01298  2.47684e-03 | 54  0.02866  2.41956e-02
 55 -0.00520 -2.01728e-03 | 56 -0.00925  5.04243e-03 | 57 -0.00897  1.56382e-02
 58 -0.01103  2.40786e-02 | 59 -0.00450  9.12594e-03 | 60  0.00167  6.40387e-03
 61 -0.00518  6.22001e-03 | 62  0.00267  2.33426e-03 | 63  0.00061  2.53088e-02
 64  0.00443  1.69442e-02 | 65 -0.00581  2.20558e-02 | 66 -0.00587  3.95941e-02
 67  0.00049  3.57580e-03 | 68  0.01519 -2.69671e-03 | 69  0.01284  1.38334e-02
 70 -0.02125 -4.34947e-03 | 71  0.02287  9.64871e-03 | 72  0.00409  2.83234e-02
 73 -0.02308 -5.49751e-03 | 74 -0.01160 -3.36953e-03 | 75  0.02319  1.49698e-02
 76  0.02880  2.50651e-02 | 77  0.03675  5.68545e-03 | 78  0.03057  1.67121e-02
 79 -0.00886 -2.52520e-02 | 80  0.02934  1.54572e-02 | 81  0.00310 -2.40853e-03
 82 -0.00501 -3.09366e-02 | 83 -0.00216 -1.04908e-02 | 84 -0.00431  1.27143e-02
 85 -0.00114 -1.35931e-02 | 86  0.00739 -1.26023e-02 | 87  0.00230 -2.22295e-02
 88 -0.03895 -1.63991e-02 | 89 -0.00690 -2.14863e-02 | 90 -0.01951 -1.29933e-02
 91  0.00630 -2.64703e-02 | 92 -0.02228 -2.30111e-02 | 93 -0.03246 -2.71751e-02
 94  0.01794 -6.99096e-03 | 95  0.00926 -2.64375e-02 | 96  0.05060 -9.06316e-03
 97  0.06550 -2.94219e-02 | 98 -0.00016 -2.74056e-02 | 99  0.00146 -1.60569e-02
100  0.03573 -2.06100e-02 |101  0.00296 -2.11165e-02 |102 -0.00831 -1.82997e-02
103 -0.00074 -2.02089e-02 |104 -0.00035 -1.59785e-02 |105 -0.02962  2.27671e-02
106 -0.40485 -2.79088e-02 |107 -0.31686  2.59227e-02 |108 -0.25232 -9.16419e-03

Intermediate statistics: 108 variables; iteration 20; function evaluation 26; phase 4
Function value 5.6565880e+02; maximum gradient component mag 3.2647e+02
Var    Value     Gradient |Var    Value     Gradient |Var    Value     Gradient
  1 -0.42080 -1.16439e+02 |  2 -0.42394  1.78915e+02 |  3 -0.40884  2.49914e+01
  4  0.60774  3.26470e+02 |  5  0.00003  3.74620e+00 |  6  0.00001  8.27590e-01
  7  0.00001  1.00922e+00 |  8  0.00001  1.22977e+00 |  9  0.00001  1.49716e+00
 10 -0.00066 -7.96136e+00 | 11 -0.00073 -7.68439e+00 | 12 -0.00080 -7.35215e+00
 13 -0.00090 -6.95517e+00 | 14 -0.00101 -6.48314e+00 | 15 -0.00114 -5.92553e+00
 16 -0.00135 -5.27473e+00 | 17  0.00202 -4.24262e+00 | 18 -0.00176 -3.64552e+00
 19 -0.00204 -2.66562e+00 | 20 -0.00246 -1.59772e+00 | 21 -0.00123 -2.26844e-01
 22 -0.00443  5.30089e-01 | 23 -0.00594  1.42905e+00 | 24 -0.00697  2.26920e+00
 25 -0.00598  3.30073e+00 | 26 -0.00028  5.11257e+00 | 27 -0.00561  3.93240e+00
 28 -0.00367  4.13125e+00 | 29 -0.00566  4.50248e+00 | 30 -0.00396  5.62077e+00
 31 -0.00377  5.13299e+00 | 32 -0.00348  5.62047e+00 | 33 -0.00679  5.13882e+00
 34 -0.00758  5.05457e+00 | 35 -0.01005  4.48402e+00 | 36 -0.00963  4.49814e+00
 37 -0.00174  6.08240e+00 | 38 -0.01298  3.31368e+00 | 39 -0.00970  3.79050e+00
 40 -0.00519  4.35589e+00 | 41 -0.00787  3.49528e+00 | 42  0.01661  9.28311e+00
 43 -0.01159  2.20045e+00 | 44 -0.00938  2.78412e+00 | 45 -0.00587  3.13382e+00
 46 -0.00843  2.37569e+00 | 47 -0.01472  1.00294e+00 | 48  0.00485  4.51912e+00
 49  0.01298  6.42629e+00 | 50  0.00022  3.19968e+00 | 51 -0.00564  1.92643e+00
 52 -0.01222  7.18590e-01 | 53 -0.01308  4.87656e-01 | 54  0.02851  1.01617e+01
 55 -0.00523  1.76343e+00 | 56 -0.00930  1.02906e+00 | 57 -0.00900  1.16402e+00
 58 -0.01114  6.78346e-01 | 59 -0.00464  2.08535e+00 | 60  0.00160  2.94005e+00
 61 -0.00523  1.53532e+00 | 62  0.00266  2.88678e+00 | 63  0.00046  2.40467e+00
 64  0.00429  3.31333e+00 | 65 -0.00586  1.25604e+00 | 66 -0.00588  1.15193e+00
 67  0.00044  1.99189e+00 | 68  0.01512  4.68203e+00 | 69  0.01276  4.66097e+00
 70 -0.02123 -1.16957e+00 | 71  0.02297  7.95048e+00 | 72  0.00431  3.93782e+00
 73 -0.02300 -1.31189e+00 | 74 -0.01140  1.11843e+00 | 75  0.02349  8.68056e+00
 76  0.02905  8.88832e+00 | 77  0.03674  1.30784e+01 | 78  0.03108  1.33480e+01
 79 -0.00905 -2.70941e-01 | 80  0.02954  8.25074e+00 | 81  0.00307  3.53163e+00
 82 -0.00480  2.14603e+00 | 83 -0.00217  2.10447e+00 | 84 -0.00414  5.06930e-01
 85 -0.00121  2.03898e+00 | 86  0.00768  3.58444e+00 | 87  0.00249  6.41983e+00
 88 -0.03888 -4.46679e+00 | 89 -0.00708 -3.60019e+00 | 90 -0.01938 -3.87308e+00
 91  0.00633  1.91348e+00 | 92 -0.02208 -3.86515e+00 | 93 -0.03284 -8.87914e+00
 94  0.01781 -7.40035e+00 | 95  0.00889 -7.14941e+00 | 96  0.05056 -6.53604e+00
 97  0.06512 -7.59989e+00 | 98  0.00014 -6.67287e+00 | 99  0.00086 -9.19527e+00
100  0.03584 -8.40016e+00 |101  0.00238 -1.09391e+01 |102 -0.00836 -9.32497e+00
103 -0.00071 -9.23394e+00 |104 -0.00035 -9.26776e+00 |105 -0.03391  1.22466e+01
106 -0.40647 -1.70281e+01 |107 -0.33141  6.38242e+00 |108 -0.26173 -2.42152e+01
108 variables; iteration 40; function evaluation 52; phase 4
Function value 5.6549599e+02; maximum gradient component mag -2.6564e+01
Var    Value     Gradient |Var    Value     Gradient |Var    Value     Gradient
  1 -0.42016 -2.39379e+01 |  2 -0.42395 -2.65641e+01 |  3 -0.40763 -1.97338e+01
  4  0.60704  7.79202e+00 |  5 -0.00016  7.09186e-01 |  6  0.00005  2.97761e-01
  7  0.00006  3.52380e-01 |  8  0.00006  4.13578e-01 |  9  0.00006  4.80249e-01
 10 -0.00059 -3.06693e-02 | 11 -0.00064 -1.02442e-02 | 12 -0.00071  1.60560e-02
 13 -0.00078  4.96832e-02 | 14 -0.00086  9.21622e-02 | 15 -0.00097  1.44754e-01
 16 -0.00114  2.11484e-01 | 17  0.00229  3.11122e-01 | 18 -0.00147  3.65376e-01
 19 -0.00171  4.48390e-01 | 20 -0.00209  5.31193e-01 | 21 -0.00081  6.40223e-01
 22 -0.00396  7.10844e-01 | 23 -0.00542  7.87717e-01 | 24 -0.00648  7.66126e-01
 25 -0.00566  5.88136e-01 | 26 -0.00000  6.17467e-01 | 27 -0.00472  1.23729e+00
 28 -0.00319  7.87232e-01 | 29 -0.00536  6.12667e-01 | 30 -0.00362  6.45469e-01
 31 -0.00349  5.69876e-01 | 32 -0.00318  5.90045e-01 | 33 -0.00647  6.02476e-01
 34 -0.00727  5.53592e-01 | 35 -0.00982  4.31902e-01 | 36 -0.00961  1.73734e-01
 37 -0.00144  4.40351e-01 | 38 -0.01277  3.15622e-01 | 39 -0.00983 -3.37436e-02
 40 -0.00522  5.91121e-02 | 41 -0.00771  3.17437e-01 | 42  0.01672  5.76933e-01
 43 -0.01137 -2.42945e-01 | 44 -0.00972 -3.63562e-01 | 45 -0.00612 -3.44403e-01
 46 -0.00841 -9.42670e-02 | 47 -0.01470 -1.74995e-01 | 48  0.00501  3.19996e-01
 49  0.01238 -6.43995e-01 | 50  0.00009 -2.32844e-01 | 51 -0.00568 -1.64829e-01
 52 -0.01235 -3.51836e-01 | 53 -0.01311 -4.89065e-01 | 54  0.02799 -3.77981e-01
 55 -0.00519 -5.08119e-02 | 56 -0.00952 -3.63020e-01 | 57 -0.00916 -3.68273e-01
 58 -0.01140 -1.12596e+00 | 59 -0.00538 -9.70457e-01 | 60  0.00104 -8.27549e-01
 61 -0.00524 -3.07644e-01 | 62  0.00209 -1.35632e+00 | 63  0.00009 -1.05510e+00
 64  0.00379 -6.08679e-01 | 65 -0.00673 -1.40395e+00 | 66 -0.00598 -4.72298e-01
 67  0.00069  1.14946e+00 | 68  0.01498 -8.13685e-01 | 69  0.01260 -1.61535e-01
 70 -0.02131 -3.22896e-02 | 71  0.02276  1.34627e+00 | 72  0.00452  2.37819e+00
 73 -0.02311 -1.83427e-01 | 74 -0.01229 -3.12973e+00 | 75  0.02330  1.53661e+00
 76  0.02887  8.61278e-01 | 77  0.03647  1.03242e+00 | 78  0.03094  1.82709e+00
 79 -0.00925 -7.53494e-01 | 80  0.02954  2.47958e+00 | 81  0.00287 -1.15118e+00
 82 -0.00492  5.13617e-01 | 83 -0.00222  1.66232e+00 | 84 -0.00408  2.11122e+00
 85 -0.00146 -2.00870e+00 | 86  0.00768  1.51837e+00 | 87  0.00227  4.20879e-01
 88 -0.03904 -5.30397e-01 | 89 -0.00712 -1.63380e-01 | 90 -0.01945  1.82541e-01
 91  0.00620  1.49712e+00 | 92 -0.02214  4.60632e-01 | 93 -0.03286 -2.26194e-01
 94  0.01793  1.17640e+00 | 95  0.00881  3.98153e-02 | 96  0.05063  7.42822e-01
 97  0.06518 -3.78299e-01 | 98  0.00033  4.42010e-01 | 99  0.00056 -1.73543e+00
100  0.03586 -6.25985e-01 |101  0.00243 -6.80004e-01 |102 -0.00922 -1.13522e+00
103 -0.00068 -6.99571e-02 |104 -0.00034 -1.04069e-01 |105 -0.03402 -9.29176e-01
106 -0.40688  1.91044e+00 |107 -0.33451  5.46112e-01 |108 -0.26214 -2.18380e+00
108 variables; iteration 60; function evaluation 85; phase 4
Function value 5.6548179e+02; maximum gradient component mag 1.1169e+01
Var    Value     Gradient |Var    Value     Gradient |Var    Value     Gradient
  1 -0.41978  6.87206e-01 |  2 -0.42385  1.11693e+01 |  3 -0.40769  4.62515e+00
  4  0.60691  9.46938e+00 |  5 -0.00061  8.08468e-02 |  6 -0.00014  8.13874e-03
  7 -0.00017  1.34780e-02 |  8 -0.00021  2.08669e-02 |  9 -0.00025  3.06081e-02
 10 -0.00063 -2.28471e-01 | 11 -0.00070 -2.25809e-01 | 12 -0.00078 -2.22619e-01
 13 -0.00088 -2.18218e-01 | 14 -0.00100 -2.11483e-01 | 15 -0.00114 -2.00923e-01
 16 -0.00135 -1.83282e-01 | 17  0.00202 -1.50006e-01 | 18 -0.00176 -1.28291e-01
 19 -0.00204 -8.95351e-02 | 20 -0.00246 -4.29769e-02 | 21 -0.00122  1.91551e-02
 22 -0.00441  4.43058e-02 | 23 -0.00591  6.52311e-02 | 24 -0.00696  9.01674e-02
 25 -0.00603  1.24355e-01 | 26 -0.00036  1.91847e-01 | 27 -0.00543  1.40901e-01
 28 -0.00364  1.53070e-01 | 29 -0.00570  1.75341e-01 | 30 -0.00396  2.24716e-01
 31 -0.00377  2.05375e-01 | 32 -0.00347  1.91624e-01 | 33 -0.00676  1.68387e-01
 34 -0.00754  1.72885e-01 | 35 -0.01003  1.46942e-01 | 36 -0.00968  1.69122e-01
 37 -0.00161  2.59464e-01 | 38 -0.01291  1.55627e-01 | 39 -0.00976  1.42837e-01
 40 -0.00516  1.76462e-01 | 41 -0.00780  1.55982e-01 | 42  0.01650  3.25467e-01
 43 -0.01124  1.43659e-02 | 44 -0.00943  1.16159e-01 | 45 -0.00580  1.24001e-01
 46 -0.00826  1.00155e-01 | 47 -0.01454  1.00356e-01 | 48  0.00492  2.32818e-01
 49  0.01289  2.53006e-01 | 50  0.00034  6.73289e-02 | 51 -0.00548  9.97719e-02
 52 -0.01217  3.46646e-03 | 53 -0.01289 -6.92640e-04 | 54  0.02832  2.79138e-01
 55 -0.00503  9.38685e-02 | 56 -0.00925  6.90545e-02 | 57 -0.00894  8.75008e-02
 58 -0.01089  1.18528e-02 | 59 -0.00481  9.09973e-02 | 60  0.00160  1.09342e-01
 61 -0.00501  7.76710e-02 | 62  0.00285  1.73902e-01 | 63  0.00062  1.21746e-01
 64  0.00411  8.66260e-02 | 65 -0.00600  3.95665e-02 | 66 -0.00572  3.90055e-02
 67  0.00032  1.00412e-01 | 68  0.01528  1.61201e-01 | 69  0.01270  1.34935e-01
 70 -0.02131 -1.62282e-01 | 71  0.02258  1.89794e-01 | 72  0.00409  1.32040e-01
 73 -0.02306 -1.31514e-01 | 74 -0.01179 -4.79317e-02 | 75  0.02318  8.87469e-02
 76  0.02885  1.48685e-01 | 77  0.03644  1.50382e-01 | 78  0.03090  1.14556e-01
 79 -0.00920 -5.61142e-02 | 80  0.02946  6.11469e-02 | 81  0.00295 -4.54066e-02
 82 -0.00495 -2.15729e-01 | 83 -0.00228 -1.10273e-01 | 84 -0.00420 -1.52767e-01
 85 -0.00135 -1.40130e-01 | 86  0.00762 -9.58908e-02 | 87  0.00227 -1.48116e-01
 88 -0.03898 -1.80246e-01 | 89 -0.00712 -2.21238e-01 | 90 -0.01944 -4.43305e-03
 91  0.00616 -2.01429e-01 | 92 -0.02215 -5.96221e-02 | 93 -0.03287 -3.36770e-01
 94  0.01786 -1.93766e-01 | 95  0.00880 -2.29012e-01 | 96  0.05062 -2.23022e-01
 97  0.06522 -2.36557e-01 | 98  0.00036 -2.85186e-01 | 99  0.00066 -2.82864e-01
100  0.03594 -3.89043e-01 |101  0.00253 -2.48082e-01 |102 -0.00873 -3.13553e-01
103 -0.00070 -2.64882e-01 |104 -0.00033 -2.54860e-01 |105 -0.03362  6.00324e-01
106 -0.40686 -9.09564e-01 |107 -0.33579  4.63860e-02 |108 -0.26296 -1.48651e-02
Maximum number of function evaluations exceeded

 - final statistics:
108 variables; iteration 68; function evaluation 100
Function value 5.6548e+02; maximum gradient component mag 1.6310e+00
Exit code = 3;  converg criter 1.0000e+00
Var    Value     Gradient |Var    Value     Gradient |Var    Value     Gradient
  1 -0.41977  1.30939e-01 |  2 -0.42384  1.63095e+00 |  3 -0.40770  6.98980e-01
  4  0.60691  1.34242e+00 |  5 -0.00060  1.27133e-02 |  6 -0.00013  2.68061e-03
  7 -0.00016  3.53233e-03 |  8 -0.00020  4.59990e-03 |  9 -0.00024  5.89015e-03
 10 -0.00064 -3.44630e-02 | 11 -0.00071 -3.37522e-02 | 12 -0.00079 -3.27799e-02
 13 -0.00088 -3.14218e-02 | 14 -0.00099 -2.95302e-02 | 15 -0.00112 -2.69674e-02
 16 -0.00133 -2.35154e-02 | 17  0.00204 -1.79691e-02 | 18 -0.00174 -1.47773e-02
 19 -0.00203 -9.71892e-03 | 20 -0.00245 -4.72088e-03 | 21 -0.00123  1.36738e-04
 22 -0.00441  2.48501e-03 | 23 -0.00592  6.71796e-03 | 24 -0.00696  1.09570e-02
 25 -0.00603  1.63419e-02 | 26 -0.00037  2.36412e-02 | 27 -0.00543  1.86333e-02
 28 -0.00364  1.99261e-02 | 29 -0.00571  2.03375e-02 | 30 -0.00397  2.48033e-02
 31 -0.00379  2.22295e-02 | 32 -0.00347  2.56707e-02 | 33 -0.00676  2.41111e-02
 34 -0.00753  2.41564e-02 | 35 -0.01003  2.20037e-02 | 36 -0.00968  2.09998e-02
 37 -0.00163  2.94265e-02 | 38 -0.01293  1.65055e-02 | 39 -0.00977  1.94644e-02
 40 -0.00517  2.12196e-02 | 41 -0.00781  1.83324e-02 | 42  0.01650  4.44730e-02
 43 -0.01120  9.43233e-03 | 44 -0.00944  1.39787e-02 | 45 -0.00581  1.39826e-02
 46 -0.00826  1.54677e-02 | 47 -0.01456  8.51156e-03 | 48  0.00489  2.07428e-02
 49  0.01287  3.51796e-02 | 50  0.00038  2.14008e-02 | 51 -0.00549  1.56811e-02
 52 -0.01215  5.69745e-03 | 53 -0.01288  5.01472e-03 | 54  0.02835  4.99668e-02
 55 -0.00504  1.39914e-02 | 56 -0.00926  1.04531e-02 | 57 -0.00895  7.99728e-03
 58 -0.01088  2.07238e-04 | 59 -0.00482  9.41776e-03 | 60  0.00160  2.11998e-02
 61 -0.00501  1.38527e-02 | 62  0.00282  1.37919e-02 | 63  0.00061  1.46670e-02
 64  0.00412  1.68767e-02 | 65 -0.00600  7.79906e-03 | 66 -0.00571  8.53662e-03
 67  0.00031  1.37093e-02 | 68  0.01528  1.92354e-02 | 69  0.01270  2.46661e-02
 70 -0.02127 -1.04479e-02 | 71  0.02258  2.47649e-02 | 72  0.00408  2.79160e-02
 73 -0.02305 -1.20080e-02 | 74 -0.01178 -3.56259e-04 | 75  0.02318  1.69604e-02
 76  0.02885  2.08405e-02 | 77  0.03644  2.26754e-02 | 78  0.03090  1.40496e-02
 79 -0.00920 -7.89759e-03 | 80  0.02946  3.96826e-03 | 81  0.00294 -3.57620e-03
 82 -0.00494 -1.24716e-02 | 83 -0.00228 -1.86733e-02 | 84 -0.00419 -2.34218e-02
 85 -0.00135 -1.13871e-02 | 86  0.00763 -1.37092e-02 | 87  0.00227 -1.88693e-02
 88 -0.03899 -1.83260e-02 | 89 -0.00712 -2.78080e-02 | 90 -0.01946 -2.60546e-02
 91  0.00616 -2.85025e-02 | 92 -0.02216 -3.12094e-02 | 93 -0.03287 -3.61009e-02
 94  0.01786 -3.47390e-02 | 95  0.00879 -3.42057e-02 | 96  0.05062 -2.95456e-02
 97  0.06522 -2.94865e-02 | 98  0.00036 -5.01422e-02 | 99  0.00066 -3.31765e-02
100  0.03595 -4.43847e-02 |101  0.00253 -4.61463e-02 |102 -0.00872 -4.06966e-02
103 -0.00071 -3.93468e-02 |104 -0.00034 -3.78830e-02 |105 -0.03361  8.91856e-02
106 -0.40686 -1.38287e-01 |107 -0.33585  1.02613e-02 |108 -0.26299 -5.58939e-03

Initial statistics: 111 variables; iteration 0; function evaluation 0; phase 5
Function value 5.6548177e+02; maximum gradient component mag -7.3804e+02
Var    Value     Gradient |Var    Value     Gradient |Var    Value     Gradient
  1 -0.41977  1.30939e-01 |  2 -0.42384  1.63095e+00 |  3 -0.40770  6.98980e-01
  4 -0.41222  8.17062e+01 |  5 -0.41222 -1.91086e+01 |  6  0.60691  1.34242e+00
  7 -0.00060  1.27133e-02 |  8 -0.00013  2.68061e-03 |  9 -0.00016  3.53233e-03
 10 -0.00020  4.59990e-03 | 11 -0.00024  5.89015e-03 | 12 -0.00064 -3.44079e-02
 13 -0.00071 -3.36971e-02 | 14 -0.00079 -3.27248e-02 | 15 -0.00088 -3.13667e-02
 16 -0.00099 -2.94751e-02 | 17 -0.00112 -2.69123e-02 | 18 -0.00133 -2.34603e-02
 19  0.00204 -1.79140e-02 | 20 -0.00174 -1.47222e-02 | 21 -0.00203 -9.66382e-03
 22 -0.00245 -4.66578e-03 | 23 -0.00123  1.91835e-04 | 24 -0.00441  2.54010e-03
 25 -0.00592  6.77305e-03 | 26 -0.00696  1.10121e-02 | 27 -0.00603  1.63970e-02
 28 -0.00037  2.36962e-02 | 29 -0.00543  1.86884e-02 | 30 -0.00364  1.99812e-02
 31 -0.00571  2.03926e-02 | 32 -0.00397  2.48584e-02 | 33 -0.00379  2.22846e-02
 34 -0.00347  2.57258e-02 | 35 -0.00676  2.41662e-02 | 36 -0.00753  2.42115e-02
 37 -0.01003  2.20587e-02 | 38 -0.00968  2.10549e-02 | 39 -0.00163  2.94816e-02
 40 -0.01293  1.65606e-02 | 41 -0.00977  1.95194e-02 | 42 -0.00517  2.12747e-02
 43 -0.00781  1.83875e-02 | 44  0.01650  4.45281e-02 | 45 -0.01120  9.48742e-03
 46 -0.00944  1.40338e-02 | 47 -0.00581  1.40377e-02 | 48 -0.00826  1.55228e-02
 49 -0.01456  8.56664e-03 | 50  0.00489  2.07979e-02 | 51  0.01287  3.52347e-02
 52  0.00038  2.14559e-02 | 53 -0.00549  1.57362e-02 | 54 -0.01215  5.75254e-03
 55 -0.01288  5.06981e-03 | 56  0.02835  5.00218e-02 | 57 -0.00504  1.40465e-02
 58 -0.00926  1.05082e-02 | 59 -0.00895  8.05237e-03 | 60 -0.01088  2.62327e-04
 61 -0.00482  9.47286e-03 | 62  0.00160  2.12549e-02 | 63 -0.00501  1.39078e-02
 64  0.00282  1.38470e-02 | 65  0.00061  1.47221e-02 | 66  0.00412  1.69318e-02
 67 -0.00600  7.85416e-03 | 68 -0.00571  8.59171e-03 | 69  0.00031  1.37644e-02
 70  0.01528  1.92905e-02 | 71  0.01270  2.47212e-02 | 72 -0.02127 -1.03928e-02
 73  0.02258  2.48200e-02 | 74  0.00408  2.79711e-02 | 75 -0.02305 -1.19530e-02
 76 -0.01178 -3.01172e-04 | 77  0.02318  1.70155e-02 | 78  0.02885  2.08955e-02
 79  0.03644  2.27304e-02 | 80  0.03090  1.41046e-02 | 81 -0.00920 -7.84249e-03
 82  0.02946  4.02329e-03 | 83  0.00294 -3.52111e-03 | 84 -0.00494 -1.24165e-02
 85 -0.00228 -1.86182e-02 | 86 -0.00419 -2.33667e-02 | 87 -0.00135 -1.13320e-02
 88  0.00763 -1.36542e-02 | 89  0.00227 -1.88142e-02 | 90 -0.03899 -1.82710e-02
 91 -0.00712 -2.77529e-02 | 92 -0.01946 -2.59995e-02 | 93  0.00616 -2.84474e-02
 94 -0.02216 -3.11544e-02 | 95 -0.03287 -3.60459e-02 | 96  0.01786 -3.46839e-02
 97  0.00879 -3.41506e-02 | 98  0.05062 -2.94907e-02 | 99  0.06522 -2.94317e-02
100  0.00036 -5.00871e-02 |101  0.00066 -3.31214e-02 |102  0.03595 -4.43296e-02
103  0.00253 -4.60912e-02 |104 -0.00872 -4.06415e-02 |105 -0.00071 -3.92917e-02
106 -0.00034 -3.78279e-02 |107  0.00000 -7.38036e+02 |108 -0.03361  8.91856e-02
109 -0.40686 -1.38287e-01 |110 -0.33585  1.02613e-02 |111 -0.26299 -5.58939e-03

Intermediate statistics: 111 variables; iteration 20; function evaluation 22; phase 5
Function value 5.6241974e+02; maximum gradient component mag -4.3395e+02
Var    Value     Gradient |Var    Value     Gradient |Var    Value     Gradient
  1 -0.42408 -1.85011e+02 |  2 -0.43065  3.95170e+02 |  3 -0.39422  1.27180e+02
  4 -0.45678 -1.15140e+00 |  5 -0.33369  4.89921e+00 |  6  0.60619  2.83504e+02
  7 -0.00065  3.05989e+00 |  8 -0.00014  6.82003e-01 |  9 -0.00018  8.30822e-01
 10 -0.00021  1.01106e+00 | 11 -0.00026  1.22888e+00 | 12 -0.00054 -5.61571e+00
 13 -0.00061 -5.30217e+00 | 14 -0.00069 -4.92674e+00 | 15 -0.00079 -4.47937e+00
 16 -0.00091 -3.94969e+00 | 17 -0.00106 -3.32814e+00 | 18 -0.00131 -2.61037e+00
 19  0.00201 -1.48206e+00 | 20 -0.00184 -8.61850e-01 | 21 -0.00221  1.54109e-01
 22 -0.00271  1.24760e+00 | 23 -0.00149  2.70559e+00 | 24 -0.00447  3.65749e+00
 25 -0.00571  4.95744e+00 | 26 -0.00668  6.19414e+00 | 27 -0.00594  7.48767e+00
 28 -0.00230  7.44734e+00 | 29 -0.00538  8.23582e+00 | 30 -0.00406  8.02858e+00
 31 -0.00613  8.20008e+00 | 32 -0.00452  9.44338e+00 | 33 -0.00427  8.77429e+00
 34 -0.00364  9.33782e+00 | 35 -0.00626  9.23910e+00 | 36 -0.00678  9.58993e+00
 37 -0.00934  9.10671e+00 | 38 -0.00864  9.69828e+00 | 39 -0.00167  9.85709e+00
 40 -0.01220  8.44632e+00 | 41 -0.00925  8.28456e+00 | 42 -0.00511  8.54334e+00
 43 -0.00619  9.10091e+00 | 44  0.01574  1.20673e+01 | 45 -0.01015  8.51624e+00
 46 -0.00814  7.40161e+00 | 47 -0.00474  7.90237e+00 | 48 -0.00694  7.15312e+00
 49 -0.01266  6.74388e+00 | 50  0.00604  1.04907e+01 | 51  0.01384  1.15668e+01
 52  0.00181  8.13474e+00 | 53 -0.00416  6.72339e+00 | 54 -0.01048  6.31224e+00
 55 -0.01240  5.15850e+00 | 56  0.02963  1.53286e+01 | 57 -0.00286  7.24199e+00
 58 -0.00746  6.67628e+00 | 59 -0.00780  6.01636e+00 | 60 -0.00977  6.28621e+00
 61 -0.00333  7.53275e+00 | 62  0.00135  7.40018e+00 | 63 -0.00291  7.63840e+00
 64  0.00382  8.00976e+00 | 65  0.00232  8.69565e+00 | 66  0.00659  9.90313e+00
 67 -0.00640  5.38801e+00 | 68 -0.00538  5.06285e+00 | 69  0.00167  8.01889e+00
 70  0.01561  1.02176e+01 | 71  0.01312  9.48905e+00 | 72 -0.02125  2.11353e+00
 73  0.02209  1.08265e+01 | 74  0.00494  7.81078e+00 | 75 -0.02352  6.45369e-01
 76 -0.01220 -4.23012e-01 | 77  0.02199 -8.51282e+00 | 78  0.02881  6.21578e+00
 79  0.03628  2.22667e+01 | 80  0.03158  5.63959e+00 | 81 -0.01024 -5.87266e+00
 82  0.03077  2.06450e+01 | 83  0.00215 -1.84245e+00 | 84 -0.00358  7.61868e+00
 85 -0.00303 -2.64483e+00 | 86 -0.00315  8.28368e+00 | 87 -0.00176  1.58274e+00
 88  0.00882 -5.28284e-01 | 89  0.00261  5.01700e+00 | 90 -0.03804 -2.78482e+00
 91 -0.00782 -9.87268e+00 | 92 -0.01916 -6.96199e+00 | 93  0.00404 -3.88884e+01
 94 -0.02275 -1.75337e+01 | 95 -0.03545 -2.21564e+01 | 96  0.01789 -9.22257e+00
 97  0.00712 -5.77925e+00 | 98  0.04953 -2.12090e+01 | 99  0.06176 -5.38064e+01
100 -0.00212 -9.86833e+00 |101 -0.00543 -3.44086e+01 |102  0.03080 -3.08980e+01
103 -0.00592 -4.38260e+01 |104 -0.00791 -6.07275e+00 |105 -0.00056 -7.01920e+00
106 -0.00022 -7.09946e+00 |107  0.00142 -4.33952e+02 |108 -0.03797  1.51857e+01
109 -0.40816 -9.16180e+00 |110 -0.33714  3.49949e+01 |111 -0.25480 -7.79390e+01
111 variables; iteration 40; function evaluation 44; phase 5
Function value 5.6138838e+02; maximum gradient component mag -2.3150e+02
Var    Value     Gradient |Var    Value     Gradient |Var    Value     Gradient
  1 -0.42251 -1.78584e+01 |  2 -0.43253 -2.31502e+02 |  3 -0.39068 -7.59177e+01
  4 -0.46600 -1.12249e+00 |  5 -0.31962 -6.06665e+00 |  6  0.60644 -2.19299e+02
  7 -0.00088 -2.82425e+00 |  8 -0.00021 -6.55505e-01 |  9 -0.00026 -7.97283e-01
 10 -0.00031 -9.69058e-01 | 11 -0.00038 -1.17695e+00 | 12  0.00058  7.37507e+00
 13  0.00040  6.93291e+00 | 14  0.00018  6.41278e+00 | 15 -0.00008  5.80665e+00
 16 -0.00036  5.10844e+00 | 17 -0.00069  4.31638e+00 | 18 -0.00109  3.43997e+00
 19  0.00204  2.17837e+00 | 20 -0.00186  1.50073e+00 | 21 -0.00223  5.23427e-01
 22 -0.00261 -3.87518e-01 | 23 -0.00114 -1.42043e+00 | 24 -0.00406 -2.09417e+00
 25 -0.00540 -3.07701e+00 | 26 -0.00648 -3.89690e+00 | 27 -0.00583 -4.64599e+00
 28 -0.00013 -4.06747e+00 | 29 -0.00523 -5.50860e+00 | 30 -0.00331 -4.52590e+00
 31 -0.00518 -4.61328e+00 | 32 -0.00339 -5.43337e+00 | 33 -0.00307 -4.84044e+00
 34 -0.00238 -5.26503e+00 | 35 -0.00540 -5.27945e+00 | 36 -0.00621 -5.35679e+00
 37 -0.00886 -4.64693e+00 | 38 -0.00863 -4.77448e+00 | 39 -0.00110 -6.41539e+00
 40 -0.01174 -2.60579e+00 | 41 -0.00903 -3.46692e+00 | 42 -0.00450 -3.48374e+00
 43 -0.00736 -4.82219e+00 | 44  0.01587 -9.20916e+00 | 45 -0.00971 -2.00895e-01
 46 -0.00857 -2.76063e+00 | 47 -0.00522 -3.10909e+00 | 48 -0.00770 -3.11940e+00
 49 -0.01323 -1.06108e+00 | 50  0.00620 -1.92105e+00 | 51  0.01255 -5.99092e+00
 52  0.00089 -3.26286e+00 | 53 -0.00524 -2.70709e+00 | 54 -0.01099 -1.05055e-02
 55 -0.01164  2.35906e+00 | 56  0.02822 -8.52438e+00 | 57 -0.00476 -3.11633e+00
 58 -0.00916 -1.90267e+00 | 59 -0.00860 -9.03579e-01 | 60 -0.00982  1.56044e+00
 61 -0.00488 -1.67800e+00 | 62  0.00107 -9.60093e-01 | 63 -0.00518 -2.50027e+00
 64  0.00344 -1.06037e+00 | 65  0.00109 -1.27189e+00 | 66  0.00534 -1.15975e+00
 67 -0.00681  8.65577e-01 | 68 -0.00598  9.42219e-02 | 69  0.00103  8.20686e-01
 70  0.01364 -6.64651e+00 | 71  0.00965 -1.18210e+01 | 72 -0.02107  2.94839e+00
 73  0.02077 -4.89173e+00 | 74  0.00683  1.14816e+01 | 75 -0.02141  1.36619e+01
 76 -0.01289 -2.40502e+00 | 77  0.02242 -8.54170e+00 | 78  0.02873 -2.88184e+00
 79  0.03521 -2.71285e+00 | 80  0.03170 -2.28858e-01 | 81 -0.01055  3.51513e+00
 82  0.02995 -6.39713e-01 | 83  0.00081 -1.39951e+01 | 84 -0.00414  3.82804e+00
 85 -0.00377  7.75109e-02 | 86 -0.00418 -1.17760e+00 | 87 -0.00208  1.53521e+01
 88  0.00822 -8.58958e+00 | 89  0.00179  4.70677e+00 | 90 -0.03816  6.91958e+00
 91 -0.00828  5.76974e+00 | 92 -0.01913  5.73938e+00 | 93  0.00452  3.86198e+00
 94 -0.02236  3.58980e+00 | 95 -0.03503  1.08078e+01 | 96  0.01818  1.26570e+01
 97  0.00633  4.94120e+00 | 98  0.05051  3.96387e+00 | 99  0.06298  1.03027e+00
100 -0.00092  1.28769e+01 |101 -0.00394  7.85830e+00 |102  0.03307  7.71348e+00
103 -0.00239  1.00571e+01 |104 -0.01136  2.76880e+00 |105  0.00114  9.50487e+00
106  0.00152  9.54671e+00 |107  0.00281 -1.00153e+02 |108 -0.04370 -1.71243e+01
109 -0.41139  3.16760e+01 |110 -0.35493  5.25928e+00 |111 -0.25732 -1.15807e+01
111 variables; iteration 60; function evaluation 76; phase 5
Function value 5.6126681e+02; maximum gradient component mag 6.8853e+00
Var    Value     Gradient |Var    Value     Gradient |Var    Value     Gradient
  1 -0.42209  4.94709e+00 |  2 -0.43256  6.88531e+00 |  3 -0.39117  2.95649e+00
  4 -0.46839  8.73814e-01 |  5 -0.31644  4.28211e-01 |  6  0.60623  4.34184e+00
  7 -0.00036  5.33350e-02 |  8 -0.00008  4.95822e-03 |  9 -0.00010  6.46118e-03
 10 -0.00012  8.46899e-03 | 11 -0.00015  1.11985e-02 | 12 -0.00059 -3.04663e-01
 13 -0.00064 -3.14564e-01 | 14 -0.00069 -3.21983e-01 | 15 -0.00075 -3.24998e-01
 16 -0.00082 -3.21218e-01 | 17 -0.00090 -3.08090e-01 | 18 -0.00105 -2.85184e-01
 19  0.00241 -2.40540e-01 | 20 -0.00133 -2.11974e-01 | 21 -0.00154 -1.77928e-01
 22 -0.00186 -1.65277e-01 | 23 -0.00045 -1.89514e-01 | 24 -0.00340 -2.65602e-01
 25 -0.00468 -3.64007e-01 | 26 -0.00572 -4.13113e-01 | 27 -0.00524 -6.70602e-01
 28 -0.00068 -4.71582e-01 | 29 -0.00445 -5.08880e-01 | 30 -0.00317 -5.49765e-01
 31 -0.00503 -4.23769e-01 | 32 -0.00335 -4.56656e-01 | 33 -0.00315 -4.55013e-01
 34 -0.00252 -5.54979e-01 | 35 -0.00542 -7.36399e-01 | 36 -0.00601 -4.97200e-01
 37 -0.00873 -3.64639e-01 | 38 -0.00827 -1.39225e-01 | 39 -0.00065 -3.10217e-01
 40 -0.01222 -4.43112e-01 | 41 -0.00913 -4.01803e-01 | 42 -0.00505 -6.24369e-01
 43 -0.00632  1.58738e-01 | 44  0.01719  6.95281e-01 | 45 -0.01102 -3.51652e-01
 46 -0.00840 -1.57888e-01 | 47 -0.00528 -3.93082e-01 | 48 -0.00723  2.90246e-02
 49 -0.01351 -2.87905e-01 | 50  0.00538  2.23235e-01 | 51  0.01338  3.12578e-01
 52  0.00113  1.12312e-04 | 53 -0.00464  2.24491e-01 | 54 -0.01146 -7.41003e-02
 55 -0.01316 -2.51046e-01 | 56  0.02927  6.92906e-01 | 57 -0.00378  8.87138e-02
 58 -0.00859  6.04205e-02 | 59 -0.00859  2.86858e-02 | 60 -0.01048  7.56166e-01
 61 -0.00461  3.06933e-02 | 62  0.00063  5.56248e-01 | 63 -0.00433  2.13567e-01
 64  0.00305  5.00376e-01 | 65  0.00067 -5.35642e-01 | 66  0.00500  1.07178e-01
 67 -0.00744  7.48970e-02 | 68 -0.00587  5.00585e-01 | 69  0.00018 -5.12134e-01
 70  0.01447 -2.53832e-02 | 71  0.01222  9.28645e-01 | 72 -0.02152  8.36440e-01
 73  0.02124  5.04831e-01 | 74  0.00456  1.64196e+00 | 75 -0.02405 -4.84763e-01
 76 -0.01210  4.06457e-01 | 77  0.02287  4.57895e-01 | 78  0.02882  7.02579e-01
 79  0.03521 -3.11561e-01 | 80  0.03171  5.42611e-01 | 81 -0.01054  5.33407e-01
 82  0.03003 -6.89164e-02 | 83  0.00162 -1.00599e-01 | 84 -0.00419  2.44688e-01
 85 -0.00362  2.96812e-01 | 86 -0.00381  2.62733e-01 | 87 -0.00266  2.78701e-01
 88  0.00893 -2.04450e-01 | 89  0.00176  5.46472e-02 | 90 -0.03818  3.59600e-01
 91 -0.00829  1.83298e-01 | 92 -0.01916 -8.82520e-01 | 93  0.00456  5.76340e-01
 94 -0.02217 -1.66639e-01 | 95 -0.03535 -1.19032e-01 | 96  0.01792  3.81496e-01
 97  0.00634 -5.94374e-02 | 98  0.05066  4.02953e-01 | 99  0.06311  4.04695e-01
100 -0.00170  3.90729e-01 |101 -0.00416 -5.12381e-02 |102  0.03278  6.79119e-02
103 -0.00294  5.43928e-01 |104 -0.00932  7.33288e-02 |105 -0.00069 -2.45242e-01
106 -0.00034 -2.06271e-01 |107  0.00291  1.04113e+00 |108 -0.04519  2.29357e-02
109 -0.41255  9.76929e-01 |110 -0.35788  8.58368e-01 |111 -0.25798 -1.49958e+00
111 variables; iteration 80; function evaluation 112; phase 5
Function value 5.6126074e+02; maximum gradient component mag -2.3826e+01
Var    Value     Gradient |Var    Value     Gradient |Var    Value     Gradient
  1 -0.42254 -1.82829e+00 |  2 -0.43299 -2.38264e+01 |  3 -0.39008 -9.97886e+00
  4 -0.46972 -2.40904e-01 |  5 -0.31455 -3.94147e-01 |  6  0.60627 -2.03398e+01
  7 -0.00041 -2.37915e-01 |  8 -0.00009 -4.97237e-02 |  9 -0.00011 -6.08153e-02
 10 -0.00013 -7.43774e-02 | 11 -0.00016 -9.09647e-02 | 12 -0.00048  5.44884e-01
 13 -0.00052  5.25105e-01 | 14 -0.00057  4.99032e-01 | 15 -0.00063  4.64571e-01
 16 -0.00070  4.19582e-01 | 17 -0.00080  3.62812e-01 | 18 -0.00098  2.93135e-01
 19  0.00245  2.02772e-01 | 20 -0.00131  1.68802e-01 | 21 -0.00151  1.30484e-01
 22 -0.00182  9.64471e-02 | 23 -0.00038  2.47605e-04 | 24 -0.00330 -9.82338e-02
 25 -0.00450 -1.41803e-01 | 26 -0.00552 -2.15115e-01 | 27 -0.00484 -2.01115e-01
 28 -0.00051 -4.34693e-01 | 29 -0.00418 -3.33873e-01 | 30 -0.00291 -3.23547e-01
 31 -0.00482 -3.40836e-01 | 32 -0.00313 -4.27530e-01 | 33 -0.00295 -4.10083e-01
 34 -0.00230 -5.17217e-01 | 35 -0.00502 -3.90099e-01 | 36 -0.00574 -3.87689e-01
 37 -0.00856 -3.76160e-01 | 38 -0.00827 -4.16897e-01 | 39 -0.00050 -4.72567e-01
 40 -0.01202 -2.43873e-01 | 41 -0.00896 -2.62628e-01 | 42 -0.00475 -2.96441e-01
 43 -0.00644 -2.78142e-01 | 44  0.01679 -7.12756e-01 | 45 -0.01090 -2.26900e-01
 46 -0.00837 -1.79592e-01 | 47 -0.00514 -2.45800e-01 | 48 -0.00730 -1.84358e-01
 49 -0.01341 -1.27581e-01 | 50  0.00522 -3.72972e-01 | 51  0.01310 -4.91789e-01
 52  0.00104 -2.69077e-01 | 53 -0.00484 -1.81051e-01 | 54 -0.01141  5.98917e-03
 55 -0.01312 -1.02612e-01 | 56  0.02883 -7.58838e-01 | 57 -0.00386 -1.12219e-01
 58 -0.00860  5.75829e-02 | 59 -0.00861 -5.52010e-02 | 60 -0.01090 -1.58565e-01
 61 -0.00465 -9.76049e-02 | 62  0.00019 -2.49728e-01 | 63 -0.00444 -1.14642e-01
 64  0.00289 -3.82145e-02 | 65  0.00086 -9.62864e-02 | 66  0.00498 -9.94033e-02
 67 -0.00758 -1.09781e-01 | 68 -0.00618 -9.33896e-02 | 69  0.00037 -5.39627e-02
 70  0.01444 -2.63860e-01 | 71  0.01194 -2.60839e-01 | 72 -0.02186  7.94966e-02
 73  0.02108 -3.83522e-01 | 74  0.00417 -1.96415e-01 | 75 -0.02400  1.90589e-01
 76 -0.01221  9.57512e-02 | 77  0.02280 -2.64559e-01 | 78  0.02879 -3.36953e-01
 79  0.03515 -3.16160e-01 | 80  0.03174 -7.66169e-02 | 81 -0.01064  1.60448e-01
 82  0.03007 -2.42780e-02 | 83  0.00157  1.40974e-01 | 84 -0.00416  2.08285e-01
 85 -0.00369  1.72281e-01 | 86 -0.00380  2.18643e-01 | 87 -0.00273  2.15773e-01
 88  0.00902  3.12884e-01 | 89  0.00173  2.79996e-01 | 90 -0.03818  3.88346e-01
 91 -0.00836  2.52099e-01 | 92 -0.01905  4.51099e-01 | 93  0.00449  2.96111e-01
 94 -0.02212  4.89410e-01 | 95 -0.03543  4.70774e-01 | 96  0.01792  4.03061e-01
 97  0.00624  3.27107e-01 | 98  0.05066  4.93357e-01 | 99  0.06303  4.10797e-01
100 -0.00174  5.57942e-01 |101 -0.00432  5.18748e-01 |102  0.03276  5.85879e-01
103 -0.00316  6.16488e-01 |104 -0.00951  5.48281e-01 |105 -0.00060  6.44080e-01
106 -0.00030  6.23608e-01 |107  0.00288 -6.61334e+00 |108 -0.04724 -1.24383e+00
109 -0.41349  1.82799e+00 |110 -0.36155 -1.14217e-01 |111 -0.25801  1.99927e-01
111 variables; iteration 100; function evaluation 150; phase 5
Function value 5.6126061e+02; maximum gradient component mag -2.2585e-03
Var    Value     Gradient |Var    Value     Gradient |Var    Value     Gradient
  1 -0.42253 -1.28339e-03 |  2 -0.43304 -2.25852e-03 |  3 -0.38998  1.12459e-03
  4 -0.46976 -3.88895e-04 |  5 -0.31450 -4.76242e-04 |  6  0.60630  8.36519e-04
  7 -0.00037 -7.70414e-05 |  8 -0.00008  2.62399e-04 |  9 -0.00010  2.18004e-04
 10 -0.00012  1.31857e-04 | 11 -0.00015 -7.74242e-07 | 12 -0.00048 -6.37708e-04
 13 -0.00052  4.54998e-05 | 14 -0.00057  2.59749e-04 | 15 -0.00063  1.51053e-05
 16 -0.00070 -3.54535e-04 | 17 -0.00078 -3.28798e-04 | 18 -0.00094  4.72499e-04
 19  0.00250  3.99897e-04 | 20 -0.00126 -2.97265e-04 | 21 -0.00148 -4.78544e-04
 22 -0.00181  3.84646e-04 | 23 -0.00038 -4.55977e-04 | 24 -0.00327 -3.06825e-04
 25 -0.00448 -2.69551e-06 | 26 -0.00550  9.46838e-05 | 27 -0.00487 -5.74352e-04
 28 -0.00047 -3.76318e-04 | 29 -0.00416 -4.16457e-04 | 30 -0.00290  2.29914e-04
 31 -0.00481 -6.00839e-05 | 32 -0.00312 -3.00279e-04 | 33 -0.00293 -2.98826e-04
 34 -0.00223 -6.48140e-04 | 35 -0.00502  5.12512e-04 | 36 -0.00574 -5.38088e-04
 37 -0.00854 -3.77861e-04 | 38 -0.00822  1.75163e-04 | 39 -0.00049  3.78013e-04
 40 -0.01202 -3.00681e-05 | 41 -0.00897 -5.09548e-04 | 42 -0.00477 -4.87256e-04
 43 -0.00645 -6.78253e-05 | 44  0.01682  3.87845e-05 | 45 -0.01088 -3.16566e-04
 46 -0.00839  1.55990e-04 | 47 -0.00514  2.00696e-04 | 48 -0.00732 -3.04333e-04
 49 -0.01340 -6.47209e-05 | 50  0.00524  1.81872e-04 | 51  0.01311 -3.58068e-04
 52  0.00104  2.14186e-04 | 53 -0.00483  1.29069e-04 | 54 -0.01145 -3.81724e-04
 55 -0.01310  2.39223e-04 | 56  0.02885  7.05801e-04 | 57 -0.00389 -3.78206e-04
 58 -0.00869 -9.38588e-04 | 59 -0.00864 -3.86270e-04 | 60 -0.01086  2.88670e-04
 61 -0.00469 -3.35620e-04 | 62  0.00021  2.56621e-04 | 63 -0.00447 -1.67019e-04
 64  0.00279 -1.98611e-04 | 65  0.00081 -2.12351e-04 | 66  0.00489  5.02285e-04
 67 -0.00757 -3.44517e-04 | 68 -0.00619  4.20089e-04 | 69  0.00033 -1.80796e-04
 70  0.01441  9.24497e-05 | 71  0.01193  2.56797e-04 | 72 -0.02186  3.10254e-04
 73  0.02106 -1.10865e-04 | 74  0.00417  1.44983e-04 | 75 -0.02402 -4.37122e-05
 76 -0.01222  2.17198e-04 | 77  0.02280  2.77031e-04 | 78  0.02879  7.47776e-05
 79  0.03514  5.85375e-04 | 80  0.03173 -5.06850e-04 | 81 -0.01065  3.06794e-04
 82  0.03006 -6.49142e-04 | 83  0.00157  1.78064e-04 | 84 -0.00416 -8.45587e-05
 85 -0.00370  5.10505e-04 | 86 -0.00380 -2.12332e-04 | 87 -0.00274  4.26194e-04
 88  0.00901 -3.90154e-04 | 89  0.00173  2.55257e-04 | 90 -0.03818 -3.77974e-05
 91 -0.00836  7.46739e-04 | 92 -0.01905 -4.29014e-05 | 93  0.00449  7.75060e-04
 94 -0.02212  2.71113e-04 | 95 -0.03543  6.12565e-04 | 96  0.01792 -9.56669e-05
 97  0.00625  7.23497e-04 | 98  0.05066 -1.47406e-04 | 99  0.06303  5.24658e-04
100 -0.00174 -2.29617e-04 |101 -0.00432  6.69435e-04 |102  0.03277  3.22662e-05
103 -0.00315  5.40868e-05 |104 -0.00947  1.96838e-04 |105 -0.00062 -2.15527e-04
106 -0.00030  8.78049e-05 |107  0.00287  1.54835e-03 |108 -0.04729 -5.99659e-05
109 -0.41351  2.10346e-04 |110 -0.36180  6.08321e-05 |111 -0.25812 -1.11798e-03
111 variables; iteration 120; function evaluation 191; phase 5
Function value 5.6126061e+02; maximum gradient component mag -6.1041e-03
Var    Value     Gradient |Var    Value     Gradient |Var    Value     Gradient
  1 -0.42254 -1.01129e-03 |  2 -0.43304 -6.10414e-03 |  3 -0.38998 -3.25726e-03
  4 -0.46976 -6.74195e-05 |  5 -0.31450  2.30594e-05 |  6  0.60630 -5.89698e-03
  7 -0.00037 -7.37550e-05 |  8 -0.00008 -7.09911e-05 |  9 -0.00010 -7.22787e-05
 10 -0.00012 -5.63898e-05 | 11 -0.00015 -2.55030e-05 | 12 -0.00048  2.58708e-04
 13 -0.00052  1.15595e-04 | 14 -0.00057  1.01746e-04 | 15 -0.00063  1.17659e-04
 16 -0.00070  1.02366e-04 | 17 -0.00078  9.33655e-05 | 18 -0.00095  3.09192e-05
 19  0.00250  5.29724e-05 | 20 -0.00126 -4.64701e-05 | 21 -0.00148  1.26268e-04
 22 -0.00181 -5.04609e-05 | 23 -0.00038 -7.98739e-05 | 24 -0.00327  1.42610e-04
 25 -0.00448 -7.12829e-05 | 26 -0.00550  1.17468e-04 | 27 -0.00487  1.79723e-04
 28 -0.00047  1.54257e-05 | 29 -0.00416 -2.33208e-05 | 30 -0.00290 -1.15029e-04
 31 -0.00481 -2.02429e-04 | 32 -0.00312 -1.13667e-05 | 33 -0.00293 -1.43679e-04
 34 -0.00223  2.82306e-05 | 35 -0.00502 -1.71424e-04 | 36 -0.00574 -4.73342e-05
 37 -0.00854  1.71325e-05 | 38 -0.00822 -6.92563e-05 | 39 -0.00049 -1.11037e-04
 40 -0.01202 -8.22229e-06 | 41 -0.00897  2.79720e-05 | 42 -0.00477 -4.20702e-05
 43 -0.00645 -9.80781e-05 | 44  0.01682 -1.72898e-04 | 45 -0.01088  3.27479e-05
 46 -0.00839 -3.81966e-05 | 47 -0.00514 -1.68443e-04 | 48 -0.00732  2.27355e-05
 49 -0.01340  2.83888e-05 | 50  0.00524 -1.15992e-04 | 51  0.01311 -1.44556e-05
 52  0.00104 -1.39942e-04 | 53 -0.00483 -2.34715e-05 | 54 -0.01145  1.05385e-04
 55 -0.01310 -4.35309e-05 | 56  0.02885 -3.29869e-04 | 57 -0.00389 -9.52297e-05
 58 -0.00869  1.85113e-04 | 59 -0.00864  7.03841e-05 | 60 -0.01086 -9.62940e-05
 61 -0.00469  1.05048e-04 | 62  0.00020 -8.46624e-05 | 63 -0.00447 -1.22279e-04
 64  0.00279 -3.52992e-06 | 65  0.00081 -5.39641e-06 | 66  0.00489 -1.73108e-04
 67 -0.00757 -4.53198e-05 | 68 -0.00619 -8.02330e-05 | 69  0.00033 -1.10919e-05
 70  0.01441 -1.17607e-04 | 71  0.01193 -1.25568e-04 | 72 -0.02186 -5.24205e-05
 73  0.02106 -8.21265e-05 | 74  0.00417 -3.39787e-05 | 75 -0.02402  5.03227e-05
 76 -0.01222 -5.63917e-05 | 77  0.02280 -1.66382e-04 | 78  0.02879 -1.10141e-04
 79  0.03514 -1.91611e-04 | 80  0.03173  4.89612e-05 | 81 -0.01065  1.77058e-05
 82  0.03006  1.07412e-04 | 83  0.00157 -1.43029e-05 | 84 -0.00416  6.69014e-05
 85 -0.00369 -2.86643e-05 | 86 -0.00380  4.05252e-05 | 87 -0.00273  3.27278e-05
 88  0.00901  1.09194e-04 | 89  0.00173  5.18912e-05 | 90 -0.03818  1.00110e-04
 91 -0.00836 -6.04980e-05 | 92 -0.01905  9.34866e-05 | 93  0.00449 -4.39804e-05
 94 -0.02212  3.11035e-05 | 95 -0.03543  5.02561e-05 | 96  0.01792  1.16798e-04
 97  0.00625 -2.60459e-05 | 98  0.05066  9.73210e-05 | 99  0.06303  7.42061e-05
100 -0.00174  2.24593e-04 |101 -0.00432  4.25672e-05 |102  0.03277  1.34038e-04
103 -0.00315  2.45766e-04 |104 -0.00947  1.61774e-04 |105 -0.00062  1.97875e-04
106 -0.00030  1.55549e-04 |107  0.00287 -1.91599e-03 |108 -0.04729 -3.48383e-04
109 -0.41351  4.70689e-04 |110 -0.36178  5.45254e-07 |111 -0.25811 -1.05238e-04
  ic > imax  in fminim is answer attained ?
Var    Value     Gradient |Var    Value     Gradient |Var    Value     Gradient
  1 -0.42254  3.77869e-05 |  2 -0.43304  3.30876e-04 |  3 -0.38998  5.40984e-05
  4 -0.46976  1.52633e-05 |  5 -0.31450  2.26530e-05 |  6  0.60630  1.75943e-04
  7 -0.00037 -7.15799e-06 |  8 -0.00008  8.15777e-06 |  9 -0.00010 -1.14557e-05
 10 -0.00012 -1.16012e-05 | 11 -0.00015  2.54325e-06 | 12 -0.00048  1.23617e-05
 13 -0.00052 -1.64221e-05 | 14 -0.00057 -4.09295e-06 | 15 -0.00063 -8.87660e-06
 16 -0.00070 -8.79691e-06 | 17 -0.00078 -1.73502e-05 | 18 -0.00095  1.32426e-05
 19  0.00250 -1.77844e-05 | 20 -0.00126 -4.52987e-06 | 21 -0.00148  1.92996e-06
 22 -0.00181 -2.74494e-06 | 23 -0.00038 -6.34580e-06 | 24 -0.00327 -6.62856e-06
 25 -0.00448  1.14559e-05 | 26 -0.00550  3.23339e-06 | 27 -0.00487  2.44984e-05
 28 -0.00047 -1.46378e-05 | 29 -0.00416  6.61947e-07 | 30 -0.00290 -9.70602e-06
 31 -0.00481 -2.79448e-05 | 32 -0.00312  5.53793e-05 | 33 -0.00293  3.99329e-05
 34 -0.00223  2.30279e-05 | 35 -0.00502  1.30767e-06 | 36 -0.00574  1.53237e-05
 37 -0.00854  2.11013e-05 | 38 -0.00822  1.21924e-05 | 39 -0.00049  1.56764e-05
 40 -0.01202  1.38889e-05 | 41 -0.00897  1.91387e-05 | 42 -0.00477  5.59964e-07
 43 -0.00645 -1.05691e-05 | 44  0.01682  1.22748e-05 | 45 -0.01088  8.92071e-06
 46 -0.00839 -8.16218e-07 | 47 -0.00514 -1.07267e-05 | 48 -0.00732  7.31990e-06
 49 -0.01340  5.71191e-06 | 50  0.00524 -1.22188e-07 | 51  0.01311  6.15969e-06
 52  0.00104  2.84792e-05 | 53 -0.00483  6.44136e-06 | 54 -0.01145  1.60567e-05
 55 -0.01310  2.16871e-06 | 56  0.02885 -1.61806e-06 | 57 -0.00389 -8.10484e-06
 58 -0.00869  2.28949e-05 | 59 -0.00864  1.04487e-05 | 60 -0.01086 -5.77692e-06
 61 -0.00469  1.75097e-05 | 62  0.00020 -3.16093e-06 | 63 -0.00447 -9.73507e-06
 64  0.00279  5.94791e-06 | 65  0.00081  5.53924e-06 | 66  0.00489 -8.63683e-06
 67 -0.00757 -6.66918e-06 | 68 -0.00619 -5.09353e-07 | 69  0.00033  3.21456e-06
 70  0.01441 -9.05946e-07 | 71  0.01193 -1.86081e-06 | 72 -0.02186 -1.07185e-05
 73  0.02106  6.73215e-06 | 74  0.00417  5.13167e-06 | 75 -0.02402 -1.87228e-06
 76 -0.01222 -6.10535e-06 | 77  0.02280 -9.76267e-06 | 78  0.02879  7.59191e-07
 79  0.03514 -1.35610e-05 | 80  0.03173  2.19623e-05 | 81 -0.01065 -4.48182e-06
 82  0.03006  2.09301e-05 | 83  0.00157 -1.22845e-05 | 84 -0.00416  3.83679e-06
 85 -0.00369 -1.56196e-05 | 86 -0.00380 -3.79412e-06 | 87 -0.00273 -7.93079e-06
 88  0.00901  5.55024e-06 | 89  0.00173 -8.56310e-06 | 90 -0.03818 -6.77171e-06
 91 -0.00836 -2.56669e-05 | 92 -0.01905 -6.13153e-06 | 93  0.00449 -2.43197e-05
 94 -0.02212 -1.57052e-05 | 95 -0.03543 -2.07500e-05 | 96  0.01792  5.62669e-07
 97  0.00625 -3.16176e-05 | 98  0.05066  2.69226e-06 | 99  0.06303 -1.93009e-05
100 -0.00174  3.35656e-06 |101 -0.00432 -2.60481e-05 |102  0.03277 -1.39491e-05
103 -0.00315  3.13986e-06 |104 -0.00947 -6.26465e-07 |105 -0.00062 -8.56009e-06
106 -0.00030 -4.50593e-06 |107  0.00287  4.50940e-05 |108 -0.04729  1.22731e-05
109 -0.41351 -2.07934e-05 |110 -0.36178 -9.59312e-06 |111 -0.25811  4.18663e-05
Function minimizer not making progress ... is minimum attained?
Minimprove criterion = 0.0000e+00

 - final statistics:
111 variables; iteration 127; function evaluation 234
Function value 5.6126e+02; maximum gradient component mag 3.3088e-04
Exit code = 1;  converg criter 1.0000e-04
Var    Value     Gradient |Var    Value     Gradient |Var    Value     Gradient
  1 -0.42254  3.77869e-05 |  2 -0.43304  3.30876e-04 |  3 -0.38998  5.40984e-05
  4 -0.46976  1.52633e-05 |  5 -0.31450  2.26530e-05 |  6  0.60630  1.75943e-04
  7 -0.00037 -7.15799e-06 |  8 -0.00008  8.15777e-06 |  9 -0.00010 -1.14557e-05
 10 -0.00012 -1.16012e-05 | 11 -0.00015  2.54325e-06 | 12 -0.00048  1.23617e-05
 13 -0.00052 -1.64221e-05 | 14 -0.00057 -4.09295e-06 | 15 -0.00063 -8.87660e-06
 16 -0.00070 -8.79691e-06 | 17 -0.00078 -1.73502e-05 | 18 -0.00095  1.32426e-05
 19  0.00250 -1.77844e-05 | 20 -0.00126 -4.52987e-06 | 21 -0.00148  1.92996e-06
 22 -0.00181 -2.74494e-06 | 23 -0.00038 -6.34580e-06 | 24 -0.00327 -6.62856e-06
 25 -0.00448  1.14559e-05 | 26 -0.00550  3.23339e-06 | 27 -0.00487  2.44984e-05
 28 -0.00047 -1.46378e-05 | 29 -0.00416  6.61947e-07 | 30 -0.00290 -9.70602e-06
 31 -0.00481 -2.79448e-05 | 32 -0.00312  5.53793e-05 | 33 -0.00293  3.99329e-05
 34 -0.00223  2.30279e-05 | 35 -0.00502  1.30767e-06 | 36 -0.00574  1.53237e-05
 37 -0.00854  2.11013e-05 | 38 -0.00822  1.21924e-05 | 39 -0.00049  1.56764e-05
 40 -0.01202  1.38889e-05 | 41 -0.00897  1.91387e-05 | 42 -0.00477  5.59964e-07
 43 -0.00645 -1.05691e-05 | 44  0.01682  1.22748e-05 | 45 -0.01088  8.92071e-06
 46 -0.00839 -8.16218e-07 | 47 -0.00514 -1.07267e-05 | 48 -0.00732  7.31990e-06
 49 -0.01340  5.71191e-06 | 50  0.00524 -1.22188e-07 | 51  0.01311  6.15969e-06
 52  0.00104  2.84792e-05 | 53 -0.00483  6.44136e-06 | 54 -0.01145  1.60567e-05
 55 -0.01310  2.16871e-06 | 56  0.02885 -1.61806e-06 | 57 -0.00389 -8.10484e-06
 58 -0.00869  2.28949e-05 | 59 -0.00864  1.04487e-05 | 60 -0.01086 -5.77692e-06
 61 -0.00469  1.75097e-05 | 62  0.00020 -3.16093e-06 | 63 -0.00447 -9.73507e-06
 64  0.00279  5.94791e-06 | 65  0.00081  5.53924e-06 | 66  0.00489 -8.63683e-06
 67 -0.00757 -6.66918e-06 | 68 -0.00619 -5.09353e-07 | 69  0.00033  3.21456e-06
 70  0.01441 -9.05946e-07 | 71  0.01193 -1.86081e-06 | 72 -0.02186 -1.07185e-05
 73  0.02106  6.73215e-06 | 74  0.00417  5.13167e-06 | 75 -0.02402 -1.87228e-06
 76 -0.01222 -6.10535e-06 | 77  0.02280 -9.76267e-06 | 78  0.02879  7.59191e-07
 79  0.03514 -1.35610e-05 | 80  0.03173  2.19623e-05 | 81 -0.01065 -4.48182e-06
 82  0.03006  2.09301e-05 | 83  0.00157 -1.22845e-05 | 84 -0.00416  3.83679e-06
 85 -0.00369 -1.56196e-05 | 86 -0.00380 -3.79412e-06 | 87 -0.00273 -7.93079e-06
 88  0.00901  5.55024e-06 | 89  0.00173 -8.56310e-06 | 90 -0.03818 -6.77171e-06
 91 -0.00836 -2.56669e-05 | 92 -0.01905 -6.13153e-06 | 93  0.00449 -2.43197e-05
 94 -0.02212 -1.57052e-05 | 95 -0.03543 -2.07500e-05 | 96  0.01792  5.62669e-07
 97  0.00625 -3.16176e-05 | 98  0.05066  2.69226e-06 | 99  0.06303 -1.93009e-05
100 -0.00174  3.35656e-06 |101 -0.00432 -2.60481e-05 |102  0.03277 -1.39491e-05
103 -0.00315  3.13986e-06 |104 -0.00947 -6.26465e-07 |105 -0.00062 -8.56009e-06
106 -0.00030 -4.50593e-06 |107  0.00287  4.50940e-05 |108 -0.04729  1.22731e-05
109 -0.41351 -2.07934e-05 |110 -0.36178 -9.59312e-06 |111 -0.25811  4.18663e-05

Initial statistics: 112 variables; iteration 0; function evaluation 0; phase 6
Function value 5.6126061e+02; maximum gradient component mag 3.3087e-04
Var    Value     Gradient |Var    Value     Gradient |Var    Value     Gradient
  1 -0.42254  3.77867e-05 |  2 -0.43304  3.30872e-04 |  3 -0.38998  5.40969e-05
  4 -0.46976  1.52633e-05 |  5 -0.31450  2.26529e-05 |  6  0.60630  1.75939e-04
  7 -0.00037 -7.15802e-06 |  8 -0.00008  8.15776e-06 |  9 -0.00010 -1.14557e-05
 10 -0.00012 -1.16012e-05 | 11 -0.00015  2.54323e-06 | 12 -0.00048  1.23112e-05
 13 -0.00052 -1.64726e-05 | 14 -0.00057 -4.14347e-06 | 15 -0.00063 -8.92712e-06
 16 -0.00070 -8.84743e-06 | 17 -0.00078 -1.74007e-05 | 18 -0.00095  1.31920e-05
 19  0.00250 -1.78350e-05 | 20 -0.00126 -4.58043e-06 | 21 -0.00148  1.87939e-06
 22 -0.00181 -2.79552e-06 | 23 -0.00038 -6.39640e-06 | 24 -0.00327 -6.67917e-06
 25 -0.00448  1.14053e-05 | 26 -0.00550  3.18277e-06 | 27 -0.00487  2.44478e-05
 28 -0.00047 -1.46885e-05 | 29 -0.00416  6.11301e-07 | 30 -0.00290 -9.75667e-06
 31 -0.00481 -2.79954e-05 | 32 -0.00312  5.53286e-05 | 33 -0.00293  3.98822e-05
 34 -0.00223  2.29772e-05 | 35 -0.00502  1.25701e-06 | 36 -0.00574  1.52731e-05
 37 -0.00854  2.10507e-05 | 38 -0.00822  1.21418e-05 | 39 -0.00049  1.56257e-05
 40 -0.01202  1.38382e-05 | 41 -0.00897  1.90880e-05 | 42 -0.00477  5.09316e-07
 43 -0.00645 -1.06197e-05 | 44  0.01682  1.22241e-05 | 45 -0.01088  8.87009e-06
 46 -0.00839 -8.66845e-07 | 47 -0.00514 -1.07774e-05 | 48 -0.00732  7.26927e-06
 49 -0.01340  5.66131e-06 | 50  0.00524 -1.72839e-07 | 51  0.01311  6.10903e-06
 52  0.00104  2.84286e-05 | 53 -0.00483  6.39074e-06 | 54 -0.01145  1.60061e-05
 55 -0.01310  2.11811e-06 | 56  0.02885 -1.66872e-06 | 57 -0.00389 -8.15546e-06
 58 -0.00869  2.28443e-05 | 59 -0.00864  1.03981e-05 | 60 -0.01086 -5.82753e-06
 61 -0.00469  1.74591e-05 | 62  0.00020 -3.21156e-06 | 63 -0.00447 -9.78569e-06
 64  0.00279  5.89727e-06 | 65  0.00081  5.48861e-06 | 66  0.00489 -8.68746e-06
 67 -0.00757 -6.71978e-06 | 68 -0.00619 -5.59963e-07 | 69  0.00033  3.16394e-06
 70  0.01441 -9.56586e-07 | 71  0.01193 -1.91144e-06 | 72 -0.02186 -1.07691e-05
 73  0.02106  6.68151e-06 | 74  0.00417  5.08105e-06 | 75 -0.02402 -1.92282e-06
 76 -0.01222 -6.15593e-06 | 77  0.02280 -9.81328e-06 | 78  0.02879  7.08592e-07
 79  0.03514 -1.36116e-05 | 80  0.03173  2.19117e-05 | 81 -0.01065 -4.53238e-06
 82  0.03006  2.08795e-05 | 83  0.00157 -1.23350e-05 | 84 -0.00416  3.78622e-06
 85 -0.00369 -1.56702e-05 | 86 -0.00380 -3.84469e-06 | 87 -0.00273 -7.98134e-06
 88  0.00901  5.49967e-06 | 89  0.00173 -8.61365e-06 | 90 -0.03818 -6.82214e-06
 91 -0.00836 -2.57174e-05 | 92 -0.01905 -6.18203e-06 | 93  0.00449 -2.43702e-05
 94 -0.02212 -1.57557e-05 | 95 -0.03543 -2.08004e-05 | 96  0.01792  5.12163e-07
 97  0.00625 -3.16681e-05 | 98  0.05066  2.64189e-06 | 99  0.06303 -1.93512e-05
100 -0.00174  3.30606e-06 |101 -0.00432 -2.60986e-05 |102  0.03277 -1.39995e-05
103 -0.00315  3.08938e-06 |104 -0.00947 -6.76953e-07 |105 -0.00062 -8.61059e-06
106 -0.00030 -4.55643e-06 |107  0.00000  0.00000e+00 |108  0.00287  4.50928e-05
109 -0.04729  1.22729e-05 |110 -0.41351 -2.07931e-05 |111 -0.36178 -9.59312e-06
112 -0.25811  4.18663e-05 |

 - final statistics:
112 variables; iteration 1; function evaluation 2
Function value 5.6126e+02; maximum gradient component mag -9.9045e-05
Exit code = 1;  converg criter 1.0000e-04
Var    Value     Gradient |Var    Value     Gradient |Var    Value     Gradient
  1 -0.42254  1.60557e-05 |  2 -0.43304 -3.40168e-06 |  3 -0.38998 -7.53846e-05
  4 -0.46976  1.21448e-05 |  5 -0.31450  1.55021e-05 |  6  0.60630 -9.90449e-05
  7 -0.00037 -9.56714e-06 |  8 -0.00008  7.62195e-06 |  9 -0.00010 -1.21070e-05
 10 -0.00012 -1.23945e-05 | 11 -0.00015  1.57702e-06 | 12 -0.00048  1.94663e-05
 13 -0.00052 -9.56471e-06 | 14 -0.00057  2.46372e-06 | 15 -0.00063 -2.67864e-06
 16 -0.00070 -3.02694e-06 | 17 -0.00078 -1.20864e-05 | 18 -0.00095  1.79115e-05
 19  0.00250 -1.40540e-05 | 20 -0.00126 -1.34657e-06 | 21 -0.00148  4.21593e-06
 22 -0.00181 -1.44382e-06 | 23 -0.00038 -6.33362e-06 | 24 -0.00327 -7.38245e-06
 25 -0.00448  9.76094e-06 | 26 -0.00550  6.86769e-07 | 27 -0.00487  2.10123e-05
 28 -0.00047 -1.95181e-05 | 29 -0.00416 -3.57558e-06 | 30 -0.00290 -1.39182e-05
 31 -0.00481 -3.24313e-05 | 32 -0.00312  4.97861e-05 | 33 -0.00293  3.48257e-05
 34 -0.00223  1.74081e-05 | 35 -0.00502 -3.97486e-06 | 36 -0.00574  1.00637e-05
 37 -0.00854  1.64159e-05 | 38 -0.00822  7.51902e-06 | 39 -0.00049  9.50229e-06
 40 -0.01202  1.03425e-05 | 41 -0.00897  1.52880e-05 | 42 -0.00477 -3.81872e-06
 43 -0.00645 -1.43747e-05 | 44  0.01682  3.42229e-06 | 45 -0.01088  6.30508e-06
 46 -0.00839 -3.72753e-06 | 47 -0.00514 -1.40984e-05 | 48 -0.00732  4.53171e-06
 49 -0.01340  4.13026e-06 | 50  0.00524 -4.83258e-06 | 51  0.01311 -3.65956e-08
 52  0.00104  2.49592e-05 | 53 -0.00483  4.08621e-06 | 54 -0.01145  1.48563e-05
 55 -0.01310  1.25385e-06 | 56  0.02885 -1.10984e-05 | 57 -0.00389 -1.03869e-05
 58 -0.00869  2.13833e-05 | 59 -0.00864  8.87462e-06 | 60 -0.01086 -7.01633e-06
 61 -0.00469  1.52945e-05 | 62  0.00020 -6.13908e-06 | 63 -0.00447 -1.18207e-05
 64  0.00279  2.70420e-06 | 65  0.00081  2.74322e-06 | 66  0.00489 -1.20863e-05
 67 -0.00757 -7.93907e-06 | 68 -0.00619 -1.85295e-06 | 69  0.00033  9.85573e-07
 70  0.01441 -5.52873e-06 | 71  0.01193 -5.77118e-06 | 72 -0.02186 -9.51931e-06
 73  0.02106  1.22732e-06 | 74  0.00417  3.00704e-06 | 75 -0.02402 -4.78358e-08
 76 -0.01222 -5.32056e-06 | 77  0.02280 -1.37462e-05 | 78  0.02879 -3.55086e-06
 79  0.03514 -1.80564e-05 | 80  0.03173  1.84264e-05 | 81 -0.01065 -1.91147e-06
 82  0.03006  1.81720e-05 | 83  0.00157 -1.05941e-05 | 84 -0.00416  6.00387e-06
 85 -0.00369 -1.29557e-05 | 86 -0.00380 -1.24357e-06 | 87 -0.00273 -4.87285e-06
 88  0.00901  7.44687e-06 | 89  0.00173 -5.24916e-06 | 90 -0.03818 -1.14297e-06
 91 -0.00836 -2.08398e-05 | 92 -0.01905 -7.79732e-07 | 93  0.00449 -1.92566e-05
 94 -0.02212 -9.43680e-06 | 95 -0.03543 -1.35671e-05 | 96  0.01792  6.13357e-06
 97  0.00625 -2.47224e-05 | 98  0.05066  8.10189e-06 | 99  0.06303 -1.30168e-05
100 -0.00174  1.11976e-05 |101 -0.00432 -1.76470e-05 |102  0.03277 -5.55256e-06
103 -0.00315  1.19087e-05 |104 -0.00947  7.66520e-06 |105 -0.00062 -2.85138e-07
106 -0.00030  3.76821e-06 |107  0.00000  0.00000e+00 |108  0.00287 -4.66647e-05
109 -0.04729 -4.54545e-06 |110 -0.41351  3.91854e-06 |111 -0.36178 -9.91854e-06
112 -0.25811  4.21895e-05 |
size of file gradfil1.tmp = 0
size of file gradfil2.tmp = 0
size of file varssave.tmp = 0
size of file cmpdiff.tmp = 0
