
Initial statistics: 1 variables; iteration 0; function evaluation 0; phase 1
Function value 2.8620147e+06; maximum gradient component mag -1.3143e+08
Var    Value     Gradient |Var    Value     Gradient |Var    Value     Gradient
  1  0.63197 -1.31429e+08 |

 - final statistics:
1 variables; iteration 4; function evaluation 18
Function value 7.1732e+02; maximum gradient component mag -1.0286e+00
Exit code = 1;  converg criter 1.0000e+01
Var    Value     Gradient |Var    Value     Gradient |Var    Value     Gradient
  1  0.64148 -1.02861e+00 |

Initial statistics: 98 variables; iteration 0; function evaluation 0; phase 2
Function value 7.1732019e+02; maximum gradient component mag -1.3481e+03
Var    Value     Gradient |Var    Value     Gradient |Var    Value     Gradient
  1  0.64148 -1.02861e+00 |  2  0.00000 -4.95847e+00 |  3  0.00000 -5.33244e+00
  4  0.00000 -5.78155e+00 |  5  0.00000 -6.31307e+00 |  6  0.00000 -6.94084e+00
  7  0.00000 -7.67104e+00 |  8  0.00000 -8.55970e+00 |  9  0.00000 -1.05265e+01
 10  0.00000 -1.03979e+01 | 11  0.00000 -1.13502e+01 | 12  0.00000 -1.21596e+01
 13  0.00000 -1.26734e+01 | 14  0.00000 -1.57613e+01 | 15  0.00000 -1.24531e+01
 16  0.00000 -1.51482e+01 | 17  0.00000 -1.46586e+01 | 18  0.00000 -1.58007e+01
 19  0.00000 -2.52997e+01 | 20  0.00000 -3.04230e+01 | 21  0.00000 -2.20672e+01
 22  0.00000 -2.24308e+01 | 23  0.00000 -2.17005e+01 | 24  0.00000 -2.39319e+01
 25  0.00000 -2.19102e+01 | 26  0.00000 -2.68551e+01 | 27  0.00000 -2.14605e+01
 28  0.00000 -2.59104e+01 | 29  0.00000 -3.41231e+01 | 30  0.00000 -5.50131e+01
 31  0.00000 -2.75893e+01 | 32  0.00000 -1.89607e+01 | 33  0.00000 -1.15208e+01
 34  0.00000  1.37346e+00 | 35  0.00000 -1.48134e+01 | 36  0.00000 -1.98134e+01
 37  0.00000 -2.93270e+01 | 38  0.00000 -2.76291e+01 | 39  0.00000 -1.93708e+01
 40  0.00000 -6.19116e+01 | 41  0.00000 -3.40419e+01 | 42  0.00000 -4.02083e+01
 43  0.00000 -4.43545e+01 | 44  0.00000 -5.14821e+01 | 45  0.00000 -3.93589e+01
 46  0.00000 -4.86470e+01 | 47  0.00000 -5.07473e+01 | 48  0.00000 -4.20777e+01
 49  0.00000 -4.34599e+01 | 50  0.00000 -4.69054e+01 | 51  0.00000 -2.23606e+01
 52  0.00000 -2.39522e+01 | 53  0.00000 -8.38506e+00 | 54  0.00000 -2.33277e+01
 55  0.00000 -6.39790e+01 | 56  0.00000 -1.60202e+01 | 57  0.00000 -6.16319e+01
 58  0.00000 -1.87984e+02 | 59  0.00000 -1.07523e+02 | 60  0.00000  1.39878e+01
 61  0.00000  3.70203e+00 | 62  0.00000  8.28811e+01 | 63  0.00000 -1.10141e+02
 64  0.00000 -1.72546e+01 | 65  0.00000  1.66335e+02 | 66  0.00000 -8.74573e+01
 67  0.00000  4.92436e+01 | 68  0.00000 -7.07351e+01 | 69  0.00000  2.55481e+02
 70  0.00000 -7.84501e+02 | 71  0.00000  9.01795e+02 | 72  0.00000  1.46012e+02
 73  0.00000 -2.50117e+02 | 74  0.00000 -1.50285e+01 | 75  0.00000  5.56973e+02
 76  0.00000  4.80834e+02 | 77  0.00000  1.88554e+02 | 78  0.00000  1.22226e+02
 79  0.00000  8.67142e+02 | 80  0.00000  4.46902e+02 | 81  0.00000 -8.58178e+02
 82  0.00000  2.38027e+02 | 83  0.00000  4.30852e+01 | 84  0.00000  5.36797e+02
 85  0.00000 -1.34806e+03 | 86  0.00000  1.05862e+02 | 87  0.00000 -7.23907e+02
 88  0.00000  3.73182e+02 | 89  0.00000  3.37333e+02 | 90  0.00000  1.52098e+02
 91  0.00000  1.06701e+02 | 92  0.00000  1.11701e+02 | 93  0.00000 -3.35007e+02
 94  0.00000  1.31843e+01 | 95  0.00000 -2.83087e+00 | 96  0.00000 -3.20120e+00
 97 -0.03546 -2.09681e+01 | 98 -0.31026  3.24575e+01 |

Intermediate statistics: 98 variables; iteration 20; function evaluation 41; phase 2
Function value 5.5512002e+02; maximum gradient component mag 6.2087e+02
Var    Value     Gradient |Var    Value     Gradient |Var    Value     Gradient
  1  0.63468  6.20870e+02 |  2 -0.00143 -1.80284e+01 |  3 -0.00148 -1.73222e+01
  4 -0.00154 -1.64749e+01 |  5 -0.00161 -1.54694e+01 |  6 -0.00171 -1.42796e+01
  7 -0.00185 -1.28889e+01 |  8 -0.00196 -1.12210e+01 |  9 -0.00094 -8.18588e+00
 10 -0.00271 -7.50641e+00 | 11 -0.00331 -5.42356e+00 | 12 -0.00419 -3.33140e+00
 13 -0.00539 -1.30841e+00 | 14 -0.00407  3.31284e+00 | 15 -0.00837  2.63314e+00
 16 -0.00719  6.91659e+00 | 17 -0.00840  8.46459e+00 | 18 -0.00819  1.02912e+01
 19 -0.00232  1.53039e+01 | 20  0.00069  1.67934e+01 | 21 -0.00418  1.66796e+01
 22 -0.00464  1.87710e+01 | 23 -0.00430  1.78559e+01 | 24 -0.00272  2.08706e+01
 25 -0.00438  2.02719e+01 | 26 -0.00057  2.47561e+01 | 27 -0.00464  2.11474e+01
 28 -0.00208  2.32268e+01 | 29  0.00017  2.20703e+01 | 30  0.00996  2.51602e+01
 31 -0.00320  1.90251e+01 | 32 -0.00843  1.49948e+01 | 33 -0.01160  1.36408e+01
 34 -0.01783  1.02048e+01 | 35 -0.01071  1.25644e+01 | 36 -0.00658  1.39512e+01
 37  0.00405  2.53777e+01 | 38  0.00282  2.30299e+01 | 39 -0.00481  1.48065e+01
 40  0.01339  1.91433e+01 | 41  0.00637  2.15097e+01 | 42  0.01193  2.64479e+01
 43  0.01196  2.34306e+01 | 44  0.01217  1.97002e+01 | 45  0.00581  1.85044e+01
 46  0.01437  2.17063e+01 | 47  0.02124  3.04176e+01 | 48  0.00752  1.40414e+01
 49  0.00956  1.85617e+01 | 50  0.01138  2.21832e+01 | 51 -0.00395  6.05048e+00
 52 -0.00305  5.28169e+00 | 53 -0.00974  3.92523e+00 | 54 -0.00018  1.13816e+01
 55  0.01865  2.30182e+01 | 56 -0.00429  7.62664e+00 | 57  0.01844  2.54600e+01
 58  0.06850  7.71138e+01 | 59  0.02530  2.57144e+01 | 60 -0.00268  8.02133e+00
 61  0.00027  6.19829e+00 | 62 -0.02954 -1.43639e+01 | 63  0.01932  3.11527e+01
 64  0.00060  6.65279e+00 | 65 -0.02492  5.96649e+00 | 66  0.00911 -4.42632e+00
 67 -0.00363  1.09774e+01 | 68  0.00457 -1.53191e+01 | 69 -0.00776  6.59209e+01
 70  0.03005 -2.14262e+02 | 71 -0.02917  2.33190e+02 | 72 -0.00117  1.44143e+01
 73  0.00843 -1.52365e+02 | 74  0.00189 -4.59209e+01 | 75 -0.01292  1.52783e+02
 76 -0.01954  7.32270e+01 | 77 -0.00816 -7.25240e+01 | 78 -0.00329 -2.87454e+01
 79 -0.02548  2.24945e+02 | 80 -0.01532  7.16576e+01 | 81  0.02391 -3.78245e+02
 82 -0.00466  3.65165e+01 | 83  0.00660 -1.28872e+01 | 84 -0.02742  7.72265e+01
 85  0.04040 -5.10732e+02 | 86 -0.00867 -3.62098e+01 | 87  0.02677 -2.42666e+02
 88 -0.02599  2.16833e+01 | 89 -0.00945  7.49494e+01 | 90 -0.00777  4.17758e+00
 91 -0.00362  3.59707e+00 | 92 -0.00678 -1.00253e+01 | 93  0.01982 -6.26430e+01
 94 -0.00724 -2.09936e+01 | 95 -0.00157 -2.16479e+01 | 96 -0.00119 -2.13545e+01
 97 -0.03035  4.01391e+01 | 98 -0.30417  1.97914e+01 |
98 variables; iteration 40; function evaluation 66; phase 2
Function value 5.4197416e+02; maximum gradient component mag 2.2114e+03
Var    Value     Gradient |Var    Value     Gradient |Var    Value     Gradient
  1  0.63649  2.21136e+03 |  2  0.00292 -5.71982e+01 |  3  0.00258 -5.56631e+01
  4  0.00225 -5.36808e+01 |  5  0.00197 -5.11388e+01 |  6  0.00176 -4.79230e+01
  7  0.00161 -4.39106e+01 |  8  0.00156 -3.90082e+01 |  9  0.00194 -3.32864e+01
 10  0.00150 -2.61652e+01 | 11  0.00138 -1.84163e+01 | 12  0.00095 -1.02698e+01
 13 -0.00000 -2.47239e+00 | 14  0.00107  8.68146e+00 | 15 -0.00363  9.58836e+00
 16 -0.00267  1.98358e+01 | 17 -0.00443  2.33272e+01 | 18 -0.00457  2.77384e+01
 19  0.00255  4.52299e+01 | 20  0.00556  5.09854e+01 | 21 -0.00144  4.27903e+01
 22 -0.00321  4.57112e+01 | 23 -0.00383  4.03589e+01 | 24 -0.00220  4.89725e+01
 25 -0.00513  4.48574e+01 | 26  0.00003  6.16017e+01 | 27 -0.00603  4.73198e+01
 28 -0.00271  5.69669e+01 | 29 -0.00186  5.48952e+01 | 30  0.00646  6.82961e+01
 31 -0.00579  4.88798e+01 | 32 -0.01239  3.36143e+01 | 33 -0.01612  2.59276e+01
 34 -0.02337  1.11748e+01 | 35 -0.01673  1.72378e+01 | 36 -0.01181  2.73088e+01
 37 -0.00064  5.19814e+01 | 38 -0.00231  4.30951e+01 | 39 -0.01186  1.54365e+01
 40  0.00369  2.52557e+01 | 41  0.00048  3.20867e+01 | 42  0.00578  3.87818e+01
 43  0.00732  3.65552e+01 | 44  0.00845  3.15058e+01 | 45  0.00095  1.58614e+01
 46  0.01408  3.90170e+01 | 47  0.01781  4.16180e+01 | 48  0.01117  2.94562e+01
 49  0.00937  2.25465e+01 | 50  0.01173  2.76007e+01 | 51  0.00306  1.61301e+01
 52  0.00552  1.86016e+01 | 53 -0.00431  2.36167e+00 | 54  0.00239  6.30662e+00
 55  0.01918  2.29812e+01 | 56 -0.00346 -8.48514e+00 | 57  0.01506  7.02345e+00
 58  0.05876  6.72583e+01 | 59  0.02633  2.62351e+01 | 60 -0.00322 -1.03593e+01
 61 -0.00209 -1.81209e+01 | 62 -0.01887 -8.72406e-01 | 63  0.02015  3.59735e+01
 64 -0.00429 -4.05405e+01 | 65 -0.02222 -3.71785e+00 | 66  0.01015  2.45693e+00
 67 -0.00341  4.38589e+00 | 68  0.00555  4.06270e-01 | 69 -0.01149 -8.18576e+00
 70  0.03692  7.37339e+00 | 71 -0.04306  1.90013e+01 | 72 -0.00095  8.86866e+00
 73  0.01143 -4.47772e+01 | 74  0.00445  2.19045e+01 | 75 -0.02028  4.75004e+00
 76 -0.02535 -1.42576e+01 | 77 -0.00675 -1.25129e+01 | 78 -0.00458 -3.43653e+01
 79 -0.03968 -1.50455e+01 | 80 -0.01842  5.58366e+00 | 81  0.03412 -6.53866e+00
 82 -0.00762 -1.08150e+01 | 83  0.00534 -7.63622e+01 | 84 -0.03543 -3.10259e+01
 85  0.05372 -3.19384e+01 | 86 -0.01223 -8.23061e+01 | 87  0.03346 -7.82909e+01
 88 -0.03087 -5.68776e+01 | 89 -0.01349 -4.94906e+01 | 90 -0.00919 -5.60823e+01
 91 -0.00294 -3.43317e+01 | 92 -0.00901 -7.99294e+01 | 93  0.02036 -1.11972e+02
 94 -0.00857 -7.54810e+01 | 95  0.00639 -6.15217e+01 | 96  0.00604 -6.24145e+01
 97 -0.03237  1.36986e+02 | 98 -0.30581  7.71274e+00 |
98 variables; iteration 60; function evaluation 97; phase 2
Function value 5.4076315e+02; maximum gradient component mag 2.0223e+03
Var    Value     Gradient |Var    Value     Gradient |Var    Value     Gradient
  1  0.63544  2.02234e+03 |  2 -0.00179 -5.91369e+01 |  3 -0.00010 -5.43063e+01
  4  0.00193 -4.83345e+01 |  5  0.00345 -4.26395e+01 |  6  0.00357 -3.88106e+01
  7  0.00222 -3.71260e+01 |  8  0.00046 -3.57396e+01 |  9  0.00038 -3.12515e+01
 10 -0.00002 -2.43988e+01 | 11  0.00024 -1.61485e+01 | 12 -0.00080 -9.89624e+00
 13 -0.00210 -3.49559e+00 | 14 -0.00034  8.83230e+00 | 15 -0.00417  1.19246e+01
 16 -0.00387  1.97150e+01 | 17 -0.00570  2.25892e+01 | 18 -0.00570  2.69017e+01
 19  0.00031  3.94602e+01 | 20  0.00331  4.42300e+01 | 21 -0.00301  3.84806e+01
 22 -0.00424  4.22391e+01 | 23 -0.00446  3.79428e+01 | 24 -0.00278  4.54771e+01
 25 -0.00460  4.44257e+01 | 26 -0.00067  5.50578e+01 | 27 -0.00471  4.77023e+01
 28 -0.00165  5.50800e+01 | 29  0.00044  5.64268e+01 | 30  0.00843  6.62833e+01
 31 -0.00332  4.92268e+01 | 32 -0.00903  3.75571e+01 | 33 -0.01239  3.15437e+01
 34 -0.01971  1.73964e+01 | 35 -0.01234  2.56781e+01 | 36 -0.00735  3.42347e+01
 37  0.00055  4.67292e+01 | 38 -0.00045  4.11841e+01 | 39 -0.00703  2.56510e+01
 40  0.00798  3.39211e+01 | 41  0.00295  3.50722e+01 | 42  0.00486  3.19719e+01
 43  0.00608  3.00670e+01 | 44  0.00956  3.35771e+01 | 45  0.00129  1.69293e+01
 46  0.01141  3.09176e+01 | 47  0.01618  3.80300e+01 | 48  0.00777  2.23436e+01
 49  0.00819  2.21984e+01 | 50  0.00839  1.95396e+01 | 51  0.00085  1.37037e+01
 52  0.00250  1.41201e+01 | 53 -0.00415  7.49389e+00 | 54  0.00207  9.79030e+00
 55  0.01717  1.89604e+01 | 56 -0.00189 -3.82865e-01 | 57  0.01888  2.23412e+01
 58  0.05824  6.36094e+01 | 59  0.02451  1.93783e+01 | 60 -0.00109  2.76609e+00
 61  0.00160  2.94444e+00 | 62 -0.02019 -2.79815e+00 | 63  0.01891  2.73029e+01
 64  0.00081 -4.49711e+00 | 65 -0.02087  8.98237e+00 | 66  0.01077  9.45792e+00
 67 -0.00319  5.36390e+00 | 68  0.00537 -9.54070e+00 | 69 -0.01132 -1.18467e+01
 70  0.03697 -5.97741e+00 | 71 -0.04509 -7.89208e+00 | 72 -0.00170 -1.12438e+01
 73  0.01254 -2.76411e+01 | 74  0.00260 -2.07552e+01 | 75 -0.02192 -3.11456e+01
 76 -0.02532 -1.91130e+01 | 77 -0.00726 -3.06436e+01 | 78 -0.00406 -3.30074e+01
 79 -0.04077 -3.47337e+01 | 80 -0.02102 -3.19346e+01 | 81  0.03450 -9.80245e+00
 82 -0.00894 -3.43214e+01 | 83  0.00588 -7.07562e+01 | 84 -0.03529 -3.08198e+01
 85  0.05462 -1.45697e+01 | 86 -0.00913 -4.87677e+01 | 87  0.03409 -7.09113e+01
 88 -0.03013 -4.80831e+01 | 89 -0.01398 -5.99610e+01 | 90 -0.00871 -5.05324e+01
 91 -0.00394 -5.39903e+01 | 92 -0.00630 -5.62324e+01 | 93  0.02213 -8.89437e+01
 94 -0.00593 -6.49257e+01 | 95 -0.00000 -6.51467e+01 | 96 -0.00044 -6.61095e+01
 97 -0.03037  1.35050e+02 | 98 -0.30536  9.19789e+00 |
Maximum number of function evaluations exceeded

 - final statistics:
98 variables; iteration 63; function evaluation 100
Function value 5.4076e+02; maximum gradient component mag 2.0126e+03
Exit code = 3;  converg criter 1.0000e+01
Var    Value     Gradient |Var    Value     Gradient |Var    Value     Gradient
  1  0.63545  2.01258e+03 |  2 -0.00270 -6.03813e+01 |  3 -0.00019 -5.41893e+01
  4  0.00247 -4.71388e+01 |  5  0.00390 -4.15777e+01 |  6  0.00336 -3.89693e+01
  7  0.00157 -3.81548e+01 |  8  0.00025 -3.59509e+01 |  9  0.00092 -2.99675e+01
 10  0.00085 -2.23413e+01 | 11  0.00030 -1.58961e+01 | 12 -0.00116 -1.07019e+01
 13 -0.00221 -3.71480e+00 | 14 -0.00056  8.21755e+00 | 15 -0.00447  1.10393e+01
 16 -0.00404  1.91356e+01 | 17 -0.00573  2.23885e+01 | 18 -0.00572  2.67382e+01
 19  0.00029  3.92535e+01 | 20  0.00331  4.40159e+01 | 21 -0.00295  3.84687e+01
 22 -0.00416  4.22507e+01 | 23 -0.00435  3.80445e+01 | 24 -0.00279  4.51515e+01
 25 -0.00457  4.42560e+01 | 26 -0.00056  5.51087e+01 | 27 -0.00472  4.73748e+01
 28 -0.00152  5.51915e+01 | 29  0.00052  5.63371e+01 | 30  0.00833  6.54718e+01
 31 -0.00332  4.89420e+01 | 32 -0.00899  3.74389e+01 | 33 -0.01231  3.16295e+01
 34 -0.01983  1.68475e+01 | 35 -0.01236  2.54608e+01 | 36 -0.00730  3.42264e+01
 37  0.00025  4.55044e+01 | 38 -0.00052  4.07232e+01 | 39 -0.00728  2.47101e+01
 40  0.00823  3.46440e+01 | 41  0.00277  3.42551e+01 | 42  0.00507  3.23901e+01
 43  0.00627  3.03906e+01 | 44  0.00952  3.31992e+01 | 45  0.00137  1.70120e+01
 46  0.01145  3.08265e+01 | 47  0.01623  3.79573e+01 | 48  0.00779  2.22642e+01
 49  0.00819  2.20691e+01 | 50  0.00836  1.93159e+01 | 51  0.00078  1.34314e+01
 52  0.00260  1.43553e+01 | 53 -0.00423  7.28961e+00 | 54  0.00230  1.04718e+01
 55  0.01708  1.85934e+01 | 56 -0.00166  3.11021e-01 | 57  0.01863  2.15431e+01
 58  0.05823  6.33193e+01 | 59  0.02451  1.94059e+01 | 60 -0.00113  2.71656e+00
 61  0.00157  2.88126e+00 | 62 -0.02022 -2.80094e+00 | 63  0.01889  2.71423e+01
 64  0.00084 -4.23279e+00 | 65 -0.02091  8.86600e+00 | 66  0.01076  9.42409e+00
 67 -0.00320  5.37006e+00 | 68  0.00538 -9.32657e+00 | 69 -0.01133 -1.16964e+01
 70  0.03697 -6.05960e+00 | 71 -0.04512 -7.91532e+00 | 72 -0.00171 -1.13025e+01
 73  0.01254 -2.73040e+01 | 74  0.00261 -2.06269e+01 | 75 -0.02194 -3.10334e+01
 76 -0.02532 -1.89995e+01 | 77 -0.00728 -3.05898e+01 | 78 -0.00405 -3.28166e+01
 79 -0.04079 -3.45613e+01 | 80 -0.02102 -3.17737e+01 | 81  0.03449 -9.67006e+00
 82 -0.00894 -3.41606e+01 | 83  0.00588 -7.04300e+01 | 84 -0.03531 -3.07423e+01
 85  0.05462 -1.44517e+01 | 86 -0.00911 -4.83791e+01 | 87  0.03408 -7.07322e+01
 88 -0.03012 -4.77604e+01 | 89 -0.01399 -5.97086e+01 | 90 -0.00872 -5.04170e+01
 91 -0.00397 -5.38832e+01 | 92 -0.00631 -5.59850e+01 | 93  0.02212 -8.84949e+01
 94 -0.00537 -6.34990e+01 | 95  0.00087 -6.34869e+01 | 96 -0.00124 -6.70388e+01
 97 -0.03034  1.34375e+02 | 98 -0.30563  8.40816e+00 |

Initial statistics: 100 variables; iteration 0; function evaluation 0; phase 3
Function value 5.4076046e+02; maximum gradient component mag 2.0126e+03
Var    Value     Gradient |Var    Value     Gradient |Var    Value     Gradient
  1  0.63545  2.01258e+03 |  2 -0.00270 -6.03221e+01 |  3 -0.00019 -5.41300e+01
  4  0.00247 -4.70796e+01 |  5  0.00390 -4.15185e+01 |  6  0.00336 -3.89100e+01
  7  0.00158 -3.80955e+01 |  8  0.00025 -3.58917e+01 |  9  0.00092 -2.99082e+01
 10  0.00085 -2.22821e+01 | 11  0.00031 -1.58368e+01 | 12 -0.00116 -1.06426e+01
 13 -0.00221 -3.65554e+00 | 14 -0.00056  8.27681e+00 | 15 -0.00447  1.10985e+01
 16 -0.00404  1.91949e+01 | 17 -0.00573  2.24477e+01 | 18 -0.00572  2.67975e+01
 19  0.00030  3.93128e+01 | 20  0.00331  4.40752e+01 | 21 -0.00295  3.85280e+01
 22 -0.00416  4.23100e+01 | 23 -0.00435  3.81038e+01 | 24 -0.00279  4.52108e+01
 25 -0.00457  4.43153e+01 | 26 -0.00056  5.51679e+01 | 27 -0.00472  4.74341e+01
 28 -0.00152  5.52508e+01 | 29  0.00052  5.63963e+01 | 30  0.00833  6.55311e+01
 31 -0.00332  4.90012e+01 | 32 -0.00899  3.74981e+01 | 33 -0.01231  3.16887e+01
 34 -0.01983  1.69067e+01 | 35 -0.01236  2.55200e+01 | 36 -0.00730  3.42857e+01
 37  0.00025  4.55636e+01 | 38 -0.00052  4.07825e+01 | 39 -0.00728  2.47693e+01
 40  0.00823  3.47033e+01 | 41  0.00277  3.43144e+01 | 42  0.00507  3.24494e+01
 43  0.00627  3.04498e+01 | 44  0.00952  3.32585e+01 | 45  0.00137  1.70713e+01
 46  0.01145  3.08857e+01 | 47  0.01623  3.80165e+01 | 48  0.00779  2.23235e+01
 49  0.00819  2.21283e+01 | 50  0.00836  1.93751e+01 | 51  0.00078  1.34907e+01
 52  0.00261  1.44145e+01 | 53 -0.00423  7.34886e+00 | 54  0.00230  1.05311e+01
 55  0.01708  1.86527e+01 | 56 -0.00166  3.70278e-01 | 57  0.01863  2.16024e+01
 58  0.05823  6.33783e+01 | 59  0.02451  1.94651e+01 | 60 -0.00113  2.77582e+00
 61  0.00157  2.94051e+00 | 62 -0.02022 -2.74172e+00 | 63  0.01889  2.72015e+01
 64  0.00084 -4.17354e+00 | 65 -0.02091  8.92523e+00 | 66  0.01076  9.48334e+00
 67 -0.00320  5.42932e+00 | 68  0.00538 -9.26731e+00 | 69 -0.01133 -1.16372e+01
 70  0.03697 -6.00044e+00 | 71 -0.04511 -7.85621e+00 | 72 -0.00171 -1.12433e+01
 73  0.01254 -2.72448e+01 | 74  0.00261 -2.05676e+01 | 75 -0.02194 -3.09742e+01
 76 -0.02532 -1.89403e+01 | 77 -0.00728 -3.05305e+01 | 78 -0.00405 -3.27574e+01
 79 -0.04079 -3.45022e+01 | 80 -0.02102 -3.17145e+01 | 81  0.03449 -9.61089e+00
 82 -0.00894 -3.41014e+01 | 83  0.00588 -7.03707e+01 | 84 -0.03531 -3.06831e+01
 85  0.05462 -1.43927e+01 | 86 -0.00911 -4.83199e+01 | 87  0.03408 -7.06730e+01
 88 -0.03012 -4.77012e+01 | 89 -0.01399 -5.96493e+01 | 90 -0.00872 -5.03578e+01
 91 -0.00396 -5.38240e+01 | 92 -0.00631 -5.59257e+01 | 93  0.02212 -8.84357e+01
 94 -0.00537 -6.34398e+01 | 95  0.00087 -6.34276e+01 | 96 -0.00124 -6.69795e+01
 97 -0.03034  1.34375e+02 | 98 -0.41581 -1.93150e+02 | 99 -0.30563  8.40816e+00
100 -0.25275  1.79725e+01 |

Intermediate statistics: 100 variables; iteration 20; function evaluation 24; phase 3
Function value 5.3863477e+02; maximum gradient component mag 2.7547e+02
Var    Value     Gradient |Var    Value     Gradient |Var    Value     Gradient
  1  0.63304  2.75465e+02 |  2  0.00102 -5.96760e+00 |  3 -0.00004 -7.53817e+00
  4 -0.00119 -9.22231e+00 |  5 -0.00184 -1.01244e+01 |  6 -0.00168 -9.73250e+00
  7 -0.00100 -8.49770e+00 |  8 -0.00050 -7.52348e+00 |  9  0.00002 -7.43617e+00
 10 -0.00124 -7.84009e+00 | 11 -0.00144 -7.46629e+00 | 12 -0.00149 -6.54866e+00
 13 -0.00210 -6.07808e+00 | 14 -0.00161 -6.30048e+00 | 15 -0.00436 -5.54794e+00
 16 -0.00358 -5.04471e+00 | 17 -0.00444 -4.43374e+00 | 18 -0.00434 -4.20397e+00
 19  0.00056 -4.33023e+00 | 20  0.00379 -4.00174e+00 | 21 -0.00151 -3.61810e+00
 22 -0.00194 -2.81960e+00 | 23 -0.00192 -2.81530e+00 | 24 -0.00125 -2.91755e+00
 25 -0.00281 -2.71631e+00 | 26 -0.00050 -3.05456e+00 | 27 -0.00385 -2.75577e+00
 28 -0.00191 -2.87120e+00 | 29  0.00229 -1.14950e+00 | 30  0.01650  3.77650e+00
 31 -0.00101 -8.25425e-01 | 32 -0.00570 -5.24864e-01 | 33 -0.00930 -5.96232e-01
 34 -0.01517  2.79065e-02 | 35 -0.00681  1.82465e+00 | 36 -0.00459  5.23727e-01
 37  0.00126  8.09285e-01 | 38  0.00012  7.46155e-01 | 39 -0.00544  9.33405e-01
 40  0.01759  8.15417e+00 | 41  0.00299  1.68896e+00 | 42  0.00691  3.22460e+00
 43  0.00888  4.22045e+00 | 44  0.01146  5.11814e+00 | 45  0.00550  5.64182e+00
 46  0.01155  4.53274e+00 | 47  0.01278  3.73140e+00 | 48  0.00655  3.87115e+00
 49  0.00686  4.76908e+00 | 50  0.00945  7.05759e+00 | 51 -0.00471  1.18035e+00
 52 -0.00373  1.22805e+00 | 53 -0.01139 -1.18635e-01 | 54 -0.00333  2.28712e+00
 55  0.01633  8.79674e+00 | 56 -0.00850 -6.39066e-02 | 57  0.01022  2.61709e+00
 58  0.05887  1.86356e+01 | 59  0.02206  9.38609e+00 | 60 -0.00275  1.16219e+01
 61  0.00163  1.37733e+01 | 62 -0.02436  7.26070e+00 | 63  0.01906  2.09628e+01
 64  0.00165  9.68384e+00 | 65 -0.02334  1.62347e+01 | 66  0.01329  3.51409e+01
 67 -0.00207  2.38529e+01 | 68  0.00450 -3.34755e+01 | 69 -0.01122  3.92006e+01
 70  0.04016  3.98691e+01 | 71 -0.04685  2.30497e+01 | 72 -0.00070  9.99938e-01
 73  0.01220 -1.59408e+00 | 74  0.00432  5.56645e+00 | 75 -0.02248  8.87383e+00
 76 -0.02380  1.59195e+01 | 77 -0.00758  1.28869e+01 | 78 -0.00118  2.19200e+01
 79 -0.04174  9.53481e+00 | 80 -0.01866  1.09540e+01 | 81  0.03361 -5.74068e+00
 82 -0.00683  1.09747e+01 | 83  0.00583 -1.14894e+01 | 84 -0.03578 -8.19439e-01
 85  0.05144 -8.85831e+01 | 86 -0.00752 -5.74758e+00 | 87  0.03549  4.80439e+01
 88 -0.02963  6.31106e-01 | 89 -0.01546 -4.97332e+00 | 90 -0.00779  1.56897e+00
 91 -0.00602  5.56248e+00 | 92 -0.00572  5.39121e-01 | 93  0.01849 -2.98834e+01
 94 -0.00468 -7.28142e+00 | 95 -0.00066 -8.53744e+00 | 96  0.00055 -7.04942e+00
 97 -0.01596  2.67352e+01 | 98 -0.40880 -2.88970e+01 | 99 -0.41792 -9.26721e+00
100 -0.30155  2.80104e+01 |
100 variables; iteration 40; function evaluation 49; phase 3
Function value 5.3807296e+02; maximum gradient component mag -4.0236e+02
Var    Value     Gradient |Var    Value     Gradient |Var    Value     Gradient
  1  0.63276 -4.02360e+02 |  2  0.00084  1.15321e+01 |  3  0.00037  1.03157e+01
  4 -0.00021  8.84616e+00 |  5 -0.00061  7.54089e+00 |  6 -0.00058  6.73794e+00
  7 -0.00020  6.29996e+00 |  8  0.00015  5.60046e+00 |  9  0.00069  4.03448e+00
 10 -0.00054  2.02811e+00 | 11 -0.00076  3.14697e-01 | 12 -0.00072 -9.39099e-01
 13 -0.00122 -2.64460e+00 | 14 -0.00095 -5.93133e+00 | 15 -0.00334 -6.32921e+00
 16 -0.00240 -8.25683e+00 | 17 -0.00292 -8.79106e+00 | 18 -0.00281 -9.89777e+00
 19  0.00150 -1.35415e+01 | 20  0.00456 -1.48027e+01 | 21 -0.00034 -1.31526e+01
 22 -0.00066 -1.39494e+01 | 23 -0.00069 -1.28785e+01 | 24 -0.00055 -1.49462e+01
 25 -0.00214 -1.46586e+01 | 26 -0.00096 -1.79751e+01 | 27 -0.00396 -1.57562e+01
 28 -0.00311 -1.83450e+01 | 29  0.00181 -1.79588e+01 | 30  0.01974 -1.80670e+01
 31 -0.00133 -1.55136e+01 | 32 -0.00533 -1.19163e+01 | 33 -0.00917 -1.05839e+01
 34 -0.01528 -7.60840e+00 | 35 -0.00732 -1.01178e+01 | 36 -0.00474 -1.09746e+01
 37  0.00027 -1.38622e+01 | 38 -0.00070 -1.22100e+01 | 39 -0.00584 -8.04690e+00
 40  0.01704 -1.24467e+01 | 41  0.00150 -1.08878e+01 | 42  0.00640 -9.36246e+00
 43  0.00901 -8.04789e+00 | 44  0.01151 -7.87531e+00 | 45  0.00558 -3.56884e+00
 46  0.01101 -7.87211e+00 | 47  0.01193 -9.19417e+00 | 48  0.00643 -5.06923e+00
 49  0.00766 -2.89366e+00 | 50  0.00979 -1.97986e+00 | 51 -0.00542 -3.28077e+00
 52 -0.00453 -3.50188e+00 | 53 -0.01102  1.49865e-01 | 54 -0.00237  1.41747e+00
 55  0.01594 -1.43957e+00 | 56 -0.00789  2.51954e+00 | 57  0.01189  2.01655e+00
 58  0.05974 -8.55350e+00 | 59  0.02258  3.02561e+00 | 60 -0.00424  6.09960e+00
 61 -0.00195 -2.03520e+00 | 62 -0.02469  1.16007e+01 | 63  0.01873  1.06607e+01
 64  0.00079  2.21399e+00 | 65 -0.02779 -3.40825e+00 | 66  0.01111  2.52206e+00
 67 -0.00419  1.41515e+00 | 68  0.00629  7.78112e-01 | 69 -0.01314  1.28172e+01
 70  0.03991  1.02529e+01 | 71 -0.04919  9.29234e+00 | 72 -0.00041  1.63751e+00
 73  0.01266  1.09007e+01 | 74  0.00475  1.16178e+01 | 75 -0.02295  9.38216e+00
 76 -0.02462  1.22629e+01 | 77 -0.00815  1.00390e+01 | 78 -0.00130  2.39131e+01
 79 -0.04280  1.13623e+01 | 80 -0.01865  1.83570e+01 | 81  0.03376  1.95388e+00
 82 -0.00661  2.06888e+01 | 83  0.00671  1.67834e+01 | 84 -0.03626  9.47222e+00
 85  0.05400  1.36827e+01 | 86 -0.00764  1.19945e+01 | 87  0.03479  3.94060e+01
 88 -0.03119  4.87856e+00 | 89 -0.01615  8.16918e+00 | 90 -0.00858  1.40339e+01
 91 -0.00807 -1.15340e+00 | 92 -0.00641  1.49899e+01 | 93  0.01849  3.76842e+00
 94 -0.00435  1.35406e+01 | 95 -0.00007  1.29276e+01 | 96  0.00052  1.34520e+01
 97 -0.01932 -2.31418e+01 | 98 -0.41008  3.80881e+01 | 99 -0.43251 -1.99977e+00
100 -0.30923  7.82164e+00 |
100 variables; iteration 60; function evaluation 76; phase 3
Function value 5.3797363e+02; maximum gradient component mag -6.2169e+02
Var    Value     Gradient |Var    Value     Gradient |Var    Value     Gradient
  1  0.63286 -6.21691e+02 |  2  0.00067  1.73836e+01 |  3  0.00034  1.62039e+01
  4 -0.00023  1.45392e+01 |  5 -0.00076  1.27916e+01 |  6 -0.00083  1.15557e+01
  7 -0.00032  1.09415e+01 |  8  0.00025  1.01200e+01 |  9  0.00083  8.08058e+00
 10 -0.00043  5.52159e+00 | 11 -0.00053  3.35125e+00 | 12 -0.00067  1.15386e+00
 13 -0.00140 -1.57187e+00 | 14 -0.00082 -5.30285e+00 | 15 -0.00348 -6.56628e+00
 16 -0.00251 -9.29596e+00 | 17 -0.00305 -1.03897e+01 | 18 -0.00270 -1.16272e+01
 19  0.00240 -1.51363e+01 | 20  0.00537 -1.68122e+01 | 21 -0.00043 -1.60873e+01
 22 -0.00177 -1.84312e+01 | 23 -0.00195 -1.71890e+01 | 24 -0.00059 -1.83459e+01
 25 -0.00216 -1.80099e+01 | 26  0.00063 -2.00513e+01 | 27 -0.00277 -1.77592e+01
 28 -0.00287 -2.15273e+01 | 29  0.00210 -2.21587e+01 | 30  0.01851 -2.73143e+01
 31 -0.00159 -1.97495e+01 | 32 -0.00532 -1.51999e+01 | 33 -0.00955 -1.37603e+01
 34 -0.01524 -9.27762e+00 | 35 -0.00708 -1.23411e+01 | 36 -0.00516 -1.44692e+01
 37  0.00080 -1.69607e+01 | 38 -0.00128 -1.60396e+01 | 39 -0.00661 -1.12312e+01
 40  0.01727 -1.75358e+01 | 41  0.00135 -1.36969e+01 | 42  0.00589 -1.29365e+01
 43  0.01019 -1.03336e+01 | 44  0.01071 -1.24003e+01 | 45  0.00476 -7.12554e+00
 46  0.01144 -1.04789e+01 | 47  0.01275 -1.15879e+01 | 48  0.00661 -7.10021e+00
 49  0.00762 -5.31358e+00 | 50  0.01093 -2.41258e+00 | 51 -0.00448 -2.42977e+00
 52 -0.00345 -2.43139e+00 | 53 -0.01016  1.78539e+00 | 54 -0.00305 -3.60124e-01
 55  0.01529 -5.33097e+00 | 56 -0.00723  4.21955e+00 | 57  0.01100 -7.89904e-01
 58  0.05938 -1.98404e+01 | 59  0.02199 -1.31324e+00 | 60 -0.00481  5.26126e+00
 61 -0.00112  1.49500e+00 | 62 -0.02583  1.00360e+01 | 63  0.01738 -6.11200e-01
 64  0.00098  2.48627e+00 | 65 -0.02702  3.31444e+00 | 66  0.01095 -3.28973e-01
 67 -0.00419  2.26188e+00 | 68  0.00647  3.16005e+00 | 69 -0.01351  7.93570e+00
 70  0.03976 -2.22570e+00 | 71 -0.04923  1.33838e+01 | 72 -0.00018  4.12379e+00
 73  0.01254  6.93422e+00 | 74  0.00474  9.37212e+00 | 75 -0.02290  1.29855e+01
 76 -0.02479  1.15543e+01 | 77 -0.00822  1.01251e+01 | 78 -0.00169  1.62049e+01
 79 -0.04282  1.60056e+01 | 80 -0.01885  1.76679e+01 | 81  0.03380  3.23372e+00
 82 -0.00699  1.76415e+01 | 83  0.00649  1.60161e+01 | 84 -0.03604  1.53324e+01
 85  0.05397  1.49702e+01 | 86 -0.00732  1.89217e+01 | 87  0.03416  2.37724e+01
 88 -0.03031  1.71985e+01 | 89 -0.01598  1.78304e+01 | 90 -0.00845  1.95893e+01
 91 -0.00745  1.55764e+01 | 92 -0.00630  2.05916e+01 | 93  0.01896  1.78695e+01
 94 -0.00510  1.88248e+01 | 95  0.00009  2.00928e+01 | 96  0.00031  2.00646e+01
 97 -0.02210 -4.06823e+01 | 98 -0.41141  5.70747e+01 | 99 -0.43986 -5.48595e-01
100 -0.31281  3.32904e+00 |
Maximum number of function evaluations exceeded

 - final statistics:
100 variables; iteration 75; function evaluation 100
Function value 5.3789e+02; maximum gradient component mag -6.2161e+02
Exit code = 3;  converg criter 1.0000e+00
Var    Value     Gradient |Var    Value     Gradient |Var    Value     Gradient
  1  0.63309 -6.21610e+02 |  2  0.00020  1.67902e+01 |  3  0.00028  1.62485e+01
  4  0.00022  1.53574e+01 |  5  0.00022  1.44098e+01 |  6  0.00030  1.34066e+01
  7  0.00033  1.21287e+01 |  8  0.00035  1.05832e+01 |  9  0.00093  8.60508e+00
 10  0.00017  6.77586e+00 | 11 -0.00010  4.44516e+00 | 12 -0.00023  2.32713e+00
 13 -0.00099 -3.74730e-01 | 14 -0.00004 -3.56369e+00 | 15 -0.00323 -5.42289e+00
 16 -0.00246 -8.30195e+00 | 17 -0.00346 -9.90938e+00 | 18 -0.00352 -1.16026e+01
 19  0.00119 -1.54661e+01 | 20  0.00448 -1.66918e+01 | 21 -0.00042 -1.49805e+01
 22 -0.00170 -1.72425e+01 | 23 -0.00044 -1.45724e+01 | 24 -0.00001 -1.66403e+01
 25 -0.00188 -1.66165e+01 | 26  0.00026 -1.92703e+01 | 27 -0.00275 -1.66712e+01
 28 -0.00147 -1.90576e+01 | 29  0.00181 -2.14969e+01 | 30  0.01743 -2.71255e+01
 31 -0.00159 -1.89211e+01 | 32 -0.00615 -1.54285e+01 | 33 -0.00974 -1.33015e+01
 34 -0.01556 -9.13476e+00 | 35 -0.00654 -1.05360e+01 | 36 -0.00515 -1.36713e+01
 37  0.00075 -1.61050e+01 | 38 -0.00004 -1.38317e+01 | 39 -0.00577 -9.46866e+00
 40  0.01695 -1.71772e+01 | 41  0.00276 -1.15340e+01 | 42  0.00624 -1.21906e+01
 43  0.00838 -1.16806e+01 | 44  0.01107 -1.18636e+01 | 45  0.00453 -7.07987e+00
 46  0.01164 -9.99193e+00 | 47  0.01247 -1.14824e+01 | 48  0.00731 -6.13159e+00
 49  0.00663 -6.82189e+00 | 50  0.00840 -6.87911e+00 | 51 -0.00395 -1.85810e+00
 52 -0.00286 -1.83240e+00 | 53 -0.01073  6.95406e-01 | 54 -0.00310 -7.00963e-01
 55  0.01581 -4.35686e+00 | 56 -0.00790  3.07372e+00 | 57  0.01043 -1.94387e+00
 58  0.05936 -2.07512e+01 | 59  0.02099 -4.48747e+00 | 60 -0.00550  3.04374e+00
 61 -0.00048  3.90224e+00 | 62 -0.02681  6.81468e+00 | 63  0.01647 -6.47040e+00
 64  0.00115  3.00492e+00 | 65 -0.02615  8.15544e+00 | 66  0.01082 -1.43213e+00
 67 -0.00409  3.42709e+00 | 68  0.00665  5.53930e+00 | 69 -0.01381  4.08511e+00
 70  0.03967 -7.06819e+00 | 71 -0.04949  1.18750e+01 | 72  0.00011  7.12520e+00
 73  0.01239  4.65376e+00 | 74  0.00471  6.75456e+00 | 75 -0.02304  1.17654e+01
 76 -0.02466  1.16574e+01 | 77 -0.00828  9.66111e+00 | 78 -0.00196  8.79353e+00
 79 -0.04298  1.45726e+01 | 80 -0.01918  1.16271e+01 | 81  0.03390  7.64724e+00
 82 -0.00726  1.23000e+01 | 83  0.00631  1.36916e+01 | 84 -0.03576  1.63706e+01
 85  0.05382  1.15122e+01 | 86 -0.00731  1.74607e+01 | 87  0.03359  8.88231e+00
 88 -0.02982  2.04247e+01 | 89 -0.01602  1.91664e+01 | 90 -0.00841  1.82984e+01
 91 -0.00713  2.29684e+01 | 92 -0.00627  1.93029e+01 | 93  0.01916  2.35309e+01
 94 -0.00443  1.99693e+01 | 95 -0.00007  1.98366e+01 | 96  0.00005  1.96745e+01
 97 -0.02452 -4.30478e+01 | 98 -0.41256  5.63058e+01 | 99 -0.46261 -1.05129e+00
100 -0.32363  2.64548e+00 |

Initial statistics: 108 variables; iteration 0; function evaluation 0; phase 4
Function value 5.3789458e+02; maximum gradient component mag -8.4929e+02
Var    Value     Gradient |Var    Value     Gradient |Var    Value     Gradient
  1 -0.42263 -4.87088e+01 |  2 -0.42263 -8.49293e+02 |  3 -0.41094 -4.93464e+02
  4  0.63309 -6.21610e+02 |  5  0.00000 -6.57172e+00 |  6  0.00000 -1.41601e+00
  7  0.00000 -1.72556e+00 |  8  0.00000 -2.10089e+00 |  9  0.00000 -2.55517e+00
 10  0.00020  1.68607e+01 | 11  0.00028  1.63190e+01 | 12  0.00022  1.54279e+01
 13  0.00022  1.44803e+01 | 14  0.00030  1.34771e+01 | 15  0.00033  1.21993e+01
 16  0.00035  1.06537e+01 | 17  0.00093  8.67558e+00 | 18  0.00017  6.84637e+00
 19 -0.00009  4.51566e+00 | 20 -0.00023  2.39763e+00 | 21 -0.00099 -3.04228e-01
 22 -0.00004 -3.49319e+00 | 23 -0.00323 -5.35239e+00 | 24 -0.00246 -8.23145e+00
 25 -0.00345 -9.83888e+00 | 26 -0.00352 -1.15321e+01 | 27  0.00119 -1.53956e+01
 28  0.00449 -1.66213e+01 | 29 -0.00042 -1.49100e+01 | 30 -0.00169 -1.71720e+01
 31 -0.00044 -1.45019e+01 | 32 -0.00001 -1.65698e+01 | 33 -0.00188 -1.65460e+01
 34  0.00026 -1.91998e+01 | 35 -0.00275 -1.66007e+01 | 36 -0.00147 -1.89871e+01
 37  0.00181 -2.14264e+01 | 38  0.01743 -2.70551e+01 | 39 -0.00159 -1.88506e+01
 40 -0.00615 -1.53580e+01 | 41 -0.00974 -1.32310e+01 | 42 -0.01556 -9.06428e+00
 43 -0.00653 -1.04655e+01 | 44 -0.00515 -1.36008e+01 | 45  0.00075 -1.60345e+01
 46 -0.00004 -1.37612e+01 | 47 -0.00577 -9.39816e+00 | 48  0.01695 -1.71068e+01
 49  0.00276 -1.14635e+01 | 50  0.00624 -1.21201e+01 | 51  0.00838 -1.16101e+01
 52  0.01108 -1.17931e+01 | 53  0.00453 -7.00937e+00 | 54  0.01164 -9.92144e+00
 55  0.01247 -1.14119e+01 | 56  0.00731 -6.06109e+00 | 57  0.00664 -6.75140e+00
 58  0.00840 -6.80862e+00 | 59 -0.00395 -1.78759e+00 | 60 -0.00286 -1.76190e+00
 61 -0.01073  7.65897e-01 | 62 -0.00310 -6.30462e-01 | 63  0.01581 -4.28638e+00
 64 -0.00789  3.14422e+00 | 65  0.01043 -1.87338e+00 | 66  0.05936 -2.06810e+01
 67  0.02099 -4.41701e+00 | 68 -0.00550  3.11424e+00 | 69 -0.00048  3.97275e+00
 70 -0.02681  6.88512e+00 | 71  0.01647 -6.39993e+00 | 72  0.00115  3.07542e+00
 73 -0.02615  8.22588e+00 | 74  0.01082 -1.36164e+00 | 75 -0.00409  3.49759e+00
 76  0.00665  5.60980e+00 | 77 -0.01381  4.15559e+00 | 78  0.03967 -6.99782e+00
 79 -0.04949  1.19453e+01 | 80  0.00012  7.19570e+00 | 81  0.01239  4.72425e+00
 82  0.00471  6.82506e+00 | 83 -0.02303  1.18359e+01 | 84 -0.02466  1.17279e+01
 85 -0.00828  9.73160e+00 | 86 -0.00196  8.86403e+00 | 87 -0.04298  1.46429e+01
 88 -0.01918  1.16976e+01 | 89  0.03390  7.71764e+00 | 90 -0.00726  1.23705e+01
 91  0.00631  1.37621e+01 | 92 -0.03576  1.64410e+01 | 93  0.05382  1.15824e+01
 94 -0.00731  1.75312e+01 | 95  0.03359  8.95271e+00 | 96 -0.02981  2.04951e+01
 97 -0.01602  1.92369e+01 | 98 -0.00841  1.83689e+01 | 99 -0.00713  2.30389e+01
100 -0.00627  1.93734e+01 |101  0.01916  2.36013e+01 |102 -0.00443  2.00398e+01
103 -0.00007  1.99071e+01 |104  0.00005  1.97450e+01 |105 -0.02452 -4.30478e+01
106 -0.41256  5.63058e+01 |107 -0.46261 -1.05129e+00 |108 -0.32363  2.64548e+00

Intermediate statistics: 108 variables; iteration 20; function evaluation 26; phase 4
Function value 5.3673422e+02; maximum gradient component mag -1.5285e+03
Var    Value     Gradient |Var    Value     Gradient |Var    Value     Gradient
  1 -0.43332 -9.79445e+01 |  2 -0.42619 -1.52851e+03 |  3 -0.39649 -6.92557e+02
  4  0.63160 -1.32457e+03 |  5  0.00013 -1.09349e+01 |  6  0.00000 -2.41622e+00
  7  0.00000 -2.94413e+00 |  8  0.00000 -3.58421e+00 |  9  0.00001 -4.35904e+00
 10  0.00012  3.70019e+01 | 11  0.00013  3.58814e+01 | 12  0.00012  3.45101e+01
 13  0.00013  3.28803e+01 | 14  0.00013  3.09465e+01 | 15  0.00013  2.86462e+01
 16  0.00014  2.59298e+01 | 17  0.00076  2.25712e+01 | 18 -0.00007  1.91826e+01
 19 -0.00029  1.51418e+01 | 20 -0.00072  1.06932e+01 | 21 -0.00130  6.12436e+00
 22 -0.00027  3.70493e-01 | 23 -0.00309 -2.55392e+00 | 24 -0.00220 -7.74278e+00
 25 -0.00321 -1.07613e+01 | 26 -0.00298 -1.33465e+01 | 27  0.00306 -1.87419e+01
 28  0.00627 -2.15395e+01 | 29 -0.00013 -2.01485e+01 | 30  0.00024 -2.27980e+01
 31 -0.00200 -2.16984e+01 | 32 -0.00034 -2.42283e+01 | 33 -0.00165 -2.37673e+01
 34  0.00235 -2.70194e+01 | 35 -0.00274 -2.42326e+01 | 36  0.00067 -2.59766e+01
 37  0.00539 -3.01231e+01 | 38  0.01006 -4.99705e+01 | 39  0.00218 -2.68935e+01
 40 -0.00389 -2.19432e+01 | 41 -0.00836 -1.81808e+01 | 42 -0.01498 -1.22470e+01
 43 -0.00841 -1.90649e+01 | 44 -0.00472 -2.02246e+01 | 45  0.00189 -2.48675e+01
 46  0.00146 -2.21910e+01 | 47 -0.00498 -1.47823e+01 | 48  0.01452 -3.61756e+01
 49  0.00297 -1.95494e+01 | 50  0.00577 -2.18130e+01 | 51  0.00858 -2.28759e+01
 52  0.01231 -2.40222e+01 | 53  0.00351 -1.60208e+01 | 54  0.00878 -2.19211e+01
 55  0.01509 -2.27350e+01 | 56  0.00557 -1.69073e+01 | 57  0.00724 -1.62093e+01
 58  0.00803 -1.77319e+01 | 59 -0.00428 -6.48289e+00 | 60 -0.00288 -6.79298e+00
 61 -0.01052 -2.41529e-01 | 62 -0.00330 -4.19098e+00 | 63  0.01491 -1.77136e+01
 64 -0.00884  3.29196e+00 | 65  0.00979 -8.32349e+00 | 66  0.05643 -6.26523e+01
 67  0.02271 -1.66576e+01 | 68 -0.00481  5.39452e+00 | 69 -0.00137 -5.80297e-01
 70 -0.02666  1.29026e+01 | 71  0.01544 -1.87378e+01 | 72  0.00043 -5.09089e+00
 73 -0.02713  1.08784e+01 | 74  0.00986 -1.23789e+01 | 75 -0.00425 -6.16652e-01
 76  0.00681  1.42104e+00 | 77 -0.01426  4.50465e+00 | 78  0.03949 -3.99632e+01
 79 -0.04951  2.28850e+01 | 80  0.00018  5.49328e+00 | 81  0.01176 -6.93349e+00
 82  0.00519 -7.38327e-01 | 83 -0.02331  1.63021e+01 | 84 -0.02451  1.64227e+01
 85 -0.00871  9.13329e+00 | 86 -0.00192  6.16654e+00 | 87 -0.04361  2.69856e+01
 88 -0.01926  1.95250e+01 | 89  0.03347  2.23528e-01 | 90 -0.00689  1.94128e+01
 91  0.00576  1.37414e+01 | 92 -0.03619  3.06234e+01 | 93  0.05342  1.65946e+01
 94 -0.00687  3.00954e+01 | 95  0.03285 -5.23552e-01 | 96 -0.02913  3.51860e+01
 97 -0.01637  3.88383e+01 | 98 -0.00793  3.76467e+01 | 99 -0.00720  4.42524e+01
100 -0.00527  4.25323e+01 |101  0.01912  4.82203e+01 |102 -0.00432  4.33789e+01
103 -0.00008  4.23370e+01 |104  0.00009  4.22858e+01 |105 -0.04116 -9.75238e+01
106 -0.41822  1.35290e+02 |107 -0.47778 -1.46013e+01 |108 -0.31511  3.17419e+01
108 variables; iteration 40; function evaluation 46; phase 4
Function value 5.3665850e+02; maximum gradient component mag -1.4766e+03
Var    Value     Gradient |Var    Value     Gradient |Var    Value     Gradient
  1 -0.43316 -6.96131e+01 |  2 -0.42664 -1.47664e+03 |  3 -0.39566 -6.57771e+02
  4  0.63167 -1.27797e+03 |  5  0.00016 -1.05761e+01 |  6  0.00003 -2.30420e+00
  7  0.00003 -2.81136e+00 |  8  0.00004 -3.42802e+00 |  9  0.00004 -4.17701e+00
 10  0.00010  3.56510e+01 | 11  0.00008  3.45101e+01 | 12  0.00010  3.32101e+01
 13  0.00008  3.16077e+01 | 14  0.00001  2.96266e+01 | 15 -0.00006  2.73079e+01
 16 -0.00012  2.45963e+01 | 17  0.00047  2.13115e+01 | 18 -0.00044  1.79405e+01
 19 -0.00063  1.40772e+01 | 20 -0.00108  9.74944e+00 | 21 -0.00148  5.52666e+00
 22 -0.00028  1.25475e-01 | 23 -0.00314 -2.73631e+00 | 24 -0.00221 -7.72535e+00
 25 -0.00316 -1.05882e+01 | 26 -0.00307 -1.31979e+01 | 27  0.00260 -1.86323e+01
 28  0.00572 -2.14599e+01 | 29 -0.00024 -1.97453e+01 | 30  0.00105 -2.17053e+01
 31 -0.00284 -2.16669e+01 | 32 -0.00073 -2.37092e+01 | 33 -0.00151 -2.28827e+01
 34  0.00386 -2.51901e+01 | 35 -0.00257 -2.31947e+01 | 36  0.00327 -2.34759e+01
 37  0.00365 -2.95719e+01 | 38  0.00979 -4.87492e+01 | 39  0.00328 -2.51438e+01
 40 -0.00320 -2.05479e+01 | 41 -0.00808 -1.72599e+01 | 42 -0.01453 -1.13803e+01
 43 -0.00899 -1.94138e+01 | 44 -0.00518 -2.00274e+01 | 45  0.00219 -2.40728e+01
 46  0.00099 -2.19199e+01 | 47 -0.00474 -1.42778e+01 | 48  0.01482 -3.51239e+01
 49  0.00277 -1.93364e+01 | 50  0.00587 -2.14681e+01 | 51  0.00761 -2.29905e+01
 52  0.01255 -2.35137e+01 | 53  0.00387 -1.56202e+01 | 54  0.01020 -2.10791e+01
 55  0.01184 -2.34347e+01 | 56  0.00645 -1.64176e+01 | 57  0.00705 -1.60195e+01
 58  0.00866 -1.67006e+01 | 59 -0.00443 -6.62976e+00 | 60 -0.00292 -6.81385e+00
 61 -0.01052 -4.33107e-01 | 62 -0.00384 -4.89674e+00 | 63  0.01489 -1.73888e+01
 64 -0.00909  2.65874e+00 | 65  0.01133 -6.25618e+00 | 66  0.05603 -6.10432e+01
 67  0.02302 -1.56726e+01 | 68 -0.00541  3.31087e+00 | 69 -0.00089  9.59650e-01
 70 -0.02658  1.27360e+01 | 71  0.01544 -1.82096e+01 | 72  0.00031 -5.22805e+00
 73 -0.02656  1.34955e+01 | 74  0.00983 -1.16809e+01 | 75 -0.00449 -3.34624e+00
 76  0.00667 -9.71880e-01 | 77 -0.01416  6.39719e+00 | 78  0.03941 -4.02085e+01
 79 -0.04953  2.22566e+01 | 80  0.00032  8.21405e+00 | 81  0.01175 -5.82628e+00
 82  0.00551  5.19644e+00 | 83 -0.02350  1.28424e+01 | 84 -0.02458  1.53900e+01
 85 -0.00876  7.97466e+00 | 86 -0.00199  4.76294e+00 | 87 -0.04360  2.67400e+01
 88 -0.01927  1.91168e+01 | 89  0.03343 -2.56685e-01 | 90 -0.00668  2.14815e+01
 91  0.00599  1.86415e+01 | 92 -0.03615  3.03326e+01 | 93  0.05336  1.48031e+01
 94 -0.00689  2.92431e+01 | 95  0.03291  1.28437e+00 | 96 -0.02943  3.12702e+01
 97 -0.01651  3.55262e+01 | 98 -0.00801  3.53166e+01 | 99 -0.00689  4.89281e+01
100 -0.00507  4.36067e+01 |101  0.01891  4.27853e+01 |102 -0.00431  4.21290e+01
103 -0.00014  4.07567e+01 |104  0.00007  4.07650e+01 |105 -0.04048 -9.39604e+01
106 -0.41790  1.32079e+02 |107 -0.49798 -2.03338e+01 |108 -0.32564  3.82284e+01
108 variables; iteration 60; function evaluation 70; phase 4
Function value 5.3636584e+02; maximum gradient component mag -1.2633e+03
Var    Value     Gradient |Var    Value     Gradient |Var    Value     Gradient
  1 -0.43309 -8.11602e+01 |  2 -0.42905 -1.26335e+03 |  3 -0.39208 -5.17134e+02
  4  0.63307 -9.93513e+02 |  5  0.00003 -8.73999e+00 |  6 -0.00034 -2.42559e+00
  7 -0.00040 -2.92462e+00 |  8 -0.00046 -3.50806e+00 |  9 -0.00050 -4.17953e+00
 10 -0.00015  2.73066e+01 | 11  0.00005  2.67052e+01 | 12 -0.00001  2.55534e+01
 13  0.00015  2.45105e+01 | 14  0.00054  2.35356e+01 | 15  0.00077  2.20446e+01
 16  0.00081  1.99444e+01 | 17  0.00128  1.70987e+01 | 18  0.00016  1.40742e+01
 19  0.00000  1.09902e+01 | 20  0.00016  8.18162e+00 | 21 -0.00044  4.56661e+00
 22 -0.00020 -8.26278e-01 | 23 -0.00355 -3.68881e+00 | 24 -0.00313 -8.23846e+00
 25 -0.00450 -1.09663e+01 | 26 -0.00318 -1.18384e+01 | 27  0.00377 -1.49655e+01
 28  0.00604 -1.82292e+01 | 29  0.00056 -1.66385e+01 | 30  0.00191 -1.77032e+01
 31 -0.00042 -1.75572e+01 | 32 -0.00094 -2.10243e+01 | 33 -0.00218 -2.05144e+01
 34  0.00339 -2.15317e+01 | 35 -0.00449 -2.20295e+01 | 36  0.00161 -2.08346e+01
 37  0.00536 -2.45323e+01 | 38  0.00821 -4.43656e+01 | 39  0.00179 -2.19459e+01
 40 -0.00261 -1.70059e+01 | 41 -0.00884 -1.60795e+01 | 42 -0.01524 -1.13345e+01
 43 -0.00796 -1.63030e+01 | 44 -0.00429 -1.70589e+01 | 45  0.00339 -1.96727e+01
 46  0.00113 -1.87767e+01 | 47 -0.00742 -1.55875e+01 | 48  0.01557 -2.94738e+01
 49  0.00405 -1.59983e+01 | 50  0.00640 -1.81575e+01 | 51  0.00925 -1.89332e+01
 52  0.01085 -2.18222e+01 | 53  0.00286 -1.63184e+01 | 54  0.00681 -2.17168e+01
 55  0.01489 -1.96668e+01 | 56  0.00494 -1.60482e+01 | 57  0.00630 -1.52575e+01
 58  0.00897 -1.48505e+01 | 59 -0.00495 -7.75100e+00 | 60 -0.00322 -7.41781e+00
 61 -0.01011 -1.21156e+00 | 62 -0.00133 -2.02244e+00 | 63  0.01379 -1.81727e+01
 64 -0.00925 -6.14187e-02 | 65  0.01168 -5.85504e+00 | 66  0.05506 -5.34898e+01
 67  0.02193 -1.54673e+01 | 68 -0.00592  3.44787e-01 | 69 -0.00158 -1.86833e+00
 70 -0.02646  1.03060e+01 | 71  0.01555 -1.39580e+01 | 72  0.00010 -4.15490e+00
 73 -0.02706  9.28583e+00 | 74  0.00969 -7.49041e+00 | 75 -0.00436  1.43349e+00
 76  0.00604 -5.54939e+00 | 77 -0.01426  7.20940e+00 | 78  0.03961 -1.90529e+01
 79 -0.04951  2.02056e+01 | 80 -0.00035  2.30076e+00 | 81  0.01177  2.10708e+00
 82  0.00524  7.33716e+00 | 83 -0.02341  1.78217e+01 | 84 -0.02446  1.92457e+01
 85 -0.00864  1.50753e+01 | 86 -0.00177  1.27001e+01 | 87 -0.04370  2.28176e+01
 88 -0.01921  2.04804e+01 | 89  0.03334  8.72462e+00 | 90 -0.00671  2.31251e+01
 91  0.00589  1.97236e+01 | 92 -0.03598  2.78888e+01 | 93  0.05298  1.11541e+01
 94 -0.00703  2.57399e+01 | 95  0.03344  2.37191e+01 | 96 -0.02927  2.99332e+01
 97 -0.01641  3.23978e+01 | 98 -0.00816  2.87493e+01 | 99 -0.00735  3.33068e+01
100 -0.00551  3.04871e+01 |101  0.01909  3.61541e+01 |102 -0.00176  3.66162e+01
103  0.00009  3.21602e+01 |104  0.00014  3.19160e+01 |105 -0.03653 -6.42240e+01
106 -0.41665  9.16697e+01 |107 -0.50171 -1.39006e+00 |108 -0.33071  2.90150e+00
Maximum number of function evaluations exceeded

 - final statistics:
108 variables; iteration 79; function evaluation 100
Function value 5.3615e+02; maximum gradient component mag -4.2428e+02
Exit code = 3;  converg criter 1.0000e+00
Var    Value     Gradient |Var    Value     Gradient |Var    Value     Gradient
  1 -0.43399 -3.24670e+01 |  2 -0.42976 -4.24281e+02 |  3 -0.39004 -1.72089e+02
  4  0.63294 -3.38600e+02 |  5  0.00016 -3.41799e+00 |  6  0.00010 -6.17114e-01
  7  0.00019 -6.43787e-01 |  8  0.00031 -6.72575e-01 |  9  0.00042 -7.50604e-01
 10  0.00044  9.67168e+00 | 11  0.00041  9.26818e+00 | 12  0.00031  8.69804e+00
 13  0.00028  8.13934e+00 | 14  0.00057  7.97235e+00 | 15  0.00079  7.61610e+00
 16  0.00078  6.75436e+00 | 17  0.00149  5.85744e+00 | 18  0.00089  5.17552e+00
 19  0.00047  3.68297e+00 | 20 -0.00019  1.99614e+00 | 21 -0.00059  9.53863e-01
 22  0.00048 -6.55646e-01 | 23 -0.00222 -1.16410e+00 | 24 -0.00111 -2.27704e+00
 25 -0.00220 -3.21195e+00 | 26 -0.00162 -3.30291e+00 | 27  0.00207 -7.23135e+00
 28  0.00629 -7.10628e+00 | 29  0.00035 -6.77259e+00 | 30 -0.00125 -8.85508e+00
 31 -0.00022 -6.73135e+00 | 32  0.00211 -5.81061e+00 | 33 -0.00007 -6.32160e+00
 34  0.00121 -9.33549e+00 | 35 -0.00060 -5.82321e+00 | 36  0.00018 -8.33899e+00
 37  0.00131 -1.21407e+01 | 38  0.01779 -1.26060e+01 | 39 -0.00046 -9.24170e+00
 40 -0.00494 -7.35919e+00 | 41 -0.00929 -7.23155e+00 | 42 -0.01581 -5.87658e+00
 43 -0.00840 -7.51432e+00 | 44 -0.00439 -6.32132e+00 | 45  0.00123 -8.12970e+00
 46  0.00048 -7.48181e+00 | 47 -0.00469 -4.02127e+00 | 48  0.01573 -1.02736e+01
 49  0.00243 -6.60761e+00 | 50  0.00567 -6.88688e+00 | 51  0.00757 -7.76310e+00
 52  0.01147 -7.31802e+00 | 53  0.00450 -3.88749e+00 | 54  0.01194 -4.35876e+00
 55  0.01044 -8.90577e+00 | 56  0.00665 -4.25123e+00 | 57  0.00643 -4.91917e+00
 58  0.00768 -6.12372e+00 | 59 -0.00463 -2.34296e+00 | 60 -0.00364 -2.67476e+00
 61 -0.01058  8.74283e-02 | 62 -0.00491 -3.58546e+00 | 63  0.01511 -4.41646e+00
 64 -0.00880  8.63866e-01 | 65  0.00845 -4.11791e+00 | 66  0.05669 -1.48362e+01
 67  0.02155 -4.56359e+00 | 68 -0.00574  1.02125e+00 | 69 -0.00210 -1.60638e+00
 70 -0.02788  9.75360e-01 | 71  0.01540 -3.51284e+00 | 72  0.00007 -3.96999e-01
 73 -0.02750  2.25851e+00 | 74  0.00951 -1.84727e+00 | 75 -0.00436  2.14547e+00
 76  0.00628  1.52001e+00 | 77 -0.01408  5.77677e+00 | 78  0.03960 -4.89186e+00
 79 -0.04958  6.77036e+00 | 80 -0.00000  4.61218e+00 | 81  0.01182  2.82991e+00
 82  0.00513  6.82162e-01 | 83 -0.02350  5.42930e+00 | 84 -0.02474  4.10690e+00
 85 -0.00862  6.49120e+00 | 86 -0.00147  8.37878e+00 | 87 -0.04362  8.91261e+00
 88 -0.01916  7.86724e+00 | 89  0.03342  5.78950e+00 | 90 -0.00698  5.22677e+00
 91  0.00601  8.77526e+00 | 92 -0.03646  6.94852e+00 | 93  0.05304  6.60062e+00
 94 -0.00702  8.67832e+00 | 95  0.03351  1.15713e+01 | 96 -0.02923  1.06046e+01
 97 -0.01667  9.22719e+00 | 98 -0.00778  1.33467e+01 | 99 -0.00760  8.40453e+00
100 -0.00536  1.10313e+01 |101  0.01869  8.80002e+00 |102 -0.00461  9.97338e+00
103 -0.00006  1.09036e+01 |104  0.00012  1.08707e+01 |105 -0.03964 -2.11029e+01
106 -0.41817  2.96676e+01 |107 -0.50874  2.60582e+00 |108 -0.33373 -5.09372e+00

Initial statistics: 111 variables; iteration 0; function evaluation 0; phase 5
Function value 5.3615469e+02; maximum gradient component mag 7.0505e+02
Var    Value     Gradient |Var    Value     Gradient |Var    Value     Gradient
  1 -0.43399 -3.24670e+01 |  2 -0.42976 -4.24281e+02 |  3 -0.39004 -1.72089e+02
  4 -0.41222  1.12588e+01 |  5 -0.41222 -8.57095e+00 |  6  0.63294 -3.38600e+02
  7  0.00016 -3.41799e+00 |  8  0.00010 -6.17114e-01 |  9  0.00019 -6.43787e-01
 10  0.00031 -6.72575e-01 | 11  0.00042 -7.50604e-01 | 12  0.00044  9.64680e+00
 13  0.00041  9.24330e+00 | 14  0.00031  8.67316e+00 | 15  0.00028  8.11446e+00
 16  0.00057  7.94747e+00 | 17  0.00079  7.59122e+00 | 18  0.00078  6.72948e+00
 19  0.00149  5.83256e+00 | 20  0.00089  5.15064e+00 | 21  0.00047  3.65809e+00
 22 -0.00019  1.97126e+00 | 23 -0.00059  9.28983e-01 | 24  0.00048 -6.80525e-01
 25 -0.00222 -1.18897e+00 | 26 -0.00111 -2.30192e+00 | 27 -0.00220 -3.23683e+00
 28 -0.00162 -3.32779e+00 | 29  0.00207 -7.25623e+00 | 30  0.00629 -7.13116e+00
 31  0.00035 -6.79747e+00 | 32 -0.00125 -8.87996e+00 | 33 -0.00022 -6.75622e+00
 34  0.00211 -5.83548e+00 | 35 -0.00007 -6.34648e+00 | 36  0.00121 -9.36037e+00
 37 -0.00060 -5.84809e+00 | 38  0.00018 -8.36387e+00 | 39  0.00131 -1.21655e+01
 40  0.01779 -1.26309e+01 | 41 -0.00046 -9.26658e+00 | 42 -0.00494 -7.38407e+00
 43 -0.00929 -7.25643e+00 | 44 -0.01581 -5.90145e+00 | 45 -0.00840 -7.53919e+00
 46 -0.00439 -6.34620e+00 | 47  0.00123 -8.15458e+00 | 48  0.00048 -7.50669e+00
 49 -0.00469 -4.04615e+00 | 50  0.01573 -1.02985e+01 | 51  0.00243 -6.63249e+00
 52  0.00567 -6.91176e+00 | 53  0.00757 -7.78798e+00 | 54  0.01146 -7.34289e+00
 55  0.00450 -3.91237e+00 | 56  0.01194 -4.38364e+00 | 57  0.01044 -8.93064e+00
 58  0.00665 -4.27610e+00 | 59  0.00643 -4.94405e+00 | 60  0.00768 -6.14859e+00
 61 -0.00463 -2.36784e+00 | 62 -0.00364 -2.69964e+00 | 63 -0.01058  6.25521e-02
 64 -0.00491 -3.61034e+00 | 65  0.01511 -4.44133e+00 | 66 -0.00880  8.38988e-01
 67  0.00845 -4.14279e+00 | 68  0.05669 -1.48609e+01 | 69  0.02155 -4.58846e+00
 70 -0.00574  9.96376e-01 | 71 -0.00210 -1.63126e+00 | 72 -0.02788  9.50505e-01
 73  0.01540 -3.53772e+00 | 74  0.00007 -4.21879e-01 | 75 -0.02750  2.23366e+00
 76  0.00951 -1.87215e+00 | 77 -0.00436  2.12059e+00 | 78  0.00628  1.49514e+00
 79 -0.01408  5.75190e+00 | 80  0.03960 -4.91669e+00 | 81 -0.04958  6.74556e+00
 82 -0.00000  4.58730e+00 | 83  0.01182  2.80504e+00 | 84  0.00513  6.57283e-01
 85 -0.02350  5.40444e+00 | 86 -0.02474  4.08204e+00 | 87 -0.00862  6.46632e+00
 88 -0.00148  8.35390e+00 | 89 -0.04362  8.88779e+00 | 90 -0.01916  7.84237e+00
 91  0.03342  5.76465e+00 | 92 -0.00698  5.20189e+00 | 93  0.00600  8.75038e+00
 94 -0.03646  6.92368e+00 | 95  0.05304  6.57583e+00 | 96 -0.00702  8.65344e+00
 97  0.03351  1.15464e+01 | 98 -0.02923  1.05798e+01 | 99 -0.01667  9.20232e+00
100 -0.00778  1.33218e+01 |101 -0.00761  8.37965e+00 |102 -0.00536  1.10064e+01
103  0.01869  8.77515e+00 |104 -0.00461  9.94850e+00 |105 -0.00006  1.08787e+01
106  0.00011  1.08458e+01 |107  0.00000  7.05050e+02 |108 -0.03964 -2.11029e+01
109 -0.41817  2.96676e+01 |110 -0.50874  2.60582e+00 |111 -0.33373 -5.09372e+00

Intermediate statistics: 111 variables; iteration 20; function evaluation 22; phase 5
Function value 5.3493993e+02; maximum gradient component mag -1.5292e+03
Var    Value     Gradient |Var    Value     Gradient |Var    Value     Gradient
  1 -0.43091 -5.86283e+01 |  2 -0.43490 -1.52925e+03 |  3 -0.38702 -6.23096e+02
  4 -0.42484  1.70772e+00 |  5 -0.38306 -2.20956e+01 |  6  0.63893 -8.91116e+02
  7  0.00044 -7.49564e+00 |  8  0.00009 -1.62794e+00 |  9  0.00012 -1.96139e+00
 10  0.00016 -2.36697e+00 | 11  0.00020 -2.86977e+00 | 12  0.00006  2.62261e+01
 13  0.00008  2.54336e+01 | 14  0.00009  2.44673e+01 | 15  0.00012  2.33344e+01
 16  0.00021  2.20548e+01 | 17  0.00028  2.04991e+01 | 18  0.00033  1.86062e+01
 19  0.00102  1.62785e+01 | 20  0.00025  1.39255e+01 | 21  0.00010  1.11024e+01
 22 -0.00017  8.05310e+00 | 23 -0.00072  4.78581e+00 | 24  0.00040  6.48446e-01
 25 -0.00259 -1.72859e+00 | 26 -0.00183 -5.74985e+00 | 27 -0.00280 -8.09097e+00
 28 -0.00316 -1.04560e+01 | 29  0.00339 -1.39075e+01 | 30  0.00572 -1.62861e+01
 31  0.00068 -1.48890e+01 | 32  0.00099 -1.67216e+01 | 33 -0.00020 -1.60025e+01
 34 -0.00046 -1.92941e+01 | 35 -0.00164 -1.88532e+01 | 36  0.00274 -2.07252e+01
 37 -0.00271 -1.98335e+01 | 38  0.00043 -2.10317e+01 | 39  0.00644 -2.25819e+01
 40  0.01248 -3.80070e+01 | 41 -0.00046 -2.15561e+01 | 42 -0.00507 -1.83623e+01
 43 -0.00840 -1.56842e+01 | 44 -0.01486 -1.14667e+01 | 45 -0.00750 -1.64749e+01
 46 -0.00501 -1.85553e+01 | 47  0.00071 -2.22690e+01 | 48 -0.00003 -2.02235e+01
 49 -0.00580 -1.51764e+01 | 50  0.01517 -3.09427e+01 | 51  0.00289 -1.89604e+01
 52  0.00521 -2.10136e+01 | 53  0.00790 -2.16699e+01 | 54  0.01056 -2.37990e+01
 55  0.00333 -1.69652e+01 | 56  0.00766 -2.28746e+01 | 57  0.01407 -2.14385e+01
 58  0.00415 -1.82822e+01 | 59  0.00615 -1.81440e+01 | 60  0.00727 -1.85774e+01
 61 -0.00511 -1.02525e+01 | 62 -0.00376 -1.09428e+01 | 63 -0.01106 -6.11840e+00
 64 -0.00354 -9.42895e+00 | 65  0.01491 -1.99877e+01 | 66 -0.00931 -3.02607e+00
 67  0.01011 -1.30216e+01 | 68  0.05680 -5.76422e+01 | 69  0.02073 -1.80510e+01
 70 -0.00553 -1.24084e+00 | 71 -0.00151 -3.80255e+00 | 72 -0.02681  6.14751e+00
 73  0.01607 -1.67281e+01 | 74  0.00033 -5.27809e+00 | 75 -0.02680  7.85901e+00
 76  0.01006 -8.02228e+00 | 77 -0.00429  4.34260e+00 | 78  0.00670  2.90743e+00
 79 -0.01361  1.27358e+01 | 80  0.03923 -1.52189e+01 | 81 -0.04932  2.47400e+01
 82 -0.00035  9.19321e+00 | 83  0.01239  1.68631e+01 | 84  0.00503  2.79090e+01
 85 -0.02354  2.16067e+01 | 86 -0.02534  2.00366e+01 | 87 -0.00865  1.14002e+01
 88 -0.00135  3.33042e+01 | 89 -0.04320  2.69987e+01 | 90 -0.02050  1.97440e+01
 91  0.03378  2.92039e+01 | 92 -0.00809  2.35158e+01 | 93  0.00612  3.15404e+01
 94 -0.03706  2.41983e+01 | 95  0.05315  1.59734e+01 | 96 -0.00774  2.74526e+01
 97  0.03439  4.79966e+01 | 98 -0.02918  3.52074e+01 | 99 -0.01471  3.93846e+01
100 -0.00644  3.62161e+01 |101 -0.00426  4.71329e+01 |102 -0.00254  3.67513e+01
103  0.02376  5.38981e+01 |104 -0.00412  3.12133e+01 |105 -0.00032  2.98133e+01
106 -0.00014  2.97804e+01 |107 -0.00274  3.06085e+02 |108 -0.04381 -7.79187e+01
109 -0.41867  1.09722e+02 |110 -0.51316 -2.75782e+01 |111 -0.33379  4.86046e+01
111 variables; iteration 40; function evaluation 42; phase 5
Function value 5.3457446e+02; maximum gradient component mag -1.3572e+03
Var    Value     Gradient |Var    Value     Gradient |Var    Value     Gradient
  1 -0.43069 -4.54357e+01 |  2 -0.43475 -1.35720e+03 |  3 -0.38716 -5.46041e+02
  4 -0.42564  1.46138e+00 |  5 -0.38280 -1.99594e+01 |  6  0.63899 -8.47399e+02
  7  0.00062 -6.65819e+00 |  8  0.00006 -1.53168e+00 |  9  0.00010 -1.83464e+00
 10  0.00014 -2.20916e+00 | 11  0.00017 -2.68339e+00 | 12  0.00025  2.50470e+01
 13  0.00026  2.43073e+01 | 14  0.00030  2.34397e+01 | 15  0.00036  2.24346e+01
 16  0.00038  2.11582e+01 | 17  0.00035  1.96003e+01 | 18  0.00045  1.78978e+01
 19  0.00112  1.57253e+01 | 20  0.00019  1.33432e+01 | 21  0.00023  1.09957e+01
 22  0.00021  8.49448e+00 | 23 -0.00054  5.22335e+00 | 24  0.00052  1.34438e+00
 25 -0.00265 -1.05994e+00 | 26 -0.00199 -4.89148e+00 | 27 -0.00292 -6.99628e+00
 28 -0.00332 -9.27294e+00 | 29  0.00301 -1.24955e+01 | 30  0.00606 -1.43155e+01
 31  0.00033 -1.35350e+01 | 32 -0.00039 -1.59386e+01 | 33 -0.00068 -1.46511e+01
 34  0.00015 -1.68879e+01 | 35 -0.00129 -1.66382e+01 | 36  0.00249 -1.86946e+01
 37 -0.00155 -1.68407e+01 | 38  0.00044 -1.88900e+01 | 39  0.00550 -2.09732e+01
 40  0.00985 -3.76159e+01 | 41 -0.00035 -1.95498e+01 | 42 -0.00457 -1.60249e+01
 43 -0.00821 -1.36673e+01 | 44 -0.01453 -9.51209e+00 | 45 -0.00699 -1.42481e+01
 46 -0.00467 -1.64260e+01 | 47 -0.00083 -2.13565e+01 | 48 -0.00062 -1.87857e+01
 49 -0.00683 -1.45361e+01 | 50  0.01562 -2.76300e+01 | 51  0.00389 -1.59944e+01
 52  0.00430 -1.93756e+01 | 53  0.00786 -1.92136e+01 | 54  0.01109 -2.04798e+01
 55  0.00465 -1.34220e+01 | 56  0.00814 -2.02034e+01 | 57  0.01419 -1.85536e+01
 58  0.00369 -1.66562e+01 | 59  0.00612 -1.60061e+01 | 60  0.00809 -1.59467e+01
 61 -0.00516 -9.07772e+00 | 62 -0.00393 -9.74796e+00 | 63 -0.01209 -6.51067e+00
 64 -0.00332 -7.79616e+00 | 65  0.01612 -1.64998e+01 | 66 -0.00921 -2.28286e+00
 67  0.01082 -1.07258e+01 | 68  0.05597 -5.54967e+01 | 69  0.01920 -2.07869e+01
 70 -0.00550 -1.42532e+00 | 71 -0.00134 -3.42284e+00 | 72 -0.02635  7.07447e+00
 73  0.01636 -1.51971e+01 | 74 -0.00006 -7.24895e+00 | 75 -0.02617  9.93227e+00
 76  0.01062 -2.65341e+00 | 77 -0.00466 -1.20024e+00 | 78  0.00641 -4.48813e+00
 79 -0.01370  7.09803e+00 | 80  0.03910 -1.95369e+01 | 81 -0.04965  1.82943e+01
 82 -0.00079  1.71970e+00 | 83  0.01214  7.39635e+00 | 84  0.00481  2.23387e+01
 85 -0.02424  6.79651e+00 | 86 -0.02489  2.32987e+01 | 87 -0.00857  8.45274e+00
 88 -0.00156  2.67979e+01 | 89 -0.04239  3.49347e+01 | 90 -0.01990  2.61770e+01
 91  0.03372  2.23876e+01 | 92 -0.00828  2.00958e+01 | 93  0.00595  2.43329e+01
 94 -0.03671  2.60571e+01 | 95  0.05309  1.07708e+01 | 96 -0.00780  2.54477e+01
 97  0.03421  3.64861e+01 | 98 -0.02956  2.86654e+01 | 99 -0.01435  3.98849e+01
100 -0.00617  3.59762e+01 |101 -0.00407  4.26385e+01 |102 -0.00248  3.39776e+01
103  0.02358  4.21131e+01 |104 -0.00432  2.85389e+01 |105 -0.00012  2.84028e+01
106  0.00011  2.84146e+01 |107 -0.00330  1.55500e+02 |108 -0.03638 -6.44536e+01
109 -0.41548  9.78547e+01 |110 -0.53322 -2.42598e+01 |111 -0.34652  3.77033e+01
111 variables; iteration 60; function evaluation 69; phase 5
Function value 5.3401271e+02; maximum gradient component mag -1.1676e+03
Var    Value     Gradient |Var    Value     Gradient |Var    Value     Gradient
  1 -0.43169 -7.02506e+01 |  2 -0.43434 -1.16763e+03 |  3 -0.38602 -4.52008e+02
  4 -0.42623 -1.28572e+01 |  5 -0.38428 -2.07373e+01 |  6  0.63846 -9.13738e+02
  7  0.00073 -6.25152e+00 |  8 -0.00002 -1.60498e+00 |  9  0.00003 -1.87754e+00
 10  0.00008 -2.21697e+00 | 11  0.00011 -2.67158e+00 | 12  0.00016  2.63730e+01
 13  0.00012  2.55761e+01 | 14  0.00011  2.46731e+01 | 15  0.00015  2.36768e+01
 16  0.00006  2.22888e+01 | 17 -0.00009  2.06143e+01 | 18 -0.00002  1.89460e+01
 19  0.00064  1.68419e+01 | 20  0.00004  1.49797e+01 | 21 -0.00028  1.22467e+01
 22 -0.00120  8.75269e+00 | 23 -0.00113  6.59942e+00 | 24  0.00020  3.18997e+00
 25 -0.00240  1.52537e+00 | 26 -0.00163 -2.05178e+00 | 27 -0.00267 -4.19592e+00
 28 -0.00282 -6.13493e+00 | 29  0.00410 -8.57514e+00 | 30  0.00685 -1.06580e+01
 31 -0.00020 -1.12964e+01 | 32  0.00039 -1.24362e+01 | 33 -0.00167 -1.28037e+01
 34 -0.00148 -1.55465e+01 | 35 -0.00273 -1.51450e+01 | 36  0.00249 -1.57848e+01
 37 -0.00277 -1.50850e+01 | 38  0.00014 -1.61047e+01 | 39  0.00556 -1.72583e+01
 40  0.01313 -3.14610e+01 | 41 -0.00037 -1.65431e+01 | 42 -0.00521 -1.38393e+01
 43 -0.01018 -1.32509e+01 | 44 -0.01503 -7.47935e+00 | 45 -0.00786 -1.19238e+01
 46 -0.00433 -1.28350e+01 | 47  0.00267 -1.51286e+01 | 48  0.00037 -1.46461e+01
 49 -0.00416 -8.75158e+00 | 50  0.01479 -2.54590e+01 | 51  0.00311 -1.38900e+01
 52  0.00697 -1.48231e+01 | 53  0.00540 -1.88055e+01 | 54  0.01051 -1.95720e+01
 55  0.00319 -1.32234e+01 | 56  0.00832 -1.80945e+01 | 57  0.01336 -1.71576e+01
 58  0.00560 -1.33915e+01 | 59  0.00563 -1.51240e+01 | 60  0.00545 -1.84428e+01
 61 -0.00510 -7.71033e+00 | 62 -0.00350 -7.99530e+00 | 63 -0.01041 -2.85945e+00
 64 -0.00285 -5.91166e+00 | 65  0.01344 -2.01319e+01 | 66 -0.01044 -3.15772e+00
 67  0.01152 -8.58998e+00 | 68  0.05761 -5.14525e+01 | 69  0.02147 -1.61361e+01
 70 -0.00549 -1.86643e+00 | 71 -0.00123 -4.44816e+00 | 72 -0.02771  2.33037e+00
 73  0.01548 -2.18840e+01 | 74  0.00198  3.47298e-01 | 75 -0.02693  5.03852e+00
 76  0.01078 -6.05394e+00 | 77 -0.00439 -4.57673e+00 | 78  0.00663 -1.13326e+01
 79 -0.01344  2.02945e+00 | 80  0.03944 -2.90396e+01 | 81 -0.04948  1.45227e+01
 82 -0.00032  1.32835e+00 | 83  0.01228 -3.99249e+00 | 84  0.00464  5.56137e+00
 85 -0.02332  1.23250e+01 | 86 -0.02537  1.08477e+01 | 87 -0.00789  1.10309e+01
 88 -0.00217  6.13260e+00 | 89 -0.04306  2.03677e+01 | 90 -0.02022  1.77944e+01
 91  0.03349  1.70875e+00 | 92 -0.00789  1.79589e+01 | 93  0.00601  1.61556e+01
 94 -0.03722  2.04373e+01 | 95  0.05340  7.76135e+00 | 96 -0.00750  2.31754e+01
 97  0.03425  1.95018e+01 | 98 -0.02937  2.32665e+01 | 99 -0.01415  3.29804e+01
100 -0.00591  3.01023e+01 |101 -0.00439  2.39837e+01 |102 -0.00228  2.80656e+01
103  0.02394  3.66499e+01 |104 -0.00548  2.63262e+01 |105 -0.00015  2.96247e+01
106  0.00006  2.96716e+01 |107 -0.00467 -2.76041e+02 |108 -0.04502 -5.84277e+01
109 -0.41999  8.01959e+01 |110 -0.52837 -2.22863e-01 |111 -0.34442  3.28744e-01
111 variables; iteration 80; function evaluation 103; phase 5
Function value 5.3376064e+02; maximum gradient component mag -3.1450e+02
Var    Value     Gradient |Var    Value     Gradient |Var    Value     Gradient
  1 -0.43234 -2.19054e+01 |  2 -0.43591 -3.14504e+02 |  3 -0.38321 -1.19753e+02
  4 -0.42738 -3.65899e+00 |  5 -0.37892 -5.47101e+00 |  6  0.64021 -2.61050e+02
  7  0.00036 -2.14079e+00 |  8  0.00029 -1.13885e-01 |  9  0.00027 -2.70306e-01
 10  0.00024 -4.55204e-01 | 11  0.00025 -6.15955e-01 | 12  0.00011  7.29752e+00
 13  0.00026  7.27565e+00 | 14  0.00037  7.12946e+00 | 15  0.00041  6.83190e+00
 16  0.00053  6.59630e+00 | 17  0.00059  6.20269e+00 | 18  0.00062  5.66022e+00
 19  0.00135  5.11812e+00 | 20  0.00053  4.43994e+00 | 21  0.00047  3.84804e+00
 22  0.00037  3.36831e+00 | 23 -0.00054  2.00036e+00 | 24  0.00049  8.57667e-01
 25 -0.00229  5.02292e-01 | 26 -0.00126 -2.29393e-01 | 27 -0.00235 -9.45359e-01
 28 -0.00235 -1.39098e+00 | 29  0.00284 -2.96179e+00 | 30  0.00595 -3.41046e+00
 31  0.00011 -3.65426e+00 | 32 -0.00008 -3.70975e+00 | 33  0.00078 -1.94286e+00
 34  0.00100 -3.54106e+00 | 35 -0.00066 -3.48862e+00 | 36  0.00105 -5.88279e+00
 37 -0.00208 -4.55255e+00 | 38  0.00066 -4.22892e+00 | 39  0.00335 -5.66238e+00
 40  0.01540 -8.62389e+00 | 41 -0.00148 -5.92659e+00 | 42 -0.00472 -3.35272e+00
 43 -0.00839 -2.90959e+00 | 44 -0.01512 -2.61605e+00 | 45 -0.00771 -3.79817e+00
 46 -0.00489 -4.15449e+00 | 47 -0.00071 -6.96344e+00 | 48 -0.00007 -4.63267e+00
 49 -0.00589 -3.57625e+00 | 50  0.01525 -6.95542e+00 | 51  0.00164 -5.31883e+00
 52  0.00509 -4.55749e+00 | 53  0.00770 -4.40806e+00 | 54  0.01077 -5.23228e+00
 55  0.00311 -4.19794e+00 | 56  0.00932 -4.92571e+00 | 57  0.01101 -5.18262e+00
 58  0.00422 -4.85008e+00 | 59  0.00595 -4.00446e+00 | 60  0.00762 -3.31931e+00
 61 -0.00532 -2.05150e+00 | 62 -0.00427 -2.59609e+00 | 63 -0.01179 -2.06969e+00
 64 -0.00406 -2.44071e+00 | 65  0.01500 -4.15814e+00 | 66 -0.00884  7.88592e-01
 67  0.00867 -4.75094e+00 | 68  0.05588 -1.60822e+01 | 69  0.01989 -6.59639e+00
 70 -0.00595 -8.01779e-01 | 71 -0.00188 -1.18193e+00 | 72 -0.02645  3.19865e+00
 73  0.01631 -2.35205e+00 | 74 -0.00109 -9.01351e+00 | 75 -0.02682  1.81643e+00
 76  0.00932 -8.66394e+00 | 77 -0.00430  6.25962e-01 | 78  0.00685  1.33932e+00
 79 -0.01328  3.13033e+00 | 80  0.03931 -7.54040e+00 | 81 -0.04928  5.90685e+00
 82 -0.00057 -4.30080e-01 | 83  0.01233 -2.83075e-01 | 84  0.00382 -5.42379e+00
 85 -0.02339  4.23078e+00 | 86 -0.02529  5.17522e+00 | 87 -0.00791  2.88687e+00
 88 -0.00206  4.19579e+00 | 89 -0.04311  5.18097e+00 | 90 -0.02080  3.13176e+00
 91  0.03347  1.30418e+00 | 92 -0.00837  3.42054e+00 | 93  0.00594  4.90385e+00
 94 -0.03690  8.27482e+00 | 95  0.05341  4.02003e+00 | 96 -0.00785  5.41365e+00
 97  0.03423  4.59211e+00 | 98 -0.02881  9.52739e+00 | 99 -0.01439  3.79953e+00
100 -0.00598  5.65538e+00 |101 -0.00335  1.25272e+01 |102 -0.00155  1.00081e+01
103  0.02418  5.11755e+00 |104 -0.00310  9.18825e+00 |105 -0.00021  8.28247e+00
106 -0.00011  8.18009e+00 |107 -0.00552 -1.21695e+02 |108 -0.04763 -1.58572e+01
109 -0.42118  2.10659e+01 |110 -0.53366  1.44804e+00 |111 -0.34641 -2.51866e+00
111 variables; iteration 100; function evaluation 141; phase 5
Function value 5.3371079e+02; maximum gradient component mag -3.9528e+00
Var    Value     Gradient |Var    Value     Gradient |Var    Value     Gradient
  1 -0.43246 -1.96828e-01 |  2 -0.43676 -3.95283e+00 |  3 -0.38197 -1.39339e+00
  4 -0.42821 -3.64985e-02 |  5 -0.37632 -7.37995e-02 |  6  0.64106 -2.89799e+00
  7  0.00070  2.98143e-03 |  8  0.00012 -1.27295e-02 |  9  0.00015 -1.11583e-02
 10  0.00018 -1.08854e-02 | 11  0.00022 -1.29761e-02 | 12  0.00031  8.13452e-02
 13  0.00037  7.50921e-02 | 14  0.00043  6.91520e-02 | 15  0.00050  6.67289e-02
 16  0.00057  5.98846e-02 | 17  0.00067  7.93185e-02 | 18  0.00078  8.88563e-02
 19  0.00152  8.21760e-02 | 20  0.00077  5.47300e-02 | 21  0.00067  5.00278e-02
 22  0.00040  4.60673e-02 | 23 -0.00010  4.99483e-02 | 24  0.00104  2.67270e-02
 25 -0.00187  3.06731e-02 | 26 -0.00100 -2.44325e-02 | 27 -0.00199 -4.22549e-02
 28 -0.00203 -3.86930e-02 | 29  0.00351 -3.06923e-02 | 30  0.00656 -1.62162e-02
 31  0.00112 -1.78406e-02 | 32  0.00051 -6.04399e-02 | 33  0.00034 -3.61124e-02
 34  0.00131 -1.62759e-02 | 35 -0.00042 -3.73673e-02 | 36  0.00244 -6.71458e-02
 37 -0.00126 -2.61203e-02 | 38  0.00083 -6.62185e-02 | 39  0.00398 -4.66890e-02
 40  0.01584 -1.56584e-01 | 41 -0.00044 -3.89581e-02 | 42 -0.00488 -1.45206e-02
 43 -0.00840 -5.92374e-02 | 44 -0.01467 -3.55293e-02 | 45 -0.00729 -4.74108e-02
 46 -0.00470 -4.96352e-02 | 47  0.00072 -9.77426e-02 | 48 -0.00008 -1.81017e-02
 49 -0.00559 -3.53601e-02 | 50  0.01514 -8.77307e-02 | 51  0.00223 -3.10838e-02
 52  0.00472 -1.11573e-01 | 53  0.00703 -1.50771e-02 | 54  0.01042 -9.65635e-02
 55  0.00320 -4.26885e-02 | 56  0.00887 -3.17549e-02 | 57  0.01023 -5.61860e-02
 58  0.00425 -4.90634e-02 | 59  0.00534 -1.13035e-01 | 60  0.00664 -5.38106e-02
 61 -0.00600 -4.19857e-02 | 62 -0.00479 -6.42357e-02 | 63 -0.01177 -2.86342e-02
 64 -0.00438 -3.87413e-02 | 65  0.01406 -6.43554e-02 | 66 -0.01017 -3.88996e-02
 67  0.00881 -3.73595e-02 | 68  0.05496 -2.02096e-01 | 69  0.01959 -7.07490e-02
 70 -0.00641 -1.75550e-02 | 71 -0.00247 -3.63806e-02 | 72 -0.02739  6.71849e-03
 73  0.01534 -9.03285e-02 | 74 -0.00036 -5.63715e-02 | 75 -0.02730 -1.87389e-03
 76  0.00946 -6.27108e-02 | 77 -0.00475 -9.71762e-03 | 78  0.00649 -2.63678e-02
 79 -0.01350  2.52263e-02 | 80  0.03913 -9.20308e-02 | 81 -0.04954  6.02908e-02
 82 -0.00064  4.62419e-03 | 83  0.01223  1.37137e-02 | 84  0.00399  2.31792e-03
 85 -0.02351  5.96028e-02 | 86 -0.02552  5.44820e-02 | 87 -0.00793  6.07163e-02
 88 -0.00223  5.91666e-02 | 89 -0.04312  8.09746e-02 | 90 -0.02079  6.76309e-02
 91  0.03341  6.47201e-02 | 92 -0.00839  7.34419e-02 | 93  0.00589  8.22974e-02
 94 -0.03719  8.84313e-02 | 95  0.05332  8.42161e-02 | 96 -0.00786  7.93721e-02
 97  0.03422  9.22613e-02 | 98 -0.02913  1.03995e-01 | 99 -0.01416  9.20291e-02
100 -0.00584  8.13023e-02 |101 -0.00349  1.14311e-01 |102 -0.00162  1.05022e-01
103  0.02454  8.92787e-02 |104 -0.00354  9.64905e-02 |105 -0.00014  5.83091e-02
106  0.00004  7.55411e-02 |107 -0.00570 -1.78741e+00 |108 -0.04873 -1.70925e-01
109 -0.42160  2.03927e-01 |110 -0.53591 -7.05482e-03 |111 -0.34715  1.09565e-02
111 variables; iteration 120; function evaluation 180; phase 5
Function value 5.3371078e+02; maximum gradient component mag -2.2271e-02
Var    Value     Gradient |Var    Value     Gradient |Var    Value     Gradient
  1 -0.43246 -6.63171e-03 |  2 -0.43675 -2.22711e-02 |  3 -0.38198 -7.98270e-03
  4 -0.42820 -1.14366e-04 |  5 -0.37635 -4.09038e-04 |  6  0.64106 -1.08220e-02
  7  0.00068 -2.46129e-04 |  8  0.00012 -6.35478e-04 |  9  0.00015 -5.69960e-04
 10  0.00018 -3.16230e-04 | 11  0.00022 -2.96803e-04 | 12  0.00032  2.43232e-04
 13  0.00037  4.65817e-04 | 14  0.00043  2.55960e-04 | 15  0.00050  1.30026e-04
 16  0.00058  7.13055e-05 | 17  0.00066  3.72148e-04 | 18  0.00077  1.97879e-04
 19  0.00150  2.17249e-04 | 20  0.00077 -6.05344e-05 | 21  0.00066 -3.68307e-04
 22  0.00039 -2.49418e-04 | 23 -0.00011 -4.98149e-04 | 24  0.00103 -8.45237e-04
 25 -0.00188 -6.95813e-04 | 26 -0.00098 -7.35349e-04 | 27 -0.00197  1.14142e-04
 28 -0.00201 -2.50557e-05 | 29  0.00352 -3.97490e-04 | 30  0.00655 -6.20912e-04
 31  0.00112 -1.10904e-03 | 32  0.00053 -1.06094e-04 | 33  0.00034 -4.59144e-04
 34  0.00130 -4.25936e-04 | 35 -0.00042 -7.23615e-04 | 36  0.00245 -1.19567e-04
 37 -0.00126 -5.90482e-04 | 38  0.00084 -5.21065e-04 | 39  0.00398 -8.03227e-04
 40  0.01588 -5.92568e-04 | 41 -0.00044 -6.13790e-04 | 42 -0.00490 -5.97227e-04
 43 -0.00839 -4.41143e-04 | 44 -0.01466 -3.04712e-04 | 45 -0.00729 -3.01317e-04
 46 -0.00469 -6.25566e-04 | 47  0.00074 -1.24369e-04 | 48 -0.00010 -6.63512e-05
 49 -0.00560  1.60261e-04 | 50  0.01514 -4.04927e-04 | 51  0.00222 -4.39172e-04
 52  0.00476  3.76445e-05 | 53  0.00699 -3.71391e-04 | 54  0.01043 -2.92107e-04
 55  0.00320 -3.26698e-04 | 56  0.00885 -8.09562e-04 | 57  0.01021  2.90114e-04
 58  0.00424 -2.61251e-04 | 59  0.00536 -7.11328e-05 | 60  0.00663 -3.03870e-04
 61 -0.00600 -6.28353e-05 | 62 -0.00478  1.66066e-04 | 63 -0.01178  4.07380e-04
 64 -0.00438  2.10645e-04 | 65  0.01405 -2.23158e-04 | 66 -0.01016  1.95073e-04
 67  0.00879 -1.18418e-04 | 68  0.05495 -3.18433e-04 | 69  0.01958  3.62027e-04
 70 -0.00641  9.25134e-05 | 71 -0.00247  2.80741e-05 | 72 -0.02739 -1.82075e-04
 73  0.01533 -4.05357e-04 | 74 -0.00036  1.36936e-03 | 75 -0.02730  1.70747e-04
 76  0.00946  8.12394e-04 | 77 -0.00475 -1.69293e-04 | 78  0.00648 -5.52908e-04
 79 -0.01350  4.34622e-04 | 80  0.03912  7.88875e-05 | 81 -0.04954  1.58045e-04
 82 -0.00064  3.41641e-04 | 83  0.01223  6.51900e-04 | 84  0.00399  1.40610e-03
 85 -0.02351  5.76248e-04 | 86 -0.02552  1.35814e-04 | 87 -0.00793  6.53100e-04
 88 -0.00223  2.56921e-04 | 89 -0.04312  5.83227e-04 | 90 -0.02079  6.27566e-04
 91  0.03341  9.05789e-04 | 92 -0.00839  5.63744e-04 | 93  0.00588  7.40381e-04
 94 -0.03719  2.96828e-06 | 95  0.05332  6.04614e-04 | 96 -0.00786  5.87314e-04
 97  0.03421  9.74968e-04 | 98 -0.02913 -6.36451e-05 | 99 -0.01416  1.31888e-03
100 -0.00584  7.68706e-04 |101 -0.00350 -2.96064e-04 |102 -0.00162 -5.96178e-05
103  0.02453  1.32241e-03 |104 -0.00354  1.38054e-04 |105 -0.00012  7.79203e-04
106  0.00005  4.92303e-05 |107 -0.00570  6.22236e-03 |108 -0.04871 -7.68239e-04
109 -0.42159  1.12126e-03 |110 -0.53583 -3.26322e-04 |111 -0.34711 -2.82730e-03
111 variables; iteration 140; function evaluation 218; phase 5
Function value 5.3371078e+02; maximum gradient component mag -9.4572e-03
Var    Value     Gradient |Var    Value     Gradient |Var    Value     Gradient
  1 -0.43245 -4.41385e-04 |  2 -0.43675 -1.69484e-03 |  3 -0.38200 -6.77623e-04
  4 -0.42819 -4.17248e-05 |  5 -0.37637  6.79246e-05 |  6  0.64106 -4.07409e-03
  7  0.00068  5.38579e-05 |  8  0.00013 -7.13520e-05 |  9  0.00015  1.81092e-04
 10  0.00018  2.52807e-04 | 11  0.00022 -3.47050e-04 | 12  0.00032 -5.71449e-05
 13  0.00037  1.79755e-04 | 14  0.00043 -1.57318e-04 | 15  0.00050  3.56642e-05
 16  0.00058  3.31460e-04 | 17  0.00066  1.44476e-04 | 18  0.00077  3.71288e-04
 19  0.00150  4.91784e-04 | 20  0.00077 -1.10164e-04 | 21  0.00067  4.68047e-04
 22  0.00039  3.53985e-04 | 23 -0.00011  7.27249e-05 | 24  0.00103  2.25460e-04
 25 -0.00188  1.92193e-04 | 26 -0.00098  9.49752e-05 | 27 -0.00197  2.04171e-04
 28 -0.00201  1.26156e-04 | 29  0.00352  6.83170e-04 | 30  0.00655  3.30427e-04
 31  0.00112  8.29580e-04 | 32  0.00053  2.49898e-04 | 33  0.00034  4.85576e-04
 34  0.00130  4.49541e-04 | 35 -0.00042  2.63731e-04 | 36  0.00245  5.93320e-05
 37 -0.00126 -8.32919e-06 | 38  0.00084  1.19757e-04 | 39  0.00398  4.09806e-04
 40  0.01588  4.70987e-04 | 41 -0.00044  8.01812e-05 | 42 -0.00490  7.80066e-05
 43 -0.00839  1.00082e-04 | 44 -0.01466  1.23810e-04 | 45 -0.00729  1.08199e-04
 46 -0.00469  1.15829e-04 | 47  0.00074 -1.27742e-04 | 48 -0.00010  1.15918e-04
 49 -0.00560 -3.46229e-05 | 50  0.01514 -4.34804e-05 | 51  0.00222 -9.89882e-05
 52  0.00476 -2.27155e-04 | 53  0.00699  3.18282e-04 | 54  0.01043 -2.59172e-04
 55  0.00320  1.55820e-05 | 56  0.00885  2.24157e-04 | 57  0.01021 -1.72653e-04
 58  0.00424 -4.58337e-05 | 59  0.00536 -2.57777e-04 | 60  0.00663  2.48367e-05
 61 -0.00600 -1.08210e-04 | 62 -0.00478 -1.48756e-04 | 63 -0.01178 -2.73832e-04
 64 -0.00438 -2.14219e-04 | 65  0.01405 -1.70439e-04 | 66 -0.01016 -2.32828e-04
 67  0.00879 -7.15004e-05 | 68  0.05495 -5.80439e-04 | 69  0.01958 -5.75650e-04
 70 -0.00641 -1.50349e-04 | 71 -0.00248 -1.61947e-04 | 72 -0.02739  1.67091e-04
 73  0.01533  4.41010e-05 | 74 -0.00036 -1.17958e-03 | 75 -0.02730 -7.99599e-05
 76  0.00946 -9.37332e-04 | 77 -0.00475  6.15234e-06 | 78  0.00648  2.56681e-04
 79 -0.01350  1.09557e-04 | 80  0.03912 -6.34617e-04 | 81 -0.04954  1.21540e-04
 82 -0.00064 -4.43057e-04 | 83  0.01223 -3.70043e-04 | 84  0.00399 -1.27716e-03
 85 -0.02351 -1.13209e-04 | 86 -0.02552  4.06573e-05 | 87 -0.00793 -2.69222e-04
 88 -0.00223 -1.27999e-04 | 89 -0.04312 -1.78262e-04 | 90 -0.02079 -3.82070e-04
 91  0.03341 -4.87751e-04 | 92 -0.00840 -3.62083e-04 | 93  0.00588 -1.91275e-04
 94 -0.03719  2.77031e-04 | 95  0.05332 -2.16880e-04 | 96 -0.00786 -2.07653e-04
 97  0.03422 -3.29585e-04 | 98 -0.02913  3.43794e-04 | 99 -0.01416 -6.03906e-04
100 -0.00584 -3.34398e-04 |101 -0.00350  7.91580e-04 |102 -0.00162  3.69580e-04
103  0.02453 -4.77233e-04 |104 -0.00354  2.40529e-04 |105 -0.00012  3.83379e-04
106  0.00005 -3.07280e-05 |107 -0.00570 -9.45723e-03 |108 -0.04869 -5.59605e-05
109 -0.42158 -8.62698e-06 |110 -0.53551  2.45648e-04 |111 -0.34693 -2.75771e-04
  ic > imax  in fminim is answer attained ?
Var    Value     Gradient |Var    Value     Gradient |Var    Value     Gradient
  1 -0.43245  4.20361e-05 |  2 -0.43675  6.90683e-04 |  3 -0.38199  2.57280e-04
  4 -0.42819  5.53272e-06 |  5 -0.37637  1.28323e-05 |  6  0.64106  4.92943e-04
  7  0.00068  2.99757e-06 |  8  0.00013  3.03464e-06 |  9  0.00015  4.86613e-07
 10  0.00018 -9.59204e-09 | 11  0.00022  2.46099e-06 | 12  0.00032 -1.25635e-05
 13  0.00037 -1.41664e-05 | 14  0.00043 -1.19597e-05 | 15  0.00050 -1.14054e-05
 16  0.00058 -1.07913e-05 | 17  0.00066 -1.33751e-05 | 18  0.00077 -1.27744e-05
 19  0.00150 -1.36860e-05 | 20  0.00077 -8.10816e-06 | 21  0.00066 -8.53835e-06
 22  0.00039 -4.54536e-06 | 23 -0.00011 -4.66397e-06 | 24  0.00103  3.06234e-07
 25 -0.00188 -7.86514e-07 | 26 -0.00098  2.28560e-06 | 27 -0.00197 -1.65389e-06
 28 -0.00201  2.26381e-06 | 29  0.00352 -4.42629e-06 | 30  0.00655  5.24300e-06
 31  0.00112 -2.25515e-06 | 32  0.00053  2.85847e-06 | 33  0.00034  2.89983e-06
 34  0.00130  5.35085e-06 | 35 -0.00042  4.32150e-06 | 36  0.00245  5.48015e-06
 37 -0.00126  6.23661e-06 | 38  0.00084  5.63410e-06 | 39  0.00398  5.43551e-06
 40  0.01588  1.31439e-05 | 41 -0.00044  9.42351e-06 | 42 -0.00490  6.46928e-06
 43 -0.00839  4.38121e-06 | 44 -0.01466  1.87505e-06 | 45 -0.00729  4.40658e-06
 46 -0.00469  7.60725e-06 | 47  0.00074  6.38305e-06 | 48 -0.00010  6.81153e-06
 49 -0.00560  3.60019e-06 | 50  0.01514  1.38768e-05 | 51  0.00222  7.48060e-06
 52  0.00476  6.82595e-06 | 53  0.00699  8.84234e-06 | 54  0.01043  9.45869e-06
 55  0.00320  6.85612e-06 | 56  0.00885  5.78903e-06 | 57  0.01021  1.59951e-05
 58  0.00424  5.20354e-06 | 59  0.00536  1.02245e-05 | 60  0.00663  1.04740e-05
 61 -0.00600  5.31982e-06 | 62 -0.00478  5.22694e-06 | 63 -0.01178  2.25087e-06
 64 -0.00438  4.24394e-06 | 65  0.01405  1.19525e-05 | 66 -0.01016  4.05512e-06
 67  0.00879  7.76107e-06 | 68  0.05495  3.54053e-05 | 69  0.01958  1.11577e-05
 70 -0.00641  3.45945e-06 | 71 -0.00247  6.45121e-06 | 72 -0.02739  3.26331e-07
 73  0.01533  1.78333e-05 | 74 -0.00036  1.68540e-06 | 75 -0.02730 -2.63419e-08
 76  0.00946  6.78256e-06 | 77 -0.00475  7.22484e-06 | 78  0.00648  1.12465e-05
 79 -0.01350  1.35258e-06 | 80  0.03912  2.13113e-05 | 81 -0.04954 -6.51519e-06
 82 -0.00064  1.21331e-06 | 83  0.01223  4.42233e-06 | 84  0.00399 -4.38231e-06
 85 -0.02351 -5.21916e-06 | 86 -0.02552 -4.76321e-06 | 87 -0.00793 -5.01804e-06
 88 -0.00223 -2.33389e-06 | 89 -0.04312 -1.15097e-05 | 90 -0.02079 -9.84254e-06
 91  0.03341 -8.15488e-07 | 92 -0.00840 -1.00064e-05 | 93  0.00588 -8.87568e-06
 94 -0.03719 -1.08055e-05 | 95  0.05332 -2.87055e-06 | 96 -0.00786 -1.29860e-05
 97  0.03422 -1.20121e-05 | 98 -0.02913 -1.23149e-05 | 99 -0.01416 -1.98313e-05
100 -0.00584 -1.76218e-05 |101 -0.00350 -1.32215e-05 |102 -0.00162 -1.47509e-05
103  0.02453 -2.18475e-05 |104 -0.00354 -1.56686e-05 |105 -0.00012 -2.02971e-05
106  0.00005 -1.46169e-05 |107 -0.00570  2.26774e-04 |108 -0.04869  3.12105e-05
109 -0.42158 -4.22742e-05 |110 -0.53551  1.20400e-06 |111 -0.34694 -2.20866e-06
Function minimizer not making progress ... is minimum attained?
Minimprove criterion = 0.0000e+00

 - final statistics:
111 variables; iteration 145; function evaluation 252
Function value 5.3371e+02; maximum gradient component mag 6.9068e-04
Exit code = 1;  converg criter 1.0000e-04
Var    Value     Gradient |Var    Value     Gradient |Var    Value     Gradient
  1 -0.43245  4.20361e-05 |  2 -0.43675  6.90683e-04 |  3 -0.38199  2.57280e-04
  4 -0.42819  5.53272e-06 |  5 -0.37637  1.28323e-05 |  6  0.64106  4.92943e-04
  7  0.00068  2.99757e-06 |  8  0.00013  3.03464e-06 |  9  0.00015  4.86613e-07
 10  0.00018 -9.59204e-09 | 11  0.00022  2.46099e-06 | 12  0.00032 -1.25635e-05
 13  0.00037 -1.41664e-05 | 14  0.00043 -1.19597e-05 | 15  0.00050 -1.14054e-05
 16  0.00058 -1.07913e-05 | 17  0.00066 -1.33751e-05 | 18  0.00077 -1.27744e-05
 19  0.00150 -1.36860e-05 | 20  0.00077 -8.10816e-06 | 21  0.00066 -8.53835e-06
 22  0.00039 -4.54536e-06 | 23 -0.00011 -4.66397e-06 | 24  0.00103  3.06234e-07
 25 -0.00188 -7.86514e-07 | 26 -0.00098  2.28560e-06 | 27 -0.00197 -1.65389e-06
 28 -0.00201  2.26381e-06 | 29  0.00352 -4.42629e-06 | 30  0.00655  5.24300e-06
 31  0.00112 -2.25515e-06 | 32  0.00053  2.85847e-06 | 33  0.00034  2.89983e-06
 34  0.00130  5.35085e-06 | 35 -0.00042  4.32150e-06 | 36  0.00245  5.48015e-06
 37 -0.00126  6.23661e-06 | 38  0.00084  5.63410e-06 | 39  0.00398  5.43551e-06
 40  0.01588  1.31439e-05 | 41 -0.00044  9.42351e-06 | 42 -0.00490  6.46928e-06
 43 -0.00839  4.38121e-06 | 44 -0.01466  1.87505e-06 | 45 -0.00729  4.40658e-06
 46 -0.00469  7.60725e-06 | 47  0.00074  6.38305e-06 | 48 -0.00010  6.81153e-06
 49 -0.00560  3.60019e-06 | 50  0.01514  1.38768e-05 | 51  0.00222  7.48060e-06
 52  0.00476  6.82595e-06 | 53  0.00699  8.84234e-06 | 54  0.01043  9.45869e-06
 55  0.00320  6.85612e-06 | 56  0.00885  5.78903e-06 | 57  0.01021  1.59951e-05
 58  0.00424  5.20354e-06 | 59  0.00536  1.02245e-05 | 60  0.00663  1.04740e-05
 61 -0.00600  5.31982e-06 | 62 -0.00478  5.22694e-06 | 63 -0.01178  2.25087e-06
 64 -0.00438  4.24394e-06 | 65  0.01405  1.19525e-05 | 66 -0.01016  4.05512e-06
 67  0.00879  7.76107e-06 | 68  0.05495  3.54053e-05 | 69  0.01958  1.11577e-05
 70 -0.00641  3.45945e-06 | 71 -0.00247  6.45121e-06 | 72 -0.02739  3.26331e-07
 73  0.01533  1.78333e-05 | 74 -0.00036  1.68540e-06 | 75 -0.02730 -2.63419e-08
 76  0.00946  6.78256e-06 | 77 -0.00475  7.22484e-06 | 78  0.00648  1.12465e-05
 79 -0.01350  1.35258e-06 | 80  0.03912  2.13113e-05 | 81 -0.04954 -6.51519e-06
 82 -0.00064  1.21331e-06 | 83  0.01223  4.42233e-06 | 84  0.00399 -4.38231e-06
 85 -0.02351 -5.21916e-06 | 86 -0.02552 -4.76321e-06 | 87 -0.00793 -5.01804e-06
 88 -0.00223 -2.33389e-06 | 89 -0.04312 -1.15097e-05 | 90 -0.02079 -9.84254e-06
 91  0.03341 -8.15488e-07 | 92 -0.00840 -1.00064e-05 | 93  0.00588 -8.87568e-06
 94 -0.03719 -1.08055e-05 | 95  0.05332 -2.87055e-06 | 96 -0.00786 -1.29860e-05
 97  0.03422 -1.20121e-05 | 98 -0.02913 -1.23149e-05 | 99 -0.01416 -1.98313e-05
100 -0.00584 -1.76218e-05 |101 -0.00350 -1.32215e-05 |102 -0.00162 -1.47509e-05
103  0.02453 -2.18475e-05 |104 -0.00354 -1.56686e-05 |105 -0.00012 -2.02971e-05
106  0.00005 -1.46169e-05 |107 -0.00570  2.26774e-04 |108 -0.04869  3.12105e-05
109 -0.42158 -4.22742e-05 |110 -0.53551  1.20400e-06 |111 -0.34694 -2.20866e-06

Initial statistics: 112 variables; iteration 0; function evaluation 0; phase 6
Function value 5.3371078e+02; maximum gradient component mag 6.9068e-04
Var    Value     Gradient |Var    Value     Gradient |Var    Value     Gradient
  1 -0.43245  4.20361e-05 |  2 -0.43675  6.90681e-04 |  3 -0.38199  2.57280e-04
  4 -0.42819  5.53271e-06 |  5 -0.37637  1.28322e-05 |  6  0.64106  4.92942e-04
  7  0.00068  2.99757e-06 |  8  0.00013  3.03463e-06 |  9  0.00015  4.86611e-07
 10  0.00018 -9.59455e-09 | 11  0.00022  2.46099e-06 | 12  0.00032 -1.24617e-05
 13  0.00037 -1.40646e-05 | 14  0.00043 -1.18580e-05 | 15  0.00050 -1.13036e-05
 16  0.00058 -1.06895e-05 | 17  0.00066 -1.32734e-05 | 18  0.00077 -1.26726e-05
 19  0.00150 -1.35843e-05 | 20  0.00077 -8.00643e-06 | 21  0.00066 -8.43661e-06
 22  0.00039 -4.44363e-06 | 23 -0.00011 -4.56224e-06 | 24  0.00103  4.07956e-07
 25 -0.00188 -6.84795e-07 | 26 -0.00098  2.38732e-06 | 27 -0.00197 -1.55217e-06
 28 -0.00201  2.36552e-06 | 29  0.00352 -4.32459e-06 | 30  0.00655  5.34469e-06
 31  0.00112 -2.15345e-06 | 32  0.00053  2.96017e-06 | 33  0.00034  3.00154e-06
 34  0.00130  5.45255e-06 | 35 -0.00042  4.42320e-06 | 36  0.00245  5.58184e-06
 37 -0.00126  6.33831e-06 | 38  0.00084  5.73579e-06 | 39  0.00398  5.53719e-06
 40  0.01588  1.32456e-05 | 41 -0.00044  9.52520e-06 | 42 -0.00490  6.57097e-06
 43 -0.00839  4.48290e-06 | 44 -0.01466  1.97673e-06 | 45 -0.00729  4.50827e-06
 46 -0.00469  7.70894e-06 | 47  0.00074  6.48474e-06 | 48 -0.00010  6.91322e-06
 49 -0.00560  3.70188e-06 | 50  0.01514  1.39784e-05 | 51  0.00222  7.58228e-06
 52  0.00476  6.92763e-06 | 53  0.00699  8.94401e-06 | 54  0.01043  9.56035e-06
 55  0.00320  6.95781e-06 | 56  0.00885  5.89070e-06 | 57  0.01021  1.60967e-05
 58  0.00424  5.30522e-06 | 59  0.00536  1.03261e-05 | 60  0.00663  1.05757e-05
 61 -0.00600  5.42151e-06 | 62 -0.00478  5.32862e-06 | 63 -0.01178  2.35255e-06
 64 -0.00438  4.34562e-06 | 65  0.01405  1.20541e-05 | 66 -0.01016  4.15681e-06
 67  0.00879  7.86274e-06 | 68  0.05495  3.55066e-05 | 69  0.01958  1.12593e-05
 70 -0.00641  3.56114e-06 | 71 -0.00247  6.55290e-06 | 72 -0.02739  4.27943e-07
 73  0.01533  1.79350e-05 | 74 -0.00036  1.78707e-06 | 75 -0.02730  7.52699e-08
 76  0.00946  6.88422e-06 | 77 -0.00475  7.32652e-06 | 78  0.00648  1.13482e-05
 79 -0.01350  1.45426e-06 | 80  0.03912  2.14128e-05 | 81 -0.04954 -6.41377e-06
 82 -0.00064  1.31501e-06 | 83  0.01223  4.52400e-06 | 84  0.00399 -4.28061e-06
 85 -0.02351 -5.11751e-06 | 86 -0.02552 -4.66157e-06 | 87 -0.00793 -4.91633e-06
 88 -0.00223 -2.23218e-06 | 89 -0.04312 -1.14082e-05 | 90 -0.02079 -9.74086e-06
 91  0.03341 -7.13921e-07 | 92 -0.00840 -9.90470e-06 | 93  0.00588 -8.77396e-06
 94 -0.03719 -1.07040e-05 | 95  0.05332 -2.76918e-06 | 96 -0.00786 -1.28843e-05
 97  0.03422 -1.19105e-05 | 98 -0.02913 -1.22132e-05 | 99 -0.01416 -1.97296e-05
100 -0.00584 -1.75201e-05 |101 -0.00350 -1.31198e-05 |102 -0.00162 -1.46491e-05
103  0.02453 -2.17458e-05 |104 -0.00354 -1.55668e-05 |105 -0.00012 -2.01954e-05
106  0.00005 -1.45151e-05 |107  0.00000  0.00000e+00 |108 -0.00570  2.26773e-04
109 -0.04869  3.12104e-05 |110 -0.42158 -4.22741e-05 |111 -0.53551  1.20400e-06
112 -0.34694 -2.20866e-06 |

 - final statistics:
112 variables; iteration 1; function evaluation 2
Function value 5.3371e+02; maximum gradient component mag -5.7436e-05
Exit code = 1;  converg criter 1.0000e-04
Var    Value     Gradient |Var    Value     Gradient |Var    Value     Gradient
  1 -0.43245 -6.76236e-06 |  2 -0.43675 -2.66702e-05 |  3 -0.38199 -1.14228e-05
  4 -0.42819 -9.32445e-07 |  5 -0.37637 -3.76362e-07 |  6  0.64106 -3.06479e-05
  7  0.00068  1.35913e-07 |  8  0.00013  2.40694e-06 |  9  0.00015 -2.78670e-07
 10  0.00018 -9.42534e-07 | 11  0.00022  1.32400e-06 | 12  0.00032  3.34198e-06
 13  0.00037  1.43993e-06 | 14  0.00043  3.28465e-06 | 15  0.00050  3.40361e-06
 16  0.00058  3.49554e-06 | 17  0.00066  2.89246e-07 | 18  0.00077  1.49877e-07
 19  0.00150 -1.68359e-06 | 20  0.00077  2.95321e-06 | 21  0.00066  1.38893e-06
 22  0.00039  4.12971e-06 | 23 -0.00011  2.67884e-06 | 24  0.00103  5.94807e-06
 25 -0.00188  3.89498e-06 | 26 -0.00098  5.35080e-06 | 27 -0.00197  4.09224e-07
 28 -0.00201  3.45926e-06 | 29  0.00352 -5.12918e-06 | 30  0.00655  3.71206e-06
 31  0.00112 -3.40474e-06 | 32  0.00053  5.83369e-07 | 33  0.00034  1.18515e-06
 34  0.00130  2.57151e-06 | 35 -0.00042  1.44707e-06 | 36  0.00245  1.16954e-06
 37 -0.00126  2.74955e-06 | 38  0.00084  1.08355e-06 | 39  0.00398 -6.52290e-07
 40  0.01588  1.73592e-06 | 41 -0.00044  4.09410e-06 | 42 -0.00490  2.32059e-06
 43 -0.00839  1.07676e-06 | 44 -0.01466  2.92023e-07 | 45 -0.00729  3.25228e-07
 46 -0.00469  2.54484e-06 | 47  0.00074 -6.03205e-07 | 48 -0.00010  3.44181e-07
 49 -0.00560 -7.60321e-07 | 50  0.01514  1.30819e-06 | 51  0.00222  3.87218e-07
 52  0.00476 -1.30223e-06 | 53  0.00699 -2.47587e-07 | 54  0.01043 -1.07355e-06
 55  0.00320 -6.80508e-07 | 56  0.00885 -4.27654e-06 | 57  0.01021  5.05319e-06
 58  0.00424 -3.54765e-06 | 59  0.00536  5.93035e-07 | 60  0.00663 -2.22076e-08
 61 -0.00600 -5.17347e-07 | 62 -0.00478 -1.23608e-06 | 63 -0.01178 -1.71214e-06
 64 -0.00438 -2.11741e-06 | 65  0.01405 -1.63579e-06 | 66 -0.01016  8.26266e-07
 67  0.00879 -2.19431e-06 | 68  0.05495 -3.35764e-06 | 69  0.01958 -3.96888e-06
 70 -0.00641 -1.36764e-06 | 71 -0.00247 -7.85430e-07 | 72 -0.02739  3.95325e-07
 73  0.01533  5.85689e-07 | 74 -0.00036 -8.29079e-06 | 75 -0.02730 -5.06010e-07
 76  0.00946 -7.45539e-06 | 77 -0.00475  2.04997e-07 | 78  0.00648  9.16226e-07
 79 -0.01350  7.58143e-08 | 80  0.03912 -4.00301e-06 | 81 -0.04954  1.09061e-06
 82 -0.00064 -2.77911e-06 | 83  0.01223 -2.31435e-06 | 84  0.00399 -7.96441e-06
 85 -0.02351 -2.22437e-07 | 86 -0.02552  5.13188e-07 | 87 -0.00793 -1.58025e-06
 88 -0.00223 -1.48107e-07 | 89 -0.04312 -9.88251e-07 | 90 -0.02079 -2.35653e-06
 91  0.03341 -2.64999e-06 | 92 -0.00840 -1.99105e-06 | 93  0.00588 -8.79761e-07
 94 -0.03719  1.72510e-06 | 95  0.05332 -9.00025e-07 | 96 -0.00786 -9.40188e-07
 97  0.03422 -1.65371e-06 | 98 -0.02913  2.90338e-06 | 99 -0.01416 -3.53986e-06
100 -0.00584 -1.59456e-06 |101 -0.00350  4.69438e-06 |102 -0.00162  2.48895e-06
103  0.02453 -2.87076e-06 |104 -0.00354  1.65124e-06 |105 -0.00012 -3.00513e-06
106  0.00005  2.67367e-06 |107  0.00000  0.00000e+00 |108 -0.00570 -5.74357e-05
109 -0.04869 -1.13332e-06 |110 -0.42158  6.37799e-07 |111 -0.53551  8.76047e-07
112 -0.34694 -1.72685e-06 |
size of file gradfil1.tmp = 0
size of file gradfil2.tmp = 0
size of file varssave.tmp = 0
size of file cmpdiff.tmp = 0
