
Initial statistics: 1 variables; iteration 0; function evaluation 0; phase 1
Function value 7.9533252e+02; maximum gradient component mag -8.4559e+04
Var    Value     Gradient |Var    Value     Gradient |Var    Value     Gradient
  1  0.63197 -8.45587e+04 |

 - final statistics:
1 variables; iteration 9; function evaluation 12
Function value 6.7218e+02; maximum gradient component mag -9.3405e-02
Exit code = 1;  converg criter 1.0000e+01
Var    Value     Gradient |Var    Value     Gradient |Var    Value     Gradient
  1  0.63715 -9.34048e-02 |

Initial statistics: 98 variables; iteration 0; function evaluation 0; phase 2
Function value 6.7217719e+02; maximum gradient component mag -7.8485e+02
Var    Value     Gradient |Var    Value     Gradient |Var    Value     Gradient
  1  0.63715 -9.34048e-02 |  2  0.00000  3.81859e+00 |  3  0.00000  4.09653e+00
  4  0.00000  3.24829e+00 |  5  0.00000  4.27814e+00 |  6  0.00000  5.33376e+00
  7  0.00000  6.00462e+00 |  8  0.00000  6.89004e+00 |  9  0.00000  7.04813e+00
 10  0.00000  9.38174e+00 | 11  0.00000  1.05993e+01 | 12  0.00000  1.44815e+01
 13  0.00000  1.77219e+01 | 14  0.00000  2.11809e+01 | 15  0.00000  2.44521e+01
 16  0.00000  2.69209e+01 | 17  0.00000  2.46178e+01 | 18  0.00000  2.01200e+01
 19  0.00000  2.80918e+01 | 20  0.00000  1.58047e+01 | 21  0.00000  2.83043e+01
 22  0.00000  2.80649e+01 | 23  0.00000  2.77261e+01 | 24  0.00000  2.68382e+01
 25  0.00000  3.01723e+01 | 26  0.00000  3.27561e+01 | 27  0.00000  3.08678e+01
 28  0.00000  4.29483e+01 | 29  0.00000  4.33206e+01 | 30  0.00000  8.63498e-01
 31  0.00000  2.55698e+01 | 32  0.00000  3.06214e+01 | 33  0.00000  4.50853e+01
 34  0.00000  5.80338e+01 | 35  0.00000  1.60012e+01 | 36  0.00000  1.93713e+01
 37  0.00000  4.12250e+01 | 38  0.00000  3.58472e+01 | 39  0.00000  2.51855e+01
 40  0.00000  3.31506e+01 | 41  0.00000  2.83228e+01 | 42  0.00000  2.60048e+01
 43  0.00000  3.04674e+01 | 44  0.00000  5.21061e+01 | 45  0.00000  6.49203e+01
 46  0.00000  2.65390e+01 | 47  0.00000 -2.83209e+00 | 48  0.00000  3.18918e+01
 49  0.00000  5.27919e+01 | 50  0.00000  5.76933e+01 | 51  0.00000  6.00735e+01
 52  0.00000  4.80321e+01 | 53  0.00000  4.18278e+01 | 54  0.00000  3.52862e+01
 55  0.00000  6.04613e+01 | 56  0.00000  3.59156e+00 | 57  0.00000  2.95837e+01
 58  0.00000  2.20423e+01 | 59  0.00000  1.06867e+02 | 60  0.00000  1.59673e+02
 61  0.00000  1.49054e+02 | 62  0.00000  5.82339e+01 | 63  0.00000 -1.91165e+01
 64  0.00000  1.13885e+02 | 65  0.00000  5.58578e+01 | 66  0.00000  1.37298e+02
 67  0.00000 -1.50154e+01 | 68  0.00000 -2.64420e+02 | 69  0.00000 -7.84851e+02
 70  0.00000 -1.14526e+02 | 71  0.00000  3.00618e+02 | 72  0.00000  3.44128e+02
 73  0.00000 -2.86803e+02 | 74  0.00000  6.03390e+01 | 75  0.00000 -6.77622e+02
 76  0.00000 -6.49758e+02 | 77  0.00000  2.03134e+02 | 78  0.00000  3.33197e+02
 79  0.00000  5.54173e+02 | 80  0.00000 -7.77033e+02 | 81  0.00000  1.96691e+02
 82  0.00000 -2.02865e+02 | 83  0.00000  1.67383e+02 | 84  0.00000 -1.52458e+02
 85  0.00000  5.16408e+02 | 86  0.00000 -1.59438e+02 | 87  0.00000 -1.95913e+02
 88  0.00000 -2.96862e+02 | 89  0.00000 -4.38370e+01 | 90  0.00000  1.19164e+02
 91  0.00000 -4.88794e+02 | 92  0.00000 -2.96489e+02 | 93  0.00000  2.76354e+02
 94  0.00000  2.26293e+01 | 95  0.00000  3.12213e+00 | 96  0.00000  2.74068e+00
 97 -0.03546 -9.11964e+00 | 98 -0.31026 -9.80188e+01 |

Intermediate statistics: 98 variables; iteration 20; function evaluation 29; phase 2
Function value 6.1099231e+02; maximum gradient component mag 1.0158e+03
Var    Value     Gradient |Var    Value     Gradient |Var    Value     Gradient
  1  0.64387  1.01578e+03 |  2  0.00364 -3.09181e+01 |  3  0.00489 -2.85725e+01
  4  0.01454 -1.39782e+01 |  5  0.01184 -1.70121e+01 |  6  0.00980 -1.89533e+01
  7  0.01127 -1.55828e+01 |  8  0.01224 -1.27120e+01 |  9  0.01872 -1.18441e+00
 10  0.01248 -8.72649e+00 | 11  0.01406 -4.01845e+00 | 12  0.00213 -2.05562e+01
 13 -0.00416 -2.83834e+01 | 14 -0.00980 -3.52786e+01 | 15 -0.01354 -3.92216e+01
 16 -0.01436 -3.84963e+01 | 17 -0.00106 -1.44043e+01 | 18  0.01772  1.99955e+01
 19 -0.00859 -2.48193e+01 | 20  0.02205  2.93145e+01 | 21 -0.00407 -1.48392e+01
 22  0.00127 -2.86333e+00 | 23 -0.00050 -6.44803e+00 | 24  0.00428  3.68968e+00
 25 -0.00285 -7.12250e+00 | 26 -0.00697 -1.25730e+01 | 27  0.00008  1.55087e+00
 28 -0.01834 -2.74110e+01 | 29 -0.01753 -2.47994e+01 | 30  0.02035  2.83416e+01
 31  0.00850  2.02373e+01 | 32  0.00056  7.74390e+00 | 33 -0.01228 -9.06102e+00
 34 -0.01491 -4.55749e+00 | 35  0.00827  1.68265e+01 | 36  0.01459  3.54822e+01
 37 -0.00273  1.36030e+01 | 38  0.00431  2.76581e+01 | 39  0.01378  4.47271e+01
 40  0.01002  4.41041e+01 | 41  0.00910  3.78896e+01 | 42  0.00962  4.00486e+01
 43  0.01151  5.19051e+01 | 44  0.00406  5.42059e+01 | 45  0.00692  7.69701e+01
 46  0.00719  4.61077e+01 | 47  0.01424  4.35759e+01 | 48  0.00013  4.03448e+01
 49  0.00143  6.61803e+01 | 50  0.00098  7.18081e+01 | 51 -0.00937  4.93482e+01
 52 -0.00992  4.18727e+01 | 53 -0.00984  3.96544e+01 | 54 -0.00817  4.10985e+01
 55 -0.01086  5.78851e+01 | 56 -0.00229  4.35460e+01 | 57 -0.00927  5.10772e+01
 58 -0.00123  7.61995e+01 | 59 -0.02219  6.38833e+01 | 60 -0.02949  5.91051e+01
 61 -0.02537  7.25911e+01 | 62 -0.00431  1.00105e+02 | 63 -0.00073  4.61777e+01
 64 -0.00980  1.13521e+02 | 65 -0.00059  1.08332e+02 | 66 -0.01325  7.63389e+01
 67 -0.00067  4.65678e+01 | 68  0.00275 -1.25327e+02 | 69  0.01017 -4.72248e+02
 70 -0.00243 -6.30684e+01 | 71 -0.00640  1.98842e+02 | 72 -0.01301  1.93154e+02
 73  0.00065 -2.19188e+02 | 74 -0.00796 -8.69146e-01 | 75  0.00615 -4.62431e+02
 76  0.00607 -4.60745e+02 | 77 -0.00556  1.13500e+02 | 78 -0.01581  1.30926e+02
 79 -0.01242  3.46458e+02 | 80  0.01060 -5.34147e+02 | 81 -0.00885  6.35050e+01
 82 -0.00394 -2.32546e+02 | 83 -0.00652  5.90534e+01 | 84 -0.00318 -1.84640e+02
 85 -0.00704  3.82008e+02 | 86  0.00234 -1.34515e+02 | 87  0.00438 -1.18771e+02
 88  0.01141 -1.60577e+02 | 89  0.00466 -3.86987e+01 | 90 -0.00128  4.37666e+01
 91  0.01441 -3.29694e+02 | 92  0.01933 -1.59569e+02 | 93  0.00063  1.41858e+02
 94 -0.01001 -4.47885e+01 | 95 -0.00625 -4.74952e+01 | 96 -0.00415 -4.45421e+01
 97 -0.03115  8.58358e+01 | 98 -0.28948 -3.76538e+01 |
98 variables; iteration 40; function evaluation 58; phase 2
Function value 5.6881432e+02; maximum gradient component mag 1.3907e+03
Var    Value     Gradient |Var    Value     Gradient |Var    Value     Gradient
  1  0.64447  1.39069e+03 |  2  0.00058 -4.57131e+01 |  3  0.00071 -4.52797e+01
  4  0.00013 -4.70845e+01 |  5  0.00095 -4.48383e+01 |  6  0.00162 -4.28119e+01
  7  0.00214 -4.14009e+01 |  8  0.00270 -3.97183e+01 |  9  0.00338 -3.85528e+01
 10  0.00343 -3.62419e+01 | 11  0.00345 -3.50875e+01 | 12  0.00345 -3.13077e+01
 13  0.00422 -2.68050e+01 | 14  0.00539 -2.12785e+01 | 15  0.00611 -1.66357e+01
 16  0.00602 -1.42658e+01 | 17  0.00516 -1.81565e+01 | 18  0.00400 -2.46875e+01
 19  0.00638 -1.16744e+01 | 20  0.01035 -1.54287e+01 | 21  0.00568 -1.25962e+01
 22  0.00607 -1.13118e+01 | 23  0.00638 -1.06310e+01 | 24  0.00747 -8.73661e+00
 25  0.00777 -4.04405e+00 | 26  0.00768 -7.95779e-01 | 27  0.00972  2.64217e+00
 28  0.00217 -1.39821e+00 | 29  0.00117 -2.27067e+00 | 30  0.02150  5.82657e+00
 31  0.01273  9.93378e+00 | 32  0.00780  6.12852e+00 | 33 -0.00135 -4.54898e-01
 34 -0.00499  2.73042e+00 | 35  0.01023  2.27758e+00 | 36  0.00862  4.10029e+00
 37 -0.00218  1.88906e+00 | 38  0.00062  5.08540e+00 | 39  0.00479  6.59149e+00
 40  0.00126  5.98429e+00 | 41  0.00199  8.43687e+00 | 42  0.00166  9.02318e+00
 43 -0.00004  9.86238e+00 | 44 -0.00812  9.77204e+00 | 45 -0.01390  9.68058e-01
 46 -0.00116  1.07596e+01 | 47  0.00770  1.12059e+01 | 48 -0.00426  1.44200e+01
 49 -0.01323  7.38598e+00 | 50 -0.00739  2.85587e+01 | 51 -0.01488  1.65631e+01
 52 -0.01005  2.33586e+01 | 53 -0.00912  2.23591e+01 | 54 -0.00951  1.58038e+01
 55 -0.01368  2.59980e+01 | 56 -0.00533  4.95994e+00 | 57 -0.00981  2.06647e+01
 58 -0.00531  2.84576e+01 | 59 -0.02465  2.88159e+01 | 60 -0.03341  1.94948e+01
 61 -0.02851  3.06258e+01 | 62 -0.01114  2.46345e+01 | 63  0.00506  3.48658e+01
 64 -0.00969  6.26940e+01 | 65 -0.00553  7.47927e+00 | 66 -0.01058  3.52603e+01
 67  0.00566  7.61473e+01 | 68  0.01338  3.63784e+01 | 69  0.02833  2.44803e+01
 70 -0.00046 -1.13399e+01 | 71 -0.01206  6.30565e+01 | 72 -0.02495  3.86105e+01
 73  0.00727 -8.55226e+00 | 74 -0.01099  3.81295e+00 | 75  0.01843 -1.79617e+01
 76  0.02135 -5.89335e+00 | 77 -0.01214  1.96571e+01 | 78 -0.02096  1.02637e+02
 79 -0.02885  9.51300e+01 | 80  0.02884  1.47782e+01 | 81 -0.01398  3.38921e+01
 82  0.00253 -5.20169e+01 | 83 -0.01265 -8.09626e+00 | 84  0.00434 -2.27499e+00
 85 -0.02804  4.52075e+01 | 86  0.00840 -1.53385e+01 | 87  0.00775 -2.49545e+01
 88  0.01763 -5.21858e+01 | 89  0.00597 -5.92738e+01 | 90 -0.00643 -3.79944e+01
 91  0.03050 -4.13210e+01 | 92  0.02904 -6.45887e+01 | 93 -0.00746 -1.41803e+01
 94 -0.00487 -4.67358e+01 | 95  0.00137 -4.50718e+01 | 96  0.00104 -4.58604e+01
 97 -0.02984  1.32394e+02 | 98 -0.28535 -4.39743e+00 |
98 variables; iteration 60; function evaluation 89; phase 2
Function value 5.6686977e+02; maximum gradient component mag 2.0496e+03
Var    Value     Gradient |Var    Value     Gradient |Var    Value     Gradient
  1  0.64434  2.04963e+03 |  2  0.00182 -6.43015e+01 |  3  0.00233 -6.31150e+01
  4  0.00427 -6.07694e+01 |  5  0.00471 -5.88583e+01 |  6  0.00485 -5.73692e+01
  7  0.00555 -5.52975e+01 |  8  0.00552 -5.41318e+01 |  9  0.00576 -5.31906e+01
 10  0.00211 -5.65701e+01 | 11 -0.00037 -5.92172e+01 | 12  0.00265 -4.96519e+01
 13  0.00537 -4.08698e+01 | 14  0.00443 -3.84620e+01 | 15  0.00326 -3.67551e+01
 16  0.00421 -3.16275e+01 | 17  0.00733 -2.65479e+01 | 18  0.01189 -2.06625e+01
 19  0.00577 -2.46739e+01 | 20  0.01047 -2.61610e+01 | 21  0.00816 -1.79225e+01
 22  0.00790 -1.67897e+01 | 23  0.00671 -1.91949e+01 | 24  0.00592 -2.01981e+01
 25  0.00532 -1.65063e+01 | 26  0.00528 -1.22158e+01 | 27  0.00745 -7.01167e+00
 28 -0.00001 -1.15957e+01 | 29 -0.00004 -9.39893e+00 | 30  0.01769 -1.45268e+00
 31  0.00700 -3.25725e+00 | 32  0.00311 -4.80232e+00 | 33 -0.00139 -8.29646e-01
 34 -0.00631 -9.06251e-01 | 35  0.00632 -2.85815e+00 | 36  0.00793  9.69675e+00
 37 -0.00076  1.00809e+01 | 38  0.00029  1.08742e+01 | 39  0.00299  1.11629e+01
 40 -0.00037  1.07614e+01 | 41 -0.00014  1.30438e+01 | 42 -0.00166  1.05880e+01
 43 -0.00428  8.49756e+00 | 44 -0.01114  9.38855e+00 | 45 -0.01215  1.68683e+01
 46 -0.00178  2.44582e+01 | 47  0.00787  3.41024e+01 | 48 -0.00063  4.31092e+01
 49 -0.01086  2.79695e+01 | 50 -0.00776  4.38855e+01 | 51 -0.01456  3.08666e+01
 52 -0.01200  3.28365e+01 | 53 -0.01098  3.37770e+01 | 54 -0.00647  4.76782e+01
 55 -0.01252  4.98913e+01 | 56  0.00247  6.42335e+01 | 57 -0.00610  5.82218e+01
 58 -0.00641  5.00555e+01 | 59 -0.02319  4.86417e+01 | 60 -0.03062  4.28636e+01
 61 -0.02689  5.21822e+01 | 62 -0.00983  5.62593e+01 | 63  0.00669  8.23329e+01
 64 -0.01431  5.79749e+01 | 65 -0.00100  6.92825e+01 | 66 -0.01009  6.08861e+01
 67  0.00312  6.71242e+01 | 68  0.01338  6.42818e+01 | 69  0.02826  6.96910e+01
 70  0.00194  4.60808e+01 | 71 -0.01308  4.96151e+01 | 72 -0.02444  4.37553e+01
 73  0.00872  4.27521e+01 | 74 -0.00940  3.27888e+01 | 75  0.01975  3.74233e+01
 76  0.02226  3.87126e+01 | 77 -0.01199  1.77094e+01 | 78 -0.02607  2.60313e+01
 79 -0.03259  2.47215e+01 | 80  0.02898  2.96022e+01 | 81 -0.01590 -3.07308e+00
 82  0.00513 -7.01833e+00 | 83 -0.01273 -1.77072e+01 | 84  0.00434 -1.31007e+01
 85 -0.03099 -1.45789e+01 | 86  0.00862 -2.91385e+01 | 87  0.00785 -3.71510e+01
 88  0.01941 -3.96608e+01 | 89  0.00717 -5.73218e+01 | 90 -0.00624 -5.72040e+01
 91  0.03041 -6.75195e+01 | 92  0.03105 -5.99478e+01 | 93 -0.00993 -6.25386e+01
 94 -0.00553 -6.85637e+01 | 95  0.00108 -6.67229e+01 | 96  0.00103 -6.70957e+01
 97 -0.03299  1.48936e+02 | 98 -0.28688 -3.18966e-01 |
Maximum number of function evaluations exceeded

 - final statistics:
98 variables; iteration 68; function evaluation 100
Function value 5.6618e+02; maximum gradient component mag 2.0727e+03
Exit code = 3;  converg criter 1.0000e+01
Var    Value     Gradient |Var    Value     Gradient |Var    Value     Gradient
  1  0.64373  2.07274e+03 |  2  0.00334 -6.21590e+01 |  3  0.00324 -6.18722e+01
  4  0.00362 -6.19310e+01 |  5  0.00306 -6.15675e+01 |  6  0.00321 -5.99902e+01
  7  0.00401 -5.77047e+01 |  8  0.00532 -5.42636e+01 |  9  0.00746 -5.00244e+01
 10  0.00556 -5.02816e+01 | 11  0.00322 -5.24466e+01 | 12  0.00459 -4.54281e+01
 13  0.00682 -3.71867e+01 | 14  0.00291 -4.02564e+01 | 15  0.00236 -3.72260e+01
 16  0.00509 -2.82963e+01 | 17  0.00653 -2.64917e+01 | 18  0.00905 -2.46935e+01
 19  0.00572 -2.28074e+01 | 20  0.01132 -2.17688e+01 | 21  0.00692 -1.81127e+01
 22  0.00659 -1.69423e+01 | 23  0.00590 -1.82937e+01 | 24  0.00674 -1.54961e+01
 25  0.00556 -1.29139e+01 | 26  0.00385 -1.23457e+01 | 27  0.00374 -1.25531e+01
 28  0.00028 -7.42455e+00 | 29 -0.00071 -7.51712e+00 | 30  0.01467 -5.17612e+00
 31  0.00637 -5.98931e-01 | 32  0.00376  8.27811e-01 | 33 -0.00352 -2.70084e+00
 34 -0.00764 -8.92329e-01 | 35  0.00507 -1.89193e+00 | 36  0.00722  1.23609e+01
 37 -0.00132  1.24841e+01 | 38  0.00039  1.52614e+01 | 39  0.00232  1.34440e+01
 40 -0.00095  1.31452e+01 | 41 -0.00143  1.30192e+01 | 42 -0.00175  1.37248e+01
 43 -0.00478  1.04809e+01 | 44 -0.01012  1.58929e+01 | 45 -0.01260  1.85861e+01
 46 -0.00117  2.97871e+01 | 47  0.00683  3.28470e+01 | 48 -0.00539  2.85131e+01
 49 -0.00981  3.28606e+01 | 50 -0.01077  3.38103e+01 | 51 -0.01314  3.63781e+01
 52 -0.01052  3.77908e+01 | 53 -0.00807  4.36581e+01 | 54 -0.00467  5.35932e+01
 55 -0.01111  5.38743e+01 | 56  0.00307  6.41900e+01 | 57 -0.00505  5.99598e+01
 58 -0.00364  5.93058e+01 | 59 -0.02241  4.90838e+01 | 60 -0.02979  4.35862e+01
 61 -0.02664  5.03218e+01 | 62 -0.00807  6.20931e+01 | 63  0.00763  8.38512e+01
 64 -0.01419  5.47477e+01 | 65  0.00077  7.91608e+01 | 66 -0.00926  6.37251e+01
 67  0.00342  6.38188e+01 | 68  0.01382  6.28613e+01 | 69  0.02851  6.50227e+01
 70  0.00287  5.52832e+01 | 71 -0.01300  4.41844e+01 | 72 -0.02423  4.12050e+01
 73  0.00914  4.51540e+01 | 74 -0.00880  3.67611e+01 | 75  0.02011  3.82302e+01
 76  0.02251  3.71118e+01 | 77 -0.01173  1.65981e+01 | 78 -0.02660  1.44327e+01
 79 -0.03357  3.82517e+00 | 80  0.02896  1.90281e+01 | 81 -0.01603 -9.49081e+00
 82  0.00551 -5.66279e+00 | 83 -0.01265 -2.03949e+01 | 84  0.00452 -1.60398e+01
 85 -0.03202 -3.28673e+01 | 86  0.00902 -2.90879e+01 | 87  0.00794 -4.05431e+01
 88  0.01975 -4.04355e+01 | 89  0.00757 -5.49021e+01 | 90 -0.00593 -5.75641e+01
 91  0.03087 -6.23280e+01 | 92  0.03194 -5.09689e+01 | 93 -0.01039 -6.93862e+01
 94 -0.00897 -7.50835e+01 | 95  0.00091 -6.73899e+01 | 96  0.00186 -6.62568e+01
 97 -0.03504  1.35695e+02 | 98 -0.28722  6.86924e-01 |

Initial statistics: 100 variables; iteration 0; function evaluation 0; phase 3
Function value 5.6617667e+02; maximum gradient component mag 2.0727e+03
Var    Value     Gradient |Var    Value     Gradient |Var    Value     Gradient
  1  0.64373  2.07274e+03 |  2  0.00333 -6.26682e+01 |  3  0.00323 -6.23813e+01
  4  0.00361 -6.24402e+01 |  5  0.00305 -6.20767e+01 |  6  0.00321 -6.04993e+01
  7  0.00400 -5.82138e+01 |  8  0.00531 -5.47727e+01 |  9  0.00745 -5.05335e+01
 10  0.00555 -5.07907e+01 | 11  0.00321 -5.29558e+01 | 12  0.00458 -4.59372e+01
 13  0.00681 -3.76958e+01 | 14  0.00290 -4.07655e+01 | 15  0.00235 -3.77351e+01
 16  0.00508 -2.88054e+01 | 17  0.00652 -2.70009e+01 | 18  0.00904 -2.52026e+01
 19  0.00571 -2.33165e+01 | 20  0.01131 -2.22779e+01 | 21  0.00691 -1.86219e+01
 22  0.00658 -1.74514e+01 | 23  0.00589 -1.88029e+01 | 24  0.00673 -1.60052e+01
 25  0.00555 -1.34231e+01 | 26  0.00384 -1.28548e+01 | 27  0.00373 -1.30623e+01
 28  0.00027 -7.93371e+00 | 29 -0.00072 -8.02628e+00 | 30  0.01466 -5.68515e+00
 31  0.00636 -1.10807e+00 | 32  0.00375  3.18660e-01 | 33 -0.00353 -3.20999e+00
 34 -0.00765 -1.40145e+00 | 35  0.00506 -2.40107e+00 | 36  0.00721  1.18518e+01
 37 -0.00133  1.19749e+01 | 38  0.00038  1.47522e+01 | 39  0.00231  1.29348e+01
 40 -0.00096  1.26361e+01 | 41 -0.00144  1.25100e+01 | 42 -0.00176  1.32156e+01
 43 -0.00478  9.97172e+00 | 44 -0.01012  1.53838e+01 | 45 -0.01261  1.80771e+01
 46 -0.00118  2.92780e+01 | 47  0.00682  3.23379e+01 | 48 -0.00540  2.80039e+01
 49 -0.00982  3.23515e+01 | 50 -0.01078  3.33012e+01 | 51 -0.01315  3.58691e+01
 52 -0.01053  3.72817e+01 | 53 -0.00808  4.31489e+01 | 54 -0.00468  5.30841e+01
 55 -0.01112  5.33652e+01 | 56  0.00306  6.36808e+01 | 57 -0.00506  5.94506e+01
 58 -0.00365  5.87966e+01 | 59 -0.02242  4.85749e+01 | 60 -0.02980  4.30776e+01
 61 -0.02665  4.98131e+01 | 62 -0.00808  6.15839e+01 | 63  0.00762  8.33421e+01
 64 -0.01420  5.42386e+01 | 65  0.00076  7.86517e+01 | 66 -0.00927  6.32160e+01
 67  0.00341  6.33096e+01 | 68  0.01381  6.23522e+01 | 69  0.02850  6.45141e+01
 70  0.00286  5.47740e+01 | 71 -0.01301  4.36754e+01 | 72 -0.02424  4.06962e+01
 73  0.00913  4.46449e+01 | 74 -0.00881  3.62520e+01 | 75  0.02010  3.77213e+01
 76  0.02250  3.66029e+01 | 77 -0.01174  1.60890e+01 | 78 -0.02661  1.39239e+01
 79 -0.03358  3.31672e+00 | 80  0.02895  1.85195e+01 | 81 -0.01604 -9.99980e+00
 82  0.00550 -6.17194e+00 | 83 -0.01266 -2.09040e+01 | 84  0.00451 -1.65490e+01
 85 -0.03203 -3.33758e+01 | 86  0.00901 -2.95970e+01 | 87  0.00793 -4.10523e+01
 88  0.01974 -4.09445e+01 | 89  0.00756 -5.54112e+01 | 90 -0.00594 -5.80733e+01
 91  0.03086 -6.28366e+01 | 92  0.03193 -5.14775e+01 | 93 -0.01040 -6.98953e+01
 94 -0.00898 -7.55926e+01 | 95  0.00090 -6.78991e+01 | 96  0.00185 -6.67660e+01
 97 -0.03504  1.35695e+02 | 98 -0.41581 -9.57480e+01 | 99 -0.28722  6.86924e-01
100 -0.25275  6.89238e+01 |

Intermediate statistics: 100 variables; iteration 20; function evaluation 30; phase 3
Function value 5.6038222e+02; maximum gradient component mag -5.7223e+02
Var    Value     Gradient |Var    Value     Gradient |Var    Value     Gradient
  1  0.63623 -5.72226e+02 |  2  0.00024  1.81771e+01 |  3  0.00036  1.80775e+01
  4  0.00130  1.79902e+01 |  5  0.00105  1.78580e+01 |  6  0.00080  1.75896e+01
  7  0.00086  1.72189e+01 |  8  0.00079  1.66897e+01 |  9  0.00127  1.60093e+01
 10  0.00077  1.58315e+01 | 11  0.00134  1.58683e+01 | 12 -0.00050  1.47643e+01
 13 -0.00192  1.33888e+01 | 14 -0.00234  1.35671e+01 | 15 -0.00318  1.28754e+01
 16 -0.00420  1.12268e+01 | 17 -0.00170  1.05681e+01 | 18  0.00210  9.87639e+00
 19 -0.00307  9.53110e+00 | 20  0.00410  8.92250e+00 | 21 -0.00242  8.48421e+00
 22 -0.00115  7.41390e+00 | 23 -0.00130  7.49004e+00 | 24 -0.00008  6.48147e+00
 25 -0.00185  5.61123e+00 | 26 -0.00283  5.06405e+00 | 27 -0.00065  4.45432e+00
 28 -0.00835  3.29658e+00 | 29 -0.00825  2.69823e+00 | 30  0.01770  1.05366e-01
 31  0.00379 -2.90612e-01 | 32  0.00034 -1.45836e+00 | 33 -0.00759 -7.21478e-01
 34 -0.01421 -1.21418e+00 | 35  0.00897 -3.27644e+00 | 36  0.00977 -6.60028e+00
 37 -0.00551 -6.80019e+00 | 38 -0.00205 -8.65176e+00 | 39  0.00660 -9.67818e+00
 40 -0.00059 -9.53860e+00 | 41  0.00498 -9.59203e+00 | 42  0.00705 -1.11429e+01
 43  0.00492 -1.08309e+01 | 44 -0.01062 -1.13550e+01 | 45 -0.01643 -1.15497e+01
 46  0.00481 -1.59233e+01 | 47  0.03242 -2.01992e+01 | 48 -0.00006 -1.71315e+01
 49 -0.00936 -1.72543e+01 | 50 -0.01045 -1.74447e+01 | 51 -0.01324 -1.65014e+01
 52 -0.00518 -1.91604e+01 | 53 -0.00138 -2.15679e+01 | 54  0.00118 -2.50210e+01
 55 -0.01434 -2.27905e+01 | 56  0.02172 -2.80780e+01 | 57  0.00040 -2.64868e+01
 58  0.00828 -2.72260e+01 | 59 -0.02505 -1.98466e+01 | 60 -0.03326 -1.61082e+01
 61 -0.03111 -1.62747e+01 | 62 -0.00191 -2.40069e+01 | 63  0.01444 -3.68996e+01
 64 -0.01229 -1.81248e+01 | 65  0.00356 -2.29756e+01 | 66 -0.00682 -8.95007e+00
 67  0.00834  1.63501e-01 | 68  0.02038  7.03235e+00 | 69  0.02688 -1.86491e+02
 70  0.00723 -1.23242e+00 | 71 -0.01022  4.38803e+01 | 72 -0.02227  2.24532e+01
 73  0.01061 -1.29361e+01 | 74 -0.00581  1.58831e+01 | 75  0.02116 -3.94800e+01
 76  0.02454 -5.36245e+01 | 77 -0.00994  3.35589e+01 | 78 -0.02513  2.31692e+01
 79 -0.03360  2.83168e+01 | 80  0.03354  1.45837e+01 | 81 -0.01496  2.13560e+01
 82  0.00889  1.27103e+01 | 83 -0.01133  2.44529e+01 | 84  0.00773  1.86967e+01
 85 -0.03211  1.84474e+01 | 86  0.01226  1.74483e+01 | 87  0.00935  2.85162e+01
 88  0.02281  2.02645e+01 | 89  0.00817  1.90029e+01 | 90 -0.00384  1.88953e+01
 91  0.03085  2.41572e+01 | 92  0.03243  2.20582e+01 | 93 -0.01233  2.07973e+01
 94 -0.00368  2.16786e+01 | 95 -0.00019  1.90954e+01 | 96 -0.00027  1.88734e+01
 97 -0.08947 -9.30802e+01 | 98 -0.44569  1.53633e+02 | 99 -0.32081 -1.04846e+01
100 -0.27027  1.60956e+01 |
100 variables; iteration 40; function evaluation 56; phase 3
Function value 5.5951732e+02; maximum gradient component mag -8.9655e+02
Var    Value     Gradient |Var    Value     Gradient |Var    Value     Gradient
  1  0.63672 -8.96553e+02 |  2  0.00102  2.97132e+01 |  3  0.00103  2.93457e+01
  4  0.00173  2.87726e+01 |  5  0.00132  2.82485e+01 |  6  0.00113  2.78878e+01
  7  0.00133  2.75241e+01 |  8  0.00160  2.72478e+01 |  9  0.00250  2.68681e+01
 10  0.00141  2.55177e+01 | 11  0.00087  2.35567e+01 | 12 -0.00005  2.34275e+01
 13 -0.00044  2.31685e+01 | 14 -0.00213  2.10484e+01 | 15 -0.00301  1.98787e+01
 16 -0.00296  1.94153e+01 | 17 -0.00093  1.74693e+01 | 18  0.00229  1.53514e+01
 19 -0.00207  1.63905e+01 | 20  0.00407  1.35938e+01 | 21 -0.00139  1.45513e+01
 22 -0.00063  1.24154e+01 | 23 -0.00086  1.25021e+01 | 24  0.00023  1.08496e+01
 25 -0.00123  1.02197e+01 | 26 -0.00235  9.27513e+00 | 27 -0.00089  7.16864e+00
 28 -0.00686  8.98298e+00 | 29 -0.00677  7.98563e+00 | 30  0.01518 -4.52055e+00
 31  0.00383  2.76550e-01 | 32  0.00088  2.23613e-01 | 33 -0.00667  2.44410e+00
 34 -0.01234  3.99531e+00 | 35  0.00731 -7.75081e+00 | 36  0.00922 -1.01975e+01
 37 -0.00373 -4.64396e+00 | 38 -0.00092 -8.29185e+00 | 39  0.00635 -1.30063e+01
 40 -0.00068 -1.19358e+01 | 41  0.00413 -1.47276e+01 | 42  0.00586 -1.67050e+01
 43  0.00395 -1.60556e+01 | 44 -0.00929 -1.10744e+01 | 45 -0.01543 -1.05861e+01
 46  0.00412 -2.33340e+01 | 47  0.02787 -3.76955e+01 | 48  0.00070 -2.18462e+01
 49 -0.00801 -1.86014e+01 | 50 -0.01061 -2.07263e+01 | 51 -0.01196 -1.89830e+01
 52 -0.00487 -2.43662e+01 | 53 -0.00124 -2.83922e+01 | 54  0.00107 -3.34122e+01
 55 -0.01383 -2.67842e+01 | 56  0.01993 -4.89177e+01 | 57 -0.00285 -4.01218e+01
 58  0.00653 -4.30712e+01 | 59 -0.02307 -1.89173e+01 | 60 -0.03173 -1.25741e+01
 61 -0.02944 -1.42506e+01 | 62 -0.00308 -3.76221e+01 | 63  0.01244 -5.88654e+01
 64 -0.01192 -2.32472e+01 | 65  0.00317 -3.34905e+01 | 66 -0.00730 -1.94217e+01
 67  0.00673 -2.97797e+01 | 68  0.01789 -4.82239e+01 | 69  0.03057 -9.15456e+01
 70  0.00609 -1.65724e+01 | 71 -0.01187  1.11737e+01 | 72 -0.02345  1.05664e+01
 73  0.01030 -2.48171e+01 | 74 -0.00656  5.57790e+00 | 75  0.02168 -2.68846e+01
 76  0.02557 -3.19252e+01 | 77 -0.01109  1.07807e+01 | 78 -0.02614  1.47868e+01
 79 -0.03394  2.76038e+01 | 80  0.03274 -9.26627e+00 | 81 -0.01546  1.73245e+01
 82  0.00818  3.51326e+00 | 83 -0.01169  2.41994e+01 | 84  0.00731  1.74267e+01
 85 -0.03216  2.64281e+01 | 86  0.01194  1.99648e+01 | 87  0.00848  1.76371e+01
 88  0.02227  1.87969e+01 | 89  0.00770  2.05563e+01 | 90 -0.00374  3.04133e+01
 91  0.03085  3.58310e+01 | 92  0.03238  3.28032e+01 | 93 -0.01193  3.49690e+01
 94 -0.00479  2.95446e+01 | 95  0.00022  3.05217e+01 | 96  0.00042  3.07592e+01
 97 -0.09173 -6.05703e+01 | 98 -0.45094  9.06843e+01 | 99 -0.31443 -1.10629e+01
100 -0.26722  2.87977e+01 |
100 variables; iteration 60; function evaluation 84; phase 3
Function value 5.5906760e+02; maximum gradient component mag -5.3560e+02
Var    Value     Gradient |Var    Value     Gradient |Var    Value     Gradient
  1  0.63558 -5.35601e+02 |  2  0.00038  1.74498e+01 |  3  0.00041  1.72643e+01
  4  0.00130  1.71484e+01 |  5  0.00103  1.70414e+01 |  6  0.00071  1.67276e+01
  7  0.00064  1.62563e+01 |  8  0.00041  1.55684e+01 |  9  0.00079  1.48569e+01
 10  0.00037  1.49205e+01 | 11  0.00096  1.51298e+01 | 12 -0.00095  1.40555e+01
 13 -0.00250  1.26322e+01 | 14 -0.00283  1.31141e+01 | 15 -0.00373  1.24928e+01
 16 -0.00456  1.12932e+01 | 17 -0.00194  1.10366e+01 | 18  0.00097  9.24910e+00
 19 -0.00354  9.75966e+00 | 20  0.00247  7.66633e+00 | 21 -0.00193  1.00212e+01
 22 -0.00164  7.99645e+00 | 23 -0.00186  7.95282e+00 | 24 -0.00105  6.54069e+00
 25 -0.00202  6.85279e+00 | 26 -0.00305  6.33599e+00 | 27 -0.00194  4.40258e+00
 28 -0.00715  6.85842e+00 | 29 -0.00785  5.17482e+00 | 30  0.01606  1.20657e+00
 31  0.00320  1.09660e+00 | 32  0.00056  1.33923e+00 | 33 -0.00636  3.48954e+00
 34 -0.01255  3.77643e+00 | 35  0.00835 -1.81314e-01 | 36  0.01017 -2.91189e+00
 37 -0.00503 -3.10749e+00 | 38 -0.00023 -2.68806e+00 | 39  0.00743 -4.07707e+00
 40 -0.00184 -7.65680e+00 | 41  0.00591 -5.19008e+00 | 42  0.00541 -8.47793e+00
 43  0.00653 -4.34586e+00 | 44 -0.00980 -6.47517e+00 | 45 -0.01540 -6.13800e+00
 46  0.00558 -1.15712e+01 | 47  0.02911 -1.58005e+01 | 48  0.00098 -1.15285e+01
 49 -0.00667 -8.62552e+00 | 50 -0.00728 -6.44928e+00 | 51 -0.01047 -9.08451e+00
 52 -0.00507 -1.37281e+01 | 53 -0.00091 -1.50259e+01 | 54  0.00364 -1.50488e+01
 55 -0.01274 -1.51166e+01 | 56  0.01825 -2.58208e+01 | 57  0.00164 -1.91849e+01
 58  0.00857 -1.93196e+01 | 59 -0.02339 -1.18363e+01 | 60 -0.03198 -8.38058e+00
 61 -0.02971 -9.20452e+00 | 62 -0.00196 -1.94187e+01 | 63  0.01486 -2.67146e+01
 64 -0.01179 -1.36784e+01 | 65  0.00313 -2.16755e+01 | 66 -0.00739 -1.46220e+01
 67  0.00697 -1.96313e+01 | 68  0.01890 -2.25344e+01 | 69  0.03288 -1.48962e+01
 70  0.00577 -1.72969e+01 | 71 -0.01285 -1.29550e+01 | 72 -0.02458 -8.20592e+00
 73  0.01100 -9.78100e+00 | 74 -0.00734 -1.01184e+01 | 75  0.02213 -1.47829e+01
 76  0.02652 -1.19994e+01 | 77 -0.01131 -2.94826e+00 | 78 -0.02643  4.48531e-01
 79 -0.03490  1.10851e+00 | 80  0.03297 -1.53009e+01 | 81 -0.01560  3.60715e+00
 82  0.00883  2.00624e+00 | 83 -0.01199  5.13311e+00 | 84  0.00745  4.10223e+00
 85 -0.03231  1.05924e+01 | 86  0.01208  5.66049e+00 | 87  0.00887  1.11868e+01
 88  0.02267  9.95218e+00 | 89  0.00819  1.56217e+01 | 90 -0.00407  1.42298e+01
 91  0.03051  1.58997e+01 | 92  0.03198  1.52251e+01 | 93 -0.01261  1.83341e+01
 94 -0.00480  1.68278e+01 | 95  0.00014  1.84393e+01 | 96  0.00024  1.85540e+01
 97 -0.10001 -3.26419e+01 | 98 -0.45764  4.53133e+01 | 99 -0.31637  1.35459e+00
100 -0.26958 -5.29779e+00 |
Maximum number of function evaluations exceeded

 - final statistics:
100 variables; iteration 70; function evaluation 100
Function value 5.5893e+02; maximum gradient component mag -4.3811e+02
Exit code = 3;  converg criter 1.0000e+00
Var    Value     Gradient |Var    Value     Gradient |Var    Value     Gradient
  1  0.63527 -4.38111e+02 |  2 -0.00006  1.36689e+01 |  3  0.00006  1.36422e+01
  4  0.00094  1.35547e+01 |  5  0.00059  1.33686e+01 |  6  0.00031  1.31704e+01
  7  0.00039  1.29858e+01 |  8  0.00048  1.28506e+01 |  9  0.00110  1.25890e+01
 10  0.00011  1.18892e+01 | 11 -0.00012  1.09892e+01 | 12 -0.00152  1.07791e+01
 13 -0.00240  1.04881e+01 | 14 -0.00361  9.73534e+00 | 15 -0.00446  9.31724e+00
 16 -0.00513  8.47124e+00 | 17 -0.00296  7.69367e+00 | 18  0.00083  7.42053e+00
 19 -0.00404  7.32829e+00 | 20  0.00243  6.22002e+00 | 21 -0.00389  5.56848e+00
 22 -0.00235  5.59699e+00 | 23 -0.00240  5.75583e+00 | 24 -0.00120  5.03507e+00
 25 -0.00252  4.91647e+00 | 26 -0.00346  4.58877e+00 | 27 -0.00133  4.31954e+00
 28 -0.00817  4.18332e+00 | 29 -0.00802  3.96649e+00 | 30  0.01531  3.65066e-01
 31  0.00313  5.84259e-01 | 32  0.00055  8.79166e-01 | 33 -0.00692  2.07985e+00
 34 -0.01314  2.17426e+00 | 35  0.00749 -9.42001e-01 | 36  0.01042 -2.01711e+00
 37 -0.00461 -2.64264e+00 | 38  0.00020 -1.86295e+00 | 39  0.00694 -3.76864e+00
 40  0.00030 -3.09898e+00 | 41  0.00572 -4.18618e+00 | 42  0.00718 -5.25301e+00
 43  0.00495 -4.84821e+00 | 44 -0.00839 -3.93159e+00 | 45 -0.01440 -3.61878e+00
 46  0.00702 -7.95669e+00 | 47  0.02645 -1.47081e+01 | 48  0.00135 -9.55833e+00
 49 -0.00627 -6.58756e+00 | 50 -0.00855 -6.87029e+00 | 51 -0.00974 -6.56821e+00
 52 -0.00329 -9.33845e+00 | 53 -0.00123 -1.29791e+01 | 54  0.00240 -1.39785e+01
 55 -0.01118 -9.72639e+00 | 56  0.01958 -1.80723e+01 | 57  0.00402 -1.19183e+01
 58  0.00849 -1.43299e+01 | 59 -0.02231 -7.87825e+00 | 60 -0.03088 -4.33942e+00
 61 -0.03000 -8.80762e+00 | 62 -0.00152 -1.48265e+01 | 63  0.01537 -1.89764e+01
 64 -0.01120 -9.55488e+00 | 65  0.00329 -1.75406e+01 | 66 -0.00709 -1.15810e+01
 67  0.00714 -1.56747e+01 | 68  0.01923 -1.51313e+01 | 69  0.03319 -3.02407e+00
 70  0.00584 -1.55543e+01 | 71 -0.01281 -1.30764e+01 | 72 -0.02453 -8.96439e+00
 73  0.01110 -6.95509e+00 | 74 -0.00734 -1.09907e+01 | 75  0.02227 -9.96304e+00
 76  0.02666 -8.21025e+00 | 77 -0.01126 -3.46049e+00 | 78 -0.02635 -1.01509e+00
 79 -0.03506 -3.75803e+00 | 80  0.03311 -1.30962e+01 | 81 -0.01525  7.56040e+00
 82  0.00880 -1.06460e+00 | 83 -0.01235 -3.90366e+00 | 84  0.00814  1.28043e+01
 85 -0.03227  7.92637e+00 | 86  0.01171 -4.52972e+00 | 87  0.00886  8.19730e+00
 88  0.02303  1.21478e+01 | 89  0.00826  1.34417e+01 | 90 -0.00407  1.02778e+01
 91  0.03050  1.20652e+01 | 92  0.03198  1.10877e+01 | 93 -0.01270  1.44666e+01
 94 -0.00394  1.49912e+01 | 95 -0.00043  1.43017e+01 | 96 -0.00053  1.41109e+01
 97 -0.10482 -2.44999e+01 | 98 -0.46161  2.97332e+01 | 99 -0.31707  1.84698e+00
100 -0.26995 -7.53852e+00 |

Initial statistics: 108 variables; iteration 0; function evaluation 0; phase 4
Function value 5.5892865e+02; maximum gradient component mag -5.6846e+02
Var    Value     Gradient |Var    Value     Gradient |Var    Value     Gradient
  1 -0.42263 -1.27641e+02 |  2 -0.42263 -5.68456e+02 |  3 -0.41094 -2.99070e+02
  4  0.63527 -4.38111e+02 |  5  0.00000 -2.45717e+00 |  6  0.00000 -5.39181e-01
  7  0.00000 -6.53977e-01 |  8  0.00000 -7.91516e-01 |  9  0.00000 -9.55403e-01
 10 -0.00006  1.36810e+01 | 11  0.00006  1.36543e+01 | 12  0.00094  1.35668e+01
 13  0.00060  1.33807e+01 | 14  0.00031  1.31824e+01 | 15  0.00039  1.29978e+01
 16  0.00048  1.28626e+01 | 17  0.00110  1.26011e+01 | 18  0.00011  1.19012e+01
 19 -0.00012  1.10013e+01 | 20 -0.00152  1.07911e+01 | 21 -0.00240  1.05002e+01
 22 -0.00361  9.74742e+00 | 23 -0.00445  9.32932e+00 | 24 -0.00513  8.48332e+00
 25 -0.00296  7.70575e+00 | 26  0.00083  7.43261e+00 | 27 -0.00404  7.34037e+00
 28  0.00243  6.23210e+00 | 29 -0.00389  5.58056e+00 | 30 -0.00235  5.60907e+00
 31 -0.00240  5.76792e+00 | 32 -0.00120  5.04715e+00 | 33 -0.00252  4.92855e+00
 34 -0.00346  4.60085e+00 | 35 -0.00133  4.33162e+00 | 36 -0.00817  4.19540e+00
 37 -0.00802  3.97857e+00 | 38  0.01531  3.77143e-01 | 39  0.00314  5.96340e-01
 40  0.00055  8.91246e-01 | 41 -0.00692  2.09193e+00 | 42 -0.01314  2.18634e+00
 43  0.00749 -9.29922e-01 | 44  0.01042 -2.00503e+00 | 45 -0.00461 -2.63056e+00
 46  0.00020 -1.85087e+00 | 47  0.00694 -3.75656e+00 | 48  0.00030 -3.08690e+00
 49  0.00572 -4.17410e+00 | 50  0.00718 -5.24093e+00 | 51  0.00495 -4.83613e+00
 52 -0.00839 -3.91951e+00 | 53 -0.01440 -3.60670e+00 | 54  0.00702 -7.94461e+00
 55  0.02645 -1.46961e+01 | 56  0.00135 -9.54625e+00 | 57 -0.00627 -6.57548e+00
 58 -0.00855 -6.85821e+00 | 59 -0.00974 -6.55613e+00 | 60 -0.00329 -9.32637e+00
 61 -0.00123 -1.29670e+01 | 62  0.00240 -1.39665e+01 | 63 -0.01118 -9.71431e+00
 64  0.01958 -1.80602e+01 | 65  0.00402 -1.19062e+01 | 66  0.00849 -1.43178e+01
 67 -0.02231 -7.86617e+00 | 68 -0.03088 -4.32736e+00 | 69 -0.03000 -8.79555e+00
 70 -0.00152 -1.48144e+01 | 71  0.01537 -1.89643e+01 | 72 -0.01120 -9.54280e+00
 73  0.00329 -1.75285e+01 | 74 -0.00709 -1.15689e+01 | 75  0.00714 -1.56626e+01
 76  0.01923 -1.51192e+01 | 77  0.03319 -3.01201e+00 | 78  0.00584 -1.55422e+01
 79 -0.01281 -1.30643e+01 | 80 -0.02453 -8.95232e+00 | 81  0.01110 -6.94302e+00
 82 -0.00734 -1.09786e+01 | 83  0.02227 -9.95096e+00 | 84  0.02666 -8.19818e+00
 85 -0.01126 -3.44841e+00 | 86 -0.02635 -1.00302e+00 | 87 -0.03506 -3.74597e+00
 88  0.03312 -1.30842e+01 | 89 -0.01525  7.57247e+00 | 90  0.00880 -1.05252e+00
 91 -0.01235 -3.89158e+00 | 92  0.00814  1.28164e+01 | 93 -0.03227  7.93844e+00
 94  0.01171 -4.51764e+00 | 95  0.00886  8.20938e+00 | 96  0.02303  1.21599e+01
 97  0.00826  1.34537e+01 | 98 -0.00407  1.02899e+01 | 99  0.03050  1.20773e+01
100  0.03198  1.10997e+01 |101 -0.01270  1.44786e+01 |102 -0.00394  1.50033e+01
103 -0.00043  1.43138e+01 |104 -0.00053  1.41230e+01 |105 -0.10482 -2.44999e+01
106 -0.46161  2.97332e+01 |107 -0.31707  1.84698e+00 |108 -0.26995 -7.53852e+00

Intermediate statistics: 108 variables; iteration 20; function evaluation 21; phase 4
Function value 5.5873843e+02; maximum gradient component mag -5.8628e+02
Var    Value     Gradient |Var    Value     Gradient |Var    Value     Gradient
  1 -0.42272 -1.24178e+02 |  2 -0.42358 -5.86284e+02 |  3 -0.40861 -2.88424e+02
  4  0.63484 -4.41304e+02 |  5  0.00060 -1.81599e+00 |  6  0.00013 -4.01950e-01
  7  0.00015 -4.90386e-01 |  8  0.00018 -5.97919e-01 |  9  0.00022 -7.28560e-01
 10  0.00001  1.29630e+01 | 11  0.00002  1.27491e+01 | 12  0.00080  1.24788e+01
 13  0.00041  1.21925e+01 | 14  0.00006  1.18481e+01 | 15  0.00001  1.14213e+01
 16 -0.00012  1.09089e+01 | 17  0.00031  1.02883e+01 | 18 -0.00055  9.71421e+00
 19 -0.00058  9.02508e+00 | 20 -0.00227  8.29873e+00 | 21 -0.00342  7.49068e+00
 22 -0.00456  6.74324e+00 | 23 -0.00559  5.94083e+00 | 24 -0.00612  5.22209e+00
 25 -0.00405  4.17617e+00 | 26 -0.00083  2.92328e+00 | 27 -0.00524  3.52323e+00
 28  0.00140  2.54229e+00 | 29 -0.00433  2.87811e+00 | 30 -0.00347  1.81595e+00
 31 -0.00346  2.10383e+00 | 32 -0.00223  1.36931e+00 | 33 -0.00362  1.15522e+00
 34 -0.00449  9.27099e-01 | 35 -0.00273  6.65332e-02 | 36 -0.00882  1.26722e+00
 37 -0.00887  8.83190e-01 | 38  0.01311 -5.34919e+00 | 39  0.00259 -2.38368e+00
 40  0.00005 -2.01663e+00 | 41 -0.00738 -4.75171e-01 | 42 -0.01326  6.77408e-01
 43  0.00599 -4.89671e+00 | 44  0.00877 -6.33825e+00 | 45 -0.00295 -1.94973e+00
 46 -0.00015 -3.71358e+00 | 47  0.00640 -5.91869e+00 | 48  0.00018 -3.98461e+00
 49  0.00534 -5.89615e+00 | 50  0.00709 -6.55596e+00 | 51  0.00451 -6.01789e+00
 52 -0.00675 -1.92868e+00 | 53 -0.01306 -4.50934e-01 | 54  0.00755 -7.22060e+00
 55  0.02558 -1.50115e+01 | 56  0.00415 -5.50129e+00 | 57 -0.00505 -3.74037e+00
 58 -0.00692 -2.98645e+00 | 59 -0.00823 -3.55044e+00 | 60 -0.00169 -5.70124e+00
 61  0.00216 -6.51456e+00 | 62  0.00487 -8.02220e+00 | 63 -0.00858 -3.72776e+00
 64  0.01905 -1.66044e+01 | 65  0.00391 -1.04038e+01 | 66  0.00838 -1.28850e+01
 67 -0.02012 -2.07031e+00 | 68 -0.03039 -1.09178e+00 | 69 -0.02693  7.14566e-01
 70 -0.00069 -9.70525e+00 | 71  0.01541 -1.65301e+01 | 72 -0.01078 -5.98680e+00
 73  0.00413 -1.01797e+01 | 74 -0.00658 -6.78863e+00 | 75  0.00732 -1.18559e+01
 76  0.01930 -1.60895e+01 | 77  0.03243 -2.08031e+01 | 78  0.00612 -1.55735e+01
 79 -0.01275 -8.83261e+00 | 80 -0.02375 -2.86843e+00 | 81  0.01067 -1.41154e+01
 82 -0.00703 -1.02801e+01 | 83  0.02183 -1.95575e+01 | 84  0.02675 -1.45058e+01
 85 -0.01131 -3.12219e+00 | 86 -0.02619 -2.74093e+00 | 87 -0.03480  1.76909e+00
 88  0.03304 -2.17909e+01 | 89 -0.01532  6.22134e+00 | 90  0.00885 -6.08903e+00
 91 -0.01230 -1.40020e+00 | 92  0.00785  2.67994e+00 | 93 -0.03238  8.13273e+00
 94  0.01197 -5.81682e+00 | 95  0.00866  7.98874e+00 | 96  0.02296  5.24740e+00
 97  0.00804  1.22832e+01 | 98 -0.00385  9.79207e+00 | 99  0.03026  1.17689e+01
100  0.03222  1.07255e+01 |101 -0.01249  1.90739e+01 |102 -0.00447  1.31510e+01
103 -0.00024  1.39014e+01 |104 -0.00021  1.39199e+01 |105 -0.10781 -1.93231e+01
106 -0.46450  1.97075e+01 |107 -0.32640 -4.77844e+00 |108 -0.27324 -8.85840e+00
108 variables; iteration 40; function evaluation 46; phase 4
Function value 5.5862712e+02; maximum gradient component mag -1.8301e+02
Var    Value     Gradient |Var    Value     Gradient |Var    Value     Gradient
  1 -0.42154 -2.11897e+01 |  2 -0.42413 -1.83013e+02 |  3 -0.40782 -8.17295e+01
  4  0.63510 -1.41334e+02 |  5  0.00065 -4.11933e-01 |  6  0.00014 -8.54221e-02
  7  0.00017 -1.05207e-01 |  8  0.00020 -1.29765e-01 |  9  0.00024 -1.60358e-01
 10  0.00002  4.34498e+00 | 11  0.00002  4.25770e+00 | 12  0.00079  4.15618e+00
 13  0.00041  4.06303e+00 | 14  0.00005  3.94740e+00 | 15 -0.00000  3.79582e+00
 16 -0.00014  3.60255e+00 | 17  0.00028  3.38153e+00 | 18 -0.00057  3.23768e+00
 19 -0.00059  3.07648e+00 | 20 -0.00228  2.79565e+00 | 21 -0.00345  2.48215e+00
 22 -0.00459  2.28013e+00 | 23 -0.00562  1.98929e+00 | 24 -0.00613  1.82761e+00
 25 -0.00406  1.49039e+00 | 26 -0.00086  9.62213e-01 | 27 -0.00525  1.25507e+00
 28  0.00143  1.02577e+00 | 29 -0.00430  1.25276e+00 | 30 -0.00345  7.40034e-01
 31 -0.00344  8.30677e-01 | 32 -0.00221  5.95316e-01 | 33 -0.00359  5.03559e-01
 34 -0.00446  4.29626e-01 | 35 -0.00270  5.01171e-02 | 36 -0.00875  6.33600e-01
 37 -0.00881  4.40583e-01 | 38  0.01318 -1.96527e+00 | 39  0.00265 -6.07037e-01
 40  0.00009 -5.86904e-01 | 41 -0.00728 -1.31634e-02 | 42 -0.01328  2.49151e-01
 43  0.00611 -1.76447e+00 | 44  0.00895 -2.26041e+00 | 45 -0.00307 -4.96870e-01
 46  0.00004 -1.13009e+00 | 47  0.00637 -2.32197e+00 | 48  0.00007 -1.76639e+00
 49  0.00532 -2.37717e+00 | 50  0.00681 -2.92978e+00 | 51  0.00461 -2.37114e+00
 52 -0.00703 -1.07751e+00 | 53 -0.01358 -1.10096e+00 | 54  0.00718 -3.39302e+00
 55  0.02656 -4.85236e+00 | 56  0.00320 -3.11901e+00 | 57 -0.00508 -1.66944e+00
 58 -0.00742 -2.24866e+00 | 59 -0.00837 -1.75476e+00 | 60 -0.00169 -2.34130e+00
 61  0.00181 -2.70928e+00 | 62  0.00443 -3.71731e+00 | 63 -0.00898 -2.10227e+00
 64  0.01895 -7.09199e+00 | 65  0.00408 -4.02621e+00 | 66  0.00901 -3.93215e+00
 67 -0.02050 -1.45758e+00 | 68 -0.03057 -1.24768e+00 | 69 -0.02712  3.91523e-01
 70 -0.00115 -5.26859e+00 | 71  0.01543 -7.13333e+00 | 72 -0.01064 -2.12664e+00
 73  0.00423 -3.76052e+00 | 74 -0.00641 -2.22731e+00 | 75  0.00741 -4.31713e+00
 76  0.01943 -4.24284e+00 | 77  0.03249 -6.98944e+00 | 78  0.00650 -2.82585e+00
 79 -0.01236 -1.22088e+00 | 80 -0.02368 -7.30659e-01 | 81  0.01089 -2.54200e+00
 82 -0.00688 -3.21297e+00 | 83  0.02209 -3.84868e+00 | 84  0.02670 -2.79015e+00
 85 -0.01117 -3.41679e-01 | 86 -0.02601  3.32464e-01 | 87 -0.03450  2.88850e+00
 88  0.03319 -2.96441e+00 | 89 -0.01544  7.15692e-01 | 90  0.00900  8.48389e-01
 91 -0.01197  1.56370e+00 | 92  0.00763  1.13412e+00 | 93 -0.03229  3.12552e+00
 94  0.01242  2.34312e+00 | 95  0.00865  1.76199e+00 | 96  0.02299  4.12398e+00
 97  0.00811  4.86910e+00 | 98 -0.00372  4.72712e+00 | 99  0.03045  3.58574e+00
100  0.03246  5.33257e+00 |101 -0.01231  6.95585e+00 |102 -0.00444  4.44282e+00
103 -0.00023  4.64859e+00 |104 -0.00018  4.68828e+00 |105 -0.10739 -6.83794e+00
106 -0.46425  7.31814e+00 |107 -0.32485 -1.67137e+00 |108 -0.27293  1.27731e+00
108 variables; iteration 60; function evaluation 78; phase 4
Function value 5.5861877e+02; maximum gradient component mag -6.7334e+00
Var    Value     Gradient |Var    Value     Gradient |Var    Value     Gradient
  1 -0.42131  8.45474e-01 |  2 -0.42416 -6.73336e+00 |  3 -0.40785 -2.43141e+00
  4  0.63502 -5.63797e+00 |  5  0.00045 -4.59257e-02 |  6  0.00011  8.16757e-03
  7  0.00013  8.72191e-03 |  8  0.00015  8.79286e-03 |  9  0.00018  8.00508e-03
 10 -0.00003  1.92192e-01 | 11 -0.00002  1.81746e-01 | 12  0.00075  1.72702e-01
 13  0.00036  1.66978e-01 | 14 -0.00000  1.60618e-01 | 15 -0.00005  1.54412e-01
 16 -0.00017  1.49713e-01 | 17  0.00026  1.41866e-01 | 18 -0.00064  1.25864e-01
 19 -0.00073  1.16265e-01 | 20 -0.00240  9.43989e-02 | 21 -0.00355  7.44715e-02
 22 -0.00473  7.27843e-02 | 23 -0.00574  6.94009e-02 | 24 -0.00632  5.34246e-02
 25 -0.00426  5.30119e-02 | 26 -0.00096  4.04660e-02 | 27 -0.00543  4.41404e-02
 28  0.00114 -2.08512e-02 | 29 -0.00466  3.67782e-02 | 30 -0.00369  1.50524e-02
 31 -0.00367  2.23906e-02 | 32 -0.00244  1.41892e-02 | 33 -0.00380  1.39769e-02
 34 -0.00467  1.44687e-02 | 35 -0.00282  3.83220e-03 | 36 -0.00905 -3.07318e-02
 37 -0.00906 -3.28355e-02 | 38  0.01314 -1.22489e-01 | 39  0.00239 -5.27663e-02
 40 -0.00012 -1.02565e-01 | 41 -0.00755 -1.26109e-01 | 42 -0.01346 -3.26810e-02
 43  0.00619  2.59847e-01 | 44  0.00900 -1.15898e-01 | 45 -0.00345 -1.26853e-01
 46 -0.00003  1.22980e-01 | 47  0.00640 -1.68300e-01 | 48  0.00009 -9.74311e-02
 49  0.00539 -2.17735e-01 | 50  0.00725 -5.95449e-02 | 51  0.00479 -1.76518e-02
 52 -0.00702 -4.01959e-02 | 53 -0.01342 -1.72471e-01 | 54  0.00766 -1.35251e-01
 55  0.02628 -3.74972e-01 | 56  0.00379 -8.45214e-02 | 57 -0.00504 -1.11000e-01
 58 -0.00695  1.78515e-01 | 59 -0.00822 -1.36483e-01 | 60 -0.00163 -1.54148e-01
 61  0.00170 -3.32246e-01 | 62  0.00464 -2.84042e-01 | 63 -0.00878  9.54582e-02
 64  0.01971 -2.47417e-01 | 65  0.00433 -1.77972e-01 | 66  0.00876 -3.28252e-01
 67 -0.02045 -3.46949e-01 | 68 -0.03037 -3.28464e-01 | 69 -0.02750 -1.92189e-01
 70 -0.00057 -1.06730e-01 | 71  0.01578 -2.69906e-01 | 72 -0.01060 -2.51027e-01
 73  0.00433 -3.16279e-01 | 74 -0.00634 -1.80736e-01 | 75  0.00755 -1.51462e-01
 76  0.01948  3.02923e-01 | 77  0.03259 -4.99142e-02 | 78  0.00653 -2.93926e-01
 79 -0.01225  5.27300e-01 | 80 -0.02355  1.93846e-01 | 81  0.01094 -1.15931e-02
 82 -0.00665  4.71137e-01 | 83  0.02218  5.36234e-02 | 84  0.02670 -1.39974e-01
 85 -0.01107  8.75281e-02 | 86 -0.02590  1.98047e-01 | 87 -0.03449  7.44438e-02
 88  0.03324  1.55406e-01 | 89 -0.01531  3.41689e-01 | 90  0.00901  8.98002e-02
 91 -0.01186  3.91382e-01 | 92  0.00766 -1.96668e-02 | 93 -0.03221  2.55628e-01
 94  0.01242  4.16541e-02 | 95  0.00874  1.93001e-01 | 96  0.02289  7.41544e-02
 97  0.00807  1.02526e-02 | 98 -0.00383  1.38947e-01 | 99  0.03048  2.50207e-01
100  0.03233  1.66036e-01 |101 -0.01254  3.68655e-02 |102 -0.00438  2.23374e-01
103 -0.00024  2.20643e-01 |104 -0.00022  2.36022e-01 |105 -0.10760 -4.98411e-01
106 -0.46443  5.06293e-01 |107 -0.32456  7.56867e-03 |108 -0.27302  1.92969e-01

 - final statistics:
108 variables; iteration 71; function evaluation 99
Function value 5.5862e+02; maximum gradient component mag -9.0733e-01
Exit code = 1;  converg criter 1.0000e+00
Var    Value     Gradient |Var    Value     Gradient |Var    Value     Gradient
  1 -0.42134 -2.79417e-02 |  2 -0.42415 -9.07330e-01 |  3 -0.40783 -3.72819e-01
  4  0.63501 -7.17091e-01 |  5  0.00046  2.65814e-03 |  6  0.00010  5.48356e-04
  7  0.00012  5.09039e-04 |  8  0.00014  4.08013e-04 |  9  0.00016  2.32909e-04
 10 -0.00004  1.92571e-02 | 11 -0.00003  1.88440e-02 | 12  0.00075  1.85562e-02
 13  0.00036  1.83616e-02 | 14 -0.00000  1.80874e-02 | 15 -0.00005  1.74433e-02
 16 -0.00017  1.61322e-02 | 17  0.00025  1.44306e-02 | 18 -0.00065  1.37125e-02
 19 -0.00073  1.41214e-02 | 20 -0.00240  1.51123e-02 | 21 -0.00354  1.43060e-02
 22 -0.00473  1.10086e-02 | 23 -0.00574  1.27648e-02 | 24 -0.00633  9.24239e-03
 25 -0.00428  6.46719e-03 | 26 -0.00098  6.98382e-03 | 27 -0.00545  3.73235e-03
 28  0.00115  9.08751e-04 | 29 -0.00468  1.98550e-03 | 30 -0.00370  2.72673e-03
 31 -0.00369  3.16486e-03 | 32 -0.00246  1.35861e-03 | 33 -0.00382  8.80979e-04
 34 -0.00469 -1.15989e-03 | 35 -0.00285 -5.88436e-03 | 36 -0.00904  7.23315e-03
 37 -0.00905  1.68566e-03 | 38  0.01315  2.94189e-03 | 39  0.00238 -3.73360e-03
 40 -0.00010 -2.02066e-03 | 41 -0.00750  1.01999e-02 | 42 -0.01347 -1.68471e-02
 43  0.00602 -1.61206e-02 | 44  0.00900 -1.22703e-02 | 45 -0.00341 -4.04168e-03
 46 -0.00016 -8.59830e-03 | 47  0.00644 -3.99771e-03 | 48  0.00007 -3.01951e-02
 49  0.00546 -9.47812e-03 | 50  0.00721 -9.87688e-03 | 51  0.00473 -1.15286e-02
 52 -0.00703 -1.04699e-02 | 53 -0.01337 -1.39903e-03 | 54  0.00766 -9.76611e-03
 55  0.02635 -2.92211e-02 | 56  0.00376 -1.54948e-02 | 57 -0.00502 -6.68160e-03
 58 -0.00707 -1.67500e-02 | 59 -0.00820 -1.46311e-02 | 60 -0.00161 -1.04266e-02
 61  0.00180 -1.54836e-02 | 62  0.00470 -1.56590e-02 | 63 -0.00886 -1.66271e-02
 64  0.01972 -2.99181e-02 | 65  0.00434 -2.32625e-02 | 66  0.00882 -3.13427e-02
 67 -0.02035 -8.10200e-03 | 68 -0.03028 -5.61866e-03 | 69 -0.02746 -7.84946e-03
 70 -0.00058 -1.97311e-02 | 71  0.01578 -3.24587e-02 | 72 -0.01057 -1.23495e-02
 73  0.00435 -2.20007e-02 | 74 -0.00633 -1.18364e-02 | 75  0.00756 -1.69354e-02
 76  0.01945 -2.52450e-02 | 77  0.03258 -2.84426e-02 | 78  0.00655 -1.06107e-02
 79 -0.01227  1.98932e-03 | 80 -0.02356  5.66443e-03 | 81  0.01094 -6.00518e-03
 82 -0.00667  6.07375e-03 | 83  0.02218 -5.92713e-03 | 84  0.02671 -1.10809e-02
 85 -0.01107  8.87291e-03 | 86 -0.02590  1.37641e-02 | 87 -0.03448  1.44381e-02
 88  0.03324 -1.01443e-03 | 89 -0.01532  1.42920e-02 | 90  0.00901  8.23116e-03
 91 -0.01188  1.69037e-02 | 92  0.00767  1.20608e-02 | 93 -0.03221  2.01027e-02
 94  0.01243  1.57052e-02 | 95  0.00875  2.04118e-02 | 96  0.02291  1.50521e-02
 97  0.00808  1.94744e-02 | 98 -0.00382  2.16768e-02 | 99  0.03049  2.59798e-02
100  0.03234  2.32279e-02 |101 -0.01252  2.22009e-02 |102 -0.00438  2.07377e-02
103 -0.00026  2.25861e-02 |104 -0.00024  2.36422e-02 |105 -0.10760 -4.37431e-02
106 -0.46443  4.56564e-02 |107 -0.32456 -7.38693e-04 |108 -0.27300  5.92147e-03

Initial statistics: 111 variables; iteration 0; function evaluation 0; phase 5
Function value 5.5861857e+02; maximum gradient component mag 1.8128e+02
Var    Value     Gradient |Var    Value     Gradient |Var    Value     Gradient
  1 -0.42134 -2.79417e-02 |  2 -0.42415 -9.07330e-01 |  3 -0.40783 -3.72819e-01
  4 -0.41222 -4.86010e+01 |  5 -0.41222 -1.49010e+01 |  6  0.63501 -7.17091e-01
  7  0.00046  2.65814e-03 |  8  0.00010  5.48356e-04 |  9  0.00012  5.09039e-04
 10  0.00014  4.08013e-04 | 11  0.00016  2.32909e-04 | 12 -0.00004  1.89766e-02
 13 -0.00003  1.85634e-02 | 14  0.00075  1.82757e-02 | 15  0.00036  1.80811e-02
 16 -0.00000  1.78069e-02 | 17 -0.00005  1.71628e-02 | 18 -0.00017  1.58517e-02
 19  0.00025  1.41501e-02 | 20 -0.00065  1.34320e-02 | 21 -0.00073  1.38409e-02
 22 -0.00240  1.48318e-02 | 23 -0.00354  1.40255e-02 | 24 -0.00473  1.07281e-02
 25 -0.00574  1.24843e-02 | 26 -0.00633  8.96190e-03 | 27 -0.00428  6.18668e-03
 28 -0.00098  6.70331e-03 | 29 -0.00545  3.45185e-03 | 30  0.00115  6.28241e-04
 31 -0.00468  1.70499e-03 | 32 -0.00370  2.44622e-03 | 33 -0.00369  2.88436e-03
 34 -0.00246  1.07811e-03 | 35 -0.00382  6.00474e-04 | 36 -0.00469 -1.44039e-03
 37 -0.00285 -6.16487e-03 | 38 -0.00904  6.95267e-03 | 39 -0.00905  1.40518e-03
 40  0.01315  2.66144e-03 | 41  0.00238 -4.01411e-03 | 42 -0.00010 -2.30117e-03
 43 -0.00750  9.91942e-03 | 44 -0.01347 -1.71275e-02 | 45  0.00602 -1.64011e-02
 46  0.00900 -1.25508e-02 | 47 -0.00341 -4.32219e-03 | 48 -0.00016 -8.87881e-03
 49  0.00644 -4.27820e-03 | 50  0.00007 -3.04757e-02 | 51  0.00546 -9.75862e-03
 52  0.00721 -1.01574e-02 | 53  0.00473 -1.18091e-02 | 54 -0.00703 -1.07504e-02
 55 -0.01337 -1.67948e-03 | 56  0.00766 -1.00466e-02 | 57  0.02635 -2.95014e-02
 58  0.00376 -1.57753e-02 | 59 -0.00502 -6.96211e-03 | 60 -0.00707 -1.70305e-02
 61 -0.00820 -1.49116e-02 | 62 -0.00161 -1.07071e-02 | 63  0.00180 -1.57641e-02
 64  0.00470 -1.59395e-02 | 65 -0.00886 -1.69075e-02 | 66  0.01972 -3.01985e-02
 67  0.00434 -2.35430e-02 | 68  0.00882 -3.16232e-02 | 69 -0.02035 -8.38237e-03
 70 -0.03028 -5.89886e-03 | 71 -0.02746 -8.12971e-03 | 72 -0.00058 -2.00116e-02
 73  0.01578 -3.27391e-02 | 74 -0.01057 -1.26300e-02 | 75  0.00435 -2.22812e-02
 76 -0.00633 -1.21169e-02 | 77  0.00756 -1.72159e-02 | 78  0.01945 -2.55254e-02
 79  0.03258 -2.87227e-02 | 80  0.00655 -1.08912e-02 | 81 -0.01227  1.70887e-03
 82 -0.02356  5.38412e-03 | 83  0.01094 -6.28564e-03 | 84 -0.00667  5.79325e-03
 85  0.02218 -6.20747e-03 | 86  0.02671 -1.13612e-02 | 87 -0.01107  8.59244e-03
 88 -0.02590  1.34838e-02 | 89 -0.03448  1.41580e-02 | 90  0.03324 -1.29456e-03
 91 -0.01532  1.40116e-02 | 92  0.00901  7.95068e-03 | 93 -0.01188  1.66232e-02
 94  0.00767  1.17803e-02 | 95 -0.03221  1.98225e-02 | 96  0.01243  1.54247e-02
 97  0.00875  2.01313e-02 | 98  0.02291  1.47718e-02 | 99  0.00808  1.91939e-02
100 -0.00382  2.13963e-02 |101  0.03049  2.56996e-02 |102  0.03234  2.29478e-02
103 -0.01252  2.19204e-02 |104 -0.00438  2.04572e-02 |105 -0.00026  2.23055e-02
106 -0.00024  2.33617e-02 |107  0.00000  1.81279e+02 |108 -0.10760 -4.37431e-02
109 -0.46443  4.56564e-02 |110 -0.32456 -7.38693e-04 |111 -0.27300  5.92147e-03

Intermediate statistics: 111 variables; iteration 20; function evaluation 23; phase 5
Function value 5.5833522e+02; maximum gradient component mag -2.2494e+02
Var    Value     Gradient |Var    Value     Gradient |Var    Value     Gradient
  1 -0.42306 -2.14496e+01 |  2 -0.42518 -2.24938e+02 |  3 -0.40514 -8.48953e+01
  4 -0.40528 -2.82990e+01 |  5 -0.40876 -1.22296e+01 |  6  0.63485 -1.80511e+02
  7  0.00044 -1.07476e+00 |  8  0.00009 -2.36210e-01 |  9  0.00011 -2.87971e-01
 10  0.00013 -3.50790e-01 | 11  0.00015 -4.26906e-01 | 12 -0.00003  5.05617e+00
 13 -0.00002  4.94563e+00 | 14  0.00076  4.80356e+00 | 15  0.00036  4.64850e+00
 16 -0.00000  4.46415e+00 | 17 -0.00006  4.24014e+00 | 18 -0.00018  3.97787e+00
 19  0.00025  3.65541e+00 | 20 -0.00064  3.32698e+00 | 21 -0.00072  2.92568e+00
 22 -0.00239  2.55346e+00 | 23 -0.00353  2.13460e+00 | 24 -0.00472  1.70944e+00
 25 -0.00574  1.29287e+00 | 26 -0.00631  8.94402e-01 | 27 -0.00425  3.83977e-01
 28 -0.00113 -2.61653e-01 | 29 -0.00540 -4.71433e-02 | 30  0.00112 -6.75596e-01
 31 -0.00470 -4.52300e-01 | 32 -0.00373 -9.31022e-01 | 33 -0.00371 -7.66373e-01
 34 -0.00249 -1.15245e+00 | 35 -0.00385 -1.23843e+00 | 36 -0.00473 -1.35794e+00
 37 -0.00290 -1.77867e+00 | 38 -0.00904 -1.21133e+00 | 39 -0.00897 -1.20515e+00
 40  0.01313 -4.35146e+00 | 41  0.00225 -2.98156e+00 | 42 -0.00028 -2.90980e+00
 43 -0.00757 -2.14105e+00 | 44 -0.01342 -1.34122e+00 | 45  0.00601 -4.04396e+00
 46  0.00898 -4.68881e+00 | 47 -0.00340 -2.88431e+00 | 48 -0.00010 -3.37160e+00
 49  0.00623 -4.70626e+00 | 50  0.00017 -3.61762e+00 | 51  0.00540 -4.35875e+00
 52  0.00699 -4.81396e+00 | 53  0.00474 -4.43559e+00 | 54 -0.00722 -3.15188e+00
 55 -0.01327 -1.74027e+00 | 56  0.00762 -4.91640e+00 | 57  0.02635 -8.46193e+00
 58  0.00353 -4.52253e+00 | 59 -0.00504 -3.24478e+00 | 60 -0.00697 -3.30060e+00
 61 -0.00812 -3.02530e+00 | 62 -0.00165 -3.99648e+00 | 63  0.00171 -4.76060e+00
 64  0.00462 -5.44032e+00 | 65 -0.00858 -3.33958e+00 | 66  0.01983 -8.43759e+00
 67  0.00426 -5.69659e+00 | 68  0.00850 -7.36797e+00 | 69 -0.02024 -2.76488e+00
 70 -0.03035 -1.36100e+00 | 71 -0.02727 -1.57293e+00 | 72 -0.00056 -4.99116e+00
 73  0.01597 -7.95243e+00 | 74 -0.01059 -3.10005e+00 | 75  0.00423 -5.43816e+00
 76 -0.00652 -3.55554e+00 | 77  0.00777 -2.17424e+00 | 78  0.01940 -4.42125e+00
 79  0.03248 -1.29253e+01 | 80  0.00660 -8.04013e-01 | 81 -0.01224  1.43382e+00
 82 -0.02348  3.28386e+00 | 83  0.01084 -1.93929e+00 | 84 -0.00666  2.37135e+00
 85  0.02214 -7.70227e-01 | 86  0.02707  7.27117e+00 | 87 -0.01104  2.68066e+00
 88 -0.02620  3.71919e+00 | 89 -0.03443  3.66792e+00 | 90  0.03335  6.70376e+00
 91 -0.01524  3.96302e+00 | 92  0.00897  5.28090e+00 | 93 -0.01182  4.60883e+00
 94  0.00768  6.15013e+00 | 95 -0.03236  3.17050e+00 | 96  0.01249  5.99305e+00
 97  0.00868  2.87121e+00 | 98  0.02290  5.29247e+00 | 99  0.00829  5.72139e+00
100 -0.00435  2.27669e+00 |101  0.03054  1.83790e+00 |102  0.03222  3.03240e+00
103 -0.01212  6.43635e+00 |104 -0.00418  5.59962e+00 |105 -0.00025  5.57353e+00
106 -0.00023  5.57532e+00 |107 -0.00014  4.43066e+01 |108 -0.10058 -6.41512e+00
109 -0.45922  1.09074e+01 |110 -0.32426 -6.09136e-01 |111 -0.27231 -6.23879e-01
111 variables; iteration 40; function evaluation 45; phase 5
Function value 5.5819563e+02; maximum gradient component mag -7.6079e+01
Var    Value     Gradient |Var    Value     Gradient |Var    Value     Gradient
  1 -0.42272 -5.48785e+00 |  2 -0.42564 -7.60786e+01 |  3 -0.40524 -3.04637e+01
  4 -0.40008 -4.67565e+00 |  5 -0.40601 -2.52665e+00 |  6  0.63573 -6.02646e+01
  7  0.00043 -3.38162e-01 |  8  0.00009 -7.47298e-02 |  9  0.00011 -9.11627e-02
 10  0.00013 -1.11132e-01 | 11  0.00015 -1.35367e-01 | 12 -0.00004  1.81877e+00
 13 -0.00003  1.78349e+00 | 14  0.00075  1.73805e+00 | 15  0.00035  1.68853e+00
 16 -0.00002  1.63030e+00 | 17 -0.00007  1.56097e+00 | 18 -0.00019  1.48255e+00
 19  0.00024  1.39021e+00 | 20 -0.00065  1.30274e+00 | 21 -0.00071  1.20149e+00
 22 -0.00236  1.11402e+00 | 23 -0.00348  1.00737e+00 | 24 -0.00467  8.81215e-01
 25 -0.00570  7.43042e-01 | 26 -0.00627  6.25878e-01 | 27 -0.00423  4.28428e-01
 28 -0.00141 -1.38164e-01 | 29 -0.00516  6.22774e-01 | 30  0.00111  1.10624e-01
 31 -0.00472  1.58912e-01 | 32 -0.00374  3.30465e-02 | 33 -0.00372  7.71783e-02
 34 -0.00250 -4.17962e-02 | 35 -0.00386 -6.58495e-02 | 36 -0.00476 -1.21280e-01
 37 -0.00288 -1.82413e-01 | 38 -0.00895  6.72389e-02 | 39 -0.00887  5.46315e-02
 40  0.01320 -8.14999e-01 | 41  0.00199 -8.90748e-01 | 42 -0.00040 -6.44077e-01
 43 -0.00738 -1.46903e-02 | 44 -0.01341 -1.21295e-01 | 45  0.00611 -5.78954e-01
 46  0.00899 -1.01602e+00 | 47 -0.00331 -3.93062e-01 | 48  0.00002 -4.97094e-01
 49  0.00624 -9.75699e-01 | 50  0.00030 -5.40240e-01 | 51  0.00515 -1.26594e+00
 52  0.00689 -1.14076e+00 | 53  0.00479 -9.30640e-01 | 54 -0.00714 -4.91222e-01
 55 -0.01308  2.23405e-01 | 56  0.00753 -1.15024e+00 | 57  0.02648 -1.88747e+00
 58  0.00355 -8.12178e-01 | 59 -0.00495 -4.99098e-01 | 60 -0.00711 -1.10350e+00
 61 -0.00803 -4.15969e-01 | 62 -0.00180 -1.01491e+00 | 63  0.00170 -9.93278e-01
 64  0.00473 -1.06386e+00 | 65 -0.00886 -1.54155e+00 | 66  0.01993 -1.89738e+00
 67  0.00420 -1.17985e+00 | 68  0.00892 -5.03252e-01 | 69 -0.01969  8.35971e-01
 70 -0.03029  1.93750e-02 | 71 -0.02679  1.24857e+00 | 72 -0.00006  6.83113e-01
 73  0.01527 -5.19119e+00 | 74 -0.01073 -1.09954e+00 | 75  0.00410 -2.02690e+00
 76 -0.00747 -5.45092e+00 | 77  0.00777  1.90997e-01 | 78  0.01898 -5.22172e+00
 79  0.03274 -2.95069e+00 | 80  0.00630 -1.84569e-01 | 81 -0.01242 -1.72971e+00
 82 -0.02379 -8.26379e-02 | 83  0.01094 -4.41963e-01 | 84 -0.00688  6.06390e-01
 85  0.02217 -1.33992e+00 | 86  0.02662  9.43598e-02 | 87 -0.01141 -6.75900e+00
 88 -0.02677 -9.09563e-01 | 89 -0.03428  1.49828e+00 | 90  0.03310  7.70955e-01
 91 -0.01508  3.60047e+00 | 92  0.00879  3.58710e+00 | 93 -0.01185 -1.28313e-01
 94  0.00751  2.20867e+00 | 95 -0.03230 -9.06604e-03 | 96  0.01230  4.11305e-01
 97  0.00899  2.03771e+00 | 98  0.02294  2.77202e+00 | 99  0.00861  1.99634e+00
100 -0.00396  1.74129e+00 |101  0.03125  1.05556e+00 |102  0.03286  2.38847e+00
103 -0.01151  1.04006e+00 |104 -0.00414  1.92135e+00 |105 -0.00025  1.98595e+00
106 -0.00023  1.98099e+00 |107 -0.00077 -1.33690e+01 |108 -0.10077 -2.69236e+00
109 -0.45935  3.28027e+00 |110 -0.32477  1.50573e-02 |111 -0.27343 -3.31773e-01
111 variables; iteration 60; function evaluation 76; phase 5
Function value 5.5818465e+02; maximum gradient component mag -1.8130e+01
Var    Value     Gradient |Var    Value     Gradient |Var    Value     Gradient
  1 -0.42278 -1.23373e+00 |  2 -0.42562 -1.81297e+01 |  3 -0.40526 -7.40411e+00
  4 -0.39895 -6.21951e-01 |  5 -0.40608 -4.41856e-01 |  6  0.63579 -1.42219e+01
  7  0.00044 -8.89361e-02 |  8  0.00009 -2.00294e-02 |  9  0.00011 -2.44968e-02
 10  0.00013 -2.99517e-02 | 11  0.00015 -3.66097e-02 | 12 -0.00004  4.36773e-01
 13 -0.00003  4.26829e-01 | 14  0.00075  4.13950e-01 | 15  0.00035  3.99939e-01
 16 -0.00001  3.83742e-01 | 17 -0.00006  3.65119e-01 | 18 -0.00018  3.45387e-01
 19  0.00025  3.24624e-01 | 20 -0.00064  3.10066e-01 | 21 -0.00070  2.98394e-01
 22 -0.00235  2.88975e-01 | 23 -0.00348  2.59314e-01 | 24 -0.00467  2.14808e-01
 25 -0.00570  1.80188e-01 | 26 -0.00627  1.58364e-01 | 27 -0.00416  2.08330e-01
 28 -0.00115  9.24670e-02 | 29 -0.00532  7.71617e-02 | 30  0.00117  7.26086e-02
 31 -0.00467  6.02368e-02 | 32 -0.00370  3.41567e-02 | 33 -0.00368  4.65460e-02
 34 -0.00245  2.54423e-02 | 35 -0.00381  2.80359e-02 | 36 -0.00470  2.12013e-02
 37 -0.00285 -3.51233e-03 | 38 -0.00901 -3.71024e-02 | 39 -0.00892 -1.28579e-02
 40  0.01317 -1.48073e-01 | 41  0.00216 -1.91891e-01 | 42 -0.00027 -7.20815e-02
 43 -0.00757 -1.56343e-01 | 44 -0.01339 -7.07370e-02 | 45  0.00598 -2.35746e-01
 46  0.00897 -2.79780e-01 | 47 -0.00338 -1.27065e-01 | 48 -0.00004 -9.78767e-02
 49  0.00618 -3.22786e-01 | 50  0.00021 -1.78901e-01 | 51  0.00522 -4.23820e-01
 52  0.00690 -3.14326e-01 | 53  0.00492 -1.11094e-02 | 54 -0.00721 -2.70664e-01
 55 -0.01326 -5.24155e-02 | 56  0.00754 -3.24251e-01 | 57  0.02632 -5.57770e-01
 58  0.00349 -2.41381e-01 | 59 -0.00501 -1.51499e-01 | 60 -0.00680  3.68574e-04
 61 -0.00819 -2.47422e-01 | 62 -0.00177 -2.84289e-01 | 63  0.00169 -1.78125e-01
 64  0.00457 -3.88308e-01 | 65 -0.00867 -5.98618e-01 | 66  0.01974 -5.41508e-01
 67  0.00414 -3.28973e-01 | 68  0.00836 -5.20752e-01 | 69 -0.02007  1.21294e-01
 70 -0.03029  1.88899e-01 | 71 -0.02720  1.36357e-01 | 72 -0.00059 -1.44539e-01
 73  0.01584 -7.56904e-01 | 74 -0.01066 -1.83929e-01 | 75  0.00415 -4.31230e-01
 76 -0.00680 -6.55139e-01 | 77  0.00769 -1.40050e-02 | 78  0.01918 -9.03697e-01
 79  0.03282 -5.62042e-01 | 80  0.00624 -1.28330e-01 | 81 -0.01231 -1.13133e-01
 82 -0.02381 -1.49577e-01 | 83  0.01094 -8.86468e-02 | 84 -0.00695 -1.06071e-03
 85  0.02220 -2.32681e-01 | 86  0.02657 -8.59446e-02 | 87 -0.01107 -6.32725e-01
 88 -0.02673  2.87130e-02 | 89 -0.03427  2.85770e-01 | 90  0.03302 -7.78488e-04
 91 -0.01521  2.51792e-01 | 92  0.00862  6.72420e-01 | 93 -0.01178 -1.97154e-02
 94  0.00742  3.67643e-01 | 95 -0.03219  2.75140e-01 | 96  0.01233  2.95841e-01
 97  0.00901  4.74987e-01 | 98  0.02286  2.94687e-01 | 99  0.00864  3.47818e-01
100 -0.00395  4.79041e-01 |101  0.03136  2.78164e-01 |102  0.03287  3.87784e-01
103 -0.01131  4.32651e-01 |104 -0.00407  5.46898e-01 |105 -0.00025  4.84632e-01
106 -0.00023  4.80116e-01 |107 -0.00082 -4.26878e+00 |108 -0.10067 -7.08580e-01
109 -0.45926  7.76789e-01 |110 -0.32448  1.36206e-03 |111 -0.27340 -7.71947e-02
111 variables; iteration 80; function evaluation 110; phase 5
Function value 5.5818438e+02; maximum gradient component mag -1.3324e+00
Var    Value     Gradient |Var    Value     Gradient |Var    Value     Gradient
  1 -0.42280 -9.08251e-02 |  2 -0.42563 -1.33236e+00 |  3 -0.40525 -5.49623e-01
  4 -0.39881 -3.59228e-02 |  5 -0.40608 -2.98732e-02 |  6  0.63579 -1.04249e+00
  7  0.00046  8.60453e-03 |  8  0.00009 -2.09346e-03 |  9  0.00011 -2.53638e-03
 10  0.00013 -3.06010e-03 | 11  0.00016 -3.67270e-03 | 12 -0.00004  3.39218e-02
 13 -0.00003  3.18800e-02 | 14  0.00075  2.93635e-02 | 15  0.00035  2.72629e-02
 16 -0.00001  2.59361e-02 | 17 -0.00006  2.58673e-02 | 18 -0.00018  2.70929e-02
 19  0.00025  2.66416e-02 | 20 -0.00064  1.92903e-02 | 21 -0.00071  2.18521e-02
 22 -0.00236  3.08944e-02 | 23 -0.00351  8.43538e-03 | 24 -0.00469  1.09011e-02
 25 -0.00570  1.70402e-02 | 26 -0.00627  1.79784e-02 | 27 -0.00422  2.17696e-02
 28 -0.00116  1.48864e-02 | 29 -0.00532  2.24622e-03 | 30  0.00115  2.02027e-03
 31 -0.00468  4.23927e-03 | 32 -0.00371  2.36542e-03 | 33 -0.00369  4.62517e-03
 34 -0.00246  1.05051e-02 | 35 -0.00382  1.82937e-02 | 36 -0.00471  1.74200e-02
 37 -0.00288 -9.05667e-03 | 38 -0.00899  6.83461e-03 | 39 -0.00892 -1.97952e-03
 40  0.01311 -6.18516e-02 | 41  0.00220 -1.80723e-02 | 42 -0.00031 -2.62956e-02
 43 -0.00751 -4.20017e-03 | 44 -0.01337 -1.15659e-02 | 45  0.00599 -3.22927e-02
 46  0.00900 -7.26671e-04 | 47 -0.00338 -8.04502e-03 | 48 -0.00008  8.87629e-05
 49  0.00623 -9.66419e-03 | 50  0.00021 -1.31475e-02 | 51  0.00533 -2.38202e-02
 52  0.00693 -1.91391e-02 | 53  0.00478 -1.03396e-02 | 54 -0.00714 -3.82898e-02
 55 -0.01327 -6.86076e-03 | 56  0.00756 -2.21725e-02 | 57  0.02632 -4.74866e-02
 58  0.00348 -2.01518e-02 | 59 -0.00500  5.88990e-03 | 60 -0.00687 -6.03087e-03
 61 -0.00814 -2.16854e-02 | 62 -0.00175 -3.81724e-02 | 63  0.00163 -2.07245e-02
 64  0.00460 -1.57244e-02 | 65 -0.00850 -4.06107e-02 | 66  0.01971 -3.51965e-02
 67  0.00411 -2.42086e-02 | 68  0.00839 -3.89445e-02 | 69 -0.02015  5.49714e-03
 70 -0.03035  9.52629e-03 | 71 -0.02726  6.61252e-03 | 72 -0.00064 -1.42722e-02
 73  0.01588 -5.04589e-02 | 74 -0.01066 -1.19956e-02 | 75  0.00416 -2.94758e-02
 76 -0.00673 -3.89613e-02 | 77  0.00767 -6.57264e-03 | 78  0.01921 -5.68984e-02
 79  0.03282 -3.96997e-02 | 80  0.00623 -1.05919e-02 | 81 -0.01231 -6.18383e-03
 82 -0.02379 -6.15638e-03 | 83  0.01094 -7.21007e-03 | 84 -0.00695 -3.18169e-05
 85  0.02221 -1.60835e-02 | 86  0.02656 -8.28178e-03 | 87 -0.01103 -3.12586e-02
 88 -0.02672  5.53843e-03 | 89 -0.03427  2.05273e-02 | 90  0.03302 -2.70277e-03
 91 -0.01521  1.76864e-02 | 92  0.00859  3.88914e-02 | 93 -0.01177  4.50541e-03
 94  0.00741  2.40818e-02 | 95 -0.03218  2.20900e-02 | 96  0.01233  2.08553e-02
 97  0.00901  3.22123e-02 | 98  0.02286  2.10693e-02 | 99  0.00865  2.65086e-02
100 -0.00395  3.37463e-02 |101  0.03139  2.37476e-02 |102  0.03289  2.93969e-02
103 -0.01128  3.23498e-02 |104 -0.00411  3.15479e-02 |105 -0.00026  4.21475e-02
106 -0.00023  4.08050e-02 |107 -0.00083 -3.27984e-01 |108 -0.10067 -5.27481e-02
109 -0.45925  5.73912e-02 |110 -0.32444 -1.08409e-03 |111 -0.27338 -3.55755e-03
  ic > imax  in fminim is answer attained ?
Var    Value     Gradient |Var    Value     Gradient |Var    Value     Gradient
  1 -0.42280 -2.09222e-05 |  2 -0.42563 -2.77434e-04 |  3 -0.40525 -1.23148e-04
  4 -0.39881  1.40489e-05 |  5 -0.40607  1.18818e-06 |  6  0.63579 -2.12302e-04
  7  0.00045  2.18030e-06 |  8  0.00010 -3.08426e-06 |  9  0.00011 -4.42947e-06
 10  0.00013 -6.48569e-06 | 11  0.00016 -9.61695e-06 | 12 -0.00004  9.76848e-06
 13 -0.00003  1.36278e-05 | 14  0.00075  1.57996e-05 | 15  0.00035  1.39153e-05
 16 -0.00001  8.69603e-06 | 17 -0.00006  1.84558e-07 | 18 -0.00018 -9.52313e-06
 19  0.00025  9.08991e-07 | 20 -0.00064 -2.56591e-05 | 21 -0.00071  5.10151e-06
 22 -0.00237 -1.62758e-05 | 23 -0.00350  4.91809e-05 | 24 -0.00468  1.31358e-05
 25 -0.00571  5.41769e-05 | 26 -0.00628 -8.14999e-06 | 27 -0.00422 -1.23636e-05
 28 -0.00117  1.05173e-05 | 29 -0.00532 -5.91782e-05 | 30  0.00115  1.79508e-06
 31 -0.00468 -7.71040e-06 | 32 -0.00371 -7.79965e-05 | 33 -0.00369 -9.89401e-05
 34 -0.00247 -4.60913e-05 | 35 -0.00383  5.43017e-05 | 36 -0.00472  2.83914e-06
 37 -0.00287  6.55018e-05 | 38 -0.00899  4.21524e-06 | 39 -0.00892  5.35573e-05
 40  0.01313  5.45947e-05 | 41  0.00220 -5.34287e-05 | 42 -0.00030  2.92932e-05
 43 -0.00751 -1.04624e-05 | 44 -0.01337  2.86800e-05 | 45  0.00599  9.17045e-06
 46  0.00898 -2.90458e-05 | 47 -0.00338 -5.10563e-05 | 48 -0.00009  2.17746e-07
 49  0.00623  1.70363e-05 | 50  0.00021 -4.85099e-07 | 51  0.00534  2.10981e-06
 52  0.00693 -1.26928e-05 | 53  0.00477 -2.40779e-05 | 54 -0.00712  4.16639e-05
 55 -0.01327  5.83416e-06 | 56  0.00756  4.45744e-06 | 57  0.02632 -4.75984e-06
 58  0.00349 -3.75186e-06 | 59 -0.00501 -4.58721e-06 | 60 -0.00687  1.05915e-06
 61 -0.00814 -6.13199e-05 | 62 -0.00174  1.76893e-05 | 63  0.00163 -6.50323e-07
 64  0.00460 -1.13413e-05 | 65 -0.00849  1.28765e-05 | 66  0.01971 -4.77157e-08
 67  0.00411 -4.72937e-05 | 68  0.00840  1.25189e-05 | 69 -0.02016 -9.67214e-06
 70 -0.03036 -6.29657e-06 | 71 -0.02726 -4.77398e-06 | 72 -0.00065 -1.03909e-05
 73  0.01588  7.45949e-07 | 74 -0.01066  9.12072e-07 | 75  0.00416 -2.46381e-07
 76 -0.00673  1.20467e-05 | 77  0.00766 -1.17318e-05 | 78  0.01921  9.51742e-06
 79  0.03282 -3.73650e-06 | 80  0.00623 -3.05600e-06 | 81 -0.01231  4.97345e-06
 82 -0.02379  1.04330e-05 | 83  0.01094 -1.51783e-06 | 84 -0.00695  1.66093e-06
 85  0.02221  4.17128e-07 | 86  0.02656 -4.73649e-06 | 87 -0.01103  2.70632e-05
 88 -0.02672  9.60637e-06 | 89 -0.03427  4.49430e-06 | 90  0.03302 -4.55005e-06
 91 -0.01521  3.76281e-06 | 92  0.00859 -1.32487e-05 | 93 -0.01177  1.48357e-05
 94  0.00741 -2.01761e-07 | 95 -0.03218  9.77849e-06 | 96  0.01233  3.62157e-06
 97  0.00901  2.17635e-06 | 98  0.02286  4.89795e-06 | 99  0.00866  8.86574e-06
100 -0.00395  4.97467e-06 |101  0.03139  1.35405e-05 |102  0.03289  9.28736e-06
103 -0.01128  9.47727e-06 |104 -0.00411 -1.70573e-05 |105 -0.00026 -4.25178e-06
106 -0.00024 -2.34657e-06 |107 -0.00083 -1.08911e-04 |108 -0.10067 -1.35721e-05
109 -0.45925  1.34430e-05 |110 -0.32444 -3.39594e-06 |111 -0.27338  5.56607e-06
Function minimizer not making progress ... is minimum attained?
Minimprove criterion = 0.0000e+00

 - final statistics:
111 variables; iteration 97; function evaluation 170
Function value 5.5818e+02; maximum gradient component mag -2.7743e-04
Exit code = 1;  converg criter 1.0000e-04
Var    Value     Gradient |Var    Value     Gradient |Var    Value     Gradient
  1 -0.42280 -2.09222e-05 |  2 -0.42563 -2.77434e-04 |  3 -0.40525 -1.23148e-04
  4 -0.39881  1.40489e-05 |  5 -0.40607  1.18818e-06 |  6  0.63579 -2.12302e-04
  7  0.00045  2.18030e-06 |  8  0.00010 -3.08426e-06 |  9  0.00011 -4.42947e-06
 10  0.00013 -6.48569e-06 | 11  0.00016 -9.61695e-06 | 12 -0.00004  9.76848e-06
 13 -0.00003  1.36278e-05 | 14  0.00075  1.57996e-05 | 15  0.00035  1.39153e-05
 16 -0.00001  8.69603e-06 | 17 -0.00006  1.84558e-07 | 18 -0.00018 -9.52313e-06
 19  0.00025  9.08991e-07 | 20 -0.00064 -2.56591e-05 | 21 -0.00071  5.10151e-06
 22 -0.00237 -1.62758e-05 | 23 -0.00350  4.91809e-05 | 24 -0.00468  1.31358e-05
 25 -0.00571  5.41769e-05 | 26 -0.00628 -8.14999e-06 | 27 -0.00422 -1.23636e-05
 28 -0.00117  1.05173e-05 | 29 -0.00532 -5.91782e-05 | 30  0.00115  1.79508e-06
 31 -0.00468 -7.71040e-06 | 32 -0.00371 -7.79965e-05 | 33 -0.00369 -9.89401e-05
 34 -0.00247 -4.60913e-05 | 35 -0.00383  5.43017e-05 | 36 -0.00472  2.83914e-06
 37 -0.00287  6.55018e-05 | 38 -0.00899  4.21524e-06 | 39 -0.00892  5.35573e-05
 40  0.01313  5.45947e-05 | 41  0.00220 -5.34287e-05 | 42 -0.00030  2.92932e-05
 43 -0.00751 -1.04624e-05 | 44 -0.01337  2.86800e-05 | 45  0.00599  9.17045e-06
 46  0.00898 -2.90458e-05 | 47 -0.00338 -5.10563e-05 | 48 -0.00009  2.17746e-07
 49  0.00623  1.70363e-05 | 50  0.00021 -4.85099e-07 | 51  0.00534  2.10981e-06
 52  0.00693 -1.26928e-05 | 53  0.00477 -2.40779e-05 | 54 -0.00712  4.16639e-05
 55 -0.01327  5.83416e-06 | 56  0.00756  4.45744e-06 | 57  0.02632 -4.75984e-06
 58  0.00349 -3.75186e-06 | 59 -0.00501 -4.58721e-06 | 60 -0.00687  1.05915e-06
 61 -0.00814 -6.13199e-05 | 62 -0.00174  1.76893e-05 | 63  0.00163 -6.50323e-07
 64  0.00460 -1.13413e-05 | 65 -0.00849  1.28765e-05 | 66  0.01971 -4.77157e-08
 67  0.00411 -4.72937e-05 | 68  0.00840  1.25189e-05 | 69 -0.02016 -9.67214e-06
 70 -0.03036 -6.29657e-06 | 71 -0.02726 -4.77398e-06 | 72 -0.00065 -1.03909e-05
 73  0.01588  7.45949e-07 | 74 -0.01066  9.12072e-07 | 75  0.00416 -2.46381e-07
 76 -0.00673  1.20467e-05 | 77  0.00766 -1.17318e-05 | 78  0.01921  9.51742e-06
 79  0.03282 -3.73650e-06 | 80  0.00623 -3.05600e-06 | 81 -0.01231  4.97345e-06
 82 -0.02379  1.04330e-05 | 83  0.01094 -1.51783e-06 | 84 -0.00695  1.66093e-06
 85  0.02221  4.17128e-07 | 86  0.02656 -4.73649e-06 | 87 -0.01103  2.70632e-05
 88 -0.02672  9.60637e-06 | 89 -0.03427  4.49430e-06 | 90  0.03302 -4.55005e-06
 91 -0.01521  3.76281e-06 | 92  0.00859 -1.32487e-05 | 93 -0.01177  1.48357e-05
 94  0.00741 -2.01761e-07 | 95 -0.03218  9.77849e-06 | 96  0.01233  3.62157e-06
 97  0.00901  2.17635e-06 | 98  0.02286  4.89795e-06 | 99  0.00866  8.86574e-06
100 -0.00395  4.97467e-06 |101  0.03139  1.35405e-05 |102  0.03289  9.28736e-06
103 -0.01128  9.47727e-06 |104 -0.00411 -1.70573e-05 |105 -0.00026 -4.25178e-06
106 -0.00024 -2.34657e-06 |107 -0.00083 -1.08911e-04 |108 -0.10067 -1.35721e-05
109 -0.45925  1.34430e-05 |110 -0.32444 -3.39594e-06 |111 -0.27338  5.56607e-06

Initial statistics: 112 variables; iteration 0; function evaluation 0; phase 6
Function value 5.5818438e+02; maximum gradient component mag -2.7744e-04
Var    Value     Gradient |Var    Value     Gradient |Var    Value     Gradient
  1 -0.42280 -2.09223e-05 |  2 -0.42563 -2.77435e-04 |  3 -0.40525 -1.23149e-04
  4 -0.39881  1.40488e-05 |  5 -0.40607  1.18816e-06 |  6  0.63579 -2.12303e-04
  7  0.00045  2.18029e-06 |  8  0.00010 -3.08426e-06 |  9  0.00011 -4.42948e-06
 10  0.00013 -6.48569e-06 | 11  0.00016 -9.61695e-06 | 12 -0.00004  9.69616e-06
 13 -0.00003  1.35554e-05 | 14  0.00075  1.57273e-05 | 15  0.00035  1.38430e-05
 16 -0.00001  8.62370e-06 | 17 -0.00006  1.12234e-07 | 18 -0.00018 -9.59545e-06
 19  0.00025  8.36664e-07 | 20 -0.00064 -2.57315e-05 | 21 -0.00071  5.02918e-06
 22 -0.00237 -1.63481e-05 | 23 -0.00350  4.91085e-05 | 24 -0.00468  1.30635e-05
 25 -0.00571  5.41046e-05 | 26 -0.00628 -8.22233e-06 | 27 -0.00422 -1.24359e-05
 28 -0.00117  1.04450e-05 | 29 -0.00532 -5.92505e-05 | 30  0.00115  1.72272e-06
 31 -0.00468 -7.78275e-06 | 32 -0.00371 -7.80689e-05 | 33 -0.00369 -9.90125e-05
 34 -0.00247 -4.61636e-05 | 35 -0.00383  5.42293e-05 | 36 -0.00472  2.76679e-06
 37 -0.00287  6.54295e-05 | 38 -0.00899  4.14290e-06 | 39 -0.00892  5.34849e-05
 40  0.01313  5.45223e-05 | 41  0.00220 -5.35011e-05 | 42 -0.00030  2.92208e-05
 43 -0.00751 -1.05348e-05 | 44 -0.01337  2.86076e-05 | 45  0.00599  9.09809e-06
 46  0.00898 -2.91181e-05 | 47 -0.00338 -5.11286e-05 | 48 -0.00009  1.45378e-07
 49  0.00623  1.69639e-05 | 50  0.00021 -5.57467e-07 | 51  0.00534  2.03744e-06
 52  0.00693 -1.27652e-05 | 53  0.00477 -2.41503e-05 | 54 -0.00712  4.15916e-05
 55 -0.01327  5.76182e-06 | 56  0.00756  4.38506e-06 | 57  0.02632 -4.83218e-06
 58  0.00349 -3.82424e-06 | 59 -0.00501 -4.65957e-06 | 60 -0.00687  9.86790e-07
 61 -0.00814 -6.13922e-05 | 62 -0.00174  1.76169e-05 | 63  0.00163 -7.22700e-07
 64  0.00460 -1.14137e-05 | 65 -0.00849  1.28041e-05 | 66  0.01971 -1.20081e-07
 67  0.00411 -4.73661e-05 | 68  0.00840  1.24465e-05 | 69 -0.02016 -9.74447e-06
 70 -0.03036 -6.36884e-06 | 71 -0.02726 -4.84628e-06 | 72 -0.00065 -1.04633e-05
 73  0.01588  6.73571e-07 | 74 -0.01066  8.39712e-07 | 75  0.00416 -3.18762e-07
 76 -0.00673  1.19743e-05 | 77  0.00766 -1.18042e-05 | 78  0.01921  9.44506e-06
 79  0.03282 -3.80881e-06 | 80  0.00623 -3.12837e-06 | 81 -0.01231  4.90111e-06
 82 -0.02379  1.03607e-05 | 83  0.01094 -1.59019e-06 | 84 -0.00695  1.58858e-06
 85  0.02221  3.44800e-07 | 86  0.02656 -4.80880e-06 | 87 -0.01103  2.69908e-05
 88 -0.02672  9.53410e-06 | 89 -0.03427  4.42207e-06 | 90  0.03302 -4.62232e-06
 91 -0.01521  3.69049e-06 | 92  0.00859 -1.33211e-05 | 93 -0.01177  1.47634e-05
 94  0.00741 -2.74093e-07 | 95 -0.03218  9.70625e-06 | 96  0.01233  3.54925e-06
 97  0.00901  2.10403e-06 | 98  0.02286  4.82566e-06 | 99  0.00866  8.79343e-06
100 -0.00395  4.90235e-06 |101  0.03139  1.34682e-05 |102  0.03289  9.21514e-06
103 -0.01128  9.40497e-06 |104 -0.00411 -1.71296e-05 |105 -0.00026 -4.32410e-06
106 -0.00024 -2.41889e-06 |107  0.00000  0.00000e+00 |108 -0.00083 -1.08912e-04
109 -0.10067 -1.35722e-05 |110 -0.45925  1.34431e-05 |111 -0.32444 -3.39594e-06
112 -0.27338  5.56608e-06 |
  ic > imax  in fminim is answer attained ?
Var    Value     Gradient |Var    Value     Gradient |Var    Value     Gradient
  1 -0.42280 -2.09223e-05 |  2 -0.42563 -2.77435e-04 |  3 -0.40525 -1.23149e-04
  4 -0.39881  1.40488e-05 |  5 -0.40607  1.18816e-06 |  6  0.63579 -2.12303e-04
  7  0.00045  2.18029e-06 |  8  0.00010 -3.08426e-06 |  9  0.00011 -4.42948e-06
 10  0.00013 -6.48569e-06 | 11  0.00016 -9.61695e-06 | 12 -0.00004  9.69616e-06
 13 -0.00003  1.35554e-05 | 14  0.00075  1.57273e-05 | 15  0.00035  1.38430e-05
 16 -0.00001  8.62370e-06 | 17 -0.00006  1.12234e-07 | 18 -0.00018 -9.59545e-06
 19  0.00025  8.36664e-07 | 20 -0.00064 -2.57315e-05 | 21 -0.00071  5.02918e-06
 22 -0.00237 -1.63481e-05 | 23 -0.00350  4.91085e-05 | 24 -0.00468  1.30635e-05
 25 -0.00571  5.41046e-05 | 26 -0.00628 -8.22233e-06 | 27 -0.00422 -1.24359e-05
 28 -0.00117  1.04450e-05 | 29 -0.00532 -5.92505e-05 | 30  0.00115  1.72272e-06
 31 -0.00468 -7.78275e-06 | 32 -0.00371 -7.80689e-05 | 33 -0.00369 -9.90125e-05
 34 -0.00247 -4.61636e-05 | 35 -0.00383  5.42293e-05 | 36 -0.00472  2.76679e-06
 37 -0.00287  6.54295e-05 | 38 -0.00899  4.14290e-06 | 39 -0.00892  5.34849e-05
 40  0.01313  5.45223e-05 | 41  0.00220 -5.35011e-05 | 42 -0.00030  2.92208e-05
 43 -0.00751 -1.05348e-05 | 44 -0.01337  2.86076e-05 | 45  0.00599  9.09809e-06
 46  0.00898 -2.91181e-05 | 47 -0.00338 -5.11286e-05 | 48 -0.00009  1.45378e-07
 49  0.00623  1.69639e-05 | 50  0.00021 -5.57467e-07 | 51  0.00534  2.03744e-06
 52  0.00693 -1.27652e-05 | 53  0.00477 -2.41503e-05 | 54 -0.00712  4.15916e-05
 55 -0.01327  5.76182e-06 | 56  0.00756  4.38506e-06 | 57  0.02632 -4.83218e-06
 58  0.00349 -3.82424e-06 | 59 -0.00501 -4.65957e-06 | 60 -0.00687  9.86790e-07
 61 -0.00814 -6.13922e-05 | 62 -0.00174  1.76169e-05 | 63  0.00163 -7.22700e-07
 64  0.00460 -1.14137e-05 | 65 -0.00849  1.28041e-05 | 66  0.01971 -1.20081e-07
 67  0.00411 -4.73661e-05 | 68  0.00840  1.24465e-05 | 69 -0.02016 -9.74447e-06
 70 -0.03036 -6.36884e-06 | 71 -0.02726 -4.84628e-06 | 72 -0.00065 -1.04633e-05
 73  0.01588  6.73571e-07 | 74 -0.01066  8.39712e-07 | 75  0.00416 -3.18762e-07
 76 -0.00673  1.19743e-05 | 77  0.00766 -1.18042e-05 | 78  0.01921  9.44506e-06
 79  0.03282 -3.80881e-06 | 80  0.00623 -3.12837e-06 | 81 -0.01231  4.90111e-06
 82 -0.02379  1.03607e-05 | 83  0.01094 -1.59019e-06 | 84 -0.00695  1.58858e-06
 85  0.02221  3.44800e-07 | 86  0.02656 -4.80880e-06 | 87 -0.01103  2.69908e-05
 88 -0.02672  9.53410e-06 | 89 -0.03427  4.42207e-06 | 90  0.03302 -4.62232e-06
 91 -0.01521  3.69049e-06 | 92  0.00859 -1.33211e-05 | 93 -0.01177  1.47634e-05
 94  0.00741 -2.74093e-07 | 95 -0.03218  9.70625e-06 | 96  0.01233  3.54925e-06
 97  0.00901  2.10403e-06 | 98  0.02286  4.82566e-06 | 99  0.00866  8.79343e-06
100 -0.00395  4.90235e-06 |101  0.03139  1.34682e-05 |102  0.03289  9.21514e-06
103 -0.01128  9.40497e-06 |104 -0.00411 -1.71296e-05 |105 -0.00026 -4.32410e-06
106 -0.00024 -2.41889e-06 |107  0.00000  0.00000e+00 |108 -0.00083 -1.08912e-04
109 -0.10067 -1.35722e-05 |110 -0.45925  1.34431e-05 |111 -0.32444 -3.39594e-06
112 -0.27338  5.56608e-06 |
Function minimizer not making progress ... is minimum attained?
Minimprove criterion = 0.0000e+00

 - final statistics:
112 variables; iteration 1; function evaluation 30
Function value 5.5818e+02; maximum gradient component mag -2.7744e-04
Exit code = 1;  converg criter 1.0000e-04
Var    Value     Gradient |Var    Value     Gradient |Var    Value     Gradient
  1 -0.42280 -2.09223e-05 |  2 -0.42563 -2.77435e-04 |  3 -0.40525 -1.23149e-04
  4 -0.39881  1.40488e-05 |  5 -0.40607  1.18816e-06 |  6  0.63579 -2.12303e-04
  7  0.00045  2.18029e-06 |  8  0.00010 -3.08426e-06 |  9  0.00011 -4.42948e-06
 10  0.00013 -6.48569e-06 | 11  0.00016 -9.61695e-06 | 12 -0.00004  9.69616e-06
 13 -0.00003  1.35554e-05 | 14  0.00075  1.57273e-05 | 15  0.00035  1.38430e-05
 16 -0.00001  8.62370e-06 | 17 -0.00006  1.12234e-07 | 18 -0.00018 -9.59545e-06
 19  0.00025  8.36664e-07 | 20 -0.00064 -2.57315e-05 | 21 -0.00071  5.02918e-06
 22 -0.00237 -1.63481e-05 | 23 -0.00350  4.91085e-05 | 24 -0.00468  1.30635e-05
 25 -0.00571  5.41046e-05 | 26 -0.00628 -8.22233e-06 | 27 -0.00422 -1.24359e-05
 28 -0.00117  1.04450e-05 | 29 -0.00532 -5.92505e-05 | 30  0.00115  1.72272e-06
 31 -0.00468 -7.78275e-06 | 32 -0.00371 -7.80689e-05 | 33 -0.00369 -9.90125e-05
 34 -0.00247 -4.61636e-05 | 35 -0.00383  5.42293e-05 | 36 -0.00472  2.76679e-06
 37 -0.00287  6.54295e-05 | 38 -0.00899  4.14290e-06 | 39 -0.00892  5.34849e-05
 40  0.01313  5.45223e-05 | 41  0.00220 -5.35011e-05 | 42 -0.00030  2.92208e-05
 43 -0.00751 -1.05348e-05 | 44 -0.01337  2.86076e-05 | 45  0.00599  9.09809e-06
 46  0.00898 -2.91181e-05 | 47 -0.00338 -5.11286e-05 | 48 -0.00009  1.45378e-07
 49  0.00623  1.69639e-05 | 50  0.00021 -5.57467e-07 | 51  0.00534  2.03744e-06
 52  0.00693 -1.27652e-05 | 53  0.00477 -2.41503e-05 | 54 -0.00712  4.15916e-05
 55 -0.01327  5.76182e-06 | 56  0.00756  4.38506e-06 | 57  0.02632 -4.83218e-06
 58  0.00349 -3.82424e-06 | 59 -0.00501 -4.65957e-06 | 60 -0.00687  9.86790e-07
 61 -0.00814 -6.13922e-05 | 62 -0.00174  1.76169e-05 | 63  0.00163 -7.22700e-07
 64  0.00460 -1.14137e-05 | 65 -0.00849  1.28041e-05 | 66  0.01971 -1.20081e-07
 67  0.00411 -4.73661e-05 | 68  0.00840  1.24465e-05 | 69 -0.02016 -9.74447e-06
 70 -0.03036 -6.36884e-06 | 71 -0.02726 -4.84628e-06 | 72 -0.00065 -1.04633e-05
 73  0.01588  6.73571e-07 | 74 -0.01066  8.39712e-07 | 75  0.00416 -3.18762e-07
 76 -0.00673  1.19743e-05 | 77  0.00766 -1.18042e-05 | 78  0.01921  9.44506e-06
 79  0.03282 -3.80881e-06 | 80  0.00623 -3.12837e-06 | 81 -0.01231  4.90111e-06
 82 -0.02379  1.03607e-05 | 83  0.01094 -1.59019e-06 | 84 -0.00695  1.58858e-06
 85  0.02221  3.44800e-07 | 86  0.02656 -4.80880e-06 | 87 -0.01103  2.69908e-05
 88 -0.02672  9.53410e-06 | 89 -0.03427  4.42207e-06 | 90  0.03302 -4.62232e-06
 91 -0.01521  3.69049e-06 | 92  0.00859 -1.33211e-05 | 93 -0.01177  1.47634e-05
 94  0.00741 -2.74093e-07 | 95 -0.03218  9.70625e-06 | 96  0.01233  3.54925e-06
 97  0.00901  2.10403e-06 | 98  0.02286  4.82566e-06 | 99  0.00866  8.79343e-06
100 -0.00395  4.90235e-06 |101  0.03139  1.34682e-05 |102  0.03289  9.21514e-06
103 -0.01128  9.40497e-06 |104 -0.00411 -1.71296e-05 |105 -0.00026 -4.32410e-06
106 -0.00024 -2.41889e-06 |107  0.00000  0.00000e+00 |108 -0.00083 -1.08912e-04
109 -0.10067 -1.35722e-05 |110 -0.45925  1.34431e-05 |111 -0.32444 -3.39594e-06
112 -0.27338  5.56608e-06 |
size of file gradfil1.tmp = 0
size of file gradfil2.tmp = 0
size of file varssave.tmp = 0
size of file cmpdiff.tmp = 0
