
Initial statistics: 1 variables; iteration 0; function evaluation 0; phase 1
Function value 1.6447287e+06; maximum gradient component mag -6.8229e+07
Var    Value     Gradient |Var    Value     Gradient |Var    Value     Gradient
  1  0.63197 -6.82290e+07 |

 - final statistics:
1 variables; iteration 10; function evaluation 19
Function value 8.2034e+02; maximum gradient component mag -2.6379e-01
Exit code = 1;  converg criter 1.0000e+01
Var    Value     Gradient |Var    Value     Gradient |Var    Value     Gradient
  1  0.64561 -2.63792e-01 |

Initial statistics: 98 variables; iteration 0; function evaluation 0; phase 2
Function value 8.2034373e+02; maximum gradient component mag -1.2118e+03
Var    Value     Gradient |Var    Value     Gradient |Var    Value     Gradient
  1  0.64561 -2.63792e-01 |  2  0.00000 -4.54911e+00 |  3  0.00000 -4.60263e+00
  4  0.00000 -4.66776e+00 |  5  0.00000 -4.74695e+00 |  6  0.00000 -4.84319e+00
  7  0.00000 -4.95989e+00 |  8  0.00000 -5.10347e+00 |  9  0.00000 -6.88734e+00
 10  0.00000 -5.48649e+00 | 11  0.00000 -5.74025e+00 | 12  0.00000 -6.04652e+00
 13  0.00000 -6.41132e+00 | 14  0.00000 -6.80492e+00 | 15  0.00000 -7.29397e+00
 16  0.00000 -7.86075e+00 | 17  0.00000 -8.57592e+00 | 18  0.00000 -1.01687e+01
 19  0.00000 -1.01014e+01 | 20  0.00000 -1.09479e+01 | 21  0.00000 -1.18214e+01
 22  0.00000 -1.48079e+01 | 23  0.00000 -1.26355e+01 | 24  0.00000 -1.30711e+01
 25  0.00000 -1.31148e+01 | 26  0.00000 -1.44345e+01 | 27  0.00000 -1.41259e+01
 28  0.00000 -3.13269e+01 | 29  0.00000 -4.10601e+01 | 30  0.00000 -1.31142e+01
 31  0.00000 -3.46971e+01 | 32  0.00000 -4.55930e+01 | 33  0.00000 -3.57140e+01
 34  0.00000 -2.49308e+01 | 35  0.00000 -2.33659e+01 | 36  0.00000 -4.90968e+01
 37  0.00000 -4.03842e+01 | 38  0.00000 -4.10976e+01 | 39  0.00000 -5.92052e+01
 40  0.00000 -4.59718e+01 | 41  0.00000 -6.38483e+01 | 42  0.00000 -7.30487e+01
 43  0.00000 -8.33671e+01 | 44  0.00000 -9.08375e+01 | 45  0.00000 -1.44703e+02
 46  0.00000 -1.16758e+02 | 47  0.00000 -1.33409e+02 | 48  0.00000 -1.57477e+02
 49  0.00000 -1.69283e+02 | 50  0.00000 -2.10436e+02 | 51  0.00000 -1.99123e+02
 52  0.00000 -1.95014e+02 | 53  0.00000 -2.17326e+02 | 54  0.00000 -2.34833e+02
 55  0.00000 -2.56967e+02 | 56  0.00000 -2.52446e+02 | 57  0.00000 -2.71956e+02
 58  0.00000 -3.40412e+02 | 59  0.00000 -3.27573e+02 | 60  0.00000 -3.08448e+02
 61  0.00000 -3.90139e+02 | 62  0.00000 -2.12555e+02 | 63  0.00000 -2.41922e+02
 64  0.00000 -5.37161e+02 | 65  0.00000 -1.00481e+03 | 66  0.00000 -4.40597e+02
 67  0.00000  9.59021e+00 | 68  0.00000  1.08529e+02 | 69  0.00000  4.31504e+02
 70  0.00000  1.76499e+02 | 71  0.00000  5.26132e+02 | 72  0.00000 -2.36461e+02
 73  0.00000  1.16056e+03 | 74  0.00000 -7.41230e+02 | 75  0.00000  2.81283e+02
 76  0.00000  4.36012e+02 | 77  0.00000  1.04175e+01 | 78  0.00000  6.69274e+01
 79  0.00000  9.96700e+02 | 80  0.00000  4.85106e+02 | 81  0.00000  9.45951e+02
 82  0.00000  5.33607e+02 | 83  0.00000  8.77477e+02 | 84  0.00000 -1.21177e+03
 85  0.00000 -1.51258e+02 | 86  0.00000  5.40157e+02 | 87  0.00000  9.16260e+02
 88  0.00000  1.50915e+02 | 89  0.00000  5.34458e+02 | 90  0.00000  8.62447e+01
 91  0.00000  3.89501e+02 | 92  0.00000 -2.31254e+02 | 93  0.00000  2.99411e+02
 94  0.00000 -2.98669e+00 | 95  0.00000 -4.16003e+00 | 96  0.00000 -4.30586e+00
 97 -0.03546  6.02648e+01 | 98 -0.31026 -2.98046e+02 |

Intermediate statistics: 98 variables; iteration 20; function evaluation 34; phase 2
Function value 5.5682162e+02; maximum gradient component mag 2.4381e+03
Var    Value     Gradient |Var    Value     Gradient |Var    Value     Gradient
  1  0.62041  2.43809e+03 |  2 -0.00038 -6.43140e+01 |  3 -0.00036 -6.43011e+01
  4 -0.00035 -6.42854e+01 |  5 -0.00033 -6.42663e+01 |  6 -0.00031 -6.42431e+01
  7 -0.00028 -6.42150e+01 |  8 -0.00024 -6.41802e+01 |  9  0.00117 -6.36330e+01
 10 -0.00015 -6.40876e+01 | 11 -0.00008 -6.40261e+01 | 12 -0.00000 -6.39519e+01
 13  0.00009 -6.38634e+01 | 14  0.00017 -6.37711e+01 | 15  0.00029 -6.36546e+01
 16  0.00042 -6.35206e+01 | 17  0.00062 -6.33476e+01 | 18  0.00151 -6.29045e+01
 19  0.00091 -6.30010e+01 | 20  0.00102 -6.28191e+01 | 21  0.00108 -6.26434e+01
 22  0.00285 -6.18189e+01 | 23  0.00056 -6.25718e+01 | 24  0.00000 -6.25605e+01
 25 -0.00097 -6.26584e+01 | 26 -0.00107 -6.24317e+01 | 27 -0.00284 -6.28321e+01
 28  0.00774 -5.95645e+01 | 29  0.01303 -5.77796e+01 | 30 -0.00765 -6.30819e+01
 31  0.00524 -5.92329e+01 | 32  0.01272 -5.58315e+01 | 33  0.00098 -5.97363e+01
 34 -0.00660 -6.01897e+01 | 35 -0.00895 -5.97684e+01 | 36  0.00347 -5.68837e+01
 37 -0.00564 -5.85500e+01 | 38 -0.00826 -5.83255e+01 | 39 -0.00055 -5.56134e+01
 40 -0.01099 -5.68679e+01 | 41 -0.00524 -5.53806e+01 | 42 -0.00422 -5.40870e+01
 43 -0.00298 -5.27671e+01 | 44 -0.00594 -5.29321e+01 | 45  0.01381 -4.96951e+01
 46 -0.00197 -5.01804e+01 | 47  0.00059 -4.83634e+01 | 48  0.00799 -4.52998e+01
 49  0.00486 -4.57506e+01 | 50  0.01768 -4.30955e+01 | 51  0.00989 -4.21850e+01
 52 -0.00025 -4.34170e+01 | 53  0.00462 -4.14670e+01 | 54  0.00586 -4.07009e+01
 55  0.00884 -3.96284e+01 | 56  0.00226 -4.01103e+01 | 57  0.00397 -3.79616e+01
 58  0.03067 -2.88668e+01 | 59  0.01655 -2.90420e+01 | 60  0.00486 -3.30759e+01
 61  0.02827 -1.45954e+01 | 62 -0.02715 -5.45536e+01 | 63 -0.01636 -4.55257e+01
 64  0.03981  3.08645e+01 | 65  0.07835  2.25965e+02 | 66  0.01677  2.49601e+01
 67 -0.02405 -7.82735e+01 | 68 -0.01246 -4.91458e+01 | 69 -0.01489  3.12726e+01
 70 -0.00775  4.70770e+01 | 71 -0.01716  1.06105e+02 | 72  0.02381  2.94893e+02
 73 -0.05650  7.61639e+01 | 74  0.05724  7.30481e+02 | 75  0.01132  3.12140e+02
 76 -0.00507  1.94824e+02 | 77  0.02074  4.02890e+02 | 78  0.01492  3.08527e+02
 79 -0.02519  1.78571e+02 | 80 -0.00561  2.08527e+02 | 81 -0.02309  1.74299e+02
 82 -0.00922  1.69206e+02 | 83 -0.03364  5.65799e+01 | 84  0.06319  6.16201e+02
 85  0.01578  1.12455e+02 | 86 -0.02499  3.80841e+00 | 87 -0.03872 -2.10193e+01
 88 -0.00504 -1.08295e+01 | 89 -0.03336 -1.13695e+02 | 90 -0.01234 -7.58622e+01
 91 -0.04072 -1.65557e+02 | 92  0.00731 -4.70775e+01 | 93 -0.04968 -1.45142e+02
 94 -0.00269 -6.48899e+01 | 95 -0.00062 -6.44552e+01 | 96 -0.00043 -6.43726e+01
 97 -0.03102  2.23703e+02 | 98 -0.28444  1.30890e+01 |
98 variables; iteration 40; function evaluation 60; phase 2
Function value 5.4696989e+02; maximum gradient component mag 1.5228e+03
Var    Value     Gradient |Var    Value     Gradient |Var    Value     Gradient
  1  0.62410  1.52283e+03 |  2  0.00398 -3.40187e+01 |  3  0.00398 -3.40263e+01
  4  0.00398 -3.40355e+01 |  5  0.00398 -3.40468e+01 |  6  0.00397 -3.40604e+01
  7  0.00397 -3.40769e+01 |  8  0.00398 -3.40909e+01 |  9  0.00744 -3.03867e+01
 10  0.00398 -3.41278e+01 | 11  0.00399 -3.41469e+01 | 12  0.00401 -3.41644e+01
 13  0.00403 -3.41943e+01 | 14  0.00396 -3.43183e+01 | 15  0.00394 -3.44103e+01
 16  0.00390 -3.45360e+01 | 17  0.00396 -3.45590e+01 | 18  0.00567 -3.28548e+01
 19  0.00362 -3.51672e+01 | 20  0.00325 -3.57001e+01 | 21  0.00270 -3.64478e+01
 22  0.00615 -3.30219e+01 | 23  0.00049 -3.89801e+01 | 24 -0.00119 -4.07550e+01
 25 -0.00330 -4.27549e+01 | 26 -0.00333 -4.25522e+01 | 27 -0.00716 -4.63700e+01
 28  0.00790 -3.56823e+01 | 29  0.01469 -3.13878e+01 | 30 -0.01126 -4.57270e+01
 31  0.00528 -3.52425e+01 | 32  0.01896 -2.29966e+01 | 33 -0.00297 -4.25681e+01
 34 -0.00769 -3.90450e+01 | 35 -0.01138 -4.13031e+01 | 36  0.00279 -3.48664e+01
 37 -0.00775 -3.91819e+01 | 38 -0.01020 -3.87859e+01 | 39 -0.00132 -3.42032e+01
 40 -0.01403 -3.99061e+01 | 41 -0.00708 -3.56681e+01 | 42 -0.00558 -3.36199e+01
 43 -0.00373 -3.13444e+01 | 44 -0.00918 -3.72797e+01 | 45  0.00522 -4.86196e+01
 46 -0.00439 -3.27478e+01 | 47 -0.00068 -2.89770e+01 | 48  0.01020 -1.98453e+01
 49  0.00439 -2.56774e+01 | 50  0.01216 -3.55412e+01 | 51  0.01079 -2.03745e+01
 52 -0.00182 -2.58876e+01 | 53  0.00675 -1.67365e+01 | 54  0.00645 -1.94681e+01
 55  0.00261 -3.60620e+01 | 56  0.00241 -1.97972e+01 | 57  0.00279 -2.00191e+01
 58  0.03394  1.03325e+00 | 59  0.02443  1.56091e+01 | 60  0.00419 -1.59812e+01
 61  0.02365 -2.06982e+01 | 62 -0.02570 -2.90189e+01 | 63 -0.01280 -1.01628e+01
 64  0.03833  3.02420e+01 | 65  0.07059  8.14133e+01 | 66  0.01756  4.19387e+01
 67 -0.01577  1.54947e+01 | 68 -0.00940  1.42284e+01 | 69 -0.01369  5.40370e+01
 70 -0.00780  4.01858e+01 | 71 -0.01665  9.53643e+01 | 72  0.02037  1.56776e+02
 73 -0.05759  5.84908e+01 | 74  0.04931  3.17559e+02 | 75  0.00673  1.63381e+02
 76 -0.00756  1.21402e+02 | 77  0.01613  2.11928e+02 | 78  0.01152  1.70392e+02
 79 -0.02927  1.01343e+02 | 80 -0.00860  1.23010e+02 | 81 -0.02799  8.17102e+01
 82 -0.01162  1.08685e+02 | 83 -0.03513  4.72611e+01 | 84  0.05897  3.41967e+02
 85  0.01372  6.01302e+01 | 86 -0.02698 -9.23677e+00 | 87 -0.04124 -2.25425e+01
 88 -0.00651 -9.47991e+00 | 89 -0.03322 -6.50523e+01 | 90 -0.01366 -5.55031e+01
 91 -0.03784 -8.06877e+01 | 92  0.00360 -5.63593e+01 | 93 -0.04515 -6.93492e+01
 94 -0.00401 -4.27295e+01 | 95  0.00307 -3.51456e+01 | 96  0.00398 -3.39844e+01
 97 -0.03256  1.45706e+02 | 98 -0.28326  9.17787e+00 |
98 variables; iteration 60; function evaluation 93; phase 2
Function value 5.4226632e+02; maximum gradient component mag 1.2504e+02
Var    Value     Gradient |Var    Value     Gradient |Var    Value     Gradient
  1  0.62156  1.25043e+02 |  2 -0.00030 -3.90565e+00 |  3 -0.00029 -3.90221e+00
  4 -0.00027 -3.89806e+00 |  5 -0.00026 -3.89305e+00 |  6 -0.00024 -3.88703e+00
  7 -0.00021 -3.87983e+00 |  8 -0.00018 -3.86980e+00 |  9  0.00122 -3.37484e+00
 10 -0.00009 -3.84319e+00 | 11 -0.00003 -3.82440e+00 | 12  0.00004 -3.80005e+00
 13  0.00012 -3.77782e+00 | 14  0.00018 -3.76911e+00 | 15  0.00028 -3.75137e+00
 16  0.00038 -3.74080e+00 | 17  0.00056 -3.69338e+00 | 18  0.00174 -2.92325e+00
 19  0.00069 -3.81926e+00 | 20  0.00064 -4.01879e+00 | 21  0.00048 -4.31841e+00
 22  0.00298 -2.57804e+00 | 23  0.00001 -4.40135e+00 | 24  0.00015 -3.50410e+00
 25 -0.00019 -2.80506e+00 | 26 -0.00065 -3.36539e+00 | 27 -0.00240 -3.98167e+00
 28  0.00698 -3.51997e+00 | 29  0.01120 -4.19096e+00 | 30 -0.00626 -3.20193e+00
 31  0.00385 -4.87595e+00 | 32  0.01104 -3.08953e+00 | 33  0.00174 -3.00921e+00
 34 -0.00576 -2.97656e+00 | 35 -0.00911 -4.38872e+00 | 36  0.00292 -3.66988e+00
 37 -0.00493 -3.37917e+00 | 38 -0.00716 -2.85930e+00 | 39 -0.00084 -4.21098e+00
 40 -0.00985 -1.81519e+00 | 41 -0.00472 -2.89851e+00 | 42 -0.00372 -3.08670e+00
 43 -0.00290 -3.61978e+00 | 44 -0.00507 -2.65874e+00 | 45  0.01600 -8.99339e-01
 46 -0.00148 -2.33544e+00 | 47  0.00133 -2.36913e+00 | 48  0.00892 -2.17060e+00
 49  0.00657 -1.63657e+00 | 50  0.01873 -4.95648e+00 | 51  0.01006 -3.37113e+00
 52  0.00123 -9.17753e-01 | 53  0.00672 -5.26710e-01 | 54  0.00913  9.40357e-01
 55  0.01047 -2.69096e+00 | 56  0.00537  2.18705e+00 | 57  0.00677  2.01376e+00
 58  0.03562  8.97611e-01 | 59  0.01830  1.08362e+00 | 60  0.00856  5.24902e+00
 61  0.02921  3.16924e+00 | 62 -0.01823  1.23356e+01 | 63 -0.00991  1.15887e+01
 64  0.03805  3.75444e+00 | 65  0.06991 -1.63500e+01 | 66  0.01690  8.80945e+00
 67 -0.01456  1.50513e+01 | 68 -0.00694  1.37970e+01 | 69 -0.01333  1.05555e+01
 70 -0.00556  1.48259e+01 | 71 -0.01750  1.03997e+01 | 72  0.02035  1.32921e+01
 73 -0.05999  1.08831e+01 | 74  0.04787  1.53765e+01 | 75  0.00526  1.04058e+01
 76 -0.00895  1.10728e+01 | 77  0.01423  9.33587e+00 | 78  0.01060  1.00657e+01
 79 -0.03205  5.68410e+00 | 80 -0.01019  6.47638e+00 | 81 -0.02994  3.87915e+00
 82 -0.01378  3.13559e+00 | 83 -0.03682  7.78039e-01 | 84  0.05648  1.18527e+00
 85  0.01390  8.23481e-01 | 86 -0.02513  1.14747e+00 | 87 -0.04082 -1.75452e+00
 88 -0.00544 -7.05181e-01 | 89 -0.03087 -1.45633e+00 | 90 -0.01115 -2.04189e+00
 91 -0.03479 -4.26853e+00 | 92  0.00565 -2.75854e+00 | 93 -0.04171 -2.55568e+00
 94 -0.00384 -4.20547e+00 | 95 -0.00054 -3.93840e+00 | 96 -0.00035 -3.92152e+00
 97 -0.03695  5.89692e+00 | 98 -0.28595  2.88720e-01 |
Maximum number of function evaluations exceeded

 - final statistics:
98 variables; iteration 65; function evaluation 100
Function value 5.4220e+02; maximum gradient component mag 1.5420e+02
Exit code = 3;  converg criter 1.0000e+01
Var    Value     Gradient |Var    Value     Gradient |Var    Value     Gradient
  1  0.62165  1.54201e+02 |  2 -0.00008 -4.28586e+00 |  3 -0.00007 -4.28611e+00
  4 -0.00006 -4.28638e+00 |  5 -0.00005 -4.28664e+00 |  6 -0.00003 -4.28689e+00
  7 -0.00001 -4.28707e+00 |  8  0.00001 -4.28739e+00 |  9  0.00106 -4.32369e+00
 10  0.00007 -4.28711e+00 | 11  0.00012 -4.28611e+00 | 12  0.00017 -4.28380e+00
 13  0.00024 -4.27855e+00 | 14  0.00029 -4.27243e+00 | 15  0.00038 -4.26322e+00
 16  0.00047 -4.25230e+00 | 17  0.00063 -4.22739e+00 | 18  0.00150 -3.90516e+00
 19  0.00080 -4.25289e+00 | 20  0.00080 -4.35527e+00 | 21  0.00071 -4.52764e+00
 22  0.00274 -3.47498e+00 | 23  0.00042 -4.30182e+00 | 24  0.00011 -4.06859e+00
 25 -0.00090 -4.37598e+00 | 26 -0.00083 -4.09916e+00 | 27 -0.00203 -3.79951e+00
 28  0.00652 -4.56663e+00 | 29  0.01101 -4.74041e+00 | 30 -0.00595 -2.94398e+00
 31  0.00479 -3.64087e+00 | 32  0.01065 -3.57591e+00 | 33  0.00163 -3.20427e+00
 34 -0.00535 -2.23998e+00 | 35 -0.00852 -3.22505e+00 | 36  0.00327 -2.75544e+00
 37 -0.00438 -2.14528e+00 | 38 -0.00761 -3.33997e+00 | 39 -0.00144 -4.86211e+00
 40 -0.01048 -2.64651e+00 | 41 -0.00483 -2.41558e+00 | 42 -0.00349 -1.80504e+00
 43 -0.00209 -1.08754e+00 | 44 -0.00475 -1.00454e+00 | 45  0.01487 -1.74323e+00
 46 -0.00114 -4.00762e-01 | 47  0.00158 -3.72884e-01 | 48  0.00860 -6.30386e-01
 49  0.00618 -4.27924e-02 | 50  0.02004  9.18108e-01 | 51  0.01114  1.25204e+00
 52  0.00159  2.20226e+00 | 53  0.00728  3.27496e+00 | 54  0.00793  1.76679e+00
 55  0.01216  4.54680e+00 | 56  0.00552  5.68679e+00 | 57  0.00712  5.94691e+00
 58  0.03458  4.42091e+00 | 59  0.01820  4.63497e+00 | 60  0.00811  7.20374e+00
 61  0.02904  7.37931e+00 | 62 -0.01925  1.11552e+01 | 63 -0.01066  1.09809e+01
 64  0.03786  8.64528e+00 | 65  0.07057  4.52956e+00 | 66  0.01663  1.08069e+01
 67 -0.01513  1.14301e+01 | 68 -0.00731  9.48666e+00 | 69 -0.01354  7.31963e+00
 70 -0.00587  1.04763e+01 | 71 -0.01774  6.67776e+00 | 72  0.02026  1.13588e+01
 73 -0.06061  4.50101e+00 | 74  0.04790  1.47388e+01 | 75  0.00514  6.83025e+00
 76 -0.00918  6.34100e+00 | 77  0.01415  6.20519e+00 | 78  0.01051  6.41709e+00
 79 -0.03227  1.48640e+00 | 80 -0.01031  3.04443e+00 | 81 -0.03009  8.06231e-01
 82 -0.01389  9.36656e-02 | 83 -0.03695 -1.28781e+00 | 84  0.05650 -3.33879e-01
 85  0.01387 -3.50769e-01 | 86 -0.02525 -1.16736e+00 | 87 -0.04090 -3.05317e+00
 88 -0.00551 -2.22545e+00 | 89 -0.03099 -3.10672e+00 | 90 -0.01122 -3.17205e+00
 91 -0.03486 -4.71891e+00 | 92  0.00555 -3.83596e+00 | 93 -0.04188 -3.93113e+00
 94 -0.00325 -3.69997e+00 | 95 -0.00028 -4.25411e+00 | 96 -0.00011 -4.28440e+00
 97 -0.03669  8.74641e+00 | 98 -0.28624  8.56374e-02 |

Initial statistics: 100 variables; iteration 0; function evaluation 0; phase 3
Function value 5.4219865e+02; maximum gradient component mag 1.5420e+02
Var    Value     Gradient |Var    Value     Gradient |Var    Value     Gradient
  1  0.62165  1.54201e+02 |  2 -0.00008 -4.28832e+00 |  3 -0.00007 -4.28857e+00
  4 -0.00006 -4.28883e+00 |  5 -0.00005 -4.28910e+00 |  6 -0.00003 -4.28935e+00
  7 -0.00001 -4.28953e+00 |  8  0.00001 -4.28985e+00 |  9  0.00106 -4.32615e+00
 10  0.00007 -4.28957e+00 | 11  0.00012 -4.28857e+00 | 12  0.00017 -4.28625e+00
 13  0.00024 -4.28100e+00 | 14  0.00029 -4.27488e+00 | 15  0.00038 -4.26567e+00
 16  0.00047 -4.25476e+00 | 17  0.00063 -4.22984e+00 | 18  0.00150 -3.90762e+00
 19  0.00080 -4.25535e+00 | 20  0.00080 -4.35772e+00 | 21  0.00071 -4.53010e+00
 22  0.00274 -3.47743e+00 | 23  0.00042 -4.30427e+00 | 24  0.00011 -4.07104e+00
 25 -0.00090 -4.37843e+00 | 26 -0.00083 -4.10161e+00 | 27 -0.00203 -3.80196e+00
 28  0.00652 -4.56908e+00 | 29  0.01101 -4.74287e+00 | 30 -0.00595 -2.94643e+00
 31  0.00479 -3.64333e+00 | 32  0.01065 -3.57836e+00 | 33  0.00163 -3.20673e+00
 34 -0.00535 -2.24244e+00 | 35 -0.00852 -3.22751e+00 | 36  0.00327 -2.75790e+00
 37 -0.00438 -2.14774e+00 | 38 -0.00761 -3.34243e+00 | 39 -0.00144 -4.86457e+00
 40 -0.01048 -2.64897e+00 | 41 -0.00483 -2.41803e+00 | 42 -0.00349 -1.80749e+00
 43 -0.00209 -1.09000e+00 | 44 -0.00475 -1.00700e+00 | 45  0.01487 -1.74568e+00
 46 -0.00114 -4.03217e-01 | 47  0.00158 -3.75339e-01 | 48  0.00860 -6.32840e-01
 49  0.00618 -4.52473e-02 | 50  0.02004  9.15654e-01 | 51  0.01114  1.24959e+00
 52  0.00159  2.19980e+00 | 53  0.00728  3.27250e+00 | 54  0.00793  1.76434e+00
 55  0.01216  4.54435e+00 | 56  0.00552  5.68433e+00 | 57  0.00712  5.94446e+00
 58  0.03458  4.41846e+00 | 59  0.01820  4.63252e+00 | 60  0.00811  7.20129e+00
 61  0.02904  7.37686e+00 | 62 -0.01925  1.11527e+01 | 63 -0.01066  1.09784e+01
 64  0.03786  8.64283e+00 | 65  0.07057  4.52712e+00 | 66  0.01663  1.08044e+01
 67 -0.01513  1.14276e+01 | 68 -0.00731  9.48420e+00 | 69 -0.01354  7.31718e+00
 70 -0.00587  1.04738e+01 | 71 -0.01774  6.67531e+00 | 72  0.02026  1.13563e+01
 73 -0.06061  4.49857e+00 | 74  0.04790  1.47363e+01 | 75  0.00514  6.82780e+00
 76 -0.00918  6.33855e+00 | 77  0.01415  6.20273e+00 | 78  0.01051  6.41463e+00
 79 -0.03227  1.48395e+00 | 80 -0.01031  3.04197e+00 | 81 -0.03009  8.03779e-01
 82 -0.01389  9.12112e-02 | 83 -0.03695 -1.29026e+00 | 84  0.05650 -3.36324e-01
 85  0.01387 -3.53223e-01 | 86 -0.02525 -1.16981e+00 | 87 -0.04090 -3.05562e+00
 88 -0.00551 -2.22791e+00 | 89 -0.03099 -3.10917e+00 | 90 -0.01122 -3.17451e+00
 91 -0.03486 -4.72136e+00 | 92  0.00555 -3.83842e+00 | 93 -0.04188 -3.93358e+00
 94 -0.00325 -3.70243e+00 | 95 -0.00028 -4.25656e+00 | 96 -0.00011 -4.28686e+00
 97 -0.03669  8.74641e+00 | 98 -0.41581 -5.42760e+01 | 99 -0.28624  8.56374e-02
100 -0.25275 -4.54841e+01 |

Intermediate statistics: 100 variables; iteration 20; function evaluation 25; phase 3
Function value 5.4157940e+02; maximum gradient component mag -1.1970e+02
Var    Value     Gradient |Var    Value     Gradient |Var    Value     Gradient
  1  0.62119 -1.19704e+02 |  2  0.00002  2.18026e+00 |  3  0.00003  2.17744e+00
  4  0.00004  2.17402e+00 |  5  0.00006  2.16989e+00 |  6  0.00007  2.16490e+00
  7  0.00009  2.15891e+00 |  8  0.00011  2.15162e+00 |  9  0.00118  2.12615e+00
 10  0.00018  2.13268e+00 | 11  0.00022  2.12062e+00 | 12  0.00027  2.10667e+00
 13  0.00034  2.09113e+00 | 14  0.00039  2.07272e+00 | 15  0.00047  2.05190e+00
 16  0.00056  2.02761e+00 | 17  0.00071  2.00472e+00 | 18  0.00147  2.10526e+00
 19  0.00089  1.91093e+00 | 20  0.00093  1.81687e+00 | 21  0.00091  1.68703e+00
 22  0.00255  2.07524e+00 | 23  0.00053  1.69494e+00 | 24  0.00014  1.72788e+00
 25 -0.00076  1.52306e+00 | 26 -0.00080  1.55544e+00 | 27 -0.00211  1.60446e+00
 28  0.00671  1.04626e+00 | 29  0.01126  7.56178e-01 | 30 -0.00577  1.74465e+00
 31  0.00473  9.68302e-01 | 32  0.01053  6.85450e-01 | 33  0.00140  9.08453e-01
 34 -0.00589  1.28301e+00 | 35 -0.00778  8.83065e-01 | 36  0.00306  2.44288e-01
 37 -0.00486  6.30450e-01 | 38 -0.00765  5.13186e-02 | 39 -0.00095 -1.06340e+00
 40 -0.00974  5.38897e-02 | 41 -0.00497 -6.13221e-01 | 42 -0.00386 -6.67568e-01
 43 -0.00261 -7.90990e-01 | 44 -0.00542 -9.58263e-01 | 45  0.01653 -3.10347e+00
 46 -0.00156 -1.84791e+00 | 47  0.00115 -2.36222e+00 | 48  0.00857 -3.63119e+00
 49  0.00573 -3.62048e+00 | 50  0.02186 -5.33775e+00 | 51  0.01089 -4.78092e+00
 52  0.00077 -3.37169e+00 | 53  0.00640 -4.16115e+00 | 54  0.00763 -5.32206e+00
 55  0.01293 -5.23386e+00 | 56  0.00419 -4.31300e+00 | 57  0.00559 -4.64164e+00
 58  0.03502 -1.14487e+01 | 59  0.01743 -7.82922e+00 | 60  0.00821 -4.87833e+00
 61  0.02996 -1.00298e+01 | 62 -0.02138  4.78788e-01 | 63 -0.01099  1.63441e-01
 64  0.03744 -1.49624e+01 | 65  0.07055 -4.19488e+01 | 66  0.01614 -5.77794e+00
 67 -0.01521  3.19045e+00 | 68 -0.00793 -1.70054e+00 | 69 -0.01292 -2.49315e+00
 70 -0.00688 -6.21907e+00 | 71 -0.01679  1.86452e+00 | 72  0.01904 -2.15070e+01
 73 -0.05954  5.56920e+00 | 74  0.04647 -3.46254e+01 | 75  0.00552 -5.84372e+00
 76 -0.01040 -5.87148e+00 | 77  0.01476  5.04102e-01 | 78  0.00927 -1.05846e+01
 79 -0.03128  7.85721e+00 | 80 -0.01148 -4.03810e+00 | 81 -0.02900  1.13045e+01
 82 -0.01500 -4.05237e+00 | 83 -0.03549  1.34113e+01 | 84  0.05672  3.66671e+01
 85  0.01476  1.30608e+01 | 86 -0.02591  2.18647e+00 | 87 -0.03987  4.99726e+00
 88 -0.00627 -1.84066e+00 | 89 -0.02970  7.74837e+00 | 90 -0.01178 -1.10027e+00
 91 -0.03321  7.23736e+00 | 92  0.00541  1.69166e+00 | 93 -0.03976  4.26468e+00
 94 -0.00395  2.85286e+00 | 95 -0.00041  2.13529e+00 | 96 -0.00001  2.19325e+00
 97 -0.00057  6.17244e+00 | 98 -0.39974 -2.64310e+01 | 99 -0.26530 -1.30664e+01
100 -0.24181  1.94110e+01 |
100 variables; iteration 40; function evaluation 51; phase 3
Function value 5.4148299e+02; maximum gradient component mag -7.4837e+01
Var    Value     Gradient |Var    Value     Gradient |Var    Value     Gradient
  1  0.62118 -7.48365e+01 |  2 -0.00014  1.38056e+00 |  3 -0.00013  1.38183e+00
  4 -0.00012  1.38339e+00 |  5 -0.00010  1.38529e+00 |  6 -0.00009  1.38763e+00
  7 -0.00006  1.39049e+00 |  8 -0.00003  1.39384e+00 |  9  0.00103  1.37584e+00
 10  0.00004  1.40316e+00 | 11  0.00010  1.40957e+00 | 12  0.00016  1.41775e+00
 13  0.00024  1.42894e+00 | 14  0.00031  1.44183e+00 | 15  0.00041  1.45808e+00
 16  0.00052  1.47674e+00 | 17  0.00069  1.50741e+00 | 18  0.00156  1.78578e+00
 19  0.00092  1.50723e+00 | 20  0.00096  1.42376e+00 | 21  0.00090  1.27255e+00
 22  0.00291  2.23957e+00 | 23  0.00066  1.50823e+00 | 24  0.00036  1.70550e+00
 25 -0.00049  1.59506e+00 | 26 -0.00048  1.74791e+00 | 27 -0.00179  1.84433e+00
 28  0.00745  2.09759e+00 | 29  0.01218  2.19380e+00 | 30 -0.00608  9.98414e-01
 31  0.00538  2.01513e+00 | 32  0.01065  1.03111e+00 | 33  0.00182  1.62481e+00
 34 -0.00619  7.01437e-01 | 35 -0.00767  1.06862e+00 | 36  0.00336  1.20791e+00
 37 -0.00490  8.40179e-01 | 38 -0.00720  1.16740e+00 | 39  0.00025  1.65368e+00
 40 -0.00971  4.91908e-01 | 41 -0.00471  7.01458e-01 | 42 -0.00371  4.06582e-01
 43 -0.00273 -9.53714e-02 | 44 -0.00552 -2.31484e-01 | 45  0.01678 -9.39730e-01
 46 -0.00189 -7.26846e-01 | 47  0.00164  5.66425e-02 | 48  0.00852 -1.59806e+00
 49  0.00601 -1.10143e+00 | 50  0.02198 -2.17755e+00 | 51  0.01119 -1.28361e+00
 52  0.00101 -6.18331e-01 | 53  0.00556 -2.80078e+00 | 54  0.00804 -1.61508e+00
 55  0.01470  2.08578e+00 | 56  0.00271 -3.47490e+00 | 57  0.00524 -1.67981e+00
 58  0.03584 -4.03727e+00 | 59  0.01737 -3.66489e+00 | 60  0.00753 -3.98865e+00
 61  0.02893 -9.19001e+00 | 62 -0.02295 -1.96156e+00 | 63 -0.01157  5.93865e-01
 64  0.03755 -6.31931e+00 | 65  0.07156 -1.41497e+01 | 66  0.01560 -4.24149e+00
 67 -0.01605 -1.52414e+00 | 68 -0.00826 -2.75755e+00 | 69 -0.01284 -1.62246e+00
 70 -0.00697 -3.12423e+00 | 71 -0.01690 -7.60344e-01 | 72  0.01944 -5.97674e+00
 73 -0.05971  2.77793e+00 | 74  0.04697 -9.41577e+00 | 75  0.00576 -2.93261e+00
 76 -0.01025 -7.21760e-01 | 77  0.01484 -1.89136e+00 | 78  0.00956 -2.81350e+00
 79 -0.03137  2.07030e+00 | 80 -0.01132 -1.35517e+00 | 81 -0.02915  2.41634e+00
 82 -0.01474 -7.17164e-01 | 83 -0.03579  1.52671e+00 | 84  0.05590  2.82329e+00
 85  0.01455  1.51583e+00 | 86 -0.02590  1.87138e+00 | 87 -0.04002  2.63147e-01
 88 -0.00608  1.92862e+00 | 89 -0.02981  2.89964e+00 | 90 -0.01171  8.84017e-01
 91 -0.03333  2.24897e+00 | 92  0.00556  5.10549e+00 | 93 -0.03976  8.90313e-01
 94 -0.00428  2.06480e+00 | 95 -0.00057  1.43111e+00 | 96 -0.00019  1.37487e+00
 97  0.00112 -4.20918e+00 | 98 -0.39790  6.06587e+00 | 99 -0.26055 -6.87698e-01
100 -0.24081  1.87224e+00 |
100 variables; iteration 60; function evaluation 84; phase 3
Function value 5.4146818e+02; maximum gradient component mag -4.4569e+00
Var    Value     Gradient |Var    Value     Gradient |Var    Value     Gradient
  1  0.62129 -4.45693e+00 |  2  0.00013  8.63220e-02 |  3  0.00013  8.68515e-02
  4  0.00015  8.74892e-02 |  5  0.00016  8.82544e-02 |  6  0.00018  8.91706e-02
  7  0.00020  9.02594e-02 |  8  0.00022  9.16059e-02 |  9  0.00130  8.98658e-02
 10  0.00029  9.50271e-02 | 11  0.00034  9.71896e-02 | 12  0.00040  9.96945e-02
 13  0.00047  1.01949e-01 | 14  0.00053  1.04373e-01 | 15  0.00061  1.06642e-01
 16  0.00070  1.08295e-01 | 17  0.00085  1.09680e-01 | 18  0.00153  1.23552e-01
 19  0.00105  1.04640e-01 | 20  0.00113  9.84736e-02 | 21  0.00116  9.11786e-02
 22  0.00253  1.12997e-01 | 23  0.00074  9.57062e-02 | 24  0.00032  1.32092e-01
 25 -0.00047  1.40266e-01 | 26 -0.00056  1.63480e-01 | 27 -0.00197  1.15470e-01
 28  0.00707  8.84859e-02 | 29  0.01169  7.27338e-02 | 30 -0.00583  1.01973e-01
 31  0.00488  5.27522e-02 | 32  0.01084  1.43966e-01 | 33  0.00155  6.63170e-02
 34 -0.00593  6.92950e-02 | 35 -0.00764  1.05374e-01 | 36  0.00317  5.28443e-02
 37 -0.00484  6.53823e-02 | 38 -0.00736  5.40285e-02 | 39 -0.00030 -2.31974e-03
 40 -0.00959  7.30582e-02 | 41 -0.00481  3.56809e-02 | 42 -0.00371  3.72204e-02
 43 -0.00253  4.33918e-02 | 44 -0.00530  3.05571e-02 | 45  0.01685 -4.08804e-02
 46 -0.00159  6.70240e-03 | 47  0.00125 -3.61271e-02 | 48  0.00896 -2.16219e-02
 49  0.00602 -1.03586e-01 | 50  0.02192 -3.27067e-01 | 51  0.01094 -1.04817e-01
 52  0.00058 -3.60896e-02 | 53  0.00613 -1.48736e-01 | 54  0.00787 -6.08530e-02
 55  0.01268 -5.98293e-02 | 56  0.00353 -1.89468e-01 | 57  0.00500 -1.47097e-01
 58  0.03551 -1.93940e-01 | 59  0.01749 -1.72054e-01 | 60  0.00773 -1.52716e-01
 61  0.02975 -4.35140e-01 | 62 -0.02277 -1.24100e-01 | 63 -0.01221 -6.05931e-02
 64  0.03751 -4.20930e-01 | 65  0.07165 -5.12919e-01 | 66  0.01557 -2.14721e-01
 67 -0.01612 -1.51271e-01 | 68 -0.00825 -1.33462e-01 | 69 -0.01292 -8.06884e-02
 70 -0.00695 -1.43039e-01 | 71 -0.01701 -7.20221e-02 | 72  0.01950 -1.39853e-01
 73 -0.06005  1.83706e-02 | 74  0.04705 -1.91192e-01 | 75  0.00574 -9.70586e-02
 76 -0.01029  9.73553e-02 | 77  0.01478 -7.55696e-02 | 78  0.00960 -8.00503e-03
 79 -0.03154  5.51503e-02 | 80 -0.01126  1.48684e-02 | 81 -0.02929  1.10848e-01
 82 -0.01468 -4.68185e-02 | 83 -0.03586 -1.54700e-02 | 84  0.05577 -2.51218e-01
 85  0.01447  2.48861e-02 | 86 -0.02598 -1.11792e-01 | 87 -0.04000  9.14530e-02
 88 -0.00614  1.51234e-01 | 89 -0.02996  6.52087e-02 | 90 -0.01169  1.92240e-01
 91 -0.03345  4.05682e-02 | 92  0.00527  2.64264e-01 | 93 -0.03979  1.06644e-01
 94 -0.00442  8.01078e-02 | 95 -0.00034  7.08355e-02 | 96  0.00008  8.38580e-02
 97  0.00059 -1.60926e-01 | 98 -0.39809  6.88350e-02 | 99 -0.26127  1.35196e-02
100 -0.24113 -6.15817e-02 |

 - final statistics:
100 variables; iteration 61; function evaluation 86
Function value 5.4147e+02; maximum gradient component mag -3.7800e-01
Exit code = 1;  converg criter 1.0000e+00
Var    Value     Gradient |Var    Value     Gradient |Var    Value     Gradient
  1  0.62130 -3.77996e-01 |  2  0.00014  2.03736e-03 |  3  0.00015  2.32581e-03
  4  0.00016  2.67536e-03 |  5  0.00017  3.09799e-03 |  6  0.00019  3.60867e-03
  7  0.00021  4.22174e-03 |  8  0.00023  4.99912e-03 |  9  0.00131  4.29418e-03
 10  0.00030  7.02176e-03 | 11  0.00035  8.33976e-03 | 12  0.00041  9.89892e-03
 13  0.00048  1.12312e-02 | 14  0.00053  1.26935e-02 | 15  0.00062  1.39814e-02
 16  0.00071  1.47318e-02 | 17  0.00085  1.48245e-02 | 18  0.00153  1.64626e-02
 19  0.00106  1.02501e-02 | 20  0.00113  7.56920e-03 | 21  0.00117  6.23250e-03
 22  0.00251 -1.08377e-02 | 23  0.00075  9.41395e-04 | 24  0.00031  1.96279e-02
 25 -0.00049  1.79406e-02 | 26 -0.00060  4.02088e-03 | 27 -0.00199 -6.35003e-03
 28  0.00707  5.45007e-03 | 29  0.01170  1.19680e-02 | 30 -0.00583  2.27772e-02
 31  0.00490  7.57950e-03 | 32  0.01080  1.68944e-02 | 33  0.00156  1.43748e-02
 34 -0.00593  4.62881e-03 | 35 -0.00768 -2.60534e-02 | 36  0.00318  9.68578e-03
 37 -0.00485 -1.27097e-03 | 38 -0.00735  1.29178e-02 | 39 -0.00028 -3.75856e-03
 40 -0.00960  9.93355e-03 | 41 -0.00481  8.10334e-04 | 42 -0.00372  7.19953e-03
 43 -0.00253  2.17847e-02 | 44 -0.00530  2.19682e-02 | 45  0.01685  1.03208e-04
 46 -0.00160  1.12043e-03 | 47  0.00127  1.35130e-02 | 48  0.00894  1.23282e-02
 49  0.00604 -9.38116e-04 | 50  0.02202 -1.19167e-02 | 51  0.01093 -1.86674e-02
 52  0.00055 -3.14642e-03 | 53  0.00614 -3.80277e-02 | 54  0.00781 -4.34318e-02
 55  0.01264 -4.43807e-03 | 56  0.00357 -9.09295e-03 | 57  0.00502 -1.81359e-03
 58  0.03546 -1.26362e-02 | 59  0.01748 -1.96589e-02 | 60  0.00772 -1.00541e-02
 61  0.02978 -3.44448e-02 | 62 -0.02276 -9.75787e-03 | 63 -0.01222 -4.84159e-03
 64  0.03752 -3.42171e-02 | 65  0.07164 -4.37110e-02 | 66  0.01557 -1.72662e-02
 67 -0.01612 -1.17538e-02 | 68 -0.00825 -1.02925e-02 | 69 -0.01292 -6.23043e-03
 70 -0.00695 -1.13863e-02 | 71 -0.01701 -5.50520e-03 | 72  0.01949 -1.20959e-02
 73 -0.06005  1.97494e-03 | 74  0.04704 -1.73512e-02 | 75  0.00574 -7.94957e-03
 76 -0.01030  7.82609e-03 | 77  0.01478 -6.37783e-03 | 78  0.00960 -9.45474e-04
 79 -0.03154  5.01286e-03 | 80 -0.01126  1.37605e-03 | 81 -0.02930  9.70239e-03
 82 -0.01468 -3.51553e-03 | 83 -0.03586 -2.23261e-04 | 84  0.05577 -1.98331e-02
 85  0.01446  2.55608e-03 | 86 -0.02597 -8.34510e-03 | 87 -0.04000  8.43981e-03
 88 -0.00615  1.28621e-02 | 89 -0.02996  6.21467e-03 | 90 -0.01170  1.63504e-02
 91 -0.03345  4.23923e-03 | 92  0.00526  2.18713e-02 | 93 -0.03979  9.44938e-03
 94 -0.00442  7.24928e-04 | 95 -0.00032 -4.32931e-03 | 96  0.00010  7.17355e-04
 97  0.00064 -1.42820e-02 | 98 -0.39806  8.50359e-03 | 99 -0.26125  1.05583e-03
100 -0.24112 -4.77567e-03 |

Initial statistics: 107 variables; iteration 0; function evaluation 0; phase 4
Function value 5.4146814e+02; maximum gradient component mag 1.0472e+02
Var    Value     Gradient |Var    Value     Gradient |Var    Value     Gradient
  1 -0.42263  9.07965e+01 |  2 -0.42263  1.04717e+02 |  3 -0.41094  7.48637e+01
  4  0.62130 -3.77996e-01 |  5  0.00000 -1.53618e-01 |  6  0.00000 -3.40066e-02
  7  0.00000 -4.15250e-02 |  8  0.00000 -5.06999e-02 |  9  0.00014  1.88551e-03
 10  0.00015  2.17396e-03 | 11  0.00016  2.52351e-03 | 12  0.00017  2.94614e-03
 13  0.00019  3.45682e-03 | 14  0.00021  4.06989e-03 | 15  0.00023  4.84727e-03
 16  0.00131  4.14233e-03 | 17  0.00030  6.86991e-03 | 18  0.00035  8.18791e-03
 19  0.00041  9.74707e-03 | 20  0.00048  1.10794e-02 | 21  0.00053  1.25417e-02
 22  0.00062  1.38296e-02 | 23  0.00071  1.45800e-02 | 24  0.00085  1.46727e-02
 25  0.00153  1.63108e-02 | 26  0.00106  1.00983e-02 | 27  0.00113  7.41734e-03
 28  0.00117  6.08065e-03 | 29  0.00251 -1.09895e-02 | 30  0.00075  7.89543e-04
 31  0.00031  1.94760e-02 | 32 -0.00049  1.77887e-02 | 33 -0.00060  3.86903e-03
 34 -0.00199 -6.50188e-03 | 35  0.00707  5.29823e-03 | 36  0.01170  1.18162e-02
 37 -0.00583  2.26253e-02 | 38  0.00490  7.42765e-03 | 39  0.01080  1.67425e-02
 40  0.00156  1.42230e-02 | 41 -0.00593  4.47696e-03 | 42 -0.00768 -2.62053e-02
 43  0.00318  9.53393e-03 | 44 -0.00485 -1.42282e-03 | 45 -0.00735  1.27660e-02
 46 -0.00028 -3.91041e-03 | 47 -0.00960  9.78171e-03 | 48 -0.00481  6.58486e-04
 49 -0.00372  7.04768e-03 | 50 -0.00253  2.16329e-02 | 51 -0.00530  2.18164e-02
 52  0.01685 -4.85911e-05 | 53 -0.00160  9.68579e-04 | 54  0.00127  1.33612e-02
 55  0.00894  1.21764e-02 | 56  0.00604 -1.08996e-03 | 57  0.02202 -1.20684e-02
 58  0.01093 -1.88192e-02 | 59  0.00055 -3.29827e-03 | 60  0.00614 -3.81795e-02
 61  0.00781 -4.35836e-02 | 62  0.01264 -4.58990e-03 | 63  0.00357 -9.24481e-03
 64  0.00502 -1.96544e-03 | 65  0.03546 -1.27878e-02 | 66  0.01748 -1.98107e-02
 67  0.00772 -1.02059e-02 | 68  0.02978 -3.45965e-02 | 69 -0.02276 -9.90962e-03
 70 -0.01222 -4.99342e-03 | 71  0.03752 -3.43687e-02 | 72  0.07164 -4.38619e-02
 73  0.01557 -1.74180e-02 | 74 -0.01612 -1.19056e-02 | 75 -0.00825 -1.04443e-02
 76 -0.01292 -6.38226e-03 | 77 -0.00695 -1.15382e-02 | 78 -0.01701 -5.65700e-03
 79  0.01949 -1.22477e-02 | 80 -0.06005  1.82376e-03 | 81  0.04704 -1.75027e-02
 82  0.00574 -8.10141e-03 | 83 -0.01030  7.67426e-03 | 84  0.01478 -6.52964e-03
 85  0.00960 -1.09731e-03 | 86 -0.03154  4.86120e-03 | 87 -0.01126  1.22422e-03
 88 -0.02930  9.55070e-03 | 89 -0.01468 -3.66734e-03 | 90 -0.03586 -3.74872e-04
 91  0.05577 -1.99844e-02 | 92  0.01446  2.40427e-03 | 93 -0.02597 -8.49683e-03
 94 -0.04000  8.28826e-03 | 95 -0.00615  1.27103e-02 | 96 -0.02996  6.06299e-03
 97 -0.01170  1.61986e-02 | 98 -0.03345  4.08758e-03 | 99  0.00526  2.17195e-02
100 -0.03979  9.29783e-03 |101 -0.00442  5.73080e-04 |102 -0.00032 -4.48116e-03
103  0.00010  5.65504e-04 |104  0.00064 -1.42820e-02 |105 -0.39806  8.50360e-03
106 -0.26125  1.05583e-03 |107 -0.24112 -4.77567e-03 |

Intermediate statistics: 107 variables; iteration 20; function evaluation 29; phase 4
Function value 5.4138980e+02; maximum gradient component mag -5.4470e+01
Var    Value     Gradient |Var    Value     Gradient |Var    Value     Gradient
  1 -0.42444  2.75480e+01 |  2 -0.42270 -2.31511e+01 |  3 -0.41042 -3.43513e+00
  4  0.62134 -5.44700e+01 |  5  0.00003 -1.21960e-01 |  6  0.00001 -2.70231e-02
  7  0.00001 -3.29953e-02 |  8  0.00001 -4.02820e-02 |  9  0.00014  1.32620e+00
 10  0.00015  1.32575e+00 | 11  0.00016  1.32520e+00 | 12  0.00017  1.32453e+00
 13  0.00019  1.32371e+00 | 14  0.00021  1.32272e+00 | 15  0.00024  1.32155e+00
 16  0.00131  1.31871e+00 | 17  0.00030  1.31840e+00 | 18  0.00035  1.31634e+00
 19  0.00041  1.31385e+00 | 20  0.00048  1.31042e+00 | 21  0.00053  1.30631e+00
 22  0.00061  1.30113e+00 | 23  0.00071  1.29450e+00 | 24  0.00085  1.28618e+00
 25  0.00153  1.27721e+00 | 26  0.00106  1.26219e+00 | 27  0.00113  1.24774e+00
 28  0.00117  1.23263e+00 | 29  0.00251  1.20127e+00 | 30  0.00074  1.20374e+00
 31  0.00030  1.19918e+00 | 32 -0.00049  1.17921e+00 | 33 -0.00060  1.14657e+00
 34 -0.00199  1.11860e+00 | 35  0.00707  1.06157e+00 | 36  0.01169  1.01706e+00
 37 -0.00584  1.08415e+00 | 38  0.00491  9.80182e-01 | 39  0.01079  8.75627e-01
 40  0.00154  8.92785e-01 | 41 -0.00594  8.91946e-01 | 42 -0.00767  8.12931e-01
 43  0.00317  7.37467e-01 | 44 -0.00486  7.13979e-01 | 45 -0.00736  6.82030e-01
 46 -0.00028  5.02845e-01 | 47 -0.00963  6.24867e-01 | 48 -0.00481  4.57361e-01
 49 -0.00373  3.54417e-01 | 50 -0.00255  2.48853e-01 | 51 -0.00530  1.70426e-01
 52  0.01680 -3.27425e-01 | 53 -0.00160 -3.06400e-02 | 54  0.00125 -2.10776e-01
 55  0.00893 -5.64642e-01 | 56  0.00605 -6.45272e-01 | 57  0.02196 -1.19208e+00
 58  0.01093 -9.64027e-01 | 59  0.00052 -7.42982e-01 | 60  0.00613 -1.08869e+00
 61  0.00782 -1.30966e+00 | 62  0.01260 -1.48405e+00 | 63  0.00357 -1.17585e+00
 64  0.00502 -1.32169e+00 | 65  0.03548 -3.13838e+00 | 66  0.01748 -2.25209e+00
 67  0.00764 -1.91057e+00 | 68  0.02966 -3.46215e+00 | 69 -0.02279 -6.87368e-01
 70 -0.01221 -8.58715e-01 | 71  0.03759 -3.40444e+00 | 72  0.07162 -7.53338e+00
 73  0.01541 -3.66450e+00 | 74 -0.01613 -1.08356e+00 | 75 -0.00828 -1.56658e+00
 76 -0.01283 -1.02740e+00 | 77 -0.00702 -1.70695e+00 | 78 -0.01687 -4.12098e-01
 79  0.01942 -4.02136e+00 | 80 -0.06015 -9.33436e-01 | 81  0.04698 -5.42436e+00
 82  0.00577 -2.00645e+00 | 83 -0.01036 -1.19654e+00 | 84  0.01496  1.21791e+00
 85  0.00952 -2.64182e+00 | 86 -0.03156 -1.11927e+00 | 87 -0.01134 -1.05400e+00
 88 -0.02918  4.73052e-01 | 89 -0.01473 -3.03116e-01 | 90 -0.03568  9.64213e-01
 91  0.05569 -2.45638e+00 | 92  0.01440 -2.91970e+00 | 93 -0.02603  3.07545e-01
 94 -0.03987  1.45760e+00 | 95 -0.00621  3.31612e-01 | 96 -0.02982  1.71747e+00
 97 -0.01171  1.25325e+00 | 98 -0.03327  1.90109e+00 | 99  0.00535  2.29354e+00
100 -0.03965  9.51925e-01 |101 -0.00438  1.40843e+00 |102 -0.00032  1.34590e+00
103  0.00010  1.32824e+00 |104  0.00039 -7.74468e+00 |105 -0.39772  1.54958e+01
106 -0.25465 -3.35932e+00 |107 -0.23608  7.99277e+00 |
107 variables; iteration 40; function evaluation 58; phase 4
Function value 5.4137944e+02; maximum gradient component mag -1.5894e+00
Var    Value     Gradient |Var    Value     Gradient |Var    Value     Gradient
  1 -0.42486 -5.71894e-01 |  2 -0.42289 -1.58943e+00 |  3 -0.41023 -9.81336e-01
  4  0.62151 -1.23754e+00 |  5  0.00004 -1.00300e-01 |  6  0.00001 -2.18975e-02
  7  0.00001 -2.67623e-02 |  8  0.00001 -3.27106e-02 |  9  0.00014  1.89445e-02
 10  0.00015  1.90629e-02 | 11  0.00016  1.92058e-02 | 12  0.00017  1.93776e-02
 13  0.00019  1.95845e-02 | 14  0.00021  1.98307e-02 | 15  0.00023  2.01613e-02
 16  0.00131  1.94563e-02 | 17  0.00030  2.10048e-02 | 18  0.00035  2.15571e-02
 19  0.00040  2.22118e-02 | 20  0.00047  2.26992e-02 | 21  0.00053  2.32102e-02
 22  0.00061  2.35553e-02 | 23  0.00070  2.34950e-02 | 24  0.00085  2.29660e-02
 25  0.00153  2.36192e-02 | 26  0.00106  1.88240e-02 | 27  0.00113  1.69789e-02
 28  0.00117  1.69280e-02 | 29  0.00251  5.94460e-03 | 30  0.00075  1.79231e-02
 31  0.00030  3.23372e-02 | 32 -0.00049  3.04118e-02 | 33 -0.00060  2.32301e-02
 34 -0.00198  1.77862e-02 | 35  0.00707 -2.25649e-02 | 36  0.01169  5.10226e-02
 37 -0.00584  1.24327e-02 | 38  0.00489 -5.54016e-02 | 39  0.01079  2.97387e-02
 40  0.00152  3.83593e-02 | 41 -0.00597 -1.54825e-02 | 42 -0.00763  2.90480e-02
 43  0.00316  1.46526e-03 | 44 -0.00487  2.00489e-03 | 45 -0.00736  5.14597e-04
 46 -0.00027 -1.13019e-02 | 47 -0.00969 -5.12290e-02 | 48 -0.00480 -2.96074e-02
 49 -0.00375 -3.54931e-02 | 50 -0.00257 -4.54611e-02 | 51 -0.00528 -3.01042e-02
 52  0.01674 -7.45441e-02 | 53 -0.00157 -5.14501e-02 | 54  0.00124 -6.71143e-02
 55  0.00894 -2.21994e-02 | 56  0.00607 -1.09731e-01 | 57  0.02183 -2.00019e-01
 58  0.01091 -1.66659e-01 | 59  0.00051 -7.04844e-02 | 60  0.00611 -1.24252e-01
 61  0.00782 -1.22700e-01 | 62  0.01254 -9.88743e-02 | 63  0.00357 -9.72516e-02
 64  0.00501 -7.57073e-02 | 65  0.03549 -3.92036e-04 | 66  0.01755  1.94974e-01
 67  0.00770  2.10759e-01 | 68  0.02978  2.41374e-01 | 69 -0.02280 -3.49797e-02
 70 -0.01225  1.76580e-02 | 71  0.03753  7.31114e-02 | 72  0.07154 -9.17644e-02
 73  0.01546  1.21282e-01 | 74 -0.01625 -4.40581e-01 | 75 -0.00833  1.97448e-01
 76 -0.01282  1.80986e-01 | 77 -0.00704  2.88826e-01 | 78 -0.01686  9.61449e-02
 79  0.01943 -9.08372e-03 | 80 -0.06006 -3.40068e-01 | 81  0.04696  7.19067e-04
 82  0.00578 -1.25810e-03 | 83 -0.01042 -1.51589e-01 | 84  0.01488  1.02605e-02
 85  0.00953  1.00172e-01 | 86 -0.03149 -9.23232e-03 | 87 -0.01137 -1.46117e-01
 88 -0.02915  9.70890e-03 | 89 -0.01476  7.69595e-02 | 90 -0.03564 -9.07499e-03
 91  0.05567  1.11810e-01 | 92  0.01450  4.64815e-02 | 93 -0.02607 -6.48375e-02
 94 -0.03984  1.26226e-01 | 95 -0.00622  2.05937e-01 | 96 -0.02981 -1.63165e-01
 97 -0.01177 -2.61319e-01 | 98 -0.03322  3.06975e-02 | 99  0.00527 -3.81251e-01
100 -0.03947  3.34764e-01 |101 -0.00408  2.41847e-01 |102 -0.00032  1.83641e-02
103  0.00010  1.84009e-02 |104  0.00044 -9.76401e-02 |105 -0.39794  2.37668e-01
106 -0.25282 -2.01878e-01 |107 -0.23536  5.13357e-01 |

 - final statistics:
107 variables; iteration 47; function evaluation 68
Function value 5.4138e+02; maximum gradient component mag -8.4488e-01
Exit code = 1;  converg criter 1.0000e+00
Var    Value     Gradient |Var    Value     Gradient |Var    Value     Gradient
  1 -0.42484 -2.50853e-01 |  2 -0.42289 -8.44882e-01 |  3 -0.41024 -5.11210e-01
  4  0.62153 -6.27075e-01 |  5  0.00008 -3.42514e-02 |  6  0.00002 -8.01964e-03
  7  0.00002 -9.75921e-03 |  8  0.00003 -1.18656e-02 |  9  0.00015  1.69250e-02
 10  0.00015  1.68660e-02 | 11  0.00016  1.67929e-02 | 12  0.00018  1.67024e-02
 13  0.00019  1.65901e-02 | 14  0.00021  1.64501e-02 | 15  0.00024  1.62874e-02
 16  0.00132  1.57168e-02 | 17  0.00031  1.58207e-02 | 18  0.00035  1.54965e-02
 19  0.00041  1.50881e-02 | 20  0.00048  1.45063e-02 | 21  0.00053  1.37846e-02
 22  0.00061  1.28600e-02 | 23  0.00071  1.16835e-02 | 24  0.00085  1.02572e-02
 25  0.00153  8.75389e-03 | 26  0.00106  6.66106e-03 | 27  0.00113  4.74133e-03
 28  0.00117  2.74274e-03 | 29  0.00252 -8.04393e-04 | 30  0.00074 -8.50504e-04
 31  0.00029  9.86087e-04 | 32 -0.00050  1.10255e-03 | 33 -0.00061 -5.28163e-03
 34 -0.00199 -1.46515e-02 | 35  0.00709 -4.11154e-03 | 36  0.01167  6.70960e-03
 37 -0.00585 -1.35463e-02 | 38  0.00491 -3.84900e-02 | 39  0.01082  5.77535e-02
 40  0.00151  1.78877e-02 | 41 -0.00597 -2.76744e-02 | 42 -0.00762  3.95071e-02
 43  0.00317  1.10573e-02 | 44 -0.00486  5.47200e-03 | 45 -0.00736  5.34524e-03
 46 -0.00027 -1.63184e-04 | 47 -0.00969 -4.72030e-02 | 48 -0.00480 -3.84719e-02
 49 -0.00375 -3.01973e-02 | 50 -0.00257 -3.35516e-02 | 51 -0.00528 -2.44409e-02
 52  0.01675 -4.81244e-02 | 53 -0.00157 -5.42822e-02 | 54  0.00127 -3.79196e-03
 55  0.00893 -2.35435e-02 | 56  0.00609 -4.32090e-02 | 57  0.02189 -3.47407e-02
 58  0.01094 -8.16746e-02 | 59  0.00050 -4.29717e-02 | 60  0.00613 -5.52806e-02
 61  0.00783 -6.10359e-02 | 62  0.01254 -6.76789e-02 | 63  0.00360 -2.22790e-02
 64  0.00501 -3.96805e-02 | 65  0.03548  2.65209e-03 | 66  0.01750  8.82537e-02
 67  0.00767  9.86016e-02 | 68  0.02974  1.03784e-01 | 69 -0.02282 -9.08045e-02
 70 -0.01226  2.11505e-03 | 71  0.03752  2.68501e-02 | 72  0.07154 -4.81469e-03
 73  0.01544  6.43598e-02 | 74 -0.01623 -2.18142e-01 | 75 -0.00834  4.15493e-02
 76 -0.01282  1.32384e-01 | 77 -0.00706  9.61143e-02 | 78 -0.01687  4.76513e-02
 79  0.01943  7.39173e-03 | 80 -0.06004 -1.55214e-01 | 81  0.04695  1.61523e-02
 82  0.00578  5.28141e-03 | 83 -0.01042 -5.99119e-02 | 84  0.01487  3.61664e-03
 85  0.00953  6.29462e-02 | 86 -0.03150  5.07013e-03 | 87 -0.01137 -7.37219e-02
 88 -0.02915  4.58171e-03 | 89 -0.01476  8.56454e-02 | 90 -0.03564  1.43337e-02
 91  0.05567  6.21431e-02 | 92  0.01450  3.27519e-02 | 93 -0.02608 -7.07210e-02
 94 -0.03985  4.55209e-02 | 95 -0.00623  1.08041e-01 | 96 -0.02981 -9.61801e-02
 97 -0.01176 -7.89814e-02 | 98 -0.03322  1.83266e-02 | 99  0.00529 -1.97695e-01
100 -0.03949  1.55199e-01 |101 -0.00413  1.29351e-01 |102 -0.00032  1.43482e-02
103  0.00010  1.71838e-02 |104  0.00043 -4.64331e-02 |105 -0.39795  1.04342e-01
106 -0.25289 -1.09342e-01 |107 -0.23543  2.81296e-01 |

Initial statistics: 110 variables; iteration 0; function evaluation 0; phase 5
Function value 5.4137933e+02; maximum gradient component mag 3.2212e+02
Var    Value     Gradient |Var    Value     Gradient |Var    Value     Gradient
  1 -0.42484 -2.50853e-01 |  2 -0.42289 -8.44882e-01 |  3 -0.41024 -5.11210e-01
  4 -0.41222 -1.92136e+01 |  5 -0.41222  8.32348e+00 |  6  0.62153 -6.27075e-01
  7  0.00008 -3.42514e-02 |  8  0.00002 -8.01964e-03 |  9  0.00002 -9.75921e-03
 10  0.00003 -1.18656e-02 | 11  0.00015  1.69381e-02 | 12  0.00015  1.68790e-02
 13  0.00016  1.68060e-02 | 14  0.00018  1.67155e-02 | 15  0.00019  1.66032e-02
 16  0.00021  1.64632e-02 | 17  0.00024  1.63005e-02 | 18  0.00132  1.57299e-02
 19  0.00031  1.58338e-02 | 20  0.00035  1.55096e-02 | 21  0.00041  1.51012e-02
 22  0.00048  1.45194e-02 | 23  0.00053  1.37977e-02 | 24  0.00061  1.28731e-02
 25  0.00071  1.16966e-02 | 26  0.00085  1.02703e-02 | 27  0.00153  8.76699e-03
 28  0.00106  6.67416e-03 | 29  0.00113  4.75442e-03 | 30  0.00117  2.75584e-03
 31  0.00252 -7.91300e-04 | 32  0.00074 -8.37411e-04 | 33  0.00029  9.99180e-04
 34 -0.00050  1.11564e-03 | 35 -0.00061 -5.26853e-03 | 36 -0.00199 -1.46384e-02
 37  0.00709 -4.09845e-03 | 38  0.01167  6.72269e-03 | 39 -0.00585 -1.35332e-02
 40  0.00491 -3.84769e-02 | 41  0.01082  5.77666e-02 | 42  0.00151  1.79008e-02
 43 -0.00597 -2.76613e-02 | 44 -0.00762  3.95202e-02 | 45  0.00317  1.10704e-02
 46 -0.00486  5.48509e-03 | 47 -0.00736  5.35834e-03 | 48 -0.00027 -1.50091e-04
 49 -0.00969 -4.71899e-02 | 50 -0.00480 -3.84588e-02 | 51 -0.00375 -3.01842e-02
 52 -0.00257 -3.35385e-02 | 53 -0.00528 -2.44278e-02 | 54  0.01675 -4.81113e-02
 55 -0.00157 -5.42691e-02 | 56  0.00127 -3.77886e-03 | 57  0.00893 -2.35304e-02
 58  0.00609 -4.31959e-02 | 59  0.02189 -3.47276e-02 | 60  0.01094 -8.16615e-02
 61  0.00050 -4.29586e-02 | 62  0.00613 -5.52675e-02 | 63  0.00783 -6.10228e-02
 64  0.01254 -6.76658e-02 | 65  0.00360 -2.22659e-02 | 66  0.00501 -3.96674e-02
 67  0.03548  2.66517e-03 | 68  0.01750  8.82668e-02 | 69  0.00767  9.86147e-02
 70  0.02974  1.03797e-01 | 71 -0.02282 -9.07914e-02 | 72 -0.01226  2.12814e-03
 73  0.03752  2.68632e-02 | 74  0.07154 -4.80168e-03 | 75  0.01544  6.43729e-02
 76 -0.01623 -2.18129e-01 | 77 -0.00834  4.15624e-02 | 78 -0.01282  1.32397e-01
 79 -0.00706  9.61274e-02 | 80 -0.01687  4.76644e-02 | 81  0.01943  7.40482e-03
 82 -0.06004 -1.55201e-01 | 83  0.04695  1.61654e-02 | 84  0.00578  5.29451e-03
 85 -0.01042 -5.98988e-02 | 86  0.01487  3.62973e-03 | 87  0.00953  6.29593e-02
 88 -0.03150  5.08321e-03 | 89 -0.01137 -7.37088e-02 | 90 -0.02915  4.59479e-03
 91 -0.01476  8.56585e-02 | 92 -0.03564  1.43468e-02 | 93  0.05567  6.21561e-02
 94  0.01450  3.27650e-02 | 95 -0.02608 -7.07079e-02 | 96 -0.03985  4.55340e-02
 97 -0.00623  1.08054e-01 | 98 -0.02981 -9.61671e-02 | 99 -0.01176 -7.89684e-02
100 -0.03322  1.83396e-02 |101  0.00529 -1.97682e-01 |102 -0.03949  1.55212e-01
103 -0.00413  1.29364e-01 |104 -0.00032  1.43613e-02 |105  0.00010  1.71969e-02
106  0.00000  3.22121e+02 |107  0.00043 -4.64331e-02 |108 -0.39795  1.04342e-01
109 -0.25289 -1.09342e-01 |110 -0.23543  2.81296e-01 |

Intermediate statistics: 110 variables; iteration 20; function evaluation 24; phase 5
Function value 5.4104768e+02; maximum gradient component mag 2.5655e+02
Var    Value     Gradient |Var    Value     Gradient |Var    Value     Gradient
  1 -0.42397  2.43835e+01 |  2 -0.42176 -2.09136e+01 |  3 -0.41251 -3.88209e+00
  4 -0.40020 -2.06591e+00 |  5 -0.43575 -6.37283e-01 |  6  0.62241  2.54480e+01
  7  0.00010 -1.69978e-02 |  8  0.00002 -3.94297e-03 |  9  0.00003 -4.80099e-03
 10  0.00003 -5.84127e-03 | 11  0.00013 -6.62327e-01 | 12  0.00014 -6.62625e-01
 13  0.00015 -6.62988e-01 | 14  0.00016 -6.63432e-01 | 15  0.00018 -6.63973e-01
 16  0.00020 -6.64633e-01 | 17  0.00023 -6.65360e-01 | 18  0.00131 -6.66487e-01
 19  0.00030 -6.67330e-01 | 20  0.00035 -6.68582e-01 | 21  0.00041 -6.70032e-01
 22  0.00048 -6.72334e-01 | 23  0.00053 -6.74834e-01 | 24  0.00062 -6.77818e-01
 25  0.00071 -6.81316e-01 | 26  0.00085 -6.85318e-01 | 27  0.00152 -6.89654e-01
 28  0.00104 -6.93964e-01 | 29  0.00110 -6.98454e-01 | 30  0.00111 -7.03388e-01
 31  0.00240 -7.11786e-01 | 32  0.00056 -7.17249e-01 | 33  0.00004 -7.29075e-01
 34 -0.00076 -7.35387e-01 | 35 -0.00084 -7.39328e-01 | 36 -0.00224 -7.67484e-01
 37  0.00688 -7.84373e-01 | 38  0.01158 -6.68517e-01 | 39 -0.00601 -7.64859e-01
 40  0.00500 -6.31094e-01 | 41  0.01123 -4.58261e-01 | 42  0.00137 -5.87779e-01
 43 -0.00598 -6.20235e-01 | 44 -0.00771 -5.85742e-01 | 45  0.00285 -5.38698e-01
 46 -0.00513 -6.59000e-01 | 47 -0.00752 -6.60702e-01 | 48 -0.00028 -5.57694e-01
 49 -0.00971 -6.53583e-01 | 50 -0.00495 -5.28396e-01 | 51 -0.00385 -5.80561e-01
 52 -0.00265 -5.81340e-01 | 53 -0.00541 -6.33127e-01 | 54  0.01656 -5.56851e-01
 55 -0.00191 -5.25474e-01 | 56  0.00110 -5.53007e-01 | 57  0.00913 -3.75037e-01
 58  0.00606 -4.96370e-01 | 59  0.02199 -3.72355e-01 | 60  0.01090 -2.18526e-01
 61  0.00028 -4.14557e-01 | 62  0.00606 -3.67000e-01 | 63  0.00763 -3.06819e-01
 64  0.01202 -4.39667e-01 | 65  0.00300 -3.78197e-01 | 66  0.00497 -3.42353e-01
 67  0.03518 -6.78456e-03 | 68  0.01731  3.36889e-02 | 69  0.00763 -2.01791e-01
 70  0.02963  4.07643e-01 | 71 -0.02299 -2.05893e-01 | 72 -0.01230 -1.47170e-02
 73  0.03707  1.71099e-01 | 74  0.07131  2.68745e+00 | 75  0.01500 -2.46833e+00
 76 -0.01606 -6.56174e-01 | 77 -0.00835 -2.11495e+00 | 78 -0.01285  1.62666e+00
 79 -0.00704  2.67655e-01 | 80 -0.01726 -3.84329e+00 | 81  0.01927 -4.55139e-02
 82 -0.05991  2.42558e+00 | 83  0.04671  2.59111e+00 | 84  0.00545  7.19730e-01
 85 -0.01088 -4.25092e+00 | 86  0.01392 -1.88463e+01 | 87  0.00915 -5.53967e+00
 88 -0.03162  9.97660e-01 | 89 -0.01120  1.95923e+00 | 90 -0.02907  2.16336e+00
 91 -0.01456  1.22587e+00 | 92 -0.03595 -3.60993e+00 | 93  0.05565  4.62400e+00
 94  0.01520  2.20408e+01 | 95 -0.02560  2.70827e+00 | 96 -0.03916  3.77380e+00
 97 -0.00526  4.05970e+00 | 98 -0.02908 -8.36357e-02 | 99 -0.01051  3.70501e+00
100 -0.03140  1.30278e+01 |101  0.00724  9.72877e+00 |102 -0.03843 -1.79640e-01
103 -0.00399 -6.01014e-01 |104 -0.00032 -6.42558e-01 |105  0.00009 -6.60981e-01
106 -0.00062  2.56553e+02 |107 -0.00061 -4.99688e+00 |108 -0.39800  1.03882e+01
109 -0.26460 -6.43729e+00 |110 -0.24210  1.03785e+01 |
110 variables; iteration 40; function evaluation 48; phase 5
Function value 5.4093772e+02; maximum gradient component mag -6.3447e+01
Var    Value     Gradient |Var    Value     Gradient |Var    Value     Gradient
  1 -0.42432 -2.24362e+00 |  2 -0.42179 -6.34466e+01 |  3 -0.41239 -2.62504e+01
  4 -0.39901 -6.00729e-01 |  5 -0.43614 -8.95540e-01 |  6  0.62275 -5.16521e+01
  7  0.00012  1.62913e-02 |  8  0.00003  3.92819e-03 |  9  0.00003  4.77054e-03
 10  0.00004  5.78538e-03 | 11  0.00008  1.22420e+00 | 12  0.00009  1.22492e+00
 13  0.00010  1.22580e+00 | 14  0.00012  1.22686e+00 | 15  0.00013  1.22814e+00
 16  0.00016  1.22968e+00 | 17  0.00019  1.23152e+00 | 18  0.00127  1.23395e+00
 19  0.00027  1.23632e+00 | 20  0.00032  1.23941e+00 | 21  0.00038  1.24304e+00
 22  0.00046  1.24730e+00 | 23  0.00052  1.25216e+00 | 24  0.00062  1.25765e+00
 25  0.00072  1.26374e+00 | 26  0.00088  1.27046e+00 | 27  0.00156  1.27810e+00
 28  0.00109  1.28587e+00 | 29  0.00117  1.29548e+00 | 30  0.00119  1.30712e+00
 31  0.00251  1.32346e+00 | 32  0.00069  1.33839e+00 | 33  0.00021  1.38089e+00
 34 -0.00055  1.42968e+00 | 35 -0.00059  1.46354e+00 | 36 -0.00192  1.53986e+00
 37  0.00709  1.25154e+00 | 38  0.01157  1.00708e+00 | 39 -0.00582  1.21893e+00
 40  0.00428 -7.65923e-02 | 41  0.01192  1.99023e+00 | 42  0.00086  1.44179e-01
 43 -0.00605  7.68442e-01 | 44 -0.00775  7.68245e-01 | 45  0.00277  6.22544e-01
 46 -0.00495  9.86315e-01 | 47 -0.00737  8.90233e-01 | 48 -0.00048  2.07860e-01
 49 -0.00955  7.66609e-01 | 50 -0.00501  3.60660e-01 | 51 -0.00389  2.78851e-01
 52 -0.00271  1.48982e-01 | 53 -0.00518  5.07015e-01 | 54  0.01651 -5.80051e-01
 55 -0.00175  1.36126e-01 | 56  0.00085 -7.08966e-01 | 57  0.00880 -1.01340e+00
 58  0.00604 -7.19674e-01 | 59  0.02200 -1.33609e+00 | 60  0.01060 -1.37162e+00
 61  0.00021 -8.65907e-01 | 62  0.00593 -1.29982e+00 | 63  0.00736 -1.73938e+00
 64  0.01158 -2.74330e+00 | 65  0.00318 -1.06181e+00 | 66  0.00484 -1.65905e+00
 67  0.03540 -2.65307e+00 | 68  0.01760 -1.26997e+00 | 69  0.00756 -2.20032e+00
 70  0.02963 -3.29332e+00 | 71 -0.02297 -7.39407e-01 | 72 -0.01250 -1.92441e+00
 73  0.03723 -3.53860e+00 | 74  0.07133 -6.79311e+00 | 75  0.01521 -3.23516e+00
 76 -0.01586 -1.95144e-02 | 77 -0.00815 -1.81407e+00 | 78 -0.01309 -5.12084e+00
 79 -0.00711 -2.58471e+00 | 80 -0.01708 -1.49950e+00 | 81  0.01923 -2.10272e+00
 82 -0.06035 -6.37670e-01 | 83  0.04648 -4.05075e+00 | 84  0.00532 -4.50880e-01
 85 -0.01087 -2.29473e+00 | 86  0.01451 -1.31139e+00 | 87  0.00916 -3.24946e+00
 88 -0.03157  1.77891e+00 | 89 -0.01121  1.48169e+00 | 90 -0.02898  1.65250e+00
 91 -0.01447  1.48586e+00 | 92 -0.03559 -1.50263e-01 | 93  0.05558 -1.50626e+00
 94  0.01454  4.09694e-01 | 95 -0.02556  9.93841e-01 | 96 -0.03915  1.68860e+00
 97 -0.00520  5.63116e-01 | 98 -0.02872  2.43558e+00 | 99 -0.01041  1.80187e+00
100 -0.03207  1.33061e-01 |101  0.00697  2.35650e+00 |102 -0.03836  1.10784e+00
103 -0.00360  1.76719e+00 |104 -0.00035  1.25796e+00 |105  0.00003  1.22086e+00
106 -0.00134 -1.93760e+01 |107 -0.00028 -3.70220e+00 |108 -0.39805  5.64128e+00
109 -0.26616 -1.09098e+00 |110 -0.24250  1.03752e+00 |
110 variables; iteration 60; function evaluation 79; phase 5
Function value 5.4093320e+02; maximum gradient component mag -3.5997e+00
Var    Value     Gradient |Var    Value     Gradient |Var    Value     Gradient
  1 -0.42440 -2.13692e-01 |  2 -0.42176 -3.59973e+00 |  3 -0.41241 -1.48436e+00
  4 -0.39898 -2.86873e-02 |  5 -0.43647 -5.87400e-02 |  6  0.62277 -3.00580e+00
  7  0.00011  3.54781e-03 |  8  0.00002  8.05350e-04 |  9  0.00003  9.81899e-04
 10  0.00004  1.19660e-03 | 11  0.00013  7.02487e-02 | 12  0.00014  7.01825e-02
 13  0.00015  7.01053e-02 | 14  0.00017  7.00166e-02 | 15  0.00018  6.99156e-02
 16  0.00021  6.98044e-02 | 17  0.00023  6.96406e-02 | 18  0.00131  6.94844e-02
 19  0.00030  6.92982e-02 | 20  0.00035  6.91147e-02 | 21  0.00042  6.89439e-02
 22  0.00049  6.91779e-02 | 23  0.00054  6.94457e-02 | 24  0.00063  6.99651e-02
 25  0.00072  7.08284e-02 | 26  0.00087  7.21487e-02 | 27  0.00154  7.40942e-02
 28  0.00107  7.65249e-02 | 29  0.00113  7.98084e-02 | 30  0.00114  8.34868e-02
 31  0.00244  8.72666e-02 | 32  0.00061  8.47865e-02 | 33  0.00009  8.06964e-02
 34 -0.00072  6.64741e-02 | 35 -0.00081  5.22891e-02 | 36 -0.00219  5.10364e-02
 37  0.00697  8.10717e-02 | 38  0.01156  5.58905e-02 | 39 -0.00594  5.39124e-02
 40  0.00499  3.67681e-02 | 41  0.01108  3.57125e-02 | 42  0.00134  6.87734e-02
 43 -0.00601  4.51890e-02 | 44 -0.00772  5.26435e-02 | 45  0.00280  4.70287e-02
 46 -0.00511  7.94649e-02 | 47 -0.00748  1.00108e-01 | 48 -0.00031  7.48162e-02
 49 -0.00968  2.54937e-02 | 50 -0.00498  4.79395e-02 | 51 -0.00389  3.04892e-02
 52 -0.00269 -1.38779e-03 | 53 -0.00540 -2.22408e-02 | 54  0.01652 -1.28579e-01
 55 -0.00191  9.75262e-03 | 56  0.00106 -4.89677e-02 | 57  0.00902 -1.92121e-02
 58  0.00602 -7.48433e-02 | 59  0.02198 -6.28086e-02 | 60  0.01075 -8.76639e-02
 61  0.00022 -4.56394e-02 | 62  0.00600 -5.60622e-02 | 63  0.00756 -3.80676e-02
 64  0.01206 -8.21230e-02 | 65  0.00299 -9.44166e-02 | 66  0.00494 -8.27825e-02
 67  0.03511 -1.80449e-01 | 68  0.01719 -1.52745e-01 | 69  0.00767 -1.59003e-01
 70  0.02961 -1.84237e-01 | 71 -0.02297  9.33952e-03 | 72 -0.01231 -6.52775e-02
 73  0.03713 -2.32578e-01 | 74  0.07123 -4.98703e-01 | 75  0.01529 -1.50938e-01
 76 -0.01599 -4.63339e-02 | 77 -0.00814 -3.69001e-02 | 78 -0.01285 -1.11923e-01
 79 -0.00708 -5.61335e-02 | 80 -0.01701 -6.12490e-02 | 81  0.01917 -1.71857e-01
 82 -0.06022  8.03145e-03 | 83  0.04641 -2.77469e-01 | 84  0.00528 -1.16533e-01
 85 -0.01079  3.92070e-02 | 86  0.01452 -6.99688e-02 | 87  0.00923 -6.87423e-02
 88 -0.03164 -4.91827e-02 | 89 -0.01132 -1.92189e-02 | 90 -0.02900  2.45207e-02
 91 -0.01457 -6.55503e-02 | 92 -0.03549 -1.20343e-02 | 93  0.05556 -8.02660e-02
 94  0.01456 -1.41140e-02 | 95 -0.02558  4.11388e-02 | 96 -0.03914  1.89076e-01
 97 -0.00518  3.67140e-02 | 98 -0.02873  1.52267e-01 | 99 -0.01044  1.03452e-02
100 -0.03192  7.59667e-02 |101  0.00691  1.06724e-01 |102 -0.03824  8.99376e-02
103 -0.00380  9.90069e-02 |104 -0.00032  7.75295e-02 |105  0.00009  7.05793e-02
106 -0.00135 -1.30813e+00 |107 -0.00001 -1.97026e-01 |108 -0.39793  3.11237e-01
109 -0.26501 -1.91419e-02 |110 -0.24201  2.34725e-02 |
110 variables; iteration 80; function evaluation 115; phase 5
Function value 5.4093319e+02; maximum gradient component mag -2.7137e-02
Var    Value     Gradient |Var    Value     Gradient |Var    Value     Gradient
  1 -0.42440 -1.72229e-03 |  2 -0.42177 -2.71370e-02 |  3 -0.41240 -1.11743e-02
  4 -0.39899 -2.27239e-04 |  5 -0.43644 -4.35896e-04 |  6  0.62278 -2.25854e-02
  7  0.00011  2.90312e-05 |  8  0.00002  9.04320e-06 |  9  0.00003  1.08757e-05
 10  0.00004  1.30221e-05 | 11  0.00014  5.04522e-04 | 12  0.00015  5.03931e-04
 13  0.00016  5.03508e-04 | 14  0.00017  5.03440e-04 | 15  0.00019  5.04023e-04
 16  0.00021  5.05715e-04 | 17  0.00024  5.09521e-04 | 18  0.00132  5.17318e-04
 19  0.00031  5.29034e-04 | 20  0.00036  5.49877e-04 | 21  0.00042  5.83402e-04
 22  0.00049  6.15722e-04 | 23  0.00055  6.61795e-04 | 24  0.00063  7.10089e-04
 25  0.00073  7.46344e-04 | 26  0.00087  7.48192e-04 | 27  0.00154  6.91088e-04
 28  0.00107  5.89685e-04 | 29  0.00113  4.83847e-04 | 30  0.00113  4.08604e-04
 31  0.00243  2.67957e-04 | 32  0.00060  5.38738e-04 | 33  0.00008  5.99624e-04
 34 -0.00072  5.77678e-04 | 35 -0.00080  3.20031e-04 | 36 -0.00218 -3.11078e-04
 37  0.00696  1.05740e-03 | 38  0.01156  7.50634e-04 | 39 -0.00593  3.57309e-04
 40  0.00500  3.71984e-04 | 41  0.01109  3.01946e-04 | 42  0.00133  3.44628e-04
 43 -0.00601 -3.98038e-05 | 44 -0.00772  1.03871e-03 | 45  0.00279  1.03210e-03
 46 -0.00514  4.09248e-04 | 47 -0.00752  1.56651e-04 | 48 -0.00033  8.52901e-05
 49 -0.00968  9.36020e-04 | 50 -0.00500  1.50136e-04 | 51 -0.00389  1.92727e-04
 52 -0.00268 -3.54047e-04 | 53 -0.00539 -2.78731e-04 | 54  0.01656 -7.95517e-04
 55 -0.00192  4.34286e-04 | 56  0.00108 -8.12622e-04 | 57  0.00900 -3.16696e-04
 58  0.00605 -9.38785e-05 | 59  0.02197 -5.25853e-04 | 60  0.01076 -7.99338e-04
 61  0.00021 -7.11419e-04 | 62  0.00599 -1.83679e-04 | 63  0.00754  3.68151e-04
 64  0.01206 -5.47882e-04 | 65  0.00300 -8.28664e-04 | 66  0.00494 -5.51665e-04
 67  0.03511 -2.14537e-03 | 68  0.01719 -5.57108e-04 | 69  0.00769 -1.26239e-03
 70  0.02961 -1.42282e-03 | 71 -0.02299 -5.85274e-05 | 72 -0.01231 -4.79138e-04
 73  0.03713 -1.77348e-03 | 74  0.07123 -3.70274e-03 | 75  0.01529 -1.12702e-03
 76 -0.01599 -3.95213e-04 | 77 -0.00814 -3.59823e-04 | 78 -0.01285 -6.84623e-04
 79 -0.00708 -4.86305e-04 | 80 -0.01701 -4.35561e-04 | 81  0.01917 -1.29883e-03
 82 -0.06022  5.04540e-05 | 83  0.04641 -2.09495e-03 | 84  0.00528 -8.64836e-04
 85 -0.01080  1.14725e-04 | 86  0.01452 -5.41722e-04 | 87  0.00923 -4.86776e-04
 88 -0.03164 -3.14703e-04 | 89 -0.01132 -2.00990e-04 | 90 -0.02900  1.29280e-04
 91 -0.01456 -3.71658e-04 | 92 -0.03549  6.05346e-05 | 93  0.05556 -6.45949e-04
 94  0.01456 -1.34388e-04 | 95 -0.02558  3.09967e-04 | 96 -0.03915  1.14209e-03
 97 -0.00518  3.30192e-04 | 98 -0.02873  9.72154e-04 | 99 -0.01044  2.25333e-04
100 -0.03192  6.14538e-04 |101  0.00691  7.43649e-04 |102 -0.03824  6.75903e-04
103 -0.00381  8.67869e-04 |104 -0.00032  6.16636e-04 |105  0.00009  5.09900e-04
106 -0.00135 -9.81999e-03 |107 -0.00001 -1.50925e-03 |108 -0.39793  2.32205e-03
109 -0.26502 -1.40375e-04 |110 -0.24201  1.36083e-04 |

Initial statistics: 111 variables; iteration 0; function evaluation 0; phase 6
Function value 5.4093319e+02; maximum gradient component mag -2.3968e-03
Var    Value     Gradient |Var    Value     Gradient |Var    Value     Gradient
  1 -0.42440 -1.52627e-04 |  2 -0.42177 -2.39676e-03 |  3 -0.41240 -9.87075e-04
  4 -0.39899 -2.06022e-05 |  5 -0.43644 -3.78899e-05 |  6  0.62278 -1.99555e-03
  7  0.00011  3.22032e-06 |  8  0.00002  9.15182e-07 |  9  0.00003  1.09905e-06
 10  0.00004  1.31505e-06 | 11  0.00014  4.42696e-05 | 12  0.00015  4.44357e-05
 13  0.00016  4.46416e-05 | 14  0.00017  4.48955e-05 | 15  0.00019  4.52067e-05
 16  0.00021  4.55827e-05 | 17  0.00024  4.60448e-05 | 18  0.00132  4.66444e-05
 19  0.00031  4.72585e-05 | 20  0.00036  4.81373e-05 | 21  0.00042  4.95235e-05
 22  0.00049  5.14381e-05 | 23  0.00055  5.49595e-05 | 24  0.00063  6.06494e-05
 25  0.00073  6.81507e-05 | 26  0.00087  7.42219e-05 | 27  0.00154  7.22825e-05
 28  0.00107  6.07945e-05 | 29  0.00113  4.93986e-05 | 30  0.00113  4.39520e-05
 31  0.00243  2.91035e-05 | 32  0.00060  6.81158e-05 | 33  0.00008  6.86628e-05
 34 -0.00072  3.34578e-05 | 35 -0.00080  4.94697e-05 | 36 -0.00218 -5.59749e-05
 37  0.00696  7.52582e-05 | 38  0.01156  6.89768e-05 | 39 -0.00593  2.95463e-05
 40  0.00500  2.27267e-05 | 41  0.01109  1.50477e-05 | 42  0.00133  1.07545e-05
 43 -0.00601 -2.87287e-05 | 44 -0.00772  1.03687e-04 | 45  0.00279  6.23214e-05
 46 -0.00514  4.21898e-05 | 47 -0.00752  3.36941e-05 | 48 -0.00033  1.18644e-05
 49 -0.00968  8.47350e-05 | 50 -0.00500 -6.45303e-06 | 51 -0.00389  9.42331e-06
 52 -0.00268 -3.16721e-05 | 53 -0.00539 -1.81065e-06 | 54  0.01656 -7.55408e-05
 55 -0.00192  1.27262e-05 | 56  0.00108 -7.46824e-05 | 57  0.00900 -1.99191e-05
 58  0.00605  1.55397e-05 | 59  0.02197 -5.60704e-05 | 60  0.01076 -4.29248e-05
 61  0.00021 -6.88035e-05 | 62  0.00599 -2.85272e-05 | 63  0.00754  4.33716e-05
 64  0.01206 -4.86670e-05 | 65  0.00300 -8.30421e-05 | 66  0.00494 -4.14478e-05
 67  0.03511 -1.90026e-04 | 68  0.01719 -4.96884e-05 | 69  0.00769 -1.11225e-04
 70  0.02961 -1.25725e-04 | 71 -0.02299 -5.00445e-06 | 72 -0.01231 -4.19159e-05
 73  0.03713 -1.56483e-04 | 74  0.07123 -3.26906e-04 | 75  0.01529 -9.94072e-05
 76 -0.01599 -3.47608e-05 | 77 -0.00814 -3.16246e-05 | 78 -0.01285 -6.00851e-05
 79 -0.00708 -4.28614e-05 | 80 -0.01701 -3.82631e-05 | 81  0.01917 -1.14753e-04
 82 -0.06022  4.56999e-06 | 83  0.04641 -1.85181e-04 | 84  0.00528 -7.64530e-05
 85 -0.01080  1.01376e-05 | 86  0.01452 -4.77178e-05 | 87  0.00923 -4.28563e-05
 88 -0.03164 -2.78740e-05 | 89 -0.01132 -1.78928e-05 | 90 -0.02900  1.14046e-05
 91 -0.01456 -3.28003e-05 | 92 -0.03549  5.72723e-06 | 93  0.05556 -5.72185e-05
 94  0.01456 -1.20363e-05 | 95 -0.02558  2.74952e-05 | 96 -0.03915  1.00985e-04
 97 -0.00518  2.93753e-05 | 98 -0.02873  8.60447e-05 | 99 -0.01044  2.02299e-05
100 -0.03192  5.47135e-05 |101  0.00691  6.59269e-05 |102 -0.03824  6.00076e-05
103 -0.00381  7.71298e-05 |104 -0.00032  6.57301e-05 |105  0.00009  4.35796e-05
106  0.00000  0.00000e+00 |107 -0.00135 -8.65334e-04 |108 -0.00001 -1.32972e-04
109 -0.39793  2.05521e-04 |110 -0.26502 -1.24040e-05 |111 -0.24201  1.16580e-05
  ic > imax  in fminim is answer attained ?
Var    Value     Gradient |Var    Value     Gradient |Var    Value     Gradient
  1 -0.42440 -2.26276e-04 |  2 -0.42177  1.40625e-04 |  3 -0.41240  1.28002e-06
  4 -0.39899 -1.72631e-05 |  5 -0.43644 -5.05530e-06 |  6  0.62278  3.64001e-04
  7  0.00011  8.58818e-07 |  8  0.00002  2.38137e-07 |  9  0.00003  2.86401e-07
 10  0.00004  3.43302e-07 | 11  0.00014 -1.09859e-05 | 12  0.00015 -1.09393e-05
 13  0.00016 -1.08816e-05 | 14  0.00017 -1.08106e-05 | 15  0.00019 -1.07236e-05
 16  0.00021 -1.06183e-05 | 17  0.00024 -1.04891e-05 | 18  0.00132 -1.03207e-05
 19  0.00031 -1.01482e-05 | 20  0.00036 -9.90368e-06 | 21  0.00042 -9.52873e-06
 22  0.00049 -9.01297e-06 | 23  0.00055 -8.09345e-06 | 24  0.00063 -6.62488e-06
 25  0.00073 -4.68665e-06 | 26  0.00087 -3.07149e-06 | 27  0.00154 -3.40764e-06
 28  0.00107 -6.12717e-06 | 29  0.00113 -8.81425e-06 | 30  0.00113 -9.99077e-06
 31  0.00243 -1.34247e-05 | 32  0.00060 -3.64335e-06 | 33  0.00008 -3.31489e-06
 34 -0.00072 -1.12361e-05 | 35 -0.00080 -7.08673e-06 | 36 -0.00218 -2.98117e-05
 37  0.00696 -1.55010e-06 | 38  0.01156 -2.42951e-06 | 39 -0.00593 -9.91463e-06
 40  0.00500 -1.09745e-05 | 41  0.01109 -1.06409e-05 | 42  0.00133 -1.02479e-05
 43 -0.00601 -1.57788e-05 | 44 -0.00772 -6.97185e-07 | 45  0.00279 -9.45525e-07
 46 -0.00514 -4.53261e-06 | 47 -0.00752 -5.40148e-06 | 48 -0.00033 -7.42304e-06
 49 -0.00968 -4.34188e-07 | 50 -0.00500 -1.15385e-05 | 51 -0.00389 -6.59865e-06
 52 -0.00268 -1.19932e-05 | 53 -0.00539 -4.09082e-06 | 54  0.01656 -1.54767e-06
 55 -0.00192 -1.00304e-06 | 56  0.00108 -1.67435e-05 | 57  0.00900  6.40412e-07
 58  0.00605  4.37442e-06 | 59  0.02197 -4.47913e-07 | 60  0.01076 -1.32870e-08
 61  0.00021 -8.43090e-06 | 62  0.00599  6.97596e-07 | 63  0.00754  9.76881e-06
 64  0.01206  1.31587e-06 | 65  0.00300 -3.34266e-06 | 66  0.00494  6.73668e-06
 67  0.03511  2.29090e-06 | 68  0.01719  1.19219e-05 | 69  0.00769  9.00479e-06
 70  0.02961  7.10844e-06 | 71 -0.02299 -7.37126e-06 | 72 -0.01231 -2.00582e-06
 73  0.03713  4.55777e-06 | 74  0.07123  1.83627e-05 | 75  0.01529  1.13355e-05
 76 -0.01599  1.34686e-05 | 77 -0.00814  4.99284e-05 | 78 -0.01285  5.05722e-06
 79 -0.00708  5.72083e-05 | 80 -0.01701  2.64326e-05 | 81  0.01917  5.69773e-05
 82 -0.06022  1.57406e-05 | 83  0.04641  1.61253e-04 | 84  0.00528  2.01291e-05
 85 -0.01080  7.72144e-05 | 86  0.01452  9.51034e-05 | 87  0.00923  7.51471e-05
 88 -0.03164 -4.36273e-05 | 89 -0.01132 -5.24579e-06 | 90 -0.02900 -2.95448e-05
 91 -0.01456 -6.60891e-05 | 92 -0.03549 -3.97530e-05 | 93  0.05556  1.54709e-05
 94  0.01456 -1.01891e-04 | 95 -0.02558 -2.09257e-05 | 96 -0.03915  4.20996e-05
 97 -0.00518 -3.26363e-05 | 98 -0.02873  2.87276e-05 | 99 -0.01044 -5.04132e-05
100 -0.03192 -9.70047e-06 |101  0.00691  1.16356e-06 |102 -0.03824 -3.48177e-06
103 -0.00381 -1.24396e-05 |104 -0.00032 -6.11171e-06 |105  0.00009 -1.11817e-05
106  0.00000  0.00000e+00 |107 -0.00135  3.30794e-05 |108 -0.00001  6.92981e-05
109 -0.39793 -1.43550e-04 |110 -0.26502  2.59265e-05 |111 -0.24201 -6.73848e-05
Function minimizer not making progress ... is minimum attained?
Minimprove criterion = 0.0000e+00

 - final statistics:
111 variables; iteration 8; function evaluation 40
Function value 5.4093e+02; maximum gradient component mag 3.6400e-04
Exit code = 1;  converg criter 1.0000e-04
Var    Value     Gradient |Var    Value     Gradient |Var    Value     Gradient
  1 -0.42440 -2.26276e-04 |  2 -0.42177  1.40625e-04 |  3 -0.41240  1.28002e-06
  4 -0.39899 -1.72631e-05 |  5 -0.43644 -5.05530e-06 |  6  0.62278  3.64001e-04
  7  0.00011  8.58818e-07 |  8  0.00002  2.38137e-07 |  9  0.00003  2.86401e-07
 10  0.00004  3.43302e-07 | 11  0.00014 -1.09859e-05 | 12  0.00015 -1.09393e-05
 13  0.00016 -1.08816e-05 | 14  0.00017 -1.08106e-05 | 15  0.00019 -1.07236e-05
 16  0.00021 -1.06183e-05 | 17  0.00024 -1.04891e-05 | 18  0.00132 -1.03207e-05
 19  0.00031 -1.01482e-05 | 20  0.00036 -9.90368e-06 | 21  0.00042 -9.52873e-06
 22  0.00049 -9.01297e-06 | 23  0.00055 -8.09345e-06 | 24  0.00063 -6.62488e-06
 25  0.00073 -4.68665e-06 | 26  0.00087 -3.07149e-06 | 27  0.00154 -3.40764e-06
 28  0.00107 -6.12717e-06 | 29  0.00113 -8.81425e-06 | 30  0.00113 -9.99077e-06
 31  0.00243 -1.34247e-05 | 32  0.00060 -3.64335e-06 | 33  0.00008 -3.31489e-06
 34 -0.00072 -1.12361e-05 | 35 -0.00080 -7.08673e-06 | 36 -0.00218 -2.98117e-05
 37  0.00696 -1.55010e-06 | 38  0.01156 -2.42951e-06 | 39 -0.00593 -9.91463e-06
 40  0.00500 -1.09745e-05 | 41  0.01109 -1.06409e-05 | 42  0.00133 -1.02479e-05
 43 -0.00601 -1.57788e-05 | 44 -0.00772 -6.97185e-07 | 45  0.00279 -9.45525e-07
 46 -0.00514 -4.53261e-06 | 47 -0.00752 -5.40148e-06 | 48 -0.00033 -7.42304e-06
 49 -0.00968 -4.34188e-07 | 50 -0.00500 -1.15385e-05 | 51 -0.00389 -6.59865e-06
 52 -0.00268 -1.19932e-05 | 53 -0.00539 -4.09082e-06 | 54  0.01656 -1.54767e-06
 55 -0.00192 -1.00304e-06 | 56  0.00108 -1.67435e-05 | 57  0.00900  6.40412e-07
 58  0.00605  4.37442e-06 | 59  0.02197 -4.47913e-07 | 60  0.01076 -1.32870e-08
 61  0.00021 -8.43090e-06 | 62  0.00599  6.97596e-07 | 63  0.00754  9.76881e-06
 64  0.01206  1.31587e-06 | 65  0.00300 -3.34266e-06 | 66  0.00494  6.73668e-06
 67  0.03511  2.29090e-06 | 68  0.01719  1.19219e-05 | 69  0.00769  9.00479e-06
 70  0.02961  7.10844e-06 | 71 -0.02299 -7.37126e-06 | 72 -0.01231 -2.00582e-06
 73  0.03713  4.55777e-06 | 74  0.07123  1.83627e-05 | 75  0.01529  1.13355e-05
 76 -0.01599  1.34686e-05 | 77 -0.00814  4.99284e-05 | 78 -0.01285  5.05722e-06
 79 -0.00708  5.72083e-05 | 80 -0.01701  2.64326e-05 | 81  0.01917  5.69773e-05
 82 -0.06022  1.57406e-05 | 83  0.04641  1.61253e-04 | 84  0.00528  2.01291e-05
 85 -0.01080  7.72144e-05 | 86  0.01452  9.51034e-05 | 87  0.00923  7.51471e-05
 88 -0.03164 -4.36273e-05 | 89 -0.01132 -5.24579e-06 | 90 -0.02900 -2.95448e-05
 91 -0.01456 -6.60891e-05 | 92 -0.03549 -3.97530e-05 | 93  0.05556  1.54709e-05
 94  0.01456 -1.01891e-04 | 95 -0.02558 -2.09257e-05 | 96 -0.03915  4.20996e-05
 97 -0.00518 -3.26363e-05 | 98 -0.02873  2.87276e-05 | 99 -0.01044 -5.04132e-05
100 -0.03192 -9.70047e-06 |101  0.00691  1.16356e-06 |102 -0.03824 -3.48177e-06
103 -0.00381 -1.24396e-05 |104 -0.00032 -6.11171e-06 |105  0.00009 -1.11817e-05
106  0.00000  0.00000e+00 |107 -0.00135  3.30794e-05 |108 -0.00001  6.92981e-05
109 -0.39793 -1.43550e-04 |110 -0.26502  2.59265e-05 |111 -0.24201 -6.73848e-05
size of file gradfil1.tmp = 0
size of file gradfil2.tmp = 0
size of file varssave.tmp = 0
size of file cmpdiff.tmp = 0
