
Initial statistics: 1 variables; iteration 0; function evaluation 0; phase 1
Function value 8.1629265e+02; maximum gradient component mag 7.4700e+03
Var    Value     Gradient |Var    Value     Gradient |Var    Value     Gradient
  1  0.63197  7.46998e+03 |

 - final statistics:
1 variables; iteration 2; function evaluation 6
Function value 7.9706e+02; maximum gradient component mag 6.6413e+00
Exit code = 1;  converg criter 1.0000e+01
Var    Value     Gradient |Var    Value     Gradient |Var    Value     Gradient
  1  0.62770  6.64130e+00 |

Initial statistics: 98 variables; iteration 0; function evaluation 0; phase 2
Function value 7.9706463e+02; maximum gradient component mag -1.6086e+03
Var    Value     Gradient |Var    Value     Gradient |Var    Value     Gradient
  1  0.62770  6.64130e+00 |  2  0.00000 -4.29725e+00 |  3  0.00000 -5.12005e+00
  4  0.00000 -5.58262e+00 |  5  0.00000 -6.46593e+00 |  6  0.00000 -7.40298e+00
  7  0.00000 -8.55965e+00 |  8  0.00000 -9.90170e+00 |  9  0.00000 -1.14347e+01
 10  0.00000 -1.35022e+01 | 11  0.00000 -1.50316e+01 | 12  0.00000 -1.70207e+01
 13  0.00000 -1.91261e+01 | 14  0.00000 -2.14417e+01 | 15  0.00000 -2.44339e+01
 16  0.00000 -2.93083e+01 | 17  0.00000 -3.91812e+01 | 18  0.00000 -3.83948e+01
 19  0.00000 -2.69792e+01 | 20  0.00000 -4.93911e+01 | 21  0.00000 -4.22582e+01
 22  0.00000 -4.34632e+01 | 23  0.00000 -4.29174e+01 | 24  0.00000 -4.51391e+01
 25  0.00000 -4.98967e+01 | 26  0.00000 -5.56198e+01 | 27  0.00000 -4.29878e+01
 28  0.00000 -4.09625e+01 | 29  0.00000 -5.67651e+01 | 30  0.00000 -3.55913e+01
 31  0.00000 -4.37558e+01 | 32  0.00000 -4.91164e+01 | 33  0.00000 -4.38304e+01
 34  0.00000 -5.54048e+01 | 35  0.00000 -7.17131e+01 | 36  0.00000 -6.63395e+01
 37  0.00000 -8.61898e+01 | 38  0.00000 -7.68197e+01 | 39  0.00000 -4.49100e+01
 40  0.00000 -5.65320e+01 | 41  0.00000 -6.66080e+01 | 42  0.00000 -7.06416e+01
 43  0.00000 -7.02459e+01 | 44  0.00000 -9.92683e+01 | 45  0.00000 -1.13073e+02
 46  0.00000 -7.78207e+01 | 47  0.00000 -9.39509e+01 | 48  0.00000 -1.01638e+02
 49  0.00000 -1.01341e+02 | 50  0.00000 -6.81192e+01 | 51  0.00000 -1.01731e+02
 52  0.00000 -1.12848e+02 | 53  0.00000 -1.18021e+02 | 54  0.00000 -9.14234e+01
 55  0.00000 -1.32518e+02 | 56  0.00000 -8.86576e+01 | 57  0.00000 -1.01598e+02
 58  0.00000 -1.32586e+02 | 59  0.00000 -1.75077e+02 | 60  0.00000 -2.28869e+02
 61  0.00000 -1.75325e+02 | 62  0.00000 -1.36347e+01 | 63  0.00000 -1.65272e+02
 64  0.00000  4.58900e+00 | 65  0.00000 -1.63997e+02 | 66  0.00000 -2.86822e+02
 67  0.00000 -8.67648e+01 | 68  0.00000 -6.48448e+02 | 69  0.00000  8.20456e+02
 70  0.00000  5.22328e+02 | 71  0.00000  2.81143e+02 | 72  0.00000  1.73367e+02
 73  0.00000  1.06028e+03 | 74  0.00000  3.58377e+02 | 75  0.00000 -1.60862e+03
 76  0.00000  4.24932e+02 | 77  0.00000 -5.78666e+02 | 78  0.00000  2.17470e+02
 79  0.00000  6.36406e+02 | 80  0.00000  5.30671e+02 | 81  0.00000  9.45488e+02
 82  0.00000  5.79118e+02 | 83  0.00000 -1.50065e+02 | 84  0.00000  8.91253e+01
 85  0.00000  5.58681e+01 | 86  0.00000  3.96093e+02 | 87  0.00000  2.68800e+02
 88  0.00000  3.46544e+01 | 89  0.00000  6.10429e+02 | 90  0.00000  1.24254e+02
 91  0.00000 -2.98282e+02 | 92  0.00000  4.98589e+02 | 93  0.00000 -8.89018e+02
 94  0.00000 -1.59926e+01 | 95  0.00000 -1.17392e+00 | 96  0.00000 -1.53217e+00
 97 -0.03546 -9.80826e+01 | 98 -0.31026  1.00982e+02 |

Intermediate statistics: 98 variables; iteration 20; function evaluation 37; phase 2
Function value 6.1051684e+02; maximum gradient component mag 1.7278e+03
Var    Value     Gradient |Var    Value     Gradient |Var    Value     Gradient
  1  0.62134  1.72782e+03 |  2 -0.00338 -4.92174e+01 |  3 -0.00285 -4.79498e+01
  4 -0.00375 -4.83859e+01 |  5 -0.00385 -4.76650e+01 |  6 -0.00428 -4.72020e+01
  7 -0.00463 -4.64513e+01 |  8 -0.00504 -4.55832e+01 |  9 -0.00555 -4.46008e+01
 10 -0.00536 -4.24537e+01 | 11 -0.00691 -4.23130e+01 | 12 -0.00778 -4.10191e+01
 13 -0.00862 -3.94442e+01 | 14 -0.00921 -3.73488e+01 | 15 -0.00896 -3.42379e+01
 16 -0.00654 -2.87097e+01 | 17  0.00532 -9.80377e+00 | 18 -0.00010 -1.63561e+01
 19 -0.01132 -2.79462e+01 | 20  0.00792 -7.71336e+00 | 21  0.00069 -1.22075e+01
 22 -0.00098 -1.12859e+01 | 23 -0.00158 -1.26953e+01 | 24 -0.00222 -1.17292e+01
 25  0.00017 -7.01887e+00 | 26  0.00260 -3.38949e+00 | 27 -0.00894 -1.43775e+01
 28 -0.01075 -1.38927e+01 | 29 -0.00203 -6.09455e+00 | 30 -0.01190 -7.62403e+00
 31 -0.00843 -6.07282e+00 | 32 -0.00590 -3.16086e+00 | 33 -0.00899 -3.72374e+00
 34 -0.00737 -7.36531e+00 | 35 -0.00438 -1.37016e+01 | 36 -0.00346 -8.33095e+00
 37  0.02310  3.11063e+01 | 38  0.00463  8.14359e-01 | 39 -0.00542  8.05157e+00
 40 -0.00353  3.58068e+00 | 41  0.00463  1.07388e+01 | 42  0.00808  1.52695e+01
 43  0.00152  2.92663e+00 | 44  0.00743 -6.43584e+00 | 45  0.01068 -6.21771e+00
 46  0.00243 -6.26271e-01 | 47  0.01035  2.85741e+00 | 48  0.00743 -8.56311e+00
 49  0.00412 -1.22150e+01 | 50 -0.00081  9.91720e+00 | 51  0.00481 -1.25231e+01
 52  0.00883 -1.33894e+01 | 53  0.00695 -2.15294e+01 | 54 -0.00182 -1.05735e+01
 55  0.01816  8.01214e+00 | 56 -0.00401 -9.83874e+00 | 57  0.00463  2.78634e+00
 58  0.02246  3.08190e+01 | 59  0.02814  3.08286e+01 | 60  0.02315 -2.76436e+01
 61  0.01207 -2.84723e+01 | 62 -0.02533 -8.27646e+00 | 63  0.02038  4.68550e+01
 64 -0.01225  3.52394e+01 | 65  0.00424 -4.16411e+01 | 66  0.01188 -7.84571e+01
 67  0.00186  3.82664e+01 | 68  0.02282 -1.43989e+02 | 69 -0.01842  3.49848e+02
 70 -0.01381  2.23600e+02 | 71 -0.00121  1.88399e+02 | 72  0.00382  1.74627e+02
 73 -0.02469  3.82471e+02 | 74 -0.00390  1.49423e+02 | 75  0.03791 -6.81092e+02
 76 -0.01383  1.54230e+02 | 77  0.01627 -3.51939e+02 | 78 -0.00298  5.84023e+01
 79 -0.01130  1.97762e+02 | 80 -0.01074  1.70344e+02 | 81 -0.02258  2.63619e+02
 82 -0.01260  1.68034e+02 | 83  0.00588 -1.38081e+02 | 84  0.00118 -5.20349e+01
 85 -0.00162 -1.33571e+02 | 86 -0.00912  9.41566e+01 | 87 -0.00210  1.11284e+02
 88  0.00370 -3.95602e+01 | 89 -0.01545  2.02201e+02 | 90  0.00084  1.73272e-01
 91  0.01160 -1.73954e+02 | 92 -0.02498  1.62403e+02 | 93  0.03366 -4.25430e+02
 94  0.01488 -3.48362e+01 | 95 -0.00267 -5.08988e+01 | 96 -0.00257 -5.09642e+01
 97 -0.02280  7.55128e+01 | 98 -0.32040  5.07568e+01 |
98 variables; iteration 40; function evaluation 65; phase 2
Function value 5.7456660e+02; maximum gradient component mag 4.1305e+03
Var    Value     Gradient |Var    Value     Gradient |Var    Value     Gradient
  1  0.62039  4.13049e+03 |  2 -0.00403 -1.04448e+02 |  3 -0.00312 -1.00851e+02
  4 -0.00346 -9.84846e+01 |  5 -0.00295 -9.43198e+01 |  6 -0.00253 -8.95377e+01
  7 -0.00189 -8.35538e+01 |  8 -0.00112 -7.63275e+01 |  9 -0.00022 -6.76903e+01
 10  0.00068 -5.80765e+01 | 11  0.00176 -4.58819e+01 | 12  0.00261 -3.30666e+01
 13  0.00306 -2.00695e+01 | 14  0.00284 -8.31392e+00 | 15  0.00206  9.96998e-01
 16  0.00129  7.50030e+00 | 17  0.00031  6.23051e+00 | 18  0.00082  1.74128e+01
 19 -0.00522  1.11096e+01 | 20  0.00769  3.87084e+01 | 21  0.00230  3.85907e+01
 22  0.00050  4.60097e+01 | 23  0.00014  4.42627e+01 | 24 -0.00018  5.29889e+01
 25  0.00206  6.94202e+01 | 26  0.00574  9.12538e+01 | 27 -0.00856  4.85974e+01
 28 -0.01198  4.32934e+01 | 29 -0.00081  8.49837e+01 | 30 -0.01662  3.84070e+01
 31 -0.01317  5.01227e+01 | 32 -0.01025  6.14609e+01 | 33 -0.01570  4.43301e+01
 34 -0.00989  6.20201e+01 | 35 -0.00537  6.64247e+01 | 36 -0.00836  5.32737e+01
 37  0.01495  1.39480e+02 | 38 -0.00481  5.26083e+01 | 39 -0.01937  1.73321e+01
 40 -0.00514  6.62093e+01 | 41 -0.00675  3.83836e+01 | 42 -0.00615  3.01788e+01
 43 -0.00604  2.61156e+01 | 44  0.00571  4.49574e+01 | 45  0.01365  6.62741e+01
 46  0.00136  2.36115e+01 | 47  0.00889  2.85959e+01 | 48  0.01587  4.11467e+01
 49  0.01163  2.68152e+01 | 50  0.01422  7.28344e+01 | 51  0.01687  3.06303e+01
 52  0.02339  4.08543e+01 | 53  0.02520  4.19281e+01 | 54  0.01123  2.47131e+01
 55  0.02262  3.38646e+01 | 56  0.00394  5.37598e+00 | 57 -0.00066 -1.64758e+01
 58  0.01249  4.52712e+00 | 59  0.01373 -1.26890e+01 | 60  0.03189  5.19918e+01
 61  0.01639  1.28187e+01 | 62 -0.01504  1.61256e+01 | 63  0.01925  6.31603e+01
 64 -0.02139 -2.16460e+01 | 65  0.01052  3.36668e+01 | 66  0.01733  2.54134e+01
 67  0.00306  7.64174e+01 | 68  0.02486 -5.91279e+01 | 69 -0.03634  3.41463e-01
 70 -0.02627 -1.09285e+00 | 71 -0.00353  1.20590e+02 | 72  0.00064  8.21274e+01
 73 -0.04708 -2.29207e+01 | 74 -0.00874  1.96515e+00 | 75  0.06129  2.92517e+02
 76 -0.02758 -2.03903e+01 | 77  0.02719 -9.26274e+01 | 78 -0.00894 -6.32940e+01
 79 -0.02296 -1.04160e+02 | 80 -0.01751 -5.43667e+00 | 81 -0.03522 -2.67393e+01
 82 -0.01861  1.78819e+00 | 83  0.01139 -4.11093e+01 | 84  0.00620 -1.97831e+01
 85  0.00596 -2.47617e+01 | 86 -0.00935  2.92639e+01 | 87 -0.00899 -1.26292e+02
 88  0.00271 -1.55118e+02 | 89 -0.02671 -7.00510e+01 | 90  0.00012 -1.25217e+02
 91  0.02181 -9.00881e+01 | 92 -0.04766 -7.04069e+01 | 93  0.05411 -1.66692e+02
 94  0.00304 -1.24951e+02 | 95 -0.00491 -1.16134e+02 | 96 -0.00485 -1.16211e+02
 97 -0.01720  2.62472e+02 | 98 -0.31889  4.30459e+01 |
98 variables; iteration 60; function evaluation 97; phase 2
Function value 5.6918971e+02; maximum gradient component mag 7.6240e+02
Var    Value     Gradient |Var    Value     Gradient |Var    Value     Gradient
  1  0.61940  7.62403e+02 |  2  0.00150 -1.62173e+01 |  3  0.00046 -1.77214e+01
  4 -0.00076 -1.89662e+01 |  5 -0.00165 -1.98843e+01 |  6 -0.00214 -1.99893e+01
  7 -0.00197 -1.89525e+01 |  8 -0.00145 -1.72017e+01 |  9 -0.00118 -1.56365e+01
 10 -0.00144 -1.50717e+01 | 11 -0.00277 -1.53761e+01 | 12 -0.00395 -1.55269e+01
 13 -0.00444 -1.43368e+01 | 14 -0.00447 -1.23129e+01 | 15 -0.00449 -1.08970e+01
 16 -0.00399 -1.05816e+01 | 17 -0.00228 -1.37532e+01 | 18 -0.00262 -1.08364e+01
 19 -0.00830 -9.10427e+00 | 20  0.00341 -8.92670e+00 | 21 -0.00142 -7.26191e+00
 22 -0.00277 -6.04308e+00 | 23 -0.00259 -5.54262e+00 | 24 -0.00261 -4.14698e+00
 25 -0.00104 -2.53498e+00 | 26  0.00229  1.38216e+00 | 27 -0.00728 -2.44213e+00
 28 -0.00948 -2.38008e+00 | 29 -0.00089  2.47447e+00 | 30 -0.01277 -1.11561e+00
 31 -0.00900 -7.77070e-03 | 32 -0.00613  3.33985e+00 | 33 -0.00980  2.88606e+00
 34 -0.00526  6.55551e+00 | 35 -0.00171  5.73625e-01 | 36 -0.00033  4.90200e+00
 37  0.01478  1.41471e+01 | 38  0.00241  2.80275e+00 | 39 -0.01184  4.92204e+00
 40 -0.00407  1.38765e+01 | 41 -0.00116  5.17873e+00 | 42 -0.00021  4.29472e+00
 43 -0.00092  6.84812e+00 | 44  0.00908  7.78597e+00 | 45  0.01410  1.35028e+01
 46  0.00281  8.42271e+00 | 47  0.00914  8.05867e+00 | 48  0.01255  1.08150e+01
 49  0.00846  9.72558e+00 | 50 -0.00294  1.75491e+01 | 51  0.01187  1.09119e+01
 52  0.01736  1.28702e+01 | 53  0.01934  1.30630e+01 | 54  0.00510  1.70616e+01
 55  0.01854  1.37423e+01 | 56  0.00458  1.88143e+01 | 57  0.00845  2.03931e+01
 58  0.01954  2.56995e+01 | 59  0.02471  2.24511e+01 | 60  0.03254  2.16291e+01
 61  0.02203  2.46655e+01 | 62 -0.02021  2.36263e+01 | 63  0.01796  2.98014e+01
 64 -0.01685  2.56716e+01 | 65  0.01114  2.54213e+01 | 66  0.02112  3.86866e+01
 67 -0.00047  3.09044e+01 | 68  0.03028  2.75398e+01 | 69 -0.03831  1.04902e+01
 70 -0.02743  8.78840e+00 | 71 -0.00799  1.55878e+01 | 72 -0.00249  1.20025e+01
 73 -0.04988 -5.51127e+00 | 74 -0.00880  1.62331e+00 | 75  0.05875  2.92003e+01
 76 -0.02719  7.59847e+00 | 77  0.03073 -9.79462e+00 | 78 -0.00603  1.07212e+00
 79 -0.01981 -1.09748e+01 | 80 -0.01972 -8.03885e+00 | 81 -0.03748 -1.38191e+01
 82 -0.02226 -1.15711e+01 | 83  0.01145 -9.40122e+00 | 84  0.00480 -1.78801e+01
 85  0.00490 -6.61706e+00 | 86 -0.01607 -1.05035e+01 | 87 -0.00853 -3.32163e+01
 88  0.00748 -9.83281e+00 | 89 -0.02935 -1.79057e+01 | 90  0.00317 -1.41869e+01
 91  0.02063 -3.23890e+01 | 92 -0.05303 -1.21171e+01 | 93  0.05569 -2.76681e+01
 94  0.01023 -2.08846e+01 | 95  0.00072 -1.89960e+01 | 96  0.00022 -1.99397e+01
 97 -0.01356  5.29875e+01 | 98 -0.33169  4.99684e+00 |
Maximum number of function evaluations exceeded

 - final statistics:
98 variables; iteration 63; function evaluation 100
Function value 5.6918e+02; maximum gradient component mag 7.6797e+02
Exit code = 3;  converg criter 1.0000e+01
Var    Value     Gradient |Var    Value     Gradient |Var    Value     Gradient
  1  0.61938  7.67968e+02 |  2  0.00179 -1.58935e+01 |  3  0.00033 -1.80395e+01
  4 -0.00111 -1.96306e+01 |  5 -0.00185 -2.03266e+01 |  6 -0.00199 -1.98535e+01
  7 -0.00154 -1.83622e+01 |  8 -0.00117 -1.68254e+01 |  9 -0.00141 -1.60894e+01
 10 -0.00201 -1.60785e+01 | 11 -0.00317 -1.60883e+01 | 12 -0.00379 -1.52718e+01
 13 -0.00411 -1.37481e+01 | 14 -0.00437 -1.21163e+01 | 15 -0.00451 -1.08669e+01
 16 -0.00393 -1.03854e+01 | 17 -0.00187 -1.28914e+01 | 18 -0.00241 -1.03102e+01
 19 -0.00847 -9.34063e+00 | 20  0.00355 -8.49396e+00 | 21 -0.00142 -7.08234e+00
 22 -0.00271 -5.75548e+00 | 23 -0.00261 -5.40177e+00 | 24 -0.00268 -4.09907e+00
 25 -0.00120 -2.62430e+00 | 26  0.00222  1.49338e+00 | 27 -0.00731 -2.29017e+00
 28 -0.00948 -2.18870e+00 | 29 -0.00079  2.92812e+00 | 30 -0.01292 -1.24395e+00
 31 -0.00903  1.24791e-01 | 32 -0.00613  3.55905e+00 | 33 -0.00977  3.13556e+00
 34 -0.00520  6.87850e+00 | 35 -0.00186  3.95448e-01 | 36 -0.00026  5.24564e+00
 37  0.01465  1.41776e+01 | 38  0.00255  3.26165e+00 | 39 -0.01178  5.15849e+00
 40 -0.00420  1.36761e+01 | 41 -0.00114  5.35140e+00 | 42 -0.00016  4.50165e+00
 43 -0.00085  7.10280e+00 | 44  0.00929  8.40465e+00 | 45  0.01396  1.32292e+01
 46  0.00250  7.85499e+00 | 47  0.00918  8.21876e+00 | 48  0.01288  1.15261e+01
 49  0.00823  9.25252e+00 | 50 -0.00291  1.75985e+01 | 51  0.01211  1.14389e+01
 52  0.01729  1.27987e+01 | 53  0.01949  1.33676e+01 | 54  0.00495  1.66949e+01
 55  0.01863  1.40096e+01 | 56  0.00473  1.91330e+01 | 57  0.00861  2.06840e+01
 58  0.01917  2.46992e+01 | 59  0.02474  2.24970e+01 | 60  0.03257  2.18423e+01
 61  0.02201  2.45820e+01 | 62 -0.02024  2.34381e+01 | 63  0.01794  2.96328e+01
 64 -0.01686  2.55141e+01 | 65  0.01114  2.53546e+01 | 66  0.02109  3.81771e+01
 67 -0.00049  3.05200e+01 | 68  0.03028  2.73827e+01 | 69 -0.03833  1.01255e+01
 70 -0.02744  8.39880e+00 | 71 -0.00800  1.53076e+01 | 72 -0.00248  1.19124e+01
 73 -0.04988 -5.58095e+00 | 74 -0.00879  1.51862e+00 | 75  0.05876  2.94104e+01
 76 -0.02720  7.31837e+00 | 77  0.03074 -9.74887e+00 | 78 -0.00602  8.59003e-01
 79 -0.01980 -1.08612e+01 | 80 -0.01971 -8.18405e+00 | 81 -0.03749 -1.40540e+01
 82 -0.02226 -1.17510e+01 | 83  0.01145 -9.56540e+00 | 84  0.00483 -1.76901e+01
 85  0.00490 -6.85743e+00 | 86 -0.01607 -1.07409e+01 | 87 -0.00851 -3.29105e+01
 88  0.00748 -1.00559e+01 | 89 -0.02936 -1.81827e+01 | 90  0.00316 -1.44356e+01
 91  0.02064 -3.22962e+01 | 92 -0.05311 -1.26030e+01 | 93  0.05566 -2.79247e+01
 94  0.01000 -2.14391e+01 | 95  0.00098 -1.87570e+01 | 96 -0.00007 -2.05377e+01
 97 -0.01360  5.32293e+01 | 98 -0.33188  4.61172e+00 |

Initial statistics: 100 variables; iteration 0; function evaluation 0; phase 3
Function value 5.6917545e+02; maximum gradient component mag 7.6797e+02
Var    Value     Gradient |Var    Value     Gradient |Var    Value     Gradient
  1  0.61938  7.67968e+02 |  2  0.00179 -1.60441e+01 |  3  0.00033 -1.81900e+01
  4 -0.00111 -1.97811e+01 |  5 -0.00186 -2.04771e+01 |  6 -0.00199 -2.00040e+01
  7 -0.00155 -1.85127e+01 |  8 -0.00118 -1.69759e+01 |  9 -0.00142 -1.62399e+01
 10 -0.00201 -1.62290e+01 | 11 -0.00318 -1.62389e+01 | 12 -0.00379 -1.54223e+01
 13 -0.00411 -1.38986e+01 | 14 -0.00438 -1.22669e+01 | 15 -0.00451 -1.10175e+01
 16 -0.00393 -1.05359e+01 | 17 -0.00187 -1.30419e+01 | 18 -0.00241 -1.04608e+01
 19 -0.00847 -9.49115e+00 | 20  0.00355 -8.64450e+00 | 21 -0.00142 -7.23288e+00
 22 -0.00272 -5.90601e+00 | 23 -0.00261 -5.55231e+00 | 24 -0.00269 -4.24960e+00
 25 -0.00120 -2.77484e+00 | 26  0.00222  1.34285e+00 | 27 -0.00731 -2.44070e+00
 28 -0.00949 -2.33922e+00 | 29 -0.00080  2.77758e+00 | 30 -0.01292 -1.39445e+00
 31 -0.00904 -2.57307e-02 | 32 -0.00613  3.40852e+00 | 33 -0.00977  2.98504e+00
 34 -0.00521  6.72797e+00 | 35 -0.00186  2.44911e-01 | 36 -0.00026  5.09510e+00
 37  0.01465  1.40271e+01 | 38  0.00255  3.11112e+00 | 39 -0.01179  5.00798e+00
 40 -0.00420  1.35255e+01 | 41 -0.00114  5.20086e+00 | 42 -0.00016  4.35111e+00
 43 -0.00085  6.95226e+00 | 44  0.00929  8.25413e+00 | 45  0.01396  1.30787e+01
 46  0.00249  7.70446e+00 | 47  0.00917  8.06824e+00 | 48  0.01288  1.13756e+01
 49  0.00823  9.10200e+00 | 50 -0.00291  1.74480e+01 | 51  0.01211  1.12884e+01
 52  0.01729  1.26482e+01 | 53  0.01949  1.32171e+01 | 54  0.00495  1.65443e+01
 55  0.01863  1.38592e+01 | 56  0.00473  1.89825e+01 | 57  0.00860  2.05335e+01
 58  0.01917  2.45487e+01 | 59  0.02474  2.23465e+01 | 60  0.03257  2.16920e+01
 61  0.02201  2.44315e+01 | 62 -0.02024  2.32877e+01 | 63  0.01794  2.94823e+01
 64 -0.01686  2.53636e+01 | 65  0.01114  2.52040e+01 | 66  0.02109  3.80267e+01
 67 -0.00049  3.03695e+01 | 68  0.03028  2.72323e+01 | 69 -0.03833  9.97520e+00
 70 -0.02745  8.24840e+00 | 71 -0.00800  1.51571e+01 | 72 -0.00248  1.17618e+01
 73 -0.04988 -5.73102e+00 | 74 -0.00879  1.36809e+00 | 75  0.05876  2.92605e+01
 76 -0.02720  7.16797e+00 | 77  0.03074 -9.89923e+00 | 78 -0.00603  7.08473e-01
 79 -0.01980 -1.10117e+01 | 80 -0.01972 -8.33451e+00 | 81 -0.03749 -1.42043e+01
 82 -0.02226 -1.19014e+01 | 83  0.01145 -9.71591e+00 | 84  0.00482 -1.78406e+01
 85  0.00490 -7.00796e+00 | 86 -0.01608 -1.08914e+01 | 87 -0.00851 -3.30610e+01
 88  0.00748 -1.02065e+01 | 89 -0.02936 -1.83331e+01 | 90  0.00316 -1.45862e+01
 91  0.02063 -3.24467e+01 | 92 -0.05312 -1.27530e+01 | 93  0.05566 -2.80747e+01
 94  0.01000 -2.15897e+01 | 95  0.00098 -1.89075e+01 | 96 -0.00007 -2.06882e+01
 97 -0.01360  5.32293e+01 | 98 -0.41581 -4.09628e+01 | 99 -0.33188  4.61172e+00
100 -0.25275 -3.94940e+01 |

Intermediate statistics: 100 variables; iteration 20; function evaluation 25; phase 3
Function value 5.6764733e+02; maximum gradient component mag -6.8703e+02
Var    Value     Gradient |Var    Value     Gradient |Var    Value     Gradient
  1  0.61933 -6.87032e+02 |  2 -0.00040  1.71386e+01 |  3 -0.00023  1.64711e+01
  4 -0.00038  1.56650e+01 |  5 -0.00039  1.46212e+01 |  6 -0.00055  1.32808e+01
  7 -0.00079  1.15803e+01 |  8 -0.00109  9.58567e+00 |  9 -0.00137  7.41664e+00
 10 -0.00138  5.05615e+00 | 11 -0.00187  2.58113e+00 | 12 -0.00234 -3.16255e-01
 13 -0.00301 -3.55239e+00 | 14 -0.00369 -6.94153e+00 | 15 -0.00391 -1.03478e+01
 16 -0.00269 -1.38524e+01 | 17  0.00381 -1.75097e+01 | 18  0.00095 -1.91896e+01
 19 -0.00690 -1.62168e+01 | 20  0.00662 -2.36618e+01 | 21  0.00080 -2.32026e+01
 22 -0.00066 -2.53522e+01 | 23 -0.00101 -2.46009e+01 | 24 -0.00122 -2.66317e+01
 25  0.00049 -2.95233e+01 | 26  0.00149 -3.37137e+01 | 27 -0.00599 -2.67591e+01
 28 -0.00793 -2.55585e+01 | 29 -0.00023 -3.25106e+01 | 30 -0.01230 -2.28342e+01
 31 -0.00765 -2.50887e+01 | 32 -0.00646 -2.64353e+01 | 33 -0.01014 -2.24310e+01
 34 -0.00633 -2.36606e+01 | 35  0.00255 -2.34508e+01 | 36  0.00131 -2.28030e+01
 37  0.01115 -3.24157e+01 | 38  0.00691 -2.08378e+01 | 39 -0.01322 -1.01283e+01
 40 -0.00876 -1.14829e+01 | 41 -0.00009 -1.19295e+01 | 42  0.00138 -1.05446e+01
 43 -0.00189 -7.67124e+00 | 44  0.01210 -9.05654e+00 | 45  0.01433 -7.08775e+00
 46  0.00099 -1.78129e+00 | 47  0.00904 -2.82533e+00 | 48  0.01130 -2.05805e+00
 49  0.00889  2.54140e+00 | 50 -0.00910  8.45213e+00 | 51  0.01113  4.44904e+00
 52  0.01624  3.36168e+00 | 53  0.01869  3.75316e+00 | 54 -0.00056  9.29142e+00
 55  0.01910  9.29788e+00 | 56 -0.00293  1.03738e+01 | 57  0.00194  9.71292e+00
 58  0.01522  8.93782e+00 | 59  0.02505  1.17661e+01 | 60  0.03544  1.90528e+01
 61  0.02227  1.87817e+01 | 62 -0.02729  1.75963e+01 | 63  0.01888  2.49756e+01
 64 -0.02072  2.00471e+01 | 65  0.01150  2.35193e+01 | 66  0.02127  2.43380e+01
 67 -0.00105  2.92188e+01 | 68  0.03057  1.46726e+01 | 69 -0.03810  2.84423e+01
 70 -0.02771  2.46972e+01 | 71 -0.00746  2.91642e+01 | 72 -0.00220  2.93719e+01
 73 -0.04933  2.20305e+01 | 74 -0.00893  1.91821e+01 | 75  0.05931  9.02069e+00
 76 -0.02786  2.72812e+01 | 77  0.03112 -1.12996e+01 | 78 -0.00620  2.01367e+01
 79 -0.01885  2.31353e+01 | 80 -0.01966  2.14540e+01 | 81 -0.03660  2.25212e+01
 82 -0.02230  2.02968e+01 | 83  0.01226  2.17153e+01 | 84  0.00509  1.68515e+01
 85  0.00597  3.36908e+01 | 86 -0.01614  2.45110e+01 | 87 -0.00741  9.91301e+00
 88  0.00750  2.67189e+01 | 89 -0.02839  2.28909e+01 | 90  0.00301  2.38912e+01
 91  0.02185  1.41558e+01 | 92 -0.05464  2.16589e+01 | 93  0.05708  1.78270e+01
 94  0.00965  2.09133e+01 | 95  0.00004  2.11771e+01 | 96  0.00012  2.11929e+01
 97 -0.03642 -7.14846e+01 | 98 -0.42592  1.00102e+02 | 99 -0.29714  8.89559e+00
100 -0.23667 -1.74080e+01 |
100 variables; iteration 40; function evaluation 49; phase 3
Function value 5.6736914e+02; maximum gradient component mag -1.1280e+03
Var    Value     Gradient |Var    Value     Gradient |Var    Value     Gradient
  1  0.61886 -1.12801e+03 |  2 -0.00073  2.51615e+01 |  3 -0.00035  2.46410e+01
  4 -0.00029  2.39600e+01 |  5 -0.00014  2.29163e+01 |  6 -0.00029  2.13259e+01
  7 -0.00070  1.90699e+01 |  8 -0.00122  1.64222e+01 |  9 -0.00155  1.37795e+01
 10 -0.00139  1.11508e+01 | 11 -0.00167  8.40982e+00 | 12 -0.00210  4.95344e+00
 13 -0.00289  9.54164e-01 | 14 -0.00365 -3.17358e+00 | 15 -0.00377 -7.13837e+00
 16 -0.00212 -1.10051e+01 | 17  0.00410 -1.62871e+01 | 18  0.00184 -1.75566e+01
 19 -0.00655 -1.41966e+01 | 20  0.00706 -2.36197e+01 | 21  0.00157 -2.27570e+01
 22  0.00001 -2.54581e+01 | 23 -0.00032 -2.45482e+01 | 24 -0.00043 -2.70791e+01
 25  0.00154 -3.06870e+01 | 26  0.00156 -3.61672e+01 | 27 -0.00519 -2.77547e+01
 28 -0.00725 -2.66613e+01 | 29  0.00031 -3.55571e+01 | 30 -0.01145 -2.38170e+01
 31 -0.00680 -2.70797e+01 | 32 -0.00620 -2.92302e+01 | 33 -0.01012 -2.49158e+01
 34 -0.00749 -2.82429e+01 | 35  0.00433 -2.76781e+01 | 36  0.00238 -2.73870e+01
 37  0.00752 -4.05113e+01 | 38  0.01013 -2.48763e+01 | 39 -0.01363 -1.25636e+01
 40 -0.00850 -1.46482e+01 | 41  0.00089 -1.54913e+01 | 42  0.00283 -1.34684e+01
 43 -0.00232 -1.15226e+01 | 44  0.01222 -1.59085e+01 | 45  0.01330 -1.74676e+01
 46  0.00017 -6.90368e+00 | 47  0.00921 -8.23462e+00 | 48  0.01050 -8.67139e+00
 49  0.00848 -3.71957e+00 | 50 -0.01187  5.49331e-01 | 51  0.01051 -2.72848e+00
 52  0.01663 -3.40994e+00 | 53  0.01959 -2.94336e+00 | 54 -0.00005  6.40610e+00
 55  0.01910 -9.06270e-01 | 56 -0.00305  6.38178e+00 | 57  0.00220  5.25032e+00
 58  0.01396 -1.44938e+00 | 59  0.02485 -1.78539e+00 | 60  0.03384 -6.60601e+00
 61  0.02053 -3.46829e+00 | 62 -0.02767  1.39618e+01 | 63  0.01735  1.42327e-01
 64 -0.02200  9.70062e+00 | 65  0.01058 -7.59379e-02 | 66  0.02048 -6.01903e+00
 67 -0.00318 -6.03999e+00 | 68  0.03051 -1.03826e+01 | 69 -0.03889  1.84655e+01
 70 -0.02771  2.18245e+01 | 71 -0.00788  1.43695e+01 | 72 -0.00283  9.58455e+00
 73 -0.04953  2.19644e+01 | 74 -0.00905  1.05694e+01 | 75  0.05978 -3.88215e+00
 76 -0.02836  2.24420e+01 | 77  0.03216  8.56370e+00 | 78 -0.00571  2.73151e+01
 79 -0.01796  3.94803e+01 | 80 -0.01973  2.22671e+01 | 81 -0.03786  6.07682e+00
 82 -0.02285  1.50763e+01 | 83  0.01242  2.60106e+01 | 84  0.00521  2.03221e+01
 85  0.00580  3.03533e+01 | 86 -0.01722  1.54716e+01 | 87 -0.00687  2.69533e+01
 88  0.00779  3.80712e+01 | 89 -0.02833  3.07266e+01 | 90  0.00179  1.54436e+01
 91  0.02223  3.18302e+01 | 92 -0.05490  2.97902e+01 | 93  0.05719  3.09384e+01
 94  0.00954  3.02673e+01 | 95  0.00001  3.03733e+01 | 96  0.00014  3.04656e+01
 97 -0.03129 -8.09546e+01 | 98 -0.42445  1.06129e+02 | 99 -0.29765 -6.22436e-01
100 -0.23523 -1.77107e+00 |
100 variables; iteration 60; function evaluation 76; phase 3
Function value 5.6716025e+02; maximum gradient component mag -1.1405e+03
Var    Value     Gradient |Var    Value     Gradient |Var    Value     Gradient
  1  0.61903 -1.14052e+03 |  2 -0.00040  2.46079e+01 |  3 -0.00044  2.35099e+01
  4 -0.00047  2.27445e+01 |  5 -0.00022  2.19120e+01 |  6 -0.00031  2.04655e+01
  7 -0.00077  1.82338e+01 |  8 -0.00106  1.59986e+01 |  9 -0.00086  1.41526e+01
 10 -0.00056  1.18165e+01 | 11 -0.00116  8.77941e+00 | 12 -0.00145  5.62852e+00
 13 -0.00188  2.16987e+00 | 14 -0.00276 -1.97833e+00 | 15 -0.00316 -6.13500e+00
 16 -0.00183 -1.01816e+01 | 17  0.00497 -1.47721e+01 | 18  0.00098 -1.74290e+01
 19 -0.00622 -1.33200e+01 | 20  0.00786 -2.19930e+01 | 21  0.00138 -2.19942e+01
 22  0.00009 -2.44867e+01 | 23 -0.00035 -2.37595e+01 | 24 -0.00058 -2.63333e+01
 25  0.00025 -3.05861e+01 | 26  0.00294 -3.43633e+01 | 27 -0.00519 -2.71160e+01
 28 -0.00648 -2.54981e+01 | 29  0.00088 -3.45026e+01 | 30 -0.01158 -2.37933e+01
 31 -0.00696 -2.70363e+01 | 32 -0.00542 -2.85048e+01 | 33 -0.00987 -2.48477e+01
 34 -0.00644 -2.78949e+01 | 35  0.00202 -3.10281e+01 | 36  0.00226 -2.83764e+01
 37  0.01104 -4.05690e+01 | 38  0.00697 -2.81101e+01 | 39 -0.01392 -1.47325e+01
 40 -0.00946 -1.81528e+01 | 41 -0.00034 -1.91114e+01 | 42 -0.00011 -1.85553e+01
 43 -0.00244 -1.42474e+01 | 44  0.01151 -1.93301e+01 | 45  0.01444 -1.83284e+01
 46  0.00114 -8.46423e+00 | 47  0.00863 -1.12390e+01 | 48  0.01158 -1.07256e+01
 49  0.00750 -7.97794e+00 | 50 -0.01018  6.15380e-01 | 51  0.01047 -6.18586e+00
 52  0.01581 -7.67253e+00 | 53  0.01891 -7.38329e+00 | 54 -0.00017  2.93232e+00
 55  0.01862 -5.99335e+00 | 56 -0.00392  1.79218e+00 | 57  0.00022 -7.29861e-01
 58  0.01575 -3.21290e+00 | 59  0.02339 -1.00001e+01 | 60  0.03276 -1.65041e+01
 61  0.02047 -9.19929e+00 | 62 -0.02849  8.39961e+00 | 63  0.01596 -1.22808e+01
 64 -0.02164  6.90728e+00 | 65  0.01017 -7.76218e+00 | 66  0.02023 -1.32313e+01
 67 -0.00191  5.03005e+00 | 68  0.03060 -1.08706e+01 | 69 -0.03910  1.37802e+01
 70 -0.02847  1.00946e+01 | 71 -0.00807  9.31210e+00 | 72 -0.00279  8.31728e+00
 73 -0.04956  2.12976e+01 | 74 -0.00853  1.54534e+01 | 75  0.05959 -1.43993e+01
 76 -0.02890  1.59831e+01 | 77  0.03225  1.05287e+01 | 78 -0.00669  1.13479e+01
 79 -0.01938  1.34864e+01 | 80 -0.01980  2.00312e+01 | 81 -0.03630  3.16043e+01
 82 -0.02199  2.70977e+01 | 83  0.01208  1.84337e+01 | 84  0.00529  2.16711e+01
 85  0.00520  1.83568e+01 | 86 -0.01603  2.96392e+01 | 87 -0.00675  2.90924e+01
 88  0.00684  2.10685e+01 | 89 -0.02852  2.85527e+01 | 90  0.00321  3.23684e+01
 91  0.02227  3.05676e+01 | 92 -0.05482  2.83713e+01 | 93  0.05746  3.27032e+01
 94  0.00867  2.75368e+01 | 95  0.00049  2.98702e+01 | 96  0.00002  2.90420e+01
 97 -0.03254 -7.69287e+01 | 98 -0.42552  9.57894e+01 | 99 -0.29788 -5.04493e+00
100 -0.23404  8.63176e+00 |
Maximum number of function evaluations exceeded

 - final statistics:
100 variables; iteration 76; function evaluation 100
Function value 5.6702e+02; maximum gradient component mag -7.8456e+02
Exit code = 3;  converg criter 1.0000e+00
Var    Value     Gradient |Var    Value     Gradient |Var    Value     Gradient
  1  0.61918 -7.84565e+02 |  2  0.00100  1.85731e+01 |  3  0.00083  1.75396e+01
  4 -0.00004  1.58332e+01 |  5 -0.00057  1.42284e+01 |  6 -0.00058  1.33695e+01
  7 -0.00034  1.26567e+01 |  8 -0.00035  1.14321e+01 |  9 -0.00044  9.91493e+00
 10 -0.00069  7.67873e+00 | 11 -0.00144  5.34037e+00 | 12 -0.00190  3.00416e+00
 13 -0.00214  9.11975e-01 | 14 -0.00235 -1.30179e+00 | 15 -0.00252 -4.05448e+00
 16 -0.00190 -7.59150e+00 | 17  0.00468 -9.93749e+00 | 18  0.00171 -1.17263e+01
 19 -0.00570 -9.03370e+00 | 20  0.00739 -1.56262e+01 | 21  0.00154 -1.54140e+01
 22  0.00044 -1.68089e+01 | 23  0.00039 -1.59894e+01 | 24 -0.00055 -1.84269e+01
 25  0.00300 -1.91191e+01 | 26  0.00532 -2.18224e+01 | 27 -0.00455 -1.81483e+01
 28 -0.00794 -1.89886e+01 | 29  0.00089 -2.39836e+01 | 30 -0.01163 -1.67685e+01
 31 -0.00719 -1.88469e+01 | 32 -0.00584 -2.01644e+01 | 33 -0.00889 -1.63030e+01
 34 -0.00561 -1.89906e+01 | 35  0.00193 -2.13609e+01 | 36  0.00102 -1.98663e+01
 37  0.01496 -2.64386e+01 | 38  0.00321 -2.16207e+01 | 39 -0.01282 -9.30281e+00
 40 -0.00965 -1.41546e+01 | 41 -0.00180 -1.44938e+01 | 42  0.00179 -1.07904e+01
 43 -0.00245 -9.84606e+00 | 44  0.01110 -1.36539e+01 | 45  0.01189 -1.69085e+01
 46  0.00034 -6.85804e+00 | 47  0.00764 -8.87334e+00 | 48  0.01107 -7.84356e+00
 49  0.00778 -5.41523e+00 | 50 -0.00947  9.37335e-01 | 51  0.00972 -5.16187e+00
 52  0.01494 -5.99663e+00 | 53  0.01810 -5.58758e+00 | 54 -0.00299 -1.94504e+00
 55  0.01845 -3.57342e+00 | 56 -0.00372  1.12572e+00 | 57  0.00161  8.25223e-01
 58  0.01576 -1.27622e+00 | 59  0.02244 -9.26518e+00 | 60  0.03250 -1.24392e+01
 61  0.02028 -6.85389e+00 | 62 -0.02856  4.64880e+00 | 63  0.01569 -1.06584e+01
 64 -0.02147  4.99035e+00 | 65  0.01007 -6.10485e+00 | 66  0.02016 -9.72679e+00
 67 -0.00179  6.46425e+00 | 68  0.03052 -7.02009e+00 | 69 -0.03910  9.18373e+00
 70 -0.02851  5.67244e+00 | 71 -0.00812  5.87911e+00 | 72 -0.00280  6.02255e+00
 73 -0.04954  1.55317e+01 | 74 -0.00849  1.26465e+01 | 75  0.05950 -1.11568e+01
 76 -0.02900  9.21644e+00 | 77  0.03219  7.94929e+00 | 78 -0.00662  6.99763e+00
 79 -0.01951  4.99199e+00 | 80 -0.01956  1.69318e+01 | 81 -0.03547  3.59504e+01
 82 -0.02305  7.61160e+00 | 83  0.01205  1.20237e+01 | 84  0.00526  1.53553e+01
 85  0.00517  1.11273e+01 | 86 -0.01673  1.33233e+01 | 87 -0.00691  1.92119e+01
 88  0.00664  1.02044e+01 | 89 -0.02931  1.02974e+01 | 90  0.00401  3.41456e+01
 91  0.02213  1.96264e+01 | 92 -0.05486  1.89693e+01 | 93  0.05732  2.13989e+01
 94  0.00930  1.94451e+01 | 95  0.00046  2.04417e+01 | 96 -0.00036  1.90750e+01
 97 -0.03397 -5.22517e+01 | 98 -0.42632  6.42312e+01 | 99 -0.29781 -4.48132e+00
100 -0.23400  8.44115e+00 |

Initial statistics: 108 variables; iteration 0; function evaluation 0; phase 4
Function value 5.6702134e+02; maximum gradient component mag -1.4029e+03
Var    Value     Gradient |Var    Value     Gradient |Var    Value     Gradient
  1 -0.42263 -6.48138e+01 |  2 -0.42263 -1.40288e+03 |  3 -0.41094 -5.88202e+02
  4  0.61918 -7.84565e+02 |  5  0.00000 -1.51119e+01 |  6  0.00000 -1.16944e+00
  7  0.00000 -1.42419e+00 |  8  0.00000 -1.73264e+00 |  9  0.00000 -2.10528e+00
 10  0.00102  1.94604e+01 | 11  0.00085  1.84270e+01 | 12 -0.00002  1.67205e+01
 13 -0.00056  1.51158e+01 | 14 -0.00056  1.42568e+01 | 15 -0.00033  1.35441e+01
 16 -0.00033  1.23195e+01 | 17 -0.00042  1.08023e+01 | 18 -0.00067  8.56608e+00
 19 -0.00142  6.22773e+00 | 20 -0.00189  3.89151e+00 | 21 -0.00212  1.79932e+00
 22 -0.00233 -4.14442e-01 | 23 -0.00250 -3.16713e+00 | 24 -0.00188 -6.70415e+00
 25  0.00470 -9.05016e+00 | 26  0.00173 -1.08390e+01 | 27 -0.00568 -8.14638e+00
 28  0.00741 -1.47389e+01 | 29  0.00156 -1.45266e+01 | 30  0.00046 -1.59215e+01
 31  0.00041 -1.51020e+01 | 32 -0.00054 -1.75395e+01 | 33  0.00302 -1.82317e+01
 34  0.00534 -2.09351e+01 | 35 -0.00453 -1.72610e+01 | 36 -0.00793 -1.81013e+01
 37  0.00091 -2.30962e+01 | 38 -0.01161 -1.58814e+01 | 39 -0.00718 -1.79596e+01
 40 -0.00582 -1.92771e+01 | 41 -0.00887 -1.54157e+01 | 42 -0.00560 -1.81033e+01
 43  0.00194 -2.04736e+01 | 44  0.00104 -1.89789e+01 | 45  0.01498 -2.55515e+01
 46  0.00323 -2.07334e+01 | 47 -0.01280 -8.41564e+00 | 48 -0.00963 -1.32674e+01
 49 -0.00179 -1.36065e+01 | 50  0.00180 -9.90305e+00 | 51 -0.00243 -8.95872e+00
 52  0.01112 -1.27667e+01 | 53  0.01190 -1.60213e+01 | 54  0.00035 -5.97069e+00
 55  0.00766 -7.98605e+00 | 56  0.01109 -6.95634e+00 | 57  0.00779 -4.52794e+00
 58 -0.00945  1.82459e+00 | 59  0.00974 -4.27461e+00 | 60  0.01496 -5.10952e+00
 61  0.01812 -4.70058e+00 | 62 -0.00297 -1.05770e+00 | 63  0.01847 -2.68643e+00
 64 -0.00370  2.01306e+00 | 65  0.00163  1.71257e+00 | 66  0.01578 -3.89137e-01
 67  0.02246 -8.37836e+00 | 68  0.03251 -1.15530e+01 | 69  0.02030 -5.96698e+00
 70 -0.02854  5.53527e+00 | 71  0.01571 -9.77126e+00 | 72 -0.02146  5.87720e+00
 73  0.01008 -5.21760e+00 | 74  0.02018 -8.83987e+00 | 75 -0.00178  7.35161e+00
 76  0.03054 -6.13375e+00 | 77 -0.03908  1.00694e+01 | 78 -0.02849  6.55891e+00
 79 -0.00810  6.76639e+00 | 80 -0.00278  6.90989e+00 | 81 -0.04952  1.64164e+01
 82 -0.00848  1.35338e+01 | 83  0.05952 -1.02733e+01 | 84 -0.02899  1.01029e+01
 85  0.03220  8.83550e+00 | 86 -0.00660  7.88494e+00 | 87 -0.01949  5.87893e+00
 88 -0.01955  1.78188e+01 | 89 -0.03546  3.68364e+01 | 90 -0.02303  8.49838e+00
 91  0.01207  1.29109e+01 | 92  0.00528  1.62426e+01 | 93  0.00519  1.20146e+01
 94 -0.01672  1.42104e+01 | 95 -0.00689  2.00992e+01 | 96  0.00666  1.10917e+01
 97 -0.02929  1.11839e+01 | 98  0.00403  3.50329e+01 | 99  0.02215  2.05132e+01
100 -0.05485  1.98534e+01 |101  0.05733  2.22826e+01 |102  0.00931  2.03323e+01
103  0.00048  2.13291e+01 |104 -0.00034  1.99624e+01 |105 -0.03397 -5.22517e+01
106 -0.42632  6.42312e+01 |107 -0.29781 -4.48132e+00 |108 -0.23400  8.44115e+00

Intermediate statistics: 108 variables; iteration 20; function evaluation 23; phase 4
Function value 5.6630809e+02; maximum gradient component mag -1.0491e+03
Var    Value     Gradient |Var    Value     Gradient |Var    Value     Gradient
  1 -0.42870 -2.47278e+02 |  2 -0.42085 -1.04910e+03 |  3 -0.40850 -4.98960e+02
  4  0.61709 -6.62519e+02 |  5  0.00705 -2.97522e+00 |  6 -0.00004 -8.65934e-01
  7 -0.00005 -1.05513e+00 |  8 -0.00007 -1.28455e+00 |  9 -0.00008 -1.56229e+00
 10 -0.00007  1.57966e+01 | 11  0.00009  1.54357e+01 | 12 -0.00001  1.50830e+01
 13  0.00006  1.46121e+01 | 14 -0.00002  1.39228e+01 | 15 -0.00012  1.30559e+01
 16 -0.00022  1.20937e+01 | 17 -0.00034  1.09927e+01 | 18 -0.00021  9.80201e+00
 19 -0.00060  8.52613e+00 | 20 -0.00088  7.04454e+00 | 21 -0.00132  5.34427e+00
 22 -0.00178  3.54643e+00 | 23 -0.00182  1.77912e+00 | 24 -0.00054 -3.06026e-02
 25  0.00352 -3.98079e+00 | 26  0.00354 -3.28763e+00 | 27 -0.00470 -1.65036e+00
 28  0.00817 -6.75510e+00 | 29  0.00325 -5.01620e+00 | 30  0.00163 -7.07458e+00
 31  0.00125 -6.82866e+00 | 32  0.00155 -7.60163e+00 | 33  0.00195 -1.08897e+01
 34  0.00437 -1.29955e+01 | 35 -0.00399 -9.11097e+00 | 36 -0.00593 -8.23174e+00
 37  0.00206 -1.30105e+01 | 38 -0.01012 -7.30667e+00 | 39 -0.00651 -9.89101e+00
 40 -0.00481 -1.05647e+01 | 41 -0.00867 -9.08547e+00 | 42 -0.00527 -1.08746e+01
 43  0.00235 -1.26647e+01 | 44 -0.00025 -1.29931e+01 | 45  0.01065 -2.01034e+01
 46  0.00795 -1.12217e+01 | 47 -0.01271 -5.05675e+00 | 48 -0.00752 -5.51998e+00
 49 -0.00168 -8.64891e+00 | 50 -0.00183 -9.88405e+00 | 51 -0.00279 -6.59673e+00
 52  0.00918 -1.18702e+01 | 53  0.01366 -8.98995e+00 | 54 -0.00105 -5.23486e+00
 55  0.00607 -7.21306e+00 | 56  0.00902 -7.70862e+00 | 57  0.00760 -4.97665e+00
 58 -0.00997  1.46060e+00 | 59  0.00772 -5.34274e+00 | 60  0.01135 -7.18523e+00
 61  0.01690 -6.86901e+00 | 62 -0.00152  4.34400e-01 | 63  0.01590 -6.68029e+00
 64 -0.00452  9.85616e-01 | 65  0.00008 -1.17553e+00 | 66  0.01304 -5.83839e+00
 67  0.02264 -8.30077e+00 | 68  0.03203 -1.21216e+01 | 69  0.02033 -6.58374e+00
 70 -0.02776  5.26906e+00 | 71  0.01584 -9.39692e+00 | 72 -0.02176  2.17942e+00
 73  0.01018 -6.38133e+00 | 74  0.02009 -1.44371e+01 | 75 -0.00235 -1.60721e+00
 76  0.03145 -3.39954e+00 | 77 -0.03903  7.36159e+00 | 78 -0.02804  2.65069e+00
 79 -0.00860  4.02225e-01 | 80 -0.00231  4.83467e-01 | 81 -0.05010  1.14463e+01
 82 -0.00913 -6.49589e-01 | 83  0.05837 -4.69825e+01 | 84 -0.02829  4.40957e+00
 85  0.03183 -4.33042e+00 | 86 -0.00559  6.51840e+00 | 87 -0.01906  1.26257e+01
 88 -0.01938  8.94943e+00 | 89 -0.03689  1.99902e+01 | 90 -0.02252  6.10619e+00
 91  0.01170  1.07652e+01 | 92  0.00561  8.38387e+00 | 93  0.00575  3.10875e+01
 94 -0.01571  1.40165e+01 | 95 -0.00737  1.42675e+01 | 96  0.00783  1.32409e+01
 97 -0.02883  1.34268e+01 | 98  0.00333  1.51971e+01 | 99  0.02259  2.59452e+01
100 -0.05405  1.70226e+01 |101  0.05649  1.40760e+01 |102  0.01005  1.58545e+01
103  0.00005  1.78000e+01 |104  0.00017  1.79103e+01 |105 -0.04985 -5.44110e+01
106 -0.43316  6.26004e+01 |107 -0.29932  8.98096e-01 |108 -0.22657 -2.10395e+01
108 variables; iteration 40; function evaluation 44; phase 4
Function value 5.6602390e+02; maximum gradient component mag -5.0423e+02
Var    Value     Gradient |Var    Value     Gradient |Var    Value     Gradient
  1 -0.42736 -7.41709e+01 |  2 -0.42047 -5.04226e+02 |  3 -0.40844 -2.26486e+02
  4  0.61650 -3.67839e+02 |  5  0.00847  8.65160e-01 |  6 -0.00007 -5.64488e-01
  7 -0.00008 -6.87688e-01 |  8 -0.00010 -8.36992e-01 |  9 -0.00013 -1.01761e+00
 10 -0.00036  8.05552e+00 | 11 -0.00012  7.97741e+00 | 12 -0.00003  8.09105e+00
 13  0.00017  8.05110e+00 | 14  0.00006  7.58986e+00 | 15 -0.00012  6.92360e+00
 16 -0.00024  6.30504e+00 | 17 -0.00036  5.63415e+00 | 18 -0.00019  5.02399e+00
 19 -0.00055  4.32610e+00 | 20 -0.00085  3.43531e+00 | 21 -0.00131  2.36839e+00
 22 -0.00176  1.27776e+00 | 23 -0.00184  2.03656e-01 | 24 -0.00096 -1.28094e+00
 25  0.00545 -1.04903e+00 | 26  0.00229 -4.20448e+00 | 27 -0.00473 -1.80073e+00
 28  0.00831 -4.48890e+00 | 29  0.00244 -4.74307e+00 | 30  0.00123 -5.34373e+00
 31  0.00113 -4.89071e+00 | 32 -0.00007 -6.92022e+00 | 33  0.00407 -4.76802e+00
 34  0.00641 -6.02572e+00 | 35 -0.00396 -5.94956e+00 | 36 -0.00635 -5.67906e+00
 37  0.00232 -7.56155e+00 | 38 -0.00961 -3.90554e+00 | 39 -0.00619 -5.72160e+00
 40 -0.00474 -6.27374e+00 | 41 -0.00848 -5.42552e+00 | 42 -0.00505 -6.00436e+00
 43  0.00310 -6.39674e+00 | 44  0.00364 -2.74810e+00 | 45  0.00987 -1.35952e+01
 46  0.00573 -8.17155e+00 | 47 -0.01228 -2.25633e+00 | 48 -0.00806 -3.69959e+00
 49 -0.00246 -5.74308e+00 | 50  0.00035 -3.13233e+00 | 51 -0.00380 -4.90636e+00
 52  0.00864 -7.76333e+00 | 53  0.01190 -8.20866e+00 | 54 -0.00178 -4.05243e+00
 55  0.00529 -5.11181e+00 | 56  0.00887 -4.55353e+00 | 57  0.00744 -2.51393e+00
 58 -0.01061 -2.67706e-01 | 59  0.00687 -4.08002e+00 | 60  0.01178 -3.76103e+00
 61  0.01574 -4.94575e+00 | 62 -0.00087  2.30950e+00 | 63  0.01589 -3.29817e+00
 64 -0.00427  1.43907e+00 | 65  0.00070  1.05281e+00 | 66  0.01401 -9.36929e-01
 67  0.02200 -5.06674e+00 | 68  0.03144 -9.14578e+00 | 69  0.02008 -4.89214e+00
 70 -0.02805  2.33159e+00 | 71  0.01590 -5.92716e+00 | 72 -0.02181  8.48101e-01
 73  0.00992 -6.41252e+00 | 74  0.02017 -8.59158e+00 | 75 -0.00209  1.93754e+00
 76  0.03131 -4.12220e+00 | 77 -0.03896  3.78262e+00 | 78 -0.02826 -2.25092e+00
 79 -0.00852  2.73128e+00 | 80 -0.00250 -3.14064e+00 | 81 -0.05003  8.07055e+00
 82 -0.00947 -1.32534e+00 | 83  0.05877 -1.65563e+01 | 84 -0.02835  1.28248e+00
 85  0.03183 -9.65015e-01 | 86 -0.00536  6.01415e+00 | 87 -0.01910  6.88699e+00
 88 -0.01946  5.21071e+00 | 89 -0.03695  1.35546e+01 | 90 -0.02205  9.98811e+00
 91  0.01165  5.77019e+00 | 92  0.00551  4.02019e+00 | 93  0.00514  1.14102e+01
 94 -0.01553  8.79310e+00 | 95 -0.00747  6.31415e+00 | 96  0.00806  9.40953e+00
 97 -0.02861  7.29096e+00 | 98  0.00329  9.36295e+00 | 99  0.02258  1.23934e+01
100 -0.05344  1.17667e+01 |101  0.05684  1.02369e+01 |102  0.00978  8.86350e+00
103 -0.00007  9.57014e+00 |104  0.00030  1.00711e+01 |105 -0.04824 -2.86085e+01
106 -0.43284  3.42824e+01 |107 -0.30095 -1.95579e+00 |108 -0.22616 -4.84748e+00
108 variables; iteration 60; function evaluation 77; phase 4
Function value 5.6591815e+02; maximum gradient component mag -1.3405e+02
Var    Value     Gradient |Var    Value     Gradient |Var    Value     Gradient
  1 -0.42748 -4.43235e+00 |  2 -0.42033 -1.34047e+02 |  3 -0.40829 -5.52786e+01
  4  0.61639 -1.19277e+02 |  5  0.00615 -1.18642e+00 |  6  0.00001 -1.56595e-01
  7  0.00001 -1.90752e-01 |  8  0.00001 -2.32128e-01 |  9  0.00001 -2.82146e-01
 10  0.00012  2.82999e+00 | 11  0.00027  2.73797e+00 | 12  0.00009  2.60977e+00
 13  0.00009  2.47112e+00 | 14  0.00005  2.34908e+00 | 15  0.00005  2.21844e+00
 16  0.00002  2.04907e+00 | 17 -0.00004  1.84833e+00 | 18  0.00008  1.59059e+00
 19 -0.00032  1.31638e+00 | 20 -0.00058  1.02474e+00 | 21 -0.00090  7.33013e-01
 22 -0.00122  4.27513e-01 | 23 -0.00123  9.64336e-02 | 24 -0.00003 -2.16854e-01
 25  0.00487 -8.85545e-01 | 26  0.00396 -9.52134e-01 | 27 -0.00410 -5.73578e-01
 28  0.00913 -1.37313e+00 | 29  0.00357 -1.44714e+00 | 30  0.00230 -1.60463e+00
 31  0.00198 -1.55711e+00 | 32  0.00175 -1.87206e+00 | 33  0.00337 -2.26475e+00
 34  0.00565 -2.85771e+00 | 35 -0.00327 -1.96139e+00 | 36 -0.00579 -1.94955e+00
 37  0.00250 -2.81457e+00 | 38 -0.00993 -1.92820e+00 | 39 -0.00615 -2.23127e+00
 40 -0.00471 -2.41668e+00 | 41 -0.00843 -2.13284e+00 | 42 -0.00502 -2.27469e+00
 43  0.00250 -2.92518e+00 | 44 -0.00021 -3.28400e+00 | 45  0.01316 -3.13417e+00
 46  0.00554 -2.94264e+00 | 47 -0.01301 -1.46477e+00 | 48 -0.00819 -1.54091e+00
 49 -0.00223 -1.90646e+00 | 50 -0.00152 -2.26228e+00 | 51 -0.00346 -1.46928e+00
 52  0.00910 -2.11765e+00 | 53  0.01261 -2.14637e+00 | 54 -0.00156 -1.13946e+00
 55  0.00538 -1.51333e+00 | 56  0.00842 -1.67408e+00 | 57  0.00654 -1.33088e+00
 58 -0.01051 -2.81564e-02 | 59  0.00708 -1.11671e+00 | 60  0.01098 -1.53767e+00
 61  0.01572 -1.51284e+00 | 62 -0.00308 -6.70905e-01 | 63  0.01550 -1.41586e+00
 64 -0.00547 -2.19944e-01 | 65 -0.00065 -4.34001e-01 | 66  0.01268 -1.07325e+00
 67  0.02173 -1.47280e+00 | 68  0.03157 -2.31223e+00 | 69  0.01983 -1.84020e+00
 70 -0.02813  8.28339e-01 | 71  0.01594 -1.48484e+00 | 72 -0.02184  5.70935e-01
 73  0.01008 -1.31470e+00 | 74  0.02021 -2.03830e+00 | 75 -0.00252 -6.13760e-01
 76  0.03106 -2.52770e+00 | 77 -0.03889  1.29448e+00 | 78 -0.02802  1.39758e+00
 79 -0.00854  9.26281e-01 | 80 -0.00245  9.44653e-01 | 81 -0.05012  2.09914e+00
 82 -0.00951  1.47297e+00 | 83  0.05891 -9.81459e-01 | 84 -0.02821  1.71134e+00
 85  0.03188  3.08471e-01 | 86 -0.00568  1.19892e+00 | 87 -0.01906  2.10966e+00
 88 -0.01960  1.94689e+00 | 89 -0.03728  2.04656e+00 | 90 -0.02253  2.34213e+00
 91  0.01170  2.07930e+00 | 92  0.00545  2.31896e+00 | 93  0.00504  1.89293e+00
 94 -0.01571  2.52427e+00 | 95 -0.00722  2.86828e+00 | 96  0.00787  2.74381e+00
 97 -0.02824  3.16009e+00 | 98  0.00308  3.31539e+00 | 99  0.02268  2.74039e+00
100 -0.05408  2.79449e+00 |101  0.05713  3.11220e+00 |102  0.00993  3.08102e+00
103  0.00004  3.14502e+00 |104  0.00006  3.09366e+00 |105 -0.04677 -7.57729e+00
106 -0.43233  9.24178e+00 |107 -0.29117  5.83067e-01 |108 -0.21981 -3.80270e-01
Maximum number of function evaluations exceeded

 - final statistics:
108 variables; iteration 73; function evaluation 100
Function value 5.6591e+02; maximum gradient component mag -2.9181e+01
Exit code = 3;  converg criter 1.0000e+00
Var    Value     Gradient |Var    Value     Gradient |Var    Value     Gradient
  1 -0.42766 -1.84838e-01 |  2 -0.42050 -2.91809e+01 |  3 -0.40794 -1.18981e+01
  4  0.61654 -2.55478e+01 |  5  0.00641 -2.47447e-01 |  6  0.00003 -2.19196e-02
  7  0.00003 -2.70659e-02 |  8  0.00004 -3.34968e-02 |  9  0.00004 -4.15717e-02
 10  0.00015  6.75194e-01 | 11  0.00029  6.33080e-01 | 12  0.00011  5.71351e-01
 13  0.00013  5.28758e-01 | 14  0.00011  5.13881e-01 | 15  0.00011  4.93877e-01
 16  0.00009  4.59562e-01 | 17  0.00004  4.17557e-01 | 18  0.00019  3.82725e-01
 19 -0.00016  3.51284e-01 | 20 -0.00039  3.06873e-01 | 21 -0.00071  2.34618e-01
 22 -0.00103  1.54802e-01 | 23 -0.00101  9.31057e-02 | 24  0.00013 -3.73144e-02
 25  0.00509 -1.96343e-01 | 26  0.00427 -1.45218e-02 | 27 -0.00387 -4.48446e-02
 28  0.00938 -2.06123e-01 | 29  0.00389 -2.06979e-01 | 30  0.00249 -3.76904e-01
 31  0.00220 -3.14216e-01 | 32  0.00208 -2.78092e-01 | 33  0.00375 -2.92172e-01
 34  0.00610 -4.50364e-01 | 35 -0.00307 -3.59283e-01 | 36 -0.00554 -3.09096e-01
 37  0.00280 -4.56101e-01 | 38 -0.00962 -2.42116e-01 | 39 -0.00594 -3.82376e-01
 40 -0.00448 -3.84874e-01 | 41 -0.00818 -2.83951e-01 | 42 -0.00477 -2.82392e-01
 43  0.00266 -7.09758e-01 | 44  0.00032 -5.29181e-01 | 45  0.01272 -7.03488e-01
 46  0.00556 -5.79659e-01 | 47 -0.01288 -1.82391e-01 | 48 -0.00815 -2.69969e-01
 49 -0.00241 -4.40329e-01 | 50 -0.00149 -4.29932e-01 | 51 -0.00363 -2.61828e-01
 52  0.00885 -5.08033e-01 | 53  0.01244 -4.66628e-01 | 54 -0.00185 -2.92510e-01
 55  0.00500 -4.28365e-01 | 56  0.00814 -4.17993e-01 | 57  0.00630 -3.96451e-01
 58 -0.01073 -1.68011e-01 | 59  0.00675 -3.10599e-01 | 60  0.01071 -4.10322e-01
 61  0.01523 -4.55080e-01 | 62 -0.00317 -1.90608e-01 | 63  0.01525 -3.92966e-01
 64 -0.00575 -1.53149e-01 | 65 -0.00093 -1.88600e-01 | 66  0.01235 -3.59984e-01
 67  0.02143 -4.25574e-01 | 68  0.03132 -6.55988e-01 | 69  0.01968 -4.80250e-01
 70 -0.02825  1.69733e-01 | 71  0.01577 -4.13669e-01 | 72 -0.02199  6.39574e-03
 73  0.00998 -3.43431e-01 | 74  0.02013 -5.20023e-01 | 75 -0.00257 -1.97486e-01
 76  0.03101 -6.67362e-01 | 77 -0.03894  2.94245e-01 | 78 -0.02806  2.61404e-01
 79 -0.00860  1.36278e-01 | 80 -0.00249  1.78807e-01 | 81 -0.05018  3.95002e-01
 82 -0.00956  1.58145e-01 | 83  0.05883 -4.36389e-01 | 84 -0.02821  3.88913e-01
 85  0.03182 -2.10139e-02 | 86 -0.00569  2.92269e-01 | 87 -0.01913  4.17090e-01
 88 -0.01961  4.50723e-01 | 89 -0.03732  3.49078e-01 | 90 -0.02256  3.82002e-01
 91  0.01164  3.88186e-01 | 92  0.00542  4.74878e-01 | 93  0.00499  3.95933e-01
 94 -0.01572  5.77978e-01 | 95 -0.00729  6.34595e-01 | 96  0.00785  6.05950e-01
 97 -0.02830  8.14899e-01 | 98  0.00303  6.35181e-01 | 99  0.02263  6.48804e-01
100 -0.05403  6.21515e-01 |101  0.05706  7.18740e-01 |102  0.00995  7.33315e-01
103  0.00003  7.08649e-01 |104  0.00002  6.10331e-01 |105 -0.04726 -1.54366e+00
106 -0.43258  1.85148e+00 |107 -0.29164 -2.50454e-01 |108 -0.21922  6.47913e-01

Initial statistics: 111 variables; iteration 0; function evaluation 0; phase 5
Function value 5.6590945e+02; maximum gradient component mag 4.9212e+02
Var    Value     Gradient |Var    Value     Gradient |Var    Value     Gradient
  1 -0.42766 -1.84838e-01 |  2 -0.42050 -2.91809e+01 |  3 -0.40794 -1.18981e+01
  4 -0.41222  1.07838e+00 |  5 -0.41222  3.79930e+01 |  6  0.61654 -2.55478e+01
  7  0.00641 -2.47447e-01 |  8  0.00003 -2.19196e-02 |  9  0.00003 -2.70659e-02
 10  0.00004 -3.34968e-02 | 11  0.00004 -4.15717e-02 | 12  0.00015  6.77868e-01
 13  0.00029  6.35755e-01 | 14  0.00011  5.74025e-01 | 15  0.00013  5.31433e-01
 16  0.00011  5.16555e-01 | 17  0.00011  4.96552e-01 | 18  0.00009  4.62237e-01
 19  0.00004  4.20231e-01 | 20  0.00019  3.85400e-01 | 21 -0.00016  3.53959e-01
 22 -0.00039  3.09548e-01 | 23 -0.00071  2.37293e-01 | 24 -0.00103  1.57476e-01
 25 -0.00101  9.57805e-02 | 26  0.00013 -3.46395e-02 | 27  0.00509 -1.93668e-01
 28  0.00427 -1.18471e-02 | 29 -0.00387 -4.21698e-02 | 30  0.00938 -2.03449e-01
 31  0.00389 -2.04305e-01 | 32  0.00249 -3.74229e-01 | 33  0.00220 -3.11541e-01
 34  0.00208 -2.75417e-01 | 35  0.00375 -2.89497e-01 | 36  0.00610 -4.47690e-01
 37 -0.00307 -3.56608e-01 | 38 -0.00554 -3.06421e-01 | 39  0.00280 -4.53427e-01
 40 -0.00962 -2.39441e-01 | 41 -0.00594 -3.79701e-01 | 42 -0.00448 -3.82199e-01
 43 -0.00818 -2.81276e-01 | 44 -0.00477 -2.79717e-01 | 45  0.00266 -7.07083e-01
 46  0.00032 -5.26506e-01 | 47  0.01272 -7.00814e-01 | 48  0.00556 -5.76984e-01
 49 -0.01288 -1.79716e-01 | 50 -0.00815 -2.67294e-01 | 51 -0.00241 -4.37655e-01
 52 -0.00149 -4.27257e-01 | 53 -0.00363 -2.59153e-01 | 54  0.00885 -5.05359e-01
 55  0.01245 -4.63954e-01 | 56 -0.00185 -2.89835e-01 | 57  0.00500 -4.25690e-01
 58  0.00814 -4.15318e-01 | 59  0.00630 -3.93776e-01 | 60 -0.01073 -1.65337e-01
 61  0.00675 -3.07925e-01 | 62  0.01071 -4.07647e-01 | 63  0.01523 -4.52406e-01
 64 -0.00317 -1.87933e-01 | 65  0.01525 -3.90292e-01 | 66 -0.00575 -1.50475e-01
 67 -0.00093 -1.85925e-01 | 68  0.01235 -3.57310e-01 | 69  0.02143 -4.22901e-01
 70  0.03132 -6.53316e-01 | 71  0.01968 -4.77576e-01 | 72 -0.02825  1.72405e-01
 73  0.01577 -4.10995e-01 | 74 -0.02199  9.06897e-03 | 75  0.00998 -3.40757e-01
 76  0.02013 -5.17350e-01 | 77 -0.00257 -1.94811e-01 | 78  0.03101 -6.64691e-01
 79 -0.03894  2.96914e-01 | 80 -0.02806  2.64077e-01 | 81 -0.00860  1.38952e-01
 82 -0.00249  1.81482e-01 | 83 -0.05018  3.97669e-01 | 84 -0.00956  1.60819e-01
 85  0.05883 -4.33726e-01 | 86 -0.02821  3.91585e-01 | 87  0.03182 -1.83425e-02
 88 -0.00569  2.94944e-01 | 89 -0.01913  4.19764e-01 | 90 -0.01961  4.53397e-01
 91 -0.03732  3.51749e-01 | 92 -0.02256  3.84675e-01 | 93  0.01164  3.90861e-01
 94  0.00542  4.77553e-01 | 95  0.00499  3.98607e-01 | 96 -0.01572  5.80652e-01
 97 -0.00729  6.37270e-01 | 98  0.00785  6.08625e-01 | 99 -0.02830  8.17572e-01
100  0.00303  6.37855e-01 |101  0.02263  6.51477e-01 |102 -0.05403  6.24181e-01
103  0.05706  7.21404e-01 |104  0.00995  7.35990e-01 |105  0.00003  7.11324e-01
106  0.00002  6.13006e-01 |107  0.00000  4.92120e+02 |108 -0.04726 -1.54366e+00
109 -0.43258  1.85148e+00 |110 -0.29164 -2.50454e-01 |111 -0.21922  6.47913e-01

Intermediate statistics: 111 variables; iteration 20; function evaluation 23; phase 5
Function value 5.6444629e+02; maximum gradient component mag 1.8575e+02
Var    Value     Gradient |Var    Value     Gradient |Var    Value     Gradient
  1 -0.42527 -1.24708e+01 |  2 -0.41718  1.44660e+02 |  3 -0.41431  9.80236e+01
  4 -0.39662  4.43695e+00 |  5 -0.46457  1.23333e+01 |  6  0.61760  1.19520e+02
  7  0.00637 -2.98681e-01 |  8  0.00003 -1.18442e-02 |  9  0.00004 -1.48851e-02
 10  0.00004 -1.88460e-02 | 11  0.00005 -2.40628e-02 | 12  0.00009 -3.65010e+00
 13  0.00022 -3.70996e+00 | 14  0.00002 -3.80170e+00 | 15  0.00003 -3.85576e+00
 16  0.00000 -3.85676e+00 | 17  0.00000 -3.86197e+00 | 18 -0.00003 -3.88663e+00
 19 -0.00009 -3.92081e+00 | 20  0.00004 -3.93974e+00 | 21 -0.00035 -3.95974e+00
 22 -0.00065 -4.01747e+00 | 23 -0.00108 -4.15434e+00 | 24 -0.00155 -4.34758e+00
 25 -0.00168 -4.55384e+00 | 26 -0.00056 -4.79757e+00 | 27  0.00541 -4.27521e+00
 28  0.00484 -3.37260e+00 | 29 -0.00433 -4.45184e+00 | 30  0.00826 -5.05212e+00
 31  0.00433 -4.10303e+00 | 32  0.00182 -4.91357e+00 | 33  0.00154 -4.81473e+00
 34  0.00165 -4.56823e+00 | 35  0.00371 -4.22384e+00 | 36  0.00594 -4.32568e+00
 37 -0.00359 -4.63170e+00 | 38 -0.00601 -4.71315e+00 | 39  0.00307 -4.29497e+00
 40 -0.00997 -4.21690e+00 | 41 -0.00687 -4.78190e+00 | 42 -0.00459 -4.57299e+00
 43 -0.00876 -4.57365e+00 | 44 -0.00564 -5.62390e+00 | 45  0.00171 -6.22464e+00
 46 -0.00053 -5.61954e+00 | 47  0.01500 -3.44835e+00 | 48  0.00541 -3.88535e+00
 49 -0.01336 -4.76829e+00 | 50 -0.00855 -5.51951e+00 | 51 -0.00269 -5.02975e+00
 52 -0.00109 -4.52673e+00 | 53 -0.00454 -5.24726e+00 | 54  0.00880 -5.83287e+00
 55  0.01243 -5.98905e+00 | 56 -0.00228 -5.12103e+00 | 57  0.00457 -5.63461e+00
 58  0.00857 -5.12750e+00 | 59  0.00597 -5.85004e+00 | 60 -0.01108 -6.49319e+00
 61  0.00532 -6.85216e+00 | 62  0.01035 -6.72651e+00 | 63  0.01556 -5.25284e+00
 64 -0.00464 -6.88473e+00 | 65  0.01318 -9.14930e+00 | 66 -0.00610 -6.31973e+00
 67 -0.00123 -6.69799e+00 | 68  0.01104 -8.29033e+00 | 69  0.01995 -1.10306e+01
 70  0.02994 -1.30729e+01 | 71  0.01888 -9.80258e+00 | 72 -0.02867 -6.35548e+00
 73  0.01555 -9.90788e+00 | 74 -0.02210 -6.20461e+00 | 75  0.01035 -5.54563e-01
 76  0.02102  7.86765e+00 | 77 -0.00140  7.64896e+00 | 78  0.03148  1.91332e+00
 79 -0.03726  1.34979e+01 | 80 -0.02698  7.84953e+00 | 81 -0.00736  1.42259e+01
 82 -0.00207  9.39969e+00 | 83 -0.04833  1.58615e+01 | 84 -0.01038  5.34522e+00
 85  0.06055  1.19188e+02 | 86 -0.02883  8.63622e+00 | 87  0.03201  3.34766e+01
 88 -0.00611  4.17381e+00 | 89 -0.01857  8.24616e+00 | 90 -0.01983  5.07278e+00
 91 -0.03567  1.54850e+01 | 92 -0.02225  6.37367e+00 | 93  0.01272  1.79530e+01
 94  0.00530  1.05136e+01 | 95  0.00632  1.36463e+01 | 96 -0.01584 -4.45417e+00
 97 -0.00541  5.51322e+00 | 98  0.00934  5.82023e+00 | 99 -0.02536  1.12802e+01
100  0.00399 -1.17227e+01 |101  0.02554  4.80071e+00 |102 -0.05809 -2.91584e+01
103  0.06080  5.29374e+00 |104  0.00912 -6.92797e+00 |105 -0.00004 -3.64780e+00
106 -0.00011 -3.82828e+00 |107 -0.00195  1.85746e+02 |108 -0.04356  5.83373e+00
109 -0.43030 -4.59041e+00 |110 -0.29945  1.40666e+01 |111 -0.23545 -2.67604e+01
111 variables; iteration 40; function evaluation 45; phase 5
Function value 5.6399235e+02; maximum gradient component mag -6.3266e+01
Var    Value     Gradient |Var    Value     Gradient |Var    Value     Gradient
  1 -0.42430 -3.71911e+01 |  2 -0.41502 -6.32659e+01 |  3 -0.41807 -1.95286e+01
  4 -0.39543 -1.92090e+00 |  5 -0.48040  4.13570e+00 |  6  0.61712 -4.31842e+01
  7  0.00640 -4.70021e-01 |  8  0.00002 -7.74103e-02 |  9  0.00002 -9.45005e-02
 10  0.00002 -1.15328e-01 | 11  0.00003 -1.40698e-01 | 12  0.00007  7.76364e-01
 13  0.00021  7.20784e-01 | 14  0.00004  6.48201e-01 | 15  0.00006  5.79843e-01
 16  0.00002  5.20536e-01 | 17  0.00000  4.48672e-01 | 18 -0.00004  3.57708e-01
 19 -0.00011  2.49992e-01 | 20 -0.00000  1.30814e-01 | 21 -0.00043  2.31829e-03
 22 -0.00075 -1.53920e-01 | 23 -0.00118 -3.46886e-01 | 24 -0.00162 -5.65039e-01
 25 -0.00173 -7.88135e-01 | 26 -0.00054 -1.03282e+00 | 27  0.00532 -1.22363e+00
 28  0.00436 -8.71756e-01 | 29 -0.00451 -1.11440e+00 | 30  0.00812 -1.89030e+00
 31  0.00416 -1.12348e+00 | 32  0.00170 -1.79278e+00 | 33  0.00139 -1.73105e+00
 34  0.00141 -1.78124e+00 | 35  0.00336 -1.87116e+00 | 36  0.00554 -2.13518e+00
 37 -0.00385 -1.93682e+00 | 38 -0.00617 -1.95326e+00 | 39  0.00295 -2.20408e+00
 40 -0.01037 -1.69024e+00 | 41 -0.00718 -2.18374e+00 | 42 -0.00477 -2.23212e+00
 43 -0.00910 -2.13275e+00 | 44 -0.00554 -2.57531e+00 | 45  0.00180 -2.92552e+00
 46 -0.00042 -2.83266e+00 | 47  0.01501 -2.32153e+00 | 48  0.00467 -2.54172e+00
 49 -0.01361 -2.02806e+00 | 50 -0.00848 -2.26261e+00 | 51 -0.00270 -2.43646e+00
 52 -0.00115 -2.25938e+00 | 53 -0.00467 -2.35705e+00 | 54  0.00899 -3.30776e+00
 55  0.01217 -3.91019e+00 | 56 -0.00234 -2.44960e+00 | 57  0.00468 -2.94496e+00
 58  0.00854 -2.95501e+00 | 59  0.00591 -3.10846e+00 | 60 -0.01042 -1.57639e+00
 61  0.00559 -3.42777e+00 | 62  0.01054 -4.13628e+00 | 63  0.01551 -3.20095e+00
 64 -0.00428 -2.73483e+00 | 65  0.01525 -4.51272e-01 | 66 -0.00532 -1.52573e+00
 67 -0.00037 -2.22608e+00 | 68  0.01133 -4.90277e+00 | 69  0.01916 -1.08245e+01
 70  0.03139 -4.85631e+00 | 71  0.01953 -4.88796e+00 | 72 -0.02941 -5.35005e+00
 73  0.01625 -5.77026e+00 | 74 -0.02149 -2.11061e+00 | 75  0.01025 -1.09231e+00
 76  0.02061 -5.50814e-01 | 77 -0.00207 -3.57801e+00 | 78  0.03194 -7.10241e-01
 79 -0.03787  4.86973e+00 | 80 -0.02688  2.92940e+00 | 81 -0.00745  7.01259e+00
 82 -0.00188  2.88330e+00 | 83 -0.04937  2.80902e+00 | 84 -0.01032 -3.40567e+00
 85  0.05932  4.22043e+01 | 86 -0.02752  1.37189e+01 | 87  0.03159  1.28113e+01
 88 -0.00585 -3.63737e+00 | 89 -0.01847  8.18835e+00 | 90 -0.02048 -1.09175e+01
 91 -0.03637  5.48361e+00 | 92 -0.02222 -1.16104e+00 | 93  0.01238  6.91782e+00
 94  0.00573  1.28775e+01 | 95  0.00600  6.52870e+00 | 96 -0.01530  7.98471e-01
 97 -0.00550  6.93791e+00 | 98  0.00944  5.80692e+00 | 99 -0.02639  3.08029e+00
100  0.00445 -6.34083e+00 |101  0.02494  4.01622e+00 |102 -0.05542 -1.43813e+01
103  0.06028  8.51589e+00 |104  0.00970 -6.49713e-01 |105 -0.00002  9.37744e-01
106 -0.00001  8.75821e-01 |107 -0.00199  2.22914e+01 |108 -0.04369 -3.40016e+00
109 -0.43066  3.77676e+00 |110 -0.30954  4.63342e+00 |111 -0.24026 -1.29672e+01
111 variables; iteration 60; function evaluation 76; phase 5
Function value 5.6383420e+02; maximum gradient component mag -1.1268e+02
Var    Value     Gradient |Var    Value     Gradient |Var    Value     Gradient
  1 -0.42304 -2.25889e+01 |  2 -0.41316 -1.12679e+02 |  3 -0.42156 -4.82774e+01
  4 -0.39346 -2.12754e+00 |  5 -0.49523 -8.30676e-01 |  6  0.61685 -8.60508e+01
  7  0.00634 -4.82299e-01 |  8  0.00002 -6.22550e-02 |  9  0.00002 -7.62266e-02
 10  0.00002 -9.33837e-02 | 11  0.00003 -1.14479e-01 | 12  0.00005  2.07989e+00
 13  0.00019  2.01197e+00 | 14 -0.00000  1.91767e+00 | 15  0.00001  1.84441e+00
 16 -0.00003  1.80186e+00 | 17 -0.00004  1.74814e+00 | 18 -0.00008  1.67217e+00
 19 -0.00016  1.57985e+00 | 20 -0.00006  1.48620e+00 | 21 -0.00048  1.38708e+00
 22 -0.00082  1.25347e+00 | 23 -0.00129  1.05564e+00 | 24 -0.00178  8.04504e-01
 25 -0.00199  4.89987e-01 | 26 -0.00085  2.04784e-01 | 27  0.00551  4.92674e-01
 28  0.00409  3.25404e-01 | 29 -0.00463  4.31077e-01 | 30  0.00856  7.35686e-01
 31  0.00421  5.87284e-01 | 32  0.00179  1.87342e-01 | 33  0.00147  2.28604e-01
 34  0.00148  1.25445e-01 | 35  0.00341 -6.33259e-02 | 36  0.00575  2.75248e-02
 37 -0.00390 -1.82014e-01 | 38 -0.00613 -1.65030e-01 | 39  0.00324 -2.37755e-01
 40 -0.00995  8.87934e-01 | 41 -0.00702  7.33542e-02 | 42 -0.00433  1.64115e-01
 43 -0.00855  7.32725e-01 | 44 -0.00529 -4.66807e-01 | 45  0.00215 -3.47562e-01
 46 -0.00111 -2.14658e+00 | 47  0.01539 -7.66352e-01 | 48  0.00412 -1.42182e+00
 49 -0.01387 -7.37976e-01 | 50 -0.00881 -1.37211e+00 | 51 -0.00265 -7.07911e-01
 52 -0.00096 -4.51416e-01 | 53 -0.00483 -7.04856e-01 | 54  0.00852 -2.92884e+00
 55  0.01136 -4.30734e+00 | 56 -0.00264 -1.43475e+00 | 57  0.00462 -1.63396e+00
 58  0.00806 -2.52058e+00 | 59  0.00512 -3.04615e+00 | 60 -0.01108 -1.50885e+00
 61  0.00593 -1.15081e+00 | 62  0.01186 -1.23726e+00 | 63  0.01412 -3.72319e+00
 64 -0.00494 -2.28432e+00 | 65  0.01435 -3.30810e-01 | 66 -0.00606 -1.66135e+00
 67 -0.00054 -1.47842e+00 | 68  0.01167 -1.97830e+00 | 69  0.02138 -2.29471e+00
 70  0.03112 -3.06666e+00 | 71  0.01972 -2.30349e+00 | 72 -0.02777  4.86239e-01
 73  0.01662 -2.77737e+00 | 74 -0.02090  9.28397e-01 | 75  0.00999 -1.89587e+00
 76  0.02025 -4.81556e+00 | 77 -0.00199 -4.00949e+00 | 78  0.03198 -3.48647e+00
 79 -0.03799  2.33194e+00 | 80 -0.02686  3.54123e-01 | 81 -0.00755  7.10725e-01
 82 -0.00190 -5.83462e-01 | 83 -0.04945  9.32587e-01 | 84 -0.00989 -3.34605e-01
 85  0.05859  9.00234e-01 | 86 -0.02836  2.50733e+00 | 87  0.03121  3.03765e-01
 88 -0.00534 -1.18645e+00 | 89 -0.01880  1.74209e+00 | 90 -0.01960 -2.77478e-01
 91 -0.03654  2.23477e+00 | 92 -0.02185  1.82523e-01 | 93  0.01231  1.49227e+00
 94  0.00514  2.02771e+00 | 95  0.00586  1.92045e+00 | 96 -0.01541 -2.45550e-01
 97 -0.00570  2.58728e+00 | 98  0.00923  1.92352e+00 | 99 -0.02670  8.56204e-01
100  0.00514  2.49503e+00 |101  0.02468  3.07065e+00 |102 -0.05231  4.21390e-01
103  0.06005  3.98017e+00 |104  0.00962  1.06677e+00 |105 -0.00004  2.20085e+00
106 -0.00008  2.06302e+00 |107 -0.00194 -3.38520e+01 |108 -0.04233 -5.37529e+00
109 -0.43013  6.24524e+00 |110 -0.31218  9.77679e-01 |111 -0.24302 -3.37683e+00
111 variables; iteration 80; function evaluation 112; phase 5
Function value 5.6381313e+02; maximum gradient component mag -1.4558e+01
Var    Value     Gradient |Var    Value     Gradient |Var    Value     Gradient
  1 -0.42214 -1.88199e+00 |  2 -0.41236 -1.45580e+01 |  3 -0.42319 -6.36350e+00
  4 -0.39278 -2.27705e-01 |  5 -0.50021 -2.23050e-01 |  6  0.61677 -1.14436e+01
  7  0.00639 -6.48401e-02 |  8  0.00001 -1.20165e-02 |  9  0.00001 -1.47565e-02
 10  0.00001 -1.81284e-02 | 11  0.00001 -2.22752e-02 | 12  0.00005  2.93424e-01
 13  0.00021  2.86416e-01 | 14  0.00005  2.78357e-01 | 15  0.00007  2.70214e-01
 16  0.00002  2.61142e-01 | 17 -0.00001  2.49727e-01 | 18 -0.00006  2.35854e-01
 19 -0.00014  2.19374e-01 | 20 -0.00005  2.00944e-01 | 21 -0.00050  1.84911e-01
 22 -0.00084  1.70493e-01 | 23 -0.00128  1.48789e-01 | 24 -0.00173  1.23290e-01
 25 -0.00187  5.97811e-02 | 26 -0.00061  1.14654e-01 | 27  0.00539  8.63768e-03
 28  0.00400  1.33053e-02 | 29 -0.00466  5.05932e-02 | 30  0.00806  1.43769e-02
 31  0.00388 -1.80598e-02 | 32  0.00157 -9.89073e-03 | 33  0.00125  1.07952e-02
 34  0.00125  9.09660e-04 | 35  0.00319 -3.53091e-02 | 36  0.00537  3.55183e-02
 37 -0.00405 -6.47304e-02 | 38 -0.00625 -3.42563e-02 | 39  0.00293 -8.96246e-02
 40 -0.01068 -2.64995e-02 | 41 -0.00744 -6.26869e-02 | 42 -0.00482 -8.74514e-02
 43 -0.00935 -6.52250e-02 | 44 -0.00550 -3.88480e-02 | 45  0.00160 -1.41323e-01
 46 -0.00038 -8.63307e-02 | 47  0.01474 -2.14038e-01 | 48  0.00414 -1.66202e-01
 49 -0.01379  1.92496e-02 | 50 -0.00862 -1.17469e-01 | 51 -0.00281 -8.86772e-02
 52 -0.00129 -1.68267e-01 | 53 -0.00496 -6.73637e-02 | 54  0.00918 -6.24443e-02
 55  0.01232 -2.23065e-01 | 56 -0.00240 -7.61853e-02 | 57  0.00476 -1.23681e-01
 58  0.00862 -1.64297e-01 | 59  0.00586 -1.90098e-01 | 60 -0.01063 -1.81055e-02
 61  0.00571 -1.33498e-01 | 62  0.01141 -2.01183e-01 | 63  0.01517 -2.29230e-01
 64 -0.00432 -1.00291e-01 | 65  0.01358 -2.16799e-01 | 66 -0.00551 -1.05037e-01
 67 -0.00030 -1.11760e-01 | 68  0.01172 -9.62281e-02 | 69  0.02130 -2.59245e-01
 70  0.03105 -3.70569e-01 | 71  0.01970 -2.71479e-01 | 72 -0.02791  1.68986e-02
 73  0.01680 -2.82732e-01 | 74 -0.02115 -3.45745e-02 | 75  0.00997 -2.62426e-01
 76  0.02041 -3.55007e-01 | 77 -0.00172 -1.38769e-01 | 78  0.03201 -4.53656e-01
 79 -0.03807  9.42373e-02 | 80 -0.02681  3.55340e-03 | 81 -0.00755 -3.02335e-02
 82 -0.00189 -1.26850e-01 | 83 -0.04941  1.45592e-01 | 84 -0.00987 -6.30854e-02
 85  0.05848 -8.77624e-01 | 86 -0.02852  4.40945e-02 | 87  0.03111 -2.53562e-01
 88 -0.00519  2.02649e-03 | 89 -0.01884  1.05130e-01 | 90 -0.01952  1.12815e-01
 91 -0.03657  2.12933e-01 | 92 -0.02173  1.21252e-01 | 93  0.01231  8.01009e-02
 94  0.00505  4.01648e-02 | 95  0.00585  1.51092e-01 | 96 -0.01529  1.89721e-01
 97 -0.00569  2.64316e-01 | 98  0.00922  1.90482e-01 | 99 -0.02660  3.04327e-01
100  0.00511  2.30927e-01 |101  0.02461  3.49720e-01 |102 -0.05194  3.14648e-01
103  0.05997  3.62609e-01 |104  0.01005  2.76955e-01 |105 -0.00001  3.14283e-01
106  0.00004  3.05684e-01 |107 -0.00194 -5.63962e+00 |108 -0.04141 -6.80729e-01
109 -0.42980  7.80146e-01 |110 -0.31405 -1.32127e-02 |111 -0.24504 -7.58966e-02
111 variables; iteration 100; function evaluation 148; phase 5
Function value 5.6381307e+02; maximum gradient component mag -1.3758e-02
Var    Value     Gradient |Var    Value     Gradient |Var    Value     Gradient
  1 -0.42208 -2.91964e-04 |  2 -0.41231 -1.37580e-02 |  3 -0.42329 -5.54750e-03
  4 -0.39275 -8.20850e-05 |  5 -0.50040 -3.70609e-04 |  6  0.61676 -1.06334e-02
  7  0.00640 -7.86037e-05 |  8  0.00001  2.06011e-05 |  9  0.00001  2.63554e-05
 10  0.00001  3.38324e-05 | 11  0.00001  4.35530e-05 | 12  0.00005  4.78067e-04
 13  0.00020  4.79626e-04 | 14  0.00004  4.67472e-04 | 15  0.00006  4.58650e-04
 16  0.00002  4.66957e-04 | 17 -0.00001  4.86725e-04 | 18 -0.00006  5.36818e-04
 19 -0.00014  6.74287e-04 | 20 -0.00005  8.62300e-04 | 21 -0.00050  6.48853e-04
 22 -0.00084 -1.51167e-04 | 23 -0.00128 -2.22678e-04 | 24 -0.00173  2.54391e-05
 25 -0.00184 -2.71842e-04 | 26 -0.00063 -3.18062e-04 | 27  0.00541  8.54428e-06
 28  0.00401  1.04612e-05 | 29 -0.00465  4.82269e-04 | 30  0.00805 -4.14830e-05
 31  0.00390 -2.30143e-05 | 32  0.00157  1.32920e-04 | 33  0.00124  4.91576e-05
 34  0.00124 -1.61369e-04 | 35  0.00318  6.32339e-05 | 36  0.00530 -3.15295e-04
 37 -0.00404  1.88580e-04 | 38 -0.00625 -3.07392e-04 | 39  0.00292 -2.62067e-04
 40 -0.01068  1.54076e-04 | 41 -0.00744  3.71807e-04 | 42 -0.00482 -9.30873e-04
 43 -0.00935 -1.19722e-04 | 44 -0.00552 -2.35228e-04 | 45  0.00160 -2.31962e-04
 46 -0.00040 -1.31017e-04 | 47  0.01473 -4.64075e-04 | 48  0.00415 -4.82960e-04
 49 -0.01383 -2.85256e-04 | 50 -0.00860 -1.48253e-04 | 51 -0.00282  3.78265e-05
 52 -0.00126  2.06674e-04 | 53 -0.00498  6.11897e-04 | 54  0.00912 -2.63085e-04
 55  0.01233  2.00699e-04 | 56 -0.00241 -1.04507e-04 | 57  0.00476 -2.18664e-04
 58  0.00863 -2.20007e-04 | 59  0.00588  5.56865e-05 | 60 -0.01063 -8.69019e-05
 61  0.00572 -2.10815e-04 | 62  0.01144 -2.33723e-04 | 63  0.01520 -1.10515e-04
 64 -0.00430  8.34036e-05 | 65  0.01359 -3.05091e-04 | 66 -0.00548  2.54890e-04
 67 -0.00028 -1.63881e-04 | 68  0.01169 -1.34995e-04 | 69  0.02131 -2.12517e-04
 70  0.03105 -4.02366e-04 | 71  0.01971 -2.97854e-04 | 72 -0.02791 -4.56449e-05
 73  0.01681 -2.71556e-04 | 74 -0.02114 -1.71370e-04 | 75  0.00998 -3.18957e-04
 76  0.02041 -1.79159e-04 | 77 -0.00172  6.32160e-05 | 78  0.03201 -4.78560e-04
 79 -0.03807 -3.81317e-05 | 80 -0.02681 -3.43269e-05 | 81 -0.00755 -1.27255e-04
 82 -0.00189 -1.83395e-04 | 83 -0.04941  1.61663e-04 | 84 -0.00987 -9.89977e-05
 85  0.05849 -1.53365e-03 | 86 -0.02852 -1.39310e-04 | 87  0.03111 -4.76275e-04
 88 -0.00519  4.76353e-05 | 89 -0.01884 -9.17507e-06 | 90 -0.01952  1.66291e-04
 91 -0.03657  1.31317e-04 | 92 -0.02173  1.28782e-04 | 93  0.01231 -2.98495e-05
 94  0.00505 -1.16707e-04 | 95  0.00585  3.08991e-05 | 96 -0.01529  2.95168e-04
 97 -0.00569  2.02315e-04 | 98  0.00922  1.32400e-04 | 99 -0.02660  4.01365e-04
100  0.00511  1.24191e-04 |101  0.02461  2.86911e-04 |102 -0.05194  4.60143e-04
103  0.05997  2.35702e-04 |104  0.01006  3.44007e-04 |105 -0.00002  3.84486e-04
106  0.00004  5.38682e-04 |107 -0.00194 -5.77221e-03 |108 -0.04133 -6.17518e-04
109 -0.42977  7.00300e-04 |110 -0.31413 -1.76831e-04 |111 -0.24517  3.56710e-04

Initial statistics: 112 variables; iteration 0; function evaluation 0; phase 6
Function value 5.6381307e+02; maximum gradient component mag 8.9185e-04
Var    Value     Gradient |Var    Value     Gradient |Var    Value     Gradient
  1 -0.42208  2.62166e-04 |  2 -0.41231  8.91850e-04 |  3 -0.42329  4.89119e-04
  4 -0.39275  2.31471e-05 |  5 -0.50040 -6.22282e-06 |  6  0.61676  7.70947e-04
  7  0.00640  2.64834e-06 |  8  0.00001  1.41422e-06 |  9  0.00001  1.80841e-06
 10  0.00001  2.32303e-06 | 11  0.00001  2.99491e-06 | 12  0.00004 -1.38129e-05
 13  0.00020 -1.29482e-05 | 14  0.00004 -1.24690e-05 | 15  0.00006 -1.22869e-05
 16  0.00002 -1.16267e-05 | 17 -0.00001 -1.03181e-05 | 18 -0.00006 -8.15419e-06
 19 -0.00014 -4.62832e-06 | 20 -0.00005  1.21715e-06 | 21 -0.00050  6.56234e-06
 22 -0.00084 -1.96078e-05 | 23 -0.00128 -2.25261e-05 | 24 -0.00173 -1.86709e-06
 25 -0.00184  2.95544e-06 | 26 -0.00063 -1.34474e-05 | 27  0.00541 -3.55760e-06
 28  0.00401 -6.85775e-06 | 29 -0.00465  1.24256e-05 | 30  0.00805 -8.53327e-06
 31  0.00390 -3.49711e-06 | 32  0.00157  3.64288e-06 | 33  0.00124 -2.65906e-06
 34  0.00124 -1.21407e-06 | 35  0.00318  1.17297e-05 | 36  0.00530 -3.81651e-06
 37 -0.00404  7.02990e-06 | 38 -0.00625  4.95680e-06 | 39  0.00292  1.17932e-05
 40 -0.01068  5.41621e-06 | 41 -0.00744  9.84912e-06 | 42 -0.00482 -5.01128e-06
 43 -0.00935  1.91809e-06 | 44 -0.00552  8.73255e-06 | 45  0.00160  8.25028e-06
 46 -0.00040  1.35376e-05 | 47  0.01473  5.69344e-06 | 48  0.00415  2.38390e-06
 49 -0.01383 -1.11622e-05 | 50 -0.00860  1.76590e-05 | 51 -0.00282  6.31298e-07
 52 -0.00126  2.65643e-05 | 53 -0.00498  2.04624e-05 | 54  0.00912  4.98329e-06
 55  0.01233  3.47712e-05 | 56 -0.00241 -6.01205e-06 | 57  0.00476  1.42568e-05
 58  0.00863  1.97819e-05 | 59  0.00588  2.49952e-05 | 60 -0.01063 -1.60946e-06
 61  0.00572  7.71626e-06 | 62  0.01144  9.31523e-06 | 63  0.01520  2.42630e-05
 64 -0.00430  2.35252e-05 | 65  0.01359  8.53920e-06 | 66 -0.00548  2.12477e-05
 67 -0.00028  8.74321e-06 | 68  0.01169  9.13410e-06 | 69  0.02131  1.96344e-05
 70  0.03105  1.50083e-05 | 71  0.01971  1.01676e-05 | 72 -0.02791 -4.87890e-06
 73  0.01681  1.47859e-05 | 74 -0.02114 -9.45201e-06 | 75  0.00998  6.85771e-06
 76  0.02041  3.67855e-05 | 77 -0.00172  2.39037e-05 | 78  0.03201  1.91102e-05
 79 -0.03807 -1.07901e-05 | 80 -0.02681 -2.18207e-06 | 81 -0.00755 -5.10412e-06
 82 -0.00189 -1.18456e-06 | 83 -0.04941 -1.60933e-06 | 84 -0.00987 -6.67122e-07
 85  0.05849 -2.37840e-05 | 86 -0.02852 -1.69933e-05 | 87  0.03111 -9.80556e-06
 88 -0.00519 -2.18987e-06 | 89 -0.01884 -1.64527e-05 | 90 -0.01952 -3.34535e-06
 91 -0.03657 -1.64988e-05 | 92 -0.02173 -9.59626e-06 | 93  0.01231 -1.34266e-05
 94  0.00505 -1.77087e-05 | 95  0.00585 -2.09686e-05 | 96 -0.01529 -3.46543e-06
 97 -0.00569 -1.46411e-05 | 98  0.00922 -1.63025e-05 | 99 -0.02660 -5.95037e-06
100  0.00511 -2.49097e-05 |101  0.02461 -2.09961e-05 |102 -0.05194 -2.66921e-06
103  0.05997 -2.66956e-05 |104  0.01006 -1.49822e-05 |105 -0.00002 -1.71177e-05
106  0.00004 -8.68905e-06 |107  0.00000  0.00000e+00 |108 -0.00194  3.17452e-04
109 -0.04133  4.90319e-05 |110 -0.42977 -5.78954e-05 |111 -0.31413 -2.04037e-05
112 -0.24517  5.37560e-05 |
  ic > imax  in fminim is answer attained ?
Var    Value     Gradient |Var    Value     Gradient |Var    Value     Gradient
  1 -0.42208  1.60113e-04 |  2 -0.41231 -4.57821e-04 |  3 -0.42329 -1.21460e-04
  4 -0.39275  8.53025e-06 |  5 -0.50040 -2.40521e-05 |  6  0.61676 -3.37389e-04
  7  0.00640 -2.60666e-06 |  8  0.00001  3.63640e-07 |  9  0.00001  5.28638e-07
 10  0.00001  7.65553e-07 | 11  0.00001  1.10158e-06 | 12  0.00004  1.29715e-05
 13  0.00020  1.33413e-05 | 14  0.00004  1.32418e-05 | 15  0.00006  1.27223e-05
 16  0.00002  1.25532e-05 | 17 -0.00001  1.28798e-05 | 18 -0.00006  1.38935e-05
 19 -0.00014  1.60869e-05 | 20 -0.00005  2.03757e-05 | 21 -0.00050  2.40515e-05
 22 -0.00084 -3.97528e-06 | 23 -0.00128 -8.87481e-06 | 24 -0.00173  9.71998e-06
 25 -0.00184  1.23948e-05 | 26 -0.00063 -6.48157e-06 | 27  0.00541 -7.58074e-07
 28  0.00401 -4.79572e-06 | 29 -0.00465  1.73159e-05 | 30  0.00805 -9.18249e-06
 31  0.00390 -4.40458e-06 | 32  0.00157  1.36107e-06 | 33  0.00124 -4.60187e-06
 34  0.00124 -5.08744e-06 | 35  0.00318  4.94786e-06 | 36  0.00530 -1.35261e-05
 37 -0.00404  1.29637e-06 | 38 -0.00625 -8.48325e-07 | 39  0.00292 -7.81644e-07
 40 -0.01068 -8.17271e-09 | 41 -0.00744  1.68643e-06 | 42 -0.00482 -1.54970e-05
 43 -0.00935 -6.30351e-06 | 44 -0.00552 -2.29396e-06 | 45  0.00160 -7.56875e-06
 46 -0.00040 -1.10491e-06 | 47  0.01473 -2.07503e-05 | 48  0.00415 -1.55287e-05
 49 -0.01383 -1.76240e-05 | 50 -0.00860  8.01187e-06 | 51 -0.00282 -1.27164e-05
 52 -0.00126  1.26367e-05 | 53 -0.00498  9.53806e-06 | 54  0.00912 -1.52015e-05
 55  0.01233  1.29852e-05 | 56 -0.00241 -1.68220e-05 | 57  0.00476 -6.71105e-07
 58  0.00863  2.70755e-06 | 59  0.00588  1.04874e-05 | 60 -0.01063 -5.71961e-06
 61  0.00572 -6.12607e-06 | 62  0.01144 -8.30080e-06 | 63  0.01520  4.27231e-06
 64 -0.00430  1.65946e-05 | 65  0.01359 -1.00617e-05 | 66 -0.00548  1.46649e-05
 67 -0.00028 -1.03530e-06 | 68  0.01169 -8.70219e-06 | 69  0.02131 -6.16665e-06
 70  0.03105 -2.04166e-05 | 71  0.01971 -1.58162e-05 | 72 -0.02791 -2.78627e-06
 73  0.01681 -1.19132e-05 | 74 -0.02114 -1.19634e-05 | 75  0.00998 -1.58311e-05
 76  0.02041  4.36864e-06 | 77 -0.00172  1.04243e-05 | 78  0.03201 -2.05806e-05
 79 -0.03807 -2.70189e-06 | 80 -0.02681  1.21372e-06 | 81 -0.00755 -7.58120e-06
 82 -0.00189 -7.13815e-06 | 83 -0.04941  1.25933e-05 | 84 -0.00987 -1.63032e-06
 85  0.05849 -7.27575e-05 | 86 -0.02852 -7.09271e-06 | 87  0.03111 -2.45294e-05
 88 -0.00519  3.11897e-06 | 89 -0.01884 -3.98747e-06 | 90 -0.01952  9.02726e-06
 91 -0.03657  2.18022e-06 | 92 -0.02173  5.21152e-06 | 93  0.01231 -3.25248e-06
 94  0.00505 -5.47719e-06 | 95  0.00585 -4.45469e-06 | 96 -0.01529  1.74444e-05
 97 -0.00569  8.56096e-06 | 98  0.00922  5.92354e-06 | 99 -0.02660  2.18209e-05
100  0.00511  7.18882e-07 |101  0.02461  8.61285e-06 |102 -0.05194  2.61072e-05
103  0.05997  5.11545e-06 |104  0.01006  1.41344e-05 |105 -0.00002  1.19669e-05
106  0.00004  2.03938e-05 |107  0.00000  0.00000e+00 |108 -0.00194 -1.94720e-04
109 -0.04133 -1.86124e-05 |110 -0.42977  2.06513e-05 |111 -0.31413 -2.41228e-05
112 -0.24517  5.73722e-05 |
Function minimizer not making progress ... is minimum attained?
Minimprove criterion = 0.0000e+00

 - final statistics:
112 variables; iteration 2; function evaluation 32
Function value 5.6381e+02; maximum gradient component mag -4.5782e-04
Exit code = 1;  converg criter 1.0000e-04
Var    Value     Gradient |Var    Value     Gradient |Var    Value     Gradient
  1 -0.42208  1.60113e-04 |  2 -0.41231 -4.57821e-04 |  3 -0.42329 -1.21460e-04
  4 -0.39275  8.53025e-06 |  5 -0.50040 -2.40521e-05 |  6  0.61676 -3.37389e-04
  7  0.00640 -2.60666e-06 |  8  0.00001  3.63640e-07 |  9  0.00001  5.28638e-07
 10  0.00001  7.65553e-07 | 11  0.00001  1.10158e-06 | 12  0.00004  1.29715e-05
 13  0.00020  1.33413e-05 | 14  0.00004  1.32418e-05 | 15  0.00006  1.27223e-05
 16  0.00002  1.25532e-05 | 17 -0.00001  1.28798e-05 | 18 -0.00006  1.38935e-05
 19 -0.00014  1.60869e-05 | 20 -0.00005  2.03757e-05 | 21 -0.00050  2.40515e-05
 22 -0.00084 -3.97528e-06 | 23 -0.00128 -8.87481e-06 | 24 -0.00173  9.71998e-06
 25 -0.00184  1.23948e-05 | 26 -0.00063 -6.48157e-06 | 27  0.00541 -7.58074e-07
 28  0.00401 -4.79572e-06 | 29 -0.00465  1.73159e-05 | 30  0.00805 -9.18249e-06
 31  0.00390 -4.40458e-06 | 32  0.00157  1.36107e-06 | 33  0.00124 -4.60187e-06
 34  0.00124 -5.08744e-06 | 35  0.00318  4.94786e-06 | 36  0.00530 -1.35261e-05
 37 -0.00404  1.29637e-06 | 38 -0.00625 -8.48325e-07 | 39  0.00292 -7.81644e-07
 40 -0.01068 -8.17271e-09 | 41 -0.00744  1.68643e-06 | 42 -0.00482 -1.54970e-05
 43 -0.00935 -6.30351e-06 | 44 -0.00552 -2.29396e-06 | 45  0.00160 -7.56875e-06
 46 -0.00040 -1.10491e-06 | 47  0.01473 -2.07503e-05 | 48  0.00415 -1.55287e-05
 49 -0.01383 -1.76240e-05 | 50 -0.00860  8.01187e-06 | 51 -0.00282 -1.27164e-05
 52 -0.00126  1.26367e-05 | 53 -0.00498  9.53806e-06 | 54  0.00912 -1.52015e-05
 55  0.01233  1.29852e-05 | 56 -0.00241 -1.68220e-05 | 57  0.00476 -6.71105e-07
 58  0.00863  2.70755e-06 | 59  0.00588  1.04874e-05 | 60 -0.01063 -5.71961e-06
 61  0.00572 -6.12607e-06 | 62  0.01144 -8.30080e-06 | 63  0.01520  4.27231e-06
 64 -0.00430  1.65946e-05 | 65  0.01359 -1.00617e-05 | 66 -0.00548  1.46649e-05
 67 -0.00028 -1.03530e-06 | 68  0.01169 -8.70219e-06 | 69  0.02131 -6.16665e-06
 70  0.03105 -2.04166e-05 | 71  0.01971 -1.58162e-05 | 72 -0.02791 -2.78627e-06
 73  0.01681 -1.19132e-05 | 74 -0.02114 -1.19634e-05 | 75  0.00998 -1.58311e-05
 76  0.02041  4.36864e-06 | 77 -0.00172  1.04243e-05 | 78  0.03201 -2.05806e-05
 79 -0.03807 -2.70189e-06 | 80 -0.02681  1.21372e-06 | 81 -0.00755 -7.58120e-06
 82 -0.00189 -7.13815e-06 | 83 -0.04941  1.25933e-05 | 84 -0.00987 -1.63032e-06
 85  0.05849 -7.27575e-05 | 86 -0.02852 -7.09271e-06 | 87  0.03111 -2.45294e-05
 88 -0.00519  3.11897e-06 | 89 -0.01884 -3.98747e-06 | 90 -0.01952  9.02726e-06
 91 -0.03657  2.18022e-06 | 92 -0.02173  5.21152e-06 | 93  0.01231 -3.25248e-06
 94  0.00505 -5.47719e-06 | 95  0.00585 -4.45469e-06 | 96 -0.01529  1.74444e-05
 97 -0.00569  8.56096e-06 | 98  0.00922  5.92354e-06 | 99 -0.02660  2.18209e-05
100  0.00511  7.18882e-07 |101  0.02461  8.61285e-06 |102 -0.05194  2.61072e-05
103  0.05997  5.11545e-06 |104  0.01006  1.41344e-05 |105 -0.00002  1.19669e-05
106  0.00004  2.03938e-05 |107  0.00000  0.00000e+00 |108 -0.00194 -1.94720e-04
109 -0.04133 -1.86124e-05 |110 -0.42977  2.06513e-05 |111 -0.31413 -2.41228e-05
112 -0.24517  5.73722e-05 |
size of file gradfil1.tmp = 0
size of file gradfil2.tmp = 0
size of file varssave.tmp = 0
size of file cmpdiff.tmp = 0
