
Initial statistics: 1 variables; iteration 0; function evaluation 0; phase 1
Function value 1.0378665e+03; maximum gradient component mag 1.7354e+04
Var    Value     Gradient |Var    Value     Gradient |Var    Value     Gradient
  1  0.63197  1.73542e+04 |

 - final statistics:
1 variables; iteration 4; function evaluation 14
Function value 6.8636e+02; maximum gradient component mag -5.2354e+00
Exit code = 1;  converg criter 1.0000e+01
Var    Value     Gradient |Var    Value     Gradient |Var    Value     Gradient
  1  0.60723 -5.23541e+00 |

Initial statistics: 98 variables; iteration 0; function evaluation 0; phase 2
Function value 6.8636052e+02; maximum gradient component mag -1.4348e+03
Var    Value     Gradient |Var    Value     Gradient |Var    Value     Gradient
  1  0.60723 -5.23541e+00 |  2  0.00000  1.81361e+00 |  3  0.00000  1.85162e+00
  4  0.00000  1.89765e+00 |  5  0.00000  1.95339e+00 |  6  0.00000  2.02063e+00
  7  0.00000  2.10156e+00 |  8  0.00000  2.19413e+00 |  9  0.00000  2.30531e+00
 10  0.00000  2.43581e+00 | 11  0.00000  2.58676e+00 | 12  0.00000  2.75812e+00
 13  0.00000  2.95470e+00 | 14  0.00000  3.16598e+00 | 15  0.00000  3.29526e+00
 16  0.00000  3.62496e+00 | 17  0.00000  3.83287e+00 | 18  0.00000  4.05316e+00
 19  0.00000  4.20231e+00 | 20  0.00000  4.28031e+00 | 21  0.00000  4.01623e+00
 22  0.00000  4.60273e+00 | 23  0.00000  5.63865e+00 | 24  0.00000  8.05353e+00
 25  0.00000  1.22904e+01 | 26  0.00000  1.61233e+01 | 27  0.00000  1.89569e+01
 28  0.00000  2.04610e+01 | 29  0.00000  8.16981e+00 | 30  0.00000  1.52800e+01
 31  0.00000  1.46956e+01 | 32  0.00000  1.33955e+01 | 33  0.00000  1.39431e+01
 34  0.00000 -1.87014e+01 | 35  0.00000  2.38740e+01 | 36  0.00000  2.15660e+01
 37  0.00000  1.74838e+01 | 38  0.00000  2.57558e+01 | 39  0.00000  2.80847e+01
 40  0.00000  6.48804e+00 | 41  0.00000 -2.05647e+01 | 42  0.00000  1.31083e+01
 43  0.00000 -4.11046e+00 | 44  0.00000  1.69559e+01 | 45  0.00000  5.81833e+01
 46  0.00000  1.42648e+01 | 47  0.00000  3.15700e+01 | 48  0.00000  3.58770e+01
 49  0.00000  3.84694e+01 | 50  0.00000  5.78936e+01 | 51  0.00000  3.92098e+01
 52  0.00000  3.10825e+01 | 53  0.00000  2.38362e+01 | 54  0.00000  5.73988e+01
 55  0.00000  1.24562e+01 | 56  0.00000  5.18811e+01 | 57  0.00000  2.92532e+01
 58  0.00000  2.50447e+01 | 59  0.00000 -1.51783e+01 | 60  0.00000  5.10561e+01
 61  0.00000 -7.73901e+01 | 62  0.00000  8.05168e+01 | 63  0.00000  4.82970e+01
 64  0.00000  2.52993e+01 | 65  0.00000  2.41600e+02 | 66  0.00000  1.65574e+02
 67  0.00000 -8.19694e+01 | 68  0.00000 -3.41905e+02 | 69  0.00000 -5.74348e+02
 70  0.00000 -3.84166e+02 | 71  0.00000  3.27872e+01 | 72  0.00000 -5.11173e+02
 73  0.00000  2.78288e+02 | 74  0.00000  1.68551e+02 | 75  0.00000  2.67315e+02
 76  0.00000  3.30815e+02 | 77  0.00000  2.09759e+02 | 78  0.00000  1.48802e+02
 79  0.00000 -4.04022e+01 | 80  0.00000  4.24787e+02 | 81  0.00000  2.58363e+02
 82  0.00000  2.98599e+02 | 83  0.00000 -7.25515e+02 | 84  0.00000  4.02132e+02
 85  0.00000  2.96623e+02 | 86  0.00000  2.21484e+02 | 87  0.00000 -4.40054e+02
 88  0.00000 -3.80530e+02 | 89  0.00000 -1.43479e+03 | 90  0.00000  1.63938e+02
 91  0.00000  1.65395e+02 | 92  0.00000 -2.39718e+02 | 93  0.00000  1.24648e+02
 94  0.00000  1.35645e+01 | 95  0.00000  1.99078e+00 | 96  0.00000  1.63914e+00
 97 -0.03546  1.73799e+01 | 98 -0.31026  4.31255e+01 |

Intermediate statistics: 98 variables; iteration 20; function evaluation 31; phase 2
Function value 5.5489486e+02; maximum gradient component mag 1.0320e+03
Var    Value     Gradient |Var    Value     Gradient |Var    Value     Gradient
  1  0.60299  1.03198e+03 |  2 -0.00106 -4.16015e+01 |  3 -0.00109 -4.15625e+01
  4 -0.00112 -4.15151e+01 |  5 -0.00116 -4.14576e+01 |  6 -0.00120 -4.13880e+01
  7 -0.00126 -4.13037e+01 |  8 -0.00132 -4.12018e+01 |  9 -0.00140 -4.10791e+01
 10 -0.00149 -4.09321e+01 | 11 -0.00159 -4.07565e+01 | 12 -0.00170 -4.05479e+01
 13 -0.00183 -4.03021e+01 | 14 -0.00197 -4.00145e+01 | 15 -0.00205 -3.96802e+01
 16 -0.00225 -3.93022e+01 | 17 -0.00238 -3.88747e+01 | 18 -0.00250 -3.84022e+01
 19 -0.00259 -3.78885e+01 | 20 -0.00262 -3.73390e+01 | 21 -0.00245 -3.67591e+01
 22 -0.00279 -3.61229e+01 | 23 -0.00335 -3.58426e+01 | 24 -0.00465 -3.50240e+01
 25 -0.00671 -3.39143e+01 | 26 -0.00828 -3.25912e+01 | 27 -0.00928 -3.12447e+01
 28 -0.00974 -3.00177e+01 | 29 -0.00375 -2.98162e+01 | 30 -0.00658 -2.78842e+01
 31 -0.00599 -2.65478e+01 | 32 -0.00519 -2.52214e+01 | 33 -0.00629 -2.41898e+01
 34  0.00842 -2.46550e+01 | 35 -0.00807 -1.92473e+01 | 36 -0.00698 -1.75495e+01
 37 -0.00468 -1.57993e+01 | 38 -0.00764 -1.31982e+01 | 39 -0.00861 -1.12496e+01
 40  0.00080 -1.04027e+01 | 41  0.01229 -9.32046e+00 | 42 -0.00146 -5.61466e+00
 43  0.00668 -3.56703e+00 | 44 -0.00136 -3.63114e-01 | 45 -0.01369  5.89097e+00
 46  0.00136  4.86981e+00 | 47 -0.00452  8.29733e+00 | 48 -0.00546  1.08937e+01
 49 -0.00560  1.34509e+01 | 50 -0.01051  1.78937e+01 | 51 -0.00385  1.87622e+01
 52 -0.00018  2.05540e+01 | 53  0.00310  2.21399e+01 | 54 -0.00690  2.69393e+01
 55  0.00586  2.38067e+01 | 56 -0.00325  3.00248e+01 | 57  0.00378  2.92452e+01
 58  0.00422  2.94139e+01 | 59  0.01229  2.44837e+01 | 60 -0.00306  3.51919e+01
 61  0.02035  1.53766e+01 | 62 -0.00600  4.25586e+01 | 63  0.00092  3.63733e+01
 64  0.00722  3.29403e+01 | 65 -0.01892  7.47381e+01 | 66 -0.00697  5.62693e+01
 67  0.01062 -1.98817e+01 | 68  0.01787 -9.48368e+01 | 69  0.02614  9.99201e+00
 70  0.01886 -6.86237e+01 | 71  0.00128  1.00642e+01 | 72  0.02239 -9.49130e+01
 73 -0.00848  4.01029e+01 | 74 -0.00624  5.38668e+01 | 75 -0.00862  3.88798e+01
 76 -0.01410  8.91855e+01 | 77 -0.00678  5.35319e+01 | 78 -0.00576  4.47861e+01
 79  0.00337  4.99265e+01 | 80 -0.01908  9.36773e+01 | 81 -0.01031 -2.46892e+01
 82 -0.01362  4.40097e+01 | 83  0.03461  3.40459e+02 | 84 -0.01793  9.49704e+01
 85 -0.01127 -5.91825e+01 | 86 -0.00656 -3.24752e+00 | 87  0.01889 -1.57650e+02
 88  0.02327 -1.75906e+02 | 89  0.06622 -1.16655e+01 | 90 -0.00577  3.60849e+01
 91 -0.00015 -9.20138e+01 | 92  0.02368 -1.45726e+02 | 93  0.00372 -2.34572e+01
 94 -0.00174 -3.87944e+01 | 95 -0.00108 -4.17472e+01 | 96 -0.00094 -4.17792e+01
 97 -0.03225  7.25558e+01 | 98 -0.30555  4.16942e-01 |
98 variables; iteration 40; function evaluation 59; phase 2
Function value 5.4745298e+02; maximum gradient component mag 1.6090e+03
Var    Value     Gradient |Var    Value     Gradient |Var    Value     Gradient
  1  0.60409  1.60904e+03 |  2  0.00170 -4.63776e+01 |  3  0.00165 -4.63368e+01
  4  0.00158 -4.62866e+01 |  5  0.00149 -4.62250e+01 |  6  0.00139 -4.61490e+01
  7  0.00127 -4.60554e+01 |  8  0.00114 -4.59375e+01 |  9  0.00098 -4.57923e+01
 10  0.00080 -4.56118e+01 | 11  0.00059 -4.53875e+01 | 12  0.00036 -4.51087e+01
 13  0.00012 -4.47641e+01 | 14 -0.00014 -4.43388e+01 | 15 -0.00034 -4.38079e+01
 16 -0.00067 -4.31943e+01 | 17 -0.00090 -4.24507e+01 | 18 -0.00111 -4.15888e+01
 19 -0.00126 -4.06041e+01 | 20 -0.00135 -3.95001e+01 | 21 -0.00118 -3.82404e+01
 22 -0.00153 -3.69144e+01 | 23 -0.00223 -3.65769e+01 | 24 -0.00361 -3.52349e+01
 25 -0.00600 -3.41516e+01 | 26 -0.00790 -3.28120e+01 | 27 -0.00901 -3.09344e+01
 28 -0.00959 -2.90946e+01 | 29 -0.00340 -2.63707e+01 | 30 -0.00634 -2.41995e+01
 31 -0.00603 -2.20863e+01 | 32 -0.00547 -1.98246e+01 | 33 -0.00722 -1.94625e+01
 34  0.00671 -1.64097e+01 | 35 -0.00920 -1.31747e+01 | 36 -0.00875 -1.11229e+01
 37 -0.00687 -8.20120e+00 | 38 -0.00997 -5.77154e+00 | 39 -0.01088 -2.80053e+00
 40 -0.00032  5.76138e+00 | 41  0.01375  2.20330e+01 | 42 -0.00268  1.29322e+01
 43  0.00838  2.91296e+01 | 44 -0.00158  2.39747e+01 | 45 -0.01739  1.43027e+01
 46  0.00232  3.76047e+01 | 47 -0.00440  3.66818e+01 | 48 -0.00587  3.85375e+01
 49 -0.00655  4.04507e+01 | 50 -0.01285  3.78151e+01 | 51 -0.00488  4.85943e+01
 52 -0.00094  5.49719e+01 | 53  0.00223  5.92448e+01 | 54 -0.01022  4.86746e+01
 55  0.00484  6.25797e+01 | 56 -0.00687  5.22405e+01 | 57  0.00176  6.16662e+01
 58  0.00277  6.43854e+01 | 59  0.01441  8.43059e+01 | 60 -0.00373  6.93819e+01
 61  0.02262  8.61185e+01 | 62 -0.00735  6.84374e+01 | 63 -0.00166  5.68790e+01
 64  0.00903  7.81378e+01 | 65 -0.02792  3.98698e+01 | 66 -0.00928  5.76905e+01
 67  0.01393  5.35157e+01 | 68  0.02570  9.28503e+01 | 69  0.02852  9.70838e+01
 70  0.02424  6.47039e+01 | 71  0.00198  3.17896e+01 | 72  0.02884  8.62568e+01
 73 -0.00935  1.96001e+01 | 74 -0.00810  3.40781e+01 | 75 -0.01030 -3.96673e+00
 76 -0.01934  1.55530e+01 | 77 -0.00895  3.96852e+00 | 78 -0.00875  1.41702e+00
 79  0.00188  1.71636e+01 | 80 -0.02743 -1.37507e+01 | 81 -0.01010  3.44789e+00
 82 -0.01906 -1.87349e+01 | 83  0.02556  3.81768e+01 | 84 -0.02687 -2.86590e+01
 85 -0.01175 -5.47885e+01 | 86 -0.00691 -2.96835e+01 | 87  0.02346 -5.49485e+01
 88  0.03439 -3.72992e+01 | 89  0.06890 -2.63556e+01 | 90 -0.01311 -5.87880e+01
 91  0.00497 -5.00415e+01 | 92  0.03436 -4.76287e+01 | 93  0.00416 -5.95820e+01
 94 -0.00212 -5.05827e+01 | 95  0.00170 -4.67398e+01 | 96  0.00198 -4.65587e+01
 97 -0.03000  1.09027e+02 | 98 -0.30288  1.41375e+01 |
98 variables; iteration 60; function evaluation 93; phase 2
Function value 5.4664758e+02; maximum gradient component mag 2.0099e+02
Var    Value     Gradient |Var    Value     Gradient |Var    Value     Gradient
  1  0.60381  2.00994e+02 |  2 -0.00070 -6.29050e+00 |  3 -0.00063 -6.14415e+00
  4 -0.00055 -5.99282e+00 |  5 -0.00049 -5.84463e+00 |  6 -0.00044 -5.71139e+00
  7 -0.00041 -5.60849e+00 |  8 -0.00043 -5.55309e+00 |  9 -0.00049 -5.56301e+00
 10 -0.00062 -5.65233e+00 | 11 -0.00080 -5.82482e+00 | 12 -0.00105 -6.06817e+00
 13 -0.00133 -6.34889e+00 | 14 -0.00160 -6.61307e+00 | 15 -0.00177 -6.81406e+00
 16 -0.00196 -6.84213e+00 | 17 -0.00197 -6.72337e+00 | 18 -0.00187 -6.42954e+00
 19 -0.00165 -6.01256e+00 | 20 -0.00132 -5.50014e+00 | 21 -0.00074 -4.94416e+00
 22 -0.00065 -4.31129e+00 | 23 -0.00103 -3.91159e+00 | 24 -0.00203 -3.21628e+00
 25 -0.00351 -1.63682e+00 | 26 -0.00546 -1.48856e+00 | 27 -0.00694 -1.68430e+00
 28 -0.00795 -2.24874e+00 | 29 -0.00117 -2.61549e+00 | 30 -0.00467 -2.45031e+00
 31 -0.00394 -2.01189e+00 | 32 -0.00378 -3.10933e+00 | 33 -0.00447 -1.80423e+00
 34  0.01454  4.03247e-01 | 35 -0.00598  1.09253e+00 | 36 -0.00589 -3.33665e-01
 37 -0.00279  8.12897e-01 | 38 -0.00707  5.97544e-01 | 39 -0.00864  4.91781e-01
 40  0.00314  6.74784e-01 | 41  0.01855  2.57219e+00 | 42 -0.00031  1.86380e+00
 43  0.00852 -6.47783e-01 | 44 -0.00019  3.23725e+00 | 45 -0.01611  5.54582e+00
 46  0.00130  1.45515e+00 | 47 -0.00621  3.62063e+00 | 48 -0.00850  2.41054e+00
 49 -0.00806  4.29067e+00 | 50 -0.01461  6.19324e+00 | 51 -0.00684  6.01776e+00
 52 -0.00298  4.87458e+00 | 53  0.00211  6.44043e+00 | 54 -0.01177  9.05848e+00
 55  0.00562  6.91751e+00 | 56 -0.00775  9.85466e+00 | 57  0.00358  1.32061e+01
 58  0.00330  1.17686e+01 | 59  0.01416  8.19050e+00 | 60 -0.00808  9.74540e+00
 61  0.02530  9.70754e+00 | 62 -0.01331  9.49943e+00 | 63 -0.00077  1.45080e+01
 64  0.00764  8.30845e+00 | 65 -0.03123  1.01808e+01 | 66 -0.01264  6.25320e+00
 67  0.01576  1.43264e+01 | 68  0.02508  7.72480e+00 | 69  0.02807  1.45497e+01
 70  0.02494  1.31787e+01 | 71  0.00223  7.46007e+00 | 72  0.02866  9.14188e+00
 73 -0.00932  2.54144e+00 | 74 -0.00870  5.52109e+00 | 75 -0.00917  6.28758e+00
 76 -0.02039 -3.21427e+00 | 77 -0.00885  1.21157e+00 | 78 -0.00822  4.14990e+00
 79  0.00121 -2.78703e+00 | 80 -0.02760 -1.18942e+00 | 81 -0.01136 -6.89383e+00
 82 -0.01908 -2.31470e+00 | 83  0.02376 -1.56718e+01 | 84 -0.02702 -5.21900e+00
 85 -0.01069  3.04217e-01 | 86 -0.00714 -6.31798e+00 | 87  0.02458  1.79996e+00
 88  0.03500 -4.09941e+00 | 89  0.06888 -5.79260e+00 | 90 -0.01101 -2.66051e+00
 91  0.00509 -3.65129e+00 | 92  0.03453 -3.89894e+00 | 93  0.00482 -3.99864e+00
 94 -0.00261 -6.30287e+00 | 95 -0.00115 -6.87316e+00 | 96 -0.00123 -7.25328e+00
 97 -0.03247  8.23460e+00 | 98 -0.30723 -5.13470e+00 |
Maximum number of function evaluations exceeded

 - final statistics:
98 variables; iteration 64; function evaluation 100
Function value 5.4660e+02; maximum gradient component mag 1.2217e+02
Exit code = 3;  converg criter 1.0000e+01
Var    Value     Gradient |Var    Value     Gradient |Var    Value     Gradient
  1  0.60383  1.22173e+02 |  2 -0.00052 -3.73518e+00 |  3 -0.00043 -3.56683e+00
  4 -0.00034 -3.40511e+00 |  5 -0.00028 -3.26382e+00 |  6 -0.00024 -3.16054e+00
  7 -0.00025 -3.11486e+00 |  8 -0.00030 -3.14188e+00 |  9 -0.00043 -3.25487e+00
 10 -0.00061 -3.45084e+00 | 11 -0.00084 -3.70711e+00 | 12 -0.00109 -3.97935e+00
 13 -0.00131 -4.20647e+00 | 14 -0.00147 -4.32831e+00 | 15 -0.00149 -4.32140e+00
 16 -0.00153 -4.15537e+00 | 17 -0.00143 -3.92046e+00 | 18 -0.00133 -3.66447e+00
 19 -0.00120 -3.45108e+00 | 20 -0.00105 -3.29632e+00 | 21 -0.00076 -3.25070e+00
 22 -0.00098 -3.17507e+00 | 23 -0.00137 -2.79636e+00 | 24 -0.00144 -6.88478e-01
 25 -0.00359 -2.44596e-01 | 26 -0.00638 -1.63210e+00 | 27 -0.00770 -1.64778e+00
 28 -0.00835 -1.66086e+00 | 29 -0.00124 -1.64604e+00 | 30 -0.00493 -1.87865e+00
 31 -0.00430 -1.74173e+00 | 32 -0.00349 -1.82675e+00 | 33 -0.00443 -1.04645e+00
 34  0.01461  4.77180e-01 | 35 -0.00614  1.18436e+00 | 36 -0.00611 -4.91309e-01
 37 -0.00306  3.37921e-01 | 38 -0.00684  1.02231e+00 | 39 -0.00844  8.07469e-01
 40  0.00334  3.53208e-01 | 41  0.01889  1.46032e+00 | 42 -0.00020  1.29952e+00
 43  0.00965 -2.25611e-01 | 44 -0.00023  1.83180e+00 | 45 -0.01653  3.78473e+00
 46  0.00184  5.91471e-01 | 47 -0.00614  2.18708e+00 | 48 -0.00812  1.54001e+00
 49 -0.00774  3.12880e+00 | 50 -0.01560  2.17200e+00 | 51 -0.00702  3.40630e+00
 52 -0.00289  2.40784e+00 | 53  0.00233  3.71370e+00 | 54 -0.01227  5.80968e+00
 55  0.00589  3.98688e+00 | 56 -0.00778  7.24100e+00 | 57  0.00301  8.42672e+00
 58  0.00319  8.03452e+00 | 59  0.01448  4.73884e+00 | 60 -0.00858  5.79408e+00
 61  0.02581  6.41274e+00 | 62 -0.01401  5.17995e+00 | 63 -0.00117  9.77674e+00
 64  0.00774  4.83681e+00 | 65 -0.03199  6.08000e+00 | 66 -0.01281  3.29549e+00
 67  0.01564  9.52760e+00 | 68  0.02509  4.51639e+00 | 69  0.02799  8.60798e+00
 70  0.02487  8.34413e+00 | 71  0.00217  4.55222e+00 | 72  0.02866  5.48206e+00
 73 -0.00933  1.43834e+00 | 74 -0.00877  3.77882e+00 | 75 -0.00926  3.93627e+00
 76 -0.02036 -2.76242e+00 | 77 -0.00886  6.09336e-01 | 78 -0.00830  2.74459e+00
 79  0.00126 -1.91667e+00 | 80 -0.02763 -7.21751e-01 | 81 -0.01128 -4.49273e+00
 82 -0.01911 -1.52166e+00 | 83  0.02392 -1.02054e+01 | 84 -0.02703 -3.35022e+00
 85 -0.01076  2.23732e-01 | 86 -0.00713 -4.14077e+00 | 87  0.02447  1.12912e+00
 88  0.03497 -2.55644e+00 | 89  0.06888 -3.44291e+00 | 90 -0.01117 -1.46511e+00
 91  0.00505 -1.87339e+00 | 92  0.03444 -2.27802e+00 | 93  0.00477 -2.09896e+00
 94 -0.00242 -3.71660e+00 | 95 -0.00104 -4.41205e+00 | 96 -0.00127 -5.01706e+00
 97 -0.03228  4.98872e+00 | 98 -0.30674 -3.68326e+00 |

Initial statistics: 100 variables; iteration 0; function evaluation 0; phase 3
Function value 5.4660303e+02; maximum gradient component mag 1.2217e+02
Var    Value     Gradient |Var    Value     Gradient |Var    Value     Gradient
  1  0.60383  1.22173e+02 |  2 -0.00052 -3.91592e+00 |  3 -0.00043 -3.74757e+00
  4 -0.00035 -3.58585e+00 |  5 -0.00028 -3.44456e+00 |  6 -0.00024 -3.34128e+00
  7 -0.00025 -3.29560e+00 |  8 -0.00031 -3.32262e+00 |  9 -0.00043 -3.43560e+00
 10 -0.00061 -3.63157e+00 | 11 -0.00084 -3.88785e+00 | 12 -0.00109 -4.16009e+00
 13 -0.00132 -4.38720e+00 | 14 -0.00148 -4.50904e+00 | 15 -0.00149 -4.50214e+00
 16 -0.00153 -4.33610e+00 | 17 -0.00144 -4.10120e+00 | 18 -0.00133 -3.84520e+00
 19 -0.00120 -3.63182e+00 | 20 -0.00106 -3.47706e+00 | 21 -0.00076 -3.43143e+00
 22 -0.00099 -3.35581e+00 | 23 -0.00137 -2.97710e+00 | 24 -0.00145 -8.69215e-01
 25 -0.00359 -4.25330e-01 | 26 -0.00638 -1.81282e+00 | 27 -0.00770 -1.82850e+00
 28 -0.00835 -1.84158e+00 | 29 -0.00124 -1.82678e+00 | 30 -0.00493 -2.05938e+00
 31 -0.00430 -1.92247e+00 | 32 -0.00349 -2.00748e+00 | 33 -0.00444 -1.22718e+00
 34  0.01461  2.96491e-01 | 35 -0.00615  1.00363e+00 | 36 -0.00612 -6.72038e-01
 37 -0.00306  1.57187e-01 | 38 -0.00685  8.41587e-01 | 39 -0.00845  6.26748e-01
 40  0.00333  1.72473e-01 | 41  0.01889  1.27966e+00 | 42 -0.00020  1.11878e+00
 43  0.00965 -4.06327e-01 | 44 -0.00023  1.65106e+00 | 45 -0.01653  3.60405e+00
 46  0.00184  4.10735e-01 | 47 -0.00614  2.00635e+00 | 48 -0.00812  1.35929e+00
 49 -0.00774  2.94807e+00 | 50 -0.01561  1.99132e+00 | 51 -0.00703  3.22557e+00
 52 -0.00289  2.22710e+00 | 53  0.00233  3.53296e+00 | 54 -0.01227  5.62898e+00
 55  0.00589  3.80615e+00 | 56 -0.00778  7.06028e+00 | 57  0.00301  8.24599e+00
 58  0.00318  7.85378e+00 | 59  0.01447  4.55815e+00 | 60 -0.00859  5.61336e+00
 61  0.02580  6.23215e+00 | 62 -0.01401  4.99926e+00 | 63 -0.00117  9.59600e+00
 64  0.00774  4.65608e+00 | 65 -0.03199  5.89949e+00 | 66 -0.01282  3.11479e+00
 67  0.01564  9.34691e+00 | 68  0.02509  4.33579e+00 | 69  0.02799  8.42742e+00
 70  0.02486  8.16353e+00 | 71  0.00216  4.37149e+00 | 72  0.02865  5.30151e+00
 73 -0.00933  1.25762e+00 | 74 -0.00877  3.59810e+00 | 75 -0.00926  3.75555e+00
 76 -0.02036 -2.94306e+00 | 77 -0.00886  4.28617e-01 | 78 -0.00830  2.56386e+00
 79  0.00126 -2.09741e+00 | 80 -0.02763 -9.02317e-01 | 81 -0.01128 -4.67344e+00
 82 -0.01911 -1.70232e+00 | 83  0.02391 -1.03860e+01 | 84 -0.02703 -3.53079e+00
 85 -0.01077  4.30212e-02 | 86 -0.00713 -4.32150e+00 | 87  0.02447  9.48512e-01
 88  0.03497 -2.73691e+00 | 89  0.06887 -3.62259e+00 | 90 -0.01117 -1.64582e+00
 91  0.00504 -2.05412e+00 | 92  0.03443 -2.45850e+00 | 93  0.00476 -2.27970e+00
 94 -0.00243 -3.89733e+00 | 95 -0.00104 -4.59279e+00 | 96 -0.00127 -5.19780e+00
 97 -0.03228  4.98872e+00 | 98 -0.41581 -3.00778e+01 | 99 -0.30674 -3.68326e+00
100 -0.25275 -2.09040e+01 |

Intermediate statistics: 100 variables; iteration 20; function evaluation 27; phase 3
Function value 5.4638720e+02; maximum gradient component mag -8.1054e+01
Var    Value     Gradient |Var    Value     Gradient |Var    Value     Gradient
  1  0.60347 -8.10536e+01 |  2 -0.00047  2.61944e+00 |  3 -0.00041  2.72168e+00
  4 -0.00036  2.81745e+00 |  5 -0.00033  2.89716e+00 |  6 -0.00031  2.94863e+00
  7 -0.00033  2.95826e+00 |  8 -0.00037  2.91534e+00 |  9 -0.00047  2.81032e+00
 10 -0.00060  2.64435e+00 | 11 -0.00077  2.43161e+00 | 12 -0.00096  2.20070e+00
 13 -0.00113  1.99136e+00 | 14 -0.00126  1.84274e+00 | 15 -0.00127  1.76927e+00
 16 -0.00133  1.79213e+00 | 17 -0.00127  1.84953e+00 | 18 -0.00121  1.91078e+00
 19 -0.00111  1.93378e+00 | 20 -0.00099  1.90884e+00 | 21 -0.00069  1.80036e+00
 22 -0.00092  1.70862e+00 | 23 -0.00138  1.91453e+00 | 24 -0.00187  3.19396e+00
 25 -0.00405  3.41716e+00 | 26 -0.00658  2.34379e+00 | 27 -0.00788  2.18428e+00
 28 -0.00853  1.98973e+00 | 29 -0.00140  1.49898e+00 | 30 -0.00475  1.35311e+00
 31 -0.00438  1.13929e+00 | 32 -0.00357  7.27588e-01 | 33 -0.00461  1.07436e+00
 34  0.01432  5.81005e-01 | 35 -0.00595  2.66284e+00 | 36 -0.00622  8.53013e-01
 37 -0.00329  8.41605e-01 | 38 -0.00716  1.31712e+00 | 39 -0.00881  9.01787e-01
 40  0.00386 -6.03287e-01 | 41  0.01886 -2.18207e+00 | 42 -0.00051 -6.69731e-01
 43  0.00987 -3.32168e+00 | 44 -0.00046 -1.06547e+00 | 45 -0.01613  2.57028e+00
 46  0.00201 -3.02148e+00 | 47 -0.00630 -1.30574e+00 | 48 -0.00816 -1.92637e+00
 49 -0.00794 -1.08024e+00 | 50 -0.01497 -7.03893e-01 | 51 -0.00715 -1.49946e+00
 52 -0.00287 -3.35117e+00 | 53  0.00221 -3.59043e+00 | 54 -0.01267  6.25143e-01
 55  0.00658 -4.13481e+00 | 56 -0.00805  1.23840e+00 | 57  0.00276  2.18097e-01
 58  0.00298 -1.83490e-01 | 59  0.01398 -6.72064e+00 | 60 -0.00815  5.68283e-01
 61  0.02630 -6.77829e+00 | 62 -0.01408  1.03686e+00 | 63 -0.00064  3.42680e+00
 64  0.00749 -4.31695e+00 | 65 -0.03151  5.02863e+00 | 66 -0.01303 -9.26203e-01
 67  0.01575  5.75448e-02 | 68  0.02503 -3.61594e+00 | 69  0.02832 -2.38115e+00
 70  0.02460 -1.49626e+00 | 71  0.00241 -1.94902e+00 | 72  0.02833 -5.79604e+00
 73 -0.00911 -2.64066e+00 | 74 -0.00927 -1.41362e+00 | 75 -0.00911 -9.11972e-01
 76 -0.02082 -4.98863e+00 | 77 -0.00864 -2.33103e+00 | 78 -0.00884 -3.00876e-01
 79  0.00135 -7.06266e+00 | 80 -0.02812 -3.44996e-01 | 81 -0.01116 -6.31247e+00
 82 -0.01960 -4.85321e-01 | 83  0.02408 -1.16142e+01 | 84 -0.02738 -2.80092e-01
 85 -0.01052  1.82861e+00 | 86 -0.00752 -1.25376e+00 | 87  0.02482  3.96686e+00
 88  0.03474  2.15749e+00 | 89  0.06919 -1.80518e+00 | 90 -0.01130  3.97316e+00
 91  0.00580  6.42892e+00 | 92  0.03452  5.12658e+00 | 93  0.00595  7.76689e+00
 94 -0.00260  2.87189e+00 | 95 -0.00092  2.20367e+00 | 96 -0.00095  1.81162e+00
 97 -0.01349 -8.06206e+00 | 98 -0.40648  9.72250e+00 | 99 -0.29726  9.52796e-03
100 -0.24797 -8.63274e+00 |
100 variables; iteration 40; function evaluation 54; phase 3
Function value 5.4634207e+02; maximum gradient component mag -2.0185e+01
Var    Value     Gradient |Var    Value     Gradient |Var    Value     Gradient
  1  0.60345 -2.01848e+01 |  2 -0.00040  5.69499e-01 |  3 -0.00040  5.84491e-01
  4 -0.00041  5.98150e-01 |  5 -0.00042  6.08974e-01 |  6 -0.00044  6.15138e-01
  7 -0.00046  6.14716e-01 |  8 -0.00049  6.06439e-01 |  9 -0.00054  5.89237e-01
 10 -0.00059  5.63843e-01 | 11 -0.00065  5.32811e-01 | 12 -0.00072  5.00446e-01
 13 -0.00078  4.72095e-01 | 14 -0.00084  4.52232e-01 | 15 -0.00083  4.41754e-01
 16 -0.00093  4.42298e-01 | 17 -0.00093  4.46139e-01 | 18 -0.00093  4.50199e-01
 19 -0.00087  4.50279e-01 | 20 -0.00076  4.45807e-01 | 21 -0.00043  4.31615e-01
 22 -0.00064  4.24620e-01 | 23 -0.00122  4.62679e-01 | 24 -0.00254  4.54449e-01
 25 -0.00499  2.43088e-01 | 26 -0.00683  3.24101e-01 | 27 -0.00808  3.08995e-01
 28 -0.00866  2.99261e-01 | 29 -0.00136  2.68983e-01 | 30 -0.00463  2.49041e-01
 31 -0.00420  2.73793e-01 | 32 -0.00321  2.67332e-01 | 33 -0.00456  1.13549e-01
 34  0.01418 -2.20918e-01 | 35 -0.00680 -5.79353e-02 | 36 -0.00619  4.63954e-02
 37 -0.00343 -8.60994e-02 | 38 -0.00765 -2.23970e-01 | 39 -0.00914 -2.40836e-01
 40  0.00413 -3.35839e-01 | 41  0.01945 -5.09915e-01 | 42 -0.00015  8.42215e-02
 43  0.01105 -7.00559e-01 | 44 -0.00024 -3.64778e-01 | 45 -0.01715 -3.03146e-02
 46  0.00317 -2.76661e-01 | 47 -0.00609 -4.82064e-01 | 48 -0.00756 -3.84484e-01
 49 -0.00791 -5.27941e-01 | 50 -0.01482 -3.21756e-01 | 51 -0.00723 -8.01046e-01
 52 -0.00209 -8.26474e-01 | 53  0.00276 -1.05568e+00 | 54 -0.01365 -7.43784e-01
 55  0.00716 -1.32144e+00 | 56 -0.00947 -8.44146e-01 | 57  0.00175 -6.19339e-01
 58  0.00233 -1.92749e-01 | 59  0.01499 -1.14921e+00 | 60 -0.00896 -7.45884e-01
 61  0.02685 -1.21920e+00 | 62 -0.01496 -9.53088e-01 | 63 -0.00180 -3.11299e-01
 64  0.00782 -1.30134e+00 | 65 -0.03263  3.27747e-01 | 66 -0.01306 -4.00337e-01
 67  0.01552 -8.29865e-02 | 68  0.02486 -2.38535e+00 | 69  0.02829 -7.11662e-01
 70  0.02423 -4.47068e+00 | 71  0.00265  3.50713e+00 | 72  0.02829 -1.09146e+00
 73 -0.00890  1.52055e+00 | 74 -0.00927  1.39198e+00 | 75 -0.00909 -1.00550e-01
 76 -0.02066 -8.77595e-01 | 77 -0.00869 -3.55182e+00 | 78 -0.00882  2.21257e+00
 79  0.00158 -1.91523e+00 | 80 -0.02818 -4.18825e-01 | 81 -0.01084 -1.35048e+00
 82 -0.01960  4.41271e-01 | 83  0.02449  2.04310e-01 | 84 -0.02719  2.00540e+00
 85 -0.01040  7.51008e-01 | 86 -0.00741  8.12756e-01 | 87  0.02485  1.18327e+00
 88  0.03441 -9.05260e-01 | 89  0.06925  5.40559e-01 | 90 -0.01162  8.49791e-01
 91  0.00573  2.69649e+00 | 92  0.03428  2.70915e+00 | 93  0.00543 -7.97747e-01
 94 -0.00287  5.81874e-01 | 95 -0.00061  5.21313e-01 | 96 -0.00043  4.44792e-01
 97 -0.01107 -2.44583e+00 | 98 -0.40541  3.65151e+00 | 99 -0.29387 -1.51969e-01
100 -0.24586  1.47569e-01 |

 - final statistics:
100 variables; iteration 53; function evaluation 75
Function value 5.4634e+02; maximum gradient component mag 3.8285e-01
Exit code = 1;  converg criter 1.0000e+00
Var    Value     Gradient |Var    Value     Gradient |Var    Value     Gradient
  1  0.60347  3.82852e-01 |  2 -0.00037 -8.73154e-03 |  3 -0.00039 -1.31419e-02
  4 -0.00040 -1.72544e-02 |  5 -0.00043 -2.06593e-02 |  6 -0.00045 -2.28521e-02
  7 -0.00048 -2.32923e-02 |  8 -0.00050 -2.16317e-02 |  9 -0.00054 -1.75554e-02
 10 -0.00057 -1.12908e-02 | 11 -0.00061 -3.60969e-03 | 12 -0.00066  4.17962e-03
 13 -0.00071  1.04559e-02 | 14 -0.00076  1.38639e-02 | 15 -0.00075  1.41193e-02
 16 -0.00085  1.08745e-02 | 17 -0.00087  6.30807e-03 | 18 -0.00088  1.31585e-03
 19 -0.00084 -2.79654e-03 | 20 -0.00074 -5.66751e-03 | 21 -0.00042 -5.79336e-03
 22 -0.00063 -8.54720e-03 | 23 -0.00125 -2.44068e-02 | 24 -0.00256  1.45245e-02
 25 -0.00485  7.87688e-02 | 26 -0.00679  9.50429e-03 | 27 -0.00805  7.06418e-04
 28 -0.00864 -4.94714e-03 | 29 -0.00136 -1.51660e-02 | 30 -0.00462 -2.28528e-02
 31 -0.00422 -1.24175e-02 | 32 -0.00326 -1.00392e-02 | 33 -0.00452  3.94997e-02
 34  0.01431  1.02808e-01 | 35 -0.00668  2.38357e-02 | 36 -0.00619 -1.63637e-02
 37 -0.00341 -3.26214e-02 | 38 -0.00757 -6.58436e-02 | 39 -0.00905 -4.17256e-02
 40  0.00422  3.52595e-02 | 41  0.01943 -1.06255e-02 | 42 -0.00038  2.27672e-02
 43  0.01116  7.49994e-03 | 44 -0.00026  1.07537e-02 | 45 -0.01709  2.52697e-01
 46  0.00299 -2.60189e-02 | 47 -0.00611 -3.87664e-02 | 48 -0.00764 -4.08573e-03
 49 -0.00797 -8.38968e-02 | 50 -0.01487 -1.58194e-02 | 51 -0.00713  2.40334e-02
 52 -0.00204  7.68508e-02 | 53  0.00291  1.88462e-01 | 54 -0.01361 -2.70747e-02
 55  0.00731  7.55707e-02 | 56 -0.00941 -2.40090e-02 | 57  0.00159 -3.10396e-02
 58  0.00200  1.00776e-03 | 59  0.01491 -1.84624e-02 | 60 -0.00894  2.42069e-02
 61  0.02674 -3.94344e-02 | 62 -0.01486 -8.40226e-03 | 63 -0.00195 -1.12128e-01
 64  0.00787  1.67502e-02 | 65 -0.03275  6.13216e-02 | 66 -0.01308 -2.08936e-02
 67  0.01542 -4.55138e-02 | 68  0.02491  1.00429e-01 | 69  0.02825 -1.56598e-02
 70  0.02439  2.39783e-01 | 71  0.00243 -2.36892e-01 | 72  0.02829  1.35625e-02
 73 -0.00901 -1.10609e-01 | 74 -0.00940 -1.57563e-01 | 75 -0.00910 -1.08140e-02
 76 -0.02061 -3.40760e-02 | 77 -0.00851  1.92074e-01 | 78 -0.00900 -1.29983e-01
 79  0.00165  9.32710e-02 | 80 -0.02814  1.68352e-01 | 81 -0.01077  8.36197e-02
 82 -0.01963  1.21584e-01 | 83  0.02448  1.00535e-02 | 84 -0.02736 -1.31321e-01
 85 -0.01043 -8.47223e-03 | 86 -0.00748 -1.18992e-01 | 87  0.02479 -7.10899e-02
 88  0.03445  2.02804e-02 | 89  0.06922 -5.58194e-02 | 90 -0.01168 -1.65599e-02
 91  0.00557 -2.02781e-01 | 92  0.03408 -9.87024e-02 | 93  0.00553  9.47756e-02
 94 -0.00283  1.49775e-02 | 95 -0.00053  9.34989e-03 | 96 -0.00029  2.65570e-02
 97 -0.01027  3.14932e-02 | 98 -0.40513 -2.11804e-02 | 99 -0.29381  2.68136e-02
100 -0.24583 -1.13325e-02 |

Initial statistics: 107 variables; iteration 0; function evaluation 0; phase 4
Function value 5.4633920e+02; maximum gradient component mag -2.8125e+02
Var    Value     Gradient |Var    Value     Gradient |Var    Value     Gradient
  1 -0.42263 -2.81245e+02 |  2 -0.42263  1.39919e+02 |  3 -0.41094 -2.05032e+02
  4  0.60347  3.82852e-01 |  5  0.00000  2.24922e-01 |  6  0.00000  4.97851e-02
  7  0.00000  6.07650e-02 |  8  0.00000  7.41126e-02 |  9 -0.00037 -8.54029e-03
 10 -0.00039 -1.29507e-02 | 11 -0.00040 -1.70632e-02 | 12 -0.00043 -2.04681e-02
 13 -0.00045 -2.26608e-02 | 14 -0.00048 -2.31010e-02 | 15 -0.00050 -2.14405e-02
 16 -0.00054 -1.73642e-02 | 17 -0.00057 -1.10995e-02 | 18 -0.00061 -3.41844e-03
 19 -0.00066  4.37087e-03 | 20 -0.00071  1.06472e-02 | 21 -0.00076  1.40551e-02
 22 -0.00075  1.43105e-02 | 23 -0.00085  1.10657e-02 | 24 -0.00087  6.49932e-03
 25 -0.00088  1.50710e-03 | 26 -0.00084 -2.60529e-03 | 27 -0.00074 -5.47625e-03
 28 -0.00042 -5.60211e-03 | 29 -0.00063 -8.35595e-03 | 30 -0.00125 -2.42156e-02
 31 -0.00256  1.47158e-02 | 32 -0.00485  7.89600e-02 | 33 -0.00679  9.69553e-03
 34 -0.00805  8.97655e-04 | 35 -0.00864 -4.75590e-03 | 36 -0.00136 -1.49747e-02
 37 -0.00462 -2.26616e-02 | 38 -0.00422 -1.22262e-02 | 39 -0.00326 -9.84798e-03
 40 -0.00452  3.96910e-02 | 41  0.01431  1.02999e-01 | 42 -0.00668  2.40270e-02
 43 -0.00619 -1.61724e-02 | 44 -0.00341 -3.24302e-02 | 45 -0.00757 -6.56524e-02
 46 -0.00905 -4.15344e-02 | 47  0.00422  3.54507e-02 | 48  0.01943 -1.04344e-02
 49 -0.00038  2.29584e-02 | 50  0.01116  7.69116e-03 | 51 -0.00026  1.09450e-02
 52 -0.01709  2.52888e-01 | 53  0.00299 -2.58276e-02 | 54 -0.00611 -3.85752e-02
 55 -0.00764 -3.89450e-03 | 56 -0.00797 -8.37056e-02 | 57 -0.01487 -1.56282e-02
 58 -0.00713  2.42246e-02 | 59 -0.00204  7.70420e-02 | 60  0.00291  1.88653e-01
 61 -0.01361 -2.68835e-02 | 62  0.00731  7.57619e-02 | 63 -0.00941 -2.38178e-02
 64  0.00159 -3.08484e-02 | 65  0.00200  1.19901e-03 | 66  0.01491 -1.82712e-02
 67 -0.00894  2.43982e-02 | 68  0.02674 -3.92433e-02 | 69 -0.01486 -8.21106e-03
 70 -0.00195 -1.11937e-01 | 71  0.00787  1.69414e-02 | 72 -0.03275  6.15126e-02
 73 -0.01308 -2.07024e-02 | 74  0.01542 -4.53226e-02 | 75  0.02491  1.00620e-01
 76  0.02825 -1.54687e-02 | 77  0.02439  2.39974e-01 | 78  0.00243 -2.36701e-01
 79  0.02829  1.37536e-02 | 80 -0.00901 -1.10418e-01 | 81 -0.00940 -1.57372e-01
 82 -0.00910 -1.06228e-02 | 83 -0.02061 -3.38849e-02 | 84 -0.00851  1.92265e-01
 85 -0.00900 -1.29792e-01 | 86  0.00165  9.34622e-02 | 87 -0.02814  1.68543e-01
 88 -0.01077  8.38109e-02 | 89 -0.01963  1.21775e-01 | 90  0.02448  1.02446e-02
 91 -0.02736 -1.31130e-01 | 92 -0.01043 -8.28100e-03 | 93 -0.00748 -1.18800e-01
 94  0.02479 -7.08988e-02 | 95  0.03445  2.04713e-02 | 96  0.06922 -5.56293e-02
 97 -0.01168 -1.63686e-02 | 98  0.00557 -2.02590e-01 | 99  0.03408 -9.85115e-02
100  0.00553  9.49669e-02 |101 -0.00283  1.51688e-02 |102 -0.00053  9.54114e-03
103 -0.00029  2.67482e-02 |104 -0.01027  3.14932e-02 |105 -0.40513 -2.11804e-02
106 -0.29381  2.68136e-02 |107 -0.24583 -1.13325e-02 |

Intermediate statistics: 107 variables; iteration 20; function evaluation 28; phase 4
Function value 5.4400801e+02; maximum gradient component mag -1.3158e+03
Var    Value     Gradient |Var    Value     Gradient |Var    Value     Gradient
  1 -0.42530 -3.20731e+02 |  2 -0.43011 -1.31580e+03 |  3 -0.39582 -6.62552e+02
  4  0.60545 -1.11674e+03 |  5  0.00002 -5.50285e-01 |  6  0.00000 -1.21732e-01
  7  0.00000 -1.48598e-01 |  8  0.00001 -1.81358e-01 |  9 -0.00035  3.49272e+01
 10 -0.00036  3.48570e+01 | 11 -0.00038  3.47728e+01 | 12 -0.00040  3.46721e+01
 13 -0.00042  3.45521e+01 | 14 -0.00044  3.44090e+01 | 15 -0.00046  3.42401e+01
 16 -0.00049  3.40387e+01 | 17 -0.00051  3.37996e+01 | 18 -0.00054  3.35157e+01
 19 -0.00058  3.31796e+01 | 20 -0.00062  3.27842e+01 | 21 -0.00065  3.23220e+01
 22 -0.00062  3.17861e+01 | 23 -0.00071  3.11851e+01 | 24 -0.00070  3.05132e+01
 25 -0.00069  2.97851e+01 | 26 -0.00062  2.90120e+01 | 27 -0.00050  2.82114e+01
 28 -0.00015  2.73777e+01 | 29 -0.00034  2.65656e+01 | 30 -0.00096  2.63869e+01
 31 -0.00225  2.55830e+01 | 32 -0.00452  2.47401e+01 | 33 -0.00643  2.36462e+01
 34 -0.00765  2.25870e+01 | 35 -0.00820  2.15020e+01 | 36 -0.00085  1.81388e+01
 37 -0.00436  1.76274e+01 | 38 -0.00372  1.63057e+01 | 39 -0.00265  1.42176e+01
 40 -0.00393  1.28907e+01 | 41  0.01521  1.99343e+00 | 42 -0.00648  9.44558e+00
 43 -0.00560  7.75013e+00 | 44 -0.00261  4.27485e+00 | 45 -0.00677  4.13564e+00
 46 -0.00840  3.68911e+00 | 47  0.00463 -7.64207e+00 | 48  0.02047 -2.16314e+01
 49  0.00065 -8.73951e+00 | 50  0.01180 -2.13271e+01 | 51  0.00083 -1.51544e+01
 52 -0.01711 -6.24348e+00 | 53  0.00370 -2.45743e+01 | 54 -0.00513 -1.96455e+01
 55 -0.00672 -2.12476e+01 | 56 -0.00703 -2.38571e+01 | 57 -0.01509 -2.01211e+01
 58 -0.00655 -2.85229e+01 | 59 -0.00122 -3.60166e+01 | 60  0.00417 -4.38239e+01
 61 -0.01303 -2.66955e+01 | 62  0.00689 -5.33219e+01 | 63 -0.00898 -3.22505e+01
 64  0.00215 -4.52219e+01 | 65  0.00266 -4.60257e+01 | 66  0.01565 -6.43669e+01
 67 -0.00929 -3.55358e+01 | 68  0.02601 -8.68477e+01 | 69 -0.01487 -2.74315e+01
 70 -0.00297 -4.27897e+01 | 71  0.00635 -5.71092e+01 | 72 -0.03328 -1.35083e+01
 73 -0.01412 -2.67916e+01 | 74  0.01434 -6.02216e+01 | 75  0.02530 -5.61555e+01
 76  0.02755 -5.69181e+01 | 77  0.02450 -5.28729e+01 | 78  0.00136 -2.70246e+01
 79  0.02839 -5.89871e+01 | 80 -0.01018 -1.65486e+01 | 81 -0.00894 -1.03819e+01
 82 -0.01003 -1.41956e+01 | 83 -0.02021 -8.55997e-01 | 84 -0.00961 -8.89975e+00
 85 -0.00841 -2.50502e+00 | 86  0.00093 -1.75401e+00 | 87 -0.02734  1.50279e+01
 88 -0.01173  1.00959e+01 | 89 -0.01981  1.43616e+01 | 90  0.02344 -6.37573e+00
 91 -0.02754  2.22024e+01 | 92 -0.01166  2.39775e+01 | 93 -0.00764  2.36677e+01
 94  0.02344  2.44802e+01 | 95  0.03410  2.24663e+01 | 96  0.06784  1.94839e+01
 97 -0.01283  2.50113e+01 | 98  0.00336  3.14152e+01 | 99  0.03380  3.69929e+01
100  0.00367  3.66238e+01 |101 -0.00281  3.59476e+01 |102 -0.00046  3.53515e+01
103 -0.00028  3.52622e+01 |104 -0.02259 -8.45927e+01 |105 -0.40852  1.40099e+02
106 -0.31188 -3.96797e+00 |107 -0.24920 -1.36652e+01 |
107 variables; iteration 40; function evaluation 50; phase 4
Function value 5.4322307e+02; maximum gradient component mag -1.4078e+03
Var    Value     Gradient |Var    Value     Gradient |Var    Value     Gradient
  1 -0.42142 -1.16948e+02 |  2 -0.43371 -1.40784e+03 |  3 -0.39141 -5.69920e+02
  4  0.60722 -1.13124e+03 |  5 -0.00026 -1.02625e+00 |  6 -0.00006 -2.25690e-01
  7 -0.00007 -2.75485e-01 |  8 -0.00008 -3.36112e-01 |  9 -0.00026  3.43446e+01
 10 -0.00026  3.42864e+01 | 11 -0.00027  3.42145e+01 | 12 -0.00027  3.41259e+01
 13 -0.00028  3.40167e+01 | 14 -0.00029  3.38830e+01 | 15 -0.00030  3.37179e+01
 16 -0.00031  3.35189e+01 | 17 -0.00033  3.32805e+01 | 18 -0.00034  3.29977e+01
 19 -0.00035  3.26665e+01 | 20 -0.00036  3.22812e+01 | 21 -0.00036  3.18393e+01
 22 -0.00028  3.13312e+01 | 23 -0.00032  3.07601e+01 | 24 -0.00027  3.01035e+01
 25 -0.00024  2.93512e+01 | 26 -0.00021  2.84777e+01 | 27 -0.00023  2.74525e+01
 28 -0.00015  2.62207e+01 | 29 -0.00077  2.48538e+01 | 30 -0.00175  2.42378e+01
 31 -0.00329  2.30828e+01 | 32 -0.00526  2.25553e+01 | 33 -0.00644  2.23437e+01
 34 -0.00738  2.15591e+01 | 35 -0.00794  2.03514e+01 | 36 -0.00035  1.72734e+01
 37 -0.00383  1.66972e+01 | 38 -0.00406  1.41162e+01 | 39 -0.00304  1.19962e+01
 40 -0.00366  1.13255e+01 | 41  0.01597  8.11076e-01 | 42 -0.00553  8.76002e+00
 43 -0.00566  5.48903e+00 | 44 -0.00285  1.83006e+00 | 45 -0.00720  1.44654e+00
 46 -0.00867  1.25930e+00 | 47  0.00411 -1.10877e+01 | 48  0.01907 -2.64350e+01
 49 -0.00013 -1.22388e+01 | 50  0.01322 -2.31727e+01 | 51 -0.00146 -1.99383e+01
 52 -0.01656 -7.89316e+00 | 53  0.00281 -2.88206e+01 | 54 -0.00603 -2.36282e+01
 55 -0.00721 -2.46868e+01 | 56 -0.00700 -2.66484e+01 | 57 -0.01390 -2.10598e+01
 58 -0.00774 -3.26426e+01 | 59  0.00015 -3.85281e+01 | 60  0.00463 -4.62124e+01
 61 -0.01116 -2.68409e+01 | 62  0.00914 -5.38806e+01 | 63 -0.00969 -3.57609e+01
 64  0.00334 -4.70822e+01 | 65  0.00395 -4.70875e+01 | 66  0.01462 -6.91322e+01
 67 -0.00893 -3.77822e+01 | 68  0.02699 -8.72773e+01 | 69 -0.01379 -2.65107e+01
 70 -0.00334 -4.57232e+01 | 71  0.00583 -5.89493e+01 | 72 -0.03252 -1.25494e+01
 73 -0.01474 -2.98719e+01 | 74  0.01454 -5.67909e+01 | 75  0.02362 -8.18263e+01
 76  0.02688 -6.64028e+01 | 77  0.02457 -4.73306e+01 | 78  0.00150 -1.82903e+01
 79  0.02846 -5.31459e+01 | 80 -0.01059 -1.92967e+01 | 81 -0.00971 -1.62721e+01
 82 -0.00996 -8.76636e+00 | 83 -0.02044 -1.37847e+00 | 84 -0.01042 -2.04898e+01
 85 -0.00777  9.35869e+00 | 86  0.00089  3.53792e+00 | 87 -0.02781  1.09932e+01
 88 -0.01126  2.50059e+01 | 89 -0.02061  1.08120e+01 | 90  0.02357  8.16083e+00
 91 -0.02860  1.61477e+01 | 92 -0.01288  6.01704e+00 | 93 -0.00779  2.74057e+01
 94  0.02279  1.63503e+01 | 95  0.03389  2.52332e+01 | 96  0.06748  2.48613e+01
 97 -0.01275  3.06424e+01 | 98  0.00285  3.03119e+01 | 99  0.03355  3.90323e+01
100  0.00341  3.64470e+01 |101 -0.00261  3.65969e+01 |102 -0.00053  3.45113e+01
103 -0.00026  3.45950e+01 |104 -0.02339 -7.02082e+01 |105 -0.41036  1.06618e+02
106 -0.32020 -2.24758e+00 |107 -0.25622 -1.70511e+00 |
107 variables; iteration 60; function evaluation 79; phase 4
Function value 5.4298732e+02; maximum gradient component mag -4.7109e+02
Var    Value     Gradient |Var    Value     Gradient |Var    Value     Gradient
  1 -0.42186 -1.68925e+01 |  2 -0.43413 -4.71088e+02 |  3 -0.38960 -1.90833e+02
  4  0.60713 -4.03218e+02 |  5 -0.00025 -5.67055e-01 |  6 -0.00006 -1.24374e-01
  7 -0.00007 -1.51846e-01 |  8 -0.00008 -1.85291e-01 |  9 -0.00044  1.18276e+01
 10 -0.00044  1.18099e+01 | 11 -0.00044  1.17874e+01 | 12 -0.00044  1.17587e+01
 13 -0.00045  1.17224e+01 | 14 -0.00046  1.16768e+01 | 15 -0.00047  1.16178e+01
 16 -0.00048  1.15460e+01 | 17 -0.00049  1.14588e+01 | 18 -0.00051  1.13545e+01
 19 -0.00052  1.12313e+01 | 20 -0.00053  1.10855e+01 | 21 -0.00054  1.09138e+01
 22 -0.00049  1.07059e+01 | 23 -0.00057  1.04535e+01 | 24 -0.00058  1.01364e+01
 25 -0.00063  9.74793e+00 | 26 -0.00066  9.29302e+00 | 27 -0.00068  8.81506e+00
 28 -0.00048  8.37364e+00 | 29 -0.00080  8.02750e+00 | 30 -0.00160  7.83344e+00
 31 -0.00317  7.17137e+00 | 32 -0.00542  6.70000e+00 | 33 -0.00654  7.22079e+00
 34 -0.00743  7.21905e+00 | 35 -0.00800  6.77910e+00 | 36 -0.00033  5.86736e+00
 37 -0.00396  5.63970e+00 | 38 -0.00405  4.15114e+00 | 39 -0.00268  3.83425e+00
 40 -0.00298  4.96092e+00 | 41  0.01706  1.98445e+00 | 42 -0.00566  3.12975e+00
 43 -0.00539  1.67813e+00 | 44 -0.00273 -3.31998e-02 | 45 -0.00672  9.89204e-02
 46 -0.00963 -1.12147e+00 | 47  0.00528 -3.87518e+00 | 48  0.02265 -6.39771e+00
 49 -0.00014 -5.47309e+00 | 50  0.01011 -1.09926e+01 | 51  0.00121 -5.99998e+00
 52 -0.01716 -3.89251e+00 | 53  0.00384 -1.02421e+01 | 54 -0.00448 -7.60290e+00
 55 -0.00664 -9.04445e+00 | 56 -0.00656 -9.65531e+00 | 57 -0.01507 -9.37831e+00
 58 -0.00846 -1.47740e+01 | 59 -0.00027 -1.33954e+01 | 60  0.00429 -1.67631e+01
 61 -0.01368 -1.16881e+01 | 62  0.00817 -1.96468e+01 | 63 -0.00852 -1.22946e+01
 64  0.00249 -1.64832e+01 | 65  0.00404 -1.44227e+01 | 66  0.01445 -2.60798e+01
 67 -0.00767 -1.11011e+01 | 68  0.02621 -3.19066e+01 | 69 -0.01490 -9.68722e+00
 70 -0.00293 -1.48664e+01 | 71  0.00672 -1.88664e+01 | 72 -0.03271 -4.20088e+00
 73 -0.01428 -9.11158e+00 | 74  0.01430 -1.99280e+01 | 75  0.02460 -2.25616e+01
 76  0.02693 -2.32831e+01 | 77  0.02423 -1.78101e+01 | 78  0.00108 -8.27386e+00
 79  0.02839 -1.92970e+01 | 80 -0.01037 -4.46473e+00 | 81 -0.00940 -4.35831e+00
 82 -0.01002 -3.46788e+00 | 83 -0.02053 -1.61677e+00 | 84 -0.00970 -1.35523e+00
 85 -0.00866 -1.15998e+00 | 86  0.00044 -1.85872e+00 | 87 -0.02758  4.60383e+00
 88 -0.01206  3.94743e+00 | 89 -0.02011  6.51886e+00 | 90  0.02352  2.05390e+00
 91 -0.02797  7.14210e+00 | 92 -0.01201  7.02706e+00 | 93 -0.00794  9.66420e+00
 94  0.02309  8.84233e+00 | 95  0.03365  7.36907e+00 | 96  0.06743  8.09186e+00
 97 -0.01226  1.21097e+01 | 98  0.00312  1.25993e+01 | 99  0.03335  1.28248e+01
100  0.00345  1.29236e+01 |101 -0.00348  1.27718e+01 |102 -0.00070  1.17777e+01
103 -0.00044  1.18955e+01 |104 -0.03052 -2.57843e+01 |105 -0.41380  3.83092e+01
106 -0.31971 -1.47266e+00 |107 -0.25458  3.53630e+00 |
Maximum number of function evaluations exceeded

 - final statistics:
107 variables; iteration 74; function evaluation 100
Function value 5.4291e+02; maximum gradient component mag -3.4269e+01
Exit code = 3;  converg criter 1.0000e+00
Var    Value     Gradient |Var    Value     Gradient |Var    Value     Gradient
  1 -0.42323  2.27929e+00 |  2 -0.43514 -3.42692e+01 |  3 -0.38672 -1.23997e+01
  4  0.60798 -3.36568e+01 |  5 -0.00012 -1.29735e-01 |  6 -0.00003 -2.80490e-02
  7 -0.00003 -3.42634e-02 |  8 -0.00004 -4.18270e-02 |  9 -0.00027  9.42102e-01
 10 -0.00027  9.46112e-01 | 11 -0.00027  9.50446e-01 | 12 -0.00027  9.55017e-01
 13 -0.00027  9.59718e-01 | 14 -0.00027  9.64448e-01 | 15 -0.00027  9.68570e-01
 16 -0.00028  9.72605e-01 | 17 -0.00028  9.76268e-01 | 18 -0.00028  9.79227e-01
 19 -0.00028  9.80426e-01 | 20 -0.00029  9.76746e-01 | 21 -0.00029  9.62450e-01
 22 -0.00024  9.26764e-01 | 23 -0.00032  8.60334e-01 | 24 -0.00032  7.72262e-01
 25 -0.00029  7.41547e-01 | 26 -0.00008  9.41374e-01 | 27  0.00038  1.48272e+00
 28  0.00078  1.65810e+00 | 29 -0.00030  4.80072e-01 | 30 -0.00087  7.43885e-01
 31 -0.00219  7.41000e-01 | 32 -0.00397  1.29789e+00 | 33 -0.00597  6.85458e-01
 34 -0.00691  9.49224e-01 | 35 -0.00774  4.51368e-01 | 36 -0.00049 -2.08300e-01
 37 -0.00405  1.82723e-02 | 38 -0.00338  3.26492e-01 | 39 -0.00230  2.11360e-01
 40 -0.00337  5.00998e-01 | 41  0.01601 -3.86161e-01 | 42 -0.00615 -5.68405e-01
 43 -0.00511  6.77210e-02 | 44 -0.00239 -4.50078e-01 | 45 -0.00635 -2.25740e-01
 46 -0.00851  2.92546e-01 | 47  0.00561 -2.01140e-01 | 48  0.02100 -5.02416e-01
 49  0.00073 -1.60732e-01 | 50  0.01201 -5.06204e-01 | 51  0.00055 -1.27870e+00
 52 -0.01719 -1.50008e+00 | 53  0.00415 -6.73229e-01 | 54 -0.00496 -8.40049e-01
 55 -0.00647 -9.83318e-01 | 56 -0.00674 -1.38063e+00 | 57 -0.01379  6.17086e-01
 58 -0.00605 -6.71901e-01 | 59 -0.00144 -1.56724e+00 | 60  0.00376 -1.77031e+00
 61 -0.01351 -1.52336e+00 | 62  0.00776 -1.69765e+00 | 63 -0.00904 -1.16243e+00
 64  0.00176 -1.22716e+00 | 65  0.00193 -1.52135e+00 | 66  0.01484 -1.82767e+00
 67 -0.00876 -9.60471e-01 | 68  0.02572 -2.89921e+00 | 69 -0.01565 -1.03029e+00
 70 -0.00367 -1.29558e+00 | 71  0.00609 -1.23827e+00 | 72 -0.03317 -2.65852e-01
 73 -0.01484 -4.42787e-01 | 74  0.01378 -1.58540e+00 | 75  0.02429 -5.21665e-01
 76  0.02656 -1.79362e+00 | 77  0.02384 -2.05294e+00 | 78  0.00062 -1.42428e+00
 79  0.02813 -1.95446e+00 | 80 -0.01073  4.13488e-02 | 81 -0.00957 -2.00298e-02
 82 -0.01035 -5.56146e-01 | 83 -0.02062  2.63623e-01 | 84 -0.00999  1.35831e+00
 85 -0.00889 -1.36698e+00 | 86  0.00013 -8.99063e-01 | 87 -0.02768  5.01809e-01
 88 -0.01245 -9.97774e-01 | 89 -0.02038  4.37463e-01 | 90  0.02323 -1.13910e-01
 91 -0.02798  1.39734e+00 | 92 -0.01216  2.51622e+00 | 93 -0.00827 -2.58059e-01
 94  0.02275  1.46465e+00 | 95  0.03348  3.81880e-01 | 96  0.06713  4.80053e-01
 97 -0.01233  1.17519e+00 | 98  0.00280  1.52068e+00 | 99  0.03321  8.38335e-01
100  0.00320  9.92732e-01 |101 -0.00378  8.39555e-01 |102 -0.00054  7.69635e-01
103 -0.00027  9.17147e-01 |104 -0.03512 -2.10455e+00 |105 -0.41602  2.44274e+00
106 -0.31951 -1.02682e-01 |107 -0.25251  4.71246e-01 |

Initial statistics: 110 variables; iteration 0; function evaluation 0; phase 5
Function value 5.4290882e+02; maximum gradient component mag -8.0502e+02
Var    Value     Gradient |Var    Value     Gradient |Var    Value     Gradient
  1 -0.42323  2.27929e+00 |  2 -0.43514 -3.42692e+01 |  3 -0.38672 -1.23997e+01
  4 -0.41222  4.94661e+01 |  5 -0.41222  3.87757e+01 |  6  0.60798 -3.36568e+01
  7 -0.00012 -1.29735e-01 |  8 -0.00003 -2.80490e-02 |  9 -0.00003 -3.42634e-02
 10 -0.00004 -4.18270e-02 | 11 -0.00027  9.55972e-01 | 12 -0.00027  9.59982e-01
 13 -0.00027  9.64316e-01 | 14 -0.00027  9.68887e-01 | 15 -0.00027  9.73588e-01
 16 -0.00027  9.78318e-01 | 17 -0.00027  9.82440e-01 | 18 -0.00028  9.86476e-01
 19 -0.00028  9.90138e-01 | 20 -0.00028  9.93097e-01 | 21 -0.00028  9.94296e-01
 22 -0.00029  9.90617e-01 | 23 -0.00029  9.76321e-01 | 24 -0.00024  9.40634e-01
 25 -0.00032  8.74204e-01 | 26 -0.00032  7.86132e-01 | 27 -0.00029  7.55418e-01
 28 -0.00008  9.55244e-01 | 29  0.00038  1.49659e+00 | 30  0.00078  1.67197e+00
 31 -0.00030  4.93942e-01 | 32 -0.00086  7.57755e-01 | 33 -0.00219  7.54870e-01
 34 -0.00397  1.31176e+00 | 35 -0.00597  6.99328e-01 | 36 -0.00691  9.63093e-01
 37 -0.00774  4.65237e-01 | 38 -0.00049 -1.94430e-01 | 39 -0.00405  3.21421e-02
 40 -0.00338  3.40362e-01 | 41 -0.00230  2.25230e-01 | 42 -0.00337  5.14868e-01
 43  0.01601 -3.72295e-01 | 44 -0.00615 -5.54536e-01 | 45 -0.00511  8.15907e-02
 46 -0.00239 -4.36208e-01 | 47 -0.00635 -2.11871e-01 | 48 -0.00851  3.06415e-01
 49  0.00561 -1.87270e-01 | 50  0.02100 -4.88553e-01 | 51  0.00073 -1.46862e-01
 52  0.01201 -4.92337e-01 | 53  0.00055 -1.26483e+00 | 54 -0.01719 -1.48621e+00
 55  0.00415 -6.59359e-01 | 56 -0.00496 -8.26179e-01 | 57 -0.00647 -9.69448e-01
 58 -0.00674 -1.36676e+00 | 59 -0.01379  6.30952e-01 | 60 -0.00605 -6.58032e-01
 61 -0.00144 -1.55337e+00 | 62  0.00376 -1.75644e+00 | 63 -0.01351 -1.50949e+00
 64  0.00776 -1.68378e+00 | 65 -0.00904 -1.14856e+00 | 66  0.00176 -1.21329e+00
 67  0.00193 -1.50748e+00 | 68  0.01484 -1.81381e+00 | 69 -0.00876 -9.46602e-01
 70  0.02572 -2.88535e+00 | 71 -0.01565 -1.01642e+00 | 72 -0.00367 -1.28171e+00
 73  0.00609 -1.22440e+00 | 74 -0.03317 -2.52000e-01 | 75 -0.01484 -4.28920e-01
 76  0.01378 -1.57153e+00 | 77  0.02429 -5.07805e-01 | 78  0.02656 -1.77976e+00
 79  0.02384 -2.03908e+00 | 80  0.00062 -1.41041e+00 | 81  0.02813 -1.94061e+00
 82 -0.01073  5.52170e-02 | 83 -0.00956 -6.16118e-03 | 84 -0.01035 -5.42278e-01
 85 -0.02062  2.77486e-01 | 86 -0.00999  1.37217e+00 | 87 -0.00889 -1.35311e+00
 88  0.00013 -8.85193e-01 | 89 -0.02768  5.15666e-01 | 90 -0.01245 -9.83907e-01
 91 -0.02038  4.51326e-01 | 92  0.02323 -1.00049e-01 | 93 -0.02798  1.41120e+00
 94 -0.01216  2.53009e+00 | 95 -0.00827 -2.44190e-01 | 96  0.02275  1.47851e+00
 97  0.03348  3.95731e-01 | 98  0.06713  4.93846e-01 | 99 -0.01233  1.18906e+00
100  0.00280  1.53455e+00 |101  0.03321  8.52186e-01 |102  0.00320  1.00660e+00
103 -0.00378  8.53425e-01 |104 -0.00054  7.83505e-01 |105 -0.00027  9.31018e-01
106  0.00000 -8.05020e+02 |107 -0.03512 -2.10455e+00 |108 -0.41602  2.44274e+00
109 -0.31951 -1.02682e-01 |110 -0.25251  4.71246e-01 |

Intermediate statistics: 110 variables; iteration 20; function evaluation 26; phase 5
Function value 5.4027091e+02; maximum gradient component mag -9.5668e+02
Var    Value     Gradient |Var    Value     Gradient |Var    Value     Gradient
  1 -0.42540 -2.48880e+01 |  2 -0.42788 -9.56677e+02 |  3 -0.39427 -3.21605e+02
  4 -0.39978 -1.80761e+01 |  5 -0.49111 -1.64378e+01 |  6  0.60239 -9.44176e+02
  7 -0.00014 -6.77945e-01 |  8 -0.00003 -1.49519e-01 |  9 -0.00004 -1.82519e-01
 10 -0.00005 -2.22709e-01 | 11 -0.00017  2.50992e+01 | 12 -0.00017  2.50576e+01
 13 -0.00018  2.50064e+01 | 14 -0.00018  2.49434e+01 | 15 -0.00018  2.48662e+01
 16 -0.00018  2.47716e+01 | 17 -0.00019  2.46558e+01 | 18 -0.00019  2.45154e+01
 19 -0.00020  2.43460e+01 | 20 -0.00020  2.41425e+01 | 21 -0.00020  2.38986e+01
 22 -0.00021  2.36049e+01 | 23 -0.00021  2.32510e+01 | 24 -0.00015  2.28182e+01
 25 -0.00023  2.23011e+01 | 26 -0.00022  2.17019e+01 | 27 -0.00015  2.11125e+01
 28  0.00015  2.07153e+01 | 29  0.00073  2.06127e+01 | 30  0.00121  2.00258e+01
 31  0.00005  1.79913e+01 | 32 -0.00077  1.78613e+01 | 33 -0.00259  1.69639e+01
 34 -0.00464  1.69076e+01 | 35 -0.00651  1.57520e+01 | 36 -0.00743  1.53384e+01
 37 -0.00849  1.41189e+01 | 38 -0.00069  1.01568e+01 | 39 -0.00407  1.06868e+01
 40 -0.00278  9.41812e+00 | 41 -0.00223  7.48714e+00 | 42 -0.00449  7.16752e+00
 43  0.01672 -4.14271e+00 | 44 -0.00605  3.57337e+00 | 45 -0.00449  1.96198e+00
 46 -0.00100 -1.38467e+00 | 47 -0.00554 -1.44187e+00 | 48 -0.00859 -7.31090e-01
 49  0.00565 -1.21146e+01 | 50  0.01797 -2.43528e+01 | 51 -0.00051 -1.29797e+01
 52  0.01513 -2.41375e+01 | 53 -0.00006 -2.01254e+01 | 54 -0.01756 -1.14459e+01
 55  0.00267 -2.74005e+01 | 56 -0.00384 -2.29422e+01 | 57 -0.00631 -2.45740e+01
 58 -0.00614 -2.72762e+01 | 59 -0.01402 -2.14125e+01 | 60 -0.00788 -3.12290e+01
 61  0.00102 -3.79247e+01 | 62  0.00396 -4.56814e+01 | 63 -0.01477 -3.02944e+01
 64  0.00446 -5.31417e+01 | 65 -0.01301 -3.56753e+01 | 66  0.00363 -4.65825e+01
 67  0.00093 -4.81634e+01 | 68  0.01255 -6.41928e+01 | 69 -0.00887 -3.76658e+01
 70  0.02569 -8.41958e+01 | 71 -0.01632 -3.23982e+01 | 72 -0.00488 -4.33229e+01
 73  0.00527 -5.56215e+01 | 74 -0.03338 -1.92176e+01 | 75 -0.01502 -3.29863e+01
 76  0.01443 -5.73706e+01 | 77  0.02347 -7.86710e+01 | 78  0.02709 -4.91647e+01
 79  0.02391 -6.60473e+01 | 80  0.00197 -1.54767e+01 | 81  0.03003 -2.02895e+01
 82 -0.00982 -2.30625e+01 | 83 -0.00724 -6.68075e+00 | 84 -0.00895 -9.45041e+00
 85 -0.01819  8.67652e+00 | 86 -0.00790  1.38616e+01 | 87 -0.00545  7.02535e+00
 88  0.00230  1.50935e+01 | 89 -0.02520  2.64453e+01 | 90 -0.01108  2.05360e+01
 91 -0.01916  1.66097e+01 | 92  0.02357 -2.04294e+00 | 93 -0.02816  9.61195e+00
 94 -0.01125  4.02917e+01 | 95 -0.00857  1.73744e+01 | 96  0.02096 -1.88849e+00
 97  0.03186  4.20749e+00 | 98  0.06578  1.43466e+01 | 99 -0.01291  2.43334e+01
100 -0.00093 -4.24094e-01 |101  0.02791  7.14100e-01 |102 -0.00321 -1.30703e+01
103 -0.00285  2.85259e+01 |104 -0.00046  2.51565e+01 |105 -0.00018  2.52811e+01
106  0.00335 -7.98563e+02 |107 -0.03175 -5.60506e+01 |108 -0.41404  8.56028e+01
109 -0.29840  1.10466e+01 |110 -0.24490 -1.31765e+01 |
110 variables; iteration 40; function evaluation 48; phase 5
Function value 5.3967436e+02; maximum gradient component mag -6.9496e+02
Var    Value     Gradient |Var    Value     Gradient |Var    Value     Gradient
  1 -0.42491 -3.42840e+01 |  2 -0.42675 -6.94957e+02 |  3 -0.39723 -2.53779e+02
  4 -0.39515 -8.41530e+00 |  5 -0.50322 -1.41956e+01 |  6  0.60240 -5.84771e+02
  7 -0.00001 -2.17568e-01 |  8 -0.00000 -4.97639e-02 |  9 -0.00000 -6.06381e-02
 10 -0.00000 -7.38426e-02 | 11 -0.00020  1.75196e+01 | 12 -0.00021  1.74932e+01
 13 -0.00021  1.74612e+01 | 14 -0.00022  1.74224e+01 | 15 -0.00023  1.73755e+01
 16 -0.00024  1.73188e+01 | 17 -0.00025  1.72507e+01 | 18 -0.00026  1.71687e+01
 19 -0.00028  1.70701e+01 | 20 -0.00029  1.69521e+01 | 21 -0.00030  1.68118e+01
 22 -0.00031  1.66485e+01 | 23 -0.00031  1.64619e+01 | 24 -0.00022  1.62573e+01
 25 -0.00023  1.60481e+01 | 26 -0.00011  1.58272e+01 | 27 -0.00002  1.55239e+01
 28 -0.00004  1.49294e+01 | 29 -0.00031  1.38466e+01 | 30 -0.00013  1.31309e+01
 31  0.00069  1.43244e+01 | 32 -0.00037  1.40095e+01 | 33 -0.00202  1.38063e+01
 34 -0.00484  1.29288e+01 | 35 -0.00628  1.26984e+01 | 36 -0.00748  1.22089e+01
 37 -0.00862  1.12306e+01 | 38 -0.00027  9.34414e+00 | 39 -0.00392  9.41155e+00
 40 -0.00271  8.57644e+00 | 41 -0.00196  7.87971e+00 | 42 -0.00578  5.59697e+00
 43  0.01776  2.05137e+00 | 44 -0.00605  4.86160e+00 | 45 -0.00477  3.63480e+00
 46 -0.00108  2.02744e+00 | 47 -0.00572  1.87766e+00 | 48 -0.01073 -3.52581e-01
 49  0.00608 -3.64310e+00 | 50  0.01881 -1.09089e+01 | 51 -0.00118 -5.76510e+00
 52  0.01504 -1.03875e+01 | 53  0.00108 -7.49961e+00 | 54 -0.01751 -4.22783e+00
 55  0.00255 -1.39565e+01 | 56 -0.00412 -1.08390e+01 | 57 -0.00717 -1.27513e+01
 58 -0.00612 -1.31937e+01 | 59 -0.01577 -1.24578e+01 | 60 -0.00708 -1.55101e+01
 61 -0.00009 -2.06724e+01 | 62  0.00240 -2.60898e+01 | 63 -0.01341 -1.33428e+01
 64  0.00459 -2.90356e+01 | 65 -0.01114 -1.66448e+01 | 66  0.00455 -2.28827e+01
 67 -0.00109 -2.92033e+01 | 68  0.01176 -3.93194e+01 | 69 -0.01217 -2.89388e+01
 70  0.02636 -4.63129e+01 | 71 -0.01518 -1.39614e+01 | 72 -0.00432 -2.14275e+01
 73  0.00700 -2.39109e+01 | 74 -0.03333 -9.77239e+00 | 75 -0.01507 -2.34696e+01
 76  0.01446 -3.66927e+01 | 77  0.02454 -3.55291e+01 | 78  0.02693 -3.53916e+01
 79  0.02437 -4.19570e+01 | 80  0.00191 -1.41644e+01 | 81  0.02910 -2.96227e+01
 82 -0.00919 -1.34356e+01 | 83 -0.00731 -7.34316e+00 | 84 -0.00856 -4.41296e+00
 85 -0.01866 -1.63218e+00 | 86 -0.00823 -1.21896e-01 | 87 -0.00577 -3.96024e+00
 88  0.00180 -3.24184e+00 | 89 -0.02643  6.48521e+00 | 90 -0.01148  8.13975e+00
 91 -0.01907  9.24606e+00 | 92  0.02349 -2.65053e+00 | 93 -0.02795  5.85695e+00
 94 -0.01265  5.65374e+00 | 95 -0.00832  9.23116e+00 | 96  0.02163  6.80702e+00
 97  0.03311  8.84493e+00 | 98  0.06643  1.06670e+01 | 99 -0.01237  1.70450e+01
100  0.00122  1.57450e+01 |101  0.03037  1.39638e+01 |102  0.00117  1.80348e+01
103 -0.00174  2.21505e+01 |104 -0.00034  1.76896e+01 |105 -0.00018  1.76410e+01
106  0.00425 -3.07266e+02 |107 -0.02778 -3.49536e+01 |108 -0.41304  4.94205e+01
109 -0.29978 -2.27075e+00 |110 -0.24697  1.64149e+00 |
110 variables; iteration 60; function evaluation 79; phase 5
Function value 5.3951053e+02; maximum gradient component mag -4.0569e+02
Var    Value     Gradient |Var    Value     Gradient |Var    Value     Gradient
  1 -0.42506 -2.98994e+01 |  2 -0.42603 -4.05688e+02 |  3 -0.39863 -1.58071e+02
  4 -0.39468 -2.77071e+00 |  5 -0.50201 -6.10728e+00 |  6  0.60145 -3.24118e+02
  7 -0.00004 -1.07086e-01 |  8 -0.00001 -2.39172e-02 |  9 -0.00001 -2.91924e-02
 10 -0.00001 -3.56329e-02 | 11 -0.00036  1.01333e+01 | 12 -0.00037  1.01146e+01
 13 -0.00038  1.00921e+01 | 14 -0.00040  1.00651e+01 | 15 -0.00041  1.00329e+01
 16 -0.00043  9.99452e+00 | 17 -0.00045  9.94906e+00 | 18 -0.00048  9.89478e+00
 19 -0.00050  9.83027e+00 | 20 -0.00053  9.75391e+00 | 21 -0.00055  9.66437e+00
 22 -0.00058  9.56202e+00 | 23 -0.00060  9.44740e+00 | 24 -0.00054  9.32369e+00
 25 -0.00057  9.19574e+00 | 26 -0.00051  9.05153e+00 | 27 -0.00045  8.85367e+00
 28 -0.00039  8.55562e+00 | 29 -0.00028  8.22309e+00 | 30  0.00015  8.05468e+00
 31 -0.00008  7.88430e+00 | 32 -0.00095  7.88710e+00 | 33 -0.00259  7.85175e+00
 34 -0.00520  7.47102e+00 | 35 -0.00686  7.12813e+00 | 36 -0.00805  6.86979e+00
 37 -0.00897  6.48058e+00 | 38 -0.00075  5.18305e+00 | 39 -0.00437  5.31367e+00
 40 -0.00317  4.92665e+00 | 41 -0.00266  4.28376e+00 | 42 -0.00539  3.80323e+00
 43  0.01679  9.61355e-01 | 44 -0.00599  3.51701e+00 | 45 -0.00490  2.43402e+00
 46 -0.00141  1.42227e+00 | 47 -0.00614  1.10548e+00 | 48 -0.00949  1.37634e+00
 49  0.00574 -1.63015e+00 | 50  0.01790 -7.12565e+00 | 51  0.00036 -1.37617e+00
 52  0.01289 -7.24103e+00 | 53  0.00031 -4.58781e+00 | 54 -0.01663 -4.36627e-01
 55  0.00263 -7.71160e+00 | 56 -0.00494 -6.43453e+00 | 57 -0.00664 -6.25798e+00
 58 -0.00630 -6.82322e+00 | 59 -0.01528 -6.39313e+00 | 60 -0.00691 -7.92726e+00
 61 -0.00104 -1.20729e+01 | 62  0.00424 -1.27220e+01 | 63 -0.01488 -9.10824e+00
 64  0.00516 -1.61405e+01 | 65 -0.01136 -9.50308e+00 | 66  0.00175 -1.53487e+01
 67  0.00239 -1.19359e+01 | 68  0.01326 -1.86133e+01 | 69 -0.00840 -9.20840e+00
 70  0.02618 -2.67629e+01 | 71 -0.01570 -8.76071e+00 | 72 -0.00398 -1.18473e+01
 73  0.00578 -1.81024e+01 | 74 -0.03266 -4.12862e+00 | 75 -0.01303 -5.88437e+00
 76  0.01508 -1.73524e+01 | 77  0.02490 -1.78878e+01 | 78  0.02738 -2.04511e+01
 79  0.02550 -1.20812e+01 | 80  0.00240 -8.04809e+00 | 81  0.02919 -2.09472e+01
 82 -0.00836 -2.65425e+00 | 83 -0.00725 -5.41995e+00 | 84 -0.00831 -4.24445e+00
 85 -0.01850 -1.16317e+00 | 86 -0.00810 -3.74096e+00 | 87 -0.00547 -1.15088e+00
 88  0.00217 -2.17886e+00 | 89 -0.02652  1.15061e+00 | 90 -0.01137  8.95466e-01
 91 -0.01904  3.62077e+00 | 92  0.02392  1.72370e+00 | 93 -0.02729  7.30054e+00
 94 -0.01208  5.90827e+00 | 95 -0.00796  7.40691e+00 | 96  0.02222  8.55524e+00
 97  0.03341  7.71049e+00 | 98  0.06674  6.21249e+00 | 99 -0.01251  8.92450e+00
100  0.00169  1.16971e+01 |101  0.03077  1.21040e+01 |102  0.00177  1.39648e+01
103 -0.00489  8.65970e+00 |104 -0.00046  1.03074e+01 |105 -0.00032  1.02225e+01
106  0.00470 -1.23909e+02 |107 -0.02514 -1.85345e+01 |108 -0.41200  2.46874e+01
109 -0.29413 -1.75274e+00 |110 -0.24494  1.86797e+00 |
110 variables; iteration 80; function evaluation 110; phase 5
Function value 5.3947906e+02; maximum gradient component mag -3.5861e+01
Var    Value     Gradient |Var    Value     Gradient |Var    Value     Gradient
  1 -0.42504 -2.76526e+00 |  2 -0.42546 -3.58609e+01 |  3 -0.39944 -1.34101e+01
  4 -0.39455 -9.87250e-02 |  5 -0.50292 -5.26239e-01 |  6  0.60077 -2.74350e+01
  7 -0.00013 -3.27515e-02 |  8 -0.00003 -6.43133e-03 |  9 -0.00003 -7.90729e-03
 10 -0.00004 -9.72979e-03 | 11 -0.00036  8.90755e-01 | 12 -0.00037  8.89934e-01
 13 -0.00039  8.88745e-01 | 14 -0.00040  8.87048e-01 | 15 -0.00042  8.84639e-01
 16 -0.00044  8.81267e-01 | 17 -0.00046  8.76406e-01 | 18 -0.00049  8.70004e-01
 19 -0.00052  8.61605e-01 | 20 -0.00056  8.50833e-01 | 21 -0.00060  8.37353e-01
 22 -0.00064  8.20539e-01 | 23 -0.00068  8.00324e-01 | 24 -0.00065  7.76415e-01
 25 -0.00073  7.51085e-01 | 26 -0.00071  7.28673e-01 | 27 -0.00067  7.03922e-01
 28 -0.00059  6.49161e-01 | 29 -0.00040  6.76202e-01 | 30 -0.00016  4.68804e-01
 31 -0.00039  5.34358e-01 | 32 -0.00137  4.02171e-01 | 33 -0.00291  7.57028e-01
 34 -0.00572  2.58185e-01 | 35 -0.00704  7.50958e-01 | 36 -0.00835  5.72447e-01
 37 -0.00924  5.62065e-01 | 38 -0.00076  6.55864e-01 | 39 -0.00454  6.24734e-01
 40 -0.00351  4.53181e-01 | 41 -0.00294  3.93668e-01 | 42 -0.00552  4.65172e-01
 43  0.01632  2.13458e-01 | 44 -0.00662  1.24241e-01 | 45 -0.00523  3.30779e-01
 46 -0.00184  1.48862e-01 | 47 -0.00633  1.59820e-01 | 48 -0.00981  3.26467e-01
 49  0.00523 -4.99135e-02 | 50  0.01843 -1.47154e-01 | 51 -0.00102 -4.90577e-01
 52  0.01314 -4.14606e-01 | 53  0.00012 -3.02686e-01 | 54 -0.01767 -5.54405e-01
 55  0.00277 -4.64493e-01 | 56 -0.00479 -2.78151e-01 | 57 -0.00692 -5.77601e-01
 58 -0.00672 -6.75894e-01 | 59 -0.01490 -8.85707e-02 | 60 -0.00732 -6.17126e-01
 61 -0.00036 -8.12346e-01 | 62  0.00409 -7.65440e-01 | 63 -0.01415 -5.57502e-01
 64  0.00602 -5.61928e-01 | 65 -0.01123 -9.04056e-01 | 66  0.00268 -1.22436e+00
 67  0.00162 -1.33572e+00 | 68  0.01350 -1.66135e+00 | 69 -0.00854 -7.30775e-01
 70  0.02675 -2.24643e+00 | 71 -0.01535 -9.71497e-01 | 72 -0.00378 -1.13641e+00
 73  0.00651 -1.91856e+00 | 74 -0.03230 -4.13007e-01 | 75 -0.01304 -3.05074e-01
 76  0.01546 -1.47664e+00 | 77  0.02509 -1.29470e+00 | 78  0.02772 -1.85460e+00
 79  0.02554 -9.97036e-01 | 80  0.00266 -8.18108e-01 | 81  0.02955 -2.16317e+00
 82 -0.00819 -3.25959e-01 | 83 -0.00697 -6.86700e-01 | 84 -0.00804 -6.93606e-01
 85 -0.01829 -7.44096e-02 | 86 -0.00779 -5.80106e-01 | 87 -0.00528 -1.75261e-01
 88  0.00244 -3.29272e-01 | 89 -0.02617  1.39807e-01 | 90 -0.01109 -1.11021e-01
 91 -0.01885  3.80745e-01 | 92  0.02409  8.52952e-02 | 93 -0.02722  8.27234e-01
 94 -0.01189  5.83021e-01 | 95 -0.00793  8.14858e-01 | 96  0.02227  8.28009e-01
 97  0.03337  5.98458e-01 | 98  0.06681  4.47869e-01 | 99 -0.01246  7.67533e-01
100  0.00163  1.15432e+00 |101  0.03050  1.12801e+00 |102  0.00148  1.22574e+00
103 -0.00408  9.11213e-01 |104 -0.00054  8.75229e-01 |105 -0.00032  8.92477e-01
106  0.00493 -1.16045e+01 |107 -0.02383 -1.55276e+00 |108 -0.41139  2.01628e+00
109 -0.29201 -5.97578e-03 |110 -0.24437  1.01259e-01 |
110 variables; iteration 100; function evaluation 144; phase 5
Function value 5.3947803e+02; maximum gradient component mag -5.9320e-01
Var    Value     Gradient |Var    Value     Gradient |Var    Value     Gradient
  1 -0.42498 -3.84769e-02 |  2 -0.42531 -5.93196e-01 |  3 -0.39970 -2.34981e-01
  4 -0.39448 -4.88945e-03 |  5 -0.50338 -6.80817e-03 |  6  0.60068 -5.07134e-01
  7 -0.00012 -1.66992e-04 |  8 -0.00003 -5.80714e-06 |  9 -0.00003 -9.65733e-06
 10 -0.00004 -1.54608e-05 | 11 -0.00038  1.48792e-02 | 12 -0.00039  1.48261e-02
 13 -0.00040  1.47894e-02 | 14 -0.00042  1.47768e-02 | 15 -0.00044  1.47930e-02
 16 -0.00046  1.48347e-02 | 17 -0.00048  1.48687e-02 | 18 -0.00051  1.48778e-02
 19 -0.00054  1.48058e-02 | 20 -0.00057  1.46000e-02 | 21 -0.00061  1.42372e-02
 22 -0.00065  1.37186e-02 | 23 -0.00068  1.31932e-02 | 24 -0.00065  1.27970e-02
 25 -0.00072  1.26674e-02 | 26 -0.00070  1.28881e-02 | 27 -0.00066  1.31606e-02
 28 -0.00055  1.20804e-02 | 29 -0.00039  1.22342e-02 | 30 -0.00003  9.88697e-03
 31 -0.00032  1.09907e-02 | 32 -0.00122  1.21054e-02 | 33 -0.00300  1.20935e-02
 34 -0.00552  1.31138e-02 | 35 -0.00714  1.30340e-02 | 36 -0.00837  8.10660e-03
 37 -0.00927  7.59333e-03 | 38 -0.00088  8.26512e-03 | 39 -0.00465  7.59901e-03
 40 -0.00355  5.79679e-03 | 41 -0.00298  7.28939e-03 | 42 -0.00562  3.86739e-03
 43  0.01621 -1.93571e-03 | 44 -0.00658  2.33474e-03 | 45 -0.00533  3.86721e-03
 46 -0.00189 -1.85359e-03 | 47 -0.00638 -2.64329e-04 | 48 -0.00995 -1.13900e-03
 49  0.00517 -4.17495e-03 | 50  0.01822 -1.39786e-02 | 51 -0.00085 -3.39465e-03
 52  0.01305 -1.03440e-02 | 53  0.00007 -1.31722e-02 | 54 -0.01748 -2.24651e-03
 55  0.00269 -1.27711e-02 | 56 -0.00491 -8.93009e-03 | 57 -0.00690 -1.21879e-02
 58 -0.00669 -1.22107e-02 | 59 -0.01507 -1.18675e-02 | 60 -0.00735 -1.58409e-02
 61 -0.00038 -1.73077e-02 | 62  0.00394 -3.08752e-02 | 63 -0.01416 -1.64772e-02
 64  0.00578 -2.80628e-02 | 65 -0.01114 -1.90233e-02 | 66  0.00276 -1.57112e-02
 67  0.00175 -2.48018e-02 | 68  0.01357 -2.66891e-02 | 69 -0.00854 -1.44864e-02
 70  0.02684 -4.22156e-02 | 71 -0.01521 -1.29960e-02 | 72 -0.00370 -1.78138e-02
 73  0.00668 -2.47637e-02 | 74 -0.03223 -5.41929e-03 | 75 -0.01305 -1.12860e-02
 76  0.01553 -2.51603e-02 | 77  0.02510 -2.89565e-02 | 78  0.02777 -2.67797e-02
 79  0.02555 -2.49038e-02 | 80  0.00269 -1.12486e-02 | 81  0.02960 -2.32788e-02
 82 -0.00816 -5.90886e-03 | 83 -0.00692 -5.26439e-03 | 84 -0.00799 -2.96344e-03
 85 -0.01827 -6.06787e-04 | 86 -0.00774  1.22697e-04 | 87 -0.00525 -1.17789e-03
 88  0.00248 -3.68590e-04 | 89 -0.02614  6.49760e-03 | 90 -0.01105  5.54624e-03
 91 -0.01884  7.78324e-03 | 92  0.02411  3.92356e-03 | 93 -0.02723  1.01721e-02
 94 -0.01187  1.17357e-02 | 95 -0.00794  1.08848e-02 | 96  0.02227  1.06798e-02
 97  0.03338  1.07362e-02 | 98  0.06681  1.09090e-02 | 99 -0.01246  1.42214e-02
100  0.00161  1.54224e-02 |101  0.03045  1.48859e-02 |102  0.00143  1.58243e-02
103 -0.00410  1.54388e-02 |104 -0.00054  1.51859e-02 |105 -0.00033  1.55070e-02
106  0.00496 -1.56433e-01 |107 -0.02345 -3.18145e-02 |108 -0.41122  4.37660e-02
109 -0.29198 -9.93331e-04 |110 -0.24449  1.25098e-03 |
  ic > imax  in fminim is answer attained ?
Var    Value     Gradient |Var    Value     Gradient |Var    Value     Gradient
  1 -0.42498 -2.72336e-04 |  2 -0.42531 -4.18904e-03 |  3 -0.39970 -1.65596e-03
  4 -0.39448 -2.98099e-05 |  5 -0.50338 -4.74007e-05 |  6  0.60068 -3.56286e-03
  7 -0.00012 -2.66371e-06 |  8 -0.00003  1.06164e-07 |  9 -0.00003  7.84523e-08
 10 -0.00004  3.78420e-08 | 11 -0.00038  1.00234e-04 | 12 -0.00039  1.00578e-04
 13 -0.00040  1.01875e-04 | 14 -0.00042  1.04775e-04 | 15 -0.00044  1.08442e-04
 16 -0.00046  1.09276e-04 | 17 -0.00048  1.04369e-04 | 18 -0.00051  9.62673e-05
 19 -0.00054  9.58337e-05 | 20 -0.00057  1.05842e-04 | 21 -0.00061  1.08820e-04
 22 -0.00065  1.01734e-04 | 23 -0.00068  1.07106e-04 | 24 -0.00065  8.15833e-05
 25 -0.00072  5.90009e-05 | 26 -0.00070  1.02733e-04 | 27 -0.00066  9.49601e-05
 28 -0.00055  8.17796e-05 | 29 -0.00039  8.82012e-05 | 30 -0.00003  7.18064e-05
 31 -0.00032  8.51630e-05 | 32 -0.00122  8.23848e-05 | 33 -0.00300  8.49782e-05
 34 -0.00552  9.61084e-05 | 35 -0.00715  1.04313e-04 | 36 -0.00837  6.69314e-05
 37 -0.00927  6.27184e-05 | 38 -0.00089  6.78610e-05 | 39 -0.00465  6.35110e-05
 40 -0.00355  2.18859e-05 | 41 -0.00298  3.30602e-05 | 42 -0.00562  3.96298e-05
 43  0.01621 -1.82139e-05 | 44 -0.00658  1.54166e-05 | 45 -0.00533  2.57458e-05
 46 -0.00188 -1.48953e-05 | 47 -0.00638 -3.57004e-06 | 48 -0.00995 -1.91702e-05
 49  0.00517 -2.66055e-05 | 50  0.01822 -1.02799e-04 | 51 -0.00085 -2.09095e-05
 52  0.01305 -7.20910e-05 | 53  0.00007 -9.46179e-05 | 54 -0.01748 -1.22058e-05
 55  0.00269 -8.97999e-05 | 56 -0.00492 -6.40755e-05 | 57 -0.00690 -8.51436e-05
 58 -0.00669 -8.52678e-05 | 59 -0.01507 -8.89772e-05 | 60 -0.00735 -1.12104e-04
 61 -0.00038 -1.18637e-04 | 62  0.00395 -2.26400e-04 | 63 -0.01416 -1.18039e-04
 64  0.00578 -2.01990e-04 | 65 -0.01113 -1.35520e-04 | 66  0.00276 -1.05385e-04
 67  0.00175 -1.74526e-04 | 68  0.01357 -1.86226e-04 | 69 -0.00854 -1.03075e-04
 70  0.02684 -2.99957e-04 | 71 -0.01521 -9.11954e-05 | 72 -0.00370 -1.25817e-04
 73  0.00668 -1.75347e-04 | 74 -0.03223 -3.92066e-05 | 75 -0.01305 -7.99911e-05
 76  0.01553 -1.78335e-04 | 77  0.02510 -2.03916e-04 | 78  0.02777 -1.88643e-04
 79  0.02555 -1.77181e-04 | 80  0.00269 -8.04057e-05 | 81  0.02960 -1.63224e-04
 82 -0.00816 -4.26289e-05 | 83 -0.00692 -3.67627e-05 | 84 -0.00799 -2.07671e-05
 85 -0.01827 -4.12653e-06 | 86 -0.00774  1.96826e-06 | 87 -0.00525 -8.44256e-06
 88  0.00248 -2.29570e-06 | 89 -0.02614  4.75705e-05 | 90 -0.01105  3.87472e-05
 91 -0.01884  5.66017e-05 | 92  0.02411  2.78927e-05 | 93 -0.02723  7.22132e-05
 94 -0.01187  8.31710e-05 | 95 -0.00794  7.63929e-05 | 96  0.02227  7.42264e-05
 97  0.03338  7.55992e-05 | 98  0.06681  7.78858e-05 | 99 -0.01246  9.92753e-05
100  0.00161  1.07833e-04 |101  0.03045  1.02856e-04 |102  0.00143  1.08240e-04
103 -0.00410  1.06035e-04 |104 -0.00054  1.14241e-04 |105 -0.00033  1.09431e-04
106  0.00496 -1.14293e-03 |107 -0.02345 -2.28346e-04 |108 -0.41122  3.08259e-04
109 -0.29198 -5.63540e-06 |110 -0.24449  9.79355e-06 |
Function minimizer not making progress ... is minimum attained?
Minimprove criterion = 0.0000e+00

 - final statistics:
110 variables; iteration 116; function evaluation 204
Function value 5.3948e+02; maximum gradient component mag -4.1890e-03
Exit code = 1;  converg criter 1.0000e-04
Var    Value     Gradient |Var    Value     Gradient |Var    Value     Gradient
  1 -0.42498 -2.72336e-04 |  2 -0.42531 -4.18904e-03 |  3 -0.39970 -1.65596e-03
  4 -0.39448 -2.98099e-05 |  5 -0.50338 -4.74007e-05 |  6  0.60068 -3.56286e-03
  7 -0.00012 -2.66371e-06 |  8 -0.00003  1.06164e-07 |  9 -0.00003  7.84523e-08
 10 -0.00004  3.78420e-08 | 11 -0.00038  1.00234e-04 | 12 -0.00039  1.00578e-04
 13 -0.00040  1.01875e-04 | 14 -0.00042  1.04775e-04 | 15 -0.00044  1.08442e-04
 16 -0.00046  1.09276e-04 | 17 -0.00048  1.04369e-04 | 18 -0.00051  9.62673e-05
 19 -0.00054  9.58337e-05 | 20 -0.00057  1.05842e-04 | 21 -0.00061  1.08820e-04
 22 -0.00065  1.01734e-04 | 23 -0.00068  1.07106e-04 | 24 -0.00065  8.15833e-05
 25 -0.00072  5.90009e-05 | 26 -0.00070  1.02733e-04 | 27 -0.00066  9.49601e-05
 28 -0.00055  8.17796e-05 | 29 -0.00039  8.82012e-05 | 30 -0.00003  7.18064e-05
 31 -0.00032  8.51630e-05 | 32 -0.00122  8.23848e-05 | 33 -0.00300  8.49782e-05
 34 -0.00552  9.61084e-05 | 35 -0.00715  1.04313e-04 | 36 -0.00837  6.69314e-05
 37 -0.00927  6.27184e-05 | 38 -0.00089  6.78610e-05 | 39 -0.00465  6.35110e-05
 40 -0.00355  2.18859e-05 | 41 -0.00298  3.30602e-05 | 42 -0.00562  3.96298e-05
 43  0.01621 -1.82139e-05 | 44 -0.00658  1.54166e-05 | 45 -0.00533  2.57458e-05
 46 -0.00188 -1.48953e-05 | 47 -0.00638 -3.57004e-06 | 48 -0.00995 -1.91702e-05
 49  0.00517 -2.66055e-05 | 50  0.01822 -1.02799e-04 | 51 -0.00085 -2.09095e-05
 52  0.01305 -7.20910e-05 | 53  0.00007 -9.46179e-05 | 54 -0.01748 -1.22058e-05
 55  0.00269 -8.97999e-05 | 56 -0.00492 -6.40755e-05 | 57 -0.00690 -8.51436e-05
 58 -0.00669 -8.52678e-05 | 59 -0.01507 -8.89772e-05 | 60 -0.00735 -1.12104e-04
 61 -0.00038 -1.18637e-04 | 62  0.00395 -2.26400e-04 | 63 -0.01416 -1.18039e-04
 64  0.00578 -2.01990e-04 | 65 -0.01113 -1.35520e-04 | 66  0.00276 -1.05385e-04
 67  0.00175 -1.74526e-04 | 68  0.01357 -1.86226e-04 | 69 -0.00854 -1.03075e-04
 70  0.02684 -2.99957e-04 | 71 -0.01521 -9.11954e-05 | 72 -0.00370 -1.25817e-04
 73  0.00668 -1.75347e-04 | 74 -0.03223 -3.92066e-05 | 75 -0.01305 -7.99911e-05
 76  0.01553 -1.78335e-04 | 77  0.02510 -2.03916e-04 | 78  0.02777 -1.88643e-04
 79  0.02555 -1.77181e-04 | 80  0.00269 -8.04057e-05 | 81  0.02960 -1.63224e-04
 82 -0.00816 -4.26289e-05 | 83 -0.00692 -3.67627e-05 | 84 -0.00799 -2.07671e-05
 85 -0.01827 -4.12653e-06 | 86 -0.00774  1.96826e-06 | 87 -0.00525 -8.44256e-06
 88  0.00248 -2.29570e-06 | 89 -0.02614  4.75705e-05 | 90 -0.01105  3.87472e-05
 91 -0.01884  5.66017e-05 | 92  0.02411  2.78927e-05 | 93 -0.02723  7.22132e-05
 94 -0.01187  8.31710e-05 | 95 -0.00794  7.63929e-05 | 96  0.02227  7.42264e-05
 97  0.03338  7.55992e-05 | 98  0.06681  7.78858e-05 | 99 -0.01246  9.92753e-05
100  0.00161  1.07833e-04 |101  0.03045  1.02856e-04 |102  0.00143  1.08240e-04
103 -0.00410  1.06035e-04 |104 -0.00054  1.14241e-04 |105 -0.00033  1.09431e-04
106  0.00496 -1.14293e-03 |107 -0.02345 -2.28346e-04 |108 -0.41122  3.08259e-04
109 -0.29198 -5.63540e-06 |110 -0.24449  9.79355e-06 |

Initial statistics: 111 variables; iteration 0; function evaluation 0; phase 6
Function value 5.3947803e+02; maximum gradient component mag -4.1890e-03
Var    Value     Gradient |Var    Value     Gradient |Var    Value     Gradient
  1 -0.42498 -2.72336e-04 |  2 -0.42531 -4.18904e-03 |  3 -0.39970 -1.65596e-03
  4 -0.39448 -2.98100e-05 |  5 -0.50338 -4.74007e-05 |  6  0.60068 -3.56286e-03
  7 -0.00012 -2.66371e-06 |  8 -0.00003  1.06164e-07 |  9 -0.00003  7.84516e-08
 10 -0.00004  3.78411e-08 | 11 -0.00038  1.00695e-04 | 12 -0.00039  1.01039e-04
 13 -0.00040  1.02336e-04 | 14 -0.00042  1.05236e-04 | 15 -0.00044  1.08903e-04
 16 -0.00046  1.09737e-04 | 17 -0.00048  1.04830e-04 | 18 -0.00051  9.67282e-05
 19 -0.00054  9.62946e-05 | 20 -0.00057  1.06303e-04 | 21 -0.00061  1.09281e-04
 22 -0.00065  1.02195e-04 | 23 -0.00068  1.07567e-04 | 24 -0.00065  8.20442e-05
 25 -0.00072  5.94618e-05 | 26 -0.00070  1.03194e-04 | 27 -0.00066  9.54210e-05
 28 -0.00055  8.22405e-05 | 29 -0.00039  8.86621e-05 | 30 -0.00003  7.22673e-05
 31 -0.00032  8.56239e-05 | 32 -0.00122  8.28457e-05 | 33 -0.00300  8.54391e-05
 34 -0.00552  9.65692e-05 | 35 -0.00715  1.04774e-04 | 36 -0.00837  6.73923e-05
 37 -0.00927  6.31792e-05 | 38 -0.00089  6.83218e-05 | 39 -0.00465  6.39719e-05
 40 -0.00355  2.23467e-05 | 41 -0.00298  3.35211e-05 | 42 -0.00562  4.00906e-05
 43  0.01621 -1.77533e-05 | 44 -0.00658  1.58774e-05 | 45 -0.00533  2.62067e-05
 46 -0.00188 -1.44345e-05 | 47 -0.00638 -3.10924e-06 | 48 -0.00995 -1.87095e-05
 49  0.00517 -2.61447e-05 | 50  0.01822 -1.02338e-04 | 51 -0.00085 -2.04487e-05
 52  0.01305 -7.16303e-05 | 53  0.00007 -9.41571e-05 | 54 -0.01748 -1.17451e-05
 55  0.00269 -8.93392e-05 | 56 -0.00492 -6.36147e-05 | 57 -0.00690 -8.46829e-05
 58 -0.00669 -8.48071e-05 | 59 -0.01507 -8.85166e-05 | 60 -0.00735 -1.11643e-04
 61 -0.00038 -1.18176e-04 | 62  0.00395 -2.25939e-04 | 63 -0.01416 -1.17578e-04
 64  0.00578 -2.01529e-04 | 65 -0.01113 -1.35059e-04 | 66  0.00276 -1.04924e-04
 67  0.00175 -1.74065e-04 | 68  0.01357 -1.85766e-04 | 69 -0.00854 -1.02615e-04
 70  0.02684 -2.99497e-04 | 71 -0.01521 -9.07348e-05 | 72 -0.00370 -1.25356e-04
 73  0.00668 -1.74886e-04 | 74 -0.03223 -3.87464e-05 | 75 -0.01305 -7.95305e-05
 76  0.01553 -1.77874e-04 | 77  0.02510 -2.03456e-04 | 78  0.02777 -1.88183e-04
 79  0.02555 -1.76721e-04 | 80  0.00269 -7.99450e-05 | 81  0.02960 -1.62764e-04
 82 -0.00816 -4.21682e-05 | 83 -0.00692 -3.63019e-05 | 84 -0.00799 -2.03063e-05
 85 -0.01827 -3.66590e-06 | 86 -0.00774  2.42904e-06 | 87 -0.00525 -7.98176e-06
 88  0.00248 -1.83488e-06 | 89 -0.02614  4.80310e-05 | 90 -0.01105  3.92080e-05
 91 -0.01884  5.70624e-05 | 92  0.02411  2.83532e-05 | 93 -0.02723  7.26736e-05
 94 -0.01187  8.36318e-05 | 95 -0.00794  7.68537e-05 | 96  0.02227  7.46870e-05
 97  0.03338  7.60594e-05 | 98  0.06681  7.83441e-05 | 99 -0.01246  9.97361e-05
100  0.00161  1.08294e-04 |101  0.03045  1.03316e-04 |102  0.00143  1.08701e-04
103 -0.00410  1.06496e-04 |104 -0.00054  1.14702e-04 |105 -0.00033  1.09892e-04
106  0.00000  0.00000e+00 |107  0.00496 -1.14293e-03 |108 -0.02345 -2.28346e-04
109 -0.41122  3.08259e-04 |110 -0.29198 -5.63540e-06 |111 -0.24449  9.79355e-06
size of file gradfil1.tmp = 0
size of file gradfil2.tmp = 0
size of file varssave.tmp = 0
size of file cmpdiff.tmp = 0
