
Initial statistics: 1 variables; iteration 0; function evaluation 0; phase 1
Function value 8.1620594e+06; maximum gradient component mag -1.6604e+07
Var    Value     Gradient |Var    Value     Gradient |Var    Value     Gradient
  1  0.63197 -1.66042e+07 |

 - final statistics:
1 variables; iteration 7; function evaluation 25
Function value 8.9299e+02; maximum gradient component mag 6.8715e+00
Exit code = 1;  converg criter 1.0000e+01
Var    Value     Gradient |Var    Value     Gradient |Var    Value     Gradient
  1  0.75895  6.87154e+00 |

Initial statistics: 98 variables; iteration 0; function evaluation 0; phase 2
Function value 8.9299420e+02; maximum gradient component mag -1.4609e+03
Var    Value     Gradient |Var    Value     Gradient |Var    Value     Gradient
  1  0.75895  6.87154e+00 |  2  0.00000 -4.43255e+00 |  3  0.00000 -5.12480e+00
  4  0.00000 -5.48152e+00 |  5  0.00000 -6.30472e+00 |  6  0.00000 -7.25629e+00
  7  0.00000 -8.54068e+00 |  8  0.00000 -1.01718e+01 |  9  0.00000 -1.22156e+01
 10  0.00000 -1.50818e+01 | 11  0.00000 -1.77638e+01 | 12  0.00000 -2.13133e+01
 13  0.00000 -2.54154e+01 | 14  0.00000 -3.01680e+01 | 15  0.00000 -3.60251e+01
 16  0.00000 -4.41499e+01 | 17  0.00000 -5.77199e+01 | 18  0.00000 -6.06134e+01
 19  0.00000 -4.96293e+01 | 20  0.00000 -7.15868e+01 | 21  0.00000 -7.30195e+01
 22  0.00000 -7.87575e+01 | 23  0.00000 -7.81484e+01 | 24  0.00000 -8.22517e+01
 25  0.00000 -8.87481e+01 | 26  0.00000 -9.58564e+01 | 27  0.00000 -8.35726e+01
 28  0.00000 -8.14815e+01 | 29  0.00000 -9.70371e+01 | 30  0.00000 -7.45912e+01
 31  0.00000 -8.67773e+01 | 32  0.00000 -9.30053e+01 | 33  0.00000 -8.73162e+01
 34  0.00000 -9.54923e+01 | 35  0.00000 -1.08994e+02 | 36  0.00000 -1.10600e+02
 37  0.00000 -1.35294e+02 | 38  0.00000 -1.27875e+02 | 39  0.00000 -9.32010e+01
 40  0.00000 -1.01600e+02 | 41  0.00000 -1.19618e+02 | 42  0.00000 -1.26713e+02
 43  0.00000 -1.25794e+02 | 44  0.00000 -1.52492e+02 | 45  0.00000 -1.62817e+02
 46  0.00000 -1.37826e+02 | 47  0.00000 -1.58051e+02 | 48  0.00000 -1.66867e+02
 49  0.00000 -1.64941e+02 | 50  0.00000 -1.26896e+02 | 51  0.00000 -1.70546e+02
 52  0.00000 -1.86565e+02 | 53  0.00000 -1.95162e+02 | 54  0.00000 -1.66468e+02
 55  0.00000 -2.03971e+02 | 56  0.00000 -1.70039e+02 | 57  0.00000 -1.85983e+02
 58  0.00000 -2.15693e+02 | 59  0.00000 -2.52878e+02 | 60  0.00000 -2.99131e+02
 61  0.00000 -2.48804e+02 | 62  0.00000 -9.41305e+01 | 63  0.00000 -2.36626e+02
 64  0.00000 -6.48274e+01 | 65  0.00000 -2.19470e+02 | 66  0.00000 -3.38054e+02
 67  0.00000 -1.17580e+02 | 68  0.00000 -6.54466e+02 | 69  0.00000  9.23420e+02
 70  0.00000  5.27284e+02 | 71  0.00000  3.86279e+02 | 72  0.00000  1.83383e+02
 73  0.00000  1.20059e+03 | 74  0.00000  4.12549e+02 | 75  0.00000 -1.46087e+03
 76  0.00000  4.65423e+02 | 77  0.00000 -4.39851e+02 | 78  0.00000  2.44117e+02
 79  0.00000  7.69075e+02 | 80  0.00000  5.64128e+02 | 81  0.00000  1.09820e+03
 82  0.00000  6.39431e+02 | 83  0.00000  8.64886e+00 | 84  0.00000  1.48474e+02
 85  0.00000  2.25029e+02 | 86  0.00000  4.70550e+02 | 87  0.00000  4.58427e+02
 88  0.00000  1.23112e+02 | 89  0.00000  8.19395e+02 | 90  0.00000  2.35995e+02
 91  0.00000 -7.77236e+01 | 92  0.00000  6.12856e+02 | 93  0.00000 -6.99336e+02
 94  0.00000 -8.04199e+00 | 95  0.00000 -2.50835e+00 | 96  0.00000 -3.01556e+00
 97 -0.03546 -2.63385e+02 | 98 -0.31026 -1.24717e+02 |

Intermediate statistics: 98 variables; iteration 20; function evaluation 34; phase 2
Function value 7.0687003e+02; maximum gradient component mag -7.9330e+02
Var    Value     Gradient |Var    Value     Gradient |Var    Value     Gradient
  1  0.74708  7.46357e+02 |  2 -0.00303 -4.07901e+01 |  3 -0.00284 -4.08773e+01
  4 -0.00294 -4.09773e+01 |  5 -0.00285 -4.11166e+01 |  6 -0.00280 -4.12947e+01
  7 -0.00271 -4.15253e+01 |  8 -0.00260 -4.18200e+01 |  9 -0.00249 -4.21934e+01
 10 -0.00215 -4.26594e+01 | 11 -0.00233 -4.32455e+01 | 12 -0.00237 -4.39636e+01
 13 -0.00255 -4.48349e+01 | 14 -0.00280 -4.58714e+01 | 15 -0.00280 -4.70757e+01
 16 -0.00155 -4.83671e+01 | 17  0.00513 -4.82092e+01 | 18  0.00246 -5.00996e+01
 19 -0.00762 -5.10126e+01 | 20  0.00640 -5.11809e+01 | 21  0.00681 -4.97131e+01
 22  0.00485 -5.19131e+01 | 23  0.00380 -5.23671e+01 | 24  0.00357 -5.31845e+01
 25  0.00674 -5.26605e+01 | 26  0.01102 -5.17251e+01 | 27 -0.00417 -5.61824e+01
 28 -0.00742 -5.64621e+01 | 29  0.00291 -5.51860e+01 | 30 -0.01180 -5.42313e+01
 31 -0.00573 -5.46379e+01 | 32 -0.00469 -5.54422e+01 | 33 -0.01098 -5.59542e+01
 34 -0.00922 -5.72951e+01 | 35 -0.00357 -5.93166e+01 | 36 -0.00372 -5.84832e+01
 37  0.02347 -4.84368e+01 | 38 -0.00000 -6.03255e+01 | 39 -0.01655 -5.30501e+01
 40 -0.01146 -5.23968e+01 | 41 -0.00260 -5.26464e+01 | 42 -0.00205 -5.31751e+01
 43 -0.00722 -5.43213e+01 | 44  0.00313 -5.69309e+01 | 45  0.00564 -5.72930e+01
 46 -0.00343 -5.03695e+01 | 47  0.00429 -5.12141e+01 | 48  0.00609 -5.11751e+01
 49  0.00051 -5.07790e+01 | 50 -0.01340 -4.13621e+01 | 51  0.00705 -4.38707e+01
 52  0.01375 -4.26090e+01 | 53  0.01904 -3.90962e+01 | 54 -0.00075 -3.49011e+01
 55  0.01645 -3.44238e+01 | 56  0.00370 -2.46114e+01 | 57  0.00831 -2.28584e+01
 58  0.01870 -2.15174e+01 | 59  0.02371 -2.39252e+01 | 60  0.02675 -4.14381e+01
 61  0.01982 -1.86326e+01 | 62 -0.01188  2.73978e+01 | 63  0.01651  9.77159e+00
 64 -0.00737  6.14457e+01 | 65  0.00677 -4.34060e+00 | 66  0.01163 -5.32439e+01
 67 -0.00020  5.38302e+01 | 68  0.01365 -2.47326e+02 | 69 -0.01596  5.05851e+02
 70 -0.01076  3.59495e+02 | 71 -0.00618  1.88302e+02 | 72 -0.00316  1.07066e+02
 73 -0.02031  5.75945e+02 | 74 -0.00461  1.91382e+02 | 75  0.03099 -7.93303e+02
 76 -0.00901  2.33076e+02 | 77  0.01274 -3.57863e+02 | 78 -0.00407  6.90644e+01
 79 -0.01068  3.06513e+02 | 80 -0.01071  2.33606e+02 | 81 -0.01725  4.94498e+02
 82 -0.01187  2.55027e+02 | 83  0.00209 -1.02558e+02 | 84 -0.00042 -1.35897e+01
 85  0.00061  5.86185e+01 | 86 -0.00953  1.79946e+02 | 87 -0.00621  1.81319e+02
 88 -0.00268 -1.70835e+01 | 89 -0.01364  4.22852e+02 | 90 -0.00579  7.13466e+01
 91  0.00389 -5.50550e+01 | 92 -0.02637  2.76315e+02 | 93  0.01701 -4.32061e+02
 94  0.00753 -3.81303e+01 | 95 -0.00317 -4.03204e+01 | 96 -0.00315 -4.05374e+01
 97 -0.01050 -1.88842e+01 | 98 -0.27325  1.86699e+00 |
98 variables; iteration 40; function evaluation 62; phase 2
Function value 6.4163394e+02; maximum gradient component mag 1.5871e+03
Var    Value     Gradient |Var    Value     Gradient |Var    Value     Gradient
  1  0.74221  1.58711e+03 |  2  0.00085 -6.79387e+01 |  3  0.00094 -6.79195e+01
  4  0.00073 -6.78559e+01 |  5  0.00066 -6.77946e+01 |  6  0.00051 -6.77014e+01
  7  0.00035 -6.75765e+01 |  8  0.00014 -6.73995e+01 |  9 -0.00013 -6.71442e+01
 10 -0.00027 -6.68052e+01 | 11 -0.00090 -6.62159e+01 | 12 -0.00144 -6.54071e+01
 13 -0.00206 -6.42888e+01 | 14 -0.00270 -6.28727e+01 | 15 -0.00306 -6.12074e+01
 16 -0.00224 -5.91573e+01 | 17  0.00232 -5.61096e+01 | 18  0.00041 -5.47671e+01
 19 -0.01029 -5.98548e+01 | 20  0.00593 -4.80550e+01 | 21  0.00274 -4.89532e+01
 22  0.00080 -4.82949e+01 | 23  0.00063 -4.81868e+01 | 24  0.00082 -4.58846e+01
 25  0.00297 -4.24933e+01 | 26  0.00577 -3.87643e+01 | 27 -0.00550 -4.52958e+01
 28 -0.01007 -4.86865e+01 | 29  0.00330 -3.00750e+01 | 30 -0.01325 -4.48023e+01
 31 -0.00616 -3.81931e+01 | 32 -0.00396 -3.43447e+01 | 33 -0.01072 -4.07363e+01
 34 -0.00797 -3.74626e+01 | 35 -0.00256 -3.74949e+01 | 36  0.01001 -1.25222e+01
 37  0.00309 -4.54568e+01 | 38  0.01830 -7.55483e-01 | 39 -0.01144 -3.26750e+01
 40 -0.00176 -1.57630e+01 | 41  0.00703 -1.21380e+01 | 42  0.00862 -9.17718e+00
 43 -0.00013 -2.32865e+01 | 44  0.00884 -1.95880e+01 | 45  0.01123 -2.09745e+01
 46  0.00285 -2.13905e+01 | 47  0.01249 -9.22963e+00 | 48  0.01528 -4.54807e+00
 49  0.00817 -1.27555e+01 | 50  0.00177  3.82729e+00 | 51  0.01423 -2.80199e+00
 52  0.02421  1.81679e+01 | 53  0.02688  2.53147e+01 | 54  0.00929  1.41539e+01
 55  0.02180  1.81268e+01 | 56  0.00443  8.96053e+00 | 57  0.00536  1.07950e+01
 58  0.01574  2.91901e+01 | 59  0.03045  7.88928e+01 | 60  0.01926 -5.55074e+00
 61  0.02157  6.06688e+01 | 62 -0.02421  1.33813e+01 | 63  0.01773  9.64420e+01
 64 -0.02734 -1.83379e+00 | 65  0.01023  1.11864e+02 | 66  0.01629  1.22517e+02
 67 -0.00202  1.39726e+02 | 68  0.02479  1.93512e+02 | 69 -0.04582 -1.48167e+01
 70 -0.02902  9.60700e+01 | 71 -0.01269  1.03154e+02 | 72 -0.00137  2.02041e+02
 73 -0.04961  5.18084e+01 | 74 -0.00809  6.83817e+01 | 75  0.06282  4.80670e+02
 76 -0.02492  4.90362e+01 | 77  0.03140  1.35464e+02 | 78 -0.00142  1.47335e+02
 79 -0.02015  4.97650e+01 | 80 -0.01999  6.36905e+01 | 81 -0.03966  1.57176e+01
 82 -0.02161  4.84965e+01 | 83  0.01094  1.14871e+02 | 84  0.00418  4.09144e+01
 85  0.00480  9.33006e+01 | 86 -0.01848  1.77677e+01 | 87 -0.01931 -1.39520e+02
 88 -0.00106 -3.22419e+01 | 89 -0.03874 -5.55188e+01 | 90 -0.00731 -3.50788e+01
 91  0.00958 -1.49494e+01 | 92 -0.05907 -2.46304e+01 | 93  0.03829 -8.01129e+01
 94  0.00519 -8.27470e+01 | 95  0.00088 -6.80762e+01 | 96  0.00102 -6.80417e+01
 97  0.00208  1.45017e+02 | 98 -0.26620  3.65205e+01 |
98 variables; iteration 60; function evaluation 92; phase 2
Function value 6.3422848e+02; maximum gradient component mag -4.5430e+01
Var    Value     Gradient |Var    Value     Gradient |Var    Value     Gradient
  1  0.74386  4.39560e+01 |  2  0.00070 -1.18306e+00 |  3  0.00092 -1.15653e+00
  4  0.00082 -1.15083e+00 |  5  0.00095 -1.12564e+00 |  6  0.00102 -1.10591e+00
  7  0.00115 -1.07994e+00 |  8  0.00130 -1.05327e+00 |  9  0.00146 -1.02680e+00
 10  0.00191 -8.98106e-01 | 11  0.00173 -9.60184e-01 | 12  0.00179 -8.89370e-01
 13  0.00181 -7.25076e-01 | 14  0.00182 -4.83776e-01 | 15  0.00186 -6.74335e-01
 16  0.00198 -2.47336e+00 | 17  0.01179  4.02216e+00 | 18  0.00622 -1.36008e+00
 19 -0.00145  5.63136e-01 | 20  0.01006 -2.26295e+00 | 21  0.01189  2.42795e+00
 22  0.00922  2.28131e-01 | 23  0.00916  7.32788e-01 | 24  0.00910  6.48519e-01
 25  0.01002 -7.52201e-01 | 26  0.01081 -3.30787e+00 | 27  0.00007 -4.15500e+00
 28 -0.00330 -4.85333e+00 | 29  0.00714 -9.76605e-01 | 30 -0.00652 -1.90098e+00
 31 -0.00347 -5.44024e+00 | 32 -0.00242 -5.51339e+00 | 33 -0.00787 -6.04697e+00
 34 -0.00425 -4.25979e+00 | 35  0.00208 -6.94095e+00 | 36  0.00108 -8.03278e+00
 37  0.01471 -7.71667e+00 | 38  0.00489 -7.72244e+00 | 39 -0.01021  1.11303e+00
 40 -0.00470  1.41153e+00 | 41 -0.00050 -4.93310e+00 | 42 -0.00016 -4.53225e+00
 43 -0.00447 -6.02784e+00 | 44  0.00580 -8.15132e+00 | 45  0.01118 -6.85942e+00
 46 -0.00244 -7.52164e+00 | 47  0.00666 -3.66016e+00 | 48  0.01097 -4.93022e-02
 49  0.00678  9.92577e-01 | 50 -0.00572  7.42111e+00 | 51  0.01173  2.01637e+00
 52  0.01498  5.83136e-01 | 53  0.01901  2.89889e+00 | 54  0.00231  8.00758e+00
 55  0.01918  2.73506e+00 | 56  0.00170  6.83740e+00 | 57  0.00432  5.13448e+00
 58  0.01469  3.45720e+00 | 59  0.02494  1.21813e+01 | 60  0.03237  6.80859e+00
 61  0.02010  3.85887e+00 | 62 -0.02090  2.51797e+01 | 63  0.01468  9.76064e+00
 64 -0.02101  1.74704e+01 | 65  0.00671  8.20475e+00 | 66  0.01494  3.45207e+00
 67 -0.00555  3.02411e+01 | 68  0.02361  2.27699e+01 | 69 -0.04391  1.84567e+01
 70 -0.03271  2.29132e+01 | 71 -0.01539  1.77048e+00 | 72 -0.00714  1.53105e+01
 73 -0.05473  6.77946e+00 | 74 -0.00714  9.90944e+00 | 75  0.05783 -4.54305e+01
 76 -0.02544  3.54731e+00 | 77  0.03137 -1.14974e+01 | 78 -0.00586  2.22612e+00
 79 -0.02240 -8.23130e+00 | 80 -0.02204  3.44644e-01 | 81 -0.04251 -8.00533e+00
 82 -0.02332  1.61706e-01 | 83  0.00751 -1.53595e+01 | 84  0.00480 -5.69106e+00
 85  0.00108 -1.65069e+01 | 86 -0.01980 -3.98267e+00 | 87 -0.01397  5.56828e+00
 88 -0.00053 -1.83651e+00 | 89 -0.03892  4.06872e+00 | 90 -0.00826  4.14663e+00
 91  0.00624 -1.18977e+00 | 92 -0.06935 -5.99067e+00 | 93  0.03501 -1.01217e+00
 94  0.00777 -7.41439e+00 | 95  0.00036 -1.29685e+00 | 96  0.00052 -1.23446e+00
 97  0.00083  5.14955e+00 | 98 -0.27146 -8.92693e-01 |
Maximum number of function evaluations exceeded

 - final statistics:
98 variables; iteration 65; function evaluation 100
Function value 6.3383e+02; maximum gradient component mag -3.0510e+01
Exit code = 3;  converg criter 1.0000e+01
Var    Value     Gradient |Var    Value     Gradient |Var    Value     Gradient
  1  0.74301 -3.05098e+01 |  2  0.00025  1.04753e+00 |  3  0.00042  9.82239e-01
  4  0.00036  1.02892e+00 |  5  0.00046  1.00431e+00 |  6  0.00054  1.00253e+00
  7  0.00066  9.87465e-01 |  8  0.00081  9.73121e-01 |  9  0.00098  9.62769e-01
 10  0.00131  8.57395e-01 | 11  0.00132  9.76032e-01 | 12  0.00142  1.01288e+00
 13  0.00142  1.04472e+00 | 14  0.00135  1.01114e+00 | 15  0.00152  8.54836e-01
 16  0.00277  4.95669e-01 | 17  0.00713 -1.11703e+00 | 18  0.00559 -1.02545e+00
 19 -0.00400 -1.81890e+00 | 20  0.01041 -3.49075e-01 | 21  0.00869 -7.60272e-01
 22  0.00750 -1.17639e+00 | 23  0.00652 -1.84196e+00 | 24  0.00624 -2.26600e+00
 25  0.00882 -1.50006e+00 | 26  0.01247 -1.33544e-01 | 27  0.00045 -2.29711e+00
 28 -0.00263 -2.36514e+00 | 29  0.00493 -3.31447e+00 | 30 -0.00768 -2.19075e+00
 31 -0.00239 -2.45221e+00 | 32 -0.00126 -2.34573e+00 | 33 -0.00611 -1.61638e+00
 34 -0.00364 -1.45058e+00 | 35  0.00396 -1.36973e+00 | 36  0.00292 -3.05984e+00
 37  0.02050  1.77622e+00 | 38  0.00635 -3.35352e+00 | 39 -0.01101  8.67711e-01
 40 -0.00526  1.15127e+00 | 41  0.00144 -8.40565e-01 | 42  0.00148 -1.05563e+00
 43 -0.00092  8.26262e-01 | 44  0.01014  3.13328e-01 | 45  0.01502  7.23387e-01
 46  0.00256  1.45693e+00 | 47  0.00863  2.49445e-01 | 48  0.01031 -5.79171e-01
 49  0.00717  9.28050e-01 | 50 -0.00793  1.79024e+00 | 51  0.01118  2.32922e-01
 52  0.01597  5.20526e-01 | 53  0.01797 -4.13606e-01 | 54 -0.00047  1.53744e+00
 55  0.01906 -9.53415e-01 | 56  0.00060  3.21164e+00 | 57  0.00481  3.44845e+00
 58  0.01544  3.04476e-01 | 59  0.02214 -1.97224e+00 | 60  0.03391  4.38056e+00
 61  0.02179  3.32049e+00 | 62 -0.02612  7.19333e+00 | 63  0.01493  1.24770e+00
 64 -0.02256  6.80140e+00 | 65  0.00657 -1.48066e+00 | 66  0.01550 -1.25687e+00
 67 -0.00735  2.86790e+00 | 68  0.02332  2.89318e+00 | 69 -0.04478  3.75816e+00
 70 -0.03424  7.26194e-01 | 71 -0.01545 -2.73138e+00 | 72 -0.00802 -4.80362e+00
 73 -0.05565 -5.04964e+00 | 74 -0.00682  5.68278e+00 | 75  0.05910 -1.66833e+01
 76 -0.02552  1.49070e+00 | 77  0.03242  5.39969e+00 | 78 -0.00601 -1.42058e+00
 79 -0.02183 -2.42708e+00 | 80 -0.02190  2.48379e+00 | 81 -0.04201 -2.72640e+00
 82 -0.02350 -7.58275e-01 | 83  0.00810 -4.07251e+00 | 84  0.00497 -1.69861e+00
 85  0.00167 -5.90208e+00 | 86 -0.01972 -5.01740e-01 | 87 -0.01376  7.56233e+00
 88 -0.00036  3.11645e+00 | 89 -0.03907  1.29917e+00 | 90 -0.00845  3.99887e+00
 91  0.00634 -3.81883e-01 | 92 -0.06936 -3.31753e+00 | 93  0.03525  1.28606e+00
 94  0.00962 -1.15383e+00 | 95  0.00001  1.12679e+00 | 96  0.00010  1.07634e+00
 97  0.00073 -2.16616e+00 | 98 -0.26972  9.76569e-01 |

Initial statistics: 100 variables; iteration 0; function evaluation 0; phase 3
Function value 6.3383263e+02; maximum gradient component mag -2.1817e+02
Var    Value     Gradient |Var    Value     Gradient |Var    Value     Gradient
  1  0.74301 -3.05098e+01 |  2  0.00025  1.03456e+00 |  3  0.00042  9.69270e-01
  4  0.00036  1.01596e+00 |  5  0.00046  9.91339e-01 |  6  0.00054  9.89566e-01
  7  0.00066  9.74497e-01 |  8  0.00081  9.60153e-01 |  9  0.00097  9.49801e-01
 10  0.00131  8.44427e-01 | 11  0.00132  9.63064e-01 | 12  0.00141  9.99912e-01
 13  0.00142  1.03175e+00 | 14  0.00135  9.98172e-01 | 15  0.00152  8.41867e-01
 16  0.00277  4.82701e-01 | 17  0.00713 -1.13000e+00 | 18  0.00559 -1.03842e+00
 19 -0.00400 -1.83187e+00 | 20  0.01041 -3.62042e-01 | 21  0.00869 -7.73240e-01
 22  0.00750 -1.18936e+00 | 23  0.00652 -1.85492e+00 | 24  0.00624 -2.27897e+00
 25  0.00882 -1.51303e+00 | 26  0.01247 -1.46510e-01 | 27  0.00044 -2.31008e+00
 28 -0.00263 -2.37811e+00 | 29  0.00493 -3.32744e+00 | 30 -0.00768 -2.20372e+00
 31 -0.00239 -2.46518e+00 | 32 -0.00126 -2.35870e+00 | 33 -0.00611 -1.62934e+00
 34 -0.00364 -1.46355e+00 | 35  0.00396 -1.38270e+00 | 36  0.00292 -3.07281e+00
 37  0.02050  1.76326e+00 | 38  0.00635 -3.36648e+00 | 39 -0.01101  8.54745e-01
 40 -0.00526  1.13830e+00 | 41  0.00144 -8.53533e-01 | 42  0.00148 -1.06860e+00
 43 -0.00092  8.13293e-01 | 44  0.01014  3.00361e-01 | 45  0.01502  7.10422e-01
 46  0.00256  1.44396e+00 | 47  0.00863  2.36478e-01 | 48  0.01031 -5.92138e-01
 49  0.00717  9.15082e-01 | 50 -0.00793  1.77728e+00 | 51  0.01118  2.19956e-01
 52  0.01597  5.07562e-01 | 53  0.01797 -4.26569e-01 | 54 -0.00047  1.52447e+00
 55  0.01906 -9.66378e-01 | 56  0.00060  3.19867e+00 | 57  0.00481  3.43548e+00
 58  0.01544  2.91511e-01 | 59  0.02214 -1.98520e+00 | 60  0.03391  4.36761e+00
 61  0.02179  3.30753e+00 | 62 -0.02612  7.18038e+00 | 63  0.01493  1.23473e+00
 64 -0.02256  6.78844e+00 | 65  0.00657 -1.49362e+00 | 66  0.01550 -1.26983e+00
 67 -0.00735  2.85493e+00 | 68  0.02332  2.88022e+00 | 69 -0.04478  3.74523e+00
 70 -0.03424  7.13244e-01 | 71 -0.01545 -2.74434e+00 | 72 -0.00802 -4.81659e+00
 73 -0.05565 -5.06256e+00 | 74 -0.00682  5.66981e+00 | 75  0.05910 -1.66962e+01
 76 -0.02552  1.47774e+00 | 77  0.03242  5.38674e+00 | 78 -0.00601 -1.43355e+00
 79 -0.02183 -2.44004e+00 | 80 -0.02190  2.47083e+00 | 81 -0.04201 -2.73934e+00
 82 -0.02350 -7.71234e-01 | 83  0.00810 -4.08548e+00 | 84  0.00497 -1.71158e+00
 85  0.00167 -5.91504e+00 | 86 -0.01972 -5.14702e-01 | 87 -0.01376  7.54936e+00
 88 -0.00036  3.10348e+00 | 89 -0.03907  1.28623e+00 | 90 -0.00845  3.98590e+00
 91  0.00634 -3.94851e-01 | 92 -0.06936 -3.33042e+00 | 93  0.03525  1.27312e+00
 94  0.00962 -1.16679e+00 | 95  0.00001  1.11382e+00 | 96  0.00010  1.06337e+00
 97  0.00073 -2.16616e+00 | 98 -0.41581 -1.23767e+01 | 99 -0.26972  9.76569e-01
100 -0.25275 -2.18166e+02 |

Intermediate statistics: 100 variables; iteration 20; function evaluation 23; phase 3
Function value 6.2979672e+02; maximum gradient component mag -4.9215e+02
Var    Value     Gradient |Var    Value     Gradient |Var    Value     Gradient
  1  0.74051 -4.92149e+02 |  2 -0.00021  1.63356e+01 |  3 -0.00012  1.60442e+01
  4 -0.00011  1.60565e+01 |  5 -0.00002  1.58167e+01 |  6  0.00007  1.55946e+01
  7  0.00019  1.52684e+01 |  8  0.00035  1.48631e+01 |  9  0.00054  1.43692e+01
 10  0.00080  1.34647e+01 | 11  0.00102  1.30971e+01 | 12  0.00126  1.23232e+01
 13  0.00142  1.13725e+01 | 14  0.00144  1.00686e+01 | 15  0.00154  8.22409e+00
 16  0.00246  5.49734e+00 | 17  0.00453 -1.45185e+00 | 18  0.00322 -2.21691e+00
 19 -0.00765 -3.76312e+00 | 20  0.01034 -1.91230e+00 | 21  0.00734 -4.66950e+00
 22  0.00571 -7.11368e+00 | 23  0.00354 -8.64145e+00 | 24  0.00263 -1.07767e+01
 25  0.00681 -1.03707e+01 | 26  0.01340 -8.58240e+00 | 27 -0.00310 -1.20212e+01
 28 -0.00630 -1.21394e+01 | 29 -0.00009 -1.81886e+01 | 30 -0.01010 -1.05909e+01
 31 -0.00609 -1.44366e+01 | 32 -0.00481 -1.48547e+01 | 33 -0.00870 -1.10641e+01
 34 -0.00620 -1.04546e+01 | 35  0.00343 -1.04127e+01 | 36 -0.00238 -1.73309e+01
 37  0.02422 -1.39568e+01 | 38  0.00013 -2.08935e+01 | 39 -0.01059 -1.90010e+00
 40 -0.00303 -5.90004e-01 | 41 -0.00092 -1.28948e+01 | 42 -0.00147 -1.38674e+01
 43 -0.00076 -6.64844e+00 | 44  0.00922 -1.10024e+01 | 45  0.01724 -8.10351e+00
 46  0.00341 -5.78275e+00 | 47  0.00748 -1.22222e+01 | 48  0.00797 -1.51906e+01
 49  0.00720 -8.40532e+00 | 50 -0.00528  2.55832e+00 | 51  0.01010 -1.34955e+01
 52  0.01513 -1.61208e+01 | 53  0.01566 -1.98164e+01 | 54 -0.00010 -5.97961e+00
 55  0.01834 -2.04665e+01 | 56  0.00370 -4.09829e+00 | 57  0.00850 -6.33088e+00
 58  0.01457 -2.23108e+01 | 59  0.01824 -3.49355e+01 | 60  0.03971 -1.29206e+01
 61  0.02626 -1.12706e+01 | 62 -0.01942  1.75565e+01 | 63  0.01473 -3.18564e+01
 64 -0.01634  1.82345e+01 | 65  0.00381 -5.41400e+01 | 66  0.01285 -6.68277e+01
 67 -0.00884 -3.15084e+01 | 68  0.02225 -3.56824e+01 | 69 -0.04020  1.22884e+01
 70 -0.03795 -2.49626e+01 | 71 -0.01326 -5.36191e+01 | 72 -0.00865  3.16271e+00
 73 -0.04974  1.05941e+01 | 74 -0.01235 -2.03206e+01 | 75  0.06087 -8.48587e+01
 76 -0.03124 -2.19691e+01 | 77  0.03540 -2.53440e+01 | 78 -0.00807  7.31626e-02
 79 -0.01855 -1.12394e+01 | 80 -0.02463  3.02627e+00 | 81 -0.03641  2.44168e+01
 82 -0.02873 -9.58344e+00 | 83  0.01046 -3.07828e+01 | 84  0.00437  4.95180e+01
 85  0.00417 -2.91578e+01 | 86 -0.02232  8.37247e+00 | 87 -0.01119 -2.74122e+01
 88  0.00083  5.57593e+01 | 89 -0.02931  6.44470e+01 | 90 -0.00535  7.14795e+01
 91  0.01613  4.22034e+01 | 92 -0.07278 -9.45630e+00 | 93  0.05056  5.86956e+01
 94  0.01145  2.06616e+01 | 95 -0.00040  1.68408e+01 | 96 -0.00034  1.67207e+01
 97  0.01413 -4.80753e+01 | 98 -0.40977  5.22831e+01 | 99 -0.16223  1.19816e+01
100 -0.21455 -1.55737e+02 |
100 variables; iteration 40; function evaluation 47; phase 3
Function value 6.2544716e+02; maximum gradient component mag -6.8561e+01
Var    Value     Gradient |Var    Value     Gradient |Var    Value     Gradient
  1  0.74290 -2.46824e+00 |  2  0.00061 -3.14651e-01 |  3  0.00083 -3.08946e-01
  4  0.00072 -3.73239e-01 |  5  0.00083 -4.12222e-01 |  6  0.00088 -4.84307e-01
  7  0.00098 -5.75242e-01 |  8  0.00109 -7.04887e-01 |  9  0.00119 -8.91866e-01
 10  0.00155 -1.05807e+00 | 11  0.00122 -1.55106e+00 | 12  0.00102 -2.09173e+00
 13  0.00067 -2.76714e+00 | 14  0.00026 -3.49534e+00 | 15  0.00018 -4.20705e+00
 16  0.00143 -4.75747e+00 | 17  0.00814 -3.35570e+00 | 18  0.00611 -4.03442e+00
 19 -0.00236 -2.86510e+00 | 20  0.00824 -7.97232e+00 | 21  0.00751 -6.78587e+00
 22  0.00628 -7.41581e+00 | 23  0.00556 -7.72041e+00 | 24  0.00496 -8.72699e+00
 25  0.00658 -9.47673e+00 | 26  0.00993 -8.86258e+00 | 27 -0.00024 -7.99521e+00
 28 -0.00300 -7.44684e+00 | 29  0.00514 -7.82186e+00 | 30 -0.00919 -8.83692e+00
 31 -0.00351 -8.80658e+00 | 32 -0.00279 -9.46851e+00 | 33 -0.00849 -9.88055e+00
 34 -0.00527 -8.38248e+00 | 35  0.00138 -9.82233e+00 | 36 -0.00038 -1.21470e+01
 37  0.02382 -5.54491e-01 | 38  0.00279 -1.32602e+01 | 39 -0.01271 -5.98078e+00
 40 -0.00670 -4.79152e+00 | 41  0.00087 -6.21545e+00 | 42  0.00172 -5.44638e+00
 43 -0.00325 -7.20003e+00 | 44  0.00950 -4.97675e+00 | 45  0.01338 -5.63513e+00
 46  0.00007 -6.32794e+00 | 47  0.00874 -4.01560e+00 | 48  0.01097 -3.74813e+00
 49  0.00615 -4.06117e+00 | 50 -0.00854 -1.30394e+00 | 51  0.01214 -1.48484e+00
 52  0.01838  2.36624e-01 | 53  0.01941 -1.90224e+00 | 54  0.00026 -2.35698e-01
 55  0.02100  3.06242e-01 | 56 -0.00203 -3.86402e+00 | 57  0.00268 -2.89920e+00
 58  0.01856  3.93787e+00 | 59  0.02404  1.46384e+00 | 60  0.03366  2.18469e+00
 61  0.02299  7.21301e+00 | 62 -0.02691  3.98635e+00 | 63  0.01462  6.47233e-01
 64 -0.02506 -1.89268e+00 | 65  0.00648  5.54112e+00 | 66  0.01277 -1.28530e+01
 67 -0.00827  1.54026e+01 | 68  0.02049 -9.27233e+00 | 69 -0.04008  7.83814e+00
 70 -0.03795 -1.60255e+00 | 71 -0.01014  1.33928e+01 | 72 -0.01221 -1.40731e+01
 73 -0.04811  1.59202e+01 | 74 -0.01439  1.73310e-01 | 75  0.06187  3.85044e+01
 76 -0.02947  1.52953e+01 | 77  0.03699  3.72248e+01 | 78 -0.01285 -3.70605e+01
 79 -0.01517  3.63167e+01 | 80 -0.02708 -1.03058e+01 | 81 -0.03547  1.34113e+01
 82 -0.03010 -8.40898e+00 | 83  0.01379  3.18549e+01 | 84 -0.00146 -2.63088e+01
 85  0.00765  2.44951e+01 | 86 -0.02553 -2.09646e+01 | 87 -0.00651  2.67204e+01
 88 -0.00461 -1.99112e+01 | 89 -0.02980  1.62544e+01 | 90 -0.01132 -3.39250e+00
 91  0.01781  3.02523e+01 | 92 -0.07024 -1.44167e+01 | 93  0.05492  4.53672e+01
 94  0.00752 -5.47916e-01 | 95  0.00034 -2.64882e-01 | 96  0.00046 -2.42794e-01
 97 -0.00029 -1.24174e+01 | 98 -0.41566 -1.34300e+01 | 99 -0.07582 -3.06264e+00
100 -0.18060 -6.85607e+01 |
100 variables; iteration 60; function evaluation 76; phase 3
Function value 6.1978382e+02; maximum gradient component mag -1.8614e+02
Var    Value     Gradient |Var    Value     Gradient |Var    Value     Gradient
  1  0.74714 -1.86140e+02 |  2  0.00112  1.05924e+01 |  3  0.00151  1.08930e+01
  4  0.00114  1.04753e+01 |  5  0.00121  1.04363e+01 |  6  0.00110  1.01945e+01
  7  0.00104  9.94259e+00 |  8  0.00092  9.58917e+00 |  9  0.00074  9.13542e+00
 10  0.00095  8.95572e+00 | 11  0.00028  8.20407e+00 | 12  0.00012  8.01978e+00
 13  0.00010  8.22556e+00 | 14  0.00036  8.94677e+00 | 15  0.00165  1.07975e+01
 16  0.00433  1.28841e+01 | 17  0.00670  8.74698e+00 | 18  0.00383  7.15617e+00
 19 -0.00334  9.88722e+00 | 20  0.00875  6.80798e+00 | 21  0.00829  1.00607e+01
 22  0.01190  1.63856e+01 | 23  0.01159  1.65774e+01 | 24  0.01039  1.50499e+01
 25  0.01174  1.44207e+01 | 26  0.00923  7.29935e+00 | 27  0.00505  1.62247e+01
 28 -0.00118  1.11430e+01 | 29  0.00599  9.85483e+00 | 30 -0.00590  9.84326e+00
 31  0.00022  1.30908e+01 | 32  0.00079  1.19525e+01 | 33 -0.00251  1.47724e+01
 34  0.00069  1.66870e+01 | 35  0.01550  2.71866e+01 | 36  0.01112  2.08244e+01
 37  0.01389  7.25872e+00 | 38  0.01614  2.30696e+01 | 39 -0.00790  1.58617e+01
 40 -0.00021  1.61172e+01 | 41  0.00630  1.86530e+01 | 42  0.00173  1.09234e+01
 43 -0.00053  1.17763e+01 | 44  0.00752  4.05354e+00 | 45  0.01448  8.46298e-01
 46  0.00864  2.03811e+01 | 47  0.00400  1.96639e+00 | 48  0.00669  1.47603e+00
 49  0.00952  1.13378e+01 | 50 -0.00392  1.13197e+01 | 51  0.01152  7.21240e+00
 52  0.00313 -1.19050e+01 | 53  0.01257 -4.53567e+00 | 54  0.00059  9.37444e+00
 55  0.02095  2.36153e+00 | 56 -0.00308  2.98894e+00 | 57 -0.00281 -4.26269e+00
 58  0.01416  6.37190e-01 | 59  0.01596 -1.46867e+01 | 60  0.03031 -1.54623e+01
 61  0.01593 -2.16370e+01 | 62 -0.03760 -1.73875e+01 | 63  0.01279 -9.31210e+00
 64 -0.02867 -5.97367e+00 | 65  0.00314 -9.71059e+00 | 66  0.01130  3.47402e+00
 67 -0.01456 -2.59948e+01 | 68  0.01938 -5.18182e+01 | 69 -0.03895  1.48552e+01
 70 -0.03993 -2.20661e+01 | 71 -0.00873  1.17379e+01 | 72 -0.01370 -4.47946e+01
 73 -0.04917 -1.74002e+01 | 74 -0.01868 -2.60439e+01 | 75  0.06023 -4.00956e+01
 76 -0.03629 -3.47377e+01 | 77  0.03572 -2.16054e+01 | 78 -0.01052  2.09137e+00
 79 -0.01714 -1.49269e+01 | 80 -0.02899 -3.13082e+01 | 81 -0.03499  4.24765e+00
 82 -0.03338 -2.86686e+01 | 83  0.01346  1.31257e+00 | 84 -0.00304 -2.91524e+01
 85  0.00767  1.08872e+01 | 86 -0.02539 -7.49903e+00 | 87 -0.00562  1.74858e+01
 88 -0.00552 -2.99594e+01 | 89 -0.02914 -1.52688e+00 | 90 -0.01436 -3.42034e+01
 91  0.01935 -2.55761e-01 | 92 -0.06535  8.34157e+00 | 93  0.06066  5.30178e+00
 94 -0.00473 -9.14382e+00 | 95  0.00056  1.02827e+01 | 96  0.00104  1.06791e+01
 97  0.03447 -1.56156e+01 | 98 -0.39878  5.56861e+01 | 99  0.24598 -4.05162e+00
100 -0.04093 -2.24792e+01 |
Maximum number of function evaluations exceeded

 - final statistics:
100 variables; iteration 76; function evaluation 100
Function value 6.1709e+02; maximum gradient component mag 8.8470e+01
Exit code = 3;  converg criter 1.0000e+00
Var    Value     Gradient |Var    Value     Gradient |Var    Value     Gradient
  1  0.75125  8.84700e+01 |  2  0.00078 -2.59462e+00 |  3  0.00104 -2.46312e+00
  4  0.00098 -2.37418e+00 |  5  0.00117 -2.21491e+00 |  6  0.00129 -2.05841e+00
  7  0.00147 -1.87694e+00 |  8  0.00165 -1.70245e+00 |  9  0.00180 -1.56538e+00
 10  0.00227 -1.25218e+00 | 11  0.00181 -1.55161e+00 | 12  0.00155 -1.72379e+00
 13  0.00113 -1.94037e+00 | 14  0.00071 -2.05124e+00 | 15  0.00092 -1.60724e+00
 16  0.00370  1.02178e+00 | 17  0.00829  5.80156e-01 | 18  0.00538 -9.15883e-01
 19 -0.00271  2.81000e-01 | 20  0.00963 -1.08379e+00 | 21  0.00923  1.75697e+00
 22  0.01493  1.16565e+01 | 23  0.01339  1.00957e+01 | 24  0.00957  4.95731e+00
 25  0.01246  6.86112e+00 | 26  0.01281  4.10964e+00 | 27 -0.00003 -7.91087e-01
 28  0.00010  4.19171e+00 | 29  0.00838  5.51434e+00 | 30 -0.00528  2.66216e+00
 31  0.00018  4.87372e+00 | 32  0.00182  6.05767e+00 | 33 -0.00345  5.46712e+00
 34 -0.00137  4.30292e+00 | 35  0.00657  3.44985e+00 | 36  0.00641  6.22345e+00
 37  0.01723  4.87365e+00 | 38  0.00983  7.45588e+00 | 39 -0.00991  4.96922e+00
 40 -0.00584 -1.95355e-01 | 41  0.00246  6.12391e+00 | 42  0.00076  3.25015e+00
 43 -0.00064  6.24250e+00 | 44  0.01113  7.93830e+00 | 45  0.01480  2.67607e+00
 46  0.00210  6.84962e+00 | 47  0.00622  3.69288e+00 | 48  0.00929  5.05833e+00
 49  0.00438  1.61412e+00 | 50 -0.00963 -6.68730e-01 | 51  0.00965  6.35479e+00
 52  0.01193  3.82507e+00 | 53  0.01419  4.26447e+00 | 54 -0.00289  4.69354e+00
 55  0.01821  7.44337e+00 | 56 -0.00493  3.16102e+00 | 57  0.00082  7.43330e+00
 58  0.01147  7.03524e+00 | 59  0.01612  4.11312e-01 | 60  0.02874  7.84412e+00
 61  0.01532  1.27312e+00 | 62 -0.03405 -3.00239e+00 | 63  0.00975  7.81223e+00
 64 -0.03010  8.14137e-01 | 65  0.00009  7.20105e+00 | 66  0.00762  1.42879e+01
 67 -0.01584 -3.90603e+00 | 68  0.01988  8.78982e+00 | 69 -0.04034  3.38852e+00
 70 -0.03835  5.19956e+00 | 71 -0.00946  5.19696e+00 | 72 -0.01196  8.23428e-01
 73 -0.04882 -1.35027e+01 | 74 -0.01874  4.43651e-01 | 75  0.05870 -6.58410e+00
 76 -0.03455 -6.06660e+00 | 77  0.03432 -1.09827e+01 | 78 -0.01132  1.04055e+01
 79 -0.01780 -1.44418e+01 | 80 -0.02755 -1.20490e+00 | 81 -0.03591 -7.78066e+00
 82 -0.03210 -2.90755e+00 | 83  0.01237 -1.03355e+01 | 84 -0.00281 -3.99053e+00
 85  0.00654 -7.66904e+00 | 86 -0.02452  8.53373e-01 | 87 -0.00587 -3.75788e+00
 88 -0.00288 -4.85689e+00 | 89 -0.02777 -1.44917e+01 | 90 -0.01007 -1.37185e+01
 91  0.02263 -1.52858e+01 | 92 -0.06030  3.37877e+00 | 93  0.06645 -1.72873e+01
 94  0.00353 -8.82992e+00 | 95  0.00045 -2.72887e+00 | 96  0.00046 -2.92692e+00
 97  0.01703  1.52565e+01 | 98 -0.40701 -1.14131e+01 | 99  0.43578  3.51002e+00
100  0.04300 -8.75170e+00 |

Initial statistics: 108 variables; iteration 0; function evaluation 0; phase 4
Function value 6.1708548e+02; maximum gradient component mag -1.0938e+03
Var    Value     Gradient |Var    Value     Gradient |Var    Value     Gradient
  1 -0.42263  3.18911e+02 |  2 -0.42263 -1.09384e+03 |  3 -0.41094 -1.64480e+02
  4  0.75125  8.84700e+01 |  5  0.00000 -9.96497e+00 |  6  0.00000 -4.84465e-02
  7  0.00000 -6.40555e-02 |  8  0.00000 -8.44907e-02 |  9  0.00000 -1.11098e-01
 10  0.00076 -3.22705e+00 | 11  0.00103 -3.09555e+00 | 12  0.00097 -3.00662e+00
 13  0.00115 -2.84734e+00 | 14  0.00128 -2.69084e+00 | 15  0.00146 -2.50937e+00
 16  0.00164 -2.33488e+00 | 17  0.00179 -2.19781e+00 | 18  0.00225 -1.88461e+00
 19  0.00180 -2.18404e+00 | 20  0.00154 -2.35622e+00 | 21  0.00112 -2.57281e+00
 22  0.00070 -2.68367e+00 | 23  0.00091 -2.23967e+00 | 24  0.00368  3.89359e-01
 25  0.00828 -5.22244e-02 | 26  0.00536 -1.54829e+00 | 27 -0.00272 -3.51428e-01
 28  0.00961 -1.71616e+00 | 29  0.00922  1.12461e+00 | 30  0.01491  1.10243e+01
 31  0.01338  9.46341e+00 | 32  0.00956  4.32495e+00 | 33  0.01245  6.22881e+00
 34  0.01280  3.47733e+00 | 35 -0.00004 -1.42352e+00 | 36  0.00009  3.55928e+00
 37  0.00837  4.88196e+00 | 38 -0.00529  2.02974e+00 | 39  0.00017  4.24129e+00
 40  0.00181  5.42524e+00 | 41 -0.00346  4.83470e+00 | 42 -0.00138  3.67049e+00
 43  0.00656  2.81745e+00 | 44  0.00640  5.59105e+00 | 45  0.01721  4.24145e+00
 46  0.00982  6.82352e+00 | 47 -0.00992  4.33686e+00 | 48 -0.00585 -8.27762e-01
 49  0.00244  5.49149e+00 | 50  0.00075  2.61772e+00 | 51 -0.00066  5.61007e+00
 52  0.01112  7.30597e+00 | 53  0.01479  2.04381e+00 | 54  0.00209  6.21719e+00
 55  0.00621  3.06047e+00 | 56  0.00928  4.42597e+00 | 57  0.00437  9.81706e-01
 58 -0.00964 -1.30109e+00 | 59  0.00964  5.72243e+00 | 60  0.01192  3.19275e+00
 61  0.01418  3.63220e+00 | 62 -0.00290  4.06111e+00 | 63  0.01820  6.81120e+00
 64 -0.00494  2.52860e+00 | 65  0.00081  6.80087e+00 | 66  0.01145  6.40292e+00
 67  0.01611 -2.20919e-01 | 68  0.02873  7.21234e+00 | 69  0.01531  6.40868e-01
 70 -0.03406 -3.63391e+00 | 71  0.00974  7.17988e+00 | 72 -0.03011  1.82410e-01
 73  0.00008  6.56861e+00 | 74  0.00761  1.36555e+01 | 75 -0.01585 -4.53827e+00
 76  0.01987  8.15770e+00 | 77 -0.04036  2.75736e+00 | 78 -0.03836  4.56827e+00
 79 -0.00947  4.56459e+00 | 80 -0.01198  1.91106e-01 | 81 -0.04883 -1.41333e+01
 82 -0.01875 -1.88508e-01 | 83  0.05868 -7.21386e+00 | 84 -0.03456 -6.69810e+00
 85  0.03430 -1.16142e+01 | 86 -0.01133  9.77313e+00 | 87 -0.01781 -1.50739e+01
 88 -0.02756 -1.83674e+00 | 89 -0.03592 -8.41208e+00 | 90 -0.03211 -3.53918e+00
 91  0.01236 -1.09678e+01 | 92 -0.00282 -4.62296e+00 | 93  0.00653 -8.30145e+00
 94 -0.02453  2.21408e-01 | 95 -0.00589 -4.39029e+00 | 96 -0.00289 -5.48932e+00
 97 -0.02779 -1.51235e+01 | 98 -0.01008 -1.43508e+01 | 99  0.02261 -1.59178e+01
100 -0.06031  2.74917e+00 |101  0.06644 -1.79163e+01 |102  0.00352 -9.46235e+00
103  0.00044 -3.36130e+00 |104  0.00045 -3.55935e+00 |105  0.01703  1.52565e+01
106 -0.40701 -1.14131e+01 |107  0.43578  3.51002e+00 |108  0.04300 -8.75170e+00

Intermediate statistics: 108 variables; iteration 20; function evaluation 27; phase 4
Function value 6.0966875e+02; maximum gradient component mag -1.7758e+03
Var    Value     Gradient |Var    Value     Gradient |Var    Value     Gradient
  1 -0.42472  1.10598e+02 |  2 -0.41293 -1.77584e+03 |  3 -0.42357 -7.41818e+02
  4  0.74122 -4.51918e+02 |  5  0.00350 -4.75374e+00 |  6  0.00001 -8.86146e-02
  7  0.00001 -1.17625e-01 |  8  0.00002 -1.55919e-01 |  9  0.00002 -2.06340e-01
 10  0.00063  1.79142e+01 | 11  0.00085  1.79076e+01 | 12  0.00075  1.78627e+01
 13  0.00087  1.78226e+01 | 14  0.00094  1.77482e+01 | 15  0.00105  1.76424e+01
 16  0.00117  1.74801e+01 | 17  0.00127  1.72353e+01 | 18  0.00164  1.69875e+01
 19  0.00130  1.63805e+01 | 20  0.00112  1.57308e+01 | 21  0.00077  1.49636e+01
 22  0.00033  1.41414e+01 | 23  0.00024  1.34301e+01 | 24  0.00191  1.34766e+01
 25  0.00666  1.17005e+01 | 26  0.00539  1.11744e+01 | 27 -0.00386  1.18876e+01
 28  0.00894  8.77673e+00 | 29  0.00717  1.00222e+01 | 30  0.00956  1.29177e+01
 31  0.00877  1.24172e+01 | 32  0.00710  9.74915e+00 | 33  0.00942  9.31418e+00
 34  0.01124  7.16595e+00 | 35 -0.00023  6.52473e+00 | 36 -0.00193  8.41185e+00
 37  0.00648  6.62632e+00 | 38 -0.00604  8.46834e+00 | 39 -0.00137  6.80106e+00
 40 -0.00031  6.41448e+00 | 41 -0.00491  7.37289e+00 | 42 -0.00294  5.95806e+00
 43  0.00606  5.90780e+00 | 44  0.00359  3.08278e+00 | 45  0.01729 -1.46751e+00
 46  0.00992  1.97167e+00 | 47 -0.01083  5.76963e+00 | 48 -0.00484  3.15194e+00
 49  0.00105 -7.78081e-02 | 50  0.00092 -1.74890e+00 | 51 -0.00170 -4.18101e-01
 52  0.00983 -4.95898e+00 | 53  0.01579 -6.80570e+00 | 54  0.00071 -4.23657e+00
 55  0.00653 -8.87083e+00 | 56  0.00916 -1.15387e+01 | 57  0.00554 -1.13272e+01
 58 -0.00975 -7.40463e+00 | 59  0.00667 -1.77155e+01 | 60  0.00640 -2.47839e+01
 61  0.01978 -2.20254e+01 | 62 -0.00467 -1.70787e+01 | 63  0.01496 -3.47147e+01
 64 -0.00734 -2.21367e+01 | 65 -0.00303 -2.73895e+01 | 66  0.00902 -3.98546e+01
 67  0.01402 -5.49359e+01 | 68  0.02533 -7.07187e+01 | 69  0.02280 -3.70298e+01
 70 -0.02979 -1.56661e+01 | 71  0.00888 -6.94090e+01 | 72 -0.02529 -2.06508e+01
 73  0.00195 -5.86632e+01 | 74  0.01170 -4.76839e+01 | 75 -0.01265 -3.43102e+01
 76  0.02268 -4.76811e+01 | 77 -0.03907 -5.05969e+00 | 78 -0.03690 -6.88481e+00
 79 -0.00941 -2.40133e+01 | 80 -0.01090 -2.13668e+01 | 81 -0.04865 -1.01699e+01
 82 -0.01801 -2.37611e+01 | 83  0.05946 -7.50320e+01 | 84 -0.03169  2.10892e+00
 85  0.03725  1.76522e+01 | 86 -0.00921  1.22732e+01 | 87 -0.01654 -4.46417e+00
 88 -0.02598  5.64802e+00 | 89 -0.03627 -3.64995e+00 | 90 -0.03130  1.94644e-01
 91  0.01180 -3.11536e+01 | 92 -0.00129  2.22145e+00 | 93  0.00758  1.72619e+01
 94 -0.02243  2.31204e+01 | 95 -0.00567  1.01950e+01 | 96 -0.00123  1.58781e+01
 97 -0.02675  1.68987e+01 | 98 -0.00792  1.74434e+01 | 99  0.02348  3.31497e+01
100 -0.05711  3.73341e+01 |101  0.06548  1.67389e+01 |102  0.01177  2.77136e+01
103  0.00037  1.80281e+01 |104  0.00046  1.79680e+01 |105  0.01034 -5.55217e+01
106 -0.40987  7.30653e+01 |107  0.32643 -7.10684e+00 |108  0.13688 -4.62735e-01
108 variables; iteration 40; function evaluation 51; phase 4
Function value 6.0634231e+02; maximum gradient component mag -8.8635e+02
Var    Value     Gradient |Var    Value     Gradient |Var    Value     Gradient
  1 -0.42964 -4.19189e+01 |  2 -0.40720 -8.86351e+02 |  3 -0.42629 -3.69133e+02
  4  0.73705 -2.91058e+02 |  5  0.00048 -9.25417e+00 |  6 -0.00001 -7.28701e-02
  7 -0.00001 -9.63399e-02 |  8 -0.00001 -1.26990e-01 |  9 -0.00002 -1.66747e-01
 10  0.00148  1.40717e+01 | 11  0.00172  1.41510e+01 | 12  0.00164  1.41771e+01
 13  0.00178  1.42449e+01 | 14  0.00186  1.42831e+01 | 15  0.00199  1.43083e+01
 16  0.00211  1.42882e+01 | 17  0.00220  1.42022e+01 | 18  0.00260  1.42028e+01
 19  0.00226  1.38189e+01 | 20  0.00215  1.35733e+01 | 21  0.00194  1.33699e+01
 22  0.00168  1.32858e+01 | 23  0.00180  1.35417e+01 | 24  0.00302  1.38128e+01
 25  0.00805  1.34087e+01 | 26  0.00990  1.62379e+01 | 27 -0.00094  1.52790e+01
 28  0.01171  1.28419e+01 | 29  0.00807  1.23635e+01 | 30  0.00513  8.37260e+00
 31  0.00532  8.97008e+00 | 32  0.00750  1.17214e+01 | 33  0.00945  1.13531e+01
 34  0.01422  1.35781e+01 | 35  0.00368  1.36804e+01 | 36 -0.00106  1.15093e+01
 37  0.00704  1.00731e+01 | 38 -0.00688  7.70627e+00 | 39 -0.00077  9.58891e+00
 40 -0.00047  8.88899e+00 | 41 -0.00451  9.58344e+00 | 42 -0.00149  1.15578e+01
 43  0.00579  8.49103e+00 | 44  0.00292  6.59608e+00 | 45  0.01246 -4.40085e-01
 46  0.01488  1.13677e+01 | 47 -0.01018  8.98624e+00 | 48 -0.00614  3.98555e+00
 49 -0.00056  2.78843e+00 | 50  0.00212  5.19112e+00 | 51 -0.00168  4.54457e+00
 52  0.01083  3.93275e+00 | 53  0.01219 -6.54596e+00 | 54 -0.00027  2.04475e-01
 55  0.00371 -4.86431e+00 | 56  0.00924 -3.66717e+00 | 57  0.00191 -1.04267e+01
 58 -0.01414 -1.02395e+01 | 59  0.00892 -4.74023e+00 | 60  0.00501 -1.68873e+01
 61  0.00866 -2.32451e+01 | 62 -0.00374 -7.27316e+00 | 63  0.01130 -2.51168e+01
 64 -0.00782 -1.19967e+01 | 65 -0.00064 -1.17041e+01 | 66  0.00615 -2.78244e+01
 67  0.01253 -3.58750e+01 | 68  0.02996 -2.83643e+01 | 69  0.01421 -4.27618e+01
 70 -0.03072 -8.77931e+00 | 71  0.01413 -1.52061e+01 | 72 -0.01737  2.60420e+01
 73  0.00229 -3.23329e+01 | 74  0.01102 -2.97385e+01 | 75 -0.01247 -1.82339e+01
 76  0.02253 -3.62140e+01 | 77 -0.03930 -7.05809e+00 | 78 -0.03743 -1.10765e+01
 79 -0.01031 -2.48196e+01 | 80 -0.01081 -1.79916e+01 | 81 -0.04864 -3.27018e+00
 82 -0.01734 -6.28101e+00 | 83  0.05834 -7.16409e+01 | 84 -0.03206 -6.85056e+00
 85  0.03564 -2.82210e+01 | 86 -0.01005 -1.45604e+01 | 87 -0.01740 -2.17631e+01
 88 -0.02500  1.12055e+01 | 89 -0.03821 -2.87108e+01 | 90 -0.03185 -1.09069e+01
 91  0.01164 -2.26751e+01 | 92 -0.00024  1.04398e+01 | 93  0.00675 -2.94113e+00
 94 -0.02226  9.74748e+00 | 95 -0.00607  4.06479e+00 | 96 -0.00058  1.08594e+01
 97 -0.02822 -1.35214e+01 | 98 -0.00933 -1.11594e+01 | 99  0.02341  2.05725e+01
100 -0.05782  2.35651e+01 |101  0.06613  3.28936e+01 |102  0.01649  2.57556e+01
103  0.00123  1.40690e+01 |104  0.00123  1.38776e+01 |105  0.00780 -3.18603e+01
106 -0.41056  4.29836e+01 |107  0.31666 -3.26723e-01 |108  0.18067 -2.06022e-01
108 variables; iteration 60; function evaluation 79; phase 4
Function value 6.0463297e+02; maximum gradient component mag -4.2213e+02
Var    Value     Gradient |Var    Value     Gradient |Var    Value     Gradient
  1 -0.43033 -3.94863e+01 |  2 -0.40263 -4.22129e+02 |  3 -0.43097 -1.83600e+02
  4  0.73091 -1.81532e+02 |  5  0.00346 -4.65545e+00 |  6  0.00001 -3.16258e-02
  7  0.00002 -4.27130e-02 |  8  0.00002 -5.78752e-02 |  9  0.00003 -7.87255e-02
 10  0.00043  8.00583e+00 | 11  0.00067  8.07491e+00 | 12  0.00059  8.12636e+00
 13  0.00075  8.21630e+00 | 14  0.00085  8.30619e+00 | 15  0.00101  8.40613e+00
 16  0.00119  8.48783e+00 | 17  0.00135  8.51722e+00 | 18  0.00181  8.62427e+00
 19  0.00150  8.30279e+00 | 20  0.00140  8.07864e+00 | 21  0.00118  7.87511e+00
 22  0.00088  7.81506e+00 | 23  0.00100  8.21453e+00 | 24  0.00241  8.97310e+00
 25  0.00759  8.86973e+00 | 26  0.00854  9.87533e+00 | 27 -0.00259  8.71805e+00
 28  0.01254  1.05753e+01 | 29  0.00785  8.42226e+00 | 30  0.00681  6.99731e+00
 31  0.00622  6.48684e+00 | 32  0.00623  6.30238e+00 | 33  0.00823  6.05843e+00
 34  0.01151  6.16435e+00 | 35  0.00298  9.12214e+00 | 36 -0.00130  8.03925e+00
 37  0.00602  5.61602e+00 | 38 -0.00678  4.50828e+00 | 39 -0.00149  5.22497e+00
 40 -0.00125  4.77140e+00 | 41 -0.00794  8.02214e-01 | 42 -0.00218  8.94871e+00
 43  0.00742  1.07938e+01 | 44  0.00018  1.35275e+00 | 45  0.01473  6.00614e-01
 46  0.00992  1.93676e+00 | 47 -0.01288  2.32287e+00 | 48 -0.00291  1.06064e+01
 49 -0.00077  2.01321e+00 | 50  0.00110  3.27449e+00 | 51 -0.00359  9.37326e-01
 52  0.00797  5.77083e-01 | 53  0.01345 -9.25717e-01 | 54  0.00103  3.04543e+00
 55  0.00012 -8.03880e+00 | 56  0.01185  2.82693e+00 | 57  0.00335 -4.64010e+00
 58 -0.01117 -1.80555e+00 | 59  0.00479 -5.23375e+00 | 60  0.01023 -2.77745e+00
 61  0.01665 -6.24969e+00 | 62 -0.00670 -7.79641e+00 | 63  0.01591 -8.70363e+00
 64 -0.00677 -4.87296e+00 | 65 -0.00146 -5.47517e+00 | 66  0.01136 -8.86665e+00
 67  0.01846 -9.78808e+00 | 68  0.02949 -1.62929e+01 | 69  0.01931 -1.58053e+01
 70 -0.02976 -3.49056e+00 | 71  0.01347 -1.37116e+01 | 72 -0.02480 -2.51954e+00
 73  0.00444 -1.63515e+01 | 74  0.01159 -2.14987e+01 | 75 -0.01149 -1.02916e+01
 76  0.02321 -2.69789e+01 | 77 -0.03861 -5.29307e+00 | 78 -0.03650 -5.95893e+00
 79 -0.00967 -1.40207e+01 | 80 -0.01004 -1.16548e+01 | 81 -0.04812 -1.43446e+00
 82 -0.01712 -7.04206e+00 | 83  0.05894 -4.41994e+01 | 84 -0.03099 -4.55422e+00
 85  0.03616 -2.53781e+01 | 86 -0.00856 -7.12849e+00 | 87 -0.01584 -7.31477e+00
 88 -0.02500 -5.30146e-01 | 89 -0.03614 -5.82728e+00 | 90 -0.03070 -3.01571e+00
 91  0.01253 -8.51793e+00 | 92 -0.00016 -1.90645e-01 | 93  0.00721 -3.52976e+00
 94 -0.02184  2.72339e+00 | 95 -0.00571  1.34916e+00 | 96 -0.00011  5.11401e+00
 97 -0.02664  6.32171e-01 | 98 -0.00809 -4.75682e-02 | 99  0.02308  9.05757e+00
100 -0.06035  8.94719e+00 |101  0.06431  1.47633e+01 |102  0.01185  1.17045e+01
103  0.00015  7.94045e+00 |104  0.00022  7.84030e+00 |105  0.00943 -2.05543e+01
106 -0.40994  2.40639e+01 |107  0.28652 -4.69438e-01 |108  0.17387 -2.08652e-01
Maximum number of function evaluations exceeded

 - final statistics:
108 variables; iteration 72; function evaluation 100
Function value 6.0420e+02; maximum gradient component mag -1.2663e+02
Exit code = 3;  converg criter 1.0000e+00
Var    Value     Gradient |Var    Value     Gradient |Var    Value     Gradient
  1 -0.42969 -1.55276e+01 |  2 -0.39870 -1.26630e+02 |  3 -0.43640 -6.40222e+01
  4  0.72716 -7.80278e+01 |  5  0.00665  2.68799e-01 |  6  0.00003 -9.69038e-03
  7  0.00003 -1.29767e-02 |  8  0.00004 -1.73889e-02 |  9  0.00006 -2.33097e-02
 10  0.00028  3.35143e+00 | 11  0.00046  3.34478e+00 | 12  0.00034  3.33756e+00
 13  0.00042  3.32469e+00 | 14  0.00045  3.30581e+00 | 15  0.00053  3.27576e+00
 16  0.00061  3.23115e+00 | 17  0.00071  3.17154e+00 | 18  0.00102  3.07178e+00
 19  0.00090  3.05226e+00 | 20  0.00091  3.01739e+00 | 21  0.00076  2.96098e+00
 22  0.00039  2.83915e+00 | 23  0.00008  2.69506e+00 | 24  0.00056  2.15123e+00
 25  0.00618  2.73784e+00 | 26  0.00617  2.25866e+00 | 27 -0.00430  2.21777e+00
 28  0.01000  2.34275e+00 | 29  0.00576  1.53764e+00 | 30  0.00623  2.30406e+00
 31  0.00595  2.22138e+00 | 32  0.00571  1.77520e+00 | 33  0.00801  2.06215e+00
 34  0.01065  1.38533e+00 | 35  0.00047  1.89594e+00 | 36 -0.00302  2.19892e+00
 37  0.00502  1.25950e+00 | 38 -0.00645  1.77463e+00 | 39 -0.00197  1.49188e+00
 40 -0.00152  1.99004e+00 | 41 -0.00622  1.49147e+00 | 42 -0.00470  2.40327e+00
 43  0.00360  1.17530e+00 | 44  0.00142  1.45517e+00 | 45  0.01571  4.23506e-01
 46  0.00953 -1.89764e-01 | 47 -0.01254  1.36042e+00 | 48 -0.00639  1.51553e+00
 49 -0.00033  1.06512e+00 | 50  0.00020  3.28572e-01 | 51 -0.00325  1.60076e-01
 52  0.00760  2.13921e-01 | 53  0.01391  1.67757e-01 | 54 -0.00051  1.03185e-01
 55  0.00625  1.79825e-01 | 56  0.00914 -2.60887e-01 | 57  0.00561  2.34876e-02
 58 -0.00983  3.32594e-01 | 59  0.00656 -1.09272e+00 | 60  0.00958 -1.48540e+00
 61  0.01751 -2.49988e+00 | 62 -0.00390 -1.65254e+00 | 63  0.01755 -2.49306e+00
 64 -0.00574 -1.51056e+00 | 65 -0.00073 -1.79272e+00 | 66  0.01236 -2.81312e+00
 67  0.01844 -3.76560e+00 | 68  0.03040 -6.18135e+00 | 69  0.02081 -5.55773e+00
 70 -0.02900 -8.70591e-01 | 71  0.01433 -6.34906e+00 | 72 -0.02516 -3.45121e+00
 73  0.00580 -5.66371e+00 | 74  0.01258 -7.74166e+00 | 75 -0.01075 -5.08693e+00
 76  0.02401 -1.08913e+01 | 77 -0.03776 -1.54259e+00 | 78 -0.03593 -1.72666e+00
 79 -0.00888 -3.87958e+00 | 80 -0.00961 -3.99012e+00 | 81 -0.04750  1.24756e-01
 82 -0.01695 -2.70138e+00 | 83  0.05948 -1.44339e+01 | 84 -0.03048 -5.71656e-01
 85  0.03687 -9.07083e+00 | 86 -0.00803 -2.21485e+00 | 87 -0.01492 -1.71959e-01
 88 -0.02471 -1.01917e+00 | 89 -0.03507  2.16227e+00 | 90 -0.03028  7.43136e-01
 91  0.01317 -8.81616e-01 | 92 -0.00013 -1.61819e+00 | 93  0.00782 -5.74092e-01
 94 -0.02154  1.31771e+00 | 95 -0.00501  1.25780e+00 | 96  0.00013  1.26070e+00
 97 -0.02552  3.86870e+00 | 98 -0.00729  3.73515e+00 | 99  0.02359  2.23732e+00
100 -0.06055  2.98705e+00 |101  0.06466  2.65254e+00 |102  0.00911  2.23072e+00
103  0.00001  3.32074e+00 |104  0.00019  3.36698e+00 |105  0.01906 -6.42082e+00
106 -0.40619  9.70067e+00 |107  0.28904 -6.27418e-02 |108  0.20391 -1.04432e-01

Initial statistics: 111 variables; iteration 0; function evaluation 0; phase 5
Function value 6.0419927e+02; maximum gradient component mag 1.7408e+03
Var    Value     Gradient |Var    Value     Gradient |Var    Value     Gradient
  1 -0.42969 -1.55276e+01 |  2 -0.39870 -1.26630e+02 |  3 -0.43640 -6.40222e+01
  4 -0.41222 -1.28159e+01 |  5 -0.41222  5.74150e+01 |  6  0.72716 -7.80278e+01
  7  0.00665  2.68799e-01 |  8  0.00003 -9.69038e-03 |  9  0.00003 -1.29767e-02
 10  0.00004 -1.73889e-02 | 11  0.00006 -2.33097e-02 | 12  0.00028  3.29432e+00
 13  0.00046  3.28768e+00 | 14  0.00034  3.28046e+00 | 15  0.00042  3.26759e+00
 16  0.00045  3.24870e+00 | 17  0.00052  3.21865e+00 | 18  0.00061  3.17404e+00
 19  0.00071  3.11444e+00 | 20  0.00101  3.01467e+00 | 21  0.00090  2.99516e+00
 22  0.00091  2.96028e+00 | 23  0.00076  2.90388e+00 | 24  0.00038  2.78204e+00
 25  0.00008  2.63795e+00 | 26  0.00056  2.09413e+00 | 27  0.00618  2.68074e+00
 28  0.00617  2.20156e+00 | 29 -0.00430  2.16067e+00 | 30  0.01000  2.28565e+00
 31  0.00576  1.48053e+00 | 32  0.00623  2.24695e+00 | 33  0.00595  2.16428e+00
 34  0.00571  1.71809e+00 | 35  0.00801  2.00505e+00 | 36  0.01065  1.32823e+00
 37  0.00047  1.83883e+00 | 38 -0.00302  2.14181e+00 | 39  0.00502  1.20240e+00
 40 -0.00645  1.71753e+00 | 41 -0.00197  1.43477e+00 | 42 -0.00152  1.93293e+00
 43 -0.00622  1.43437e+00 | 44 -0.00470  2.34616e+00 | 45  0.00360  1.11820e+00
 46  0.00142  1.39807e+00 | 47  0.01571  3.66417e-01 | 48  0.00953 -2.46864e-01
 49 -0.01254  1.30332e+00 | 50 -0.00639  1.45843e+00 | 51 -0.00034  1.00801e+00
 52  0.00020  2.71466e-01 | 53 -0.00325  1.02970e-01 | 54  0.00760  1.56819e-01
 55  0.01391  1.10664e-01 | 56 -0.00051  4.60790e-02 | 57  0.00625  1.22722e-01
 58  0.00913 -3.17988e-01 | 59  0.00561 -3.36164e-02 | 60 -0.00983  2.75494e-01
 61  0.00656 -1.14983e+00 | 62  0.00958 -1.54250e+00 | 63  0.01751 -2.55697e+00
 64 -0.00390 -1.70964e+00 | 65  0.01755 -2.55015e+00 | 66 -0.00574 -1.56766e+00
 67 -0.00073 -1.84982e+00 | 68  0.01236 -2.87022e+00 | 69  0.01844 -3.82269e+00
 70  0.03040 -6.23840e+00 | 71  0.02080 -5.61481e+00 | 72 -0.02900 -9.27638e-01
 73  0.01433 -6.40615e+00 | 74 -0.02516 -3.50827e+00 | 75  0.00580 -5.72082e+00
 76  0.01258 -7.79875e+00 | 77 -0.01075 -5.14402e+00 | 78  0.02401 -1.09483e+01
 79 -0.03776 -1.59959e+00 | 80 -0.03593 -1.78367e+00 | 81 -0.00888 -3.93668e+00
 82 -0.00961 -4.04722e+00 | 83 -0.04750  6.78083e-02 | 84 -0.01695 -2.75847e+00
 85  0.05948 -1.44908e+01 | 86 -0.03048 -6.28696e-01 | 87  0.03687 -9.12784e+00
 88 -0.00803 -2.27195e+00 | 89 -0.01492 -2.29049e-01 | 90 -0.02472 -1.07623e+00
 91 -0.03507  2.10525e+00 | 92 -0.03028  6.86094e-01 | 93  0.01317 -9.38710e-01
 94 -0.00013 -1.67529e+00 | 95  0.00782 -6.31194e-01 | 96 -0.02154  1.26063e+00
 97 -0.00501  1.20070e+00 | 98  0.00013  1.20359e+00 | 99 -0.02552  3.81163e+00
100 -0.00729  3.67805e+00 |101  0.02359  2.18025e+00 |102 -0.06055  2.93020e+00
103  0.06465  2.59573e+00 |104  0.00911  2.17362e+00 |105  0.00001  3.26364e+00
106  0.00019  3.30987e+00 |107  0.00000  1.74080e+03 |108  0.01906 -6.42082e+00
109 -0.40619  9.70067e+00 |110  0.28904 -6.27418e-02 |111  0.20391 -1.04432e-01

Intermediate statistics: 111 variables; iteration 20; function evaluation 24; phase 5
Function value 5.8436353e+02; maximum gradient component mag -2.2009e+03
Var    Value     Gradient |Var    Value     Gradient |Var    Value     Gradient
  1 -0.43218  1.24677e+02 |  2 -0.39544 -2.20091e+03 |  3 -0.43775 -1.12919e+03
  4 -0.35215  5.06726e+01 |  5 -0.63121 -2.72323e+01 |  6  0.74247 -1.09365e+03
  7  0.00702  3.64313e-01 |  8 -0.00000 -1.98196e-01 |  9 -0.00001 -2.63782e-01
 10 -0.00001 -3.50875e-01 | 11 -0.00002 -4.66391e-01 | 12  0.00262  6.40327e+01
 13  0.00278  6.38534e+01 | 14  0.00263  6.36269e+01 | 15  0.00266  6.33183e+01
 16  0.00263  6.29162e+01 | 17  0.00263  6.23888e+01 | 18  0.00263  6.17164e+01
 19  0.00264  6.08786e+01 | 20  0.00278  5.97372e+01 | 21  0.00249  5.86576e+01
 22  0.00207  5.71904e+01 | 23  0.00130  5.53466e+01 | 24  0.00025  5.30012e+01
 25 -0.00103  4.99767e+01 | 26 -0.00286  4.47660e+01 | 27  0.00673  4.56858e+01
 28  0.01096  4.70888e+01 | 29 -0.00515  4.36877e+01 | 30  0.00634  3.83989e+01
 31  0.00592  3.68865e+01 | 32  0.00319  3.50200e+01 | 33  0.00166  3.41719e+01
 34  0.00064  3.14128e+01 | 35  0.00593  3.09008e+01 | 36  0.00685  2.61272e+01
 37 -0.00424  2.91361e+01 | 38 -0.00560  2.95807e+01 | 39  0.00559  2.38708e+01
 40 -0.00896  2.88546e+01 | 41 -0.00999  2.23278e+01 | 42 -0.00302  2.39885e+01
 43 -0.00895  2.40271e+01 | 44 -0.01057  1.89764e+01 | 45 -0.00354  1.21341e+01
 46 -0.01156  1.11417e+01 | 47  0.03047  7.22273e+00 | 48  0.00542  8.76704e+00
 49 -0.01475  2.04857e+01 | 50 -0.01187  1.29797e+01 | 51 -0.00608  8.75047e+00
 52  0.00223  8.26128e+00 | 53 -0.01091  5.46337e+00 | 54  0.00542 -3.37118e+00
 55  0.01232 -7.66334e+00 | 56 -0.00466  3.56504e+00 | 57  0.00083 -4.49352e+00
 58  0.01324 -7.32530e+00 | 59  0.00872 -4.19762e+00 | 60 -0.00956  6.76672e+00
 61 -0.00262 -1.48196e+01 | 62  0.01044 -1.76859e+01 | 63  0.02735 -3.44919e+01
 64 -0.01042 -1.24652e+01 | 65  0.00586 -4.36636e+01 | 66 -0.00740 -1.50205e+01
 67  0.00632 -2.51350e+01 | 68  0.00593 -5.01703e+01 | 69  0.01312 -7.21078e+01
 70  0.02742 -1.05109e+02 | 71  0.02028 -9.01926e+01 | 72 -0.02807 -1.73988e+01
 73  0.01568 -1.16803e+02 | 74 -0.01964 -3.41832e+01 | 75  0.01844 -3.10781e+01
 76  0.02296 -7.44583e+01 | 77 -0.00070 -4.08122e+01 | 78  0.03362 -8.59275e+01
 79 -0.03278  1.52868e+01 | 80 -0.02753  2.23395e+00 | 81 -0.00606 -3.40054e+01
 82 -0.00223 -7.58768e-01 | 83 -0.04692  1.41547e+01 | 84 -0.01458 -1.83932e+01
 85  0.05997 -1.63350e+02 | 86 -0.02946 -6.33402e+00 | 87  0.03636 -1.64679e+01
 88 -0.00343  1.21009e+01 | 89 -0.01482  1.66644e+01 | 90 -0.02079  2.95772e+01
 91 -0.03438  3.43792e+01 | 92 -0.02495  2.08586e+01 | 93  0.01261 -5.31590e+01
 94  0.00393  2.89036e+01 | 95  0.00970  4.38296e+01 | 96 -0.01558  5.49422e+01
 97 -0.00461  1.38662e+01 | 98  0.00799  7.28304e+01 | 99 -0.02290  6.73094e+01
100  0.00102  8.25243e+01 |101  0.02819  1.23471e+02 |102 -0.07219 -4.17903e+00
103  0.06156  8.74801e+01 |104  0.00342  5.87980e+01 |105  0.00227  6.43529e+01
106  0.00257  6.45649e+01 |107 -0.01328 -8.63669e+02 |108 -0.00319 -1.39983e+02
109 -0.41026  2.29013e+02 |110 -0.04216 -1.45211e+01 |111  0.20521  1.46589e-02
111 variables; iteration 40; function evaluation 46; phase 5
Function value 5.8380958e+02; maximum gradient component mag -2.0954e+03
Var    Value     Gradient |Var    Value     Gradient |Var    Value     Gradient
  1 -0.43293  1.43392e+02 |  2 -0.39572 -2.09540e+03 |  3 -0.43671 -1.08697e+03
  4 -0.35256  5.49459e+01 |  5 -0.62806 -2.59052e+01 |  6  0.74065 -1.05630e+03
  7  0.00651 -4.56736e-01 |  8  0.00003 -1.58672e-01 |  9  0.00004 -2.10159e-01
 10  0.00005 -2.77818e-01 | 11  0.00007 -3.66430e-01 | 12 -0.00003  5.74837e+01
 13  0.00014  5.73156e+01 | 14  0.00000  5.71016e+01 | 15  0.00006  5.68204e+01
 16  0.00006  5.64567e+01 | 17  0.00010  5.59828e+01 | 18  0.00016  5.53665e+01
 19  0.00021  5.45762e+01 | 20  0.00047  5.35806e+01 | 21  0.00015  5.24176e+01
 22 -0.00017  5.10475e+01 | 23 -0.00074  4.94105e+01 | 24 -0.00145  4.74980e+01
 25 -0.00201  4.54319e+01 | 26 -0.00113  4.38224e+01 | 27  0.00523  4.01235e+01
 28  0.00689  3.82997e+01 | 29 -0.00566  3.97160e+01 | 30  0.00605  3.53066e+01
 31  0.00632  3.39614e+01 | 32  0.00256  3.10833e+01 | 33  0.00198  3.14417e+01
 34  0.00248  3.04202e+01 | 35  0.00460  2.67985e+01 | 36  0.00811  2.46252e+01
 37 -0.00349  2.74906e+01 | 38 -0.00612  2.66868e+01 | 39  0.00680  2.32492e+01
 40 -0.00999  2.59233e+01 | 41 -0.00760  2.31936e+01 | 42 -0.00421  2.09247e+01
 43 -0.00801  2.32060e+01 | 44 -0.00824  2.09138e+01 | 45 -0.00093  1.56982e+01
 46 -0.00385  1.80404e+01 | 47  0.02225  3.96830e+00 | 48  0.00757  8.68376e+00
 49 -0.01428  2.04770e+01 | 50 -0.01092  1.52183e+01 | 51 -0.00565  9.54396e+00
 52  0.00138  8.60722e+00 | 53 -0.00722  1.01082e+01 | 54  0.00926  2.77619e+00
 55  0.01080 -6.54215e+00 | 56 -0.00414  5.44225e+00 | 57  0.00101 -3.01770e+00
 58  0.00861 -8.19291e+00 | 59  0.00399 -6.75366e+00 | 60 -0.01262  6.37988e+00
 61 -0.00294 -1.14844e+01 | 62 -0.00642 -1.77558e+01 | 63  0.04741 -2.42898e+01
 64 -0.00894 -5.60318e+00 | 65  0.00447 -3.95060e+01 | 66 -0.00921 -1.15067e+01
 67 -0.00057 -2.13518e+01 | 68  0.01102 -3.79494e+01 | 69  0.01959 -5.13617e+01
 70  0.02957 -8.42930e+01 | 71  0.02137 -7.42209e+01 | 72 -0.02669 -9.39710e+00
 73  0.01874 -9.20822e+01 | 74 -0.01733 -2.16815e+01 | 75  0.01873 -2.08530e+01
 76  0.02368 -6.29729e+01 | 77  0.00240 -1.06462e+01 | 78  0.03430 -8.69036e+01
 79 -0.03248  1.77016e+01 | 80 -0.02557  1.27068e+01 | 81 -0.00693 -5.72566e+01
 82 -0.00096 -8.70762e-01 | 83 -0.04720  9.59018e+00 | 84 -0.01354 -2.43491e+01
 85  0.06031 -1.65819e+02 | 86 -0.02608  1.01725e+01 | 87  0.03667 -2.03029e+01
 88 -0.00363 -1.44540e+01 | 89 -0.01479  9.36709e+00 | 90 -0.01929  2.82490e+01
 91 -0.03450  2.73037e+01 | 92 -0.02334  1.79795e+01 | 93  0.01354 -4.22961e+01
 94  0.00553  2.59474e+01 | 95  0.01060  5.40548e+01 | 96 -0.01361  6.13504e+01
 97 -0.00329  3.61482e+01 | 98  0.00694  3.44038e+01 | 99 -0.02365  6.08131e+01
100  0.00082  7.09598e+01 |101  0.02461  5.53317e+01 |102 -0.07405 -1.63791e+01
103  0.06057  1.11914e+02 |104  0.00916  6.94584e+01 |105 -0.00020  5.80516e+01
106 -0.00009  5.80124e+01 |107 -0.01401 -8.32185e+02 |108 -0.01337 -1.40284e+02
109 -0.41444  2.22443e+02 |110 -0.07717 -2.28888e+01 |111  0.20692  1.67918e-02
111 variables; iteration 60; function evaluation 76; phase 5
Function value 5.7745551e+02; maximum gradient component mag -8.3654e+02
Var    Value     Gradient |Var    Value     Gradient |Var    Value     Gradient
  1 -0.43795 -1.65165e+02 |  2 -0.39339 -8.36536e+02 |  3 -0.43670 -4.71458e+02
  4 -0.36534 -4.56944e+01 |  5 -0.63357 -2.27834e+01 |  6  0.74403 -6.09250e+02
  7  0.00650 -1.86874e-01 |  8 -0.00001 -1.37964e-01 |  9 -0.00002 -1.83999e-01
 10 -0.00003 -2.45405e-01 | 11 -0.00004 -3.27343e-01 | 12 -0.00024  2.20660e+01
 13 -0.00009  2.19536e+01 | 14 -0.00025  2.18090e+01 | 15 -0.00023  2.16164e+01
 16 -0.00027  2.13694e+01 | 17 -0.00028  2.10570e+01 | 18 -0.00027  2.06777e+01
 19 -0.00023  2.02258e+01 | 20 -0.00001  1.96142e+01 | 21 -0.00032  1.89885e+01
 22 -0.00077  1.80812e+01 | 23 -0.00155  1.69894e+01 | 24 -0.00251  1.56545e+01
 25 -0.00371  1.37097e+01 | 26 -0.00640  8.26062e+00 | 27  0.00286  1.11340e+01
 28  0.00699  1.25854e+01 | 29 -0.00787  1.04314e+01 | 30  0.00388  6.25718e+00
 31  0.00305  7.33761e+00 | 32 -0.00009  4.88193e+00 | 33 -0.00094  4.82791e+00
 34 -0.00110  4.10346e+00 | 35  0.00117  2.07504e+00 | 36  0.00511  2.00066e+00
 37 -0.00623  3.64284e+00 | 38 -0.00681  6.12993e+00 | 39  0.00298  1.78426e+00
 40 -0.00924  7.50715e+00 | 41 -0.01034  7.30413e-01 | 42 -0.00473  4.07760e+00
 43 -0.00939  3.95892e+00 | 44 -0.00926  3.35436e+00 | 45 -0.00028  3.17641e+00
 46 -0.00604  1.56060e-01 | 47  0.01736 -5.14055e+00 | 48  0.00763 -1.74681e+00
 49 -0.01400  5.75559e+00 | 50 -0.01142  3.56638e-01 | 51 -0.00549 -1.84088e+00
 52  0.00066 -3.77160e-01 | 53 -0.00945 -3.75338e+00 | 54  0.00209 -1.21248e+01
 55  0.00923 -1.12604e+01 | 56 -0.00558 -6.49392e+00 | 57 -0.00016 -9.80533e+00
 58  0.00769 -9.93136e+00 | 59  0.00452 -7.12987e+00 | 60 -0.01232 -2.42458e+00
 61 -0.00194 -1.56340e+01 | 62  0.02523  3.16038e+00 | 63  0.00785 -2.98673e+01
 64 -0.00579 -7.63667e+00 | 65  0.01092 -2.05218e+01 | 66  0.00024  6.60998e-01
 67 -0.00266 -1.75978e+01 | 68  0.01627 -1.62243e+01 | 69  0.01931 -2.83666e+01
 70  0.03323 -3.72161e+01 | 71  0.02761 -2.55679e+01 | 72 -0.02330 -1.78180e+00
 73  0.02618 -1.92637e+01 | 74 -0.01413 -7.68697e+00 | 75  0.01046 -5.24109e+01
 76  0.02133 -5.49739e+01 | 77 -0.00122 -3.57997e+01 | 78  0.03312 -7.47477e+01
 79 -0.03390 -1.68971e+01 | 80 -0.02667 -1.65306e+01 | 81 -0.00500 -2.13717e+01
 82 -0.00237 -3.91499e+01 | 83 -0.04635 -4.45954e+00 | 84 -0.01183 -1.73444e+01
 85  0.06014 -1.06473e+02 | 86 -0.02531 -8.91598e+00 | 87  0.03448 -8.11313e+01
 88 -0.00246 -2.66524e+01 | 89 -0.01476 -1.49855e+01 | 90 -0.01991 -1.20107e+01
 91 -0.03434  1.65630e+00 | 92 -0.02284 -3.17544e+00 | 93  0.01546 -5.29448e+00
 94  0.00448 -1.56952e+01 | 95  0.00888 -2.08111e+01 | 96 -0.01555 -5.14452e+00
 97 -0.00294  8.02822e+00 | 98  0.00786  8.34091e+00 | 99 -0.02336  1.52196e+01
100  0.00024  8.94011e+00 |101  0.02540  2.00925e+01 |102 -0.04903  5.16817e+01
103  0.06026  1.30575e+01 |104  0.00326  1.08017e+01 |105 -0.00043  2.22974e+01
106 -0.00025  2.24014e+01 |107 -0.01648 -6.84131e+02 |108 -0.00567 -4.36307e+01
109 -0.41433  5.63318e+01 |110 -0.07300  1.45590e+00 |111  0.25639  1.59705e-03
111 variables; iteration 80; function evaluation 112; phase 5
Function value 5.7319325e+02; maximum gradient component mag -8.5734e+02
Var    Value     Gradient |Var    Value     Gradient |Var    Value     Gradient
  1 -0.43627 -9.99504e+01 |  2 -0.40172 -8.31686e+02 |  3 -0.42772 -4.63017e+02
  4 -0.37910 -1.31051e+01 |  5 -0.55115 -8.35181e+00 |  6  0.76204 -4.71187e+02
  7  0.00634 -3.31002e-01 |  8  0.00002 -5.75003e-02 |  9  0.00003 -7.62900e-02
 10  0.00004 -1.01187e-01 | 11  0.00005 -1.34301e-01 | 12 -0.00131  1.84098e+01
 13 -0.00117  1.83073e+01 | 14 -0.00133  1.81784e+01 | 15 -0.00132  1.80172e+01
 16 -0.00136  1.78271e+01 | 17 -0.00135  1.76255e+01 | 18 -0.00127  1.74758e+01
 19 -0.00106  1.74849e+01 | 20 -0.00058  1.75381e+01 | 21 -0.00046  1.78216e+01
 22 -0.00062  1.75129e+01 | 23 -0.00124  1.67767e+01 | 24 -0.00236  1.54296e+01
 25 -0.00401  1.30051e+01 | 26 -0.00098  1.60123e+01 | 27  0.00730  1.75908e+01
 28 -0.00198  3.06096e+00 | 29 -0.00736  1.22086e+01 | 30  0.00373  8.42611e+00
 31 -0.00029  5.52415e+00 | 32 -0.00034  6.61834e+00 | 33  0.00015  8.03443e+00
 34  0.00231  1.03462e+01 | 35  0.00199  5.62174e+00 | 36  0.00209  9.56084e-01
 37 -0.00226  1.07312e+01 | 38 -0.00948  4.01790e+00 | 39 -0.00031  8.51838e-01
 40 -0.01290  4.79309e+00 | 41 -0.00721  6.65547e+00 | 42 -0.00303  9.23477e+00
 43 -0.01117  4.10619e+00 | 44 -0.01156 -4.79286e-01 | 45 -0.01199 -1.69518e+01
 46 -0.00547 -1.14606e+00 | 47  0.00932 -1.15896e+01 | 48  0.00115 -9.32581e+00
 49 -0.02325 -9.45896e+00 | 50 -0.00852  9.37480e+00 | 51 -0.00329  1.35473e+00
 52 -0.00484 -5.39058e+00 | 53 -0.01427 -1.07376e+01 | 54  0.00544 -4.77355e+00
 55  0.00173 -2.06344e+01 | 56 -0.00502 -4.86111e+00 | 57 -0.00440 -1.38831e+01
 58  0.01276 -1.81056e+00 | 59 -0.00219 -1.65100e+01 | 60 -0.01372 -2.77727e+00
 61  0.00946 -1.03575e+00 | 62 -0.00151 -2.06567e+01 | 63  0.02759 -8.58496e+00
 64 -0.00484 -6.63356e+00 | 65  0.01438 -1.68971e+01 | 66 -0.00893 -1.25529e+01
 67  0.00236 -1.15460e+01 | 68  0.01656 -1.72148e+01 | 69  0.02283 -2.71668e+01
 70  0.03531 -3.84674e+01 | 71  0.02471 -4.00559e+01 | 72 -0.02295 -6.69618e+00
 73  0.02183 -4.55927e+01 | 74 -0.01482 -1.26840e+01 | 75  0.01438 -4.03909e+01
 76  0.02424 -5.29231e+01 | 77  0.00136 -3.06476e+01 | 78  0.03586 -5.46641e+01
 79 -0.03163  4.02063e+00 | 80 -0.02473 -8.71145e+00 | 81 -0.00317 -9.13872e+00
 82  0.00030 -1.60535e+01 | 83 -0.04479  4.90624e+00 | 84 -0.00866 -3.87119e+00
 85  0.06266 -5.90744e+01 | 86 -0.02471 -3.25381e-02 | 87  0.03706 -2.67760e+01
 88 -0.00140 -7.32344e+00 | 89 -0.01299  5.66522e+00 | 90 -0.01733  3.12679e+00
 91 -0.03231  1.20077e+01 | 92 -0.02067  4.55305e+00 | 93  0.01702  1.37385e+00
 94  0.00730 -1.06626e+00 | 95  0.01087  4.34777e-01 | 96 -0.01278  1.02158e+01
 97 -0.00133  8.74362e+00 | 98  0.01040  1.07174e+01 | 99 -0.02188  1.79125e+01
100  0.00363  1.60173e+01 |101  0.02734  1.57522e+01 |102 -0.05292  2.14788e+01
103  0.06204  1.45969e+01 |104  0.01278  2.73898e+01 |105 -0.00129  1.88177e+01
106 -0.00127  1.87340e+01 |107 -0.02221 -8.57336e+02 |108 -0.02500 -3.12942e+01
109 -0.42335  3.42529e+01 |110 -0.10765  5.31291e-01 |111  0.30452  1.82402e-03
111 variables; iteration 100; function evaluation 150; phase 5
Function value 5.6884007e+02; maximum gradient component mag -2.0213e+02
Var    Value     Gradient |Var    Value     Gradient |Var    Value     Gradient
  1 -0.43620  4.85209e+00 |  2 -0.41139 -2.02128e+02 |  3 -0.41440 -8.23458e+01
  4 -0.39049 -2.18739e+00 |  5 -0.50096 -2.19010e+00 |  6  0.80205 -9.79539e+01
  7  0.00659  2.11967e-01 |  8  0.00002 -1.27965e-02 |  9  0.00002 -1.86746e-02
 10  0.00003 -2.75311e-02 | 11  0.00004 -4.07959e-02 | 12 -0.00033  5.09472e+00
 13 -0.00012  5.13290e+00 | 14 -0.00024  5.14211e+00 | 15 -0.00020  5.10714e+00
 16 -0.00024  5.02574e+00 | 17 -0.00027  4.90639e+00 | 18 -0.00032  4.75433e+00
 19 -0.00042  4.54134e+00 | 20 -0.00039  4.24292e+00 | 21 -0.00079  4.11334e+00
 22 -0.00104  4.09847e+00 | 23 -0.00128  4.38550e+00 | 24 -0.00194  4.21406e+00
 25 -0.00487  1.85369e-01 | 26 -0.00378  7.97254e-01 | 27  0.00132  1.30852e-01
 28  0.00235  1.25529e+00 | 29 -0.01368 -7.56354e+00 | 30  0.00290  2.92443e-01
 31  0.00179  1.35441e+00 | 32  0.00223  3.58644e+00 | 33 -0.00634 -8.38622e+00
 34  0.00004  1.04897e+00 | 35  0.00237  1.21407e+00 | 36  0.00127 -4.46144e+00
 37 -0.00770 -3.02721e+00 | 38 -0.01075 -3.41632e+00 | 39  0.00230  3.14664e+00
 40 -0.01712 -6.98420e+00 | 41 -0.01064 -2.83141e+00 | 42 -0.00975 -4.85611e+00
 43 -0.01435 -5.71252e+00 | 44 -0.01025 -1.40577e+00 | 45 -0.00241 -3.54580e-01
 46 -0.00648 -4.31123e+00 | 47  0.00925 -5.09573e+00 | 48  0.00297 -2.55279e+00
 49 -0.01679 -5.81796e-01 | 50 -0.01480 -5.51331e+00 | 51 -0.00792 -4.00187e+00
 52 -0.00307  9.72009e-01 | 53 -0.00733  5.29023e-01 | 54  0.00196 -7.41176e+00
 55  0.00902 -1.07376e+00 | 56 -0.00606 -2.05520e+00 | 57 -0.00020 -4.28971e+00
 58  0.00097 -9.85860e+00 | 59  0.00359 -2.73824e+00 | 60 -0.01400 -2.52333e+00
 61  0.00053 -6.59164e+00 | 62  0.00793 -3.66773e+00 | 63  0.01107 -1.16523e+01
 64 -0.00641 -5.06171e+00 | 65  0.01348 -5.07156e+00 | 66 -0.00563 -1.33826e+00
 67 -0.00086 -5.19276e+00 | 68  0.01437 -4.76991e+00 | 69  0.02313 -8.19676e+00
 70  0.03511 -1.02540e+01 | 71  0.02561 -7.64805e+00 | 72 -0.02404 -1.90802e+00
 73  0.02246 -8.79286e+00 | 74 -0.01625 -2.97736e+00 | 75  0.01521 -1.03466e+01
 76  0.02584 -9.50285e+00 | 77  0.00294 -4.21961e+00 | 78  0.03740 -1.01305e+01
 79 -0.03222 -3.36608e-01 | 80 -0.02256  3.73945e+00 | 81 -0.00244  5.46714e+00
 82  0.00258  4.70808e+00 | 83 -0.04430  6.43766e+00 | 84 -0.00672  2.93567e+00
 85  0.06386  1.20319e+01 | 86 -0.02363  5.67507e+00 | 87  0.03758  1.24150e+01
 88 -0.00005  9.22377e+00 | 89 -0.01298  7.78898e+00 | 90 -0.01513  9.55180e+00
 91 -0.03179  6.95914e+00 | 92 -0.01819  7.88180e+00 | 93  0.01786  1.09744e+01
 94  0.01019  1.21699e+01 | 95  0.01183  1.00741e+01 | 96 -0.01033  7.39097e+00
 97 -0.00024  8.26076e+00 | 98  0.01343  1.00589e+01 | 99 -0.02113  6.55892e+00
100  0.00695  6.05061e+00 |101  0.02897  5.13808e+00 |102 -0.05126  3.15811e+00
103  0.06330  7.96360e+00 |104  0.00880  3.93852e+00 |105 -0.00098  4.30729e+00
106 -0.00066  4.70789e+00 |107 -0.03047 -1.91432e+02 |108 -0.04157 -1.25631e+01
109 -0.42955  2.16878e+01 |110 -0.17332 -1.29231e+00 |111  0.32999  1.94336e-03
111 variables; iteration 120; function evaluation 193; phase 5
Function value 5.6708068e+02; maximum gradient component mag -1.0094e+02
Var    Value     Gradient |Var    Value     Gradient |Var    Value     Gradient
  1 -0.43599 -4.45375e+00 |  2 -0.41510 -4.62375e+01 |  3 -0.41003 -2.27881e+01
  4 -0.39606 -5.22717e-01 |  5 -0.48411 -4.48446e-01 |  6  0.85657 -2.19946e+01
  7  0.00657  2.13883e-01 |  8  0.00005  3.91626e-02 |  9  0.00006  4.40799e-02
 10  0.00006  4.36652e-02 | 11  0.00007  3.10446e-02 | 12 -0.00016  1.11314e+00
 13 -0.00004  1.02143e+00 | 14 -0.00022  9.63703e-01 | 15 -0.00007  1.10306e+00
 16  0.00008  1.34577e+00 | 17 -0.00002  1.13986e+00 | 18 -0.00007  1.03920e+00
 19  0.00007  1.26971e+00 | 20  0.00038  1.46421e+00 | 21  0.00011  1.62539e+00
 22 -0.00062  9.59134e-01 | 23 -0.00097  1.16582e+00 | 24 -0.00142  1.40527e+00
 25 -0.00199  1.16315e+00 | 26 -0.00109  1.54729e+00 | 27  0.00433  1.79670e+00
 28  0.00407  1.76227e+00 | 29 -0.00597  2.26393e+00 | 30  0.00546  1.75501e+00
 31  0.00324  1.73999e+00 | 32  0.00269  2.41316e+00 | 33  0.00202  1.99658e+00
 34  0.00181  1.88780e+00 | 35  0.00418  2.51983e+00 | 36  0.00655  2.38595e+00
 37 -0.00326  2.01336e+00 | 38 -0.00583  2.23033e+00 | 39  0.00330  2.60118e+00
 40 -0.01041  2.12500e+00 | 41 -0.00632  2.49022e+00 | 42 -0.00456  2.28074e+00
 43 -0.00909  1.52745e+00 | 44 -0.00619  2.00779e+00 | 45  0.00106  1.94661e+00
 46 -0.00139  2.25090e+00 | 47  0.01323  2.64863e+00 | 48  0.00493  2.14876e+00
 49 -0.01423  1.71697e+00 | 50 -0.00953  2.05400e+00 | 51 -0.00471  1.77608e+00
 52 -0.00343  2.14262e+00 | 53 -0.00708  1.64996e+00 | 54  0.00654  2.05272e+00
 55  0.01024  1.81578e+00 | 56 -0.00532  1.78177e+00 | 57  0.00058  1.31507e+00
 58  0.00491  1.44489e+00 | 59  0.00367  1.17540e+00 | 60 -0.01247  1.15957e+00
 61  0.00173  1.23829e+00 | 62  0.00514  4.48782e-01 | 63  0.01167  8.39291e-01
 64 -0.00679  8.24054e-01 | 65  0.01183  7.68106e-01 | 66 -0.00966  4.52519e-01
 67 -0.00386  3.28250e-01 | 68  0.00934  7.09307e-02 | 69  0.01934 -6.75554e-01
 70  0.03073 -1.31229e+00 | 71  0.02030 -1.40161e+00 | 72 -0.02755 -2.79536e-01
 73  0.01745 -1.95583e+00 | 74 -0.02031 -1.13489e+00 | 75  0.01137 -2.42837e+00
 76  0.02194 -3.94948e+00 | 77 -0.00043 -2.73849e+00 | 78  0.03419 -6.07949e+00
 79 -0.03529 -1.58789e+00 | 80 -0.02544 -2.42124e+00 | 81 -0.00548 -3.77613e+00
 82 -0.00030 -4.39545e+00 | 83 -0.04738 -1.48307e+00 | 84 -0.00923 -3.39816e+00
 85  0.06031 -1.38318e+01 | 86 -0.02673 -2.59457e+00 | 87  0.03390 -8.57657e+00
 88 -0.00345 -4.38291e+00 | 89 -0.01637 -3.19364e+00 | 90 -0.01797 -3.13998e+00
 91 -0.03472 -1.73430e+00 | 92 -0.02067 -2.65846e+00 | 93  0.01481 -4.95649e+00
 94  0.00751 -4.26458e+00 | 95  0.00888 -3.35250e+00 | 96 -0.01256 -1.88621e+00
 97 -0.00280 -1.25203e+00 | 98  0.01140 -1.86585e+00 | 99 -0.02347  7.77328e-02
100  0.00585 -3.23985e-01 |101  0.02713  3.00677e-01 |102 -0.05141  7.46564e-01
103  0.06170  1.72306e+00 |104  0.00925  1.22553e+00 |105 -0.00044  8.40379e-01
106 -0.00041  8.16833e-01 |107 -0.03581 -1.00942e+02 |108 -0.05154  1.10891e+00
109 -0.43481 -2.90932e+00 |110 -0.19774 -3.43996e-01 |111  0.30817  1.89546e-03
111 variables; iteration 140; function evaluation 238; phase 5
Function value 5.6690838e+02; maximum gradient component mag -1.8883e+01
Var    Value     Gradient |Var    Value     Gradient |Var    Value     Gradient
  1 -0.43579 -1.35913e+00 |  2 -0.41737 -8.18756e+00 |  3 -0.40720 -3.96353e+00
  4 -0.39958 -3.47248e-02 |  5 -0.47249 -1.91473e-02 |  6  0.89374 -2.31096e+00
  7  0.00643 -9.58247e-03 |  8 -0.00004 -9.95044e-02 |  9  0.00018  2.44273e-01
 10  0.00027  3.67288e-01 | 11  0.00015  1.55187e-01 | 12  0.00003  4.38118e-02
 13  0.00025  1.26656e-01 | 14  0.00017  2.00158e-01 | 15  0.00025  2.43743e-01
 16  0.00024  2.41104e-01 | 17  0.00022  1.75033e-01 | 18  0.00023  1.73282e-01
 19  0.00021  1.53577e-01 | 20  0.00040  1.86522e-01 | 21  0.00004  2.11774e-01
 22 -0.00036  5.94315e-02 | 23 -0.00087  1.34913e-02 | 24 -0.00139  1.32790e-01
 25 -0.00181  1.07200e-01 | 26 -0.00115  5.70276e-02 | 27  0.00396 -1.25087e-02
 28  0.00360  8.76165e-02 | 29 -0.00654  5.91376e-02 | 30  0.00518  8.90849e-02
 31  0.00286  1.00161e-01 | 32  0.00194  7.66372e-02 | 33  0.00169  2.46314e-01
 34  0.00145  1.02016e-01 | 35  0.00330  6.97238e-02 | 36  0.00583  2.08364e-01
 37 -0.00378 -4.64167e-02 | 38 -0.00635  8.17888e-02 | 39  0.00236 -1.41514e-01
 40 -0.01090  4.33381e-02 | 41 -0.00707 -4.37674e-02 | 42 -0.00510  1.42768e-01
 43 -0.00919  1.34137e-01 | 44 -0.00633  6.70084e-02 | 45  0.00098  8.80000e-02
 46 -0.00181 -4.19508e-02 | 47  0.01197 -3.87337e-02 | 48  0.00414  1.25425e-02
 49 -0.01445  5.28734e-02 | 50 -0.00985  3.22212e-02 | 51 -0.00507  1.05988e-01
 52 -0.00435 -1.80352e-01 | 53 -0.00734  7.57516e-02 | 54  0.00603 -2.77338e-02
 55  0.00982  4.30446e-03 | 56 -0.00599 -7.71718e-02 | 57  0.00024  1.97908e-02
 58  0.00432  4.84867e-02 | 59  0.00335 -4.37180e-02 | 60 -0.01264 -1.22712e-03
 61  0.00134  1.40605e-02 | 62  0.00504 -8.85128e-02 | 63  0.01071 -3.75809e-02
 64 -0.00701 -2.57391e-02 | 65  0.01155 -2.35679e-02 | 66 -0.01000 -1.16568e-01
 67 -0.00425  1.33948e-02 | 68  0.00891 -2.21384e-01 | 69  0.01931 -2.43488e-01
 70  0.03062 -3.00126e-01 | 71  0.02000 -3.32197e-01 | 72 -0.02762 -1.06026e-01
 73  0.01731 -4.15627e-01 | 74 -0.02028 -2.18287e-01 | 75  0.01156 -4.47575e-01
 76  0.02228 -6.51901e-01 | 77 -0.00003 -3.72122e-01 | 78  0.03463 -6.70761e-01
 79 -0.03504 -3.65226e-02 | 80 -0.02488 -1.56916e-01 | 81 -0.00499 -1.42876e-01
 82  0.00030 -2.45099e-01 | 83 -0.04698  4.32563e-03 | 84 -0.00860 -1.27251e-01
 85  0.06075 -5.74838e-01 | 86 -0.02646 -4.36784e-02 | 87  0.03421 -3.26539e-01
 88 -0.00315 -1.24855e-01 | 89 -0.01606  1.87377e-02 | 90 -0.01734 -4.36614e-02
 91 -0.03420  7.03168e-02 | 92 -0.01998  6.25593e-03 | 93  0.01538  1.07027e-02
 94  0.00827 -1.04419e-01 | 95  0.00944 -4.66293e-02 | 96 -0.01179  1.45127e-02
 97 -0.00214  5.07400e-02 | 98  0.01234  1.37418e-02 | 99 -0.02279  9.43064e-02
100  0.00702  7.90302e-02 |101  0.02805  1.36505e-01 |102 -0.05034  2.74230e-01
103  0.06270  4.40270e-02 |104  0.00954  1.68332e-01 |105 -0.00003  1.10520e-01
106  0.00008  2.18622e-01 |107 -0.03972 -1.88826e+01 |108 -0.05445 -1.88525e-01
109 -0.43588  2.87776e-01 |110 -0.21217  4.32291e-02 |111  0.20894  3.27132e-03
111 variables; iteration 160; function evaluation 280; phase 5
Function value 5.6536747e+02; maximum gradient component mag -3.8535e+01
Var    Value     Gradient |Var    Value     Gradient |Var    Value     Gradient
  1 -0.42291  2.31778e+00 |  2 -0.41159 -1.46652e+01 |  3 -0.42402 -6.30506e+00
  4 -0.39036  2.33241e-01 |  5 -0.50502 -7.48897e-02 |  6  0.91314 -4.03939e+00
  7  0.00642 -3.60545e-02 |  8 -0.00006 -1.33693e-01 |  9  0.00014  1.76168e-01
 10  0.00016  1.85485e-01 | 11  0.00007  3.29392e-02 | 12  0.00006  3.84343e-01
 13  0.00017  2.82467e-01 | 14  0.00002  2.53443e-01 | 15  0.00010  2.90522e-01
 16  0.00007  2.57844e-01 | 17  0.00018  3.82548e-01 | 18  0.00018  3.54465e-01
 19  0.00018  3.74805e-01 | 20  0.00033  3.60071e-01 | 21 -0.00024  1.07781e-01
 22 -0.00030  5.37989e-01 | 23 -0.00075  6.51381e-01 | 24 -0.00152  4.11465e-01
 25 -0.00186  4.74364e-01 | 26 -0.00105  4.75706e-01 | 27  0.00478  7.55519e-01
 28  0.00320  4.87138e-01 | 29 -0.00657  5.95707e-01 | 30  0.00438  4.18728e-01
 31  0.00385  3.01543e-01 | 32  0.00181  4.31186e-01 | 33  0.00118  5.78088e-02
 34  0.00136  4.01561e-01 | 35  0.00350  6.04389e-01 | 36  0.00535  9.57967e-02
 37 -0.00368  8.01280e-01 | 38 -0.00616  5.04777e-01 | 39  0.00312  8.88655e-01
 40 -0.01088  5.92268e-01 | 41 -0.00725  6.62428e-01 | 42 -0.00488  4.27036e-01
 43 -0.00974  3.02985e-01 | 44 -0.00600  3.86529e-01 | 45  0.00090  4.02067e-01
 46 -0.00136  4.57010e-01 | 47  0.01334  4.53937e-01 | 48  0.00296  6.82965e-01
 49 -0.01480  3.91340e-01 | 50 -0.00952  4.36593e-01 | 51 -0.00502  3.40096e-01
 52 -0.00380  8.06577e-01 | 53 -0.00786  1.44799e-01 | 54  0.00627  2.40870e-01
 55  0.00999  1.36500e-01 | 56 -0.00599  4.40444e-01 | 57  0.00058  5.29015e-01
 58  0.00440  2.09938e-01 | 59  0.00279  5.16959e-01 | 60 -0.01249  3.66206e-01
 61  0.00105  2.35439e-01 | 62  0.00576 -2.35630e-01 | 63  0.00954  1.51149e-02
 64 -0.00790 -1.09556e-01 | 65  0.01052  2.52947e-01 | 66 -0.00921 -1.43946e-02
 67 -0.00395 -3.69611e-02 | 68  0.00845 -1.14984e-01 | 69  0.01918 -2.48511e-01
 70  0.03020 -5.38546e-01 | 71  0.01958 -5.22370e-01 | 72 -0.02752 -4.96731e-02
 73  0.01801 -7.40353e-01 | 74 -0.01979 -3.06865e-01 | 75  0.01179 -1.06809e+00
 76  0.02260 -1.25878e+00 | 77  0.00063 -9.20223e-01 | 78  0.03471 -1.71371e+00
 79 -0.03554 -4.22364e-01 | 80 -0.02414 -4.02901e-01 | 81 -0.00500 -8.05499e-01
 82  0.00068 -7.65998e-01 | 83 -0.04717 -1.13823e-01 | 84 -0.00762 -6.83562e-01
 85  0.06077 -2.95725e+00 | 86 -0.02635 -4.08164e-01 | 87  0.03345 -1.60303e+00
 88 -0.00286 -6.75688e-01 | 89 -0.01661 -5.37636e-01 | 90 -0.01711 -3.40545e-01
 91 -0.03431 -2.55642e-01 | 92 -0.01897 -3.46294e-01 | 93  0.01523 -1.08931e+00
 94  0.00852 -5.02576e-01 | 95  0.00924 -6.69722e-01 | 96 -0.01179 -1.65446e-01
 97 -0.00236 -2.13016e-01 | 98  0.01264 -7.27277e-02 | 99 -0.02370  1.63717e-01
100  0.00787  1.32974e-01 |101  0.02691  2.77644e-02 |102 -0.05055  2.46120e-01
103  0.06151  6.15668e-01 |104  0.01042  4.72671e-01 |105 -0.00006  3.83278e-01
106  0.00008  5.06952e-01 |107 -0.04112 -3.85349e+01 |108 -0.04108 -6.12364e-01
109 -0.43054  8.64129e-01 |110 -0.30674 -1.39322e-01 |111 -0.24514  3.91877e-01

 - final statistics:
111 variables; iteration 177; function evaluation 297
Function value 5.6536e+02; maximum gradient component mag 8.3770e-05
Exit code = 1;  converg criter 1.0000e-04
Var    Value     Gradient |Var    Value     Gradient |Var    Value     Gradient
  1 -0.42278 -4.93760e-05 |  2 -0.41217 -4.26152e-05 |  3 -0.42338 -4.89415e-05
  4 -0.39140  3.61170e-06 |  5 -0.50184  1.60134e-06 |  6  0.93181  6.42550e-06
  7  0.00644  2.26455e-07 |  8  0.00002  8.27407e-07 |  9  0.00003 -4.57758e-07
 10  0.00004 -5.45686e-07 | 11  0.00005 -5.32481e-08 | 12  0.00014 -7.18210e-07
 13  0.00031 -1.39378e-07 | 14  0.00018  1.13942e-07 | 15  0.00024 -4.74879e-07
 16  0.00023 -9.13057e-08 | 17  0.00025 -8.30783e-07 | 18  0.00027 -5.39650e-07
 19  0.00025 -6.76752e-07 | 20  0.00041 -9.29193e-07 | 21  0.00001  1.73167e-07
 22 -0.00033 -1.94099e-06 | 23 -0.00086 -2.54386e-06 | 24 -0.00147 -1.41449e-06
 25 -0.00185 -1.55678e-06 | 26 -0.00102 -1.40735e-06 | 27  0.00458 -4.70988e-06
 28  0.00314 -1.96182e-06 | 29 -0.00664 -3.73985e-06 | 30  0.00439 -1.23773e-06
 31  0.00392 -9.00947e-07 | 32  0.00183 -1.99514e-06 | 33  0.00144  4.45784e-08
 34  0.00139 -2.17122e-06 | 35  0.00337 -2.50785e-06 | 36  0.00555 -7.10694e-07
 37 -0.00389 -4.15604e-06 | 38 -0.00618 -2.63361e-06 | 39  0.00287 -4.87429e-06
 40 -0.01094 -3.05914e-06 | 41 -0.00735 -3.43541e-06 | 42 -0.00486 -2.49544e-06
 43 -0.00964 -8.91636e-07 | 44 -0.00587 -1.20293e-06 | 45  0.00101  3.35674e-07
 46 -0.00129 -1.53531e-06 | 47  0.01323 -1.19349e-06 | 48  0.00275 -2.10266e-06
 49 -0.01475  2.84573e-09 | 50 -0.00947 -1.36652e-06 | 51 -0.00497  4.31057e-07
 52 -0.00409 -2.25389e-06 | 53 -0.00772  2.01698e-06 | 54  0.00634  4.48028e-07
 55  0.01008  2.93367e-06 | 56 -0.00610  3.46485e-07 | 57  0.00039 -3.41900e-07
 58  0.00435  1.33511e-06 | 59  0.00262  8.81676e-07 | 60 -0.01254  7.38397e-07
 61  0.00097  1.03554e-06 | 62  0.00589  2.58166e-06 | 63  0.00931  5.14795e-06
 64 -0.00784  1.43840e-06 | 65  0.01036  1.13263e-06 | 66 -0.00930  1.24760e-06
 67 -0.00412  4.21191e-06 | 68  0.00826  3.95022e-06 | 69  0.01905  1.64440e-06
 70  0.03005  3.33731e-06 | 71  0.01938  4.14544e-06 | 72 -0.02767  2.12557e-06
 73  0.01782  8.83285e-06 | 74 -0.01992 -5.07137e-07 | 75  0.01172  6.35113e-06
 76  0.02254  6.59358e-06 | 77  0.00060  3.89081e-06 | 78  0.03468  9.08934e-06
 79 -0.03557  2.50585e-06 | 80 -0.02414  1.92349e-06 | 81 -0.00498  5.22182e-07
 82  0.00068  3.39480e-06 | 83 -0.04716 -4.30459e-07 | 84 -0.00760  1.08667e-06
 85  0.06076  3.31309e-06 | 86 -0.02642  8.79024e-07 | 87  0.03341 -2.67149e-06
 88 -0.00293  8.58801e-07 | 89 -0.01662 -1.59028e-07 | 90 -0.01709 -1.15357e-07
 91 -0.03426 -1.18000e-07 | 92 -0.01893  1.65955e-08 | 93  0.01528 -1.08893e-06
 94  0.00856 -1.10768e-06 | 95  0.00930 -1.55060e-07 | 96 -0.01173  9.49444e-07
 97 -0.00227 -1.43882e-06 | 98  0.01275 -2.01945e-06 | 99 -0.02359 -6.22263e-07
100  0.00806 -1.04706e-06 |101  0.02709  6.95207e-07 |102 -0.05033 -3.85009e-07
103  0.06173 -2.23135e-06 |104  0.01047 -8.62700e-07 |105  0.00002 -5.90437e-07
106  0.00008 -1.25163e-06 |107 -0.04220  8.37701e-05 |108 -0.04171 -2.14409e-05
109 -0.43081  5.00867e-05 |110 -0.30881  7.43888e-07 |111 -0.24583  1.89698e-07
Warning: the following parameters had issues
  SR_parm[1] is within 1% of upper bound: 4.00000e+00 < 1.99542e+01 < 2.00000e+01


 - final statistics:
112 variables; iteration 0; function evaluation 0
Function value 5.6536e+02; maximum gradient component mag 8.3770e-05
Exit code = 0;  converg criter 1.0000e-04
Var    Value     Gradient |Var    Value     Gradient |Var    Value     Gradient
  1 -0.42278 -4.93760e-05 |  2 -0.41217 -4.26152e-05 |  3 -0.42338 -4.89415e-05
  4 -0.39140  3.61170e-06 |  5 -0.50184  1.60134e-06 |  6  0.93181  6.42551e-06
  7  0.00644  2.26455e-07 |  8  0.00002  8.27407e-07 |  9  0.00003 -4.57758e-07
 10  0.00004 -5.45686e-07 | 11  0.00005 -5.32481e-08 | 12  0.00014 -8.36044e-07
 13  0.00031 -2.57212e-07 | 14  0.00018 -3.89210e-09 | 15  0.00024 -5.92713e-07
 16  0.00023 -2.09140e-07 | 17  0.00025 -9.48616e-07 | 18  0.00027 -6.57483e-07
 19  0.00025 -7.94586e-07 | 20  0.00041 -1.04703e-06 | 21  0.00001  5.53331e-08
 22 -0.00033 -2.05883e-06 | 23 -0.00086 -2.66169e-06 | 24 -0.00147 -1.53232e-06
 25 -0.00185 -1.67461e-06 | 26 -0.00102 -1.52518e-06 | 27  0.00458 -4.82771e-06
 28  0.00314 -2.07966e-06 | 29 -0.00664 -3.85768e-06 | 30  0.00439 -1.35556e-06
 31  0.00392 -1.01878e-06 | 32  0.00183 -2.11298e-06 | 33  0.00144 -7.32551e-08
 34  0.00139 -2.28905e-06 | 35  0.00337 -2.62568e-06 | 36  0.00555 -8.28523e-07
 37 -0.00389 -4.27388e-06 | 38 -0.00618 -2.75144e-06 | 39  0.00287 -4.99212e-06
 40 -0.01094 -3.17695e-06 | 41 -0.00735 -3.55324e-06 | 42 -0.00486 -2.61327e-06
 43 -0.00964 -1.00946e-06 | 44 -0.00587 -1.32076e-06 | 45  0.00101  2.17840e-07
 46 -0.00129 -1.65315e-06 | 47  0.01323 -1.31129e-06 | 48  0.00275 -2.22049e-06
 49 -0.01475 -1.14956e-07 | 50 -0.00947 -1.48434e-06 | 51 -0.00497  3.13227e-07
 52 -0.00409 -2.37173e-06 | 53 -0.00772  1.89916e-06 | 54  0.00634  3.30200e-07
 55  0.01008  2.81585e-06 | 56 -0.00610  2.28657e-07 | 57  0.00039 -4.59734e-07
 58  0.00435  1.21728e-06 | 59  0.00262  7.63843e-07 | 60 -0.01254  6.20586e-07
 61  0.00097  9.17708e-07 | 62  0.00589  2.46383e-06 | 63  0.00931  5.03013e-06
 64 -0.00784  1.32058e-06 | 65  0.01036  1.01482e-06 | 66 -0.00930  1.12978e-06
 67 -0.00412  4.09408e-06 | 68  0.00826  3.83240e-06 | 69  0.01905  1.52662e-06
 70  0.03005  3.21961e-06 | 71  0.01938  4.02766e-06 | 72 -0.02767  2.00785e-06
 73  0.01782  8.71507e-06 | 74 -0.01992 -6.24912e-07 | 75  0.01172  6.23332e-06
 76  0.02254  6.47582e-06 | 77  0.00060  3.77297e-06 | 78  0.03468  8.97168e-06
 79 -0.03557  2.38820e-06 | 80 -0.02414  1.80575e-06 | 81 -0.00498  4.04354e-07
 82  0.00068  3.27697e-06 | 83 -0.04716 -5.47969e-07 | 84 -0.00760  9.68846e-07
 85  0.06076  3.19579e-06 | 86 -0.02642  7.61292e-07 | 87  0.03341 -2.78916e-06
 88 -0.00293  7.40969e-07 | 89 -0.01662 -2.76822e-07 | 90 -0.01709 -2.33147e-07
 91 -0.03426 -2.35662e-07 | 92 -0.01893 -1.01185e-07 | 93  0.01528 -1.20673e-06
 94  0.00856 -1.22550e-06 | 95  0.00930 -2.72877e-07 | 96 -0.01173  8.31631e-07
 97 -0.00227 -1.55665e-06 | 98  0.01275 -2.13726e-06 | 99 -0.02359 -7.40015e-07
100  0.00806 -1.16488e-06 |101  0.02709  5.77480e-07 |102 -0.05033 -5.02474e-07
103  0.06173 -2.34863e-06 |104  0.01047 -9.80518e-07 |105  0.00002 -7.08271e-07
106  0.00008 -1.36946e-06 |107  0.00000  0.00000e+00 |108 -0.04220  8.37702e-05
109 -0.04171 -2.14409e-05 |110 -0.43081  5.00867e-05 |111 -0.30881  7.43889e-07
112 -0.24583  1.89698e-07 |
size of file gradfil1.tmp = 0
size of file gradfil2.tmp = 0
size of file varssave.tmp = 0
size of file cmpdiff.tmp = 0
