
Initial statistics: 1 variables; iteration 0; function evaluation 0; phase 1
Function value 9.6556773e+02; maximum gradient component mag 1.7146e+04
Var    Value     Gradient |Var    Value     Gradient |Var    Value     Gradient
  1  0.63197  1.71460e+04 |

 - final statistics:
1 variables; iteration 6; function evaluation 15
Function value 6.9350e+02; maximum gradient component mag 1.6758e+00
Exit code = 1;  converg criter 1.0000e+01
Var    Value     Gradient |Var    Value     Gradient |Var    Value     Gradient
  1  0.61166  1.67575e+00 |

Initial statistics: 98 variables; iteration 0; function evaluation 0; phase 2
Function value 6.9349719e+02; maximum gradient component mag -1.3088e+03
Var    Value     Gradient |Var    Value     Gradient |Var    Value     Gradient
  1  0.61166  1.67575e+00 |  2  0.00000 -3.80867e+00 |  3  0.00000 -3.83187e+00
  4  0.00000 -3.86012e+00 |  5  0.00000 -3.89446e+00 |  6  0.00000 -3.93617e+00
  7  0.00000 -3.98677e+00 |  8  0.00000 -4.05252e+00 |  9  0.00000 -4.13130e+00
 10  0.00000 -4.22801e+00 | 11  0.00000 -4.34716e+00 | 12  0.00000 -4.49516e+00
 13  0.00000 -4.67348e+00 | 14  0.00000 -4.89854e+00 | 15  0.00000 -5.27189e+00
 16  0.00000 -5.51437e+00 | 17  0.00000 -5.94884e+00 | 18  0.00000 -6.43823e+00
 19  0.00000 -7.06068e+00 | 20  0.00000 -7.80883e+00 | 21  0.00000 -8.94800e+00
 22  0.00000 -9.31725e+00 | 23  0.00000 -8.67068e+00 | 24  0.00000 -7.35108e+00
 25  0.00000 -4.32753e+00 | 26  0.00000 -1.82909e+00 | 27  0.00000 -4.68157e-01
 28  0.00000 -5.52670e-01 | 29  0.00000 -1.45946e+01 | 30  0.00000 -9.33254e+00
 31  0.00000 -1.22968e+01 | 32  0.00000 -1.59628e+01 | 33  0.00000 -1.76769e+01
 34  0.00000 -5.29067e+01 | 35  0.00000 -1.28627e+01 | 36  0.00000 -1.91647e+01
 37  0.00000 -2.69064e+01 | 38  0.00000 -2.22672e+01 | 39  0.00000 -2.34653e+01
 40  0.00000 -4.88536e+01 | 41  0.00000 -8.07270e+01 | 42  0.00000 -5.11318e+01
 43  0.00000 -7.24487e+01 | 44  0.00000 -5.49493e+01 | 45  0.00000 -1.70865e+01
 46  0.00000 -6.71133e+01 | 47  0.00000 -5.45404e+01 | 48  0.00000 -5.47117e+01
 49  0.00000 -5.64483e+01 | 50  0.00000 -4.13570e+01 | 51  0.00000 -6.82160e+01
 52  0.00000 -8.27048e+01 | 53  0.00000 -9.60154e+01 | 54  0.00000 -6.71218e+01
 55  0.00000 -1.16639e+02 | 56  0.00000 -8.49048e+01 | 57  0.00000 -1.12739e+02
 58  0.00000 -1.20496e+02 | 59  0.00000 -1.61330e+02 | 60  0.00000 -9.37364e+01
 61  0.00000 -2.25622e+02 | 62  0.00000 -7.27931e+01 | 63  0.00000 -1.04539e+02
 64  0.00000 -1.33726e+02 | 65  0.00000  8.31315e+01 | 66  0.00000  4.58937e+00
 67  0.00000 -2.30897e+02 | 68  0.00000 -4.62034e+02 | 69  0.00000 -6.31774e+02
 70  0.00000 -4.64018e+02 | 71  0.00000  3.29073e+01 | 72  0.00000 -5.22361e+02
 73  0.00000  3.65679e+02 | 74  0.00000  2.43375e+02 | 75  0.00000  4.45740e+02
 76  0.00000  4.89093e+02 | 77  0.00000  4.72246e+02 | 78  0.00000  3.70274e+02
 79  0.00000  2.85149e+02 | 80  0.00000  7.03853e+02 | 81  0.00000  6.36643e+02
 82  0.00000  6.24171e+02 | 83  0.00000 -3.38744e+02 | 84  0.00000  7.20818e+02
 85  0.00000  6.23684e+02 | 86  0.00000  4.59635e+02 | 87  0.00000 -2.26680e+02
 88  0.00000 -2.32687e+02 | 89  0.00000 -1.30882e+03 | 90  0.00000  2.43450e+02
 91  0.00000  2.12463e+02 | 92  0.00000 -2.19882e+02 | 93  0.00000  1.21348e+02
 94  0.00000  7.74399e+00 | 95  0.00000 -3.35983e+00 | 96  0.00000 -3.70312e+00
 97 -0.03546  3.74291e+01 | 98 -0.31026 -4.29472e+01 |

Intermediate statistics: 98 variables; iteration 20; function evaluation 28; phase 2
Function value 6.0322373e+02; maximum gradient component mag 2.7920e+03
Var    Value     Gradient |Var    Value     Gradient |Var    Value     Gradient
  1  0.61336  2.79200e+03 |  2 -0.00008 -7.57735e+01 |  3 -0.00007 -7.57487e+01
  4 -0.00006 -7.57186e+01 |  5 -0.00005 -7.56820e+01 |  6 -0.00004 -7.56377e+01
  7 -0.00002 -7.55841e+01 |  8 -0.00000 -7.55143e+01 |  9  0.00003 -7.54309e+01
 10  0.00006 -7.53288e+01 | 11  0.00011 -7.52034e+01 | 12  0.00018 -7.50480e+01
 13  0.00026 -7.48618e+01 | 14  0.00037 -7.46273e+01 | 15  0.00065 -7.42292e+01
 16  0.00071 -7.39903e+01 | 17  0.00100 -7.35416e+01 | 18  0.00130 -7.30434e+01
 19  0.00175 -7.24068e+01 | 20  0.00231 -7.16424e+01 | 21  0.00336 -7.04469e+01
 22  0.00325 -7.01884e+01 | 23  0.00199 -7.10836e+01 | 24 -0.00044 -7.26945e+01
 25 -0.00454 -7.55134e+01 | 26 -0.00733 -7.70347e+01 | 27 -0.00882 -7.74165e+01
 28 -0.00952 -7.73833e+01 | 29  0.00316 -6.73657e+01 | 30 -0.00194 -7.04998e+01
 31  0.00035 -6.79193e+01 | 32  0.00198 -6.59683e+01 | 33 -0.00309 -7.13062e+01
 34  0.02464 -5.26518e+01 | 35 -0.00260 -6.63106e+01 | 36 -0.00125 -6.59251e+01
 37  0.00356 -6.10702e+01 | 38 -0.00273 -6.46665e+01 | 39 -0.00606 -6.71868e+01
 40  0.01309 -5.41181e+01 | 41  0.03562 -3.93398e+01 | 42  0.00484 -5.99685e+01
 43  0.02252 -4.61690e+01 | 44  0.00736 -5.37258e+01 | 45 -0.01161 -6.01913e+01
 46  0.01140 -5.14324e+01 | 47 -0.00183 -5.84579e+01 | 48 -0.00357 -5.79427e+01
 49 -0.00312 -5.53924e+01 | 50 -0.01147 -5.92589e+01 | 51 -0.00554 -6.06459e+01
 52 -0.00145 -5.80632e+01 | 53  0.00378 -5.45901e+01 | 54 -0.01507 -6.38259e+01
 55  0.00676 -5.49451e+01 | 56 -0.01264 -6.60613e+01 | 57 -0.00176 -6.07535e+01
 58 -0.00228 -6.22395e+01 | 59  0.01021 -6.10934e+01 | 60 -0.01961 -8.71681e+01
 61  0.02196 -5.82995e+01 | 62 -0.03074 -1.04687e+02 | 63 -0.01558 -1.01138e+02
 64 -0.00077 -8.72541e+01 | 65 -0.05716 -1.45199e+02 | 66 -0.02641 -1.09607e+02
 67  0.00564 -6.80981e+01 | 68  0.01498 -3.87514e+01 | 69  0.01347 -1.19859e+02
 70  0.01367 -3.10445e+01 | 71 -0.00251  1.23535e+02 | 72  0.01948  6.39894e+01
 73 -0.00326  3.77208e+02 | 74 -0.00681  2.43382e+02 | 75 -0.00072  5.15132e+02
 76 -0.00911  4.04560e+02 | 77  0.00096  5.84034e+02 | 78 -0.00232  4.07098e+02
 79  0.00281  4.19241e+02 | 80 -0.01052  5.21493e+02 | 81 -0.00026  6.51409e+02
 82 -0.00760  4.82522e+02 | 83  0.00733 -1.03525e+02 | 84 -0.01248  4.44899e+02
 85 -0.00389  4.61927e+02 | 86 -0.00415  3.06686e+02 | 87  0.00767 -1.22939e+02
 88  0.01710 -2.09784e+01 | 89  0.04042 -4.88655e+02 | 90 -0.02038 -4.78675e+01
 91 -0.00021  1.46988e+01 | 92  0.02505 -8.23569e+01 | 93  0.00000 -7.15872e+01
 94 -0.00259 -7.87613e+01 | 95 -0.00040 -7.61668e+01 | 96 -0.00011 -7.58863e+01
 97 -0.01652  3.24699e+02 | 98 -0.29633 -2.19883e+01 |
98 variables; iteration 40; function evaluation 56; phase 2
Function value 5.4848184e+02; maximum gradient component mag 6.2403e+02
Var    Value     Gradient |Var    Value     Gradient |Var    Value     Gradient
  1  0.60432  6.24029e+02 |  2 -0.00120 -1.82727e+01 |  3 -0.00119 -1.82687e+01
  4 -0.00119 -1.82635e+01 |  5 -0.00119 -1.82570e+01 |  6 -0.00119 -1.82488e+01
  7 -0.00118 -1.82383e+01 |  8 -0.00118 -1.82441e+01 |  9 -0.00119 -1.82470e+01
 10 -0.00119 -1.82564e+01 | 11 -0.00120 -1.82770e+01 | 12 -0.00122 -1.83201e+01
 13 -0.00124 -1.83726e+01 | 14 -0.00129 -1.84826e+01 | 15 -0.00156 -1.90587e+01
 16 -0.00146 -1.88825e+01 | 17 -0.00164 -1.93073e+01 | 18 -0.00181 -1.97237e+01
 19 -0.00213 -2.04612e+01 | 20 -0.00258 -2.14811e+01 | 21 -0.00371 -2.38720e+01
 22 -0.00274 -2.22476e+01 | 23 -0.00028 -1.75899e+01 | 24  0.00212 -1.18978e+01
 25  0.00134 -9.27439e+00 | 26 -0.00164 -1.08917e+01 | 27 -0.00347 -1.18796e+01
 28 -0.00411 -1.21388e+01 | 29 -0.00036 -1.87395e+01 | 30 -0.00280 -1.70240e+01
 31 -0.00245 -1.81884e+01 | 32 -0.00202 -1.92946e+01 | 33  0.00008 -1.38034e+01
 34  0.01472 -2.23270e+01 | 35 -0.00662 -2.11745e+01 | 36 -0.00407 -1.96607e+01
 37 -0.00244 -2.22018e+01 | 38 -0.00561 -2.06304e+01 | 39 -0.00612 -1.90023e+01
 40  0.00565 -2.24794e+01 | 41  0.02322 -2.45222e+01 | 42 -0.00056 -2.68939e+01
 43  0.01351 -2.57641e+01 | 44  0.00101 -2.52692e+01 | 45 -0.02207 -3.36708e+01
 46  0.00513 -2.67771e+01 | 47 -0.00551 -2.74402e+01 | 48 -0.00645 -2.62347e+01
 49 -0.01042 -3.26109e+01 | 50 -0.01903 -3.36580e+01 | 51 -0.00752 -3.14663e+01
 52 -0.00255 -3.24961e+01 | 53  0.00770 -2.59471e+01 | 54 -0.01608 -3.36206e+01
 55  0.00758 -3.02367e+01 | 56 -0.00848 -2.98350e+01 | 57  0.00512 -2.66257e+01
 58  0.00619 -2.33399e+01 | 59  0.01519 -2.95288e+01 | 60 -0.00507 -8.68586e+00
 61  0.02777 -1.94099e+01 | 62 -0.00601  5.63321e+00 | 63  0.00157 -1.31709e+00
 64  0.01034 -1.13944e+00 | 65 -0.01792  5.94446e+01 | 66 -0.00305  5.56742e+01
 67  0.01561  9.99553e+00 | 68  0.02449  1.05673e+01 | 69  0.03050  1.38187e+02
 70  0.02055 -2.77028e+01 | 71  0.00256  6.29571e+01 | 72  0.02774  4.74638e+01
 73 -0.00498  1.39279e+02 | 74 -0.00342  1.30278e+02 | 75 -0.00985  4.24740e+01
 76 -0.01811  6.09587e+01 | 77 -0.01166  3.17130e+00 | 78 -0.00959  2.97644e+01
 79  0.00220  1.46257e+02 | 80 -0.02723  7.37787e+01 | 81 -0.00635  2.90823e+02
 82 -0.02036  1.06208e+02 | 83  0.01182 -9.92082e+01 | 84 -0.03106  6.74508e+01
 85 -0.02052  1.74000e+01 | 86 -0.01511  2.75642e+01 | 87  0.01281 -2.56192e+01
 88  0.02374 -1.88657e+01 | 89  0.05907  3.11013e+01 | 90 -0.01689  1.35824e+01
 91 -0.00428 -3.98978e+01 | 92  0.03043  1.10645e+01 | 93 -0.00070 -2.83921e+01
 94 -0.00156 -1.59856e+01 | 95 -0.00074 -1.73525e+01 | 96 -0.00120 -1.82900e+01
 97 -0.02716  5.10246e+01 | 98 -0.29681 -1.74038e+01 |
98 variables; iteration 60; function evaluation 91; phase 2
Function value 5.4327390e+02; maximum gradient component mag 1.4031e+02
Var    Value     Gradient |Var    Value     Gradient |Var    Value     Gradient
  1  0.60512  1.40307e+02 |  2  0.00010 -3.50702e+00 |  3  0.00009 -3.50483e+00
  4  0.00009 -3.50217e+00 |  5  0.00009 -3.49895e+00 |  6  0.00009 -3.49509e+00
  7  0.00008 -3.49044e+00 |  8  0.00008 -3.48364e+00 |  9  0.00008 -3.47571e+00
 10  0.00007 -3.46577e+00 | 11  0.00007 -3.45329e+00 | 12  0.00008 -3.43707e+00
 13  0.00009 -3.41866e+00 | 14  0.00011 -3.39385e+00 | 15  0.00023 -3.32627e+00
 16  0.00019 -3.33279e+00 | 17  0.00027 -3.29560e+00 | 18  0.00035 -3.27596e+00
 19  0.00048 -3.26872e+00 | 20  0.00064 -3.28821e+00 | 21  0.00103 -3.31785e+00
 22  0.00088 -3.32215e+00 | 23  0.00020 -3.39747e+00 | 24 -0.00286 -6.18978e+00
 25 -0.00410 -4.53468e+00 | 26 -0.00400 -1.23727e+00 | 27 -0.00676 -3.86254e+00
 28 -0.00745 -4.11586e+00 | 29  0.00005 -4.04663e+00 | 30 -0.00315 -3.44475e+00
 31 -0.00234 -3.80693e+00 | 32 -0.00195 -4.88599e+00 | 33 -0.00197 -2.69340e+00
 34  0.01497 -6.70335e+00 | 35 -0.00550 -3.99021e+00 | 36 -0.00396 -4.30724e+00
 37 -0.00150 -5.25668e+00 | 38 -0.00422 -2.78188e+00 | 39 -0.00698 -4.73994e+00
 40  0.00707 -3.33256e+00 | 41  0.02243 -7.52179e+00 | 42  0.00058 -8.24410e+00
 43  0.01466 -5.67940e+00 | 44  0.00206 -5.66614e+00 | 45 -0.01713 -7.49196e+00
 46  0.00467 -8.79519e+00 | 47 -0.00512 -8.70434e+00 | 48 -0.00549 -6.10275e+00
 49 -0.00446 -2.45165e+00 | 50 -0.01052  2.34387e+00 | 51 -0.00367 -4.51195e+00
 52  0.00292 -2.37476e+00 | 53  0.00753 -2.95496e+00 | 54 -0.00888 -2.49025e-01
 55  0.01058 -1.66657e+00 | 56 -0.00290  1.90673e+00 | 57  0.00444 -5.27144e+00
 58  0.00612 -1.83553e+00 | 59  0.01504 -1.06144e+01 | 60 -0.00584  3.37298e+00
 61  0.02525 -1.43202e+01 | 62 -0.00923  1.06035e+01 | 63 -0.00130  2.25204e-01
 64  0.00909  2.13307e+00 | 65 -0.02827  1.91620e+01 | 66 -0.01047  1.38435e+01
 67  0.01467  1.10936e+00 | 68  0.02382  1.07712e+00 | 69  0.02612  4.34619e-01
 70  0.02397  1.36353e+01 | 71  0.00150  1.80316e+01 | 72  0.02823  8.44360e+00
 73 -0.00928  1.54274e+01 | 74 -0.00808  1.74036e+01 | 75 -0.00907  2.12558e+01
 76 -0.01925  1.90843e+01 | 77 -0.00926  2.50230e+01 | 78 -0.00897  1.79278e+01
 79 -0.00154  1.07437e+01 | 80 -0.03122  5.36081e+00 | 81 -0.01708  2.34526e+00
 82 -0.02518  7.59485e+00 | 83  0.01583  2.24199e+01 | 84 -0.03601  2.44187e+00
 85 -0.02130  1.96109e+00 | 86 -0.01658  3.44870e+00 | 87  0.01380  6.77300e+00
 88  0.02484 -1.42138e-01 | 89  0.05842  9.24140e+00 | 90 -0.02051 -4.04440e+00
 91 -0.00334 -5.13281e+00 | 92  0.02705 -4.87940e+00 | 93 -0.00132 -9.23575e+00
 94 -0.00302 -5.60518e+00 | 95 -0.00010 -3.59616e+00 | 96  0.00011 -3.51712e+00
 97 -0.02816  1.05546e+01 | 98 -0.29311  1.22926e-01 |
Maximum number of function evaluations exceeded

 - final statistics:
98 variables; iteration 66; function evaluation 100
Function value 5.4319e+02; maximum gradient component mag 1.5874e+02
Exit code = 3;  converg criter 1.0000e+01
Var    Value     Gradient |Var    Value     Gradient |Var    Value     Gradient
  1  0.60503  1.58737e+02 |  2 -0.00019 -4.37252e+00 |  3 -0.00018 -4.36346e+00
  4 -0.00018 -4.35274e+00 |  5 -0.00018 -4.34016e+00 |  6 -0.00018 -4.32554e+00
  7 -0.00018 -4.30873e+00 |  8 -0.00017 -4.28749e+00 |  9 -0.00017 -4.26381e+00
 10 -0.00016 -4.23655e+00 | 11 -0.00015 -4.20528e+00 | 12 -0.00014 -4.16789e+00
 13 -0.00012 -4.12932e+00 | 14 -0.00009 -4.07858e+00 | 15  0.00009 -3.91142e+00
 16  0.00003 -3.94513e+00 | 17  0.00016 -3.82946e+00 | 18  0.00028 -3.72516e+00
 19  0.00050 -3.56001e+00 | 20  0.00075 -3.42891e+00 | 21  0.00107 -3.52591e+00
 22  0.00107 -3.28038e+00 | 23 -0.00025 -4.34378e+00 | 24 -0.00183 -4.80191e+00
 25 -0.00471 -5.74913e+00 | 26 -0.00382 -1.12923e+00 | 27 -0.00748 -5.29076e+00
 28 -0.00789 -4.99836e+00 | 29  0.00049 -3.31881e+00 | 30 -0.00319 -3.56006e+00
 31 -0.00245 -3.98494e+00 | 32 -0.00221 -5.26961e+00 | 33 -0.00177 -2.22321e+00
 34  0.01495 -6.35115e+00 | 35 -0.00575 -4.28770e+00 | 36 -0.00412 -4.30255e+00
 37 -0.00141 -4.72425e+00 | 38 -0.00326 -6.80211e-01 | 39 -0.00710 -4.50708e+00
 40  0.00712 -2.52786e+00 | 41  0.02274 -5.77679e+00 | 42  0.00157 -5.89478e+00
 43  0.01449 -4.57825e+00 | 44  0.00211 -4.53644e+00 | 45 -0.01633 -5.14577e+00
 46  0.00580 -5.28817e+00 | 47 -0.00441 -6.12974e+00 | 48 -0.00468 -3.24472e+00
 49 -0.00422 -5.92588e-01 | 50 -0.01060  3.31286e+00 | 51 -0.00292 -1.48756e+00
 52  0.00273 -5.79243e-01 | 53  0.00718 -1.17589e+00 | 54 -0.00872  1.83852e+00
 55  0.01016 -1.82809e-01 | 56 -0.00370  2.47803e+00 | 57  0.00520 -1.17640e+00
 58  0.00591  5.45730e-01 | 59  0.01555 -5.90818e+00 | 60 -0.00603  4.92008e+00
 61  0.02558 -9.26400e+00 | 62 -0.00986  1.05289e+01 | 63 -0.00125  2.55381e+00
 64  0.00897  3.82880e+00 | 65 -0.02897  1.69735e+01 | 66 -0.01082  1.29450e+01
 67  0.01470  3.21796e+00 | 68  0.02386  3.66620e+00 | 69  0.02618  2.76233e+00
 70  0.02395  1.34424e+01 | 71  0.00141  1.56302e+01 | 72  0.02833  9.41084e+00
 73 -0.00934  1.27180e+01 | 74 -0.00820  1.40882e+01 | 75 -0.00913  1.78976e+01
 76 -0.01939  1.53671e+01 | 77 -0.00936  2.06995e+01 | 78 -0.00905  1.44272e+01
 79 -0.00154  8.49067e+00 | 80 -0.03116  4.39425e+00 | 81 -0.01708  4.19717e-01
 82 -0.02525  4.97673e+00 | 83  0.01575  1.70181e+01 | 84 -0.03604  7.72635e-01
 85 -0.02130  8.55085e-01 | 86 -0.01662  1.61173e+00 | 87  0.01375  4.37713e+00
 88  0.02496 -9.32135e-03 | 89  0.05844  7.67323e+00 | 90 -0.02049 -4.84468e+00
 91 -0.00329 -5.37705e+00 | 92  0.02716 -4.66640e+00 | 93 -0.00119 -8.58915e+00
 94 -0.00210 -4.33456e+00 | 95 -0.00040 -4.49123e+00 | 96 -0.00020 -4.41655e+00
 97 -0.02809  1.17767e+01 | 98 -0.29317  1.61414e-01 |

Initial statistics: 100 variables; iteration 0; function evaluation 0; phase 3
Function value 5.4319447e+02; maximum gradient component mag 1.5874e+02
Var    Value     Gradient |Var    Value     Gradient |Var    Value     Gradient
  1  0.60503  1.58737e+02 |  2 -0.00019 -4.36777e+00 |  3 -0.00018 -4.35870e+00
  4 -0.00018 -4.34799e+00 |  5 -0.00018 -4.33540e+00 |  6 -0.00018 -4.32078e+00
  7 -0.00018 -4.30397e+00 |  8 -0.00017 -4.28274e+00 |  9 -0.00017 -4.25905e+00
 10 -0.00016 -4.23179e+00 | 11 -0.00015 -4.20052e+00 | 12 -0.00014 -4.16314e+00
 13 -0.00012 -4.12456e+00 | 14 -0.00009 -4.07383e+00 | 15  0.00009 -3.90666e+00
 16  0.00003 -3.94037e+00 | 17  0.00016 -3.82471e+00 | 18  0.00028 -3.72040e+00
 19  0.00050 -3.55525e+00 | 20  0.00075 -3.42415e+00 | 21  0.00107 -3.52116e+00
 22  0.00107 -3.27562e+00 | 23 -0.00025 -4.33902e+00 | 24 -0.00183 -4.79715e+00
 25 -0.00471 -5.74437e+00 | 26 -0.00382 -1.12448e+00 | 27 -0.00748 -5.28600e+00
 28 -0.00789 -4.99360e+00 | 29  0.00049 -3.31405e+00 | 30 -0.00319 -3.55530e+00
 31 -0.00245 -3.98018e+00 | 32 -0.00221 -5.26486e+00 | 33 -0.00177 -2.21845e+00
 34  0.01495 -6.34639e+00 | 35 -0.00575 -4.28294e+00 | 36 -0.00412 -4.29779e+00
 37 -0.00141 -4.71949e+00 | 38 -0.00326 -6.75453e-01 | 39 -0.00710 -4.50232e+00
 40  0.00712 -2.52311e+00 | 41  0.02274 -5.77203e+00 | 42  0.00157 -5.89003e+00
 43  0.01449 -4.57349e+00 | 44  0.00211 -4.53168e+00 | 45 -0.01633 -5.14102e+00
 46  0.00580 -5.28341e+00 | 47 -0.00441 -6.12499e+00 | 48 -0.00468 -3.23996e+00
 49 -0.00422 -5.87831e-01 | 50 -0.01060  3.31762e+00 | 51 -0.00292 -1.48281e+00
 52  0.00273 -5.74485e-01 | 53  0.00718 -1.17114e+00 | 54 -0.00872  1.84328e+00
 55  0.01016 -1.78052e-01 | 56 -0.00370  2.48279e+00 | 57  0.00520 -1.17165e+00
 58  0.00591  5.50487e-01 | 59  0.01555 -5.90342e+00 | 60 -0.00603  4.92484e+00
 61  0.02558 -9.25925e+00 | 62 -0.00986  1.05337e+01 | 63 -0.00125  2.55856e+00
 64  0.00897  3.83356e+00 | 65 -0.02897  1.69783e+01 | 66 -0.01082  1.29497e+01
 67  0.01470  3.22272e+00 | 68  0.02386  3.67095e+00 | 69  0.02618  2.76708e+00
 70  0.02395  1.34472e+01 | 71  0.00141  1.56349e+01 | 72  0.02833  9.41560e+00
 73 -0.00934  1.27228e+01 | 74 -0.00820  1.40929e+01 | 75 -0.00913  1.79023e+01
 76 -0.01939  1.53718e+01 | 77 -0.00936  2.07043e+01 | 78 -0.00905  1.44320e+01
 79 -0.00154  8.49543e+00 | 80 -0.03116  4.39900e+00 | 81 -0.01708  4.24473e-01
 82 -0.02525  4.98148e+00 | 83  0.01575  1.70228e+01 | 84 -0.03604  7.77385e-01
 85 -0.02130  8.59839e-01 | 86 -0.01662  1.61649e+00 | 87  0.01375  4.38188e+00
 88  0.02496 -4.56758e-03 | 89  0.05844  7.67797e+00 | 90 -0.02049 -4.83993e+00
 91 -0.00329 -5.37230e+00 | 92  0.02716 -4.66164e+00 | 93 -0.00119 -8.58440e+00
 94 -0.00210 -4.32980e+00 | 95 -0.00040 -4.48647e+00 | 96 -0.00020 -4.41179e+00
 97 -0.02809  1.17767e+01 | 98 -0.41581 -5.32317e+01 | 99 -0.29317  1.61414e-01
100 -0.25275 -5.62642e+01 |

Intermediate statistics: 100 variables; iteration 20; function evaluation 25; phase 3
Function value 5.4251915e+02; maximum gradient component mag -1.9428e+02
Var    Value     Gradient |Var    Value     Gradient |Var    Value     Gradient
  1  0.60444 -1.94277e+02 |  2 -0.00010  2.75648e+00 |  3 -0.00010  2.75178e+00
  4 -0.00010  2.74599e+00 |  5 -0.00011  2.73887e+00 |  6 -0.00011  2.73009e+00
  7 -0.00012  2.71927e+00 |  8 -0.00012  2.70639e+00 |  9 -0.00013  2.69045e+00
 10 -0.00014  2.67103e+00 | 11 -0.00014  2.64748e+00 | 12 -0.00015  2.61942e+00
 13 -0.00015  2.58489e+00 | 14 -0.00015  2.54528e+00 | 15 -0.00005  2.52165e+00
 16 -0.00010  2.44602e+00 | 17 -0.00003  2.39151e+00 | 18  0.00004  2.32359e+00
 19  0.00018  2.25668e+00 | 20  0.00036  2.17033e+00 | 21  0.00073  2.02113e+00
 22  0.00060  1.93595e+00 | 23 -0.00018  1.65784e+00 | 24 -0.00154  1.42994e+00
 25 -0.00398  1.11400e+00 | 26 -0.00530  1.90938e+00 | 27 -0.00703  9.07323e-01
 28 -0.00758  7.68535e-01 | 29  0.00001  6.01211e-01 | 30 -0.00302  5.44571e-01
 31 -0.00257  1.59524e-01 | 32 -0.00173 -5.53359e-01 | 33 -0.00280 -2.61343e-01
 34  0.01585 -2.70307e+00 | 35 -0.00486 -1.02990e+00 | 36 -0.00404 -1.49732e+00
 37 -0.00112 -2.44601e+00 | 38 -0.00488 -1.91030e+00 | 39 -0.00698 -2.91450e+00
 40  0.00766 -4.20198e+00 | 41  0.02381 -7.65649e+00 | 42  0.00267 -5.67442e+00
 43  0.01488 -8.09405e+00 | 44  0.00250 -6.92167e+00 | 45 -0.01448 -4.89789e+00
 46  0.00673 -8.79085e+00 | 47 -0.00311 -8.33058e+00 | 48 -0.00472 -8.43786e+00
 49 -0.00526 -8.78766e+00 | 50 -0.01164 -7.19698e+00 | 51 -0.00338 -1.02310e+01
 52  0.00185 -1.25426e+01 | 53  0.00690 -1.47401e+01 | 54 -0.01064 -1.07533e+01
 55  0.01128 -1.67004e+01 | 56 -0.00555 -1.25489e+01 | 57  0.00523 -1.69551e+01
 58  0.00500 -1.75472e+01 | 59  0.01670 -2.32266e+01 | 60 -0.00712 -1.35785e+01
 61  0.02815 -2.94176e+01 | 62 -0.01324 -1.15827e+01 | 63 -0.00083 -1.60937e+01
 64  0.00851 -1.93584e+01 | 65 -0.03097 -3.39741e+00 | 66 -0.01232 -8.10741e+00
 67  0.01485 -2.17475e+01 | 68  0.02335 -2.16572e+01 | 69  0.02742 -7.24635e+00
 70  0.02348 -6.26215e+00 | 71  0.00182 -5.61979e+00 | 72  0.02753 -1.76592e+01
 73 -0.00872  2.34654e+00 | 74 -0.00908  3.87757e+00 | 75 -0.00843  1.15078e+01
 76 -0.02041  8.11901e+00 | 77 -0.00870  1.47086e+01 | 78 -0.00994  1.07608e+01
 79 -0.00097  3.80768e+00 | 80 -0.03199  5.49041e+00 | 81 -0.01677 -7.73518e+00
 82 -0.02627  5.46404e+00 | 83  0.01704  4.47714e+01 | 84 -0.03665  6.75557e+00
 85 -0.02072 -1.03429e+00 | 86 -0.01746  5.76872e+00 | 87  0.01466  9.05779e+00
 88  0.02442  9.69966e+00 | 89  0.05946  2.19160e+01 | 90 -0.02064  3.52038e+00
 91 -0.00212 -2.69698e+00 | 92  0.02704  2.50943e+00 | 93  0.00084 -1.54896e+00
 94 -0.00297  2.59275e+00 | 95 -0.00037  2.78233e+00 | 96 -0.00008  2.77730e+00
 97  0.00404 -2.39075e+01 | 98 -0.39942  4.52837e+01 | 99 -0.27180  1.10782e+01
100 -0.24300 -3.45409e+01 |
100 variables; iteration 40; function evaluation 53; phase 3
Function value 5.4237744e+02; maximum gradient component mag 8.5315e+00
Var    Value     Gradient |Var    Value     Gradient |Var    Value     Gradient
  1  0.60430  8.53147e+00 |  2 -0.00011 -5.63711e-01 |  3 -0.00011 -5.59836e-01
  4 -0.00011 -5.55272e-01 |  5 -0.00012 -5.49928e-01 |  6 -0.00012 -5.43754e-01
  7 -0.00012 -5.36704e-01 |  8 -0.00013 -5.27850e-01 |  9 -0.00013 -5.18053e-01
 10 -0.00013 -5.06875e-01 | 11 -0.00013 -4.94160e-01 | 12 -0.00013 -4.78977e-01
 13 -0.00013 -4.63634e-01 | 14 -0.00011 -4.42990e-01 | 15  0.00001 -3.67266e-01
 16 -0.00004 -3.86976e-01 | 17  0.00005 -3.34179e-01 | 18  0.00014 -2.84709e-01
 19  0.00032 -1.98798e-01 | 20  0.00053 -1.23262e-01 | 21  0.00089 -1.74288e-01
 22  0.00083 -3.59663e-02 | 23 -0.00018 -6.27050e-01 | 24 -0.00155 -7.44423e-01
 25 -0.00382 -6.88978e-01 | 26 -0.00563 -5.73887e-01 | 27 -0.00664 -1.95987e-01
 28 -0.00725 -2.57819e-01 | 29  0.00002 -5.17419e-01 | 30 -0.00304 -5.80652e-01
 31 -0.00240 -3.44492e-01 | 32 -0.00151 -5.91568e-01 | 33 -0.00261 -1.33523e-02
 34  0.01633 -3.72002e-01 | 35 -0.00468 -3.82264e-01 | 36 -0.00378 -3.08610e-01
 37 -0.00099 -7.38316e-01 | 38 -0.00502 -5.18782e-01 | 39 -0.00690 -8.85164e-01
 40  0.00763 -5.89891e-01 | 41  0.02420 -5.58459e-01 | 42  0.00226 -1.75551e+00
 43  0.01607  6.46919e-01 | 44  0.00281 -5.11906e-01 | 45 -0.01398  3.69977e-02
 46  0.00727 -1.41976e-01 | 47 -0.00289 -9.23160e-01 | 48 -0.00436 -3.71427e-01
 49 -0.00543 -1.15913e+00 | 50 -0.01165  5.18992e-02 | 51 -0.00320 -3.26578e-01
 52  0.00266  4.35049e-01 | 53  0.00660 -1.48954e+00 | 54 -0.01086 -1.02421e+00
 55  0.01216  1.67083e+00 | 56 -0.00567 -5.33429e-01 | 57  0.00603  6.83014e-01
 58  0.00579  7.18762e-01 | 59  0.01690 -1.85579e+00 | 60 -0.00652  1.43748e+00
 61  0.02895 -3.23113e-01 | 62 -0.01390 -1.45933e+00 | 63 -0.00138 -3.23689e+00
 64  0.00827 -2.58550e+00 | 65 -0.03179  1.06497e+00 | 66 -0.01255  1.98172e+00
 67  0.01499 -2.11493e+00 | 68  0.02356  1.50112e-01 | 69  0.02719  1.80117e+00
 70  0.02305 -1.91861e+00 | 71  0.00173 -7.00516e-01 | 72  0.02782 -1.17516e+00
 73 -0.00891  1.05094e+00 | 74 -0.00933  1.49952e+00 | 75 -0.00865  6.72031e+00
 76 -0.02070  2.84376e+00 | 77 -0.00930 -3.24597e-01 | 78 -0.01018  3.57652e+00
 79 -0.00105 -7.92669e-01 | 80 -0.03201  1.61382e+00 | 81 -0.01632 -7.31545e-01
 82 -0.02638  1.63775e-01 | 83  0.01605  4.30665e+00 | 84 -0.03669  1.00255e+00
 85 -0.02035  3.70213e+00 | 86 -0.01760 -5.25666e-02 | 87  0.01437 -1.67099e+00
 88  0.02415  6.55734e-01 | 89  0.05892  8.62971e-01 | 90 -0.02096 -2.41841e+00
 91 -0.00208 -1.41721e+00 | 92  0.02679 -1.03605e+00 | 93  0.00050 -4.81887e+00
 94 -0.00329 -7.74907e-01 | 95 -0.00040 -6.01728e-01 | 96 -0.00011 -5.82665e-01
 97  0.00520 -2.76373e-01 | 98 -0.39982  8.26848e-01 | 99 -0.27113  2.12637e+00
100 -0.24058 -6.79806e+00 |

 - final statistics:
100 variables; iteration 57; function evaluation 81
Function value 5.4236e+02; maximum gradient component mag -9.3973e-01
Exit code = 1;  converg criter 1.0000e+00
Var    Value     Gradient |Var    Value     Gradient |Var    Value     Gradient
  1  0.60436 -9.39735e-01 |  2 -0.00001  3.13483e-02 |  3 -0.00001  3.13753e-02
  4 -0.00002  3.13989e-02 |  5 -0.00002  3.14150e-02 |  6 -0.00003  3.14146e-02
  7 -0.00004  3.13857e-02 |  8 -0.00005  3.14110e-02 |  9 -0.00006  3.13716e-02
 10 -0.00006  3.12899e-02 | 11 -0.00007  3.11537e-02 | 12 -0.00008  3.10051e-02
 13 -0.00009  3.06394e-02 | 14 -0.00009  3.04230e-02 | 15 -0.00001  3.40098e-02
 16 -0.00005  3.03149e-02 | 17  0.00000  3.16390e-02 | 18  0.00007  3.22901e-02
 19  0.00018  3.36877e-02 | 20  0.00035  3.05684e-02 | 21  0.00074  2.25747e-02
 22  0.00058  1.75877e-02 | 23 -0.00007 -2.00196e-02 | 24 -0.00137 -1.51276e-02
 25 -0.00365  3.47648e-02 | 26 -0.00551  6.97413e-02 | 27 -0.00677  1.07977e-02
 28 -0.00735  8.84815e-03 | 29  0.00007  5.92270e-03 | 30 -0.00296  8.82147e-03
 31 -0.00247 -1.75195e-02 | 32 -0.00141  1.80716e-02 | 33 -0.00285  2.03852e-02
 34  0.01633  7.11850e-02 | 35 -0.00469  3.49742e-02 | 36 -0.00388 -2.80439e-02
 37 -0.00078  4.94500e-02 | 38 -0.00498  1.46799e-02 | 39 -0.00668 -4.24816e-02
 40  0.00769 -4.18019e-02 | 41  0.02425 -2.23523e-02 | 42  0.00312 -4.97552e-02
 43  0.01532  8.10277e-03 | 44  0.00290  5.66252e-03 | 45 -0.01422 -6.31179e-02
 46  0.00710 -3.68427e-02 | 47 -0.00261 -3.48010e-02 | 48 -0.00443 -3.13647e-02
 49 -0.00509 -3.56756e-02 | 50 -0.01186 -3.23337e-02 | 51 -0.00325 -1.70967e-02
 52  0.00211  4.00961e-02 | 53  0.00717 -3.34016e-02 | 54 -0.01057 -3.39398e-02
 55  0.01138 -1.47337e-02 | 56 -0.00559 -7.36029e-02 | 57  0.00560  4.91840e-02
 58  0.00532 -3.00137e-03 | 59  0.01734 -1.09846e-01 | 60 -0.00716  9.35759e-03
 61  0.02893 -6.32366e-02 | 62 -0.01362 -6.13031e-02 | 63 -0.00082 -1.01560e-01
 64  0.00863 -1.00584e-01 | 65 -0.03214  1.31174e-02 | 66 -0.01295  2.54766e-02
 67  0.01516 -5.67006e-02 | 68  0.02352 -7.39010e-02 | 69  0.02713 -3.32964e-02
 70  0.02313 -1.02021e-01 | 71  0.00177 -4.13278e-02 | 72  0.02785 -8.88967e-02
 73 -0.00895  1.22705e-02 | 74 -0.00943  2.23566e-02 | 75 -0.00893  1.47682e-01
 76 -0.02090 -7.15498e-02 | 77 -0.00925 -4.23213e-02 | 78 -0.01039  1.17690e-01
 79 -0.00099 -3.00243e-02 | 80 -0.03215 -2.05982e-03 | 81 -0.01629  7.39271e-03
 82 -0.02642  7.71238e-03 | 83  0.01593  6.78749e-02 | 84 -0.03681 -7.15901e-02
 85 -0.02054  1.28327e-01 | 86 -0.01760 -2.92306e-02 | 87  0.01445 -3.95616e-02
 88  0.02413  4.04954e-02 | 89  0.05894  7.11630e-03 | 90 -0.02067 -3.60079e-02
 91 -0.00193 -6.01234e-02 | 92  0.02694  1.05859e-02 | 93  0.00103 -6.26595e-02
 94 -0.00315  3.53134e-02 | 95 -0.00027  2.41516e-02 | 96  0.00001  3.11500e-02
 97  0.00562 -9.79065e-02 | 98 -0.39971  1.82399e-01 | 99 -0.27016  8.40818e-02
100 -0.23973 -2.68426e-01 |

Initial statistics: 107 variables; iteration 0; function evaluation 0; phase 4
Function value 5.4236400e+02; maximum gradient component mag -2.7736e+02
Var    Value     Gradient |Var    Value     Gradient |Var    Value     Gradient
  1 -0.42263 -2.02470e+02 |  2 -0.42263 -2.01707e+02 |  3 -0.41094 -2.77358e+02
  4  0.60436 -9.39735e-01 |  5  0.00000  7.05448e-02 |  6  0.00000  1.56187e-02
  7  0.00000  1.90714e-02 |  8  0.00000  2.32747e-02 |  9 -0.00001  3.26972e-02
 10 -0.00001  3.27242e-02 | 11 -0.00002  3.27478e-02 | 12 -0.00002  3.27639e-02
 13 -0.00003  3.27634e-02 | 14 -0.00004  3.27346e-02 | 15 -0.00005  3.27598e-02
 16 -0.00005  3.27205e-02 | 17 -0.00006  3.26387e-02 | 18 -0.00007  3.25026e-02
 19 -0.00008  3.23540e-02 | 20 -0.00009  3.19882e-02 | 21 -0.00009  3.17719e-02
 22 -0.00001  3.53587e-02 | 23 -0.00005  3.16637e-02 | 24  0.00000  3.29879e-02
 25  0.00007  3.36389e-02 | 26  0.00018  3.50365e-02 | 27  0.00035  3.19172e-02
 28  0.00074  2.39236e-02 | 29  0.00058  1.89365e-02 | 30 -0.00007 -1.86707e-02
 31 -0.00137 -1.37787e-02 | 32 -0.00365  3.61137e-02 | 33 -0.00551  7.10901e-02
 34 -0.00677  1.21464e-02 | 35 -0.00735  1.01969e-02 | 36  0.00007  7.27156e-03
 37 -0.00296  1.01703e-02 | 38 -0.00247 -1.61706e-02 | 39 -0.00141  1.94205e-02
 40 -0.00285  2.17340e-02 | 41  0.01633  7.25334e-02 | 42 -0.00469  3.63231e-02
 43 -0.00388 -2.66951e-02 | 44 -0.00078  5.07989e-02 | 45 -0.00498  1.60288e-02
 46 -0.00668 -4.11328e-02 | 47  0.00769 -4.04531e-02 | 48  0.02425 -2.10044e-02
 49  0.00312 -4.84064e-02 | 50  0.01533  9.45124e-03 | 51  0.00290  7.01137e-03
 52 -0.01422 -6.17694e-02 | 53  0.00710 -3.54939e-02 | 54 -0.00261 -3.34521e-02
 55 -0.00443 -3.00159e-02 | 56 -0.00509 -3.43268e-02 | 57 -0.01186 -3.09850e-02
 58 -0.00325 -1.57479e-02 | 59  0.00211  4.14450e-02 | 60  0.00717 -3.20529e-02
 61 -0.01057 -3.25911e-02 | 62  0.01138 -1.33851e-02 | 63 -0.00559 -7.22541e-02
 64  0.00560  5.05328e-02 | 65  0.00532 -1.65256e-03 | 66  0.01734 -1.08498e-01
 67 -0.00716  1.07064e-02 | 68  0.02893 -6.18891e-02 | 69 -0.01362 -5.99545e-02
 70 -0.00082 -1.00211e-01 | 71  0.00863 -9.92356e-02 | 72 -0.03214  1.44646e-02
 73 -0.01295  2.68251e-02 | 74  0.01516 -5.53521e-02 | 75  0.02352 -7.25530e-02
 76  0.02713 -3.19488e-02 | 77  0.02313 -1.00673e-01 | 78  0.00177 -3.99789e-02
 79  0.02785 -8.75491e-02 | 80 -0.00895  1.36192e-02 | 81 -0.00943  2.37053e-02
 82 -0.00893  1.49031e-01 | 83 -0.02090 -7.02017e-02 | 84 -0.00925 -4.09725e-02
 85 -0.01039  1.19039e-01 | 86 -0.00099 -2.86754e-02 | 87 -0.03215 -7.12682e-04
 88 -0.01629  8.74114e-03 | 89 -0.02642  9.06008e-03 | 90  0.01593  6.92233e-02
 91 -0.03681 -7.02435e-02 | 92 -0.02054  1.29675e-01 | 93 -0.01760 -2.78823e-02
 94  0.01445 -3.82131e-02 | 95  0.02413  4.18433e-02 | 96  0.05894  8.45938e-03
 97 -0.02067 -3.46597e-02 | 98 -0.00193 -5.87746e-02 | 99  0.02694  1.19336e-02
100  0.00103 -6.13107e-02 |101 -0.00315  3.66623e-02 |102 -0.00027  2.55005e-02
103  0.00001  3.24989e-02 |104  0.00562 -9.79065e-02 |105 -0.39971  1.82400e-01
106 -0.27016  8.40818e-02 |107 -0.23973 -2.68426e-01 |

Intermediate statistics: 107 variables; iteration 20; function evaluation 24; phase 4
Function value 5.4119680e+02; maximum gradient component mag -1.5161e+03
Var    Value     Gradient |Var    Value     Gradient |Var    Value     Gradient
  1 -0.42855 -2.65661e+02 |  2 -0.42960 -1.51607e+03 |  3 -0.39288 -6.67272e+02
  4  0.60502 -1.12984e+03 |  5 -0.00001 -2.10836e-01 |  6 -0.00000 -4.66635e-02
  7 -0.00000 -5.69736e-02 |  8 -0.00000 -6.95479e-02 |  9 -0.00004  2.73622e+01
 10 -0.00004  2.73411e+01 | 11 -0.00005  2.73155e+01 | 12 -0.00005  2.72843e+01
 13 -0.00005  2.72464e+01 | 14 -0.00006  2.72005e+01 | 15 -0.00006  2.71459e+01
 16 -0.00007  2.70798e+01 | 17 -0.00007  2.70005e+01 | 18 -0.00008  2.69059e+01
 19 -0.00008  2.67936e+01 | 20 -0.00008  2.66614e+01 | 21 -0.00007  2.65067e+01
 22  0.00001  2.63280e+01 | 23 -0.00002  2.61230e+01 | 24  0.00005  2.58926e+01
 25  0.00012  2.56382e+01 | 26  0.00024  2.53625e+01 | 27  0.00040  2.50687e+01
 28  0.00078  2.47521e+01 | 29  0.00062  2.44343e+01 | 30 -0.00001  2.43116e+01
 31 -0.00127  2.39313e+01 | 32 -0.00350  2.35049e+01 | 33 -0.00535  2.30265e+01
 34 -0.00658  2.25248e+01 | 35 -0.00720  2.20635e+01 | 36  0.00041  2.04545e+01
 37 -0.00313  2.01816e+01 | 38 -0.00232  1.94299e+01 | 39 -0.00107  1.83019e+01
 40 -0.00275  1.76114e+01 | 41  0.01714  1.20368e+01 | 42 -0.00501  1.54220e+01
 43 -0.00370  1.42719e+01 | 44 -0.00034  1.22444e+01 | 45 -0.00442  1.17879e+01
 46 -0.00685  1.13965e+01 | 47  0.00785  4.41131e+00 | 48  0.02457 -4.23497e+00
 49  0.00312  2.91170e+00 | 50  0.01614 -4.87099e+00 | 51  0.00386 -1.81396e+00
 52 -0.01459  2.96534e+00 | 53  0.00741 -8.82682e+00 | 54 -0.00208 -6.07863e+00
 55 -0.00361 -7.62317e+00 | 56 -0.00416 -9.84106e+00 | 57 -0.01252 -8.27658e+00
 58 -0.00317 -1.56180e+01 | 59  0.00195 -2.22063e+01 | 60  0.00973 -2.90321e+01
 61 -0.01022 -1.72782e+01 | 62  0.01104 -3.91084e+01 | 63 -0.00533 -2.48362e+01
 64  0.00548 -3.69199e+01 | 65  0.00679 -3.86222e+01 | 66  0.01817 -5.48131e+01
 67 -0.00723 -3.19579e+01 | 68  0.02845 -7.84232e+01 | 69 -0.01320 -2.78746e+01
 70 -0.00180 -4.14352e+01 | 71  0.00821 -5.56978e+01 | 72 -0.03242 -1.87304e+01
 73 -0.01408 -3.27888e+01 | 74  0.01398 -7.17973e+01 | 75  0.02408 -7.59149e+01
 76  0.02533 -9.70695e+01 | 77  0.02357 -7.75667e+01 | 78  0.00009 -4.96627e+01
 79  0.02844 -8.78695e+01 | 80 -0.01036 -3.34866e+01 | 81 -0.00854 -3.31879e+01
 82 -0.00976 -2.75850e+01 | 83 -0.02017 -2.00680e+01 | 84 -0.01073 -2.61240e+01
 85 -0.00907 -2.19342e+01 | 86 -0.00185 -1.87475e+01 | 87 -0.03052  3.94281e-01
 88 -0.01752 -1.59184e+00 | 89 -0.02648 -1.68869e+00 | 90  0.01507 -1.10372e+01
 91 -0.03674  1.03406e+01 | 92 -0.02213  1.67982e+01 | 93 -0.01748  1.17160e+01
 94  0.01298  2.59404e+01 | 95  0.02441  1.53757e+01 | 96  0.05767  1.12651e+01
 97 -0.02010  2.16380e+01 | 98 -0.00402  2.82736e+01 | 99  0.02777  3.09992e+01
100  0.00010  3.88463e+01 |101 -0.00345  2.68265e+01 |102 -0.00023  2.75157e+01
103 -0.00003  2.74581e+01 |104 -0.01669 -8.19519e+01 |105 -0.40743  1.30894e+02
106 -0.28533 -7.47463e+00 |107 -0.23640 -1.10287e+01 |
107 variables; iteration 40; function evaluation 46; phase 4
Function value 5.4085011e+02; maximum gradient component mag -4.6986e+02
Var    Value     Gradient |Var    Value     Gradient |Var    Value     Gradient
  1 -0.42718 -5.66167e+01 |  2 -0.42931 -4.69864e+02 |  3 -0.39279 -2.16877e+02
  4  0.60481 -3.89542e+02 |  5 -0.00004 -1.22683e-01 |  6 -0.00001 -2.72421e-02
  7 -0.00001 -3.32441e-02 |  8 -0.00001 -4.05435e-02 |  9  0.00005  9.74172e+00
 10  0.00005  9.73821e+00 | 11  0.00005  9.73397e+00 | 12  0.00006  9.72886e+00
 13  0.00006  9.72271e+00 | 14  0.00006  9.71535e+00 | 15  0.00006  9.70463e+00
 16  0.00007  9.69228e+00 | 17  0.00008  9.67698e+00 | 18  0.00008  9.65787e+00
 19  0.00010  9.63385e+00 | 20  0.00011  9.60299e+00 | 21  0.00014  9.56354e+00
 22  0.00023  9.50820e+00 | 23  0.00021  9.44607e+00 | 24  0.00027  9.35791e+00
 25  0.00033  9.24399e+00 | 26  0.00041  9.09619e+00 | 27  0.00051  8.91471e+00
 28  0.00081  8.69722e+00 | 29  0.00054  8.45692e+00 | 30 -0.00014  8.34393e+00
 31 -0.00138  8.20955e+00 | 32 -0.00346  8.23766e+00 | 33 -0.00519  8.23510e+00
 34 -0.00638  8.11963e+00 | 35 -0.00730  7.56010e+00 | 36  0.00091  7.82875e+00
 37 -0.00300  7.32326e+00 | 38 -0.00255  6.47288e+00 | 39 -0.00114  6.22620e+00
 40 -0.00309  5.82181e+00 | 41  0.01817  5.64250e+00 | 42 -0.00472  5.86136e+00
 43 -0.00390  4.75502e+00 | 44 -0.00057  3.95260e+00 | 45 -0.00467  3.65390e+00
 46 -0.00776  3.07857e+00 | 47  0.00848  2.27186e+00 | 48  0.02431 -1.62609e+00
 49  0.00396  2.40304e+00 | 50  0.01553 -2.22571e+00 | 51  0.00347 -1.41615e+00
 52 -0.01374  2.37888e+00 | 53  0.00741 -2.82971e+00 | 54 -0.00184 -1.51604e+00
 55 -0.00420 -3.40195e+00 | 56 -0.00402 -3.11059e+00 | 57 -0.01233 -2.61308e+00
 58 -0.00210 -3.79059e+00 | 59 -0.00125 -1.20776e+01 | 60  0.00907 -1.00662e+01
 61 -0.01005 -5.03995e+00 | 62  0.01145 -1.24925e+01 | 63 -0.00501 -7.27424e+00
 64  0.00764 -8.58536e+00 | 65  0.00445 -1.59119e+01 | 66  0.01787 -1.84277e+01
 67 -0.00800 -1.36074e+01 | 68  0.02864 -2.57493e+01 | 69 -0.01318 -8.67802e+00
 70 -0.00213 -1.41819e+01 | 71  0.00825 -1.82659e+01 | 72 -0.03193 -5.27941e+00
 73 -0.01370 -7.44326e+00 | 74  0.01431 -2.37085e+01 | 75  0.02403 -2.51731e+01
 76  0.02585 -3.11921e+01 | 77  0.02359 -2.53765e+01 | 78  0.00022 -1.90593e+01
 79  0.02847 -3.21521e+01 | 80 -0.01033 -1.16453e+01 | 81 -0.00829 -7.91802e+00
 82 -0.00974 -9.44500e+00 | 83 -0.01996 -3.62894e+00 | 84 -0.01038 -3.28547e+00
 85 -0.00891 -3.95312e+00 | 86 -0.00195 -7.86335e+00 | 87 -0.03053  2.62024e-01
 88 -0.01765 -2.62566e+00 | 89 -0.02615  3.54264e+00 | 90  0.01524 -2.69215e+00
 91 -0.03696  1.48542e-01 | 92 -0.02278 -7.38703e+00 | 93 -0.01732  5.37029e+00
 94  0.01265  7.08308e+00 | 95  0.02417  4.39609e+00 | 96  0.05780  4.89351e+00
 97 -0.01983  7.09506e+00 | 98 -0.00425  6.98693e+00 | 99  0.02746  1.13042e+01
100 -0.00047  1.30217e+01 |101 -0.00352  1.00827e+01 |102 -0.00021  9.69300e+00
103  0.00005  9.75787e+00 |104 -0.02158 -3.21428e+01 |105 -0.41005  5.45327e+01
106 -0.28259 -3.87085e+00 |107 -0.23471  3.43804e+00 |
107 variables; iteration 60; function evaluation 77; phase 4
Function value 5.4073904e+02; maximum gradient component mag -3.7975e+01
Var    Value     Gradient |Var    Value     Gradient |Var    Value     Gradient
  1 -0.42791  1.61084e+00 |  2 -0.43058 -3.40246e+01 |  3 -0.38960 -1.44773e+01
  4  0.60520 -3.79753e+01 |  5  0.00001  6.95816e-03 |  6  0.00000  1.54329e-03
  7  0.00000  1.88224e-03 |  8  0.00000  2.29160e-03 |  9  0.00001  9.84879e-01
 10  0.00000  9.83236e-01 | 11  0.00000  9.81231e-01 | 12  0.00000  9.78782e-01
 13  0.00000  9.75796e-01 | 14 -0.00000  9.72154e-01 | 15 -0.00000  9.68226e-01
 16 -0.00000  9.63325e-01 | 17 -0.00000  9.57536e-01 | 18  0.00000  9.50774e-01
 19  0.00001  9.42985e-01 | 20  0.00002  9.34308e-01 | 21  0.00004  9.24794e-01
 22  0.00013  9.16120e-01 | 23  0.00011  9.05206e-01 | 24  0.00018  8.97515e-01
 25  0.00026  8.93059e-01 | 26  0.00038  8.94705e-01 | 27  0.00054  9.02290e-01
 28  0.00091  9.13706e-01 | 29  0.00071  9.24764e-01 | 30  0.00006  9.17160e-01
 31 -0.00119  8.73003e-01 | 32 -0.00337  8.43021e-01 | 33 -0.00514  8.49467e-01
 34 -0.00636  8.36933e-01 | 35 -0.00707  8.21899e-01 | 36  0.00075  7.79485e-01
 37 -0.00301  8.52855e-01 | 38 -0.00219  7.72153e-01 | 39 -0.00087  6.86790e-01
 40 -0.00278  5.31907e-01 | 41  0.01751  1.44156e-02 | 42 -0.00486  5.60556e-01
 43 -0.00356  5.09244e-01 | 44 -0.00018  4.09059e-01 | 45 -0.00422  3.50043e-01
 46 -0.00711  5.07658e-01 | 47  0.00812 -1.13839e-01 | 48  0.02475 -4.16760e-02
 49  0.00297 -2.57738e-02 | 50  0.01619  2.37139e-02 | 51  0.00408 -2.25532e-01
 52 -0.01448 -2.96918e-01 | 53  0.00749 -3.88208e-01 | 54 -0.00210 -3.21160e-01
 55 -0.00360 -4.27861e-01 | 56 -0.00391 -2.43274e-01 | 57 -0.01229 -9.42150e-02
 58 -0.00309 -5.83664e-01 | 59  0.00267 -8.32688e-02 | 60  0.00841 -1.73113e+00
 61 -0.01043 -6.69794e-01 | 62  0.01117 -1.50052e+00 | 63 -0.00542 -6.00687e-01
 64  0.00551 -7.43725e-01 | 65  0.00582 -1.72351e+00 | 66  0.01736 -2.26414e+00
 67 -0.00680 -6.02148e-01 | 68  0.02831 -2.46844e+00 | 69 -0.01320 -6.23912e-03
 70 -0.00248 -1.82104e+00 | 71  0.00809 -1.51015e+00 | 72 -0.03222 -1.11286e+00
 73 -0.01449 -8.98618e-01 | 74  0.01423 -2.11656e+00 | 75  0.02394 -1.72551e+00
 76  0.02589 -1.86615e+00 | 77  0.02358 -1.96112e+00 | 78  0.00035 -8.88711e-01
 79  0.02870 -1.88372e+00 | 80 -0.01035 -8.93508e-01 | 81 -0.00847 -9.37357e-01
 82 -0.00979 -1.10155e+00 | 83 -0.02017 -9.36926e-01 | 84 -0.01072 -1.41102e+00
 85 -0.00905 -1.01353e+00 | 86 -0.00205 -1.30306e+00 | 87 -0.03046 -1.93105e-01
 88 -0.01771 -4.27633e-01 | 89 -0.02636  3.98756e-01 | 90  0.01520 -2.13535e-01
 91 -0.03656  1.10195e+00 | 92 -0.02216  2.28862e+00 | 93 -0.01744  8.03363e-01
 94  0.01244  2.15288e-01 | 95  0.02409  7.55344e-01 | 96  0.05768  5.98339e-01
 97 -0.01953  9.67296e-01 | 98 -0.00416  1.41593e+00 | 99  0.02737  9.73370e-01
100 -0.00070  8.01140e-01 |101 -0.00359  1.15257e+00 |102 -0.00016  1.02390e+00
103  0.00001  9.92308e-01 |104 -0.02869 -4.24398e+00 |105 -0.41372  7.49626e+00
106 -0.27983  7.25129e-01 |107 -0.23196 -5.14344e-01 |
Maximum number of function evaluations exceeded

 - final statistics:
107 variables; iteration 76; function evaluation 100
Function value 5.4074e+02; maximum gradient component mag -7.3771e+00
Exit code = 3;  converg criter 1.0000e+00
Var    Value     Gradient |Var    Value     Gradient |Var    Value     Gradient
  1 -0.42810  1.22432e-01 |  2 -0.43079 -7.01667e+00 |  3 -0.38911 -2.96069e+00
  4  0.60529 -7.37712e+00 |  5 -0.00002 -2.44650e-02 |  6 -0.00000 -5.41695e-03
  7 -0.00000 -6.61154e-03 |  8 -0.00001 -8.06454e-03 |  9  0.00001  1.77195e-01
 10  0.00001  1.77593e-01 | 11  0.00001  1.78076e-01 | 12  0.00001  1.78670e-01
 13  0.00001  1.79394e-01 | 14  0.00001  1.80283e-01 | 15  0.00001  1.80598e-01
 16  0.00002  1.81297e-01 | 17  0.00002  1.82149e-01 | 18  0.00003  1.83279e-01
 19  0.00004  1.84955e-01 | 20  0.00005  1.87293e-01 | 21  0.00008  1.90988e-01
 22  0.00018  1.93583e-01 | 23  0.00016  2.01513e-01 | 24  0.00024  2.01391e-01
 25  0.00030  1.85870e-01 | 26  0.00039  1.44984e-01 | 27  0.00051  1.00789e-01
 28  0.00087  1.09448e-01 | 29  0.00063  6.70003e-02 | 30 -0.00006  8.67777e-03
 31 -0.00117  1.87194e-01 | 32 -0.00333  1.92558e-01 | 33 -0.00513  1.63071e-01
 34 -0.00636  1.31207e-01 | 35 -0.00702  2.20859e-01 | 36  0.00077  1.62059e-01
 37 -0.00311  3.16978e-02 | 38 -0.00222  1.05795e-01 | 39 -0.00087  1.07878e-01
 40 -0.00270  1.27048e-01 | 41  0.01768 -7.94987e-02 | 42 -0.00480  1.83726e-01
 43 -0.00351  1.19816e-01 | 44 -0.00011  1.28232e-01 | 45 -0.00416  6.31709e-02
 46 -0.00711  1.73312e-01 | 47  0.00837  1.67088e-01 | 48  0.02474 -1.66306e-03
 49  0.00309  4.14712e-02 | 50  0.01612  6.36647e-02 | 51  0.00421  1.79763e-02
 52 -0.01430 -6.71586e-02 | 53  0.00757 -5.87925e-02 | 54 -0.00215 -2.37084e-01
 55 -0.00342  7.01549e-02 | 56 -0.00396 -1.07252e-01 | 57 -0.01235 -7.01031e-02
 58 -0.00308 -1.97217e-01 | 59  0.00225 -1.02960e-01 | 60  0.00877 -3.06266e-01
 61 -0.01040 -9.99294e-02 | 62  0.01122 -2.98754e-01 | 63 -0.00552 -1.26053e-01
 64  0.00529 -9.91177e-02 | 65  0.00594 -3.10132e-01 | 66  0.01743 -3.97507e-01
 67 -0.00694 -1.61975e-01 | 68  0.02828 -4.72820e-01 | 69 -0.01345 -4.89346e-03
 70 -0.00243 -3.35864e-01 | 71  0.00798 -2.97023e-01 | 72 -0.03212 -1.78533e-01
 73 -0.01455 -1.61951e-01 | 74  0.01420 -3.87713e-01 | 75  0.02389 -3.36412e-01
 76  0.02582 -3.76612e-01 | 77  0.02356 -3.77253e-01 | 78  0.00028 -1.86464e-01
 79  0.02868 -3.77218e-01 | 80 -0.01040 -1.66892e-01 | 81 -0.00847 -1.64553e-01
 82 -0.00982 -1.95519e-01 | 83 -0.02014 -1.57932e-01 | 84 -0.01074 -2.41143e-01
 85 -0.00902 -1.68873e-01 | 86 -0.00207 -2.34167e-01 | 87 -0.03044 -2.09175e-02
 88 -0.01774 -7.94151e-02 | 89 -0.02638  8.01978e-02 | 90  0.01515 -4.92113e-02
 91 -0.03661  1.93238e-01 | 92 -0.02229  3.68263e-01 | 93 -0.01745  1.52999e-01
 94  0.01239  5.40896e-02 | 95  0.02408  1.38263e-01 | 96  0.05763  1.24058e-01
 97 -0.01953  1.92109e-01 | 98 -0.00425  2.63256e-01 | 99  0.02737  1.93915e-01
100 -0.00076  1.62033e-01 |101 -0.00369  1.12825e-01 |102 -0.00015  2.23801e-01
103  0.00001  1.75387e-01 |104 -0.02921 -7.11883e-01 |105 -0.41407  1.22082e+00
106 -0.28043  1.40174e-01 |107 -0.23177 -1.35516e-01 |

Initial statistics: 110 variables; iteration 0; function evaluation 0; phase 5
Function value 5.4073604e+02; maximum gradient component mag 2.6729e+02
Var    Value     Gradient |Var    Value     Gradient |Var    Value     Gradient
  1 -0.42810  1.22432e-01 |  2 -0.43079 -7.01667e+00 |  3 -0.38911 -2.96069e+00
  4 -0.41222  3.20645e+01 |  5 -0.41222  4.76010e+01 |  6  0.60529 -7.37712e+00
  7 -0.00002 -2.44650e-02 |  8 -0.00000 -5.41695e-03 |  9 -0.00000 -6.61154e-03
 10 -0.00001 -8.06454e-03 | 11  0.00001  1.69051e-01 | 12  0.00001  1.69450e-01
 13  0.00001  1.69933e-01 | 14  0.00001  1.70527e-01 | 15  0.00001  1.71251e-01
 16  0.00001  1.72140e-01 | 17  0.00001  1.72454e-01 | 18  0.00002  1.73154e-01
 19  0.00002  1.74006e-01 | 20  0.00003  1.75136e-01 | 21  0.00004  1.76812e-01
 22  0.00005  1.79150e-01 | 23  0.00008  1.82845e-01 | 24  0.00018  1.85440e-01
 25  0.00016  1.93370e-01 | 26  0.00024  1.93248e-01 | 27  0.00030  1.77727e-01
 28  0.00039  1.36841e-01 | 29  0.00051  9.26459e-02 | 30  0.00087  1.01305e-01
 31  0.00063  5.88572e-02 | 32 -0.00006  5.34613e-04 | 33 -0.00117  1.79050e-01
 34 -0.00333  1.84415e-01 | 35 -0.00513  1.54928e-01 | 36 -0.00636  1.23064e-01
 37 -0.00702  2.12716e-01 | 38  0.00077  1.53915e-01 | 39 -0.00311  2.35547e-02
 40 -0.00222  9.76517e-02 | 41 -0.00087  9.97351e-02 | 42 -0.00270  1.18905e-01
 43  0.01768 -8.76388e-02 | 44 -0.00480  1.75583e-01 | 45 -0.00351  1.11673e-01
 46 -0.00011  1.20088e-01 | 47 -0.00416  5.50279e-02 | 48 -0.00711  1.65170e-01
 49  0.00837  1.58946e-01 | 50  0.02474 -9.80007e-03 | 51  0.00309  3.33282e-02
 52  0.01612  5.55241e-02 | 53  0.00421  9.83328e-03 | 54 -0.01430 -7.52997e-02
 55  0.00757 -6.69351e-02 | 56 -0.00215 -2.45227e-01 | 57 -0.00342  6.20118e-02
 58 -0.00396 -1.15395e-01 | 59 -0.01235 -7.82447e-02 | 60 -0.00308 -2.05360e-01
 61  0.00225 -1.11103e-01 | 62  0.00877 -3.14408e-01 | 63 -0.01040 -1.08072e-01
 64  0.01122 -3.06895e-01 | 65 -0.00552 -1.34196e-01 | 66  0.00529 -1.07261e-01
 67  0.00594 -3.18275e-01 | 68  0.01743 -4.05647e-01 | 69 -0.00694 -1.70118e-01
 70  0.02828 -4.80955e-01 | 71 -0.01345 -1.30348e-02 | 72 -0.00243 -3.44007e-01
 73  0.00798 -3.05166e-01 | 74 -0.03212 -1.86666e-01 | 75 -0.01455 -1.70092e-01
 76  0.01420 -3.95855e-01 | 77  0.02389 -3.44549e-01 | 78  0.02582 -3.84749e-01
 79  0.02356 -3.85390e-01 | 80  0.00028 -1.94608e-01 | 81  0.02868 -3.85353e-01
 82 -0.01040 -1.75034e-01 | 83 -0.00847 -1.72695e-01 | 84 -0.00982 -2.03661e-01
 85 -0.02014 -1.66071e-01 | 86 -0.01074 -2.49285e-01 | 87 -0.00902 -1.77016e-01
 88 -0.00207 -2.42310e-01 | 89 -0.03044 -2.90513e-02 | 90 -0.01774 -8.75551e-02
 91 -0.02638  7.20616e-02 | 92  0.01515 -5.73522e-02 | 93 -0.03661  1.85108e-01
 94 -0.02229  3.60125e-01 | 95 -0.01745  1.44859e-01 | 96  0.01239  4.59480e-02
 97  0.02408  1.30126e-01 | 98  0.05763  1.15948e-01 | 99 -0.01953  1.83969e-01
100 -0.00425  2.55113e-01 |101  0.02737  1.85780e-01 |102 -0.00076  1.53890e-01
103 -0.00369  1.04682e-01 |104 -0.00015  2.15657e-01 |105  0.00001  1.67244e-01
106  0.00000  2.67289e+02 |107 -0.02921 -7.11883e-01 |108 -0.41407  1.22082e+00
109 -0.28043  1.40174e-01 |110 -0.23177 -1.35516e-01 |

Intermediate statistics: 110 variables; iteration 20; function evaluation 24; phase 5
Function value 5.3902190e+02; maximum gradient component mag 2.3905e+02
Var    Value     Gradient |Var    Value     Gradient |Var    Value     Gradient
  1 -0.42786 -2.54728e+01 |  2 -0.42469  1.25405e+02 |  3 -0.39830  2.97074e+01
  4 -0.39328  2.18307e+01 |  5 -0.48359  2.33242e+01 |  6  0.60270  1.00709e+02
  7 -0.00007 -4.18319e-02 |  8 -0.00002 -9.25962e-03 |  9 -0.00002 -1.13033e-02
 10 -0.00002 -1.37901e-02 | 11 -0.00011 -2.60914e+00 | 12 -0.00011 -2.60878e+00
 13 -0.00011 -2.60834e+00 | 14 -0.00012 -2.60780e+00 | 15 -0.00013 -2.60715e+00
 16 -0.00013 -2.60636e+00 | 17 -0.00014 -2.60599e+00 | 18 -0.00015 -2.60513e+00
 19 -0.00016 -2.60384e+00 | 20 -0.00016 -2.60172e+00 | 21 -0.00017 -2.59805e+00
 22 -0.00017 -2.59295e+00 | 23 -0.00016 -2.58371e+00 | 24 -0.00008 -2.57341e+00
 25 -0.00010 -2.54997e+00 | 26 -0.00002 -2.53179e+00 | 27  0.00006 -2.52633e+00
 28  0.00018 -2.54378e+00 | 29  0.00036 -2.54437e+00 | 30  0.00083 -2.44238e+00
 31  0.00063 -2.43601e+00 | 32 -0.00025 -2.55985e+00 | 33 -0.00174 -2.38366e+00
 34 -0.00427 -2.44209e+00 | 35 -0.00602 -2.42175e+00 | 36 -0.00731 -2.48705e+00
 37 -0.00814 -2.33178e+00 | 38  0.00008 -2.48852e+00 | 39 -0.00367 -2.25676e+00
 40 -0.00226 -1.97335e+00 | 41 -0.00123 -1.80541e+00 | 42 -0.00401 -1.86483e+00
 43  0.01743 -2.25896e+00 | 44 -0.00513 -1.26869e+00 | 45 -0.00357 -1.43538e+00
 46  0.00044 -9.05458e-01 | 47 -0.00391 -8.95617e-01 | 48 -0.00738 -5.95340e-01
 49  0.00807 -4.86465e-01 | 50  0.02282  6.59072e-02 | 51  0.00211 -6.69174e-01
 52  0.01732  9.04741e-01 | 53  0.00371  4.30522e-01 | 54 -0.01473 -4.94165e-02
 55  0.00661  8.28060e-01 | 56 -0.00186  5.42014e-01 | 57 -0.00331  1.34999e+00
 58 -0.00389  8.65833e-01 | 59 -0.01259  9.18318e-01 | 60 -0.00375  1.42070e+00
 61  0.00329  2.70763e+00 | 62  0.00933  3.74943e+00 | 63 -0.01090  1.60733e+00
 64  0.01014  4.30459e+00 | 65 -0.00715  2.47323e+00 | 66  0.00624  4.20847e+00
 67  0.00620  4.82434e+00 | 68  0.01686  5.39516e+00 | 69 -0.00658  3.03499e+00
 70  0.02882  6.21712e+00 | 71 -0.01316  2.76661e+00 | 72 -0.00246  3.34043e+00
 73  0.00800  3.33851e+00 | 74 -0.03165  1.14072e+00 | 75 -0.01346  1.80048e+00
 76  0.01497  4.04219e+00 | 77  0.02434  1.19335e+01 | 78  0.02558 -3.14806e+00
 79  0.02432  1.81620e+01 | 80  0.00050 -4.57545e-01 | 81  0.02865  1.28023e+01
 82 -0.00939  9.51634e+00 | 83 -0.00749  1.09416e+01 | 84 -0.00901  8.54712e+00
 85 -0.01934  7.93527e+00 | 86 -0.01015  2.15304e+00 | 87 -0.00747  1.28400e+01
 88 -0.00161  7.96086e-01 | 89 -0.03058  4.88422e-01 | 90 -0.01790 -1.07545e+01
 91 -0.02596  8.57630e-01 | 92  0.01554  7.80530e+00 | 93 -0.03619  5.19679e-01
 94 -0.02319 -2.82344e+01 | 95 -0.01722 -3.60264e+00 | 96  0.01170 -2.41802e+01
 97  0.02431 -7.05689e+00 | 98  0.05834  4.03085e+00 | 99 -0.01882 -5.90981e+00
100 -0.00352 -5.63748e+00 |101  0.02870  4.09617e+00 |102  0.00168  1.21753e+01
103 -0.00347 -2.83767e+00 |104 -0.00022 -2.52050e+00 |105 -0.00009 -2.61081e+00
106  0.00041  2.39054e+02 |107 -0.02589  6.10162e+00 |108 -0.41268 -9.00326e+00
109 -0.28379  1.15733e+00 |110 -0.23914 -6.70392e+00 |
110 variables; iteration 40; function evaluation 49; phase 5
Function value 5.3866392e+02; maximum gradient component mag 3.9957e+02
Var    Value     Gradient |Var    Value     Gradient |Var    Value     Gradient
  1 -0.42603  6.11331e+00 |  2 -0.42324  3.99572e+02 |  3 -0.40216  1.49167e+02
  4 -0.39165  9.14610e+00 |  5 -0.50746  1.05261e+01 |  6  0.60364  3.35185e+02
  7 -0.00004  6.99247e-02 |  8 -0.00001  1.51838e-02 |  9 -0.00001  1.85601e-02
 10 -0.00001  2.26905e-02 | 11 -0.00035 -8.92459e+00 | 12 -0.00035 -8.91662e+00
 13 -0.00035 -8.90691e+00 | 14 -0.00036 -8.89509e+00 | 15 -0.00036 -8.88070e+00
 16 -0.00036 -8.86320e+00 | 17 -0.00037 -8.84196e+00 | 18 -0.00037 -8.81615e+00
 19 -0.00037 -8.78485e+00 | 20 -0.00037 -8.74689e+00 | 21 -0.00036 -8.70092e+00
 22 -0.00035 -8.64560e+00 | 23 -0.00033 -8.57883e+00 | 24 -0.00022 -8.49945e+00
 25 -0.00022 -8.40365e+00 | 26 -0.00011 -8.29298e+00 | 27  0.00002 -8.16813e+00
 28  0.00022 -8.03099e+00 | 29  0.00051 -7.85832e+00 | 30  0.00108 -7.57756e+00
 31  0.00100 -7.30017e+00 | 32  0.00016 -7.18405e+00 | 33 -0.00157 -7.00946e+00
 34 -0.00413 -6.86023e+00 | 35 -0.00571 -6.58318e+00 | 36 -0.00673 -6.07002e+00
 37 -0.00776 -6.07072e+00 | 38  0.00113 -4.88377e+00 | 39 -0.00298 -5.37296e+00
 40 -0.00147 -4.91216e+00 | 41 -0.00089 -4.89142e+00 | 42 -0.00443 -5.89091e+00
 43  0.01790 -4.10420e+00 | 44 -0.00454 -3.48444e+00 | 45 -0.00300 -3.56325e+00
 46  0.00082 -3.03341e+00 | 47 -0.00403 -3.65823e+00 | 48 -0.00795 -3.93598e+00
 49  0.00819 -1.11753e+00 | 50  0.02220  9.75569e-01 | 51  0.00162 -1.83256e+00
 52  0.01735  2.17430e+00 | 53  0.00317  7.14038e-01 | 54 -0.01403  1.27100e+00
 55  0.00621  2.87734e+00 | 56 -0.00135  2.89112e+00 | 57 -0.00422  1.82723e+00
 58 -0.00385  3.43212e+00 | 59 -0.01207  4.00106e+00 | 60 -0.00356  5.93772e+00
 61  0.00369  8.08493e+00 | 62  0.00817  9.35673e+00 | 63 -0.01133  5.11070e+00
 64  0.00916  1.17871e+01 | 65 -0.00763  8.38765e+00 | 66  0.00672  1.32591e+01
 67  0.00662  1.60645e+01 | 68  0.01539  1.37257e+01 | 69 -0.00536  1.42049e+01
 70  0.02875  2.26547e+01 | 71 -0.01402  6.96782e+00 | 72 -0.00135  1.78255e+01
 73  0.00814  1.78812e+01 | 74 -0.03189  3.46265e+00 | 75 -0.01355  4.44710e+00
 76  0.01510  1.57115e+01 | 77  0.02344  1.33023e+01 | 78  0.02571  1.66232e+01
 79  0.02436  4.14379e+01 | 80  0.00028  3.90444e-01 | 81  0.02803  2.80947e+01
 82 -0.00959  6.22208e+00 | 83 -0.00879  1.81774e+00 | 84 -0.00982 -4.59903e+00
 85 -0.01990  7.21154e+00 | 86 -0.01004  6.28690e+00 | 87 -0.00765  1.93685e+01
 88 -0.00162  4.75125e+00 | 89 -0.03178 -6.15674e+00 | 90 -0.01762 -6.92073e+00
 91 -0.02576  3.48986e+00 | 92  0.01552  2.18277e+00 | 93 -0.03540  5.84173e+00
 94 -0.02098  7.62352e-01 | 95 -0.01670 -4.00426e-01 | 96  0.01325 -5.94305e+00
 97  0.02376 -1.78049e+01 | 98  0.05858 -4.95520e+00 | 99 -0.01860 -1.00510e+01
100 -0.00188  1.09883e+00 |101  0.02864 -3.08525e+00 |102  0.00058 -1.64454e+01
103 -0.00386 -9.19067e+00 |104 -0.00050 -8.89080e+00 |105 -0.00034 -8.96068e+00
106 -0.00028  1.94548e+02 |107 -0.02021  1.99249e+01 |108 -0.40993 -2.74284e+01
109 -0.28301  5.17910e+00 |110 -0.24118 -6.65748e+00 |
110 variables; iteration 60; function evaluation 77; phase 5
Function value 5.3855649e+02; maximum gradient component mag 2.6985e+01
Var    Value     Gradient |Var    Value     Gradient |Var    Value     Gradient
  1 -0.42516  2.83426e+00 |  2 -0.42320  2.69849e+01 |  3 -0.40261  1.14467e+01
  4 -0.39162  1.62565e-01 |  5 -0.51349  1.69021e-01 |  6  0.60397  2.29437e+01
  7 -0.00007 -3.81736e-02 |  8 -0.00001 -8.53539e-03 |  9 -0.00002 -1.04170e-02
 10 -0.00002 -1.27103e-02 | 11  0.00006 -4.70583e-01 | 12  0.00005 -4.73913e-01
 13  0.00005 -4.77948e-01 | 14  0.00004 -4.82829e-01 | 15  0.00003 -4.88719e-01
 16  0.00001 -4.95804e-01 | 17  0.00000 -5.03601e-01 | 18 -0.00001 -5.12905e-01
 19 -0.00002 -5.23508e-01 | 20 -0.00004 -5.35285e-01 | 21 -0.00005 -5.47914e-01
 22 -0.00006 -5.61558e-01 | 23 -0.00006 -5.74453e-01 | 24  0.00002 -5.87287e-01
 25 -0.00001 -5.94909e-01 | 26  0.00007 -6.03184e-01 | 27  0.00016 -6.13311e-01
 28  0.00033 -6.30453e-01 | 29  0.00057 -6.48467e-01 | 30  0.00102 -6.65039e-01
 31  0.00080 -6.99961e-01 | 32 -0.00007 -6.27050e-01 | 33 -0.00173 -3.75043e-01
 34 -0.00428 -2.86118e-01 | 35 -0.00594 -3.20698e-01 | 36 -0.00724 -4.31515e-01
 37 -0.00818 -4.38701e-01 | 38  0.00035 -4.91672e-01 | 39 -0.00339 -4.12562e-01
 40 -0.00193 -3.85428e-01 | 41 -0.00128 -4.40532e-01 | 42 -0.00426 -4.83716e-01
 43  0.01793 -7.14374e-01 | 44 -0.00501 -6.50815e-02 | 45 -0.00335 -3.99119e-01
 46  0.00061 -3.66215e-01 | 47 -0.00386 -3.23466e-01 | 48 -0.00756 -1.73378e-01
 49  0.00811 -1.46611e-01 | 50  0.02234  1.42199e-01 | 51  0.00221 -1.90534e-01
 52  0.01747  2.71615e-01 | 53  0.00319  1.10533e-02 | 54 -0.01515 -3.63419e-01
 55  0.00620  1.09889e-01 | 56 -0.00165 -1.13200e-01 | 57 -0.00377  2.75350e-02
 58 -0.00381  6.91482e-02 | 59 -0.01269 -9.78219e-02 | 60 -0.00403  1.51345e-01
 61  0.00356  2.07425e-01 | 62  0.00823  2.28405e-01 | 63 -0.01116  2.38213e-01
 64  0.00897  5.74338e-01 | 65 -0.00804  4.25662e-01 | 66  0.00671  7.01312e-01
 67  0.00516  4.88660e-01 | 68  0.01626  7.89792e-01 | 69 -0.00637  1.47859e+00
 70  0.02909  1.42346e+00 | 71 -0.01302  2.09716e+00 | 72 -0.00240  7.50867e-01
 73  0.00808  1.42636e+00 | 74 -0.03149  1.30762e-01 | 75 -0.01252  8.45296e-01
 76  0.01544  1.59990e+00 | 77  0.02399  2.01516e+00 | 78  0.02592  1.88601e+00
 79  0.02333  1.06525e+00 | 80  0.00075  1.42727e+00 | 81  0.02761  1.63324e+00
 82 -0.00963  6.58633e-01 | 83 -0.00843  1.18080e+00 | 84 -0.00938  1.11208e+00
 85 -0.02019  2.59630e-01 | 86 -0.01011  3.63095e-01 | 87 -0.00853  3.59395e-02
 88 -0.00179  4.40214e-01 | 89 -0.03146 -7.11342e-02 | 90 -0.01742  1.50454e-01
 91 -0.02614 -1.37100e-02 | 92  0.01542  4.48479e-02 | 93 -0.03622 -8.54104e-01
 94 -0.02133 -8.17100e-01 | 95 -0.01694 -6.20148e-01 | 96  0.01318 -5.45177e-01
 97  0.02468  2.03424e-01 | 98  0.05860 -4.59858e-01 | 99 -0.01817 -3.51199e-01
100 -0.00242 -1.15866e+00 |101  0.02845 -6.96013e-01 |102  0.00124 -2.61712e-01
103 -0.00360 -5.92323e-01 |104 -0.00013 -4.69723e-01 |105  0.00009 -4.55288e-01
106 -0.00053  9.56755e+00 |107 -0.01960  1.40448e+00 |108 -0.40974 -1.76353e+00
109 -0.28788 -3.26560e-03 |110 -0.24361  2.19667e-01 |
110 variables; iteration 80; function evaluation 111; phase 5
Function value 5.3855551e+02; maximum gradient component mag 2.1356e+00
Var    Value     Gradient |Var    Value     Gradient |Var    Value     Gradient
  1 -0.42519  2.15019e-01 |  2 -0.42322  2.13556e+00 |  3 -0.40258  8.37443e-01
  4 -0.39163  1.48530e-02 |  5 -0.51329  2.72720e-02 |  6  0.60396  1.72984e+00
  7 -0.00004 -2.11927e-03 |  8 -0.00001 -3.16569e-04 |  9 -0.00001 -3.99654e-04
 10 -0.00001 -5.07335e-04 | 11 -0.00001 -3.87312e-02 | 12 -0.00001 -3.88105e-02
 13 -0.00001 -3.89269e-02 | 14 -0.00002 -3.90954e-02 | 15 -0.00003 -3.93383e-02
 16 -0.00003 -3.96842e-02 | 17 -0.00004 -4.01374e-02 | 18 -0.00005 -4.07386e-02
 19 -0.00005 -4.14959e-02 | 20 -0.00006 -4.24028e-02 | 21 -0.00006 -4.34193e-02
 22 -0.00006 -4.45375e-02 | 23 -0.00005 -4.55399e-02 | 24  0.00003 -4.63669e-02
 25  0.00001 -4.67106e-02 | 26  0.00010 -4.68742e-02 | 27  0.00020 -4.65874e-02
 28  0.00039 -4.13275e-02 | 29  0.00065 -2.72268e-02 | 30  0.00110 -4.23364e-02
 31  0.00091 -5.19934e-02 | 32 -0.00000 -4.23785e-02 | 33 -0.00180 -2.20377e-02
 34 -0.00440 -3.43727e-02 | 35 -0.00605 -4.72795e-02 | 36 -0.00726 -3.72592e-02
 37 -0.00820 -3.96517e-02 | 38  0.00038 -3.93194e-02 | 39 -0.00340 -1.44862e-02
 40 -0.00195 -3.03210e-02 | 41 -0.00125 -2.19779e-02 | 42 -0.00422 -3.98455e-02
 43  0.01814 -3.30860e-02 | 44 -0.00514 -1.39132e-02 | 45 -0.00329 -1.37488e-02
 46  0.00066 -2.55355e-02 | 47 -0.00382 -1.80859e-02 | 48 -0.00760 -1.23387e-02
 49  0.00811 -2.62542e-02 | 50  0.02229  1.10122e-02 | 51  0.00228 -1.07625e-02
 52  0.01735  9.95723e-04 | 53  0.00317 -1.84972e-02 | 54 -0.01505 -1.99258e-02
 55  0.00620  6.12566e-03 | 56 -0.00153  1.17648e-02 | 57 -0.00372  2.70917e-02
 58 -0.00377  9.29334e-03 | 59 -0.01261  2.88257e-03 | 60 -0.00398  2.33250e-02
 61  0.00365  3.06071e-02 | 62  0.00838  3.83891e-02 | 63 -0.01113  2.11947e-02
 64  0.00902  5.39565e-02 | 65 -0.00805  3.36546e-02 | 66  0.00669  5.83581e-02
 67  0.00525  4.85549e-02 | 68  0.01635  7.60397e-02 | 69 -0.00662  7.57963e-02
 70  0.02915  1.15081e-01 | 71 -0.01346  8.74480e-02 | 72 -0.00237  6.05009e-02
 73  0.00803  9.32537e-02 | 74 -0.03144  1.89274e-02 | 75 -0.01255  5.47232e-02
 76  0.01543  1.14713e-01 | 77  0.02397  1.36075e-01 | 78  0.02591  1.30886e-01
 79  0.02337  9.73978e-02 | 80  0.00072  8.39005e-02 | 81  0.02763  1.30720e-01
 82 -0.00963  4.76911e-02 | 83 -0.00846  6.90197e-02 | 84 -0.00940  6.18105e-02
 85 -0.02017  3.27678e-02 | 86 -0.01011  2.91497e-02 | 87 -0.00850  1.83040e-02
 88 -0.00179  3.23161e-02 | 89 -0.03144  4.66216e-03 | 90 -0.01742  8.11825e-03
 91 -0.02614 -1.43373e-03 | 92  0.01543 -2.71215e-03 | 93 -0.03617 -4.62549e-02
 94 -0.02131 -4.45570e-02 | 95 -0.01691 -3.57785e-02 | 96  0.01319 -3.65455e-02
 97  0.02465 -3.88730e-03 | 98  0.05860 -4.20487e-02 | 99 -0.01819 -3.11420e-02
100 -0.00240 -8.49606e-02 |101  0.02845 -4.57182e-02 |102  0.00120 -2.87375e-02
103 -0.00358 -3.41872e-02 |104 -0.00020 -3.59214e-02 |105  0.00001 -3.85670e-02
106 -0.00053  7.31629e-01 |107 -0.01986  1.10025e-01 |108 -0.40986 -1.47451e-01
109 -0.28786 -3.39956e-04 |110 -0.24359  1.99549e-02 |
110 variables; iteration 100; function evaluation 146; phase 5
Function value 5.3855551e+02; maximum gradient component mag 3.2375e-03
Var    Value     Gradient |Var    Value     Gradient |Var    Value     Gradient
  1 -0.42519  3.80101e-04 |  2 -0.42322  3.23753e-03 |  3 -0.40257  1.28459e-03
  4 -0.39162  3.75836e-05 |  5 -0.51328  3.43851e-05 |  6  0.60396  2.61306e-03
  7 -0.00004  3.95244e-05 |  8 -0.00001  3.11504e-06 |  9 -0.00001  4.39956e-06
 10 -0.00001  6.22787e-06 | 11 -0.00001 -1.20884e-04 | 12 -0.00001 -1.21120e-04
 13 -0.00002 -1.20431e-04 | 14 -0.00002 -1.18332e-04 | 15 -0.00003 -1.14204e-04
 16 -0.00004 -1.07430e-04 | 17 -0.00004 -9.84968e-05 | 18 -0.00005 -8.71751e-05
 19 -0.00005 -7.44568e-05 | 20 -0.00006 -6.14522e-05 | 21 -0.00006 -4.84585e-05
 22 -0.00006 -3.44961e-05 | 23 -0.00005 -1.45773e-05 | 24  0.00004  1.58163e-05
 25  0.00002  4.31828e-05 | 26  0.00010  3.06621e-05 | 27  0.00021 -8.94909e-05
 28  0.00039 -2.14080e-04 | 29  0.00064 -1.09727e-04 | 30  0.00111  8.74052e-05
 31  0.00092 -2.57692e-04 | 32  0.00000 -6.39525e-06 | 33 -0.00181 -3.24299e-05
 34 -0.00440 -4.93532e-05 | 35 -0.00604  9.50312e-07 | 36 -0.00726 -1.19275e-04
 37 -0.00819 -1.04807e-04 | 38  0.00038 -1.18277e-04 | 39 -0.00340  4.02063e-06
 40 -0.00195  7.38681e-05 | 41 -0.00125 -7.32425e-05 | 42 -0.00422 -1.35533e-04
 43  0.01815  7.26987e-06 | 44 -0.00515 -2.55880e-05 | 45 -0.00330  6.55590e-05
 46  0.00066 -1.06001e-04 | 47 -0.00382  2.75963e-05 | 48 -0.00760 -1.40369e-04
 49  0.00812 -3.31386e-05 | 50  0.02229  2.71164e-04 | 51  0.00229 -1.11331e-04
 52  0.01736 -1.52524e-04 | 53  0.00318  3.46684e-05 | 54 -0.01504 -3.00161e-05
 55  0.00621 -3.39633e-05 | 56 -0.00154 -4.62825e-05 | 57 -0.00373 -2.29506e-04
 58 -0.00376 -1.65519e-05 | 59 -0.01260 -7.28510e-05 | 60 -0.00398  1.09390e-04
 61  0.00365  5.44433e-06 | 62  0.00839  1.48601e-04 | 63 -0.01113  5.15740e-05
 64  0.00902  8.05199e-05 | 65 -0.00805  7.70115e-05 | 66  0.00669  9.31411e-05
 67  0.00525  7.03961e-05 | 68  0.01636  1.10847e-04 | 69 -0.00663  1.12524e-04
 70  0.02915  1.70667e-04 | 71 -0.01348  1.24349e-04 | 72 -0.00237  8.70221e-05
 73  0.00803  1.34794e-04 | 74 -0.03144  2.19455e-05 | 75 -0.01255  7.53782e-05
 76  0.01542  1.67490e-04 | 77  0.02397  2.02360e-04 | 78  0.02591  1.94591e-04
 79  0.02337  1.44198e-04 | 80  0.00072  1.25196e-04 | 81  0.02763  2.03149e-04
 82 -0.00963  7.33346e-05 | 83 -0.00846  1.11287e-04 | 84 -0.00940  9.65849e-05
 85 -0.02017  5.50256e-05 | 86 -0.01011  4.48114e-05 | 87 -0.00850  3.22546e-05
 88 -0.00179  5.30696e-05 | 89 -0.03144  1.18310e-05 | 90 -0.01742  1.27975e-05
 91 -0.02614 -3.23284e-07 | 92  0.01543 -6.70013e-06 | 93 -0.03617 -7.26330e-05
 94 -0.02131 -7.75639e-05 | 95 -0.01691 -5.54420e-05 | 96  0.01319 -6.12935e-05
 97  0.02465  1.66844e-06 | 98  0.05860 -7.26949e-05 | 99 -0.01819 -4.14386e-05
100 -0.00240 -1.38790e-04 |101  0.02845 -6.03466e-05 |102  0.00120 -3.26839e-05
103 -0.00358  2.82145e-04 |104 -0.00020  2.12782e-04 |105  0.00001 -1.09013e-04
106 -0.00053  1.09270e-03 |107 -0.01989  1.77069e-04 |108 -0.40987 -2.38094e-04
109 -0.28786 -4.46064e-06 |110 -0.24359  4.57786e-05 |
  ic > imax  in fminim is answer attained ?
Var    Value     Gradient |Var    Value     Gradient |Var    Value     Gradient
  1 -0.42519  2.24750e-05 |  2 -0.42322  1.90352e-04 |  3 -0.40257  7.53359e-05
  4 -0.39162  2.02676e-06 |  5 -0.51328  2.19590e-06 |  6  0.60396  1.52621e-04
  7 -0.00004 -1.65854e-06 |  8 -0.00001 -2.39319e-06 |  9 -0.00001 -2.81155e-06
 10 -0.00001 -3.25134e-06 | 11 -0.00001 -4.38027e-06 | 12 -0.00001 -6.00882e-06
 13 -0.00002 -7.79652e-06 | 14 -0.00002 -9.62359e-06 | 15 -0.00003 -1.12349e-05
 16 -0.00004 -1.22176e-05 | 17 -0.00004 -1.20058e-05 | 18 -0.00005 -1.07163e-05
 19 -0.00005 -8.30184e-06 | 20 -0.00006 -5.21583e-06 | 21 -0.00006 -1.92909e-06
 22 -0.00006  1.68812e-06 | 23 -0.00005  5.92233e-06 | 24  0.00004  6.98223e-06
 25  0.00002 -4.26728e-06 | 26  0.00010 -3.06391e-06 | 27  0.00021  2.24973e-06
 28  0.00039 -8.00674e-06 | 29  0.00064 -6.32071e-06 | 30  0.00110  4.64020e-06
 31  0.00092 -1.53631e-05 | 32  0.00000 -2.21415e-06 | 33 -0.00181 -1.84480e-06
 34 -0.00440 -2.64824e-06 | 35 -0.00604  4.38894e-06 | 36 -0.00726 -4.73113e-06
 37 -0.00819 -3.04686e-06 | 38  0.00038 -8.11426e-06 | 39 -0.00340  2.15921e-06
 40 -0.00195 -2.23125e-06 | 41 -0.00125 -1.28367e-05 | 42 -0.00422 -1.39571e-05
 43  0.01815 -1.65082e-07 | 44 -0.00515 -4.97188e-06 | 45 -0.00330  8.15729e-06
 46  0.00066 -4.98062e-06 | 47 -0.00382 -1.58653e-06 | 48 -0.00760 -8.31534e-06
 49  0.00812 -3.03583e-06 | 50  0.02228  1.45804e-05 | 51  0.00229 -4.77842e-06
 52  0.01736 -6.40616e-06 | 53  0.00318  5.40984e-07 | 54 -0.01504 -2.36908e-06
 55  0.00621 -3.34592e-06 | 56 -0.00154  2.12380e-06 | 57 -0.00373 -1.52615e-05
 58 -0.00376 -8.60656e-07 | 59 -0.01260 -4.52409e-06 | 60 -0.00398  8.45196e-06
 61  0.00365  9.22126e-07 | 62  0.00839  8.70744e-06 | 63 -0.01113  3.45322e-06
 64  0.00902  4.83992e-06 | 65 -0.00805  4.72176e-06 | 66  0.00669  5.78675e-06
 67  0.00525  4.24324e-06 | 68  0.01636  6.65891e-06 | 69 -0.00663  6.69905e-06
 70  0.02915  1.02066e-05 | 71 -0.01348  7.32980e-06 | 72 -0.00237  5.22231e-06
 73  0.00803  8.07583e-06 | 74 -0.03144  1.42907e-06 | 75 -0.01255  4.50677e-06
 76  0.01542  9.93788e-06 | 77  0.02397  1.19452e-05 | 78  0.02591  1.14561e-05
 79  0.02337  8.50689e-06 | 80  0.00072  7.38855e-06 | 81  0.02763  1.20117e-05
 82 -0.00963  4.41277e-06 | 83 -0.00846  6.60387e-06 | 84 -0.00940  5.74125e-06
 85 -0.02017  3.34950e-06 | 86 -0.01011  2.68918e-06 | 87 -0.00850  2.02039e-06
 88 -0.00179  3.18775e-06 | 89 -0.03144  7.93944e-07 | 90 -0.01742  8.10861e-07
 91 -0.02614  9.18807e-08 | 92  0.01543 -3.65313e-07 | 93 -0.03617 -4.16175e-06
 94 -0.02131 -4.49968e-06 | 95 -0.01691 -3.15160e-06 | 96  0.01319 -3.58328e-06
 97  0.02465  2.30828e-07 | 98  0.05860 -4.21006e-06 | 99 -0.01819 -2.21350e-06
100 -0.00240 -8.04758e-06 |101  0.02845 -3.35935e-06 |102  0.00120 -1.75970e-06
103 -0.00358  1.73553e-05 |104 -0.00020  1.70896e-05 |105  0.00001  3.79045e-06
106 -0.00053  6.38735e-05 |107 -0.01989  1.04265e-05 |108 -0.40987 -1.40565e-05
109 -0.28786 -2.27881e-07 |110 -0.24359  2.62091e-06 |
Function minimizer not making progress ... is minimum attained?
Minimprove criterion = 0.0000e+00

 - final statistics:
110 variables; iteration 111; function evaluation 198
Function value 5.3856e+02; maximum gradient component mag 1.9035e-04
Exit code = 1;  converg criter 1.0000e-04
Var    Value     Gradient |Var    Value     Gradient |Var    Value     Gradient
  1 -0.42519  2.24750e-05 |  2 -0.42322  1.90352e-04 |  3 -0.40257  7.53359e-05
  4 -0.39162  2.02676e-06 |  5 -0.51328  2.19590e-06 |  6  0.60396  1.52621e-04
  7 -0.00004 -1.65854e-06 |  8 -0.00001 -2.39319e-06 |  9 -0.00001 -2.81155e-06
 10 -0.00001 -3.25134e-06 | 11 -0.00001 -4.38027e-06 | 12 -0.00001 -6.00882e-06
 13 -0.00002 -7.79652e-06 | 14 -0.00002 -9.62359e-06 | 15 -0.00003 -1.12349e-05
 16 -0.00004 -1.22176e-05 | 17 -0.00004 -1.20058e-05 | 18 -0.00005 -1.07163e-05
 19 -0.00005 -8.30184e-06 | 20 -0.00006 -5.21583e-06 | 21 -0.00006 -1.92909e-06
 22 -0.00006  1.68812e-06 | 23 -0.00005  5.92233e-06 | 24  0.00004  6.98223e-06
 25  0.00002 -4.26728e-06 | 26  0.00010 -3.06391e-06 | 27  0.00021  2.24973e-06
 28  0.00039 -8.00674e-06 | 29  0.00064 -6.32071e-06 | 30  0.00110  4.64020e-06
 31  0.00092 -1.53631e-05 | 32  0.00000 -2.21415e-06 | 33 -0.00181 -1.84480e-06
 34 -0.00440 -2.64824e-06 | 35 -0.00604  4.38894e-06 | 36 -0.00726 -4.73113e-06
 37 -0.00819 -3.04686e-06 | 38  0.00038 -8.11426e-06 | 39 -0.00340  2.15921e-06
 40 -0.00195 -2.23125e-06 | 41 -0.00125 -1.28367e-05 | 42 -0.00422 -1.39571e-05
 43  0.01815 -1.65082e-07 | 44 -0.00515 -4.97188e-06 | 45 -0.00330  8.15729e-06
 46  0.00066 -4.98062e-06 | 47 -0.00382 -1.58653e-06 | 48 -0.00760 -8.31534e-06
 49  0.00812 -3.03583e-06 | 50  0.02228  1.45804e-05 | 51  0.00229 -4.77842e-06
 52  0.01736 -6.40616e-06 | 53  0.00318  5.40984e-07 | 54 -0.01504 -2.36908e-06
 55  0.00621 -3.34592e-06 | 56 -0.00154  2.12380e-06 | 57 -0.00373 -1.52615e-05
 58 -0.00376 -8.60656e-07 | 59 -0.01260 -4.52409e-06 | 60 -0.00398  8.45196e-06
 61  0.00365  9.22126e-07 | 62  0.00839  8.70744e-06 | 63 -0.01113  3.45322e-06
 64  0.00902  4.83992e-06 | 65 -0.00805  4.72176e-06 | 66  0.00669  5.78675e-06
 67  0.00525  4.24324e-06 | 68  0.01636  6.65891e-06 | 69 -0.00663  6.69905e-06
 70  0.02915  1.02066e-05 | 71 -0.01348  7.32980e-06 | 72 -0.00237  5.22231e-06
 73  0.00803  8.07583e-06 | 74 -0.03144  1.42907e-06 | 75 -0.01255  4.50677e-06
 76  0.01542  9.93788e-06 | 77  0.02397  1.19452e-05 | 78  0.02591  1.14561e-05
 79  0.02337  8.50689e-06 | 80  0.00072  7.38855e-06 | 81  0.02763  1.20117e-05
 82 -0.00963  4.41277e-06 | 83 -0.00846  6.60387e-06 | 84 -0.00940  5.74125e-06
 85 -0.02017  3.34950e-06 | 86 -0.01011  2.68918e-06 | 87 -0.00850  2.02039e-06
 88 -0.00179  3.18775e-06 | 89 -0.03144  7.93944e-07 | 90 -0.01742  8.10861e-07
 91 -0.02614  9.18807e-08 | 92  0.01543 -3.65313e-07 | 93 -0.03617 -4.16175e-06
 94 -0.02131 -4.49968e-06 | 95 -0.01691 -3.15160e-06 | 96  0.01319 -3.58328e-06
 97  0.02465  2.30828e-07 | 98  0.05860 -4.21006e-06 | 99 -0.01819 -2.21350e-06
100 -0.00240 -8.04758e-06 |101  0.02845 -3.35935e-06 |102  0.00120 -1.75970e-06
103 -0.00358  1.73553e-05 |104 -0.00020  1.70896e-05 |105  0.00001  3.79045e-06
106 -0.00053  6.38735e-05 |107 -0.01989  1.04265e-05 |108 -0.40987 -1.40565e-05
109 -0.28786 -2.27881e-07 |110 -0.24359  2.62091e-06 |

Initial statistics: 111 variables; iteration 0; function evaluation 0; phase 6
Function value 5.3855551e+02; maximum gradient component mag 1.9035e-04
Var    Value     Gradient |Var    Value     Gradient |Var    Value     Gradient
  1 -0.42519  2.24750e-05 |  2 -0.42322  1.90352e-04 |  3 -0.40257  7.53362e-05
  4 -0.39162  2.02677e-06 |  5 -0.51328  2.19591e-06 |  6  0.60396  1.52621e-04
  7 -0.00004 -1.65854e-06 |  8 -0.00001 -2.39319e-06 |  9 -0.00001 -2.81155e-06
 10 -0.00001 -3.25134e-06 | 11 -0.00001 -4.38140e-06 | 12 -0.00001 -6.00995e-06
 13 -0.00002 -7.79765e-06 | 14 -0.00002 -9.62472e-06 | 15 -0.00003 -1.12360e-05
 16 -0.00004 -1.22187e-05 | 17 -0.00004 -1.20069e-05 | 18 -0.00005 -1.07174e-05
 19 -0.00005 -8.30297e-06 | 20 -0.00006 -5.21696e-06 | 21 -0.00006 -1.93022e-06
 22 -0.00006  1.68699e-06 | 23 -0.00005  5.92120e-06 | 24  0.00004  6.98110e-06
 25  0.00002 -4.26841e-06 | 26  0.00010 -3.06504e-06 | 27  0.00021  2.24860e-06
 28  0.00039 -8.00787e-06 | 29  0.00064 -6.32184e-06 | 30  0.00110  4.63907e-06
 31  0.00092 -1.53642e-05 | 32  0.00000 -2.21528e-06 | 33 -0.00181 -1.84593e-06
 34 -0.00440 -2.64936e-06 | 35 -0.00604  4.38781e-06 | 36 -0.00726 -4.73226e-06
 37 -0.00819 -3.04799e-06 | 38  0.00038 -8.11539e-06 | 39 -0.00340  2.15809e-06
 40 -0.00195 -2.23238e-06 | 41 -0.00125 -1.28378e-05 | 42 -0.00422 -1.39582e-05
 43  0.01815 -1.66203e-07 | 44 -0.00515 -4.97300e-06 | 45 -0.00330  8.15616e-06
 46  0.00066 -4.98174e-06 | 47 -0.00382 -1.58765e-06 | 48 -0.00760 -8.31647e-06
 49  0.00812 -3.03695e-06 | 50  0.02228  1.45793e-05 | 51  0.00229 -4.77954e-06
 52  0.01736 -6.40727e-06 | 53  0.00318  5.39870e-07 | 54 -0.01504 -2.37020e-06
 55  0.00621 -3.34703e-06 | 56 -0.00154  2.12269e-06 | 57 -0.00373 -1.52627e-05
 58 -0.00376 -8.61765e-07 | 59 -0.01260 -4.52520e-06 | 60 -0.00398  8.45086e-06
 61  0.00365  9.21024e-07 | 62  0.00839  8.70634e-06 | 63 -0.01113  3.45212e-06
 64  0.00902  4.83882e-06 | 65 -0.00805  4.72066e-06 | 66  0.00669  5.78565e-06
 67  0.00525  4.24215e-06 | 68  0.01636  6.65783e-06 | 69 -0.00663  6.69795e-06
 70  0.02915  1.02055e-05 | 71 -0.01348  7.32870e-06 | 72 -0.00237  5.22121e-06
 73  0.00803  8.07475e-06 | 74 -0.03144  1.42797e-06 | 75 -0.01255  4.50567e-06
 76  0.01542  9.93680e-06 | 77  0.02397  1.19441e-05 | 78  0.02591  1.14550e-05
 79  0.02337  8.50581e-06 | 80  0.00072  7.38745e-06 | 81  0.02763  1.20106e-05
 82 -0.00963  4.41167e-06 | 83 -0.00846  6.60277e-06 | 84 -0.00940  5.74014e-06
 85 -0.02017  3.34840e-06 | 86 -0.01011  2.68807e-06 | 87 -0.00850  2.01928e-06
 88 -0.00179  3.18665e-06 | 89 -0.03144  7.92827e-07 | 90 -0.01742  8.09742e-07
 91 -0.02614  9.07616e-08 | 92  0.01543 -3.66430e-07 | 93 -0.03617 -4.16288e-06
 94 -0.02131 -4.50080e-06 | 95 -0.01691 -3.15273e-06 | 96  0.01319 -3.58441e-06
 97  0.02465  2.29704e-07 | 98  0.05860 -4.21118e-06 | 99 -0.01819 -2.21463e-06
100 -0.00240 -8.04871e-06 |101  0.02845 -3.36048e-06 |102  0.00120 -1.76083e-06
103 -0.00358  1.73542e-05 |104 -0.00020  1.70884e-05 |105  0.00001  3.78932e-06
106  0.00000  0.00000e+00 |107 -0.00053  6.38738e-05 |108 -0.01989  1.04265e-05
109 -0.40987 -1.40565e-05 |110 -0.28786 -2.27878e-07 |111 -0.24359  2.62090e-06

 - final statistics:
111 variables; iteration 1; function evaluation 2
Function value 5.3856e+02; maximum gradient component mag 2.1425e-05
Exit code = 1;  converg criter 1.0000e-04
Var    Value     Gradient |Var    Value     Gradient |Var    Value     Gradient
  1 -0.42519  9.03111e-06 |  2 -0.42322 -4.44219e-06 |  3 -0.40257 -4.09275e-06
  4 -0.39162  9.89940e-08 |  5 -0.51328 -2.35783e-07 |  6  0.60396 -8.66655e-06
  7 -0.00004 -1.69058e-06 |  8 -0.00001 -2.40001e-06 |  9 -0.00001 -2.81989e-06
 10 -0.00001 -3.26155e-06 | 11 -0.00001 -3.31409e-07 | 12 -0.00001 -1.96260e-06
 13 -0.00002 -3.75353e-06 | 14 -0.00002 -5.58457e-06 | 15 -0.00003 -7.20078e-06
 16 -0.00004 -8.18956e-06 | 17 -0.00004 -7.98524e-06 | 18 -0.00005 -6.70494e-06
 19 -0.00005 -4.30173e-06 | 20 -0.00006 -1.22917e-06 | 21 -0.00006  2.04157e-06
 22 -0.00006  5.63983e-06 | 23 -0.00005  9.85168e-06 | 24  0.00004  1.08857e-05
 25  0.00002 -3.91854e-07 | 26  0.00010  7.77043e-07 | 27  0.00021  6.05090e-06
 28  0.00039 -4.24837e-06 | 29  0.00064 -2.61187e-06 | 30  0.00110  8.29217e-06
 31  0.00092 -1.17657e-05 | 32  0.00000  1.36030e-06 | 33 -0.00181  1.67748e-06
 34 -0.00440  8.23235e-07 | 35 -0.00604  7.79565e-06 | 36 -0.00726 -1.39418e-06
 37 -0.00819  2.09110e-07 | 38  0.00038 -5.08158e-06 | 39 -0.00340  5.13395e-06
 40 -0.00195  5.93886e-07 | 41 -0.00125 -1.01580e-05 | 42 -0.00422 -1.13676e-05
 43  0.01815  1.58751e-06 | 44 -0.00515 -2.68310e-06 | 45 -0.00330  1.02020e-05
 46  0.00066 -3.27025e-06 | 47 -0.00382  7.88452e-08 | 48 -0.00760 -6.72484e-06
 49  0.00812 -2.39851e-06 | 50  0.02228  1.39737e-05 | 51  0.00229 -4.42264e-06
 52  0.01736 -7.42017e-06 | 53  0.00318  1.97903e-07 | 54 -0.01504 -1.88772e-06
 55  0.00621 -4.69761e-06 | 56 -0.00154  1.02896e-06 | 57 -0.00373 -1.65318e-05
 58 -0.00376 -2.49646e-06 | 59 -0.01260 -5.74707e-06 | 60 -0.00398  6.07307e-06
 61  0.00365 -2.70362e-06 | 62  0.00839  4.07022e-06 | 63 -0.01113  7.92638e-07
 64  0.00902 -6.99823e-07 | 65 -0.00805  1.14113e-06 | 66  0.00669 -1.20562e-07
 67  0.00525 -1.72675e-06 | 68  0.01636 -1.57579e-06 | 69 -0.00663  1.96610e-06
 70  0.02915 -1.59801e-06 | 71 -0.01348  3.04742e-06 | 72 -0.00237 -9.14511e-07
 73  0.00803 -1.32064e-07 | 74 -0.03144 -1.16595e-06 | 75 -0.01255 -4.98113e-07
 76  0.01542  1.71504e-07 | 77  0.02397  6.36141e-07 | 78  0.02591  2.74855e-07
 79  0.02337 -1.83187e-06 | 80  0.00072  1.66639e-06 | 81  0.02763  1.20997e-06
 82 -0.00963  4.66915e-07 | 83 -0.00846  2.60077e-06 | 84 -0.00940  2.31680e-06
 85 -0.02017  1.16276e-06 | 86 -0.01011  6.37975e-08 | 87 -0.00850 -5.56274e-07
 88 -0.00179  8.19702e-07 | 89 -0.03144  1.08234e-06 | 90 -0.01742  1.03430e-06
 91 -0.02614  8.89631e-07 | 92  0.01543 -8.38497e-07 | 93 -0.03617 -1.91085e-06
 94 -0.02131 -1.86721e-06 | 95 -0.01691 -6.78814e-07 | 96  0.01319 -9.81843e-07
 97  0.02465  2.50092e-06 | 98  0.05860 -1.59739e-06 | 99 -0.01819  1.65573e-06
100 -0.00240 -3.82421e-06 |101  0.02845  8.41135e-07 |102  0.00120  2.65761e-06
103 -0.00358  2.14247e-05 |104 -0.00020  2.11488e-05 |105  0.00001  7.85120e-06
106  0.00000  0.00000e+00 |107 -0.00053 -1.40295e-05 |108 -0.01989  5.02805e-07
109 -0.40987 -1.66735e-07 |110 -0.28786 -9.60571e-07 |111 -0.24359  3.42184e-06
size of file gradfil1.tmp = 0
size of file gradfil2.tmp = 0
size of file varssave.tmp = 0
size of file cmpdiff.tmp = 0
