
Initial statistics: 1 variables; iteration 0; function evaluation 0; phase 1
Function value 4.9486099e+06; maximum gradient component mag -1.2184e+08
Var    Value     Gradient |Var    Value     Gradient |Var    Value     Gradient
  1  0.63197 -1.21836e+08 |

 - final statistics:
1 variables; iteration 10; function evaluation 25
Function value 7.8779e+02; maximum gradient component mag -3.6113e-01
Exit code = 1;  converg criter 1.0000e+01
Var    Value     Gradient |Var    Value     Gradient |Var    Value     Gradient
  1  0.64857 -3.61128e-01 |

Initial statistics: 98 variables; iteration 0; function evaluation 0; phase 2
Function value 7.8779290e+02; maximum gradient component mag -9.9036e+02
Var    Value     Gradient |Var    Value     Gradient |Var    Value     Gradient
  1  0.64857 -3.61128e-01 |  2  0.00000 -2.67333e+01 |  3  0.00000 -2.84205e+01
  4  0.00000 -3.04412e+01 |  5  0.00000 -3.28485e+01 |  6  0.00000 -3.56974e+01
  7  0.00000 -3.90399e+01 |  8  0.00000 -4.29167e+01 |  9  0.00000 -5.14927e+01
 10  0.00000 -5.23189e+01 | 11  0.00000 -5.77827e+01 | 12  0.00000 -6.41034e+01
 13  0.00000 -6.99407e+01 | 14  0.00000 -7.66866e+01 | 15  0.00000 -8.51192e+01
 16  0.00000 -9.63227e+01 | 17  0.00000 -1.09111e+02 | 18  0.00000 -1.24671e+02
 19  0.00000 -1.00237e+02 | 20  0.00000 -9.66839e+01 | 21  0.00000 -1.10501e+02
 22  0.00000 -1.18032e+02 | 23  0.00000 -1.14889e+02 | 24  0.00000 -1.18454e+02
 25  0.00000 -1.22025e+02 | 26  0.00000 -1.23415e+02 | 27  0.00000 -1.25231e+02
 28  0.00000 -1.23718e+02 | 29  0.00000 -1.51040e+02 | 30  0.00000 -1.61739e+02
 31  0.00000 -1.38481e+02 | 32  0.00000 -1.38532e+02 | 33  0.00000 -1.47173e+02
 34  0.00000 -1.76282e+02 | 35  0.00000 -1.22636e+02 | 36  0.00000 -1.61490e+02
 37  0.00000 -1.47839e+02 | 38  0.00000 -1.47793e+02 | 39  0.00000 -1.45891e+02
 40  0.00000 -1.84674e+02 | 41  0.00000 -1.42839e+02 | 42  0.00000 -1.43095e+02
 43  0.00000 -1.57362e+02 | 44  0.00000 -1.79383e+02 | 45  0.00000 -1.43240e+02
 46  0.00000 -1.42451e+02 | 47  0.00000 -1.51404e+02 | 48  0.00000 -1.56396e+02
 49  0.00000 -1.85285e+02 | 50  0.00000 -1.51491e+02 | 51  0.00000 -1.18160e+02
 52  0.00000 -1.28710e+02 | 53  0.00000 -1.33030e+02 | 54  0.00000 -1.11124e+02
 55  0.00000 -1.61600e+02 | 56  0.00000 -1.22731e+02 | 57  0.00000 -1.25200e+02
 58  0.00000 -7.80958e+01 | 59  0.00000 -1.35391e+02 | 60  0.00000 -1.05079e+02
 61  0.00000 -6.65418e+01 | 62  0.00000 -2.58738e+02 | 63  0.00000  7.38981e+00
 64  0.00000 -8.59017e+01 | 65  0.00000 -1.00683e+02 | 66  0.00000 -2.87123e+01
 67  0.00000  5.26316e+02 | 68  0.00000 -3.67147e+01 | 69  0.00000  3.02164e+02
 70  0.00000  5.53965e+02 | 71  0.00000  8.57915e+02 | 72  0.00000  8.95534e+02
 73  0.00000  3.56405e+02 | 74  0.00000  6.15681e+02 | 75  0.00000  5.03204e+02
 76  0.00000  2.14022e+02 | 77  0.00000  3.12664e+01 | 78  0.00000  7.27624e+02
 79  0.00000  1.98936e+02 | 80  0.00000  6.47569e+02 | 81  0.00000  9.76616e+02
 82  0.00000  6.04889e+02 | 83  0.00000 -5.81747e+02 | 84  0.00000  2.53821e+02
 85  0.00000 -4.88654e+02 | 86  0.00000  2.74667e+02 | 87  0.00000  1.02371e+02
 88  0.00000  7.06586e+02 | 89  0.00000 -4.78074e+02 | 90  0.00000 -9.90355e+02
 91  0.00000  2.82678e+02 | 92  0.00000  8.18119e+01 | 93  0.00000  2.43422e+02
 94  0.00000 -3.90814e+01 | 95  0.00000 -1.84118e+01 | 96  0.00000 -1.87667e+01
 97 -0.03546 -4.67860e+00 | 98 -0.31026  4.67399e+01 |

Intermediate statistics: 98 variables; iteration 20; function evaluation 27; phase 2
Function value 7.1263002e+02; maximum gradient component mag 1.9591e+03
Var    Value     Gradient |Var    Value     Gradient |Var    Value     Gradient
  1  0.63923  1.95908e+03 |  2 -0.01541 -1.14128e+02 |  3 -0.01506 -1.13852e+02
  4 -0.01464 -1.13527e+02 |  5 -0.01415 -1.13148e+02 |  6 -0.01358 -1.12709e+02
  7 -0.01293 -1.12206e+02 |  8 -0.01221 -1.11639e+02 |  9 -0.00867 -1.11083e+02
 10 -0.01064 -1.10308e+02 | 11 -0.00988 -1.09549e+02 | 12 -0.00891 -1.08779e+02
 13 -0.00852 -1.07879e+02 | 14 -0.00781 -1.07071e+02 | 15 -0.00633 -1.06747e+02
 16 -0.00360 -1.07608e+02 | 17  0.00027 -1.09419e+02 | 18  0.01015 -1.09916e+02
 19 -0.00532 -1.03769e+02 | 20 -0.00483 -1.01378e+02 | 21  0.00071 -1.02656e+02
 22  0.00212 -1.01735e+02 | 23  0.00174 -1.00867e+02 | 24  0.00265 -9.95938e+01
 25  0.00378 -9.83231e+01 | 26  0.00394 -9.65269e+01 | 27  0.00436 -9.50291e+01
 28  0.00270 -9.30757e+01 | 29  0.01218 -1.03184e+02 | 30  0.01770 -1.05843e+02
 31  0.00971 -9.39064e+01 | 32  0.00815 -9.32700e+01 | 33  0.00831 -9.82642e+01
 34  0.02193 -1.08771e+02 | 35  0.00096 -8.77389e+01 | 36  0.02055 -1.00032e+02
 37  0.01177 -9.56868e+01 | 38  0.01128 -9.61066e+01 | 39  0.00729 -9.76618e+01
 40  0.02387 -1.15189e+02 | 41  0.00634 -9.87535e+01 | 42  0.00519 -9.94007e+01
 43  0.01018 -1.06719e+02 | 44  0.01992 -1.17522e+02 | 45  0.00715 -1.04902e+02
 46  0.00350 -1.08078e+02 | 47  0.00583 -1.13010e+02 | 48  0.00633 -1.18428e+02
 49  0.02032 -1.33915e+02 | 50  0.00764 -1.23814e+02 | 51 -0.00855 -1.15128e+02
 52 -0.00529 -1.22148e+02 | 53 -0.00079 -1.26026e+02 | 54 -0.00952 -1.20927e+02
 55  0.01118 -1.48232e+02 | 56 -0.00587 -1.35726e+02 | 57 -0.00285 -1.38046e+02
 58 -0.01691 -1.22478e+02 | 59  0.00142 -1.52969e+02 | 60 -0.00486 -1.46639e+02
 61 -0.01540 -1.47018e+02 | 62  0.01860 -2.07766e+02 | 63 -0.02481 -1.30137e+02
 64 -0.00586 -1.47936e+02 | 65 -0.00942 -2.00411e+02 | 66 -0.01539 -2.07185e+02
 67 -0.04308  1.30619e+01 | 68 -0.00511 -1.52205e+02 | 69 -0.00502  2.18518e+02
 70 -0.01368  2.51295e+02 | 71  0.00168  9.35950e+02 | 72 -0.00847  6.48689e+02
 73  0.00268  4.12886e+02 | 74 -0.00065  5.21099e+02 | 75  0.00647  6.43013e+02
 76  0.01018  3.76292e+02 | 77  0.01039  2.59693e+02 | 78 -0.00068  6.31521e+02
 79  0.00877  3.82983e+02 | 80  0.00017  5.73848e+02 | 81  0.00626  1.08232e+03
 82  0.00365  6.08074e+02 | 83  0.01508 -2.35444e+02 | 84  0.00606  3.18697e+02
 85  0.01833 -7.26225e+01 | 86  0.00375  2.84301e+02 | 87  0.01012  2.25036e+02
 88 -0.02268  2.90063e+02 | 89  0.00670 -3.70470e+02 | 90  0.04937 -1.23819e+02
 91 -0.01219 -1.66055e+01 | 92 -0.00913 -9.60200e+01 | 93 -0.02391 -1.43247e+02
 94 -0.00084 -1.11692e+02 | 95 -0.01723 -1.15517e+02 | 96 -0.01712 -1.15498e+02
 97 -0.01489  2.81528e+02 | 98 -0.33611 -4.91423e+01 |
98 variables; iteration 40; function evaluation 54; phase 2
Function value 6.1580502e+02; maximum gradient component mag 2.3137e+03
Var    Value     Gradient |Var    Value     Gradient |Var    Value     Gradient
  1  0.63908  2.31369e+03 |  2  0.00394 -7.18644e+01 |  3  0.00240 -7.33381e+01
  4  0.00060 -7.50553e+01 |  5 -0.00143 -7.69902e+01 |  6 -0.00365 -7.90504e+01
  7 -0.00596 -8.10417e+01 |  8 -0.00818 -8.26434e+01 |  9 -0.00067 -7.06413e+01
 10 -0.01143 -8.27878e+01 | 11 -0.01204 -8.04026e+01 | 12 -0.01134 -7.54452e+01
 13 -0.01153 -7.08995e+01 | 14 -0.01099 -6.52919e+01 | 15 -0.00943 -5.90574e+01
 16 -0.00545 -5.06213e+01 | 17  0.00150 -3.86226e+01 | 18  0.00693 -3.66534e+01
 19 -0.00834 -4.63447e+01 | 20 -0.01014 -5.08741e+01 | 21 -0.00260 -3.91592e+01
 22 -0.00114 -3.41227e+01 | 23  0.00073 -3.18631e+01 | 24  0.00138 -2.97712e+01
 25  0.00205 -2.85606e+01 | 26  0.00153 -2.90402e+01 | 27  0.00148 -2.96572e+01
 28  0.00007 -3.00766e+01 | 29  0.02782  1.78632e+01 | 30  0.03535  2.79619e+01
 31  0.00758 -2.48780e+01 | 32  0.00709 -2.26686e+01 | 33  0.01746 -3.90410e-01
 34  0.03634  2.48213e+01 | 35 -0.00655 -4.09844e+01 | 36  0.02056 -7.91161e+00
 37  0.00886 -1.90315e+01 | 38  0.00959 -1.55681e+01 | 39  0.00581 -1.91806e+01
 40  0.02474 -5.87140e+00 | 41  0.00146 -2.52318e+01 | 42  0.00072 -2.32748e+01
 43  0.01162 -5.13508e+00 | 44  0.02463  1.36336e+01 | 45  0.00589 -1.10489e+01
 46 -0.00069 -2.21925e+01 | 47  0.00355 -1.43679e+01 | 48  0.00893 -2.15296e+00
 49  0.02459  2.00503e+01 | 50  0.01052  3.09685e+00 | 51 -0.01700 -4.23539e+01
 52 -0.00869 -2.81990e+01 | 53 -0.00448 -2.38550e+01 | 54 -0.01344 -3.03783e+01
 55  0.01555  8.55636e+00 | 56 -0.00300 -1.66501e+01 | 57  0.00672  1.25943e+01
 58 -0.00299  2.13353e+01 | 59  0.00621 -5.86573e+00 | 60  0.00248 -3.63148e+00
 61 -0.01883 -7.14594e+01 | 62  0.02494 -9.53070e+00 | 63 -0.03039 -7.64213e+01
 64  0.00797  7.23704e+01 | 65 -0.00283 -2.82960e+01 | 66 -0.00384  8.29854e+00
 67 -0.05341 -2.41788e+01 | 68 -0.00832 -1.73219e+02 | 69 -0.00937  8.29331e+01
 70 -0.02045  1.51486e+02 | 71 -0.02236  2.29581e+02 | 72 -0.02850  2.42055e+02
 73 -0.00485  1.64706e+02 | 74 -0.01132  2.49871e+02 | 75 -0.00795  1.63130e+02
 76  0.00557  1.57068e+02 | 77  0.00579  1.62017e+01 | 78 -0.01688  2.38652e+02
 79  0.00370  1.39857e+02 | 80 -0.01389  2.16112e+02 | 81 -0.01400  4.46066e+02
 82 -0.01075  2.09193e+02 | 83  0.02113 -1.47623e+02 | 84 -0.00163  8.29479e+01
 85  0.02092 -1.03224e+02 | 86 -0.00483  5.81533e+01 | 87  0.00364 -1.00905e+01
 88 -0.03686  1.05304e+02 | 89  0.01025 -2.93757e+02 | 90  0.05363 -7.91325e+01
 91 -0.01677 -8.15961e+01 | 92  0.00309  1.34724e+01 | 93 -0.01712 -7.80254e+01
 94 -0.00192 -1.13139e+02 | 95  0.00633 -7.29298e+01 | 96  0.01152 -6.51113e+01
 97 -0.00836  3.01433e+02 | 98 -0.31007  5.73530e+01 |
98 variables; iteration 60; function evaluation 87; phase 2
Function value 5.8791625e+02; maximum gradient component mag 1.4601e+02
Var    Value     Gradient |Var    Value     Gradient |Var    Value     Gradient
  1  0.63911  1.46013e+02 |  2  0.00210 -1.50106e+00 |  3  0.00204 -1.51878e+00
  4  0.00183 -1.72304e+00 |  5  0.00148 -2.12149e+00 |  6  0.00101 -2.67397e+00
  7  0.00046 -3.27496e+00 |  8 -0.00007 -3.75599e+00 |  9  0.00208 -4.04675e+00
 10 -0.00070 -3.60158e+00 | 11 -0.00072 -2.68518e+00 | 12 -0.00034 -1.28831e+00
 13 -0.00046  4.11702e-01 | 14 -0.00078  1.23815e+00 | 15 -0.00054  1.38529e+00
 16  0.00283  3.67091e+00 | 17  0.01310  1.35905e+01 | 18  0.00662 -7.71947e+00
 19 -0.00124  4.36751e+00 | 20 -0.00349  2.08070e+00 | 21  0.00090  2.33038e+00
 22  0.00181  3.69748e+00 | 23  0.00171  3.96067e+00 | 24  0.00160  4.26925e+00
 25  0.00182  4.68699e+00 | 26  0.00116  5.23329e+00 | 27  0.00120  6.04137e+00
 28 -0.00123  5.67380e+00 | 29  0.01070  2.30423e+00 | 30  0.01435 -8.99930e-01
 31  0.00388  4.09029e+00 | 32  0.00280  4.40346e+00 | 33  0.00797  8.20731e+00
 34  0.02594  1.06657e+01 | 35 -0.00117  1.27479e+01 | 36  0.01570  4.88965e+00
 37  0.00818  7.21549e+00 | 38  0.00814  7.24289e+00 | 39  0.00338  3.20851e+00
 40  0.02292 -3.04891e-01 | 41  0.00164  3.01974e+00 | 42  0.00135  3.33150e+00
 43  0.00830  2.47401e+00 | 44  0.02141  3.19925e+00 | 45  0.00331  1.58452e+00
 46  0.00093  9.46819e-01 | 47  0.00657  2.35430e+00 | 48  0.00715 -1.49551e+00
 49  0.02196 -6.52537e+00 | 50  0.00491 -1.01127e+01 | 51 -0.00717 -6.62669e-01
 52 -0.00190 -3.02389e+00 | 53  0.00085 -7.28580e+00 | 54 -0.01025 -9.65676e+00
 55  0.02036 -6.62459e-01 | 56  0.00213 -4.33613e+00 | 57  0.01247  1.03229e+01
 58 -0.00822  5.07455e+00 | 59  0.01001 -1.54887e+01 | 60  0.00510 -5.74573e+00
 61 -0.00454 -5.52635e+00 | 62  0.03156 -2.51137e+01 | 63 -0.01648 -8.52742e-01
 64  0.00417  1.20616e+01 | 65  0.00493  4.78570e+00 | 66 -0.00231 -7.03765e+00
 67 -0.05280  7.06620e+00 | 68  0.00387 -2.93946e+00 | 69 -0.01031 -1.42298e+01
 70 -0.02714 -4.37711e-01 | 71 -0.03092 -4.69203e+00 | 72 -0.04362 -4.78288e+00
 73 -0.00855 -1.06318e+01 | 74 -0.02223 -2.90595e+00 | 75 -0.01272 -1.68376e+00
 76  0.00317 -8.51738e+00 | 77  0.00832  2.70731e+00 | 78 -0.03034  1.70618e+01
 79  0.00031 -7.08708e+00 | 80 -0.02693 -1.41400e+01 | 81 -0.03496  3.18423e+01
 82 -0.02080 -2.47582e-01 | 83  0.02809  9.59154e+00 | 84 -0.00479 -6.95165e+00
 85  0.02674  4.69750e+00 | 86 -0.00771 -1.24734e+00 | 87  0.00459 -3.85233e+00
 88 -0.05411  7.69395e+00 | 89  0.01996  8.80553e+00 | 90  0.05431 -8.59981e+00
 91 -0.01755 -7.52038e+00 | 92 -0.00768 -1.57111e+00 | 93 -0.02217 -6.59967e+00
 94  0.00954 -3.70571e+00 | 95  0.00133 -2.76596e+00 | 96 -0.00014 -5.31976e+00
 97 -0.02602  3.42118e+00 | 98 -0.32422  1.58319e+00 |
Maximum number of function evaluations exceeded

 - final statistics:
98 variables; iteration 68; function evaluation 100
Function value 5.8746e+02; maximum gradient component mag 1.6985e+02
Exit code = 3;  converg criter 1.0000e+01
Var    Value     Gradient |Var    Value     Gradient |Var    Value     Gradient
  1  0.63837  1.69850e+02 |  2  0.00009 -5.01633e+00 |  3  0.00024 -4.66449e+00
  4  0.00039 -4.28506e+00 |  5  0.00051 -3.91817e+00 |  6  0.00055 -3.60447e+00
  7  0.00051 -3.35155e+00 |  8  0.00041 -3.09255e+00 |  9  0.00313 -2.35156e+00
 10  0.00014 -2.14854e+00 | 11 -0.00025 -1.70115e+00 | 12 -0.00067 -1.45134e+00
 13 -0.00142 -6.77277e-01 | 14 -0.00155  6.02533e-01 | 15 -0.00063  2.02827e+00
 16  0.00288  4.73900e+00 | 17  0.00501  2.35950e+00 | 18  0.01280  2.90832e+00
 19 -0.00193  4.46938e+00 | 20 -0.00300  3.98681e+00 | 21  0.00082  3.38104e+00
 22  0.00215  5.60191e+00 | 23  0.00169  5.19677e+00 | 24  0.00170  5.74578e+00
 25  0.00188  6.13200e+00 | 26  0.00112  6.49564e+00 | 27  0.00043  6.03075e+00
 28 -0.00203  5.53715e+00 | 29  0.01205  6.83565e+00 | 30  0.01727  6.55955e+00
 31  0.00396  5.88293e+00 | 32  0.00380  7.80387e+00 | 33  0.00744  8.89527e+00
 34  0.02257  6.79810e+00 | 35 -0.00531  6.11034e+00 | 36  0.01520  5.83354e+00
 37  0.00696  6.73169e+00 | 38  0.00707  7.04490e+00 | 39  0.00350  5.35123e+00
 40  0.02433  5.71695e+00 | 41  0.00213  5.62863e+00 | 42  0.00140  5.28722e+00
 43  0.00892  5.78017e+00 | 44  0.02114  5.86591e+00 | 45  0.00370  4.72440e+00
 46  0.00221  5.11894e+00 | 47  0.00631  4.42256e+00 | 48  0.00935  4.60322e+00
 49  0.02389  1.15356e+00 | 50  0.00878  9.64341e-01 | 51 -0.00547  4.55850e+00
 52 -0.00017  2.86439e+00 | 53  0.00398  1.77021e+00 | 54 -0.00573  1.44651e+00
 55  0.01921 -1.86645e-01 | 56  0.00343  8.08347e-01 | 57  0.00866  4.62396e+00
 58 -0.01153 -6.03651e-01 | 59  0.01255 -4.56553e+00 | 60  0.00535 -4.97334e-01
 61 -0.00383 -5.41114e-02 | 62  0.03302 -1.08801e+01 | 63 -0.01560  4.54166e+00
 64  0.00208  3.66180e-01 | 65  0.00410 -1.44121e+00 | 66 -0.00149  6.20422e-01
 67 -0.05366  9.85393e-01 | 68  0.00406 -9.99914e-01 | 69 -0.00994 -9.44809e+00
 70 -0.02725 -4.88247e+00 | 71 -0.03106 -1.24299e+01 | 72 -0.04364 -8.76040e+00
 73 -0.00804 -4.76460e+00 | 74 -0.02224 -7.73709e+00 | 75 -0.01248 -3.43045e+00
 76  0.00361 -6.58961e+00 | 77  0.00867  2.47156e+00 | 78 -0.03219 -9.03656e+00
 79  0.00067 -2.72202e+00 | 80 -0.02633 -8.59784e+00 | 81 -0.03693 -5.07414e+00
 82 -0.02095 -8.37016e+00 | 83  0.02806  7.78478e-01 | 84 -0.00429 -5.92740e+00
 85  0.02687 -3.48020e-01 | 86 -0.00770 -5.71658e+00 | 87  0.00486 -4.00343e+00
 88 -0.05588 -6.20348e+00 | 89  0.01957 -4.74623e+00 | 90  0.05461 -6.56051e+00
 91 -0.01714 -3.94052e+00 | 92 -0.00809 -6.51049e+00 | 93 -0.02200 -5.01142e+00
 94  0.00924 -4.97485e+00 | 95 -0.00054 -6.22919e+00 | 96 -0.00018 -5.94474e+00
 97 -0.02525  8.72661e+00 | 98 -0.32462  1.08215e+00 |

Initial statistics: 100 variables; iteration 0; function evaluation 0; phase 3
Function value 5.8746093e+02; maximum gradient component mag 1.6985e+02
Var    Value     Gradient |Var    Value     Gradient |Var    Value     Gradient
  1  0.63837  1.69850e+02 |  2  0.00009 -5.02253e+00 |  3  0.00024 -4.67069e+00
  4  0.00039 -4.29127e+00 |  5  0.00051 -3.92438e+00 |  6  0.00055 -3.61068e+00
  7  0.00051 -3.35776e+00 |  8  0.00041 -3.09875e+00 |  9  0.00313 -2.35777e+00
 10  0.00014 -2.15474e+00 | 11 -0.00025 -1.70735e+00 | 12 -0.00067 -1.45755e+00
 13 -0.00142 -6.83481e-01 | 14 -0.00155  5.96328e-01 | 15 -0.00063  2.02206e+00
 16  0.00288  4.73279e+00 | 17  0.00501  2.35329e+00 | 18  0.01280  2.90211e+00
 19 -0.00193  4.46318e+00 | 20 -0.00301  3.98061e+00 | 21  0.00082  3.37484e+00
 22  0.00215  5.59571e+00 | 23  0.00169  5.19056e+00 | 24  0.00170  5.73958e+00
 25  0.00188  6.12579e+00 | 26  0.00112  6.48943e+00 | 27  0.00043  6.02455e+00
 28 -0.00203  5.53094e+00 | 29  0.01205  6.82945e+00 | 30  0.01727  6.55335e+00
 31  0.00396  5.87673e+00 | 32  0.00380  7.79767e+00 | 33  0.00744  8.88906e+00
 34  0.02257  6.79190e+00 | 35 -0.00531  6.10413e+00 | 36  0.01520  5.82734e+00
 37  0.00696  6.72548e+00 | 38  0.00707  7.03869e+00 | 39  0.00350  5.34503e+00
 40  0.02433  5.71075e+00 | 41  0.00213  5.62243e+00 | 42  0.00140  5.28102e+00
 43  0.00892  5.77397e+00 | 44  0.02114  5.85971e+00 | 45  0.00370  4.71819e+00
 46  0.00221  5.11274e+00 | 47  0.00631  4.41635e+00 | 48  0.00935  4.59701e+00
 49  0.02389  1.14736e+00 | 50  0.00878  9.58137e-01 | 51 -0.00547  4.55230e+00
 52 -0.00017  2.85818e+00 | 53  0.00398  1.76400e+00 | 54 -0.00573  1.44031e+00
 55  0.01921 -1.92847e-01 | 56  0.00343  8.02142e-01 | 57  0.00866  4.61776e+00
 58 -0.01153 -6.09854e-01 | 59  0.01255 -4.57173e+00 | 60  0.00535 -5.03538e-01
 61 -0.00383 -6.03156e-02 | 62  0.03302 -1.08863e+01 | 63 -0.01560  4.53546e+00
 64  0.00208  3.59975e-01 | 65  0.00410 -1.44742e+00 | 66 -0.00149  6.14218e-01
 67 -0.05366  9.79211e-01 | 68  0.00406 -1.00612e+00 | 69 -0.00994 -9.45429e+00
 70 -0.02725 -4.88867e+00 | 71 -0.03106 -1.24361e+01 | 72 -0.04364 -8.76659e+00
 73 -0.00804 -4.77080e+00 | 74 -0.02224 -7.74329e+00 | 75 -0.01248 -3.43665e+00
 76  0.00361 -6.59581e+00 | 77  0.00867  2.46536e+00 | 78 -0.03219 -9.04276e+00
 79  0.00067 -2.72823e+00 | 80 -0.02633 -8.60404e+00 | 81 -0.03693 -5.08034e+00
 82 -0.02095 -8.37636e+00 | 83  0.02806  7.72279e-01 | 84 -0.00429 -5.93361e+00
 85  0.02687 -3.54219e-01 | 86 -0.00770 -5.72279e+00 | 87  0.00486 -4.00963e+00
 88 -0.05588 -6.20966e+00 | 89  0.01957 -4.75243e+00 | 90  0.05461 -6.56669e+00
 91 -0.01714 -3.94673e+00 | 92 -0.00809 -6.51669e+00 | 93 -0.02200 -5.01762e+00
 94  0.00924 -4.98105e+00 | 95 -0.00054 -6.23539e+00 | 96 -0.00018 -5.95095e+00
 97 -0.02525  8.72661e+00 | 98 -0.41581  5.95756e+01 | 99 -0.32462  1.08215e+00
100 -0.25275  7.59259e+00 |

Intermediate statistics: 100 variables; iteration 20; function evaluation 25; phase 3
Function value 5.8671609e+02; maximum gradient component mag -2.7780e+02
Var    Value     Gradient |Var    Value     Gradient |Var    Value     Gradient
  1  0.63874 -2.77796e+02 |  2  0.00030  1.06554e+01 |  3  0.00038  1.05857e+01
  4  0.00045  1.04854e+01 |  5  0.00051  1.03331e+01 |  6  0.00054  1.01073e+01
  7  0.00053  9.79864e+00 |  8  0.00047  9.42494e+00 |  9  0.00312  9.00101e+00
 10  0.00020  8.60959e+00 | 11 -0.00014  8.09117e+00 | 12 -0.00041  7.43200e+00
 13 -0.00123  6.95375e+00 | 14 -0.00159  6.58479e+00 | 15 -0.00093  6.15501e+00
 16  0.00187  5.89201e+00 | 17  0.00536  3.93939e+00 | 18  0.01367  2.29274e+00
 19 -0.00262  5.35163e+00 | 20 -0.00396  5.37056e+00 | 21  0.00096  4.15799e+00
 22  0.00156  3.86777e+00 | 23  0.00112  4.16018e+00 | 24  0.00103  4.00942e+00
 25  0.00118  3.83460e+00 | 26  0.00030  3.91982e+00 | 27 -0.00018  3.74594e+00
 28 -0.00256  3.92706e+00 | 29  0.01201  1.49836e+00 | 30  0.01681 -1.40206e-01
 31  0.00378  3.07596e+00 | 32  0.00258  3.55623e+00 | 33  0.00585  3.02938e+00
 34  0.02320 -1.69712e+00 | 35 -0.00740  3.96306e+00 | 36  0.01598  2.10487e-01
 37  0.00645  1.89900e+00 | 38  0.00641  1.74672e+00 | 39  0.00329  1.53248e+00
 40  0.02374 -4.67645e+00 | 41  0.00186  1.81512e+00 | 42  0.00101  1.17361e+00
 43  0.00865 -1.04525e+00 | 44  0.02174 -5.21923e+00 | 45  0.00192 -1.40245e+00
 46  0.00223 -4.25170e-02 | 47  0.00685 -2.22466e+00 | 48  0.00974 -3.61906e+00
 49  0.02670 -1.06012e+01 | 50  0.00854 -6.28580e+00 | 51 -0.00577 -1.83908e-01
 52  0.00032 -3.06340e+00 | 53  0.00513 -5.18919e+00 | 54 -0.00513 -2.98619e+00
 55  0.01950 -1.29037e+01 | 56  0.00510 -5.56273e+00 | 57  0.00880 -6.65250e+00
 58 -0.01081 -3.21895e+00 | 59  0.01446 -1.42518e+01 | 60  0.00477 -1.04935e+01
 61 -0.00414 -6.13874e+00 | 62  0.03423 -3.19931e+01 | 63 -0.01617  1.48952e-01
 64  0.00256 -8.64201e+00 | 65  0.00407 -1.08705e+01 | 66 -0.00084 -4.55528e+00
 67 -0.05373  6.50569e+00 | 68  0.00416 -1.59617e+01 | 69 -0.01032 -1.71955e+01
 70 -0.02673 -1.40370e+00 | 71 -0.03160 -1.50888e+01 | 72 -0.04321 -2.04493e+00
 73 -0.00803  1.21213e+00 | 74 -0.02176 -2.43174e+00 | 75 -0.01225  1.03612e+01
 76  0.00396 -7.37178e+00 | 77  0.00900  1.73528e+01 | 78 -0.03160  2.98802e+00
 79  0.00087  1.32278e+01 | 80 -0.02577  4.55725e+00 | 81 -0.03717  6.53952e+00
 82 -0.02033  4.40933e+00 | 83  0.02882  3.77024e+01 | 84 -0.00363  1.01542e+01
 85  0.02702  1.77402e+01 | 86 -0.00720  9.78657e+00 | 87  0.00503  1.88497e+01
 88 -0.05535  1.11807e+01 | 89  0.01942  1.45733e+01 | 90  0.05503  1.23000e+01
 91 -0.01765  1.16635e+01 | 92 -0.00776  1.09943e+01 | 93 -0.02274  1.08871e+01
 94  0.01007  1.30557e+01 | 95 -0.00001  1.12248e+01 | 96  0.00011  1.12424e+01
 97 -0.05432 -4.95716e+01 | 98 -0.43081  9.71092e+01 | 99 -0.33329 -4.49172e+00
100 -0.25692  5.85007e+00 |
100 variables; iteration 40; function evaluation 51; phase 3
Function value 5.8646305e+02; maximum gradient component mag -6.0576e+02
Var    Value     Gradient |Var    Value     Gradient |Var    Value     Gradient
  1  0.63818 -6.05761e+02 |  2  0.00038  1.79242e+01 |  3  0.00040  1.75633e+01
  4  0.00043  1.71285e+01 |  5  0.00046  1.66077e+01 |  6  0.00048  1.59887e+01
  7  0.00049  1.52597e+01 |  8  0.00047  1.44086e+01 |  9  0.00307  1.31468e+01
 10  0.00021  1.23004e+01 | 11 -0.00010  1.10607e+01 | 12 -0.00027  9.69638e+00
 13 -0.00112  8.30862e+00 | 14 -0.00165  6.77505e+00 | 15 -0.00119  5.03316e+00
 16  0.00110  2.80163e+00 | 17  0.00569  8.74953e-01 | 18  0.01415 -2.85114e+00
 19 -0.00321  1.94024e+00 | 20 -0.00450  2.46923e+00 | 21  0.00097  1.97538e-01
 22  0.00107 -1.46905e+00 | 23  0.00064 -6.67465e-01 | 24  0.00044 -1.30527e+00
 25  0.00052 -1.88770e+00 | 26 -0.00049 -1.98025e+00 | 27 -0.00085 -1.99149e+00
 28 -0.00317 -1.26660e+00 | 29  0.01224 -5.83377e+00 | 30  0.01647 -8.99287e+00
 31  0.00329 -3.36725e+00 | 32  0.00132 -3.23083e+00 | 33  0.00464 -4.18396e+00
 34  0.02349 -1.14515e+01 | 35 -0.00821  1.22607e-01 | 36  0.01603 -8.56621e+00
 37  0.00571 -4.99264e+00 | 38  0.00541 -5.41202e+00 | 39  0.00283 -4.19658e+00
 40  0.02405 -1.39212e+01 | 41  0.00115 -4.52599e+00 | 42  0.00027 -4.70586e+00
 43  0.00808 -8.34081e+00 | 44  0.02216 -1.47015e+01 | 45  0.00154 -6.46645e+00
 46  0.00159 -6.97223e+00 | 47  0.00639 -9.57142e+00 | 48  0.00932 -1.14835e+01
 49  0.02887 -2.00603e+01 | 50  0.00883 -1.21284e+01 | 51 -0.00676 -6.15599e+00
 52 -0.00000 -9.01236e+00 | 53  0.00546 -1.14320e+01 | 54 -0.00517 -7.24488e+00
 55  0.02046 -2.06260e+01 | 56  0.00567 -1.21916e+01 | 57  0.00848 -1.47026e+01
 58 -0.01037 -5.54457e+00 | 59  0.01656 -1.73448e+01 | 60  0.00551 -1.28605e+01
 61 -0.00435 -1.09747e+01 | 62  0.03779 -3.04121e+01 | 63 -0.01740 -7.22563e+00
 64  0.00315 -1.40391e+01 | 65  0.00465 -1.50791e+01 | 66 -0.00074 -1.38529e+01
 67 -0.05425  4.01158e+00 | 68  0.00504 -1.11049e+01 | 69 -0.00921  9.23336e-01
 70 -0.02620  3.21926e+00 | 71 -0.03040  5.00865e+00 | 72 -0.04272  3.64384e+00
 73 -0.00828 -1.24719e+01 | 74 -0.02173 -5.42689e+00 | 75 -0.01253  2.76850e+00
 76  0.00506  5.56913e+00 | 77  0.00850 -3.68349e+00 | 78 -0.03118  7.21067e+00
 79  0.00067  4.31320e+00 | 80 -0.02572  5.13012e+00 | 81 -0.03798 -3.46163e+00
 82 -0.02079 -1.35370e+00 | 83  0.02767 -2.57611e+00 | 84 -0.00391  3.65466e+00
 85  0.02655  4.83513e+00 | 86 -0.00747  6.82593e+00 | 87  0.00456  1.31037e+01
 88 -0.05526  1.72243e+01 | 89  0.01955  2.58922e+01 | 90  0.05433 -5.63140e+00
 91 -0.01800  1.74499e+01 | 92 -0.00729  2.34298e+01 | 93 -0.02267  2.35391e+01
 94  0.01009  1.96073e+01 | 95  0.00015  1.96123e+01 | 96  0.00021  1.96116e+01
 97 -0.06170 -4.27802e+01 | 98 -0.43799  5.82461e+01 | 99 -0.33295  2.05034e-01
100 -0.25745 -2.99015e+00 |
100 variables; iteration 60; function evaluation 78; phase 3
Function value 5.8638574e+02; maximum gradient component mag -1.3710e+02
Var    Value     Gradient |Var    Value     Gradient |Var    Value     Gradient
  1  0.63833 -1.37098e+02 |  2  0.00036  3.94796e+00 |  3  0.00039  3.87071e+00
  4  0.00041  3.77819e+00 |  5  0.00043  3.66698e+00 |  6  0.00045  3.53335e+00
  7  0.00044  3.37457e+00 |  8  0.00040  3.18935e+00 |  9  0.00299  2.91107e+00
 10  0.00010  2.73007e+00 | 11 -0.00023  2.46241e+00 | 12 -0.00044  2.16874e+00
 13 -0.00131  1.86126e+00 | 14 -0.00184  1.51791e+00 | 15 -0.00140  1.08191e+00
 16  0.00059  2.69293e-02 | 17  0.00536  4.48235e-01 | 18  0.01415  9.35632e-02
 19 -0.00349  2.55190e-01 | 20 -0.00453  6.97239e-01 | 21  0.00087  3.78002e-01
 22  0.00092 -2.25620e-01 | 23  0.00047 -8.84111e-02 | 24  0.00028 -2.66126e-01
 25  0.00037 -4.09382e-01 | 26 -0.00063 -4.88324e-01 | 27 -0.00086 -2.67807e-01
 28 -0.00316 -6.45138e-02 | 29  0.01123 -1.51868e+00 | 30  0.01685 -1.34784e+00
 31  0.00318 -7.05504e-01 | 32  0.00097 -1.41297e+00 | 33  0.00542  1.89681e-01
 34  0.02273 -2.81161e+00 | 35 -0.00836 -9.09143e-02 | 36  0.01562 -2.17210e+00
 37  0.00584 -9.50466e-01 | 38  0.00620 -3.73655e-01 | 39  0.00256 -1.24340e+00
 40  0.02385 -3.10754e+00 | 41  0.00142 -9.19610e-01 | 42  0.00042 -1.18102e+00
 43  0.00863 -1.44292e+00 | 44  0.02187 -3.27678e+00 | 45  0.00166 -1.59951e+00
 46  0.00171 -2.11219e+00 | 47  0.00637 -2.83388e+00 | 48  0.00984 -2.72377e+00
 49  0.02829 -4.01750e+00 | 50  0.00969 -1.85390e+00 | 51 -0.00602 -1.50061e+00
 52  0.00046 -2.18649e+00 | 53  0.00580 -2.53467e+00 | 54 -0.00485 -1.88717e+00
 55  0.01994 -6.73376e+00 | 56  0.00580 -3.29588e+00 | 57  0.00897 -3.87491e+00
 58 -0.01147 -4.24147e+00 | 59  0.01669 -3.42695e+00 | 60  0.00529 -4.12699e+00
 61 -0.00377 -2.94122e+00 | 62  0.03719 -7.48922e+00 | 63 -0.01661 -1.09727e+00
 64  0.00320 -3.60503e+00 | 65  0.00452 -4.29035e+00 | 66 -0.00072 -3.82697e+00
 67 -0.05421  6.13891e-02 | 68  0.00482 -3.65180e+00 | 69 -0.00961 -1.73250e+00
 70 -0.02649 -5.41653e-01 | 71 -0.03063  5.38809e-01 | 72 -0.04264  1.01685e+00
 73 -0.00810 -2.23330e+00 | 74 -0.02140 -5.94594e-01 | 75 -0.01273 -1.18510e+00
 76  0.00446 -1.03294e+00 | 77  0.00832 -2.44957e+00 | 78 -0.03117  2.01552e+00
 79  0.00044 -7.27913e-01 | 80 -0.02553  1.23845e+00 | 81 -0.03718  1.92981e+00
 82 -0.02014  5.24762e-01 | 83  0.02771 -1.45487e+00 | 84 -0.00354  2.16244e+00
 85  0.02654  8.09917e-01 | 86 -0.00712  2.59653e+00 | 87  0.00451  2.45573e+00
 88 -0.05525  3.71361e+00 | 89  0.01916  3.77890e+00 | 90  0.05514  2.71049e+00
 91 -0.01762  5.82545e+00 | 92 -0.00744  5.59044e+00 | 93 -0.02281  4.02452e+00
 94  0.01021  4.22275e+00 | 95  0.00018  4.31851e+00 | 96  0.00023  4.31344e+00
 97 -0.06366 -9.70894e+00 | 98 -0.43979  1.40995e+01 | 99 -0.33296 -2.04582e-02
100 -0.25725 -2.78644e-01 |
Maximum number of function evaluations exceeded

 - final statistics:
100 variables; iteration 71; function evaluation 100
Function value 5.8638e+02; maximum gradient component mag -1.0018e+01
Exit code = 3;  converg criter 1.0000e+00
Var    Value     Gradient |Var    Value     Gradient |Var    Value     Gradient
  1  0.63833 -1.00176e+01 |  2  0.00035  2.91759e-01 |  3  0.00037  2.85795e-01
  4  0.00039  2.78996e-01 |  5  0.00041  2.71556e-01 |  6  0.00042  2.63474e-01
  7  0.00041  2.54254e-01 |  8  0.00037  2.43071e-01 |  9  0.00295  2.26462e-01
 10  0.00006  2.14306e-01 | 11 -0.00029  1.96993e-01 | 12 -0.00051  1.78592e-01
 13 -0.00138  1.60709e-01 | 14 -0.00191  1.38898e-01 | 15 -0.00142  1.17403e-01
 16  0.00098  1.07874e-01 | 17  0.00509  3.02404e-02 | 18  0.01355  1.66964e-02
 19 -0.00340  8.17056e-02 | 20 -0.00469  2.80945e-02 | 21  0.00058  2.58974e-02
 22  0.00080  2.15876e-03 | 23  0.00038  1.54600e-02 | 24  0.00022  5.23444e-03
 25  0.00033 -3.07932e-03 | 26 -0.00061 -1.10797e-03 | 27 -0.00101 -1.64674e-02
 28 -0.00334 -1.41401e-02 | 29  0.01129 -3.90201e-02 | 30  0.01637 -1.39819e-01
 31  0.00314 -2.05536e-02 | 32  0.00149 -1.91824e-02 | 33  0.00461 -8.34842e-02
 34  0.02284 -1.74958e-01 | 35 -0.00838 -1.79188e-02 | 36  0.01579 -1.37968e-01
 37  0.00575 -6.61116e-02 | 38  0.00566 -1.19132e-01 | 39  0.00273 -7.99462e-02
 40  0.02375 -1.98661e-01 | 41  0.00136 -1.12631e-01 | 42  0.00053 -1.09859e-01
 43  0.00832 -1.98033e-01 | 44  0.02175 -2.99036e-01 | 45  0.00161 -2.07950e-01
 46  0.00211 -1.33760e-01 | 47  0.00690 -1.63982e-01 | 48  0.00993 -2.26557e-01
 49  0.02777 -4.01246e-01 | 50  0.00922 -2.78795e-01 | 51 -0.00585 -1.35535e-01
 52  0.00061 -2.14288e-01 | 53  0.00575 -2.71334e-01 | 54 -0.00476 -2.06521e-01
 55  0.02079 -3.51130e-01 | 56  0.00605 -2.27199e-01 | 57  0.00920 -2.98392e-01
 58 -0.01002 -3.47590e-02 | 59  0.01629 -4.62210e-01 | 60  0.00565 -2.98604e-01
 61 -0.00354 -1.83870e-01 | 62  0.03712 -6.64840e-01 | 63 -0.01662 -1.32261e-01
 64  0.00326 -3.26950e-01 | 65  0.00457 -3.54610e-01 | 66 -0.00066 -3.13178e-01
 67 -0.05407  6.19068e-02 | 68  0.00481 -4.21764e-01 | 69 -0.00963 -3.34480e-01
 70 -0.02649 -1.90510e-01 | 71 -0.03067 -5.73755e-02 | 72 -0.04266  4.44437e-02
 73 -0.00807 -9.29889e-03 | 74 -0.02136  1.05729e-01 | 75 -0.01270 -1.43079e-01
 76  0.00443 -2.97208e-01 | 77  0.00835 -1.78959e-01 | 78 -0.03121  1.15170e-01
 79  0.00046 -9.17761e-02 | 80 -0.02549  1.51019e-01 | 81 -0.03714  4.73298e-01
 82 -0.02000  3.35522e-01 | 83  0.02777  2.59922e-02 | 84 -0.00355  2.33587e-01
 85  0.02655  1.28134e-01 | 86 -0.00709  3.79083e-01 | 87  0.00453  2.06404e-01
 88 -0.05523  3.12673e-01 | 89  0.01913  7.98287e-02 | 90  0.05516  6.16453e-01
 91 -0.01776  3.20023e-01 | 92 -0.00758  2.49069e-01 | 93 -0.02279  3.09840e-01
 94  0.01029  3.00289e-01 | 95  0.00018  3.15272e-01 | 96  0.00023  3.15303e-01
 97 -0.06483 -6.05913e-01 | 98 -0.44074  7.45807e-01 | 99 -0.33294 -4.42093e-02
100 -0.25719  9.40177e-02 |

Initial statistics: 108 variables; iteration 0; function evaluation 0; phase 4
Function value 5.8637526e+02; maximum gradient component mag 8.3646e+01
Var    Value     Gradient |Var    Value     Gradient |Var    Value     Gradient
  1 -0.42263  3.49986e+01 |  2 -0.42263 -1.02783e+01 |  3 -0.41094  8.36462e+01
  4  0.63833 -9.85032e+00 |  5  0.00000 -4.85763e-01 |  6  0.00000 -1.03347e-01
  7  0.00000 -1.24698e-01 |  8  0.00000 -1.49844e-01 |  9  0.00000 -1.79038e-01
 10  0.00035  2.95697e-01 | 11  0.00037  2.90100e-01 | 12  0.00039  2.83590e-01
 13  0.00041  2.76358e-01 | 14  0.00042  2.68460e-01 | 15  0.00041  2.59477e-01
 16  0.00037  2.48617e-01 | 17  0.00295  2.32616e-01 | 18  0.00006  2.20784e-01
 19 -0.00029  2.04037e-01 | 20 -0.00051  1.86361e-01 | 21 -0.00138  1.68796e-01
 22 -0.00191  1.47339e-01 | 23 -0.00142  1.25990e-01 | 24  0.00098  1.18515e-01
 25  0.00509  3.84389e-02 | 26  0.01355  2.59185e-02 | 27 -0.00340  8.90969e-02
 28 -0.00469  3.17778e-02 | 29  0.00058  3.51264e-02 | 30  0.00080  9.42455e-03
 31  0.00039  2.35060e-02 | 32  0.00022  1.35165e-02 | 33  0.00033  5.84538e-03
 34 -0.00061  8.27160e-03 | 35 -0.00101 -7.17016e-03 | 36 -0.00334 -3.67389e-03
 37  0.01129 -2.93276e-02 | 38  0.01637 -1.27921e-01 | 39  0.00314 -1.24109e-02
 40  0.00149 -1.16487e-02 | 41  0.00461 -7.13717e-02 | 42  0.02284 -1.60588e-01
 43 -0.00838 -9.87681e-03 | 44  0.01579 -1.24992e-01 | 45  0.00575 -5.53428e-02
 46  0.00566 -1.07191e-01 | 47  0.00273 -6.97259e-02 | 48  0.02375 -1.85167e-01
 49  0.00136 -1.03714e-01 | 50  0.00053 -9.50076e-02 | 51  0.00832 -1.80736e-01
 52  0.02175 -2.82779e-01 | 53  0.00161 -1.93122e-01 | 54  0.00211 -1.23063e-01
 55  0.00690 -1.52108e-01 | 56  0.00993 -2.14463e-01 | 57  0.02777 -3.88098e-01
 58  0.00922 -2.63041e-01 | 59 -0.00585 -1.27516e-01 | 60  0.00061 -1.98056e-01
 61  0.00575 -2.55697e-01 | 62 -0.00476 -1.89456e-01 | 63  0.02079 -3.35698e-01
 64  0.00605 -2.13393e-01 | 65  0.00920 -2.83402e-01 | 66 -0.01002 -2.49993e-02
 67  0.01629 -4.43827e-01 | 68  0.00565 -2.83098e-01 | 69 -0.00354 -1.70521e-01
 70  0.03712 -6.43275e-01 | 71 -0.01662 -1.19123e-01 | 72  0.00326 -3.10869e-01
 73  0.00457 -3.38067e-01 | 74 -0.00066 -2.97512e-01 | 75 -0.05407  7.14830e-02
 76  0.00481 -4.03611e-01 | 77 -0.00963 -3.17716e-01 | 78 -0.02649 -1.76491e-01
 79 -0.03067 -4.60780e-02 | 80 -0.04266  5.38454e-02 | 81 -0.00807  7.64215e-04
 82 -0.02136  1.13705e-01 | 83 -0.01270 -1.29781e-01 | 84  0.00443 -2.81163e-01
 85  0.00835 -1.65154e-01 | 86 -0.03121  1.23168e-01 | 87  0.00046 -7.93705e-02
 88 -0.02549  1.58395e-01 | 89 -0.03714  4.74179e-01 | 90 -0.02000  3.38903e-01
 91  0.02777  3.59120e-02 | 92 -0.00355  2.39323e-01 | 93  0.02655  1.36124e-01
 94 -0.00709  3.81955e-01 | 95  0.00453  2.13184e-01 | 96 -0.05523  3.17226e-01
 97  0.01913  8.95111e-02 | 98  0.05516  6.14066e-01 | 99 -0.01776  3.24427e-01
100 -0.00758  2.54803e-01 |101 -0.02279  3.14805e-01 |102  0.01029  3.04515e-01
103  0.00018  3.17405e-01 |104  0.00023  3.18023e-01 |105 -0.06483 -5.94748e-01
106 -0.44074  7.30469e-01 |107 -0.33294 -4.33849e-02 |108 -0.25719  9.21005e-02

Intermediate statistics: 108 variables; iteration 20; function evaluation 28; phase 4
Function value 5.8609501e+02; maximum gradient component mag -9.3857e+02
Var    Value     Gradient |Var    Value     Gradient |Var    Value     Gradient
  1 -0.41970 -5.76110e+00 |  2 -0.41971 -9.38574e+02 |  3 -0.41800 -3.63800e+02
  4  0.63801 -7.90268e+02 |  5  0.00023 -5.15375e+00 |  6  0.00005 -1.13795e+00
  7  0.00006 -1.38602e+00 |  8  0.00007 -1.68647e+00 |  9  0.00008 -2.04964e+00
 10  0.00037  2.31804e+01 | 11  0.00039  2.26604e+01 | 12  0.00042  2.20358e+01
 13  0.00044  2.12888e+01 | 14  0.00045  2.04001e+01 | 15  0.00045  1.93501e+01
 16  0.00041  1.81213e+01 | 17  0.00301  1.63171e+01 | 18  0.00011  1.50907e+01
 19 -0.00023  1.33028e+01 | 20 -0.00046  1.13092e+01 | 21 -0.00135  9.33917e+00
 22 -0.00189  7.23561e+00 | 23 -0.00141  4.86505e+00 | 24  0.00102  1.94809e+00
 25  0.00532 -1.46782e+00 | 26  0.01331 -6.69940e+00 | 27 -0.00368  6.84747e-01
 28 -0.00461  1.65149e+00 | 29  0.00054 -2.03387e+00 | 30  0.00073 -4.05061e+00
 31  0.00031 -2.89710e+00 | 32  0.00014 -3.69537e+00 | 33  0.00024 -4.42417e+00
 34 -0.00072 -4.41040e+00 | 35 -0.00113 -4.44455e+00 | 36 -0.00340 -3.42536e+00
 37  0.01229 -1.06504e+01 | 38  0.01542 -1.39395e+01 | 39  0.00307 -6.21101e+00
 40  0.00148 -5.33142e+00 | 41  0.00500 -6.85594e+00 | 42  0.02218 -1.77196e+01
 43 -0.00831 -8.08795e-01 | 44  0.01584 -1.30922e+01 | 45  0.00574 -7.64574e+00
 46  0.00557 -7.73990e+00 | 47  0.00285 -6.47001e+00 | 48  0.02355 -1.93727e+01
 49  0.00127 -6.46723e+00 | 50  0.00052 -6.35899e+00 | 51  0.00864 -1.10892e+01
 52  0.02113 -2.04014e+01 | 53  0.00159 -8.10710e+00 | 54  0.00213 -8.78057e+00
 55  0.00702 -1.20644e+01 | 56  0.00964 -1.45771e+01 | 57  0.02774 -2.80486e+01
 58  0.00883 -1.47182e+01 | 59 -0.00604 -6.57719e+00 | 60  0.00045 -1.06550e+01
 61  0.00550 -1.42130e+01 | 62 -0.00487 -8.45152e+00 | 63  0.02073 -2.54724e+01
 64  0.00586 -1.51779e+01 | 65  0.00901 -1.74288e+01 | 66 -0.01012 -6.35350e+00
 67  0.01679 -2.33012e+01 | 68  0.00495 -1.64827e+01 | 69 -0.00324 -1.06265e+01
 70  0.03709 -4.46016e+01 | 71 -0.01656 -5.11341e+00 | 72  0.00358 -1.69437e+01
 73  0.00480 -1.96362e+01 | 74 -0.00073 -1.71980e+01 | 75 -0.05388  7.38502e+00
 76  0.00482 -2.18178e+01 | 77 -0.00951 -1.03251e+01 | 78 -0.02672 -2.69060e+00
 79 -0.03055  1.37446e+00 | 80 -0.04263  6.76660e+00 | 81 -0.00781 -4.59758e+00
 82 -0.02158  1.00451e+00 | 83 -0.01231  1.52277e+00 | 84  0.00431 -5.13200e+00
 85  0.00852 -4.64912e+00 | 86 -0.03132  1.01779e+01 | 87  0.00078  4.28463e+00
 88 -0.02584  1.02334e+01 | 89 -0.03678  1.59684e+01 | 90 -0.01991  1.35793e+01
 91  0.02825  5.44824e+00 | 92 -0.00380  1.28567e+01 | 93  0.02689  1.05513e+01
 94 -0.00714  1.72661e+01 | 95  0.00480  1.67620e+01 | 96 -0.05534  2.30885e+01
 97  0.01966  2.14151e+01 | 98  0.05514  2.17991e+01 | 99 -0.01754  2.50456e+01
100 -0.00814  2.51589e+01 |101 -0.02241  2.74686e+01 |102  0.01030  2.64923e+01
103  0.00017  2.56144e+01 |104  0.00023  2.56184e+01 |105 -0.05845 -4.66637e+01
106 -0.43739  5.44601e+01 |107 -0.32862 -3.38845e+00 |108 -0.25917  1.14809e+01
108 variables; iteration 40; function evaluation 48; phase 4
Function value 5.8601455e+02; maximum gradient component mag -1.2268e+02
Var    Value     Gradient |Var    Value     Gradient |Var    Value     Gradient
  1 -0.41951 -1.14928e+01 |  2 -0.41892 -1.22679e+02 |  3 -0.42014 -4.54973e+01
  4  0.63822 -8.38801e+01 |  5  0.00045 -2.30824e-01 |  6  0.00007 -9.47845e-02
  7  0.00008 -1.12120e-01 |  8  0.00010 -1.31682e-01 |  9  0.00013 -1.53383e-01
 10  0.00036  2.53201e+00 | 11  0.00039  2.49062e+00 | 12  0.00042  2.44206e+00
 13  0.00045  2.38535e+00 | 14  0.00047  2.31931e+00 | 15  0.00049  2.24276e+00
 16  0.00047  2.15415e+00 | 17  0.00309  2.02377e+00 | 18  0.00021  1.92763e+00
 19 -0.00011  1.77956e+00 | 20 -0.00033  1.59672e+00 | 21 -0.00122  1.39722e+00
 22 -0.00176  1.18111e+00 | 23 -0.00126  9.51668e-01 | 24  0.00123  7.05680e-01
 25  0.00543  2.15514e-01 | 26  0.01370 -4.47644e-02 | 27 -0.00379  7.75510e-02
 28 -0.00454  4.60015e-01 | 29  0.00063  8.75727e-02 | 30  0.00082 -1.32809e-01
 31  0.00039 -4.52201e-02 | 32  0.00021 -1.37032e-01 | 33  0.00031 -2.18658e-01
 34 -0.00064 -2.20850e-01 | 35 -0.00104 -2.16784e-01 | 36 -0.00325 -5.13310e-02
 37  0.01081 -2.80900e+00 | 38  0.01638 -2.54627e-01 | 39  0.00297 -6.98299e-01
 40  0.00132 -7.15113e-01 | 41  0.00434 -1.52367e+00 | 42  0.02221 -2.02646e+00
 43 -0.00888 -9.86545e-01 | 44  0.01548 -1.83718e+00 | 45  0.00553 -1.09077e+00
 46  0.00561 -7.87477e-01 | 47  0.00229 -1.70781e+00 | 48  0.02229 -4.28921e+00
 49  0.00068 -1.70293e+00 | 50  0.00014 -1.40076e+00 | 51  0.00796 -2.21213e+00
 52  0.02101 -2.73203e+00 | 53  0.00079 -2.09256e+00 | 54  0.00186 -1.46379e+00
 55  0.00682 -1.70807e+00 | 56  0.00983 -1.66066e+00 | 57  0.02764 -3.38815e+00
 58  0.00843 -2.11045e+00 | 59 -0.00613 -9.93693e-01 | 60  0.00047 -1.33186e+00
 61  0.00564 -1.55909e+00 | 62 -0.00437 -2.41363e-01 | 63  0.02118 -1.67222e+00
 64  0.00643 -9.50629e-01 | 65  0.00968 -9.13023e-01 | 66 -0.00951  3.76365e-01
 67  0.01728 -1.71261e+00 | 68  0.00542 -4.59197e-01 | 69 -0.00359 -3.19607e+00
 70  0.03735 -4.67995e+00 | 71 -0.01694 -2.89945e+00 | 72  0.00391 -1.12441e+00
 73  0.00496 -2.31348e+00 | 74 -0.00050 -1.07560e+00 | 75 -0.05378  8.41071e-01
 76  0.00519  1.74928e+00 | 77 -0.00946 -1.61325e+00 | 78 -0.02666 -4.03794e-01
 79 -0.03034  3.21202e+00 | 80 -0.04248  2.45816e+00 | 81 -0.00774 -5.39934e-01
 82 -0.02165 -8.80939e-01 | 83 -0.01218  8.31249e-01 | 84  0.00404 -4.64890e+00
 85  0.00856  6.18615e-01 | 86 -0.03130  1.32089e+00 | 87  0.00088  2.77032e+00
 88 -0.02568  3.61688e+00 | 89 -0.03666  1.35247e+00 | 90 -0.01996 -2.61200e-01
 91  0.02845  2.80099e+00 | 92 -0.00402 -1.27019e+00 | 93  0.02706  3.61819e+00
 94 -0.00705  2.65694e+00 | 95  0.00502  2.73504e+00 | 96 -0.05534  2.71209e+00
 97  0.01982  4.16357e-01 | 98  0.05460 -9.43439e+00 | 99 -0.01723  6.33273e+00
100 -0.00833  2.93844e+00 |101 -0.02205  6.14309e+00 |102  0.00990  1.87702e+00
103  0.00016  2.73660e+00 |104  0.00022  2.73980e+00 |105 -0.05700 -3.77875e+00
106 -0.43668  4.28319e+00 |107 -0.32707  9.30358e-01 |108 -0.25988 -3.58179e+00
108 variables; iteration 60; function evaluation 75; phase 4
Function value 5.8600028e+02; maximum gradient component mag -4.4460e+01
Var    Value     Gradient |Var    Value     Gradient |Var    Value     Gradient
  1 -0.41942 -5.69777e+00 |  2 -0.41856 -4.44604e+01 |  3 -0.42074 -1.79906e+01
  4  0.63808 -2.99808e+01 |  5  0.00011 -3.86001e-01 |  6 -0.00002 -1.50914e-01
  7 -0.00002 -1.78073e-01 |  8 -0.00002 -2.08165e-01 |  9 -0.00002 -2.40475e-01
 10  0.00028  8.29013e-01 | 11  0.00029  8.02239e-01 | 12  0.00031  7.72381e-01
 13  0.00032  7.39802e-01 | 14  0.00033  7.04747e-01 | 15  0.00032  6.67158e-01
 16  0.00027  6.26635e-01 | 17  0.00286  5.72471e-01 | 18 -0.00003  5.34518e-01
 19 -0.00038  4.83371e-01 | 20 -0.00060  4.27654e-01 | 21 -0.00149  3.70504e-01
 22 -0.00202  3.09832e-01 | 23 -0.00152  2.59170e-01 | 24  0.00106  3.67523e-01
 25  0.00482 -5.21464e-01 | 26  0.01385  6.32701e-01 | 27 -0.00396 -1.94822e-01
 28 -0.00464  2.54463e-01 | 29  0.00043 -3.02987e-02 | 30  0.00064 -8.10366e-02
 31  0.00021 -6.71079e-02 | 32  0.00003 -9.84360e-02 | 33  0.00014 -1.18491e-01
 34 -0.00079 -7.75067e-02 | 35 -0.00112  2.80287e-02 | 36 -0.00326  2.73632e-01
 37  0.01184 -5.19896e-01 | 38  0.01549 -4.34090e-01 | 39  0.00310  1.02552e-02
 40  0.00165  2.48782e-01 | 41  0.00392 -1.53745e+00 | 42  0.02249 -2.14547e-01
 43 -0.00855 -1.45762e-01 | 44  0.01544 -8.32832e-01 | 45  0.00577 -9.03112e-02
 46  0.00592  3.42578e-01 | 47  0.00298  4.63045e-02 | 48  0.02311 -1.16592e+00
 49  0.00096 -6.24651e-01 | 50  0.00046 -2.80515e-01 | 51  0.00839 -6.38107e-01
 52  0.02100 -1.17036e+00 | 53  0.00132 -4.00731e-01 | 54  0.00221 -1.47747e-01
 55  0.00733 -1.13680e-03 | 56  0.00942 -1.05666e+00 | 57  0.02772 -1.30100e+00
 58  0.00812 -1.67731e+00 | 59 -0.00632 -7.83224e-01 | 60  0.00027 -8.78335e-01
 61  0.00527 -1.22704e+00 | 62 -0.00482 -4.83536e-01 | 63  0.02136  4.81279e-01
 64  0.00599 -7.96471e-01 | 65  0.00877 -1.68192e+00 | 66 -0.00931  1.05519e+00
 67  0.01699 -1.25566e+00 | 68  0.00524 -1.21970e-01 | 69 -0.00290  2.93822e-02
 70  0.03739 -1.70180e+00 | 71 -0.01647 -7.45809e-01 | 72  0.00386 -6.28473e-01
 73  0.00507 -7.87836e-01 | 74 -0.00049 -7.07569e-01 | 75 -0.05366  6.70226e-01
 76  0.00508 -1.72148e-01 | 77 -0.00940 -4.82765e-01 | 78 -0.02661 -2.50129e-01
 79 -0.03045  5.13306e-01 | 80 -0.04257  4.49308e-01 | 81 -0.00773 -2.83468e-01
 82 -0.02158 -2.42366e-01 | 83 -0.01220  2.24624e-02 | 84  0.00424 -9.66670e-01
 85  0.00856 -8.25747e-02 | 86 -0.03128  5.01935e-01 | 87  0.00084  4.49690e-01
 88 -0.02580  9.84521e-01 | 89 -0.03665  4.77627e-01 | 90 -0.01982  4.00791e-01
 91  0.02840  4.60452e-01 | 92 -0.00381  2.64082e-01 | 93  0.02703  8.14233e-01
 94 -0.00706  6.13299e-01 | 95  0.00505  9.10926e-01 | 96 -0.05542  2.14726e-01
 97  0.01993  5.46193e-01 | 98  0.05503 -1.20195e+00 | 99 -0.01737  1.75353e+00
100 -0.00821  1.51764e+00 |101 -0.02218  1.82319e+00 |102  0.01087  2.13817e+00
103  0.00014  9.49169e-01 |104  0.00021  9.74094e-01 |105 -0.05720 -1.53035e+00
106 -0.43680  1.60065e+00 |107 -0.32703  2.02264e-01 |108 -0.25990 -1.01323e+00

 - final statistics:
108 variables; iteration 66; function evaluation 87
Function value 5.8600e+02; maximum gradient component mag 5.6100e-01
Exit code = 1;  converg criter 1.0000e+00
Var    Value     Gradient |Var    Value     Gradient |Var    Value     Gradient
  1 -0.41933 -3.36176e-01 |  2 -0.41843 -1.38085e-02 |  3 -0.42097  3.62959e-02
  4  0.63802  5.60996e-01 |  5  0.00021 -1.44992e-02 |  6  0.00004 -4.36439e-03
  7  0.00005 -5.16778e-03 |  8  0.00006 -6.06370e-03 |  9  0.00008 -7.03003e-03
 10  0.00031 -1.57718e-02 | 11  0.00033 -1.56150e-02 | 12  0.00035 -1.53596e-02
 13  0.00036 -1.49466e-02 | 14  0.00037 -1.43115e-02 | 15  0.00035 -1.33983e-02
 16  0.00031 -1.21658e-02 | 17  0.00288 -1.01788e-02 | 18 -0.00002 -8.82699e-03
 19 -0.00037 -7.07574e-03 | 20 -0.00061 -5.19392e-03 | 21 -0.00151 -2.26882e-03
 22 -0.00205  3.42138e-03 | 23 -0.00157  1.52532e-02 | 24  0.00089  3.57025e-02
 25  0.00520  6.35401e-02 | 26  0.01326  4.53234e-02 | 27 -0.00379  6.63314e-02
 28 -0.00475  2.97967e-02 | 29  0.00041  3.39791e-02 | 30  0.00061  3.81575e-02
 31  0.00019  3.61608e-02 | 32  0.00002  3.71118e-02 | 33  0.00012  3.74578e-02
 34 -0.00083  3.63658e-02 | 35 -0.00123  4.22419e-02 | 36 -0.00348  6.02528e-02
 37  0.01192  4.92463e-02 | 38  0.01543  2.71979e-02 | 39  0.00295  4.19048e-02
 40  0.00137  5.33454e-02 | 41  0.00473 -4.49566e-02 | 42  0.02218  7.82579e-02
 43 -0.00851 -1.26688e-02 | 44  0.01566  2.98940e-02 | 45  0.00565  3.60574e-02
 46  0.00553  4.05580e-02 | 47  0.00279  3.28843e-02 | 48  0.02328  1.28678e-02
 49  0.00117 -5.77001e-03 | 50  0.00044 -1.56430e-02 | 51  0.00846 -1.31739e-02
 52  0.02118  6.97464e-03 | 53  0.00135  3.66156e-02 | 54  0.00205  6.15013e-03
 55  0.00697  2.23888e-02 | 56  0.00977  3.44287e-03 | 57  0.02778  2.71317e-02
 58  0.00858 -7.21732e-02 | 59 -0.00607 -2.28781e-02 | 60  0.00047 -1.21973e-02
 61  0.00559 -1.49299e-03 | 62 -0.00476 -1.34592e-02 | 63  0.02075  4.11483e-02
 64  0.00608 -2.74840e-02 | 65  0.00925 -5.78563e-02 | 66 -0.00990  5.84753e-02
 67  0.01714 -2.37170e-02 | 68  0.00510  8.30088e-04 | 69 -0.00300 -3.45527e-03
 70  0.03741 -8.18424e-03 | 71 -0.01633 -4.50521e-02 | 72  0.00388 -1.37248e-02
 73  0.00510 -2.62877e-02 | 74 -0.00046 -2.27416e-02 | 75 -0.05370 -1.31074e-02
 76  0.00508 -6.74107e-03 | 77 -0.00938 -2.95814e-02 | 78 -0.02658 -1.43174e-02
 79 -0.03045 -1.24791e-02 | 80 -0.04257 -1.63914e-02 | 81 -0.00772 -3.13118e-02
 82 -0.02156 -2.71167e-02 | 83 -0.01219 -2.94920e-02 | 84  0.00429 -5.11804e-02
 85  0.00857 -2.87516e-02 | 86 -0.03128 -1.99049e-02 | 87  0.00084 -1.98874e-02
 88 -0.02583 -1.11589e-02 | 89 -0.03663 -2.53847e-02 | 90 -0.01981 -3.08645e-02
 91  0.02840 -2.68693e-02 | 92 -0.00379 -3.03804e-02 | 93  0.02703 -1.31525e-02
 94 -0.00705 -2.85996e-02 | 95  0.00506 -8.57570e-03 | 96 -0.05531 -7.35319e-02
 97  0.01995 -2.31325e-02 | 98  0.05510 -7.86652e-02 | 99 -0.01742  6.93023e-03
100 -0.00828  2.06420e-02 |101 -0.02225  2.65433e-02 |102  0.01030  4.43104e-02
103  0.00015 -1.71969e-02 |104  0.00022 -1.61178e-02 |105 -0.05719  5.41392e-02
106 -0.43679 -7.36397e-02 |107 -0.32703  1.34404e-02 |108 -0.25993 -7.38828e-02

Initial statistics: 111 variables; iteration 0; function evaluation 0; phase 5
Function value 5.8599562e+02; maximum gradient component mag -5.4899e+02
Var    Value     Gradient |Var    Value     Gradient |Var    Value     Gradient
  1 -0.41933 -3.36176e-01 |  2 -0.41843 -1.38085e-02 |  3 -0.42097  3.62959e-02
  4 -0.41222  1.08658e+02 |  5 -0.41222  4.97544e+01 |  6  0.63802  5.60996e-01
  7  0.00021 -1.44992e-02 |  8  0.00004 -4.36439e-03 |  9  0.00005 -5.16778e-03
 10  0.00006 -6.06370e-03 | 11  0.00008 -7.03003e-03 | 12  0.00031 -1.60059e-02
 13  0.00033 -1.58492e-02 | 14  0.00035 -1.55937e-02 | 15  0.00036 -1.51807e-02
 16  0.00037 -1.45456e-02 | 17  0.00035 -1.36325e-02 | 18  0.00031 -1.24000e-02
 19  0.00288 -1.04129e-02 | 20 -0.00002 -9.06114e-03 | 21 -0.00037 -7.30989e-03
 22 -0.00061 -5.42807e-03 | 23 -0.00151 -2.50297e-03 | 24 -0.00205  3.18723e-03
 25 -0.00157  1.50190e-02 | 26  0.00089  3.54684e-02 | 27  0.00520  6.33060e-02
 28  0.01326  4.50893e-02 | 29 -0.00379  6.60972e-02 | 30 -0.00475  2.95626e-02
 31  0.00041  3.37450e-02 | 32  0.00061  3.79234e-02 | 33  0.00019  3.59267e-02
 34  0.00002  3.68777e-02 | 35  0.00012  3.72236e-02 | 36 -0.00083  3.61317e-02
 37 -0.00123  4.20077e-02 | 38 -0.00348  6.00186e-02 | 39  0.01192  4.90122e-02
 40  0.01543  2.69638e-02 | 41  0.00295  4.16706e-02 | 42  0.00137  5.31113e-02
 43  0.00473 -4.51907e-02 | 44  0.02218  7.80238e-02 | 45 -0.00851 -1.29029e-02
 46  0.01566  2.96599e-02 | 47  0.00565  3.58233e-02 | 48  0.00553  4.03238e-02
 49  0.00279  3.26501e-02 | 50  0.02328  1.26338e-02 | 51  0.00117 -6.00416e-03
 52  0.00044 -1.58772e-02 | 53  0.00846 -1.34081e-02 | 54  0.02118  6.74062e-03
 55  0.00135  3.63814e-02 | 56  0.00205  5.91598e-03 | 57  0.00697  2.21546e-02
 58  0.00977  3.20875e-03 | 59  0.02778  2.68978e-02 | 60  0.00858 -7.24073e-02
 61 -0.00607 -2.31123e-02 | 62  0.00047 -1.24315e-02 | 63  0.00559 -1.72713e-03
 64 -0.00476 -1.36933e-02 | 65  0.02075  4.09142e-02 | 66  0.00608 -2.77181e-02
 67  0.00925 -5.80904e-02 | 68 -0.00990  5.82412e-02 | 69  0.01714 -2.39511e-02
 70  0.00510  5.95945e-04 | 71 -0.00300 -3.68942e-03 | 72  0.03741 -8.41798e-03
 73 -0.01633 -4.52862e-02 | 74  0.00388 -1.39589e-02 | 75  0.00510 -2.65218e-02
 76 -0.00046 -2.29758e-02 | 77 -0.05370 -1.33407e-02 | 78  0.00508 -6.97521e-03
 79 -0.00938 -2.98155e-02 | 80 -0.02658 -1.45514e-02 | 81 -0.03045 -1.27130e-02
 82 -0.04257 -1.66250e-02 | 83 -0.00772 -3.15459e-02 | 84 -0.02156 -2.73507e-02
 85 -0.01219 -2.97261e-02 | 86  0.00429 -5.14145e-02 | 87  0.00857 -2.89857e-02
 88 -0.03128 -2.01388e-02 | 89  0.00084 -2.01215e-02 | 90 -0.02583 -1.13928e-02
 91 -0.03663 -2.56185e-02 | 92 -0.01981 -3.10985e-02 | 93  0.02840 -2.71032e-02
 94 -0.00379 -3.06146e-02 | 95  0.02703 -1.33864e-02 | 96 -0.00705 -2.88337e-02
 97  0.00506 -8.80984e-03 | 98 -0.05531 -7.37652e-02 | 99  0.01995 -2.33665e-02
100  0.05510 -7.88985e-02 |101 -0.01742  6.69616e-03 |102 -0.00828  2.04079e-02
103 -0.02225  2.63093e-02 |104  0.01030  4.40763e-02 |105  0.00015 -1.74310e-02
106  0.00022 -1.63520e-02 |107  0.00000 -5.48995e+02 |108 -0.05719  5.41392e-02
109 -0.43679 -7.36397e-02 |110 -0.32703  1.34404e-02 |111 -0.25993 -7.38828e-02

Intermediate statistics: 111 variables; iteration 20; function evaluation 25; phase 5
Function value 5.8320155e+02; maximum gradient component mag -2.7353e+02
Var    Value     Gradient |Var    Value     Gradient |Var    Value     Gradient
  1 -0.41872 -2.09133e+01 |  2 -0.41165  9.49770e+01 |  3 -0.43037  4.89222e+01
  4 -0.41736  2.72582e+01 |  5 -0.47317  5.82127e+00 |  6  0.63539  3.49365e+01
  7  0.00034  9.49020e-01 |  8  0.00007  2.08001e-01 |  9  0.00009  2.53107e-01
 10  0.00011  3.07593e-01 | 11  0.00013  3.73255e-01 | 12  0.00042  6.39843e-01
 13  0.00045  7.35569e-01 | 14  0.00048  8.49389e-01 | 15  0.00051  9.83815e-01
 16  0.00053  1.14119e+00 | 17  0.00053  1.32345e+00 | 18  0.00047  1.53177e+00
 19  0.00302  1.83525e+00 | 20  0.00006  2.02856e+00 | 21 -0.00038  2.31938e+00
 22 -0.00069  2.65202e+00 | 23 -0.00161  2.98671e+00 | 24 -0.00217  3.32713e+00
 25 -0.00185  3.66666e+00 | 26  0.00037  4.02945e+00 | 27  0.00543  4.46163e+00
 28  0.01467  5.46714e+00 | 29 -0.00390  4.66916e+00 | 30 -0.00468  4.11959e+00
 31  0.00044  4.64301e+00 | 32  0.00058  4.92867e+00 | 33  0.00014  4.72433e+00
 34 -0.00004  4.83323e+00 | 35  0.00014  4.93902e+00 | 36 -0.00067  4.94077e+00
 37 -0.00115  4.96804e+00 | 38 -0.00358  4.82043e+00 | 39  0.01220  5.28731e+00
 40  0.01555  7.11212e+00 | 41  0.00282  5.21366e+00 | 42  0.00114  5.00023e+00
 43  0.00454  5.01079e+00 | 44  0.02332  6.77122e+00 | 45 -0.00844  4.82610e+00
 46  0.01588  6.10416e+00 | 47  0.00563  5.15078e+00 | 48  0.00613  5.06708e+00
 49  0.00180  5.44116e+00 | 50  0.02370  6.92341e+00 | 51  0.00117  5.30306e+00
 52 -0.00004  4.78309e+00 | 53  0.00891  5.30217e+00 | 54  0.02164  6.96548e+00
 55  0.00156  5.42149e+00 | 56  0.00210  5.10161e+00 | 57  0.00747  5.50220e+00
 58  0.00955  5.98204e+00 | 59  0.02765  7.08830e+00 | 60  0.00772  6.61719e+00
 61 -0.00688  4.54445e+00 | 62 -0.00004  4.74247e+00 | 63  0.00624  5.08912e+00
 64 -0.00470  4.49692e+00 | 65  0.02120  6.62311e+00 | 66  0.00563  5.60372e+00
 67  0.00929  5.76691e+00 | 68 -0.00924  4.13081e+00 | 69  0.01692  4.27114e+00
 70  0.00418  4.00248e+00 | 71 -0.00289  3.69132e+00 | 72  0.03528  4.84850e+00
 73 -0.01725  1.98276e+00 | 74  0.00316  3.08370e+00 | 75  0.00459  1.59138e+00
 76 -0.00004  8.87954e-01 | 77 -0.05375 -5.14306e-01 | 78  0.00520  2.60523e+00
 79 -0.00910 -5.97799e-01 | 80 -0.02596 -4.73206e+00 | 81 -0.02949  1.03488e+01
 82 -0.04239 -2.96851e+00 | 83 -0.00749 -2.45658e+00 | 84 -0.02218 -1.84857e+01
 85 -0.01100  2.32292e+00 | 86  0.00451 -1.90696e+01 | 87  0.00902 -1.72454e+01
 88 -0.03168 -1.96368e+01 | 89  0.00180 -6.24479e+00 | 90 -0.02645 -2.38198e+01
 91 -0.03526  5.47705e+00 | 92 -0.01959 -1.25110e+01 | 93  0.02816 -4.67604e+01
 94 -0.00543 -3.90591e+01 | 95  0.02821  2.09163e+01 | 96 -0.00681 -1.14941e+01
 97  0.00521 -1.60362e+01 | 98 -0.05440 -3.57784e+00 | 99  0.01985 -2.25734e-01
100  0.05405 -4.94277e+00 |101 -0.01566  6.50370e+00 |102 -0.01062 -1.05361e+01
103 -0.02341  1.39299e+00 |104  0.01047  1.69798e+00 |105  0.00020  1.88587e-01
106  0.00026  1.79323e-01 |107  0.00202 -2.73531e+02 |108 -0.05640 -1.68002e+00
109 -0.43597  1.96423e+00 |110 -0.30864  4.77061e+00 |111 -0.25386 -1.42272e+01
111 variables; iteration 40; function evaluation 46; phase 5
Function value 5.8295279e+02; maximum gradient component mag -2.6023e+02
Var    Value     Gradient |Var    Value     Gradient |Var    Value     Gradient
  1 -0.41933 -3.53225e+01 |  2 -0.41140 -2.22281e+02 |  3 -0.43037 -9.35142e+01
  4 -0.41878  1.64418e+01 |  5 -0.47420 -3.29562e-01 |  6  0.63503 -2.08261e+02
  7  0.00041 -7.97564e-01 |  8  0.00009 -1.78390e-01 |  9  0.00010 -2.18183e-01
 10  0.00013 -2.66862e-01 | 11  0.00015 -3.26416e-01 | 12  0.00050  7.42102e+00
 13  0.00053  7.33326e+00 | 14  0.00057  7.22544e+00 | 15  0.00060  7.09305e+00
 16  0.00062  6.93075e+00 | 17  0.00061  6.73288e+00 | 18  0.00055  6.49489e+00
 19  0.00310  6.14864e+00 | 20  0.00013  5.90516e+00 | 21 -0.00031  5.57589e+00
 22 -0.00061  5.22635e+00 | 23 -0.00155  4.87808e+00 | 24 -0.00213  4.48102e+00
 25 -0.00183  4.02138e+00 | 26  0.00047  3.58026e+00 | 27  0.00579  3.11529e+00
 28  0.01527  2.35943e+00 | 29 -0.00425  3.10416e+00 | 30 -0.00472  3.31284e+00
 31  0.00049  2.70164e+00 | 32  0.00062  2.31011e+00 | 33  0.00018  2.51960e+00
 34  0.00001  2.38771e+00 | 35  0.00023  2.29691e+00 | 36 -0.00051  2.38017e+00
 37 -0.00100  2.41216e+00 | 38 -0.00348  2.57214e+00 | 39  0.01175 -6.27659e-01
 40  0.01566  1.49657e+00 | 41  0.00285  1.89113e+00 | 42  0.00111  1.97785e+00
 43  0.00456  1.62912e+00 | 44  0.02409  6.27741e-01 | 45 -0.00929  1.93766e+00
 46  0.01608  6.93982e-01 | 47  0.00585  1.75851e+00 | 48  0.00638  1.51526e+00
 49  0.00079  7.90431e-01 | 50  0.02372 -7.90767e-01 | 51  0.00093  1.79783e+00
 52 -0.00008  1.70617e+00 | 53  0.00899  5.78023e-01 | 54  0.02149 -1.04858e+00
 55  0.00109  1.01287e+00 | 56  0.00197  9.93364e-01 | 57  0.00636 -9.63648e-01
 58  0.00978  6.61756e-01 | 59  0.02808 -2.13984e+00 | 60  0.00695  1.03231e-01
 61 -0.00744  9.51479e-01 | 62 -0.00027  5.18098e-01 | 63  0.00668  5.72197e-01
 64 -0.00498  8.50275e-01 | 65  0.02113 -1.92834e+00 | 66  0.00517 -3.76139e-01
 67  0.00912 -4.04449e-01 | 68 -0.00927  1.56871e+00 | 69  0.01695 -2.74776e+00
 70  0.00479  2.17403e+00 | 71 -0.00311 -3.54753e-01 | 72  0.03538 -6.87930e+00
 73 -0.01749  2.48535e-02 | 74  0.00307 -1.65950e+00 | 75  0.00482 -3.57306e-01
 76 -0.00021 -3.99234e+00 | 77 -0.05336  5.51131e+00 | 78  0.00484 -5.50641e+00
 79 -0.00920 -6.21761e+00 | 80 -0.02645 -1.05456e+01 | 81 -0.02982  4.19527e+00
 82 -0.04245 -3.47708e-01 | 83 -0.00744 -1.62094e+00 | 84 -0.02175 -9.72707e+00
 85 -0.01118 -3.70057e+00 | 86  0.00493 -1.33495e+01 | 87  0.00929 -1.61866e+01
 88 -0.03145 -1.40086e+01 | 89  0.00199 -3.92683e+00 | 90 -0.02606 -1.46115e+01
 91 -0.03515  9.76398e+00 | 92 -0.01928 -3.83017e+00 | 93  0.02848 -3.70628e+01
 94 -0.00458 -2.24050e+01 | 95  0.02805  1.37694e+01 | 96 -0.00637  3.00272e-01
 97  0.00553 -5.23648e+00 | 98 -0.05412  5.89452e+00 | 99  0.01989  6.70111e+00
100  0.05413  9.48956e+00 |101 -0.01578  1.07372e+01 |102 -0.01048  1.05008e+00
103 -0.02344  9.03910e+00 |104  0.00827  5.01558e+00 |105  0.00026  7.82974e+00
106  0.00031  7.80916e+00 |107  0.00262 -2.60231e+02 |108 -0.05847 -1.50607e+01
109 -0.43722  1.43834e+01 |110 -0.29891  5.99721e+00 |111 -0.24905 -1.04939e+01
111 variables; iteration 60; function evaluation 76; phase 5
Function value 5.8271274e+02; maximum gradient component mag -8.2389e+02
Var    Value     Gradient |Var    Value     Gradient |Var    Value     Gradient
  1 -0.41830 -5.98932e+01 |  2 -0.41035 -8.23894e+02 |  3 -0.43248 -3.74083e+02
  4 -0.42267 -9.72288e+00 |  5 -0.47779 -1.31992e+01 |  6  0.63464 -6.66111e+02
  7  0.00039 -4.75620e+00 |  8  0.00008 -1.04884e+00 |  9  0.00010 -1.27872e+00
 10  0.00012 -1.55776e+00 | 11  0.00015 -1.89599e+00 | 12  0.00049  1.93098e+01
 13  0.00052  1.88116e+01 | 14  0.00055  1.82114e+01 | 15  0.00057  1.74919e+01
 16  0.00058  1.66344e+01 | 17  0.00056  1.56212e+01 | 18  0.00049  1.44390e+01
 19  0.00302  1.27170e+01 | 20  0.00004  1.15600e+01 | 21 -0.00042  9.90027e+00
 22 -0.00075  8.09056e+00 | 23 -0.00168  6.33803e+00 | 24 -0.00225  4.46330e+00
 25 -0.00197  2.35293e+00 | 26  0.00021 -2.54871e-01 | 27  0.00528 -3.99739e+00
 28  0.01444 -9.16337e+00 | 29 -0.00416 -7.40867e-01 | 30 -0.00502 -7.30334e-01
 31  0.00023 -3.89905e+00 | 32  0.00036 -5.62236e+00 | 33 -0.00010 -4.54758e+00
 34 -0.00030 -5.24517e+00 | 35 -0.00014 -5.90926e+00 | 36 -0.00093 -5.90980e+00
 37 -0.00138 -5.74280e+00 | 38 -0.00380 -4.63891e+00 | 39  0.01393 -1.11683e+01
 40  0.01394 -1.36680e+01 | 41  0.00274 -6.79299e+00 | 42  0.00116 -5.73363e+00
 43  0.00527 -6.46446e+00 | 44  0.02440 -1.57489e+01 | 45 -0.00946 -2.48182e+00
 46  0.01603 -1.24731e+01 | 47  0.00532 -7.87428e+00 | 48  0.00596 -8.24390e+00
 49  0.00183 -4.88490e+00 | 50  0.02369 -1.73358e+01 | 51  0.00168 -4.79655e+00
 52  0.00005 -5.34068e+00 | 53  0.00898 -1.02824e+01 | 54  0.02183 -1.67039e+01
 55  0.00145 -6.46959e+00 | 56  0.00203 -7.47585e+00 | 57  0.00709 -1.06727e+01
 58  0.01009 -1.06959e+01 | 59  0.02843 -2.23598e+01 | 60  0.00736 -9.85965e+00
 61 -0.00713 -4.47657e+00 | 62  0.00001 -7.57144e+00 | 63  0.00674 -1.06622e+01
 64 -0.00498 -6.23656e+00 | 65  0.02023 -2.15045e+01 | 66  0.00443 -1.19269e+01
 67  0.00869 -1.31087e+01 | 68 -0.00990 -5.15254e+00 | 69  0.01664 -1.93033e+01
 70  0.00349 -1.12311e+01 | 71 -0.00395 -1.06249e+01 | 72  0.03618 -2.57334e+01
 73 -0.01714 -1.39733e+00 | 74  0.00141 -2.07887e+01 | 75  0.00475 -1.13724e+01
 76 -0.00005 -1.07504e+01 | 77 -0.05404  5.63812e+00 | 78  0.00474 -1.30067e+01
 79 -0.00936 -5.83027e+00 | 80 -0.02578  1.91632e+00 | 81 -0.03029  3.05018e+00
 82 -0.04219  8.54564e+00 | 83 -0.00771 -2.26938e+00 | 84 -0.02110  3.89913e+00
 85 -0.01112  2.18303e+00 | 86  0.00560 -1.92795e+00 | 87  0.00976 -5.72363e-01
 88 -0.02991  1.12253e+01 | 89  0.00213  5.10041e+00 | 90 -0.02470  1.23529e+01
 91 -0.03536  1.47107e+01 | 92 -0.01871  9.63845e+00 | 93  0.02961  5.77234e+00
 94 -0.00279  1.36723e+01 | 95  0.02774  9.66442e+00 | 96 -0.00616  1.38727e+01
 97  0.00587  1.66860e+01 | 98 -0.05524  1.22635e+01 | 99  0.01946  1.75656e+01
100  0.05334  1.47374e+01 |101 -0.01649  2.07839e+01 |102 -0.01029  2.36243e+01
103 -0.02384  2.71117e+01 |104  0.00858  2.03148e+01 |105  0.00026  2.16521e+01
106  0.00031  2.16263e+01 |107  0.00348 -2.13379e+02 |108 -0.05536 -4.02100e+01
109 -0.43567  4.50195e+01 |110 -0.29843 -1.29043e+00 |111 -0.24940  8.59606e-01
111 variables; iteration 80; function evaluation 111; phase 5
Function value 5.8264770e+02; maximum gradient component mag -2.5118e+01
Var    Value     Gradient |Var    Value     Gradient |Var    Value     Gradient
  1 -0.41839 -1.25552e+00 |  2 -0.40953 -2.51176e+01 |  3 -0.43355 -9.03086e+00
  4 -0.42214 -4.88618e-01 |  5 -0.47908 -5.25149e-01 |  6  0.63431 -1.66138e+01
  7  0.00027 -2.45558e-02 |  8  0.00006 -1.14749e-02 |  9  0.00007 -7.97731e-03
 10  0.00009 -2.43563e-03 | 11  0.00012  5.08026e-03 | 12  0.00041  5.67141e-01
 13  0.00045  5.76568e-01 | 14  0.00048  5.75524e-01 | 15  0.00050  5.60016e-01
 16  0.00050  5.31354e-01 | 17  0.00048  4.98271e-01 | 18  0.00041  4.70920e-01
 19  0.00295  4.38859e-01 | 20 -0.00002  4.29061e-01 | 21 -0.00047  4.05431e-01
 22 -0.00081  3.78385e-01 | 23 -0.00176  3.49903e-01 | 24 -0.00233  3.52141e-01
 25 -0.00195  4.51606e-01 | 26  0.00009  1.51171e-01 | 27  0.00572  6.04782e-01
 28  0.01484  2.14229e-01 | 29 -0.00441  2.27803e-01 | 30 -0.00469  4.38000e-01
 31  0.00039  2.70772e-01 | 32  0.00049  2.11747e-01 | 33  0.00006  2.39048e-01
 34 -0.00012  2.29938e-01 | 35  0.00008  2.50257e-01 | 36 -0.00069  2.66103e-01
 37 -0.00124  2.17002e-01 | 38 -0.00369  2.56789e-01 | 39  0.01276 -1.27816e-01
 40  0.01481  1.76506e-01 | 41  0.00260 -4.56321e-02 | 42  0.00104  1.79307e-01
 43  0.00424 -4.01918e-01 | 44  0.02329 -2.08829e-01 | 45 -0.00887  2.44488e-01
 46  0.01589 -3.70182e-02 | 47  0.00594  5.03093e-01 | 48  0.00618 -2.27319e-01
 49  0.00078 -6.03787e-01 | 50  0.02381 -1.98035e-02 | 51  0.00020 -9.13915e-01
 52 -0.00040 -3.28573e-01 | 53  0.00863 -8.05710e-01 | 54  0.02124 -3.99307e-01
 55  0.00116 -5.98218e-02 | 56  0.00176 -5.65002e-01 | 57  0.00738 -3.94425e-01
 58  0.00907 -5.54416e-01 | 59  0.02751 -1.17743e+00 | 60  0.00661 -6.19038e-01
 61 -0.00731 -3.74662e-01 | 62 -0.00039 -5.27182e-01 | 63  0.00601 -8.56247e-01
 64 -0.00497 -3.10473e-01 | 65  0.02110 -5.28188e-01 | 66  0.00511 -8.56228e-01
 67  0.00879 -9.30477e-01 | 68 -0.00928 -2.28014e-01 | 69  0.01741 -4.34195e-01
 70  0.00379 -6.78698e-01 | 71 -0.00259 -3.90359e-02 | 72  0.03506 -3.54068e+00
 73 -0.01724 -8.70366e-01 | 74  0.00348  9.78183e-01 | 75  0.00461 -1.22879e+00
 76  0.00014 -7.67060e-01 | 77 -0.05357  4.59003e-01 | 78  0.00475 -1.15938e+00
 79 -0.00920 -4.08057e-01 | 80 -0.02581 -4.94466e-01 | 81 -0.03018 -4.13359e-01
 82 -0.04235 -4.82653e-01 | 83 -0.00765 -6.22062e-01 | 84 -0.02111  1.92208e-01
 85 -0.01100 -1.76949e-01 | 86  0.00567  4.71852e-02 | 87  0.00989 -2.62669e-01
 88 -0.02995  6.17228e-02 | 89  0.00221 -5.70160e-01 | 90 -0.02477  1.67257e-01
 91 -0.03535 -2.53176e-01 | 92 -0.01842  1.08872e+00 | 93  0.02972  5.57935e-01
 94 -0.00272  1.01156e+00 | 95  0.02787 -6.53318e-01 | 96 -0.00594  9.60094e-01
 97  0.00595  5.82785e-01 | 98 -0.05392  2.10161e+00 | 99  0.01958  6.44796e-01
100  0.05334  1.52975e+00 |101 -0.01640  5.42409e-01 |102 -0.01081  2.51663e-01
103 -0.02447 -6.38623e-01 |104  0.00920  6.61397e-01 |105  0.00013  4.52590e-01
106  0.00021  4.74219e-01 |107  0.00381 -9.31222e+00 |108 -0.05354 -8.12922e-01
109 -0.43477  8.47303e-01 |110 -0.29537 -9.10021e-02 |111 -0.24836  2.20273e-01
111 variables; iteration 100; function evaluation 150; phase 5
Function value 5.8264342e+02; maximum gradient component mag -5.7857e+00
Var    Value     Gradient |Var    Value     Gradient |Var    Value     Gradient
  1 -0.41837 -3.99377e-01 |  2 -0.40919 -5.78567e+00 |  3 -0.43405 -2.67646e+00
  4 -0.42180 -6.85217e-02 |  5 -0.48011 -8.21343e-02 |  6  0.63413 -4.78124e+00
  7  0.00022 -3.83703e-02 |  8  0.00005 -1.11118e-02 |  9  0.00006 -1.26291e-02
 10  0.00007 -1.41811e-02 | 11  0.00009 -1.58026e-02 | 12  0.00035  1.34126e-01
 13  0.00037  1.32542e-01 | 14  0.00040  1.29168e-01 | 15  0.00042  1.23631e-01
 16  0.00043  1.16357e-01 | 17  0.00041  1.08117e-01 | 18  0.00035  9.89199e-02
 19  0.00288  8.43420e-02 | 20 -0.00009  7.42018e-02 | 21 -0.00055  6.01128e-02
 22 -0.00089  5.10866e-02 | 23 -0.00184  4.95742e-02 | 24 -0.00243  4.31392e-02
 25 -0.00216  7.34975e-03 | 26  0.00007  3.39376e-02 | 27  0.00536 -5.91302e-03
 28  0.01471 -3.84811e-02 | 29 -0.00451 -1.43952e-02 | 30 -0.00491 -2.41499e-02
 31  0.00024 -2.70849e-02 | 32  0.00035 -3.58373e-02 | 33 -0.00008 -3.08541e-02
 34 -0.00027 -3.64953e-02 | 35 -0.00009 -4.19649e-02 | 36 -0.00087 -5.46274e-02
 37 -0.00140 -7.47647e-02 | 38 -0.00386 -4.64060e-02 | 39  0.01277 -8.11636e-02
 40  0.01458 -8.72810e-02 | 41  0.00260 -4.42370e-02 | 42  0.00086 -9.44837e-02
 43  0.00443 -6.76001e-02 | 44  0.02319 -1.34489e-01 | 45 -0.00902 -3.76142e-02
 46  0.01580 -8.53008e-02 | 47  0.00551 -8.26831e-02 | 48  0.00625 -5.56893e-02
 49  0.00106 -3.92965e-02 | 50  0.02354 -1.59031e-01 | 51  0.00070 -2.98874e-02
 52 -0.00032 -4.90327e-02 | 53  0.00895 -8.55295e-02 | 54  0.02114 -1.58470e-01
 55  0.00105 -6.97525e-02 | 56  0.00199 -5.46176e-02 | 57  0.00743 -1.06051e-01
 58  0.00920 -1.14246e-01 | 59  0.02776 -1.85543e-01 | 60  0.00671 -9.46704e-02
 61 -0.00724 -6.52750e-02 | 62 -0.00028 -5.15975e-02 | 63  0.00624 -1.08916e-01
 64 -0.00496 -5.10009e-02 | 65  0.02105 -1.70595e-01 | 66  0.00538 -6.58540e-02
 67  0.00904 -9.20480e-02 | 68 -0.00924 -3.86310e-02 | 69  0.01741 -1.28753e-01
 70  0.00390 -7.67693e-02 | 71 -0.00262 -5.52892e-02 | 72  0.03550 -2.33509e-01
 73 -0.01704 -1.60751e-02 | 74  0.00331 -7.40756e-02 | 75  0.00477 -8.63248e-02
 76  0.00024 -6.85918e-02 | 77 -0.05357  6.44563e-02 | 78  0.00481 -8.20581e-02
 79 -0.00914 -2.25557e-02 | 80 -0.02575  1.49525e-02 | 81 -0.03010  3.23426e-02
 82 -0.04229  5.32354e-02 | 83 -0.00758  1.23396e-03 | 84 -0.02112  4.35314e-02
 85 -0.01093  3.55921e-02 | 86  0.00569  1.00406e-02 | 87  0.00996  1.41346e-02
 88 -0.02991  8.26635e-02 | 89  0.00230  4.52020e-02 | 90 -0.02474  9.02810e-02
 91 -0.03524  1.02832e-01 | 92 -0.01846  1.08709e-01 | 93  0.02978  6.93945e-02
 94 -0.00274  1.12956e-01 | 95  0.02796  7.69090e-02 | 96 -0.00596  1.27113e-01
 97  0.00602  1.29056e-01 | 98 -0.05413  1.63198e-01 | 99  0.01962  1.43262e-01
100  0.05330  1.44477e-01 |101 -0.01634  1.52897e-01 |102 -0.01079  1.50407e-01
103 -0.02431  1.46031e-01 |104  0.00914  1.56366e-01 |105  0.00016  1.38919e-01
106  0.00023  1.41173e-01 |107  0.00387 -1.23087e+00 |108 -0.05306 -2.84285e-01
109 -0.43452  3.23274e-01 |110 -0.29431 -9.42868e-03 |111 -0.24809  9.23674e-03
111 variables; iteration 120; function evaluation 189; phase 5
Function value 5.8264342e+02; maximum gradient component mag -8.0868e-03
Var    Value     Gradient |Var    Value     Gradient |Var    Value     Gradient
  1 -0.41837 -5.93622e-04 |  2 -0.40919 -8.08681e-03 |  3 -0.43405 -3.82709e-03
  4 -0.42180 -8.72102e-05 |  5 -0.48012 -1.07404e-04 |  6  0.63413 -6.73684e-03
  7  0.00022 -2.04916e-04 |  8  0.00005  5.23276e-05 |  9  0.00006  4.41895e-05
 10  0.00007 -3.78186e-06 | 11  0.00009 -1.02422e-04 | 12  0.00035  2.60870e-04
 13  0.00037  4.26779e-05 | 14  0.00039  1.48211e-04 | 15  0.00042  3.57971e-04
 16  0.00043  1.73420e-04 | 17  0.00041 -1.01349e-05 | 18  0.00035  3.67774e-04
 19  0.00288 -5.61303e-05 | 20 -0.00009  3.97921e-04 | 21 -0.00055 -1.22572e-04
 22 -0.00089  1.21440e-04 | 23 -0.00185 -2.81566e-04 | 24 -0.00244  2.61800e-04
 25 -0.00215 -7.99912e-05 | 26  0.00004  1.02305e-04 | 27  0.00534 -1.26885e-04
 28  0.01469 -1.54029e-04 | 29 -0.00451 -1.01320e-05 | 30 -0.00490 -3.74208e-05
 31  0.00023  1.55270e-04 | 32  0.00034  2.58547e-05 | 33 -0.00009  2.86405e-04
 34 -0.00028 -4.94767e-04 | 35 -0.00009 -1.56744e-04 | 36 -0.00087 -1.75703e-04
 37 -0.00139  1.28849e-04 | 38 -0.00386 -5.82925e-05 | 39  0.01276 -1.23708e-04
 40  0.01457 -1.46176e-04 | 41  0.00259 -1.68465e-04 | 42  0.00089 -1.70881e-04
 43  0.00443 -1.49901e-04 | 44  0.02319 -2.00151e-04 | 45 -0.00902 -7.05618e-05
 46  0.01579 -1.17095e-04 | 47  0.00553 -6.62597e-05 | 48  0.00624 -1.94815e-05
 49  0.00105 -7.51960e-05 | 50  0.02355 -2.13201e-04 | 51  0.00069 -2.03608e-05
 52 -0.00032 -1.11464e-04 | 53  0.00895 -1.51330e-04 | 54  0.02115 -2.09050e-04
 55  0.00106 -1.01047e-04 | 56  0.00198 -8.06139e-05 | 57  0.00744 -1.41186e-04
 58  0.00921 -1.55285e-04 | 59  0.02776 -2.52050e-04 | 60  0.00672 -1.23113e-04
 61 -0.00723 -7.77759e-05 | 62 -0.00029 -8.13638e-05 | 63  0.00625 -1.34418e-04
 64 -0.00496 -6.61985e-05 | 65  0.02106 -2.15944e-04 | 66  0.00537 -1.31916e-04
 67  0.00904 -1.20366e-04 | 68 -0.00924 -5.06110e-05 | 69  0.01741 -1.82321e-04
 70  0.00390 -9.95145e-05 | 71 -0.00262 -7.65817e-05 | 72  0.03550 -2.76081e-04
 73 -0.01703 -3.63524e-06 | 74  0.00331 -1.18699e-04 | 75  0.00477 -1.03932e-04
 76  0.00024 -8.46714e-05 | 77 -0.05357  8.25760e-05 | 78  0.00481 -9.47777e-05
 79 -0.00914 -2.53657e-05 | 80 -0.02575  3.33130e-05 | 81 -0.03010  5.88421e-05
 82 -0.04229  8.85083e-05 | 83 -0.00758  1.52829e-05 | 84 -0.02112  5.52772e-05
 85 -0.01093  5.49736e-05 | 86  0.00569  9.20556e-06 | 87  0.00996  2.46903e-05
 88 -0.02991  1.19790e-04 | 89  0.00230  8.01911e-05 | 90 -0.02474  1.27824e-04
 91 -0.03523  1.57604e-04 | 92 -0.01846  1.31851e-04 | 93  0.02978  8.36046e-05
 94 -0.00274  1.36449e-04 | 95  0.02796  1.31012e-04 | 96 -0.00596  1.64247e-04
 97  0.00602  1.73722e-04 | 98 -0.05413  1.93049e-04 | 99  0.01962  1.89070e-04
100  0.05330  1.70495e-04 |101 -0.01634  2.12919e-04 |102 -0.01079  2.15969e-04
103 -0.02431  2.30416e-04 |104  0.00914  2.19374e-04 |105  0.00017 -2.08700e-05
106  0.00024  6.03536e-04 |107  0.00387 -1.64226e-03 |108 -0.05305 -4.04590e-04
109 -0.43452  4.61432e-04 |110 -0.29429 -1.11700e-05 |111 -0.24808  1.04480e-05
  ic > imax  in fminim is answer attained ?
Var    Value     Gradient |Var    Value     Gradient |Var    Value     Gradient
  1 -0.41837 -4.11493e-05 |  2 -0.40919 -5.63172e-04 |  3 -0.43405 -2.67143e-04
  4 -0.42180 -6.15570e-06 |  5 -0.48012 -7.39408e-06 |  6  0.63413 -4.70367e-04
  7  0.00022 -2.26102e-05 |  8  0.00005  4.68202e-06 |  9  0.00006  3.88332e-06
 10  0.00007 -5.28871e-07 | 11  0.00009 -9.78185e-06 | 12  0.00035  1.72559e-05
 13  0.00037 -3.27523e-08 | 14  0.00039  1.85254e-05 | 15  0.00042  2.28957e-05
 16  0.00043  1.26733e-05 | 17  0.00041 -1.50062e-07 | 18  0.00035  2.93083e-05
 19  0.00288 -8.63821e-06 | 20 -0.00009  3.51096e-05 | 21 -0.00055 -1.21710e-05
 22 -0.00089  1.08742e-05 | 23 -0.00185 -2.66544e-05 | 24 -0.00244  2.53708e-05
 25 -0.00215 -6.56756e-06 | 26  0.00004  1.10437e-05 | 27  0.00534 -8.15024e-06
 28  0.01469 -9.73337e-06 | 29 -0.00451  7.91165e-07 | 30 -0.00490 -1.49368e-06
 31  0.00023  1.66824e-05 | 32  0.00034  3.17293e-06 | 33 -0.00009  1.91783e-05
 34 -0.00027 -5.49634e-05 | 35 -0.00009 -1.09435e-05 | 36 -0.00087 -1.49050e-05
 37 -0.00139  1.70570e-05 | 38 -0.00386 -2.63227e-06 | 39  0.01276 -7.40200e-06
 40  0.01457 -9.76130e-06 | 41  0.00259 -1.06309e-05 | 42  0.00089 -1.40998e-05
 43  0.00443 -1.09795e-05 | 44  0.02319 -1.39170e-05 | 45 -0.00902 -5.57449e-06
 46  0.01579 -7.74903e-06 | 47  0.00553 -4.98765e-06 | 48  0.00624 -7.38108e-08
 49  0.00105 -5.11629e-06 | 50  0.02355 -1.59123e-05 | 51  0.00069 -6.59972e-07
 52 -0.00032 -7.78809e-06 | 53  0.00895 -1.03388e-05 | 54  0.02115 -1.55398e-05
 55  0.00106 -7.56843e-06 | 56  0.00198 -5.17903e-06 | 57  0.00744 -1.05897e-05
 58  0.00921 -1.15610e-05 | 59  0.02776 -1.78782e-05 | 60  0.00672 -8.71438e-06
 61 -0.00723 -5.93619e-06 | 62 -0.00029 -6.13719e-06 | 63  0.00625 -1.03190e-05
 64 -0.00496 -4.95019e-06 | 65  0.02106 -1.63158e-05 | 66  0.00537 -9.08177e-06
 67  0.00904 -8.56462e-06 | 68 -0.00924 -4.06966e-06 | 69  0.01741 -1.33713e-05
 70  0.00390 -7.29326e-06 | 71 -0.00262 -6.07775e-06 | 72  0.03550 -1.86616e-05
 73 -0.01703 -2.96304e-07 | 74  0.00331 -9.62465e-06 | 75  0.00477 -7.30794e-06
 76  0.00024 -6.15499e-06 | 77 -0.05357  5.42750e-06 | 78  0.00481 -6.62113e-06
 79 -0.00914 -1.79234e-06 | 80 -0.02575  2.25599e-06 | 81 -0.03010  4.22178e-06
 82 -0.04229  6.30867e-06 | 83 -0.00758  1.22344e-06 | 84 -0.02112  3.59423e-06
 85 -0.01093  4.00207e-06 | 86  0.00569  2.21544e-07 | 87  0.00996  1.73066e-06
 88 -0.02991  8.37096e-06 | 89  0.00230  5.82698e-06 | 90 -0.02474  8.80389e-06
 91 -0.03523  1.12153e-05 | 92 -0.01846  8.74484e-06 | 93  0.02978  5.85660e-06
 94 -0.00274  9.14654e-06 | 95  0.02796  9.46355e-06 | 96 -0.00596  1.12139e-05
 97  0.00602  1.21963e-05 | 98 -0.05413  1.27617e-05 | 99  0.01962  1.31883e-05
100  0.05330  1.14030e-05 |101 -0.01634  1.47882e-05 |102 -0.01079  1.51111e-05
103 -0.02431  1.64593e-05 |104  0.00914  1.52178e-05 |105  0.00017 -1.28778e-05
106  0.00024  5.60007e-05 |107  0.00387 -1.14358e-04 |108 -0.05305 -2.82765e-05
109 -0.43452  3.21792e-05 |110 -0.29429 -7.79836e-07 |111 -0.24808  5.06634e-07
Function minimizer not making progress ... is minimum attained?
Minimprove criterion = 0.0000e+00

 - final statistics:
111 variables; iteration 129; function evaluation 235
Function value 5.8264e+02; maximum gradient component mag -5.6317e-04
Exit code = 1;  converg criter 1.0000e-04
Var    Value     Gradient |Var    Value     Gradient |Var    Value     Gradient
  1 -0.41837 -4.11493e-05 |  2 -0.40919 -5.63172e-04 |  3 -0.43405 -2.67143e-04
  4 -0.42180 -6.15570e-06 |  5 -0.48012 -7.39408e-06 |  6  0.63413 -4.70367e-04
  7  0.00022 -2.26102e-05 |  8  0.00005  4.68202e-06 |  9  0.00006  3.88332e-06
 10  0.00007 -5.28871e-07 | 11  0.00009 -9.78185e-06 | 12  0.00035  1.72559e-05
 13  0.00037 -3.27523e-08 | 14  0.00039  1.85254e-05 | 15  0.00042  2.28957e-05
 16  0.00043  1.26733e-05 | 17  0.00041 -1.50062e-07 | 18  0.00035  2.93083e-05
 19  0.00288 -8.63821e-06 | 20 -0.00009  3.51096e-05 | 21 -0.00055 -1.21710e-05
 22 -0.00089  1.08742e-05 | 23 -0.00185 -2.66544e-05 | 24 -0.00244  2.53708e-05
 25 -0.00215 -6.56756e-06 | 26  0.00004  1.10437e-05 | 27  0.00534 -8.15024e-06
 28  0.01469 -9.73337e-06 | 29 -0.00451  7.91165e-07 | 30 -0.00490 -1.49368e-06
 31  0.00023  1.66824e-05 | 32  0.00034  3.17293e-06 | 33 -0.00009  1.91783e-05
 34 -0.00027 -5.49634e-05 | 35 -0.00009 -1.09435e-05 | 36 -0.00087 -1.49050e-05
 37 -0.00139  1.70570e-05 | 38 -0.00386 -2.63227e-06 | 39  0.01276 -7.40200e-06
 40  0.01457 -9.76130e-06 | 41  0.00259 -1.06309e-05 | 42  0.00089 -1.40998e-05
 43  0.00443 -1.09795e-05 | 44  0.02319 -1.39170e-05 | 45 -0.00902 -5.57449e-06
 46  0.01579 -7.74903e-06 | 47  0.00553 -4.98765e-06 | 48  0.00624 -7.38108e-08
 49  0.00105 -5.11629e-06 | 50  0.02355 -1.59123e-05 | 51  0.00069 -6.59972e-07
 52 -0.00032 -7.78809e-06 | 53  0.00895 -1.03388e-05 | 54  0.02115 -1.55398e-05
 55  0.00106 -7.56843e-06 | 56  0.00198 -5.17903e-06 | 57  0.00744 -1.05897e-05
 58  0.00921 -1.15610e-05 | 59  0.02776 -1.78782e-05 | 60  0.00672 -8.71438e-06
 61 -0.00723 -5.93619e-06 | 62 -0.00029 -6.13719e-06 | 63  0.00625 -1.03190e-05
 64 -0.00496 -4.95019e-06 | 65  0.02106 -1.63158e-05 | 66  0.00537 -9.08177e-06
 67  0.00904 -8.56462e-06 | 68 -0.00924 -4.06966e-06 | 69  0.01741 -1.33713e-05
 70  0.00390 -7.29326e-06 | 71 -0.00262 -6.07775e-06 | 72  0.03550 -1.86616e-05
 73 -0.01703 -2.96304e-07 | 74  0.00331 -9.62465e-06 | 75  0.00477 -7.30794e-06
 76  0.00024 -6.15499e-06 | 77 -0.05357  5.42750e-06 | 78  0.00481 -6.62113e-06
 79 -0.00914 -1.79234e-06 | 80 -0.02575  2.25599e-06 | 81 -0.03010  4.22178e-06
 82 -0.04229  6.30867e-06 | 83 -0.00758  1.22344e-06 | 84 -0.02112  3.59423e-06
 85 -0.01093  4.00207e-06 | 86  0.00569  2.21544e-07 | 87  0.00996  1.73066e-06
 88 -0.02991  8.37096e-06 | 89  0.00230  5.82698e-06 | 90 -0.02474  8.80389e-06
 91 -0.03523  1.12153e-05 | 92 -0.01846  8.74484e-06 | 93  0.02978  5.85660e-06
 94 -0.00274  9.14654e-06 | 95  0.02796  9.46355e-06 | 96 -0.00596  1.12139e-05
 97  0.00602  1.21963e-05 | 98 -0.05413  1.27617e-05 | 99  0.01962  1.31883e-05
100  0.05330  1.14030e-05 |101 -0.01634  1.47882e-05 |102 -0.01079  1.51111e-05
103 -0.02431  1.64593e-05 |104  0.00914  1.52178e-05 |105  0.00017 -1.28778e-05
106  0.00024  5.60007e-05 |107  0.00387 -1.14358e-04 |108 -0.05305 -2.82765e-05
109 -0.43452  3.21792e-05 |110 -0.29429 -7.79836e-07 |111 -0.24808  5.06634e-07

Initial statistics: 112 variables; iteration 0; function evaluation 0; phase 6
Function value 5.8264342e+02; maximum gradient component mag -5.6317e-04
Var    Value     Gradient |Var    Value     Gradient |Var    Value     Gradient
  1 -0.41837 -4.11493e-05 |  2 -0.40919 -5.63171e-04 |  3 -0.43405 -2.67143e-04
  4 -0.42180 -6.15570e-06 |  5 -0.48012 -7.39407e-06 |  6  0.63413 -4.70367e-04
  7  0.00022 -2.26103e-05 |  8  0.00005  4.68229e-06 |  9  0.00006  3.88362e-06
 10  0.00007 -5.28721e-07 | 11  0.00009 -9.78191e-06 | 12  0.00035  1.72527e-05
 13  0.00037 -3.56438e-08 | 14  0.00039  1.85221e-05 | 15  0.00042  2.28929e-05
 16  0.00043  1.26704e-05 | 17  0.00041 -1.52964e-07 | 18  0.00035  2.93051e-05
 19  0.00288 -8.64149e-06 | 20 -0.00009  3.51067e-05 | 21 -0.00055 -1.21739e-05
 22 -0.00089  1.08712e-05 | 23 -0.00185 -2.66574e-05 | 24 -0.00244  2.53678e-05
 25 -0.00215 -6.57054e-06 | 26  0.00004  1.10407e-05 | 27  0.00534 -8.15320e-06
 28  0.01469 -9.73634e-06 | 29 -0.00451  7.88180e-07 | 30 -0.00490 -1.49665e-06
 31  0.00023  1.66795e-05 | 32  0.00034  3.16908e-06 | 33 -0.00009  1.91755e-05
 34 -0.00027 -5.49662e-05 | 35 -0.00009 -1.09464e-05 | 36 -0.00087 -1.49080e-05
 37 -0.00139  1.70540e-05 | 38 -0.00386 -2.63527e-06 | 39  0.01276 -7.40499e-06
 40  0.01457 -9.76430e-06 | 41  0.00259 -1.06339e-05 | 42  0.00089 -1.41028e-05
 43  0.00443 -1.09825e-05 | 44  0.02319 -1.39200e-05 | 45 -0.00902 -5.57752e-06
 46  0.01579 -7.75191e-06 | 47  0.00553 -4.99063e-06 | 48  0.00624 -7.69028e-08
 49  0.00105 -5.11928e-06 | 50  0.02355 -1.59153e-05 | 51  0.00069 -6.62955e-07
 52 -0.00032 -7.79116e-06 | 53  0.00895 -1.03418e-05 | 54  0.02115 -1.55429e-05
 55  0.00106 -7.57143e-06 | 56  0.00198 -5.18202e-06 | 57  0.00744 -1.05927e-05
 58  0.00921 -1.15640e-05 | 59  0.02776 -1.78811e-05 | 60  0.00672 -8.71738e-06
 61 -0.00723 -5.93918e-06 | 62 -0.00029 -6.14020e-06 | 63  0.00625 -1.03220e-05
 64 -0.00496 -4.95320e-06 | 65  0.02106 -1.63188e-05 | 66  0.00537 -9.08476e-06
 67  0.00904 -8.56762e-06 | 68 -0.00924 -4.07266e-06 | 69  0.01741 -1.33743e-05
 70  0.00390 -7.29626e-06 | 71 -0.00262 -6.08076e-06 | 72  0.03550 -1.86646e-05
 73 -0.01703 -2.99312e-07 | 74  0.00331 -9.62765e-06 | 75  0.00477 -7.31094e-06
 76  0.00024 -6.15800e-06 | 77 -0.05357  5.42449e-06 | 78  0.00481 -6.62413e-06
 79 -0.00914 -1.79536e-06 | 80 -0.02575  2.25298e-06 | 81 -0.03010  4.21877e-06
 82 -0.04229  6.30566e-06 | 83 -0.00758  1.22043e-06 | 84 -0.02112  3.59122e-06
 85 -0.01093  3.99905e-06 | 86  0.00569  2.18529e-07 | 87  0.00996  1.72764e-06
 88 -0.02991  8.36794e-06 | 89  0.00230  5.82396e-06 | 90 -0.02474  8.80087e-06
 91 -0.03523  1.12123e-05 | 92 -0.01846  8.74182e-06 | 93  0.02978  5.85359e-06
 94 -0.00274  9.14352e-06 | 95  0.02796  9.46054e-06 | 96 -0.00596  1.12109e-05
 97  0.00602  1.21932e-05 | 98 -0.05413  1.27587e-05 | 99  0.01962  1.31853e-05
100  0.05330  1.14000e-05 |101 -0.01634  1.47852e-05 |102 -0.01079  1.51081e-05
103 -0.02431  1.64562e-05 |104  0.00914  1.52147e-05 |105  0.00017 -1.28808e-05
106  0.00024  5.59974e-05 |107  0.00000  0.00000e+00 |108  0.00387 -1.14358e-04
109 -0.05305 -2.82765e-05 |110 -0.43452  3.21792e-05 |111 -0.29429 -7.79836e-07
112 -0.24808  5.06637e-07 |
  ic > imax  in fminim is answer attained ?
Var    Value     Gradient |Var    Value     Gradient |Var    Value     Gradient
  1 -0.41837 -4.11493e-05 |  2 -0.40919 -5.63171e-04 |  3 -0.43405 -2.67143e-04
  4 -0.42180 -6.15570e-06 |  5 -0.48012 -7.39407e-06 |  6  0.63413 -4.70367e-04
  7  0.00022 -2.26103e-05 |  8  0.00005  4.68229e-06 |  9  0.00006  3.88362e-06
 10  0.00007 -5.28721e-07 | 11  0.00009 -9.78191e-06 | 12  0.00035  1.72527e-05
 13  0.00037 -3.56438e-08 | 14  0.00039  1.85221e-05 | 15  0.00042  2.28929e-05
 16  0.00043  1.26704e-05 | 17  0.00041 -1.52964e-07 | 18  0.00035  2.93051e-05
 19  0.00288 -8.64149e-06 | 20 -0.00009  3.51067e-05 | 21 -0.00055 -1.21739e-05
 22 -0.00089  1.08712e-05 | 23 -0.00185 -2.66574e-05 | 24 -0.00244  2.53678e-05
 25 -0.00215 -6.57054e-06 | 26  0.00004  1.10407e-05 | 27  0.00534 -8.15320e-06
 28  0.01469 -9.73634e-06 | 29 -0.00451  7.88180e-07 | 30 -0.00490 -1.49665e-06
 31  0.00023  1.66795e-05 | 32  0.00034  3.16908e-06 | 33 -0.00009  1.91755e-05
 34 -0.00027 -5.49662e-05 | 35 -0.00009 -1.09464e-05 | 36 -0.00087 -1.49080e-05
 37 -0.00139  1.70540e-05 | 38 -0.00386 -2.63527e-06 | 39  0.01276 -7.40499e-06
 40  0.01457 -9.76430e-06 | 41  0.00259 -1.06339e-05 | 42  0.00089 -1.41028e-05
 43  0.00443 -1.09825e-05 | 44  0.02319 -1.39200e-05 | 45 -0.00902 -5.57752e-06
 46  0.01579 -7.75191e-06 | 47  0.00553 -4.99063e-06 | 48  0.00624 -7.69028e-08
 49  0.00105 -5.11928e-06 | 50  0.02355 -1.59153e-05 | 51  0.00069 -6.62955e-07
 52 -0.00032 -7.79116e-06 | 53  0.00895 -1.03418e-05 | 54  0.02115 -1.55429e-05
 55  0.00106 -7.57143e-06 | 56  0.00198 -5.18202e-06 | 57  0.00744 -1.05927e-05
 58  0.00921 -1.15640e-05 | 59  0.02776 -1.78811e-05 | 60  0.00672 -8.71738e-06
 61 -0.00723 -5.93918e-06 | 62 -0.00029 -6.14020e-06 | 63  0.00625 -1.03220e-05
 64 -0.00496 -4.95320e-06 | 65  0.02106 -1.63188e-05 | 66  0.00537 -9.08476e-06
 67  0.00904 -8.56762e-06 | 68 -0.00924 -4.07266e-06 | 69  0.01741 -1.33743e-05
 70  0.00390 -7.29626e-06 | 71 -0.00262 -6.08076e-06 | 72  0.03550 -1.86646e-05
 73 -0.01703 -2.99312e-07 | 74  0.00331 -9.62765e-06 | 75  0.00477 -7.31094e-06
 76  0.00024 -6.15800e-06 | 77 -0.05357  5.42449e-06 | 78  0.00481 -6.62413e-06
 79 -0.00914 -1.79536e-06 | 80 -0.02575  2.25298e-06 | 81 -0.03010  4.21877e-06
 82 -0.04229  6.30566e-06 | 83 -0.00758  1.22043e-06 | 84 -0.02112  3.59122e-06
 85 -0.01093  3.99905e-06 | 86  0.00569  2.18529e-07 | 87  0.00996  1.72764e-06
 88 -0.02991  8.36794e-06 | 89  0.00230  5.82396e-06 | 90 -0.02474  8.80087e-06
 91 -0.03523  1.12123e-05 | 92 -0.01846  8.74182e-06 | 93  0.02978  5.85359e-06
 94 -0.00274  9.14352e-06 | 95  0.02796  9.46054e-06 | 96 -0.00596  1.12109e-05
 97  0.00602  1.21932e-05 | 98 -0.05413  1.27587e-05 | 99  0.01962  1.31853e-05
100  0.05330  1.14000e-05 |101 -0.01634  1.47852e-05 |102 -0.01079  1.51081e-05
103 -0.02431  1.64562e-05 |104  0.00914  1.52147e-05 |105  0.00017 -1.28808e-05
106  0.00024  5.59974e-05 |107  0.00000  0.00000e+00 |108  0.00387 -1.14358e-04
109 -0.05305 -2.82765e-05 |110 -0.43452  3.21792e-05 |111 -0.29429 -7.79836e-07
112 -0.24808  5.06637e-07 |
Function minimizer not making progress ... is minimum attained?
Minimprove criterion = 0.0000e+00

 - final statistics:
112 variables; iteration 1; function evaluation 30
Function value 5.8264e+02; maximum gradient component mag -5.6317e-04
Exit code = 1;  converg criter 1.0000e-04
Var    Value     Gradient |Var    Value     Gradient |Var    Value     Gradient
  1 -0.41837 -4.11493e-05 |  2 -0.40919 -5.63171e-04 |  3 -0.43405 -2.67143e-04
  4 -0.42180 -6.15570e-06 |  5 -0.48012 -7.39407e-06 |  6  0.63413 -4.70367e-04
  7  0.00022 -2.26103e-05 |  8  0.00005  4.68229e-06 |  9  0.00006  3.88362e-06
 10  0.00007 -5.28721e-07 | 11  0.00009 -9.78191e-06 | 12  0.00035  1.72527e-05
 13  0.00037 -3.56438e-08 | 14  0.00039  1.85221e-05 | 15  0.00042  2.28929e-05
 16  0.00043  1.26704e-05 | 17  0.00041 -1.52964e-07 | 18  0.00035  2.93051e-05
 19  0.00288 -8.64149e-06 | 20 -0.00009  3.51067e-05 | 21 -0.00055 -1.21739e-05
 22 -0.00089  1.08712e-05 | 23 -0.00185 -2.66574e-05 | 24 -0.00244  2.53678e-05
 25 -0.00215 -6.57054e-06 | 26  0.00004  1.10407e-05 | 27  0.00534 -8.15320e-06
 28  0.01469 -9.73634e-06 | 29 -0.00451  7.88180e-07 | 30 -0.00490 -1.49665e-06
 31  0.00023  1.66795e-05 | 32  0.00034  3.16908e-06 | 33 -0.00009  1.91755e-05
 34 -0.00027 -5.49662e-05 | 35 -0.00009 -1.09464e-05 | 36 -0.00087 -1.49080e-05
 37 -0.00139  1.70540e-05 | 38 -0.00386 -2.63527e-06 | 39  0.01276 -7.40499e-06
 40  0.01457 -9.76430e-06 | 41  0.00259 -1.06339e-05 | 42  0.00089 -1.41028e-05
 43  0.00443 -1.09825e-05 | 44  0.02319 -1.39200e-05 | 45 -0.00902 -5.57752e-06
 46  0.01579 -7.75191e-06 | 47  0.00553 -4.99063e-06 | 48  0.00624 -7.69028e-08
 49  0.00105 -5.11928e-06 | 50  0.02355 -1.59153e-05 | 51  0.00069 -6.62955e-07
 52 -0.00032 -7.79116e-06 | 53  0.00895 -1.03418e-05 | 54  0.02115 -1.55429e-05
 55  0.00106 -7.57143e-06 | 56  0.00198 -5.18202e-06 | 57  0.00744 -1.05927e-05
 58  0.00921 -1.15640e-05 | 59  0.02776 -1.78811e-05 | 60  0.00672 -8.71738e-06
 61 -0.00723 -5.93918e-06 | 62 -0.00029 -6.14020e-06 | 63  0.00625 -1.03220e-05
 64 -0.00496 -4.95320e-06 | 65  0.02106 -1.63188e-05 | 66  0.00537 -9.08476e-06
 67  0.00904 -8.56762e-06 | 68 -0.00924 -4.07266e-06 | 69  0.01741 -1.33743e-05
 70  0.00390 -7.29626e-06 | 71 -0.00262 -6.08076e-06 | 72  0.03550 -1.86646e-05
 73 -0.01703 -2.99312e-07 | 74  0.00331 -9.62765e-06 | 75  0.00477 -7.31094e-06
 76  0.00024 -6.15800e-06 | 77 -0.05357  5.42449e-06 | 78  0.00481 -6.62413e-06
 79 -0.00914 -1.79536e-06 | 80 -0.02575  2.25298e-06 | 81 -0.03010  4.21877e-06
 82 -0.04229  6.30566e-06 | 83 -0.00758  1.22043e-06 | 84 -0.02112  3.59122e-06
 85 -0.01093  3.99905e-06 | 86  0.00569  2.18529e-07 | 87  0.00996  1.72764e-06
 88 -0.02991  8.36794e-06 | 89  0.00230  5.82396e-06 | 90 -0.02474  8.80087e-06
 91 -0.03523  1.12123e-05 | 92 -0.01846  8.74182e-06 | 93  0.02978  5.85359e-06
 94 -0.00274  9.14352e-06 | 95  0.02796  9.46054e-06 | 96 -0.00596  1.12109e-05
 97  0.00602  1.21932e-05 | 98 -0.05413  1.27587e-05 | 99  0.01962  1.31853e-05
100  0.05330  1.14000e-05 |101 -0.01634  1.47852e-05 |102 -0.01079  1.51081e-05
103 -0.02431  1.64562e-05 |104  0.00914  1.52147e-05 |105  0.00017 -1.28808e-05
106  0.00024  5.59974e-05 |107  0.00000  0.00000e+00 |108  0.00387 -1.14358e-04
109 -0.05305 -2.82765e-05 |110 -0.43452  3.21792e-05 |111 -0.29429 -7.79836e-07
112 -0.24808  5.06637e-07 |
size of file gradfil1.tmp = 0
size of file gradfil2.tmp = 0
size of file varssave.tmp = 0
size of file cmpdiff.tmp = 0
