
Initial statistics: 1 variables; iteration 0; function evaluation 0; phase 1
Function value 7.0582987e+02; maximum gradient component mag -7.9886e+03
Var    Value     Gradient |Var    Value     Gradient |Var    Value     Gradient
  1  0.63197 -7.98859e+03 |

 - final statistics:
1 variables; iteration 4; function evaluation 6
Function value 7.0259e+02; maximum gradient component mag -3.4163e+00
Exit code = 1;  converg criter 1.0000e+01
Var    Value     Gradient |Var    Value     Gradient |Var    Value     Gradient
  1  0.63284 -3.41626e+00 |

Initial statistics: 98 variables; iteration 0; function evaluation 0; phase 2
Function value 7.0258727e+02; maximum gradient component mag -1.1782e+03
Var    Value     Gradient |Var    Value     Gradient |Var    Value     Gradient
  1  0.63284 -3.41626e+00 |  2  0.00000  8.12678e-01 |  3  0.00000  8.09614e-01
  4  0.00000  8.05954e-01 |  5  0.00000  8.01555e-01 |  6  0.00000  7.96356e-01
  7  0.00000  7.90308e-01 |  8  0.00000  7.98402e-01 |  9  0.00000  7.92609e-01
 10  0.00000  7.86129e-01 | 11  0.00000 -1.35058e-01 | 12  0.00000  7.65739e-01
 13  0.00000  7.61410e-01 | 14  0.00000  7.51409e-01 | 15  0.00000  7.40341e-01
 16  0.00000  7.27655e-01 | 17  0.00000  7.11594e-01 | 18  0.00000  7.38592e-01
 19  0.00000  1.16053e-01 | 20  0.00000 -5.33944e+00 | 21  0.00000  5.95080e-01
 22  0.00000  2.01513e-01 | 23  0.00000 -6.79083e+00 | 24  0.00000 -1.63160e+00
 25  0.00000  2.05943e+00 | 26  0.00000  1.33789e+00 | 27  0.00000 -5.51396e+00
 28  0.00000  3.66914e+00 | 29  0.00000  1.58833e+01 | 30  0.00000  1.52435e+01
 31  0.00000  7.11101e+00 | 32  0.00000  5.16801e+00 | 33  0.00000  3.34060e+00
 34  0.00000 -3.21282e+01 | 35  0.00000 -1.67682e+01 | 36  0.00000  4.17933e+00
 37  0.00000  7.97849e-01 | 38  0.00000  5.02820e+00 | 39  0.00000  9.66975e+00
 40  0.00000 -6.86652e-01 | 41  0.00000  1.07068e+01 | 42  0.00000 -1.33846e+00
 43  0.00000 -4.86468e+00 | 44  0.00000  3.92185e+01 | 45  0.00000  4.00754e+01
 46  0.00000  1.47351e+01 | 47  0.00000  3.86023e+00 | 48  0.00000 -3.54688e+00
 49  0.00000 -5.65650e+00 | 50  0.00000  2.84472e+01 | 51  0.00000  1.66893e+01
 52  0.00000  2.92092e+01 | 53  0.00000  3.93295e+01 | 54  0.00000  3.19413e+01
 55  0.00000  9.97801e+00 | 56  0.00000  2.33113e+01 | 57  0.00000 -5.69639e+01
 58  0.00000  4.20386e+01 | 59  0.00000 -4.03406e+01 | 60  0.00000  3.97858e+01
 61  0.00000 -4.36195e+01 | 62  0.00000 -9.02468e+01 | 63  0.00000  5.45119e+01
 64  0.00000  4.07930e+01 | 65  0.00000  6.40472e+01 | 66  0.00000  2.92961e+02
 67  0.00000  1.53690e+02 | 68  0.00000  3.15617e+02 | 69  0.00000 -5.80624e+02
 70  0.00000 -3.06794e+02 | 71  0.00000 -4.16562e+01 | 72  0.00000  2.52482e+02
 73  0.00000 -1.58465e+02 | 74  0.00000 -7.61259e+02 | 75  0.00000  4.75215e+02
 76  0.00000  8.98409e+00 | 77  0.00000  2.26227e+02 | 78  0.00000  3.78237e+02
 79  0.00000 -3.96544e+02 | 80  0.00000 -9.52377e+00 | 81  0.00000  1.10440e+02
 82  0.00000 -1.65969e+02 | 83  0.00000 -2.13865e+02 | 84  0.00000 -1.17817e+03
 85  0.00000  1.03546e+03 | 86  0.00000  5.26864e+02 | 87  0.00000 -5.05032e+01
 88  0.00000  1.10241e+02 | 89  0.00000 -5.94941e+02 | 90  0.00000  3.51121e+02
 91  0.00000 -2.72905e+02 | 92  0.00000 -3.23552e+01 | 93  0.00000  2.62913e+02
 94  0.00000 -3.87631e+01 | 95  0.00000  1.15592e+00 | 96  0.00000  8.27769e-01
 97 -0.03546  7.99043e+01 | 98 -0.31026 -9.94098e+01 |

Intermediate statistics: 98 variables; iteration 20; function evaluation 34; phase 2
Function value 5.6922701e+02; maximum gradient component mag 3.4336e+03
Var    Value     Gradient |Var    Value     Gradient |Var    Value     Gradient
  1  0.63176  3.43362e+03 |  2 -0.00571 -1.23157e+02 |  3 -0.00565 -1.22893e+02
  4 -0.00558 -1.22573e+02 |  5 -0.00549 -1.22186e+02 |  6 -0.00538 -1.21718e+02
  7 -0.00525 -1.21154e+02 |  8 -0.00512 -1.20494e+02 |  9 -0.00495 -1.19686e+02
 10 -0.00474 -1.18722e+02 | 11 -0.00327 -1.16511e+02 | 12 -0.00421 -1.16226e+02
 13 -0.00389 -1.14656e+02 | 14 -0.00352 -1.12830e+02 | 15 -0.00311 -1.10739e+02
 16 -0.00265 -1.08372e+02 | 17 -0.00216 -1.05732e+02 | 18 -0.00168 -1.02885e+02
 19 -0.00047 -9.91888e+01 | 20  0.00562 -9.09764e+01 | 21  0.00010 -9.29270e+01
 22  0.00103 -8.88913e+01 | 23  0.00765 -8.20418e+01 | 24  0.00339 -8.22118e+01
 25  0.00078 -8.05464e+01 | 26  0.00190 -7.53504e+01 | 27  0.00730 -6.64348e+01
 28  0.00163 -6.59015e+01 | 29 -0.00411 -6.42756e+01 | 30 -0.00257 -5.69620e+01
 31  0.00244 -4.74493e+01 | 32  0.00465 -3.90051e+01 | 33  0.00568 -3.15153e+01
 34  0.01888 -2.13053e+01 | 35  0.01277 -1.60680e+01 | 36  0.00696 -8.85626e+00
 37  0.00871 -9.11063e-01 | 38  0.00776  6.86844e+00 | 39  0.00680  1.51338e+01
 40  0.00894  2.11000e+01 | 41  0.00624  3.03855e+01 | 42  0.00914  3.69022e+01
 43  0.00977  4.48055e+01 | 44  0.00234  6.46368e+01 | 45  0.00257  7.44740e+01
 46  0.00605  7.73717e+01 | 47  0.00810  8.45694e+01 | 48  0.00873  9.04615e+01
 49  0.00853  9.82959e+01 | 50  0.00401  1.19013e+02 | 51  0.00421  1.23657e+02
 52  0.00256  1.37908e+02 | 53  0.00113  1.49478e+02 | 54  0.00129  1.52732e+02
 55  0.00205  1.45776e+02 | 56 -0.00072  1.55874e+02 | 57  0.00402  1.13694e+02
 58 -0.00479  1.64210e+02 | 59 -0.00021  1.15246e+02 | 60 -0.00669  1.52719e+02
 61 -0.00415  9.95036e+01 | 62 -0.00376  6.47211e+01 | 63 -0.01284  1.33865e+02
 64 -0.01278  1.15627e+02 | 65 -0.01290  1.09160e+02 | 66 -0.02475  1.84091e+02
 67 -0.01373  1.00654e+02 | 68 -0.02208  1.28498e+02 | 69  0.01811  1.12814e+02
 70  0.00704  2.91660e+01 | 71  0.00117  3.58678e+01 | 72 -0.01581  8.07397e+01
 73  0.00662  1.16935e+02 | 74  0.02640  1.54511e+01 | 75 -0.01954  5.21592e+01
 76 -0.00293  2.02236e+01 | 77 -0.00700  3.67824e+01 | 78 -0.02086  7.68380e+01
 79  0.01734  1.08007e+02 | 80 -0.00178  6.14050e+00 | 81 -0.00279 -2.44922e+01
 82  0.00668 -5.37220e+01 | 83  0.00926  6.19330e+00 | 84  0.04724 -1.30997e+01
 85 -0.04348  1.31411e+02 | 86 -0.02640  2.73904e+01 | 87  0.00488 -9.13317e+01
 88 -0.00981 -8.38521e+01 | 89  0.02457 -1.97458e+02 | 90 -0.02928 -3.51507e+01
 91  0.01381 -1.71402e+02 | 92 -0.00850 -1.86621e+02 | 93 -0.01693 -1.01512e+02
 94  0.03172 -9.36353e+01 | 95 -0.00669 -1.25029e+02 | 96 -0.00600 -1.24366e+02
 97 -0.04589  2.34421e+02 | 98 -0.25689  9.60296e+01 |
98 variables; iteration 40; function evaluation 56; phase 2
Function value 5.5936182e+02; maximum gradient component mag 3.9113e+03
Var    Value     Gradient |Var    Value     Gradient |Var    Value     Gradient
  1  0.63322  3.91134e+03 |  2  0.00235 -1.10095e+02 |  3  0.00230 -1.09914e+02
  4  0.00225 -1.09692e+02 |  5  0.00219 -1.09418e+02 |  6  0.00211 -1.09081e+02
  7  0.00203 -1.08666e+02 |  8  0.00195 -1.08131e+02 |  9  0.00186 -1.07497e+02
 10  0.00177 -1.06718e+02 | 11  0.00151 -1.06952e+02 | 12  0.00159 -1.04603e+02
 13  0.00153 -1.03184e+02 | 14  0.00149 -1.01482e+02 | 15  0.00149 -9.94578e+01
 16  0.00153 -9.70811e+01 | 17  0.00163 -9.43358e+01 | 18  0.00178 -9.11929e+01
 19  0.00223 -8.78873e+01 | 20  0.00505 -8.44573e+01 | 21  0.00266 -7.97896e+01
 22  0.00327 -7.51276e+01 | 23  0.00727 -7.20025e+01 | 24  0.00499 -6.73126e+01
 25  0.00345 -6.22929e+01 | 26  0.00434 -5.57566e+01 | 27  0.00851 -4.66161e+01
 28  0.00412 -4.24871e+01 | 29 -0.00031 -3.68606e+01 | 30  0.00062 -2.83032e+01
 31  0.00403 -1.89120e+01 | 32  0.00476 -1.16370e+01 | 33  0.00472 -4.61661e+00
 34  0.01677  1.10079e+01 | 35  0.01067  1.61067e+01 | 36  0.00320  1.82081e+01
 37  0.00424  2.69053e+01 | 38  0.00260  3.38664e+01 | 39  0.00085  4.05467e+01
 40  0.00389  5.39601e+01 | 41 -0.00052  5.74276e+01 | 42  0.00326  7.17035e+01
 43  0.00391  8.20634e+01 | 44 -0.00956  6.87621e+01 | 45 -0.00974  7.60196e+01
 46 -0.00340  9.72887e+01 | 47  0.00000  1.11653e+02 | 48  0.00194  1.24317e+02
 49  0.00230  1.33210e+02 | 50 -0.00727  1.19270e+02 | 51 -0.00495  1.32594e+02
 52 -0.00815  1.31355e+02 | 53 -0.01027  1.31467e+02 | 54 -0.00734  1.42715e+02
 55 -0.00124  1.63418e+02 | 56 -0.00492  1.53855e+02 | 57  0.01547  2.08760e+02
 58 -0.00816  1.47572e+02 | 59  0.01198  2.02711e+02 | 60 -0.00413  1.64517e+02
 61  0.00887  1.94780e+02 | 62  0.01538  2.06003e+02 | 63 -0.00746  1.52451e+02
 64 -0.00261  1.71631e+02 | 65 -0.00731  1.23285e+02 | 66 -0.03050  9.54996e+01
 67 -0.00585  1.44029e+02 | 68 -0.02380  5.37482e+01 | 69  0.02429  3.08657e+02
 70  0.01730  2.18503e+02 | 71  0.01033  2.74678e+02 | 72 -0.01744  3.91316e+01
 73  0.00464  7.75362e+01 | 74  0.03175  1.62588e+02 | 75 -0.02371 -9.70920e-01
 76 -0.00006  6.89194e+01 | 77 -0.00769  5.18017e+01 | 78 -0.02440  2.36280e+01
 79  0.01420  5.95665e+01 | 80 -0.00268 -1.58790e+01 | 81 -0.00846 -1.07696e+02
 82  0.00868 -2.45375e+01 | 83  0.00876  4.67056e+01 | 84  0.04782 -5.87783e+00
 85 -0.06467 -7.51566e+01 | 86 -0.03280 -7.22690e+01 | 87  0.00569 -3.55284e+01
 88 -0.00991 -1.04524e+02 | 89  0.02998 -1.52016e+01 | 90 -0.03646 -1.02278e+02
 91  0.01286 -1.52819e+02 | 92 -0.00021 -1.07170e+02 | 93 -0.02221 -1.23968e+02
 94  0.01590 -1.19547e+02 | 95  0.00276 -1.10080e+02 | 96  0.00259 -1.10892e+02
 97 -0.05095  2.31694e+02 | 98 -0.29088 -5.79993e+01 |
98 variables; iteration 60; function evaluation 87; phase 2
Function value 5.5635874e+02; maximum gradient component mag 1.7595e+03
Var    Value     Gradient |Var    Value     Gradient |Var    Value     Gradient
  1  0.63324  1.75953e+03 |  2  0.00088 -5.84533e+01 |  3  0.00122 -5.78359e+01
  4  0.00156 -5.71856e+01 |  5  0.00189 -5.65294e+01 |  6  0.00217 -5.59057e+01
  7  0.00238 -5.53639e+01 |  8  0.00246 -5.49620e+01 |  9  0.00240 -5.47429e+01
 10  0.00217 -5.47313e+01 | 11  0.00188 -5.56438e+01 | 12  0.00132 -5.51068e+01
 13  0.00092 -5.51298e+01 | 14  0.00078 -5.46469e+01 | 15  0.00109 -5.33297e+01
 16  0.00194 -5.10156e+01 | 17  0.00320 -4.78802e+01 | 18  0.00449 -4.44922e+01
 19  0.00572 -4.17032e+01 | 20  0.00734 -4.29153e+01 | 21  0.00505 -3.94519e+01
 22  0.00408 -3.99404e+01 | 23  0.00553 -4.36352e+01 | 24  0.00327 -4.07144e+01
 25  0.00200 -3.74251e+01 | 26  0.00397 -3.22937e+01 | 27  0.00686 -3.11619e+01
 28  0.00563 -2.17993e+01 | 29  0.00196 -1.51850e+01 | 30 -0.00215 -2.24030e+01
 31  0.00095 -2.00381e+01 | 32  0.00476 -1.09306e+01 | 33  0.00655 -4.16743e+00
 34  0.01939 -4.00267e+00 | 35  0.01342  2.87650e+00 | 36  0.00315  2.30931e-01
 37  0.00327  2.04535e-01 | 38  0.00308  7.59892e+00 | 39  0.00288  1.54698e+01
 40  0.00398  1.31937e+01 | 41  0.00137  2.28137e+01 | 42  0.00453  2.37316e+01
 43  0.00401  2.34751e+01 | 44 -0.01015  2.42037e+01 | 45 -0.00936  2.97349e+01
 46 -0.00122  4.10018e+01 | 47  0.00244  4.51178e+01 | 48  0.00269  4.34720e+01
 49  0.00344  4.80220e+01 | 50 -0.00766  4.39954e+01 | 51 -0.00426  5.32473e+01
 52 -0.00594  6.13932e+01 | 53 -0.00843  6.26485e+01 | 54 -0.00741  5.96465e+01
 55 -0.00139  6.55982e+01 | 56 -0.00620  6.20681e+01 | 57  0.01661  7.70955e+01
 58 -0.00862  6.92781e+01 | 59  0.00874  6.11256e+01 | 60 -0.00615  7.13000e+01
 61  0.01088  9.74749e+01 | 62  0.01445  7.51497e+01 | 63 -0.01070  6.36531e+01
 64 -0.00737  6.29323e+01 | 65 -0.00708  6.38567e+01 | 66 -0.03569  3.69683e+01
 67 -0.00970  4.84031e+01 | 68 -0.02422  3.42739e+01 | 69  0.01983  7.21507e+01
 70  0.01383  6.59664e+01 | 71  0.00322  3.66450e+01 | 72 -0.01694  2.37668e+01
 73  0.00453  3.27989e+01 | 74  0.03270  9.28141e+01 | 75 -0.02322 -4.19627e+00
 76 -0.00154  1.22872e+01 | 77 -0.00936 -8.40585e+00 | 78 -0.02667 -2.05277e+00
 79  0.01352  6.32973e+00 | 80 -0.00216 -8.15799e+00 | 81 -0.00445 -9.78026e+00
 82  0.00825 -1.85280e+01 | 83  0.00532 -2.97147e+01 | 84  0.04849  1.22335e+01
 85 -0.06793 -5.71619e+01 | 86 -0.03498 -4.82506e+01 | 87  0.00254 -6.29669e+01
 88 -0.00857 -4.08830e+01 | 89  0.02716 -4.91200e+01 | 90 -0.03583 -4.54568e+01
 91  0.01406 -7.03286e+01 | 92 -0.00028 -4.98126e+01 | 93 -0.02085 -5.87971e+01
 94  0.01575 -6.74475e+01 | 95 -0.00122 -6.16553e+01 | 96 -0.00138 -6.23971e+01
 97 -0.04872  1.07005e+02 | 98 -0.28131 -1.56134e+01 |
Maximum number of function evaluations exceeded

 - final statistics:
98 variables; iteration 68; function evaluation 100
Function value 5.5572e+02; maximum gradient component mag 1.0042e+03
Exit code = 3;  converg criter 1.0000e+01
Var    Value     Gradient |Var    Value     Gradient |Var    Value     Gradient
  1  0.63137  1.00424e+03 |  2 -0.00097 -3.66299e+01 |  3 -0.00107 -3.67329e+01
  4 -0.00112 -3.67409e+01 |  5 -0.00108 -3.66064e+01 |  6 -0.00092 -3.62767e+01
  7 -0.00062 -3.57019e+01 |  8 -0.00017 -3.48576e+01 |  9  0.00046 -3.37330e+01
 10  0.00119 -3.23985e+01 | 11  0.00294 -3.03193e+01 | 12  0.00256 -2.97092e+01
 13  0.00291 -2.87791e+01 | 14  0.00293 -2.83353e+01 | 15  0.00264 -2.83222e+01
 16  0.00225 -2.84376e+01 | 17  0.00202 -2.82773e+01 | 18  0.00203 -2.76072e+01
 19  0.00245 -2.68324e+01 | 20  0.00514 -2.70697e+01 | 21  0.00225 -2.50739e+01
 22  0.00250 -2.41731e+01 | 23  0.00675 -2.37650e+01 | 24  0.00449 -2.13682e+01
 25  0.00380 -1.77436e+01 | 26  0.00572 -1.37387e+01 | 27  0.00731 -1.64379e+01
 28  0.00464 -1.05583e+01 | 29 -0.00261 -1.19256e+01 | 30 -0.00081 -7.49226e+00
 31  0.00271 -6.54839e+00 | 32  0.00315 -6.39314e+00 | 33  0.00252 -6.55269e+00
 34  0.02031 -2.87111e+00 | 35  0.01217 -2.94199e-01 | 36  0.00444  4.45563e+00
 37  0.00729  8.49675e+00 | 38  0.00441  8.29295e+00 | 39  0.00193  9.26404e+00
 40  0.00592  1.16627e+01 | 41  0.00125  1.51421e+01 | 42  0.00666  1.80631e+01
 43  0.00706  1.83657e+01 | 44 -0.00976  1.78148e+01 | 45 -0.00911  2.02682e+01
 46 -0.00127  2.41732e+01 | 47  0.00258  2.46249e+01 | 48  0.00390  2.40457e+01
 49  0.00544  2.83504e+01 | 50 -0.00624  2.87809e+01 | 51 -0.00402  3.04164e+01
 52 -0.00704  3.46812e+01 | 53 -0.01054  3.31495e+01 | 54 -0.00720  3.53877e+01
 55 -0.00109  3.61447e+01 | 56 -0.00419  4.11647e+01 | 57  0.01958  3.86605e+01
 58 -0.01097  3.74799e+01 | 59  0.01336  3.95560e+01 | 60 -0.00729  3.82090e+01
 61  0.00946  4.39759e+01 | 62  0.01753  4.27887e+01 | 63 -0.01068  3.91799e+01
 64 -0.00660  3.91629e+01 | 65 -0.00645  3.93202e+01 | 66 -0.03730  1.72254e+01
 67 -0.00978  2.07806e+01 | 68 -0.02366  2.68040e+01 | 69  0.01989  2.01240e+01
 70  0.01428  3.43564e+01 | 71  0.00258 -9.93763e+00 | 72 -0.01607  2.25066e+01
 73  0.00518  1.98317e+01 | 74  0.03310  5.33467e+01 | 75 -0.02244  1.11361e+00
 76 -0.00100  6.92556e+00 | 77 -0.00926 -1.97235e+01 | 78 -0.02688 -4.00859e+00
 79  0.01398 -8.31322e-01 | 80 -0.00145 -1.30623e-01 | 81 -0.00363  4.97849e+00
 82  0.00845 -1.63546e+01 | 83  0.00510 -3.68726e+01 | 84  0.04888  8.74706e+00
 85 -0.06818 -4.07968e+01 | 86 -0.03437 -2.45948e+01 | 87  0.00232 -5.67954e+01
 88 -0.00820 -1.84510e+01 | 89  0.02684 -4.51065e+01 | 90 -0.03802 -3.95384e+01
 91  0.01385 -5.07712e+01 | 92 -0.00108 -3.22564e+01 | 93 -0.02052 -2.89285e+01
 94  0.01556 -4.37248e+01 | 95 -0.00082 -3.61783e+01 | 96  0.00050 -3.46503e+01
 97 -0.04672  7.34226e+01 | 98 -0.27953 -6.71752e+00 |

Initial statistics: 100 variables; iteration 0; function evaluation 0; phase 3
Function value 5.5571383e+02; maximum gradient component mag 1.0028e+03
Var    Value     Gradient |Var    Value     Gradient |Var    Value     Gradient
  1  0.63137  1.00277e+03 |  2 -0.00092 -3.37551e+01 |  3 -0.00102 -3.38607e+01
  4 -0.00107 -3.38688e+01 |  5 -0.00103 -3.37314e+01 |  6 -0.00087 -3.33952e+01
  7 -0.00056 -3.28104e+01 |  8 -0.00011 -3.19541e+01 |  9  0.00051 -3.08184e+01
 10  0.00124 -2.94777e+01 | 11  0.00299 -2.74123e+01 | 12  0.00261 -2.68056e+01
 13  0.00297 -2.58983e+01 | 14  0.00298 -2.54765e+01 | 15  0.00269 -2.54708e+01
 16  0.00231 -2.55701e+01 | 17  0.00207 -2.53767e+01 | 18  0.00209 -2.46811e+01
 19  0.00251 -2.39145e+01 | 20  0.00520 -2.42107e+01 | 21  0.00231 -2.22285e+01
 22  0.00256 -2.13388e+01 | 23  0.00681 -2.08630e+01 | 24  0.00455 -1.84589e+01
 25  0.00385 -1.48283e+01 | 26  0.00578 -1.08982e+01 | 27  0.00736 -1.35849e+01
 28  0.00469 -7.80189e+00 | 29 -0.00256 -9.01145e+00 | 30 -0.00075 -4.61926e+00
 31  0.00276 -3.69753e+00 | 32  0.00321 -3.52566e+00 | 33  0.00257 -3.63928e+00
 34  0.02037 -3.73937e-02 | 35  0.01223  2.49949e+00 | 36  0.00449  7.24460e+00
 37  0.00735  1.14096e+01 | 38  0.00446  1.11725e+01 | 39  0.00199  1.20446e+01
 40  0.00597  1.44768e+01 | 41  0.00131  1.80193e+01 | 42  0.00672  2.08955e+01
 43  0.00711  2.11313e+01 | 44 -0.00971  2.05921e+01 | 45 -0.00906  2.31560e+01
 46 -0.00121  2.69865e+01 | 47  0.00263  2.74262e+01 | 48  0.00396  2.67739e+01
 49  0.00549  3.11267e+01 | 50 -0.00618  3.16578e+01 | 51 -0.00396  3.32061e+01
 52 -0.00698  3.74067e+01 | 53 -0.01049  3.59810e+01 | 54 -0.00715  3.80544e+01
 55 -0.00103  3.89097e+01 | 56 -0.00414  4.38962e+01 | 57  0.01964  4.14483e+01
 58 -0.01092  4.02588e+01 | 59  0.01341  4.23559e+01 | 60 -0.00724  4.09965e+01
 61  0.00951  4.67364e+01 | 62  0.01758  4.55827e+01 | 63 -0.01062  4.19661e+01
 64 -0.00655  4.19632e+01 | 65 -0.00639  4.21140e+01 | 66 -0.03725  2.00349e+01
 67 -0.00973  2.35822e+01 | 68 -0.02360  2.96291e+01 | 69  0.01995  2.29275e+01
 70  0.01433  3.71744e+01 | 71  0.00264 -7.10951e+00 | 72 -0.01601  2.53491e+01
 73  0.00524  2.26653e+01 | 74  0.03316  5.61304e+01 | 75 -0.02239  3.97058e+00
 76 -0.00095  9.77539e+00 | 77 -0.00921 -1.68748e+01 | 78 -0.02683 -1.14594e+00
 79  0.01404  2.02464e+00 | 80 -0.00140  2.72972e+00 | 81 -0.00357  7.83731e+00
 82  0.00850 -1.34952e+01 | 83  0.00515 -3.39922e+01 | 84  0.04894  1.15877e+01
 85 -0.06812 -3.79060e+01 | 86 -0.03431 -2.17084e+01 | 87  0.00238 -5.39065e+01
 88 -0.00815 -1.55750e+01 | 89  0.02689 -4.22085e+01 | 90 -0.03797 -3.66852e+01
 91  0.01390 -4.78891e+01 | 92 -0.00103 -2.93920e+01 | 93 -0.02047 -2.60535e+01
 94  0.01562 -4.08311e+01 | 95 -0.00076 -3.32859e+01 | 96  0.00056 -3.17185e+01
 97 -0.04672  7.33387e+01 | 98 -0.41581 -7.21715e+01 | 99 -0.27953 -6.67589e+00
100 -0.25275 -1.39453e+01 |

Intermediate statistics: 100 variables; iteration 20; function evaluation 25; phase 3
Function value 5.5457570e+02; maximum gradient component mag 1.1904e+02
Var    Value     Gradient |Var    Value     Gradient |Var    Value     Gradient
  1  0.62839  1.19042e+02 |  2  0.00041 -4.14607e+00 |  3  0.00043 -4.11918e+00
  4  0.00045 -4.10522e+00 |  5  0.00046 -4.11105e+00 |  6  0.00045 -4.14407e+00
  7  0.00042 -4.21083e+00 |  8  0.00036 -4.31339e+00 |  9  0.00029 -4.45100e+00
 10  0.00021 -4.61023e+00 | 11  0.00066 -4.86196e+00 | 12  0.00008 -4.89216e+00
 13  0.00008 -4.95090e+00 | 14  0.00013 -4.92763e+00 | 15  0.00024 -4.83522e+00
 16  0.00037 -4.71959e+00 | 17  0.00048 -4.63517e+00 | 18  0.00054 -4.60786e+00
 19  0.00102 -4.57377e+00 | 20  0.00480 -4.35178e+00 | 21  0.00086 -4.51755e+00
 22  0.00121 -4.47260e+00 | 23  0.00590 -4.36195e+00 | 24  0.00247 -4.52701e+00
 25 -0.00002 -4.77272e+00 | 26  0.00043 -4.93021e+00 | 27  0.00538 -4.37154e+00
 28 -0.00069 -4.79739e+00 | 29 -0.00722 -4.70519e+00 | 30 -0.00699 -4.79020e+00
 31 -0.00209 -4.40958e+00 | 32 -0.00034 -4.09748e+00 | 33  0.00004 -3.82287e+00
 34  0.02244 -2.98385e+00 | 35  0.01085 -3.12300e+00 | 36  0.00006 -3.40146e+00
 37  0.00301 -3.04051e+00 | 38  0.00087 -2.84438e+00 | 39 -0.00145 -2.64407e+00
 40  0.00342 -2.08794e+00 | 41 -0.00289 -2.01964e+00 | 42  0.00497 -1.28393e+00
 43  0.00746 -8.57016e-01 | 44 -0.01462 -1.37776e+00 | 45 -0.01421 -7.79185e-01
 46 -0.00276  2.04050e-01 | 47  0.00484  8.53565e-01 | 48  0.00819  1.28786e+00
 49  0.00951  1.97574e+00 | 50 -0.00733  2.04594e+00 | 51 -0.00219  2.51815e+00
 52 -0.00744  3.02262e+00 | 53 -0.01108  3.31143e+00 | 54 -0.00629  4.32567e+00
 55  0.00124  4.99027e+00 | 56 -0.00377  5.86382e+00 | 57  0.03410  5.04701e+00
 58 -0.01243  5.54928e+00 | 59  0.02188  5.57534e+00 | 60 -0.00623  7.91837e+00
 61  0.01333  5.94218e+00 | 62  0.02349  8.24686e-01 | 63 -0.01028  8.93318e+00
 64 -0.00467  8.84063e+00 | 65 -0.00488  1.03484e+01 | 66 -0.03686  5.94702e+00
 67 -0.00844 -4.06577e-01 | 68 -0.02244  1.94641e+01 | 69  0.02241  6.27728e-01
 70  0.01500 -4.23676e-02 | 71  0.00425 -2.64308e+01 | 72 -0.01434  3.22468e+01
 73  0.00671  4.49096e+00 | 74  0.03380  1.60190e+01 | 75 -0.02031  1.77865e+01
 76 -0.00001  1.05915e+01 | 77 -0.00743 -7.38959e+00 | 78 -0.02597  1.24598e+01
 79  0.01573  7.20933e+00 | 80 -0.00022  1.89630e+01 | 81 -0.00185  2.34123e+01
 82  0.00888 -7.38410e+00 | 83  0.00700 -1.15356e+01 | 84  0.04905 -2.16803e+00
 85 -0.06582 -4.84377e+00 | 86 -0.03366  3.80038e+00 | 87  0.00387 -2.86549e+01
 88 -0.00730  1.35364e+01 | 89  0.02833 -1.96728e+01 | 90 -0.03689 -5.70058e+00
 91  0.01531 -2.81622e+01 | 92 -0.00015 -1.03830e+00 | 93 -0.01772  8.45569e+00
 94  0.01997 -2.33771e+00 | 95  0.00013 -4.26911e+00 | 96  0.00014 -4.51388e+00
 97 -0.07546  6.27013e+00 | 98 -0.43177 -1.30488e+01 | 99 -0.25617  1.73882e+00
100 -0.24242  1.44574e+01 |
100 variables; iteration 40; function evaluation 50; phase 3
Function value 5.5441106e+02; maximum gradient component mag 2.4532e+02
Var    Value     Gradient |Var    Value     Gradient |Var    Value     Gradient
  1  0.62871  2.45318e+02 |  2  0.00030 -8.08734e+00 |  3  0.00028 -8.11418e+00
  4  0.00028 -8.12598e+00 |  5  0.00028 -8.11450e+00 |  6  0.00031 -8.07037e+00
  7  0.00037 -7.98449e+00 |  8  0.00044 -7.85298e+00 |  9  0.00055 -7.67315e+00
 10  0.00069 -7.45726e+00 | 11  0.00150 -7.10984e+00 | 12  0.00096 -7.02899e+00
 13  0.00104 -6.89728e+00 | 14  0.00105 -6.86277e+00 | 15  0.00101 -6.91773e+00
 16  0.00094 -7.00561e+00 | 17  0.00090 -7.04728e+00 | 18  0.00089 -6.99193e+00
 19  0.00130 -6.93519e+00 | 20  0.00464 -7.17878e+00 | 21  0.00102 -6.79160e+00
 22  0.00126 -6.73999e+00 | 23  0.00573 -6.79351e+00 | 24  0.00265 -6.31918e+00
 25  0.00054 -5.84171e+00 | 26  0.00112 -5.58545e+00 | 27  0.00484 -6.56589e+00
 28 -0.00041 -5.71265e+00 | 29 -0.00715 -5.99571e+00 | 30 -0.00691 -5.86261e+00
 31 -0.00215 -5.21748e+00 | 32 -0.00045 -4.62366e+00 | 33  0.00061 -2.86714e+00
 34  0.02321  4.11402e-01 | 35  0.01149 -5.94022e-01 | 36  0.00005 -2.57394e+00
 37  0.00298 -1.67313e+00 | 38  0.00097 -1.12493e+00 | 39 -0.00115 -4.63357e-01
 40  0.00344  2.37489e-01 | 41 -0.00288  1.21946e-01 | 42  0.00548  2.90173e+00
 43  0.00790  3.90459e+00 | 44 -0.01454  5.69217e-01 | 45 -0.01391  1.77764e+00
 46 -0.00219  4.88746e+00 | 47  0.00547  6.87244e+00 | 48  0.00807  6.52118e+00
 49  0.00910  7.04472e+00 | 50 -0.00756  5.26210e+00 | 51 -0.00185  8.04882e+00
 52 -0.00743  7.47421e+00 | 53 -0.01167  5.96396e+00 | 54 -0.00764  5.78123e+00
 55  0.00191  1.24124e+01 | 56 -0.00505  7.91565e+00 | 57  0.03292  1.34222e+01
 58 -0.01374  6.02231e+00 | 59  0.02100  1.13358e+01 | 60 -0.00653  1.14588e+01
 61  0.01341  1.42912e+01 | 62  0.02412  1.35771e+01 | 63 -0.01057  1.15686e+01
 64 -0.00592  7.05612e+00 | 65 -0.00490  1.50493e+01 | 66 -0.03620  1.13272e+01
 67 -0.00819  6.03752e+00 | 68 -0.02353  8.90029e+00 | 69  0.02245  1.06285e+01
 70  0.01526  1.01978e+01 | 71  0.00478 -1.05988e+01 | 72 -0.01538  1.97949e+01
 73  0.00659  5.73278e+00 | 74  0.03363  1.73974e+01 | 75 -0.02073  1.22592e+01
 76  0.00007  1.33411e+01 | 77 -0.00762 -9.40114e+00 | 78 -0.02635  7.39321e+00
 79  0.01549  4.48422e+00 | 80 -0.00088  7.87049e+00 | 81 -0.00246  1.15598e+01
 82  0.00864 -1.33830e+01 | 83  0.00718 -5.75940e+00 | 84  0.04916  3.66742e-01
 85 -0.06595 -9.24799e+00 | 86 -0.03362  1.01874e-01 | 87  0.00473 -1.17670e+01
 88 -0.00785  3.35353e+00 | 89  0.02872 -1.24910e+01 | 90 -0.03688 -8.93045e+00
 91  0.01592 -1.71302e+01 | 92 -0.00065 -8.30421e+00 | 93 -0.01908 -7.99350e+00
 94  0.01911 -8.54217e+00 | 95  0.00020 -7.97097e+00 | 96  0.00055 -7.70111e+00
 97 -0.07385  1.52347e+01 | 98 -0.43084 -2.34512e+01 | 99 -0.25859  2.83702e+00
100 -0.24415  2.30069e+00 |
100 variables; iteration 60; function evaluation 81; phase 3
Function value 5.5428680e+02; maximum gradient component mag 7.0241e+01
Var    Value     Gradient |Var    Value     Gradient |Var    Value     Gradient
  1  0.62889  7.02407e+01 |  2  0.00026 -2.22071e+00 |  3  0.00027 -2.21714e+00
  4  0.00028 -2.21322e+00 |  5  0.00029 -2.20876e+00 |  6  0.00031 -2.20330e+00
  7  0.00033 -2.19607e+00 |  8  0.00034 -2.18664e+00 |  9  0.00037 -2.17371e+00
 10  0.00041 -2.15565e+00 | 11  0.00105 -2.12733e+00 | 12  0.00051 -2.10122e+00
 13  0.00056 -2.06699e+00 | 14  0.00063 -2.03175e+00 | 15  0.00070 -1.99820e+00
 16  0.00078 -1.96522e+00 | 17  0.00087 -1.92686e+00 | 18  0.00095 -1.87042e+00
 19  0.00146 -1.80895e+00 | 20  0.00512 -1.76680e+00 | 21  0.00136 -1.67551e+00
 22  0.00173 -1.61224e+00 | 23  0.00639 -1.56260e+00 | 24  0.00316 -1.40513e+00
 25  0.00083 -1.42073e+00 | 26  0.00144 -1.31743e+00 | 27  0.00645 -6.74352e-01
 28  0.00051 -8.71454e-01 | 29 -0.00607 -8.57193e-01 | 30 -0.00565 -6.55114e-01
 31 -0.00083 -4.34172e-01 | 32  0.00085 -2.79915e-01 | 33  0.00094 -5.00889e-01
 34  0.02335  2.24114e-01 | 35  0.01203  4.34759e-01 | 36  0.00126  3.32226e-01
 37  0.00419  6.20205e-01 | 38  0.00191  5.47078e-01 | 39 -0.00050  5.45326e-01
 40  0.00460  1.28750e+00 | 41 -0.00192  1.11126e+00 | 42  0.00571  1.36121e+00
 43  0.00815  1.60815e+00 | 44 -0.01391  1.14490e+00 | 45 -0.01340  1.55966e+00
 46 -0.00251  1.82391e+00 | 47  0.00491  2.12848e+00 | 48  0.00835  2.42019e+00
 49  0.00956  2.75250e+00 | 50 -0.00760  2.01729e+00 | 51 -0.00291  2.41991e+00
 52 -0.00847  2.47245e+00 | 53 -0.01240  1.86090e+00 | 54 -0.00766  2.38604e+00
 55  0.00024  3.03218e+00 | 56 -0.00557  3.29768e+00 | 57  0.03411  5.29412e+00
 58 -0.01463  2.25094e+00 | 59  0.02150  4.55696e+00 | 60 -0.00832  1.98438e+00
 61  0.01258  3.73876e+00 | 62  0.02426  5.06155e+00 | 63 -0.01233  1.93413e+00
 64 -0.00603  2.71435e+00 | 65 -0.00613  2.18892e+00 | 66 -0.03828 -3.20429e-02
 67 -0.00812  2.37216e+00 | 68 -0.02425  5.18379e-01 | 69  0.02246  4.14435e+00
 70  0.01525  3.24855e+00 | 71  0.00562  3.73251e+00 | 72 -0.01694 -1.24331e+00
 73  0.00655  1.53638e+00 | 74  0.03339  2.81608e+00 | 75 -0.02158 -1.44374e+00
 76 -0.00057 -3.56149e-01 | 77 -0.00717  8.54278e-01 | 78 -0.02731 -1.46657e+00
 79  0.01533  1.35017e-01 | 80 -0.00146 -1.41468e+00 | 81 -0.00326 -2.34911e+00
 82  0.00941  4.09893e-01 | 83  0.00729 -6.09331e-01 | 84  0.04927  4.77510e-01
 85 -0.06558 -1.64925e+00 | 86 -0.03423 -2.39329e+00 | 87  0.00506 -9.27358e-01
 88 -0.00868 -3.00353e+00 | 89  0.02897 -1.18502e+00 | 90 -0.03670 -2.20181e+00
 91  0.01640 -1.26405e+00 | 92 -0.00058 -2.17216e+00 | 93 -0.01908 -2.53764e+00
 94  0.01947 -2.07223e+00 | 95  0.00004 -2.22128e+00 | 96  0.00021 -2.24684e+00
 97 -0.07116  4.50030e+00 | 98 -0.42916 -6.02228e+00 | 99 -0.25993  3.33609e-02
100 -0.24507 -7.56014e-01 |
Maximum number of function evaluations exceeded

 - final statistics:
100 variables; iteration 70; function evaluation 100
Function value 5.5429e+02; maximum gradient component mag 2.7123e+01
Exit code = 3;  converg criter 1.0000e+00
Var    Value     Gradient |Var    Value     Gradient |Var    Value     Gradient
  1  0.62889  2.71231e+01 |  2  0.00027 -8.46155e-01 |  3  0.00028 -8.42450e-01
  4  0.00029 -8.38738e-01 |  5  0.00031 -8.35256e-01 |  6  0.00033 -8.32300e-01
  7  0.00035 -8.30181e-01 |  8  0.00036 -8.28870e-01 |  9  0.00039 -8.28375e-01
 10  0.00042 -8.28115e-01 | 11  0.00105 -8.31263e-01 | 12  0.00051 -8.22520e-01
 13  0.00057 -8.12936e-01 | 14  0.00063 -7.96622e-01 | 15  0.00072 -7.74110e-01
 16  0.00081 -7.48465e-01 | 17  0.00091 -7.23341e-01 | 18  0.00099 -6.98580e-01
 19  0.00151 -6.70909e-01 | 20  0.00521 -6.39748e-01 | 21  0.00142 -6.09621e-01
 22  0.00180 -5.78654e-01 | 23  0.00646 -5.73730e-01 | 24  0.00321 -4.94331e-01
 25  0.00089 -5.16975e-01 | 26  0.00156 -4.08935e-01 | 27  0.00628 -3.32423e-01
 28  0.00055 -2.16566e-01 | 29 -0.00609 -2.72876e-01 | 30 -0.00586 -4.99669e-01
 31 -0.00090 -1.57935e-01 | 32  0.00080 -7.85033e-02 | 33  0.00103 -1.45742e-01
 34  0.02355  1.13627e-01 | 35  0.01190 -7.00952e-02 | 36  0.00126  2.30389e-01
 37  0.00419  3.50569e-01 | 38  0.00198  3.21801e-01 | 39 -0.00051  1.74434e-01
 40  0.00451  4.70142e-01 | 41 -0.00206  3.46995e-01 | 42  0.00578  5.78787e-01
 43  0.00825  6.65592e-01 | 44 -0.01407  3.58908e-01 | 45 -0.01366  4.33569e-01
 46 -0.00251  7.81977e-01 | 47  0.00497  7.86694e-01 | 48  0.00849  9.73776e-01
 49  0.00965  1.08458e+00 | 50 -0.00747  1.08736e+00 | 51 -0.00292  9.53787e-01
 52 -0.00862  9.25278e-01 | 53 -0.01236  7.71175e-01 | 54 -0.00769  9.57586e-01
 55  0.00020  1.19992e+00 | 56 -0.00593  1.16899e+00 | 57  0.03439  2.09674e+00
 58 -0.01486  7.59153e-01 | 59  0.02154  1.77449e+00 | 60 -0.00831  7.35496e-01
 61  0.01258  1.41801e+00 | 62  0.02425  1.92149e+00 | 63 -0.01233  7.36815e-01
 64 -0.00608  1.02046e+00 | 65 -0.00612  8.20197e-01 | 66 -0.03823 -2.10978e-04
 67 -0.00816  8.82990e-01 | 68 -0.02423  2.09892e-01 | 69  0.02244  1.55387e+00
 70  0.01523  1.19301e+00 | 71  0.00556  1.27359e+00 | 72 -0.01686 -4.18786e-01
 73  0.00655  5.63045e-01 | 74  0.03339  1.06450e+00 | 75 -0.02153 -4.72906e-01
 76 -0.00055 -9.38900e-02 | 77 -0.00720  2.51970e-01 | 78 -0.02726 -5.43105e-01
 79  0.01534  5.65228e-02 | 80 -0.00143 -4.91594e-01 | 81 -0.00321 -8.01867e-01
 82  0.00936  8.01063e-02 | 83  0.00728 -2.80272e-01 | 84  0.04925  9.27208e-02
 85 -0.06561 -6.51722e-01 | 86 -0.03420 -8.95779e-01 | 87  0.00503 -4.31056e-01
 88 -0.00862 -1.11798e+00 | 89  0.02895 -5.11757e-01 | 90 -0.03670 -8.45344e-01
 91  0.01636 -5.54958e-01 | 92 -0.00060 -8.47241e-01 | 93 -0.01908 -9.66828e-01
 94  0.01935 -9.06043e-01 | 95  0.00002 -8.67633e-01 | 96  0.00021 -8.72179e-01
 97 -0.07119  1.75584e+00 | 98 -0.42916 -2.34103e+00 | 99 -0.25981  1.89319e-02
100 -0.24499 -2.56942e-01 |

Initial statistics: 107 variables; iteration 0; function evaluation 0; phase 4
Function value 5.5428504e+02; maximum gradient component mag -2.9421e+02
Var    Value     Gradient |Var    Value     Gradient |Var    Value     Gradient
  1 -0.42263 -2.94211e+02 |  2 -0.42263 -2.83227e+02 |  3 -0.41094 -2.35604e+02
  4  0.62889  2.70609e+01 |  5  0.00000 -1.68412e-01 |  6  0.00000 -3.72111e-02
  7  0.00000 -4.53475e-02 |  8  0.00000 -5.52433e-02 |  9  0.00027 -8.51264e-01
 10  0.00028 -8.47549e-01 | 11  0.00029 -8.43827e-01 | 12  0.00031 -8.40335e-01
 13  0.00033 -8.37376e-01 | 14  0.00035 -8.35266e-01 | 15  0.00036 -8.33985e-01
 16  0.00039 -8.33551e-01 | 17  0.00042 -8.33396e-01 | 18  0.00105 -8.36778e-01
 19  0.00051 -8.28136e-01 | 20  0.00057 -8.18717e-01 | 21  0.00063 -8.02487e-01
 22  0.00072 -7.79938e-01 | 23  0.00081 -7.54180e-01 | 24  0.00091 -7.28999e-01
 25  0.00099 -7.04369e-01 | 26  0.00151 -6.76830e-01 | 27  0.00521 -6.46079e-01
 28  0.00142 -6.15628e-01 | 29  0.00180 -5.84809e-01 | 30  0.00646 -5.81884e-01
 31  0.00321 -4.99434e-01 | 32  0.00089 -5.23170e-01 | 33  0.00156 -4.12083e-01
 34  0.00628 -3.38682e-01 | 35  0.00055 -2.24020e-01 | 36 -0.00609 -2.81537e-01
 37 -0.00586 -5.01364e-01 | 38 -0.00090 -1.64548e-01 | 39  0.00080 -8.55472e-02
 40  0.00103 -1.54799e-01 | 41  0.02355  1.06367e-01 | 42  0.01190 -7.85070e-02
 43  0.00126  2.22608e-01 | 44  0.00419  3.42726e-01 | 45  0.00198  3.15204e-01
 46 -0.00051  1.67198e-01 | 47  0.00451  4.58872e-01 | 48 -0.00206  3.37047e-01
 49  0.00578  5.73617e-01 | 50  0.00825  6.58776e-01 | 51 -0.01407  3.49445e-01
 52 -0.01366  4.25504e-01 | 53 -0.00251  7.74247e-01 | 54  0.00497  7.76332e-01
 55  0.00849  9.65601e-01 | 56  0.00965  1.07471e+00 | 57 -0.00747  1.07770e+00
 58 -0.00292  9.45697e-01 | 59 -0.00862  9.14566e-01 | 60 -0.01236  7.61012e-01
 61 -0.00769  9.48297e-01 | 62  0.00020  1.18969e+00 | 63 -0.00593  1.16072e+00
 64  0.03439  2.08486e+00 | 65 -0.01486  7.49690e-01 | 66  0.02153  1.76341e+00
 67 -0.00831  7.26598e-01 | 68  0.01258  1.40757e+00 | 69  0.02425  1.90989e+00
 70 -0.01233  7.27907e-01 | 71 -0.00608  1.01086e+00 | 72 -0.00612  8.11083e-01
 73 -0.03823 -7.32049e-03 | 74 -0.00816  8.73702e-01 | 75 -0.02423  2.02257e-01
 76  0.02244  1.54308e+00 | 77  0.01523  1.18297e+00 | 78  0.00556  1.26306e+00
 79 -0.01686 -4.24824e-01 | 80  0.00655  5.54487e-01 | 81  0.03339  1.05482e+00
 82 -0.02153 -4.78798e-01 | 83 -0.00055 -1.00730e-01 | 84 -0.00720  2.43997e-01
 85 -0.02727 -5.48961e-01 | 86  0.01534  4.92046e-02 | 87 -0.00143 -4.97524e-01
 88 -0.00321 -8.06920e-01 | 89  0.00936  7.25365e-02 | 90  0.00728 -2.86939e-01
 91  0.04925  8.50591e-02 | 92 -0.06561 -6.57407e-01 | 93 -0.03420 -9.00814e-01
 94  0.00503 -4.37433e-01 | 95 -0.00862 -1.12250e+00 | 96  0.02895 -5.17903e-01
 97 -0.03670 -8.50573e-01 | 98  0.01636 -5.61033e-01 | 99 -0.00060 -8.52509e-01
100 -0.01908 -9.71769e-01 |101  0.01935 -9.11552e-01 |102  0.00002 -8.72633e-01
103  0.00021 -8.77317e-01 |104 -0.07119  1.75184e+00 |105 -0.42916 -2.33567e+00
106 -0.25981  1.88856e-02 |107 -0.24499 -2.56251e-01 |

Intermediate statistics: 107 variables; iteration 20; function evaluation 27; phase 4
Function value 5.5341427e+02; maximum gradient component mag -3.4470e+02
Var    Value     Gradient |Var    Value     Gradient |Var    Value     Gradient
  1 -0.41146 -2.16301e+02 |  2 -0.42086 -3.44705e+02 |  3 -0.42051 -2.33153e+02
  4  0.62994 -3.64875e+01 |  5  0.00010 -6.95340e-02 |  6  0.00002 -1.52947e-02
  7  0.00003 -1.86435e-02 |  8  0.00003 -2.27164e-02 |  9  0.00024  1.21279e+00
 10  0.00026  1.21109e+00 | 11  0.00027  1.20886e+00 | 12  0.00029  1.20593e+00
 13  0.00031  1.20212e+00 | 14  0.00033  1.19722e+00 | 15  0.00035  1.19088e+00
 16  0.00038  1.18314e+00 | 17  0.00042  1.17387e+00 | 18  0.00106  1.16141e+00
 19  0.00052  1.15105e+00 | 20  0.00058  1.13796e+00 | 21  0.00065  1.12396e+00
 22  0.00073  1.10864e+00 | 23  0.00083  1.09093e+00 | 24  0.00094  1.06956e+00
 25  0.00102  1.04378e+00 | 26  0.00155  1.01244e+00 | 27  0.00527  9.60340e-01
 28  0.00148  9.39366e-01 | 29  0.00187  8.94407e-01 | 30  0.00655  8.50565e-01
 31  0.00326  8.79954e-01 | 32  0.00096  8.77498e-01 | 33  0.00162  7.69515e-01
 34  0.00635  6.69449e-01 | 35  0.00051  1.21049e+00 | 36 -0.00603  8.45890e-01
 37 -0.00556  6.47725e-01 | 38 -0.00088  4.49180e-01 | 39  0.00091  4.72865e-01
 40  0.00121  7.59508e-02 | 41  0.02350 -1.10212e-01 | 42  0.01275  1.33949e+00
 43  0.00121  2.07897e-01 | 44  0.00432  2.02825e-01 | 45  0.00208  1.01651e-01
 46 -0.00039  7.94049e-01 | 47  0.00492  5.16146e-01 | 48 -0.00194 -4.24070e-01
 49  0.00613 -6.55730e-01 | 50  0.00829  9.55062e-01 | 51 -0.01389  6.87968e-01
 52 -0.01320  1.69346e-01 | 53 -0.00257 -6.76994e-01 | 54  0.00528 -4.77078e-01
 55  0.00888 -1.29236e+00 | 56  0.00986  1.02669e+00 | 57 -0.00703  2.93145e-01
 58 -0.00300 -2.44869e-01 | 59 -0.00849  3.67814e-01 | 60 -0.01214 -4.26816e-01
 61 -0.00760  7.75434e-02 | 62  0.00069 -2.83971e-01 | 63 -0.00583 -9.36106e-01
 64  0.03495 -1.62550e+00 | 65 -0.01478 -8.89486e-02 | 66  0.02155 -1.11620e+00
 67 -0.00794  1.88667e+00 | 68  0.01314 -1.48963e+00 | 69  0.02391 -2.08101e+00
 70 -0.01176  1.70840e+00 | 71 -0.00654 -1.32431e-01 | 72 -0.00546  3.54608e+00
 73 -0.03834 -3.75918e+00 | 74 -0.00773 -3.81035e-01 | 75 -0.02391 -1.08090e+00
 76  0.02206 -1.25484e+01 | 77  0.01542  5.14327e+00 | 78  0.00519 -1.68554e-01
 79 -0.01695 -4.23031e-01 | 80  0.00588 -1.48435e+01 | 81  0.03374  4.89460e+00
 82 -0.02161  2.19361e+00 | 83 -0.00039  1.38411e-01 | 84 -0.00747 -4.13189e+00
 85 -0.02710 -1.95756e+00 | 86  0.01493 -7.71138e+00 | 87 -0.00102  2.99270e+00
 88 -0.00349 -4.18360e+00 | 89  0.00951 -9.42533e-01 | 90  0.00684 -8.69694e+00
 91  0.04983  2.08993e+01 | 92 -0.06753  7.49831e-01 | 93 -0.03324  1.81121e+00
 94  0.00414 -1.30770e+01 | 95 -0.00859 -3.20727e+00 | 96  0.02830  2.48295e+00
 97 -0.03709  4.27308e+00 | 98  0.01522 -4.63745e+00 | 99 -0.00115  5.56522e+00
100 -0.02038  3.89878e+00 |101  0.01765 -3.22579e+00 |102 -0.00003  1.17052e+00
103  0.00019  1.21867e+00 |104 -0.05982  1.85257e+01 |105 -0.42593 -3.79312e+01
106 -0.28754  1.99696e+01 |107 -0.26599 -5.40168e+01 |
107 variables; iteration 40; function evaluation 54; phase 4
Function value 5.5294792e+02; maximum gradient component mag 4.4766e+01
Var    Value     Gradient |Var    Value     Gradient |Var    Value     Gradient
  1 -0.40948 -1.91234e+01 |  2 -0.42085  1.24075e+01 |  3 -0.41897 -7.53189e+00
  4  0.62897  4.47659e+01 |  5 -0.00062 -1.11247e+00 |  6 -0.00014 -2.43517e-01
  7 -0.00016 -2.96935e-01 |  8 -0.00020 -3.61977e-01 |  9  0.00026 -1.40142e+00
 10  0.00028 -1.38812e+00 | 11  0.00030 -1.37659e+00 | 12  0.00031 -1.36861e+00
 13  0.00033 -1.36640e+00 | 14  0.00035 -1.37235e+00 | 15  0.00035 -1.38782e+00
 16  0.00036 -1.41250e+00 | 17  0.00037 -1.44420e+00 | 18  0.00096 -1.50593e+00
 19  0.00041 -1.49756e+00 | 20  0.00046 -1.49510e+00 | 21  0.00054 -1.45984e+00
 22  0.00064 -1.39542e+00 | 23  0.00076 -1.32167e+00 | 24  0.00088 -1.26349e+00
 25  0.00097 -1.22363e+00 | 26  0.00149 -1.18777e+00 | 27  0.00515 -1.21367e+00
 28  0.00140 -1.12658e+00 | 29  0.00175 -1.14792e+00 | 30  0.00625 -1.38727e+00
 31  0.00322 -9.50173e-01 | 32  0.00072 -1.20740e+00 | 33  0.00158 -8.22067e-01
 34  0.00622 -8.24015e-01 | 35  0.00083  1.24218e-01 | 36 -0.00605 -5.97358e-01
 37 -0.00586 -1.09477e+00 | 38 -0.00053  2.17912e-01 | 39  0.00082 -4.40720e-01
 40  0.00064 -1.24056e+00 | 41  0.02352  4.60043e-01 | 42  0.01232 -1.91255e-01
 43  0.00211  1.72906e+00 | 44  0.00447  5.60698e-01 | 45  0.00212  3.52163e-01
 46 -0.00061  1.99307e-01 | 47  0.00483  6.91561e-01 | 48 -0.00169  1.00420e+00
 49  0.00582  2.95181e-01 | 50  0.00821  1.41296e+00 | 51 -0.01407  3.92149e-01
 52 -0.01327  4.99662e-01 | 53 -0.00167  2.74182e+00 | 54  0.00433 -2.27081e-02
 55  0.00870  1.28888e+00 | 56  0.00967  2.20697e+00 | 57 -0.00735  7.87626e-01
 58 -0.00237  2.93954e+00 | 59 -0.00848  1.67308e+00 | 60 -0.01211  1.24110e+00
 61 -0.00760  1.64333e+00 | 62  0.00065  1.86578e+00 | 63 -0.00574  1.70346e+00
 64  0.03485  3.79031e+00 | 65 -0.01494  4.80196e-01 | 66  0.02069  6.11203e-02
 67 -0.00681  5.76514e+00 | 68  0.01311  2.29126e+00 | 69  0.02443  4.91086e+00
 70 -0.01178  1.50120e+00 | 71 -0.00581  4.03543e+00 | 72 -0.00561  1.16893e+00
 73 -0.03755  1.08956e+00 | 74 -0.00743  1.49016e+00 | 75 -0.02332  2.61115e+00
 76  0.02201 -3.16403e-01 | 77  0.01573  4.58603e+00 | 78  0.00487 -4.26284e-01
 79 -0.01646  1.06893e+00 | 80  0.00597  8.24888e-01 | 81  0.03381  4.10709e+00
 82 -0.02194 -6.19154e-01 | 83 -0.00012  2.04281e+00 | 84 -0.00758  3.23969e-01
 85 -0.02648  9.03687e-01 | 86  0.01473 -2.95988e+00 | 87 -0.00073  1.79408e+00
 88 -0.00377 -1.21214e+00 | 89  0.00972 -6.18501e-01 | 90  0.00647 -7.67333e+00
 91  0.04958  1.86940e+00 | 92 -0.06709  2.40292e+00 | 93 -0.03312 -1.93162e+00
 94  0.00394 -6.43155e+00 | 95 -0.00812 -2.23895e+00 | 96  0.02800  1.30850e-01
 97 -0.03642  3.59504e+00 | 98  0.01473 -2.91844e+00 | 99 -0.00141 -2.64714e+00
100 -0.02161 -1.42238e+00 |101  0.01753 -2.45550e+00 |102 -0.00011 -1.57991e+00
103  0.00015 -1.51501e+00 |104 -0.05892  4.73952e+00 |105 -0.42426 -5.10395e+00
106 -0.29811 -2.04892e+00 |107 -0.26863  1.00060e+01 |
107 variables; iteration 60; function evaluation 82; phase 4
Function value 5.5291670e+02; maximum gradient component mag 1.6072e+00
Var    Value     Gradient |Var    Value     Gradient |Var    Value     Gradient
  1 -0.40845 -9.70007e-01 |  2 -0.42076 -1.33191e+00 |  3 -0.41933 -1.29836e+00
  4  0.62905  1.11890e+00 |  5  0.00025  1.82044e-01 |  6  0.00005  3.45451e-02
  7  0.00006  4.25287e-02 |  8  0.00008  5.24472e-02 |  9  0.00033  4.20230e-02
 10  0.00034  3.79860e-02 | 11  0.00035  3.38212e-02 | 12  0.00037  2.97761e-02
 13  0.00038  2.62051e-02 | 14  0.00040  2.35420e-02 | 15  0.00042  2.26384e-02
 16  0.00045  2.25317e-02 | 17  0.00049  2.34861e-02 | 18  0.00114  3.02399e-02
 19  0.00059  2.28804e-02 | 20  0.00065  1.59832e-02 | 21  0.00071  7.70903e-04
 22  0.00077 -2.29135e-02 | 23  0.00085 -5.08468e-02 | 24  0.00093 -7.62996e-02
 25  0.00101 -9.73513e-02 | 26  0.00152 -1.18785e-01 | 27  0.00524 -1.23456e-01
 28  0.00142 -1.58240e-01 | 29  0.00182 -1.59933e-01 | 30  0.00657 -8.81600e-02
 31  0.00316 -2.36120e-01 | 32  0.00090 -1.73128e-01 | 33  0.00155 -1.89470e-01
 34  0.00641  1.18609e-02 | 35  0.00042 -3.05255e-03 | 36 -0.00606 -7.04850e-02
 37 -0.00556 -8.06692e-02 | 38 -0.00084  6.88325e-02 | 39  0.00082 -2.20766e-01
 40  0.00136  6.09139e-03 | 41  0.02346 -5.63911e-02 | 42  0.01266 -1.14919e-02
 43  0.00131  2.98578e-01 | 44  0.00430 -8.72424e-02 | 45  0.00212 -6.11224e-02
 46 -0.00043  6.09796e-02 | 47  0.00495  2.13721e-01 | 48 -0.00201 -8.13697e-02
 49  0.00621 -1.05796e-01 | 50  0.00810  6.02194e-02 | 51 -0.01390  1.29001e-01
 52 -0.01308  2.34145e-01 | 53 -0.00256  2.17319e-01 | 54  0.00500 -4.72262e-01
 55  0.00894 -8.86932e-02 | 56  0.00962  1.54635e-01 | 57 -0.00709 -7.91275e-03
 58 -0.00344 -3.54378e-01 | 59 -0.00873 -1.59338e-01 | 60 -0.01217 -1.45587e-01
 61 -0.00778 -1.77339e-01 | 62  0.00124  1.60723e+00 | 63 -0.00569  4.45469e-01
 64  0.03500  3.82756e-01 | 65 -0.01483 -1.11449e-01 | 66  0.02152 -2.35819e-01
 67 -0.00809  3.26497e-01 | 68  0.01326  2.09730e-01 | 69  0.02400 -5.91818e-02
 70 -0.01192 -5.61737e-01 | 71 -0.00626  4.48313e-01 | 72 -0.00554  1.90163e-02
 73 -0.03769  4.28810e-02 | 74 -0.00741  3.77922e-02 | 75 -0.02344  2.10786e-01
 76  0.02200 -1.72540e-01 | 77  0.01567  3.29044e-01 | 78  0.00482 -1.28716e-01
 79 -0.01647  1.04159e-01 | 80  0.00584 -6.64109e-02 | 81  0.03378  1.96718e-01
 82 -0.02200 -1.17033e-01 | 83 -0.00016  2.28141e-01 | 84 -0.00768 -4.96912e-02
 85 -0.02650  1.22384e-01 | 86  0.01473 -2.04513e-01 | 87 -0.00076  1.46009e-01
 88 -0.00385 -1.54374e-01 | 89  0.00979 -5.35372e-02 | 90  0.00663 -5.17073e-01
 91  0.04957  1.57201e-01 | 92 -0.06765 -4.14840e-02 | 93 -0.03294  1.15790e-01
 94  0.00400 -3.99703e-01 | 95 -0.00801 -4.29464e-03 | 96  0.02784 -9.16391e-03
 97 -0.03698  3.74356e-01 | 98  0.01457 -1.88750e-01 | 99 -0.00134 -2.98245e-01
100 -0.02190 -5.29168e-02 |101  0.01797 -8.00164e-02 |102  0.00008  6.64409e-02
103  0.00030  6.81645e-02 |104 -0.05971  1.52612e-01 |105 -0.42472 -2.69493e-01
106 -0.30229  8.13861e-02 |107 -0.27110  4.17824e-01 |
Maximum number of function evaluations exceeded

 - final statistics:
107 variables; iteration 71; function evaluation 100
Function value 5.5292e+02; maximum gradient component mag 2.3254e+00
Exit code = 3;  converg criter 1.0000e+00
Var    Value     Gradient |Var    Value     Gradient |Var    Value     Gradient
  1 -0.40841  5.31911e-02 |  2 -0.42076  2.32537e+00 |  3 -0.41933  9.02609e-01
  4  0.62905  2.16749e+00 |  5  0.00013  1.02157e-03 |  6  0.00003  1.63080e-03
  7  0.00004  1.87477e-03 |  8  0.00004  2.11808e-03 |  9  0.00029 -5.77233e-02
 10  0.00030 -5.76030e-02 | 11  0.00032 -5.74229e-02 | 12  0.00033 -5.71730e-02
 13  0.00035 -5.68512e-02 | 14  0.00038 -5.64702e-02 | 15  0.00039 -5.62010e-02
 16  0.00043 -5.58068e-02 | 17  0.00046 -5.54641e-02 | 18  0.00110 -5.53148e-02
 19  0.00056 -5.48841e-02 | 20  0.00062 -5.44229e-02 | 21  0.00069 -5.36383e-02
 22  0.00077 -5.25890e-02 | 23  0.00086 -5.16588e-02 | 24  0.00097 -5.12705e-02
 25  0.00105 -5.07706e-02 | 26  0.00158 -5.10805e-02 | 27  0.00530 -5.02499e-02
 28  0.00151 -5.23015e-02 | 29  0.00191 -4.87395e-02 | 30  0.00662 -2.14953e-02
 31  0.00329 -5.60903e-02 | 32  0.00099 -4.40430e-02 | 33  0.00165 -4.44209e-02
 34  0.00639 -3.30011e-02 | 35  0.00040 -5.44232e-02 | 36 -0.00602 -3.05719e-02
 37 -0.00554 -5.76896e-02 | 38 -0.00091 -4.70381e-02 | 39  0.00094 -3.25822e-02
 40  0.00135 -1.27724e-02 | 41  0.02351  3.88976e-02 | 42  0.01267  9.11321e-03
 43  0.00114  4.01172e-02 | 44  0.00435  3.39640e-03 | 45  0.00216  2.41782e-02
 46 -0.00045  3.23824e-02 | 47  0.00484  2.05794e-02 | 48 -0.00198 -5.57035e-03
 49  0.00628  2.12148e-02 | 50  0.00807  4.38737e-02 | 51 -0.01395  4.18647e-02
 52 -0.01318  4.30894e-02 | 53 -0.00265  9.61281e-02 | 54  0.00527 -4.58745e-03
 55  0.00900  5.69729e-02 | 56  0.00957  1.21824e-01 | 57 -0.00707  4.82339e-02
 58 -0.00326 -5.89512e-04 | 59 -0.00865  3.64622e-02 | 60 -0.01209  5.26442e-02
 61 -0.00770  3.10329e-02 | 62  0.00070  2.60804e-01 | 63 -0.00585  1.32858e-01
 64  0.03493  2.16651e-01 | 65 -0.01475  5.93014e-02 | 66  0.02160  1.02437e-01
 67 -0.00817  9.34310e-02 | 68  0.01324  1.32477e-01 | 69  0.02403  1.34928e-01
 70 -0.01178 -9.48399e-03 | 71 -0.00633  1.14445e-01 | 72 -0.00552  6.75016e-02
 73 -0.03770  1.66481e-02 | 74 -0.00740  6.09353e-02 | 75 -0.02345  4.69793e-02
 76  0.02200  8.38467e-02 | 77  0.01566  1.21949e-01 | 78  0.00482  3.28778e-02
 79 -0.01647  2.30400e-02 | 80  0.00584  2.46296e-02 | 81  0.03378  1.10201e-01
 82 -0.02201 -2.49077e-02 | 83 -0.00017  3.88092e-02 | 84 -0.00769 -1.41845e-02
 85 -0.02651 -8.77937e-03 | 86  0.01472 -2.23455e-02 | 87 -0.00077  1.49057e-03
 88 -0.00386 -4.71122e-02 | 89  0.00979 -2.55650e-02 | 90  0.00664 -9.20821e-02
 91  0.04957  1.64550e-02 | 92 -0.06765 -6.45813e-02 | 93 -0.03295 -4.13239e-02
 94  0.00401 -9.83595e-02 | 95 -0.00801 -5.37679e-02 | 96  0.02784 -6.05371e-02
 97 -0.03703 -2.50963e-02 | 98  0.01456 -9.01779e-02 | 99 -0.00131 -1.02582e-01
100 -0.02191 -7.68733e-02 |101  0.01799 -7.37226e-02 |102  0.00003 -5.68982e-02
103  0.00024 -5.76662e-02 |104 -0.05972  1.46902e-01 |105 -0.42472 -1.93840e-01
106 -0.30260  8.63082e-03 |107 -0.27125  5.55268e-02 |

Initial statistics: 110 variables; iteration 0; function evaluation 0; phase 5
Function value 5.5291566e+02; maximum gradient component mag -7.1182e+02
Var    Value     Gradient |Var    Value     Gradient |Var    Value     Gradient
  1 -0.40841  5.31911e-02 |  2 -0.42076  2.32537e+00 |  3 -0.41933  9.02609e-01
  4 -0.41222  4.15682e+01 |  5 -0.41222  2.49689e+01 |  6  0.62905  2.16749e+00
  7  0.00013  1.02157e-03 |  8  0.00003  1.63080e-03 |  9  0.00004  1.87477e-03
 10  0.00004  2.11808e-03 | 11  0.00029 -5.80019e-02 | 12  0.00030 -5.78817e-02
 13  0.00032 -5.77015e-02 | 14  0.00033 -5.74517e-02 | 15  0.00035 -5.71299e-02
 16  0.00038 -5.67488e-02 | 17  0.00039 -5.64796e-02 | 18  0.00043 -5.60854e-02
 19  0.00046 -5.57428e-02 | 20  0.00110 -5.55935e-02 | 21  0.00056 -5.51627e-02
 22  0.00062 -5.47016e-02 | 23  0.00069 -5.39170e-02 | 24  0.00077 -5.28677e-02
 25  0.00086 -5.19375e-02 | 26  0.00097 -5.15491e-02 | 27  0.00105 -5.10492e-02
 28  0.00158 -5.13591e-02 | 29  0.00530 -5.05285e-02 | 30  0.00151 -5.25802e-02
 31  0.00191 -4.90181e-02 | 32  0.00662 -2.17740e-02 | 33  0.00329 -5.63690e-02
 34  0.00099 -4.43216e-02 | 35  0.00165 -4.46996e-02 | 36  0.00639 -3.32798e-02
 37  0.00040 -5.47018e-02 | 38 -0.00602 -3.08506e-02 | 39 -0.00554 -5.79683e-02
 40 -0.00091 -4.73168e-02 | 41  0.00094 -3.28609e-02 | 42  0.00135 -1.30510e-02
 43  0.02351  3.86191e-02 | 44  0.01267  8.83460e-03 | 45  0.00114  3.98385e-02
 46  0.00435  3.11774e-03 | 47  0.00216  2.38996e-02 | 48 -0.00045  3.21037e-02
 49  0.00484  2.03007e-02 | 50 -0.00198 -5.84901e-03 | 51  0.00628  2.09361e-02
 52  0.00807  4.35950e-02 | 53 -0.01395  4.15861e-02 | 54 -0.01318  4.28108e-02
 55 -0.00265  9.58494e-02 | 56  0.00527 -4.86611e-03 | 57  0.00900  5.66942e-02
 58  0.00957  1.21546e-01 | 59 -0.00707  4.79553e-02 | 60 -0.00326 -8.68172e-04
 61 -0.00865  3.61836e-02 | 62 -0.01209  5.23656e-02 | 63 -0.00770  3.07543e-02
 64  0.00070  2.60526e-01 | 65 -0.00585  1.32579e-01 | 66  0.03493  2.16373e-01
 67 -0.01475  5.90228e-02 | 68  0.02160  1.02158e-01 | 69 -0.00817  9.31524e-02
 70  0.01324  1.32199e-01 | 71  0.02403  1.34650e-01 | 72 -0.01178 -9.76261e-03
 73 -0.00633  1.14167e-01 | 74 -0.00552  6.72229e-02 | 75 -0.03770  1.63699e-02
 76 -0.00740  6.06566e-02 | 77 -0.02345  4.67008e-02 | 78  0.02200  8.35682e-02
 79  0.01566  1.21670e-01 | 80  0.00482  3.25992e-02 | 81 -0.01647  2.27615e-02
 82  0.00584  2.43509e-02 | 83  0.03378  1.09923e-01 | 84 -0.02201 -2.51862e-02
 85 -0.00017  3.85305e-02 | 86 -0.00769 -1.44632e-02 | 87 -0.02651 -9.05780e-03
 88  0.01472 -2.26241e-02 | 89 -0.00077  1.21191e-03 | 90 -0.00386 -4.73908e-02
 91  0.00979 -2.58436e-02 | 92  0.00664 -9.23607e-02 | 93  0.04957  1.61772e-02
 94 -0.06765 -6.48584e-02 | 95 -0.03295 -4.16022e-02 | 96  0.00401 -9.86382e-02
 97 -0.00801 -5.40465e-02 | 98  0.02784 -6.08155e-02 | 99 -0.03703 -2.53745e-02
100  0.01456 -9.04565e-02 |101 -0.00131 -1.02860e-01 |102 -0.02191 -7.71518e-02
103  0.01799 -7.40011e-02 |104  0.00003 -5.71769e-02 |105  0.00024 -5.79449e-02
106  0.00000 -7.11825e+02 |107 -0.05972  1.46902e-01 |108 -0.42472 -1.93840e-01
109 -0.30260  8.63082e-03 |110 -0.27125  5.55268e-02 |

Intermediate statistics: 110 variables; iteration 20; function evaluation 24; phase 5
Function value 5.5130174e+02; maximum gradient component mag -9.8036e+02
Var    Value     Gradient |Var    Value     Gradient |Var    Value     Gradient
  1 -0.41619 -2.23321e+01 |  2 -0.41570 -9.80355e+02 |  3 -0.41951 -3.88425e+02
  4 -0.40601  4.03138e+00 |  5 -0.45734 -1.42255e+01 |  6  0.62371 -9.49971e+02
  7  0.00012 -8.46870e-01 |  8  0.00003 -1.85975e-01 |  9  0.00003 -2.27061e-01
 10  0.00004 -2.77130e-01 | 11  0.00045  3.43998e+01 | 12  0.00046  3.43252e+01
 13  0.00047  3.42348e+01 | 14  0.00049  3.41253e+01 | 15  0.00050  3.39928e+01
 16  0.00053  3.38329e+01 | 17  0.00054  3.36404e+01 | 18  0.00057  3.34095e+01
 19  0.00060  3.31337e+01 | 20  0.00124  3.27875e+01 | 21  0.00069  3.24184e+01
 22  0.00073  3.19640e+01 | 23  0.00079  3.14358e+01 | 24  0.00085  3.08282e+01
 25  0.00092  3.01373e+01 | 26  0.00100  2.93628e+01 | 27  0.00105  2.85125e+01
 28  0.00154  2.75436e+01 | 29  0.00524  2.60777e+01 | 30  0.00149  2.55676e+01
 31  0.00198  2.44072e+01 | 32  0.00678  2.31265e+01 | 33  0.00336  2.23098e+01
 34  0.00064  2.12605e+01 | 35  0.00108  1.97563e+01 | 36  0.00664  1.71633e+01
 37  0.00068  1.66371e+01 | 38 -0.00624  1.71480e+01 | 39 -0.00559  1.54740e+01
 40 -0.00076  1.21549e+01 | 41  0.00079  9.54865e+00 | 42  0.00086  7.46239e+00
 43  0.02611 -6.22545e+00 | 44  0.01232 -4.24047e+00 | 45  0.00109  4.44362e-01
 46  0.00424 -3.60720e+00 | 47  0.00188 -4.81153e+00 | 48 -0.00073 -6.18792e+00
 49  0.00311 -1.25924e+01 | 50 -0.00454 -9.92781e+00 | 51  0.00439 -1.78429e+01
 52  0.01355 -2.13565e+01 | 53 -0.01474 -8.12377e+00 | 54 -0.01330 -9.96218e+00
 55 -0.00200 -2.01785e+01 | 56  0.00284 -3.07054e+01 | 57  0.00068 -3.68861e+01
 58  0.01773 -3.79692e+01 | 59 -0.00652 -2.35338e+01 | 60  0.00035 -2.82829e+01
 61 -0.01107 -2.66432e+01 | 62 -0.01419 -2.37171e+01 | 63 -0.00708 -2.72802e+01
 64 -0.00047 -3.62507e+01 | 65 -0.00559 -2.83066e+01 | 66  0.03050 -8.68575e+01
 67 -0.01464 -1.91843e+01 | 68  0.02113 -6.10410e+01 | 69 -0.00926 -2.68510e+01
 70  0.01130 -5.00891e+01 | 71  0.02291 -6.82676e+01 | 72 -0.01233 -2.48845e+01
 73 -0.00657 -3.20383e+01 | 74 -0.00693 -3.35507e+01 | 75 -0.03832 -2.65589e+00
 76 -0.00850 -3.21427e+01 | 77 -0.02455 -1.42252e+01 | 78  0.02293 -2.60245e+01
 79  0.01638 -3.84014e+01 | 80  0.00706 -7.36991e+00 | 81 -0.01411  8.73561e+00
 82  0.00824  1.28086e+01 | 83  0.03652  3.66921e+00 | 84 -0.01955  9.62689e+00
 85  0.00139  2.60718e+00 | 86 -0.00542  2.14180e+01 | 87 -0.02383  2.86109e+01
 88  0.01643  7.61316e+00 | 89  0.00058  1.56585e+01 | 90 -0.00181  2.75385e+01
 91  0.01085  2.29480e+01 | 92  0.00797  2.31454e+01 | 93  0.04996 -3.48058e+00
 94 -0.06509  2.64411e+01 | 95 -0.03376  2.58332e+01 | 96  0.00369  2.80163e+01
 97 -0.00976  2.18026e+01 | 98  0.02694  1.26231e+01 | 99 -0.03731  3.45990e+01
100  0.01407  4.00124e+01 |101 -0.00330  2.90274e+01 |102 -0.02337  2.21483e+01
103  0.01849  3.73381e+01 |104  0.00021  3.47568e+01 |105  0.00040  3.47413e+01
106  0.00348 -6.00513e+02 |107 -0.06495 -5.38754e+01 |108 -0.42731  7.42510e+01
109 -0.26545 -1.00169e+01 |110 -0.25249  2.72536e+01 |
110 variables; iteration 40; function evaluation 45; phase 5
Function value 5.5116673e+02; maximum gradient component mag -1.1093e+03
Var    Value     Gradient |Var    Value     Gradient |Var    Value     Gradient
  1 -0.41680 -4.45386e+01 |  2 -0.41613 -1.10928e+03 |  3 -0.41883 -4.51560e+02
  4 -0.40788 -1.14131e+00 |  5 -0.45429 -1.61458e+01 |  6  0.62404 -1.01687e+03
  7  0.00011 -9.15654e-01 |  8  0.00002 -2.02910e-01 |  9  0.00003 -2.47590e-01
 10  0.00004 -3.01974e-01 | 11  0.00048  3.57275e+01 | 12  0.00049  3.56461e+01
 13  0.00050  3.55472e+01 | 14  0.00052  3.54275e+01 | 15  0.00053  3.52826e+01
 16  0.00055  3.51078e+01 | 17  0.00056  3.48980e+01 | 18  0.00059  3.46461e+01
 19  0.00062  3.43455e+01 | 20  0.00125  3.39688e+01 | 21  0.00069  3.35672e+01
 22  0.00074  3.30738e+01 | 23  0.00079  3.25006e+01 | 24  0.00084  3.18421e+01
 25  0.00091  3.10952e+01 | 26  0.00098  3.02600e+01 | 27  0.00102  2.93437e+01
 28  0.00151  2.83005e+01 | 29  0.00519  2.67210e+01 | 30  0.00143  2.61598e+01
 31  0.00189  2.49001e+01 | 32  0.00667  2.35164e+01 | 33  0.00330  2.27167e+01
 34  0.00066  2.17025e+01 | 35  0.00109  2.00678e+01 | 36  0.00651  1.71323e+01
 37  0.00064  1.67289e+01 | 38 -0.00643  1.70309e+01 | 39 -0.00586  1.51852e+01
 40 -0.00094  1.17626e+01 | 41  0.00078  9.19114e+00 | 42  0.00093  7.00168e+00
 43  0.02487 -8.90601e+00 | 44  0.01244 -4.97993e+00 | 45  0.00099 -4.99148e-01
 46  0.00442 -4.50758e+00 | 47  0.00211 -5.70257e+00 | 48 -0.00046 -7.03192e+00
 49  0.00386 -1.30383e+01 | 50 -0.00373 -1.04843e+01 | 51  0.00315 -2.04405e+01
 52  0.01407 -2.35545e+01 | 53 -0.01399 -8.40693e+00 | 54 -0.01301 -1.08235e+01
 55 -0.00251 -2.24956e+01 | 56  0.00345 -3.27417e+01 | 57  0.00195 -3.90015e+01
 58  0.01608 -4.23574e+01 | 59 -0.00741 -2.66799e+01 | 60  0.00050 -3.10760e+01
 61 -0.01061 -2.85953e+01 | 62 -0.01271 -2.44577e+01 | 63 -0.00787 -3.07520e+01
 64 -0.00180 -4.11005e+01 | 65 -0.00485 -3.05084e+01 | 66  0.02987 -9.29537e+01
 67 -0.01468 -2.13825e+01 | 68  0.02122 -6.54243e+01 | 69 -0.00944 -2.93245e+01
 70  0.01078 -5.49924e+01 | 71  0.02274 -7.36027e+01 | 72 -0.01258 -2.69970e+01
 73 -0.00585 -3.09496e+01 | 74 -0.00652 -3.21307e+01 | 75 -0.03867 -4.38266e+00
 76 -0.00839 -3.18356e+01 | 77 -0.02504 -1.92285e+01 | 78  0.02272 -3.81448e+01
 79  0.01640 -4.01365e+01 | 80  0.00717 -9.75151e+00 | 81 -0.01458  2.43462e+00
 82  0.00825  7.24068e+00 | 83  0.03625 -7.22492e+00 | 84 -0.01938  1.00986e+01
 85  0.00141  1.76247e+00 | 86 -0.00558  1.43888e+01 | 87 -0.02428  2.31926e+01
 88  0.01650  4.93546e+00 | 89  0.00043  1.28287e+01 | 90 -0.00161  2.91915e+01
 91  0.01084  2.29678e+01 | 92  0.00796  2.01548e+01 | 93  0.04996 -2.82135e+00
 94 -0.06500  2.75425e+01 | 95 -0.03382  2.79483e+01 | 96  0.00363  2.64299e+01
 97 -0.00972  2.49943e+01 | 98  0.02697  1.34464e+01 | 99 -0.03756  3.45377e+01
100  0.01406  3.85399e+01 |101 -0.00286  3.52969e+01 |102 -0.02247  2.98456e+01
103  0.01801  3.74063e+01 |104  0.00025  3.60977e+01 |105  0.00044  3.61000e+01
106  0.00366 -5.57709e+02 |107 -0.06812 -6.09386e+01 |108 -0.42893  8.03992e+01
109 -0.26041 -7.91484e+00 |110 -0.25027  2.23449e+01 |
110 variables; iteration 60; function evaluation 75; phase 5
Function value 5.5078386e+02; maximum gradient component mag -3.9234e+02
Var    Value     Gradient |Var    Value     Gradient |Var    Value     Gradient
  1 -0.41329 -3.18052e+01 |  2 -0.41495 -3.92338e+02 |  3 -0.42380 -1.72694e+02
  4 -0.41048 -8.96529e+00 |  5 -0.45807 -8.87730e+00 |  6  0.62471 -2.90808e+02
  7  0.00010 -2.45344e-01 |  8  0.00002 -5.62552e-02 |  9  0.00003 -6.84952e-02
 10  0.00003 -8.33261e-02 | 11  0.00030  8.35552e+00 | 12  0.00031  8.33414e+00
 13  0.00032  8.30811e+00 | 14  0.00033  8.27646e+00 | 15  0.00034  8.23807e+00
 16  0.00036  8.19165e+00 | 17  0.00037  8.13635e+00 | 18  0.00040  8.06959e+00
 19  0.00042  7.98995e+00 | 20  0.00105  7.89028e+00 | 21  0.00050  7.78340e+00
 22  0.00053  7.65246e+00 | 23  0.00058  7.49965e+00 | 24  0.00063  7.32392e+00
 25  0.00069  7.12520e+00 | 26  0.00076  6.90423e+00 | 27  0.00081  6.66148e+00
 28  0.00129  6.38420e+00 | 29  0.00497  5.95905e+00 | 30  0.00121  5.79546e+00
 31  0.00167  5.44165e+00 | 32  0.00644  5.05881e+00 | 33  0.00315  4.97422e+00
 34  0.00060  4.83869e+00 | 35  0.00104  4.34908e+00 | 36  0.00629  3.39060e+00
 37  0.00046  3.54560e+00 | 38 -0.00663  3.25493e+00 | 39 -0.00595  2.82017e+00
 40 -0.00114  1.91254e+00 | 41  0.00063  1.38772e+00 | 42  0.00116  1.05004e+00
 43  0.02330 -5.21189e+00 | 44  0.01268 -1.49443e+00 | 45  0.00097 -1.14131e+00
 46  0.00446 -1.82918e+00 | 47  0.00226 -2.05587e+00 | 48 -0.00049 -2.34535e+00
 49  0.00452 -3.14962e+00 | 50 -0.00257 -2.78270e+00 | 51  0.00451 -8.00929e+00
 52  0.00988 -7.02427e+00 | 53 -0.01409 -2.52014e+00 | 54 -0.01310 -3.17946e+00
 55 -0.00272 -7.02811e+00 | 56  0.00386 -1.01690e+01 | 57  0.00779 -1.11353e+01
 58  0.00997 -1.33520e+01 | 59 -0.00734 -9.04461e+00 | 60 -0.00243 -9.70363e+00
 61 -0.00971 -8.72990e+00 | 62 -0.01186 -5.79437e+00 | 63 -0.00917 -1.15294e+01
 64 -0.00158 -1.41261e+01 | 65 -0.00634 -9.57543e+00 | 66  0.03376 -2.68139e+01
 67 -0.01607 -8.58624e+00 | 68  0.02081 -2.08238e+01 | 69 -0.00987 -1.14219e+01
 70  0.01092 -1.96261e+01 | 71  0.02377 -2.07903e+01 | 72 -0.01219 -9.17969e+00
 73 -0.00580 -9.27170e+00 | 74 -0.00672 -1.31819e+01 | 75 -0.03822 -3.59473e+00
 76 -0.00737 -7.07059e+00 | 77 -0.02395 -5.34407e+00 | 78  0.02248 -2.29731e+01
 79  0.01673 -9.99906e+00 | 80  0.00690 -9.04037e+00 | 81 -0.01511 -5.93989e+00
 82  0.00768 -1.04553e+01 | 83  0.03528 -1.69501e+01 | 84 -0.01933 -5.57553e-01
 85  0.00165 -1.62827e+00 | 86 -0.00571 -2.20503e+00 | 87 -0.02490 -2.97853e+00
 88  0.01660 -4.76550e+00 | 89  0.00063  1.23758e+00 | 90 -0.00194 -1.02147e+00
 91  0.01068  7.21519e-01 | 92  0.00824  2.87775e+00 | 93  0.05034  1.69286e+00
 94 -0.06515  5.45641e+00 | 95 -0.03323  8.24931e+00 | 96  0.00364  1.68325e+00
 97 -0.00904  8.74566e+00 | 98  0.02742  6.21478e+00 | 99 -0.03803  9.01856e+00
100  0.01376  4.88953e+00 |101 -0.00311  1.18103e+01 |102 -0.02162  1.34218e+01
103  0.01704  7.36527e+00 |104  0.00003  8.41586e+00 |105  0.00026  8.45217e+00
106  0.00419 -1.00025e+02 |107 -0.06505 -2.01410e+01 |108 -0.42763  2.51067e+01
109 -0.26511 -1.59344e+00 |110 -0.25574  7.87575e-02 |
110 variables; iteration 80; function evaluation 110; phase 5
Function value 5.5071682e+02; maximum gradient component mag -3.4416e+02
Var    Value     Gradient |Var    Value     Gradient |Var    Value     Gradient
  1 -0.41453 -2.44374e+01 |  2 -0.41431 -3.44158e+02 |  3 -0.42378 -1.51296e+02
  4 -0.40917 -3.30419e+00 |  5 -0.45778 -4.82860e+00 |  6  0.62358 -2.86429e+02
  7  0.00009 -2.71351e-01 |  8  0.00002 -5.99641e-02 |  9  0.00002 -7.31708e-02
 10  0.00003 -8.92482e-02 | 11  0.00017  8.94789e+00 | 12  0.00018  8.92414e+00
 13  0.00019  8.89534e+00 | 14  0.00020  8.86045e+00 | 15  0.00022  8.81827e+00
 16  0.00023  8.76739e+00 | 17  0.00024  8.70614e+00 | 18  0.00026  8.63269e+00
 19  0.00028  8.54499e+00 | 20  0.00091  8.43492e+00 | 21  0.00035  8.31759e+00
 22  0.00038  8.17337e+00 | 23  0.00042  8.00600e+00 | 24  0.00047  7.81406e+00
 25  0.00052  7.59706e+00 | 26  0.00058  7.35567e+00 | 27  0.00062  7.09169e+00
 28  0.00109  6.78939e+00 | 29  0.00475  6.31561e+00 | 30  0.00098  6.12820e+00
 31  0.00142  5.73280e+00 | 32  0.00621  5.34301e+00 | 33  0.00290  5.17433e+00
 34  0.00043  5.12535e+00 | 35  0.00090  4.73409e+00 | 36  0.00605  3.60919e+00
 37  0.00014  3.50925e+00 | 38 -0.00665  3.82233e+00 | 39 -0.00609  3.17617e+00
 40 -0.00119  2.32448e+00 | 41  0.00028  1.35767e+00 | 42  0.00043  5.43737e-01
 43  0.02409 -3.85046e+00 | 44  0.01212 -2.34268e+00 | 45  0.00091 -1.03940e+00
 46  0.00379 -2.57120e+00 | 47  0.00162 -2.82231e+00 | 48 -0.00073 -2.73749e+00
 49  0.00361 -4.62217e+00 | 50 -0.00343 -3.76535e+00 | 51  0.00530 -6.76704e+00
 52  0.00879 -8.63126e+00 | 53 -0.01498 -3.71248e+00 | 54 -0.01386 -4.04720e+00
 55 -0.00279 -6.98416e+00 | 56  0.00451 -9.24774e+00 | 57  0.00759 -1.11379e+01
 58  0.00926 -1.44607e+01 | 59 -0.00701 -8.05869e+00 | 60 -0.00237 -9.80724e+00
 61 -0.00976 -8.76781e+00 | 62 -0.01349 -8.07849e+00 | 63 -0.00829 -9.52519e+00
 64 -0.00075 -1.15954e+01 | 65 -0.00715 -1.03527e+01 | 66  0.03483 -2.46349e+01
 67 -0.01551 -6.98588e+00 | 68  0.02111 -1.95034e+01 | 69 -0.00882 -8.06410e+00
 70  0.01223 -1.43012e+01 | 71  0.02382 -2.08292e+01 | 72 -0.01167 -7.48670e+00
 73 -0.00539 -8.07671e+00 | 74 -0.00591 -8.21142e+00 | 75 -0.03786 -1.06550e+00
 76 -0.00740 -7.14933e+00 | 77 -0.02377 -2.47475e+00 | 78  0.02306 -1.39439e+01
 79  0.01683 -1.09354e+01 | 80  0.00738 -6.60823e+00 | 81 -0.01458 -1.33122e+00
 82  0.00824 -4.88782e+00 | 83  0.03571 -1.13551e+01 | 84 -0.01884  1.16441e+00
 85  0.00185 -7.99939e-01 | 86 -0.00522  1.20850e+00 | 87 -0.02432  3.29851e+00
 88  0.01712 -2.55469e-01 | 89  0.00080  2.15650e+00 | 90 -0.00140  3.48252e+00
 91  0.01089  3.22510e+00 | 92  0.00861  4.39456e+00 | 93  0.05051  1.35731e+00
 94 -0.06433  8.70118e+00 | 95 -0.03339  7.59633e+00 | 96  0.00409  7.73501e+00
 97 -0.00932  7.61823e+00 | 98  0.02767  7.95031e+00 | 99 -0.03818  8.93480e+00
100  0.01407  9.40356e+00 |101 -0.00354  9.26719e+00 |102 -0.02179  9.65603e+00
103  0.01737  8.79338e+00 |104 -0.00006  9.05869e+00 |105  0.00014  9.05676e+00
106  0.00462 -6.82468e+01 |107 -0.06413 -1.79691e+01 |108 -0.42714  2.31692e+01
109 -0.25854 -4.32138e-01 |110 -0.25278 -7.52580e-02 |
110 variables; iteration 100; function evaluation 149; phase 5
Function value 5.5070908e+02; maximum gradient component mag -1.7992e+00
Var    Value     Gradient |Var    Value     Gradient |Var    Value     Gradient
  1 -0.41444 -7.47087e-02 |  2 -0.41392 -1.79924e+00 |  3 -0.42435 -7.47599e-01
  4 -0.40887  6.91674e-03 |  5 -0.45927 -1.74611e-02 |  6  0.62336 -1.63821e+00
  7  0.00008  3.22452e-03 |  8  0.00002  7.10149e-04 |  9  0.00002  8.73646e-04
 10  0.00003  1.07599e-03 | 11  0.00018  3.73502e-02 | 12  0.00019  3.92285e-02
 13  0.00020  4.14099e-02 | 14  0.00021  4.38931e-02 | 15  0.00023  4.66392e-02
 16  0.00024  4.95510e-02 | 17  0.00025  5.24695e-02 | 18  0.00027  5.52055e-02
 19  0.00029  5.73720e-02 | 20  0.00091  5.86529e-02 | 21  0.00035  5.88006e-02
 22  0.00038  5.79349e-02 | 23  0.00042  5.66527e-02 | 24  0.00046  5.57917e-02
 25  0.00051  5.61325e-02 | 26  0.00056  5.78973e-02 | 27  0.00059  5.87677e-02
 28  0.00106  6.25816e-02 | 29  0.00471  4.83684e-02 | 30  0.00092 -7.40440e-03
 31  0.00139  5.38882e-03 | 32  0.00619  2.17007e-02 | 33  0.00290  8.94081e-02
 34  0.00023  1.98802e-02 | 35  0.00065  3.69091e-02 | 36  0.00594  4.07183e-02
 37  0.00007  4.71626e-03 | 38 -0.00683  5.77674e-02 | 39 -0.00623 -4.52405e-03
 40 -0.00145  1.03304e-02 | 41  0.00012 -4.00840e-02 | 42  0.00041 -7.18051e-03
 43  0.02388 -7.59349e-03 | 44  0.01187 -2.60808e-02 | 45  0.00061  3.82672e-03
 46  0.00369 -6.23921e-03 | 47  0.00148 -1.30491e-02 | 48 -0.00108 -2.04986e-02
 49  0.00339 -2.43690e-02 | 50 -0.00370 -9.20335e-03 | 51  0.00519 -5.07868e-02
 52  0.00879 -6.96865e-02 | 53 -0.01501 -3.01296e-02 | 54 -0.01407 -2.63985e-02
 55 -0.00311 -3.20866e-02 | 56  0.00393 -4.76691e-02 | 57  0.00705 -6.64448e-02
 58  0.01008 -1.31768e-01 | 59 -0.00724 -6.04032e-02 | 60 -0.00259 -5.38419e-02
 61 -0.00958 -1.02537e-02 | 62 -0.01330 -4.73787e-02 | 63 -0.00812 -7.08969e-02
 64 -0.00063 -6.69790e-02 | 65 -0.00648 -7.20090e-02 | 66  0.03457 -1.16050e-01
 67 -0.01516 -3.46783e-02 | 68  0.02158 -1.17547e-01 | 69 -0.00871 -3.68670e-02
 70  0.01229 -6.85716e-02 | 71  0.02432 -1.20129e-01 | 72 -0.01143 -3.87162e-02
 73 -0.00537 -3.45379e-02 | 74 -0.00582 -3.78820e-02 | 75 -0.03779  7.52807e-03
 76 -0.00728 -3.22757e-02 | 77 -0.02372  4.91973e-03 | 78  0.02315 -3.86145e-02
 79  0.01695 -5.03846e-02 | 80  0.00751 -2.15801e-02 | 81 -0.01447  2.67052e-02
 82  0.00836  8.23039e-03 | 83  0.03581 -2.94466e-02 | 84 -0.01872  2.88141e-02
 85  0.00191  9.40774e-03 | 86 -0.00515  2.70610e-02 | 87 -0.02423  5.17411e-02
 88  0.01720  2.19894e-02 | 89  0.00089  2.99790e-02 | 90 -0.00129  4.76737e-02
 91  0.01095  3.27259e-02 | 92  0.00870  3.18750e-02 | 93  0.05055  1.47154e-02
 94 -0.06432  4.68138e-02 | 95 -0.03335  4.79652e-02 | 96  0.00412  6.62598e-02
 97 -0.00930  4.43626e-02 | 98  0.02770  5.15371e-02 | 99 -0.03822  3.68811e-02
100  0.01409  6.81830e-02 |101 -0.00357  4.14125e-02 |102 -0.02179  2.92044e-02
103  0.01750  4.69816e-02 |104 -0.00006  1.96924e-02 |105  0.00015  2.80603e-02
106  0.00469 -5.08115e-01 |107 -0.06355 -9.70198e-02 |108 -0.42685  1.27553e-01
109 -0.25815 -1.05706e-03 |110 -0.25275  4.29571e-03 |
110 variables; iteration 120; function evaluation 187; phase 5
Function value 5.5070907e+02; maximum gradient component mag 7.7197e-03
Var    Value     Gradient |Var    Value     Gradient |Var    Value     Gradient
  1 -0.41444  4.24973e-04 |  2 -0.41392  7.71966e-03 |  3 -0.42436  3.31371e-03
  4 -0.40887  1.05341e-04 |  5 -0.45929  1.02153e-04 |  6  0.62337  6.87216e-03
  7  0.00008  1.86331e-04 |  8  0.00002 -5.19509e-05 |  9  0.00002 -1.55381e-05
 10  0.00003  3.61075e-05 | 11  0.00020 -3.45945e-04 | 12  0.00020 -2.20924e-04
 13  0.00021 -1.06515e-04 | 14  0.00022 -3.65425e-05 | 15  0.00023 -3.47664e-05
 16  0.00025 -8.89163e-05 | 17  0.00025 -1.44145e-04 | 18  0.00027 -1.81009e-04
 19  0.00029 -1.70232e-04 | 20  0.00091 -2.21020e-04 | 21  0.00035 -3.57925e-04
 22  0.00038 -3.83174e-04 | 23  0.00041 -1.98458e-04 | 24  0.00045 -2.42229e-04
 25  0.00050 -3.85941e-04 | 26  0.00055 -8.67647e-05 | 27  0.00058 -1.97695e-04
 28  0.00105 -1.20616e-04 | 29  0.00471 -2.07151e-04 | 30  0.00095 -1.69152e-04
 31  0.00141 -1.56513e-05 | 32  0.00620 -1.24344e-04 | 33  0.00286 -5.90818e-04
 34  0.00023  1.89134e-04 | 35  0.00064 -1.43668e-04 | 36  0.00593  1.08147e-04
 37  0.00008 -2.44719e-04 | 38 -0.00685 -1.23579e-04 | 39 -0.00622 -6.71790e-05
 40 -0.00145 -3.39684e-04 | 41  0.00015  3.00393e-04 | 42  0.00042  9.85851e-05
 43  0.02387  6.39933e-05 | 44  0.01188  7.95782e-05 | 45  0.00060 -5.51439e-05
 46  0.00368  4.73035e-05 | 47  0.00148  5.06879e-05 | 48 -0.00108  4.55753e-05
 49  0.00339  1.09411e-04 | 50 -0.00371  8.93403e-05 | 51  0.00519  2.41852e-04
 52  0.00879  1.40120e-04 | 53 -0.01501  7.09297e-05 | 54 -0.01407  1.05594e-04
 55 -0.00312  1.94679e-04 | 56  0.00392  2.62870e-04 | 57  0.00705  2.53333e-04
 58  0.01011  3.45659e-04 | 59 -0.00723  2.08317e-04 | 60 -0.00259  1.61502e-04
 61 -0.00960  1.98693e-04 | 62 -0.01330  1.81801e-04 | 63 -0.00812  2.11326e-04
 64 -0.00063  2.86552e-04 | 65 -0.00647  1.81476e-04 | 66  0.03455  7.01453e-04
 67 -0.01516  1.27776e-04 | 68  0.02159  4.12372e-04 | 69 -0.00871  1.38828e-04
 70  0.01228  3.66392e-04 | 71  0.02432  4.86983e-04 | 72 -0.01143  1.67822e-04
 73 -0.00537  2.16473e-04 | 74 -0.00582  1.99409e-04 | 75 -0.03780  4.76644e-05
 76 -0.00728  1.65747e-04 | 77 -0.02372  5.37103e-05 | 78  0.02315  2.99343e-04
 79  0.01695  2.79166e-04 | 80  0.00751  1.48489e-04 | 81 -0.01448 -1.91126e-05
 82  0.00836  1.09010e-04 | 83  0.03581  2.94992e-04 | 84 -0.01872 -3.73632e-05
 85  0.00191  6.29191e-05 | 86 -0.00515 -3.84062e-05 | 87 -0.02423 -7.99453e-05
 88  0.01720  1.20384e-07 | 89  0.00089 -2.95006e-05 | 90 -0.00129 -9.55528e-05
 91  0.01095 -7.22003e-05 | 92  0.00870 -1.06810e-04 | 93  0.05055 -1.36574e-05
 94 -0.06432 -1.77061e-04 | 95 -0.03335 -1.87085e-04 | 96  0.00412 -2.54138e-04
 97 -0.00930 -1.77714e-04 | 98  0.02770 -2.30025e-04 | 99 -0.03821 -1.68706e-04
100  0.01409 -2.96951e-04 |101 -0.00357 -2.34730e-04 |102 -0.02179 -2.15611e-04
103  0.01751 -2.41462e-04 |104 -0.00004 -3.94825e-04 |105  0.00016 -1.92376e-04
106  0.00469  9.55377e-04 |107 -0.06355  4.27608e-04 |108 -0.42685 -5.58137e-04
109 -0.25815  3.95041e-05 |110 -0.25275  5.83789e-05 |
  ic > imax  in fminim is answer attained ?
Var    Value     Gradient |Var    Value     Gradient |Var    Value     Gradient
  1 -0.41444  2.85877e-05 |  2 -0.41392  5.19385e-04 |  3 -0.42436  2.22924e-04
  4 -0.40887  7.06626e-06 |  5 -0.45929  6.86075e-06 |  6  0.62337  4.62493e-04
  7  0.00008  2.15158e-05 |  8  0.00002  9.44584e-06 |  9  0.00002 -6.27505e-06
 10  0.00003 -1.74003e-05 | 11  0.00020 -1.20723e-05 | 12  0.00020 -2.30714e-05
 13  0.00021 -1.31670e-05 | 14  0.00022  3.10663e-06 | 15  0.00023  6.85119e-06
 16  0.00025 -6.34505e-06 | 17  0.00025 -1.97845e-05 | 18  0.00027 -2.29389e-05
 19  0.00029 -4.66345e-06 | 20  0.00091  4.48932e-08 | 21  0.00035 -3.71677e-05
 22  0.00038 -3.20149e-05 | 23  0.00041  7.01388e-06 | 24  0.00045 -3.62191e-05
 25  0.00050 -1.12739e-05 | 26  0.00055 -1.61499e-05 | 27  0.00058 -8.70264e-06
 28  0.00105 -8.43262e-06 | 29  0.00471 -1.40506e-05 | 30  0.00095 -1.14901e-05
 31  0.00141 -1.13108e-06 | 32  0.00620 -8.43919e-06 | 33  0.00286 -3.98762e-05
 34  0.00023  1.27552e-05 | 35  0.00064 -9.78975e-06 | 36  0.00593  7.30698e-06
 37  0.00008 -1.64447e-05 | 38 -0.00685 -8.31612e-06 | 39 -0.00622 -4.52609e-06
 40 -0.00145 -2.29211e-05 | 41  0.00015  2.01927e-05 | 42  0.00042  6.62612e-06
 43  0.02387  4.35602e-06 | 44  0.01188  5.31210e-06 | 45  0.00060 -3.73882e-06
 46  0.00368  3.16820e-06 | 47  0.00148  3.39713e-06 | 48 -0.00108  3.08010e-06
 49  0.00339  7.33211e-06 | 50 -0.00371  5.97403e-06 | 51  0.00519  1.63421e-05
 52  0.00879  9.44850e-06 | 53 -0.01501  4.71466e-06 | 54 -0.01407  7.06290e-06
 55 -0.00312  1.31111e-05 | 56  0.00392  1.76846e-05 | 57  0.00705  1.71164e-05
 58  0.01011  2.33017e-05 | 59 -0.00723  1.41359e-05 | 60 -0.00259  1.08911e-05
 61 -0.00960  1.34429e-05 | 62 -0.01330  1.22366e-05 | 63 -0.00812  1.42631e-05
 64 -0.00063  1.91870e-05 | 65 -0.00647  1.21129e-05 | 66  0.03455  4.71677e-05
 67 -0.01516  8.54336e-06 | 68  0.02159  2.78491e-05 | 69 -0.00871  9.30349e-06
 70  0.01228  2.46792e-05 | 71  0.02432  3.27885e-05 | 72 -0.01143  1.13051e-05
 73 -0.00537  1.46076e-05 | 74 -0.00582  1.34296e-05 | 75 -0.03780  3.21604e-06
 76 -0.00728  1.11481e-05 | 77 -0.02372  3.60795e-06 | 78  0.02315  2.01088e-05
 79  0.01695  1.88111e-05 | 80  0.00751  9.99673e-06 | 81 -0.01448 -1.31135e-06
 82  0.00836  7.31498e-06 | 83  0.03581  1.98482e-05 | 84 -0.01872 -2.51671e-06
 85  0.00191  4.24880e-06 | 86 -0.00515 -2.58750e-06 | 87 -0.02423 -5.38761e-06
 88  0.01720  3.19699e-09 | 89  0.00089 -1.98207e-06 | 90 -0.00129 -6.44549e-06
 91  0.01095 -4.86860e-06 | 92  0.00870 -7.18204e-06 | 93  0.05055 -9.02273e-07
 94 -0.06432 -1.18890e-05 | 95 -0.03335 -1.25940e-05 | 96  0.00412 -1.71135e-05
 97 -0.00930 -1.19555e-05 | 98  0.02770 -1.54807e-05 | 99 -0.03821 -1.13196e-05
100  0.01409 -2.00006e-05 |101 -0.00357 -1.57866e-05 |102 -0.02179 -1.44930e-05
103  0.01751 -1.62212e-05 |104 -0.00004 -2.65518e-05 |105  0.00016 -1.49675e-05
106  0.00469  6.44255e-05 |107 -0.06355  2.87666e-05 |108 -0.42685 -3.75482e-05
109 -0.25815  2.66312e-06 |110 -0.25275  3.90686e-06 |
Function minimizer not making progress ... is minimum attained?
Minimprove criterion = 0.0000e+00

 - final statistics:
110 variables; iteration 131; function evaluation 234
Function value 5.5071e+02; maximum gradient component mag 5.1939e-04
Exit code = 1;  converg criter 1.0000e-04
Var    Value     Gradient |Var    Value     Gradient |Var    Value     Gradient
  1 -0.41444  2.85877e-05 |  2 -0.41392  5.19385e-04 |  3 -0.42436  2.22924e-04
  4 -0.40887  7.06626e-06 |  5 -0.45929  6.86075e-06 |  6  0.62337  4.62493e-04
  7  0.00008  2.15158e-05 |  8  0.00002  9.44584e-06 |  9  0.00002 -6.27505e-06
 10  0.00003 -1.74003e-05 | 11  0.00020 -1.20723e-05 | 12  0.00020 -2.30714e-05
 13  0.00021 -1.31670e-05 | 14  0.00022  3.10663e-06 | 15  0.00023  6.85119e-06
 16  0.00025 -6.34505e-06 | 17  0.00025 -1.97845e-05 | 18  0.00027 -2.29389e-05
 19  0.00029 -4.66345e-06 | 20  0.00091  4.48932e-08 | 21  0.00035 -3.71677e-05
 22  0.00038 -3.20149e-05 | 23  0.00041  7.01388e-06 | 24  0.00045 -3.62191e-05
 25  0.00050 -1.12739e-05 | 26  0.00055 -1.61499e-05 | 27  0.00058 -8.70264e-06
 28  0.00105 -8.43262e-06 | 29  0.00471 -1.40506e-05 | 30  0.00095 -1.14901e-05
 31  0.00141 -1.13108e-06 | 32  0.00620 -8.43919e-06 | 33  0.00286 -3.98762e-05
 34  0.00023  1.27552e-05 | 35  0.00064 -9.78975e-06 | 36  0.00593  7.30698e-06
 37  0.00008 -1.64447e-05 | 38 -0.00685 -8.31612e-06 | 39 -0.00622 -4.52609e-06
 40 -0.00145 -2.29211e-05 | 41  0.00015  2.01927e-05 | 42  0.00042  6.62612e-06
 43  0.02387  4.35602e-06 | 44  0.01188  5.31210e-06 | 45  0.00060 -3.73882e-06
 46  0.00368  3.16820e-06 | 47  0.00148  3.39713e-06 | 48 -0.00108  3.08010e-06
 49  0.00339  7.33211e-06 | 50 -0.00371  5.97403e-06 | 51  0.00519  1.63421e-05
 52  0.00879  9.44850e-06 | 53 -0.01501  4.71466e-06 | 54 -0.01407  7.06290e-06
 55 -0.00312  1.31111e-05 | 56  0.00392  1.76846e-05 | 57  0.00705  1.71164e-05
 58  0.01011  2.33017e-05 | 59 -0.00723  1.41359e-05 | 60 -0.00259  1.08911e-05
 61 -0.00960  1.34429e-05 | 62 -0.01330  1.22366e-05 | 63 -0.00812  1.42631e-05
 64 -0.00063  1.91870e-05 | 65 -0.00647  1.21129e-05 | 66  0.03455  4.71677e-05
 67 -0.01516  8.54336e-06 | 68  0.02159  2.78491e-05 | 69 -0.00871  9.30349e-06
 70  0.01228  2.46792e-05 | 71  0.02432  3.27885e-05 | 72 -0.01143  1.13051e-05
 73 -0.00537  1.46076e-05 | 74 -0.00582  1.34296e-05 | 75 -0.03780  3.21604e-06
 76 -0.00728  1.11481e-05 | 77 -0.02372  3.60795e-06 | 78  0.02315  2.01088e-05
 79  0.01695  1.88111e-05 | 80  0.00751  9.99673e-06 | 81 -0.01448 -1.31135e-06
 82  0.00836  7.31498e-06 | 83  0.03581  1.98482e-05 | 84 -0.01872 -2.51671e-06
 85  0.00191  4.24880e-06 | 86 -0.00515 -2.58750e-06 | 87 -0.02423 -5.38761e-06
 88  0.01720  3.19699e-09 | 89  0.00089 -1.98207e-06 | 90 -0.00129 -6.44549e-06
 91  0.01095 -4.86860e-06 | 92  0.00870 -7.18204e-06 | 93  0.05055 -9.02273e-07
 94 -0.06432 -1.18890e-05 | 95 -0.03335 -1.25940e-05 | 96  0.00412 -1.71135e-05
 97 -0.00930 -1.19555e-05 | 98  0.02770 -1.54807e-05 | 99 -0.03821 -1.13196e-05
100  0.01409 -2.00006e-05 |101 -0.00357 -1.57866e-05 |102 -0.02179 -1.44930e-05
103  0.01751 -1.62212e-05 |104 -0.00004 -2.65518e-05 |105  0.00016 -1.49675e-05
106  0.00469  6.44255e-05 |107 -0.06355  2.87666e-05 |108 -0.42685 -3.75482e-05
109 -0.25815  2.66312e-06 |110 -0.25275  3.90686e-06 |

Initial statistics: 111 variables; iteration 0; function evaluation 0; phase 6
Function value 5.5070907e+02; maximum gradient component mag 5.1935e-04
Var    Value     Gradient |Var    Value     Gradient |Var    Value     Gradient
  1 -0.41444  2.85859e-05 |  2 -0.41392  5.19351e-04 |  3 -0.42436  2.22909e-04
  4 -0.40887  7.06575e-06 |  5 -0.45929  6.86030e-06 |  6  0.62337  4.62462e-04
  7  0.00008  2.15035e-05 |  8  0.00002  9.47608e-06 |  9  0.00002 -6.29502e-06
 10  0.00003 -1.74152e-05 | 11  0.00020 -1.18377e-05 | 12  0.00020 -2.27909e-05
 13  0.00021 -1.28781e-05 | 14  0.00022  3.34802e-06 | 15  0.00023  7.08822e-06
 16  0.00025 -6.05904e-06 | 17  0.00025 -1.94936e-05 | 18  0.00027 -2.27315e-05
 19  0.00029 -4.36518e-06 | 20  0.00091  2.82945e-07 | 21  0.00035 -3.68965e-05
 22  0.00038 -3.17562e-05 | 23  0.00041  7.27319e-06 | 24  0.00045 -3.59570e-05
 25  0.00050 -1.10136e-05 | 26  0.00055 -1.58892e-05 | 27  0.00058 -8.44239e-06
 28  0.00105 -8.17227e-06 | 29  0.00471 -1.37896e-05 | 30  0.00095 -1.12292e-05
 31  0.00141 -8.71062e-07 | 32  0.00620 -8.17857e-06 | 33  0.00286 -3.96128e-05
 34  0.00023  1.30134e-05 | 35  0.00064 -9.52868e-06 | 36  0.00593  7.56593e-06
 37  0.00008 -1.61838e-05 | 38 -0.00685 -8.05579e-06 | 39 -0.00622 -4.26606e-06
 40 -0.00145 -2.26592e-05 | 41  0.00015  2.04508e-05 | 42  0.00042  6.88527e-06
 43  0.02387  4.61534e-06 | 44  0.01188  5.57147e-06 | 45  0.00060 -3.47860e-06
 46  0.00368  3.42780e-06 | 47  0.00148  3.65670e-06 | 48 -0.00108  3.33963e-06
 49  0.00339  7.59138e-06 | 50 -0.00371  6.23344e-06 | 51  0.00519  1.66005e-05
 52  0.00879  9.70762e-06 | 53 -0.01501  4.97405e-06 | 54 -0.01407  7.32213e-06
 55 -0.00312  1.33700e-05 | 56  0.00392  1.79431e-05 | 57  0.00705  1.73750e-05
 58  0.01011  2.35598e-05 | 59 -0.00723  1.43947e-05 | 60 -0.00259  1.11502e-05
 61 -0.00960  1.37017e-05 | 62 -0.01330  1.24953e-05 | 63 -0.00812  1.45219e-05
 64 -0.00063  1.94456e-05 | 65 -0.00647  1.23720e-05 | 66  0.03455  4.74238e-05
 67 -0.01516  8.80258e-06 | 68  0.02159  2.81068e-05 | 69 -0.00871  9.56265e-06
 70  0.01228  2.49372e-05 | 71  0.02432  3.30459e-05 | 72 -0.01143  1.15640e-05
 73 -0.00537  1.48663e-05 | 74 -0.00582  1.36885e-05 | 75 -0.03780  3.47509e-06
 76 -0.00728  1.14071e-05 | 77 -0.02372  3.86730e-06 | 78  0.02315  2.03670e-05
 79  0.01695  1.90694e-05 | 80  0.00751  1.02558e-05 | 81 -0.01448 -1.05153e-06
 82  0.00836  7.57419e-06 | 83  0.03581  2.01061e-05 | 84 -0.01872 -2.25690e-06
 85  0.00191  4.50821e-06 | 86 -0.00515 -2.32757e-06 | 87 -0.02423 -5.12770e-06
 88  0.01720  2.62835e-07 | 89  0.00089 -1.72222e-06 | 90 -0.00129 -6.18531e-06
 91  0.01095 -4.60858e-06 | 92  0.00870 -6.92185e-06 | 93  0.05055 -6.43308e-07
 94 -0.06432 -1.16298e-05 | 95 -0.03335 -1.23337e-05 | 96  0.00412 -1.68525e-05
 97 -0.00930 -1.16950e-05 | 98  0.02770 -1.52201e-05 | 99 -0.03821 -1.10596e-05
100  0.01409 -1.97395e-05 |101 -0.00357 -1.55258e-05 |102 -0.02179 -1.42325e-05
103  0.01751 -1.59604e-05 |104 -0.00004 -2.62905e-05 |105  0.00016 -1.47103e-05
106  0.00000  0.00000e+00 |107  0.00469  6.44218e-05 |108 -0.06355  2.87646e-05
109 -0.42685 -3.75457e-05 |110 -0.25815  2.66291e-06 |111 -0.25275  3.90653e-06
  ic > imax  in fminim is answer attained ?
Var    Value     Gradient |Var    Value     Gradient |Var    Value     Gradient
  1 -0.41444 -1.78614e-05 |  2 -0.41392 -1.54750e-04 |  3 -0.42436 -7.77610e-05
  4 -0.40887  4.13774e-07 |  5 -0.45929 -2.91031e-06 |  6  0.62337 -1.03885e-04
  7  0.00008  2.09226e-05 |  8  0.00002  9.34750e-06 |  9  0.00002 -6.45123e-06
 10  0.00003 -1.76054e-05 | 11  0.00020  5.95080e-06 | 12  0.00020 -5.05276e-06
 13  0.00021  4.79801e-06 | 14  0.00022  2.09488e-05 | 15  0.00023  2.45987e-05
 16  0.00025  1.13433e-05 | 17  0.00025 -2.22124e-06 | 18  0.00027 -5.61523e-06
 19  0.00029  1.25644e-05 | 20  0.00091  1.69795e-05 | 21  0.00035 -2.04460e-05
 22  0.00038 -1.56092e-05 | 23  0.00041  2.30673e-05 | 24  0.00045 -2.05637e-05
 25  0.00050  3.92371e-06 | 26  0.00055 -1.45877e-06 | 27  0.00058  5.43337e-06
 28  0.00105  5.07359e-06 | 29  0.00471 -1.49972e-06 | 30  0.00095  7.24627e-07
 31  0.00141  1.03139e-05 | 32  0.00620  2.17848e-06 | 33  0.00286 -2.96865e-05
 34  0.00023  2.24098e-05 | 35  0.00064 -1.11400e-06 | 36  0.00593  1.40763e-05
 37  0.00008 -9.68479e-06 | 38 -0.00685 -1.33600e-06 | 39 -0.00622  1.32335e-06
 40 -0.00145 -1.91728e-05 | 41  0.00015  2.23700e-05 | 42  0.00042  7.47639e-06
 43  0.02387 -4.44991e-06 | 44  0.01188 -4.57721e-07 | 45  0.00060 -6.99011e-06
 46  0.00368 -2.62851e-06 | 47  0.00148 -3.01373e-06 | 48 -0.00108 -3.74426e-06
 49  0.00339 -2.84292e-06 | 50 -0.00371 -2.54690e-06 | 51  0.00519  2.21524e-06
 52  0.00879 -8.20514e-06 | 53 -0.01501 -2.81640e-06 | 54 -0.01407 -1.89998e-06
 55 -0.00312 -2.16709e-06 | 56  0.00392 -2.70544e-06 | 57  0.00705 -6.37301e-06
 58  0.01011 -3.41668e-06 | 59 -0.00723 -2.76320e-06 | 60 -0.00259 -9.58105e-06
 61 -0.00960 -3.67311e-06 | 62 -0.01330 -3.21119e-06 | 63 -0.00812 -4.03800e-06
 64 -0.00063 -3.26258e-06 | 65 -0.00647 -6.26752e-06 | 66  0.03455 -3.07825e-06
 67 -0.01516 -4.02823e-06 | 68  0.02159 -8.16507e-06 | 69 -0.00871 -5.82828e-06
 70  0.01228 -3.26142e-06 | 71  0.02432 -4.57120e-06 | 72 -0.01143 -1.95212e-06
 73 -0.00537 -1.66326e-06 | 74 -0.00582 -2.19491e-06 | 75 -0.03780  1.49482e-06
 76 -0.00728 -1.44438e-06 | 77 -0.02372 -5.36762e-07 | 78  0.02315 -5.08254e-06
 79  0.01695  5.08532e-07 | 80  0.00751 -5.97939e-07 | 81 -0.01448 -2.04796e-06
 82  0.00836  2.50323e-07 | 83  0.03581  1.43702e-06 | 84 -0.01872  1.49969e-06
 85  0.00191  3.96776e-06 | 86 -0.00515  6.90406e-07 | 87 -0.02423  2.57881e-06
 88  0.01720  1.07760e-06 | 89  0.00089  4.33244e-06 | 90 -0.00129  2.23752e-06
 91  0.01095  2.97428e-06 | 92  0.00870  2.88670e-06 | 93  0.05055  2.90112e-06
 94 -0.06432  4.47577e-06 | 95 -0.03335  2.93833e-06 | 96  0.00412 -2.08674e-06
 97 -0.00930  3.76997e-06 | 98  0.02770  3.69612e-07 | 99 -0.03821  6.29307e-06
100  0.01409 -1.65134e-06 |101 -0.00357  2.64514e-06 |102 -0.02179  4.41813e-06
103  0.01751  2.11299e-06 |104 -0.00004 -8.26764e-06 |105  0.00016  3.31151e-06
106  0.00000  0.00000e+00 |107  0.00469 -6.23053e-05 |108 -0.06355 -6.51900e-06
109 -0.42685  8.74189e-06 |110 -0.25815  1.26549e-06 |111 -0.25275  5.76163e-06
Function minimizer not making progress ... is minimum attained?
Minimprove criterion = 0.0000e+00

 - final statistics:
111 variables; iteration 2; function evaluation 32
Function value 5.5071e+02; maximum gradient component mag -1.5475e-04
Exit code = 1;  converg criter 1.0000e-04
Var    Value     Gradient |Var    Value     Gradient |Var    Value     Gradient
  1 -0.41444 -1.78614e-05 |  2 -0.41392 -1.54750e-04 |  3 -0.42436 -7.77610e-05
  4 -0.40887  4.13774e-07 |  5 -0.45929 -2.91031e-06 |  6  0.62337 -1.03885e-04
  7  0.00008  2.09226e-05 |  8  0.00002  9.34750e-06 |  9  0.00002 -6.45123e-06
 10  0.00003 -1.76054e-05 | 11  0.00020  5.95080e-06 | 12  0.00020 -5.05276e-06
 13  0.00021  4.79801e-06 | 14  0.00022  2.09488e-05 | 15  0.00023  2.45987e-05
 16  0.00025  1.13433e-05 | 17  0.00025 -2.22124e-06 | 18  0.00027 -5.61523e-06
 19  0.00029  1.25644e-05 | 20  0.00091  1.69795e-05 | 21  0.00035 -2.04460e-05
 22  0.00038 -1.56092e-05 | 23  0.00041  2.30673e-05 | 24  0.00045 -2.05637e-05
 25  0.00050  3.92371e-06 | 26  0.00055 -1.45877e-06 | 27  0.00058  5.43337e-06
 28  0.00105  5.07359e-06 | 29  0.00471 -1.49972e-06 | 30  0.00095  7.24627e-07
 31  0.00141  1.03139e-05 | 32  0.00620  2.17848e-06 | 33  0.00286 -2.96865e-05
 34  0.00023  2.24098e-05 | 35  0.00064 -1.11400e-06 | 36  0.00593  1.40763e-05
 37  0.00008 -9.68479e-06 | 38 -0.00685 -1.33600e-06 | 39 -0.00622  1.32335e-06
 40 -0.00145 -1.91728e-05 | 41  0.00015  2.23700e-05 | 42  0.00042  7.47639e-06
 43  0.02387 -4.44991e-06 | 44  0.01188 -4.57721e-07 | 45  0.00060 -6.99011e-06
 46  0.00368 -2.62851e-06 | 47  0.00148 -3.01373e-06 | 48 -0.00108 -3.74426e-06
 49  0.00339 -2.84292e-06 | 50 -0.00371 -2.54690e-06 | 51  0.00519  2.21524e-06
 52  0.00879 -8.20514e-06 | 53 -0.01501 -2.81640e-06 | 54 -0.01407 -1.89998e-06
 55 -0.00312 -2.16709e-06 | 56  0.00392 -2.70544e-06 | 57  0.00705 -6.37301e-06
 58  0.01011 -3.41668e-06 | 59 -0.00723 -2.76320e-06 | 60 -0.00259 -9.58105e-06
 61 -0.00960 -3.67311e-06 | 62 -0.01330 -3.21119e-06 | 63 -0.00812 -4.03800e-06
 64 -0.00063 -3.26258e-06 | 65 -0.00647 -6.26752e-06 | 66  0.03455 -3.07825e-06
 67 -0.01516 -4.02823e-06 | 68  0.02159 -8.16507e-06 | 69 -0.00871 -5.82828e-06
 70  0.01228 -3.26142e-06 | 71  0.02432 -4.57120e-06 | 72 -0.01143 -1.95212e-06
 73 -0.00537 -1.66326e-06 | 74 -0.00582 -2.19491e-06 | 75 -0.03780  1.49482e-06
 76 -0.00728 -1.44438e-06 | 77 -0.02372 -5.36762e-07 | 78  0.02315 -5.08254e-06
 79  0.01695  5.08532e-07 | 80  0.00751 -5.97939e-07 | 81 -0.01448 -2.04796e-06
 82  0.00836  2.50323e-07 | 83  0.03581  1.43702e-06 | 84 -0.01872  1.49969e-06
 85  0.00191  3.96776e-06 | 86 -0.00515  6.90406e-07 | 87 -0.02423  2.57881e-06
 88  0.01720  1.07760e-06 | 89  0.00089  4.33244e-06 | 90 -0.00129  2.23752e-06
 91  0.01095  2.97428e-06 | 92  0.00870  2.88670e-06 | 93  0.05055  2.90112e-06
 94 -0.06432  4.47577e-06 | 95 -0.03335  2.93833e-06 | 96  0.00412 -2.08674e-06
 97 -0.00930  3.76997e-06 | 98  0.02770  3.69612e-07 | 99 -0.03821  6.29307e-06
100  0.01409 -1.65134e-06 |101 -0.00357  2.64514e-06 |102 -0.02179  4.41813e-06
103  0.01751  2.11299e-06 |104 -0.00004 -8.26764e-06 |105  0.00016  3.31151e-06
106  0.00000  0.00000e+00 |107  0.00469 -6.23053e-05 |108 -0.06355 -6.51900e-06
109 -0.42685  8.74189e-06 |110 -0.25815  1.26549e-06 |111 -0.25275  5.76163e-06
size of file gradfil1.tmp = 0
size of file gradfil2.tmp = 0
size of file varssave.tmp = 0
size of file cmpdiff.tmp = 0
