
Initial statistics: 1 variables; iteration 0; function evaluation 0; phase 1
Function value 2.9258216e+06; maximum gradient component mag -3.5767e+08
Var    Value     Gradient |Var    Value     Gradient |Var    Value     Gradient
  1  0.63197 -3.57666e+08 |

 - final statistics:
1 variables; iteration 12; function evaluation 21
Function value 7.3415e+02; maximum gradient component mag -7.7093e+00
Exit code = 1;  converg criter 1.0000e+01
Var    Value     Gradient |Var    Value     Gradient |Var    Value     Gradient
  1  0.65017 -7.70925e+00 |

Initial statistics: 98 variables; iteration 0; function evaluation 0; phase 2
Function value 7.3414789e+02; maximum gradient component mag -1.0593e+03
Var    Value     Gradient |Var    Value     Gradient |Var    Value     Gradient
  1  0.65017 -7.70925e+00 |  2  0.00000  7.35838e+00 |  3  0.00000  8.02153e+00
  4  0.00000  8.81123e+00 |  5  0.00000  9.74571e+00 |  6  0.00000  1.08433e+01
  7  0.00000  1.21196e+01 |  8  0.00000  1.30712e+01 |  9  0.00000  1.52236e+01
 10  0.00000  1.70480e+01 | 11  0.00000  1.73323e+01 | 12  0.00000  2.16859e+01
 13  0.00000  2.46647e+01 | 14  0.00000  2.86069e+01 | 15  0.00000  3.13483e+01
 16  0.00000  3.88083e+01 | 17  0.00000  4.33993e+01 | 18  0.00000  4.93434e+01
 19  0.00000  4.68330e+01 | 20  0.00000  3.55228e+01 | 21  0.00000  4.34730e+01
 22  0.00000  4.82217e+01 | 23  0.00000  4.74323e+01 | 24  0.00000  4.93555e+01
 25  0.00000  5.05347e+01 | 26  0.00000  4.96414e+01 | 27  0.00000  5.31359e+01
 28  0.00000  4.50210e+01 | 29  0.00000  5.48461e+01 | 30  0.00000  5.97410e+01
 31  0.00000  6.27818e+01 | 32  0.00000  6.02211e+01 | 33  0.00000  6.47342e+01
 34  0.00000  6.71329e+01 | 35  0.00000  2.57014e+00 | 36  0.00000  4.55915e+01
 37  0.00000  5.62053e+01 | 38  0.00000  6.73954e+01 | 39  0.00000  6.86662e+01
 40  0.00000  2.75202e+01 | 41  0.00000  5.37943e+01 | 42  0.00000  5.46065e+01
 43  0.00000  7.26492e+01 | 44  0.00000  9.24484e+01 | 45  0.00000  8.17039e+01
 46  0.00000  8.62652e+01 | 47  0.00000  8.35420e+01 | 48  0.00000  6.93188e+01
 49  0.00000  7.16257e+01 | 50  0.00000  1.08344e+02 | 51  0.00000  8.76091e+01
 52  0.00000  9.72330e+01 | 53  0.00000  1.11006e+02 | 54  0.00000  6.94772e+01
 55  0.00000  8.73482e+01 | 56  0.00000  5.14384e+01 | 57  0.00000  7.41206e+01
 58  0.00000  4.95155e+01 | 59  0.00000  1.25801e+01 | 60  0.00000  2.18833e+02
 61  0.00000  1.14835e+02 | 62  0.00000  5.86673e+01 | 63  0.00000  5.00291e+01
 64  0.00000 -3.62789e+00 | 65  0.00000  1.51074e+02 | 66  0.00000  1.88661e+02
 67  0.00000  2.74786e+02 | 68  0.00000 -4.56669e+02 | 69  0.00000 -6.20413e+02
 70  0.00000  3.06653e+02 | 71  0.00000 -9.79511e+02 | 72  0.00000 -3.91409e+02
 73  0.00000  1.16180e+02 | 74  0.00000 -5.18970e+02 | 75  0.00000  3.45556e+01
 76  0.00000 -2.24800e+02 | 77  0.00000 -5.22266e+02 | 78  0.00000 -2.60093e+02
 79  0.00000  4.08756e+02 | 80  0.00000  1.02654e+02 | 81  0.00000 -3.00322e+02
 82  0.00000  4.76957e+02 | 83  0.00000 -6.61393e+02 | 84  0.00000  3.36025e+02
 85  0.00000  8.17139e+01 | 86  0.00000 -2.92505e+02 | 87  0.00000 -1.90883e+02
 88  0.00000  2.98917e+01 | 89  0.00000  3.00285e+02 | 90  0.00000  1.06407e+02
 91  0.00000 -1.05933e+03 | 92  0.00000 -4.38482e+02 | 93  0.00000  7.07402e+02
 94  0.00000 -3.10468e+01 | 95  0.00000  4.54158e+00 | 96  0.00000  4.18020e+00
 97 -0.03546 -1.14585e+01 | 98 -0.31026  5.20180e+00 |

Intermediate statistics: 98 variables; iteration 20; function evaluation 37; phase 2
Function value 5.8863309e+02; maximum gradient component mag 7.2182e+02
Var    Value     Gradient |Var    Value     Gradient |Var    Value     Gradient
  1  0.64616  7.21817e+02 |  2 -0.00386 -2.81191e+01 |  3 -0.00402 -2.80428e+01
  4 -0.00420 -2.79469e+01 |  5 -0.00440 -2.78264e+01 |  6 -0.00463 -2.76751e+01
  7 -0.00487 -2.74858e+01 |  8 -0.00473 -2.71490e+01 |  9 -0.00534 -2.69562e+01
 10 -0.00554 -2.66002e+01 | 11 -0.00450 -2.59117e+01 | 12 -0.00615 -2.57585e+01
 13 -0.00667 -2.52864e+01 | 14 -0.00765 -2.48160e+01 | 15 -0.00775 -2.41440e+01
 16 -0.01051 -2.36088e+01 | 17 -0.01154 -2.28282e+01 | 18 -0.01342 -2.20438e+01
 19 -0.01167 -2.18089e+01 | 20 -0.00513 -2.14261e+01 | 21 -0.00781 -2.04151e+01
 22 -0.00872 -1.94539e+01 | 23 -0.00825 -1.92120e+01 | 24 -0.00791 -1.82984e+01
 25 -0.00713 -1.73381e+01 | 26 -0.00521 -1.63467e+01 | 27 -0.00596 -1.55672e+01
 28 -0.00038 -1.47888e+01 | 29 -0.00464 -1.40272e+01 | 30 -0.00574 -1.29093e+01
 31 -0.00424 -1.06901e+01 | 32 -0.00078 -9.19302e+00 | 33 -0.00181 -8.17840e+00
 34 -0.00486 -9.51842e+00 | 35  0.02224 -1.64373e+01 | 36  0.01046 -7.61178e+00
 37  0.00618 -6.62278e+00 | 38  0.00048 -6.53040e+00 | 39 -0.00179 -7.94248e+00
 40  0.01650 -1.19838e+01 | 41  0.00894 -7.55828e+00 | 42  0.00880 -7.97796e+00
 43 -0.00135 -8.63064e+00 | 44 -0.00845 -6.04347e+00 | 45 -0.00357 -7.55077e+00
 46 -0.00493 -8.06329e+00 | 47 -0.00399 -9.31549e+00 | 48  0.00270 -1.10938e+01
 49  0.00160 -1.17698e+01 | 50 -0.01136 -7.05023e+00 | 51 -0.00086 -9.66301e+00
 52 -0.00445 -9.33986e+00 | 53 -0.01019 -8.63778e+00 | 54  0.00576 -1.51150e+01
 55 -0.00197 -1.41511e+01 | 56  0.01642 -1.71669e+01 | 57  0.00353 -1.78899e+01
 58  0.01121 -2.24900e+01 | 59  0.01693 -3.43754e+01 | 60 -0.02861  9.71735e+00
 61 -0.00627 -1.85419e+01 | 62  0.00371 -3.69152e+01 | 63  0.00037 -5.15820e+01
 64  0.00883 -7.66263e+01 | 65 -0.00920 -2.39711e+01 | 66 -0.00901 -1.12932e+01
 67 -0.01433  3.51969e+01 | 68  0.01845 -2.15483e+02 | 69  0.02233 -1.35657e+02
 70 -0.01617  1.22214e+02 | 71  0.03569 -2.14508e+01 | 72  0.01514 -2.46778e+01
 73 -0.00216  1.37754e+02 | 74  0.02112 -3.68219e+01 | 75  0.00135  1.57046e+02
 76  0.00991  8.39677e+01 | 77  0.02283  1.82770e+02 | 78  0.01119  1.16807e+02
 79 -0.01334  2.16120e+02 | 80 -0.00338  1.64091e+02 | 81  0.01457  1.44579e+02
 82 -0.02259  2.58080e+02 | 83  0.02558  1.41799e+02 | 84 -0.01545  2.10642e+02
 85 -0.00141  1.01253e+02 | 86  0.01412  1.37005e+01 | 87  0.00929  1.24522e+01
 88  0.00079  5.09684e+01 | 89 -0.00750  6.12951e+01 | 90 -0.00267  2.45281e+01
 91  0.03665 -3.93548e+02 | 92  0.02225 -1.96654e+02 | 93 -0.03377  1.96617e+02
 94  0.02176 -2.31928e+01 | 95 -0.00323 -2.84685e+01 | 96 -0.00303 -2.84305e+01
 97 -0.03034  6.89228e+01 | 98 -0.29615 -1.68669e+01 |
98 variables; iteration 40; function evaluation 63; phase 2
Function value 5.7127617e+02; maximum gradient component mag -6.2775e+02
Var    Value     Gradient |Var    Value     Gradient |Var    Value     Gradient
  1  0.64634 -6.27747e+02 |  2  0.00281  2.04149e+01 |  3  0.00254  1.91799e+01
  4  0.00224  1.77088e+01 |  5  0.00189  1.59661e+01 |  6  0.00149  1.39155e+01
  7  0.00104  1.15202e+01 |  8  0.00066  8.37317e+00 |  9  0.00003  5.54442e+00
 10 -0.00050  1.90851e+00 | 11 -0.00053 -3.25662e+00 | 12 -0.00174 -6.37188e+00
 13 -0.00254 -1.08238e+01 | 14 -0.00379 -1.51112e+01 | 15 -0.00432 -1.98730e+01
 16 -0.00822 -2.31708e+01 | 17 -0.01022 -2.64552e+01 | 18 -0.01336 -2.81834e+01
 19 -0.01167 -3.01320e+01 | 20 -0.00019 -3.02786e+01 | 21 -0.00685 -3.36386e+01
 22 -0.00949 -3.58571e+01 | 23 -0.00956 -3.39316e+01 | 24 -0.01043 -3.54212e+01
 25 -0.01046 -3.63686e+01 | 26 -0.00783 -3.65163e+01 | 27 -0.01101 -3.67029e+01
 28  0.00458 -3.24678e+01 | 29 -0.00934 -3.43310e+01 | 30 -0.00987 -3.20331e+01
 31 -0.01195 -3.25560e+01 | 32 -0.00550 -2.95985e+01 | 33 -0.00580 -2.56464e+01
 34 -0.01406 -2.83282e+01 | 35  0.02901 -4.31421e+01 | 36  0.00404 -3.26274e+01
 37 -0.00253 -2.86252e+01 | 38 -0.00605 -2.17043e+01 | 39 -0.00889 -2.12486e+01
 40  0.01563 -3.32864e+01 | 41  0.00250 -2.68330e+01 | 42  0.00555 -2.42107e+01
 43 -0.00673 -1.86382e+01 | 44 -0.01016 -4.59581e+00 | 45 -0.00283 -3.86949e+00
 46 -0.00857 -1.14359e+01 | 47 -0.00666 -1.12807e+01 | 48 -0.00053 -1.72922e+01
 49 -0.00080 -1.46014e+01 | 50 -0.00958  7.15050e+00 | 51 -0.00428 -1.13619e+01
 52 -0.00703 -6.96618e+00 | 53 -0.01146  2.48326e-01 | 54  0.00236 -1.62491e+01
 55  0.00130  4.98900e+00 | 56  0.01297 -2.14056e+01 | 57  0.00820 -2.07303e+00
 58  0.02066  2.53351e+00 | 59  0.03004  1.14847e+01 | 60 -0.02874  3.28867e+01
 61 -0.00562 -2.00936e+00 | 62  0.00903 -9.13125e+00 | 63  0.00603 -1.26366e+01
 64  0.02409  8.49234e+00 | 65 -0.00017  3.80445e+01 | 66 -0.00589  1.44522e+01
 67 -0.01588  2.77962e+01 | 68  0.02912 -4.33135e+01 | 69  0.02988  1.09765e+01
 70 -0.02321  6.71320e+01 | 71  0.03688 -2.99044e+01 | 72  0.02271  1.07398e+02
 73 -0.01132 -3.78699e+01 | 74  0.02296 -3.92455e+01 | 75 -0.00057  9.69471e+01
 76  0.00852  3.35450e+01 | 77  0.02186  1.08788e+02 | 78  0.01015  6.48729e+01
 79 -0.02377  3.38013e+01 | 80 -0.01147  2.16720e+01 | 81  0.00745 -7.19390e+01
 82 -0.03884  8.11439e+01 | 83  0.02138 -2.25522e+00 | 84 -0.02951  3.89535e+01
 85 -0.00587  2.43356e+01 | 86  0.01437 -1.90775e+01 | 87  0.01590  1.65273e+02
 88 -0.00349 -1.33473e+01 | 89 -0.00924  3.31336e+01 | 90 -0.00382  8.95563e+00
 91  0.05023 -1.58735e+01 | 92  0.03397 -3.27622e+00 | 93 -0.06206  2.97276e+01
 94  0.02147  1.83274e+01 | 95  0.00392  2.63328e+01 | 96  0.00409  2.63248e+01
 97 -0.02931 -2.81664e+01 | 98 -0.29608 -6.73620e+00 |
98 variables; iteration 60; function evaluation 91; phase 2
Function value 5.6886045e+02; maximum gradient component mag 1.4730e+03
Var    Value     Gradient |Var    Value     Gradient |Var    Value     Gradient
  1  0.64558  1.47302e+03 |  2  0.00328 -3.46961e+01 |  3  0.00103 -3.66674e+01
  4 -0.00140 -3.87415e+01 |  5 -0.00340 -3.98114e+01 |  6 -0.00415 -3.83333e+01
  7 -0.00304 -3.29878e+01 |  8 -0.00025 -2.42317e+01 |  9  0.00226 -1.39791e+01
 10  0.00299 -6.90256e+00 | 11  0.00030 -8.28979e+00 | 12 -0.00161 -3.86578e+00
 13 -0.00430 -2.71638e+00 | 14 -0.00621  9.52962e-01 | 15 -0.00638  7.34965e+00
 16 -0.00885  1.17584e+01 | 17 -0.01019  1.52744e+01 | 18 -0.01257  1.58682e+01
 19 -0.01051  2.00617e+01 | 20 -0.00255  3.15556e+01 | 21 -0.00724  2.73961e+01
 22 -0.00878  2.89769e+01 | 23 -0.00890  2.49319e+01 | 24 -0.00901  2.62116e+01
 25 -0.00862  2.75713e+01 | 26 -0.00669  3.08881e+01 | 27 -0.00713  3.12140e+01
 28 -0.00345  3.18707e+01 | 29 -0.00520  3.37297e+01 | 30 -0.00668  3.10234e+01
 31 -0.00679  2.87956e+01 | 32 -0.00139  3.81494e+01 | 33 -0.00095  4.02562e+01
 34 -0.00891  1.93496e+01 | 35  0.02138  5.30269e+01 | 36  0.00600  3.35807e+01
 37  0.00259  3.10576e+01 | 38 -0.00209  2.68994e+01 | 39 -0.00545  1.95420e+01
 40  0.01613  4.48646e+01 | 41  0.00416  2.65950e+01 | 42  0.00446  2.65153e+01
 43 -0.00624  1.39297e+01 | 44 -0.01198  1.44046e+01 | 45 -0.00605  1.98471e+01
 46 -0.00825  1.41575e+01 | 47 -0.00610  1.58922e+01 | 48  0.00027  1.80544e+01
 49 -0.00037  1.64116e+01 | 50 -0.01395  8.16588e+00 | 51 -0.00225  1.35903e+01
 52 -0.00527  1.01314e+01 | 53 -0.01322 -3.17686e-01 | 54  0.01051  2.77530e+01
 55  0.00407  2.60177e+01 | 56  0.01644  1.37985e+01 | 57  0.00588  7.12501e+00
 58  0.01336  9.36954e+00 | 59  0.02581  3.36179e+01 | 60 -0.03457 -1.10439e+01
 61 -0.00478 -3.29120e+00 | 62  0.01123  1.10107e+01 | 63  0.00787 -5.68442e-01
 64  0.02172  1.45967e+01 | 65 -0.00327  7.83584e+00 | 66 -0.00554 -3.98654e+00
 67 -0.01802 -1.73862e+01 | 68  0.03127  1.01694e+01 | 69  0.03042  1.54578e+01
 70 -0.02645 -6.33053e+00 | 71  0.03851  3.55368e+00 | 72  0.01973  2.53714e+01
 73 -0.00856 -3.42982e+01 | 74  0.02499 -2.11796e+01 | 75 -0.00378 -1.11837e+01
 76  0.00886 -6.85580e+00 | 77  0.01988  7.07606e+00 | 78  0.00899 -1.06796e+01
 79 -0.02407 -3.22436e+01 | 80 -0.01135 -3.70293e+01 | 81  0.01060 -5.40684e+01
 82 -0.04270 -1.68613e+01 | 83  0.02232 -3.69289e+01 | 84 -0.03043 -3.37460e+01
 85 -0.00574 -3.49757e+01 | 86  0.01562 -5.49272e+01 | 87  0.01157 -3.83676e+00
 88 -0.00167 -6.34883e+01 | 89 -0.00974 -4.68646e+01 | 90 -0.00206 -5.00941e+01
 91  0.05231 -4.87809e+01 | 92  0.03689 -4.66145e+01 | 93 -0.06107 -3.98820e+01
 94  0.02434 -4.50572e+01 | 95  0.00184 -4.54327e+01 | 96  0.00019 -4.82447e+01
 97 -0.02999  1.09787e+02 | 98 -0.29582 -2.18477e+00 |
Maximum number of function evaluations exceeded

 - final statistics:
98 variables; iteration 67; function evaluation 100
Function value 5.6866e+02; maximum gradient component mag 1.1481e+03
Exit code = 3;  converg criter 1.0000e+01
Var    Value     Gradient |Var    Value     Gradient |Var    Value     Gradient
  1  0.64535  1.14808e+03 |  2  0.00223 -2.74440e+01 |  3  0.00088 -2.82610e+01
  4 -0.00139 -3.04236e+01 |  5 -0.00381 -3.26348e+01 |  6 -0.00495 -3.24292e+01
  7 -0.00351 -2.73087e+01 |  8 -0.00013 -1.85596e+01 |  9  0.00187 -1.05675e+01
 10  0.00121 -7.63435e+00 | 11 -0.00047 -8.09420e+00 | 12 -0.00163 -3.34900e+00
 13 -0.00278  8.37383e-02 | 14 -0.00462  2.78359e+00 | 15 -0.00583  5.33705e+00
 16 -0.00888  7.48753e+00 | 17 -0.01002  1.06156e+01 | 18 -0.01226  1.13597e+01
 19 -0.01027  1.45273e+01 | 20 -0.00296  2.20653e+01 | 21 -0.00698  2.02074e+01
 22 -0.00853  2.13732e+01 | 23 -0.00863  1.82459e+01 | 24 -0.00857  1.97120e+01
 25 -0.00814  2.09906e+01 | 26 -0.00638  2.33480e+01 | 27 -0.00704  2.33697e+01
 28 -0.00332  2.33067e+01 | 29 -0.00590  2.38509e+01 | 30 -0.00664  2.40748e+01
 31 -0.00733  2.07995e+01 | 32 -0.00217  2.83751e+01 | 33 -0.00198  3.01411e+01
 34 -0.00874  1.51331e+01 | 35  0.02224  4.25737e+01 | 36  0.00607  2.58409e+01
 37  0.00234  2.37649e+01 | 38 -0.00271  2.01148e+01 | 39 -0.00558  1.49640e+01
 40  0.01517  3.18033e+01 | 41  0.00509  2.23312e+01 | 42  0.00490  2.10535e+01
 43 -0.00546  1.20683e+01 | 44 -0.01146  1.31029e+01 | 45 -0.00646  1.47290e+01
 46 -0.00749  1.29830e+01 | 47 -0.00546  1.41356e+01 | 48  0.00095  1.51487e+01
 49 -0.00076  1.12752e+01 | 50 -0.01327  9.14083e+00 | 51 -0.00124  1.34256e+01
 52 -0.00591  6.95569e+00 | 53 -0.01307  2.87563e-01 | 54  0.00975  2.14491e+01
 55  0.00336  2.19257e+01 | 56  0.01706  1.14932e+01 | 57  0.00572  5.50072e+00
 58  0.01422  9.02195e+00 | 59  0.02546  2.63854e+01 | 60 -0.03470 -7.01460e+00
 61 -0.00440 -7.17882e-01 | 62  0.01125  9.51540e+00 | 63  0.00833  1.01067e+00
 64  0.02191  1.24930e+01 | 65 -0.00363  6.94697e+00 | 66 -0.00549 -1.95941e+00
 67 -0.01784 -1.22255e+01 | 68  0.03143  9.33509e+00 | 69  0.03052  1.37632e+01
 70 -0.02684 -4.58502e+00 | 71  0.03872  5.13656e+00 | 72  0.01940  1.91010e+01
 73 -0.00832 -2.57500e+01 | 74  0.02526 -1.50179e+01 | 75 -0.00387 -9.05792e+00
 76  0.00879 -5.51493e+00 | 77  0.01974  4.14111e+00 | 78  0.00895 -8.67811e+00
 79 -0.02399 -2.46001e+01 | 80 -0.01111 -2.80384e+01 | 81  0.01098 -4.08856e+01
 82 -0.04323 -1.32667e+01 | 83  0.02245 -2.88536e+01 | 84 -0.03047 -2.57611e+01
 85 -0.00577 -2.75315e+01 | 86  0.01594 -4.18637e+01 | 87  0.01117 -4.97614e+00
 88 -0.00118 -4.85497e+01 | 89 -0.00971 -3.68245e+01 | 90 -0.00194 -3.88810e+01
 91  0.05237 -3.75537e+01 | 92  0.03679 -3.69219e+01 | 93 -0.06153 -3.14946e+01
 94  0.02371 -3.54233e+01 | 95 -0.00090 -3.88360e+01 | 96  0.00138 -3.55861e+01
 97 -0.03030  8.49798e+01 | 98 -0.29570 -1.88946e+00 |

Initial statistics: 100 variables; iteration 0; function evaluation 0; phase 3
Function value 5.6865933e+02; maximum gradient component mag 1.1481e+03
Var    Value     Gradient |Var    Value     Gradient |Var    Value     Gradient
  1  0.64535  1.14808e+03 |  2  0.00223 -2.74089e+01 |  3  0.00088 -2.82259e+01
  4 -0.00139 -3.03885e+01 |  5 -0.00381 -3.25996e+01 |  6 -0.00495 -3.23941e+01
  7 -0.00351 -2.72735e+01 |  8 -0.00013 -1.85244e+01 |  9  0.00187 -1.05324e+01
 10  0.00121 -7.59922e+00 | 11 -0.00047 -8.05907e+00 | 12 -0.00163 -3.31387e+00
 13 -0.00278  1.18871e-01 | 14 -0.00462  2.81872e+00 | 15 -0.00583  5.37218e+00
 16 -0.00887  7.52266e+00 | 17 -0.01002  1.06508e+01 | 18 -0.01226  1.13948e+01
 19 -0.01027  1.45624e+01 | 20 -0.00296  2.21004e+01 | 21 -0.00698  2.02425e+01
 22 -0.00853  2.14084e+01 | 23 -0.00863  1.82811e+01 | 24 -0.00857  1.97472e+01
 25 -0.00814  2.10258e+01 | 26 -0.00637  2.33832e+01 | 27 -0.00704  2.34048e+01
 28 -0.00332  2.33418e+01 | 29 -0.00590  2.38860e+01 | 30 -0.00664  2.41099e+01
 31 -0.00733  2.08346e+01 | 32 -0.00217  2.84102e+01 | 33 -0.00198  3.01762e+01
 34 -0.00874  1.51683e+01 | 35  0.02224  4.26089e+01 | 36  0.00607  2.58760e+01
 37  0.00234  2.38001e+01 | 38 -0.00271  2.01499e+01 | 39 -0.00558  1.49991e+01
 40  0.01517  3.18385e+01 | 41  0.00509  2.23663e+01 | 42  0.00490  2.10887e+01
 43 -0.00545  1.21034e+01 | 44 -0.01146  1.31380e+01 | 45 -0.00646  1.47641e+01
 46 -0.00749  1.30181e+01 | 47 -0.00546  1.41708e+01 | 48  0.00095  1.51839e+01
 49 -0.00076  1.13103e+01 | 50 -0.01327  9.17595e+00 | 51 -0.00124  1.34607e+01
 52 -0.00591  6.99082e+00 | 53 -0.01307  3.22688e-01 | 54  0.00975  2.14842e+01
 55  0.00336  2.19608e+01 | 56  0.01706  1.15283e+01 | 57  0.00572  5.53585e+00
 58  0.01422  9.05708e+00 | 59  0.02546  2.64205e+01 | 60 -0.03470 -6.97952e+00
 61 -0.00440 -6.82750e-01 | 62  0.01125  9.55053e+00 | 63  0.00833  1.04580e+00
 64  0.02192  1.25281e+01 | 65 -0.00363  6.98211e+00 | 66 -0.00549 -1.92428e+00
 67 -0.01784 -1.21904e+01 | 68  0.03143  9.37018e+00 | 69  0.03052  1.37983e+01
 70 -0.02684 -4.54992e+00 | 71  0.03872  5.17162e+00 | 72  0.01940  1.91361e+01
 73 -0.00832 -2.57149e+01 | 74  0.02526 -1.49828e+01 | 75 -0.00387 -9.02278e+00
 76  0.00879 -5.47981e+00 | 77  0.01974  4.17623e+00 | 78  0.00895 -8.64298e+00
 79 -0.02399 -2.45650e+01 | 80 -0.01111 -2.80032e+01 | 81  0.01098 -4.08505e+01
 82 -0.04323 -1.32316e+01 | 83  0.02245 -2.88185e+01 | 84 -0.03047 -2.57261e+01
 85 -0.00577 -2.74963e+01 | 86  0.01594 -4.18286e+01 | 87  0.01117 -4.94101e+00
 88 -0.00118 -4.85146e+01 | 89 -0.00970 -3.67894e+01 | 90 -0.00194 -3.88459e+01
 91  0.05237 -3.75187e+01 | 92  0.03679 -3.68868e+01 | 93 -0.06153 -3.14596e+01
 94  0.02371 -3.53882e+01 | 95 -0.00090 -3.88009e+01 | 96  0.00138 -3.55510e+01
 97 -0.03030  8.49798e+01 | 98 -0.41581 -8.31337e+01 | 99 -0.29570 -1.88946e+00
100 -0.25275 -6.78790e+01 |

Intermediate statistics: 100 variables; iteration 20; function evaluation 28; phase 3
Function value 5.6745046e+02; maximum gradient component mag -1.9509e+02
Var    Value     Gradient |Var    Value     Gradient |Var    Value     Gradient
  1  0.64505 -1.95092e+02 |  2 -0.00071  3.51435e+00 |  3 -0.00088  3.11041e+00
  4 -0.00110  2.59674e+00 |  5 -0.00132  2.03989e+00 |  6 -0.00147  1.52350e+00
  7 -0.00154  1.06573e+00 |  8 -0.00127  4.91523e-01 |  9 -0.00171 -2.73917e-01
 10 -0.00184 -1.24576e+00 | 11 -0.00079 -2.37201e+00 | 12 -0.00219 -3.39456e+00
 13 -0.00254 -4.54456e+00 | 14 -0.00335 -5.60907e+00 | 15 -0.00331 -6.72994e+00
 16 -0.00618 -7.34128e+00 | 17 -0.00742 -8.05338e+00 | 18 -0.00968 -8.23564e+00
 19 -0.00790 -8.86362e+00 | 20 -0.00153 -1.04039e+01 | 21 -0.00443 -1.01622e+01
 22 -0.00586 -1.05247e+01 | 23 -0.00579 -9.84893e+00 | 24 -0.00595 -1.00882e+01
 25 -0.00570 -1.02856e+01 | 26 -0.00427 -1.06746e+01 | 27 -0.00567 -1.03715e+01
 28  0.00037 -1.10206e+01 | 29 -0.00515 -1.00739e+01 | 30 -0.00701 -9.45756e+00
 31 -0.00689 -8.86973e+00 | 32 -0.00441 -9.61186e+00 | 33 -0.00604 -9.07331e+00
 34 -0.00810 -7.48732e+00 | 35  0.02460 -1.46222e+01 | 36  0.00691 -9.67401e+00
 37  0.00119 -8.75089e+00 | 38 -0.00468 -7.41149e+00 | 39 -0.00590 -6.73275e+00
 40  0.01593 -1.10238e+01 | 41  0.00515 -8.36560e+00 | 42  0.00544 -8.42435e+00
 43 -0.00496 -6.38556e+00 | 44 -0.01346 -5.01691e+00 | 45 -0.00781 -5.72855e+00
 46 -0.00884 -5.16949e+00 | 47 -0.00722 -5.58405e+00 | 48  0.00115 -6.55552e+00
 49  0.00045 -6.02727e+00 | 50 -0.01650 -3.52460e+00 | 51 -0.00325 -4.94415e+00
 52 -0.00718 -4.28737e+00 | 53 -0.01385 -3.05954e+00 | 54  0.00614 -5.67573e+00
 55 -0.00375 -3.73988e+00 | 56  0.01911 -5.95491e+00 | 57  0.00516 -4.32487e+00
 58  0.01483 -5.53994e+00 | 59  0.02359 -6.74361e+00 | 60 -0.03796  9.53262e-01
 61 -0.00544 -1.80086e+00 | 62  0.01045 -3.47214e+00 | 63  0.00820 -3.69240e+00
 64  0.02185 -4.60111e+00 | 65 -0.00636 -1.66825e+00 | 66 -0.00628 -9.58712e-01
 67 -0.01836  1.18290e+00 | 68  0.03110 -5.06314e+00 | 69  0.03124  8.91732e+00
 70 -0.02880  4.88016e+00 | 71  0.03968  6.34769e+00 | 72  0.01874  1.75576e+01
 73 -0.00720  1.58536e+00 | 74  0.02553  3.44452e+00 | 75 -0.00318  1.15703e+01
 76  0.00855  1.35835e+01 | 77  0.02083  3.11046e+01 | 78  0.00899  1.87905e+01
 79 -0.02313  8.36602e+00 | 80 -0.01087  9.82947e+00 | 81  0.01195 -7.89744e+00
 82 -0.04541  7.17856e+00 | 83  0.02319  1.33312e+00 | 84 -0.03114  7.23156e+00
 85 -0.00507  5.98711e+00 | 86  0.01620  2.66388e+00 | 87  0.01172  2.57885e+01
 88 -0.00029  4.93393e+00 | 89 -0.00876  2.86161e+00 | 90 -0.00201  5.77696e+00
 91  0.05327  4.84493e-01 | 92  0.03664  5.12159e+00 | 93 -0.06149  4.43408e+00
 94  0.02077  4.68887e+00 | 95 -0.00053  4.58457e+00 | 96 -0.00027  4.79558e+00
 97 -0.04968 -2.78126e+01 | 98 -0.42494  4.60659e+01 | 99 -0.26460  7.43120e+00
100 -0.23772 -2.02836e+01 |
100 variables; iteration 40; function evaluation 52; phase 3
Function value 5.6736470e+02; maximum gradient component mag -3.1609e+02
Var    Value     Gradient |Var    Value     Gradient |Var    Value     Gradient
  1  0.64480 -3.16092e+02 |  2 -0.00097  8.86209e+00 |  3 -0.00101  8.59568e+00
  4 -0.00100  8.35716e+00 |  5 -0.00097  8.09415e+00 |  6 -0.00100  7.66019e+00
  7 -0.00122  6.83501e+00 |  8 -0.00131  5.57103e+00 |  9 -0.00206  4.19618e+00
 10 -0.00213  3.12187e+00 | 11 -0.00071  2.30113e+00 | 12 -0.00213  1.03328e+00
 13 -0.00235 -1.84352e-01 | 14 -0.00304 -1.32712e+00 | 15 -0.00300 -2.71050e+00
 16 -0.00599 -3.64649e+00 | 17 -0.00730 -4.60725e+00 | 18 -0.00957 -4.85778e+00
 19 -0.00781 -5.63647e+00 | 20 -0.00133 -7.36028e+00 | 21 -0.00417 -7.12338e+00
 22 -0.00557 -7.46138e+00 | 23 -0.00552 -6.66286e+00 | 24 -0.00571 -7.02125e+00
 25 -0.00551 -7.34375e+00 | 26 -0.00414 -7.92392e+00 | 27 -0.00560 -7.63653e+00
 28  0.00058 -8.43176e+00 | 29 -0.00503 -7.26051e+00 | 30 -0.00679 -6.42389e+00
 31 -0.00681 -6.11544e+00 | 32 -0.00437 -6.86759e+00 | 33 -0.00566 -5.67015e+00
 34 -0.00794 -4.26059e+00 | 35  0.02482 -1.34732e+01 | 36  0.00718 -7.32196e+00
 37  0.00117 -6.19932e+00 | 38 -0.00436 -4.05617e+00 | 39 -0.00578 -3.62586e+00
 40  0.01591 -9.58652e+00 | 41  0.00521 -6.23401e+00 | 42  0.00535 -6.25400e+00
 43 -0.00483 -3.36555e+00 | 44 -0.01356 -2.04725e+00 | 45 -0.00804 -3.53834e+00
 46 -0.00879 -2.52627e+00 | 47 -0.00712 -2.59595e+00 | 48  0.00123 -3.99383e+00
 49  0.00040 -3.60597e+00 | 50 -0.01675 -8.47833e-01 | 51 -0.00311 -2.30183e+00
 52 -0.00703 -9.84036e-01 | 53 -0.01374  5.76288e-01 | 54  0.00576 -3.89075e+00
 55 -0.00432 -2.03028e+00 | 56  0.01913 -4.49719e+00 | 57  0.00528 -1.33472e+00
 58  0.01516 -2.56650e+00 | 59  0.02356 -5.01515e+00 | 60 -0.03738  6.77455e+00
 61 -0.00532  1.16448e+00 | 62  0.01032 -1.96968e+00 | 63  0.00893  1.66049e+00
 64  0.02179 -3.55734e+00 | 65 -0.00592  3.32203e+00 | 66 -0.00646  5.35837e-01
 67 -0.01835  4.03254e+00 | 68  0.03143 -1.58276e+00 | 69  0.03098 -2.20993e+00
 70 -0.02896  5.29614e+00 | 71  0.03962 -3.15698e+00 | 72  0.01796 -8.17355e-01
 73 -0.00699  5.10099e+00 | 74  0.02533 -6.24535e+00 | 75 -0.00327  9.18839e+00
 76  0.00830  5.59865e+00 | 77  0.01986 -3.48493e-01 | 78  0.00848  3.36878e+00
 79 -0.02321  7.65973e+00 | 80 -0.01097  5.98170e+00 | 81  0.01260  6.10380e+00
 82 -0.04544  8.94983e+00 | 83  0.02345  5.51449e+00 | 84 -0.03120  8.69986e+00
 85 -0.00500  9.71759e+00 | 86  0.01639  6.64825e+00 | 87  0.01074  6.60084e+00
 88 -0.00007  9.81113e+00 | 89 -0.00858  1.17048e+01 | 90 -0.00220  8.02549e+00
 91  0.05343  1.18007e+01 | 92  0.03656  1.02726e+01 | 93 -0.06163  1.03928e+01
 94  0.02049  1.05295e+01 | 95 -0.00046  1.07062e+01 | 96 -0.00039  1.06323e+01
 97 -0.04852 -1.92847e+01 | 98 -0.42556  2.55968e+01 | 99 -0.26432 -1.32020e+00
100 -0.23580  1.41483e+00 |
100 variables; iteration 60; function evaluation 82; phase 3
Function value 5.6734602e+02; maximum gradient component mag -1.7051e+02
Var    Value     Gradient |Var    Value     Gradient |Var    Value     Gradient
  1  0.64490 -1.70506e+02 |  2 -0.00083  4.60717e+00 |  3 -0.00090  4.44651e+00
  4 -0.00095  4.28338e+00 |  5 -0.00100  4.09086e+00 |  6 -0.00109  3.80934e+00
  7 -0.00124  3.36992e+00 |  8 -0.00111  2.77509e+00 |  9 -0.00159  2.16134e+00
 10 -0.00162  1.58137e+00 | 11 -0.00049  8.92755e-01 | 12 -0.00185  2.04119e-01
 13 -0.00219 -5.92636e-01 | 14 -0.00298 -1.32010e+00 | 15 -0.00287 -1.96338e+00
 16 -0.00563 -2.23332e+00 | 17 -0.00691 -2.79931e+00 | 18 -0.00921 -2.99129e+00
 19 -0.00740 -3.38924e+00 | 20 -0.00097 -4.46069e+00 | 21 -0.00391 -4.35464e+00
 22 -0.00538 -4.60912e+00 | 23 -0.00533 -4.13208e+00 | 24 -0.00548 -4.28474e+00
 25 -0.00523 -4.40633e+00 | 26 -0.00379 -4.65072e+00 | 27 -0.00520 -4.46618e+00
 28  0.00059 -5.10074e+00 | 29 -0.00490 -4.54542e+00 | 30 -0.00702 -4.61778e+00
 31 -0.00678 -3.88193e+00 | 32 -0.00428 -4.40875e+00 | 33 -0.00607 -4.33004e+00
 34 -0.00809 -2.94043e+00 | 35  0.02479 -7.55467e+00 | 36  0.00647 -5.14958e+00
 37  0.00175 -3.06718e+00 | 38 -0.00485 -3.20782e+00 | 39 -0.00592 -2.49940e+00
 40  0.01588 -5.61907e+00 | 41  0.00488 -4.02653e+00 | 42  0.00546 -3.52126e+00
 43 -0.00539 -2.82646e+00 | 44 -0.01362 -1.54618e+00 | 45 -0.00760 -1.39714e+00
 46 -0.00923 -2.17763e+00 | 47 -0.00750 -2.08959e+00 | 48  0.00091 -2.64549e+00
 49  0.00032 -2.08613e+00 | 50 -0.01654 -3.09646e-01 | 51 -0.00360 -1.90951e+00
 52 -0.00754 -1.20933e+00 | 53 -0.01408 -1.44077e-01 | 54  0.00602 -1.88034e+00
 55 -0.00409 -1.10318e+00 | 56  0.01905 -2.14239e+00 | 57  0.00507 -9.07184e-01
 58  0.01462 -2.00954e+00 | 59  0.02333 -3.36290e+00 | 60 -0.03853  1.43886e+00
 61 -0.00551  3.68260e-01 | 62  0.01055 -3.41449e-01 | 63  0.00806 -1.30916e+00
 64  0.02192 -1.48545e+00 | 65 -0.00647  2.24594e-02 | 66 -0.00608  1.82296e+00
 67 -0.01843  2.15197e+00 | 68  0.03131 -1.87476e+00 | 69  0.03096 -7.04916e-01
 70 -0.02894  2.96214e+00 | 71  0.03962 -3.57998e-01 | 72  0.01808  1.48779e+00
 73 -0.00703  3.19210e+00 | 74  0.02582  4.71351e+00 | 75 -0.00362  7.97561e-01
 76  0.00813  1.44607e+00 | 77  0.02002  3.49185e+00 | 78  0.00851  2.97271e+00
 79 -0.02328  3.91463e+00 | 80 -0.01094  4.18478e+00 | 81  0.01256  3.52312e+00
 82 -0.04557  4.21572e+00 | 83  0.02344  3.76502e+00 | 84 -0.03124  4.54884e+00
 85 -0.00512  3.99090e+00 | 86  0.01647  5.03099e+00 | 87  0.01083  5.01561e+00
 88 -0.00012  5.15882e+00 | 89 -0.00873  4.69894e+00 | 90 -0.00191  6.32863e+00
 91  0.05338  4.84470e+00 | 92  0.03663  5.82669e+00 | 93 -0.06152  5.73239e+00
 94  0.02057  5.68450e+00 | 95 -0.00046  5.58997e+00 | 96 -0.00036  5.56459e+00
 97 -0.05020 -1.26672e+01 | 98 -0.42630  1.67440e+01 | 99 -0.26389 -5.28646e-01
100 -0.23559  1.59990e+00 |
Maximum number of function evaluations exceeded

 - final statistics:
100 variables; iteration 70; function evaluation 100
Function value 5.6734e+02; maximum gradient component mag -1.1873e+02
Exit code = 3;  converg criter 1.0000e+00
Var    Value     Gradient |Var    Value     Gradient |Var    Value     Gradient
  1  0.64496 -1.18734e+02 |  2 -0.00061  3.48592e+00 |  3 -0.00075  3.25716e+00
  4 -0.00091  2.99973e+00 |  5 -0.00102  2.79611e+00 |  6 -0.00105  2.68037e+00
  7 -0.00111  2.49974e+00 |  8 -0.00100  1.99842e+00 |  9 -0.00164  1.29170e+00
 10 -0.00159  1.00034e+00 | 11 -0.00018  9.59207e-01 | 12 -0.00143  6.30828e-01
 13 -0.00195 -2.22278e-01 | 14 -0.00280 -8.24863e-01 | 15 -0.00246 -8.65782e-01
 16 -0.00552 -1.48143e+00 | 17 -0.00682 -1.93121e+00 | 18 -0.00890 -1.73996e+00
 19 -0.00718 -2.15007e+00 | 20 -0.00064 -2.77837e+00 | 21 -0.00358 -2.66547e+00
 22 -0.00524 -3.13116e+00 | 23 -0.00518 -2.74682e+00 | 24 -0.00532 -2.82787e+00
 25 -0.00510 -2.94409e+00 | 26 -0.00366 -3.09424e+00 | 27 -0.00503 -2.90887e+00
 28  0.00059 -3.51074e+00 | 29 -0.00453 -2.65918e+00 | 30 -0.00706 -3.60894e+00
 31 -0.00678 -2.72933e+00 | 32 -0.00419 -3.00516e+00 | 33 -0.00578 -2.77860e+00
 34 -0.00845 -2.65544e+00 | 35  0.02455 -5.54091e+00 | 36  0.00632 -3.90100e+00
 37  0.00170 -1.90589e+00 | 38 -0.00491 -2.40241e+00 | 39 -0.00630 -2.38036e+00
 40  0.01544 -4.68923e+00 | 41  0.00473 -2.99815e+00 | 42  0.00528 -2.43962e+00
 43 -0.00503 -1.34464e+00 | 44 -0.01376 -1.36103e+00 | 45 -0.00806 -1.75319e+00
 46 -0.00906 -1.24694e+00 | 47 -0.00765 -1.66637e+00 | 48  0.00070 -2.06188e+00
 49  0.00009 -1.65203e+00 | 50 -0.01666 -3.22472e-01 | 51 -0.00374 -1.48302e+00
 52 -0.00758 -8.09078e-01 | 53 -0.01452 -7.60734e-01 | 54  0.00630 -4.50325e-01
 55 -0.00424 -1.12412e+00 | 56  0.01870 -1.70500e+00 | 57  0.00486 -8.21254e-01
 58  0.01438 -1.76109e+00 | 59  0.02313 -2.83807e+00 | 60 -0.03853  8.69791e-01
 61 -0.00566 -2.08273e-02 | 62  0.01047 -1.23334e-01 | 63  0.00798 -1.28023e+00
 64  0.02183 -1.14651e+00 | 65 -0.00650 -2.03766e-01 | 66 -0.00615  1.27839e+00
 67 -0.01847  1.41025e+00 | 68  0.03127 -1.68181e+00 | 69  0.03092 -6.32444e-01
 70 -0.02895  2.00352e+00 | 71  0.03959 -3.59961e-01 | 72  0.01807  1.15575e+00
 73 -0.00706  2.07238e+00 | 74  0.02578  3.79019e+00 | 75 -0.00362  1.07473e-01
 76  0.00813  8.44254e-01 | 77  0.02000  2.77183e+00 | 78  0.00849  2.16161e+00
 79 -0.02328  2.81224e+00 | 80 -0.01097  2.76882e+00 | 81  0.01253  2.23592e+00
 82 -0.04556  2.89035e+00 | 83  0.02342  2.52486e+00 | 84 -0.03125  3.13754e+00
 85 -0.00514  2.60688e+00 | 86  0.01645  3.55491e+00 | 87  0.01083  3.76338e+00
 88 -0.00014  3.46585e+00 | 89 -0.00875  3.08690e+00 | 90 -0.00193  4.56297e+00
 91  0.05337  3.21675e+00 | 92  0.03662  4.12430e+00 | 93 -0.06152  4.06178e+00
 94  0.02049  3.78582e+00 | 95 -0.00047  3.85951e+00 | 96 -0.00021  4.08454e+00
 97 -0.05032 -8.86946e+00 | 98 -0.42638  1.16888e+01 | 99 -0.26394 -3.21126e-01
100 -0.23564  1.09014e+00 |

Initial statistics: 108 variables; iteration 0; function evaluation 0; phase 4
Function value 5.6734011e+02; maximum gradient component mag -3.0559e+02
Var    Value     Gradient |Var    Value     Gradient |Var    Value     Gradient
  1 -0.42263 -3.05592e+02 |  2 -0.42263  1.17934e+02 |  3 -0.41094 -1.02479e+02
  4  0.64496 -1.18734e+02 |  5  0.00000  1.32347e-01 |  6  0.00000  2.56831e-02
  7  0.00000  2.82381e-02 |  8  0.00000  2.98024e-02 |  9  0.00000 -3.76760e-01
 10 -0.00061  3.54349e+00 | 11 -0.00075  3.31474e+00 | 12 -0.00091  3.05730e+00
 13 -0.00102  2.85368e+00 | 14 -0.00105  2.73794e+00 | 15 -0.00111  2.55731e+00
 16 -0.00100  2.05599e+00 | 17 -0.00163  1.34927e+00 | 18 -0.00159  1.05791e+00
 19 -0.00018  1.01678e+00 | 20 -0.00142  6.88399e-01 | 21 -0.00194 -1.64708e-01
 22 -0.00280 -7.67293e-01 | 23 -0.00246 -8.08212e-01 | 24 -0.00552 -1.42386e+00
 25 -0.00682 -1.87364e+00 | 26 -0.00890 -1.68239e+00 | 27 -0.00718 -2.09250e+00
 28 -0.00064 -2.72080e+00 | 29 -0.00358 -2.60790e+00 | 30 -0.00524 -3.07359e+00
 31 -0.00518 -2.68925e+00 | 32 -0.00532 -2.77030e+00 | 33 -0.00510 -2.88653e+00
 34 -0.00366 -3.03667e+00 | 35 -0.00503 -2.85130e+00 | 36  0.00059 -3.45317e+00
 37 -0.00453 -2.60161e+00 | 38 -0.00706 -3.55137e+00 | 39 -0.00678 -2.67176e+00
 40 -0.00419 -2.94759e+00 | 41 -0.00578 -2.72104e+00 | 42 -0.00845 -2.59787e+00
 43  0.02455 -5.48338e+00 | 44  0.00632 -3.84344e+00 | 45  0.00170 -1.84832e+00
 46 -0.00491 -2.34484e+00 | 47 -0.00630 -2.32279e+00 | 48  0.01544 -4.63167e+00
 49  0.00473 -2.94058e+00 | 50  0.00528 -2.38205e+00 | 51 -0.00503 -1.28707e+00
 52 -0.01376 -1.30347e+00 | 53 -0.00805 -1.69563e+00 | 54 -0.00906 -1.18938e+00
 55 -0.00765 -1.60880e+00 | 56  0.00070 -2.00431e+00 | 57  0.00009 -1.59446e+00
 58 -0.01666 -2.64921e-01 | 59 -0.00374 -1.42545e+00 | 60 -0.00758 -7.51512e-01
 61 -0.01452 -7.03179e-01 | 62  0.00630 -3.92757e-01 | 63 -0.00424 -1.06656e+00
 64  0.01870 -1.64745e+00 | 65  0.00486 -7.63685e-01 | 66  0.01438 -1.70353e+00
 67  0.02313 -2.78054e+00 | 68 -0.03853  9.27257e-01 | 69 -0.00566  3.67409e-02
 70  0.01047 -6.57714e-02 | 71  0.00798 -1.22266e+00 | 72  0.02183 -1.08897e+00
 73 -0.00650 -1.46198e-01 | 74 -0.00614  1.33595e+00 | 75 -0.01847  1.46779e+00
 76  0.03127 -1.62430e+00 | 77  0.03092 -5.74941e-01 | 78 -0.02895  2.06104e+00
 79  0.03960 -3.02502e-01 | 80  0.01807  1.21330e+00 | 81 -0.00706  2.12994e+00
 82  0.02578  3.84771e+00 | 83 -0.00362  1.65042e-01 | 84  0.00813  9.01819e-01
 85  0.02000  2.82937e+00 | 86  0.00849  2.21917e+00 | 87 -0.02328  2.86977e+00
 88 -0.01097  2.82638e+00 | 89  0.01253  2.29348e+00 | 90 -0.04556  2.94777e+00
 91  0.02342  2.58239e+00 | 92 -0.03124  3.19505e+00 | 93 -0.00513  2.66445e+00
 94  0.01645  3.61246e+00 | 95  0.01083  3.82094e+00 | 96 -0.00014  3.52342e+00
 97 -0.00875  3.14447e+00 | 98 -0.00193  4.62054e+00 | 99  0.05337  3.27412e+00
100  0.03662  4.18177e+00 |101 -0.06152  4.11908e+00 |102  0.02050  3.84336e+00
103 -0.00046  3.91708e+00 |104 -0.00021  4.14211e+00 |105 -0.05032 -8.86946e+00
106 -0.42638  1.16888e+01 |107 -0.26394 -3.21126e-01 |108 -0.23564  1.09014e+00

Intermediate statistics: 108 variables; iteration 20; function evaluation 27; phase 4
Function value 5.6591382e+02; maximum gradient component mag -4.2252e+02
Var    Value     Gradient |Var    Value     Gradient |Var    Value     Gradient
  1 -0.41954 -3.58398e+02 |  2 -0.42711 -4.22515e+02 |  3 -0.40746 -2.69564e+02
  4  0.64796 -3.00244e+02 |  5 -0.00021 -1.58241e+00 |  6 -0.00004 -3.51347e-01
  7 -0.00005 -4.29754e-01 |  8 -0.00006 -5.25648e-01 |  9  0.00005 -8.51129e-01
 10 -0.00051  9.29879e+00 | 11 -0.00060  9.01464e+00 | 12 -0.00069  8.68261e+00
 13 -0.00076  8.33823e+00 | 14 -0.00079  7.99160e+00 | 15 -0.00083  7.55950e+00
 16 -0.00061  6.89731e+00 | 17 -0.00107  6.09640e+00 | 18 -0.00101  5.41606e+00
 19  0.00030  4.71029e+00 | 20 -0.00097  3.96539e+00 | 21 -0.00139  2.86425e+00
 22 -0.00223  1.89475e+00 | 23 -0.00204  1.07773e+00 | 24 -0.00493  3.48892e-01
 25 -0.00608 -3.86701e-01 | 26 -0.00818 -5.10206e-01 | 27 -0.00640 -1.29714e+00
 28  0.00021 -2.09975e+00 | 29 -0.00282 -2.42125e+00 | 30 -0.00432 -2.85405e+00
 31 -0.00432 -2.30007e+00 | 32 -0.00446 -2.56022e+00 | 33 -0.00424 -2.82091e+00
 34 -0.00285 -3.21569e+00 | 35 -0.00423 -3.00011e+00 | 36  0.00150 -4.34181e+00
 37 -0.00407 -2.61374e+00 | 38 -0.00595 -3.10224e+00 | 39 -0.00602 -2.71076e+00
 40 -0.00341 -3.01110e+00 | 41 -0.00510 -2.49912e+00 | 42 -0.00770 -2.27549e+00
 43  0.02536 -9.58303e+00 | 44  0.00751 -4.85396e+00 | 45  0.00185 -2.93599e+00
 46 -0.00430 -2.18888e+00 | 47 -0.00549 -2.52773e+00 | 48  0.01649 -7.01205e+00
 49  0.00483 -4.28513e+00 | 50  0.00490 -3.78295e+00 | 51 -0.00543 -1.47506e+00
 52 -0.01355 -1.43391e+00 | 53 -0.00767 -1.80009e+00 | 54 -0.00909 -1.92259e+00
 55 -0.00734 -2.22978e+00 | 56  0.00103 -3.97995e+00 | 57 -0.00024 -3.10804e+00
 58 -0.01643  3.75196e-03 | 59 -0.00402 -2.44976e+00 | 60 -0.00790 -9.63469e-01
 61 -0.01434 -2.45461e-01 | 62  0.00604 -3.36079e+00 | 63 -0.00361 -1.22219e+00
 64  0.01876 -5.87811e+00 | 65  0.00443 -1.76532e+00 | 66  0.01326 -3.26872e+00
 67  0.02205 -6.48064e+00 | 68 -0.03845  4.41213e+00 | 69 -0.00620 -7.97402e-01
 70  0.00949 -3.36252e+00 | 71  0.00717 -3.17039e+00 | 72  0.02032 -6.24202e+00
 73 -0.00770 -1.13062e+00 | 74 -0.00867 -4.20741e+00 | 75 -0.01926  7.60585e-01
 76  0.03075 -6.48565e+00 | 77  0.03026 -7.63263e+00 | 78 -0.03019 -2.66014e+00
 79  0.03962 -1.16706e+00 | 80  0.01785 -3.53523e+00 | 81 -0.00702  5.92556e+00
 82  0.02594 -2.45373e+00 | 83 -0.00346  5.02273e+00 | 84  0.00803 -2.90976e+00
 85  0.01998 -8.10282e-01 | 86  0.00792 -4.29240e+00 | 87 -0.02375  5.70716e+00
 88 -0.01144 -2.14897e+00 | 89  0.01201 -2.84305e+00 | 90 -0.04614  3.70302e+00
 91  0.02311  8.80913e-01 | 92 -0.03186  2.03887e+00 | 93 -0.00537  7.23500e+00
 94  0.01598 -7.99151e-01 | 95  0.01031  5.78606e+00 | 96 -0.00106  2.18339e+00
 97 -0.00939  9.38192e+00 | 98 -0.00313  9.87148e-01 | 99  0.05252  9.11435e+00
100  0.03505  5.16885e+00 |101 -0.06255  1.16313e+01 |102  0.01959  6.32265e+00
103 -0.00041  1.02751e+01 |104 -0.00022  1.03963e+01 |105 -0.04705 -1.20067e+01
106 -0.42550  1.02499e+01 |107 -0.28154  1.32579e+01 |108 -0.25016 -6.34515e+01
108 variables; iteration 40; function evaluation 53; phase 4
Function value 5.6492549e+02; maximum gradient component mag -3.2245e+02
Var    Value     Gradient |Var    Value     Gradient |Var    Value     Gradient
  1 -0.41268 -4.51771e+01 |  2 -0.42845 -3.22445e+02 |  3 -0.40816 -1.38832e+02
  4  0.64938 -2.29839e+02 |  5 -0.00010 -1.25716e+00 |  6 -0.00002 -2.84423e-01
  7 -0.00003 -3.48054e-01 |  8 -0.00003 -4.25967e-01 |  9  0.00005 -7.86240e-01
 10 -0.00065  6.55038e+00 | 11 -0.00075  6.26402e+00 | 12 -0.00085  5.93164e+00
 13 -0.00093  5.60270e+00 | 14 -0.00095  5.29573e+00 | 15 -0.00098  4.90745e+00
 16 -0.00079  4.25627e+00 | 17 -0.00129  3.44669e+00 | 18 -0.00121  2.86768e+00
 19  0.00018  2.38243e+00 | 20 -0.00104  1.82907e+00 | 21 -0.00144  8.96864e-01
 22 -0.00223  1.56475e-01 | 23 -0.00192 -3.55386e-01 | 24 -0.00487 -1.14953e+00
 25 -0.00604 -1.93314e+00 | 26 -0.00813 -2.08597e+00 | 27 -0.00635 -2.72247e+00
 28  0.00023 -3.51142e+00 | 29 -0.00273 -3.58271e+00 | 30 -0.00426 -4.17357e+00
 31 -0.00426 -3.66449e+00 | 32 -0.00439 -3.88957e+00 | 33 -0.00416 -4.10994e+00
 34 -0.00273 -4.38272e+00 | 35 -0.00415 -4.24909e+00 | 36  0.00155 -5.48498e+00
 37 -0.00393 -3.62609e+00 | 38 -0.00572 -4.04911e+00 | 39 -0.00593 -3.78896e+00
 40 -0.00326 -4.06132e+00 | 41 -0.00492 -3.47540e+00 | 42 -0.00769 -3.51834e+00
 43  0.02496 -1.04058e+01 | 44  0.00746 -6.17161e+00 | 45  0.00198 -3.79517e+00
 46 -0.00430 -3.41381e+00 | 47 -0.00556 -3.92792e+00 | 48  0.01623 -8.07124e+00
 49  0.00507 -4.20175e+00 | 50  0.00514 -3.75377e+00 | 51 -0.00552 -2.08053e+00
 52 -0.01316 -1.51811e+00 | 53 -0.00724 -1.70731e+00 | 54 -0.00899 -2.10998e+00
 55 -0.00725 -3.01772e+00 | 56  0.00096 -4.72501e+00 | 57 -0.00018 -3.25703e+00
 58 -0.01658 -1.27799e+00 | 59 -0.00409 -2.50946e+00 | 60 -0.00796 -1.71525e+00
 61 -0.01413 -1.10784e+00 | 62  0.00638 -3.09858e+00 | 63 -0.00193  1.29525e+00
 64  0.01892 -5.47983e+00 | 65  0.00436 -2.20914e+00 | 66  0.01224 -4.13285e+00
 67  0.02357 -2.49761e-01 | 68 -0.03844  3.10120e+00 | 69 -0.00675 -1.81672e+00
 70  0.00980 -1.66224e+00 | 71  0.00627 -5.57916e+00 | 72  0.02031 -4.67695e+00
 73 -0.00759  1.31111e+00 | 74 -0.00798  4.01795e+00 | 75 -0.01933 -4.69176e-02
 76  0.03062 -7.78254e+00 | 77  0.03014 -3.72417e+00 | 78 -0.02981  4.15459e+00
 79  0.03940 -4.24896e+00 | 80  0.01805  3.25720e+00 | 81 -0.00729  3.44000e+00
 82  0.02589 -6.45214e-01 | 83 -0.00392 -8.02491e-01 | 84  0.00813  9.58181e-01
 85  0.01988  3.62265e-01 | 86  0.00792  4.64706e-02 | 87 -0.02385  7.40398e+00
 88 -0.01124  3.02733e+00 | 89  0.01204  5.37741e+00 | 90 -0.04574  6.70322e+00
 91  0.02299  3.50304e+00 | 92 -0.03169  5.54104e+00 | 93 -0.00564  5.66628e+00
 94  0.01600  3.76394e+00 | 95  0.01001  3.00170e+00 | 96 -0.00075  8.21265e+00
 97 -0.00969  8.24332e+00 | 98 -0.00295  6.70727e+00 | 99  0.05214  3.58757e+00
100  0.03516  1.09044e+01 |101 -0.06325  7.70546e+00 |102  0.01817  5.66183e+00
103 -0.00053  7.46485e+00 |104 -0.00034  7.59237e+00 |105 -0.05117 -1.91337e+01
106 -0.42805  1.66506e+01 |107 -0.29039 -4.82270e-01 |108 -0.25589  2.36908e+00
108 variables; iteration 60; function evaluation 82; phase 4
Function value 5.6487017e+02; maximum gradient component mag -1.2793e+02
Var    Value     Gradient |Var    Value     Gradient |Var    Value     Gradient
  1 -0.41128 -1.07023e+01 |  2 -0.42812 -1.27928e+02 |  3 -0.40959 -5.36740e+01
  4  0.64960 -9.77794e+01 |  5 -0.00072 -1.11036e+00 |  6 -0.00015 -2.38118e-01
  7 -0.00018 -2.90468e-01 |  8 -0.00022 -3.54077e-01 |  9  0.00004 -3.66268e-01
 10 -0.00052  2.84029e+00 | 11 -0.00055  2.76962e+00 | 12 -0.00058  2.68369e+00
 13 -0.00063  2.56313e+00 | 14 -0.00069  2.39423e+00 | 15 -0.00074  2.20058e+00
 16 -0.00041  2.02415e+00 | 17 -0.00069  1.85536e+00 | 18 -0.00068  1.51962e+00
 19  0.00042  1.05334e+00 | 20 -0.00092  7.28170e-01 | 21 -0.00126  3.63841e-01
 22 -0.00213 -2.46686e-02 | 23 -0.00220 -5.70457e-01 | 24 -0.00483 -5.98611e-01
 25 -0.00591 -9.15939e-01 | 26 -0.00800 -9.92002e-01 | 27 -0.00612 -1.22179e+00
 28  0.00039 -1.57363e+00 | 29 -0.00268 -1.70061e+00 | 30 -0.00398 -1.75024e+00
 31 -0.00404 -1.57765e+00 | 32 -0.00420 -1.70262e+00 | 33 -0.00400 -1.82797e+00
 34 -0.00265 -2.00441e+00 | 35 -0.00389 -1.69181e+00 | 36  0.00180 -2.35345e+00
 37 -0.00413 -1.64176e+00 | 38 -0.00549 -1.84579e+00 | 39 -0.00583 -1.67723e+00
 40 -0.00318 -1.75470e+00 | 41 -0.00487 -1.45088e+00 | 42 -0.00736 -1.40553e+00
 43  0.02521 -4.80445e+00 | 44  0.00791 -2.50688e+00 | 45  0.00145 -2.11253e+00
 46 -0.00426 -1.58852e+00 | 47 -0.00512 -1.63002e+00 | 48  0.01685 -3.29935e+00
 49  0.00478 -1.81631e+00 | 50  0.00441 -1.89836e+00 | 51 -0.00647 -1.77279e+00
 52 -0.01332 -7.48063e-01 | 53 -0.00755 -1.06404e+00 | 54 -0.00916 -8.52047e-01
 55 -0.00725 -1.34980e+00 | 56  0.00139 -1.64854e+00 | 57 -0.00067 -1.61810e+00
 58 -0.01646 -7.51367e-01 | 59 -0.00441 -1.19414e+00 | 60 -0.00831 -8.10543e-01
 61 -0.01420 -4.56210e-01 | 62  0.00608 -1.27029e+00 | 63 -0.00311 -5.18492e-01
 64  0.01892 -2.23469e+00 | 65  0.00400 -1.12383e+00 | 66  0.01216 -1.98948e+00
 67  0.02185 -2.16129e+00 | 68 -0.03876  6.59269e-01 | 69 -0.00641 -3.82903e-01
 70  0.00930 -1.35687e+00 | 71  0.00705 -1.12422e+00 | 72  0.02030 -1.83142e+00
 73 -0.00771 -2.36034e-01 | 74 -0.00856  6.63685e-01 | 75 -0.01900  7.53840e-01
 76  0.03070 -1.98901e+00 | 77  0.03014 -1.21191e+00 | 78 -0.03000  1.53924e+00
 79  0.03942 -1.34573e+00 | 80  0.01777  1.90594e-01 | 81 -0.00736  1.27560e+00
 82  0.02584 -1.51850e-01 | 83 -0.00377  1.05082e+00 | 84  0.00808  8.93581e-01
 85  0.01989  7.03153e-01 | 86  0.00793  1.02450e+00 | 87 -0.02409  2.26631e+00
 88 -0.01123  1.81424e+00 | 89  0.01191  1.71706e+00 | 90 -0.04584  3.11081e+00
 91  0.02295  1.71855e+00 | 92 -0.03173  2.55551e+00 | 93 -0.00565  2.57943e+00
 94  0.01598  2.11553e+00 | 95  0.01012  2.53402e+00 | 96 -0.00099  2.89729e+00
 97 -0.00977  3.28533e+00 | 98 -0.00301  2.87346e+00 | 99  0.05224  3.08860e+00
100  0.03475  3.42352e+00 |101 -0.06327  3.57619e+00 |102  0.01917  3.43413e+00
103 -0.00037  3.29273e+00 |104 -0.00027  3.26051e+00 |105 -0.04513 -6.38895e+00
106 -0.42498  7.49465e+00 |107 -0.29331 -1.99992e-01 |108 -0.25832  3.10389e-01
Maximum number of function evaluations exceeded

 - final statistics:
108 variables; iteration 70; function evaluation 100
Function value 5.6487e+02; maximum gradient component mag -6.4810e+01
Exit code = 3;  converg criter 1.0000e+00
Var    Value     Gradient |Var    Value     Gradient |Var    Value     Gradient
  1 -0.41108 -3.07639e+00 |  2 -0.42810 -6.48102e+01 |  3 -0.40975 -2.69515e+01
  4  0.64964 -5.11096e+01 |  5 -0.00052 -4.28153e-01 |  6 -0.00011 -8.93241e-02
  7 -0.00013 -1.09445e-01 |  8 -0.00016 -1.34103e-01 |  9  0.00006 -1.82794e-01
 10 -0.00050  1.49379e+00 | 11 -0.00054  1.44245e+00 | 12 -0.00059  1.38256e+00
 13 -0.00063  1.31561e+00 | 14 -0.00067  1.23976e+00 | 15 -0.00071  1.14834e+00
 16 -0.00040  1.04124e+00 | 17 -0.00070  9.52549e-01 | 18 -0.00064  8.30264e-01
 19  0.00049  5.69095e-01 | 20 -0.00087  3.50086e-01 | 21 -0.00118  1.94108e-01
 22 -0.00203  2.40748e-02 | 23 -0.00202 -2.22404e-01 | 24 -0.00477 -3.43092e-01
 25 -0.00580 -4.55148e-01 | 26 -0.00789 -4.97815e-01 | 27 -0.00598 -5.75282e-01
 28  0.00047 -8.21049e-01 | 29 -0.00254 -8.34169e-01 | 30 -0.00389 -9.01763e-01
 31 -0.00395 -7.93311e-01 | 32 -0.00408 -8.36351e-01 | 33 -0.00386 -8.71402e-01
 34 -0.00250 -9.34544e-01 | 35 -0.00390 -9.25735e-01 | 36  0.00196 -1.10207e+00
 37 -0.00416 -9.03532e-01 | 38 -0.00531 -8.19342e-01 | 39 -0.00575 -8.28072e-01
 40 -0.00314 -8.82712e-01 | 41 -0.00488 -7.77617e-01 | 42 -0.00726 -6.37474e-01
 43  0.02553 -2.20404e+00 | 44  0.00800 -1.17223e+00 | 45  0.00160 -9.60163e-01
 46 -0.00416 -7.44628e-01 | 47 -0.00496 -7.51669e-01 | 48  0.01698 -1.59956e+00
 49  0.00441 -1.27449e+00 | 50  0.00408 -1.27331e+00 | 51 -0.00633 -8.14025e-01
 52 -0.01340 -4.80903e-01 | 53 -0.00772 -8.51269e-01 | 54 -0.00941 -6.61348e-01
 55 -0.00732 -7.84631e-01 | 56  0.00122 -9.66854e-01 | 57 -0.00082 -9.80302e-01
 58 -0.01641 -3.24752e-01 | 59 -0.00460 -7.38294e-01 | 60 -0.00850 -5.31078e-01
 61 -0.01427 -2.18688e-01 | 62  0.00583 -8.12099e-01 | 63 -0.00337 -6.14615e-01
 64  0.01874 -1.21334e+00 | 65  0.00391 -5.82868e-01 | 66  0.01218 -9.70410e-01
 67  0.02163 -1.44874e+00 | 68 -0.03859  7.07663e-01 | 69 -0.00641 -5.99427e-02
 70  0.00928 -5.97431e-01 | 71  0.00708 -3.60888e-01 | 72  0.02024 -9.34963e-01
 73 -0.00764  1.53428e-01 | 74 -0.00872 -1.37480e-01 | 75 -0.01899  4.98082e-01
 76  0.03070 -8.14066e-01 | 77  0.03012 -6.46608e-01 | 78 -0.03002  8.28182e-01
 79  0.03941 -6.88672e-01 | 80  0.01774 -1.02229e-01 | 81 -0.00737  6.63889e-01
 82  0.02584 -2.94636e-02 | 83 -0.00375  8.88164e-01 | 84  0.00808  5.05124e-01
 85  0.01989  4.07267e-01 | 86  0.00793  6.64325e-01 | 87 -0.02412  9.89780e-01
 88 -0.01123  1.00323e+00 | 89  0.01190  7.53439e-01 | 90 -0.04593  1.14964e+00
 91  0.02294  8.61827e-01 | 92 -0.03173  1.38225e+00 | 93 -0.00566  1.36172e+00
 94  0.01599  1.24683e+00 | 95  0.01012  1.49430e+00 | 96 -0.00101  1.42610e+00
 97 -0.00980  1.50459e+00 | 98 -0.00300  1.65418e+00 | 99  0.05223  1.78529e+00
100  0.03469  1.61159e+00 |101 -0.06337  1.64294e+00 |102  0.01910  1.78763e+00
103 -0.00039  1.70417e+00 |104 -0.00026  1.72023e+00 |105 -0.04459 -3.28781e+00
106 -0.42467  4.43528e+00 |107 -0.29379 -1.58421e-01 |108 -0.25867  1.18778e-01

Initial statistics: 111 variables; iteration 0; function evaluation 0; phase 5
Function value 5.6486771e+02; maximum gradient component mag 1.1996e+03
Var    Value     Gradient |Var    Value     Gradient |Var    Value     Gradient
  1 -0.41108 -3.07639e+00 |  2 -0.42810 -6.48102e+01 |  3 -0.40975 -2.69515e+01
  4 -0.41222  8.70456e+01 |  5 -0.41222  6.32378e+01 |  6  0.64964 -5.11096e+01
  7 -0.00052 -4.28153e-01 |  8 -0.00011 -8.93241e-02 |  9 -0.00013 -1.09445e-01
 10 -0.00016 -1.34103e-01 | 11  0.00006 -1.82794e-01 | 12 -0.00050  1.49285e+00
 13 -0.00054  1.44151e+00 | 14 -0.00059  1.38161e+00 | 15 -0.00063  1.31466e+00
 16 -0.00067  1.23882e+00 | 17 -0.00071  1.14739e+00 | 18 -0.00040  1.04030e+00
 19 -0.00070  9.51607e-01 | 20 -0.00064  8.29322e-01 | 21  0.00049  5.68153e-01
 22 -0.00087  3.49144e-01 | 23 -0.00118  1.93166e-01 | 24 -0.00203  2.31328e-02
 25 -0.00202 -2.23346e-01 | 26 -0.00477 -3.44034e-01 | 27 -0.00580 -4.56090e-01
 28 -0.00789 -4.98757e-01 | 29 -0.00598 -5.76224e-01 | 30  0.00047 -8.21991e-01
 31 -0.00254 -8.35111e-01 | 32 -0.00389 -9.02705e-01 | 33 -0.00395 -7.94253e-01
 34 -0.00408 -8.37293e-01 | 35 -0.00386 -8.72344e-01 | 36 -0.00250 -9.35486e-01
 37 -0.00390 -9.26677e-01 | 38  0.00196 -1.10301e+00 | 39 -0.00416 -9.04474e-01
 40 -0.00531 -8.20284e-01 | 41 -0.00575 -8.29014e-01 | 42 -0.00314 -8.83654e-01
 43 -0.00488 -7.78559e-01 | 44 -0.00726 -6.38416e-01 | 45  0.02553 -2.20498e+00
 46  0.00800 -1.17317e+00 | 47  0.00160 -9.61105e-01 | 48 -0.00416 -7.45570e-01
 49 -0.00496 -7.52611e-01 | 50  0.01698 -1.60050e+00 | 51  0.00441 -1.27543e+00
 52  0.00408 -1.27425e+00 | 53 -0.00633 -8.14967e-01 | 54 -0.01340 -4.81845e-01
 55 -0.00772 -8.52211e-01 | 56 -0.00941 -6.62290e-01 | 57 -0.00732 -7.85573e-01
 58  0.00122 -9.67796e-01 | 59 -0.00082 -9.81244e-01 | 60 -0.01641 -3.25694e-01
 61 -0.00460 -7.39236e-01 | 62 -0.00850 -5.32020e-01 | 63 -0.01427 -2.19630e-01
 64  0.00583 -8.13041e-01 | 65 -0.00337 -6.15557e-01 | 66  0.01874 -1.21428e+00
 67  0.00391 -5.83810e-01 | 68  0.01218 -9.71352e-01 | 69  0.02163 -1.44968e+00
 70 -0.03859  7.06722e-01 | 71 -0.00641 -6.08847e-02 | 72  0.00928 -5.98373e-01
 73  0.00708 -3.61830e-01 | 74  0.02024 -9.35905e-01 | 75 -0.00764  1.52486e-01
 76 -0.00872 -1.38422e-01 | 77 -0.01899  4.97141e-01 | 78  0.03070 -8.15007e-01
 79  0.03012 -6.47549e-01 | 80 -0.03002  8.27241e-01 | 81  0.03941 -6.89612e-01
 82  0.01774 -1.03170e-01 | 83 -0.00737  6.62947e-01 | 84  0.02584 -3.04049e-02
 85 -0.00375  8.87222e-01 | 86  0.00808  5.04182e-01 | 87  0.01989  4.06325e-01
 88  0.00793  6.63383e-01 | 89 -0.02412  9.88838e-01 | 90 -0.01123  1.00229e+00
 91  0.01190  7.52497e-01 | 92 -0.04593  1.14870e+00 | 93  0.02294  8.60886e-01
 94 -0.03173  1.38131e+00 | 95 -0.00566  1.36077e+00 | 96  0.01599  1.24589e+00
 97  0.01012  1.49335e+00 | 98 -0.00101  1.42516e+00 | 99 -0.00980  1.50365e+00
100 -0.00300  1.65324e+00 |101  0.05223  1.78435e+00 |102  0.03469  1.61065e+00
103 -0.06337  1.64200e+00 |104  0.01910  1.78669e+00 |105 -0.00039  1.70323e+00
106 -0.00026  1.71928e+00 |107  0.00000  1.19958e+03 |108 -0.04459 -3.28781e+00
109 -0.42467  4.43528e+00 |110 -0.29379 -1.58421e-01 |111 -0.25867  1.18778e-01

Intermediate statistics: 111 variables; iteration 20; function evaluation 25; phase 5
Function value 5.6013842e+02; maximum gradient component mag 8.5028e+02
Var    Value     Gradient |Var    Value     Gradient |Var    Value     Gradient
  1 -0.39855 -2.12745e+01 |  2 -0.42355 -7.36253e+02 |  3 -0.42484 -3.04785e+02
  4 -0.43502 -1.54961e+01 |  5 -0.46644 -5.56799e+00 |  6  0.65401 -4.72904e+02
  7 -0.00064 -4.56671e+00 |  8 -0.00014 -1.01592e+00 |  9 -0.00017 -1.23758e+00
 10 -0.00020 -1.50613e+00 | 11  0.00002 -1.84290e+00 | 12 -0.00056  1.08731e+01
 13 -0.00060  1.04020e+01 | 14 -0.00065  9.83719e+00 | 15 -0.00070  9.16306e+00
 16 -0.00074  8.36151e+00 | 17 -0.00077  7.41190e+00 | 18 -0.00045  6.25973e+00
 19 -0.00073  4.99439e+00 | 20 -0.00064  3.48537e+00 | 21  0.00057  1.54729e+00
 22 -0.00079 -1.37656e-01 | 23 -0.00131 -2.13456e+00 | 24 -0.00246 -4.06292e+00
 25 -0.00257 -6.18089e+00 | 26 -0.00529 -7.26837e+00 | 27 -0.00638 -8.53833e+00
 28 -0.00833 -8.97859e+00 | 29 -0.00632 -1.02404e+01 | 30  0.00002 -1.24882e+01
 31 -0.00318 -1.26868e+01 | 32 -0.00448 -1.36050e+01 | 33 -0.00450 -1.26183e+01
 34 -0.00456 -1.32630e+01 | 35 -0.00419 -1.39029e+01 | 36 -0.00300 -1.49107e+01
 37 -0.00511 -1.46210e+01 | 38  0.00362 -1.75078e+01 | 39 -0.00624 -1.43852e+01
 40 -0.00565 -1.42054e+01 | 41 -0.00607 -1.39929e+01 | 42 -0.00340 -1.51498e+01
 43 -0.00552 -1.41861e+01 | 44 -0.00819 -1.30209e+01 | 45  0.02376 -2.96059e+01
 46  0.00845 -1.95021e+01 | 47  0.00151 -1.66159e+01 | 48 -0.00498 -1.39892e+01
 49 -0.00391 -1.41375e+01 | 50  0.01765 -2.51602e+01 | 51  0.00313 -1.89711e+01
 52  0.00342 -1.94388e+01 | 53 -0.00899 -1.43701e+01 | 54 -0.01407 -1.24248e+01
 55 -0.00786 -1.38732e+01 | 56 -0.01046 -1.38477e+01 | 57 -0.00828 -1.52933e+01
 58  0.00351 -1.94439e+01 | 59 -0.00239 -1.76866e+01 | 60 -0.01597 -1.01739e+01
 61 -0.00509 -1.54586e+01 | 62 -0.01020 -1.34766e+01 | 63 -0.01574 -1.06050e+01
 64  0.00574 -2.00413e+01 | 65 -0.00419 -1.26252e+01 | 66  0.01980 -2.43182e+01
 67  0.00631 -1.63699e+01 | 68  0.00927 -1.84531e+01 | 69  0.02203 -2.34498e+01
 70 -0.03880  9.50973e-01 | 71 -0.00588 -8.33572e+00 | 72  0.00931 -1.53231e+01
 73  0.00675 -1.30810e+01 | 74  0.02013 -2.02737e+01 | 75 -0.00592 -7.74005e+00
 76 -0.00943 -7.16167e+00 | 77 -0.01729 -9.21384e-01 | 78  0.03138 -1.10617e+01
 79  0.02947 -8.74335e+00 | 80 -0.02820  1.30897e+01 | 81  0.03937  1.70034e+01
 82  0.01712 -1.03836e+01 | 83 -0.00820  6.41835e+00 | 84  0.02622  5.50385e+00
 85 -0.00361  7.91528e+00 | 86  0.00788  7.94763e+00 | 87  0.02004  2.14700e+01
 88  0.00763  1.08761e+01 | 89 -0.02434  1.43923e+01 | 90 -0.01097  1.59287e+01
 91  0.01135  1.58104e+01 | 92 -0.04503  1.59394e+01 | 93  0.02294  4.19419e+01
 94 -0.03066  1.91470e+01 | 95 -0.00486  3.36076e+01 | 96  0.01594  1.09467e+01
 97  0.01029  2.95603e+01 | 98 -0.00009  1.83281e+01 | 99 -0.00960  1.52905e+01
100  0.00074  3.11471e+01 |101  0.05211 -1.34694e+00 |102  0.03610  1.90572e+01
103 -0.05886  3.79871e+01 |104  0.01921  1.52940e+01 |105 -0.00040  1.31160e+01
106 -0.00028  1.30921e+01 |107 -0.00243  8.50280e+02 |108 -0.04533 -5.89148e+01
109 -0.42385  8.33068e+01 |110 -0.33491 -1.91398e+01 |111 -0.28053  2.52214e+00
111 variables; iteration 40; function evaluation 45; phase 5
Function value 5.5826384e+02; maximum gradient component mag -1.2736e+03
Var    Value     Gradient |Var    Value     Gradient |Var    Value     Gradient
  1 -0.39827 -6.65413e+01 |  2 -0.42457 -1.27358e+03 |  3 -0.42391 -5.41725e+02
  4 -0.43524 -1.20262e+01 |  5 -0.46704 -1.55664e+01 |  6  0.65651 -9.50029e+02
  7 -0.00033 -6.98158e+00 |  8 -0.00008 -1.55954e+00 |  9 -0.00009 -1.89956e+00
 10 -0.00011 -2.31164e+00 | 11  0.00015 -2.81130e+00 | 12 -0.00064  2.79734e+01
 13 -0.00067  2.72392e+01 | 14 -0.00069  2.63540e+01 | 15 -0.00072  2.52878e+01
 16 -0.00075  2.40088e+01 | 17 -0.00077  2.24832e+01 | 18 -0.00045  2.06135e+01
 19 -0.00076  1.85251e+01 | 20 -0.00070  1.60439e+01 | 21  0.00048  1.29055e+01
 22 -0.00091  1.02002e+01 | 23 -0.00143  7.05785e+00 | 24 -0.00257  4.03250e+00
 25 -0.00267  6.20589e-01 | 26 -0.00554 -1.35601e+00 | 27 -0.00681 -3.68542e+00
 28 -0.00872 -4.41282e+00 | 29 -0.00764 -7.57311e+00 | 30  0.00029 -9.28193e+00
 31 -0.00391 -1.08369e+01 | 32 -0.00518 -1.22145e+01 | 33 -0.00516 -1.06353e+01
 34 -0.00514 -1.16448e+01 | 35 -0.00453 -1.25066e+01 | 36 -0.00297 -1.37591e+01
 37 -0.00588 -1.39829e+01 | 38  0.00074 -2.13048e+01 | 39 -0.00462 -1.10807e+01
 40 -0.00550 -1.24308e+01 | 41 -0.00643 -1.29018e+01 | 42 -0.00294 -1.38471e+01
 43 -0.00461 -1.16652e+01 | 44 -0.00856 -1.13214e+01 | 45  0.02313 -3.84244e+01
 46  0.00669 -2.37573e+01 | 47  0.00365 -1.54840e+01 | 48 -0.00396 -1.18050e+01
 49 -0.00510 -1.48942e+01 | 50  0.01931 -3.03124e+01 | 51  0.00089 -2.25588e+01
 52  0.00488 -2.09964e+01 | 53 -0.01156 -1.63279e+01 | 54 -0.01264 -9.12554e+00
 55 -0.00922 -1.57574e+01 | 56 -0.01067 -1.40833e+01 | 57 -0.00710 -1.50081e+01
 58  0.00148 -2.60110e+01 | 59 -0.00051 -1.85471e+01 | 60 -0.01643 -9.16668e+00
 61 -0.00536 -1.76155e+01 | 62 -0.01072 -1.40545e+01 | 63 -0.01681 -1.05436e+01
 64  0.00359 -2.81969e+01 | 65 -0.00498 -1.41131e+01 | 66  0.02230 -3.02182e+01
 67  0.01257 -1.34839e+01 | 68  0.00698 -2.50568e+01 | 69  0.02114 -3.83101e+01
 70 -0.03922  6.39845e+00 | 71 -0.00632 -1.16886e+01 | 72  0.00921 -2.39003e+01
 73  0.00691 -1.92073e+01 | 74  0.01991 -3.45102e+01 | 75 -0.00574 -8.57128e+00
 76 -0.00818 -7.38180e-01 | 77 -0.01606  8.84856e+00 | 78  0.03264 -1.26147e+01
 79  0.03028 -1.76308e+01 | 80 -0.02839  1.69891e+01 | 81  0.03916 -2.14177e+01
 82  0.01944  2.59938e+01 | 83 -0.00905 -1.32782e+01 | 84  0.02566 -1.55114e+01
 85 -0.00397 -4.83245e+00 | 86  0.00644 -1.47052e+01 | 87  0.01940 -6.57465e+00
 88  0.00804  2.00150e+01 | 89 -0.02446  1.71317e+01 | 90 -0.01180  1.01075e+01
 91  0.01143  9.43628e+00 | 92 -0.04499  2.83342e+01 | 93  0.02274  1.88411e+01
 94 -0.03075  2.63473e+01 | 95 -0.00387  4.64588e+01 | 96  0.01560  3.54867e+00
 97  0.01079  2.80337e+01 | 98  0.00091  3.10685e+01 | 99 -0.00731  4.29854e+01
100  0.00286  5.32551e+01 |101  0.05486  2.73697e+01 |102  0.03830  3.70517e+01
103 -0.06061  3.35386e+01 |104  0.02060  3.57161e+01 |105 -0.00056  3.14271e+01
106 -0.00046  3.14207e+01 |107 -0.00564 -7.69999e+01 |108 -0.05223 -7.66284e+01
109 -0.42827  9.01679e+01 |110 -0.33686 -1.53948e+01 |111 -0.28034  1.85262e+01
111 variables; iteration 60; function evaluation 73; phase 5
Function value 5.5775799e+02; maximum gradient component mag -1.3110e+03
Var    Value     Gradient |Var    Value     Gradient |Var    Value     Gradient
  1 -0.39855 -8.74366e+01 |  2 -0.42430 -1.31099e+03 |  3 -0.42506 -5.51436e+02
  4 -0.43243 -1.37566e+01 |  5 -0.47469 -2.22310e+01 |  6  0.65677 -9.98668e+02
  7 -0.00058 -7.59439e+00 |  8 -0.00008 -1.61655e+00 |  9 -0.00010 -1.97545e+00
 10 -0.00012 -2.41353e+00 | 11  0.00011 -2.96068e+00 | 12 -0.00099  2.98714e+01
 13 -0.00103  2.90983e+01 | 14 -0.00107  2.81639e+01 | 15 -0.00112  2.70402e+01
 16 -0.00116  2.56981e+01 | 17 -0.00120  2.41089e+01 | 18 -0.00086  2.21916e+01
 19 -0.00113  2.00960e+01 | 20 -0.00103  1.75991e+01 | 21  0.00020  1.44361e+01
 22 -0.00123  1.16222e+01 | 23 -0.00203  8.10130e+00 | 24 -0.00350  4.67776e+00
 25 -0.00384  9.28157e-01 | 26 -0.00652 -8.59916e-01 | 27 -0.00733 -2.66188e+00
 28 -0.00890 -2.98626e+00 | 29 -0.00629 -4.60451e+00 | 30 -0.00119 -9.40784e+00
 31 -0.00376 -9.24467e+00 | 32 -0.00501 -1.05277e+01 | 33 -0.00483 -8.71715e+00
 34 -0.00472 -9.64605e+00 | 35 -0.00416 -1.05635e+01 | 36 -0.00303 -1.21691e+01
 37 -0.00638 -1.25796e+01 | 38  0.00377 -1.73401e+01 | 39 -0.00741 -1.18155e+01
 40 -0.00600 -1.15351e+01 | 41 -0.00672 -1.15822e+01 | 42 -0.00380 -1.29419e+01
 43 -0.00535 -1.04787e+01 | 44 -0.00735 -7.83201e+00 | 45  0.02382 -3.59375e+01
 46  0.01041 -1.91106e+01 | 47 -0.00070 -1.66742e+01 | 48 -0.00411 -9.79481e+00
 49 -0.00390 -1.17458e+01 | 50  0.01841 -2.93591e+01 | 51  0.00219 -1.93198e+01
 52  0.00511 -1.82369e+01 | 53 -0.01109 -1.28601e+01 | 54 -0.01481 -9.89766e+00
 55 -0.00882 -1.32066e+01 | 56 -0.00996 -1.09454e+01 | 57 -0.00738 -1.26520e+01
 58  0.00401 -2.20192e+01 | 59 -0.00375 -1.92216e+01 | 60 -0.01698 -8.27765e+00
 61 -0.00565 -1.59293e+01 | 62 -0.01115 -1.20626e+01 | 63 -0.01539 -5.92230e+00
 64  0.00801 -1.91162e+01 | 65 -0.00294 -9.38800e+00 | 66  0.02307 -2.98897e+01
 67  0.00461 -1.88275e+01 | 68  0.01004 -1.92329e+01 | 69  0.02369 -2.75011e+01
 70 -0.03929  8.34631e+00 | 71 -0.00461 -5.43795e+00 | 72  0.01042 -1.77480e+01
 73  0.00819 -1.28293e+01 | 74  0.02052 -2.83612e+01 | 75 -0.00460 -2.09032e+00
 76 -0.00840  2.72808e-01 | 77 -0.01717 -5.28999e-01 | 78  0.03209 -2.42606e+01
 79  0.03061 -2.15013e+01 | 80 -0.02950  1.04227e+01 | 81  0.03967 -2.51389e+01
 82  0.01780 -3.34160e+00 | 83 -0.00726  7.50834e+00 | 84  0.02579 -1.20718e+01
 85 -0.00272  6.42581e+00 | 86  0.00707 -1.33022e+00 | 87  0.02030 -2.54845e+00
 88  0.00702  5.00884e+00 | 89 -0.02385  1.78305e+01 | 90 -0.01176  1.32939e+01
 91  0.01202  1.00589e+01 | 92 -0.04606  2.26152e+01 | 93  0.02309  1.18748e+01
 94 -0.03109  2.39213e+01 | 95 -0.00404  2.76996e+01 | 96  0.01634  1.74199e+01
 97  0.01147  2.64296e+01 | 98  0.00048  2.56669e+01 | 99 -0.00672  3.59976e+01
100  0.00074  2.82579e+01 |101  0.05614  3.78318e+01 |102  0.03828  3.51943e+01
103 -0.05952  3.56682e+01 |104  0.01873  3.35187e+01 |105 -0.00095  3.33887e+01
106 -0.00081  3.34263e+01 |107 -0.00659 -3.69111e+02 |108 -0.04307 -6.92349e+01
109 -0.42354  8.73201e+01 |110 -0.32464 -2.16742e+00 |111 -0.27592  4.06063e+00
111 variables; iteration 80; function evaluation 106; phase 5
Function value 5.5742195e+02; maximum gradient component mag -3.0639e+02
Var    Value     Gradient |Var    Value     Gradient |Var    Value     Gradient
  1 -0.39706 -2.79833e+01 |  2 -0.42509 -3.06389e+02 |  3 -0.42538 -1.31936e+02
  4 -0.43610 -2.14745e+00 |  5 -0.46609 -3.87696e+00 |  6  0.65934 -2.36304e+02
  7 -0.00041 -1.49280e+00 |  8 -0.00025 -5.84177e-01 |  9 -0.00029 -6.93840e-01
 10 -0.00033 -8.13984e-01 | 11 -0.00010 -9.41040e-01 | 12 -0.00053  7.29846e+00
 13 -0.00061  7.05073e+00 | 14 -0.00070  6.76438e+00 | 15 -0.00079  6.42799e+00
 16 -0.00088  6.02761e+00 | 17 -0.00096  5.55931e+00 | 18 -0.00068  5.02173e+00
 19 -0.00098  4.49082e+00 | 20 -0.00078  4.07457e+00 | 21  0.00071  3.73466e+00
 22 -0.00071  3.01014e+00 | 23 -0.00182  1.40959e+00 | 24 -0.00324  2.38763e-01
 25 -0.00345 -7.88999e-01 | 26 -0.00597 -9.33549e-01 | 27 -0.00696 -1.39932e+00
 28 -0.00860 -1.16652e+00 | 29 -0.00741 -3.29646e+00 | 30  0.00017 -1.51188e+00
 31 -0.00323 -2.38910e+00 | 32 -0.00499 -3.43570e+00 | 33 -0.00503 -3.08331e+00
 34 -0.00521 -3.52770e+00 | 35 -0.00531 -4.43537e+00 | 36 -0.00420 -4.93207e+00
 37 -0.00503 -3.26369e+00 | 38  0.00266 -5.32039e+00 | 39 -0.00637 -2.75483e+00
 40 -0.00597 -3.52171e+00 | 41 -0.00681 -3.95856e+00 | 42 -0.00421 -4.30807e+00
 43 -0.00596 -3.42986e+00 | 44 -0.00882 -3.89363e+00 | 45  0.02267 -1.10756e+01
 46  0.00869 -4.63708e+00 | 47  0.00224 -2.46428e+00 | 48 -0.00586 -4.20964e+00
 49 -0.00305 -2.06416e+00 | 50  0.01699 -7.69610e+00 | 51  0.00340 -4.57740e+00
 52  0.00225 -6.03685e+00 | 53 -0.00967 -3.43377e+00 | 54 -0.01395 -3.16192e+00
 55 -0.00882 -3.79274e+00 | 56 -0.00944 -1.35800e+00 | 57 -0.00796 -3.68703e+00
 58  0.00261 -6.78663e+00 | 59 -0.00166 -2.97647e+00 | 60 -0.01501  1.20296e+00
 61 -0.00506 -3.13052e+00 | 62 -0.01033 -2.69181e+00 | 63 -0.01628 -2.90345e+00
 64  0.00682 -4.87136e+00 | 65 -0.00498 -4.93378e+00 | 66  0.02095 -6.84708e+00
 67  0.00750 -1.22189e+00 | 68  0.00952 -3.54367e+00 | 69  0.02159 -8.22358e+00
 70 -0.03834  4.00886e+00 | 71 -0.00579 -2.66930e+00 | 72  0.00978 -5.10189e+00
 73  0.00697 -4.30144e+00 | 74  0.02125 -2.35676e+00 | 75 -0.00595 -2.45951e+00
 76 -0.00957 -2.28930e+00 | 77 -0.01591  7.65801e+00 | 78  0.03172 -8.56482e+00
 79  0.03047 -3.57826e+00 | 80 -0.02924  4.70951e+00 | 81  0.03974 -3.13103e+00
 82  0.01710 -7.12421e+00 | 83 -0.00718  5.26211e+00 | 84  0.02592  9.85678e-01
 85 -0.00261  6.48275e+00 | 86  0.00729  3.66183e+00 | 87  0.02040  3.77047e+00
 88  0.00663 -2.64562e-01 | 89 -0.02399  5.93546e+00 | 90 -0.01167  4.50636e+00
 91  0.01198  4.71835e+00 | 92 -0.04578  7.86821e+00 | 93  0.02315  3.84244e+00
 94 -0.03093  6.74818e+00 | 95 -0.00426  3.13072e+00 | 96  0.01670  7.80592e+00
 97  0.01162  7.21683e+00 | 98  0.00083  8.17256e+00 | 99 -0.00673  6.59471e+00
100  0.00146  6.79978e+00 |101  0.05673  1.32028e+01 |102  0.03848  5.70971e+00
103 -0.05969  6.01234e+00 |104  0.01933  8.20272e+00 |105 -0.00014  8.55702e+00
106 -0.00003  8.54769e+00 |107 -0.00785 -1.25130e+02 |108 -0.04373 -1.62110e+01
109 -0.42389  1.87621e+01 |110 -0.33075  2.65767e+00 |111 -0.27892 -5.82599e+00
111 variables; iteration 100; function evaluation 141; phase 5
Function value 5.5734336e+02; maximum gradient component mag -3.9330e+01
Var    Value     Gradient |Var    Value     Gradient |Var    Value     Gradient
  1 -0.39631 -3.04054e+00 |  2 -0.42563 -3.93299e+01 |  3 -0.42522 -1.75838e+01
  4 -0.43797 -2.97301e-01 |  5 -0.46330 -3.64946e-01 |  6  0.66048 -2.90423e+01
  7 -0.00082 -6.06712e-01 |  8 -0.00014 -6.64285e-02 |  9 -0.00017 -9.36765e-02
 10 -0.00021 -1.29592e-01 | 11 -0.00001 -1.80066e-01 | 12 -0.00053  7.85415e-01
 13 -0.00058  7.48091e-01 | 14 -0.00063  7.01133e-01 | 15 -0.00069  6.42304e-01
 16 -0.00074  5.64112e-01 | 17 -0.00079  4.59624e-01 | 18 -0.00048  3.59013e-01
 19 -0.00072  3.56208e-01 | 20 -0.00039  6.57160e-01 | 21  0.00084  6.05822e-01
 22 -0.00066  3.21394e-01 | 23 -0.00118  2.47009e-01 | 24 -0.00247 -9.89976e-02
 25 -0.00243 -1.54992e-02 | 26 -0.00531 -3.37293e-01 | 27 -0.00633 -4.28686e-01
 28 -0.00826 -5.03305e-01 | 29 -0.00618 -8.52283e-01 | 30 -0.00003 -4.02374e-01
 31 -0.00283 -2.33962e-01 | 32 -0.00435 -6.57514e-01 | 33 -0.00448 -7.62509e-01
 34 -0.00433 -4.21271e-01 | 35 -0.00426 -8.15047e-01 | 36 -0.00287 -4.92706e-01
 37 -0.00463 -4.13204e-01 | 38  0.00327 -8.26541e-01 | 39 -0.00643 -6.77613e-01
 40 -0.00552 -6.17602e-01 | 41 -0.00612 -5.65644e-01 | 42 -0.00348 -4.38175e-01
 43 -0.00587 -9.93023e-01 | 44 -0.00786 -5.34075e-01 | 45  0.02390 -1.37420e+00
 46  0.00834 -5.54329e-01 | 47  0.00099 -6.46335e-01 | 48 -0.00483 -1.57788e-01
 49 -0.00398 -1.05211e+00 | 50  0.01673 -1.70039e+00 | 51  0.00302 -6.66414e-01
 52  0.00258 -9.36223e-01 | 53 -0.00954 -5.16189e-01 | 54 -0.01347 -5.71328e-01
 55 -0.00858 -7.44407e-01 | 56 -0.01037 -6.14133e-02 | 57 -0.00786 -2.10722e-01
 58  0.00322 -5.95826e-01 | 59 -0.00266 -4.29775e-01 | 60 -0.01644 -2.68267e-02
 61 -0.00580 -3.99110e-01 | 62 -0.01078 -4.32744e-01 | 63 -0.01610 -7.07446e-01
 64  0.00630 -6.80396e-01 | 65 -0.00432 -7.21732e-01 | 66  0.01999 -1.04903e+00
 67  0.00491 -5.50182e-01 | 68  0.00838 -5.11641e-01 | 69  0.02104 -1.06159e+00
 70 -0.03929  3.69640e-01 | 71 -0.00605 -3.68201e-01 | 72  0.00932 -7.38017e-01
 73  0.00666 -6.42429e-01 | 74  0.01995 -7.62072e-01 | 75 -0.00619 -3.38875e-01
 76 -0.00965 -2.20142e-01 | 77 -0.01695  4.05989e-01 | 78  0.03164 -9.27912e-01
 79  0.03021 -3.19741e-01 | 80 -0.02952  6.00850e-01 | 81  0.03957 -1.55281e-02
 82  0.01730 -1.06168e-01 | 83 -0.00742  8.28405e-01 | 84  0.02578  5.57309e-01
 85 -0.00290  9.60920e-01 | 86  0.00713  9.05158e-01 | 87  0.02021  1.00486e+00
 88  0.00667  8.06548e-01 | 89 -0.02421  1.03040e+00 | 90 -0.01169  1.02717e+00
 91  0.01186  1.17406e+00 | 92 -0.04599  1.12728e+00 | 93  0.02312  1.21634e+00
 94 -0.03097  1.12290e+00 | 95 -0.00414  9.37221e-01 | 96  0.01656  1.30565e+00
 97  0.01156  1.17941e+00 | 98  0.00072  1.19427e+00 | 99 -0.00671  9.86671e-01
100  0.00162  1.03599e+00 |101  0.05660  1.31584e+00 |102  0.03869  8.69534e-01
103 -0.05929  9.19092e-01 |104  0.01925  1.00542e+00 |105 -0.00046  8.15475e-01
106 -0.00033  8.35153e-01 |107 -0.00819 -1.99492e+01 |108 -0.04294 -1.93686e+00
109 -0.42334  2.39971e+00 |110 -0.33428  3.12991e-02 |111 -0.28038 -1.67456e-01
111 variables; iteration 120; function evaluation 178; phase 5
Function value 5.5734072e+02; maximum gradient component mag -7.9251e-01
Var    Value     Gradient |Var    Value     Gradient |Var    Value     Gradient
  1 -0.39633 -2.84437e-02 |  2 -0.42573 -7.92509e-01 |  3 -0.42507 -3.52208e-01
  4 -0.43805 -1.03478e-02 |  5 -0.46310 -1.08576e-02 |  6  0.66063 -5.63882e-01
  7 -0.00058 -1.00652e-02 |  8 -0.00012  8.01174e-04 |  9 -0.00015  9.98381e-04
 10 -0.00017  1.13885e-03 | 11  0.00006  1.26368e-03 | 12 -0.00047  1.66931e-02
 13 -0.00051  1.32333e-02 | 14 -0.00054  1.22828e-02 | 15 -0.00058  1.47985e-02
 16 -0.00060  1.87584e-02 | 17 -0.00062  1.66176e-02 | 18 -0.00028  6.37279e-03
 19 -0.00055  1.23681e-02 | 20 -0.00047  5.96636e-03 | 21  0.00074  1.52882e-03
 22 -0.00063  5.83229e-03 | 23 -0.00116  9.62721e-03 | 24 -0.00229  7.68870e-03
 25 -0.00237 -1.97099e-03 | 26 -0.00508  7.05963e-03 | 27 -0.00609 -6.29188e-04
 28 -0.00799 -3.42298e-03 | 29 -0.00574  5.99457e-03 | 30  0.00007 -6.62856e-03
 31 -0.00284 -2.64907e-03 | 32 -0.00413 -1.06538e-02 | 33 -0.00418 -8.94405e-03
 34 -0.00426 -5.87946e-03 | 35 -0.00397 -1.84832e-03 | 36 -0.00281 -1.03266e-02
 37 -0.00462 -1.53167e-02 | 38  0.00341 -7.60596e-03 | 39 -0.00625 -3.31173e-03
 40 -0.00539 -4.94757e-03 | 41 -0.00604 -3.26177e-03 | 42 -0.00352 -4.73266e-03
 43 -0.00555 -9.10486e-03 | 44 -0.00776 -2.49610e-03 | 45  0.02399 -1.90489e-02
 46  0.00819 -1.63317e-02 | 47  0.00100 -9.10388e-03 | 48 -0.00501 -6.30494e-03
 49 -0.00368 -4.52917e-03 | 50  0.01702 -1.10743e-02 | 51  0.00289 -1.82939e-02
 52  0.00263 -1.89198e-03 | 53 -0.00955 -1.26011e-03 | 54 -0.01339 -1.80048e-03
 55 -0.00847 -8.05612e-04 | 56 -0.01067 -1.31334e-02 | 57 -0.00812 -7.56350e-03
 58  0.00301 -1.18006e-02 | 59 -0.00285 -1.84899e-02 | 60 -0.01665 -1.20291e-02
 61 -0.00604 -8.04156e-03 | 62 -0.01092 -6.94234e-03 | 63 -0.01601  4.03030e-03
 64  0.00611 -1.27577e-02 | 65 -0.00431  1.58855e-03 | 66  0.01974 -2.33821e-02
 67  0.00466 -1.73925e-02 | 68  0.00811 -1.45081e-02 | 69  0.02086 -1.66944e-02
 70 -0.03945 -1.83541e-03 | 71 -0.00617 -3.45734e-03 | 72  0.00918 -1.04833e-02
 73  0.00654 -8.51742e-03 | 74  0.01978 -3.52225e-02 | 75 -0.00629 -3.15186e-03
 76 -0.00973  1.52201e-03 | 77 -0.01707 -2.79787e-02 | 78  0.03158 -1.18945e-02
 79  0.03014 -2.02181e-02 | 80 -0.02958 -5.67741e-04 | 81  0.03951 -2.19207e-02
 82  0.01727  2.17132e-02 | 83 -0.00748 -5.04961e-03 | 84  0.02573 -1.34480e-02
 85 -0.00296 -9.37591e-03 | 86  0.00708 -5.13871e-03 | 87  0.02015 -8.06615e-03
 88  0.00663  1.73313e-02 | 89 -0.02426  8.86642e-03 | 90 -0.01174  9.70985e-03
 91  0.01180  5.18992e-03 | 92 -0.04604  7.54853e-03 | 93  0.02307  1.16315e-02
 94 -0.03102  1.30141e-02 | 95 -0.00419  2.95108e-02 | 96  0.01650  4.48944e-03
 97  0.01151  1.37044e-02 | 98  0.00067  1.23886e-02 | 99 -0.00675  2.46893e-02
100  0.00158  2.02757e-02 |101  0.05654 -1.24231e-03 |102  0.03866  3.10163e-02
103 -0.05931  3.05842e-02 |104  0.01921  1.88606e-02 |105 -0.00034  2.27287e-02
106 -0.00022  2.37013e-02 |107 -0.00819 -2.66879e-01 |108 -0.04306 -4.04875e-02
109 -0.42337  5.88190e-02 |110 -0.33443 -1.54719e-02 |111 -0.28040  3.19794e-02
  ic > imax  in fminim is answer attained ?
Var    Value     Gradient |Var    Value     Gradient |Var    Value     Gradient
  1 -0.39633 -1.84195e-05 |  2 -0.42573 -1.89755e-04 |  3 -0.42506 -8.12990e-05
  4 -0.43805 -1.92897e-06 |  5 -0.46310 -2.88367e-06 |  6  0.66063 -1.38645e-04
  7 -0.00057 -5.28120e-07 |  8 -0.00012  1.44207e-06 |  9 -0.00015  9.04579e-07
 10 -0.00018 -1.37880e-06 | 11  0.00006 -1.02949e-06 | 12 -0.00047  6.21705e-06
 13 -0.00050  1.98265e-06 | 14 -0.00054  4.43844e-06 | 15 -0.00058  4.82588e-06
 16 -0.00061  1.95380e-06 | 17 -0.00062  4.21599e-06 | 18 -0.00028  4.67993e-06
 19 -0.00055  3.28874e-06 | 20 -0.00046  3.75577e-06 | 21  0.00074  3.53046e-06
 22 -0.00063  2.39154e-06 | 23 -0.00116  2.14559e-06 | 24 -0.00229  2.79081e-06
 25 -0.00237  4.42247e-06 | 26 -0.00508  2.35111e-06 | 27 -0.00609  3.08022e-06
 28 -0.00799  2.25886e-06 | 29 -0.00575 -5.70074e-07 | 30  0.00007  3.97018e-06
 31 -0.00284  9.64712e-07 | 32 -0.00413  1.64056e-06 | 33 -0.00417  7.08857e-07
 34 -0.00426  1.85955e-07 | 35 -0.00397 -1.26991e-06 | 36 -0.00281 -2.95020e-06
 37 -0.00461  1.35108e-06 | 38  0.00341  9.21892e-06 | 39 -0.00625 -1.84243e-06
 40 -0.00538 -1.67757e-06 | 41 -0.00604  1.18279e-06 | 42 -0.00352 -1.09033e-06
 43 -0.00555 -9.59101e-07 | 44 -0.00776 -1.21410e-06 | 45  0.02399 -3.00811e-06
 46  0.00819 -1.99243e-06 | 47  0.00100  5.35289e-06 | 48 -0.00501 -3.58375e-06
 49 -0.00368  6.64086e-08 | 50  0.01702 -1.16101e-05 | 51  0.00290  8.68250e-06
 52  0.00262 -1.08505e-05 | 53 -0.00955  5.04692e-06 | 54 -0.01339  7.50168e-08
 55 -0.00848  1.82252e-06 | 56 -0.01067 -1.62886e-06 | 57 -0.00812 -1.23164e-05
 58  0.00301  8.96351e-06 | 59 -0.00285 -6.41836e-06 | 60 -0.01664 -2.63890e-06
 61 -0.00604 -1.38065e-06 | 62 -0.01092  5.03632e-07 | 63 -0.01601  2.46633e-07
 64  0.00611 -3.68711e-06 | 65 -0.00432 -1.20844e-06 | 66  0.01974 -1.24369e-05
 67  0.00466  3.09667e-06 | 68  0.00811 -8.81628e-06 | 69  0.02086 -4.82356e-06
 70 -0.03945  1.62750e-06 | 71 -0.00618 -2.72137e-06 | 72  0.00917 -4.31905e-06
 73  0.00654 -4.31386e-06 | 74  0.01978 -4.90527e-06 | 75 -0.00629 -2.86438e-06
 76 -0.00974 -3.23780e-06 | 77 -0.01707  1.63377e-06 | 78  0.03158 -8.39638e-06
 79  0.03014 -6.06204e-06 | 80 -0.02958  1.01661e-06 | 81  0.03951 -7.04349e-06
 82  0.01727 -6.21141e-06 | 83 -0.00748 -2.70329e-07 | 84  0.02573 -4.55363e-06
 85 -0.00296  1.35886e-07 | 86  0.00708 -1.29463e-06 | 87  0.02015 -1.95182e-06
 88  0.00663 -3.05124e-06 | 89 -0.02426  1.88981e-06 | 90 -0.01174  4.72021e-08
 91  0.01180 -2.32850e-07 | 92 -0.04604  2.94528e-06 | 93  0.02307 -1.11046e-06
 94 -0.03102  2.21284e-06 | 95 -0.00419  8.84063e-07 | 96  0.01650  1.86013e-06
 97  0.01151  2.84720e-06 | 98  0.00067  3.00356e-06 | 99 -0.00675  3.09095e-06
100  0.00158  2.91231e-06 |101  0.05654  6.34196e-06 |102  0.03866  3.50082e-06
103 -0.05932  4.55048e-06 |104  0.01921  5.02941e-06 |105 -0.00034  4.38825e-06
106 -0.00022  3.54841e-06 |107 -0.00819 -1.08841e-04 |108 -0.04306 -7.93750e-06
109 -0.42337  9.25922e-06 |110 -0.33442  1.05840e-06 |111 -0.28040 -3.12959e-06
Function minimizer not making progress ... is minimum attained?
Minimprove criterion = 0.0000e+00

 - final statistics:
111 variables; iteration 140; function evaluation 245
Function value 5.5734e+02; maximum gradient component mag -1.8976e-04
Exit code = 1;  converg criter 1.0000e-04
Var    Value     Gradient |Var    Value     Gradient |Var    Value     Gradient
  1 -0.39633 -1.84195e-05 |  2 -0.42573 -1.89755e-04 |  3 -0.42506 -8.12990e-05
  4 -0.43805 -1.92897e-06 |  5 -0.46310 -2.88367e-06 |  6  0.66063 -1.38645e-04
  7 -0.00057 -5.28120e-07 |  8 -0.00012  1.44207e-06 |  9 -0.00015  9.04579e-07
 10 -0.00018 -1.37880e-06 | 11  0.00006 -1.02949e-06 | 12 -0.00047  6.21705e-06
 13 -0.00050  1.98265e-06 | 14 -0.00054  4.43844e-06 | 15 -0.00058  4.82588e-06
 16 -0.00061  1.95380e-06 | 17 -0.00062  4.21599e-06 | 18 -0.00028  4.67993e-06
 19 -0.00055  3.28874e-06 | 20 -0.00046  3.75577e-06 | 21  0.00074  3.53046e-06
 22 -0.00063  2.39154e-06 | 23 -0.00116  2.14559e-06 | 24 -0.00229  2.79081e-06
 25 -0.00237  4.42247e-06 | 26 -0.00508  2.35111e-06 | 27 -0.00609  3.08022e-06
 28 -0.00799  2.25886e-06 | 29 -0.00575 -5.70074e-07 | 30  0.00007  3.97018e-06
 31 -0.00284  9.64712e-07 | 32 -0.00413  1.64056e-06 | 33 -0.00417  7.08857e-07
 34 -0.00426  1.85955e-07 | 35 -0.00397 -1.26991e-06 | 36 -0.00281 -2.95020e-06
 37 -0.00461  1.35108e-06 | 38  0.00341  9.21892e-06 | 39 -0.00625 -1.84243e-06
 40 -0.00538 -1.67757e-06 | 41 -0.00604  1.18279e-06 | 42 -0.00352 -1.09033e-06
 43 -0.00555 -9.59101e-07 | 44 -0.00776 -1.21410e-06 | 45  0.02399 -3.00811e-06
 46  0.00819 -1.99243e-06 | 47  0.00100  5.35289e-06 | 48 -0.00501 -3.58375e-06
 49 -0.00368  6.64086e-08 | 50  0.01702 -1.16101e-05 | 51  0.00290  8.68250e-06
 52  0.00262 -1.08505e-05 | 53 -0.00955  5.04692e-06 | 54 -0.01339  7.50168e-08
 55 -0.00848  1.82252e-06 | 56 -0.01067 -1.62886e-06 | 57 -0.00812 -1.23164e-05
 58  0.00301  8.96351e-06 | 59 -0.00285 -6.41836e-06 | 60 -0.01664 -2.63890e-06
 61 -0.00604 -1.38065e-06 | 62 -0.01092  5.03632e-07 | 63 -0.01601  2.46633e-07
 64  0.00611 -3.68711e-06 | 65 -0.00432 -1.20844e-06 | 66  0.01974 -1.24369e-05
 67  0.00466  3.09667e-06 | 68  0.00811 -8.81628e-06 | 69  0.02086 -4.82356e-06
 70 -0.03945  1.62750e-06 | 71 -0.00618 -2.72137e-06 | 72  0.00917 -4.31905e-06
 73  0.00654 -4.31386e-06 | 74  0.01978 -4.90527e-06 | 75 -0.00629 -2.86438e-06
 76 -0.00974 -3.23780e-06 | 77 -0.01707  1.63377e-06 | 78  0.03158 -8.39638e-06
 79  0.03014 -6.06204e-06 | 80 -0.02958  1.01661e-06 | 81  0.03951 -7.04349e-06
 82  0.01727 -6.21141e-06 | 83 -0.00748 -2.70329e-07 | 84  0.02573 -4.55363e-06
 85 -0.00296  1.35886e-07 | 86  0.00708 -1.29463e-06 | 87  0.02015 -1.95182e-06
 88  0.00663 -3.05124e-06 | 89 -0.02426  1.88981e-06 | 90 -0.01174  4.72021e-08
 91  0.01180 -2.32850e-07 | 92 -0.04604  2.94528e-06 | 93  0.02307 -1.11046e-06
 94 -0.03102  2.21284e-06 | 95 -0.00419  8.84063e-07 | 96  0.01650  1.86013e-06
 97  0.01151  2.84720e-06 | 98  0.00067  3.00356e-06 | 99 -0.00675  3.09095e-06
100  0.00158  2.91231e-06 |101  0.05654  6.34196e-06 |102  0.03866  3.50082e-06
103 -0.05932  4.55048e-06 |104  0.01921  5.02941e-06 |105 -0.00034  4.38825e-06
106 -0.00022  3.54841e-06 |107 -0.00819 -1.08841e-04 |108 -0.04306 -7.93750e-06
109 -0.42337  9.25922e-06 |110 -0.33442  1.05840e-06 |111 -0.28040 -3.12959e-06

Initial statistics: 112 variables; iteration 0; function evaluation 0; phase 6
Function value 5.5734072e+02; maximum gradient component mag -1.8976e-04
Var    Value     Gradient |Var    Value     Gradient |Var    Value     Gradient
  1 -0.39633 -1.84196e-05 |  2 -0.42573 -1.89756e-04 |  3 -0.42506 -8.12994e-05
  4 -0.43805 -1.92898e-06 |  5 -0.46310 -2.88368e-06 |  6  0.66063 -1.38645e-04
  7 -0.00057 -5.28124e-07 |  8 -0.00012  1.44207e-06 |  9 -0.00015  9.04577e-07
 10 -0.00018 -1.37880e-06 | 11  0.00006 -1.02950e-06 | 12 -0.00047  6.17104e-06
 13 -0.00050  1.93664e-06 | 14 -0.00054  4.39242e-06 | 15 -0.00058  4.77987e-06
 16 -0.00061  1.90779e-06 | 17 -0.00062  4.16997e-06 | 18 -0.00028  4.63392e-06
 19 -0.00055  3.24272e-06 | 20 -0.00046  3.70975e-06 | 21  0.00074  3.48443e-06
 22 -0.00063  2.34551e-06 | 23 -0.00116  2.09957e-06 | 24 -0.00229  2.74479e-06
 25 -0.00237  4.37644e-06 | 26 -0.00508  2.30508e-06 | 27 -0.00609  3.03419e-06
 28 -0.00799  2.21283e-06 | 29 -0.00575 -6.16106e-07 | 30  0.00007  3.92414e-06
 31 -0.00284  9.18676e-07 | 32 -0.00413  1.59453e-06 | 33 -0.00417  6.62822e-07
 34 -0.00426  1.39918e-07 | 35 -0.00397 -1.31595e-06 | 36 -0.00281 -2.99624e-06
 37 -0.00461  1.30504e-06 | 38  0.00341  9.17288e-06 | 39 -0.00625 -1.88847e-06
 40 -0.00538 -1.72361e-06 | 41 -0.00604  1.13675e-06 | 42 -0.00352 -1.13637e-06
 43 -0.00555 -1.00514e-06 | 44 -0.00776 -1.26014e-06 | 45  0.02399 -3.05414e-06
 46  0.00819 -2.03847e-06 | 47  0.00100  5.30685e-06 | 48 -0.00501 -3.62979e-06
 49 -0.00368  2.03665e-08 | 50  0.01702 -1.16562e-05 | 51  0.00290  8.63645e-06
 52  0.00262 -1.08966e-05 | 53 -0.00955  5.00088e-06 | 54 -0.01339  2.89850e-08
 55 -0.00848  1.77648e-06 | 56 -0.01067 -1.67489e-06 | 57 -0.00812 -1.23624e-05
 58  0.00301  8.91746e-06 | 59 -0.00285 -6.46441e-06 | 60 -0.01664 -2.68493e-06
 61 -0.00604 -1.42669e-06 | 62 -0.01092  4.57592e-07 | 63 -0.01601  2.00604e-07
 64  0.00611 -3.73317e-06 | 65 -0.00432 -1.25448e-06 | 66  0.01974 -1.24830e-05
 67  0.00466  3.05062e-06 | 68  0.00811 -8.86233e-06 | 69  0.02086 -4.86960e-06
 70 -0.03945  1.58155e-06 | 71 -0.00618 -2.76742e-06 | 72  0.00917 -4.36511e-06
 73  0.00654 -4.35992e-06 | 74  0.01978 -4.95132e-06 | 75 -0.00629 -2.91043e-06
 76 -0.00974 -3.28384e-06 | 77 -0.01707  1.58774e-06 | 78  0.03158 -8.44240e-06
 79  0.03014 -6.10806e-06 | 80 -0.02958  9.70631e-07 | 81  0.03951 -7.08947e-06
 82  0.01727 -6.25745e-06 | 83 -0.00748 -3.16361e-07 | 84  0.02573 -4.59965e-06
 85 -0.00296  8.98517e-08 | 86  0.00708 -1.34067e-06 | 87  0.02015 -1.99783e-06
 88  0.00663 -3.09727e-06 | 89 -0.02426  1.84381e-06 | 90 -0.01174  1.18242e-09
 91  0.01180 -2.78871e-07 | 92 -0.04604  2.89938e-06 | 93  0.02307 -1.15646e-06
 94 -0.03102  2.16688e-06 | 95 -0.00419  8.38044e-07 | 96  0.01650  1.81413e-06
 97  0.01151  2.80119e-06 | 98  0.00067  2.95754e-06 | 99 -0.00675  3.04494e-06
100  0.00158  2.86630e-06 |101  0.05654  6.29614e-06 |102  0.03866  3.45489e-06
103 -0.05932  4.50467e-06 |104  0.01921  4.98342e-06 |105 -0.00034  4.34224e-06
106 -0.00022  3.50239e-06 |107  0.00000  0.00000e+00 |108 -0.00819 -1.08842e-04
109 -0.04306 -7.93755e-06 |110 -0.42337  9.25928e-06 |111 -0.33442  1.05840e-06
112 -0.28040 -3.12958e-06 |

 - final statistics:
112 variables; iteration 1; function evaluation 2
Function value 5.5734e+02; maximum gradient component mag 1.2196e-05
Exit code = 1;  converg criter 1.0000e-04
Var    Value     Gradient |Var    Value     Gradient |Var    Value     Gradient
  1 -0.39633 -2.18863e-06 |  2 -0.42573  7.69869e-06 |  3 -0.42506  4.59419e-06
  4 -0.43805 -1.36708e-07 |  5 -0.46310 -1.43202e-07 |  6  0.66063  1.75263e-06
  7 -0.00057  3.19785e-07 |  8 -0.00012  1.63049e-06 |  9 -0.00015  1.13420e-06
 10 -0.00018 -1.09898e-06 | 11  0.00006 -6.88212e-07 | 12 -0.00047  1.71088e-06
 13 -0.00050 -2.43578e-06 | 14 -0.00054  1.23737e-07 | 15 -0.00058  6.35651e-07
 16 -0.00061 -2.08767e-06 | 17 -0.00062  3.49523e-07 | 18 -0.00028  1.02638e-06
 19 -0.00055 -1.29743e-07 | 20 -0.00046  6.16040e-07 | 21  0.00074  7.44367e-07
 22 -0.00063 -9.18901e-08 | 23 -0.00116  1.71521e-08 | 24 -0.00229  1.00241e-06
 25 -0.00237  3.02316e-06 | 26 -0.00508  1.16307e-06 | 27 -0.00609  2.13949e-06
 28 -0.00799  1.41959e-06 | 29 -0.00575 -1.14325e-06 | 30  0.00007  3.81008e-06
 31 -0.00284  8.71683e-07 | 32 -0.00413  1.72715e-06 | 33 -0.00417  6.33055e-07
 34 -0.00426  2.63026e-07 | 35 -0.00397 -1.03509e-06 | 36 -0.00281 -2.50734e-06
 37 -0.00461  1.73960e-06 | 38  0.00341  1.04077e-05 | 39 -0.00625 -1.46287e-06
 40 -0.00538 -1.14999e-06 | 41 -0.00604  1.71054e-06 | 42 -0.00352 -3.13121e-07
 43 -0.00555 -3.50613e-07 | 44 -0.00776 -7.60319e-07 | 45  0.02399  9.52416e-07
 46  0.00819  8.19374e-08 | 47  0.00100  6.73476e-06 | 48 -0.00501 -2.68956e-06
 49 -0.00368  1.20630e-06 | 50  0.01702 -7.97431e-06 | 51  0.00290  1.07947e-05
 52  0.00262 -8.58803e-06 | 53 -0.00955  6.20851e-06 | 54 -0.01339  1.05574e-06
 55 -0.00848  3.37320e-06 | 56 -0.01067 -1.53327e-07 | 57 -0.00812 -1.04771e-05
 58  0.00301  1.21961e-05 | 59 -0.00285 -3.85476e-06 | 60 -0.01664 -1.49001e-06
 61 -0.00604  9.34616e-07 | 62 -0.01092  2.26946e-06 | 63 -0.01601  1.46862e-06
 64  0.00611 -6.22724e-09 | 65 -0.00432  1.06536e-06 | 66  0.01974 -6.88872e-06
 67  0.00466  6.40236e-06 | 68  0.00811 -5.02002e-06 | 69  0.02086  9.70490e-07
 70 -0.03945  8.82826e-07 | 71 -0.00618 -5.17781e-07 | 72  0.00917 -1.04720e-07
 73  0.00654 -5.24973e-07 | 74  0.01978  8.47010e-07 | 75 -0.00629 -7.86827e-07
 76 -0.00974 -1.64849e-06 | 77 -0.01707  2.32150e-06 | 78  0.03158 -1.83770e-06
 79  0.03014 -7.32071e-07 | 80 -0.02958  5.54767e-09 | 81  0.03951 -1.14950e-06
 82  0.01727 -3.72974e-06 | 83 -0.00748 -5.31255e-07 | 84  0.02573 -1.54703e-06
 85 -0.00296 -1.74678e-07 | 86  0.00708 -8.16073e-07 | 87  0.02015 -7.55034e-07
 88  0.00663 -3.18544e-06 | 89 -0.02426 -4.65388e-07 | 90 -0.01174 -1.62062e-06
 91  0.01180 -1.17362e-06 | 92 -0.04604 -4.08747e-07 | 93  0.02307 -2.17140e-06
 94 -0.03102 -1.15095e-06 | 95 -0.00419 -2.22262e-06 | 96  0.01650 -6.93890e-07
 97  0.01151 -5.71274e-07 | 98  0.00067 -8.70352e-07 | 99 -0.00675 -1.34024e-06
100  0.00158 -1.40006e-06 |101  0.05654  1.68187e-06 |102  0.03866 -1.55450e-06
103 -0.05932 -4.77285e-07 |104  0.01921  9.44350e-08 |105 -0.00034 -5.28458e-07
106 -0.00022 -1.36799e-06 |107  0.00000  0.00000e+00 |108 -0.00819 -8.65756e-06
109 -0.04306  1.49317e-06 |110 -0.42337 -2.60807e-06 |111 -0.33442  1.78907e-06
112 -0.28040 -3.95364e-06 |
size of file gradfil1.tmp = 0
size of file gradfil2.tmp = 0
size of file varssave.tmp = 0
size of file cmpdiff.tmp = 0
