
Initial statistics: 1 variables; iteration 0; function evaluation 0; phase 1
Function value 9.1629675e+02; maximum gradient component mag -3.0660e+04
Var    Value     Gradient |Var    Value     Gradient |Var    Value     Gradient
  1  0.63197 -3.06602e+04 |

 - final statistics:
1 variables; iteration 7; function evaluation 10
Function value 8.0062e+02; maximum gradient component mag -6.7420e+00
Exit code = 1;  converg criter 1.0000e+01
Var    Value     Gradient |Var    Value     Gradient |Var    Value     Gradient
  1  0.64316 -6.74199e+00 |

Initial statistics: 98 variables; iteration 0; function evaluation 0; phase 2
Function value 8.0062292e+02; maximum gradient component mag -1.5712e+03
Var    Value     Gradient |Var    Value     Gradient |Var    Value     Gradient
  1  0.64316 -6.74199e+00 |  2  0.00000 -6.04606e-01 |  3  0.00000 -1.75025e+00
  4  0.00000 -7.80401e-01 |  5  0.00000 -8.88306e-01 |  6  0.00000 -1.02740e+00
  7  0.00000 -1.47654e+00 |  8  0.00000 -1.72325e+00 |  9  0.00000 -1.67325e+00
 10  0.00000 -1.86078e+00 | 11  0.00000 -2.89141e+00 | 12  0.00000 -2.28987e+00
 13  0.00000 -2.39918e+00 | 14  0.00000 -2.84880e+00 | 15  0.00000  3.92221e-01
 16  0.00000  3.15088e+00 | 17  0.00000 -1.66459e+00 | 18  0.00000 -2.20312e+00
 19  0.00000  4.95080e+00 | 20  0.00000  1.12245e+01 | 21  0.00000  1.84554e+00
 22  0.00000  1.82173e-01 | 23  0.00000  5.51051e-01 | 24  0.00000  3.19222e-01
 25  0.00000  9.28045e-01 | 26  0.00000  3.57591e+00 | 27  0.00000  1.33267e+00
 28  0.00000 -8.73971e+00 | 29  0.00000 -3.09105e+01 | 30  0.00000  1.38447e+01
 31  0.00000 -6.48426e+00 | 32  0.00000 -1.67261e+01 | 33  0.00000 -8.82168e+00
 34  0.00000  1.64533e+01 | 35  0.00000  1.84296e+01 | 36  0.00000 -1.00286e+01
 37  0.00000  8.07998e+00 | 38  0.00000  8.34935e+00 | 39  0.00000 -3.03714e+00
 40  0.00000  8.77642e+00 | 41  0.00000  9.46823e+00 | 42  0.00000  4.30926e+00
 43  0.00000  7.05519e-01 | 44  0.00000 -1.40208e+00 | 45  0.00000 -4.06733e+01
 46  0.00000 -9.39931e+00 | 47  0.00000 -1.52243e+01 | 48  0.00000 -1.95518e+01
 49  0.00000 -5.47812e+01 | 50  0.00000  5.99137e+00 | 51  0.00000 -3.43257e+01
 52  0.00000 -8.59865e+00 | 53  0.00000 -1.05792e+01 | 54  0.00000 -2.93264e+01
 55  0.00000 -5.12329e+01 | 56  0.00000 -2.48290e+01 | 57  0.00000 -2.27025e+01
 58  0.00000 -6.05406e+01 | 59  0.00000 -1.35993e+02 | 60  0.00000 -8.27465e+01
 61  0.00000 -7.80228e+01 | 62  0.00000  8.80308e+00 | 63  0.00000 -5.16902e+01
 64  0.00000 -3.45518e+02 | 65  0.00000 -7.51827e+02 | 66  0.00000 -1.94747e+02
 67  0.00000  8.98074e+01 | 68  0.00000  2.57191e+02 | 69  0.00000  4.05100e+02
 70  0.00000  2.39101e+02 | 71  0.00000  2.99006e+02 | 72  0.00000 -5.32728e+02
 73  0.00000  7.54146e+02 | 74  0.00000 -7.85950e+02 | 75  0.00000 -1.91160e+00
 76  0.00000  3.61675e+02 | 77  0.00000 -7.91949e+02 | 78  0.00000 -1.85770e+02
 79  0.00000  4.30716e+02 | 80  0.00000  1.70789e+02 | 81  0.00000  5.09664e+02
 82  0.00000  2.42147e+02 | 83  0.00000  3.14350e+02 | 84  0.00000 -1.57122e+03
 85  0.00000 -3.29693e+02 | 86  0.00000  3.19517e+02 | 87  0.00000  8.06275e+02
 88  0.00000 -1.86979e+02 | 89  0.00000  3.85593e+02 | 90  0.00000  3.77925e+01
 91  0.00000  5.33380e+02 | 92  0.00000 -1.58441e+02 | 93  0.00000  4.10554e+02
 94  0.00000 -1.90393e+01 | 95  0.00000  2.81881e-02 | 96  0.00000 -2.70036e-01
 97 -0.03546  1.77677e+01 | 98 -0.31026 -2.07175e+02 |

Intermediate statistics: 98 variables; iteration 20; function evaluation 33; phase 2
Function value 5.7893331e+02; maximum gradient component mag -4.5429e+02
Var    Value     Gradient |Var    Value     Gradient |Var    Value     Gradient
  1  0.62132  4.10473e+02 |  2 -0.00301 -1.51447e+01 |  3  0.00001 -1.15415e+01
  4 -0.00284 -1.48575e+01 |  5 -0.00274 -1.46932e+01 |  6 -0.00260 -1.44635e+01
  7 -0.00165 -1.32711e+01 |  8 -0.00131 -1.27805e+01 |  9 -0.00183 -1.32926e+01
 10 -0.00175 -1.30836e+01 | 11  0.00056 -1.02370e+01 | 12 -0.00159 -1.26162e+01
 13 -0.00186 -1.27765e+01 | 14 -0.00137 -1.20692e+01 | 15 -0.00856 -1.99435e+01
 16 -0.01215 -2.30200e+01 | 17 -0.00449 -1.49767e+01 | 18 -0.00299 -1.29809e+01
 19 -0.01110 -1.96358e+01 | 20 -0.01356 -1.82932e+01 | 21 -0.00703 -1.54516e+01
 22 -0.00333 -1.09303e+01 | 23 -0.00319 -1.04351e+01 | 24 -0.00183 -8.21760e+00
 25 -0.00210 -7.73719e+00 | 26 -0.00560 -1.05087e+01 | 27 -0.00481 -1.05845e+01
 28 -0.00727 -2.19714e+01 | 29  0.01140 -1.17445e+01 | 30 -0.01403 -1.12214e+01
 31 -0.00715 -1.72802e+01 | 32  0.01985  1.43278e+01 | 33 -0.00539 -1.59600e+01
 34 -0.00988  1.50564e-01 | 35 -0.01085  2.04775e+00 | 36  0.00119 -4.04512e+00
 37 -0.00722 -1.35090e+00 | 38 -0.00753 -1.54110e-01 | 39 -0.00412 -2.72852e+00
 40 -0.00890  1.20322e+00 | 41 -0.00568  5.64852e+00 | 42 -0.00319  5.54239e+00
 43 -0.00415  2.19931e+00 | 44 -0.00405  7.52199e+00 | 45  0.01561  2.13806e+01
 46  0.00010  7.89673e+00 | 47  0.00660  1.56638e+01 | 48  0.00079  4.95243e+00
 49  0.01336 -1.04553e+00 | 50 -0.00687  1.94130e+01 | 51  0.00375 -9.72898e-01
 52 -0.00414  1.00309e+01 | 53 -0.00599  6.26021e+00 | 54  0.00044  5.83331e+00
 55  0.02081  4.84581e+01 | 56  0.00100  1.59236e+01 | 57  0.00316  3.08089e+01
 58  0.02143  5.30752e+01 | 59  0.04351  6.65797e+01 | 60  0.00111 -1.55809e+01
 61  0.01120  1.56313e+01 | 62 -0.00743  3.51671e+01 | 63 -0.00260  1.29867e+01
 64  0.03562 -3.12781e+01 | 65  0.06114 -5.76454e+01 | 66  0.01440  2.68683e+01
 67 -0.00604  2.65802e+01 | 68 -0.00732  8.03111e+01 | 69 -0.00393  1.69891e+02
 70 -0.00591  8.19923e+01 | 71 -0.00899  4.64257e+01 | 72  0.02592 -1.27091e+02
 73 -0.02899  1.60873e+02 | 74  0.03669 -2.12327e+02 | 75  0.01362  1.12951e+02
 76 -0.01450  7.76808e+01 | 77  0.02663 -2.93568e+02 | 78  0.01152 -3.21516e+01
 79 -0.00633  1.55597e+02 | 80 -0.00282  4.16331e+01 | 81 -0.01187  1.18200e+02
 82 -0.00816  3.03502e+01 | 83 -0.01615 -1.16673e+00 | 84  0.05589 -4.54288e+02
 85  0.01284 -1.16923e+02 | 86 -0.01390  5.39804e+01 | 87 -0.02699  1.93482e+02
 88  0.00992 -4.80036e+01 | 89 -0.01561  7.23129e+01 | 90 -0.00636 -8.34683e+00
 91 -0.03013  1.01299e+02 | 92  0.00071 -4.94263e+01 | 93 -0.04417 -5.78981e+00
 94  0.01531  4.70035e+00 | 95 -0.00399 -1.63513e+01 | 96 -0.00328 -1.56351e+01
 97 -0.03573  2.89590e+01 | 98 -0.28196 -3.80593e+00 |
98 variables; iteration 40; function evaluation 62; phase 2
Function value 5.6471584e+02; maximum gradient component mag 6.5615e+02
Var    Value     Gradient |Var    Value     Gradient |Var    Value     Gradient
  1  0.62022  6.56145e+02 |  2  0.00068 -1.62807e+01 |  3  0.00061 -1.74495e+01
  4  0.00067 -1.62742e+01 |  5  0.00067 -1.62615e+01 |  6  0.00066 -1.62571e+01
  7  0.00065 -1.65461e+01 |  8  0.00065 -1.65874e+01 |  9  0.00064 -1.63007e+01
 10  0.00063 -1.62261e+01 | 11  0.00065 -1.69006e+01 | 12  0.00057 -1.60592e+01
 13  0.00051 -1.58637e+01 | 14  0.00054 -1.58628e+01 | 15 -0.00081 -1.43626e+01
 16 -0.00245 -1.40081e+01 | 17 -0.00031 -1.49688e+01 | 18 -0.00020 -1.51847e+01
 19 -0.00391 -1.43763e+01 | 20 -0.00750 -1.48987e+01 | 21 -0.00271 -1.50605e+01
 22 -0.00232 -1.56988e+01 | 23 -0.00261 -1.58562e+01 | 24 -0.00274 -1.60342e+01
 25 -0.00321 -1.58904e+01 | 26 -0.00468 -1.52785e+01 | 27 -0.00362 -1.48140e+01
 28  0.00233 -1.20370e+01 | 29  0.01448 -1.20313e+01 | 30 -0.01163 -1.45527e+01
 31  0.00078 -1.16519e+01 | 32  0.00361 -1.71865e+01 | 33  0.00132 -1.11468e+01
 34 -0.01421 -1.50914e+01 | 35 -0.01509 -1.43741e+01 | 36  0.00051 -1.19007e+01
 37 -0.00981 -1.26888e+01 | 38 -0.01049 -1.23589e+01 | 39 -0.00474 -1.05571e+01
 40 -0.01144 -1.09947e+01 | 41 -0.01098 -1.10312e+01 | 42 -0.00776 -9.41351e+00
 43 -0.00595 -7.45687e+00 | 44 -0.00817 -7.81450e+00 | 45  0.00674 -7.86685e+00
 46 -0.00228 -4.28738e+00 | 47  0.00055 -3.44757e+00 | 48  0.00199 -1.51944e-01
 49  0.01796  2.87848e+00 | 50 -0.01322 -1.03014e+00 | 51  0.01150  7.17893e+00
 52 -0.00254  5.82425e+00 | 53 -0.00190  8.13257e+00 | 54  0.00547  9.92136e+00
 55  0.00915  4.92849e+00 | 56  0.00298  1.11615e+01 | 57 -0.00036  1.14109e+01
 58  0.01166  1.39357e+01 | 59  0.03606  2.75401e+01 | 60  0.01167  1.79169e+01
 61  0.01347  2.25166e+01 | 62 -0.00920  2.23418e+01 | 63  0.00186  3.18950e+01
 64  0.04314  3.28601e+01 | 65  0.06803  5.98035e+01 | 66  0.01455  3.34487e+01
 67 -0.00555  2.70664e+01 | 68 -0.00977  3.76368e+01 | 69 -0.01008  5.35126e+01
 70 -0.01094  4.34952e+00 | 71 -0.01145  3.53881e+01 | 72  0.03148  2.57992e+01
 73 -0.04146  2.49173e+01 | 74  0.04573  3.82500e+01 | 75  0.00918  2.71230e+01
 76 -0.01996  1.65750e+01 | 77  0.03443  4.69272e+00 | 78  0.01195  1.46018e+01
 79 -0.01613  5.44937e+00 | 80 -0.00361  4.28091e+01 | 81 -0.01917  1.18689e+01
 82 -0.00901  3.20676e+01 | 83 -0.01871  2.86380e+00 | 84  0.06725  1.42909e+01
 85  0.01521 -2.67104e+01 | 86 -0.01685  1.70940e+01 | 87 -0.03932  2.20796e+01
 88  0.01241  2.90886e+00 | 89 -0.01992  1.40330e+01 | 90 -0.00646 -5.84406e+00
 91 -0.03988 -1.82285e+01 | 92  0.00085 -4.71963e+01 | 93 -0.04671 -1.68013e+01
 94  0.00448 -2.18467e+01 | 95  0.00050 -1.62529e+01 | 96  0.00070 -1.63306e+01
 97 -0.03485  4.51901e+01 | 98 -0.29688 -1.22169e+00 |
98 variables; iteration 60; function evaluation 94; phase 2
Function value 5.6378093e+02; maximum gradient component mag 5.5136e+01
Var    Value     Gradient |Var    Value     Gradient |Var    Value     Gradient
  1  0.62090  5.51355e+01 |  2 -0.00036 -2.25105e+00 |  3 -0.00006 -2.92119e+00
  4 -0.00012 -2.03960e+00 |  5  0.00004 -1.89386e+00 |  6  0.00023 -1.72585e+00
  7  0.00047 -1.78305e+00 |  8  0.00073 -1.61783e+00 |  9  0.00104 -1.07737e+00
 10  0.00139 -7.10866e-01 | 11  0.00161 -1.37627e+00 | 12  0.00203 -1.11247e-01
 13  0.00206 -1.25097e-01 | 14  0.00177 -9.70693e-01 | 15 -0.00110 -2.12566e+00
 16 -0.00310 -2.61651e+00 | 17  0.00055 -1.56401e+00 | 18  0.00104 -1.36810e+00
 19 -0.00381 -2.24094e+00 | 20 -0.00674 -1.36649e+00 | 21 -0.00182 -1.93606e+00
 22 -0.00076 -2.02450e+00 | 23 -0.00100 -2.06968e+00 | 24 -0.00068 -1.81130e+00
 25 -0.00101 -1.66980e+00 | 26 -0.00309 -2.17800e+00 | 27 -0.00202 -2.07102e+00
 28  0.00196 -3.30108e+00 | 29  0.01611 -1.99846e+00 | 30 -0.00996 -1.67989e+00
 31  0.00169 -1.19993e+00 | 32  0.00928 -6.84389e-01 | 33  0.00179 -2.47824e+00
 34 -0.01193 -2.46065e+00 | 35 -0.01099  1.68980e+00 | 36  0.00311 -7.53086e-01
 37 -0.00716 -5.90952e-01 | 38 -0.00789 -7.96935e-01 | 39 -0.00311 -2.25913e+00
 40 -0.00845  4.85795e-01 | 41 -0.00845 -1.00990e-01 | 42 -0.00586 -5.33199e-01
 43 -0.00478 -9.36051e-01 | 44 -0.00657 -8.11087e-01 | 45  0.01080  5.43984e-01
 46 -0.00147  8.37324e-02 | 47  0.00152  1.30817e-01 | 48  0.00163  1.08299e-01
 49  0.01927 -1.03168e-01 | 50 -0.01253  2.21808e+00 | 51  0.00892 -7.51259e-01
 52 -0.00497  1.49344e+00 | 53 -0.00461  1.79783e+00 | 54  0.00393  2.65245e+00
 55  0.01143  4.85882e+00 | 56  0.00057  2.78124e+00 | 57 -0.00443  2.59157e-01
 58  0.01026  2.30851e+00 | 59  0.03434  1.33016e+00 | 60  0.01051  3.85507e+00
 61  0.01140  4.10173e+00 | 62 -0.01313  6.48354e+00 | 63 -0.00275  5.19507e+00
 64  0.04310  4.22649e+00 | 65  0.06767  6.56905e+00 | 66  0.01288  5.85727e+00
 67 -0.00716  4.83314e+00 | 68 -0.01204  3.08910e+00 | 69 -0.01294  1.24007e+00
 70 -0.01049  5.15101e+00 | 71 -0.01348  6.44530e-01 | 72  0.03178  5.51683e+00
 73 -0.04432 -1.98436e+00 | 74  0.04596  2.86263e+00 | 75  0.00867  3.81362e+00
 76 -0.02111  1.08218e+00 | 77  0.03502  5.11590e+00 | 78  0.01184  4.18268e+00
 79 -0.01645  1.55657e+00 | 80 -0.00606  1.08416e+00 | 81 -0.02016  4.82390e-01
 82 -0.01143 -1.66992e+00 | 83 -0.01971 -1.45227e+00 | 84  0.06741 -1.08499e+00
 85  0.01615  2.36904e+00 | 86 -0.01911 -1.77578e+00 | 87 -0.04261 -3.80032e+00
 88  0.01164 -6.46755e-01 | 89 -0.02224 -2.22520e+00 | 90 -0.00739 -7.37979e-01
 91 -0.04092 -4.20074e+00 | 92  0.00259  9.67874e-01 | 93 -0.04769 -3.80429e+00
 94  0.00571 -2.30808e+00 | 95 -0.00063 -1.95120e+00 | 96 -0.00086 -2.72653e+00
 97 -0.03628  1.96266e+00 | 98 -0.29678 -6.00770e-01 |
Maximum number of function evaluations exceeded

 - final statistics:
98 variables; iteration 64; function evaluation 100
Function value 5.6378e+02; maximum gradient component mag 5.1583e+01
Exit code = 3;  converg criter 1.0000e+01
Var    Value     Gradient |Var    Value     Gradient |Var    Value     Gradient
  1  0.62094  5.15832e+01 |  2 -0.00022 -1.95215e+00 |  3  0.00045 -2.05616e+00
  4 -0.00001 -1.77613e+00 |  5  0.00013 -1.66974e+00 |  6  0.00028 -1.55497e+00
  7  0.00062 -1.46716e+00 |  8  0.00086 -1.33840e+00 |  9  0.00091 -1.19334e+00
 10  0.00109 -1.07943e+00 | 11  0.00187 -9.03811e-01 | 12  0.00149 -8.30408e-01
 13  0.00173 -5.39092e-01 | 14  0.00225 -1.49327e-01 | 15 -0.00097 -1.83153e+00
 16 -0.00322 -2.73202e+00 | 17  0.00041 -1.71344e+00 | 18  0.00094 -1.44788e+00
 19 -0.00384 -2.20967e+00 | 20 -0.00714 -1.99319e+00 | 21 -0.00206 -2.25749e+00
 22 -0.00068 -1.83028e+00 | 23 -0.00100 -2.00725e+00 | 24 -0.00070 -1.77716e+00
 25 -0.00109 -1.73808e+00 | 26 -0.00281 -1.65436e+00 | 27 -0.00172 -1.51146e+00
 28  0.00197 -3.22607e+00 | 29  0.01621 -1.77250e+00 | 30 -0.01024 -2.15612e+00
 31  0.00114 -2.06593e+00 | 32  0.00872 -1.49956e+00 | 33  0.00249 -1.32547e+00
 34 -0.01169 -1.94479e+00 | 35 -0.01063  2.51481e+00 | 36  0.00336 -1.99603e-01
 37 -0.00664  4.34101e-01 | 38 -0.00788 -6.59123e-01 | 39 -0.00251 -1.10156e+00
 40 -0.00918 -1.05080e+00 | 41 -0.00872 -5.37653e-01 | 42 -0.00589 -5.33573e-01
 43 -0.00456 -4.54706e-01 | 44 -0.00621 -8.82133e-02 | 45  0.01062  1.42733e-01
 46 -0.00130  4.21622e-01 | 47  0.00143  2.10921e-02 | 48  0.00161  1.07776e-01
 49  0.01930 -1.01085e-01 | 50 -0.01314  1.01430e+00 | 51  0.00888 -8.51697e-01
 52 -0.00485  1.69337e+00 | 53 -0.00474  1.56696e+00 | 54  0.00385  2.45948e+00
 55  0.01128  4.45793e+00 | 56  0.00007  1.76319e+00 | 57 -0.00361  1.78872e+00
 58  0.01014  2.11234e+00 | 59  0.03432  1.11486e+00 | 60  0.01050  3.73904e+00
 61  0.01135  3.87320e+00 | 62 -0.01323  6.15700e+00 | 63 -0.00283  4.84750e+00
 64  0.04309  4.00409e+00 | 65  0.06767  6.40930e+00 | 66  0.01284  5.53041e+00
 67 -0.00721  4.36505e+00 | 68 -0.01208  2.76833e+00 | 69 -0.01295  1.09542e+00
 70 -0.01054  4.62481e+00 | 71 -0.01349  5.87551e-01 | 72  0.03175  4.94173e+00
 73 -0.04433 -1.96545e+00 | 74  0.04595  2.74050e+00 | 75  0.00864  3.33418e+00
 76 -0.02115  8.41024e-01 | 77  0.03500  4.84351e+00 | 78  0.01181  3.75004e+00
 79 -0.01647  1.27813e+00 | 80 -0.00608  9.54515e-01 | 81 -0.02017  5.65038e-01
 82 -0.01145 -1.66240e+00 | 83 -0.01972 -1.46682e+00 | 84  0.06741 -7.19492e-01
 85  0.01614  2.42301e+00 | 86 -0.01912 -1.64976e+00 | 87 -0.04261 -3.62470e+00
 88  0.01163 -7.00357e-01 | 89 -0.02224 -2.05629e+00 | 90 -0.00740 -6.79287e-01
 91 -0.04090 -3.86815e+00 | 92  0.00259  1.03619e+00 | 93 -0.04768 -3.66891e+00
 94  0.00587 -1.88696e+00 | 95 -0.00072 -2.00422e+00 | 96 -0.00070 -2.39469e+00
 97 -0.03632  1.68650e+00 | 98 -0.29664 -2.99543e-01 |

Initial statistics: 100 variables; iteration 0; function evaluation 0; phase 3
Function value 5.6377515e+02; maximum gradient component mag -8.0981e+01
Var    Value     Gradient |Var    Value     Gradient |Var    Value     Gradient
  1  0.62094  5.14054e+01 |  2 -0.00022 -2.01951e+00 |  3  0.00045 -2.12065e+00
  4 -0.00001 -1.84430e+00 |  5  0.00012 -1.73848e+00 |  6  0.00028 -1.62439e+00
  7  0.00062 -1.53598e+00 |  8  0.00086 -1.40776e+00 |  9  0.00090 -1.26601e+00
 10  0.00108 -1.15478e+00 | 11  0.00187 -9.72272e-01 | 12  0.00149 -9.11145e-01
 13  0.00173 -6.18444e-01 | 14  0.00225 -2.22068e-01 | 15 -0.00097 -1.90645e+00
 16 -0.00322 -2.79603e+00 | 17  0.00041 -1.78137e+00 | 18  0.00094 -1.51717e+00
 19 -0.00384 -2.27669e+00 | 20 -0.00714 -2.05509e+00 | 21 -0.00206 -2.32238e+00
 22 -0.00068 -1.89791e+00 | 23 -0.00100 -2.07384e+00 | 24 -0.00070 -1.84417e+00
 25 -0.00109 -1.80479e+00 | 26 -0.00281 -1.72612e+00 | 27 -0.00172 -1.58545e+00
 28  0.00197 -3.28901e+00 | 29  0.01621 -1.83990e+00 | 30 -0.01024 -2.22398e+00
 31  0.00113 -2.12915e+00 | 32  0.00872 -1.56846e+00 | 33  0.00249 -1.40770e+00
 34 -0.01169 -2.01123e+00 | 35 -0.01063  2.42302e+00 | 36  0.00336 -2.76963e-01
 37 -0.00664  3.49327e-01 | 38 -0.00788 -7.33952e-01 | 39 -0.00251 -1.16704e+00
 40 -0.00918 -1.10819e+00 | 41 -0.00872 -6.12414e-01 | 42 -0.00589 -6.08580e-01
 43 -0.00457 -5.27207e-01 | 44 -0.00621 -1.61138e-01 | 45  0.01062  6.21234e-02
 46 -0.00131  3.44507e-01 | 47  0.00143 -4.69190e-02 | 48  0.00160  3.50801e-02
 49  0.01930 -1.75967e-01 | 50 -0.01314  9.25099e-01 | 51  0.00888 -9.23409e-01
 52 -0.00485  1.60939e+00 | 53 -0.00474  1.48506e+00 | 54  0.00384  2.36845e+00
 55  0.01128  4.36264e+00 | 56  0.00006  1.67891e+00 | 57 -0.00361  1.71740e+00
 58  0.01014  2.03417e+00 | 59  0.03432  1.03312e+00 | 60  0.01050  3.65216e+00
 61  0.01135  3.78334e+00 | 62 -0.01323  6.05862e+00 | 63 -0.00283  4.75258e+00
 64  0.04309  3.91643e+00 | 65  0.06767  6.31806e+00 | 66  0.01284  5.43410e+00
 67 -0.00721  4.27147e+00 | 68 -0.01208  2.67918e+00 | 69 -0.01295  1.01470e+00
 70 -0.01054  4.52899e+00 | 71 -0.01349  5.07544e-01 | 72  0.03175  4.84573e+00
 73 -0.04433 -2.03541e+00 | 74  0.04595  2.65484e+00 | 75  0.00864  3.24440e+00
 76 -0.02115  7.59325e-01 | 77  0.03500  4.74882e+00 | 78  0.01181  3.65713e+00
 79 -0.01647  1.19502e+00 | 80 -0.00608  8.74411e-01 | 81 -0.02017  4.86023e-01
 82 -0.01145 -1.73364e+00 | 83 -0.01972 -1.53904e+00 | 84  0.06741 -7.90389e-01
 85  0.01614  2.34004e+00 | 86 -0.01912 -1.71945e+00 | 87 -0.04261 -3.68759e+00
 88  0.01162 -7.74934e-01 | 89 -0.02224 -2.12440e+00 | 90 -0.00740 -7.53463e-01
 91 -0.04090 -3.92907e+00 | 92  0.00259  9.57337e-01 | 93 -0.04768 -3.73143e+00
 94  0.00587 -1.95745e+00 | 95 -0.00072 -2.07214e+00 | 96 -0.00070 -2.46015e+00
 97 -0.03632  1.68012e+00 | 98 -0.41581 -1.53451e+01 | 99 -0.29664 -2.95496e-01
100 -0.25275 -8.09812e+01 |

Intermediate statistics: 100 variables; iteration 20; function evaluation 23; phase 3
Function value 5.6290654e+02; maximum gradient component mag -7.6839e+01
Var    Value     Gradient |Var    Value     Gradient |Var    Value     Gradient
  1  0.62093 -3.37584e+01 |  2 -0.00018  2.81207e-01 |  3  0.00051  1.90141e-01
  4  0.00001  4.07282e-01 |  5  0.00012  4.82433e-01 |  6  0.00026  5.62023e-01
  7  0.00058  6.17728e-01 |  8  0.00078  7.03028e-01 |  9  0.00080  7.96352e-01
 10  0.00095  8.60990e-01 | 11  0.00169  9.78053e-01 | 12  0.00128  9.96626e-01
 13  0.00146  1.19866e+00 | 14  0.00191  1.48413e+00 | 15 -0.00113  8.05585e-02
 16 -0.00331 -7.01416e-01 | 17  0.00017  8.64214e-02 | 18  0.00065  2.75819e-01
 19 -0.00404 -3.46572e-01 | 20 -0.00710 -8.96995e-02 | 21 -0.00225 -4.76415e-01
 22 -0.00095 -1.11578e-01 | 23 -0.00124 -2.46945e-01 | 24 -0.00099 -9.45767e-02
 25 -0.00141 -8.83393e-02 | 26 -0.00314 -3.07718e-02 | 27 -0.00209  5.56200e-02
 28  0.00173 -1.42495e+00 | 29  0.01567 -4.34806e-01 | 30 -0.01015 -2.91815e-01
 31  0.00079 -6.08568e-01 | 32  0.00816 -2.39569e-01 | 33  0.00197 -2.63163e-02
 34 -0.01204 -2.67028e-01 | 35 -0.01027  4.58617e+00 | 36  0.00293  9.17590e-01
 37 -0.00712  1.71905e+00 | 38 -0.00828  7.97328e-01 | 39 -0.00296  3.54888e-01
 40 -0.00895  6.67950e-01 | 41 -0.00913  5.89556e-01 | 42 -0.00638  6.56568e-01
 43 -0.00504  7.71181e-01 | 44 -0.00673  1.28352e+00 | 45  0.01115  1.74986e+00
 46 -0.00176  1.15230e+00 | 47  0.00091  9.23619e-01 | 48  0.00110  9.57148e-01
 49  0.01866  4.48719e-01 | 50 -0.01276  2.37101e+00 | 51  0.00841 -5.45560e-01
 52 -0.00549  2.15244e+00 | 53 -0.00528  2.17265e+00 | 54  0.00332  3.12953e+00
 55  0.01205  6.32488e+00 | 56 -0.00033  2.10071e+00 | 57 -0.00405  2.34670e+00
 58  0.00952  1.90282e+00 | 59  0.03308 -8.56701e-01 | 60  0.01118  6.52950e+00
 61  0.01221  7.32338e+00 | 62 -0.01206  1.22156e+01 | 63 -0.00169  1.01489e+01
 64  0.04227  7.65207e-01 | 65  0.06731  2.59832e+00 | 66  0.01280  9.82043e+00
 67 -0.00762  4.74683e+00 | 68 -0.01327 -1.60182e+00 | 69 -0.01100  9.76337e+00
 70 -0.01167  3.02262e+00 | 71 -0.01135  5.21719e+00 | 72  0.03008 -1.60128e+01
 73 -0.04229  1.04228e-01 | 74  0.04422 -1.80649e+01 | 75  0.01040  1.02249e+01
 76 -0.02308 -7.61594e+00 | 77  0.03618 -2.72556e+00 | 78  0.01016 -1.25724e+01
 79 -0.01470  1.50045e+00 | 80 -0.00758 -1.23912e+01 | 81 -0.01830  2.93914e+00
 82 -0.01299 -1.48068e+01 | 83 -0.01751 -2.10318e+00 | 84  0.06482 -7.68390e+01
 85  0.01793  8.61898e+00 | 86 -0.02005 -5.28599e+00 | 87 -0.04058  6.12116e-01
 88  0.01057 -9.80553e+00 | 89 -0.01959  1.00193e+01 | 90 -0.00776  4.90645e-01
 91 -0.03760  6.47567e+00 | 92  0.00309  8.96357e+00 | 93 -0.04236  9.76229e+00
 94  0.00523  3.05450e-01 | 95 -0.00075  2.04957e-01 | 96 -0.00058 -4.35062e-02
 97 -0.01742  1.20952e+01 | 98 -0.40763 -3.02336e+01 | 99 -0.24189  1.07681e+01
100 -0.23109 -4.12072e+01 |
100 variables; iteration 40; function evaluation 49; phase 3
Function value 5.6269226e+02; maximum gradient component mag -1.9968e+01
Var    Value     Gradient |Var    Value     Gradient |Var    Value     Gradient
  1  0.62118 -1.99676e+01 |  2 -0.00022 -1.44388e-01 |  3  0.00045 -2.55431e-01
  4 -0.00005 -4.48893e-02 |  5  0.00006  1.97958e-02 |  6  0.00020  9.28912e-02
  7  0.00052  1.41561e-01 |  8  0.00074  2.32495e-01 |  9  0.00077  3.43892e-01
 10  0.00094  4.23733e-01 | 11  0.00173  5.95743e-01 | 12  0.00133  6.02683e-01
 13  0.00158  8.84329e-01 | 14  0.00197  1.06688e+00 | 15 -0.00102 -2.84119e-01
 16 -0.00224  4.61677e-01 | 17  0.00064  2.74004e-01 | 18  0.00104  3.35715e-01
 19 -0.00300  8.06699e-01 | 20 -0.00638  6.18657e-01 | 21 -0.00149  2.26572e-01
 22 -0.00039  1.83538e-01 | 23 -0.00065  9.92900e-02 | 24 -0.00042  1.85147e-01
 25 -0.00086  1.39001e-01 | 26 -0.00265  9.37318e-02 | 27 -0.00162  1.21505e-01
 28  0.00291 -2.78687e-01 | 29  0.01678  5.08246e-01 | 30 -0.00896  9.84005e-01
 31  0.00086 -1.17323e+00 | 32  0.00937  6.51837e-01 | 33  0.00159 -1.57224e+00
 34 -0.01090  7.39657e-01 | 35 -0.01058  2.70138e+00 | 36  0.00266 -6.23795e-01
 37 -0.00818 -1.31257e+00 | 38 -0.00792  1.67512e-01 | 39 -0.00209  5.88704e-01
 40 -0.00836  5.78028e-01 | 41 -0.00911 -4.48329e-01 | 42 -0.00614 -2.24348e-01
 43 -0.00450  2.80752e-01 | 44 -0.00633  2.98371e-01 | 45  0.01106 -5.94677e-01
 46 -0.00238 -1.40137e+00 | 47  0.00084 -1.02196e+00 | 48  0.00108 -9.40052e-01
 49  0.01976 -7.59678e-02 | 50 -0.01316  1.38222e-02 | 51  0.00983  2.51108e-02
 52 -0.00720 -2.56596e+00 | 53 -0.00603 -1.20404e+00 | 54  0.00324  3.11166e-01
 55  0.00936 -2.98508e+00 | 56 -0.00063 -7.02160e-01 | 57 -0.00421 -3.00599e-01
 58  0.00961 -6.45799e-01 | 59  0.03381 -2.94671e+00 | 60  0.01024  6.40647e-01
 61  0.01239  5.11443e+00 | 62 -0.01509  1.04090e-01 | 63 -0.00463 -4.36145e+00
 64  0.04357  5.88290e+00 | 65  0.06727 -2.67028e+00 | 66  0.01257  5.78738e+00
 67 -0.00760  3.62974e+00 | 68 -0.01339 -4.33693e+00 | 69 -0.01171 -6.38786e-01
 70 -0.01175  1.90852e+00 | 71 -0.01196 -9.44442e-01 | 72  0.03051 -2.30207e+00
 73 -0.04287 -3.18872e+00 | 74  0.04452 -3.51306e+00 | 75  0.00965  1.11208e+00
 76 -0.02206  5.34349e+00 | 77  0.03586 -9.33878e-01 | 78  0.01039 -2.88399e+00
 79 -0.01527 -1.07588e+00 | 80 -0.00712  1.11918e-01 | 81 -0.01880  1.34590e+00
 82 -0.01252 -2.92515e+00 | 83 -0.01783  7.55353e-01 | 84  0.06611 -9.09012e+00
 85  0.01724  1.07989e+00 | 86 -0.01952  4.54195e+00 | 87 -0.04053  4.30207e+00
 88  0.01068 -1.75100e+00 | 89 -0.02018  4.22792e+00 | 90 -0.00812 -1.14932e+00
 91 -0.03837  2.32875e-01 | 92  0.00209  5.47578e-01 | 93 -0.04392  3.36317e-01
 94  0.00454  5.99177e-01 | 95 -0.00065  6.04698e-02 | 96 -0.00058 -3.65247e-01
 97 -0.02011  8.75723e-01 | 98 -0.40792 -2.85323e+00 | 99 -0.24166  5.49432e+00
100 -0.22897 -1.54910e+01 |
100 variables; iteration 60; function evaluation 79; phase 3
Function value 5.6265561e+02; maximum gradient component mag -3.5540e+00
Var    Value     Gradient |Var    Value     Gradient |Var    Value     Gradient
  1  0.62127 -2.12826e+00 |  2  0.00013 -4.89372e-02 |  3  0.00087 -6.20714e-02
  4  0.00025 -2.68952e-02 |  5  0.00032 -1.63687e-02 |  6  0.00041 -7.27108e-03
  7  0.00070 -5.41242e-03 |  8  0.00086  8.32554e-04 |  9  0.00082  1.30326e-02
 10  0.00094  2.03537e-02 | 11  0.00164  8.20486e-02 | 12  0.00121  5.64284e-02
 13  0.00134  1.72658e-01 | 14  0.00156  1.01330e-01 | 15 -0.00074 -1.87661e-01
 16 -0.00233  4.42581e-03 | 17  0.00055 -1.68172e-01 | 18  0.00097 -6.95608e-02
 19 -0.00311  3.25956e-01 | 20 -0.00654  4.97707e-02 | 21 -0.00161 -2.20410e-01
 22 -0.00038 -4.98067e-02 | 23 -0.00061 -9.64880e-02 | 24 -0.00043 -6.18933e-02
 25 -0.00088 -1.22969e-01 | 26 -0.00269 -1.89400e-01 | 27 -0.00167 -1.66191e-01
 28  0.00298 -3.42031e-01 | 29  0.01662  1.61990e-01 | 30 -0.00934  1.18570e-01
 31  0.00151 -3.13371e-01 | 32  0.00869 -3.27345e-01 | 33  0.00227 -5.30181e-01
 34 -0.01137 -2.69569e-01 | 35 -0.01178  1.36872e-01 | 36  0.00298 -8.94629e-02
 37 -0.00738  7.83033e-03 | 38 -0.00803 -1.00702e-01 | 39 -0.00234  3.08036e-02
 40 -0.00857  9.41613e-02 | 41 -0.00887 -6.05685e-02 | 42 -0.00610 -1.98009e-01
 43 -0.00478 -2.78335e-01 | 44 -0.00651 -2.61956e-03 | 45  0.01157  8.98800e-01
 46 -0.00163  1.61782e-01 | 47  0.00127  2.69868e-02 | 48  0.00153  1.30790e-01
 49  0.01970  2.83092e-01 | 50 -0.01328 -1.38148e-01 | 51  0.00961  1.86166e-01
 52 -0.00656 -1.16062e+00 | 53 -0.00535  2.93754e-01 | 54  0.00261 -4.66188e-01
 55  0.00994 -1.03458e+00 | 56 -0.00073 -3.73526e-01 | 57 -0.00429  5.18512e-03
 58  0.00952  2.11535e-02 | 59  0.03435 -2.36798e-01 | 60  0.01006  2.87848e-01
 61  0.01118  8.20587e-01 | 62 -0.01516 -1.32157e-02 | 63 -0.00382 -7.92556e-01
 64  0.04277  1.04655e+00 | 65  0.06737 -3.01956e-03 | 66  0.01202  1.04084e+00
 67 -0.00792  6.26536e-01 | 68 -0.01311 -6.49482e-01 | 69 -0.01176 -1.88938e-01
 70 -0.01183  9.77295e-01 | 71 -0.01198 -1.69615e-01 | 72  0.03055 -2.49044e-01
 73 -0.04266 -3.46794e-01 | 74  0.04456 -4.52554e-01 | 75  0.00955  1.70763e-01
 76 -0.02246  1.19153e+00 | 77  0.03581 -6.37630e-02 | 78  0.01048 -3.32652e-01
 79 -0.01529 -2.06869e-01 | 80 -0.00716  8.25695e-03 | 81 -0.01891  2.43805e-01
 82 -0.01239 -6.14529e-01 | 83 -0.01794  2.86842e-02 | 84  0.06624 -1.06919e+00
 85  0.01715  2.61481e-01 | 86 -0.01982  5.79684e-01 | 87 -0.04082  9.65899e-01
 88  0.01075 -2.11170e-01 | 89 -0.02042  9.69080e-01 | 90 -0.00803  1.69995e-01
 91 -0.03840  2.40763e-01 | 92  0.00202 -2.63085e-01 | 93 -0.04402 -1.11850e-01
 94  0.00435  3.69484e-01 | 95 -0.00046 -1.11435e-01 | 96 -0.00012 -1.27781e-01
 97 -0.02047  1.46966e-01 | 98 -0.40793 -5.15741e-01 | 99 -0.24148  1.20639e+00
100 -0.22800 -3.55401e+00 |
Maximum number of function evaluations exceeded

 - final statistics:
100 variables; iteration 73; function evaluation 100
Function value 5.6265e+02; maximum gradient component mag -1.1720e+00
Exit code = 3;  converg criter 1.0000e+00
Var    Value     Gradient |Var    Value     Gradient |Var    Value     Gradient
  1  0.62130 -4.43895e-01 |  2  0.00017 -3.13516e-02 |  3  0.00091 -3.70652e-02
  4  0.00028 -2.33304e-02 |  5  0.00035 -1.98266e-02 |  6  0.00043 -1.68276e-02
  7  0.00072 -1.56193e-02 |  8  0.00087 -9.35009e-03 |  9  0.00084  3.45000e-03
 10  0.00096  2.13555e-02 | 11  0.00160 -4.69971e-03 | 12  0.00122  3.92789e-02
 13  0.00119 -7.21254e-02 | 14  0.00153  4.29422e-02 | 15 -0.00069 -1.07929e-01
 16 -0.00240 -1.09116e-01 | 17  0.00058 -1.23914e-01 | 18  0.00096 -8.76179e-02
 19 -0.00319  1.89981e-01 | 20 -0.00657  3.17705e-03 | 21 -0.00147  1.56495e-03
 22 -0.00039 -6.92519e-02 | 23 -0.00060 -8.65943e-02 | 24 -0.00045 -8.34359e-02
 25 -0.00085 -5.60051e-02 | 26 -0.00261 -5.63490e-02 | 27 -0.00165 -1.11986e-01
 28  0.00311 -1.21249e-01 | 29  0.01650  5.27588e-03 | 30 -0.00943 -2.46614e-02
 31  0.00165 -5.10850e-02 | 32  0.00883 -4.89743e-02 | 33  0.00254 -3.51115e-02
 34 -0.01122  2.04451e-02 | 35 -0.01180  7.53203e-02 | 36  0.00301  6.73558e-03
 37 -0.00744 -7.08930e-02 | 38 -0.00801 -5.27652e-02 | 39 -0.00235  3.49435e-02
 40 -0.00856  1.31897e-01 | 41 -0.00885  2.28186e-02 | 42 -0.00603 -1.14429e-02
 43 -0.00471 -8.32540e-02 | 44 -0.00656 -7.63967e-02 | 45  0.01131  3.15657e-01
 46 -0.00172  6.79501e-02 | 47  0.00126  4.49763e-02 | 48  0.00146  6.56885e-02
 49  0.01956  8.86052e-02 | 50 -0.01328 -8.77329e-02 | 51  0.00949  7.19035e-02
 52 -0.00615 -4.21098e-01 | 53 -0.00547  1.55881e-01 | 54  0.00277 -7.49219e-02
 55  0.01019 -3.14872e-01 | 56 -0.00067 -1.61060e-01 | 57 -0.00435 -2.56379e-02
 58  0.00944 -3.11025e-02 | 59  0.03437 -4.37456e-02 | 60  0.00999  9.50535e-02
 61  0.01102  2.71897e-01 | 62 -0.01517  5.49810e-04 | 63 -0.00370 -2.45873e-01
 64  0.04265  3.57441e-01 | 65  0.06736  3.46995e-02 | 66  0.01193  3.45175e-01
 67 -0.00797  2.07912e-01 | 68 -0.01308 -2.00112e-01 | 69 -0.01176 -5.55126e-02
 70 -0.01189  3.20987e-01 | 71 -0.01198 -5.03791e-02 | 72  0.03055 -6.45127e-02
 73 -0.04265 -1.09591e-01 | 74  0.04456 -1.27181e-01 | 75  0.00954  6.00892e-02
 76 -0.02254  3.84611e-01 | 77  0.03580 -9.72793e-03 | 78  0.01049 -9.90384e-02
 79 -0.01529 -6.49522e-02 | 80 -0.00717  6.05737e-03 | 81 -0.01893  7.74307e-02
 82 -0.01236 -1.95635e-01 | 83 -0.01795  8.14936e-03 | 84  0.06625 -3.27047e-01
 85  0.01713  8.47152e-02 | 86 -0.01986  1.83625e-01 | 87 -0.04088  3.06668e-01
 88  0.01074 -6.87497e-02 | 89 -0.02048  3.05932e-01 | 90 -0.00805  5.19602e-02
 91 -0.03843  7.17225e-02 | 92  0.00201 -8.93266e-02 | 93 -0.04403 -4.14865e-02
 94  0.00419  1.19765e-01 | 95 -0.00039 -3.75677e-02 | 96 -0.00005 -6.14003e-02
 97 -0.02047  5.95072e-02 | 98 -0.40791 -1.81615e-01 | 99 -0.24131  3.98488e-01
100 -0.22775 -1.17204e+00 |

Initial statistics: 108 variables; iteration 0; function evaluation 0; phase 4
Function value 5.6265342e+02; maximum gradient component mag 1.9693e+02
Var    Value     Gradient |Var    Value     Gradient |Var    Value     Gradient
  1 -0.42263  9.73613e+00 |  2 -0.42263  1.96932e+02 |  3 -0.41094 -1.89001e+01
  4  0.62130 -4.43895e-01 |  5  0.00000 -6.17196e-01 |  6  0.00000 -1.33537e-01
  7  0.00000 -1.63809e-01 |  8  0.00000 -2.01062e-01 |  9  0.00000 -2.46922e-01
 10  0.00017 -3.13265e-02 | 11  0.00091 -3.70400e-02 | 12  0.00028 -2.33053e-02
 13  0.00035 -1.98015e-02 | 14  0.00043 -1.68025e-02 | 15  0.00072 -1.55941e-02
 16  0.00087 -9.32494e-03 | 17  0.00084  3.47515e-03 | 18  0.00096  2.13807e-02
 19  0.00160 -4.67456e-03 | 20  0.00122  3.93040e-02 | 21  0.00119 -7.21002e-02
 22  0.00153  4.29674e-02 | 23 -0.00069 -1.07903e-01 | 24 -0.00240 -1.09090e-01
 25  0.00058 -1.23889e-01 | 26  0.00096 -8.75927e-02 | 27 -0.00319  1.90006e-01
 28 -0.00657  3.20220e-03 | 29 -0.00147  1.59010e-03 | 30 -0.00039 -6.92267e-02
 31 -0.00060 -8.65691e-02 | 32 -0.00045 -8.34108e-02 | 33 -0.00085 -5.59800e-02
 34 -0.00261 -5.63239e-02 | 35 -0.00165 -1.11961e-01 | 36  0.00311 -1.21224e-01
 37  0.01650  5.30102e-03 | 38 -0.00943 -2.46363e-02 | 39  0.00165 -5.10598e-02
 40  0.00883 -4.89492e-02 | 41  0.00254 -3.50863e-02 | 42 -0.01122  2.04702e-02
 43 -0.01180  7.53455e-02 | 44  0.00301  6.76073e-03 | 45 -0.00744 -7.08679e-02
 46 -0.00801 -5.27400e-02 | 47 -0.00235  3.49686e-02 | 48 -0.00856  1.31922e-01
 49 -0.00885  2.28438e-02 | 50 -0.00603 -1.14178e-02 | 51 -0.00471 -8.32288e-02
 52 -0.00656 -7.63716e-02 | 53  0.01131  3.15682e-01 | 54 -0.00172  6.79753e-02
 55  0.00126  4.50015e-02 | 56  0.00146  6.57136e-02 | 57  0.01956  8.86303e-02
 58 -0.01328 -8.77078e-02 | 59  0.00949  7.19287e-02 | 60 -0.00615 -4.21072e-01
 61 -0.00547  1.55906e-01 | 62  0.00277 -7.48967e-02 | 63  0.01019 -3.14846e-01
 64 -0.00067 -1.61035e-01 | 65 -0.00435 -2.56128e-02 | 66  0.00944 -3.10774e-02
 67  0.03437 -4.37205e-02 | 68  0.00999  9.50787e-02 | 69  0.01102  2.71922e-01
 70 -0.01517  5.74954e-04 | 71 -0.00370 -2.45848e-01 | 72  0.04265  3.57466e-01
 73  0.06736  3.47245e-02 | 74  0.01193  3.45200e-01 | 75 -0.00797  2.07937e-01
 76 -0.01308 -2.00087e-01 | 77 -0.01176 -5.54874e-02 | 78 -0.01189  3.21012e-01
 79 -0.01198 -5.03540e-02 | 80  0.03055 -6.44876e-02 | 81 -0.04265 -1.09566e-01
 82  0.04456 -1.27155e-01 | 83  0.00954  6.01144e-02 | 84 -0.02254  3.84637e-01
 85  0.03580 -9.70282e-03 | 86  0.01049 -9.90133e-02 | 87 -0.01529 -6.49270e-02
 88 -0.00717  6.08252e-03 | 89 -0.01893  7.74558e-02 | 90 -0.01236 -1.95610e-01
 91 -0.01795  8.17450e-03 | 92  0.06625 -3.27022e-01 | 93  0.01713  8.47404e-02
 94 -0.01986  1.83650e-01 | 95 -0.04088  3.06693e-01 | 96  0.01074 -6.87245e-02
 97 -0.02048  3.05957e-01 | 98 -0.00805  5.19853e-02 | 99 -0.03843  7.17476e-02
100  0.00201 -8.93014e-02 |101 -0.04403 -4.14614e-02 |102  0.00419  1.19790e-01
103 -0.00039 -3.75426e-02 |104 -0.00005 -6.13752e-02 |105 -0.02047  5.95072e-02
106 -0.40791 -1.81615e-01 |107 -0.24131  3.98488e-01 |108 -0.22775 -1.17204e+00

Intermediate statistics: 108 variables; iteration 20; function evaluation 25; phase 4
Function value 5.6206649e+02; maximum gradient component mag -3.7918e+02
Var    Value     Gradient |Var    Value     Gradient |Var    Value     Gradient
  1 -0.42801 -1.32921e+02 |  2 -0.42713 -3.79181e+02 |  3 -0.39999 -2.02314e+02
  4  0.62227 -3.75785e+02 |  5  0.00038 -5.80159e-01 |  6  0.00008 -1.27350e-01
  7  0.00010 -1.55438e-01 |  8  0.00012 -1.89634e-01 |  9  0.00015 -2.31224e-01
 10  0.00024  9.18441e+00 | 11  0.00099  9.14111e+00 | 12  0.00036  9.10114e+00
 13  0.00044  9.04625e+00 | 14  0.00054  8.98044e+00 | 15  0.00083  8.90034e+00
 16  0.00100  8.80866e+00 | 17  0.00096  8.70555e+00 | 18  0.00108  8.58603e+00
 19  0.00174  8.42700e+00 | 20  0.00132  8.28733e+00 | 21  0.00133  8.07224e+00
 22  0.00160  7.89892e+00 | 23 -0.00052  7.69508e+00 | 24 -0.00215  7.58301e+00
 25  0.00089  7.43008e+00 | 26  0.00124  7.28994e+00 | 27 -0.00293  7.35541e+00
 28 -0.00648  7.49146e+00 | 29 -0.00120  7.14535e+00 | 30 -0.00003  6.91184e+00
 31 -0.00026  6.90208e+00 | 32 -0.00008  6.72424e+00 | 33 -0.00047  6.59269e+00
 34 -0.00223  6.53180e+00 | 35 -0.00122  6.36769e+00 | 36  0.00350  6.12386e+00
 37  0.01719  4.78272e+00 | 38 -0.00928  6.37064e+00 | 39  0.00196  5.65931e+00
 40  0.00903  4.82035e+00 | 41  0.00292  4.69195e+00 | 42 -0.01096  5.54762e+00
 43 -0.01202  5.26287e+00 | 44  0.00325  4.00378e+00 | 45 -0.00709  4.65074e+00
 46 -0.00768  4.44849e+00 | 47 -0.00206  3.67541e+00 | 48 -0.00859  3.78244e+00
 49 -0.00866  3.64011e+00 | 50 -0.00572  3.19291e+00 | 51 -0.00437  2.68637e+00
 52 -0.00624  2.51397e+00 | 53  0.01132 -4.84127e-01 | 54 -0.00145  1.13949e+00
 55  0.00155  4.14119e-01 | 56  0.00184 -3.96067e-01 | 57  0.01998 -4.22442e+00
 58 -0.01322  4.79067e-01 | 59  0.00963 -3.59893e+00 | 60 -0.00566 -1.29565e+00
 61 -0.00528 -1.54926e+00 | 62  0.00310 -3.89273e+00 | 63  0.01021 -6.28912e+00
 64 -0.00034 -3.83211e+00 | 65 -0.00408 -2.90479e+00 | 66  0.00943 -6.56807e+00
 67  0.03477 -1.58661e+01 | 68  0.01004 -8.29245e+00 | 69  0.01066 -9.49794e+00
 70 -0.01514 -3.11327e+00 | 71 -0.00444 -6.47081e+00 | 72  0.04124 -2.90538e+01
 73  0.06690 -3.84005e+01 | 74  0.01087 -1.85913e+01 | 75 -0.00890 -1.15035e+01
 76 -0.01303 -5.95420e+00 | 77 -0.01274 -1.24255e+01 | 78 -0.01169 -6.23709e+00
 79 -0.01304 -1.22520e+01 | 80  0.03069 -2.66633e+01 | 81 -0.04353 -3.88939e+00
 82  0.04427 -4.32617e+01 | 83  0.00907 -1.54121e+01 | 84 -0.02230 -4.29394e+00
 85  0.03519 -2.35007e+01 | 86  0.01074 -1.19689e+01 | 87 -0.01616 -1.04547e+01
 88 -0.00693 -6.11129e+00 | 89 -0.01972 -5.89301e+00 | 90 -0.01218 -1.86358e+00
 91 -0.01907 -5.48066e+00 | 92  0.06559 -5.05422e+01 | 93  0.01681 -5.45346e+00
 94 -0.01982  3.36349e+00 | 95 -0.04198  3.45082e+00 | 96  0.01078  5.54240e+00
 97 -0.02143  3.66647e+00 | 98 -0.00773  1.03678e+01 | 99 -0.03950  7.03893e+00
100  0.00244  1.28969e+01 |101 -0.04477  1.20601e+01 |102  0.00420  8.28390e+00
103 -0.00030  9.38707e+00 |104 -0.00001  9.35834e+00 |105 -0.03433 -2.10087e+01
106 -0.41365  2.99492e+01 |107 -0.23764  5.70808e-01 |108 -0.21775 -1.22717e+01
108 variables; iteration 40; function evaluation 49; phase 4
Function value 5.6187952e+02; maximum gradient component mag -2.8348e+02
Var    Value     Gradient |Var    Value     Gradient |Var    Value     Gradient
  1 -0.42702 -5.30815e+01 |  2 -0.42837 -2.83485e+02 |  3 -0.39853 -1.33234e+02
  4  0.62313 -2.38068e+02 |  5  0.00064 -1.62866e-01 |  6  0.00017  1.49337e-02
  7  0.00021  1.42860e-02 |  8  0.00025  1.15609e-02 |  9  0.00030  5.32706e-03
 10  0.00031  6.02509e+00 | 11  0.00106  5.99042e+00 | 12  0.00043  5.94569e+00
 13  0.00050  5.89091e+00 | 14  0.00059  5.82285e+00 | 15  0.00088  5.73781e+00
 16  0.00102  5.63655e+00 | 17  0.00097  5.52338e+00 | 18  0.00107  5.40209e+00
 19  0.00171  5.25330e+00 | 20  0.00130  5.17033e+00 | 21  0.00128  4.97852e+00
 22  0.00153  4.83703e+00 | 23 -0.00069  4.50468e+00 | 24 -0.00225  4.47722e+00
 25  0.00080  4.31641e+00 | 26  0.00106  4.10750e+00 | 27 -0.00298  4.34778e+00
 28 -0.00647  4.58058e+00 | 29 -0.00129  4.13596e+00 | 30 -0.00014  3.89058e+00
 31 -0.00036  3.88950e+00 | 32 -0.00020  3.73355e+00 | 33 -0.00062  3.58594e+00
 34 -0.00241  3.47876e+00 | 35 -0.00143  3.28499e+00 | 36  0.00361  3.58950e+00
 37  0.01706  2.18248e+00 | 38 -0.00916  3.90863e+00 | 39  0.00038  8.16369e-01
 40  0.01013  3.97797e+00 | 41  0.00139  1.58914e-01 | 42 -0.01080  3.53085e+00
 43 -0.01121  4.85419e+00 | 44  0.00286  1.47151e+00 | 45 -0.00717  2.41634e+00
 46 -0.00747  2.79954e+00 | 47 -0.00176  2.57237e+00 | 48 -0.00759  4.07863e+00
 49 -0.00877  1.84060e+00 | 50 -0.00559  1.91325e+00 | 51 -0.00372  2.44145e+00
 52 -0.00659  5.80758e-01 | 53  0.01097 -1.97852e+00 | 54 -0.00148  1.22067e-01
 55  0.00212  3.80433e-01 | 56  0.00101 -2.13569e+00 | 57  0.02033 -2.79784e+00
 58 -0.01126  3.43743e+00 | 59  0.00961 -2.80972e+00 | 60 -0.00545 -9.76627e-01
 61 -0.00527 -1.42736e+00 | 62  0.00346 -2.45138e+00 | 63  0.00964 -6.21548e+00
 64  0.00069 -1.23880e+00 | 65 -0.00397 -2.48169e+00 | 66  0.00866 -6.71166e+00
 67  0.03379 -1.47081e+01 | 68  0.01027 -5.47325e+00 | 69  0.01095 -5.47919e+00
 70 -0.01546 -3.41261e+00 | 71 -0.00382 -2.43144e+00 | 72  0.04105 -2.23617e+01
 73  0.06662 -2.59229e+01 | 74  0.01121 -9.40673e+00 | 75 -0.00900 -7.79628e+00
 76 -0.01318 -3.48817e+00 | 77 -0.01254 -5.91072e+00 | 78 -0.01173 -2.43733e+00
 79 -0.01268 -4.21439e+00 | 80  0.03065 -1.55938e+01 | 81 -0.04313  5.03357e-01
 82  0.04443 -2.15477e+01 | 83  0.00913 -8.35853e+00 | 84 -0.02257 -3.26321e+00
 85  0.03525 -1.28331e+01 | 86  0.01060 -5.67729e+00 | 87 -0.01588 -2.90475e+00
 88 -0.00697 -1.94518e+00 | 89 -0.01957 -3.24074e+00 | 90 -0.01223 -5.79572e-01
 91 -0.01880 -1.81168e+00 | 92  0.06583 -2.25001e+01 | 93  0.01681 -1.53885e+00
 94 -0.02011  1.84867e+00 | 95 -0.04178  3.86057e+00 | 96  0.01050  3.46438e+00
 97 -0.02126  4.69879e+00 | 98 -0.00814  5.38416e+00 | 99 -0.03937  5.31090e+00
100  0.00191  5.44908e+00 |101 -0.04524  4.57262e+00 |102  0.00415  6.10103e+00
103 -0.00027  6.14650e+00 |104  0.00005  6.17440e+00 |105 -0.03583 -1.50807e+01
106 -0.41437  2.09067e+01 |107 -0.23630 -3.01017e-01 |108 -0.21781 -3.98994e+00
108 variables; iteration 60; function evaluation 79; phase 4
Function value 5.6181426e+02; maximum gradient component mag -1.3773e+01
Var    Value     Gradient |Var    Value     Gradient |Var    Value     Gradient
  1 -0.42696 -1.94301e+00 |  2 -0.42913 -1.37730e+01 |  3 -0.39708 -6.56645e+00
  4  0.62366 -1.14144e+01 |  5  0.00065  9.76211e-02 |  6  0.00018  9.10598e-02
  7  0.00022  1.06490e-01 |  8  0.00027  1.22760e-01 |  9  0.00032  1.38608e-01
 10  0.00034  3.78101e-01 | 11  0.00110  3.75695e-01 | 12  0.00047  3.65662e-01
 13  0.00055  3.53906e-01 | 14  0.00064  3.36757e-01 | 15  0.00093  3.13120e-01
 16  0.00108  2.86641e-01 | 17  0.00103  2.66733e-01 | 18  0.00115  2.65450e-01
 19  0.00180  2.58606e-01 | 20  0.00142  3.36148e-01 | 21  0.00141  2.95878e-01
 22  0.00169  3.39947e-01 | 23 -0.00060  1.83529e-02 | 24 -0.00207  1.89377e-01
 25  0.00102  2.60267e-01 | 26  0.00132  2.03544e-01 | 27 -0.00280  2.26060e-01
 28 -0.00634  3.05915e-01 | 29 -0.00110  1.97336e-01 | 30  0.00006  1.45353e-01
 31 -0.00016  1.48647e-01 | 32  0.00003  1.53175e-01 | 33 -0.00036  1.47839e-01
 34 -0.00212  1.43948e-01 | 35 -0.00114  9.30312e-02 | 36  0.00374  4.32132e-01
 37  0.01729 -1.85244e-01 | 38 -0.00920  1.25673e-01 | 39  0.00194  7.45092e-02
 40  0.00899  1.00975e-01 | 41  0.00303  8.72767e-02 | 42 -0.01106 -1.93455e-01
 43 -0.01173  6.41913e-01 | 44  0.00326  2.79515e-02 | 45 -0.00702  1.56370e-01
 46 -0.00755  2.64931e-01 | 47 -0.00220 -2.35944e-01 | 48 -0.00861 -2.57678e-01
 49 -0.00882 -2.02325e-01 | 50 -0.00576  1.31312e-02 | 51 -0.00432  1.17915e-01
 52 -0.00645 -2.61563e-01 | 53  0.01164  1.25743e-01 | 54 -0.00148 -2.27956e-02
 55  0.00138 -1.53015e-01 | 56  0.00176 -1.62216e-01 | 57  0.01983 -2.56758e-01
 58 -0.01298  3.29851e-02 | 59  0.00950 -7.93796e-02 | 60 -0.00587 -3.13010e-01
 61 -0.00562 -2.97101e-01 | 62  0.00302  4.11374e-02 | 63  0.01007 -5.04380e-01
 64 -0.00051 -1.43179e-01 | 65 -0.00422  2.06519e-01 | 66  0.00928  2.29250e-01
 67  0.03452 -8.58526e-01 | 68  0.00998 -8.21275e-02 | 69  0.01053 -3.22175e-01
 70 -0.01533 -3.35048e-01 | 71 -0.00448 -1.44922e-01 | 72  0.04170 -9.45474e-01
 73  0.06631 -1.26758e+00 | 74  0.01115 -3.61243e-01 | 75 -0.00884 -3.09210e-01
 76 -0.01335 -1.70503e-01 | 77 -0.01248 -1.18638e-01 | 78 -0.01196 -9.05289e-02
 79 -0.01268  5.58383e-02 | 80  0.03063 -6.41437e-01 | 81 -0.04318  4.20053e-02
 82  0.04444 -7.60192e-01 | 83  0.00916 -3.17411e-01 | 84 -0.02254 -6.66919e-02
 85  0.03523 -4.68101e-01 | 86  0.01048 -2.93624e-02 | 87 -0.01581 -1.52138e-01
 88 -0.00707 -2.18528e-01 | 89 -0.01938  2.98692e-02 | 90 -0.01230 -3.28446e-02
 91 -0.01864  1.10561e-01 | 92  0.06591 -6.98075e-01 | 93  0.01683 -4.25965e-02
 94 -0.02016  4.09330e-02 | 95 -0.04173  2.36786e-01 | 96  0.01038  1.85221e-01
 97 -0.02119  2.56962e-01 | 98 -0.00814  2.52381e-01 | 99 -0.03919  2.65834e-01
100  0.00206  2.62902e-01 |101 -0.04482  1.76454e-01 |102  0.00367 -4.43553e-01
103 -0.00024  3.51978e-01 |104  0.00007  3.80861e-01 |105 -0.03666 -8.40750e-01
106 -0.41479  1.19853e+00 |107 -0.23389  6.10473e-03 |108 -0.21608 -2.69487e-01

 - final statistics:
108 variables; iteration 70; function evaluation 99
Function value 5.6181e+02; maximum gradient component mag -8.1542e-01
Exit code = 1;  converg criter 1.0000e+00
Var    Value     Gradient |Var    Value     Gradient |Var    Value     Gradient
  1 -0.42701 -3.77520e-02 |  2 -0.42919 -8.15424e-01 |  3 -0.39695 -3.47383e-01
  4  0.62370 -6.04898e-01 |  5  0.00057 -8.25306e-03 |  6  0.00012 -1.72609e-03
  7  0.00015 -2.17454e-03 |  8  0.00018 -2.76192e-03 |  9  0.00022 -3.53310e-03
 10  0.00029  1.30233e-02 | 11  0.00104  1.24324e-02 | 12  0.00042  1.20950e-02
 13  0.00050  1.17496e-02 | 14  0.00060  1.17871e-02 | 15  0.00090  1.26977e-02
 16  0.00107  1.49466e-02 | 17  0.00104  1.79569e-02 | 18  0.00115  1.90506e-02
 19  0.00181  2.06219e-02 | 20  0.00136 -3.42043e-04 | 21  0.00137  7.30471e-03
 22  0.00161  4.04221e-03 | 23 -0.00046  8.67106e-03 | 24 -0.00205  1.66019e-02
 25  0.00099  5.41541e-03 | 26  0.00133  1.53479e-02 | 27 -0.00280  5.45017e-03
 28 -0.00639  1.12593e-02 | 29 -0.00109  6.30750e-03 | 30  0.00010  6.51669e-03
 31 -0.00013  5.89662e-03 | 32  0.00005  4.71392e-03 | 33 -0.00034  5.63581e-03
 34 -0.00210  7.74325e-03 | 35 -0.00108  8.87322e-03 | 36  0.00355 -3.61066e-03
 37  0.01748  1.21196e-03 | 38 -0.00917  2.19982e-03 | 39  0.00198  8.79804e-03
 40  0.00898  2.55797e-03 | 41  0.00306  1.32695e-02 | 42 -0.01089 -4.30499e-03
 43 -0.01198 -1.53755e-02 | 44  0.00330  1.08048e-02 | 45 -0.00704 -5.71063e-03
 46 -0.00765 -1.55335e-02 | 47 -0.00204 -3.56082e-03 | 48 -0.00844  8.83247e-03
 49 -0.00868 -1.67603e-02 | 50 -0.00575 -4.95349e-03 | 51 -0.00438 -3.26797e-03
 52 -0.00629 -9.34449e-03 | 53  0.01156 -9.99328e-03 | 54 -0.00148  7.28427e-04
 55  0.00143 -2.33996e-03 | 56  0.00179 -1.18122e-02 | 57  0.01983 -4.07344e-02
 58 -0.01301 -9.18126e-03 | 59  0.00943 -1.34541e-02 | 60 -0.00575  1.20899e-03
 61 -0.00553 -1.49446e-02 | 62  0.00289 -2.66924e-02 | 63  0.01016 -3.19564e-02
 64 -0.00053 -6.71354e-03 | 65 -0.00441  1.02039e-02 | 66  0.00900 -1.78840e-02
 67  0.03461 -4.17970e-02 | 68  0.00988 -2.03383e-02 | 69  0.01051 -2.42614e-02
 70 -0.01529 -8.25349e-03 | 71 -0.00452 -1.58345e-02 | 72  0.04170 -3.31725e-02
 73  0.06629 -7.03153e-02 | 74  0.01113 -7.91771e-03 | 75 -0.00885 -5.59386e-04
 76 -0.01336 -2.24328e-03 | 77 -0.01249  3.93861e-03 | 78 -0.01198 -1.47614e-03
 79 -0.01270  8.20215e-03 | 80  0.03063 -1.69959e-02 | 81 -0.04319  8.13568e-03
 82  0.04443 -7.23032e-03 | 83  0.00916 -4.09163e-03 | 84 -0.02254  7.62410e-03
 85  0.03522 -7.59900e-04 | 86  0.01046 -1.28961e-03 | 87 -0.01581  9.45463e-03
 88 -0.00707  1.36887e-03 | 89 -0.01939  1.58725e-02 | 90 -0.01230  6.54640e-03
 91 -0.01865  1.74221e-02 | 92  0.06590  7.11989e-03 | 93  0.01683 -3.67714e-03
 94 -0.02016  1.17599e-02 | 95 -0.04174  2.13439e-02 | 96  0.01037  1.08127e-02
 97 -0.02119  2.16576e-02 | 98 -0.00814  1.01499e-02 | 99 -0.03918  2.14681e-02
100  0.00208  1.44406e-02 |101 -0.04479  1.19888e-02 |102  0.00402  1.28971e-02
103 -0.00028  1.62487e-02 |104  0.00001  1.54460e-02 |105 -0.03678 -5.43751e-02
106 -0.41486  8.93156e-02 |107 -0.23367  1.84316e-02 |108 -0.21587 -5.98019e-02

Initial statistics: 111 variables; iteration 0; function evaluation 0; phase 5
Function value 5.6181344e+02; maximum gradient component mag -2.5851e+02
Var    Value     Gradient |Var    Value     Gradient |Var    Value     Gradient
  1 -0.42701 -3.77520e-02 |  2 -0.42919 -8.15424e-01 |  3 -0.39695 -3.47383e-01
  4 -0.41222  7.40971e+01 |  5 -0.41222  4.80148e+01 |  6  0.62370 -6.04898e-01
  7  0.00057 -8.25306e-03 |  8  0.00012 -1.72609e-03 |  9  0.00015 -2.17454e-03
 10  0.00018 -2.76192e-03 | 11  0.00022 -3.53310e-03 | 12  0.00029  1.24887e-02
 13  0.00104  1.18978e-02 | 14  0.00042  1.15604e-02 | 15  0.00050  1.12150e-02
 16  0.00060  1.12525e-02 | 17  0.00090  1.21631e-02 | 18  0.00107  1.44120e-02
 19  0.00104  1.74222e-02 | 20  0.00115  1.85160e-02 | 21  0.00181  2.00873e-02
 22  0.00136 -8.76663e-04 | 23  0.00137  6.77009e-03 | 24  0.00161  3.50759e-03
 25 -0.00046  8.13644e-03 | 26 -0.00205  1.60673e-02 | 27  0.00099  4.88079e-03
 28  0.00133  1.48133e-02 | 29 -0.00280  4.91555e-03 | 30 -0.00639  1.07247e-02
 31 -0.00109  5.77288e-03 | 32  0.00010  5.98207e-03 | 33 -0.00013  5.36200e-03
 34  0.00005  4.17930e-03 | 35 -0.00034  5.10119e-03 | 36 -0.00210  7.20863e-03
 37 -0.00108  8.33860e-03 | 38  0.00355 -4.14527e-03 | 39  0.01748  6.77540e-04
 40 -0.00917  1.66525e-03 | 41  0.00198  8.26342e-03 | 42  0.00898  2.02340e-03
 43  0.00306  1.27349e-02 | 44 -0.01089 -4.83953e-03 | 45 -0.01198 -1.59100e-02
 46  0.00330  1.02702e-02 | 47 -0.00704 -6.24522e-03 | 48 -0.00765 -1.60681e-02
 49 -0.00204 -4.09544e-03 | 50 -0.00844  8.29789e-03 | 51 -0.00868 -1.72949e-02
 52 -0.00575 -5.48809e-03 | 53 -0.00438 -3.80257e-03 | 54 -0.00629 -9.87909e-03
 55  0.01156 -1.05278e-02 | 56 -0.00148  1.93808e-04 | 57  0.00143 -2.87458e-03
 58  0.00179 -1.23468e-02 | 59  0.01983 -4.12688e-02 | 60 -0.01301 -9.71577e-03
 61  0.00943 -1.39887e-02 | 62 -0.00575  6.74392e-04 | 63 -0.00553 -1.54792e-02
 64  0.00289 -2.72270e-02 | 65  0.01016 -3.24909e-02 | 66 -0.00053 -7.24816e-03
 67 -0.00441  9.66927e-03 | 68  0.00900 -1.84185e-02 | 69  0.03461 -4.23308e-02
 70  0.00988 -2.08729e-02 | 71  0.01051 -2.47959e-02 | 72 -0.01529 -8.78796e-03
 73 -0.00452 -1.63691e-02 | 74  0.04170 -3.37059e-02 | 75  0.06629 -7.08470e-02
 76  0.01113 -8.45225e-03 | 77 -0.00885 -1.09396e-03 | 78 -0.01336 -2.77779e-03
 79 -0.01249  3.40409e-03 | 80 -0.01198 -2.01066e-03 | 81 -0.01270  7.66763e-03
 82  0.03063 -1.75299e-02 | 83 -0.04319  7.60229e-03 | 84  0.04443 -7.76363e-03
 85  0.00916 -4.62619e-03 | 86 -0.02254  7.08982e-03 | 87  0.03522 -1.29370e-03
 88  0.01046 -1.82416e-03 | 89 -0.01581  8.92017e-03 | 90 -0.00707  8.34286e-04
 91 -0.01939  1.53382e-02 | 92 -0.01230  6.01188e-03 | 93 -0.01865  1.68877e-02
 94  0.06590  6.58813e-03 | 95  0.01683 -4.21158e-03 | 96 -0.02016  1.12256e-02
 97 -0.04174  2.08105e-02 | 98  0.01037  1.02782e-02 | 99 -0.02119  2.11233e-02
100 -0.00814  9.61531e-03 |101 -0.03918  2.09345e-02 |102  0.00208  1.39059e-02
103 -0.04479  1.14555e-02 |104  0.00402  1.23625e-02 |105 -0.00028  1.57141e-02
106  0.00001  1.49114e-02 |107  0.00000 -2.58514e+02 |108 -0.03678 -5.43751e-02
109 -0.41486  8.93156e-02 |110 -0.23367  1.84316e-02 |111 -0.21587 -5.98019e-02

Intermediate statistics: 111 variables; iteration 20; function evaluation 24; phase 5
Function value 5.6072410e+02; maximum gradient component mag -2.8769e+02
Var    Value     Gradient |Var    Value     Gradient |Var    Value     Gradient
  1 -0.42595 -2.29869e+01 |  2 -0.42350 -1.77550e+02 |  3 -0.40679 -1.05670e+02
  4 -0.40635  6.19451e+01 |  5 -0.45524  2.27675e+01 |  6  0.62155 -1.05738e+02
  7  0.00052 -1.06188e-01 |  8  0.00011 -2.33416e-02 |  9  0.00014 -2.86089e-02
 10  0.00016 -3.50867e-02 | 11  0.00020 -4.30607e-02 | 12  0.00023  3.67680e+00
 13  0.00098  3.66449e+00 | 14  0.00035  3.65112e+00 | 15  0.00042  3.63398e+00
 16  0.00050  3.61342e+00 | 17  0.00079  3.58887e+00 | 18  0.00094  3.56127e+00
 19  0.00090  3.53168e+00 | 20  0.00101  3.50076e+00 | 21  0.00171  3.47397e+00
 22  0.00134  3.45119e+00 | 23  0.00146  3.44902e+00 | 24  0.00172  3.40591e+00
 25 -0.00061  3.28645e+00 | 26 -0.00248  3.14140e+00 | 27  0.00062  3.07121e+00
 28  0.00184  3.48484e+00 | 29 -0.00306  3.22218e+00 | 30 -0.00658  3.17895e+00
 31 -0.00127  3.14222e+00 | 32 -0.00016  3.05394e+00 | 33 -0.00046  3.02629e+00
 34 -0.00040  2.93901e+00 | 35 -0.00085  2.87603e+00 | 36 -0.00260  2.84561e+00
 37 -0.00178  2.67226e+00 | 38  0.00283  2.40810e+00 | 39  0.01742  2.79861e+00
 40 -0.00986  2.49017e+00 | 41  0.00204  2.65770e+00 | 42  0.01069  3.24869e+00
 43  0.00268  2.53963e+00 | 44 -0.01111  2.59384e+00 | 45 -0.01241  2.22947e+00
 46  0.00276  2.09979e+00 | 47 -0.00731  2.25909e+00 | 48 -0.00791  2.11996e+00
 49 -0.00178  2.08524e+00 | 50 -0.00877  2.04998e+00 | 51 -0.00890  1.97899e+00
 52 -0.00582  1.86257e+00 | 53 -0.00425  1.75160e+00 | 54 -0.00682  1.20606e+00
 55  0.01114  9.56395e-01 | 56 -0.00189  1.08649e+00 | 57  0.00238  1.40645e+00
 58  0.00144  6.51723e-01 | 59  0.02100  1.48865e-02 | 60 -0.01309  1.26914e+00
 61  0.01027  3.26374e-01 | 62 -0.00580  6.01914e-01 | 63 -0.00522  4.13352e-01
 64  0.00319 -1.84081e-01 | 65  0.00957 -1.10597e+00 | 66 -0.00162 -8.07914e-01
 67 -0.00422 -4.44620e-01 | 68  0.00999 -1.38121e+00 | 69  0.03402 -4.84944e+00
 70  0.01053 -1.28767e+00 | 71  0.01132 -1.12200e+00 | 72 -0.01569 -4.66579e-01
 73 -0.00457 -2.00494e+00 | 74  0.04165 -9.50144e+00 | 75  0.06489 -2.78462e+01
 76  0.01114 -6.15130e+00 | 77 -0.00823 -1.54461e+00 | 78 -0.01300  1.93581e+00
 79 -0.01112  1.05013e+01 | 80 -0.01229  3.79170e-01 | 81 -0.01116  1.18067e+01
 82  0.02966 -2.07499e+01 | 83 -0.04201  2.76464e+00 | 84  0.04241 -5.58677e+01
 85  0.00972  5.70581e+00 | 86 -0.02247  1.30056e+00 | 87  0.03479 -2.78633e+01
 88  0.01032 -9.86203e+00 | 89 -0.01455  7.99207e+00 | 90 -0.00744 -1.71050e-01
 91 -0.01810  1.72616e+01 | 92 -0.01211  8.01786e+00 | 93 -0.01661  2.10951e+01
 94  0.06466 -3.74154e+01 | 95  0.01676 -3.32672e+00 | 96 -0.02005  5.25936e+00
 97 -0.04035  1.22480e+01 | 98  0.01145  2.67653e+01 | 99 -0.01987  1.64085e+01
100 -0.00838  7.05057e+00 |101 -0.03871  4.48497e+00 |102  0.00160  4.73201e+00
103 -0.04460 -6.16246e-01 |104  0.00353  3.60304e+00 |105 -0.00032  3.73268e+00
106 -0.00002  3.72827e+00 |107  0.00092 -2.87694e+02 |108 -0.03414 -9.24565e+00
109 -0.41368  8.55734e+00 |110 -0.21926 -2.95075e+00 |111 -0.21408  1.03161e+01
111 variables; iteration 40; function evaluation 47; phase 5
Function value 5.5995741e+02; maximum gradient component mag -4.4455e+02
Var    Value     Gradient |Var    Value     Gradient |Var    Value     Gradient
  1 -0.42401 -3.23900e+01 |  2 -0.42167 -4.44546e+02 |  3 -0.40972 -1.85299e+02
  4 -0.42068 -5.71392e+00 |  5 -0.46719 -6.53033e+00 |  6  0.61941 -3.50432e+02
  7  0.00054 -4.69322e-01 |  8  0.00012 -1.03751e-01 |  9  0.00014 -1.26050e-01
 10  0.00017 -1.52927e-01 | 11  0.00021 -1.85247e-01 | 12  0.00034  9.31209e+00
 13  0.00109  9.26262e+00 | 14  0.00046  9.20991e+00 | 15  0.00054  9.14363e+00
 16  0.00063  9.06468e+00 | 17  0.00093  8.96898e+00 | 18  0.00109  8.85639e+00
 19  0.00106  8.72557e+00 | 20  0.00119  8.57039e+00 | 21  0.00190  8.37835e+00
 22  0.00157  8.18679e+00 | 23  0.00172  7.95138e+00 | 24  0.00198  7.68241e+00
 25 -0.00045  7.39760e+00 | 26 -0.00248  7.06147e+00 | 27  0.00080  7.05918e+00
 28  0.00263  7.60731e+00 | 29 -0.00330  6.45459e+00 | 30 -0.00648  6.94802e+00
 31 -0.00106  6.71313e+00 | 32  0.00005  6.41049e+00 | 33 -0.00026  6.40606e+00
 34 -0.00022  6.15797e+00 | 35 -0.00069  5.93795e+00 | 36 -0.00244  5.81804e+00
 37 -0.00170  5.46816e+00 | 38  0.00304  5.13538e+00 | 39  0.01779  4.04440e+00
 40 -0.00967  5.54750e+00 | 41  0.00335  6.01844e+00 | 42  0.01082  3.23700e+00
 43  0.00223  3.09364e+00 | 44 -0.01095  4.69618e+00 | 45 -0.01203  4.73679e+00
 46  0.00297  2.77019e+00 | 47 -0.00709  3.47761e+00 | 48 -0.00798  2.69896e+00
 49 -0.00156  1.83987e+00 | 50 -0.00823  3.40938e+00 | 51 -0.00868  2.32761e+00
 52 -0.00551  1.74199e+00 | 53 -0.00379  1.27158e+00 | 54 -0.00693  3.83222e-01
 55  0.01072 -3.98576e+00 | 56 -0.00162 -8.59904e-01 | 57  0.00206 -3.21801e+00
 58  0.00080 -3.88123e+00 | 59  0.02134 -8.41504e+00 | 60 -0.01301 -9.25914e-01
 61  0.01045 -6.92640e+00 | 62 -0.00630 -4.55118e+00 | 63 -0.00504 -4.48740e+00
 64  0.00295 -7.79523e+00 | 65  0.00776 -1.34835e+01 | 66 -0.00230 -8.09062e+00
 67 -0.00488 -8.25619e+00 | 68  0.00969 -1.20708e+01 | 69  0.03452 -1.84010e+01
 70  0.01100 -9.19153e+00 | 71  0.01298 -6.05501e+00 | 72 -0.01547 -3.48997e+00
 73 -0.00333 -3.00237e+00 | 74  0.04215 -2.36898e+01 | 75  0.06555 -4.14014e+01
 76  0.01172 -1.06345e+01 | 77 -0.00869 -1.31224e+01 | 78 -0.01265  1.16836e+00
 79 -0.01234 -1.49549e+01 | 80 -0.01218  6.27208e-01 | 81 -0.01142  7.56644e+00
 82  0.02991 -2.34507e+01 | 83 -0.04266 -5.64062e+00 | 84  0.04396 -2.83033e+01
 85  0.00935 -9.17008e+00 | 86 -0.02371 -1.83799e+01 | 87  0.03519 -1.77488e+01
 88  0.01113 -3.92889e+00 | 89 -0.01312  3.03139e+01 | 90 -0.00700  8.61283e+00
 91 -0.01890  4.66976e+00 | 92 -0.01332 -1.03367e+01 | 93 -0.01770  4.60699e+00
 94  0.06529 -2.05780e+01 | 95  0.01671 -2.70904e+00 | 96 -0.02131 -8.36880e+00
 97 -0.04147  3.19415e+00 | 98  0.01007  6.96552e+00 | 99 -0.02197 -2.99235e+00
100 -0.01044 -7.18669e+00 |101 -0.03960  1.81623e+01 |102  0.00138  2.63676e+01
103 -0.04592  7.42772e+00 |104  0.00367  1.05331e+01 |105 -0.00028  9.50909e+00
106  0.00008  9.53611e+00 |107  0.00216 -2.51299e+02 |108 -0.02817 -2.15294e+01
109 -0.41129  2.99303e+01 |110 -0.21870 -5.68063e+00 |111 -0.21573  7.26935e+00
111 variables; iteration 60; function evaluation 76; phase 5
Function value 5.5981060e+02; maximum gradient component mag -6.1371e+01
Var    Value     Gradient |Var    Value     Gradient |Var    Value     Gradient
  1 -0.42381 -3.82048e+00 |  2 -0.42134 -6.13712e+01 |  3 -0.41029 -2.40356e+01
  4 -0.42013 -5.31476e-01 |  5 -0.46850 -9.22170e-01 |  6  0.61913 -4.72548e+01
  7  0.00051 -4.76124e-02 |  8  0.00011 -1.06903e-02 |  9  0.00013 -1.30553e-02
 10  0.00016 -1.59401e-02 | 11  0.00020 -1.94592e-02 | 12  0.00026  1.24442e+00
 13  0.00101  1.23885e+00 | 14  0.00038  1.23276e+00 | 15  0.00045  1.22495e+00
 16  0.00053  1.21542e+00 | 17  0.00082  1.20367e+00 | 18  0.00097  1.18965e+00
 19  0.00092  1.17326e+00 | 20  0.00104  1.15381e+00 | 21  0.00174  1.13065e+00
 22  0.00140  1.10665e+00 | 23  0.00156  1.08221e+00 | 24  0.00183  1.05777e+00
 25 -0.00053  1.03986e+00 | 26 -0.00246  1.02111e+00 | 27  0.00061  9.48050e-01
 28  0.00198  9.31487e-01 | 29 -0.00306  1.06782e+00 | 30 -0.00648  1.03860e+00
 31 -0.00120  9.57578e-01 | 32 -0.00011  9.19553e-01 | 33 -0.00041  9.19162e-01
 34 -0.00036  8.94066e-01 | 35 -0.00080  8.73945e-01 | 36 -0.00253  8.66167e-01
 37 -0.00172  8.51201e-01 | 38  0.00290  7.70784e-01 | 39  0.01746  6.08916e-01
 40 -0.00982  7.43507e-01 | 41  0.00221  7.38540e-01 | 42  0.01094  5.85368e-01
 43  0.00264  6.63682e-01 | 44 -0.01111  6.30258e-01 | 45 -0.01230  6.19978e-01
 46  0.00284  4.48264e-01 | 47 -0.00728  4.61753e-01 | 48 -0.00790  3.82350e-01
 49 -0.00161  2.21901e-01 | 50 -0.00866  5.86972e-01 | 51 -0.00880  3.60366e-01
 52 -0.00570  2.64974e-01 | 53 -0.00408  1.92433e-01 | 54 -0.00678  2.55741e-01
 55  0.01125 -1.15681e-01 | 56 -0.00190 -2.33605e-01 | 57  0.00265 -1.25155e-01
 58  0.00148 -2.19361e-01 | 59  0.02163 -5.72518e-01 | 60 -0.01313 -3.08625e-02
 61  0.01061 -7.05752e-01 | 62 -0.00570 -3.88305e-01 | 63 -0.00496 -4.83443e-01
 64  0.00357 -5.48498e-01 | 65  0.00966 -1.29100e+00 | 66 -0.00166 -1.05180e+00
 67 -0.00395 -9.92814e-01 | 68  0.01035 -1.62143e+00 | 69  0.03409 -2.53773e+00
 70  0.01076 -1.50752e+00 | 71  0.01166 -1.61245e+00 | 72 -0.01573 -8.29316e-01
 73 -0.00429 -1.07415e+00 | 74  0.04205 -3.47600e+00 | 75  0.06558 -6.29029e+00
 76  0.01149 -1.85286e+00 | 77 -0.00798 -8.63422e-01 | 78 -0.01323 -7.11091e-01
 79 -0.01173 -1.20347e+00 | 80 -0.01269 -1.16452e+00 | 81 -0.01198 -6.18467e-01
 82  0.03013 -2.85244e+00 | 83 -0.04196  1.16460e-01 | 84  0.04411 -3.45982e+00
 85  0.00945 -1.52393e+00 | 86 -0.02224 -7.08319e-01 | 87  0.03536 -2.45092e+00
 88  0.01096 -1.22858e+00 | 89 -0.01468  5.47761e-01 | 90 -0.00757 -3.88506e-01
 91 -0.01908 -1.76293e-01 | 92 -0.01265 -1.63194e-01 | 93 -0.01774  3.18860e-02
 94  0.06546 -2.58178e+00 | 95  0.01692 -3.27856e-01 | 96 -0.02032  5.38662e-01
 97 -0.04103  8.69809e-01 | 98  0.00990  2.95890e-01 | 99 -0.02124  9.93897e-01
100 -0.00968 -9.00033e-03 |101 -0.04003  1.77216e+00 |102  0.00018  2.07597e+00
103 -0.04562  1.18640e+00 |104  0.00322  1.32276e+00 |105 -0.00032  1.26900e+00
106  0.00002  1.26821e+00 |107  0.00233 -3.53763e+01 |108 -0.02740 -2.90184e+00
109 -0.41095  4.08509e+00 |110 -0.21680 -1.56327e-01 |111 -0.21599  1.03739e-01
111 variables; iteration 80; function evaluation 115; phase 5
Function value 5.5980923e+02; maximum gradient component mag -6.8123e-02
Var    Value     Gradient |Var    Value     Gradient |Var    Value     Gradient
  1 -0.42375  6.10522e-03 |  2 -0.42115 -3.32705e-02 |  3 -0.41061 -5.30053e-03
  4 -0.42001  3.65220e-03 |  5 -0.46911 -9.73474e-04 |  6  0.61899  3.65423e-03
  7  0.00049 -7.50678e-04 |  8  0.00010 -6.61526e-04 |  9  0.00013 -7.62762e-04
 10  0.00016 -8.61294e-04 | 11  0.00019 -9.43888e-04 | 12  0.00024 -1.02506e-03
 13  0.00099 -8.02851e-04 | 14  0.00036 -4.78062e-04 | 15  0.00043 -1.20543e-05
 16  0.00051  5.28918e-04 | 17  0.00079  9.75859e-04 | 18  0.00094  9.95824e-04
 19  0.00089  2.58364e-04 | 20  0.00101 -1.18746e-03 | 21  0.00171 -1.51447e-03
 22  0.00138  4.68270e-03 | 23  0.00153  1.43292e-03 | 24  0.00180  3.85890e-03
 25 -0.00058 -2.26073e-03 | 26 -0.00250 -1.58319e-04 | 27  0.00058 -2.90802e-03
 28  0.00196 -2.56755e-03 | 29 -0.00316 -1.02394e-02 | 30 -0.00654 -1.13103e-03
 31 -0.00126  1.09830e-05 | 32 -0.00017  8.20928e-04 | 33 -0.00047  2.95944e-04
 34 -0.00041 -7.98832e-04 | 35 -0.00086  4.02211e-04 | 36 -0.00260  7.05420e-04
 37 -0.00179  2.71644e-04 | 38  0.00284  2.79432e-03 | 39  0.01738 -2.06342e-03
 40 -0.00983  6.10378e-04 | 41  0.00212 -4.79097e-03 | 42  0.01090 -6.99817e-05
 43  0.00256  2.57490e-03 | 44 -0.01113 -8.15462e-05 | 45 -0.01232 -9.41064e-03
 46  0.00279 -2.10122e-03 | 47 -0.00728 -1.74148e-03 | 48 -0.00788 -2.80716e-04
 49 -0.00158 -8.83220e-04 | 50 -0.00877  9.04205e-03 | 51 -0.00882 -2.06359e-03
 52 -0.00572 -1.59478e-03 | 53 -0.00410 -3.35597e-03 | 54 -0.00685 -1.64971e-03
 55  0.01117 -1.00282e-03 | 56 -0.00180  8.55944e-03 | 57  0.00260 -5.30257e-03
 58  0.00146 -2.71766e-03 | 59  0.02145 -5.00232e-03 | 60 -0.01315 -8.51362e-03
 61  0.01062  2.06381e-03 | 62 -0.00567 -1.58333e-03 | 63 -0.00493 -2.49834e-04
 64  0.00346 -3.36023e-03 | 65  0.00976  2.52640e-03 | 66 -0.00149  4.99519e-03
 67 -0.00380  1.76918e-03 | 68  0.01054  5.47194e-03 | 69  0.03410 -4.87006e-03
 70  0.01083 -3.75522e-03 | 71  0.01175 -2.56864e-03 | 72 -0.01562  1.00798e-04
 73 -0.00422 -3.41449e-03 | 74  0.04210 -3.51690e-03 | 75  0.06567 -3.34896e-04
 76  0.01154 -5.33465e-03 | 77 -0.00793  5.68489e-03 | 78 -0.01321 -1.13659e-02
 79 -0.01166  1.08402e-02 | 80 -0.01265 -8.30621e-03 | 81 -0.01196 -1.97312e-02
 82  0.03015  7.58963e-03 | 83 -0.04193  5.34305e-03 | 84  0.04413  1.12304e-02
 85  0.00949  1.03029e-03 | 86 -0.02218  2.01995e-02 | 87  0.03539  6.90765e-03
 88  0.01100 -3.35635e-03 | 89 -0.01468 -4.87112e-02 | 90 -0.00755 -7.39032e-03
 91 -0.01903 -5.89249e-03 | 92 -0.01262  1.88340e-02 | 93 -0.01769  6.41116e-04
 94  0.06549  1.28380e-02 | 95  0.01696  5.59526e-03 | 96 -0.02029  1.84799e-02
 97 -0.04098  8.23151e-03 | 98  0.00993 -3.82903e-03 | 99 -0.02121  6.24967e-03
100 -0.00961  2.80366e-02 |101 -0.04004 -1.16845e-02 |102  0.00012 -2.65222e-02
103 -0.04558  5.13448e-03 |104  0.00320  2.19607e-03 |105 -0.00033  5.17314e-05
106  0.00001 -9.12473e-04 |107  0.00237 -6.81230e-02 |108 -0.02684 -5.23208e-04
109 -0.41072  1.99718e-03 |110 -0.21679  3.07995e-03 |111 -0.21613 -2.07124e-03
  ic > imax  in fminim is answer attained ?
Var    Value     Gradient |Var    Value     Gradient |Var    Value     Gradient
  1 -0.42375  9.54455e-05 |  2 -0.42115 -1.51143e-04 |  3 -0.41061  5.02611e-05
  4 -0.42001  5.31997e-05 |  5 -0.46912 -4.73705e-06 |  6  0.61899  3.29731e-04
  7  0.00049 -7.97579e-05 |  8  0.00011 -7.23768e-05 |  9  0.00013 -8.65871e-05
 10  0.00016 -1.02065e-04 | 11  0.00019 -1.17667e-04 | 12  0.00025 -5.27093e-05
 13  0.00099 -4.19593e-05 | 14  0.00036 -2.29424e-05 | 15  0.00042  2.93430e-06
 16  0.00051  2.20613e-05 | 17  0.00079  1.11750e-05 | 18  0.00094 -4.33089e-05
 19  0.00089 -9.51845e-05 | 20  0.00101 -3.39841e-05 | 21  0.00171  6.61746e-05
 22  0.00137  5.97378e-05 | 23  0.00153 -3.82492e-05 | 24  0.00180  7.41504e-05
 25 -0.00057  1.59545e-04 | 26 -0.00251 -1.17634e-04 | 27  0.00058 -8.49961e-05
 28  0.00196 -1.37643e-04 | 29 -0.00316 -9.24677e-05 | 30 -0.00654 -2.37835e-07
 31 -0.00126  3.89479e-05 | 32 -0.00017 -5.28068e-05 | 33 -0.00047 -1.19388e-04
 34 -0.00041 -3.12171e-05 | 35 -0.00086 -8.13998e-05 | 36 -0.00260  2.17173e-04
 37 -0.00179 -7.19515e-05 | 38  0.00284  5.96837e-05 | 39  0.01738 -1.24122e-04
 40 -0.00983 -1.49450e-04 | 41  0.00212 -6.50261e-05 | 42  0.01090  2.29455e-05
 43  0.00256  1.29659e-04 | 44 -0.01113  2.10569e-05 | 45 -0.01232 -1.67083e-04
 46  0.00279 -9.74971e-05 | 47 -0.00728  1.05284e-05 | 48 -0.00788  7.59976e-05
 49 -0.00158 -8.27890e-05 | 50 -0.00878  1.26654e-04 | 51 -0.00882  7.37205e-05
 52 -0.00572  5.23762e-05 | 53 -0.00409  6.77592e-05 | 54 -0.00685  6.09536e-05
 55  0.01117  3.16859e-05 | 56 -0.00180  2.00130e-04 | 57  0.00260 -8.06382e-05
 58  0.00146 -9.20364e-05 | 59  0.02146 -3.34646e-05 | 60 -0.01314 -9.95171e-05
 61  0.01061 -4.76915e-05 | 62 -0.00567 -1.33521e-04 | 63 -0.00493  5.67052e-05
 64  0.00346 -7.72813e-05 | 65  0.00976  5.14012e-05 | 66 -0.00150  5.64402e-05
 67 -0.00380 -1.16065e-04 | 68  0.01054  2.06071e-04 | 69  0.03411 -6.55102e-05
 70  0.01083 -4.01598e-05 | 71  0.01175 -2.41934e-05 | 72 -0.01562  8.25066e-06
 73 -0.00422 -3.68533e-05 | 74  0.04210 -2.98377e-05 | 75  0.06567  4.29463e-05
 76  0.01155 -6.28773e-05 | 77 -0.00793  8.80107e-05 | 78 -0.01321 -1.62632e-04
 79 -0.01166  1.65232e-04 | 80 -0.01265 -1.14959e-04 | 81 -0.01195 -2.87083e-04
 82  0.03015  1.24049e-04 | 83 -0.04193  7.60495e-05 | 84  0.04413  1.79578e-04
 85  0.00949  1.85366e-05 | 86 -0.02218  3.00656e-04 | 87  0.03539  1.05227e-04
 88  0.01100 -4.64013e-05 | 89 -0.01468 -7.16475e-04 | 90 -0.00755 -1.09784e-04
 91 -0.01903 -9.07250e-05 | 92 -0.01262  2.70072e-04 | 93 -0.01769  2.72600e-06
 94  0.06549  1.89155e-04 | 95  0.01696  8.09300e-05 | 96 -0.02029  2.61363e-04
 97 -0.04098  1.10853e-04 | 98  0.00993 -6.03192e-05 | 99 -0.02121  8.54015e-05
100 -0.00961  4.04928e-04 |101 -0.04004 -1.82040e-04 |102  0.00012 -3.95846e-04
103 -0.04559  6.81778e-05 |104  0.00319  2.54363e-05 |105 -0.00033 -2.48192e-06
106  0.00001  3.98596e-06 |107  0.00237 -8.34679e-04 |108 -0.02684  9.11037e-06
109 -0.41072  6.69142e-06 |110 -0.21679  5.04815e-05 |111 -0.21613 -4.16382e-05
Function minimizer not making progress ... is minimum attained?
Minimprove criterion = 0.0000e+00

 - final statistics:
111 variables; iteration 95; function evaluation 168
Function value 5.5981e+02; maximum gradient component mag -8.3468e-04
Exit code = 1;  converg criter 1.0000e-04
Var    Value     Gradient |Var    Value     Gradient |Var    Value     Gradient
  1 -0.42375  9.54455e-05 |  2 -0.42115 -1.51143e-04 |  3 -0.41061  5.02611e-05
  4 -0.42001  5.31997e-05 |  5 -0.46912 -4.73705e-06 |  6  0.61899  3.29731e-04
  7  0.00049 -7.97579e-05 |  8  0.00011 -7.23768e-05 |  9  0.00013 -8.65871e-05
 10  0.00016 -1.02065e-04 | 11  0.00019 -1.17667e-04 | 12  0.00025 -5.27093e-05
 13  0.00099 -4.19593e-05 | 14  0.00036 -2.29424e-05 | 15  0.00042  2.93430e-06
 16  0.00051  2.20613e-05 | 17  0.00079  1.11750e-05 | 18  0.00094 -4.33089e-05
 19  0.00089 -9.51845e-05 | 20  0.00101 -3.39841e-05 | 21  0.00171  6.61746e-05
 22  0.00137  5.97378e-05 | 23  0.00153 -3.82492e-05 | 24  0.00180  7.41504e-05
 25 -0.00057  1.59545e-04 | 26 -0.00251 -1.17634e-04 | 27  0.00058 -8.49961e-05
 28  0.00196 -1.37643e-04 | 29 -0.00316 -9.24677e-05 | 30 -0.00654 -2.37835e-07
 31 -0.00126  3.89479e-05 | 32 -0.00017 -5.28068e-05 | 33 -0.00047 -1.19388e-04
 34 -0.00041 -3.12171e-05 | 35 -0.00086 -8.13998e-05 | 36 -0.00260  2.17173e-04
 37 -0.00179 -7.19515e-05 | 38  0.00284  5.96837e-05 | 39  0.01738 -1.24122e-04
 40 -0.00983 -1.49450e-04 | 41  0.00212 -6.50261e-05 | 42  0.01090  2.29455e-05
 43  0.00256  1.29659e-04 | 44 -0.01113  2.10569e-05 | 45 -0.01232 -1.67083e-04
 46  0.00279 -9.74971e-05 | 47 -0.00728  1.05284e-05 | 48 -0.00788  7.59976e-05
 49 -0.00158 -8.27890e-05 | 50 -0.00878  1.26654e-04 | 51 -0.00882  7.37205e-05
 52 -0.00572  5.23762e-05 | 53 -0.00409  6.77592e-05 | 54 -0.00685  6.09536e-05
 55  0.01117  3.16859e-05 | 56 -0.00180  2.00130e-04 | 57  0.00260 -8.06382e-05
 58  0.00146 -9.20364e-05 | 59  0.02146 -3.34646e-05 | 60 -0.01314 -9.95171e-05
 61  0.01061 -4.76915e-05 | 62 -0.00567 -1.33521e-04 | 63 -0.00493  5.67052e-05
 64  0.00346 -7.72813e-05 | 65  0.00976  5.14012e-05 | 66 -0.00150  5.64402e-05
 67 -0.00380 -1.16065e-04 | 68  0.01054  2.06071e-04 | 69  0.03411 -6.55102e-05
 70  0.01083 -4.01598e-05 | 71  0.01175 -2.41934e-05 | 72 -0.01562  8.25066e-06
 73 -0.00422 -3.68533e-05 | 74  0.04210 -2.98377e-05 | 75  0.06567  4.29463e-05
 76  0.01155 -6.28773e-05 | 77 -0.00793  8.80107e-05 | 78 -0.01321 -1.62632e-04
 79 -0.01166  1.65232e-04 | 80 -0.01265 -1.14959e-04 | 81 -0.01195 -2.87083e-04
 82  0.03015  1.24049e-04 | 83 -0.04193  7.60495e-05 | 84  0.04413  1.79578e-04
 85  0.00949  1.85366e-05 | 86 -0.02218  3.00656e-04 | 87  0.03539  1.05227e-04
 88  0.01100 -4.64013e-05 | 89 -0.01468 -7.16475e-04 | 90 -0.00755 -1.09784e-04
 91 -0.01903 -9.07250e-05 | 92 -0.01262  2.70072e-04 | 93 -0.01769  2.72600e-06
 94  0.06549  1.89155e-04 | 95  0.01696  8.09300e-05 | 96 -0.02029  2.61363e-04
 97 -0.04098  1.10853e-04 | 98  0.00993 -6.03192e-05 | 99 -0.02121  8.54015e-05
100 -0.00961  4.04928e-04 |101 -0.04004 -1.82040e-04 |102  0.00012 -3.95846e-04
103 -0.04559  6.81778e-05 |104  0.00319  2.54363e-05 |105 -0.00033 -2.48192e-06
106  0.00001  3.98596e-06 |107  0.00237 -8.34679e-04 |108 -0.02684  9.11037e-06
109 -0.41072  6.69142e-06 |110 -0.21679  5.04815e-05 |111 -0.21613 -4.16382e-05

Initial statistics: 112 variables; iteration 0; function evaluation 0; phase 6
Function value 5.5980923e+02; maximum gradient component mag -8.3468e-04
Var    Value     Gradient |Var    Value     Gradient |Var    Value     Gradient
  1 -0.42375  9.54455e-05 |  2 -0.42115 -1.51143e-04 |  3 -0.41061  5.02613e-05
  4 -0.42001  5.31997e-05 |  5 -0.46912 -4.73704e-06 |  6  0.61899  3.29731e-04
  7  0.00049 -7.97579e-05 |  8  0.00011 -7.23768e-05 |  9  0.00013 -8.65871e-05
 10  0.00016 -1.02065e-04 | 11  0.00019 -1.17667e-04 | 12  0.00025 -4.90976e-05
 13  0.00099 -3.83476e-05 | 14  0.00036 -1.93307e-05 | 15  0.00042  6.54598e-06
 16  0.00051  2.56730e-05 | 17  0.00079  1.47867e-05 | 18  0.00094 -3.96972e-05
 19  0.00089 -9.15728e-05 | 20  0.00101 -3.03724e-05 | 21  0.00171  6.97863e-05
 22  0.00137  6.33495e-05 | 23  0.00153 -3.46375e-05 | 24  0.00180  7.77621e-05
 25 -0.00057  1.63157e-04 | 26 -0.00251 -1.14022e-04 | 27  0.00058 -8.13844e-05
 28  0.00196 -1.34032e-04 | 29 -0.00316 -8.88560e-05 | 30 -0.00654  3.37365e-06
 31 -0.00126  4.25596e-05 | 32 -0.00017 -4.91951e-05 | 33 -0.00047 -1.15776e-04
 34 -0.00041 -2.76055e-05 | 35 -0.00086 -7.77881e-05 | 36 -0.00260  2.20784e-04
 37 -0.00179 -6.83398e-05 | 38  0.00284  6.32953e-05 | 39  0.01738 -1.20511e-04
 40 -0.00983 -1.45839e-04 | 41  0.00212 -6.14145e-05 | 42  0.01090  2.65566e-05
 43  0.00256  1.33271e-04 | 44 -0.01113  2.46680e-05 | 45 -0.01232 -1.63472e-04
 46  0.00279 -9.38855e-05 | 47 -0.00728  1.41399e-05 | 48 -0.00788  7.96090e-05
 49 -0.00158 -7.91773e-05 | 50 -0.00878  1.30265e-04 | 51 -0.00882  7.73319e-05
 52 -0.00572  5.59877e-05 | 53 -0.00409  7.13708e-05 | 54 -0.00685  6.45651e-05
 55  0.01117  3.52970e-05 | 56 -0.00180  2.03742e-04 | 57  0.00260 -7.70265e-05
 58  0.00146 -8.84247e-05 | 59  0.02146 -2.98550e-05 | 60 -0.01314 -9.59062e-05
 61  0.01061 -4.40803e-05 | 62 -0.00567 -1.29909e-04 | 63 -0.00493  6.03168e-05
 64  0.00346 -7.36697e-05 | 65  0.00976  5.50124e-05 | 66 -0.00150  6.00519e-05
 67 -0.00380 -1.12453e-04 | 68  0.01054  2.09682e-04 | 69  0.03411 -6.19037e-05
 70  0.01083 -3.65486e-05 | 71  0.01175 -2.05823e-05 | 72 -0.01562  1.18613e-05
 73 -0.00422 -3.32417e-05 | 74  0.04210 -2.62338e-05 | 75  0.06567  4.65388e-05
 76  0.01155 -5.92662e-05 | 77 -0.00793  9.16221e-05 | 78 -0.01321 -1.59021e-04
 79 -0.01166  1.68843e-04 | 80 -0.01265 -1.11348e-04 | 81 -0.01195 -2.83472e-04
 82  0.03015  1.27657e-04 | 83 -0.04193  7.96533e-05 | 84  0.04413  1.83181e-04
 85  0.00949  2.21479e-05 | 86 -0.02218  3.04265e-04 | 87  0.03539  1.08833e-04
 88  0.01100 -4.27902e-05 | 89 -0.01468 -7.12864e-04 | 90 -0.00755 -1.06173e-04
 91 -0.01903 -8.71149e-05 | 92 -0.01262  2.73683e-04 | 93 -0.01769  6.33629e-06
 94  0.06549  1.92748e-04 | 95  0.01696  8.45403e-05 | 96 -0.02029  2.64973e-04
 97 -0.04098  1.14457e-04 | 98  0.00993 -5.67080e-05 | 99 -0.02121  8.90112e-05
100 -0.00961  4.08539e-04 |101 -0.04004 -1.78435e-04 |102  0.00012 -3.92234e-04
103 -0.04559  7.17802e-05 |104  0.00319  2.90479e-05 |105 -0.00033  1.12976e-06
106  0.00001  7.59763e-06 |107  0.00000  0.00000e+00 |108  0.00237 -8.34679e-04
109 -0.02684  9.11039e-06 |110 -0.41072  6.69139e-06 |111 -0.21679  5.04815e-05
112 -0.21613 -4.16382e-05 |
  ic > imax  in fminim is answer attained ?
Var    Value     Gradient |Var    Value     Gradient |Var    Value     Gradient
  1 -0.42375  2.64213e-04 |  2 -0.42115  1.42396e-03 |  3 -0.41061  6.89375e-04
  4 -0.42001  4.62319e-05 |  5 -0.46912  9.10358e-06 |  6  0.61899  2.18916e-03
  7  0.00049 -2.57634e-05 |  8  0.00011 -2.25458e-05 |  9  0.00013 -2.69845e-05
 10  0.00016 -3.18290e-05 | 11  0.00019 -3.67298e-05 | 12  0.00025 -7.18196e-05
 13  0.00099 -6.86178e-05 | 14  0.00036 -6.28633e-05 | 15  0.00042 -5.50079e-05
 16  0.00051 -4.92555e-05 | 17  0.00079 -5.28329e-05 | 18  0.00094 -6.99961e-05
 19  0.00089 -8.64450e-05 | 20  0.00101 -6.77811e-05 | 21  0.00171 -3.69608e-05
 22  0.00137 -3.93962e-05 | 23  0.00153 -7.05635e-05 | 24  0.00180 -3.58261e-05
 25 -0.00057 -1.01483e-05 | 26 -0.00250 -9.42400e-05 | 27  0.00058 -8.46430e-05
 28  0.00196 -1.00300e-04 | 29 -0.00316 -8.58974e-05 | 30 -0.00654 -6.03348e-05
 31 -0.00126 -4.87862e-05 | 32 -0.00017 -7.66863e-05 | 33 -0.00047 -9.69208e-05
 34 -0.00041 -7.02771e-05 | 35 -0.00086 -8.58367e-05 | 36 -0.00260  3.08235e-06
 37 -0.00179 -8.37227e-05 | 38  0.00284 -4.47173e-05 | 39  0.01738 -1.00639e-04
 40 -0.00983 -1.04596e-04 | 41  0.00212 -8.53593e-05 | 42  0.01090 -5.80699e-05
 43  0.00256 -2.60318e-05 | 44 -0.01113 -5.72882e-05 | 45 -0.01232 -1.07391e-04
 46  0.00279 -9.35599e-05 | 47 -0.00728 -6.20889e-05 | 48 -0.00788 -4.42653e-05
 49 -0.00158 -8.97067e-05 | 50 -0.00878 -3.30740e-05 | 51 -0.00882 -4.72574e-05
 52 -0.00572 -5.35834e-05 | 53 -0.00409 -5.05320e-05 | 54 -0.00685 -5.23942e-05
 55  0.01117 -6.57355e-05 | 56 -0.00180 -1.76603e-05 | 57  0.00260 -9.89382e-05
 58  0.00146 -9.95777e-05 | 59  0.02146 -9.13708e-05 | 60 -0.01314 -9.79214e-05
 61  0.01061 -9.46863e-05 | 62 -0.00567 -1.13232e-04 | 63 -0.00493 -6.05848e-05
 64  0.00346 -9.99009e-05 | 65  0.00976 -6.86625e-05 | 66 -0.00150 -6.57948e-05
 67 -0.00380 -1.13253e-04 | 68  0.01054 -2.95276e-05 | 69  0.03411 -1.18265e-04
 70  0.01083 -1.03417e-04 | 71  0.01175 -9.73520e-05 | 72 -0.01562 -7.01816e-05
 73 -0.00422 -9.35334e-05 | 74  0.04210 -1.44152e-04 | 75  0.06567 -1.37500e-04
 76  0.01155 -1.27629e-04 | 77 -0.00793  5.83112e-05 | 78 -0.01321 -1.16669e-04
 79 -0.01166  1.24877e-04 | 80 -0.01265 -2.24064e-05 | 81 -0.01195  3.59786e-05
 82  0.03015  3.23320e-04 | 83 -0.04193  1.30949e-04 | 84  0.04413  4.82064e-04
 85  0.00949  2.89021e-04 | 86 -0.02218  3.53108e-04 | 87  0.03539  5.01031e-04
 88  0.01100  3.32840e-04 | 89 -0.01468 -5.51211e-05 | 90 -0.00755  2.18059e-04
 91 -0.01903  9.51756e-05 | 92 -0.01262  3.18579e-04 | 93 -0.01769  1.53188e-04
 94  0.06549  1.29245e-03 | 95  0.01696  3.20946e-04 | 96 -0.02029  2.52966e-04
 97 -0.04098  9.05997e-05 | 98  0.00993  7.35667e-05 | 99 -0.02121 -3.95392e-06
100 -0.00961  1.61995e-04 |101 -0.04004 -1.55763e-04 |102  0.00012 -3.04119e-04
103 -0.04559 -1.36613e-05 |104  0.00319 -5.44656e-05 |105 -0.00033 -5.61309e-05
106  0.00001 -5.38251e-05 |107  0.00000  0.00000e+00 |108  0.00237  2.08592e-03
109 -0.02684  1.99490e-04 |110 -0.41072 -3.44936e-04 |111 -0.21678 -1.97803e-05
112 -0.21613  6.05084e-05 |
Function minimizer not making progress ... is minimum attained?
Minimprove criterion = 0.0000e+00

 - final statistics:
112 variables; iteration 12; function evaluation 48
Function value 5.5981e+02; maximum gradient component mag 2.1892e-03
Exit code = 1;  converg criter 1.0000e-04
Var    Value     Gradient |Var    Value     Gradient |Var    Value     Gradient
  1 -0.42375  2.64213e-04 |  2 -0.42115  1.42396e-03 |  3 -0.41061  6.89375e-04
  4 -0.42001  4.62319e-05 |  5 -0.46912  9.10358e-06 |  6  0.61899  2.18916e-03
  7  0.00049 -2.57634e-05 |  8  0.00011 -2.25458e-05 |  9  0.00013 -2.69845e-05
 10  0.00016 -3.18290e-05 | 11  0.00019 -3.67298e-05 | 12  0.00025 -7.18196e-05
 13  0.00099 -6.86178e-05 | 14  0.00036 -6.28633e-05 | 15  0.00042 -5.50079e-05
 16  0.00051 -4.92555e-05 | 17  0.00079 -5.28329e-05 | 18  0.00094 -6.99961e-05
 19  0.00089 -8.64450e-05 | 20  0.00101 -6.77811e-05 | 21  0.00171 -3.69608e-05
 22  0.00137 -3.93962e-05 | 23  0.00153 -7.05635e-05 | 24  0.00180 -3.58261e-05
 25 -0.00057 -1.01483e-05 | 26 -0.00250 -9.42400e-05 | 27  0.00058 -8.46430e-05
 28  0.00196 -1.00300e-04 | 29 -0.00316 -8.58974e-05 | 30 -0.00654 -6.03348e-05
 31 -0.00126 -4.87862e-05 | 32 -0.00017 -7.66863e-05 | 33 -0.00047 -9.69208e-05
 34 -0.00041 -7.02771e-05 | 35 -0.00086 -8.58367e-05 | 36 -0.00260  3.08235e-06
 37 -0.00179 -8.37227e-05 | 38  0.00284 -4.47173e-05 | 39  0.01738 -1.00639e-04
 40 -0.00983 -1.04596e-04 | 41  0.00212 -8.53593e-05 | 42  0.01090 -5.80699e-05
 43  0.00256 -2.60318e-05 | 44 -0.01113 -5.72882e-05 | 45 -0.01232 -1.07391e-04
 46  0.00279 -9.35599e-05 | 47 -0.00728 -6.20889e-05 | 48 -0.00788 -4.42653e-05
 49 -0.00158 -8.97067e-05 | 50 -0.00878 -3.30740e-05 | 51 -0.00882 -4.72574e-05
 52 -0.00572 -5.35834e-05 | 53 -0.00409 -5.05320e-05 | 54 -0.00685 -5.23942e-05
 55  0.01117 -6.57355e-05 | 56 -0.00180 -1.76603e-05 | 57  0.00260 -9.89382e-05
 58  0.00146 -9.95777e-05 | 59  0.02146 -9.13708e-05 | 60 -0.01314 -9.79214e-05
 61  0.01061 -9.46863e-05 | 62 -0.00567 -1.13232e-04 | 63 -0.00493 -6.05848e-05
 64  0.00346 -9.99009e-05 | 65  0.00976 -6.86625e-05 | 66 -0.00150 -6.57948e-05
 67 -0.00380 -1.13253e-04 | 68  0.01054 -2.95276e-05 | 69  0.03411 -1.18265e-04
 70  0.01083 -1.03417e-04 | 71  0.01175 -9.73520e-05 | 72 -0.01562 -7.01816e-05
 73 -0.00422 -9.35334e-05 | 74  0.04210 -1.44152e-04 | 75  0.06567 -1.37500e-04
 76  0.01155 -1.27629e-04 | 77 -0.00793  5.83112e-05 | 78 -0.01321 -1.16669e-04
 79 -0.01166  1.24877e-04 | 80 -0.01265 -2.24064e-05 | 81 -0.01195  3.59786e-05
 82  0.03015  3.23320e-04 | 83 -0.04193  1.30949e-04 | 84  0.04413  4.82064e-04
 85  0.00949  2.89021e-04 | 86 -0.02218  3.53108e-04 | 87  0.03539  5.01031e-04
 88  0.01100  3.32840e-04 | 89 -0.01468 -5.51211e-05 | 90 -0.00755  2.18059e-04
 91 -0.01903  9.51756e-05 | 92 -0.01262  3.18579e-04 | 93 -0.01769  1.53188e-04
 94  0.06549  1.29245e-03 | 95  0.01696  3.20946e-04 | 96 -0.02029  2.52966e-04
 97 -0.04098  9.05997e-05 | 98  0.00993  7.35667e-05 | 99 -0.02121 -3.95392e-06
100 -0.00961  1.61995e-04 |101 -0.04004 -1.55763e-04 |102  0.00012 -3.04119e-04
103 -0.04559 -1.36613e-05 |104  0.00319 -5.44656e-05 |105 -0.00033 -5.61309e-05
106  0.00001 -5.38251e-05 |107  0.00000  0.00000e+00 |108  0.00237  2.08592e-03
109 -0.02684  1.99490e-04 |110 -0.41072 -3.44936e-04 |111 -0.21678 -1.97803e-05
112 -0.21613  6.05084e-05 |
size of file gradfil1.tmp = 0
size of file gradfil2.tmp = 0
size of file varssave.tmp = 0
size of file cmpdiff.tmp = 0
