
Initial statistics: 1 variables; iteration 0; function evaluation 0; phase 1
Function value nan; maximum gradient component mag 1.8768e+06
Var    Value     Gradient |Var    Value     Gradient |Var    Value     Gradient
  1  0.33333  1.87680e+06 |
  ic > imax  in fminim is answer attained ?
Var    Value     Gradient |Var    Value     Gradient |Var    Value     Gradient
  1  0.33333  1.87680e+06 |
Function minimizer not making progress ... is minimum attained?
Minimprove criterion = 0.0000e+00

 - final statistics:
1 variables; iteration 1; function evaluation 30
Function value nan; maximum gradient component mag 1.8768e+06
Exit code = 1;  converg criter 1.0000e+01
Var    Value     Gradient |Var    Value     Gradient |Var    Value     Gradient
  1  0.33333  1.87680e+06 |

Initial statistics: 89 variables; iteration 0; function evaluation 0; phase 2
Function value nan; maximum gradient component mag 1.8728e+06
Var    Value     Gradient |Var    Value     Gradient |Var    Value     Gradient
  1  0.33333  1.87282e+06 |  2  0.00000  3.17296e+03 |  3  0.00000  4.14709e+03
  4  0.00000 -2.80423e+03 |  5  0.00000 -1.90872e+03 |  6  0.00000 -1.11209e+03
  7  0.00000 -4.97313e+02 |  8  0.00000 -6.54438e+00 |  9  0.00000  1.63586e+02
 10  0.00000 -2.37643e+02 | 11  0.00000  1.46146e+03 | 12  0.00000  1.99982e+03
 13  0.00000  2.03242e+03 | 14  0.00000  2.13530e+03 | 15  0.00000  2.21955e+03
 16  0.00000  2.28839e+03 | 17  0.00000  2.34451e+03 | 18  0.00000  2.39022e+03
 19  0.00000  2.42732e+03 | 20  0.00000  2.45750e+03 | 21  0.00000  2.48197e+03
 22  0.00000  2.50177e+03 | 23  0.00000  2.51778e+03 | 24  0.00000  2.53071e+03
 25  0.00000  2.54114e+03 | 26  0.00000  2.54954e+03 | 27  0.00000  2.55631e+03
 28  0.00000  2.56176e+03 | 29  0.00000  2.56614e+03 | 30  0.00000  2.56965e+03
 31  0.00000  2.57247e+03 | 32  0.00000  2.57472e+03 | 33  0.00000  2.57651e+03
 34  0.00000  2.57793e+03 | 35  0.00000  2.57904e+03 | 36  0.00000  2.57990e+03
 37  0.00000  2.58054e+03 | 38  0.00000  2.58100e+03 | 39  0.00000  2.58131e+03
 40  0.00000  2.58146e+03 | 41  0.00000  2.58148e+03 | 42  0.00000  2.58135e+03
 43  0.00000  2.58109e+03 | 44  0.00000  2.58067e+03 | 45  0.00000  2.58007e+03
 46  0.00000  2.57926e+03 | 47  0.00000  2.57821e+03 | 48  0.00000  2.57687e+03
 49  0.00000  2.57517e+03 | 50  0.00000  2.57303e+03 | 51  0.00000  2.57034e+03
 52  0.00000  2.56699e+03 | 53  0.00000  2.56280e+03 | 54  0.00000  2.55758e+03
 55  0.00000  2.55108e+03 | 56  0.00000  2.54299e+03 | 57  0.00000  2.53292e+03
 58  0.00000  2.52039e+03 | 59  0.00000  2.50480e+03 | 60  0.00000  2.48540e+03
 61  0.00000  2.46126e+03 | 62  0.00000  2.43123e+03 | 63  0.00000  2.39388e+03
 64  0.00000  2.34741e+03 | 65  0.00000  2.28961e+03 | 66  0.00000  2.21769e+03
 67  0.00000  2.12824e+03 | 68  0.00000  2.01695e+03 | 69  0.00000  1.87846e+03
 70  0.00000  1.70599e+03 | 71  0.00000  1.49087e+03 | 72  0.00000  1.22168e+03
 73  0.00000  8.86506e+02 | 74  0.00000  5.22837e+02 | 75  0.00000  3.58210e+01
 76  0.00000 -6.07301e+02 | 77  0.00000 -1.45075e+03 | 78  0.00000 -2.55598e+03
 79  0.00000 -4.01191e+03 | 80  0.00000 -5.96224e+03 | 81  0.00000 -8.65647e+03
 82  0.00000 -1.21919e+04 | 83  0.00000 -1.24737e+04 | 84  0.00000 -1.27894e+04
 85  0.00000 -3.07650e+04 | 86  0.00000 -2.85543e+04 | 87  0.00000 -3.10271e+04
 88 -0.56476 -2.19651e+05 | 89 -0.99555 -1.27979e+03 |
  ic > imax  in fminim is answer attained ?
Var    Value     Gradient |Var    Value     Gradient |Var    Value     Gradient
  1 -0.83591 -2.10905e+06 |  2 -0.00198 -1.18349e+05 |  3 -0.00259 -1.73463e+05
  4  0.00175 -1.51684e+05 |  5  0.00119 -2.01244e+05 |  6  0.00069 -2.45867e+05
  7  0.00031 -2.81305e+05 |  8  0.00000 -3.08615e+05 |  9 -0.00010 -3.29715e+05
 10  0.00015 -3.46570e+05 | 11 -0.00091 -3.42721e+05 | 12 -0.00125 -3.34967e+05
 13 -0.00127 -3.20811e+05 | 14 -0.00133 -2.94010e+05 | 15 -0.00139 -2.49799e+05
 16 -0.00143 -1.99226e+05 | 17 -0.00146 -1.60137e+05 | 18 -0.00149 -2.18794e+05
 19 -0.00152  1.33558e+05 | 20 -0.00153  8.19711e+04 | 21 -0.00155  1.40302e+05
 22 -0.00156  9.00605e+04 | 23 -0.00157  5.83430e+04 | 24 -0.00158  6.11982e+04
 25 -0.00159  4.19195e+04 | 26 -0.00159  3.83636e+04 | 27 -0.00160  3.81797e+04
 28 -0.00160  3.56983e+04 | 29 -0.00160  3.62444e+04 | 30 -0.00160  3.66769e+04
 31 -0.00161  3.68893e+04 | 32 -0.00161  3.74542e+04 | 33 -0.00161  3.78425e+04
 34 -0.00161  3.81621e+04 | 35 -0.00161  3.84552e+04 | 36 -0.00161  3.86681e+04
 37 -0.00161  3.88370e+04 | 38 -0.00161  3.89692e+04 | 39 -0.00161  3.90674e+04
 40 -0.00161  3.91425e+04 | 41 -0.00161  3.91990e+04 | 42 -0.00161  3.92410e+04
 43 -0.00161  3.92724e+04 | 44 -0.00161  3.92956e+04 | 45 -0.00161  3.93127e+04
 46 -0.00161  3.93251e+04 | 47 -0.00161  3.93340e+04 | 48 -0.00161  3.93401e+04
 49 -0.00161  3.93442e+04 | 50 -0.00161  3.93468e+04 | 51 -0.00160  3.93481e+04
 52 -0.00160  3.93485e+04 | 53 -0.00160  3.93483e+04 | 54 -0.00160  3.93476e+04
 55 -0.00159  3.93470e+04 | 56 -0.00159  3.93466e+04 | 57 -0.00158  3.93471e+04
 58 -0.00157  3.93492e+04 | 59 -0.00156  3.93539e+04 | 60 -0.00155  3.93628e+04
 61 -0.00154  3.93780e+04 | 62 -0.00152  3.94024e+04 | 63 -0.00149  3.94404e+04
 64 -0.00147  3.94978e+04 | 65 -0.00143  3.95828e+04 | 66 -0.00138  3.97072e+04
 67 -0.00133  3.98859e+04 | 68 -0.00126  4.01414e+04 | 69 -0.00117  4.05055e+04
 70 -0.00107  4.10110e+04 | 71 -0.00093  4.17256e+04 | 72 -0.00076  4.27257e+04
 73 -0.00055  4.40619e+04 | 74 -0.00033  4.59961e+04 | 75 -0.00002  4.86176e+04
 76  0.00038  5.21095e+04 | 77  0.00091  5.69060e+04 | 78  0.00160  6.36001e+04
 79  0.00250  7.18803e+04 | 80  0.00372  8.39714e+04 | 81  0.00540  1.00442e+05
 82  0.00761  1.17136e+05 | 83  0.00779  1.49536e+05 | 84  0.00798  1.84806e+05
 85  0.01921  2.14322e+05 | 86  0.01783  2.94868e+05 | 87  0.01937  3.03117e+05
 88 -0.42763 -1.16075e+07 | 89 -0.99475 -1.95617e+03 |
Function minimizer not making progress ... is minimum attained?
Minimprove criterion = 0.0000e+00

 - final statistics:
89 variables; iteration 2; function evaluation 39
Function value nan; maximum gradient component mag -1.1607e+07
Exit code = 1;  converg criter 1.0000e+01
Var    Value     Gradient |Var    Value     Gradient |Var    Value     Gradient
  1 -0.83591 -2.10905e+06 |  2 -0.00198 -1.18349e+05 |  3 -0.00259 -1.73463e+05
  4  0.00175 -1.51684e+05 |  5  0.00119 -2.01244e+05 |  6  0.00069 -2.45867e+05
  7  0.00031 -2.81305e+05 |  8  0.00000 -3.08615e+05 |  9 -0.00010 -3.29715e+05
 10  0.00015 -3.46570e+05 | 11 -0.00091 -3.42721e+05 | 12 -0.00125 -3.34967e+05
 13 -0.00127 -3.20811e+05 | 14 -0.00133 -2.94010e+05 | 15 -0.00139 -2.49799e+05
 16 -0.00143 -1.99226e+05 | 17 -0.00146 -1.60137e+05 | 18 -0.00149 -2.18794e+05
 19 -0.00152  1.33558e+05 | 20 -0.00153  8.19711e+04 | 21 -0.00155  1.40302e+05
 22 -0.00156  9.00605e+04 | 23 -0.00157  5.83430e+04 | 24 -0.00158  6.11982e+04
 25 -0.00159  4.19195e+04 | 26 -0.00159  3.83636e+04 | 27 -0.00160  3.81797e+04
 28 -0.00160  3.56983e+04 | 29 -0.00160  3.62444e+04 | 30 -0.00160  3.66769e+04
 31 -0.00161  3.68893e+04 | 32 -0.00161  3.74542e+04 | 33 -0.00161  3.78425e+04
 34 -0.00161  3.81621e+04 | 35 -0.00161  3.84552e+04 | 36 -0.00161  3.86681e+04
 37 -0.00161  3.88370e+04 | 38 -0.00161  3.89692e+04 | 39 -0.00161  3.90674e+04
 40 -0.00161  3.91425e+04 | 41 -0.00161  3.91990e+04 | 42 -0.00161  3.92410e+04
 43 -0.00161  3.92724e+04 | 44 -0.00161  3.92956e+04 | 45 -0.00161  3.93127e+04
 46 -0.00161  3.93251e+04 | 47 -0.00161  3.93340e+04 | 48 -0.00161  3.93401e+04
 49 -0.00161  3.93442e+04 | 50 -0.00161  3.93468e+04 | 51 -0.00160  3.93481e+04
 52 -0.00160  3.93485e+04 | 53 -0.00160  3.93483e+04 | 54 -0.00160  3.93476e+04
 55 -0.00159  3.93470e+04 | 56 -0.00159  3.93466e+04 | 57 -0.00158  3.93471e+04
 58 -0.00157  3.93492e+04 | 59 -0.00156  3.93539e+04 | 60 -0.00155  3.93628e+04
 61 -0.00154  3.93780e+04 | 62 -0.00152  3.94024e+04 | 63 -0.00149  3.94404e+04
 64 -0.00147  3.94978e+04 | 65 -0.00143  3.95828e+04 | 66 -0.00138  3.97072e+04
 67 -0.00133  3.98859e+04 | 68 -0.00126  4.01414e+04 | 69 -0.00117  4.05055e+04
 70 -0.00107  4.10110e+04 | 71 -0.00093  4.17256e+04 | 72 -0.00076  4.27257e+04
 73 -0.00055  4.40619e+04 | 74 -0.00033  4.59961e+04 | 75 -0.00002  4.86176e+04
 76  0.00038  5.21095e+04 | 77  0.00091  5.69060e+04 | 78  0.00160  6.36001e+04
 79  0.00250  7.18803e+04 | 80  0.00372  8.39714e+04 | 81  0.00540  1.00442e+05
 82  0.00761  1.17136e+05 | 83  0.00779  1.49536e+05 | 84  0.00798  1.84806e+05
 85  0.01921  2.14322e+05 | 86  0.01783  2.94868e+05 | 87  0.01937  3.03117e+05
 88 -0.42763 -1.16075e+07 | 89 -0.99475 -1.95617e+03 |

Initial statistics: 91 variables; iteration 0; function evaluation 0; phase 3
Function value nan; maximum gradient component mag -1.1607e+07
Var    Value     Gradient |Var    Value     Gradient |Var    Value     Gradient
  1 -0.83591 -2.10905e+06 |  2 -0.00198 -1.18349e+05 |  3 -0.00259 -1.73463e+05
  4  0.00175 -1.51684e+05 |  5  0.00119 -2.01244e+05 |  6  0.00069 -2.45867e+05
  7  0.00031 -2.81305e+05 |  8  0.00000 -3.08615e+05 |  9 -0.00010 -3.29715e+05
 10  0.00015 -3.46570e+05 | 11 -0.00091 -3.42721e+05 | 12 -0.00125 -3.34967e+05
 13 -0.00127 -3.20811e+05 | 14 -0.00133 -2.94010e+05 | 15 -0.00139 -2.49799e+05
 16 -0.00143 -1.99226e+05 | 17 -0.00146 -1.60137e+05 | 18 -0.00149 -2.18794e+05
 19 -0.00152  1.33558e+05 | 20 -0.00153  8.19712e+04 | 21 -0.00155  1.40302e+05
 22 -0.00156  9.00605e+04 | 23 -0.00157  5.83430e+04 | 24 -0.00158  6.11982e+04
 25 -0.00159  4.19195e+04 | 26 -0.00159  3.83636e+04 | 27 -0.00160  3.81798e+04
 28 -0.00160  3.56983e+04 | 29 -0.00160  3.62444e+04 | 30 -0.00160  3.66769e+04
 31 -0.00161  3.68893e+04 | 32 -0.00161  3.74542e+04 | 33 -0.00161  3.78425e+04
 34 -0.00161  3.81621e+04 | 35 -0.00161  3.84552e+04 | 36 -0.00161  3.86681e+04
 37 -0.00161  3.88370e+04 | 38 -0.00161  3.89692e+04 | 39 -0.00161  3.90674e+04
 40 -0.00161  3.91425e+04 | 41 -0.00161  3.91990e+04 | 42 -0.00161  3.92410e+04
 43 -0.00161  3.92724e+04 | 44 -0.00161  3.92956e+04 | 45 -0.00161  3.93127e+04
 46 -0.00161  3.93251e+04 | 47 -0.00161  3.93340e+04 | 48 -0.00161  3.93401e+04
 49 -0.00161  3.93443e+04 | 50 -0.00161  3.93468e+04 | 51 -0.00160  3.93481e+04
 52 -0.00160  3.93485e+04 | 53 -0.00160  3.93483e+04 | 54 -0.00160  3.93477e+04
 55 -0.00159  3.93470e+04 | 56 -0.00159  3.93466e+04 | 57 -0.00158  3.93471e+04
 58 -0.00157  3.93492e+04 | 59 -0.00156  3.93539e+04 | 60 -0.00155  3.93628e+04
 61 -0.00154  3.93780e+04 | 62 -0.00152  3.94024e+04 | 63 -0.00149  3.94404e+04
 64 -0.00147  3.94978e+04 | 65 -0.00143  3.95828e+04 | 66 -0.00138  3.97072e+04
 67 -0.00133  3.98859e+04 | 68 -0.00126  4.01414e+04 | 69 -0.00117  4.05055e+04
 70 -0.00106  4.10110e+04 | 71 -0.00093  4.17256e+04 | 72 -0.00076  4.27257e+04
 73 -0.00055  4.40619e+04 | 74 -0.00033  4.59961e+04 | 75 -0.00002  4.86176e+04
 76  0.00038  5.21095e+04 | 77  0.00091  5.69061e+04 | 78  0.00160  6.36001e+04
 79  0.00250  7.18803e+04 | 80  0.00372  8.39714e+04 | 81  0.00540  1.00442e+05
 82  0.00761  1.17136e+05 | 83  0.00779  1.49536e+05 | 84  0.00798  1.84806e+05
 85  0.01921  2.14322e+05 | 86  0.01783  2.94868e+05 | 87  0.01937  3.03117e+05
 88 -0.42763 -1.16075e+07 | 89 -0.53620  9.50517e+06 | 90 -0.99475 -1.95617e+03
 91  0.30430  8.72408e+04 |
  ic > imax  in fminim is answer attained ?
Var    Value     Gradient |Var    Value     Gradient |Var    Value     Gradient
  1 -0.83388 -1.86753e+06 |  2 -0.00187  3.07610e+04 |  3 -0.00242 -6.82643e+03
  4  0.00190  2.64841e+03 |  5  0.00139 -3.31165e+04 |  6  0.00093 -6.71211e+04
  7  0.00058 -9.66610e+04 |  8  0.00030 -1.22302e+05 |  9  0.00021 -1.46188e+05
 10  0.00048 -1.70264e+05 | 11 -0.00058 -1.76764e+05 | 12 -0.00093 -1.76946e+05
 13 -0.00096 -1.89755e+05 | 14 -0.00105 -1.86814e+05 | 15 -0.00115 -1.77554e+05
 16 -0.00124 -1.62069e+05 | 17 -0.00131 -1.39877e+05 | 18 -0.00128 -1.11809e+05
 19 -0.00164 -7.84052e+04 | 20 -0.00161 -4.15878e+04 | 21 -0.00168 -5.20719e+03
 22 -0.00165  4.12716e+04 | 23 -0.00163  1.14882e+05 | 24 -0.00164  1.29837e+05
 25 -0.00163  8.58958e+04 | 26 -0.00163  5.79226e+04 | 27 -0.00163  4.94126e+04
 28 -0.00163  2.92646e+04 | 29 -0.00164  1.89053e+04 | 30 -0.00164  1.35723e+04
 31 -0.00164  6.40669e+03 | 32 -0.00164  2.36336e+03 | 33 -0.00164 -3.46197e+02
 34 -0.00165 -3.01909e+03 | 35 -0.00165 -4.72499e+03 | 36 -0.00165 -6.00339e+03
 37 -0.00165 -7.09404e+03 | 38 -0.00165 -7.86499e+03 | 39 -0.00165 -8.46676e+03
 40 -0.00165 -8.95254e+03 | 41 -0.00165 -9.31758e+03 | 42 -0.00165 -9.60498e+03
 43 -0.00165 -9.83144e+03 | 44 -0.00165 -1.00042e+04 | 45 -0.00165 -1.01369e+04
 46 -0.00165 -1.02360e+04 | 47 -0.00165 -1.03062e+04 | 48 -0.00165 -1.03518e+04
 49 -0.00165 -1.03750e+04 | 50 -0.00164 -1.03772e+04 | 51 -0.00164 -1.03589e+04
 52 -0.00164 -1.03195e+04 | 53 -0.00164 -1.02576e+04 | 54 -0.00163 -1.01709e+04
 55 -0.00163 -1.00561e+04 | 56 -0.00163 -9.90864e+03 | 57 -0.00162 -9.72272e+03
 58 -0.00161 -9.49103e+03 | 59 -0.00160 -9.20445e+03 | 60 -0.00159 -8.85164e+03
 61 -0.00157 -8.41883e+03 | 62 -0.00156 -7.88889e+03 | 63 -0.00153 -7.24094e+03
 64 -0.00150 -6.45021e+03 | 65 -0.00147 -5.48493e+03 | 66 -0.00142 -4.30748e+03
 67 -0.00137 -2.87520e+03 | 68 -0.00130 -1.12697e+03 | 69 -0.00121  1.00227e+03
 70 -0.00110  3.57973e+03 | 71 -0.00097  6.73787e+03 | 72 -0.00080  1.05707e+04
 73 -0.00060  1.51592e+04 | 74 -0.00037  2.08715e+04 | 75 -0.00007  2.77072e+04
 76  0.00033  3.58911e+04 | 77  0.00085  4.60347e+04 | 78  0.00153  5.80572e+04
 79  0.00244  7.21257e+04 | 80  0.00364  9.03256e+04 | 81  0.00531  1.10480e+05
 82  0.00750  1.32781e+05 | 83  0.00764  1.66184e+05 | 84  0.00781  1.94645e+05
 85  0.01900  2.33507e+05 | 86  0.01754  2.83106e+05 | 87  0.01908  2.86126e+05
 88 -0.41647 -1.13878e+07 | 89 -0.54534  8.38129e+06 | 90 -0.99475 -2.88030e+02
 91  0.30422  3.05168e+03 |
Function minimizer not making progress ... is minimum attained?
Minimprove criterion = 0.0000e+00

 - final statistics:
91 variables; iteration 2; function evaluation 38
Function value nan; maximum gradient component mag -1.1388e+07
Exit code = 1;  converg criter 1.0000e+00
Var    Value     Gradient |Var    Value     Gradient |Var    Value     Gradient
  1 -0.83388 -1.86753e+06 |  2 -0.00187  3.07610e+04 |  3 -0.00242 -6.82643e+03
  4  0.00190  2.64841e+03 |  5  0.00139 -3.31165e+04 |  6  0.00093 -6.71211e+04
  7  0.00058 -9.66610e+04 |  8  0.00030 -1.22302e+05 |  9  0.00021 -1.46188e+05
 10  0.00048 -1.70264e+05 | 11 -0.00058 -1.76764e+05 | 12 -0.00093 -1.76946e+05
 13 -0.00096 -1.89755e+05 | 14 -0.00105 -1.86814e+05 | 15 -0.00115 -1.77554e+05
 16 -0.00124 -1.62069e+05 | 17 -0.00131 -1.39877e+05 | 18 -0.00128 -1.11809e+05
 19 -0.00164 -7.84052e+04 | 20 -0.00161 -4.15878e+04 | 21 -0.00168 -5.20719e+03
 22 -0.00165  4.12716e+04 | 23 -0.00163  1.14882e+05 | 24 -0.00164  1.29837e+05
 25 -0.00163  8.58958e+04 | 26 -0.00163  5.79226e+04 | 27 -0.00163  4.94126e+04
 28 -0.00163  2.92646e+04 | 29 -0.00164  1.89053e+04 | 30 -0.00164  1.35723e+04
 31 -0.00164  6.40669e+03 | 32 -0.00164  2.36336e+03 | 33 -0.00164 -3.46197e+02
 34 -0.00165 -3.01909e+03 | 35 -0.00165 -4.72499e+03 | 36 -0.00165 -6.00339e+03
 37 -0.00165 -7.09404e+03 | 38 -0.00165 -7.86499e+03 | 39 -0.00165 -8.46676e+03
 40 -0.00165 -8.95254e+03 | 41 -0.00165 -9.31758e+03 | 42 -0.00165 -9.60498e+03
 43 -0.00165 -9.83144e+03 | 44 -0.00165 -1.00042e+04 | 45 -0.00165 -1.01369e+04
 46 -0.00165 -1.02360e+04 | 47 -0.00165 -1.03062e+04 | 48 -0.00165 -1.03518e+04
 49 -0.00165 -1.03750e+04 | 50 -0.00164 -1.03772e+04 | 51 -0.00164 -1.03589e+04
 52 -0.00164 -1.03195e+04 | 53 -0.00164 -1.02576e+04 | 54 -0.00163 -1.01709e+04
 55 -0.00163 -1.00561e+04 | 56 -0.00163 -9.90864e+03 | 57 -0.00162 -9.72272e+03
 58 -0.00161 -9.49103e+03 | 59 -0.00160 -9.20445e+03 | 60 -0.00159 -8.85164e+03
 61 -0.00157 -8.41883e+03 | 62 -0.00156 -7.88889e+03 | 63 -0.00153 -7.24094e+03
 64 -0.00150 -6.45021e+03 | 65 -0.00147 -5.48493e+03 | 66 -0.00142 -4.30748e+03
 67 -0.00137 -2.87520e+03 | 68 -0.00130 -1.12697e+03 | 69 -0.00121  1.00227e+03
 70 -0.00110  3.57973e+03 | 71 -0.00097  6.73787e+03 | 72 -0.00080  1.05707e+04
 73 -0.00060  1.51592e+04 | 74 -0.00037  2.08715e+04 | 75 -0.00007  2.77072e+04
 76  0.00033  3.58911e+04 | 77  0.00085  4.60347e+04 | 78  0.00153  5.80572e+04
 79  0.00244  7.21257e+04 | 80  0.00364  9.03256e+04 | 81  0.00531  1.10480e+05
 82  0.00750  1.32781e+05 | 83  0.00764  1.66184e+05 | 84  0.00781  1.94645e+05
 85  0.01900  2.33507e+05 | 86  0.01754  2.83106e+05 | 87  0.01908  2.86126e+05
 88 -0.41647 -1.13878e+07 | 89 -0.54534  8.38129e+06 | 90 -0.99475 -2.88030e+02
 91  0.30422  3.05168e+03 |

Initial statistics: 102 variables; iteration 0; function evaluation 0; phase 4
Function value nan; maximum gradient component mag -1.1388e+07
Var    Value     Gradient |Var    Value     Gradient |Var    Value     Gradient
  1 -0.61004 -1.51374e+06 |  2 -0.78532  2.74149e+06 |  3 -0.12897 -2.98811e+05
  4 -0.83388 -1.86753e+06 |  5  0.00000 -8.65243e+04 |  6  0.00000 -1.00464e+05
  7  0.00000 -1.16068e+05 |  8  0.00000 -1.33510e+05 |  9  0.00000 -1.52984e+05
 10  0.00000 -1.74784e+05 | 11  0.00000 -1.99492e+05 | 12  0.00000 -2.28202e+05
 13 -0.00187  3.07610e+04 | 14 -0.00242 -6.82643e+03 | 15  0.00190  2.64841e+03
 16  0.00139 -3.31165e+04 | 17  0.00093 -6.71211e+04 | 18  0.00058 -9.66610e+04
 19  0.00030 -1.22302e+05 | 20  0.00021 -1.46188e+05 | 21  0.00048 -1.70264e+05
 22 -0.00058 -1.76764e+05 | 23 -0.00093 -1.76946e+05 | 24 -0.00096 -1.89755e+05
 25 -0.00105 -1.86814e+05 | 26 -0.00115 -1.77554e+05 | 27 -0.00124 -1.62069e+05
 28 -0.00131 -1.39877e+05 | 29 -0.00128 -1.11809e+05 | 30 -0.00164 -7.84052e+04
 31 -0.00161 -4.15878e+04 | 32 -0.00168 -5.20719e+03 | 33 -0.00165  4.12716e+04
 34 -0.00163  1.14882e+05 | 35 -0.00164  1.29837e+05 | 36 -0.00163  8.58958e+04
 37 -0.00163  5.79226e+04 | 38 -0.00163  4.94126e+04 | 39 -0.00163  2.92646e+04
 40 -0.00164  1.89053e+04 | 41 -0.00164  1.35723e+04 | 42 -0.00164  6.40669e+03
 43 -0.00164  2.36336e+03 | 44 -0.00164 -3.46198e+02 | 45 -0.00165 -3.01909e+03
 46 -0.00165 -4.72499e+03 | 47 -0.00165 -6.00339e+03 | 48 -0.00165 -7.09404e+03
 49 -0.00165 -7.86499e+03 | 50 -0.00165 -8.46676e+03 | 51 -0.00165 -8.95254e+03
 52 -0.00165 -9.31758e+03 | 53 -0.00165 -9.60498e+03 | 54 -0.00165 -9.83144e+03
 55 -0.00165 -1.00042e+04 | 56 -0.00165 -1.01369e+04 | 57 -0.00165 -1.02361e+04
 58 -0.00165 -1.03062e+04 | 59 -0.00165 -1.03518e+04 | 60 -0.00165 -1.03750e+04
 61 -0.00164 -1.03772e+04 | 62 -0.00164 -1.03589e+04 | 63 -0.00164 -1.03195e+04
 64 -0.00164 -1.02576e+04 | 65 -0.00163 -1.01709e+04 | 66 -0.00163 -1.00561e+04
 67 -0.00163 -9.90864e+03 | 68 -0.00162 -9.72272e+03 | 69 -0.00161 -9.49103e+03
 70 -0.00160 -9.20445e+03 | 71 -0.00159 -8.85164e+03 | 72 -0.00157 -8.41883e+03
 73 -0.00156 -7.88889e+03 | 74 -0.00153 -7.24094e+03 | 75 -0.00150 -6.45021e+03
 76 -0.00147 -5.48493e+03 | 77 -0.00142 -4.30749e+03 | 78 -0.00137 -2.87520e+03
 79 -0.00130 -1.12697e+03 | 80 -0.00121  1.00227e+03 | 81 -0.00110  3.57973e+03
 82 -0.00097  6.73787e+03 | 83 -0.00080  1.05707e+04 | 84 -0.00060  1.51592e+04
 85 -0.00037  2.08715e+04 | 86 -0.00007  2.77072e+04 | 87  0.00033  3.58911e+04
 88  0.00085  4.60347e+04 | 89  0.00153  5.80572e+04 | 90  0.00244  7.21257e+04
 91  0.00364  9.03256e+04 | 92  0.00531  1.10480e+05 | 93  0.00750  1.32781e+05
 94  0.00764  1.66184e+05 | 95  0.00781  1.94645e+05 | 96  0.01900  2.33507e+05
 97  0.01754  2.83106e+05 | 98  0.01908  2.86126e+05 | 99 -0.41647 -1.13878e+07
100 -0.54534  8.38129e+06 |101 -0.99475 -2.88030e+02 |102  0.30422  3.05168e+03
  ic > imax  in fminim is answer attained ?
Var    Value     Gradient |Var    Value     Gradient |Var    Value     Gradient
  1 -0.60847 -1.35115e+06 |  2 -0.78817  4.25532e+05 |  3 -0.12866 -3.24525e+05
  4 -0.83194 -1.63029e+06 |  5  0.00009 -5.50562e+04 |  6  0.00010 -6.44079e+04
  7  0.00012 -7.49481e+04 |  8  0.00014 -8.68164e+04 |  9  0.00016 -1.00170e+05
 10  0.00018 -1.15247e+05 | 11  0.00021 -1.32502e+05 | 12  0.00024 -1.52747e+05
 13 -0.00190  4.12649e+04 | 14 -0.00242  1.45656e+04 | 15  0.00189  1.97369e+04
 16  0.00142 -6.02721e+03 | 17  0.00100 -3.08305e+04 | 18  0.00068 -5.27786e+04
 19  0.00043 -7.22994e+04 | 20  0.00037 -9.11736e+04 | 21  0.00066 -1.09885e+05
 22 -0.00040 -1.11877e+05 | 23 -0.00074 -1.13643e+05 | 24 -0.00076 -1.42522e+05
 25 -0.00086 -1.35508e+05 | 26 -0.00096 -1.32803e+05 | 27 -0.00107 -1.25202e+05
 28 -0.00116 -1.13862e+05 | 29 -0.00117 -9.89237e+04 | 30 -0.00156 -7.78648e+04
 31 -0.00157 -5.45632e+04 | 32 -0.00168 -2.96620e+04 | 33 -0.00169 -4.41917e+03
 34 -0.00175  3.43756e+04 | 35 -0.00177  8.59460e+04 | 36 -0.00172  8.20126e+04
 37 -0.00169  6.57437e+04 | 38 -0.00168  4.96320e+04 | 39 -0.00166  3.79412e+04
 40 -0.00166  2.68340e+04 | 41 -0.00165  1.85512e+04 | 42 -0.00165  1.16095e+04
 43 -0.00165  5.55149e+03 | 44 -0.00164  7.27539e+02 | 45 -0.00164 -3.27805e+03
 46 -0.00164 -6.69624e+03 | 47 -0.00164 -9.51415e+03 | 48 -0.00164 -1.18607e+04
 49 -0.00164 -1.38402e+04 | 50 -0.00164 -1.54902e+04 | 51 -0.00164 -1.68658e+04
 52 -0.00164 -1.80163e+04 | 53 -0.00164 -1.89721e+04 | 54 -0.00164 -1.97617e+04
 55 -0.00164 -2.04100e+04 | 56 -0.00164 -2.09353e+04 | 57 -0.00164 -2.13530e+04
 58 -0.00164 -2.16755e+04 | 59 -0.00164 -2.19121e+04 | 60 -0.00163 -2.20700e+04
 61 -0.00163 -2.21539e+04 | 62 -0.00163 -2.21667e+04 | 63 -0.00163 -2.21094e+04
 64 -0.00163 -2.19811e+04 | 65 -0.00162 -2.17791e+04 | 66 -0.00162 -2.14989e+04
 67 -0.00162 -2.11339e+04 | 68 -0.00161 -2.06757e+04 | 69 -0.00160 -2.01136e+04
 70 -0.00159 -1.94344e+04 | 71 -0.00158 -1.86223e+04 | 72 -0.00157 -1.76588e+04
 73 -0.00155 -1.65214e+04 | 74 -0.00152 -1.51848e+04 | 75 -0.00150 -1.36188e+04
 76 -0.00146 -1.17884e+04 | 77 -0.00142 -9.65456e+03 | 78 -0.00136 -7.17160e+03
 79 -0.00130 -4.28407e+03 | 80 -0.00121 -9.37231e+02 | 81 -0.00111  2.93427e+03
 82 -0.00098  7.42413e+03 | 83 -0.00081  1.25978e+04 | 84 -0.00061  1.85262e+04
 85 -0.00039  2.54145e+04 | 86 -0.00010  3.32790e+04 | 87  0.00029  4.22756e+04
 88  0.00080  5.25815e+04 | 89  0.00147  6.43101e+04 | 90  0.00236  7.75150e+04
 91  0.00355  9.24825e+04 | 92  0.00519  1.09156e+05 | 93  0.00736  1.26991e+05
 94  0.00747  1.47047e+05 | 95  0.00761  1.68461e+05 | 96  0.01876  1.94346e+05
 97  0.01725  2.12153e+05 | 98  0.01878  2.12708e+05 | 99 -0.40466 -7.63643e+06
100 -0.55404  5.23883e+06 |101 -0.99475  9.83170e+01 |102  0.30421 -1.26460e+04
Function minimizer not making progress ... is minimum attained?
Minimprove criterion = 0.0000e+00

 - final statistics:
102 variables; iteration 2; function evaluation 38
Function value nan; maximum gradient component mag -7.6364e+06
Exit code = 1;  converg criter 1.0000e+00
Var    Value     Gradient |Var    Value     Gradient |Var    Value     Gradient
  1 -0.60847 -1.35115e+06 |  2 -0.78817  4.25532e+05 |  3 -0.12866 -3.24525e+05
  4 -0.83194 -1.63029e+06 |  5  0.00009 -5.50562e+04 |  6  0.00010 -6.44079e+04
  7  0.00012 -7.49481e+04 |  8  0.00014 -8.68164e+04 |  9  0.00016 -1.00170e+05
 10  0.00018 -1.15247e+05 | 11  0.00021 -1.32502e+05 | 12  0.00024 -1.52747e+05
 13 -0.00190  4.12649e+04 | 14 -0.00242  1.45656e+04 | 15  0.00189  1.97369e+04
 16  0.00142 -6.02721e+03 | 17  0.00100 -3.08305e+04 | 18  0.00068 -5.27786e+04
 19  0.00043 -7.22994e+04 | 20  0.00037 -9.11736e+04 | 21  0.00066 -1.09885e+05
 22 -0.00040 -1.11877e+05 | 23 -0.00074 -1.13643e+05 | 24 -0.00076 -1.42522e+05
 25 -0.00086 -1.35508e+05 | 26 -0.00096 -1.32803e+05 | 27 -0.00107 -1.25202e+05
 28 -0.00116 -1.13862e+05 | 29 -0.00117 -9.89237e+04 | 30 -0.00156 -7.78648e+04
 31 -0.00157 -5.45632e+04 | 32 -0.00168 -2.96620e+04 | 33 -0.00169 -4.41917e+03
 34 -0.00175  3.43756e+04 | 35 -0.00177  8.59460e+04 | 36 -0.00172  8.20126e+04
 37 -0.00169  6.57437e+04 | 38 -0.00168  4.96320e+04 | 39 -0.00166  3.79412e+04
 40 -0.00166  2.68340e+04 | 41 -0.00165  1.85512e+04 | 42 -0.00165  1.16095e+04
 43 -0.00165  5.55149e+03 | 44 -0.00164  7.27539e+02 | 45 -0.00164 -3.27805e+03
 46 -0.00164 -6.69624e+03 | 47 -0.00164 -9.51415e+03 | 48 -0.00164 -1.18607e+04
 49 -0.00164 -1.38402e+04 | 50 -0.00164 -1.54902e+04 | 51 -0.00164 -1.68658e+04
 52 -0.00164 -1.80163e+04 | 53 -0.00164 -1.89721e+04 | 54 -0.00164 -1.97617e+04
 55 -0.00164 -2.04100e+04 | 56 -0.00164 -2.09353e+04 | 57 -0.00164 -2.13530e+04
 58 -0.00164 -2.16755e+04 | 59 -0.00164 -2.19121e+04 | 60 -0.00163 -2.20700e+04
 61 -0.00163 -2.21539e+04 | 62 -0.00163 -2.21667e+04 | 63 -0.00163 -2.21094e+04
 64 -0.00163 -2.19811e+04 | 65 -0.00162 -2.17791e+04 | 66 -0.00162 -2.14989e+04
 67 -0.00162 -2.11339e+04 | 68 -0.00161 -2.06757e+04 | 69 -0.00160 -2.01136e+04
 70 -0.00159 -1.94344e+04 | 71 -0.00158 -1.86223e+04 | 72 -0.00157 -1.76588e+04
 73 -0.00155 -1.65214e+04 | 74 -0.00152 -1.51848e+04 | 75 -0.00150 -1.36188e+04
 76 -0.00146 -1.17884e+04 | 77 -0.00142 -9.65456e+03 | 78 -0.00136 -7.17160e+03
 79 -0.00130 -4.28407e+03 | 80 -0.00121 -9.37231e+02 | 81 -0.00111  2.93427e+03
 82 -0.00098  7.42413e+03 | 83 -0.00081  1.25978e+04 | 84 -0.00061  1.85262e+04
 85 -0.00039  2.54145e+04 | 86 -0.00010  3.32790e+04 | 87  0.00029  4.22756e+04
 88  0.00080  5.25815e+04 | 89  0.00147  6.43101e+04 | 90  0.00236  7.75150e+04
 91  0.00355  9.24825e+04 | 92  0.00519  1.09156e+05 | 93  0.00736  1.26991e+05
 94  0.00747  1.47047e+05 | 95  0.00761  1.68461e+05 | 96  0.01876  1.94346e+05
 97  0.01725  2.12153e+05 | 98  0.01878  2.12708e+05 | 99 -0.40466 -7.63643e+06
100 -0.55404  5.23883e+06 |101 -0.99475  9.83170e+01 |102  0.30421 -1.26460e+04

Initial statistics: 104 variables; iteration 0; function evaluation 0; phase 5
Function value nan; maximum gradient component mag -7.6364e+06
Var    Value     Gradient |Var    Value     Gradient |Var    Value     Gradient
  1 -0.60847 -1.35115e+06 |  2 -0.78817  4.25532e+05 |  3 -0.12866 -3.24525e+05
  4 -0.41222 -1.69230e+05 |  5 -0.41222 -3.81643e+05 |  6 -0.83194 -1.63029e+06
  7  0.00009 -5.50562e+04 |  8  0.00010 -6.44079e+04 |  9  0.00012 -7.49481e+04
 10  0.00014 -8.68164e+04 | 11  0.00016 -1.00170e+05 | 12  0.00018 -1.15247e+05
 13  0.00021 -1.32502e+05 | 14  0.00024 -1.52747e+05 | 15 -0.00190  4.12649e+04
 16 -0.00242  1.45656e+04 | 17  0.00189  1.97369e+04 | 18  0.00142 -6.02721e+03
 19  0.00100 -3.08305e+04 | 20  0.00068 -5.27786e+04 | 21  0.00043 -7.22994e+04
 22  0.00037 -9.11736e+04 | 23  0.00066 -1.09885e+05 | 24 -0.00040 -1.11877e+05
 25 -0.00074 -1.13643e+05 | 26 -0.00076 -1.42522e+05 | 27 -0.00086 -1.35508e+05
 28 -0.00096 -1.32803e+05 | 29 -0.00107 -1.25202e+05 | 30 -0.00116 -1.13862e+05
 31 -0.00117 -9.89237e+04 | 32 -0.00156 -7.78648e+04 | 33 -0.00157 -5.45632e+04
 34 -0.00168 -2.96620e+04 | 35 -0.00169 -4.41917e+03 | 36 -0.00175  3.43756e+04
 37 -0.00177  8.59460e+04 | 38 -0.00172  8.20126e+04 | 39 -0.00169  6.57437e+04
 40 -0.00168  4.96320e+04 | 41 -0.00166  3.79412e+04 | 42 -0.00166  2.68340e+04
 43 -0.00165  1.85512e+04 | 44 -0.00165  1.16095e+04 | 45 -0.00165  5.55149e+03
 46 -0.00164  7.27538e+02 | 47 -0.00164 -3.27805e+03 | 48 -0.00164 -6.69624e+03
 49 -0.00164 -9.51415e+03 | 50 -0.00164 -1.18607e+04 | 51 -0.00164 -1.38402e+04
 52 -0.00164 -1.54902e+04 | 53 -0.00164 -1.68658e+04 | 54 -0.00164 -1.80163e+04
 55 -0.00164 -1.89721e+04 | 56 -0.00164 -1.97617e+04 | 57 -0.00164 -2.04100e+04
 58 -0.00164 -2.09353e+04 | 59 -0.00164 -2.13530e+04 | 60 -0.00164 -2.16755e+04
 61 -0.00164 -2.19121e+04 | 62 -0.00163 -2.20700e+04 | 63 -0.00163 -2.21539e+04
 64 -0.00163 -2.21667e+04 | 65 -0.00163 -2.21094e+04 | 66 -0.00163 -2.19811e+04
 67 -0.00162 -2.17791e+04 | 68 -0.00162 -2.14989e+04 | 69 -0.00162 -2.11339e+04
 70 -0.00161 -2.06757e+04 | 71 -0.00160 -2.01136e+04 | 72 -0.00159 -1.94344e+04
 73 -0.00158 -1.86223e+04 | 74 -0.00157 -1.76588e+04 | 75 -0.00155 -1.65214e+04
 76 -0.00152 -1.51848e+04 | 77 -0.00150 -1.36188e+04 | 78 -0.00146 -1.17884e+04
 79 -0.00142 -9.65456e+03 | 80 -0.00136 -7.17160e+03 | 81 -0.00130 -4.28407e+03
 82 -0.00121 -9.37231e+02 | 83 -0.00111  2.93427e+03 | 84 -0.00098  7.42413e+03
 85 -0.00081  1.25978e+04 | 86 -0.00061  1.85262e+04 | 87 -0.00039  2.54145e+04
 88 -0.00010  3.32790e+04 | 89  0.00029  4.22756e+04 | 90  0.00080  5.25815e+04
 91  0.00147  6.43101e+04 | 92  0.00236  7.75150e+04 | 93  0.00355  9.24825e+04
 94  0.00519  1.09156e+05 | 95  0.00736  1.26991e+05 | 96  0.00747  1.47047e+05
 97  0.00761  1.68461e+05 | 98  0.01876  1.94346e+05 | 99  0.01725  2.12153e+05
100  0.01878  2.12708e+05 |101 -0.40466 -7.63643e+06 |102 -0.55404  5.23883e+06
103 -0.99475  9.83170e+01 |104  0.30421 -1.26460e+04 |
  ic > imax  in fminim is answer attained ?
Var    Value     Gradient |Var    Value     Gradient |Var    Value     Gradient
  1 -0.60814 -1.16289e+06 |  2 -0.78827  7.46373e+05 |  3 -0.12858 -2.56664e+05
  4 -0.41218 -1.47759e+05 |  5 -0.41213 -3.41573e+05 |  6 -0.83154 -1.36448e+06
  7  0.00010 -3.90038e+04 |  8  0.00012 -4.59372e+04 |  9  0.00014 -5.37706e+04
 10  0.00016 -6.26131e+04 | 11  0.00018 -7.25907e+04 | 12  0.00021 -8.38910e+04
 13  0.00024 -9.68469e+04 | 14  0.00027 -1.12064e+05 | 15 -0.00191  5.63665e+04
 16 -0.00242  3.62977e+04 | 17  0.00189  3.97386e+04 | 18  0.00142  2.03243e+04
 19  0.00101  1.60094e+03 | 20  0.00069 -1.49638e+04 | 21  0.00045 -2.95080e+04
 22  0.00039 -4.33520e+04 | 23  0.00069 -5.80656e+04 | 24 -0.00037 -6.39923e+04
 25 -0.00072 -6.10706e+04 | 26 -0.00073 -6.90278e+04 | 27 -0.00082 -7.66621e+04
 28 -0.00093 -6.99958e+04 | 29 -0.00104 -6.56234e+04 | 30 -0.00114 -5.90874e+04
 31 -0.00114 -4.82487e+04 | 32 -0.00154 -3.29721e+04 | 33 -0.00156 -1.65796e+04
 34 -0.00167  3.53176e+02 | 35 -0.00169  2.06655e+04 | 36 -0.00176  5.59966e+04
 37 -0.00179  8.49552e+04 | 38 -0.00174  3.92708e+04 | 39 -0.00170  9.18019e+04
 40 -0.00170  4.00387e+04 | 41 -0.00167  3.07922e+04 | 42 -0.00166  1.46251e+04
 43 -0.00166  6.09503e+03 | 44 -0.00165 -9.41273e+02 | 45 -0.00165 -6.77900e+03
 46 -0.00164 -1.17773e+04 | 47 -0.00164 -1.58292e+04 | 48 -0.00164 -1.92933e+04
 49 -0.00164 -2.22101e+04 | 50 -0.00164 -2.46180e+04 | 51 -0.00164 -2.66493e+04
 52 -0.00164 -2.83580e+04 | 53 -0.00164 -2.97805e+04 | 54 -0.00164 -3.09703e+04
 55 -0.00163 -3.19632e+04 | 56 -0.00163 -3.27844e+04 | 57 -0.00163 -3.34597e+04
 58 -0.00163 -3.40091e+04 | 59 -0.00163 -3.44477e+04 | 60 -0.00163 -3.47883e+04
 61 -0.00163 -3.50411e+04 | 62 -0.00163 -3.52132e+04 | 63 -0.00163 -3.53100e+04
 64 -0.00163 -3.53346e+04 | 65 -0.00162 -3.52883e+04 | 66 -0.00162 -3.51705e+04
 67 -0.00162 -3.49790e+04 | 68 -0.00161 -3.47094e+04 | 69 -0.00161 -3.43557e+04
 70 -0.00160 -3.39099e+04 | 71 -0.00160 -3.33617e+04 | 72 -0.00159 -3.26985e+04
 73 -0.00158 -3.19052e+04 | 74 -0.00156 -3.09639e+04 | 75 -0.00154 -2.98533e+04
 76 -0.00152 -2.85490e+04 | 77 -0.00149 -2.70223e+04 | 78 -0.00146 -2.52398e+04
 79 -0.00142 -2.31646e+04 | 80 -0.00136 -2.07532e+04 | 81 -0.00130 -1.79539e+04
 82 -0.00121 -1.47146e+04 | 83 -0.00111 -1.09739e+04 | 84 -0.00098 -6.64748e+03
 85 -0.00082 -1.67081e+03 | 86 -0.00062  4.02197e+03 | 87 -0.00040  1.06040e+04
 88 -0.00011  1.81135e+04 | 89  0.00028  2.66830e+04 | 90  0.00079  3.64338e+04
 91  0.00146  4.75323e+04 | 92  0.00234  6.00195e+04 | 93  0.00353  7.39397e+04
 94  0.00517  8.94515e+04 | 95  0.00733  1.06296e+05 | 96  0.00744  1.24230e+05
 97  0.00756  1.43317e+05 | 98  0.01871  1.68398e+05 | 99  0.01720  1.82001e+05
100  0.01873  1.82383e+05 |101 -0.40279 -6.76243e+06 |102 -0.55531  4.55153e+06
103 -0.99475 -5.13066e+02 |104  0.30422  1.15676e+04 |
Function minimizer not making progress ... is minimum attained?
Minimprove criterion = 0.0000e+00

 - final statistics:
104 variables; iteration 2; function evaluation 37
Function value nan; maximum gradient component mag -6.7624e+06
Exit code = 1;  converg criter 1.0000e-04
Var    Value     Gradient |Var    Value     Gradient |Var    Value     Gradient
  1 -0.60814 -1.16289e+06 |  2 -0.78827  7.46373e+05 |  3 -0.12858 -2.56664e+05
  4 -0.41218 -1.47759e+05 |  5 -0.41213 -3.41573e+05 |  6 -0.83154 -1.36448e+06
  7  0.00010 -3.90038e+04 |  8  0.00012 -4.59372e+04 |  9  0.00014 -5.37706e+04
 10  0.00016 -6.26131e+04 | 11  0.00018 -7.25907e+04 | 12  0.00021 -8.38910e+04
 13  0.00024 -9.68469e+04 | 14  0.00027 -1.12064e+05 | 15 -0.00191  5.63665e+04
 16 -0.00242  3.62977e+04 | 17  0.00189  3.97386e+04 | 18  0.00142  2.03243e+04
 19  0.00101  1.60094e+03 | 20  0.00069 -1.49638e+04 | 21  0.00045 -2.95080e+04
 22  0.00039 -4.33520e+04 | 23  0.00069 -5.80656e+04 | 24 -0.00037 -6.39923e+04
 25 -0.00072 -6.10706e+04 | 26 -0.00073 -6.90278e+04 | 27 -0.00082 -7.66621e+04
 28 -0.00093 -6.99958e+04 | 29 -0.00104 -6.56234e+04 | 30 -0.00114 -5.90874e+04
 31 -0.00114 -4.82487e+04 | 32 -0.00154 -3.29721e+04 | 33 -0.00156 -1.65796e+04
 34 -0.00167  3.53176e+02 | 35 -0.00169  2.06655e+04 | 36 -0.00176  5.59966e+04
 37 -0.00179  8.49552e+04 | 38 -0.00174  3.92708e+04 | 39 -0.00170  9.18019e+04
 40 -0.00170  4.00387e+04 | 41 -0.00167  3.07922e+04 | 42 -0.00166  1.46251e+04
 43 -0.00166  6.09503e+03 | 44 -0.00165 -9.41273e+02 | 45 -0.00165 -6.77900e+03
 46 -0.00164 -1.17773e+04 | 47 -0.00164 -1.58292e+04 | 48 -0.00164 -1.92933e+04
 49 -0.00164 -2.22101e+04 | 50 -0.00164 -2.46180e+04 | 51 -0.00164 -2.66493e+04
 52 -0.00164 -2.83580e+04 | 53 -0.00164 -2.97805e+04 | 54 -0.00164 -3.09703e+04
 55 -0.00163 -3.19632e+04 | 56 -0.00163 -3.27844e+04 | 57 -0.00163 -3.34597e+04
 58 -0.00163 -3.40091e+04 | 59 -0.00163 -3.44477e+04 | 60 -0.00163 -3.47883e+04
 61 -0.00163 -3.50411e+04 | 62 -0.00163 -3.52132e+04 | 63 -0.00163 -3.53100e+04
 64 -0.00163 -3.53346e+04 | 65 -0.00162 -3.52883e+04 | 66 -0.00162 -3.51705e+04
 67 -0.00162 -3.49790e+04 | 68 -0.00161 -3.47094e+04 | 69 -0.00161 -3.43557e+04
 70 -0.00160 -3.39099e+04 | 71 -0.00160 -3.33617e+04 | 72 -0.00159 -3.26985e+04
 73 -0.00158 -3.19052e+04 | 74 -0.00156 -3.09639e+04 | 75 -0.00154 -2.98533e+04
 76 -0.00152 -2.85490e+04 | 77 -0.00149 -2.70223e+04 | 78 -0.00146 -2.52398e+04
 79 -0.00142 -2.31646e+04 | 80 -0.00136 -2.07532e+04 | 81 -0.00130 -1.79539e+04
 82 -0.00121 -1.47146e+04 | 83 -0.00111 -1.09739e+04 | 84 -0.00098 -6.64748e+03
 85 -0.00082 -1.67081e+03 | 86 -0.00062  4.02197e+03 | 87 -0.00040  1.06040e+04
 88 -0.00011  1.81135e+04 | 89  0.00028  2.66830e+04 | 90  0.00079  3.64338e+04
 91  0.00146  4.75323e+04 | 92  0.00234  6.00195e+04 | 93  0.00353  7.39397e+04
 94  0.00517  8.94515e+04 | 95  0.00733  1.06296e+05 | 96  0.00744  1.24230e+05
 97  0.00756  1.43317e+05 | 98  0.01871  1.68398e+05 | 99  0.01720  1.82001e+05
100  0.01873  1.82383e+05 |101 -0.40279 -6.76243e+06 |102 -0.55531  4.55153e+06
103 -0.99475 -5.13066e+02 |104  0.30422  1.15676e+04 |

Initial statistics: 105 variables; iteration 0; function evaluation 0; phase 6
Function value nan; maximum gradient component mag -6.7624e+06
Var    Value     Gradient |Var    Value     Gradient |Var    Value     Gradient
  1 -0.60814 -1.16289e+06 |  2 -0.78827  7.46373e+05 |  3 -0.12858 -2.56664e+05
  4 -0.41218 -1.47759e+05 |  5 -0.41213 -3.41573e+05 |  6 -0.83154 -1.36448e+06
  7  0.00010 -3.90038e+04 |  8  0.00012 -4.59372e+04 |  9  0.00014 -5.37706e+04
 10  0.00016 -6.26131e+04 | 11  0.00018 -7.25907e+04 | 12  0.00021 -8.38910e+04
 13  0.00024 -9.68469e+04 | 14  0.00027 -1.12064e+05 | 15 -0.00191  5.63665e+04
 16 -0.00242  3.62977e+04 | 17  0.00189  3.97386e+04 | 18  0.00142  2.03243e+04
 19  0.00101  1.60094e+03 | 20  0.00069 -1.49638e+04 | 21  0.00045 -2.95080e+04
 22  0.00039 -4.33520e+04 | 23  0.00069 -5.80656e+04 | 24 -0.00037 -6.39923e+04
 25 -0.00072 -6.10706e+04 | 26 -0.00073 -6.90278e+04 | 27 -0.00082 -7.66621e+04
 28 -0.00093 -6.99958e+04 | 29 -0.00104 -6.56234e+04 | 30 -0.00114 -5.90874e+04
 31 -0.00114 -4.82487e+04 | 32 -0.00154 -3.29721e+04 | 33 -0.00156 -1.65796e+04
 34 -0.00167  3.53176e+02 | 35 -0.00169  2.06655e+04 | 36 -0.00176  5.59966e+04
 37 -0.00179  8.49552e+04 | 38 -0.00174  3.92708e+04 | 39 -0.00170  9.18019e+04
 40 -0.00170  4.00387e+04 | 41 -0.00167  3.07922e+04 | 42 -0.00166  1.46251e+04
 43 -0.00166  6.09503e+03 | 44 -0.00165 -9.41273e+02 | 45 -0.00165 -6.77900e+03
 46 -0.00164 -1.17773e+04 | 47 -0.00164 -1.58292e+04 | 48 -0.00164 -1.92933e+04
 49 -0.00164 -2.22101e+04 | 50 -0.00164 -2.46180e+04 | 51 -0.00164 -2.66493e+04
 52 -0.00164 -2.83580e+04 | 53 -0.00164 -2.97805e+04 | 54 -0.00164 -3.09703e+04
 55 -0.00163 -3.19632e+04 | 56 -0.00163 -3.27844e+04 | 57 -0.00163 -3.34597e+04
 58 -0.00163 -3.40091e+04 | 59 -0.00163 -3.44477e+04 | 60 -0.00163 -3.47883e+04
 61 -0.00163 -3.50411e+04 | 62 -0.00163 -3.52132e+04 | 63 -0.00163 -3.53100e+04
 64 -0.00163 -3.53346e+04 | 65 -0.00162 -3.52883e+04 | 66 -0.00162 -3.51705e+04
 67 -0.00162 -3.49790e+04 | 68 -0.00161 -3.47094e+04 | 69 -0.00161 -3.43557e+04
 70 -0.00160 -3.39099e+04 | 71 -0.00160 -3.33617e+04 | 72 -0.00159 -3.26985e+04
 73 -0.00158 -3.19052e+04 | 74 -0.00156 -3.09639e+04 | 75 -0.00154 -2.98533e+04
 76 -0.00152 -2.85490e+04 | 77 -0.00149 -2.70223e+04 | 78 -0.00146 -2.52398e+04
 79 -0.00142 -2.31646e+04 | 80 -0.00136 -2.07532e+04 | 81 -0.00130 -1.79539e+04
 82 -0.00121 -1.47146e+04 | 83 -0.00111 -1.09739e+04 | 84 -0.00098 -6.64748e+03
 85 -0.00082 -1.67081e+03 | 86 -0.00062  4.02197e+03 | 87 -0.00040  1.06040e+04
 88 -0.00011  1.81135e+04 | 89  0.00028  2.66830e+04 | 90  0.00079  3.64338e+04
 91  0.00146  4.75323e+04 | 92  0.00234  6.00195e+04 | 93  0.00353  7.39397e+04
 94  0.00517  8.94515e+04 | 95  0.00733  1.06296e+05 | 96  0.00744  1.24230e+05
 97  0.00756  1.43317e+05 | 98  0.01871  1.68398e+05 | 99  0.01720  1.82001e+05
100  0.01873  1.82383e+05 |101  0.00000  0.00000e+00 |102 -0.40279 -6.76243e+06
103 -0.55531  4.55153e+06 |104 -0.99475 -5.13066e+02 |105  0.30422  1.15676e+04
  ic > imax  in fminim is answer attained ?
Var    Value     Gradient |Var    Value     Gradient |Var    Value     Gradient
  1 -0.60777 -1.04790e+06 |  2 -0.78850 -7.97389e+05 |  3 -0.12850 -3.61233e+05
  4 -0.41213 -1.26481e+05 |  5 -0.41202 -3.72874e+05 |  6 -0.83111 -1.48613e+06
  7  0.00012 -4.42282e+04 |  8  0.00013 -5.20192e+04 |  9  0.00016 -6.08389e+04
 10  0.00018 -7.08160e+04 | 11  0.00021 -8.20976e+04 | 12  0.00024 -9.49036e+04
 13  0.00027 -1.09635e+05 | 14  0.00031 -1.26993e+05 | 15 -0.00193  3.75389e+04
 16 -0.00243  1.45518e+04 | 17  0.00188  1.82251e+04 | 18  0.00141 -4.19368e+03
 19  0.00101 -2.59952e+04 | 20  0.00070 -4.55641e+04 | 21  0.00045 -6.30117e+04
 22  0.00040 -7.95367e+04 | 23  0.00070 -9.67782e+04 | 24 -0.00035 -1.06735e+05
 25 -0.00070 -1.14727e+05 | 26 -0.00071 -1.02960e+05 | 27 -0.00080 -1.27617e+05
 28 -0.00091 -1.24810e+05 | 29 -0.00102 -1.19704e+05 | 30 -0.00112 -1.15090e+05
 31 -0.00113 -1.05266e+05 | 32 -0.00153 -9.06002e+04 | 33 -0.00155 -7.27221e+04
 34 -0.00167 -5.15497e+04 | 35 -0.00170 -3.08684e+04 | 36 -0.00177 -1.25745e+04
 37 -0.00182  2.42459e+04 | 38 -0.00175  9.41423e+04 | 39 -0.00173  3.25871e+04
 40 -0.00171  5.67580e+04 | 41 -0.00168  4.85724e+04 | 42 -0.00167  2.81884e+04
 43 -0.00166  2.01564e+04 | 44 -0.00165  2.51057e+04 | 45 -0.00165  8.15991e+03
 46 -0.00164 -2.46289e+04 | 47 -0.00164  5.72017e+04 | 48 -0.00163 -7.20189e+03
 49 -0.00163 -5.23598e+03 | 50 -0.00163 -6.84770e+03 | 51 -0.00163 -8.42540e+03
 52 -0.00163 -9.83266e+03 | 53 -0.00163 -1.10916e+04 | 54 -0.00163 -1.21651e+04
 55 -0.00162 -1.30656e+04 | 56 -0.00162 -1.38201e+04 | 57 -0.00162 -1.44445e+04
 58 -0.00162 -1.49533e+04 | 59 -0.00162 -1.53609e+04 | 60 -0.00162 -1.56783e+04
 61 -0.00162 -1.59138e+04 | 62 -0.00162 -1.60744e+04 | 63 -0.00162 -1.61647e+04
 64 -0.00162 -1.61874e+04 | 65 -0.00161 -1.61439e+04 | 66 -0.00161 -1.60334e+04
 67 -0.00161 -1.58538e+04 | 68 -0.00160 -1.56010e+04 | 69 -0.00160 -1.52694e+04
 70 -0.00159 -1.48513e+04 | 71 -0.00159 -1.43371e+04 | 72 -0.00158 -1.37150e+04
 73 -0.00157 -1.29708e+04 | 74 -0.00155 -1.20876e+04 | 75 -0.00153 -1.10456e+04
 76 -0.00151 -9.82160e+03 | 77 -0.00148 -8.38902e+03 | 78 -0.00145 -6.71694e+03
 79 -0.00141 -4.76992e+03 | 80 -0.00136 -2.50791e+03 | 81 -0.00129  1.14961e+02
 82 -0.00121  3.15118e+03 | 83 -0.00111  6.65774e+03 | 84 -0.00098  1.06991e+04
 85 -0.00082  1.53515e+04 | 86 -0.00062  2.06915e+04 | 87 -0.00040  2.67897e+04
 88 -0.00011  3.37950e+04 | 89  0.00027  4.17572e+04 | 90  0.00078  5.07716e+04
 91  0.00144  6.10941e+04 | 92  0.00232  7.26146e+04 | 93  0.00350  8.52399e+04
 94  0.00514  9.95720e+04 | 95  0.00730  1.15102e+05 | 96  0.00740  1.30142e+05
 97  0.00752  1.48249e+05 | 98  0.01866  1.69536e+05 | 99  0.01714  1.80161e+05
100  0.01867  1.80338e+05 |101  0.00000  0.00000e+00 |102 -0.40067 -5.81319e+06
103 -0.55674  3.71473e+06 |104 -0.99475 -8.82418e+01 |105  0.30421 -8.37448e+03
Function minimizer not making progress ... is minimum attained?
Minimprove criterion = 0.0000e+00

 - final statistics:
105 variables; iteration 2; function evaluation 37
Function value nan; maximum gradient component mag -5.8132e+06
Exit code = 1;  converg criter 1.0000e-04
Var    Value     Gradient |Var    Value     Gradient |Var    Value     Gradient
  1 -0.60777 -1.04790e+06 |  2 -0.78850 -7.97389e+05 |  3 -0.12850 -3.61233e+05
  4 -0.41213 -1.26481e+05 |  5 -0.41202 -3.72874e+05 |  6 -0.83111 -1.48613e+06
  7  0.00012 -4.42282e+04 |  8  0.00013 -5.20192e+04 |  9  0.00016 -6.08389e+04
 10  0.00018 -7.08160e+04 | 11  0.00021 -8.20976e+04 | 12  0.00024 -9.49036e+04
 13  0.00027 -1.09635e+05 | 14  0.00031 -1.26993e+05 | 15 -0.00193  3.75389e+04
 16 -0.00243  1.45518e+04 | 17  0.00188  1.82251e+04 | 18  0.00141 -4.19368e+03
 19  0.00101 -2.59952e+04 | 20  0.00070 -4.55641e+04 | 21  0.00045 -6.30117e+04
 22  0.00040 -7.95367e+04 | 23  0.00070 -9.67782e+04 | 24 -0.00035 -1.06735e+05
 25 -0.00070 -1.14727e+05 | 26 -0.00071 -1.02960e+05 | 27 -0.00080 -1.27617e+05
 28 -0.00091 -1.24810e+05 | 29 -0.00102 -1.19704e+05 | 30 -0.00112 -1.15090e+05
 31 -0.00113 -1.05266e+05 | 32 -0.00153 -9.06002e+04 | 33 -0.00155 -7.27221e+04
 34 -0.00167 -5.15497e+04 | 35 -0.00170 -3.08684e+04 | 36 -0.00177 -1.25745e+04
 37 -0.00182  2.42459e+04 | 38 -0.00175  9.41423e+04 | 39 -0.00173  3.25871e+04
 40 -0.00171  5.67580e+04 | 41 -0.00168  4.85724e+04 | 42 -0.00167  2.81884e+04
 43 -0.00166  2.01564e+04 | 44 -0.00165  2.51057e+04 | 45 -0.00165  8.15991e+03
 46 -0.00164 -2.46289e+04 | 47 -0.00164  5.72017e+04 | 48 -0.00163 -7.20189e+03
 49 -0.00163 -5.23598e+03 | 50 -0.00163 -6.84770e+03 | 51 -0.00163 -8.42540e+03
 52 -0.00163 -9.83266e+03 | 53 -0.00163 -1.10916e+04 | 54 -0.00163 -1.21651e+04
 55 -0.00162 -1.30656e+04 | 56 -0.00162 -1.38201e+04 | 57 -0.00162 -1.44445e+04
 58 -0.00162 -1.49533e+04 | 59 -0.00162 -1.53609e+04 | 60 -0.00162 -1.56783e+04
 61 -0.00162 -1.59138e+04 | 62 -0.00162 -1.60744e+04 | 63 -0.00162 -1.61647e+04
 64 -0.00162 -1.61874e+04 | 65 -0.00161 -1.61439e+04 | 66 -0.00161 -1.60334e+04
 67 -0.00161 -1.58538e+04 | 68 -0.00160 -1.56010e+04 | 69 -0.00160 -1.52694e+04
 70 -0.00159 -1.48513e+04 | 71 -0.00159 -1.43371e+04 | 72 -0.00158 -1.37150e+04
 73 -0.00157 -1.29708e+04 | 74 -0.00155 -1.20876e+04 | 75 -0.00153 -1.10456e+04
 76 -0.00151 -9.82160e+03 | 77 -0.00148 -8.38902e+03 | 78 -0.00145 -6.71694e+03
 79 -0.00141 -4.76992e+03 | 80 -0.00136 -2.50791e+03 | 81 -0.00129  1.14961e+02
 82 -0.00121  3.15118e+03 | 83 -0.00111  6.65774e+03 | 84 -0.00098  1.06991e+04
 85 -0.00082  1.53515e+04 | 86 -0.00062  2.06915e+04 | 87 -0.00040  2.67897e+04
 88 -0.00011  3.37950e+04 | 89  0.00027  4.17572e+04 | 90  0.00078  5.07716e+04
 91  0.00144  6.10941e+04 | 92  0.00232  7.26146e+04 | 93  0.00350  8.52399e+04
 94  0.00514  9.95720e+04 | 95  0.00730  1.15102e+05 | 96  0.00740  1.30142e+05
 97  0.00752  1.48249e+05 | 98  0.01866  1.69536e+05 | 99  0.01714  1.80161e+05
100  0.01867  1.80338e+05 |101  0.00000  0.00000e+00 |102 -0.40067 -5.81319e+06
103 -0.55674  3.71473e+06 |104 -0.99475 -8.82418e+01 |105  0.30421 -8.37448e+03
Estimating row 1 out of 105 for hessian
Estimating row 2 out of 105 for hessian
Estimating row 3 out of 105 for hessian
Estimating row 4 out of 105 for hessian
Estimating row 5 out of 105 for hessian
Estimating row 6 out of 105 for hessian
Estimating row 7 out of 105 for hessian
Estimating row 8 out of 105 for hessian
Estimating row 9 out of 105 for hessian
Estimating row 10 out of 105 for hessian
Estimating row 11 out of 105 for hessian
Estimating row 12 out of 105 for hessian
Estimating row 13 out of 105 for hessian
Estimating row 14 out of 105 for hessian
Estimating row 15 out of 105 for hessian
Estimating row 16 out of 105 for hessian
Estimating row 17 out of 105 for hessian
Estimating row 18 out of 105 for hessian
Estimating row 19 out of 105 for hessian
Estimating row 20 out of 105 for hessian
Estimating row 21 out of 105 for hessian
Estimating row 22 out of 105 for hessian
Estimating row 23 out of 105 for hessian
Estimating row 24 out of 105 for hessian
Estimating row 25 out of 105 for hessian
Estimating row 26 out of 105 for hessian
Estimating row 27 out of 105 for hessian
Estimating row 28 out of 105 for hessian
Estimating row 29 out of 105 for hessian
Estimating row 30 out of 105 for hessian
Estimating row 31 out of 105 for hessian
Estimating row 32 out of 105 for hessian
Estimating row 33 out of 105 for hessian
Estimating row 34 out of 105 for hessian
Estimating row 35 out of 105 for hessian
Estimating row 36 out of 105 for hessian
Estimating row 37 out of 105 for hessian
Estimating row 38 out of 105 for hessian
Estimating row 39 out of 105 for hessian
Estimating row 40 out of 105 for hessian
Estimating row 41 out of 105 for hessian
Estimating row 42 out of 105 for hessian
Estimating row 43 out of 105 for hessian
Estimating row 44 out of 105 for hessian
Estimating row 45 out of 105 for hessian
Estimating row 46 out of 105 for hessian
Estimating row 47 out of 105 for hessian
Estimating row 48 out of 105 for hessian
Estimating row 49 out of 105 for hessian
Estimating row 50 out of 105 for hessian
Estimating row 51 out of 105 for hessian
Estimating row 52 out of 105 for hessian
Estimating row 53 out of 105 for hessian
Estimating row 54 out of 105 for hessian
Estimating row 55 out of 105 for hessian
Estimating row 56 out of 105 for hessian
Estimating row 57 out of 105 for hessian
Estimating row 58 out of 105 for hessian
Estimating row 59 out of 105 for hessian
Estimating row 60 out of 105 for hessian
Estimating row 61 out of 105 for hessian
Estimating row 62 out of 105 for hessian
Estimating row 63 out of 105 for hessian
Estimating row 64 out of 105 for hessian
Estimating row 65 out of 105 for hessian
Estimating row 66 out of 105 for hessian
Estimating row 67 out of 105 for hessian
Estimating row 68 out of 105 for hessian
Estimating row 69 out of 105 for hessian
Estimating row 70 out of 105 for hessian
Estimating row 71 out of 105 for hessian
Estimating row 72 out of 105 for hessian
Estimating row 73 out of 105 for hessian
Estimating row 74 out of 105 for hessian
Estimating row 75 out of 105 for hessian
Estimating row 76 out of 105 for hessian
Estimating row 77 out of 105 for hessian
Estimating row 78 out of 105 for hessian
Estimating row 79 out of 105 for hessian
Estimating row 80 out of 105 for hessian
Estimating row 81 out of 105 for hessian
Estimating row 82 out of 105 for hessian
Estimating row 83 out of 105 for hessian
Estimating row 84 out of 105 for hessian
Estimating row 85 out of 105 for hessian
Estimating row 86 out of 105 for hessian
Estimating row 87 out of 105 for hessian
Estimating row 88 out of 105 for hessian
Estimating row 89 out of 105 for hessian
Estimating row 90 out of 105 for hessian
Estimating row 91 out of 105 for hessian
Estimating row 92 out of 105 for hessian
Estimating row 93 out of 105 for hessian
Estimating row 94 out of 105 for hessian
Estimating row 95 out of 105 for hessian
Estimating row 96 out of 105 for hessian
Estimating row 97 out of 105 for hessian
Estimating row 98 out of 105 for hessian
Estimating row 99 out of 105 for hessian
Estimating row 100 out of 105 for hessian
Estimating row 101 out of 105 for hessian
Estimating row 102 out of 105 for hessian
Estimating row 103 out of 105 for hessian
Estimating row 104 out of 105 for hessian
Estimating row 105 out of 105 for hessian
Warning -- Hessian does not appear to be positive definite
Hessian does not appear to be positive definite.
size of file gradfil1.tmp = 0
size of file gradfil2.tmp = 0
size of file varssave.tmp = 0
size of file cmpdiff.tmp = 0
