
Initial statistics: 1 variables; iteration 0; function evaluation 0; phase 1
Function value 8.4035132e+06; maximum gradient component mag -1.0854e+07
Var    Value     Gradient |Var    Value     Gradient |Var    Value     Gradient
  1  0.63197 -1.08544e+07 |
  ic > imax  in fminim is answer attained ?
Var    Value     Gradient |Var    Value     Gradient |Var    Value     Gradient
  1  1.21413 -1.68106e+03 |
Function minimizer not making progress ... is minimum attained?
Minimprove criterion = 0.0000e+00

 - final statistics:
1 variables; iteration 5; function evaluation 43
Function value 9.8198e+02; maximum gradient component mag -1.6811e+03
Exit code = 1;  converg criter 1.0000e+01
Var    Value     Gradient |Var    Value     Gradient |Var    Value     Gradient
  1  1.21413 -1.68106e+03 |

Initial statistics: 98 variables; iteration 0; function evaluation 0; phase 2
Function value 9.7944691e+02; maximum gradient component mag 5.3828e+03
Var    Value     Gradient |Var    Value     Gradient |Var    Value     Gradient
  1  0.78587  5.38275e+03 |  2  0.00000 -2.78205e+02 |  3  0.00000 -2.78048e+02
  4  0.00000 -2.77845e+02 |  5  0.00000 -2.77584e+02 |  6  0.00000 -2.77455e+02
  7  0.00000 -2.76842e+02 |  8  0.00000 -2.76344e+02 |  9  0.00000 -2.75769e+02
 10  0.00000 -2.75149e+02 | 11  0.00000 -2.74556e+02 | 12  0.00000 -2.74093e+02
 13  0.00000 -2.73854e+02 | 14  0.00000 -2.73736e+02 | 15  0.00000 -2.72069e+02
 16  0.00000 -2.70801e+02 | 17  0.00000 -2.64067e+02 | 18  0.00000 -2.52322e+02
 19  0.00000 -2.53346e+02 | 20  0.00000 -2.36165e+02 | 21  0.00000 -2.52939e+02
 22  0.00000 -2.55246e+02 | 23  0.00000 -2.53842e+02 | 24  0.00000 -2.62431e+02
 25  0.00000 -2.52828e+02 | 26  0.00000 -2.48525e+02 | 27  0.00000 -2.47185e+02
 28  0.00000 -2.38139e+02 | 29  0.00000 -2.28153e+02 | 30  0.00000 -2.35893e+02
 31  0.00000 -2.40205e+02 | 32  0.00000 -2.37125e+02 | 33  0.00000 -2.38029e+02
 34  0.00000 -2.19496e+02 | 35  0.00000 -2.10645e+02 | 36  0.00000 -2.26294e+02
 37  0.00000 -2.29429e+02 | 38  0.00000 -2.31015e+02 | 39  0.00000 -2.34591e+02
 40  0.00000 -2.36491e+02 | 41  0.00000 -2.07623e+02 | 42  0.00000 -2.07069e+02
 43  0.00000 -1.97398e+02 | 44  0.00000 -1.83671e+02 | 45  0.00000 -2.05204e+02
 46  0.00000 -1.96575e+02 | 47  0.00000 -1.98751e+02 | 48  0.00000 -1.89724e+02
 49  0.00000 -1.79748e+02 | 50  0.00000 -1.13297e+02 | 51  0.00000 -1.24161e+02
 52  0.00000 -1.26436e+02 | 53  0.00000 -1.00534e+02 | 54  0.00000 -1.13204e+02
 55  0.00000 -1.02393e+02 | 56  0.00000 -9.20920e+01 | 57  0.00000 -9.59006e+01
 58  0.00000 -2.74762e+01 | 59  0.00000  1.93246e+00 | 60  0.00000 -4.08790e+01
 61  0.00000  1.13043e+02 | 62  0.00000  1.14601e+02 | 63  0.00000 -7.09253e+01
 64  0.00000  2.48659e+02 | 65  0.00000  3.85762e+02 | 66  0.00000  7.46394e+01
 67  0.00000  4.38023e+02 | 68  0.00000  1.17610e+03 | 69  0.00000  1.17270e+02
 70  0.00000  4.92763e+02 | 71  0.00000  6.69155e+02 | 72  0.00000  6.97883e+02
 73  0.00000  1.03407e+03 | 74  0.00000  3.45724e+02 | 75  0.00000  1.16177e+03
 76  0.00000  7.65131e+02 | 77  0.00000  2.89485e+02 | 78  0.00000  6.37112e+02
 79  0.00000  1.01696e+03 | 80  0.00000  4.98482e+02 | 81  0.00000  1.13246e+03
 82  0.00000  7.85799e+02 | 83  0.00000  2.23422e+02 | 84  0.00000 -8.06348e+01
 85  0.00000  9.43095e+02 | 86  0.00000  2.02223e+01 | 87  0.00000  5.17904e+02
 88  0.00000 -1.34281e+02 | 89  0.00000  2.82234e+02 | 90  0.00000  2.18061e+02
 91  0.00000  4.32128e+02 | 92  0.00000 -1.32682e+02 | 93  0.00000 -9.93341e+02
 94  0.00000 -2.46226e+02 | 95  0.00000 -2.78222e+02 | 96  0.00000 -2.78690e+02
 97 -0.03546  1.34158e+02 | 98 -0.31026 -2.66116e+02 |

Intermediate statistics: 98 variables; iteration 20; function evaluation 29; phase 2
Function value 6.2488178e+02; maximum gradient component mag 1.4776e+02
Var    Value     Gradient |Var    Value     Gradient |Var    Value     Gradient
  1  0.74858  7.07192e+01 |  2  0.00140 -5.31410e+00 |  3  0.00141 -5.44712e+00
  4  0.00142 -5.62194e+00 |  5  0.00145 -5.85052e+00 |  6  0.00164 -6.10336e+00
  7  0.00155 -6.52882e+00 |  8  0.00166 -7.01315e+00 |  9  0.00185 -7.61722e+00
 10  0.00220 -8.35150e+00 | 11  0.00280 -9.21108e+00 | 12  0.00382 -1.01638e+01
 13  0.00547 -1.11342e+01 | 14  0.00782 -1.20399e+01 | 15  0.00911 -1.34032e+01
 16  0.01098 -1.46128e+01 | 17  0.00672 -1.76980e+01 | 18 -0.00199 -2.15263e+01
 19  0.00067 -2.12821e+01 | 20 -0.01063 -2.46544e+01 | 21  0.00610 -2.09905e+01
 22  0.01128 -1.96549e+01 | 23  0.00854 -1.97239e+01 | 24  0.02248 -1.47530e+01
 25  0.01121 -1.81786e+01 | 26  0.00745 -1.85500e+01 | 27  0.00743 -1.72834e+01
 28 -0.00029 -1.79863e+01 | 29 -0.00668 -1.72688e+01 | 30  0.00182 -1.40515e+01
 31  0.00787 -1.11955e+01 | 32  0.00295 -1.05670e+01 | 33  0.00378 -8.17230e+00
 34 -0.00775 -8.09945e+00 | 35 -0.00821 -7.59624e+00 | 36  0.00334 -4.47201e+00
 37  0.00454 -1.77980e+00 | 38  0.00640  4.26181e-01 | 39  0.00903  2.99972e+00
 40  0.01273  4.61006e+00 | 41 -0.00059  1.79974e+00 | 42 -0.00038  4.46125e+00
 43 -0.00298  6.02542e+00 | 44 -0.00751  7.47740e+00 | 45  0.00824  1.27184e+01
 46  0.01305  1.37495e+01 | 47  0.01737  1.83941e+01 | 48  0.01559  2.06617e+01
 49  0.01510  2.43460e+01 | 50 -0.00665  1.75762e+01 | 51  0.00516  2.43661e+01
 52  0.01325  3.07956e+01 | 53  0.00722  3.33077e+01 | 54  0.02223  4.19449e+01
 55  0.02617  4.71773e+01 | 56  0.03289  5.18046e+01 | 57  0.04013  6.19963e+01
 58  0.01769  5.70767e+01 | 59  0.01382  5.90612e+01 | 60  0.03287  8.41892e+01
 61  0.00041  5.16674e+01 | 62 -0.00025  6.48793e+01 | 63  0.04134  1.47761e+02
 64 -0.01575  4.82326e+01 | 65 -0.02935  1.46681e+01 | 66  0.01634  1.19910e+02
 67 -0.01301  2.37184e+01 | 68 -0.08279 -1.18180e+02 | 69  0.01152  4.53120e+01
 70 -0.01145  1.58601e+01 | 71 -0.00804  1.47151e+01 | 72 -0.02031 -9.94227e+00
 73 -0.02796 -5.04488e+01 | 74  0.00380  2.47646e+01 | 75 -0.03436 -6.79034e+01
 76 -0.01843 -2.08780e+00 | 77  0.00592 -3.10211e+01 | 78 -0.01657 -2.44140e+01
 79 -0.03174 -8.75835e+01 | 80 -0.00923 -2.05608e+01 | 81 -0.03877 -9.30351e+01
 82 -0.03297 -6.35402e+01 | 83 -0.00265 -7.72191e+01 | 84  0.01259 -4.88617e+01
 85 -0.04577 -1.26452e+02 | 86  0.00843  1.27083e+01 | 87 -0.02539 -8.18042e+01
 88  0.00525 -3.78616e+00 | 89 -0.02238 -7.89039e+01 | 90 -0.03764 -8.19278e+01
 91 -0.05027 -1.41694e+02 | 92  0.00119 -1.84924e+01 | 93  0.04945  7.68527e+01
 94 -0.00797 -1.12880e+01 | 95  0.00124 -5.01276e+00 | 96  0.00139 -4.90983e+00
 97  0.00959  7.96844e+01 | 98 -0.22124  5.49158e+01 |
98 variables; iteration 40; function evaluation 55; phase 2
Function value 6.1998593e+02; maximum gradient component mag 1.9996e+02
Var    Value     Gradient |Var    Value     Gradient |Var    Value     Gradient
  1  0.74935  1.99961e+02 |  2 -0.00064 -1.20424e+01 |  3 -0.00063 -1.21841e+01
  4 -0.00063 -1.23701e+01 |  5 -0.00061 -1.26132e+01 |  6 -0.00039 -1.28410e+01
  7 -0.00053 -1.33319e+01 |  8 -0.00043 -1.38403e+01 |  9 -0.00025 -1.44638e+01
 10  0.00010 -1.51934e+01 | 11  0.00076 -1.59725e+01 | 12  0.00197 -1.66442e+01
 13  0.00416 -1.68658e+01 | 14  0.00764 -1.63425e+01 | 15  0.00957 -1.69907e+01
 16  0.01210 -1.74835e+01 | 17  0.00610 -2.27121e+01 | 18 -0.00582 -3.09309e+01
 19 -0.00178 -2.89168e+01 | 20 -0.01401 -3.32799e+01 | 21  0.00938 -2.11248e+01
 22  0.01759 -1.71465e+01 | 23  0.01882 -1.26022e+01 | 24  0.00429 -3.87402e+01
 25  0.02111 -1.15058e+01 | 26  0.01275 -1.65855e+01 | 27  0.00897 -1.98440e+01
 28 -0.00184 -2.49116e+01 | 29 -0.00564 -2.08299e+01 | 30  0.00411 -1.55625e+01
 31  0.01137 -1.16880e+01 | 32  0.00307 -1.60934e+01 | 33  0.00462 -1.34616e+01
 34 -0.00237 -5.49492e+00 | 35 -0.00138 -9.37573e-01 | 36  0.00541 -6.98194e+00
 37  0.00640 -4.92836e+00 | 38  0.00743 -4.54741e+00 | 39  0.00845 -5.77626e+00
 40  0.01044 -9.00620e+00 | 41 -0.00157 -6.80968e+00 | 42 -0.00167 -5.64714e+00
 43 -0.00317 -2.94026e+00 | 44 -0.00543  2.50002e+00 | 45  0.01313  1.41729e+01
 46  0.00990 -5.27778e-01 | 47  0.01483  3.86674e+00 | 48  0.01207  3.82311e+00
 49  0.01487  1.26725e+01 | 50 -0.01338 -6.60179e+00 | 51  0.00265  8.78851e+00
 52  0.00709  6.15788e+00 | 53  0.00350  1.28487e+01 | 54  0.01702  1.41744e+01
 55  0.02430  2.67320e+01 | 56  0.02998  2.45917e+01 | 57  0.03819  3.00010e+01
 58  0.00542  5.81401e+00 | 59  0.00914  2.03882e+01 | 60  0.02755  3.32140e+01
 61  0.00079  3.72598e+01 | 62  0.00615  6.93162e+01 | 63  0.03916  8.78027e+01
 64 -0.01916  8.84678e+00 | 65 -0.02313  3.79876e+01 | 66  0.01476  6.90478e+01
 67 -0.01160  3.32415e+01 | 68 -0.06826 -1.50749e+01 | 69  0.01170  5.05631e+01
 70 -0.01046  3.26845e+01 | 71 -0.00735  3.43560e+01 | 72 -0.01895  2.06078e+01
 73 -0.02475  1.89394e+01 | 74  0.00359  4.90582e+01 | 75 -0.03197 -1.57967e+01
 76 -0.01878  2.05108e+01 | 77  0.00622  1.68021e+01 | 78 -0.01606  1.57401e+01
 79 -0.02958 -3.14216e+01 | 80 -0.01210 -4.02983e+01 | 81 -0.03536 -1.02700e+01
 82 -0.03068 -8.71783e+00 | 83 -0.00142 -1.89124e+01 | 84  0.01367  1.74242e+01
 85 -0.04026 -4.47472e+01 | 86  0.00801  3.84907e+01 | 87 -0.02322 -4.17454e+01
 88  0.00397 -1.75425e+01 | 89 -0.01918 -3.06123e+01 | 90 -0.03092 -1.32187e+01
 91 -0.04104 -4.87545e+01 | 92 -0.00009 -1.61079e+01 | 93  0.04778  2.57723e+01
 94 -0.00658 -1.19281e+01 | 95 -0.00077 -1.16838e+01 | 96 -0.00063 -1.16123e+01
 97  0.00482  4.94298e+01 | 98 -0.21997  2.54899e+01 |
98 variables; iteration 60; function evaluation 86; phase 2
Function value 6.1798698e+02; maximum gradient component mag -3.3410e+01
Var    Value     Gradient |Var    Value     Gradient |Var    Value     Gradient
  1  0.75111 -3.34098e+01 |  2  0.00093  1.57751e+00 |  3  0.00097  1.48134e+00
  4  0.00102  1.35617e+00 |  5  0.00110  1.19478e+00 |  6  0.00134  9.96677e-01
  7  0.00137  7.31959e-01 |  8  0.00162  4.14887e-01 |  9  0.00200  2.54864e-02
 10  0.00255 -4.75824e-01 | 11  0.00331 -1.21123e+00 | 12  0.00429 -2.35310e+00
 13  0.00588 -3.57452e+00 | 14  0.00797 -5.05491e+00 | 15  0.00903 -6.92210e+00
 16  0.01103 -8.25875e+00 | 17  0.00891 -8.80469e+00 | 18  0.00259 -9.30594e+00
 19  0.00490 -9.66300e+00 | 20 -0.00527 -1.03518e+01 | 21  0.00722 -1.34681e+01
 22  0.01307 -1.23522e+01 | 23  0.01012 -1.26660e+01 | 24  0.02220 -1.06985e+01
 25  0.01258 -1.23099e+01 | 26  0.00895 -1.28081e+01 | 27  0.00943 -1.15066e+01
 28  0.00362 -9.79408e+00 | 29 -0.00308 -9.73620e+00 | 30  0.00494 -7.77325e+00
 31  0.00846 -8.44894e+00 | 32  0.00500 -6.68093e+00 | 33  0.00540 -6.02033e+00
 34 -0.00606 -6.09285e+00 | 35 -0.00710 -6.38931e+00 | 36  0.00372 -4.19875e+00
 37  0.00431 -3.50947e+00 | 38  0.00579 -2.93468e+00 | 39  0.00814 -2.72639e+00
 40  0.01123 -3.31581e+00 | 41 -0.00181 -1.95432e+00 | 42 -0.00221 -1.92464e+00
 43 -0.00547 -2.58561e+00 | 44 -0.01007 -2.54679e+00 | 45  0.00575 -5.71923e-01
 46  0.00936 -9.06291e-01 | 47  0.01295 -1.04545e+00 | 48  0.01073 -1.26364e+00
 49  0.01010 -1.15214e+00 | 50 -0.01102  5.69867e-01 | 51 -0.00128 -7.61197e-01
 52  0.00695 -5.09111e-01 | 53 -0.00065 -2.19290e-01 | 54  0.01636  6.42046e-01
 55  0.01814 -1.83034e+00 | 56  0.02850  2.89910e-01 | 57  0.03942  2.21463e+00
 58  0.01301  4.53545e+00 | 59  0.00944  2.82563e+00 | 60  0.02865  2.63326e+00
 61 -0.00246  2.51038e+00 | 62 -0.00395  2.01499e+00 | 63  0.03625  6.71356e-01
 64 -0.01514  6.44683e+00 | 65 -0.02540  4.86179e+00 | 66  0.01346  3.46415e+00
 67 -0.01201  4.62968e+00 | 68 -0.06533  7.67009e+00 | 69  0.01101  9.74439e+00
 70 -0.01079  8.45195e+00 | 71 -0.00806  8.10496e+00 | 72 -0.01908  8.27648e+00
 73 -0.02527  8.25668e+00 | 74  0.00242  9.90378e+00 | 75 -0.03058  1.18260e+01
 76 -0.01943  9.73679e+00 | 77  0.00605  1.23388e+01 | 78 -0.01653  9.77130e+00
 79 -0.02775  1.20211e+01 | 80 -0.00964  1.30684e+01 | 81 -0.03480  7.40257e+00
 82 -0.02997  1.04098e+01 | 83 -0.00064  1.03130e+01 | 84  0.01264  8.33853e+00
 85 -0.03723  1.16320e+01 | 86  0.00541  2.83954e+00 | 87 -0.02155  5.11514e+00
 88  0.00455  7.73668e+00 | 89 -0.01784  5.57578e+00 | 90 -0.03046  3.73428e+00
 91 -0.03775  6.07027e+00 | 92 -0.00089  2.49075e+00 | 93  0.04522 -1.66501e+00
 94 -0.00614  1.14482e+00 | 95  0.00071  1.86823e+00 | 96  0.00083  1.87433e+00
 97 -0.00093 -9.14611e+00 | 98 -0.21996 -2.35261e+00 |
Maximum number of function evaluations exceeded

 - final statistics:
98 variables; iteration 69; function evaluation 100
Function value 6.1792e+02; maximum gradient component mag -9.7879e+01
Exit code = 3;  converg criter 1.0000e+01
Var    Value     Gradient |Var    Value     Gradient |Var    Value     Gradient
  1  0.75145 -9.78786e+01 |  2  0.00097  4.48860e+00 |  3  0.00102  4.40943e+00
  4  0.00108  4.30966e+00 |  5  0.00118  4.18645e+00 |  6  0.00146  4.05064e+00
  7  0.00153  3.86079e+00 |  8  0.00184  3.64058e+00 |  9  0.00224  3.30873e+00
 10  0.00267  2.64497e+00 | 11  0.00297  1.28793e+00 | 12  0.00379 -1.42436e-02
 13  0.00735  1.48353e+00 | 14  0.00824 -1.54086e+00 | 15  0.00927 -3.37658e+00
 16  0.01170 -4.13109e+00 | 17  0.01045 -3.54443e+00 | 18  0.00270 -5.91879e+00
 19  0.00409 -7.61028e+00 | 20 -0.00457 -6.18511e+00 | 21  0.00859 -8.59215e+00
 22  0.01365 -8.43255e+00 | 23  0.01049 -9.05755e+00 | 24  0.02204 -7.66490e+00
 25  0.01256 -9.27860e+00 | 26  0.00851 -1.03813e+01 | 27  0.00954 -8.57819e+00
 28  0.00379 -6.88991e+00 | 29 -0.00279 -6.79131e+00 | 30  0.00568 -4.34597e+00
 31  0.00730 -7.45901e+00 | 32  0.00442 -5.12557e+00 | 33  0.00522 -4.07210e+00
 34 -0.00626 -4.21283e+00 | 35 -0.00694 -3.98214e+00 | 36  0.00354 -2.40676e+00
 37  0.00399 -1.97132e+00 | 38  0.00529 -1.91225e+00 | 39  0.00692 -3.01865e+00
 40  0.01267  1.21500e+00 | 41 -0.00236 -9.41406e-01 | 42 -0.00268 -8.90908e-01
 43 -0.00467  5.70422e-01 | 44 -0.00823  2.69049e+00 | 45  0.00601  9.35125e-01
 46  0.00974  9.03289e-01 | 47  0.01325  3.53509e-01 | 48  0.01040 -8.90958e-01
 49  0.01065  4.02262e-01 | 50 -0.01050  2.54615e+00 | 51 -0.00110  1.79931e-01
 52  0.00699 -2.74665e-01 | 53 -0.00039  4.95886e-01 | 54  0.01719  1.25094e+00
 55  0.01825 -3.12117e+00 | 56  0.02913 -1.13465e+00 | 57  0.03831 -3.86804e+00
 58  0.01154 -8.55988e-01 | 59  0.00862 -2.22789e+00 | 60  0.02861 -2.60921e+00
 61 -0.00336 -3.32613e+00 | 62 -0.00520 -5.30885e+00 | 63  0.03657 -7.06660e+00
 64 -0.01580  3.21542e-03 | 65 -0.02599 -1.37007e+00 | 66  0.01336 -5.76349e+00
 67 -0.01225 -2.49727e+00 | 68 -0.06587  3.34225e+00 | 69  0.01087 -3.67405e-01
 70 -0.01099  8.36126e-01 | 71 -0.00815  1.88803e+00 | 72 -0.01927  2.03404e+00
 73 -0.02537  4.07704e+00 | 74  0.00231  1.86510e+00 | 75 -0.03069  8.01496e+00
 76 -0.01956  4.83098e+00 | 77  0.00598  5.30669e+00 | 78 -0.01667  5.06845e+00
 79 -0.02785  8.96451e+00 | 80 -0.00979  8.09587e+00 | 81 -0.03487  6.29169e+00
 82 -0.03014  8.20131e+00 | 83 -0.00072  7.37689e+00 | 84  0.01254  4.46717e+00
 85 -0.03733  1.14887e+01 | 86  0.00535  1.86213e+00 | 87 -0.02157  6.27595e+00
 88  0.00445  7.23566e+00 | 89 -0.01785  7.71202e+00 | 90 -0.03053  5.77555e+00
 91 -0.03773  9.22705e+00 | 92 -0.00089  5.39342e+00 | 93  0.04523  1.29128e+00
 94 -0.00668  3.01480e+00 | 95  0.00072  4.71955e+00 | 96  0.00086  4.74616e+00
 97 -0.00098 -1.43120e+01 | 98 -0.21967 -2.86048e+00 |

Initial statistics: 100 variables; iteration 0; function evaluation 0; phase 3
Function value 6.1791918e+02; maximum gradient component mag -2.9903e+02
Var    Value     Gradient |Var    Value     Gradient |Var    Value     Gradient
  1  0.75145 -9.78786e+01 |  2  0.00097  4.38662e+00 |  3  0.00102  4.30745e+00
  4  0.00108  4.20768e+00 |  5  0.00118  4.08447e+00 |  6  0.00146  3.94866e+00
  7  0.00153  3.75881e+00 |  8  0.00184  3.53860e+00 |  9  0.00224  3.20675e+00
 10  0.00267  2.54299e+00 | 11  0.00297  1.18595e+00 | 12  0.00379 -1.16220e-01
 13  0.00735  1.38156e+00 | 14  0.00823 -1.64283e+00 | 15  0.00927 -3.47855e+00
 16  0.01169 -4.23305e+00 | 17  0.01045 -3.64640e+00 | 18  0.00270 -6.02077e+00
 19  0.00409 -7.71226e+00 | 20 -0.00458 -6.28709e+00 | 21  0.00858 -8.69412e+00
 22  0.01365 -8.53451e+00 | 23  0.01049 -9.15951e+00 | 24  0.02204 -7.76682e+00
 25  0.01256 -9.38056e+00 | 26  0.00851 -1.04833e+01 | 27  0.00954 -8.68016e+00
 28  0.00379 -6.99189e+00 | 29 -0.00280 -6.89329e+00 | 30  0.00568 -4.44794e+00
 31  0.00730 -7.56098e+00 | 32  0.00441 -5.22754e+00 | 33  0.00522 -4.17407e+00
 34 -0.00626 -4.31480e+00 | 35 -0.00694 -4.08411e+00 | 36  0.00354 -2.50873e+00
 37  0.00399 -2.07329e+00 | 38  0.00529 -2.01423e+00 | 39  0.00691 -3.12062e+00
 40  0.01266  1.11304e+00 | 41 -0.00236 -1.04338e+00 | 42 -0.00268 -9.92886e-01
 43 -0.00467  4.68446e-01 | 44 -0.00823  2.58852e+00 | 45  0.00600  8.33151e-01
 46  0.00974  8.01322e-01 | 47  0.01325  2.51553e-01 | 48  0.01040 -9.92923e-01
 49  0.01065  3.00297e-01 | 50 -0.01051  2.44418e+00 | 51 -0.00111  7.79521e-02
 52  0.00699 -3.76637e-01 | 53 -0.00039  3.93908e-01 | 54  0.01719  1.14900e+00
 55  0.01824 -3.22311e+00 | 56  0.02913 -1.23652e+00 | 57  0.03831 -3.96983e+00
 58  0.01154 -9.57950e-01 | 59  0.00862 -2.32986e+00 | 60  0.02861 -2.71108e+00
 61 -0.00336 -3.42811e+00 | 62 -0.00520 -5.41083e+00 | 63  0.03657 -7.16841e+00
 64 -0.01580 -9.87317e-02 | 65 -0.02599 -1.47196e+00 | 66  0.01336 -5.86545e+00
 67 -0.01225 -2.59923e+00 | 68 -0.06588  3.24081e+00 | 69  0.01086 -4.69369e-01
 70 -0.01100  7.34162e-01 | 71 -0.00815  1.78606e+00 | 72 -0.01927  1.93211e+00
 73 -0.02537  3.97514e+00 | 74  0.00231  1.76312e+00 | 75 -0.03069  7.91310e+00
 76 -0.01956  4.72905e+00 | 77  0.00598  5.20472e+00 | 78 -0.01667  4.96650e+00
 79 -0.02786  8.86263e+00 | 80 -0.00979  7.99391e+00 | 81 -0.03487  6.18987e+00
 82 -0.03014  8.09944e+00 | 83 -0.00073  7.27491e+00 | 84  0.01254  4.36521e+00
 85 -0.03733  1.13869e+01 | 86  0.00535  1.76015e+00 | 87 -0.02158  6.17403e+00
 88  0.00445  7.13369e+00 | 89 -0.01785  7.61008e+00 | 90 -0.03053  5.67369e+00
 91 -0.03773  9.12525e+00 | 92 -0.00089  5.29144e+00 | 93  0.04523  1.18956e+00
 94 -0.00669  2.91283e+00 | 95  0.00072  4.61757e+00 | 96  0.00085  4.64418e+00
 97 -0.00098 -1.43120e+01 | 98 -0.41581  2.32092e+01 | 99 -0.21967 -2.86048e+00
100 -0.25275 -2.99030e+02 |

Intermediate statistics: 100 variables; iteration 20; function evaluation 26; phase 3
Function value 6.1409457e+02; maximum gradient component mag -2.3953e+02
Var    Value     Gradient |Var    Value     Gradient |Var    Value     Gradient
  1  0.75112 -2.39528e+02 |  2  0.00088  1.13279e+01 |  3  0.00092  1.12131e+01
  4  0.00098  1.10640e+01 |  5  0.00107  1.08723e+01 |  6  0.00133  1.06342e+01
  7  0.00138  1.03184e+01 |  8  0.00164  9.92100e+00 |  9  0.00201  9.37886e+00
 10  0.00245  8.54465e+00 | 11  0.00293  7.19152e+00 | 12  0.00387  5.72546e+00
 13  0.00655  5.58025e+00 | 14  0.00798  2.79806e+00 | 15  0.00918  5.96978e-01
 16  0.01121 -1.28718e+00 | 17  0.00929 -1.94506e+00 | 18  0.00245 -3.11802e+00
 19  0.00407 -4.76684e+00 | 20 -0.00436 -2.70814e+00 | 21  0.00855 -6.58383e+00
 22  0.01256 -8.34770e+00 | 23  0.01047 -7.46484e+00 | 24  0.01913 -9.90946e+00
 25  0.01217 -8.43494e+00 | 26  0.00904 -8.20706e+00 | 27  0.00903 -7.52977e+00
 28  0.00322 -5.37698e+00 | 29 -0.00278 -3.82076e+00 | 30  0.00524 -2.74480e+00
 31  0.00713 -5.50536e+00 | 32  0.00384 -3.40086e+00 | 33  0.00458 -2.36660e+00
 34 -0.00600  2.41505e-02 | 35 -0.00571  2.08518e+00 | 36  0.00307  2.42669e-01
 37  0.00347  6.47166e-01 | 38  0.00491  9.94324e-01 | 39  0.00705  7.44862e-01
 40  0.01271  4.23980e+00 | 41 -0.00253  2.60106e+00 | 42 -0.00277  2.63522e+00
 43 -0.00490  3.92825e+00 | 44 -0.00857  6.15259e+00 | 45  0.00710  6.17349e+00
 46  0.00921  2.74796e+00 | 47  0.01269  1.54590e+00 | 48  0.01042  8.73858e-01
 49  0.01051  1.78037e+00 | 50 -0.01018  5.63381e+00 | 51 -0.00137  1.31657e+00
 52  0.00659 -6.18994e-01 | 53 -0.00071  5.76185e-01 | 54  0.01629 -2.01368e+00
 55  0.01927 -4.07118e+00 | 56  0.02805 -8.03084e+00 | 57  0.03756 -1.37703e+01
 58  0.01102 -5.95786e+00 | 59  0.00855 -6.78702e+00 | 60  0.02893 -1.14345e+01
 61 -0.00322 -7.42921e+00 | 62 -0.00505 -9.53205e+00 | 63  0.03673 -2.40775e+01
 64 -0.01618 -5.48591e+00 | 65 -0.02672 -8.07321e+00 | 66  0.01221 -2.59965e+01
 67 -0.01359 -1.62834e+01 | 68 -0.06796 -3.15556e+00 | 69  0.01189 -2.91646e+01
 70 -0.01286 -1.64762e+01 | 71 -0.00669 -1.63090e+01 | 72 -0.02099 -1.26094e+01
 73 -0.02301  3.75173e+00 | 74  0.00048 -1.82074e+01 | 75 -0.02821  1.10627e+01
 76 -0.02241 -1.33951e+01 | 77  0.00771 -1.01728e+00 | 78 -0.01891 -7.20575e+00
 79 -0.02525  1.72786e+01 | 80 -0.01139  3.31600e+00 | 81 -0.03262  1.55449e+01
 82 -0.03248  2.23200e+00 | 83  0.00144  9.35859e+00 | 84  0.01192  1.98211e+01
 85 -0.03394  2.93268e+01 | 86  0.00438  1.20101e+01 | 87 -0.01858  1.84856e+01
 88  0.00353  1.42233e+01 | 89 -0.01419  2.34713e+01 | 90 -0.03111  9.11525e+00
 91 -0.03117  4.02616e+01 | 92 -0.00066  1.14480e+01 | 93  0.05267  2.70210e+01
 94 -0.00798  9.22636e+00 | 95  0.00063  1.16541e+01 | 96  0.00077  1.16845e+01
 97  0.00409 -2.62609e+01 | 98 -0.41334  3.99727e+01 | 99 -0.16785  1.55920e+01
100 -0.23357 -1.99913e+02 |
100 variables; iteration 40; function evaluation 50; phase 3
Function value 6.1189722e+02; maximum gradient component mag -5.7666e+01
Var    Value     Gradient |Var    Value     Gradient |Var    Value     Gradient
  1  0.75610  5.33766e+00 |  2  0.00138  3.25106e-01 |  3  0.00143  3.16075e-01
  4  0.00151  3.16627e-01 |  5  0.00164  3.38694e-01 |  6  0.00199  4.38017e-01
  7  0.00213  5.31006e-01 |  8  0.00256  7.29143e-01 |  9  0.00308  8.69590e-01
 10  0.00341  4.31244e-01 | 11  0.00302 -1.47388e+00 | 12  0.00343 -2.73796e+00
 13  0.00971  3.48140e+00 | 14  0.00912 -6.65016e-01 | 15  0.01040 -1.13625e+00
 16  0.01352  2.75147e-01 | 17  0.01325  3.08026e+00 | 18  0.00409 -1.46383e+00
 19  0.00465 -3.95303e+00 | 20 -0.00551 -5.89140e+00 | 21  0.01066 -1.66992e+00
 22  0.01431 -1.86780e+00 | 23  0.01263 -1.55394e+00 | 24  0.02024 -2.72446e+00
 25  0.01418 -1.77344e+00 | 26  0.01119 -2.11542e+00 | 27  0.01124 -1.43495e+00
 28  0.00578 -3.60383e-01 | 29 -0.00205 -3.58814e+00 | 30  0.00723  6.78916e-01
 31  0.00884 -1.76288e+00 | 32  0.00628  3.98858e-01 | 33  0.00731  1.32227e+00
 34 -0.00606 -4.24662e+00 | 35 -0.00520 -2.45659e+00 | 36  0.00561  1.62327e+00
 37  0.00652  2.72471e+00 | 38  0.00723  1.48188e+00 | 39  0.00728 -2.80948e+00
 40  0.01261 -7.05270e-01 | 41 -0.00231 -1.67092e+00 | 42 -0.00293 -2.30820e+00
 43 -0.00556 -2.89474e+00 | 44 -0.01023 -4.17021e+00 | 45  0.00877  4.28410e+00
 46  0.01047  1.62590e+00 | 47  0.01386  1.53002e+00 | 48  0.00948 -2.22535e+00
 49  0.00913 -3.38299e+00 | 50 -0.01217 -3.10382e+00 | 51 -0.00246 -2.27045e+00
 52  0.00592 -1.19426e+00 | 53 -0.00280 -3.37301e+00 | 54  0.01552 -5.95842e-02
 55  0.01787 -1.26487e+00 | 56  0.02803  2.00011e+00 | 57  0.03616  2.19875e-01
 58  0.01014  1.19993e+00 | 59  0.00831  1.50829e+00 | 60  0.02217 -2.18067e+01
 61 -0.00485 -2.68001e+00 | 62 -0.00163  1.31764e+01 | 63  0.03399 -2.69249e+00
 64 -0.02006 -1.18723e+01 | 65 -0.02776 -1.44041e+00 | 66  0.01035 -1.11559e+01
 67 -0.01510 -7.91318e+00 | 68 -0.06981 -1.21386e+01 | 69  0.01211  2.22778e+01
 70 -0.01423 -3.58877e+00 | 71 -0.00615  2.38767e+01 | 72 -0.02196  1.06364e+00
 73 -0.02415 -4.27986e+00 | 74 -0.00170 -2.16129e+01 | 75 -0.02944  2.79841e+00
 76 -0.02260  6.60409e+00 | 77  0.00716  8.64710e+00 | 78 -0.01975 -2.62998e-01
 79 -0.02524  2.04466e+01 | 80 -0.01351 -1.56371e+01 | 81 -0.03268  1.66362e+01
 82 -0.03330  2.44287e+00 | 83  0.00164  1.65335e+01 | 84  0.00727 -5.76656e+01
 85 -0.03451  1.90456e+01 | 86  0.00305  4.40214e+00 | 87 -0.01854  1.76913e+01
 88  0.00085 -2.00204e+01 | 89 -0.01430  2.12476e+01 | 90 -0.03220 -3.32813e-02
 91 -0.03370 -1.95404e+00 | 92 -0.00217  1.94124e+00 | 93  0.05175  3.90330e+00
 94 -0.01014 -2.03697e+00 | 95  0.00122  5.14039e-01 | 96  0.00125  4.00392e-01
 97 -0.00208 -3.65765e+00 | 98 -0.41638 -2.94162e+00 | 99 -0.12020 -2.61986e+01
100 -0.20987  3.01494e+01 |
100 variables; iteration 60; function evaluation 80; phase 3
Function value 6.1144165e+02; maximum gradient component mag -6.6023e+00
Var    Value     Gradient |Var    Value     Gradient |Var    Value     Gradient
  1  0.75526 -6.60231e+00 |  2  0.00051 -2.63082e-02 |  3  0.00057 -1.54774e-02
  4  0.00066 -2.88925e-03 |  5  0.00078  9.78014e-03 |  6  0.00106  1.11358e-02
  7  0.00114  1.42053e-02 |  8  0.00142 -6.90921e-03 |  9  0.00184 -9.09240e-03
 10  0.00254  1.36379e-01 | 11  0.00346  1.83131e-01 | 12  0.00387 -1.10231e+00
 13  0.00718  9.64441e-01 | 14  0.00889  1.10533e-02 | 15  0.01152  1.29504e+00
 16  0.01303  6.20643e-01 | 17  0.01079  7.01935e-01 | 18  0.00430 -4.76829e-02
 19  0.00793  2.22888e+00 | 20 -0.00236  1.08896e-01 | 21  0.01106  1.95380e-01
 22  0.01431 -4.39889e-01 | 23  0.01369  1.16743e+00 | 24  0.02182  6.01281e-01
 25  0.01468  2.28616e-01 | 26  0.01160 -2.90620e-01 | 27  0.01139 -2.87080e-03
 28  0.00548  3.38403e-01 | 29 -0.00072 -4.22893e-01 | 30  0.00619 -3.37821e-01
 31  0.00899 -6.40719e-01 | 32  0.00524 -2.92744e-01 | 33  0.00604  1.85349e-01
 34 -0.00389  5.19571e-01 | 35 -0.00444 -3.22897e-01 | 36  0.00445  6.99388e-01
 37  0.00426  1.36455e-01 | 38  0.00590  4.20929e-01 | 39  0.00878  7.52186e-01
 40  0.01264  1.80128e-01 | 41 -0.00188  7.57870e-02 | 42 -0.00217  7.36935e-02
 43 -0.00431  5.76478e-01 | 44 -0.00906 -7.78581e-01 | 45  0.00707  3.49702e-01
 46  0.00877 -3.95160e-01 | 47  0.01174 -8.51853e-01 | 48  0.01106  9.49596e-01
 49  0.01225  4.19805e+00 | 50 -0.01259 -3.59367e+00 | 51 -0.00184 -2.78636e-01
 52  0.00591 -2.38059e-01 | 53 -0.00167 -6.48646e-01 | 54  0.01515  1.37730e-01
 55  0.01869  6.83689e-01 | 56  0.02628 -5.11385e-01 | 57  0.03575 -7.45944e-01
 58  0.00941 -4.20632e-01 | 59  0.00753  4.01088e-01 | 60  0.02665 -1.35290e-01
 61 -0.00428 -1.03840e-01 | 62 -0.00621 -1.33212e+00 | 63  0.03424 -1.22773e+00
 64 -0.01790  2.36222e-01 | 65 -0.02781 -1.84292e-01 | 66  0.01097  5.36064e-02
 67 -0.01488 -1.73078e+00 | 68 -0.06840  6.48275e-01 | 69  0.01183  5.43411e-01
 70 -0.01414 -1.27323e+00 | 71 -0.00667  6.56270e-01 | 72 -0.02206 -1.05718e+00
 73 -0.02339  2.47081e+00 | 74 -0.00075 -4.66252e-01 | 75 -0.02907  2.49282e-01
 76 -0.02338 -1.96605e+00 | 77  0.00725  6.17901e-01 | 78 -0.01991 -4.87479e-01
 79 -0.02601  4.02324e-01 | 80 -0.01295 -2.59776e+00 | 81 -0.03319  6.71479e-01
 82 -0.03367 -1.35303e+00 | 83  0.00138  1.00484e+00 | 84  0.00985  2.54285e-01
 85 -0.03516  6.26801e-01 | 86  0.00264 -3.00436e+00 | 87 -0.01917 -1.49843e+00
 88  0.00185  9.41691e-01 | 89 -0.01493  3.60727e-01 | 90 -0.03228 -3.02175e-01
 91 -0.03288  5.98669e-01 | 92 -0.00279 -1.69860e+00 | 93  0.05243  3.09863e+00
 94 -0.01058 -1.10075e+00 | 95  0.00021 -5.28543e-02 | 96  0.00032 -6.26223e-02
 97  0.00133 -4.29419e-01 | 98 -0.41467  7.21558e-01 | 99 -0.10503 -5.81047e+00
100 -0.20436  4.65361e+00 |
Maximum number of function evaluations exceeded

 - final statistics:
100 variables; iteration 73; function evaluation 100
Function value 6.1141e+02; maximum gradient component mag -2.6174e+00
Exit code = 3;  converg criter 1.0000e+00
Var    Value     Gradient |Var    Value     Gradient |Var    Value     Gradient
  1  0.75550  1.14569e-01 |  2  0.00060 -1.63210e-01 |  3  0.00066 -1.62592e-01
  4  0.00074 -1.61405e-01 |  5  0.00085 -1.59641e-01 |  6  0.00114 -1.58627e-01
  7  0.00121 -1.60048e-01 |  8  0.00149 -1.72618e-01 |  9  0.00190 -1.95632e-01
 10  0.00253 -1.46698e-01 | 11  0.00366  2.02393e-01 | 12  0.00478 -6.49591e-02
 13  0.00689  2.98951e-01 | 14  0.00875 -4.35197e-01 | 15  0.01072  1.16131e-02
 16  0.01316  5.51549e-01 | 17  0.01054  1.50013e-01 | 18  0.00460  1.70582e-01
 19  0.00694  5.29248e-01 | 20 -0.00216  2.65786e-01 | 21  0.01107  2.74840e-02
 22  0.01473 -8.89991e-02 | 23  0.01321  3.98381e-01 | 24  0.02151  1.02893e-01
 25  0.01463  2.92276e-02 | 26  0.01182 -1.34809e-01 | 27  0.01154  8.08357e-02
 28  0.00547  2.09882e-01 | 29 -0.00033  6.62330e-02 | 30  0.00647  1.76241e-02
 31  0.00920 -3.92226e-01 | 32  0.00556  1.01909e-01 | 33  0.00605  8.96542e-02
 34 -0.00398  1.67281e-01 | 35 -0.00429 -2.44578e-01 | 36  0.00407 -4.26197e-02
 37  0.00427  4.90284e-03 | 38  0.00574 -1.65088e-02 | 39  0.00840 -4.51979e-02
 40  0.01304  9.03686e-01 | 41 -0.00176  1.54936e-01 | 42 -0.00206  1.56402e-01
 43 -0.00455  5.22163e-02 | 44 -0.00903 -8.78387e-01 | 45  0.00686 -2.25117e-01
 46  0.00910  5.30632e-02 | 47  0.01175 -8.82061e-01 | 48  0.01077  3.51299e-01
 49  0.01088  1.29421e+00 | 50 -0.01139 -1.00905e+00 | 51 -0.00179 -1.91751e-01
 52  0.00592 -1.33600e-01 | 53 -0.00138 -1.17388e-01 | 54  0.01506  1.74408e-01
 55  0.01845  3.72285e-01 | 56  0.02639  5.14851e-02 | 57  0.03571 -2.81164e-01
 58  0.00933 -3.10296e-01 | 59  0.00726  6.24214e-02 | 60  0.02659  4.17649e-01
 61 -0.00440 -4.22839e-02 | 62 -0.00613 -5.23092e-01 | 63  0.03414 -3.07203e-01
 64 -0.01807  1.23276e-01 | 65 -0.02791 -3.18960e-04 | 66  0.01078  1.03142e-01
 67 -0.01490  2.26246e-01 | 68 -0.06855  3.37092e-01 | 69  0.01182  3.58727e-01
 70 -0.01422 -1.58018e-01 | 71 -0.00667  1.89568e-01 | 72 -0.02216 -4.47494e-01
 73 -0.02343  7.70311e-01 | 74 -0.00088  2.18281e-03 | 75 -0.02901  7.54664e-01
 76 -0.02346 -5.29627e-01 | 77  0.00726  5.60613e-01 | 78 -0.02008 -7.90643e-01
 79 -0.02601 -3.43166e-01 | 80 -0.01298 -2.86159e-01 | 81 -0.03318 -1.46774e-02
 82 -0.03376 -6.38908e-01 | 83  0.00142  5.65202e-01 | 84  0.00975  8.67571e-01
 85 -0.03512 -1.57723e-01 | 86  0.00262 -9.56757e-01 | 87 -0.01895  6.43763e-01
 88  0.00164 -9.98748e-01 | 89 -0.01483 -1.30314e-01 | 90 -0.03232 -3.14544e-01
 91 -0.03266  4.92938e-01 | 92 -0.00275 -9.05707e-01 | 93  0.05269  1.23892e+00
 94 -0.00988  1.55331e-01 | 95  0.00034 -1.43512e-01 | 96  0.00044 -1.62609e-01
 97  0.00132 -2.06306e-02 | 98 -0.41469 -2.45355e-02 | 99 -0.09883 -2.61738e+00
100 -0.20218  2.09697e+00 |

Initial statistics: 108 variables; iteration 0; function evaluation 0; phase 4
Function value 6.1141257e+02; maximum gradient component mag -1.9660e+03
Var    Value     Gradient |Var    Value     Gradient |Var    Value     Gradient
  1 -0.42263  7.39562e+01 |  2 -0.42263 -1.96601e+03 |  3 -0.41094 -7.91256e+02
  4  0.75550  1.14569e-01 |  5  0.00000 -2.22912e-01 |  6  0.00000 -7.69559e-02
  7  0.00000 -1.03616e-01 |  8  0.00000 -1.39554e-01 |  9  0.00000 -1.88061e-01
 10  0.00060 -1.64157e-01 | 11  0.00066 -1.63539e-01 | 12  0.00074 -1.62351e-01
 13  0.00085 -1.60587e-01 | 14  0.00114 -1.59573e-01 | 15  0.00121 -1.60995e-01
 16  0.00149 -1.73564e-01 | 17  0.00190 -1.96578e-01 | 18  0.00253 -1.47644e-01
 19  0.00366  2.01447e-01 | 20  0.00478 -6.59053e-02 | 21  0.00689  2.98005e-01
 22  0.00875 -4.36143e-01 | 23  0.01072  1.06670e-02 | 24  0.01316  5.50603e-01
 25  0.01054  1.49067e-01 | 26  0.00460  1.69635e-01 | 27  0.00694  5.28301e-01
 28 -0.00216  2.64840e-01 | 29  0.01107  2.65379e-02 | 30  0.01473 -8.99451e-02
 31  0.01321  3.97435e-01 | 32  0.02151  1.01947e-01 | 33  0.01463  2.82816e-02
 34  0.01182 -1.35755e-01 | 35  0.01154  7.98896e-02 | 36  0.00547  2.08936e-01
 37 -0.00033  6.52868e-02 | 38  0.00647  1.66779e-02 | 39  0.00920 -3.93172e-01
 40  0.00556  1.00963e-01 | 41  0.00605  8.87080e-02 | 42 -0.00398  1.66335e-01
 43 -0.00429 -2.45525e-01 | 44  0.00407 -4.35660e-02 | 45  0.00427  3.95661e-03
 46  0.00574 -1.74550e-02 | 47  0.00840 -4.61440e-02 | 48  0.01304  9.02740e-01
 49 -0.00176  1.53990e-01 | 50 -0.00206  1.55456e-01 | 51 -0.00455  5.12701e-02
 52 -0.00903 -8.79333e-01 | 53  0.00686 -2.26063e-01 | 54  0.00910  5.21171e-02
 55  0.01175 -8.83007e-01 | 56  0.01077  3.50353e-01 | 57  0.01088  1.29327e+00
 58 -0.01139 -1.01000e+00 | 59 -0.00179 -1.92697e-01 | 60  0.00592 -1.34547e-01
 61 -0.00138 -1.18334e-01 | 62  0.01506  1.73462e-01 | 63  0.01845  3.71339e-01
 64  0.02639  5.05397e-02 | 65  0.03571 -2.82109e-01 | 66  0.00933 -3.11242e-01
 67  0.00726  6.14752e-02 | 68  0.02659  4.16704e-01 | 69 -0.00440 -4.32301e-02
 70 -0.00613 -5.24038e-01 | 71  0.03414 -3.08148e-01 | 72 -0.01807  1.22331e-01
 73 -0.02791 -1.26430e-03 | 74  0.01078  1.02196e-01 | 75 -0.01490  2.25300e-01
 76 -0.06855  3.36151e-01 | 77  0.01182  3.57781e-01 | 78 -0.01422 -1.58964e-01
 79 -0.00667  1.88622e-01 | 80 -0.02216 -4.48440e-01 | 81 -0.02343  7.69366e-01
 82 -0.00088  1.23657e-03 | 83 -0.02901  7.53719e-01 | 84 -0.02346 -5.30573e-01
 85  0.00726  5.59667e-01 | 86 -0.02008 -7.91589e-01 | 87 -0.02601 -3.44111e-01
 88 -0.01298 -2.87105e-01 | 89 -0.03318 -1.56223e-02 | 90 -0.03376 -6.39853e-01
 91  0.00142  5.64256e-01 | 92  0.00975  8.66625e-01 | 93 -0.03512 -1.58668e-01
 94  0.00262 -9.57703e-01 | 95 -0.01895  6.42817e-01 | 96  0.00164 -9.99694e-01
 97 -0.01483 -1.31260e-01 | 98 -0.03232 -3.15489e-01 | 99 -0.03266  4.91993e-01
100 -0.00275 -9.06653e-01 |101  0.05269  1.23798e+00 |102 -0.00988  1.54385e-01
103  0.00034 -1.44459e-01 |104  0.00044 -1.63555e-01 |105  0.00132 -2.06306e-02
106 -0.41469 -2.45355e-02 |107 -0.09883 -2.61738e+00 |108 -0.20218  2.09697e+00

Intermediate statistics: 108 variables; iteration 20; function evaluation 23; phase 4
Function value 5.9986072e+02; maximum gradient component mag -9.5220e+02
Var    Value     Gradient |Var    Value     Gradient |Var    Value     Gradient
  1 -0.44433 -6.50601e+02 |  2 -0.41314 -9.52205e+02 |  3 -0.40621 -5.53094e+02
  4  0.73508  1.69581e+01 |  5 -0.00012 -6.12086e-01 |  6 -0.00004 -2.09704e-01
  7 -0.00005 -2.81264e-01 |  8 -0.00007 -3.77005e-01 |  9 -0.00010 -5.05042e-01
 10  0.00325  1.79462e+01 | 11  0.00329  1.78287e+01 | 12  0.00334  1.76752e+01
 13  0.00340  1.74755e+01 | 14  0.00363  1.72135e+01 | 15  0.00363  1.68795e+01
 16  0.00382  1.64395e+01 | 17  0.00411  1.58771e+01 | 18  0.00461  1.52710e+01
 19  0.00564  1.48719e+01 | 20  0.00645  1.33812e+01 | 21  0.00823  1.21249e+01
 22  0.00905  8.22656e+00 | 23  0.00980  4.38830e+00 | 24  0.01109  1.83450e-01
 25  0.00824 -1.42796e+00 | 26  0.00286  2.26390e-02 | 27  0.00483 -1.25805e+00
 28 -0.00419  2.57624e+00 | 29  0.00833 -2.85412e+00 | 30  0.01111 -5.33694e+00
 31  0.01005 -3.61469e+00 | 32  0.01698 -7.85878e+00 | 33  0.01063 -6.44181e+00
 34  0.00826 -5.35465e+00 | 35  0.00817 -4.78065e+00 | 36  0.00264 -3.27853e+00
 37 -0.00136  3.29265e+00 | 38  0.00325  1.38038e+00 | 39  0.00535 -4.81585e+00
 40  0.00303 -1.35459e+00 | 41  0.00358 -2.52505e-01 | 42 -0.00506  4.73507e+00
 43 -0.00741  6.63879e+00 | 44  0.00235  4.84207e+00 | 45  0.00300  6.71328e+00
 46  0.00485  8.11773e+00 | 47  0.00638  2.66107e+00 | 48  0.01001  7.83551e+00
 49 -0.00319  5.66894e+00 | 50 -0.00289  8.04897e+00 | 51 -0.00503  1.05087e+01
 52 -0.00902  1.16339e+01 | 53  0.00235  1.16023e+01 | 54  0.00794  1.15362e+01
 55  0.00945  6.92164e+00 | 56  0.00648 -6.35274e-01 | 57  0.00846  7.57374e+00
 58 -0.01426  1.22611e+01 | 59 -0.00443  7.79594e+00 | 60  0.00230  6.10764e+00
 61 -0.00372  1.12089e+01 | 62  0.01028  5.02030e+00 | 63  0.01313  9.52604e+00
 64  0.01860 -2.11132e+00 | 65  0.02666 -6.46467e+00 | 66  0.00772  1.07995e+01
 67  0.01397  2.23703e+01 | 68  0.02430  1.83726e+01 | 69 -0.00538  1.82093e+01
 70 -0.00534  2.01983e+01 | 71  0.04413  8.32806e+01 | 72 -0.01104  3.83160e+01
 73 -0.02249  4.37234e+01 | 74  0.01668  7.81131e+01 | 75 -0.00978  6.13727e+01
 76 -0.06198  4.08588e+01 | 77  0.01218  3.19484e+01 | 78 -0.00981  2.26621e+01
 79 -0.00255  8.57512e+01 | 80 -0.02088 -1.66173e+01 | 81 -0.02416  4.06080e+00
 82  0.00255  6.01300e+01 | 83 -0.02881  3.52049e+01 | 84 -0.02139  1.88415e+01
 85  0.00647  1.82109e+01 | 86 -0.01735  2.39753e+01 | 87 -0.02262  6.74282e+01
 88 -0.00595  8.61549e+01 | 89 -0.03091  5.23240e+01 | 90 -0.03071  4.39667e+01
 91 -0.00026 -1.07553e+01 | 92  0.01330  2.88160e+01 | 93 -0.03413  2.49668e+01
 94  0.00554  7.04429e+00 | 95 -0.01634  3.17280e+01 | 96  0.00495 -1.14433e+01
 97 -0.00982  4.22449e+01 | 98 -0.02438  3.11674e+01 | 99 -0.03236 -2.71652e+01
100  0.00670  1.39691e+01 |101  0.05830  1.30297e+01 |102 -0.00851  8.71477e+00
103  0.00315  1.83759e+01 |104  0.00317  1.83095e+01 |105 -0.03139 -8.51531e+00
106 -0.42834 -1.37718e+01 |107  0.14099  9.17667e+00 |108 -0.07866 -3.03474e+01
108 variables; iteration 40; function evaluation 48; phase 4
Function value 5.9552985e+02; maximum gradient component mag -1.2033e+02
Var    Value     Gradient |Var    Value     Gradient |Var    Value     Gradient
  1 -0.43873 -1.07517e+02 |  2 -0.41006 -1.20331e+02 |  3 -0.40861 -6.05466e+01
  4  0.73188 -6.54772e+00 |  5  0.00015  1.03394e-02 |  6  0.00005  3.35067e-03
  7  0.00007  4.55836e-03 |  8  0.00010  6.22481e-03 |  9  0.00013  8.53781e-03
 10  0.00011  2.84596e+00 | 11  0.00016  2.82950e+00 | 12  0.00022  2.80790e+00
 13  0.00030  2.77994e+00 | 14  0.00055  2.74459e+00 | 15  0.00058  2.70239e+00
 16  0.00081  2.65634e+00 | 17  0.00115  2.61339e+00 | 18  0.00166  2.57713e+00
 19  0.00246  2.59645e+00 | 20  0.00389  2.95455e+00 | 21  0.00638  3.86803e+00
 22  0.00897  3.59390e+00 | 23  0.00975  8.93921e-01 | 24  0.00997 -3.45417e+00
 25  0.00882 -1.91678e+00 | 26  0.00441  1.40195e+00 | 27  0.00620  8.35026e-01
 28 -0.00472  5.47432e-01 | 29  0.00997  1.37883e+00 | 30  0.01247 -1.52539e-03
 31  0.01272  2.66510e+00 | 32  0.01771 -2.10060e+00 | 33  0.01146 -1.86172e+00
 34  0.01020  2.57744e-01 | 35  0.01096  2.04880e+00 | 36  0.00547  2.27233e+00
 37 -0.00263  1.68520e+00 | 38  0.00334  2.06653e+00 | 39  0.00624 -2.23709e+00
 40  0.00526  2.02687e+00 | 41  0.00552  2.72070e+00 | 42 -0.00408  3.67916e+00
 43 -0.00539  5.55798e+00 | 44  0.00220  3.38205e+00 | 45  0.00198  3.33466e+00
 46  0.00307  3.68298e+00 | 47  0.00986  5.57058e+00 | 48  0.01151  5.99810e+00
 49 -0.00154  4.87277e+00 | 50 -0.00236  5.18050e+00 | 51 -0.00375  8.78850e+00
 52 -0.00634  1.15257e+01 | 53  0.00297  5.94163e+00 | 54  0.00506  5.69940e+00
 55  0.01125  8.97552e+00 | 56  0.01372  8.53753e+00 | 57  0.01122  1.07167e+01
 58 -0.01066  1.27326e+01 | 59 -0.00277  9.38431e+00 | 60  0.00505  1.04054e+01
 61 -0.00365  1.01986e+01 | 62  0.01348  1.23393e+01 | 63  0.01948  2.45449e+01
 64  0.02371  1.39980e+01 | 65  0.03171  1.29400e+01 | 66  0.00926  1.79723e+01
 67  0.01377  2.17698e+01 | 68  0.02431  1.70327e+01 | 69 -0.00662  9.93686e+00
 70 -0.01169 -1.48462e+00 | 71  0.03828  3.76595e+01 | 72 -0.01864 -3.98352e+00
 73 -0.02390  2.86876e+01 | 74  0.01225  2.29723e+01 | 75 -0.01360  2.50439e+00
 76 -0.06520  8.05341e+00 | 77  0.01135  1.41314e+01 | 78 -0.01269 -3.98500e+01
 79 -0.00509 -5.11618e-01 | 80 -0.01994 -1.88595e+01 | 81 -0.02309  4.81781e-01
 82  0.00155  1.86437e+01 | 83 -0.03128 -3.09713e+01 | 84 -0.02104 -8.84601e-01
 85  0.00642 -9.42426e+00 | 86 -0.01591  2.29309e+01 | 87 -0.02341  2.14277e+01
 88 -0.00812  5.78185e+00 | 89 -0.03097  2.93024e+01 | 90 -0.03466 -1.67964e+01
 91  0.00071 -7.42002e+00 | 92  0.01172 -2.90597e+01 | 93 -0.03284  1.96832e+01
 94  0.00239 -6.98978e+01 | 95 -0.01506  3.72974e+01 | 96  0.00811  4.24593e+01
 97 -0.01197 -2.91221e+01 | 98 -0.02844 -2.63032e+01 | 99 -0.03139 -2.96198e+01
100  0.00717  1.66868e+01 |101  0.05683 -2.71853e+01 |102 -0.00854  1.96341e+00
103 -0.00010  2.88621e+00 |104 -0.00002  2.89541e+00 |105 -0.02687  3.05011e+00
106 -0.42599 -4.77435e+00 |107  0.18158  1.11671e+01 |108 -0.06022 -2.42379e+01
108 variables; iteration 60; function evaluation 80; phase 4
Function value 5.9441186e+02; maximum gradient component mag -1.7626e+01
Var    Value     Gradient |Var    Value     Gradient |Var    Value     Gradient
  1 -0.43746 -7.40310e+00 |  2 -0.40780  6.11534e+00 |  3 -0.41191  5.32861e-01
  4  0.73184 -1.09624e+01 |  5  0.00010 -3.50527e-02 |  6  0.00003 -1.21678e-02
  7  0.00005 -1.62806e-02 |  8  0.00006 -2.17506e-02 |  9  0.00008 -2.90054e-02
 10  0.00068  2.95231e-01 | 11  0.00073  2.86363e-01 | 12  0.00078  2.74737e-01
 13  0.00086  2.59549e-01 | 14  0.00110  2.39547e-01 | 15  0.00112  2.14025e-01
 16  0.00132  1.80737e-01 | 17  0.00162  1.39528e-01 | 18  0.00206  9.73590e-02
 19  0.00275  7.70147e-02 | 20  0.00382  6.88632e-02 | 21  0.00556  1.43162e-01
 22  0.00770 -4.63364e-01 | 23  0.01038 -4.25734e-01 | 24  0.01391 -4.24906e-01
 25  0.01099 -8.23069e-01 | 26  0.00435 -5.48685e-01 | 27  0.00636 -8.16932e-01
 28 -0.00398 -3.85577e-01 | 29  0.00928 -9.97950e-01 | 30  0.01281 -8.20573e-01
 31  0.01121 -6.17534e-01 | 32  0.01998 -5.77630e-01 | 33  0.01334 -1.05902e+00
 34  0.01090 -5.58977e-01 | 35  0.01018 -8.71996e-01 | 36  0.00496 -7.45514e-01
 37 -0.00221 -1.76422e-01 | 38  0.00360 -2.46671e-01 | 39  0.00931 -5.57236e-01
 40  0.00536 -5.56228e-01 | 41  0.00553 -3.87861e-01 | 42 -0.00426 -4.01268e-01
 43 -0.00606 -2.28624e-01 | 44  0.00225 -1.45327e-01 | 45  0.00223  6.36512e-02
 46  0.00339  2.52064e-01 | 47  0.00923  1.78193e-02 | 48  0.01106 -1.36205e-01
 49 -0.00183  7.45643e-02 | 50 -0.00273  1.43440e-01 | 51 -0.00594  2.19514e-02
 52 -0.00976 -4.18072e-01 | 53  0.00277  3.68305e-01 | 54  0.00529  7.61379e-01
 55  0.00968  8.47410e-01 | 56  0.01268  4.20250e-01 | 57  0.00943  8.08923e-01
 58 -0.01393 -9.26983e-03 | 59 -0.00429  6.12847e-01 | 60  0.00339  8.03655e-01
 61 -0.00557  5.86809e-01 | 62  0.01156  1.11805e+00 | 63  0.01328  1.46160e+00
 64  0.02283  2.25672e+00 | 65  0.03284  2.94654e+00 | 66  0.00631  1.51882e+00
 67  0.01086  1.91983e+00 | 68  0.02357  3.95546e+00 | 69 -0.00666  2.76399e+00
 70 -0.00743  3.55918e+00 | 71  0.03559  1.14049e+00 | 72 -0.01533  1.09743e+00
 73 -0.02704 -3.34094e-01 | 74  0.01150 -7.50720e-02 | 75 -0.01301  2.52763e+00
 76 -0.06557  9.85517e-01 | 77  0.01071 -1.45173e+00 | 78 -0.01011 -1.02998e+00
 79 -0.00515 -5.11918e+00 | 80 -0.01869 -2.28350e+00 | 81 -0.02288  2.77335e-01
 82  0.00042 -4.37075e+00 | 83 -0.02937  1.38354e+00 | 84 -0.02170 -4.58396e+00
 85  0.00632 -3.38847e+00 | 86 -0.01798 -4.24000e+00 | 87 -0.02510 -5.43585e+00
 88 -0.00910 -7.62953e+00 | 89 -0.03307 -2.91050e+00 | 90 -0.03371 -1.12246e+00
 91  0.00055 -7.15439e-01 | 92  0.01264 -3.70920e+00 | 93 -0.03437 -2.64506e+00
 94  0.00603  2.62722e+00 | 95 -0.01673 -3.34581e+00 | 96  0.00612 -7.22559e+00
 97 -0.00993 -2.39400e+00 | 98 -0.02513  1.12212e+00 | 99 -0.02748  4.37860e+00
100  0.00707 -3.36120e+00 |101  0.06012  2.94972e+00 |102 -0.00791 -7.07024e-02
103  0.00050  3.25726e-01 |104  0.00056  3.22461e-01 |105 -0.02746  1.79500e+00
106 -0.42646 -1.77214e+00 |107  0.19574  6.30083e+00 |108 -0.05056 -1.76257e+01
Maximum number of function evaluations exceeded

 - final statistics:
108 variables; iteration 71; function evaluation 100
Function value 5.9424e+02; maximum gradient component mag 1.5702e+02
Exit code = 3;  converg criter 1.0000e+00
Var    Value     Gradient |Var    Value     Gradient |Var    Value     Gradient
  1 -0.43770 -6.94782e+00 |  2 -0.40743  1.57020e+02 |  3 -0.41215  6.61078e+01
  4  0.73202  6.48529e+01 |  5  0.00015  8.33521e-02 |  6  0.00005  2.49542e-02
  7  0.00007  3.42782e-02 |  8  0.00009  4.73965e-02 |  9  0.00012  6.60728e-02
 10  0.00013 -3.18130e+00 | 11  0.00016 -3.20197e+00 | 12  0.00019 -3.22500e+00
 13  0.00025 -3.24766e+00 | 14  0.00047 -3.26322e+00 | 15  0.00047 -3.25646e+00
 16  0.00070 -3.19486e+00 | 17  0.00109 -3.01471e+00 | 18  0.00175 -2.61741e+00
 19  0.00289 -1.82259e+00 | 20  0.00434 -1.11365e+00 | 21  0.00515 -2.18288e+00
 22  0.00776 -1.84726e+00 | 23  0.01114 -6.10183e-01 | 24  0.01396 -1.21061e+00
 25  0.01197 -1.63389e-01 | 26  0.00409 -1.63722e+00 | 27  0.00687 -5.89973e-01
 28 -0.00385 -9.32805e-01 | 29  0.00994 -2.78273e-01 | 30  0.01324 -6.46468e-02
 31  0.01131 -4.42711e-01 | 32  0.02066  7.98049e-01 | 33  0.01417  2.81130e-01
 34  0.01117 -4.10424e-02 | 35  0.01093  2.82968e-01 | 36  0.00560  9.67015e-03
 37 -0.00136  6.07542e-01 | 38  0.00425  4.93448e-01 | 39  0.01043  1.02169e+00
 40  0.00537 -7.36301e-01 | 41  0.00646  7.79556e-01 | 42 -0.00279  1.21455e+00
 43 -0.00670 -2.90467e+00 | 44  0.00256 -3.21491e-01 | 45  0.00307  7.63171e-01
 46  0.00365 -2.79245e-02 | 47  0.00972  4.75668e-02 | 48  0.01121 -6.62035e-01
 49 -0.00177 -6.56791e-01 | 50 -0.00319 -1.42865e+00 | 51 -0.00572 -5.63864e-01
 52 -0.01007 -2.31873e+00 | 53  0.00270 -5.49611e-01 | 54  0.00606  1.73277e+00
 55  0.00933  3.55858e-01 | 56  0.01246  1.94824e-01 | 57  0.00982  1.73476e+00
 58 -0.01334  9.40764e-01 | 59 -0.00487 -6.52812e-02 | 60  0.00299  1.10460e+00
 61 -0.00497  2.35634e+00 | 62  0.01150  2.85278e+00 | 63  0.01317  3.68332e+00
 64  0.02113  2.58437e+00 | 65  0.03237  7.10992e+00 | 66  0.00603  3.83465e+00
 67  0.01052  4.64021e+00 | 68  0.02273  6.61564e+00 | 69 -0.00735  3.88473e+00
 70 -0.00816  4.78032e+00 | 71  0.03577  1.44564e+01 | 72 -0.01512  6.38527e+00
 73 -0.02677  5.42859e+00 | 74  0.01137  8.52602e+00 | 75 -0.01280  1.19434e+01
 76 -0.06536  2.94927e+00 | 77  0.01058  5.19663e+00 | 78 -0.01006  4.18052e+00
 79 -0.00519  1.62207e+00 | 80 -0.01849  4.37621e+00 | 81 -0.02312  7.87909e-01
 82  0.00040  1.08524e+00 | 83 -0.02974 -3.62858e-01 | 84 -0.02160 -4.59905e-01
 85  0.00617  9.30384e-01 | 86 -0.01805 -3.26462e+00 | 87 -0.02500 -2.98401e-01
 88 -0.00893 -2.37032e+00 | 89 -0.03301  2.86958e-02 | 90 -0.03429 -8.62590e+00
 91  0.00031 -1.83647e+00 | 92  0.01261 -2.60437e+00 | 93 -0.03469 -6.57421e+00
 94  0.00600  1.20296e+00 | 95 -0.01660 -5.38918e-01 | 96  0.00649 -1.99131e+00
 97 -0.00980 -1.26433e+00 | 98 -0.02537 -5.53205e+00 | 99 -0.02802 -4.76655e+00
100  0.00750 -2.07021e+00 |101  0.05977 -6.21218e+00 |102 -0.00869 -4.19406e+00
103  0.00006 -3.02979e+00 |104  0.00007 -3.10285e+00 |105 -0.03173  4.76494e+00
106 -0.42855 -9.01834e+00 |107  0.21253  6.07225e+00 |108 -0.03010 -1.22160e+01

Initial statistics: 111 variables; iteration 0; function evaluation 0; phase 5
Function value 5.9423896e+02; maximum gradient component mag 2.0954e+03
Var    Value     Gradient |Var    Value     Gradient |Var    Value     Gradient
  1 -0.43770 -6.94782e+00 |  2 -0.40743  1.57020e+02 |  3 -0.41215  6.61078e+01
  4 -0.41222 -6.29212e+01 |  5 -0.41222  4.33611e+01 |  6  0.73202  6.48529e+01
  7  0.00015  8.33521e-02 |  8  0.00005  2.49542e-02 |  9  0.00007  3.42782e-02
 10  0.00009  4.73965e-02 | 11  0.00012  6.60728e-02 | 12  0.00013 -3.32170e+00
 13  0.00015 -3.34236e+00 | 14  0.00019 -3.36540e+00 | 15  0.00025 -3.38805e+00
 16  0.00046 -3.40362e+00 | 17  0.00047 -3.39686e+00 | 18  0.00070 -3.33526e+00
 19  0.00108 -3.15511e+00 | 20  0.00175 -2.75781e+00 | 21  0.00289 -1.96298e+00
 22  0.00434 -1.25405e+00 | 23  0.00514 -2.32328e+00 | 24  0.00776 -1.98765e+00
 25  0.01113 -7.50558e-01 | 26  0.01395 -1.35098e+00 | 27  0.01197 -3.03761e-01
 28  0.00409 -1.77761e+00 | 29  0.00687 -7.30361e-01 | 30 -0.00385 -1.07320e+00
 31  0.00994 -4.18652e-01 | 32  0.01324 -2.05013e-01 | 33  0.01131 -5.83085e-01
 34  0.02065  6.57726e-01 | 35  0.01417  1.40768e-01 | 36  0.01116 -1.81417e-01
 37  0.01093  1.42592e-01 | 38  0.00559 -1.30721e-01 | 39 -0.00136  4.67146e-01
 40  0.00425  3.53055e-01 | 41  0.01042  8.81309e-01 | 42  0.00537 -8.76693e-01
 43  0.00645  6.39166e-01 | 44 -0.00280  1.07416e+00 | 45 -0.00670 -3.04506e+00
 46  0.00256 -4.61887e-01 | 47  0.00307  6.22776e-01 | 48  0.00365 -1.68319e-01
 49  0.00972 -9.28136e-02 | 50  0.01121 -8.02410e-01 | 51 -0.00177 -7.97187e-01
 52 -0.00319 -1.56905e+00 | 53 -0.00573 -7.04255e-01 | 54 -0.01007 -2.45911e+00
 55  0.00269 -6.90007e-01 | 56  0.00606  1.59238e+00 | 57  0.00933  2.15476e-01
 58  0.01246  5.44538e-02 | 59  0.00982  1.59438e+00 | 60 -0.01334  8.00398e-01
 61 -0.00487 -2.05674e-01 | 62  0.00298  9.64203e-01 | 63 -0.00498  2.21595e+00
 64  0.01150  2.71241e+00 | 65  0.01317  3.54295e+00 | 66  0.02112  2.44405e+00
 67  0.03237  6.96971e+00 | 68  0.00602  3.69426e+00 | 69  0.01052  4.49984e+00
 70  0.02273  6.47533e+00 | 71 -0.00736  3.74434e+00 | 72 -0.00816  4.63993e+00
 73  0.03576  1.43163e+01 | 74 -0.01512  6.24492e+00 | 75 -0.02677  5.28832e+00
 76  0.01136  8.38565e+00 | 77 -0.01280  1.18031e+01 | 78 -0.06536  2.80961e+00
 79  0.01057  5.05625e+00 | 80 -0.01007  4.04014e+00 | 81 -0.00519  1.48168e+00
 82 -0.01849  4.23587e+00 | 83 -0.02312  6.47605e-01 | 84  0.00040  9.44839e-01
 85 -0.02975 -5.03101e-01 | 86 -0.02160 -6.00221e-01 | 87  0.00617  7.89994e-01
 88 -0.01805 -3.40496e+00 | 89 -0.02500 -4.38690e-01 | 90 -0.00893 -2.51070e+00
 91 -0.03302 -1.11512e-01 | 92 -0.03429 -8.76610e+00 | 93  0.00031 -1.97687e+00
 94  0.01260 -2.74474e+00 | 95 -0.03470 -6.71439e+00 | 96  0.00600  1.06257e+00
 97 -0.01660 -6.79267e-01 | 98  0.00649 -2.13169e+00 | 99 -0.00981 -1.40471e+00
100 -0.02538 -5.67233e+00 |101 -0.02802 -4.90681e+00 |102  0.00750 -2.21060e+00
103  0.05977 -6.35196e+00 |104 -0.00869 -4.33444e+00 |105  0.00006 -3.17018e+00
106  0.00007 -3.24325e+00 |107  0.00000  2.09540e+03 |108 -0.03173  4.76494e+00
109 -0.42855 -9.01834e+00 |110  0.21253  6.07225e+00 |111 -0.03010 -1.22160e+01

Intermediate statistics: 111 variables; iteration 20; function evaluation 24; phase 5
Function value 5.7608264e+02; maximum gradient component mag -1.9999e+03
Var    Value     Gradient |Var    Value     Gradient |Var    Value     Gradient
  1 -0.44130 -9.51982e+01 |  2 -0.40837 -1.99988e+03 |  3 -0.40771 -8.71091e+02
  4 -0.38010 -7.69802e+01 |  5 -0.54086 -4.36307e+01 |  6  0.74321 -1.00898e+03
  7  0.00005 -4.48115e-01 |  8  0.00001 -1.62251e-01 |  9  0.00002 -2.15854e-01
 10  0.00003 -2.86141e-01 | 11  0.00004 -3.77569e-01 | 12 -0.00055  3.44044e+01
 13 -0.00061  3.41205e+01 | 14 -0.00068  3.37526e+01 | 15 -0.00077  3.32819e+01
 16 -0.00073  3.26866e+01 | 17 -0.00094  3.19738e+01 | 18 -0.00096  3.11527e+01
 19 -0.00080  3.03123e+01 | 20 -0.00027  2.96092e+01 | 21  0.00104  2.93882e+01
 22  0.00260  2.85281e+01 | 23  0.00207  2.34581e+01 | 24  0.00539  2.15577e+01
 25  0.01095  2.15998e+01 | 26  0.01138  1.65222e+01 | 27  0.00892  1.52954e+01
 28 -0.00114  1.12406e+01 | 29  0.00319  1.11006e+01 | 30 -0.00866  1.33204e+01
 31  0.00443  7.15647e+00 | 32  0.00765  3.55871e+00 | 33  0.00616  4.96696e+00
 34  0.01469  1.25565e+00 | 35  0.00665  2.79859e+00 | 36  0.00402  3.34153e+00
 37  0.00558  4.27460e+00 | 38  0.00157  7.24065e+00 | 39 -0.00566  1.05571e+01
 40  0.00138  9.93536e+00 | 41  0.00916  9.66197e+00 | 42 -0.00203  6.71211e+00
 43  0.00502  1.16057e+01 | 44 -0.00500  1.75620e+01 | 45 -0.01027  1.26394e+01
 46 -0.00059  1.23804e+01 | 47  0.00042  1.40731e+01 | 48  0.00011  1.26198e+01
 49  0.00866  1.42433e+01 | 50  0.00906  1.36739e+01 | 51 -0.00301  1.67206e+01
 52 -0.00697  1.26061e+01 | 53 -0.00691  1.52075e+01 | 54 -0.01272  1.30814e+01
 55  0.00030  1.22957e+01 | 56  0.00450  1.08902e+01 | 57  0.00984  6.23445e+00
 58  0.01504  5.32285e+00 | 59  0.01180  5.16429e+00 | 60 -0.01265  1.37492e+01
 61 -0.00615  1.66614e+00 | 62  0.00254 -5.02029e+00 | 63 -0.00780 -2.05440e+00
 64  0.01561 -1.45674e+01 | 65  0.01523 -1.75149e+01 | 66  0.01749 -3.64239e+01
 67  0.03249 -5.38002e+01 | 68  0.00474 -2.84922e+01 | 69  0.01482 -3.35873e+01
 70  0.02417 -6.26676e+01 | 71 -0.00697 -3.69781e+01 | 72 -0.00671 -4.04312e+01
 73  0.04941 -6.94183e+01 | 74 -0.00864 -3.20039e+01 | 75 -0.02206 -3.27248e+01
 76  0.02037 -8.56471e+01 | 77 -0.00393 -5.47683e+01 | 78 -0.05472  3.49750e+01
 79  0.01803 -2.43740e+00 | 80 -0.00381 -6.18613e+01 | 81 -0.00452 -1.16679e+02
 82 -0.01657 -8.03565e+01 | 83 -0.02272 -6.84775e+01 | 84  0.00174 -1.34254e+02
 85 -0.02827 -3.86126e+01 | 86 -0.02083 -9.48447e+01 | 87  0.00513 -1.38088e+02
 88 -0.01750 -9.93755e+01 | 89 -0.02555 -7.50858e+01 | 90 -0.00773 -1.02768e+02
 91 -0.03499 -5.76789e+01 | 92 -0.03060 -2.12018e+01 | 93  0.00176 -3.77853e+01
 94  0.01289 -1.24228e+02 | 95 -0.03204  1.99203e+01 | 96  0.00855 -5.96108e+01
 97 -0.01466  8.97401e+00 | 98  0.01103 -8.25971e+00 | 99 -0.00441  4.69124e+01
100 -0.01809  4.71027e+01 |101 -0.01735  1.34995e+02 |102  0.00917  7.20058e-01
103  0.06154  5.58044e+01 |104 -0.01261  2.87685e+01 |105 -0.00031  3.54058e+01
106 -0.00035  3.52845e+01 |107 -0.01135 -9.70199e+02 |108 -0.05057 -7.52687e+01
109 -0.43629  7.54052e+01 |110  0.01790 -5.83572e+00 |111  0.05351  3.75889e-01
111 variables; iteration 40; function evaluation 47; phase 5
Function value 5.7493002e+02; maximum gradient component mag -1.8073e+03
Var    Value     Gradient |Var    Value     Gradient |Var    Value     Gradient
  1 -0.44168 -1.72276e+02 |  2 -0.40882 -1.80731e+03 |  3 -0.40668 -8.23892e+02
  4 -0.38814 -8.90007e+01 |  5 -0.51411 -2.96742e+01 |  6  0.74469 -1.00874e+03
  7  0.00007 -3.28716e-01 |  8  0.00002 -1.16377e-01 |  9  0.00003 -1.55093e-01
 10  0.00004 -2.06126e-01 | 11  0.00006 -2.73038e-01 | 12 -0.00066  3.61453e+01
 13 -0.00066  3.59761e+01 | 14 -0.00067  3.57597e+01 | 15 -0.00066  3.54872e+01
 16 -0.00050  3.51485e+01 | 17 -0.00057  3.47487e+01 | 18 -0.00042  3.42840e+01
 19 -0.00015  3.37633e+01 | 20  0.00030  3.31527e+01 | 21  0.00096  3.22861e+01
 22  0.00177  3.07707e+01 | 23  0.00357  2.93192e+01 | 24  0.00547  2.62344e+01
 25  0.00786  2.35919e+01 | 26  0.00979  2.04929e+01 | 27  0.00721  1.95993e+01
 28  0.00114  2.02570e+01 | 29  0.00330  1.81866e+01 | 30 -0.00784  2.08197e+01
 31  0.00485  1.52399e+01 | 32  0.00797  1.24486e+01 | 33  0.00630  1.33761e+01
 34  0.01758  1.30104e+01 | 35  0.00772  1.19571e+01 | 36  0.00499  1.22629e+01
 37  0.00647  1.32233e+01 | 38  0.00170  1.47255e+01 | 39 -0.00539  1.73136e+01
 40  0.00001  1.51350e+01 | 41  0.00819  1.59998e+01 | 42  0.00117  1.60302e+01
 43  0.00410  1.67905e+01 | 44 -0.00479  2.24834e+01 | 45 -0.01128  1.53785e+01
 46 -0.00032  1.77383e+01 | 47 -0.00039  1.77090e+01 | 48  0.00143  1.87254e+01
 49  0.00830  1.77445e+01 | 50  0.00866  1.69976e+01 | 51 -0.00402  1.90949e+01
 52 -0.00418  1.98213e+01 | 53 -0.00653  1.92158e+01 | 54 -0.01182  1.70211e+01
 55  0.00061  1.56309e+01 | 56  0.00300  1.21682e+01 | 57  0.00766  7.29722e+00
 58  0.01393  6.97326e+00 | 59  0.01111  7.42041e+00 | 60 -0.01393  1.49883e+01
 61 -0.00460  6.95517e+00 | 62  0.00417  4.85545e-01 | 63 -0.00645  2.59556e+00
 64  0.01364 -1.28536e+01 | 65  0.01253 -1.71493e+01 | 66  0.01639 -3.28877e+01
 67  0.03780 -4.45902e+01 | 68  0.00827 -2.08345e+01 | 69  0.01424 -3.26004e+01
 70  0.02345 -6.63552e+01 | 71 -0.00852 -4.03662e+01 | 72 -0.00691 -4.14325e+01
 73  0.04787 -8.46287e+01 | 74 -0.00944 -3.73338e+01 | 75 -0.02115 -2.89069e+01
 76  0.02107 -8.11763e+01 | 77 -0.00302 -4.40238e+01 | 78 -0.05617  2.07934e+01
 79  0.01782 -2.48913e+01 | 80 -0.00453 -7.84892e+01 | 81 -0.00412 -1.18469e+02
 82 -0.01602 -7.85153e+01 | 83 -0.02122 -4.79055e+01 | 84  0.00285 -1.17111e+02
 85 -0.02784 -3.60202e+01 | 86 -0.01976 -8.00892e+01 | 87  0.00531 -1.46125e+02
 88 -0.01674 -9.03995e+01 | 89 -0.02553 -7.62854e+01 | 90 -0.00613 -7.49949e+01
 91 -0.03452 -5.86765e+01 | 92 -0.03106 -2.90563e+01 | 93  0.00132 -5.92234e+01
 94  0.01375 -1.12009e+02 | 95 -0.03228  1.22070e+01 | 96  0.00818 -6.77665e+01
 97 -0.01394  1.90557e+01 | 98  0.01045 -1.92847e+01 | 99 -0.00729 -7.26021e+00
100 -0.01858  4.33064e+01 |101 -0.01782  1.37244e+02 |102  0.00800  4.17236e+00
103  0.05788  1.43085e+00 |104 -0.01298  2.95556e+01 |105 -0.00060  3.67590e+01
106 -0.00062  3.66834e+01 |107 -0.01244 -1.37907e+03 |108 -0.06024 -7.35473e+01
109 -0.44131  6.83627e+01 |110  0.02911  7.57477e+00 |111  0.18445 -8.63813e-04
111 variables; iteration 60; function evaluation 74; phase 5
Function value 5.6806307e+02; maximum gradient component mag -1.1605e+03
Var    Value     Gradient |Var    Value     Gradient |Var    Value     Gradient
  1 -0.44589 -1.22116e+02 |  2 -0.40497 -1.03142e+03 |  3 -0.41012 -5.24313e+02
  4 -0.35998 -4.73604e+00 |  5 -0.56242 -1.40918e+01 |  6  0.75182 -6.31636e+02
  7  0.00008 -9.28011e-02 |  8  0.00002 -4.18921e-02 |  9  0.00003 -5.44503e-02
 10  0.00004 -6.98305e-02 | 11  0.00006 -8.78680e-02 | 12 -0.00071  2.80782e+01
 13 -0.00076  2.79163e+01 | 14 -0.00082  2.77184e+01 | 15 -0.00088  2.74873e+01
 16 -0.00079  2.72369e+01 | 17 -0.00090  2.70116e+01 | 18 -0.00076  2.68856e+01
 19 -0.00038  2.69627e+01 | 20  0.00027  2.72078e+01 | 21  0.00083  2.68836e+01
 22  0.00081  2.49962e+01 | 23  0.00325  2.54694e+01 | 24  0.00318  2.07671e+01
 25  0.00889  2.34967e+01 | 26  0.01093  2.23638e+01 | 27  0.00728  2.13366e+01
 28 -0.00089  1.91698e+01 | 29  0.00306  2.05454e+01 | 30 -0.00857  2.01649e+01
 31  0.00456  1.85087e+01 | 32  0.00616  1.53248e+01 | 33  0.00571  1.67549e+01
 34  0.01367  1.56194e+01 | 35  0.00650  1.59395e+01 | 36  0.00569  1.80064e+01
 37  0.00451  1.58895e+01 | 38  0.00157  1.84858e+01 | 39 -0.00612  1.86617e+01
 40  0.00328  2.20147e+01 | 41  0.00643  1.77515e+01 | 42 -0.00091  1.65706e+01
 43  0.00354  1.86934e+01 | 44 -0.00655  2.03381e+01 | 45 -0.00715  2.18011e+01
 46 -0.00007  1.98364e+01 | 47 -0.00126  1.82297e+01 | 48  0.00124  1.99098e+01
 49  0.00619  1.62844e+01 | 50  0.00920  1.72076e+01 | 51 -0.00545  1.66919e+01
 52 -0.00671  1.64066e+01 | 53 -0.00864  1.59697e+01 | 54 -0.00886  2.22360e+01
 55 -0.00014  1.20701e+01 | 56  0.00114  1.19264e+01 | 57  0.01032  1.31740e+01
 58  0.01126  7.53473e+00 | 59  0.00582  2.41379e+00 | 60 -0.01491  1.19577e+01
 61 -0.00449  1.04270e+01 | 62  0.00347  5.51244e+00 | 63 -0.00875  3.67209e+00
 64  0.00927 -1.06237e+01 | 65  0.01370 -7.68969e+00 | 66  0.02309 -1.40001e+01
 67  0.03456 -2.80176e+01 | 68  0.00791 -1.07019e+01 | 69  0.01693 -1.34573e+01
 70  0.02659 -3.64990e+01 | 71 -0.00042 -8.05636e+00 | 72 -0.00142 -1.71993e+01
 73  0.04251 -8.93014e+01 | 74 -0.00836 -2.77858e+01 | 75 -0.01932 -1.81149e+01
 76  0.02078 -6.99242e+01 | 77 -0.00163 -3.64747e+01 | 78 -0.05934 -9.76762e+00
 79  0.01472 -8.91766e+01 | 80 -0.00249 -5.57468e+01 | 81 -0.00178 -3.88868e+01
 82 -0.01337 -3.31557e+01 | 83 -0.02152 -2.90216e+01 | 84  0.00511 -5.75351e+01
 85 -0.02877 -2.74710e+01 | 86 -0.01502 -9.20053e+00 | 87  0.00716 -5.75589e+01
 88 -0.01260 -1.58454e+01 | 89 -0.02264 -1.20840e+01 | 90 -0.00381 -2.71092e+01
 91 -0.03211 -7.26209e+00 | 92 -0.03027 -1.51843e+01 | 93  0.00128 -3.58674e+01
 94  0.01718 -2.33019e+01 | 95 -0.03341  3.06174e+00 | 96  0.01139 -1.15662e+01
 97 -0.01482  1.75109e+00 | 98  0.01175 -6.26123e+00 | 99 -0.00570  1.98572e+01
100 -0.02020  5.48773e+00 |101 -0.02691  4.78154e+00 |102  0.01317  2.00216e+01
103  0.05966  2.65637e+01 |104 -0.00931  2.76481e+01 |105 -0.00048  2.87540e+01
106 -0.00051  2.86225e+01 |107 -0.01659 -1.16048e+03 |108 -0.04111 -4.33262e+01
109 -0.43041  5.69493e+01 |110 -0.04716 -1.93613e+00 |111  0.18975  1.33292e-02
111 variables; iteration 80; function evaluation 109; phase 5
Function value 5.6147013e+02; maximum gradient component mag -3.5938e+02
Var    Value     Gradient |Var    Value     Gradient |Var    Value     Gradient
  1 -0.44327 -2.74082e+01 |  2 -0.41437 -2.77978e+02 |  3 -0.40004 -1.37259e+02
  4 -0.37903  1.95309e+00 |  5 -0.49963 -3.34100e+00 |  6  0.79758 -1.42155e+02
  7  0.00017  2.18670e-01 |  8  0.00004  5.28776e-02 |  9  0.00006  7.47384e-02
 10  0.00009  1.06993e-01 | 11  0.00012  1.55399e-01 | 12 -0.00103  5.89750e+00
 13 -0.00113  5.72463e+00 | 14 -0.00123  5.55256e+00 | 15 -0.00128  5.43184e+00
 16 -0.00109  5.47049e+00 | 17 -0.00091  5.85647e+00 | 18 -0.00016  6.85908e+00
 19  0.00105  8.47255e+00 | 20  0.00176  9.12615e+00 | 21 -0.00097  4.26012e+00
 22  0.00035  5.01344e+00 | 23  0.00008  2.59884e+00 | 24  0.00635  8.50277e+00
 25  0.00857  8.98659e+00 | 26  0.01030  8.80648e+00 | 27 -0.00180 -4.75133e+00
 28 -0.00556 -1.30013e+00 | 29 -0.00113  1.94174e+00 | 30 -0.01095  2.90239e+00
 31  0.00327  5.18545e+00 | 32  0.00793  7.52135e+00 | 33 -0.00144 -3.62320e+00
 34  0.00777 -9.43745e-01 | 35  0.00647  5.79248e+00 | 36  0.00763  1.05631e+01
 37 -0.00072 -2.12966e+00 | 38 -0.00556 -3.26986e+00 | 39 -0.00913  7.34048e-01
 40 -0.00302  5.74963e-02 | 41  0.00495  6.55101e+00 | 42 -0.00017  5.63110e+00
 43 -0.00057  1.47928e+00 | 44 -0.00903  2.14279e+00 | 45 -0.01384 -6.66417e+00
 46 -0.00378  7.54553e-01 | 47 -0.00246  3.06361e+00 | 48 -0.00169  2.34188e+00
 49  0.00795  7.65633e+00 | 50  0.00232 -9.37262e+00 | 51 -0.00808 -3.69547e-01
 52 -0.00944 -1.95980e+00 | 53 -0.01230 -4.12856e+00 | 54 -0.00552  1.45541e+01
 55  0.00082  1.78625e-01 | 56  0.00104 -5.39486e-02 | 57  0.00788  1.58942e+00
 58  0.00767 -2.53680e+00 | 59  0.01067  5.25100e+00 | 60 -0.02507 -2.04672e+01
 61 -0.00656 -6.82226e-01 | 62 -0.00028 -4.83664e+00 | 63 -0.00435  3.11258e+00
 64  0.01329 -2.83644e+00 | 65  0.01549 -1.89571e+00 | 66  0.02377 -4.29743e+00
 67  0.03540 -7.92026e+00 | 68  0.00880 -4.55820e+00 | 69  0.01456 -7.66967e+00
 70  0.02973 -1.11922e+01 | 71 -0.00083 -6.48792e+00 | 72 -0.00053 -6.52707e+00
 73  0.04370 -3.49412e+01 | 74 -0.00677 -7.01312e+00 | 75 -0.01806 -7.50116e+00
 76  0.02277 -3.03210e+01 | 77 -0.00017 -1.50464e+01 | 78 -0.05554 -2.68439e+00
 79  0.01831 -2.31539e+01 | 80  0.00101  6.46200e+00 | 81  0.00030 -4.25433e-01
 82 -0.01096 -8.14898e+00 | 83 -0.01886 -1.83375e+00 | 84  0.00824 -4.56126e+00
 85 -0.02561  5.65473e+00 | 86 -0.01567 -2.18951e+01 | 87  0.00995  1.49793e+00
 88 -0.01132 -3.27830e+00 | 89 -0.02173  2.83541e+00 | 90 -0.00178  1.08999e+01
 91 -0.02951  9.43659e+00 | 92 -0.02677 -3.62495e-01 | 93  0.00465  5.88458e+00
 94  0.01962  9.52480e+00 | 95 -0.03110  8.67722e+00 | 96  0.01399  6.87350e+00
 97 -0.01228  5.56855e+00 | 98  0.01556  3.03299e+00 | 99 -0.00346  6.89043e+00
100 -0.01424  1.00281e+01 |101 -0.02172  2.56926e+00 |102  0.01849  7.67543e+00
103  0.06454  5.83988e+00 |104 -0.00806  6.96607e+00 |105 -0.00044  6.93400e+00
106 -0.00061  6.60755e+00 |107 -0.02711 -3.59382e+02 |108 -0.04672 -4.95398e+00
109 -0.43323  4.92866e+00 |110 -0.09114 -4.10209e-01 |111  0.65886  5.29091e-03
111 variables; iteration 100; function evaluation 145; phase 5
Function value 5.5946160e+02; maximum gradient component mag -4.8415e+01
Var    Value     Gradient |Var    Value     Gradient |Var    Value     Gradient
  1 -0.44232  1.84534e+01 |  2 -0.41892 -4.84150e+01 |  3 -0.39441 -1.36816e+01
  4 -0.38728  2.90264e-01 |  5 -0.47750 -3.17919e+00 |  6  0.83515 -2.14358e+01
  7 -0.00013 -2.16385e-01 |  8 -0.00004 -7.01453e-02 |  9 -0.00006 -9.47868e-02
 10 -0.00008 -1.28217e-01 | 11 -0.00010 -1.73570e-01 | 12 -0.00009  8.27613e-01
 13 -0.00011  7.89785e-01 | 14 -0.00015  7.10825e-01 | 15 -0.00024  5.57425e-01
 16 -0.00026  2.73503e-01 | 17 -0.00066 -2.01440e-01 | 18 -0.00103 -8.95158e-01
 19 -0.00126 -1.44963e+00 | 20 -0.00046 -5.87289e-01 | 21  0.00069  4.85823e-01
 22  0.00141  4.16049e-01 | 23  0.00293  7.78538e-01 | 24  0.00279 -2.19822e+00
 25  0.00333 -3.39142e+00 | 26  0.00421 -4.38723e+00 | 27  0.00399 -5.85236e-01
 28 -0.00188  5.16491e-02 | 29 -0.00100 -2.10474e+00 | 30 -0.01037 -7.92949e-01
 31  0.00334  1.30091e+00 | 32  0.00204 -4.52662e+00 | 33  0.00102 -4.10882e+00
 34  0.00867 -3.23289e+00 | 35  0.00093 -5.97416e+00 | 36 -0.00050 -5.08547e+00
 37  0.00472  2.17564e+00 | 38 -0.00174 -1.13329e+00 | 39 -0.01174 -8.86760e+00
 40 -0.00159 -2.46814e+00 | 41 -0.00072 -5.51374e+00 | 42 -0.00231 -2.13109e+00
 43  0.00357  3.83102e+00 | 44 -0.00874 -2.64905e+00 | 45 -0.00611  2.99868e+00
 46 -0.00069  1.65897e+00 | 47 -0.00185 -2.66506e-01 | 48 -0.00028 -3.22323e-01
 49  0.00583 -6.11767e-01 | 50  0.01077  3.46480e+00 | 51 -0.00656 -8.95988e-01
 52 -0.00682 -8.97665e-01 | 53 -0.00713  8.01523e-01 | 54 -0.01149 -2.97612e+00
 55  0.00373  6.22597e-01 | 56  0.00078 -3.49696e+00 | 57  0.00684 -1.35414e+00
 58  0.01083  9.99902e-01 | 59  0.00814 -2.07769e+00 | 60 -0.01118  5.53410e+00
 61 -0.00572  6.63688e-01 | 62  0.00292  1.85612e+00 | 63 -0.00649 -3.63084e-01
 64  0.01370  9.42073e-01 | 65  0.01495  3.40537e-01 | 66  0.02046 -2.37532e+00
 67  0.03294 -1.68257e-01 | 68  0.00723 -5.53473e-01 | 69  0.01344 -7.65488e-02
 70  0.02882 -9.02358e-02 | 71 -0.00111  1.67625e+00 | 72 -0.00216  6.46880e-01
 73  0.04363  2.14000e+00 | 74 -0.00888 -1.03465e-01 | 75 -0.01888  1.34540e+00
 76  0.02270  2.77259e+00 | 77 -0.00073  2.11139e+00 | 78 -0.05533  2.15866e+00
 79  0.01837  7.13576e+00 | 80 -0.00119 -7.19377e+00 | 81 -0.00112 -2.09319e+00
 82 -0.01136  7.98135e-01 | 83 -0.01975  1.28466e+00 | 84  0.00741 -3.76274e+00
 85 -0.02723 -2.64285e+00 | 86 -0.01458  6.59050e+00 | 87  0.00892  1.88959e-01
 88 -0.01177  5.26514e-01 | 89 -0.02309 -2.87623e-01 | 90 -0.00360 -8.11115e+00
 91 -0.03080 -2.65648e-01 | 92 -0.02674  1.61394e+00 | 93  0.00377  3.02553e+00
 94  0.01839 -5.58574e+00 | 95 -0.03248 -1.10230e+00 | 96  0.01322 -9.22723e-01
 97 -0.01314  2.40494e+00 | 98  0.01562  2.46110e+00 | 99 -0.00429  1.32839e+00
100 -0.01422  8.85931e-01 |101 -0.02147  3.73298e+00 |102  0.01924  2.09910e+00
103  0.06494  7.53066e+00 |104 -0.00816  4.87327e-01 |105 -0.00021  7.28875e-01
106 -0.00010  8.29570e-01 |107 -0.03182  4.72512e+01 |108 -0.05099 -4.59143e+00
109 -0.43464  5.40258e+00 |110 -0.11526 -2.62735e+00 |111  1.01789 -1.09906e-01
111 variables; iteration 120; function evaluation 187; phase 5
Function value 5.5875836e+02; maximum gradient component mag -1.5614e+02
Var    Value     Gradient |Var    Value     Gradient |Var    Value     Gradient
  1 -0.44201 -8.02733e+00 |  2 -0.42097 -5.40228e+01 |  3 -0.39224 -2.45858e+01
  4 -0.39188 -9.30082e-01 |  5 -0.46302  5.61895e-02 |  6  0.87878 -2.28311e+01
  7  0.00008  1.29238e-01 |  8  0.00004  6.38476e-02 |  9  0.00005  8.31990e-02
 10  0.00007  1.07547e-01 | 11  0.00009  1.37821e-01 | 12 -0.00058  9.66980e-01
 13 -0.00048  1.12492e+00 | 14 -0.00030  1.39204e+00 | 15 -0.00003  1.78658e+00
 16  0.00035  2.15634e+00 | 17  0.00017  2.02945e+00 | 18  0.00030  2.14141e+00
 19  0.00089  2.87720e+00 | 20  0.00176  3.87421e+00 | 21  0.00064  1.58176e+00
 22  0.00081  8.17321e-01 | 23  0.00235  1.45690e+00 | 24  0.00444  2.06656e+00
 25  0.00587  2.49898e+00 | 26  0.00749  2.77915e+00 | 27  0.00439  2.43002e+00
 28 -0.00145  2.96913e+00 | 29  0.00057  2.86520e+00 | 30 -0.00977  2.20894e+00
 31  0.00205  2.04741e+00 | 32  0.00545  3.41166e+00 | 33  0.00401  3.17283e+00
 34  0.01112  3.56913e+00 | 35  0.00552  3.68821e+00 | 36  0.00337  3.37857e+00
 37  0.00279  1.88772e+00 | 38 -0.00098  2.22952e+00 | 39 -0.00540  3.45973e+00
 40  0.00059  2.65980e+00 | 41  0.00287  2.95550e+00 | 42 -0.00105  2.08114e+00
 43  0.00175  2.84576e+00 | 44 -0.00641  2.36190e+00 | 45 -0.00673  1.45387e+00
 46 -0.00190  1.25631e+00 | 47 -0.00138  2.30271e+00 | 48 -0.00058  8.20420e-01
 49  0.00636  1.82638e+00 | 50  0.00928  7.91072e-01 | 51 -0.00539  2.75571e+00
 52 -0.00677  5.81733e-01 | 53 -0.00757  1.24183e+00 | 54 -0.00957  1.40601e+00
 55  0.00401  7.50603e-01 | 56  0.00190 -2.38814e-01 | 57  0.00725  1.31846e+00
 58  0.00998  2.14917e+00 | 59  0.00883  8.55663e-01 | 60 -0.01409 -2.09862e-02
 61 -0.00655  1.01457e+00 | 62  0.00071  1.91056e-01 | 63 -0.00754 -7.23856e-01
 64  0.01196 -1.75721e-01 | 65  0.01356 -6.08921e-01 | 66  0.01990 -8.98761e-01
 67  0.03046 -1.73757e+00 | 68  0.00624 -4.11407e-01 | 69  0.01162 -1.47364e+00
 70  0.02755 -2.58751e+00 | 71 -0.00275 -1.48377e+00 | 72 -0.00368 -1.95603e+00
 73  0.04155 -6.41087e+00 | 74 -0.01029 -2.59874e+00 | 75 -0.02023 -2.43756e+00
 76  0.02136 -5.99683e+00 | 77 -0.00201 -4.49112e+00 | 78 -0.05625 -1.49355e+00
 79  0.01735 -7.34125e+00 | 80 -0.00173 -4.16482e+00 | 81 -0.00194 -4.40799e+00
 82 -0.01217 -3.41671e+00 | 83 -0.02061 -3.23060e+00 | 84  0.00680 -4.94553e+00
 85 -0.02787 -2.37095e+00 | 86 -0.01596 -3.29617e+00 | 87  0.00816 -5.49905e+00
 88 -0.01266 -3.20356e+00 | 89 -0.02408 -2.25346e+00 | 90 -0.00410 -2.98655e+00
 91 -0.03140 -1.91118e+00 | 92 -0.02737 -2.01887e+00 | 93  0.00306 -3.83299e+00
 94  0.01794 -3.50892e+00 | 95 -0.03305 -7.42239e-01 | 96  0.01262 -2.80218e+00
 97 -0.01381 -1.30381e+00 | 98  0.01514 -2.03265e+00 | 99 -0.00488 -4.56624e-01
100 -0.01435 -2.84421e-01 |101 -0.02187  5.90379e-01 |102  0.01901  3.32855e-01
103  0.06451 -6.28582e-02 |104 -0.00823  1.17037e+00 |105 -0.00005  1.84796e+00
106 -0.00071  7.55051e-01 |107 -0.03625 -1.56141e+02 |108 -0.05172 -5.89664e-01
109 -0.43483  7.49254e-01 |110 -0.12415  1.68735e-01 |111  1.11328 -1.74624e-02
111 variables; iteration 140; function evaluation 226; phase 5
Function value 5.5858010e+02; maximum gradient component mag -3.6425e+01
Var    Value     Gradient |Var    Value     Gradient |Var    Value     Gradient
  1 -0.44153 -1.04330e+00 |  2 -0.42284 -1.50167e+01 |  3 -0.39027 -6.21444e+00
  4 -0.39511 -1.53878e-02 |  5 -0.45401 -1.85584e-01 |  6  0.92938 -2.63516e+00
  7  0.00005  9.16454e-02 |  8  0.00021  3.32485e-01 |  9  0.00000  1.02622e-02
 10  0.00012  1.96130e-01 | 11 -0.00012 -1.83663e-01 | 12 -0.00007  1.94801e-01
 13 -0.00006  2.04671e-01 | 14  0.00010  4.43076e-01 | 15  0.00006  3.74554e-01
 16  0.00019  3.43613e-01 | 17  0.00007  3.15708e-01 | 18  0.00015  3.45382e-01
 19  0.00028  3.68694e-01 | 20  0.00051  4.02701e-01 | 21  0.00085  3.27544e-01
 22  0.00149  3.07573e-01 | 23  0.00259  3.29631e-01 | 24  0.00421  3.81516e-01
 25  0.00524  4.07441e-01 | 26  0.00664  4.42252e-01 | 27  0.00380  3.85418e-01
 28 -0.00232  4.09416e-01 | 29 -0.00026  4.14759e-01 | 30 -0.01017  4.18219e-01
 31  0.00174  4.26628e-01 | 32  0.00420  4.55360e-01 | 33  0.00291  4.49740e-01
 34  0.00968  4.27588e-01 | 35  0.00410  4.68152e-01 | 36  0.00221  4.91210e-01
 37  0.00254  4.08070e-01 | 38 -0.00149  3.37207e-01 | 39 -0.00639  3.95485e-01
 40  0.00003  3.85145e-01 | 41  0.00185  4.25218e-01 | 42 -0.00132  4.00587e-01
 43  0.00100  4.21728e-01 | 44 -0.00669  3.71764e-01 | 45 -0.00653  3.00994e-01
 46 -0.00168  3.53117e-01 | 47 -0.00179  3.21252e-01 | 48 -0.00007  2.80981e-01
 49  0.00616  3.29612e-01 | 50  0.00967  2.29795e-01 | 51 -0.00618  3.43506e-01
 52 -0.00625  2.41674e-01 | 53 -0.00741  2.63755e-01 | 54 -0.00934  3.21424e-01
 55  0.00457  2.27939e-01 | 56  0.00281  1.61734e-01 | 57  0.00702  2.33397e-01
 58  0.00903  2.20044e-01 | 59  0.00887  1.85263e-01 | 60 -0.01361  7.99385e-02
 61 -0.00675  1.92636e-01 | 62  0.00074  9.20851e-02 | 63 -0.00675  1.11440e-01
 64  0.01191  3.87585e-02 | 65  0.01368 -2.23094e-02 | 66  0.01966 -1.12592e-01
 67  0.03014 -2.29117e-01 | 68  0.00585 -1.23998e-01 | 69  0.01135 -2.15614e-01
 70  0.02761 -4.71113e-01 | 71 -0.00270 -2.39180e-01 | 72 -0.00370 -3.31206e-01
 73  0.04139 -1.24859e+00 | 74 -0.01039 -4.60160e-01 | 75 -0.02008 -4.21137e-01
 76  0.02154 -1.27373e+00 | 77 -0.00178 -8.66010e-01 | 78 -0.05572 -2.14602e-01
 79  0.01785 -1.36799e+00 | 80 -0.00150 -8.61067e-01 | 81 -0.00168 -8.69387e-01
 82 -0.01182 -7.32030e-01 | 83 -0.02027 -5.83283e-01 | 84  0.00718 -1.13693e+00
 85 -0.02758 -4.56912e-01 | 86 -0.01569 -7.29957e-01 | 87  0.00853 -1.03826e+00
 88 -0.01236 -6.86582e-01 | 89 -0.02393 -4.30866e-01 | 90 -0.00389 -7.48477e-01
 91 -0.03098 -2.47827e-01 | 92 -0.02678 -3.68764e-01 | 93  0.00355 -5.66050e-01
 94  0.01831 -8.11280e-01 | 95 -0.03269 -9.59364e-02 | 96  0.01310 -5.13035e-01
 97 -0.01334 -1.05961e-01 | 98  0.01586 -3.21170e-01 | 99 -0.00437  3.58394e-02
100 -0.01335  1.02058e-01 |101 -0.02103  2.11379e-01 |102  0.02012  2.14663e-01
103  0.06559  3.67864e-01 |104 -0.00776  3.23279e-01 |105  0.00000  3.63960e-01
106  0.00004  3.53486e-01 |107 -0.04011 -3.64251e+01 |108 -0.05281 -2.16689e-01
109 -0.43515  2.60145e-01 |110 -0.13379 -5.97278e-02 |111  1.25459 -7.43233e-03
111 variables; iteration 160; function evaluation 250; phase 5
Function value 5.5857613e+02; maximum gradient component mag 1.8882e+00
Var    Value     Gradient |Var    Value     Gradient |Var    Value     Gradient
  1 -0.44145  5.83396e-02 |  2 -0.42318  1.34617e+00 |  3 -0.38989  8.05529e-01
  4 -0.39579 -1.26634e-01 |  5 -0.45222 -1.16476e-02 |  6  0.94470  1.36672e-01
  7 -0.00001 -7.84970e-03 |  8 -0.00001 -1.30651e-02 |  9 -0.00000 -2.49362e-03
 10 -0.00000  2.49558e-03 | 11 -0.00001 -5.25725e-03 | 12  0.00006 -1.84853e-02
 13  0.00006 -1.44603e-02 | 14  0.00005 -3.99787e-02 | 15  0.00007 -3.05876e-02
 16  0.00021 -3.07143e-02 | 17  0.00011 -3.21709e-02 | 18  0.00017 -4.03732e-02
 19  0.00027 -5.10978e-02 | 20  0.00048 -5.26604e-02 | 21  0.00088 -2.30965e-02
 22  0.00154 -2.30817e-02 | 23  0.00263 -1.24707e-02 | 24  0.00416 -5.78419e-02
 25  0.00515 -5.30542e-02 | 26  0.00651 -6.71106e-02 | 27  0.00377  2.16167e-02
 28 -0.00237  3.50367e-03 | 29 -0.00033 -1.88947e-02 | 30 -0.01025 -5.09501e-02
 31  0.00164 -4.44265e-02 | 32  0.00407 -4.60928e-02 | 33  0.00279 -3.94590e-02
 34  0.00961  1.79393e-02 | 35  0.00396 -4.25942e-02 | 36  0.00204 -8.38426e-02
 37  0.00249  7.83883e-03 | 38 -0.00149  2.49196e-02 | 39 -0.00641 -1.43761e-02
 40  0.00002 -4.01296e-04 | 41  0.00172 -5.49192e-02 | 42 -0.00138 -4.17441e-02
 43  0.00095  7.10821e-04 | 44 -0.00669 -1.47191e-02 | 45 -0.00644  5.72925e-02
 46 -0.00168 -1.65983e-03 | 47 -0.00177  1.38430e-03 | 48 -0.00003 -3.81114e-03
 49  0.00617  5.41051e-03 | 50  0.00977  7.22819e-02 | 51 -0.00621 -4.07792e-03
 52 -0.00618  3.67933e-02 | 53 -0.00735  3.14818e-02 | 54 -0.00933 -5.60584e-02
 55  0.00467  1.54659e-02 | 56  0.00291  4.68336e-02 | 57  0.00700  1.85091e-02
 58  0.00901  6.60033e-02 | 59  0.00889  1.54938e-02 | 60 -0.01346  1.39277e-01
 61 -0.00678  1.27944e-02 | 62  0.00076  6.47679e-02 | 63 -0.00672  2.55060e-02
 64  0.01187  3.26875e-02 | 65  0.01366  5.53525e-02 | 66  0.01959  7.69085e-02
 67  0.03002  1.02607e-01 | 68  0.00581  9.20878e-02 | 69  0.01125  7.09344e-02
 70  0.02758  8.60362e-02 | 71 -0.00273  6.32951e-02 | 72 -0.00375  6.62498e-02
 73  0.04133  2.82100e-01 | 74 -0.01045  7.03704e-02 | 75 -0.02010  6.86284e-02
 76  0.02154  2.40254e-01 | 77 -0.00178  1.25920e-01 | 78 -0.05566  3.62205e-02
 79  0.01789  1.86921e-01 | 80 -0.00151 -9.79698e-02 | 81 -0.00168 -3.28013e-02
 82 -0.01180  3.36338e-02 | 83 -0.02025 -2.13645e-02 | 84  0.00721 -1.29564e-02
 85 -0.02758 -1.01831e-01 | 86 -0.01566  1.13876e-01 | 87  0.00856 -1.15203e-01
 88 -0.01234 -4.31650e-02 | 89 -0.02395 -8.30704e-02 | 90 -0.00389 -1.57164e-01
 91 -0.03096 -1.58091e-01 | 92 -0.02672 -3.37729e-02 | 93  0.00359 -1.74998e-01
 94  0.01834 -1.68542e-01 | 95 -0.03268 -1.04014e-01 | 96  0.01314 -1.30761e-01
 97 -0.01330 -9.69418e-02 | 98  0.01594 -5.98503e-02 | 99 -0.00433 -9.46555e-02
100 -0.01323 -7.88223e-02 |101 -0.02093  3.41552e-02 |102  0.02025 -8.04846e-02
103  0.06570 -7.87476e-02 |104 -0.00772 -2.77428e-02 |105  0.00001 -3.36701e-02
106  0.00005 -3.48722e-02 |107 -0.04082  1.88819e+00 |108 -0.05302  4.03584e-02
109 -0.43522 -4.86149e-02 |110 -0.13544  2.72164e-02 |111  1.32335 -5.64455e-03
111 variables; iteration 180; function evaluation 303; phase 5
Function value 5.5623275e+02; maximum gradient component mag -2.0181e+01
Var    Value     Gradient |Var    Value     Gradient |Var    Value     Gradient
  1 -0.42815 -5.50441e-01 |  2 -0.41616 -1.57896e+01 |  3 -0.41153 -1.05927e+01
  4 -0.38148  1.10377e+00 |  5 -0.48967  1.41273e-01 |  6  1.00270  7.74331e-02
  7 -0.00001  1.28472e-02 |  8  0.00003  5.65365e-02 |  9 -0.00000  1.16599e-02
 10  0.00000  2.09369e-02 | 11 -0.00001  1.38452e-02 | 12 -0.00002  2.35408e-01
 13 -0.00003  2.23782e-01 | 14 -0.00000  2.73314e-01 | 15 -0.00002  2.53988e-01
 16  0.00012  2.47054e-01 | 17  0.00001  2.61109e-01 | 18  0.00009  3.12626e-01
 19  0.00025  3.92685e-01 | 20  0.00046  3.94088e-01 | 21  0.00077  2.26581e-01
 22  0.00151  2.08033e-01 | 23  0.00269  1.04602e-01 | 24  0.00469  4.28970e-01
 25  0.00559  4.02494e-01 | 26  0.00643  4.95447e-01 | 27  0.00319 -6.77579e-02
 28 -0.00280  4.99155e-02 | 29 -0.00072  1.35335e-01 | 30 -0.00991  4.28739e-01
 31  0.00167  3.61060e-01 | 32  0.00420  3.54240e-01 | 33  0.00285  2.84203e-01
 34  0.00918 -1.08579e-01 | 35  0.00369  2.72259e-01 | 36  0.00215  5.91168e-01
 37  0.00228 -1.42503e-02 | 38 -0.00218 -1.73196e-01 | 39 -0.00627  1.05968e-01
 40  0.00070  3.56175e-02 | 41  0.00165  3.91787e-01 | 42 -0.00173  3.03371e-01
 43  0.00083  1.09109e-02 | 44 -0.00727  1.35231e-01 | 45 -0.00673 -2.98231e-01
 46 -0.00189  6.74264e-02 | 47 -0.00190  1.07831e-02 | 48  0.00030  4.81406e-02
 49  0.00532  1.02757e-02 | 50  0.00934 -4.86187e-01 | 51 -0.00671  2.75228e-02
 52 -0.00683 -2.21987e-01 | 53 -0.00764 -2.10123e-01 | 54 -0.00979  4.07887e-01
 55  0.00482 -1.20344e-01 | 56  0.00301 -3.06414e-01 | 57  0.00776 -1.43390e-01
 58  0.00724 -4.80744e-01 | 59  0.00815 -1.49129e-01 | 60 -0.01399 -8.75420e-01
 61 -0.00701 -1.97552e-01 | 62  0.00031 -4.64406e-01 | 63 -0.00661 -1.23592e-01
 64  0.01192 -3.65844e-01 | 65  0.01400 -4.41827e-01 | 66  0.01953 -6.22850e-01
 67  0.03007 -1.01778e+00 | 68  0.00686 -7.24041e-01 | 69  0.00907 -6.41879e-01
 70  0.02768 -8.23870e-01 | 71 -0.00237 -5.68627e-01 | 72 -0.00244 -7.05027e-01
 73  0.04140 -2.38772e+00 | 74 -0.01038 -8.36650e-01 | 75 -0.01966 -6.37094e-01
 76  0.02205 -2.14606e+00 | 77 -0.00171 -1.18340e+00 | 78 -0.05592 -3.04911e-01
 79  0.01892 -1.30464e+00 | 80 -0.00142  4.92293e-02 | 81 -0.00167  8.20613e-02
 82 -0.01203 -4.40714e-01 | 83 -0.02009  3.38838e-01 | 84  0.00755 -2.71483e-01
 85 -0.02707  7.82870e-01 | 86 -0.01559 -7.53547e-01 | 87  0.00892  9.97525e-01
 88 -0.01197  2.49874e-01 | 89 -0.02362  6.88840e-01 | 90 -0.00416  8.56268e-01
 91 -0.03063  1.34839e+00 | 92 -0.02565  3.03396e-01 | 93  0.00437  1.62452e+00
 94  0.01843  1.05798e+00 | 95 -0.03237  1.03451e+00 | 96  0.01384  8.19552e-01
 97 -0.01311  1.03823e+00 | 98  0.01632  4.46695e-01 | 99 -0.00445  7.73912e-01
100 -0.01330  6.00868e-01 |101 -0.02070  2.01686e-01 |102  0.01958  4.34655e-01
103  0.06557  8.64490e-01 |104 -0.00684  3.05606e-01 |105 -0.00001  3.08228e-01
106  0.00005  3.15385e-01 |107 -0.04190 -2.01807e+01 |108 -0.03523 -2.03690e-01
109 -0.42781 -3.58232e-01 |110 -0.24770 -6.61949e-01 |111  2.23722 -7.19337e-01
111 variables; iteration 200; function evaluation 326; phase 5
Function value 5.5622837e+02; maximum gradient component mag -1.1335e-04
Var    Value     Gradient |Var    Value     Gradient |Var    Value     Gradient
  1 -0.42851 -1.40896e-05 |  2 -0.41647 -5.34448e-05 |  3 -0.41074 -3.36161e-05
  4 -0.38209  2.10008e-06 |  5 -0.48826  2.63803e-06 |  6  0.99989 -8.50325e-07
  7 -0.00002  1.30911e-06 |  8 -0.00001  1.28153e-06 |  9 -0.00001  4.36095e-07
 10 -0.00001 -2.77293e-07 | 11 -0.00001  8.97396e-07 | 12 -0.00003 -2.55301e-07
 13 -0.00003 -6.42570e-07 | 14 -0.00003  2.16413e-06 | 15 -0.00003  1.13940e-06
 16  0.00010  1.12888e-06 | 17 -0.00001  1.37790e-06 | 18  0.00004  1.97256e-06
 19  0.00014  4.04901e-06 | 20  0.00036  3.33408e-06 | 21  0.00077  7.97150e-07
 22  0.00152 -5.98547e-07 | 23  0.00277 -1.19644e-06 | 24  0.00454  1.13141e-06
 25  0.00546  1.75606e-06 | 26  0.00625  1.36460e-06 | 27  0.00338 -5.93072e-07
 28 -0.00269 -7.27374e-07 | 29 -0.00067 -6.59895e-07 | 30 -0.01003 -8.27234e-07
 31  0.00157 -1.59403e-06 | 32  0.00411  1.35982e-07 | 33  0.00280 -3.26777e-07
 34  0.00941  8.34864e-08 | 35  0.00367  1.17000e-06 | 36  0.00191  1.12931e-06
 37  0.00243 -1.63892e-06 | 38 -0.00193 -1.08253e-06 | 39 -0.00621  1.60054e-06
 40  0.00079  6.11447e-07 | 41  0.00154  1.89114e-06 | 42 -0.00177 -3.64553e-07
 43  0.00096  7.87254e-07 | 44 -0.00721  8.08419e-07 | 45 -0.00647 -1.07952e-06
 46 -0.00181 -1.83773e-06 | 47 -0.00179  3.26660e-06 | 48  0.00038  2.32405e-06
 49  0.00545  1.32946e-06 | 50  0.00967  4.52628e-07 | 51 -0.00662  2.69938e-06
 52 -0.00660  4.17593e-07 | 53 -0.00743  1.07481e-06 | 54 -0.00988  3.35202e-06
 55  0.00495  2.23210e-06 | 56  0.00323  3.23590e-07 | 57  0.00782  3.06908e-06
 58  0.00760  4.34574e-06 | 59  0.00827  3.60568e-06 | 60 -0.01353  7.43709e-08
 61 -0.00692 -4.15301e-07 | 62  0.00052  2.94583e-06 | 63 -0.00660  1.18018e-06
 64  0.01199  3.60098e-06 | 65  0.01406  3.34037e-06 | 66  0.01958  2.28881e-06
 67  0.03019  2.91538e-06 | 68  0.00691  8.71025e-07 | 69  0.00914  2.15313e-06
 70  0.02766  5.80955e-06 | 71 -0.00241  4.77339e-06 | 72 -0.00255  3.84436e-06
 73  0.04141 -1.26024e-06 | 74 -0.01044  2.88883e-06 | 75 -0.01974  2.43422e-07
 76  0.02200 -2.47692e-06 | 77 -0.00176 -1.52956e-06 | 78 -0.05596 -4.92686e-07
 79  0.01884 -5.98280e-06 | 80 -0.00153  8.13130e-07 | 81 -0.00176 -7.71064e-07
 82 -0.01208 -3.26863e-06 | 83 -0.02019 -1.59383e-06 | 84  0.00747 -3.39463e-06
 85 -0.02721 -3.05426e-07 | 86 -0.01561 -7.84850e-06 | 87  0.00879 -3.88538e-06
 88 -0.01206 -4.30443e-06 | 89 -0.02374 -2.81772e-06 | 90 -0.00427 -2.42076e-06
 91 -0.03080 -9.60261e-07 | 92 -0.02577 -4.04006e-06 | 93  0.00420 -4.50870e-06
 94  0.01831 -3.96747e-06 | 95 -0.03253 -8.51316e-07 | 96  0.01371 -4.04328e-06
 97 -0.01326 -2.14775e-06 | 98  0.01621 -4.45342e-06 | 99 -0.00458 -3.12526e-07
100 -0.01342 -4.51023e-07 |101 -0.02082 -1.10528e-06 |102  0.01948  9.26099e-07
103  0.06541  1.73794e-06 |104 -0.00690  6.74755e-07 |105 -0.00007  4.79356e-07
106 -0.00001  1.75847e-06 |107 -0.04184 -1.13345e-04 |108 -0.03554 -9.11021e-07
109 -0.42788  1.92940e-06 |110 -0.24659  4.45880e-07 |111  2.23623  7.59111e-08
  ic > imax  in fminim is answer attained ?
Var    Value     Gradient |Var    Value     Gradient |Var    Value     Gradient
  1 -0.42851 -1.40896e-05 |  2 -0.41647 -5.34448e-05 |  3 -0.41074 -3.36161e-05
  4 -0.38209  2.10008e-06 |  5 -0.48826  2.63803e-06 |  6  0.99989 -8.50325e-07
  7 -0.00002  1.30911e-06 |  8 -0.00001  1.28153e-06 |  9 -0.00001  4.36095e-07
 10 -0.00001 -2.77293e-07 | 11 -0.00001  8.97396e-07 | 12 -0.00003 -2.55301e-07
 13 -0.00003 -6.42570e-07 | 14 -0.00003  2.16413e-06 | 15 -0.00003  1.13940e-06
 16  0.00010  1.12888e-06 | 17 -0.00001  1.37790e-06 | 18  0.00004  1.97256e-06
 19  0.00014  4.04901e-06 | 20  0.00036  3.33408e-06 | 21  0.00077  7.97150e-07
 22  0.00152 -5.98547e-07 | 23  0.00277 -1.19644e-06 | 24  0.00454  1.13141e-06
 25  0.00546  1.75606e-06 | 26  0.00625  1.36460e-06 | 27  0.00338 -5.93072e-07
 28 -0.00269 -7.27374e-07 | 29 -0.00067 -6.59895e-07 | 30 -0.01003 -8.27234e-07
 31  0.00157 -1.59403e-06 | 32  0.00411  1.35982e-07 | 33  0.00280 -3.26777e-07
 34  0.00941  8.34864e-08 | 35  0.00367  1.17000e-06 | 36  0.00191  1.12931e-06
 37  0.00243 -1.63892e-06 | 38 -0.00193 -1.08253e-06 | 39 -0.00621  1.60054e-06
 40  0.00079  6.11447e-07 | 41  0.00154  1.89114e-06 | 42 -0.00177 -3.64553e-07
 43  0.00096  7.87254e-07 | 44 -0.00721  8.08419e-07 | 45 -0.00647 -1.07952e-06
 46 -0.00181 -1.83773e-06 | 47 -0.00179  3.26660e-06 | 48  0.00038  2.32405e-06
 49  0.00545  1.32946e-06 | 50  0.00967  4.52628e-07 | 51 -0.00662  2.69938e-06
 52 -0.00660  4.17593e-07 | 53 -0.00743  1.07481e-06 | 54 -0.00988  3.35202e-06
 55  0.00495  2.23210e-06 | 56  0.00323  3.23590e-07 | 57  0.00782  3.06908e-06
 58  0.00760  4.34574e-06 | 59  0.00827  3.60568e-06 | 60 -0.01353  7.43709e-08
 61 -0.00692 -4.15301e-07 | 62  0.00052  2.94583e-06 | 63 -0.00660  1.18018e-06
 64  0.01199  3.60098e-06 | 65  0.01406  3.34037e-06 | 66  0.01958  2.28881e-06
 67  0.03019  2.91538e-06 | 68  0.00691  8.71025e-07 | 69  0.00914  2.15313e-06
 70  0.02766  5.80955e-06 | 71 -0.00241  4.77339e-06 | 72 -0.00255  3.84436e-06
 73  0.04141 -1.26024e-06 | 74 -0.01044  2.88883e-06 | 75 -0.01974  2.43422e-07
 76  0.02200 -2.47692e-06 | 77 -0.00176 -1.52956e-06 | 78 -0.05596 -4.92686e-07
 79  0.01884 -5.98280e-06 | 80 -0.00153  8.13130e-07 | 81 -0.00176 -7.71064e-07
 82 -0.01208 -3.26863e-06 | 83 -0.02019 -1.59383e-06 | 84  0.00747 -3.39463e-06
 85 -0.02721 -3.05426e-07 | 86 -0.01561 -7.84850e-06 | 87  0.00879 -3.88538e-06
 88 -0.01206 -4.30443e-06 | 89 -0.02374 -2.81772e-06 | 90 -0.00427 -2.42076e-06
 91 -0.03080 -9.60261e-07 | 92 -0.02577 -4.04006e-06 | 93  0.00420 -4.50870e-06
 94  0.01831 -3.96747e-06 | 95 -0.03253 -8.51316e-07 | 96  0.01371 -4.04328e-06
 97 -0.01326 -2.14775e-06 | 98  0.01621 -4.45342e-06 | 99 -0.00458 -3.12526e-07
100 -0.01342 -4.51023e-07 |101 -0.02082 -1.10528e-06 |102  0.01948  9.26099e-07
103  0.06541  1.73794e-06 |104 -0.00690  6.74755e-07 |105 -0.00007  4.79356e-07
106 -0.00001  1.75847e-06 |107 -0.04184 -1.13345e-04 |108 -0.03554 -9.11021e-07
109 -0.42788  1.92940e-06 |110 -0.24659  4.45880e-07 |111  2.23623  7.59111e-08
Function minimizer not making progress ... is minimum attained?
Minimprove criterion = 0.0000e+00

 - final statistics:
111 variables; iteration 201; function evaluation 356
Function value 5.5623e+02; maximum gradient component mag -1.1335e-04
Exit code = 1;  converg criter 1.0000e-04
Var    Value     Gradient |Var    Value     Gradient |Var    Value     Gradient
  1 -0.42851 -1.40896e-05 |  2 -0.41647 -5.34448e-05 |  3 -0.41074 -3.36161e-05
  4 -0.38209  2.10008e-06 |  5 -0.48826  2.63803e-06 |  6  0.99989 -8.50325e-07
  7 -0.00002  1.30911e-06 |  8 -0.00001  1.28153e-06 |  9 -0.00001  4.36095e-07
 10 -0.00001 -2.77293e-07 | 11 -0.00001  8.97396e-07 | 12 -0.00003 -2.55301e-07
 13 -0.00003 -6.42570e-07 | 14 -0.00003  2.16413e-06 | 15 -0.00003  1.13940e-06
 16  0.00010  1.12888e-06 | 17 -0.00001  1.37790e-06 | 18  0.00004  1.97256e-06
 19  0.00014  4.04901e-06 | 20  0.00036  3.33408e-06 | 21  0.00077  7.97150e-07
 22  0.00152 -5.98547e-07 | 23  0.00277 -1.19644e-06 | 24  0.00454  1.13141e-06
 25  0.00546  1.75606e-06 | 26  0.00625  1.36460e-06 | 27  0.00338 -5.93072e-07
 28 -0.00269 -7.27374e-07 | 29 -0.00067 -6.59895e-07 | 30 -0.01003 -8.27234e-07
 31  0.00157 -1.59403e-06 | 32  0.00411  1.35982e-07 | 33  0.00280 -3.26777e-07
 34  0.00941  8.34864e-08 | 35  0.00367  1.17000e-06 | 36  0.00191  1.12931e-06
 37  0.00243 -1.63892e-06 | 38 -0.00193 -1.08253e-06 | 39 -0.00621  1.60054e-06
 40  0.00079  6.11447e-07 | 41  0.00154  1.89114e-06 | 42 -0.00177 -3.64553e-07
 43  0.00096  7.87254e-07 | 44 -0.00721  8.08419e-07 | 45 -0.00647 -1.07952e-06
 46 -0.00181 -1.83773e-06 | 47 -0.00179  3.26660e-06 | 48  0.00038  2.32405e-06
 49  0.00545  1.32946e-06 | 50  0.00967  4.52628e-07 | 51 -0.00662  2.69938e-06
 52 -0.00660  4.17593e-07 | 53 -0.00743  1.07481e-06 | 54 -0.00988  3.35202e-06
 55  0.00495  2.23210e-06 | 56  0.00323  3.23590e-07 | 57  0.00782  3.06908e-06
 58  0.00760  4.34574e-06 | 59  0.00827  3.60568e-06 | 60 -0.01353  7.43709e-08
 61 -0.00692 -4.15301e-07 | 62  0.00052  2.94583e-06 | 63 -0.00660  1.18018e-06
 64  0.01199  3.60098e-06 | 65  0.01406  3.34037e-06 | 66  0.01958  2.28881e-06
 67  0.03019  2.91538e-06 | 68  0.00691  8.71025e-07 | 69  0.00914  2.15313e-06
 70  0.02766  5.80955e-06 | 71 -0.00241  4.77339e-06 | 72 -0.00255  3.84436e-06
 73  0.04141 -1.26024e-06 | 74 -0.01044  2.88883e-06 | 75 -0.01974  2.43422e-07
 76  0.02200 -2.47692e-06 | 77 -0.00176 -1.52956e-06 | 78 -0.05596 -4.92686e-07
 79  0.01884 -5.98280e-06 | 80 -0.00153  8.13130e-07 | 81 -0.00176 -7.71064e-07
 82 -0.01208 -3.26863e-06 | 83 -0.02019 -1.59383e-06 | 84  0.00747 -3.39463e-06
 85 -0.02721 -3.05426e-07 | 86 -0.01561 -7.84850e-06 | 87  0.00879 -3.88538e-06
 88 -0.01206 -4.30443e-06 | 89 -0.02374 -2.81772e-06 | 90 -0.00427 -2.42076e-06
 91 -0.03080 -9.60261e-07 | 92 -0.02577 -4.04006e-06 | 93  0.00420 -4.50870e-06
 94  0.01831 -3.96747e-06 | 95 -0.03253 -8.51316e-07 | 96  0.01371 -4.04328e-06
 97 -0.01326 -2.14775e-06 | 98  0.01621 -4.45342e-06 | 99 -0.00458 -3.12526e-07
100 -0.01342 -4.51023e-07 |101 -0.02082 -1.10528e-06 |102  0.01948  9.26099e-07
103  0.06541  1.73794e-06 |104 -0.00690  6.74755e-07 |105 -0.00007  4.79356e-07
106 -0.00001  1.75847e-06 |107 -0.04184 -1.13345e-04 |108 -0.03554 -9.11021e-07
109 -0.42788  1.92940e-06 |110 -0.24659  4.45880e-07 |111  2.23623  7.59111e-08

Initial statistics: 112 variables; iteration 0; function evaluation 0; phase 6
Function value 5.5622837e+02; maximum gradient component mag -1.1335e-04
Var    Value     Gradient |Var    Value     Gradient |Var    Value     Gradient
  1 -0.42851 -1.40896e-05 |  2 -0.41647 -5.34448e-05 |  3 -0.41074 -3.36161e-05
  4 -0.38209  2.10008e-06 |  5 -0.48826  2.63803e-06 |  6  0.99989 -8.50340e-07
  7 -0.00002  1.30911e-06 |  8 -0.00001  1.28153e-06 |  9 -0.00001  4.36095e-07
 10 -0.00001 -2.77293e-07 | 11 -0.00001  8.97396e-07 | 12 -0.00003 -4.36440e-07
 13 -0.00003 -8.23709e-07 | 14 -0.00003  1.98300e-06 | 15 -0.00003  9.58259e-07
 16  0.00010  9.47740e-07 | 17 -0.00001  1.19676e-06 | 18  0.00004  1.79142e-06
 19  0.00014  3.86787e-06 | 20  0.00036  3.15294e-06 | 21  0.00077  6.16011e-07
 22  0.00152 -7.79686e-07 | 23  0.00277 -1.37757e-06 | 24  0.00454  9.50270e-07
 25  0.00546  1.57492e-06 | 26  0.00625  1.18347e-06 | 27  0.00338 -7.74209e-07
 28 -0.00269 -9.08511e-07 | 29 -0.00067 -8.41034e-07 | 30 -0.01003 -1.00835e-06
 31  0.00157 -1.77516e-06 | 32  0.00411 -4.51538e-08 | 33  0.00280 -5.07915e-07
 34  0.00941 -9.76331e-08 | 35  0.00367  9.88860e-07 | 36  0.00191  9.48175e-07
 37  0.00243 -1.82006e-06 | 38 -0.00193 -1.26367e-06 | 39 -0.00621  1.41941e-06
 40  0.00079  4.30308e-07 | 41  0.00154  1.71000e-06 | 42 -0.00177 -5.45692e-07
 43  0.00096  6.06115e-07 | 44 -0.00721  6.27291e-07 | 45 -0.00647 -1.26065e-06
 46 -0.00181 -2.01887e-06 | 47 -0.00179  3.08546e-06 | 48  0.00038  2.14291e-06
 49  0.00545  1.14833e-06 | 50  0.00967  2.71509e-07 | 51 -0.00662  2.51825e-06
 52 -0.00660  2.36463e-07 | 53 -0.00743  8.93683e-07 | 54 -0.00988  3.17090e-06
 55  0.00495  2.05097e-06 | 56  0.00323  1.42453e-07 | 57  0.00782  2.88795e-06
 58  0.00760  4.16462e-06 | 59  0.00827  3.42456e-06 | 60 -0.01353 -1.06728e-07
 61 -0.00692 -5.96430e-07 | 62  0.00052  2.76469e-06 | 63 -0.00660  9.99052e-07
 64  0.01199  3.41987e-06 | 65  0.01406  3.15927e-06 | 66  0.01958  2.10775e-06
 67  0.03019  2.73444e-06 | 68  0.00691  6.89894e-07 | 69  0.00914  1.97201e-06
 70  0.02766  5.62858e-06 | 71 -0.00241  4.59225e-06 | 72 -0.00255  3.66322e-06
 73  0.04141 -1.44101e-06 | 74 -0.01044  2.70771e-06 | 75 -0.01974  6.23676e-08
 76  0.02200 -2.65796e-06 | 77 -0.00176 -1.71070e-06 | 78 -0.05596 -6.73128e-07
 79  0.01884 -6.16386e-06 | 80 -0.00153  6.31987e-07 | 81 -0.00176 -9.52207e-07
 82 -0.01208 -3.44974e-06 | 83 -0.02019 -1.77489e-06 | 84  0.00747 -3.57576e-06
 85 -0.02721 -4.86402e-07 | 86 -0.01561 -8.02959e-06 | 87  0.00879 -4.06650e-06
 88 -0.01206 -4.48554e-06 | 89 -0.02374 -2.99874e-06 | 90 -0.00427 -2.60190e-06
 91 -0.03080 -1.14119e-06 | 92 -0.02577 -4.22105e-06 | 93  0.00420 -4.68984e-06
 94  0.01831 -4.14854e-06 | 95 -0.03253 -1.03222e-06 | 96  0.01371 -4.22438e-06
 97 -0.01326 -2.32885e-06 | 98  0.01621 -4.63451e-06 | 99 -0.00458 -4.93662e-07
100 -0.01342 -6.32122e-07 |101 -0.02082 -1.28633e-06 |102  0.01948  7.45044e-07
103  0.06541  1.55776e-06 |104 -0.00690  4.93626e-07 |105 -0.00007  2.98217e-07
106 -0.00001  1.57733e-06 |107  0.00000  0.00000e+00 |108 -0.04184 -1.13346e-04
109 -0.03554 -9.11021e-07 |110 -0.42788  1.92940e-06 |111 -0.24659  4.45882e-07
112 -0.23623 -7.59132e-08 |
  ic > imax  in fminim is answer attained ?
Var    Value     Gradient |Var    Value     Gradient |Var    Value     Gradient
  1 -0.42851 -1.40896e-05 |  2 -0.41647 -5.34448e-05 |  3 -0.41074 -3.36161e-05
  4 -0.38209  2.10008e-06 |  5 -0.48826  2.63803e-06 |  6  0.99989 -8.50340e-07
  7 -0.00002  1.30911e-06 |  8 -0.00001  1.28153e-06 |  9 -0.00001  4.36095e-07
 10 -0.00001 -2.77293e-07 | 11 -0.00001  8.97396e-07 | 12 -0.00003 -4.36440e-07
 13 -0.00003 -8.23709e-07 | 14 -0.00003  1.98300e-06 | 15 -0.00003  9.58259e-07
 16  0.00010  9.47740e-07 | 17 -0.00001  1.19676e-06 | 18  0.00004  1.79142e-06
 19  0.00014  3.86787e-06 | 20  0.00036  3.15294e-06 | 21  0.00077  6.16011e-07
 22  0.00152 -7.79686e-07 | 23  0.00277 -1.37757e-06 | 24  0.00454  9.50270e-07
 25  0.00546  1.57492e-06 | 26  0.00625  1.18347e-06 | 27  0.00338 -7.74209e-07
 28 -0.00269 -9.08511e-07 | 29 -0.00067 -8.41034e-07 | 30 -0.01003 -1.00835e-06
 31  0.00157 -1.77516e-06 | 32  0.00411 -4.51538e-08 | 33  0.00280 -5.07915e-07
 34  0.00941 -9.76331e-08 | 35  0.00367  9.88860e-07 | 36  0.00191  9.48175e-07
 37  0.00243 -1.82006e-06 | 38 -0.00193 -1.26367e-06 | 39 -0.00621  1.41941e-06
 40  0.00079  4.30308e-07 | 41  0.00154  1.71000e-06 | 42 -0.00177 -5.45692e-07
 43  0.00096  6.06115e-07 | 44 -0.00721  6.27291e-07 | 45 -0.00647 -1.26065e-06
 46 -0.00181 -2.01887e-06 | 47 -0.00179  3.08546e-06 | 48  0.00038  2.14291e-06
 49  0.00545  1.14833e-06 | 50  0.00967  2.71509e-07 | 51 -0.00662  2.51825e-06
 52 -0.00660  2.36463e-07 | 53 -0.00743  8.93683e-07 | 54 -0.00988  3.17090e-06
 55  0.00495  2.05097e-06 | 56  0.00323  1.42453e-07 | 57  0.00782  2.88795e-06
 58  0.00760  4.16462e-06 | 59  0.00827  3.42456e-06 | 60 -0.01353 -1.06728e-07
 61 -0.00692 -5.96430e-07 | 62  0.00052  2.76469e-06 | 63 -0.00660  9.99052e-07
 64  0.01199  3.41987e-06 | 65  0.01406  3.15927e-06 | 66  0.01958  2.10775e-06
 67  0.03019  2.73444e-06 | 68  0.00691  6.89894e-07 | 69  0.00914  1.97201e-06
 70  0.02766  5.62858e-06 | 71 -0.00241  4.59225e-06 | 72 -0.00255  3.66322e-06
 73  0.04141 -1.44101e-06 | 74 -0.01044  2.70771e-06 | 75 -0.01974  6.23676e-08
 76  0.02200 -2.65796e-06 | 77 -0.00176 -1.71070e-06 | 78 -0.05596 -6.73128e-07
 79  0.01884 -6.16386e-06 | 80 -0.00153  6.31987e-07 | 81 -0.00176 -9.52207e-07
 82 -0.01208 -3.44974e-06 | 83 -0.02019 -1.77489e-06 | 84  0.00747 -3.57576e-06
 85 -0.02721 -4.86402e-07 | 86 -0.01561 -8.02959e-06 | 87  0.00879 -4.06650e-06
 88 -0.01206 -4.48554e-06 | 89 -0.02374 -2.99874e-06 | 90 -0.00427 -2.60190e-06
 91 -0.03080 -1.14119e-06 | 92 -0.02577 -4.22105e-06 | 93  0.00420 -4.68984e-06
 94  0.01831 -4.14854e-06 | 95 -0.03253 -1.03222e-06 | 96  0.01371 -4.22438e-06
 97 -0.01326 -2.32885e-06 | 98  0.01621 -4.63451e-06 | 99 -0.00458 -4.93662e-07
100 -0.01342 -6.32122e-07 |101 -0.02082 -1.28633e-06 |102  0.01948  7.45044e-07
103  0.06541  1.55776e-06 |104 -0.00690  4.93626e-07 |105 -0.00007  2.98217e-07
106 -0.00001  1.57733e-06 |107  0.00000  0.00000e+00 |108 -0.04184 -1.13346e-04
109 -0.03554 -9.11021e-07 |110 -0.42788  1.92940e-06 |111 -0.24659  4.45882e-07
112 -0.23623 -7.59132e-08 |
Function minimizer not making progress ... is minimum attained?
Minimprove criterion = 0.0000e+00
Warning: the following parameters had issues
  SR_parm[1] is within 0.1% of upper bound: 4.0000e+00 < 2.0000e+01 < 2.0000e+01


 - final statistics:
112 variables; iteration 1; function evaluation 30
Function value 5.5623e+02; maximum gradient component mag -1.1335e-04
Exit code = 1;  converg criter 1.0000e-04
Var    Value     Gradient |Var    Value     Gradient |Var    Value     Gradient
  1 -0.42851 -1.40896e-05 |  2 -0.41647 -5.34448e-05 |  3 -0.41074 -3.36161e-05
  4 -0.38209  2.10008e-06 |  5 -0.48826  2.63803e-06 |  6  0.99989 -8.50340e-07
  7 -0.00002  1.30911e-06 |  8 -0.00001  1.28153e-06 |  9 -0.00001  4.36095e-07
 10 -0.00001 -2.77293e-07 | 11 -0.00001  8.97396e-07 | 12 -0.00003 -4.36440e-07
 13 -0.00003 -8.23709e-07 | 14 -0.00003  1.98300e-06 | 15 -0.00003  9.58259e-07
 16  0.00010  9.47740e-07 | 17 -0.00001  1.19676e-06 | 18  0.00004  1.79142e-06
 19  0.00014  3.86787e-06 | 20  0.00036  3.15294e-06 | 21  0.00077  6.16011e-07
 22  0.00152 -7.79686e-07 | 23  0.00277 -1.37757e-06 | 24  0.00454  9.50270e-07
 25  0.00546  1.57492e-06 | 26  0.00625  1.18347e-06 | 27  0.00338 -7.74209e-07
 28 -0.00269 -9.08511e-07 | 29 -0.00067 -8.41034e-07 | 30 -0.01003 -1.00835e-06
 31  0.00157 -1.77516e-06 | 32  0.00411 -4.51538e-08 | 33  0.00280 -5.07915e-07
 34  0.00941 -9.76331e-08 | 35  0.00367  9.88860e-07 | 36  0.00191  9.48175e-07
 37  0.00243 -1.82006e-06 | 38 -0.00193 -1.26367e-06 | 39 -0.00621  1.41941e-06
 40  0.00079  4.30308e-07 | 41  0.00154  1.71000e-06 | 42 -0.00177 -5.45692e-07
 43  0.00096  6.06115e-07 | 44 -0.00721  6.27291e-07 | 45 -0.00647 -1.26065e-06
 46 -0.00181 -2.01887e-06 | 47 -0.00179  3.08546e-06 | 48  0.00038  2.14291e-06
 49  0.00545  1.14833e-06 | 50  0.00967  2.71509e-07 | 51 -0.00662  2.51825e-06
 52 -0.00660  2.36463e-07 | 53 -0.00743  8.93683e-07 | 54 -0.00988  3.17090e-06
 55  0.00495  2.05097e-06 | 56  0.00323  1.42453e-07 | 57  0.00782  2.88795e-06
 58  0.00760  4.16462e-06 | 59  0.00827  3.42456e-06 | 60 -0.01353 -1.06728e-07
 61 -0.00692 -5.96430e-07 | 62  0.00052  2.76469e-06 | 63 -0.00660  9.99052e-07
 64  0.01199  3.41987e-06 | 65  0.01406  3.15927e-06 | 66  0.01958  2.10775e-06
 67  0.03019  2.73444e-06 | 68  0.00691  6.89894e-07 | 69  0.00914  1.97201e-06
 70  0.02766  5.62858e-06 | 71 -0.00241  4.59225e-06 | 72 -0.00255  3.66322e-06
 73  0.04141 -1.44101e-06 | 74 -0.01044  2.70771e-06 | 75 -0.01974  6.23676e-08
 76  0.02200 -2.65796e-06 | 77 -0.00176 -1.71070e-06 | 78 -0.05596 -6.73128e-07
 79  0.01884 -6.16386e-06 | 80 -0.00153  6.31987e-07 | 81 -0.00176 -9.52207e-07
 82 -0.01208 -3.44974e-06 | 83 -0.02019 -1.77489e-06 | 84  0.00747 -3.57576e-06
 85 -0.02721 -4.86402e-07 | 86 -0.01561 -8.02959e-06 | 87  0.00879 -4.06650e-06
 88 -0.01206 -4.48554e-06 | 89 -0.02374 -2.99874e-06 | 90 -0.00427 -2.60190e-06
 91 -0.03080 -1.14119e-06 | 92 -0.02577 -4.22105e-06 | 93  0.00420 -4.68984e-06
 94  0.01831 -4.14854e-06 | 95 -0.03253 -1.03222e-06 | 96  0.01371 -4.22438e-06
 97 -0.01326 -2.32885e-06 | 98  0.01621 -4.63451e-06 | 99 -0.00458 -4.93662e-07
100 -0.01342 -6.32122e-07 |101 -0.02082 -1.28633e-06 |102  0.01948  7.45044e-07
103  0.06541  1.55776e-06 |104 -0.00690  4.93626e-07 |105 -0.00007  2.98217e-07
106 -0.00001  1.57733e-06 |107  0.00000  0.00000e+00 |108 -0.04184 -1.13346e-04
109 -0.03554 -9.11021e-07 |110 -0.42788  1.92940e-06 |111 -0.24659  4.45882e-07
112 -0.23623 -7.59132e-08 |
size of file gradfil1.tmp = 0
size of file gradfil2.tmp = 0
size of file varssave.tmp = 0
size of file cmpdiff.tmp = 0
